2024-06-28 13:28:31,457	[DEBUG]	==== CONFIG ====
[magpie]
import = 
seed = 2765675934428229
log_dir = _magpie_logs
work_dir = _magpie_work
local_original_copy = True
local_original_name = __original__
output_encoding = ascii
edit_retries = 10
default_timeout = 30
default_lengthout = 1e6
diff_method = unified
trust_local_filesystem = True

[magpie.log]
color_output = True
format_info = {counter:<7} {status:<20} {best}{fitness} ({ratio}) [{size}] {cached} {log}
format_debug = patch({counter})="{patch}"{diffifbest}
format_fitness = {:.6f}
format_ratio = {:.2%%}
format_patchif = 
	 --> {patch}
format_diffif = 
	{diff}

[software]
path = examples/scipy
target_files = scipy.params
software = BasicSoftware
model_rules = 
	*.params : ParamFileConfigModel
	*.xml : SrcmlModel
	* : LineModel
model_config = 
	*.params : [paramconfig]
	*.xml : [srcml]
init_cmd = 
init_timeout = 60
init_lengthout = -1
setup_cmd = 
setup_timeout = 
setup_lengthout = 
compile_cmd = 
compile_timeout = 
compile_lengthout = 
test_cmd = ./test.sh
test_timeout = 
test_lengthout = 
run_cmd = ./run_custom.sh "bash run_fixed.sh"
run_timeout = 
run_lengthout = 
retries = 1
batch_timeout = 
batch_lengthout = 
batch_bin_fitness_strategy = aggregate
batch_fitness_strategy = sum
fitness = weights

[srcml]
rename = 
	stmt: break continue decl_stmt do expr_stmt for goto if return switch while
	number: literal_number
focus = block stmt operator_comp operator_arith number
internodes = block
process_pseudo_blocks = True
process_literals = True
process_operators = True

[paramconfig]
timing = test run
cli_prefix = --
cli_glue = =
cli_boolean = show
cli_boolean_prefix_true = 
cli_boolean_prefix_false = no-
cli_none = hide
silent_prefix = @
silent_suffix = $

[search]
protocol = BasicProtocol
algorithm = FirstImprovement
possible_edits = ParamSetting
warmup = 3
warmup_strategy = last
max_steps = 1000
max_time = 120
target_fitness = 
cache_maxsize = 100
cache_keep = 0.2
batch_instances = 
batch_shuffle = True
batch_bin_shuffle = False
batch_sample_size = 1

[search.ls]
delete_prob = 0.5
max_neighbours = 
when_trapped = continue
accept_fail = False
tabu_length = 10

[search.gp]
pop_size = 10
delete_prob = 0.5
offspring_elitism = 0.1
offspring_crossover = 0.5
offspring_mutation = 0.4
uniform_rate = 0.5
batch_reset = True

[search.minify]
do_cleanup = True
do_rebuild = True
do_simplify = True
round_robin_limit = 3


2024-06-28 13:28:31,458	[DEBUG]	
2024-06-28 13:28:31,458	[INFO]	==== SEARCH: FirstImprovement ====
2024-06-28 13:28:31,458	[INFO]	~~~~ WARMUP ~~~~
2024-06-28 13:29:03,165	[DEBUG]	EXEC>  SUCCESS 26687021655.352
2024-06-28 13:29:03,165	[INFO]	WARM    SUCCESS               26687021655.352001 (--) [0 edit(s)]  
2024-06-28 13:29:38,031	[DEBUG]	EXEC>  SUCCESS 32022983688.318
2024-06-28 13:29:38,031	[INFO]	WARM    SUCCESS               32022983688.318001 (--) [0 edit(s)]  
2024-06-28 13:30:12,750	[DEBUG]	EXEC>  SUCCESS 31348388490.898
2024-06-28 13:30:12,750	[INFO]	WARM    SUCCESS               31348388490.897999 (--) [0 edit(s)]  
2024-06-28 13:30:12,750	[INFO]	REF     SUCCESS               31348388490.897999 (--) [0 edit(s)]  
2024-06-28 13:30:12,750	[INFO]	
2024-06-28 13:30:12,751	[INFO]	~~~~ START ~~~~
2024-06-28 13:30:12,751	[INFO]	1       SUCCESS              +31348388490.897999 (100.00%) [1 edit(s)] [cached] 
2024-06-28 13:30:12,751	[DEBUG]	patch(1)="ParamSetting(('scipy.params', 'param', 'method'), 'None')"
2024-06-28 13:30:12,752	[INFO]	2       SUCCESS              +31348388490.897999 (100.00%) [0 edit(s)] [cached] 
2024-06-28 13:30:12,752	[DEBUG]	patch(2)=""
2024-06-28 13:30:46,044	[DEBUG]	EXEC>  SUCCESS 29934433074.923
2024-06-28 13:30:46,044	[INFO]	3       SUCCESS              *29934433074.923000 (95.49%) [1 edit(s)]  
2024-06-28 13:30:46,044	[DEBUG]	patch(3)="ParamSetting(('scipy.params', 'param', 'maxiter'), 1262)"
--- before: scipy.params
+++ after: scipy.params
@@ -2,4 +2,4 @@
 jac := 'None'
 tol := 0.0001
 disp := 'False'
-maxiter := 100
+maxiter := 1262

2024-06-28 13:30:46,045	[INFO]	4       SUCCESS               31348388490.897999 (100.00%) [0 edit(s)] [cached] 
2024-06-28 13:30:46,045	[DEBUG]	patch(4)=""
2024-06-28 13:31:19,404	[DEBUG]	EXEC>  SUCCESS 28874980238.389
2024-06-28 13:31:19,405	[INFO]	5       SUCCESS              *28874980238.389000 (92.11%) [2 edit(s)]  
2024-06-28 13:31:19,405	[DEBUG]	patch(5)="ParamSetting(('scipy.params', 'param', 'maxiter'), 1262) | ParamSetting(('scipy.params', 'param', 'maxiter'), 3185)"
--- before: scipy.params
+++ after: scipy.params
@@ -2,4 +2,4 @@
 jac := 'None'
 tol := 0.0001
 disp := 'False'
-maxiter := 100
+maxiter := 3185

2024-06-28 13:31:19,406	[INFO]	6       SUCCESS               29934433074.923000 (95.49%) [1 edit(s)] [cached] 
2024-06-28 13:31:19,406	[DEBUG]	patch(6)="ParamSetting(('scipy.params', 'param', 'maxiter'), 1262)"
2024-06-28 13:31:55,096	[DEBUG]	EXEC>  SUCCESS 30198456314.883
2024-06-28 13:31:55,096	[INFO]	7       SUCCESS               30198456314.882999 (96.33%) [3 edit(s)]  
2024-06-28 13:31:55,096	[DEBUG]	patch(7)="ParamSetting(('scipy.params', 'param', 'maxiter'), 1262) | ParamSetting(('scipy.params', 'param', 'maxiter'), 3185) | ParamSetting(('scipy.params', 'param', 'tol'), 0.17781765725183885)"
2024-06-28 13:31:55,097	[INFO]	8       SUCCESS              +28874980238.389000 (92.11%) [1 edit(s)] [cached] 
2024-06-28 13:31:55,097	[DEBUG]	patch(8)="ParamSetting(('scipy.params', 'param', 'maxiter'), 3185)"
2024-06-28 13:31:55,098	[INFO]	9       SUCCESS               31348388490.897999 (100.00%) [0 edit(s)] [cached] 
2024-06-28 13:31:55,098	[DEBUG]	patch(9)=""
2024-06-28 13:31:55,114	[INFO]	10      TEST_CODE_ERROR       None (--) [2 edit(s)]  
2024-06-28 13:31:55,114	[DEBUG]	patch(10)="ParamSetting(('scipy.params', 'param', 'maxiter'), 3185) | ParamSetting(('scipy.params', 'param', 'jac'), '3-point')"
2024-06-28 13:32:28,684	[DEBUG]	EXEC>  SUCCESS 29219590458.448
2024-06-28 13:32:28,685	[INFO]	11      SUCCESS               29219590458.448002 (93.21%) [2 edit(s)]  
2024-06-28 13:32:28,685	[DEBUG]	patch(11)="ParamSetting(('scipy.params', 'param', 'maxiter'), 3185) | ParamSetting(('scipy.params', 'param', 'tol'), 0.2953371721532933)"
2024-06-28 13:32:28,686	[INFO]	~~~~ END ~~~~
2024-06-28 13:32:28,686	[INFO]	
2024-06-28 13:32:28,686	[INFO]	==== REPORT ====
2024-06-28 13:32:28,686	[INFO]	Termination: time budget
2024-06-28 13:32:28,686	[INFO]	Retries: 1
2024-06-28 13:32:28,686	[INFO]	Log file: /home/dbouras/magpie/_magpie_logs/scipy_1719577711.log
2024-06-28 13:32:28,686	[INFO]	Patch file: _magpie_logs/scipy_1719577711.patch
2024-06-28 13:32:28,686	[INFO]	Diff file: _magpie_logs/scipy_1719577711.diff
2024-06-28 13:32:28,687	[INFO]	Reference fitness: 31348388490.897999
2024-06-28 13:32:28,687	[INFO]	Best fitness: 28874980238.389000
2024-06-28 13:32:28,687	[INFO]	
2024-06-28 13:32:28,688	[INFO]	==== BEST PATCH ====
ParamSetting(('scipy.params', 'param', 'maxiter'), 1262) | ParamSetting(('scipy.params', 'param', 'maxiter'), 3185)
2024-06-28 13:32:28,688	[INFO]	
2024-06-28 13:32:28,688	[INFO]	==== DIFF ====
[1m--- before: scipy.params[0m
[1m+++ after: scipy.params[0m
[36m@@ -2,4 +2,4 @@[0m
 jac := 'None'
 tol := 0.0001
 disp := 'False'
[31m-maxiter := 100[0m
[32m+maxiter := 3185[0m

