2024-07-25 05:09:53,377	[DEBUG]	==== CONFIG ====
[magpie]
import = 
seed = 45
log_dir = _magpie_logs
work_dir = _magpie_work
local_original_copy = True
local_original_name = __original__
output_encoding = ascii
edit_retries = 10
default_timeout = 30
default_lengthout = 1e6
diff_method = unified
trust_local_filesystem = True
test_timeout = 10

[magpie.log]
color_output = True
format_info = {counter:<7} {status:<20} {best}{fitness} ({ratio}) [{size}] {cached} {log}
format_debug = patch({counter})="{patch}"{diffifbest}
format_fitness = {:.6f}
format_ratio = {:.2%%}
format_patchif = 
	 --> {patch}
format_diffif = 
	{diff}

[software]
path = examples/lpg
target_files = lpg.params
software = BasicSoftware
model_rules = 
	*.params : ParamFileConfigModel
	*.xml : SrcmlModel
	* : LineModel
model_config = 
	*.params : [paramconfig]
	*.xml : [srcml]
init_cmd = 
init_timeout = 60
init_lengthout = -1
setup_cmd = 
setup_timeout = 
setup_lengthout = 
compile_cmd = 
compile_timeout = 
compile_lengthout = 
test_cmd = bash test.sh
test_timeout = 
test_lengthout = 
run_cmd = perf stat -e instructions bash run_fixed.sh
run_timeout = 
run_lengthout = 
retries = 3
batch_timeout = 
batch_lengthout = 
batch_bin_fitness_strategy = aggregate
batch_fitness_strategy = sum
fitness = perf_instructions

[srcml]
rename = 
	stmt: break continue decl_stmt do expr_stmt for goto if return switch while
	number: literal_number
focus = block stmt operator_comp operator_arith number
internodes = block
process_pseudo_blocks = True
process_literals = True
process_operators = True

[paramconfig]
timing = test run
cli_prefix = --
cli_glue = =
cli_boolean = show
cli_boolean_prefix_true = 
cli_boolean_prefix_false = no-
cli_none = hide
silent_prefix = @
silent_suffix = $

[search]
protocol = BasicProtocol
algorithm = FirstImprovement
possible_edits = ParamSetting
warmup = 3
warmup_strategy = last
max_steps = 10000
max_time = 1800
target_fitness = 
cache_maxsize = 100
cache_keep = 0.2
batch_instances = 
batch_shuffle = True
batch_bin_shuffle = False
batch_sample_size = 1

[search.ls]
delete_prob = 0.5
max_neighbours = 
when_trapped = continue
accept_fail = False
tabu_length = 10

[search.gp]
pop_size = 10
delete_prob = 0.5
offspring_elitism = 0.1
offspring_crossover = 0.5
offspring_mutation = 0.4
uniform_rate = 0.5
batch_reset = True

[search.minify]
do_cleanup = True
do_rebuild = True
do_simplify = True
round_robin_limit = 3


2024-07-25 05:09:53,377	[DEBUG]	
2024-07-25 05:09:53,377	[INFO]	==== SEARCH: FirstImprovement ====
2024-07-25 05:09:53,377	[INFO]	~~~~ WARMUP ~~~~
2024-07-25 05:10:43,215	[DEBUG]	EXEC>  SUCCESS 77988227774.66667
2024-07-25 05:10:43,215	[INFO]	WARM    SUCCESS               77988227774.666672 (--) [0 edit(s)]  
2024-07-25 05:11:32,956	[DEBUG]	EXEC>  SUCCESS 77989803098.33333
2024-07-25 05:11:32,957	[INFO]	WARM    SUCCESS               77989803098.333328 (--) [0 edit(s)]  
2024-07-25 05:12:22,854	[DEBUG]	EXEC>  SUCCESS 77986607386.33333
2024-07-25 05:12:22,854	[INFO]	WARM    SUCCESS               77986607386.333328 (--) [0 edit(s)]  
2024-07-25 05:12:22,854	[INFO]	REF     SUCCESS               77986607386.333328 (--) [0 edit(s)]  
2024-07-25 05:12:22,854	[INFO]	
2024-07-25 05:12:22,855	[INFO]	~~~~ START ~~~~
2024-07-25 05:12:57,944	[DEBUG]	EXEC>  TIMEOUT None
2024-07-25 05:12:57,944	[INFO]	1       RUN_TIMEOUT           None (--) [1 edit(s)]  
2024-07-25 05:12:57,945	[DEBUG]	patch(1)="ParamSetting(('lpg.params', 'param', 'noise'), 0.2576606205245803)"
2024-07-25 05:13:43,915	[DEBUG]	EXEC>  TIMEOUT None
2024-07-25 05:13:43,915	[INFO]	2       RUN_TIMEOUT           None (--) [1 edit(s)]  
2024-07-25 05:13:43,915	[DEBUG]	patch(2)="ParamSetting(('lpg.params', 'param', 'search_steps'), 174)"
2024-07-25 05:15:14,736	[DEBUG]	EXEC>  SUCCESS 145096049878.66666
2024-07-25 05:15:14,736	[INFO]	3       SUCCESS               145096049878.666656 (186.05%) [1 edit(s)]  
2024-07-25 05:15:14,736	[DEBUG]	patch(3)="ParamSetting(('lpg.params', 'param', 'search_steps'), 390)"
2024-07-25 05:15:14,737	[INFO]	4       SUCCESS              +77986607386.333328 (100.00%) [1 edit(s)] [cached] 
2024-07-25 05:15:14,737	[DEBUG]	patch(4)="ParamSetting(('lpg.params', 'param', 'lowmemory'), 'None')"
2024-07-25 05:15:14,737	[INFO]	5       SUCCESS              +77986607386.333328 (100.00%) [2 edit(s)] [cached] 
2024-07-25 05:15:14,737	[DEBUG]	patch(5)="ParamSetting(('lpg.params', 'param', 'lowmemory'), 'None') | ParamSetting(('lpg.params', 'param', 'repeats'), 5)"
2024-07-25 05:15:14,738	[INFO]	6       SUCCESS              +77986607386.333328 (100.00%) [1 edit(s)] [cached] 
2024-07-25 05:15:14,738	[DEBUG]	patch(6)="ParamSetting(('lpg.params', 'param', 'lowmemory'), 'None')"
2024-07-25 05:15:14,739	[INFO]	7       SUCCESS              +77986607386.333328 (100.00%) [0 edit(s)] [cached] 
2024-07-25 05:15:14,739	[DEBUG]	patch(7)=""
2024-07-25 05:15:53,111	[DEBUG]	EXEC>  TIMEOUT None
2024-07-25 05:15:53,112	[INFO]	8       RUN_TIMEOUT           None (--) [1 edit(s)]  
2024-07-25 05:15:53,112	[DEBUG]	patch(8)="ParamSetting(('lpg.params', 'param', 'search_steps'), 276)"
2024-07-25 05:16:42,935	[DEBUG]	EXEC>  SUCCESS 77986719126.66667
2024-07-25 05:16:42,935	[INFO]	9       SUCCESS               77986719126.666672 (100.00%) [1 edit(s)]  
2024-07-25 05:16:42,936	[DEBUG]	patch(9)="ParamSetting(('lpg.params', 'param', 'repeats'), 11)"
2024-07-25 05:17:12,994	[INFO]	10      TEST_TIMEOUT          None (--) [1 edit(s)]  
2024-07-25 05:17:12,994	[DEBUG]	patch(10)="ParamSetting(('lpg.params', 'param', 'search_steps'), 121)"
2024-07-25 05:17:43,063	[INFO]	11      TEST_TIMEOUT          None (--) [1 edit(s)]  
2024-07-25 05:17:43,063	[DEBUG]	patch(11)="ParamSetting(('lpg.params', 'param', 'noise'), 0.6991828298295443)"
2024-07-25 05:18:13,132	[INFO]	12      TEST_TIMEOUT          None (--) [1 edit(s)]  
2024-07-25 05:18:13,133	[DEBUG]	patch(12)="ParamSetting(('lpg.params', 'param', 'noise'), 0.909611607891918)"
2024-07-25 05:18:45,367	[DEBUG]	EXEC>  TIMEOUT None
2024-07-25 05:18:45,367	[INFO]	13      RUN_TIMEOUT           None (--) [1 edit(s)]  
2024-07-25 05:18:45,367	[DEBUG]	patch(13)="ParamSetting(('lpg.params', 'param', 'restarts'), 1)"
2024-07-25 05:19:34,007	[DEBUG]	EXEC>  SUCCESS 75435379742.66667
2024-07-25 05:19:34,007	[INFO]	14      SUCCESS              *75435379742.666672 (96.73%) [1 edit(s)]  
2024-07-25 05:19:34,007	[DEBUG]	patch(14)="ParamSetting(('lpg.params', 'param', 'lowmemory'), 'True')"
--- before: lpg.params
+++ after: lpg.params
@@ -3,4 +3,4 @@
 repeats := 5
 noise := 0.1
 static_noise := 'None'
-lowmemory := 'None'
+lowmemory := 'True'

2024-07-25 05:19:34,008	[INFO]	15      SUCCESS               77986607386.333328 (100.00%) [0 edit(s)] [cached] 
2024-07-25 05:19:34,008	[DEBUG]	patch(15)=""
2024-07-25 05:19:34,009	[INFO]	16      SUCCESS              +75435379742.666672 (96.73%) [2 edit(s)] [cached] 
2024-07-25 05:19:34,009	[DEBUG]	patch(16)="ParamSetting(('lpg.params', 'param', 'lowmemory'), 'True') | ParamSetting(('lpg.params', 'param', 'static_noise'), 'None')"
2024-07-25 05:20:22,776	[DEBUG]	EXEC>  SUCCESS 75441814472.66667
2024-07-25 05:20:22,776	[INFO]	17      SUCCESS               75441814472.666672 (96.74%) [3 edit(s)]  
2024-07-25 05:20:22,776	[DEBUG]	patch(17)="ParamSetting(('lpg.params', 'param', 'lowmemory'), 'True') | ParamSetting(('lpg.params', 'param', 'static_noise'), 'None') | ParamSetting(('lpg.params', 'param', 'repeats'), 6)"
2024-07-25 05:20:22,777	[INFO]	18      SUCCESS              +75435379742.666672 (96.73%) [1 edit(s)] [cached] 
2024-07-25 05:20:22,777	[DEBUG]	patch(18)="ParamSetting(('lpg.params', 'param', 'lowmemory'), 'True')"
2024-07-25 05:20:22,778	[INFO]	19      SUCCESS               77986607386.333328 (100.00%) [0 edit(s)] [cached] 
2024-07-25 05:20:22,778	[DEBUG]	patch(19)=""
2024-07-25 05:21:11,553	[DEBUG]	EXEC>  SUCCESS 75435412598.0
2024-07-25 05:21:11,553	[INFO]	20      SUCCESS               75435412598.000000 (96.73%) [2 edit(s)]  
2024-07-25 05:21:11,553	[DEBUG]	patch(20)="ParamSetting(('lpg.params', 'param', 'lowmemory'), 'True') | ParamSetting(('lpg.params', 'param', 'restarts'), 11)"
2024-07-25 05:21:49,903	[DEBUG]	EXEC>  TIMEOUT None
2024-07-25 05:21:49,903	[INFO]	21      RUN_TIMEOUT           None (--) [2 edit(s)]  
2024-07-25 05:21:49,903	[DEBUG]	patch(21)="ParamSetting(('lpg.params', 'param', 'lowmemory'), 'True') | ParamSetting(('lpg.params', 'param', 'search_steps'), 252)"
2024-07-25 05:22:27,872	[DEBUG]	EXEC>  TIMEOUT None
2024-07-25 05:22:27,873	[INFO]	22      RUN_TIMEOUT           None (--) [2 edit(s)]  
2024-07-25 05:22:27,873	[DEBUG]	patch(22)="ParamSetting(('lpg.params', 'param', 'lowmemory'), 'True') | ParamSetting(('lpg.params', 'param', 'search_steps'), 279)"
2024-07-25 05:22:59,931	[DEBUG]	EXEC>  SUCCESS 48487574209.666664
2024-07-25 05:22:59,932	[INFO]	23      SUCCESS              *48487574209.666664 (62.17%) [2 edit(s)]  
2024-07-25 05:22:59,932	[DEBUG]	patch(23)="ParamSetting(('lpg.params', 'param', 'lowmemory'), 'True') | ParamSetting(('lpg.params', 'param', 'search_steps'), 809)"
--- before: lpg.params
+++ after: lpg.params
@@ -1,6 +1,6 @@
-search_steps := 500
+search_steps := 809
 restarts := 9
 repeats := 5
 noise := 0.1
 static_noise := 'None'
-lowmemory := 'None'
+lowmemory := 'True'

2024-07-25 05:22:59,932	[INFO]	24      SUCCESS               75435379742.666672 (96.73%) [1 edit(s)] [cached] 
2024-07-25 05:22:59,933	[DEBUG]	patch(24)="ParamSetting(('lpg.params', 'param', 'lowmemory'), 'True')"
2024-07-25 05:22:59,933	[INFO]	25      SUCCESS              +48487574209.666664 (62.17%) [3 edit(s)] [cached] 
2024-07-25 05:22:59,933	[DEBUG]	patch(25)="ParamSetting(('lpg.params', 'param', 'lowmemory'), 'True') | ParamSetting(('lpg.params', 'param', 'search_steps'), 809) | ParamSetting(('lpg.params', 'param', 'lowmemory'), 'True')"
2024-07-25 05:23:30,003	[INFO]	26      TEST_TIMEOUT          None (--) [4 edit(s)]  
2024-07-25 05:23:30,003	[DEBUG]	patch(26)="ParamSetting(('lpg.params', 'param', 'lowmemory'), 'True') | ParamSetting(('lpg.params', 'param', 'search_steps'), 809) | ParamSetting(('lpg.params', 'param', 'lowmemory'), 'True') | ParamSetting(('lpg.params', 'param', 'noise'), 0.7665559902953729)"
2024-07-25 05:24:02,325	[DEBUG]	EXEC>  TIMEOUT None
2024-07-25 05:24:02,325	[INFO]	27      RUN_TIMEOUT           None (--) [4 edit(s)]  
2024-07-25 05:24:02,325	[DEBUG]	patch(27)="ParamSetting(('lpg.params', 'param', 'lowmemory'), 'True') | ParamSetting(('lpg.params', 'param', 'search_steps'), 809) | ParamSetting(('lpg.params', 'param', 'lowmemory'), 'True') | ParamSetting(('lpg.params', 'param', 'search_steps'), 428)"
2024-07-25 05:24:34,394	[DEBUG]	EXEC>  SUCCESS 48489206731.333336
2024-07-25 05:24:34,395	[INFO]	28      SUCCESS               48489206731.333336 (62.18%) [4 edit(s)]  
2024-07-25 05:24:34,395	[DEBUG]	patch(28)="ParamSetting(('lpg.params', 'param', 'lowmemory'), 'True') | ParamSetting(('lpg.params', 'param', 'search_steps'), 809) | ParamSetting(('lpg.params', 'param', 'lowmemory'), 'True') | ParamSetting(('lpg.params', 'param', 'repeats'), 12)"
2024-07-25 05:24:34,395	[INFO]	29      SUCCESS              +48487574209.666664 (62.17%) [2 edit(s)] [cached] 
2024-07-25 05:24:34,396	[DEBUG]	patch(29)="ParamSetting(('lpg.params', 'param', 'lowmemory'), 'True') | ParamSetting(('lpg.params', 'param', 'search_steps'), 809)"
2024-07-25 05:24:34,396	[INFO]	30      SUCCESS               75435379742.666672 (96.73%) [1 edit(s)] [cached] 
2024-07-25 05:24:34,396	[DEBUG]	patch(30)="ParamSetting(('lpg.params', 'param', 'lowmemory'), 'True')"
2024-07-25 05:24:34,397	[INFO]	31      SUCCESS              +48487574209.666664 (62.17%) [3 edit(s)] [cached] 
2024-07-25 05:24:34,397	[DEBUG]	patch(31)="ParamSetting(('lpg.params', 'param', 'lowmemory'), 'True') | ParamSetting(('lpg.params', 'param', 'search_steps'), 809) | ParamSetting(('lpg.params', 'param', 'static_noise'), 'None')"
2024-07-25 05:25:06,475	[DEBUG]	EXEC>  SUCCESS 48487301697.0
2024-07-25 05:25:06,475	[INFO]	32      SUCCESS              *48487301697.000000 (62.17%) [4 edit(s)]  
2024-07-25 05:25:06,475	[DEBUG]	patch(32)="ParamSetting(('lpg.params', 'param', 'lowmemory'), 'True') | ParamSetting(('lpg.params', 'param', 'search_steps'), 809) | ParamSetting(('lpg.params', 'param', 'static_noise'), 'None') | ParamSetting(('lpg.params', 'param', 'restarts'), 19)"
--- before: lpg.params
+++ after: lpg.params
@@ -1,6 +1,6 @@
-search_steps := 500
-restarts := 9
+search_steps := 809
+restarts := 19
 repeats := 5
 noise := 0.1
 static_noise := 'None'
-lowmemory := 'None'
+lowmemory := 'True'

2024-07-25 05:25:55,471	[DEBUG]	EXEC>  SUCCESS 75434164855.66667
2024-07-25 05:25:55,471	[INFO]	33      SUCCESS               75434164855.666672 (96.73%) [3 edit(s)]  
2024-07-25 05:25:55,471	[DEBUG]	patch(33)="ParamSetting(('lpg.params', 'param', 'lowmemory'), 'True') | ParamSetting(('lpg.params', 'param', 'static_noise'), 'None') | ParamSetting(('lpg.params', 'param', 'restarts'), 19)"
2024-07-25 05:26:28,839	[DEBUG]	EXEC>  SUCCESS 51034726320.0
2024-07-25 05:26:28,839	[INFO]	34      SUCCESS               51034726320.000000 (65.44%) [3 edit(s)]  
2024-07-25 05:26:28,839	[DEBUG]	patch(34)="ParamSetting(('lpg.params', 'param', 'search_steps'), 809) | ParamSetting(('lpg.params', 'param', 'static_noise'), 'None') | ParamSetting(('lpg.params', 'param', 'restarts'), 19)"
2024-07-25 05:27:00,887	[DEBUG]	EXEC>  SUCCESS 48486993691.0
2024-07-25 05:27:00,887	[INFO]	35      SUCCESS              *48486993691.000000 (62.17%) [5 edit(s)]  
2024-07-25 05:27:00,888	[DEBUG]	patch(35)="ParamSetting(('lpg.params', 'param', 'lowmemory'), 'True') | ParamSetting(('lpg.params', 'param', 'search_steps'), 809) | ParamSetting(('lpg.params', 'param', 'static_noise'), 'None') | ParamSetting(('lpg.params', 'param', 'restarts'), 19) | ParamSetting(('lpg.params', 'param', 'repeats'), 15)"
--- before: lpg.params
+++ after: lpg.params
@@ -1,6 +1,6 @@
-search_steps := 500
-restarts := 9
-repeats := 5
+search_steps := 809
+restarts := 19
+repeats := 15
 noise := 0.1
 static_noise := 'None'
-lowmemory := 'None'
+lowmemory := 'True'

2024-07-25 05:27:00,888	[INFO]	36      SUCCESS              +48486993691.000000 (62.17%) [6 edit(s)] [cached] 
2024-07-25 05:27:00,888	[DEBUG]	patch(36)="ParamSetting(('lpg.params', 'param', 'lowmemory'), 'True') | ParamSetting(('lpg.params', 'param', 'search_steps'), 809) | ParamSetting(('lpg.params', 'param', 'static_noise'), 'None') | ParamSetting(('lpg.params', 'param', 'restarts'), 19) | ParamSetting(('lpg.params', 'param', 'repeats'), 15) | ParamSetting(('lpg.params', 'param', 'lowmemory'), 'True')"
2024-07-25 05:27:00,889	[INFO]	37      SUCCESS              +48486993691.000000 (62.17%) [7 edit(s)] [cached] 
2024-07-25 05:27:00,889	[DEBUG]	patch(37)="ParamSetting(('lpg.params', 'param', 'lowmemory'), 'True') | ParamSetting(('lpg.params', 'param', 'search_steps'), 809) | ParamSetting(('lpg.params', 'param', 'static_noise'), 'None') | ParamSetting(('lpg.params', 'param', 'restarts'), 19) | ParamSetting(('lpg.params', 'param', 'repeats'), 15) | ParamSetting(('lpg.params', 'param', 'lowmemory'), 'True') | ParamSetting(('lpg.params', 'param', 'static_noise'), 'None')"
2024-07-25 05:27:00,890	[INFO]	38      SUCCESS              +48486993691.000000 (62.17%) [6 edit(s)] [cached] 
2024-07-25 05:27:00,890	[DEBUG]	patch(38)="ParamSetting(('lpg.params', 'param', 'lowmemory'), 'True') | ParamSetting(('lpg.params', 'param', 'search_steps'), 809) | ParamSetting(('lpg.params', 'param', 'static_noise'), 'None') | ParamSetting(('lpg.params', 'param', 'restarts'), 19) | ParamSetting(('lpg.params', 'param', 'repeats'), 15) | ParamSetting(('lpg.params', 'param', 'lowmemory'), 'True')"
2024-07-25 05:27:00,891	[INFO]	39      SUCCESS              +48486993691.000000 (62.17%) [5 edit(s)] [cached] 
2024-07-25 05:27:00,891	[DEBUG]	patch(39)="ParamSetting(('lpg.params', 'param', 'search_steps'), 809) | ParamSetting(('lpg.params', 'param', 'static_noise'), 'None') | ParamSetting(('lpg.params', 'param', 'restarts'), 19) | ParamSetting(('lpg.params', 'param', 'repeats'), 15) | ParamSetting(('lpg.params', 'param', 'lowmemory'), 'True')"
2024-07-25 05:27:33,055	[DEBUG]	EXEC>  SUCCESS 48489401719.0
2024-07-25 05:27:33,055	[INFO]	40      SUCCESS               48489401719.000000 (62.18%) [4 edit(s)]  
2024-07-25 05:27:33,055	[DEBUG]	patch(40)="ParamSetting(('lpg.params', 'param', 'search_steps'), 809) | ParamSetting(('lpg.params', 'param', 'static_noise'), 'None') | ParamSetting(('lpg.params', 'param', 'repeats'), 15) | ParamSetting(('lpg.params', 'param', 'lowmemory'), 'True')"
2024-07-25 05:28:06,318	[DEBUG]	EXEC>  SUCCESS 51036149551.0
2024-07-25 05:28:06,318	[INFO]	41      SUCCESS               51036149551.000000 (65.44%) [4 edit(s)]  
2024-07-25 05:28:06,318	[DEBUG]	patch(41)="ParamSetting(('lpg.params', 'param', 'search_steps'), 809) | ParamSetting(('lpg.params', 'param', 'static_noise'), 'None') | ParamSetting(('lpg.params', 'param', 'restarts'), 19) | ParamSetting(('lpg.params', 'param', 'repeats'), 15)"
2024-07-25 05:28:06,320	[INFO]	42      SUCCESS               48487301697.000000 (62.17%) [4 edit(s)] [cached] 
2024-07-25 05:28:06,320	[DEBUG]	patch(42)="ParamSetting(('lpg.params', 'param', 'search_steps'), 809) | ParamSetting(('lpg.params', 'param', 'static_noise'), 'None') | ParamSetting(('lpg.params', 'param', 'restarts'), 19) | ParamSetting(('lpg.params', 'param', 'lowmemory'), 'True')"
2024-07-25 05:28:06,321	[INFO]	43      SUCCESS              +48486993691.000000 (62.17%) [4 edit(s)] [cached] 
2024-07-25 05:28:06,321	[DEBUG]	patch(43)="ParamSetting(('lpg.params', 'param', 'search_steps'), 809) | ParamSetting(('lpg.params', 'param', 'restarts'), 19) | ParamSetting(('lpg.params', 'param', 'repeats'), 15) | ParamSetting(('lpg.params', 'param', 'lowmemory'), 'True')"
2024-07-25 05:28:06,323	[INFO]	44      SUCCESS               51036149551.000000 (65.44%) [5 edit(s)] [cached] 
2024-07-25 05:28:06,323	[DEBUG]	patch(44)="ParamSetting(('lpg.params', 'param', 'search_steps'), 809) | ParamSetting(('lpg.params', 'param', 'restarts'), 19) | ParamSetting(('lpg.params', 'param', 'repeats'), 15) | ParamSetting(('lpg.params', 'param', 'lowmemory'), 'True') | ParamSetting(('lpg.params', 'param', 'lowmemory'), 'None')"
2024-07-25 05:28:06,324	[INFO]	45      SUCCESS               51036149551.000000 (65.44%) [5 edit(s)] [cached] 
2024-07-25 05:28:06,324	[DEBUG]	patch(45)="ParamSetting(('lpg.params', 'param', 'search_steps'), 809) | ParamSetting(('lpg.params', 'param', 'restarts'), 19) | ParamSetting(('lpg.params', 'param', 'repeats'), 15) | ParamSetting(('lpg.params', 'param', 'lowmemory'), 'True') | ParamSetting(('lpg.params', 'param', 'lowmemory'), 'None')"
2024-07-25 05:28:06,325	[INFO]	46      SUCCESS               51036149551.000000 (65.44%) [5 edit(s)] [cached] 
2024-07-25 05:28:06,325	[DEBUG]	patch(46)="ParamSetting(('lpg.params', 'param', 'search_steps'), 809) | ParamSetting(('lpg.params', 'param', 'restarts'), 19) | ParamSetting(('lpg.params', 'param', 'repeats'), 15) | ParamSetting(('lpg.params', 'param', 'lowmemory'), 'True') | ParamSetting(('lpg.params', 'param', 'lowmemory'), 'None')"
2024-07-25 05:28:37,198	[DEBUG]	EXEC>  SUCCESS 46696278055.333336
2024-07-25 05:28:37,198	[INFO]	47      SUCCESS              *46696278055.333336 (59.88%) [5 edit(s)]  
2024-07-25 05:28:37,198	[DEBUG]	patch(47)="ParamSetting(('lpg.params', 'param', 'search_steps'), 809) | ParamSetting(('lpg.params', 'param', 'restarts'), 19) | ParamSetting(('lpg.params', 'param', 'repeats'), 15) | ParamSetting(('lpg.params', 'param', 'lowmemory'), 'True') | ParamSetting(('lpg.params', 'param', 'static_noise'), 'True')"
--- before: lpg.params
+++ after: lpg.params
@@ -1,6 +1,6 @@
-search_steps := 500
-restarts := 9
-repeats := 5
+search_steps := 809
+restarts := 19
+repeats := 15
 noise := 0.1
-static_noise := 'None'
-lowmemory := 'None'
+static_noise := 'True'
+lowmemory := 'True'

2024-07-25 05:29:25,561	[DEBUG]	EXEC>  SUCCESS 74727945115.66667
2024-07-25 05:29:25,561	[INFO]	48      SUCCESS               74727945115.666672 (95.82%) [4 edit(s)]  
2024-07-25 05:29:25,561	[DEBUG]	patch(48)="ParamSetting(('lpg.params', 'param', 'restarts'), 19) | ParamSetting(('lpg.params', 'param', 'repeats'), 15) | ParamSetting(('lpg.params', 'param', 'lowmemory'), 'True') | ParamSetting(('lpg.params', 'param', 'static_noise'), 'True')"
2024-07-25 05:29:25,562	[INFO]	49      SUCCESS              +46696278055.333336 (59.88%) [6 edit(s)] [cached] 
2024-07-25 05:29:25,563	[DEBUG]	patch(49)="ParamSetting(('lpg.params', 'param', 'search_steps'), 809) | ParamSetting(('lpg.params', 'param', 'restarts'), 19) | ParamSetting(('lpg.params', 'param', 'repeats'), 15) | ParamSetting(('lpg.params', 'param', 'lowmemory'), 'True') | ParamSetting(('lpg.params', 'param', 'static_noise'), 'True') | ParamSetting(('lpg.params', 'param', 'static_noise'), 'True')"
2024-07-25 05:29:25,563	[INFO]	50      SUCCESS              +46696278055.333336 (59.88%) [7 edit(s)] [cached] 
2024-07-25 05:29:25,564	[DEBUG]	patch(50)="ParamSetting(('lpg.params', 'param', 'search_steps'), 809) | ParamSetting(('lpg.params', 'param', 'restarts'), 19) | ParamSetting(('lpg.params', 'param', 'repeats'), 15) | ParamSetting(('lpg.params', 'param', 'lowmemory'), 'True') | ParamSetting(('lpg.params', 'param', 'static_noise'), 'True') | ParamSetting(('lpg.params', 'param', 'static_noise'), 'True') | ParamSetting(('lpg.params', 'param', 'lowmemory'), 'True')"
2024-07-25 05:29:25,564	[INFO]	51      SUCCESS              +46696278055.333336 (59.88%) [6 edit(s)] [cached] 
2024-07-25 05:29:25,564	[DEBUG]	patch(51)="ParamSetting(('lpg.params', 'param', 'search_steps'), 809) | ParamSetting(('lpg.params', 'param', 'restarts'), 19) | ParamSetting(('lpg.params', 'param', 'repeats'), 15) | ParamSetting(('lpg.params', 'param', 'lowmemory'), 'True') | ParamSetting(('lpg.params', 'param', 'static_noise'), 'True') | ParamSetting(('lpg.params', 'param', 'static_noise'), 'True')"
2024-07-25 05:29:57,603	[DEBUG]	EXEC>  SUCCESS 49251080958.333336
2024-07-25 05:29:57,603	[INFO]	52      SUCCESS               49251080958.333336 (63.15%) [5 edit(s)]  
2024-07-25 05:29:57,604	[DEBUG]	patch(52)="ParamSetting(('lpg.params', 'param', 'search_steps'), 809) | ParamSetting(('lpg.params', 'param', 'restarts'), 19) | ParamSetting(('lpg.params', 'param', 'repeats'), 15) | ParamSetting(('lpg.params', 'param', 'static_noise'), 'True') | ParamSetting(('lpg.params', 'param', 'static_noise'), 'True')"
2024-07-25 05:29:57,604	[INFO]	53      SUCCESS              +46696278055.333336 (59.88%) [7 edit(s)] [cached] 
2024-07-25 05:29:57,605	[DEBUG]	patch(53)="ParamSetting(('lpg.params', 'param', 'search_steps'), 809) | ParamSetting(('lpg.params', 'param', 'restarts'), 19) | ParamSetting(('lpg.params', 'param', 'repeats'), 15) | ParamSetting(('lpg.params', 'param', 'lowmemory'), 'True') | ParamSetting(('lpg.params', 'param', 'static_noise'), 'True') | ParamSetting(('lpg.params', 'param', 'static_noise'), 'True') | ParamSetting(('lpg.params', 'param', 'static_noise'), 'True')"
2024-07-25 05:29:57,605	[INFO]	54      SUCCESS               74727945115.666672 (95.82%) [6 edit(s)] [cached] 
2024-07-25 05:29:57,606	[DEBUG]	patch(54)="ParamSetting(('lpg.params', 'param', 'restarts'), 19) | ParamSetting(('lpg.params', 'param', 'repeats'), 15) | ParamSetting(('lpg.params', 'param', 'lowmemory'), 'True') | ParamSetting(('lpg.params', 'param', 'static_noise'), 'True') | ParamSetting(('lpg.params', 'param', 'static_noise'), 'True') | ParamSetting(('lpg.params', 'param', 'static_noise'), 'True')"
2024-07-25 05:29:57,606	[INFO]	55      SUCCESS              +46696278055.333336 (59.88%) [8 edit(s)] [cached] 
2024-07-25 05:29:57,606	[DEBUG]	patch(55)="ParamSetting(('lpg.params', 'param', 'search_steps'), 809) | ParamSetting(('lpg.params', 'param', 'restarts'), 19) | ParamSetting(('lpg.params', 'param', 'repeats'), 15) | ParamSetting(('lpg.params', 'param', 'lowmemory'), 'True') | ParamSetting(('lpg.params', 'param', 'static_noise'), 'True') | ParamSetting(('lpg.params', 'param', 'static_noise'), 'True') | ParamSetting(('lpg.params', 'param', 'static_noise'), 'True') | ParamSetting(('lpg.params', 'param', 'static_noise'), 'True')"
2024-07-25 05:30:28,617	[DEBUG]	EXEC>  SUCCESS 46695792468.666664
2024-07-25 05:30:28,618	[INFO]	56      SUCCESS              *46695792468.666664 (59.88%) [9 edit(s)]  
2024-07-25 05:30:28,618	[DEBUG]	patch(56)="ParamSetting(('lpg.params', 'param', 'search_steps'), 809) | ParamSetting(('lpg.params', 'param', 'restarts'), 19) | ParamSetting(('lpg.params', 'param', 'repeats'), 15) | ParamSetting(('lpg.params', 'param', 'lowmemory'), 'True') | ParamSetting(('lpg.params', 'param', 'static_noise'), 'True') | ParamSetting(('lpg.params', 'param', 'static_noise'), 'True') | ParamSetting(('lpg.params', 'param', 'static_noise'), 'True') | ParamSetting(('lpg.params', 'param', 'static_noise'), 'True') | ParamSetting(('lpg.params', 'param', 'repeats'), 7)"
--- before: lpg.params
+++ after: lpg.params
@@ -1,6 +1,6 @@
-search_steps := 500
-restarts := 9
-repeats := 5
+search_steps := 809
+restarts := 19
+repeats := 7
 noise := 0.1
-static_noise := 'None'
-lowmemory := 'None'
+static_noise := 'True'
+lowmemory := 'True'

2024-07-25 05:31:00,440	[DEBUG]	EXEC>  SUCCESS 48392106955.666664
2024-07-25 05:31:00,440	[INFO]	57      SUCCESS               48392106955.666664 (62.05%) [10 edit(s)]  
2024-07-25 05:31:00,440	[DEBUG]	patch(57)="ParamSetting(('lpg.params', 'param', 'search_steps'), 809) | ParamSetting(('lpg.params', 'param', 'restarts'), 19) | ParamSetting(('lpg.params', 'param', 'repeats'), 15) | ParamSetting(('lpg.params', 'param', 'lowmemory'), 'True') | ParamSetting(('lpg.params', 'param', 'static_noise'), 'True') | ParamSetting(('lpg.params', 'param', 'static_noise'), 'True') | ParamSetting(('lpg.params', 'param', 'static_noise'), 'True') | ParamSetting(('lpg.params', 'param', 'static_noise'), 'True') | ParamSetting(('lpg.params', 'param', 'repeats'), 7) | ParamSetting(('lpg.params', 'param', 'noise'), 0.11941623506370613)"
2024-07-25 05:31:00,441	[INFO]	58      SUCCESS              +46695792468.666664 (59.88%) [10 edit(s)] [cached] 
2024-07-25 05:31:00,441	[DEBUG]	patch(58)="ParamSetting(('lpg.params', 'param', 'search_steps'), 809) | ParamSetting(('lpg.params', 'param', 'restarts'), 19) | ParamSetting(('lpg.params', 'param', 'repeats'), 15) | ParamSetting(('lpg.params', 'param', 'lowmemory'), 'True') | ParamSetting(('lpg.params', 'param', 'static_noise'), 'True') | ParamSetting(('lpg.params', 'param', 'static_noise'), 'True') | ParamSetting(('lpg.params', 'param', 'static_noise'), 'True') | ParamSetting(('lpg.params', 'param', 'static_noise'), 'True') | ParamSetting(('lpg.params', 'param', 'repeats'), 7) | ParamSetting(('lpg.params', 'param', 'lowmemory'), 'True')"
2024-07-25 05:31:00,442	[INFO]	59      SUCCESS              +46695792468.666664 (59.88%) [9 edit(s)] [cached] 
2024-07-25 05:31:00,442	[DEBUG]	patch(59)="ParamSetting(('lpg.params', 'param', 'search_steps'), 809) | ParamSetting(('lpg.params', 'param', 'restarts'), 19) | ParamSetting(('lpg.params', 'param', 'lowmemory'), 'True') | ParamSetting(('lpg.params', 'param', 'static_noise'), 'True') | ParamSetting(('lpg.params', 'param', 'static_noise'), 'True') | ParamSetting(('lpg.params', 'param', 'static_noise'), 'True') | ParamSetting(('lpg.params', 'param', 'static_noise'), 'True') | ParamSetting(('lpg.params', 'param', 'repeats'), 7) | ParamSetting(('lpg.params', 'param', 'lowmemory'), 'True')"
2024-07-25 05:31:41,809	[DEBUG]	EXEC>  TIMEOUT None
2024-07-25 05:31:41,809	[INFO]	60      RUN_TIMEOUT           None (--) [10 edit(s)]  
2024-07-25 05:31:41,809	[DEBUG]	patch(60)="ParamSetting(('lpg.params', 'param', 'search_steps'), 809) | ParamSetting(('lpg.params', 'param', 'restarts'), 19) | ParamSetting(('lpg.params', 'param', 'lowmemory'), 'True') | ParamSetting(('lpg.params', 'param', 'static_noise'), 'True') | ParamSetting(('lpg.params', 'param', 'static_noise'), 'True') | ParamSetting(('lpg.params', 'param', 'static_noise'), 'True') | ParamSetting(('lpg.params', 'param', 'static_noise'), 'True') | ParamSetting(('lpg.params', 'param', 'repeats'), 7) | ParamSetting(('lpg.params', 'param', 'lowmemory'), 'True') | ParamSetting(('lpg.params', 'param', 'search_steps'), 204)"
2024-07-25 05:32:12,718	[DEBUG]	EXEC>  SUCCESS 46694447518.0
2024-07-25 05:32:12,718	[INFO]	61      SUCCESS              *46694447518.000000 (59.87%) [10 edit(s)]  
2024-07-25 05:32:12,718	[DEBUG]	patch(61)="ParamSetting(('lpg.params', 'param', 'search_steps'), 809) | ParamSetting(('lpg.params', 'param', 'restarts'), 19) | ParamSetting(('lpg.params', 'param', 'lowmemory'), 'True') | ParamSetting(('lpg.params', 'param', 'static_noise'), 'True') | ParamSetting(('lpg.params', 'param', 'static_noise'), 'True') | ParamSetting(('lpg.params', 'param', 'static_noise'), 'True') | ParamSetting(('lpg.params', 'param', 'static_noise'), 'True') | ParamSetting(('lpg.params', 'param', 'repeats'), 7) | ParamSetting(('lpg.params', 'param', 'lowmemory'), 'True') | ParamSetting(('lpg.params', 'param', 'repeats'), 5)"
--- before: lpg.params
+++ after: lpg.params
@@ -1,6 +1,6 @@
-search_steps := 500
-restarts := 9
+search_steps := 809
+restarts := 19
 repeats := 5
 noise := 0.1
-static_noise := 'None'
-lowmemory := 'None'
+static_noise := 'True'
+lowmemory := 'True'

2024-07-25 05:32:12,719	[INFO]	62      SUCCESS              +46694447518.000000 (59.87%) [9 edit(s)] [cached] 
2024-07-25 05:32:12,720	[DEBUG]	patch(62)="ParamSetting(('lpg.params', 'param', 'search_steps'), 809) | ParamSetting(('lpg.params', 'param', 'restarts'), 19) | ParamSetting(('lpg.params', 'param', 'lowmemory'), 'True') | ParamSetting(('lpg.params', 'param', 'static_noise'), 'True') | ParamSetting(('lpg.params', 'param', 'static_noise'), 'True') | ParamSetting(('lpg.params', 'param', 'static_noise'), 'True') | ParamSetting(('lpg.params', 'param', 'repeats'), 7) | ParamSetting(('lpg.params', 'param', 'lowmemory'), 'True') | ParamSetting(('lpg.params', 'param', 'repeats'), 5)"
2024-07-25 05:32:12,720	[INFO]	63      SUCCESS              +46694447518.000000 (59.87%) [10 edit(s)] [cached] 
2024-07-25 05:32:12,720	[DEBUG]	patch(63)="ParamSetting(('lpg.params', 'param', 'search_steps'), 809) | ParamSetting(('lpg.params', 'param', 'restarts'), 19) | ParamSetting(('lpg.params', 'param', 'lowmemory'), 'True') | ParamSetting(('lpg.params', 'param', 'static_noise'), 'True') | ParamSetting(('lpg.params', 'param', 'static_noise'), 'True') | ParamSetting(('lpg.params', 'param', 'static_noise'), 'True') | ParamSetting(('lpg.params', 'param', 'repeats'), 7) | ParamSetting(('lpg.params', 'param', 'lowmemory'), 'True') | ParamSetting(('lpg.params', 'param', 'repeats'), 5) | ParamSetting(('lpg.params', 'param', 'static_noise'), 'True')"
2024-07-25 05:32:12,721	[INFO]	64      SUCCESS              +46694447518.000000 (59.87%) [9 edit(s)] [cached] 
2024-07-25 05:32:12,721	[DEBUG]	patch(64)="ParamSetting(('lpg.params', 'param', 'search_steps'), 809) | ParamSetting(('lpg.params', 'param', 'restarts'), 19) | ParamSetting(('lpg.params', 'param', 'lowmemory'), 'True') | ParamSetting(('lpg.params', 'param', 'static_noise'), 'True') | ParamSetting(('lpg.params', 'param', 'static_noise'), 'True') | ParamSetting(('lpg.params', 'param', 'static_noise'), 'True') | ParamSetting(('lpg.params', 'param', 'repeats'), 7) | ParamSetting(('lpg.params', 'param', 'repeats'), 5) | ParamSetting(('lpg.params', 'param', 'static_noise'), 'True')"
2024-07-25 05:32:12,722	[INFO]	65      SUCCESS              +46694447518.000000 (59.87%) [10 edit(s)] [cached] 
2024-07-25 05:32:12,722	[DEBUG]	patch(65)="ParamSetting(('lpg.params', 'param', 'search_steps'), 809) | ParamSetting(('lpg.params', 'param', 'restarts'), 19) | ParamSetting(('lpg.params', 'param', 'lowmemory'), 'True') | ParamSetting(('lpg.params', 'param', 'static_noise'), 'True') | ParamSetting(('lpg.params', 'param', 'static_noise'), 'True') | ParamSetting(('lpg.params', 'param', 'static_noise'), 'True') | ParamSetting(('lpg.params', 'param', 'repeats'), 7) | ParamSetting(('lpg.params', 'param', 'repeats'), 5) | ParamSetting(('lpg.params', 'param', 'static_noise'), 'True') | ParamSetting(('lpg.params', 'param', 'static_noise'), 'True')"
2024-07-25 05:32:44,927	[DEBUG]	EXEC>  SUCCESS 49251084543.0
2024-07-25 05:32:44,927	[INFO]	66      SUCCESS               49251084543.000000 (63.15%) [9 edit(s)]  
2024-07-25 05:32:44,927	[DEBUG]	patch(66)="ParamSetting(('lpg.params', 'param', 'search_steps'), 809) | ParamSetting(('lpg.params', 'param', 'restarts'), 19) | ParamSetting(('lpg.params', 'param', 'static_noise'), 'True') | ParamSetting(('lpg.params', 'param', 'static_noise'), 'True') | ParamSetting(('lpg.params', 'param', 'static_noise'), 'True') | ParamSetting(('lpg.params', 'param', 'repeats'), 7) | ParamSetting(('lpg.params', 'param', 'repeats'), 5) | ParamSetting(('lpg.params', 'param', 'static_noise'), 'True') | ParamSetting(('lpg.params', 'param', 'static_noise'), 'True')"
2024-07-25 05:33:14,995	[INFO]	67      TEST_TIMEOUT          None (--) [11 edit(s)]  
2024-07-25 05:33:14,995	[DEBUG]	patch(67)="ParamSetting(('lpg.params', 'param', 'search_steps'), 809) | ParamSetting(('lpg.params', 'param', 'restarts'), 19) | ParamSetting(('lpg.params', 'param', 'lowmemory'), 'True') | ParamSetting(('lpg.params', 'param', 'static_noise'), 'True') | ParamSetting(('lpg.params', 'param', 'static_noise'), 'True') | ParamSetting(('lpg.params', 'param', 'static_noise'), 'True') | ParamSetting(('lpg.params', 'param', 'repeats'), 7) | ParamSetting(('lpg.params', 'param', 'repeats'), 5) | ParamSetting(('lpg.params', 'param', 'static_noise'), 'True') | ParamSetting(('lpg.params', 'param', 'static_noise'), 'True') | ParamSetting(('lpg.params', 'param', 'noise'), 0.7369491308035279)"
2024-07-25 05:33:52,460	[DEBUG]	EXEC>  TIMEOUT None
2024-07-25 05:33:52,460	[INFO]	68      RUN_TIMEOUT           None (--) [11 edit(s)]  
2024-07-25 05:33:52,461	[DEBUG]	patch(68)="ParamSetting(('lpg.params', 'param', 'search_steps'), 809) | ParamSetting(('lpg.params', 'param', 'restarts'), 19) | ParamSetting(('lpg.params', 'param', 'lowmemory'), 'True') | ParamSetting(('lpg.params', 'param', 'static_noise'), 'True') | ParamSetting(('lpg.params', 'param', 'static_noise'), 'True') | ParamSetting(('lpg.params', 'param', 'static_noise'), 'True') | ParamSetting(('lpg.params', 'param', 'repeats'), 7) | ParamSetting(('lpg.params', 'param', 'repeats'), 5) | ParamSetting(('lpg.params', 'param', 'static_noise'), 'True') | ParamSetting(('lpg.params', 'param', 'static_noise'), 'True') | ParamSetting(('lpg.params', 'param', 'search_steps'), 282)"
2024-07-25 05:34:23,346	[DEBUG]	EXEC>  SUCCESS 46697866107.666664
2024-07-25 05:34:23,346	[INFO]	69      SUCCESS               46697866107.666664 (59.88%) [11 edit(s)]  
2024-07-25 05:34:23,346	[DEBUG]	patch(69)="ParamSetting(('lpg.params', 'param', 'search_steps'), 809) | ParamSetting(('lpg.params', 'param', 'restarts'), 19) | ParamSetting(('lpg.params', 'param', 'lowmemory'), 'True') | ParamSetting(('lpg.params', 'param', 'static_noise'), 'True') | ParamSetting(('lpg.params', 'param', 'static_noise'), 'True') | ParamSetting(('lpg.params', 'param', 'static_noise'), 'True') | ParamSetting(('lpg.params', 'param', 'repeats'), 7) | ParamSetting(('lpg.params', 'param', 'repeats'), 5) | ParamSetting(('lpg.params', 'param', 'static_noise'), 'True') | ParamSetting(('lpg.params', 'param', 'static_noise'), 'True') | ParamSetting(('lpg.params', 'param', 'restarts'), 20)"
2024-07-25 05:34:23,347	[INFO]	70      SUCCESS               46695792468.666664 (59.88%) [9 edit(s)] [cached] 
2024-07-25 05:34:23,348	[DEBUG]	patch(70)="ParamSetting(('lpg.params', 'param', 'search_steps'), 809) | ParamSetting(('lpg.params', 'param', 'restarts'), 19) | ParamSetting(('lpg.params', 'param', 'lowmemory'), 'True') | ParamSetting(('lpg.params', 'param', 'static_noise'), 'True') | ParamSetting(('lpg.params', 'param', 'static_noise'), 'True') | ParamSetting(('lpg.params', 'param', 'static_noise'), 'True') | ParamSetting(('lpg.params', 'param', 'repeats'), 7) | ParamSetting(('lpg.params', 'param', 'static_noise'), 'True') | ParamSetting(('lpg.params', 'param', 'static_noise'), 'True')"
2024-07-25 05:34:23,348	[INFO]	71      SUCCESS              +46694447518.000000 (59.87%) [9 edit(s)] [cached] 
2024-07-25 05:34:23,348	[DEBUG]	patch(71)="ParamSetting(('lpg.params', 'param', 'search_steps'), 809) | ParamSetting(('lpg.params', 'param', 'restarts'), 19) | ParamSetting(('lpg.params', 'param', 'lowmemory'), 'True') | ParamSetting(('lpg.params', 'param', 'static_noise'), 'True') | ParamSetting(('lpg.params', 'param', 'static_noise'), 'True') | ParamSetting(('lpg.params', 'param', 'static_noise'), 'True') | ParamSetting(('lpg.params', 'param', 'repeats'), 7) | ParamSetting(('lpg.params', 'param', 'repeats'), 5) | ParamSetting(('lpg.params', 'param', 'static_noise'), 'True')"
2024-07-25 05:34:55,233	[DEBUG]	EXEC>  SUCCESS 48600633926.0
2024-07-25 05:34:55,233	[INFO]	72      SUCCESS               48600633926.000000 (62.32%) [10 edit(s)]  
2024-07-25 05:34:55,233	[DEBUG]	patch(72)="ParamSetting(('lpg.params', 'param', 'search_steps'), 809) | ParamSetting(('lpg.params', 'param', 'restarts'), 19) | ParamSetting(('lpg.params', 'param', 'lowmemory'), 'True') | ParamSetting(('lpg.params', 'param', 'static_noise'), 'True') | ParamSetting(('lpg.params', 'param', 'static_noise'), 'True') | ParamSetting(('lpg.params', 'param', 'static_noise'), 'True') | ParamSetting(('lpg.params', 'param', 'repeats'), 7) | ParamSetting(('lpg.params', 'param', 'repeats'), 5) | ParamSetting(('lpg.params', 'param', 'static_noise'), 'True') | ParamSetting(('lpg.params', 'param', 'noise'), 0.0948400145699636)"
2024-07-25 05:35:26,242	[DEBUG]	EXEC>  SUCCESS 46694398417.666664
2024-07-25 05:35:26,242	[INFO]	73      SUCCESS              *46694398417.666664 (59.87%) [8 edit(s)]  
2024-07-25 05:35:26,242	[DEBUG]	patch(73)="ParamSetting(('lpg.params', 'param', 'search_steps'), 809) | ParamSetting(('lpg.params', 'param', 'lowmemory'), 'True') | ParamSetting(('lpg.params', 'param', 'static_noise'), 'True') | ParamSetting(('lpg.params', 'param', 'static_noise'), 'True') | ParamSetting(('lpg.params', 'param', 'static_noise'), 'True') | ParamSetting(('lpg.params', 'param', 'repeats'), 7) | ParamSetting(('lpg.params', 'param', 'repeats'), 5) | ParamSetting(('lpg.params', 'param', 'static_noise'), 'True')"
--- before: lpg.params
+++ after: lpg.params
@@ -1,6 +1,6 @@
-search_steps := 500
+search_steps := 809
 restarts := 9
 repeats := 5
 noise := 0.1
-static_noise := 'None'
-lowmemory := 'None'
+static_noise := 'True'
+lowmemory := 'True'

2024-07-25 05:35:58,391	[DEBUG]	EXEC>  SUCCESS 49248012229.0
2024-07-25 05:35:58,391	[INFO]	74      SUCCESS               49248012229.000000 (63.15%) [7 edit(s)]  
2024-07-25 05:35:58,391	[DEBUG]	patch(74)="ParamSetting(('lpg.params', 'param', 'search_steps'), 809) | ParamSetting(('lpg.params', 'param', 'static_noise'), 'True') | ParamSetting(('lpg.params', 'param', 'static_noise'), 'True') | ParamSetting(('lpg.params', 'param', 'static_noise'), 'True') | ParamSetting(('lpg.params', 'param', 'repeats'), 7) | ParamSetting(('lpg.params', 'param', 'repeats'), 5) | ParamSetting(('lpg.params', 'param', 'static_noise'), 'True')"
2024-07-25 05:35:58,392	[INFO]	75      SUCCESS              +46694398417.666664 (59.87%) [9 edit(s)] [cached] 
2024-07-25 05:35:58,392	[DEBUG]	patch(75)="ParamSetting(('lpg.params', 'param', 'search_steps'), 809) | ParamSetting(('lpg.params', 'param', 'lowmemory'), 'True') | ParamSetting(('lpg.params', 'param', 'static_noise'), 'True') | ParamSetting(('lpg.params', 'param', 'static_noise'), 'True') | ParamSetting(('lpg.params', 'param', 'static_noise'), 'True') | ParamSetting(('lpg.params', 'param', 'repeats'), 7) | ParamSetting(('lpg.params', 'param', 'repeats'), 5) | ParamSetting(('lpg.params', 'param', 'static_noise'), 'True') | ParamSetting(('lpg.params', 'param', 'lowmemory'), 'True')"
2024-07-25 05:35:58,393	[INFO]	76      SUCCESS               49248012229.000000 (63.15%) [10 edit(s)] [cached] 
2024-07-25 05:35:58,393	[DEBUG]	patch(76)="ParamSetting(('lpg.params', 'param', 'search_steps'), 809) | ParamSetting(('lpg.params', 'param', 'lowmemory'), 'True') | ParamSetting(('lpg.params', 'param', 'static_noise'), 'True') | ParamSetting(('lpg.params', 'param', 'static_noise'), 'True') | ParamSetting(('lpg.params', 'param', 'static_noise'), 'True') | ParamSetting(('lpg.params', 'param', 'repeats'), 7) | ParamSetting(('lpg.params', 'param', 'repeats'), 5) | ParamSetting(('lpg.params', 'param', 'static_noise'), 'True') | ParamSetting(('lpg.params', 'param', 'lowmemory'), 'True') | ParamSetting(('lpg.params', 'param', 'lowmemory'), 'None')"
2024-07-25 05:35:58,394	[INFO]	77      SUCCESS              +46694398417.666664 (59.87%) [8 edit(s)] [cached] 
2024-07-25 05:35:58,394	[DEBUG]	patch(77)="ParamSetting(('lpg.params', 'param', 'search_steps'), 809) | ParamSetting(('lpg.params', 'param', 'lowmemory'), 'True') | ParamSetting(('lpg.params', 'param', 'static_noise'), 'True') | ParamSetting(('lpg.params', 'param', 'static_noise'), 'True') | ParamSetting(('lpg.params', 'param', 'static_noise'), 'True') | ParamSetting(('lpg.params', 'param', 'repeats'), 7) | ParamSetting(('lpg.params', 'param', 'repeats'), 5) | ParamSetting(('lpg.params', 'param', 'lowmemory'), 'True')"
2024-07-25 05:36:29,382	[DEBUG]	EXEC>  SUCCESS 46695882155.333336
2024-07-25 05:36:29,382	[INFO]	78      SUCCESS               46695882155.333336 (59.88%) [9 edit(s)]  
2024-07-25 05:36:29,382	[DEBUG]	patch(78)="ParamSetting(('lpg.params', 'param', 'search_steps'), 809) | ParamSetting(('lpg.params', 'param', 'lowmemory'), 'True') | ParamSetting(('lpg.params', 'param', 'static_noise'), 'True') | ParamSetting(('lpg.params', 'param', 'static_noise'), 'True') | ParamSetting(('lpg.params', 'param', 'static_noise'), 'True') | ParamSetting(('lpg.params', 'param', 'repeats'), 7) | ParamSetting(('lpg.params', 'param', 'repeats'), 5) | ParamSetting(('lpg.params', 'param', 'lowmemory'), 'True') | ParamSetting(('lpg.params', 'param', 'repeats'), 16)"
2024-07-25 05:37:00,368	[DEBUG]	EXEC>  SUCCESS 46696594512.666664
2024-07-25 05:37:00,368	[INFO]	79      SUCCESS               46696594512.666664 (59.88%) [9 edit(s)]  
2024-07-25 05:37:00,368	[DEBUG]	patch(79)="ParamSetting(('lpg.params', 'param', 'search_steps'), 809) | ParamSetting(('lpg.params', 'param', 'lowmemory'), 'True') | ParamSetting(('lpg.params', 'param', 'static_noise'), 'True') | ParamSetting(('lpg.params', 'param', 'static_noise'), 'True') | ParamSetting(('lpg.params', 'param', 'static_noise'), 'True') | ParamSetting(('lpg.params', 'param', 'repeats'), 7) | ParamSetting(('lpg.params', 'param', 'repeats'), 5) | ParamSetting(('lpg.params', 'param', 'lowmemory'), 'True') | ParamSetting(('lpg.params', 'param', 'restarts'), 14)"
2024-07-25 05:37:00,369	[INFO]	80      SUCCESS              +46694398417.666664 (59.87%) [7 edit(s)] [cached] 
2024-07-25 05:37:00,369	[DEBUG]	patch(80)="ParamSetting(('lpg.params', 'param', 'search_steps'), 809) | ParamSetting(('lpg.params', 'param', 'lowmemory'), 'True') | ParamSetting(('lpg.params', 'param', 'static_noise'), 'True') | ParamSetting(('lpg.params', 'param', 'static_noise'), 'True') | ParamSetting(('lpg.params', 'param', 'static_noise'), 'True') | ParamSetting(('lpg.params', 'param', 'repeats'), 7) | ParamSetting(('lpg.params', 'param', 'repeats'), 5)"
2024-07-25 05:37:30,441	[INFO]	81      TEST_TIMEOUT          None (--) [8 edit(s)]  
2024-07-25 05:37:30,441	[DEBUG]	patch(81)="ParamSetting(('lpg.params', 'param', 'search_steps'), 809) | ParamSetting(('lpg.params', 'param', 'lowmemory'), 'True') | ParamSetting(('lpg.params', 'param', 'static_noise'), 'True') | ParamSetting(('lpg.params', 'param', 'static_noise'), 'True') | ParamSetting(('lpg.params', 'param', 'static_noise'), 'True') | ParamSetting(('lpg.params', 'param', 'repeats'), 7) | ParamSetting(('lpg.params', 'param', 'repeats'), 5) | ParamSetting(('lpg.params', 'param', 'noise'), 0.7885837320605417)"
2024-07-25 05:37:30,442	[INFO]	82      SUCCESS              +46694398417.666664 (59.87%) [6 edit(s)] [cached] 
2024-07-25 05:37:30,442	[DEBUG]	patch(82)="ParamSetting(('lpg.params', 'param', 'search_steps'), 809) | ParamSetting(('lpg.params', 'param', 'lowmemory'), 'True') | ParamSetting(('lpg.params', 'param', 'static_noise'), 'True') | ParamSetting(('lpg.params', 'param', 'static_noise'), 'True') | ParamSetting(('lpg.params', 'param', 'static_noise'), 'True') | ParamSetting(('lpg.params', 'param', 'repeats'), 5)"
2024-07-25 05:38:00,511	[INFO]	83      TEST_TIMEOUT          None (--) [7 edit(s)]  
2024-07-25 05:38:00,511	[DEBUG]	patch(83)="ParamSetting(('lpg.params', 'param', 'search_steps'), 809) | ParamSetting(('lpg.params', 'param', 'lowmemory'), 'True') | ParamSetting(('lpg.params', 'param', 'static_noise'), 'True') | ParamSetting(('lpg.params', 'param', 'static_noise'), 'True') | ParamSetting(('lpg.params', 'param', 'static_noise'), 'True') | ParamSetting(('lpg.params', 'param', 'repeats'), 5) | ParamSetting(('lpg.params', 'param', 'noise'), 0.6947071715468095)"
2024-07-25 05:38:00,512	[INFO]	84      SUCCESS               49248012229.000000 (63.15%) [7 edit(s)] [cached] 
2024-07-25 05:38:00,512	[DEBUG]	patch(84)="ParamSetting(('lpg.params', 'param', 'search_steps'), 809) | ParamSetting(('lpg.params', 'param', 'lowmemory'), 'True') | ParamSetting(('lpg.params', 'param', 'static_noise'), 'True') | ParamSetting(('lpg.params', 'param', 'static_noise'), 'True') | ParamSetting(('lpg.params', 'param', 'static_noise'), 'True') | ParamSetting(('lpg.params', 'param', 'repeats'), 5) | ParamSetting(('lpg.params', 'param', 'lowmemory'), 'None')"
2024-07-25 05:38:00,513	[INFO]	85      SUCCESS              +46694398417.666664 (59.87%) [7 edit(s)] [cached] 
2024-07-25 05:38:00,513	[DEBUG]	patch(85)="ParamSetting(('lpg.params', 'param', 'search_steps'), 809) | ParamSetting(('lpg.params', 'param', 'lowmemory'), 'True') | ParamSetting(('lpg.params', 'param', 'static_noise'), 'True') | ParamSetting(('lpg.params', 'param', 'static_noise'), 'True') | ParamSetting(('lpg.params', 'param', 'static_noise'), 'True') | ParamSetting(('lpg.params', 'param', 'repeats'), 5) | ParamSetting(('lpg.params', 'param', 'lowmemory'), 'True')"
2024-07-25 05:38:00,513	[INFO]	86      SUCCESS              +46694398417.666664 (59.87%) [6 edit(s)] [cached] 
2024-07-25 05:38:00,514	[DEBUG]	patch(86)="ParamSetting(('lpg.params', 'param', 'search_steps'), 809) | ParamSetting(('lpg.params', 'param', 'lowmemory'), 'True') | ParamSetting(('lpg.params', 'param', 'static_noise'), 'True') | ParamSetting(('lpg.params', 'param', 'static_noise'), 'True') | ParamSetting(('lpg.params', 'param', 'repeats'), 5) | ParamSetting(('lpg.params', 'param', 'lowmemory'), 'True')"
2024-07-25 05:38:41,243	[DEBUG]	EXEC>  TIMEOUT None
2024-07-25 05:38:41,243	[INFO]	87      RUN_TIMEOUT           None (--) [7 edit(s)]  
2024-07-25 05:38:41,243	[DEBUG]	patch(87)="ParamSetting(('lpg.params', 'param', 'search_steps'), 809) | ParamSetting(('lpg.params', 'param', 'lowmemory'), 'True') | ParamSetting(('lpg.params', 'param', 'static_noise'), 'True') | ParamSetting(('lpg.params', 'param', 'static_noise'), 'True') | ParamSetting(('lpg.params', 'param', 'repeats'), 5) | ParamSetting(('lpg.params', 'param', 'lowmemory'), 'True') | ParamSetting(('lpg.params', 'param', 'search_steps'), 187)"
2024-07-25 05:38:41,244	[INFO]	88      SUCCESS              +46694398417.666664 (59.87%) [7 edit(s)] [cached] 
2024-07-25 05:38:41,244	[DEBUG]	patch(88)="ParamSetting(('lpg.params', 'param', 'search_steps'), 809) | ParamSetting(('lpg.params', 'param', 'lowmemory'), 'True') | ParamSetting(('lpg.params', 'param', 'static_noise'), 'True') | ParamSetting(('lpg.params', 'param', 'static_noise'), 'True') | ParamSetting(('lpg.params', 'param', 'repeats'), 5) | ParamSetting(('lpg.params', 'param', 'lowmemory'), 'True') | ParamSetting(('lpg.params', 'param', 'lowmemory'), 'True')"
2024-07-25 05:38:41,245	[INFO]	89      SUCCESS              +46694398417.666664 (59.87%) [6 edit(s)] [cached] 
2024-07-25 05:38:41,245	[DEBUG]	patch(89)="ParamSetting(('lpg.params', 'param', 'search_steps'), 809) | ParamSetting(('lpg.params', 'param', 'static_noise'), 'True') | ParamSetting(('lpg.params', 'param', 'static_noise'), 'True') | ParamSetting(('lpg.params', 'param', 'repeats'), 5) | ParamSetting(('lpg.params', 'param', 'lowmemory'), 'True') | ParamSetting(('lpg.params', 'param', 'lowmemory'), 'True')"
2024-07-25 05:38:41,246	[INFO]	90      SUCCESS              +46694398417.666664 (59.87%) [5 edit(s)] [cached] 
2024-07-25 05:38:41,246	[DEBUG]	patch(90)="ParamSetting(('lpg.params', 'param', 'search_steps'), 809) | ParamSetting(('lpg.params', 'param', 'static_noise'), 'True') | ParamSetting(('lpg.params', 'param', 'repeats'), 5) | ParamSetting(('lpg.params', 'param', 'lowmemory'), 'True') | ParamSetting(('lpg.params', 'param', 'lowmemory'), 'True')"
2024-07-25 05:38:41,246	[INFO]	91      SUCCESS              +46694398417.666664 (59.87%) [6 edit(s)] [cached] 
2024-07-25 05:38:41,246	[DEBUG]	patch(91)="ParamSetting(('lpg.params', 'param', 'search_steps'), 809) | ParamSetting(('lpg.params', 'param', 'static_noise'), 'True') | ParamSetting(('lpg.params', 'param', 'repeats'), 5) | ParamSetting(('lpg.params', 'param', 'lowmemory'), 'True') | ParamSetting(('lpg.params', 'param', 'lowmemory'), 'True') | ParamSetting(('lpg.params', 'param', 'lowmemory'), 'True')"
2024-07-25 05:38:41,247	[INFO]	92      SUCCESS              +46694398417.666664 (59.87%) [5 edit(s)] [cached] 
2024-07-25 05:38:41,247	[DEBUG]	patch(92)="ParamSetting(('lpg.params', 'param', 'search_steps'), 809) | ParamSetting(('lpg.params', 'param', 'static_noise'), 'True') | ParamSetting(('lpg.params', 'param', 'lowmemory'), 'True') | ParamSetting(('lpg.params', 'param', 'lowmemory'), 'True') | ParamSetting(('lpg.params', 'param', 'lowmemory'), 'True')"
2024-07-25 05:39:11,313	[INFO]	93      TEST_TIMEOUT          None (--) [6 edit(s)]  
2024-07-25 05:39:11,313	[DEBUG]	patch(93)="ParamSetting(('lpg.params', 'param', 'search_steps'), 809) | ParamSetting(('lpg.params', 'param', 'static_noise'), 'True') | ParamSetting(('lpg.params', 'param', 'lowmemory'), 'True') | ParamSetting(('lpg.params', 'param', 'lowmemory'), 'True') | ParamSetting(('lpg.params', 'param', 'lowmemory'), 'True') | ParamSetting(('lpg.params', 'param', 'noise'), 0.6697168314164075)"
2024-07-25 05:39:11,314	[INFO]	94      SUCCESS               48487574209.666664 (62.17%) [6 edit(s)] [cached] 
2024-07-25 05:39:11,314	[DEBUG]	patch(94)="ParamSetting(('lpg.params', 'param', 'search_steps'), 809) | ParamSetting(('lpg.params', 'param', 'static_noise'), 'True') | ParamSetting(('lpg.params', 'param', 'lowmemory'), 'True') | ParamSetting(('lpg.params', 'param', 'lowmemory'), 'True') | ParamSetting(('lpg.params', 'param', 'lowmemory'), 'True') | ParamSetting(('lpg.params', 'param', 'static_noise'), 'None')"
2024-07-25 05:39:11,315	[INFO]	95      SUCCESS              +46694398417.666664 (59.87%) [4 edit(s)] [cached] 
2024-07-25 05:39:11,315	[DEBUG]	patch(95)="ParamSetting(('lpg.params', 'param', 'search_steps'), 809) | ParamSetting(('lpg.params', 'param', 'static_noise'), 'True') | ParamSetting(('lpg.params', 'param', 'lowmemory'), 'True') | ParamSetting(('lpg.params', 'param', 'lowmemory'), 'True')"
2024-07-25 05:39:42,280	[DEBUG]	EXEC>  SUCCESS 46697200685.0
2024-07-25 05:39:42,280	[INFO]	96      SUCCESS               46697200685.000000 (59.88%) [5 edit(s)]  
2024-07-25 05:39:42,280	[DEBUG]	patch(96)="ParamSetting(('lpg.params', 'param', 'search_steps'), 809) | ParamSetting(('lpg.params', 'param', 'static_noise'), 'True') | ParamSetting(('lpg.params', 'param', 'lowmemory'), 'True') | ParamSetting(('lpg.params', 'param', 'lowmemory'), 'True') | ParamSetting(('lpg.params', 'param', 'restarts'), 16)"
2024-07-25 05:39:42,281	[INFO]	97      SUCCESS              +46694398417.666664 (59.87%) [3 edit(s)] [cached] 
2024-07-25 05:39:42,281	[DEBUG]	patch(97)="ParamSetting(('lpg.params', 'param', 'search_steps'), 809) | ParamSetting(('lpg.params', 'param', 'static_noise'), 'True') | ParamSetting(('lpg.params', 'param', 'lowmemory'), 'True')"
2024-07-25 05:39:42,282	[INFO]	98      SUCCESS               48487574209.666664 (62.17%) [2 edit(s)] [cached] 
2024-07-25 05:39:42,282	[DEBUG]	patch(98)="ParamSetting(('lpg.params', 'param', 'search_steps'), 809) | ParamSetting(('lpg.params', 'param', 'lowmemory'), 'True')"
2024-07-25 05:39:42,283	[INFO]	99      SUCCESS               48487574209.666664 (62.17%) [4 edit(s)] [cached] 
2024-07-25 05:39:42,283	[DEBUG]	patch(99)="ParamSetting(('lpg.params', 'param', 'search_steps'), 809) | ParamSetting(('lpg.params', 'param', 'static_noise'), 'True') | ParamSetting(('lpg.params', 'param', 'lowmemory'), 'True') | ParamSetting(('lpg.params', 'param', 'static_noise'), 'None')"
2024-07-25 05:40:13,380	[DEBUG]	EXEC>  SUCCESS 46696408245.0
2024-07-25 05:40:13,380	[INFO]	100     SUCCESS               46696408245.000000 (59.88%) [4 edit(s)]  
2024-07-25 05:40:13,380	[DEBUG]	patch(100)="ParamSetting(('lpg.params', 'param', 'search_steps'), 809) | ParamSetting(('lpg.params', 'param', 'static_noise'), 'True') | ParamSetting(('lpg.params', 'param', 'lowmemory'), 'True') | ParamSetting(('lpg.params', 'param', 'restarts'), 10)"
2024-07-25 05:40:43,454	[INFO]	101     TEST_TIMEOUT          None (--) [4 edit(s)]  
2024-07-25 05:40:43,454	[DEBUG]	patch(101)="ParamSetting(('lpg.params', 'param', 'search_steps'), 809) | ParamSetting(('lpg.params', 'param', 'static_noise'), 'True') | ParamSetting(('lpg.params', 'param', 'lowmemory'), 'True') | ParamSetting(('lpg.params', 'param', 'noise'), 0.8601830152711281)"
2024-07-25 05:40:43,455	[INFO]	102     SUCCESS               49248012229.000000 (63.15%) [2 edit(s)] [cached] 
2024-07-25 05:40:43,455	[DEBUG]	patch(102)="ParamSetting(('lpg.params', 'param', 'search_steps'), 809) | ParamSetting(('lpg.params', 'param', 'static_noise'), 'True')"
2024-07-25 05:41:48,326	[DEBUG]	EXEC>  SUCCESS 99929841047.0
2024-07-25 05:41:48,327	[INFO]	103     SUCCESS               99929841047.000000 (128.14%) [4 edit(s)]  
2024-07-25 05:41:48,327	[DEBUG]	patch(103)="ParamSetting(('lpg.params', 'param', 'search_steps'), 809) | ParamSetting(('lpg.params', 'param', 'static_noise'), 'True') | ParamSetting(('lpg.params', 'param', 'lowmemory'), 'True') | ParamSetting(('lpg.params', 'param', 'noise'), 0.2621865645380208)"
2024-07-25 05:42:28,130	[DEBUG]	EXEC>  SUCCESS 59736205483.666664
2024-07-25 05:42:28,130	[INFO]	104     SUCCESS               59736205483.666664 (76.60%) [4 edit(s)]  
2024-07-25 05:42:28,130	[DEBUG]	patch(104)="ParamSetting(('lpg.params', 'param', 'search_steps'), 809) | ParamSetting(('lpg.params', 'param', 'static_noise'), 'True') | ParamSetting(('lpg.params', 'param', 'lowmemory'), 'True') | ParamSetting(('lpg.params', 'param', 'noise'), 0.2431420409519881)"
2024-07-25 05:42:28,131	[INFO]	~~~~ END ~~~~
2024-07-25 05:42:28,131	[INFO]	
2024-07-25 05:42:28,131	[INFO]	==== REPORT ====
2024-07-25 05:42:28,131	[INFO]	Termination: time budget
2024-07-25 05:42:28,131	[INFO]	Retries: 3
2024-07-25 05:42:28,132	[INFO]	Log file: /home/dbouras/magpie/_magpie_logs/lpg_1721880593.log
2024-07-25 05:42:28,132	[INFO]	Patch file: _magpie_logs/lpg_1721880593.patch
2024-07-25 05:42:28,132	[INFO]	Diff file: _magpie_logs/lpg_1721880593.diff
2024-07-25 05:42:28,132	[INFO]	Reference fitness: 77986607386.333328
2024-07-25 05:42:28,132	[INFO]	Best fitness: 46694398417.666664
2024-07-25 05:42:28,132	[INFO]	
2024-07-25 05:42:28,133	[INFO]	==== BEST PATCH ====
ParamSetting(('lpg.params', 'param', 'search_steps'), 809) | ParamSetting(('lpg.params', 'param', 'lowmemory'), 'True') | ParamSetting(('lpg.params', 'param', 'static_noise'), 'True') | ParamSetting(('lpg.params', 'param', 'static_noise'), 'True') | ParamSetting(('lpg.params', 'param', 'static_noise'), 'True') | ParamSetting(('lpg.params', 'param', 'repeats'), 7) | ParamSetting(('lpg.params', 'param', 'repeats'), 5) | ParamSetting(('lpg.params', 'param', 'static_noise'), 'True')
2024-07-25 05:42:28,133	[INFO]	
2024-07-25 05:42:28,133	[INFO]	==== DIFF ====
[1m--- before: lpg.params[0m
[1m+++ after: lpg.params[0m
[36m@@ -1,6 +1,6 @@[0m
[31m-search_steps := 500[0m
[32m+search_steps := 809[0m
 restarts := 9
 repeats := 5
 noise := 0.1
[31m-static_noise := 'None'[0m
[31m-lowmemory := 'None'[0m
[32m+static_noise := 'True'[0m
[32m+lowmemory := 'True'[0m

