2024-07-03 19:21:06,926	[DEBUG]	==== CONFIG ====
[magpie]
import = 
seed = 45
log_dir = _magpie_logs
work_dir = _magpie_work
local_original_copy = True
local_original_name = __original__
output_encoding = ascii
edit_retries = 10
default_timeout = 30
default_lengthout = 1e6
diff_method = unified
trust_local_filesystem = True

[magpie.log]
color_output = True
format_info = {counter:<7} {status:<20} {best}{fitness} ({ratio}) [{size}] {cached} {log}
format_debug = patch({counter})="{patch}"{diffifbest}
format_fitness = {:.6f}
format_ratio = {:.2%%}
format_patchif = 
	 --> {patch}
format_diffif = 
	{diff}

[software]
path = examples/minisat
target_files = minisat_simplified.params
software = BasicSoftware
model_rules = 
	*.params : ParamFileConfigModel
	*.xml : SrcmlModel
	* : LineModel
model_config = 
	*.params : [paramconfig]
	*.xml : [srcml]
init_cmd = bash init.sh
init_timeout = 60
init_lengthout = -1
setup_cmd = bash compile.sh
setup_timeout = 
setup_lengthout = 
compile_cmd = 
compile_timeout = 
compile_lengthout = 
test_cmd = bash test.sh
test_timeout = 
test_lengthout = 
run_cmd = perf stat -e task-clock bash run_fixed.sh
run_timeout = 
run_lengthout = 
retries = 4
batch_timeout = 
batch_lengthout = 
batch_bin_fitness_strategy = aggregate
batch_fitness_strategy = sum
fitness = perf_task_clock

[srcml]
rename = 
	stmt: break continue decl_stmt do expr_stmt for goto if return switch while
	number: literal_number
focus = block stmt operator_comp operator_arith number
internodes = block
process_pseudo_blocks = True
process_literals = True
process_operators = True

[paramconfig]
timing = test run
cli_prefix = --
cli_glue = =
cli_boolean = show
cli_boolean_prefix_true = 
cli_boolean_prefix_false = no-
cli_none = hide
silent_prefix = @
silent_suffix = $

[search]
protocol = BasicProtocol
algorithm = FirstImprovement
possible_edits = ParamSetting
warmup = 3
warmup_strategy = last
max_steps = 1000
max_time = 1800
target_fitness = 
cache_maxsize = 100
cache_keep = 0.2
batch_instances = 
batch_shuffle = True
batch_bin_shuffle = False
batch_sample_size = 1

[search.ls]
delete_prob = 0.5
max_neighbours = 
when_trapped = continue
accept_fail = False
tabu_length = 10

[search.gp]
pop_size = 10
delete_prob = 0.5
offspring_elitism = 0.1
offspring_crossover = 0.5
offspring_mutation = 0.4
uniform_rate = 0.5
batch_reset = True

[search.minify]
do_cleanup = True
do_rebuild = True
do_simplify = True
round_robin_limit = 3


2024-07-03 19:21:06,926	[DEBUG]	
2024-07-03 19:21:06,926	[INFO]	==== SEARCH: FirstImprovement ====
2024-07-03 19:21:06,926	[INFO]	~~~~ WARMUP ~~~~
2024-07-03 19:22:07,810	[DEBUG]	EXEC>  SUCCESS 17.75
2024-07-03 19:22:07,811	[INFO]	WARM    SUCCESS               17.750000 (--) [0 edit(s)]  
2024-07-03 19:23:03,110	[DEBUG]	EXEC>  SUCCESS 47.75
2024-07-03 19:23:03,110	[INFO]	WARM    SUCCESS               47.750000 (--) [0 edit(s)]  
2024-07-03 19:23:58,713	[DEBUG]	EXEC>  SUCCESS 38.75
2024-07-03 19:23:58,713	[INFO]	WARM    SUCCESS               38.750000 (--) [0 edit(s)]  
2024-07-03 19:23:58,713	[INFO]	REF     SUCCESS               38.750000 (--) [0 edit(s)]  
2024-07-03 19:23:58,713	[INFO]	
2024-07-03 19:23:58,713	[INFO]	~~~~ START ~~~~
2024-07-03 19:24:50,060	[DEBUG]	EXEC>  SUCCESS 48.5
2024-07-03 19:24:50,060	[INFO]	1       SUCCESS               48.500000 (125.16%) [1 edit(s)]  
2024-07-03 19:24:50,060	[DEBUG]	patch(1)="ParamSetting(('minisat_simplified.params', 'param', 'elim'), 'False')"
2024-07-03 19:25:26,050	[DEBUG]	EXEC>  SUCCESS 65.0
2024-07-03 19:25:26,050	[INFO]	2       SUCCESS               65.000000 (167.74%) [1 edit(s)]  
2024-07-03 19:25:26,050	[DEBUG]	patch(2)="ParamSetting(('minisat_simplified.params', 'param', 'rfirst'), 144)"
2024-07-03 19:25:35,583	[DEBUG]	EXEC>  SUCCESS 43.75
2024-07-03 19:25:35,583	[INFO]	3       SUCCESS               43.750000 (112.90%) [1 edit(s)]  
2024-07-03 19:25:35,583	[DEBUG]	patch(3)="ParamSetting(('minisat_simplified.params', 'param', 'rinc'), 2188.9577716520566)"
2024-07-03 19:26:28,162	[DEBUG]	EXEC>  SUCCESS 23.0
2024-07-03 19:26:28,162	[INFO]	4       SUCCESS              *23.000000 (59.35%) [1 edit(s)]  
2024-07-03 19:26:28,162	[DEBUG]	patch(4)="ParamSetting(('minisat_simplified.params', 'param', 'rnd-init'), 'True')"
--- before: minisat_simplified.params
+++ after: minisat_simplified.params
@@ -1,5 +1,5 @@
 luby := 'True'
-rnd-init := 'False'
+rnd-init := 'True'
 gc-frac := 0.2
 rinc := 2.0
 var-decay := 0.95

2024-07-03 19:26:28,163	[INFO]	5       SUCCESS               38.750000 (100.00%) [0 edit(s)] [cached] 
2024-07-03 19:26:28,163	[DEBUG]	patch(5)=""
2024-07-03 19:27:25,350	[DEBUG]	EXEC>  SUCCESS 58.0
2024-07-03 19:27:25,350	[INFO]	6       SUCCESS               58.000000 (149.68%) [2 edit(s)]  
2024-07-03 19:27:25,350	[DEBUG]	patch(6)="ParamSetting(('minisat_simplified.params', 'param', 'rnd-init'), 'True') | ParamSetting(('minisat_simplified.params', 'param', 'phase-saving'), 1)"
2024-07-03 19:28:12,550	[DEBUG]	EXEC>  SUCCESS 41.75
2024-07-03 19:28:12,550	[INFO]	7       SUCCESS               41.750000 (107.74%) [2 edit(s)]  
2024-07-03 19:28:12,550	[DEBUG]	patch(7)="ParamSetting(('minisat_simplified.params', 'param', 'rnd-init'), 'True') | ParamSetting(('minisat_simplified.params', 'param', 'rcheck'), 'True')"
2024-07-03 19:29:00,417	[DEBUG]	EXEC>  SUCCESS 51.5
2024-07-03 19:29:00,417	[INFO]	8       SUCCESS               51.500000 (132.90%) [2 edit(s)]  
2024-07-03 19:29:00,417	[DEBUG]	patch(8)="ParamSetting(('minisat_simplified.params', 'param', 'rnd-init'), 'True') | ParamSetting(('minisat_simplified.params', 'param', 'elim'), 'False')"
2024-07-03 19:29:00,418	[INFO]	9       SUCCESS              +23.000000 (59.35%) [2 edit(s)] [cached] 
2024-07-03 19:29:00,418	[DEBUG]	patch(9)="ParamSetting(('minisat_simplified.params', 'param', 'rnd-init'), 'True') | ParamSetting(('minisat_simplified.params', 'param', 'luby'), 'True')"
2024-07-03 19:29:00,419	[INFO]	10      SUCCESS              +23.000000 (59.35%) [1 edit(s)] [cached] 
2024-07-03 19:29:00,419	[DEBUG]	patch(10)="ParamSetting(('minisat_simplified.params', 'param', 'rnd-init'), 'True')"
2024-07-03 19:29:00,420	[INFO]	11      SUCCESS               38.750000 (100.00%) [0 edit(s)] [cached] 
2024-07-03 19:29:00,420	[DEBUG]	patch(11)=""
2024-07-03 19:29:53,234	[DEBUG]	EXEC>  SUCCESS 38.5
2024-07-03 19:29:53,234	[INFO]	12      SUCCESS               38.500000 (99.35%) [2 edit(s)]  
2024-07-03 19:29:53,234	[DEBUG]	patch(12)="ParamSetting(('minisat_simplified.params', 'param', 'rnd-init'), 'True') | ParamSetting(('minisat_simplified.params', 'param', 'simp-gc-frac'), 203563057.5759636)"
2024-07-03 19:30:24,275	[DEBUG]	EXEC>  TIMEOUT None
2024-07-03 19:30:24,276	[INFO]	13      RUN_TIMEOUT           None (--) [2 edit(s)]  
2024-07-03 19:30:24,276	[DEBUG]	patch(13)="ParamSetting(('minisat_simplified.params', 'param', 'rnd-init'), 'True') | ParamSetting(('minisat_simplified.params', 'param', 'rnd-freq'), 0.32935251497260265)"
2024-07-03 19:30:24,277	[INFO]	14      SUCCESS              +23.000000 (59.35%) [2 edit(s)] [cached] 
2024-07-03 19:30:24,277	[DEBUG]	patch(14)="ParamSetting(('minisat_simplified.params', 'param', 'rnd-init'), 'True') | ParamSetting(('minisat_simplified.params', 'param', 'luby'), 'True')"
2024-07-03 19:30:34,517	[DEBUG]	EXEC>  SUCCESS 73.0
2024-07-03 19:30:34,518	[INFO]	15      SUCCESS               73.000000 (188.39%) [3 edit(s)]  
2024-07-03 19:30:34,518	[DEBUG]	patch(15)="ParamSetting(('minisat_simplified.params', 'param', 'rnd-init'), 'True') | ParamSetting(('minisat_simplified.params', 'param', 'luby'), 'True') | ParamSetting(('minisat_simplified.params', 'param', 'rinc'), 1260.5227956024833)"
2024-07-03 19:30:34,519	[INFO]	16      SUCCESS               38.750000 (100.00%) [1 edit(s)] [cached] 
2024-07-03 19:30:34,519	[DEBUG]	patch(16)="ParamSetting(('minisat_simplified.params', 'param', 'luby'), 'True')"
2024-07-03 19:31:27,448	[DEBUG]	EXEC>  SUCCESS 38.25
2024-07-03 19:31:27,449	[INFO]	17      SUCCESS               38.250000 (98.71%) [3 edit(s)]  
2024-07-03 19:31:27,449	[DEBUG]	patch(17)="ParamSetting(('minisat_simplified.params', 'param', 'rnd-init'), 'True') | ParamSetting(('minisat_simplified.params', 'param', 'luby'), 'True') | ParamSetting(('minisat_simplified.params', 'param', 'verb'), '2')"
2024-07-03 19:31:27,450	[INFO]	18      SUCCESS              +23.000000 (59.35%) [1 edit(s)] [cached] 
2024-07-03 19:31:27,450	[DEBUG]	patch(18)="ParamSetting(('minisat_simplified.params', 'param', 'rnd-init'), 'True')"
2024-07-03 19:31:27,451	[INFO]	19      SUCCESS              +23.000000 (59.35%) [2 edit(s)] [cached] 
2024-07-03 19:31:27,451	[DEBUG]	patch(19)="ParamSetting(('minisat_simplified.params', 'param', 'rnd-init'), 'True') | ParamSetting(('minisat_simplified.params', 'param', 'verb'), '1')"
2024-07-03 19:32:19,470	[DEBUG]	EXEC>  SUCCESS 45.5
2024-07-03 19:32:19,470	[INFO]	20      SUCCESS               45.500000 (117.42%) [3 edit(s)]  
2024-07-03 19:32:19,470	[DEBUG]	patch(20)="ParamSetting(('minisat_simplified.params', 'param', 'rnd-init'), 'True') | ParamSetting(('minisat_simplified.params', 'param', 'verb'), '1') | ParamSetting(('minisat_simplified.params', 'param', 'gc-frac'), 2538.319700434435)"
2024-07-03 19:32:38,693	[DEBUG]	EXEC>  SUCCESS 52.5
2024-07-03 19:32:38,693	[INFO]	21      SUCCESS               52.500000 (135.48%) [3 edit(s)]  
2024-07-03 19:32:38,693	[DEBUG]	patch(21)="ParamSetting(('minisat_simplified.params', 'param', 'rnd-init'), 'True') | ParamSetting(('minisat_simplified.params', 'param', 'verb'), '1') | ParamSetting(('minisat_simplified.params', 'param', 'rfirst'), 2970)"
2024-07-03 19:33:31,088	[DEBUG]	EXEC>  SUCCESS 50.25
2024-07-03 19:33:31,088	[INFO]	22      SUCCESS               50.250000 (129.68%) [3 edit(s)]  
2024-07-03 19:33:31,089	[DEBUG]	patch(22)="ParamSetting(('minisat_simplified.params', 'param', 'rnd-init'), 'True') | ParamSetting(('minisat_simplified.params', 'param', 'verb'), '1') | ParamSetting(('minisat_simplified.params', 'param', 'simp-gc-frac'), 166156452.10919583)"
2024-07-03 19:33:31,089	[INFO]	23      SUCCESS              +23.000000 (59.35%) [1 edit(s)] [cached] 
2024-07-03 19:33:31,090	[DEBUG]	patch(23)="ParamSetting(('minisat_simplified.params', 'param', 'rnd-init'), 'True')"
2024-07-03 19:34:15,843	[DEBUG]	EXEC>  SUCCESS 49.0
2024-07-03 19:34:15,843	[INFO]	24      SUCCESS               49.000000 (126.45%) [2 edit(s)]  
2024-07-03 19:34:15,843	[DEBUG]	patch(24)="ParamSetting(('minisat_simplified.params', 'param', 'rnd-init'), 'True') | ParamSetting(('minisat_simplified.params', 'param', 'rnd-seed'), 984409094)"
2024-07-03 19:35:08,035	[DEBUG]	EXEC>  SUCCESS 41.25
2024-07-03 19:35:08,036	[INFO]	25      SUCCESS               41.250000 (106.45%) [2 edit(s)]  
2024-07-03 19:35:08,036	[DEBUG]	patch(25)="ParamSetting(('minisat_simplified.params', 'param', 'rnd-init'), 'True') | ParamSetting(('minisat_simplified.params', 'param', 'gc-frac'), 6362.90347892301)"
2024-07-03 19:35:08,037	[INFO]	26      SUCCESS               38.750000 (100.00%) [0 edit(s)] [cached] 
2024-07-03 19:35:08,037	[DEBUG]	patch(26)=""
2024-07-03 19:36:00,111	[DEBUG]	EXEC>  SUCCESS 44.25
2024-07-03 19:36:00,111	[INFO]	27      SUCCESS               44.250000 (114.19%) [2 edit(s)]  
2024-07-03 19:36:00,111	[DEBUG]	patch(27)="ParamSetting(('minisat_simplified.params', 'param', 'rnd-init'), 'True') | ParamSetting(('minisat_simplified.params', 'param', 'cl-lim'), 6968)"
2024-07-03 19:36:00,112	[INFO]	28      SUCCESS               38.250000 (98.71%) [2 edit(s)] [cached] 
2024-07-03 19:36:00,112	[DEBUG]	patch(28)="ParamSetting(('minisat_simplified.params', 'param', 'rnd-init'), 'True') | ParamSetting(('minisat_simplified.params', 'param', 'verb'), '2')"
2024-07-03 19:36:48,030	[DEBUG]	EXEC>  SUCCESS 30.25
2024-07-03 19:36:48,030	[INFO]	29      SUCCESS               30.250000 (78.06%) [2 edit(s)]  
2024-07-03 19:36:48,030	[DEBUG]	patch(29)="ParamSetting(('minisat_simplified.params', 'param', 'rnd-init'), 'True') | ParamSetting(('minisat_simplified.params', 'param', 'pre'), 'False')"
2024-07-03 19:37:24,271	[DEBUG]	EXEC>  TIMEOUT None
2024-07-03 19:37:24,272	[INFO]	30      RUN_TIMEOUT           None (--) [2 edit(s)]  
2024-07-03 19:37:24,272	[DEBUG]	patch(30)="ParamSetting(('minisat_simplified.params', 'param', 'rnd-init'), 'True') | ParamSetting(('minisat_simplified.params', 'param', 'grow'), 12234)"
2024-07-03 19:38:16,606	[DEBUG]	EXEC>  SUCCESS 35.0
2024-07-03 19:38:16,606	[INFO]	31      SUCCESS               35.000000 (90.32%) [2 edit(s)]  
2024-07-03 19:38:16,606	[DEBUG]	patch(31)="ParamSetting(('minisat_simplified.params', 'param', 'rnd-init'), 'True') | ParamSetting(('minisat_simplified.params', 'param', 'gc-frac'), 8416.306414762497)"
2024-07-03 19:39:09,365	[DEBUG]	EXEC>  SUCCESS 43.25
2024-07-03 19:39:09,365	[INFO]	32      SUCCESS               43.250000 (111.61%) [2 edit(s)]  
2024-07-03 19:39:09,366	[DEBUG]	patch(32)="ParamSetting(('minisat_simplified.params', 'param', 'rnd-init'), 'True') | ParamSetting(('minisat_simplified.params', 'param', 'sub-lim'), 19112)"
2024-07-03 19:40:01,752	[DEBUG]	EXEC>  SUCCESS 19.25
2024-07-03 19:40:01,753	[INFO]	33      SUCCESS              *19.250000 (49.68%) [2 edit(s)]  
2024-07-03 19:40:01,753	[DEBUG]	patch(33)="ParamSetting(('minisat_simplified.params', 'param', 'rnd-init'), 'True') | ParamSetting(('minisat_simplified.params', 'param', 'cl-lim'), 34733)"
--- before: minisat_simplified.params
+++ after: minisat_simplified.params
@@ -1,5 +1,5 @@
 luby := 'True'
-rnd-init := 'False'
+rnd-init := 'True'
 gc-frac := 0.2
 rinc := 2.0
 var-decay := 0.95
@@ -16,5 +16,5 @@
 elim := 'True'
 simp-gc-frac := 0.5
 sub-lim := 1000
-cl-lim := 20
+cl-lim := 34733
 grow := 0

2024-07-03 19:40:57,493	[DEBUG]	EXEC>  SUCCESS 41.0
2024-07-03 19:40:57,493	[INFO]	34      SUCCESS               41.000000 (105.81%) [1 edit(s)]  
2024-07-03 19:40:57,494	[DEBUG]	patch(34)="ParamSetting(('minisat_simplified.params', 'param', 'cl-lim'), 34733)"
2024-07-03 19:41:43,996	[DEBUG]	EXEC>  SUCCESS 74.5
2024-07-03 19:41:43,996	[INFO]	35      SUCCESS               74.500000 (192.26%) [3 edit(s)]  
2024-07-03 19:41:43,996	[DEBUG]	patch(35)="ParamSetting(('minisat_simplified.params', 'param', 'rnd-init'), 'True') | ParamSetting(('minisat_simplified.params', 'param', 'cl-lim'), 34733) | ParamSetting(('minisat_simplified.params', 'param', 'grow'), -5277)"
2024-07-03 19:41:43,997	[INFO]	36      SUCCESS               23.000000 (59.35%) [1 edit(s)] [cached] 
2024-07-03 19:41:43,997	[DEBUG]	patch(36)="ParamSetting(('minisat_simplified.params', 'param', 'rnd-init'), 'True')"
2024-07-03 19:42:31,870	[DEBUG]	EXEC>  SUCCESS 57.0
2024-07-03 19:42:31,871	[INFO]	37      SUCCESS               57.000000 (147.10%) [3 edit(s)]  
2024-07-03 19:42:31,871	[DEBUG]	patch(37)="ParamSetting(('minisat_simplified.params', 'param', 'rnd-init'), 'True') | ParamSetting(('minisat_simplified.params', 'param', 'cl-lim'), 34733) | ParamSetting(('minisat_simplified.params', 'param', 'elim'), 'False')"
2024-07-03 19:43:24,152	[DEBUG]	EXEC>  SUCCESS 60.75
2024-07-03 19:43:24,152	[INFO]	38      SUCCESS               60.750000 (156.77%) [3 edit(s)]  
2024-07-03 19:43:24,152	[DEBUG]	patch(38)="ParamSetting(('minisat_simplified.params', 'param', 'rnd-init'), 'True') | ParamSetting(('minisat_simplified.params', 'param', 'cl-lim'), 34733) | ParamSetting(('minisat_simplified.params', 'param', 'simp-gc-frac'), 311963343.63509476)"
2024-07-03 19:44:16,367	[DEBUG]	EXEC>  SUCCESS 46.75
2024-07-03 19:44:16,367	[INFO]	39      SUCCESS               46.750000 (120.65%) [3 edit(s)]  
2024-07-03 19:44:16,367	[DEBUG]	patch(39)="ParamSetting(('minisat_simplified.params', 'param', 'rnd-init'), 'True') | ParamSetting(('minisat_simplified.params', 'param', 'cl-lim'), 34733) | ParamSetting(('minisat_simplified.params', 'param', 'gc-frac'), 15188.641475005024)"
2024-07-03 19:44:54,100	[DEBUG]	EXEC>  TIMEOUT None
2024-07-03 19:44:54,100	[INFO]	40      RUN_TIMEOUT           None (--) [3 edit(s)]  
2024-07-03 19:44:54,100	[DEBUG]	patch(40)="ParamSetting(('minisat_simplified.params', 'param', 'rnd-init'), 'True') | ParamSetting(('minisat_simplified.params', 'param', 'cl-lim'), 34733) | ParamSetting(('minisat_simplified.params', 'param', 'rnd-freq'), 0.9412809127580192)"
2024-07-03 19:45:46,474	[DEBUG]	EXEC>  SUCCESS 45.75
2024-07-03 19:45:46,474	[INFO]	41      SUCCESS               45.750000 (118.06%) [3 edit(s)]  
2024-07-03 19:45:46,474	[DEBUG]	patch(41)="ParamSetting(('minisat_simplified.params', 'param', 'rnd-init'), 'True') | ParamSetting(('minisat_simplified.params', 'param', 'cl-lim'), 34733) | ParamSetting(('minisat_simplified.params', 'param', 'verb'), '0')"
2024-07-03 19:45:46,475	[INFO]	42      SUCCESS              +19.250000 (49.68%) [3 edit(s)] [cached] 
2024-07-03 19:45:46,475	[DEBUG]	patch(42)="ParamSetting(('minisat_simplified.params', 'param', 'rnd-init'), 'True') | ParamSetting(('minisat_simplified.params', 'param', 'cl-lim'), 34733) | ParamSetting(('minisat_simplified.params', 'param', 'rnd-init'), 'True')"
2024-07-03 19:45:46,476	[INFO]	43      SUCCESS              +19.250000 (49.68%) [4 edit(s)] [cached] 
2024-07-03 19:45:46,476	[DEBUG]	patch(43)="ParamSetting(('minisat_simplified.params', 'param', 'rnd-init'), 'True') | ParamSetting(('minisat_simplified.params', 'param', 'cl-lim'), 34733) | ParamSetting(('minisat_simplified.params', 'param', 'rnd-init'), 'True') | ParamSetting(('minisat_simplified.params', 'param', 'pre'), 'True')"
2024-07-03 19:45:46,477	[INFO]	44      SUCCESS              +19.250000 (49.68%) [3 edit(s)] [cached] 
2024-07-03 19:45:46,477	[DEBUG]	patch(44)="ParamSetting(('minisat_simplified.params', 'param', 'rnd-init'), 'True') | ParamSetting(('minisat_simplified.params', 'param', 'cl-lim'), 34733) | ParamSetting(('minisat_simplified.params', 'param', 'pre'), 'True')"
2024-07-03 19:46:38,958	[DEBUG]	EXEC>  SUCCESS 55.75
2024-07-03 19:46:38,958	[INFO]	45      SUCCESS               55.750000 (143.87%) [4 edit(s)]  
2024-07-03 19:46:38,958	[DEBUG]	patch(45)="ParamSetting(('minisat_simplified.params', 'param', 'rnd-init'), 'True') | ParamSetting(('minisat_simplified.params', 'param', 'cl-lim'), 34733) | ParamSetting(('minisat_simplified.params', 'param', 'pre'), 'True') | ParamSetting(('minisat_simplified.params', 'param', 'sub-lim'), 39443)"
2024-07-03 19:46:38,959	[INFO]	46      SUCCESS               23.000000 (59.35%) [2 edit(s)] [cached] 
2024-07-03 19:46:38,959	[DEBUG]	patch(46)="ParamSetting(('minisat_simplified.params', 'param', 'rnd-init'), 'True') | ParamSetting(('minisat_simplified.params', 'param', 'pre'), 'True')"
2024-07-03 19:47:31,595	[DEBUG]	EXEC>  SUCCESS 75.5
2024-07-03 19:47:31,595	[INFO]	47      SUCCESS               75.500000 (194.84%) [4 edit(s)]  
2024-07-03 19:47:31,595	[DEBUG]	patch(47)="ParamSetting(('minisat_simplified.params', 'param', 'rnd-init'), 'True') | ParamSetting(('minisat_simplified.params', 'param', 'cl-lim'), 34733) | ParamSetting(('minisat_simplified.params', 'param', 'pre'), 'True') | ParamSetting(('minisat_simplified.params', 'param', 'cl-lim'), 37735)"
2024-07-03 19:47:31,596	[INFO]	48      SUCCESS               41.000000 (105.81%) [2 edit(s)] [cached] 
2024-07-03 19:47:31,596	[DEBUG]	patch(48)="ParamSetting(('minisat_simplified.params', 'param', 'cl-lim'), 34733) | ParamSetting(('minisat_simplified.params', 'param', 'pre'), 'True')"
2024-07-03 19:48:24,083	[DEBUG]	EXEC>  SUCCESS 74.0
2024-07-03 19:48:24,083	[INFO]	49      SUCCESS               74.000000 (190.97%) [4 edit(s)]  
2024-07-03 19:48:24,084	[DEBUG]	patch(49)="ParamSetting(('minisat_simplified.params', 'param', 'rnd-init'), 'True') | ParamSetting(('minisat_simplified.params', 'param', 'cl-lim'), 34733) | ParamSetting(('minisat_simplified.params', 'param', 'pre'), 'True') | ParamSetting(('minisat_simplified.params', 'param', 'verb'), '2')"
2024-07-03 19:48:34,515	[DEBUG]	EXEC>  SUCCESS 83.25
2024-07-03 19:48:34,515	[INFO]	50      SUCCESS               83.250000 (214.84%) [4 edit(s)]  
2024-07-03 19:48:34,515	[DEBUG]	patch(50)="ParamSetting(('minisat_simplified.params', 'param', 'rnd-init'), 'True') | ParamSetting(('minisat_simplified.params', 'param', 'cl-lim'), 34733) | ParamSetting(('minisat_simplified.params', 'param', 'pre'), 'True') | ParamSetting(('minisat_simplified.params', 'param', 'rinc'), 1290.4680549874638)"
2024-07-03 19:49:11,065	[DEBUG]	EXEC>  SUCCESS 65.25
2024-07-03 19:49:11,065	[INFO]	51      SUCCESS               65.250000 (168.39%) [4 edit(s)]  
2024-07-03 19:49:11,065	[DEBUG]	patch(51)="ParamSetting(('minisat_simplified.params', 'param', 'rnd-init'), 'True') | ParamSetting(('minisat_simplified.params', 'param', 'cl-lim'), 34733) | ParamSetting(('minisat_simplified.params', 'param', 'pre'), 'True') | ParamSetting(('minisat_simplified.params', 'param', 'var-decay'), 0.9384610550420832)"
2024-07-03 19:49:11,066	[INFO]	52      SUCCESS              +19.250000 (49.68%) [2 edit(s)] [cached] 
2024-07-03 19:49:11,066	[DEBUG]	patch(52)="ParamSetting(('minisat_simplified.params', 'param', 'rnd-init'), 'True') | ParamSetting(('minisat_simplified.params', 'param', 'cl-lim'), 34733)"
2024-07-03 19:49:11,067	[INFO]	53      SUCCESS              +19.250000 (49.68%) [3 edit(s)] [cached] 
2024-07-03 19:49:11,067	[DEBUG]	patch(53)="ParamSetting(('minisat_simplified.params', 'param', 'rnd-init'), 'True') | ParamSetting(('minisat_simplified.params', 'param', 'cl-lim'), 34733) | ParamSetting(('minisat_simplified.params', 'param', 'elim'), 'True')"
2024-07-03 19:49:11,068	[INFO]	54      SUCCESS               23.000000 (59.35%) [2 edit(s)] [cached] 
2024-07-03 19:49:11,068	[DEBUG]	patch(54)="ParamSetting(('minisat_simplified.params', 'param', 'rnd-init'), 'True') | ParamSetting(('minisat_simplified.params', 'param', 'elim'), 'True')"
2024-07-03 19:50:03,129	[DEBUG]	EXEC>  SUCCESS 44.0
2024-07-03 19:50:03,129	[INFO]	55      SUCCESS               44.000000 (113.55%) [4 edit(s)]  
2024-07-03 19:50:03,129	[DEBUG]	patch(55)="ParamSetting(('minisat_simplified.params', 'param', 'rnd-init'), 'True') | ParamSetting(('minisat_simplified.params', 'param', 'cl-lim'), 34733) | ParamSetting(('minisat_simplified.params', 'param', 'elim'), 'True') | ParamSetting(('minisat_simplified.params', 'param', 'gc-frac'), 9124.448120931782)"
2024-07-03 19:50:03,130	[INFO]	56      SUCCESS              +19.250000 (49.68%) [4 edit(s)] [cached] 
2024-07-03 19:50:03,130	[DEBUG]	patch(56)="ParamSetting(('minisat_simplified.params', 'param', 'rnd-init'), 'True') | ParamSetting(('minisat_simplified.params', 'param', 'cl-lim'), 34733) | ParamSetting(('minisat_simplified.params', 'param', 'elim'), 'True') | ParamSetting(('minisat_simplified.params', 'param', 'luby'), 'True')"
2024-07-03 19:50:03,131	[INFO]	57      SUCCESS               41.000000 (105.81%) [3 edit(s)] [cached] 
2024-07-03 19:50:03,131	[DEBUG]	patch(57)="ParamSetting(('minisat_simplified.params', 'param', 'cl-lim'), 34733) | ParamSetting(('minisat_simplified.params', 'param', 'elim'), 'True') | ParamSetting(('minisat_simplified.params', 'param', 'luby'), 'True')"
2024-07-03 19:50:03,132	[INFO]	58      SUCCESS              +19.250000 (49.68%) [3 edit(s)] [cached] 
2024-07-03 19:50:03,132	[DEBUG]	patch(58)="ParamSetting(('minisat_simplified.params', 'param', 'rnd-init'), 'True') | ParamSetting(('minisat_simplified.params', 'param', 'cl-lim'), 34733) | ParamSetting(('minisat_simplified.params', 'param', 'elim'), 'True')"
2024-07-03 19:50:51,331	[DEBUG]	EXEC>  SUCCESS 26.75
2024-07-03 19:50:51,332	[INFO]	59      SUCCESS               26.750000 (69.03%) [4 edit(s)]  
2024-07-03 19:50:51,332	[DEBUG]	patch(59)="ParamSetting(('minisat_simplified.params', 'param', 'rnd-init'), 'True') | ParamSetting(('minisat_simplified.params', 'param', 'cl-lim'), 34733) | ParamSetting(('minisat_simplified.params', 'param', 'elim'), 'True') | ParamSetting(('minisat_simplified.params', 'param', 'pre'), 'False')"
2024-07-03 19:51:26,652	[DEBUG]	EXEC>  TIMEOUT None
2024-07-03 19:51:26,653	[INFO]	60      RUN_TIMEOUT           None (--) [4 edit(s)]  
2024-07-03 19:51:26,653	[DEBUG]	patch(60)="ParamSetting(('minisat_simplified.params', 'param', 'rnd-init'), 'True') | ParamSetting(('minisat_simplified.params', 'param', 'cl-lim'), 34733) | ParamSetting(('minisat_simplified.params', 'param', 'elim'), 'True') | ParamSetting(('minisat_simplified.params', 'param', 'rnd-freq'), 0.8966864036395168)"
2024-07-03 19:51:26,654	[INFO]	61      SUCCESS               23.000000 (59.35%) [2 edit(s)] [cached] 
2024-07-03 19:51:26,654	[DEBUG]	patch(61)="ParamSetting(('minisat_simplified.params', 'param', 'rnd-init'), 'True') | ParamSetting(('minisat_simplified.params', 'param', 'elim'), 'True')"
2024-07-03 19:51:26,655	[INFO]	62      SUCCESS              +19.250000 (49.68%) [4 edit(s)] [cached] 
2024-07-03 19:51:26,655	[DEBUG]	patch(62)="ParamSetting(('minisat_simplified.params', 'param', 'rnd-init'), 'True') | ParamSetting(('minisat_simplified.params', 'param', 'cl-lim'), 34733) | ParamSetting(('minisat_simplified.params', 'param', 'elim'), 'True') | ParamSetting(('minisat_simplified.params', 'param', 'asymm'), 'False')"
2024-07-03 19:51:26,656	[INFO]	63      SUCCESS              +19.250000 (49.68%) [3 edit(s)] [cached] 
2024-07-03 19:51:26,656	[DEBUG]	patch(63)="ParamSetting(('minisat_simplified.params', 'param', 'rnd-init'), 'True') | ParamSetting(('minisat_simplified.params', 'param', 'cl-lim'), 34733) | ParamSetting(('minisat_simplified.params', 'param', 'asymm'), 'False')"
2024-07-03 19:51:26,656	[INFO]	64      SUCCESS               23.000000 (59.35%) [2 edit(s)] [cached] 
2024-07-03 19:51:26,656	[DEBUG]	patch(64)="ParamSetting(('minisat_simplified.params', 'param', 'rnd-init'), 'True') | ParamSetting(('minisat_simplified.params', 'param', 'asymm'), 'False')"
2024-07-03 19:51:57,775	[DEBUG]	EXEC>  TIMEOUT None
2024-07-03 19:51:57,775	[INFO]	65      RUN_TIMEOUT           None (--) [4 edit(s)]  
2024-07-03 19:51:57,775	[DEBUG]	patch(65)="ParamSetting(('minisat_simplified.params', 'param', 'rnd-init'), 'True') | ParamSetting(('minisat_simplified.params', 'param', 'cl-lim'), 34733) | ParamSetting(('minisat_simplified.params', 'param', 'asymm'), 'False') | ParamSetting(('minisat_simplified.params', 'param', 'var-decay'), 0.65252030635164)"
2024-07-03 19:51:57,776	[INFO]	66      SUCCESS              +19.250000 (49.68%) [4 edit(s)] [cached] 
2024-07-03 19:51:57,776	[DEBUG]	patch(66)="ParamSetting(('minisat_simplified.params', 'param', 'rnd-init'), 'True') | ParamSetting(('minisat_simplified.params', 'param', 'cl-lim'), 34733) | ParamSetting(('minisat_simplified.params', 'param', 'asymm'), 'False') | ParamSetting(('minisat_simplified.params', 'param', 'asymm'), 'False')"
2024-07-03 19:51:57,777	[INFO]	67      SUCCESS              +19.250000 (49.68%) [3 edit(s)] [cached] 
2024-07-03 19:51:57,777	[DEBUG]	patch(67)="ParamSetting(('minisat_simplified.params', 'param', 'rnd-init'), 'True') | ParamSetting(('minisat_simplified.params', 'param', 'cl-lim'), 34733) | ParamSetting(('minisat_simplified.params', 'param', 'asymm'), 'False')"
2024-07-03 19:52:50,470	[DEBUG]	EXEC>  SUCCESS 56.0
2024-07-03 19:52:50,470	[INFO]	68      SUCCESS               56.000000 (144.52%) [4 edit(s)]  
2024-07-03 19:52:50,471	[DEBUG]	patch(68)="ParamSetting(('minisat_simplified.params', 'param', 'rnd-init'), 'True') | ParamSetting(('minisat_simplified.params', 'param', 'cl-lim'), 34733) | ParamSetting(('minisat_simplified.params', 'param', 'asymm'), 'False') | ParamSetting(('minisat_simplified.params', 'param', 'sub-lim'), 28284)"
2024-07-03 19:52:50,472	[INFO]	69      SUCCESS              +19.250000 (49.68%) [4 edit(s)] [cached] 
2024-07-03 19:52:50,472	[DEBUG]	patch(69)="ParamSetting(('minisat_simplified.params', 'param', 'rnd-init'), 'True') | ParamSetting(('minisat_simplified.params', 'param', 'cl-lim'), 34733) | ParamSetting(('minisat_simplified.params', 'param', 'asymm'), 'False') | ParamSetting(('minisat_simplified.params', 'param', 'asymm'), 'False')"
2024-07-03 19:52:50,473	[INFO]	70      SUCCESS              +19.250000 (49.68%) [3 edit(s)] [cached] 
2024-07-03 19:52:50,473	[DEBUG]	patch(70)="ParamSetting(('minisat_simplified.params', 'param', 'rnd-init'), 'True') | ParamSetting(('minisat_simplified.params', 'param', 'cl-lim'), 34733) | ParamSetting(('minisat_simplified.params', 'param', 'asymm'), 'False')"
2024-07-03 19:54:20,094	[DEBUG]	EXEC>  SUCCESS 29.5
2024-07-03 19:54:20,095	[INFO]	71      SUCCESS               29.500000 (76.13%) [4 edit(s)]  
2024-07-03 19:54:20,095	[DEBUG]	patch(71)="ParamSetting(('minisat_simplified.params', 'param', 'rnd-init'), 'True') | ParamSetting(('minisat_simplified.params', 'param', 'cl-lim'), 34733) | ParamSetting(('minisat_simplified.params', 'param', 'asymm'), 'False') | ParamSetting(('minisat_simplified.params', 'param', 'var-decay'), 0.7368851214228137)"
2024-07-03 19:54:20,096	[INFO]	~~~~ END ~~~~
2024-07-03 19:54:20,096	[INFO]	
2024-07-03 19:54:20,096	[INFO]	==== REPORT ====
2024-07-03 19:54:20,096	[INFO]	Termination: time budget
2024-07-03 19:54:20,096	[INFO]	Retries: 4
2024-07-03 19:54:20,096	[INFO]	Log file: /home/dbouras/magpie/_magpie_logs/minisat_1720030866.log
2024-07-03 19:54:20,096	[INFO]	Patch file: _magpie_logs/minisat_1720030866.patch
2024-07-03 19:54:20,096	[INFO]	Diff file: _magpie_logs/minisat_1720030866.diff
2024-07-03 19:54:20,096	[INFO]	Reference fitness: 38.750000
2024-07-03 19:54:20,096	[INFO]	Best fitness: 19.250000
2024-07-03 19:54:20,096	[INFO]	
2024-07-03 19:54:20,097	[INFO]	==== BEST PATCH ====
ParamSetting(('minisat_simplified.params', 'param', 'rnd-init'), 'True') | ParamSetting(('minisat_simplified.params', 'param', 'cl-lim'), 34733)
2024-07-03 19:54:20,097	[INFO]	
2024-07-03 19:54:20,097	[INFO]	==== DIFF ====
[1m--- before: minisat_simplified.params[0m
[1m+++ after: minisat_simplified.params[0m
[36m@@ -1,5 +1,5 @@[0m
 luby := 'True'
[31m-rnd-init := 'False'[0m
[32m+rnd-init := 'True'[0m
 gc-frac := 0.2
 rinc := 2.0
 var-decay := 0.95
[36m@@ -16,5 +16,5 @@[0m
 elim := 'True'
 simp-gc-frac := 0.5
 sub-lim := 1000
[31m-cl-lim := 20[0m
[32m+cl-lim := 34733[0m
 grow := 0

