2024-06-06 15:46:21,325	[DEBUG]	==== CONFIG ====
[magpie]
import = 
seed = 6425187234413168
log_dir = _magpie_logs
work_dir = _magpie_work
local_original_copy = True
local_original_name = __original__
output_encoding = ascii
edit_retries = 10
default_timeout = 30
default_lengthout = 10000.0
diff_method = unified
trust_local_filesystem = True

[magpie.log]
color_output = True
format_info = {counter:<7} {status:<20} {best}{fitness} ({ratio}) [{size}] {cached} {log}
format_debug = patch({counter})="{patch}"{diffifbest}
format_fitness = {:.6f}
format_ratio = {:.2%%}
format_patchif = 
	 --> {patch}
format_diffif = 
	{diff}

[software]
path = examples/triangle-cpp
target_files = 
	triangle.cpp.xml
software = BasicSoftware
model_rules = 
	*.params : ParamFileConfigModel
	*.xml : SrcmlModel
	* : LineModel
model_config = 
	*.params : [paramconfig]
	*.xml : [srcml]
init_cmd = bash init_slow.sh
init_timeout = 60
init_lengthout = -1
setup_cmd = bash setup.sh
setup_timeout = 
setup_lengthout = 
compile_cmd = bash compile.sh
compile_timeout = 
compile_lengthout = 
test_cmd = ./build/test_triangle
test_timeout = 
test_lengthout = 
run_cmd = ./run_custom.sh ./build/run_triangle
run_timeout = 100
run_lengthout = 
retries = 1
batch_timeout = 
batch_lengthout = 
batch_bin_fitness_strategy = aggregate
batch_fitness_strategy = sum
fitness = weights

[srcml]
rename = 
	stmt: break continue decl_stmt do expr_stmt for goto if return switch while
	number: literal_number
focus = block stmt operator_comp operator_arith number
internodes = block
process_pseudo_blocks = True
process_literals = True
process_operators = True

[paramconfig]
timing = test run
cli_prefix = --
cli_glue = =
cli_boolean = show
cli_boolean_prefix_true = 
cli_boolean_prefix_false = no-
cli_none = hide
silent_prefix = @
silent_suffix = $

[search]
protocol = BasicProtocol
algorithm = FirstImprovement
possible_edits = 
	SrcmlStmtReplacement
	SrcmlStmtInsertion
	SrcmlStmtDeletion
warmup = 3
warmup_strategy = last
max_steps = 100
max_time = 60
target_fitness = 
cache_maxsize = 100
cache_keep = 0.2
batch_instances = 
batch_shuffle = True
batch_bin_shuffle = False
batch_sample_size = 1

[search.ls]
delete_prob = 0.5
max_neighbours = 
when_trapped = continue
accept_fail = False
tabu_length = 10

[search.gp]
pop_size = 10
delete_prob = 0.5
offspring_elitism = 0.1
offspring_crossover = 0.5
offspring_mutation = 0.4
uniform_rate = 0.5
batch_reset = True

[search.minify]
do_cleanup = True
do_rebuild = True
do_simplify = True
round_robin_limit = 3


2024-06-06 15:46:21,326	[DEBUG]	
2024-06-06 15:46:21,326	[INFO]	==== SEARCH: FirstImprovement ====
2024-06-06 15:46:21,326	[INFO]	~~~~ WARMUP ~~~~
2024-06-06 15:46:23,435	[DEBUG]	EXEC>  SUCCESS 213520.127
2024-06-06 15:46:23,435	[INFO]	WARM    SUCCESS               213520.127000 (--) [0 edit(s)]  
2024-06-06 15:46:25,260	[DEBUG]	EXEC>  SUCCESS 514914.683
2024-06-06 15:46:25,260	[INFO]	WARM    SUCCESS               514914.683000 (--) [0 edit(s)]  
2024-06-06 15:46:27,235	[DEBUG]	EXEC>  SUCCESS 457587.751
2024-06-06 15:46:27,236	[INFO]	WARM    SUCCESS               457587.751000 (--) [0 edit(s)]  
2024-06-06 15:46:27,236	[INFO]	REF     SUCCESS               457587.751000 (--) [0 edit(s)]  
2024-06-06 15:46:27,236	[INFO]	
2024-06-06 15:46:27,236	[INFO]	~~~~ START ~~~~
2024-06-06 15:46:27,697	[INFO]	1       TEST_CODE_ERROR       None (--) [1 edit(s)]  
2024-06-06 15:46:27,697	[DEBUG]	patch(1)="SrcmlStmtDeletion(('triangle.cpp.xml', 'stmt', 13))"
2024-06-06 15:46:28,329	[INFO]	2       TEST_CODE_ERROR       None (--) [1 edit(s)]  
2024-06-06 15:46:28,329	[DEBUG]	patch(2)="SrcmlStmtReplacement(('triangle.cpp.xml', 'stmt', 7), ('triangle.cpp.xml', 'stmt', 19))"
2024-06-06 15:46:28,970	[INFO]	3       TEST_CODE_ERROR       None (--) [1 edit(s)]  
2024-06-06 15:46:28,970	[DEBUG]	patch(3)="SrcmlStmtReplacement(('triangle.cpp.xml', 'stmt', 18), ('triangle.cpp.xml', 'stmt', 8))"
2024-06-06 15:46:29,044	[INFO]	4       COMPILE_CODE_ERROR    None (--) [1 edit(s)]  
2024-06-06 15:46:29,044	[DEBUG]	patch(4)="SrcmlStmtReplacement(('triangle.cpp.xml', 'stmt', 0), ('triangle.cpp.xml', 'stmt', 13))"
2024-06-06 15:46:30,937	[DEBUG]	EXEC>  SUCCESS 209358.997
2024-06-06 15:46:30,937	[INFO]	5       SUCCESS              *209358.997000 (45.75%) [1 edit(s)]  
2024-06-06 15:46:30,937	[DEBUG]	patch(5)="SrcmlStmtInsertion(('triangle.cpp.xml', '_inter_block', 30), ('triangle.cpp.xml', 'stmt', 17))"
--- before: triangle.cpp
+++ after: triangle.cpp
@@ -32,6 +32,7 @@
   if(a + b <= c)/*auto*/{
    
     return INVALID;
+    return INVALID;
   }/*auto*/
   if(a == b && b == c)/*auto*/{
    

2024-06-06 15:46:31,019	[INFO]	6       COMPILE_CODE_ERROR    None (--) [2 edit(s)]  
2024-06-06 15:46:31,020	[DEBUG]	patch(6)="SrcmlStmtInsertion(('triangle.cpp.xml', '_inter_block', 30), ('triangle.cpp.xml', 'stmt', 17)) | SrcmlStmtReplacement(('triangle.cpp.xml', 'stmt', 1), ('triangle.cpp.xml', 'stmt', 12))"
2024-06-06 15:46:31,088	[INFO]	7       COMPILE_CODE_ERROR    None (--) [2 edit(s)]  
2024-06-06 15:46:31,088	[DEBUG]	patch(7)="SrcmlStmtInsertion(('triangle.cpp.xml', '_inter_block', 30), ('triangle.cpp.xml', 'stmt', 17)) | SrcmlStmtInsertion(('triangle.cpp.xml', '_inter_block', 15), ('triangle.cpp.xml', 'stmt', 1))"
2024-06-06 15:46:31,565	[INFO]	8       TEST_CODE_ERROR       None (--) [2 edit(s)]  
2024-06-06 15:46:31,565	[DEBUG]	patch(8)="SrcmlStmtInsertion(('triangle.cpp.xml', '_inter_block', 30), ('triangle.cpp.xml', 'stmt', 17)) | SrcmlStmtReplacement(('triangle.cpp.xml', 'stmt', 11), ('triangle.cpp.xml', 'stmt', 4))"
2024-06-06 15:46:31,566	[INFO]	9       SUCCESS               457587.751000 (100.00%) [0 edit(s)] [cached] 
2024-06-06 15:46:31,566	[DEBUG]	patch(9)=""
2024-06-06 15:46:32,139	[INFO]	10      TEST_CODE_ERROR       None (--) [2 edit(s)]  
2024-06-06 15:46:32,139	[DEBUG]	patch(10)="SrcmlStmtInsertion(('triangle.cpp.xml', '_inter_block', 30), ('triangle.cpp.xml', 'stmt', 17)) | SrcmlStmtReplacement(('triangle.cpp.xml', 'stmt', 11), ('triangle.cpp.xml', 'stmt', 10))"
2024-06-06 15:46:32,581	[INFO]	11      TEST_CODE_ERROR       None (--) [2 edit(s)]  
2024-06-06 15:46:32,581	[DEBUG]	patch(11)="SrcmlStmtInsertion(('triangle.cpp.xml', '_inter_block', 30), ('triangle.cpp.xml', 'stmt', 17)) | SrcmlStmtInsertion(('triangle.cpp.xml', '_inter_block', 23), ('triangle.cpp.xml', 'stmt', 2))"
2024-06-06 15:46:34,498	[DEBUG]	EXEC>  SUCCESS 221541.973
2024-06-06 15:46:34,499	[INFO]	12      SUCCESS               221541.973000 (48.42%) [2 edit(s)]  
2024-06-06 15:46:34,499	[DEBUG]	patch(12)="SrcmlStmtInsertion(('triangle.cpp.xml', '_inter_block', 30), ('triangle.cpp.xml', 'stmt', 17)) | SrcmlStmtInsertion(('triangle.cpp.xml', '_inter_block', 27), ('triangle.cpp.xml', 'stmt', 14))"
2024-06-06 15:46:36,321	[DEBUG]	EXEC>  SUCCESS 83614.067
2024-06-06 15:46:36,322	[INFO]	13      SUCCESS              *83614.067000 (18.27%) [2 edit(s)]  
2024-06-06 15:46:36,322	[DEBUG]	patch(13)="SrcmlStmtInsertion(('triangle.cpp.xml', '_inter_block', 30), ('triangle.cpp.xml', 'stmt', 17)) | SrcmlStmtDeletion(('triangle.cpp.xml', 'stmt', 1))"
--- before: triangle.cpp
+++ after: triangle.cpp
@@ -2,7 +2,7 @@
 
 void delay() {
   const struct timespec ms = {0, (long int) (0.001*1e9)}; //tv_sec=0, tv_nsec (0.001 seconds)
-  nanosleep(&ms,NULL); /*ignores possible errors*/
+   /*ignores possible errors*/
 }
 
 int classify_triangle(double a, double b, double c) {
@@ -32,6 +32,7 @@
   if(a + b <= c)/*auto*/{
    
     return INVALID;
+    return INVALID;
   }/*auto*/
   if(a == b && b == c)/*auto*/{
    

2024-06-06 15:46:36,323	[INFO]	14      SUCCESS               209358.997000 (45.75%) [1 edit(s)] [cached] 
2024-06-06 15:46:36,323	[DEBUG]	patch(14)="SrcmlStmtInsertion(('triangle.cpp.xml', '_inter_block', 30), ('triangle.cpp.xml', 'stmt', 17))"
2024-06-06 15:46:36,831	[INFO]	15      TEST_CODE_ERROR       None (--) [3 edit(s)]  
2024-06-06 15:46:36,831	[DEBUG]	patch(15)="SrcmlStmtInsertion(('triangle.cpp.xml', '_inter_block', 30), ('triangle.cpp.xml', 'stmt', 17)) | SrcmlStmtDeletion(('triangle.cpp.xml', 'stmt', 1)) | SrcmlStmtDeletion(('triangle.cpp.xml', 'stmt', 5))"
2024-06-06 15:46:38,611	[DEBUG]	EXEC>  SUCCESS 161299.589
2024-06-06 15:46:38,611	[INFO]	16      SUCCESS               161299.589000 (35.25%) [3 edit(s)]  
2024-06-06 15:46:38,611	[DEBUG]	patch(16)="SrcmlStmtInsertion(('triangle.cpp.xml', '_inter_block', 30), ('triangle.cpp.xml', 'stmt', 17)) | SrcmlStmtDeletion(('triangle.cpp.xml', 'stmt', 1)) | SrcmlStmtDeletion(('triangle.cpp.xml', 'stmt', 8))"
2024-06-06 15:46:40,366	[DEBUG]	EXEC>  SUCCESS 141767.732
2024-06-06 15:46:40,366	[INFO]	17      SUCCESS               141767.732000 (30.98%) [3 edit(s)]  
2024-06-06 15:46:40,366	[DEBUG]	patch(17)="SrcmlStmtInsertion(('triangle.cpp.xml', '_inter_block', 30), ('triangle.cpp.xml', 'stmt', 17)) | SrcmlStmtDeletion(('triangle.cpp.xml', 'stmt', 1)) | SrcmlStmtInsertion(('triangle.cpp.xml', '_inter_block', 31), ('triangle.cpp.xml', 'stmt', 19))"
2024-06-06 15:46:42,130	[DEBUG]	EXEC>  SUCCESS 55297.265
2024-06-06 15:46:42,130	[INFO]	18      SUCCESS              *55297.265000 (12.08%) [3 edit(s)]  
2024-06-06 15:46:42,130	[DEBUG]	patch(18)="SrcmlStmtInsertion(('triangle.cpp.xml', '_inter_block', 30), ('triangle.cpp.xml', 'stmt', 17)) | SrcmlStmtDeletion(('triangle.cpp.xml', 'stmt', 1)) | SrcmlStmtReplacement(('triangle.cpp.xml', 'stmt', 16), ('triangle.cpp.xml', 'stmt', 16))"
--- before: triangle.cpp
+++ after: triangle.cpp
@@ -2,7 +2,7 @@
 
 void delay() {
   const struct timespec ms = {0, (long int) (0.001*1e9)}; //tv_sec=0, tv_nsec (0.001 seconds)
-  nanosleep(&ms,NULL); /*ignores possible errors*/
+   /*ignores possible errors*/
 }
 
 int classify_triangle(double a, double b, double c) {

2024-06-06 15:46:42,131	[INFO]	19      SUCCESS               83614.067000 (18.27%) [2 edit(s)] [cached] 
2024-06-06 15:46:42,131	[DEBUG]	patch(19)="SrcmlStmtInsertion(('triangle.cpp.xml', '_inter_block', 30), ('triangle.cpp.xml', 'stmt', 17)) | SrcmlStmtDeletion(('triangle.cpp.xml', 'stmt', 1))"
2024-06-06 15:46:42,131	[INFO]	20      SUCCESS              +55297.265000 (12.08%) [2 edit(s)] [cached] 
2024-06-06 15:46:42,131	[DEBUG]	patch(20)="SrcmlStmtDeletion(('triangle.cpp.xml', 'stmt', 1)) | SrcmlStmtReplacement(('triangle.cpp.xml', 'stmt', 16), ('triangle.cpp.xml', 'stmt', 16))"
2024-06-06 15:46:42,132	[INFO]	21      SUCCESS              +55297.265000 (12.08%) [1 edit(s)] [cached] 
2024-06-06 15:46:42,132	[DEBUG]	patch(21)="SrcmlStmtDeletion(('triangle.cpp.xml', 'stmt', 1))"
2024-06-06 15:46:42,132	[INFO]	22      SUCCESS               457587.751000 (100.00%) [0 edit(s)] [cached] 
2024-06-06 15:46:42,132	[DEBUG]	patch(22)=""
2024-06-06 15:46:42,611	[INFO]	23      TEST_CODE_ERROR       None (--) [2 edit(s)]  
2024-06-06 15:46:42,611	[DEBUG]	patch(23)="SrcmlStmtDeletion(('triangle.cpp.xml', 'stmt', 1)) | SrcmlStmtInsertion(('triangle.cpp.xml', '_inter_block', 30), ('triangle.cpp.xml', 'stmt', 20))"
2024-06-06 15:46:43,088	[INFO]	24      TEST_CODE_ERROR       None (--) [2 edit(s)]  
2024-06-06 15:46:43,088	[DEBUG]	patch(24)="SrcmlStmtDeletion(('triangle.cpp.xml', 'stmt', 1)) | SrcmlStmtReplacement(('triangle.cpp.xml', 'stmt', 12), ('triangle.cpp.xml', 'stmt', 10))"
2024-06-06 15:46:43,552	[INFO]	25      TEST_CODE_ERROR       None (--) [2 edit(s)]  
2024-06-06 15:46:43,552	[DEBUG]	patch(25)="SrcmlStmtDeletion(('triangle.cpp.xml', 'stmt', 1)) | SrcmlStmtInsertion(('triangle.cpp.xml', '_inter_block', 21), ('triangle.cpp.xml', 'stmt', 17))"
2024-06-06 15:46:44,072	[INFO]	26      TEST_CODE_ERROR       None (--) [2 edit(s)]  
2024-06-06 15:46:44,072	[DEBUG]	patch(26)="SrcmlStmtDeletion(('triangle.cpp.xml', 'stmt', 1)) | SrcmlStmtDeletion(('triangle.cpp.xml', 'stmt', 9))"
2024-06-06 15:46:44,570	[INFO]	27      TEST_CODE_ERROR       None (--) [2 edit(s)]  
2024-06-06 15:46:44,570	[DEBUG]	patch(27)="SrcmlStmtDeletion(('triangle.cpp.xml', 'stmt', 1)) | SrcmlStmtReplacement(('triangle.cpp.xml', 'stmt', 14), ('triangle.cpp.xml', 'stmt', 5))"
2024-06-06 15:46:44,984	[INFO]	28      TEST_CODE_ERROR       None (--) [2 edit(s)]  
2024-06-06 15:46:44,984	[DEBUG]	patch(28)="SrcmlStmtDeletion(('triangle.cpp.xml', 'stmt', 1)) | SrcmlStmtDeletion(('triangle.cpp.xml', 'stmt', 6))"
2024-06-06 15:46:46,645	[DEBUG]	EXEC>  SUCCESS 99174.566
2024-06-06 15:46:46,645	[INFO]	29      SUCCESS               99174.566000 (21.67%) [2 edit(s)]  
2024-06-06 15:46:46,645	[DEBUG]	patch(29)="SrcmlStmtDeletion(('triangle.cpp.xml', 'stmt', 1)) | SrcmlStmtReplacement(('triangle.cpp.xml', 'stmt', 3), ('triangle.cpp.xml', 'stmt', 13))"
2024-06-06 15:46:47,111	[INFO]	30      TEST_CODE_ERROR       None (--) [2 edit(s)]  
2024-06-06 15:46:47,112	[DEBUG]	patch(30)="SrcmlStmtDeletion(('triangle.cpp.xml', 'stmt', 1)) | SrcmlStmtDeletion(('triangle.cpp.xml', 'stmt', 15))"
2024-06-06 15:46:47,181	[INFO]	31      COMPILE_CODE_ERROR    None (--) [2 edit(s)]  
2024-06-06 15:46:47,181	[DEBUG]	patch(31)="SrcmlStmtDeletion(('triangle.cpp.xml', 'stmt', 1)) | SrcmlStmtReplacement(('triangle.cpp.xml', 'stmt', 0), ('triangle.cpp.xml', 'stmt', 15))"
2024-06-06 15:46:49,058	[DEBUG]	EXEC>  SUCCESS 107334.993
2024-06-06 15:46:49,058	[INFO]	32      SUCCESS               107334.993000 (23.46%) [2 edit(s)]  
2024-06-06 15:46:49,058	[DEBUG]	patch(32)="SrcmlStmtDeletion(('triangle.cpp.xml', 'stmt', 1)) | SrcmlStmtInsertion(('triangle.cpp.xml', '_inter_block', 34), ('triangle.cpp.xml', 'stmt', 13))"
2024-06-06 15:46:51,002	[DEBUG]	EXEC>  SUCCESS 256169.168
2024-06-06 15:46:51,002	[INFO]	33      SUCCESS               256169.168000 (55.98%) [2 edit(s)]  
2024-06-06 15:46:51,002	[DEBUG]	patch(33)="SrcmlStmtDeletion(('triangle.cpp.xml', 'stmt', 1)) | SrcmlStmtInsertion(('triangle.cpp.xml', '_inter_block', 23), ('triangle.cpp.xml', 'stmt', 5))"
2024-06-06 15:46:52,867	[DEBUG]	EXEC>  SUCCESS 104677.032
2024-06-06 15:46:52,867	[INFO]	34      SUCCESS               104677.032000 (22.88%) [2 edit(s)]  
2024-06-06 15:46:52,867	[DEBUG]	patch(34)="SrcmlStmtDeletion(('triangle.cpp.xml', 'stmt', 1)) | SrcmlStmtDeletion(('triangle.cpp.xml', 'stmt', 3))"
2024-06-06 15:46:52,936	[INFO]	35      COMPILE_CODE_ERROR    None (--) [2 edit(s)]  
2024-06-06 15:46:52,936	[DEBUG]	patch(35)="SrcmlStmtDeletion(('triangle.cpp.xml', 'stmt', 1)) | SrcmlStmtInsertion(('triangle.cpp.xml', '_inter_block', 3), ('triangle.cpp.xml', 'stmt', 22))"
2024-06-06 15:46:53,409	[INFO]	36      TEST_CODE_ERROR       None (--) [2 edit(s)]  
2024-06-06 15:46:53,410	[DEBUG]	patch(36)="SrcmlStmtDeletion(('triangle.cpp.xml', 'stmt', 1)) | SrcmlStmtReplacement(('triangle.cpp.xml', 'stmt', 13), ('triangle.cpp.xml', 'stmt', 0))"
2024-06-06 15:46:54,034	[INFO]	37      TEST_CODE_ERROR       None (--) [2 edit(s)]  
2024-06-06 15:46:54,034	[DEBUG]	patch(37)="SrcmlStmtDeletion(('triangle.cpp.xml', 'stmt', 1)) | SrcmlStmtReplacement(('triangle.cpp.xml', 'stmt', 11), ('triangle.cpp.xml', 'stmt', 0))"
2024-06-06 15:46:54,497	[INFO]	38      TEST_CODE_ERROR       None (--) [2 edit(s)]  
2024-06-06 15:46:54,497	[DEBUG]	patch(38)="SrcmlStmtDeletion(('triangle.cpp.xml', 'stmt', 1)) | SrcmlStmtReplacement(('triangle.cpp.xml', 'stmt', 12), ('triangle.cpp.xml', 'stmt', 17))"
2024-06-06 15:46:55,051	[INFO]	39      TEST_CODE_ERROR       None (--) [2 edit(s)]  
2024-06-06 15:46:55,052	[DEBUG]	patch(39)="SrcmlStmtDeletion(('triangle.cpp.xml', 'stmt', 1)) | SrcmlStmtDeletion(('triangle.cpp.xml', 'stmt', 5))"
2024-06-06 15:46:55,623	[INFO]	40      TEST_CODE_ERROR       None (--) [2 edit(s)]  
2024-06-06 15:46:55,623	[DEBUG]	patch(40)="SrcmlStmtDeletion(('triangle.cpp.xml', 'stmt', 1)) | SrcmlStmtDeletion(('triangle.cpp.xml', 'stmt', 13))"
2024-06-06 15:46:56,100	[INFO]	41      TEST_CODE_ERROR       None (--) [2 edit(s)]  
2024-06-06 15:46:56,101	[DEBUG]	patch(41)="SrcmlStmtDeletion(('triangle.cpp.xml', 'stmt', 1)) | SrcmlStmtReplacement(('triangle.cpp.xml', 'stmt', 11), ('triangle.cpp.xml', 'stmt', 8))"
2024-06-06 15:46:56,175	[INFO]	42      COMPILE_CODE_ERROR    None (--) [2 edit(s)]  
2024-06-06 15:46:56,175	[DEBUG]	patch(42)="SrcmlStmtDeletion(('triangle.cpp.xml', 'stmt', 1)) | SrcmlStmtDeletion(('triangle.cpp.xml', 'stmt', 2))"
2024-06-06 15:46:56,596	[INFO]	43      TEST_CODE_ERROR       None (--) [2 edit(s)]  
2024-06-06 15:46:56,596	[DEBUG]	patch(43)="SrcmlStmtDeletion(('triangle.cpp.xml', 'stmt', 1)) | SrcmlStmtReplacement(('triangle.cpp.xml', 'stmt', 11), ('triangle.cpp.xml', 'stmt', 5))"
2024-06-06 15:46:58,530	[DEBUG]	EXEC>  SUCCESS 139242.538
2024-06-06 15:46:58,531	[INFO]	44      SUCCESS               139242.538000 (30.43%) [2 edit(s)]  
2024-06-06 15:46:58,531	[DEBUG]	patch(44)="SrcmlStmtDeletion(('triangle.cpp.xml', 'stmt', 1)) | SrcmlStmtInsertion(('triangle.cpp.xml', '_inter_block', 26), ('triangle.cpp.xml', 'stmt', 13))"
2024-06-06 15:46:58,946	[INFO]	45      TEST_CODE_ERROR       None (--) [2 edit(s)]  
2024-06-06 15:46:58,947	[DEBUG]	patch(45)="SrcmlStmtDeletion(('triangle.cpp.xml', 'stmt', 1)) | SrcmlStmtReplacement(('triangle.cpp.xml', 'stmt', 16), ('triangle.cpp.xml', 'stmt', 3))"
2024-06-06 15:46:59,409	[INFO]	46      TEST_CODE_ERROR       None (--) [2 edit(s)]  
2024-06-06 15:46:59,409	[DEBUG]	patch(46)="SrcmlStmtDeletion(('triangle.cpp.xml', 'stmt', 1)) | SrcmlStmtReplacement(('triangle.cpp.xml', 'stmt', 21), ('triangle.cpp.xml', 'stmt', 8))"
2024-06-06 15:46:59,925	[INFO]	47      TEST_CODE_ERROR       None (--) [2 edit(s)]  
2024-06-06 15:46:59,925	[DEBUG]	patch(47)="SrcmlStmtDeletion(('triangle.cpp.xml', 'stmt', 1)) | SrcmlStmtInsertion(('triangle.cpp.xml', '_inter_block', 32), ('triangle.cpp.xml', 'stmt', 17))"
2024-06-06 15:47:01,844	[DEBUG]	EXEC>  SUCCESS 109206.288
2024-06-06 15:47:01,845	[INFO]	48      SUCCESS               109206.288000 (23.87%) [2 edit(s)]  
2024-06-06 15:47:01,845	[DEBUG]	patch(48)="SrcmlStmtDeletion(('triangle.cpp.xml', 'stmt', 1)) | SrcmlStmtDeletion(('triangle.cpp.xml', 'stmt', 0))"
2024-06-06 15:47:02,435	[INFO]	49      TEST_CODE_ERROR       None (--) [2 edit(s)]  
2024-06-06 15:47:02,435	[DEBUG]	patch(49)="SrcmlStmtDeletion(('triangle.cpp.xml', 'stmt', 1)) | SrcmlStmtReplacement(('triangle.cpp.xml', 'stmt', 22), ('triangle.cpp.xml', 'stmt', 4))"
2024-06-06 15:47:02,501	[INFO]	50      COMPILE_CODE_ERROR    None (--) [2 edit(s)]  
2024-06-06 15:47:02,501	[DEBUG]	patch(50)="SrcmlStmtDeletion(('triangle.cpp.xml', 'stmt', 1)) | SrcmlStmtReplacement(('triangle.cpp.xml', 'stmt', 5), ('triangle.cpp.xml', 'stmt', 1))"
2024-06-06 15:47:03,019	[INFO]	51      TEST_CODE_ERROR       None (--) [2 edit(s)]  
2024-06-06 15:47:03,020	[DEBUG]	patch(51)="SrcmlStmtDeletion(('triangle.cpp.xml', 'stmt', 1)) | SrcmlStmtReplacement(('triangle.cpp.xml', 'stmt', 20), ('triangle.cpp.xml', 'stmt', 13))"
2024-06-06 15:47:03,429	[INFO]	52      TEST_CODE_ERROR       None (--) [2 edit(s)]  
2024-06-06 15:47:03,429	[DEBUG]	patch(52)="SrcmlStmtDeletion(('triangle.cpp.xml', 'stmt', 1)) | SrcmlStmtInsertion(('triangle.cpp.xml', '_inter_block', 19), ('triangle.cpp.xml', 'stmt', 4))"
2024-06-06 15:47:03,829	[INFO]	53      TEST_CODE_ERROR       None (--) [2 edit(s)]  
2024-06-06 15:47:03,829	[DEBUG]	patch(53)="SrcmlStmtDeletion(('triangle.cpp.xml', 'stmt', 1)) | SrcmlStmtDeletion(('triangle.cpp.xml', 'stmt', 18))"
2024-06-06 15:47:04,264	[INFO]	54      TEST_CODE_ERROR       None (--) [2 edit(s)]  
2024-06-06 15:47:04,264	[DEBUG]	patch(54)="SrcmlStmtDeletion(('triangle.cpp.xml', 'stmt', 1)) | SrcmlStmtDeletion(('triangle.cpp.xml', 'stmt', 10))"
2024-06-06 15:47:04,699	[INFO]	55      TEST_CODE_ERROR       None (--) [2 edit(s)]  
2024-06-06 15:47:04,699	[DEBUG]	patch(55)="SrcmlStmtDeletion(('triangle.cpp.xml', 'stmt', 1)) | SrcmlStmtReplacement(('triangle.cpp.xml', 'stmt', 13), ('triangle.cpp.xml', 'stmt', 15))"
2024-06-06 15:47:05,171	[INFO]	56      TEST_CODE_ERROR       None (--) [2 edit(s)]  
2024-06-06 15:47:05,172	[DEBUG]	patch(56)="SrcmlStmtDeletion(('triangle.cpp.xml', 'stmt', 1)) | SrcmlStmtReplacement(('triangle.cpp.xml', 'stmt', 11), ('triangle.cpp.xml', 'stmt', 17))"
2024-06-06 15:47:05,620	[INFO]	57      TEST_CODE_ERROR       None (--) [2 edit(s)]  
2024-06-06 15:47:05,620	[DEBUG]	patch(57)="SrcmlStmtDeletion(('triangle.cpp.xml', 'stmt', 1)) | SrcmlStmtDeletion(('triangle.cpp.xml', 'stmt', 19))"
2024-06-06 15:47:06,144	[INFO]	58      TEST_CODE_ERROR       None (--) [2 edit(s)]  
2024-06-06 15:47:06,144	[DEBUG]	patch(58)="SrcmlStmtDeletion(('triangle.cpp.xml', 'stmt', 1)) | SrcmlStmtDeletion(('triangle.cpp.xml', 'stmt', 21))"
2024-06-06 15:47:06,213	[INFO]	59      COMPILE_CODE_ERROR    None (--) [2 edit(s)]  
2024-06-06 15:47:06,213	[DEBUG]	patch(59)="SrcmlStmtDeletion(('triangle.cpp.xml', 'stmt', 1)) | SrcmlStmtInsertion(('triangle.cpp.xml', '_inter_block', 5), ('triangle.cpp.xml', 'stmt', 6))"
2024-06-06 15:47:06,279	[INFO]	60      COMPILE_CODE_ERROR    None (--) [2 edit(s)]  
2024-06-06 15:47:06,279	[DEBUG]	patch(60)="SrcmlStmtDeletion(('triangle.cpp.xml', 'stmt', 1)) | SrcmlStmtInsertion(('triangle.cpp.xml', '_inter_block', 8), ('triangle.cpp.xml', 'stmt', 8))"
2024-06-06 15:47:06,700	[INFO]	61      TEST_CODE_ERROR       None (--) [2 edit(s)]  
2024-06-06 15:47:06,701	[DEBUG]	patch(61)="SrcmlStmtDeletion(('triangle.cpp.xml', 'stmt', 1)) | SrcmlStmtDeletion(('triangle.cpp.xml', 'stmt', 16))"
2024-06-06 15:47:07,160	[INFO]	62      TEST_CODE_ERROR       None (--) [2 edit(s)]  
2024-06-06 15:47:07,160	[DEBUG]	patch(62)="SrcmlStmtDeletion(('triangle.cpp.xml', 'stmt', 1)) | SrcmlStmtDeletion(('triangle.cpp.xml', 'stmt', 12))"
2024-06-06 15:47:07,638	[INFO]	63      TEST_CODE_ERROR       None (--) [2 edit(s)]  
2024-06-06 15:47:07,638	[DEBUG]	patch(63)="SrcmlStmtDeletion(('triangle.cpp.xml', 'stmt', 1)) | SrcmlStmtInsertion(('triangle.cpp.xml', '_inter_block', 8), ('triangle.cpp.xml', 'stmt', 17))"
2024-06-06 15:47:08,068	[INFO]	64      TEST_CODE_ERROR       None (--) [2 edit(s)]  
2024-06-06 15:47:08,068	[DEBUG]	patch(64)="SrcmlStmtDeletion(('triangle.cpp.xml', 'stmt', 1)) | SrcmlStmtReplacement(('triangle.cpp.xml', 'stmt', 10), ('triangle.cpp.xml', 'stmt', 0))"
2024-06-06 15:47:08,068	[INFO]	65      TEST_CODE_ERROR       None (--) [2 edit(s)] [cached] 
2024-06-06 15:47:08,068	[DEBUG]	patch(65)="SrcmlStmtDeletion(('triangle.cpp.xml', 'stmt', 1)) | SrcmlStmtDeletion(('triangle.cpp.xml', 'stmt', 9))"
2024-06-06 15:47:08,069	[INFO]	66      SUCCESS              +55297.265000 (12.08%) [2 edit(s)] [cached] 
2024-06-06 15:47:08,069	[DEBUG]	patch(66)="SrcmlStmtDeletion(('triangle.cpp.xml', 'stmt', 1)) | SrcmlStmtReplacement(('triangle.cpp.xml', 'stmt', 21), ('triangle.cpp.xml', 'stmt', 21))"
2024-06-06 15:47:08,069	[INFO]	67      SUCCESS               457587.751000 (100.00%) [1 edit(s)] [cached] 
2024-06-06 15:47:08,069	[DEBUG]	patch(67)="SrcmlStmtReplacement(('triangle.cpp.xml', 'stmt', 21), ('triangle.cpp.xml', 'stmt', 21))"
2024-06-06 15:47:08,135	[INFO]	68      COMPILE_CODE_ERROR    None (--) [3 edit(s)]  
2024-06-06 15:47:08,135	[DEBUG]	patch(68)="SrcmlStmtDeletion(('triangle.cpp.xml', 'stmt', 1)) | SrcmlStmtReplacement(('triangle.cpp.xml', 'stmt', 21), ('triangle.cpp.xml', 'stmt', 21)) | SrcmlStmtInsertion(('triangle.cpp.xml', '_inter_block', 4), ('triangle.cpp.xml', 'stmt', 10))"
2024-06-06 15:47:08,136	[INFO]	69      SUCCESS              +55297.265000 (12.08%) [1 edit(s)] [cached] 
2024-06-06 15:47:08,136	[DEBUG]	patch(69)="SrcmlStmtDeletion(('triangle.cpp.xml', 'stmt', 1))"
2024-06-06 15:47:08,136	[INFO]	70      SUCCESS               457587.751000 (100.00%) [0 edit(s)] [cached] 
2024-06-06 15:47:08,136	[DEBUG]	patch(70)=""
2024-06-06 15:47:08,569	[INFO]	71      TEST_CODE_ERROR       None (--) [2 edit(s)]  
2024-06-06 15:47:08,569	[DEBUG]	patch(71)="SrcmlStmtDeletion(('triangle.cpp.xml', 'stmt', 1)) | SrcmlStmtInsertion(('triangle.cpp.xml', '_inter_block', 15), ('triangle.cpp.xml', 'stmt', 10))"
2024-06-06 15:47:10,517	[DEBUG]	EXEC>  SUCCESS 144423.39
2024-06-06 15:47:10,517	[INFO]	72      SUCCESS               144423.390000 (31.56%) [2 edit(s)]  
2024-06-06 15:47:10,517	[DEBUG]	patch(72)="SrcmlStmtDeletion(('triangle.cpp.xml', 'stmt', 1)) | SrcmlStmtInsertion(('triangle.cpp.xml', '_inter_block', 31), ('triangle.cpp.xml', 'stmt', 0))"
2024-06-06 15:47:10,602	[INFO]	73      COMPILE_CODE_ERROR    None (--) [2 edit(s)]  
2024-06-06 15:47:10,602	[DEBUG]	patch(73)="SrcmlStmtDeletion(('triangle.cpp.xml', 'stmt', 1)) | SrcmlStmtInsertion(('triangle.cpp.xml', '_inter_block', 16), ('triangle.cpp.xml', 'stmt', 1))"
2024-06-06 15:47:11,020	[INFO]	74      TEST_CODE_ERROR       None (--) [2 edit(s)]  
2024-06-06 15:47:11,020	[DEBUG]	patch(74)="SrcmlStmtDeletion(('triangle.cpp.xml', 'stmt', 1)) | SrcmlStmtReplacement(('triangle.cpp.xml', 'stmt', 5), ('triangle.cpp.xml', 'stmt', 21))"
2024-06-06 15:47:11,437	[INFO]	75      TEST_CODE_ERROR       None (--) [2 edit(s)]  
2024-06-06 15:47:11,437	[DEBUG]	patch(75)="SrcmlStmtDeletion(('triangle.cpp.xml', 'stmt', 1)) | SrcmlStmtDeletion(('triangle.cpp.xml', 'stmt', 11))"
2024-06-06 15:47:11,496	[INFO]	76      COMPILE_CODE_ERROR    None (--) [2 edit(s)]  
2024-06-06 15:47:11,496	[DEBUG]	patch(76)="SrcmlStmtDeletion(('triangle.cpp.xml', 'stmt', 1)) | SrcmlStmtInsertion(('triangle.cpp.xml', '_inter_block', 2), ('triangle.cpp.xml', 'stmt', 22))"
2024-06-06 15:47:11,908	[INFO]	77      TEST_CODE_ERROR       None (--) [2 edit(s)]  
2024-06-06 15:47:11,908	[DEBUG]	patch(77)="SrcmlStmtDeletion(('triangle.cpp.xml', 'stmt', 1)) | SrcmlStmtReplacement(('triangle.cpp.xml', 'stmt', 20), ('triangle.cpp.xml', 'stmt', 22))"
2024-06-06 15:47:11,909	[INFO]	78      TEST_CODE_ERROR       None (--) [2 edit(s)] [cached] 
2024-06-06 15:47:11,909	[DEBUG]	patch(78)="SrcmlStmtDeletion(('triangle.cpp.xml', 'stmt', 1)) | SrcmlStmtDeletion(('triangle.cpp.xml', 'stmt', 16))"
2024-06-06 15:47:11,909	[INFO]	79      TEST_CODE_ERROR       None (--) [2 edit(s)] [cached] 
2024-06-06 15:47:11,909	[DEBUG]	patch(79)="SrcmlStmtDeletion(('triangle.cpp.xml', 'stmt', 1)) | SrcmlStmtDeletion(('triangle.cpp.xml', 'stmt', 5))"
2024-06-06 15:47:12,336	[INFO]	80      TEST_CODE_ERROR       None (--) [2 edit(s)]  
2024-06-06 15:47:12,336	[DEBUG]	patch(80)="SrcmlStmtDeletion(('triangle.cpp.xml', 'stmt', 1)) | SrcmlStmtReplacement(('triangle.cpp.xml', 'stmt', 21), ('triangle.cpp.xml', 'stmt', 2))"
2024-06-06 15:47:12,336	[INFO]	81      SUCCESS               104677.032000 (22.88%) [2 edit(s)] [cached] 
2024-06-06 15:47:12,336	[DEBUG]	patch(81)="SrcmlStmtDeletion(('triangle.cpp.xml', 'stmt', 1)) | SrcmlStmtDeletion(('triangle.cpp.xml', 'stmt', 3))"
2024-06-06 15:47:12,823	[INFO]	82      TEST_CODE_ERROR       None (--) [2 edit(s)]  
2024-06-06 15:47:12,823	[DEBUG]	patch(82)="SrcmlStmtDeletion(('triangle.cpp.xml', 'stmt', 1)) | SrcmlStmtDeletion(('triangle.cpp.xml', 'stmt', 14))"
2024-06-06 15:47:14,755	[DEBUG]	EXEC>  SUCCESS 142395.898
2024-06-06 15:47:14,755	[INFO]	83      SUCCESS               142395.898000 (31.12%) [2 edit(s)]  
2024-06-06 15:47:14,756	[DEBUG]	patch(83)="SrcmlStmtDeletion(('triangle.cpp.xml', 'stmt', 1)) | SrcmlStmtDeletion(('triangle.cpp.xml', 'stmt', 8))"
2024-06-06 15:47:15,217	[INFO]	84      TEST_CODE_ERROR       None (--) [2 edit(s)]  
2024-06-06 15:47:15,217	[DEBUG]	patch(84)="SrcmlStmtDeletion(('triangle.cpp.xml', 'stmt', 1)) | SrcmlStmtInsertion(('triangle.cpp.xml', '_inter_block', 20), ('triangle.cpp.xml', 'stmt', 11))"
2024-06-06 15:47:15,217	[INFO]	85      TEST_CODE_ERROR       None (--) [2 edit(s)] [cached] 
2024-06-06 15:47:15,217	[DEBUG]	patch(85)="SrcmlStmtDeletion(('triangle.cpp.xml', 'stmt', 1)) | SrcmlStmtDeletion(('triangle.cpp.xml', 'stmt', 18))"
2024-06-06 15:47:15,649	[INFO]	86      TEST_CODE_ERROR       None (--) [2 edit(s)]  
2024-06-06 15:47:15,649	[DEBUG]	patch(86)="SrcmlStmtDeletion(('triangle.cpp.xml', 'stmt', 1)) | SrcmlStmtReplacement(('triangle.cpp.xml', 'stmt', 13), ('triangle.cpp.xml', 'stmt', 22))"
2024-06-06 15:47:16,130	[INFO]	87      TEST_CODE_ERROR       None (--) [2 edit(s)]  
2024-06-06 15:47:16,131	[DEBUG]	patch(87)="SrcmlStmtDeletion(('triangle.cpp.xml', 'stmt', 1)) | SrcmlStmtInsertion(('triangle.cpp.xml', '_inter_block', 19), ('triangle.cpp.xml', 'stmt', 15))"
2024-06-06 15:47:18,031	[DEBUG]	EXEC>  SUCCESS 195596.275
2024-06-06 15:47:18,031	[INFO]	88      SUCCESS               195596.275000 (42.75%) [2 edit(s)]  
2024-06-06 15:47:18,031	[DEBUG]	patch(88)="SrcmlStmtDeletion(('triangle.cpp.xml', 'stmt', 1)) | SrcmlStmtReplacement(('triangle.cpp.xml', 'stmt', 0), ('triangle.cpp.xml', 'stmt', 2))"
2024-06-06 15:47:19,707	[DEBUG]	EXEC>  SUCCESS 167958.388
2024-06-06 15:47:19,708	[INFO]	89      SUCCESS               167958.388000 (36.71%) [2 edit(s)]  
2024-06-06 15:47:19,708	[DEBUG]	patch(89)="SrcmlStmtDeletion(('triangle.cpp.xml', 'stmt', 1)) | SrcmlStmtInsertion(('triangle.cpp.xml', '_inter_block', 26), ('triangle.cpp.xml', 'stmt', 16))"
2024-06-06 15:47:21,557	[DEBUG]	EXEC>  SUCCESS 242848.779
2024-06-06 15:47:21,557	[INFO]	90      SUCCESS               242848.779000 (53.07%) [2 edit(s)]  
2024-06-06 15:47:21,557	[DEBUG]	patch(90)="SrcmlStmtDeletion(('triangle.cpp.xml', 'stmt', 1)) | SrcmlStmtInsertion(('triangle.cpp.xml', '_inter_block', 19), ('triangle.cpp.xml', 'stmt', 6))"
2024-06-06 15:47:22,039	[INFO]	91      TEST_CODE_ERROR       None (--) [2 edit(s)]  
2024-06-06 15:47:22,040	[DEBUG]	patch(91)="SrcmlStmtDeletion(('triangle.cpp.xml', 'stmt', 1)) | SrcmlStmtInsertion(('triangle.cpp.xml', '_inter_block', 18), ('triangle.cpp.xml', 'stmt', 10))"
2024-06-06 15:47:22,041	[INFO]	92      TEST_CODE_ERROR       None (--) [2 edit(s)] [cached] 
2024-06-06 15:47:22,041	[DEBUG]	patch(92)="SrcmlStmtDeletion(('triangle.cpp.xml', 'stmt', 1)) | SrcmlStmtDeletion(('triangle.cpp.xml', 'stmt', 16))"
2024-06-06 15:47:22,041	[INFO]	93      TEST_CODE_ERROR       None (--) [2 edit(s)] [cached] 
2024-06-06 15:47:22,041	[DEBUG]	patch(93)="SrcmlStmtDeletion(('triangle.cpp.xml', 'stmt', 1)) | SrcmlStmtDeletion(('triangle.cpp.xml', 'stmt', 18))"
2024-06-06 15:47:22,042	[INFO]	94      TEST_CODE_ERROR       None (--) [2 edit(s)] [cached] 
2024-06-06 15:47:22,042	[DEBUG]	patch(94)="SrcmlStmtDeletion(('triangle.cpp.xml', 'stmt', 1)) | SrcmlStmtDeletion(('triangle.cpp.xml', 'stmt', 10))"
2024-06-06 15:47:22,043	[INFO]	95      TEST_CODE_ERROR       None (--) [2 edit(s)] [cached] 
2024-06-06 15:47:22,043	[DEBUG]	patch(95)="SrcmlStmtDeletion(('triangle.cpp.xml', 'stmt', 1)) | SrcmlStmtDeletion(('triangle.cpp.xml', 'stmt', 9))"
2024-06-06 15:47:22,650	[INFO]	96      TEST_CODE_ERROR       None (--) [2 edit(s)]  
2024-06-06 15:47:22,650	[DEBUG]	patch(96)="SrcmlStmtDeletion(('triangle.cpp.xml', 'stmt', 1)) | SrcmlStmtDeletion(('triangle.cpp.xml', 'stmt', 22))"
2024-06-06 15:47:24,706	[DEBUG]	EXEC>  SUCCESS 244580.646
2024-06-06 15:47:24,707	[INFO]	97      SUCCESS               244580.646000 (53.45%) [2 edit(s)]  
2024-06-06 15:47:24,707	[DEBUG]	patch(97)="SrcmlStmtDeletion(('triangle.cpp.xml', 'stmt', 1)) | SrcmlStmtInsertion(('triangle.cpp.xml', '_inter_block', 17), ('triangle.cpp.xml', 'stmt', 0))"
2024-06-06 15:47:26,676	[DEBUG]	EXEC>  SUCCESS 292329.685
2024-06-06 15:47:26,676	[INFO]	98      SUCCESS               292329.685000 (63.88%) [2 edit(s)]  
2024-06-06 15:47:26,676	[DEBUG]	patch(98)="SrcmlStmtDeletion(('triangle.cpp.xml', 'stmt', 1)) | SrcmlStmtInsertion(('triangle.cpp.xml', '_inter_block', 26), ('triangle.cpp.xml', 'stmt', 5))"
2024-06-06 15:47:26,677	[INFO]	99      TEST_CODE_ERROR       None (--) [2 edit(s)] [cached] 
2024-06-06 15:47:26,677	[DEBUG]	patch(99)="SrcmlStmtDeletion(('triangle.cpp.xml', 'stmt', 1)) | SrcmlStmtReplacement(('triangle.cpp.xml', 'stmt', 13), ('triangle.cpp.xml', 'stmt', 22))"
2024-06-06 15:47:26,774	[INFO]	100     COMPILE_CODE_ERROR    None (--) [2 edit(s)]  
2024-06-06 15:47:26,774	[DEBUG]	patch(100)="SrcmlStmtDeletion(('triangle.cpp.xml', 'stmt', 1)) | SrcmlStmtReplacement(('triangle.cpp.xml', 'stmt', 20), ('triangle.cpp.xml', 'stmt', 2))"
2024-06-06 15:47:26,775	[INFO]	~~~~ END ~~~~
2024-06-06 15:47:26,775	[INFO]	
2024-06-06 15:47:26,775	[INFO]	==== REPORT ====
2024-06-06 15:47:26,775	[INFO]	Termination: step budget
2024-06-06 15:47:26,775	[INFO]	Retries: 1
2024-06-06 15:47:26,775	[INFO]	Log file: /home/jim/magpie/_magpie_logs/triangle-cpp_1717685181.log
2024-06-06 15:47:26,775	[INFO]	Patch file: _magpie_logs/triangle-cpp_1717685181.patch
2024-06-06 15:47:26,775	[INFO]	Diff file: _magpie_logs/triangle-cpp_1717685181.diff
2024-06-06 15:47:26,775	[INFO]	Reference fitness: 457587.751000
2024-06-06 15:47:26,775	[INFO]	Best fitness: 55297.265000
2024-06-06 15:47:26,775	[INFO]	
2024-06-06 15:47:26,776	[INFO]	==== BEST PATCH ====
SrcmlStmtInsertion(('triangle.cpp.xml', '_inter_block', 30), ('triangle.cpp.xml', 'stmt', 17)) | SrcmlStmtDeletion(('triangle.cpp.xml', 'stmt', 1)) | SrcmlStmtReplacement(('triangle.cpp.xml', 'stmt', 16), ('triangle.cpp.xml', 'stmt', 16))
2024-06-06 15:47:26,776	[INFO]	
2024-06-06 15:47:26,776	[INFO]	==== DIFF ====
[1m--- before: triangle.cpp[0m
[1m+++ after: triangle.cpp[0m
[36m@@ -2,7 +2,7 @@[0m
 
 void delay() {
   const struct timespec ms = {0, (long int) (0.001*1e9)}; //tv_sec=0, tv_nsec (0.001 seconds)
[31m-  nanosleep(&ms,NULL); /*ignores possible errors*/[0m
[32m+   /*ignores possible errors*/[0m
 }
 
 int classify_triangle(double a, double b, double c) {

