2024-07-25 11:56:01,952	[DEBUG]	==== CONFIG ====
[magpie]
import = 
seed = 45
log_dir = _magpie_logs
work_dir = _magpie_work
local_original_copy = True
local_original_name = __original__
output_encoding = ascii
edit_retries = 10
default_timeout = 30
default_lengthout = 1e6
diff_method = unified
trust_local_filesystem = True
test_timeout = 10

[magpie.log]
color_output = True
format_info = {counter:<7} {status:<20} {best}{fitness} ({ratio}) [{size}] {cached} {log}
format_debug = patch({counter})="{patch}"{diffifbest}
format_fitness = {:.6f}
format_ratio = {:.2%%}
format_patchif = 
	 --> {patch}
format_diffif = 
	{diff}

[software]
path = examples/lpg
target_files = lpg.params
software = BasicSoftware
model_rules = 
	*.params : ParamFileConfigModel
	*.xml : SrcmlModel
	* : LineModel
model_config = 
	*.params : [paramconfig]
	*.xml : [srcml]
init_cmd = 
init_timeout = 60
init_lengthout = -1
setup_cmd = 
setup_timeout = 
setup_lengthout = 
compile_cmd = 
compile_timeout = 
compile_lengthout = 
test_cmd = bash test.sh
test_timeout = 
test_lengthout = 
run_cmd = perf stat -e cache-references bash run_fixed.sh
run_timeout = 
run_lengthout = 
retries = 4
batch_timeout = 
batch_lengthout = 
batch_bin_fitness_strategy = aggregate
batch_fitness_strategy = sum
fitness = perf_cache_references

[srcml]
rename = 
	stmt: break continue decl_stmt do expr_stmt for goto if return switch while
	number: literal_number
focus = block stmt operator_comp operator_arith number
internodes = block
process_pseudo_blocks = True
process_literals = True
process_operators = True

[paramconfig]
timing = test run
cli_prefix = --
cli_glue = =
cli_boolean = show
cli_boolean_prefix_true = 
cli_boolean_prefix_false = no-
cli_none = hide
silent_prefix = @
silent_suffix = $

[search]
protocol = BasicProtocol
algorithm = FirstImprovement
possible_edits = ParamSetting
warmup = 3
warmup_strategy = last
max_steps = 10000
max_time = 1800
target_fitness = 
cache_maxsize = 100
cache_keep = 0.2
batch_instances = 
batch_shuffle = True
batch_bin_shuffle = False
batch_sample_size = 1

[search.ls]
delete_prob = 0.5
max_neighbours = 
when_trapped = continue
accept_fail = False
tabu_length = 10

[search.gp]
pop_size = 10
delete_prob = 0.5
offspring_elitism = 0.1
offspring_crossover = 0.5
offspring_mutation = 0.4
uniform_rate = 0.5
batch_reset = True

[search.minify]
do_cleanup = True
do_rebuild = True
do_simplify = True
round_robin_limit = 3


2024-07-25 11:56:01,952	[DEBUG]	
2024-07-25 11:56:01,952	[INFO]	==== SEARCH: FirstImprovement ====
2024-07-25 11:56:01,953	[INFO]	~~~~ WARMUP ~~~~
2024-07-25 11:57:07,679	[DEBUG]	EXEC>  SUCCESS 484430270.5
2024-07-25 11:57:07,679	[INFO]	WARM    SUCCESS               484430270.500000 (--) [0 edit(s)]  
2024-07-25 11:58:13,366	[DEBUG]	EXEC>  SUCCESS 487389569.5
2024-07-25 11:58:13,367	[INFO]	WARM    SUCCESS               487389569.500000 (--) [0 edit(s)]  
2024-07-25 11:59:19,185	[DEBUG]	EXEC>  SUCCESS 488204294.5
2024-07-25 11:59:19,185	[INFO]	WARM    SUCCESS               488204294.500000 (--) [0 edit(s)]  
2024-07-25 11:59:19,186	[INFO]	REF     SUCCESS               488204294.500000 (--) [0 edit(s)]  
2024-07-25 11:59:19,186	[INFO]	
2024-07-25 11:59:19,186	[INFO]	~~~~ START ~~~~
2024-07-25 11:59:54,319	[DEBUG]	EXEC>  TIMEOUT None
2024-07-25 11:59:54,319	[INFO]	1       RUN_TIMEOUT           None (--) [1 edit(s)]  
2024-07-25 11:59:54,320	[DEBUG]	patch(1)="ParamSetting(('lpg.params', 'param', 'noise'), 0.2576606205245803)"
2024-07-25 12:00:40,335	[DEBUG]	EXEC>  TIMEOUT None
2024-07-25 12:00:40,335	[INFO]	2       RUN_TIMEOUT           None (--) [1 edit(s)]  
2024-07-25 12:00:40,335	[DEBUG]	patch(2)="ParamSetting(('lpg.params', 'param', 'search_steps'), 174)"
2024-07-25 12:02:40,618	[DEBUG]	EXEC>  SUCCESS 863773183.5
2024-07-25 12:02:40,618	[INFO]	3       SUCCESS               863773183.500000 (176.93%) [1 edit(s)]  
2024-07-25 12:02:40,618	[DEBUG]	patch(3)="ParamSetting(('lpg.params', 'param', 'search_steps'), 390)"
2024-07-25 12:02:40,619	[INFO]	4       SUCCESS              +488204294.500000 (100.00%) [1 edit(s)] [cached] 
2024-07-25 12:02:40,619	[DEBUG]	patch(4)="ParamSetting(('lpg.params', 'param', 'lowmemory'), 'None')"
2024-07-25 12:02:40,620	[INFO]	5       SUCCESS              +488204294.500000 (100.00%) [2 edit(s)] [cached] 
2024-07-25 12:02:40,620	[DEBUG]	patch(5)="ParamSetting(('lpg.params', 'param', 'lowmemory'), 'None') | ParamSetting(('lpg.params', 'param', 'repeats'), 5)"
2024-07-25 12:02:40,621	[INFO]	6       SUCCESS              +488204294.500000 (100.00%) [1 edit(s)] [cached] 
2024-07-25 12:02:40,621	[DEBUG]	patch(6)="ParamSetting(('lpg.params', 'param', 'lowmemory'), 'None')"
2024-07-25 12:02:40,621	[INFO]	7       SUCCESS              +488204294.500000 (100.00%) [0 edit(s)] [cached] 
2024-07-25 12:02:40,622	[DEBUG]	patch(7)=""
2024-07-25 12:03:19,118	[DEBUG]	EXEC>  TIMEOUT None
2024-07-25 12:03:19,118	[INFO]	8       RUN_TIMEOUT           None (--) [1 edit(s)]  
2024-07-25 12:03:19,118	[DEBUG]	patch(8)="ParamSetting(('lpg.params', 'param', 'search_steps'), 276)"
2024-07-25 12:04:25,010	[DEBUG]	EXEC>  SUCCESS 485260227.25
2024-07-25 12:04:25,010	[INFO]	9       SUCCESS              *485260227.250000 (99.40%) [1 edit(s)]  
2024-07-25 12:04:25,011	[DEBUG]	patch(9)="ParamSetting(('lpg.params', 'param', 'repeats'), 11)"
--- before: lpg.params
+++ after: lpg.params
@@ -1,6 +1,6 @@
 search_steps := 500
 restarts := 9
-repeats := 5
+repeats := 11
 noise := 0.1
 static_noise := 'None'
 lowmemory := 'None'

2024-07-25 12:04:25,011	[INFO]	10      SUCCESS               488204294.500000 (100.00%) [0 edit(s)] [cached] 
2024-07-25 12:04:25,011	[DEBUG]	patch(10)=""
2024-07-25 12:04:55,082	[INFO]	11      TEST_TIMEOUT          None (--) [2 edit(s)]  
2024-07-25 12:04:55,082	[DEBUG]	patch(11)="ParamSetting(('lpg.params', 'param', 'repeats'), 11) | ParamSetting(('lpg.params', 'param', 'noise'), 0.909611607891918)"
2024-07-25 12:04:55,083	[INFO]	12      SUCCESS              +485260227.250000 (99.40%) [2 edit(s)] [cached] 
2024-07-25 12:04:55,083	[DEBUG]	patch(12)="ParamSetting(('lpg.params', 'param', 'repeats'), 11) | ParamSetting(('lpg.params', 'param', 'lowmemory'), 'None')"
2024-07-25 12:04:55,084	[INFO]	13      SUCCESS              +485260227.250000 (99.40%) [1 edit(s)] [cached] 
2024-07-25 12:04:55,084	[DEBUG]	patch(13)="ParamSetting(('lpg.params', 'param', 'repeats'), 11)"
2024-07-25 12:04:55,085	[INFO]	14      SUCCESS               488204294.500000 (100.00%) [0 edit(s)] [cached] 
2024-07-25 12:04:55,085	[DEBUG]	patch(14)=""
2024-07-25 12:04:55,086	[INFO]	15      SUCCESS              +485260227.250000 (99.40%) [2 edit(s)] [cached] 
2024-07-25 12:04:55,086	[DEBUG]	patch(15)="ParamSetting(('lpg.params', 'param', 'repeats'), 11) | ParamSetting(('lpg.params', 'param', 'static_noise'), 'None')"
2024-07-25 12:06:00,771	[DEBUG]	EXEC>  SUCCESS 487210647.0
2024-07-25 12:06:00,771	[INFO]	16      SUCCESS               487210647.000000 (99.80%) [3 edit(s)]  
2024-07-25 12:06:00,771	[DEBUG]	patch(16)="ParamSetting(('lpg.params', 'param', 'repeats'), 11) | ParamSetting(('lpg.params', 'param', 'static_noise'), 'None') | ParamSetting(('lpg.params', 'param', 'repeats'), 6)"
2024-07-25 12:06:00,772	[INFO]	17      SUCCESS              +485260227.250000 (99.40%) [1 edit(s)] [cached] 
2024-07-25 12:06:00,772	[DEBUG]	patch(17)="ParamSetting(('lpg.params', 'param', 'repeats'), 11)"
2024-07-25 12:06:00,772	[INFO]	18      SUCCESS               488204294.500000 (100.00%) [0 edit(s)] [cached] 
2024-07-25 12:06:00,773	[DEBUG]	patch(18)=""
2024-07-25 12:07:06,347	[DEBUG]	EXEC>  SUCCESS 485128271.5
2024-07-25 12:07:06,347	[INFO]	19      SUCCESS              *485128271.500000 (99.37%) [2 edit(s)]  
2024-07-25 12:07:06,347	[DEBUG]	patch(19)="ParamSetting(('lpg.params', 'param', 'repeats'), 11) | ParamSetting(('lpg.params', 'param', 'restarts'), 11)"
--- before: lpg.params
+++ after: lpg.params
@@ -1,6 +1,6 @@
 search_steps := 500
-restarts := 9
-repeats := 5
+restarts := 11
+repeats := 11
 noise := 0.1
 static_noise := 'None'
 lowmemory := 'None'

2024-07-25 12:08:12,133	[DEBUG]	EXEC>  SUCCESS 488105790.5
2024-07-25 12:08:12,134	[INFO]	20      SUCCESS               488105790.500000 (99.98%) [1 edit(s)]  
2024-07-25 12:08:12,134	[DEBUG]	patch(20)="ParamSetting(('lpg.params', 'param', 'restarts'), 11)"
2024-07-25 12:08:50,636	[DEBUG]	EXEC>  TIMEOUT None
2024-07-25 12:08:50,637	[INFO]	21      RUN_TIMEOUT           None (--) [3 edit(s)]  
2024-07-25 12:08:50,637	[DEBUG]	patch(21)="ParamSetting(('lpg.params', 'param', 'repeats'), 11) | ParamSetting(('lpg.params', 'param', 'restarts'), 11) | ParamSetting(('lpg.params', 'param', 'search_steps'), 252)"
2024-07-25 12:09:28,781	[DEBUG]	EXEC>  TIMEOUT None
2024-07-25 12:09:28,782	[INFO]	22      RUN_TIMEOUT           None (--) [3 edit(s)]  
2024-07-25 12:09:28,782	[DEBUG]	patch(22)="ParamSetting(('lpg.params', 'param', 'repeats'), 11) | ParamSetting(('lpg.params', 'param', 'restarts'), 11) | ParamSetting(('lpg.params', 'param', 'search_steps'), 279)"
2024-07-25 12:10:12,580	[DEBUG]	EXEC>  SUCCESS 332943675.0
2024-07-25 12:10:12,580	[INFO]	23      SUCCESS              *332943675.000000 (68.20%) [3 edit(s)]  
2024-07-25 12:10:12,581	[DEBUG]	patch(23)="ParamSetting(('lpg.params', 'param', 'repeats'), 11) | ParamSetting(('lpg.params', 'param', 'restarts'), 11) | ParamSetting(('lpg.params', 'param', 'search_steps'), 809)"
--- before: lpg.params
+++ after: lpg.params
@@ -1,6 +1,6 @@
-search_steps := 500
-restarts := 9
-repeats := 5
+search_steps := 809
+restarts := 11
+repeats := 11
 noise := 0.1
 static_noise := 'None'
 lowmemory := 'None'

2024-07-25 12:10:56,120	[DEBUG]	EXEC>  SUCCESS 331366091.75
2024-07-25 12:10:56,121	[INFO]	24      SUCCESS              *331366091.750000 (67.87%) [2 edit(s)]  
2024-07-25 12:10:56,121	[DEBUG]	patch(24)="ParamSetting(('lpg.params', 'param', 'repeats'), 11) | ParamSetting(('lpg.params', 'param', 'search_steps'), 809)"
--- before: lpg.params
+++ after: lpg.params
@@ -1,6 +1,6 @@
-search_steps := 500
+search_steps := 809
 restarts := 9
-repeats := 5
+repeats := 11
 noise := 0.1
 static_noise := 'None'
 lowmemory := 'None'

2024-07-25 12:11:38,235	[DEBUG]	EXEC>  SUCCESS 307000402.5
2024-07-25 12:11:38,236	[INFO]	25      SUCCESS              *307000402.500000 (62.88%) [3 edit(s)]  
2024-07-25 12:11:38,236	[DEBUG]	patch(25)="ParamSetting(('lpg.params', 'param', 'repeats'), 11) | ParamSetting(('lpg.params', 'param', 'search_steps'), 809) | ParamSetting(('lpg.params', 'param', 'lowmemory'), 'True')"
--- before: lpg.params
+++ after: lpg.params
@@ -1,6 +1,6 @@
-search_steps := 500
+search_steps := 809
 restarts := 9
-repeats := 5
+repeats := 11
 noise := 0.1
 static_noise := 'None'
-lowmemory := 'None'
+lowmemory := 'True'

2024-07-25 12:12:08,305	[INFO]	26      TEST_TIMEOUT          None (--) [4 edit(s)]  
2024-07-25 12:12:08,305	[DEBUG]	patch(26)="ParamSetting(('lpg.params', 'param', 'repeats'), 11) | ParamSetting(('lpg.params', 'param', 'search_steps'), 809) | ParamSetting(('lpg.params', 'param', 'lowmemory'), 'True') | ParamSetting(('lpg.params', 'param', 'noise'), 0.7665559902953729)"
2024-07-25 12:12:40,746	[DEBUG]	EXEC>  TIMEOUT None
2024-07-25 12:12:40,747	[INFO]	27      RUN_TIMEOUT           None (--) [4 edit(s)]  
2024-07-25 12:12:40,747	[DEBUG]	patch(27)="ParamSetting(('lpg.params', 'param', 'repeats'), 11) | ParamSetting(('lpg.params', 'param', 'search_steps'), 809) | ParamSetting(('lpg.params', 'param', 'lowmemory'), 'True') | ParamSetting(('lpg.params', 'param', 'search_steps'), 428)"
2024-07-25 12:13:22,799	[DEBUG]	EXEC>  SUCCESS 308069128.75
2024-07-25 12:13:22,800	[INFO]	28      SUCCESS               308069128.750000 (63.10%) [4 edit(s)]  
2024-07-25 12:13:22,800	[DEBUG]	patch(28)="ParamSetting(('lpg.params', 'param', 'repeats'), 11) | ParamSetting(('lpg.params', 'param', 'search_steps'), 809) | ParamSetting(('lpg.params', 'param', 'lowmemory'), 'True') | ParamSetting(('lpg.params', 'param', 'repeats'), 12)"
2024-07-25 12:13:22,800	[INFO]	29      SUCCESS               331366091.750000 (67.87%) [2 edit(s)] [cached] 
2024-07-25 12:13:22,801	[DEBUG]	patch(29)="ParamSetting(('lpg.params', 'param', 'repeats'), 11) | ParamSetting(('lpg.params', 'param', 'search_steps'), 809)"
2024-07-25 12:14:26,968	[DEBUG]	EXEC>  SUCCESS 461635976.5
2024-07-25 12:14:26,969	[INFO]	30      SUCCESS               461635976.500000 (94.56%) [2 edit(s)]  
2024-07-25 12:14:26,969	[DEBUG]	patch(30)="ParamSetting(('lpg.params', 'param', 'repeats'), 11) | ParamSetting(('lpg.params', 'param', 'lowmemory'), 'True')"
2024-07-25 12:14:26,970	[INFO]	31      SUCCESS              +307000402.500000 (62.88%) [4 edit(s)] [cached] 
2024-07-25 12:14:26,970	[DEBUG]	patch(31)="ParamSetting(('lpg.params', 'param', 'repeats'), 11) | ParamSetting(('lpg.params', 'param', 'search_steps'), 809) | ParamSetting(('lpg.params', 'param', 'lowmemory'), 'True') | ParamSetting(('lpg.params', 'param', 'static_noise'), 'None')"
2024-07-25 12:15:09,248	[DEBUG]	EXEC>  SUCCESS 307362731.0
2024-07-25 12:15:09,248	[INFO]	32      SUCCESS               307362731.000000 (62.96%) [5 edit(s)]  
2024-07-25 12:15:09,248	[DEBUG]	patch(32)="ParamSetting(('lpg.params', 'param', 'repeats'), 11) | ParamSetting(('lpg.params', 'param', 'search_steps'), 809) | ParamSetting(('lpg.params', 'param', 'lowmemory'), 'True') | ParamSetting(('lpg.params', 'param', 'static_noise'), 'None') | ParamSetting(('lpg.params', 'param', 'restarts'), 19)"
2024-07-25 12:15:09,249	[INFO]	33      SUCCESS               461635976.500000 (94.56%) [3 edit(s)] [cached] 
2024-07-25 12:15:09,249	[DEBUG]	patch(33)="ParamSetting(('lpg.params', 'param', 'repeats'), 11) | ParamSetting(('lpg.params', 'param', 'lowmemory'), 'True') | ParamSetting(('lpg.params', 'param', 'static_noise'), 'None')"
2024-07-25 12:15:51,366	[DEBUG]	EXEC>  SUCCESS 306361087.25
2024-07-25 12:15:51,367	[INFO]	34      SUCCESS              *306361087.250000 (62.75%) [3 edit(s)]  
2024-07-25 12:15:51,367	[DEBUG]	patch(34)="ParamSetting(('lpg.params', 'param', 'search_steps'), 809) | ParamSetting(('lpg.params', 'param', 'lowmemory'), 'True') | ParamSetting(('lpg.params', 'param', 'static_noise'), 'None')"
--- before: lpg.params
+++ after: lpg.params
@@ -1,6 +1,6 @@
-search_steps := 500
+search_steps := 809
 restarts := 9
 repeats := 5
 noise := 0.1
 static_noise := 'None'
-lowmemory := 'None'
+lowmemory := 'True'

2024-07-25 12:16:33,612	[DEBUG]	EXEC>  SUCCESS 307998513.25
2024-07-25 12:16:33,612	[INFO]	35      SUCCESS               307998513.250000 (63.09%) [4 edit(s)]  
2024-07-25 12:16:33,612	[DEBUG]	patch(35)="ParamSetting(('lpg.params', 'param', 'search_steps'), 809) | ParamSetting(('lpg.params', 'param', 'lowmemory'), 'True') | ParamSetting(('lpg.params', 'param', 'static_noise'), 'None') | ParamSetting(('lpg.params', 'param', 'repeats'), 15)"
2024-07-25 12:16:33,613	[INFO]	36      SUCCESS              +306361087.250000 (62.75%) [4 edit(s)] [cached] 
2024-07-25 12:16:33,613	[DEBUG]	patch(36)="ParamSetting(('lpg.params', 'param', 'search_steps'), 809) | ParamSetting(('lpg.params', 'param', 'lowmemory'), 'True') | ParamSetting(('lpg.params', 'param', 'static_noise'), 'None') | ParamSetting(('lpg.params', 'param', 'lowmemory'), 'True')"
2024-07-25 12:16:33,614	[INFO]	37      SUCCESS              +306361087.250000 (62.75%) [5 edit(s)] [cached] 
2024-07-25 12:16:33,614	[DEBUG]	patch(37)="ParamSetting(('lpg.params', 'param', 'search_steps'), 809) | ParamSetting(('lpg.params', 'param', 'lowmemory'), 'True') | ParamSetting(('lpg.params', 'param', 'static_noise'), 'None') | ParamSetting(('lpg.params', 'param', 'lowmemory'), 'True') | ParamSetting(('lpg.params', 'param', 'static_noise'), 'None')"
2024-07-25 12:16:33,615	[INFO]	38      SUCCESS              +306361087.250000 (62.75%) [4 edit(s)] [cached] 
2024-07-25 12:16:33,615	[DEBUG]	patch(38)="ParamSetting(('lpg.params', 'param', 'search_steps'), 809) | ParamSetting(('lpg.params', 'param', 'lowmemory'), 'True') | ParamSetting(('lpg.params', 'param', 'static_noise'), 'None') | ParamSetting(('lpg.params', 'param', 'static_noise'), 'None')"
2024-07-25 12:16:33,615	[INFO]	39      SUCCESS              +306361087.250000 (62.75%) [3 edit(s)] [cached] 
2024-07-25 12:16:33,615	[DEBUG]	patch(39)="ParamSetting(('lpg.params', 'param', 'search_steps'), 809) | ParamSetting(('lpg.params', 'param', 'lowmemory'), 'True') | ParamSetting(('lpg.params', 'param', 'static_noise'), 'None')"
2024-07-25 12:16:33,616	[INFO]	40      SUCCESS              +306361087.250000 (62.75%) [4 edit(s)] [cached] 
2024-07-25 12:16:33,616	[DEBUG]	patch(40)="ParamSetting(('lpg.params', 'param', 'search_steps'), 809) | ParamSetting(('lpg.params', 'param', 'lowmemory'), 'True') | ParamSetting(('lpg.params', 'param', 'static_noise'), 'None') | ParamSetting(('lpg.params', 'param', 'static_noise'), 'None')"
2024-07-25 12:17:17,167	[DEBUG]	EXEC>  SUCCESS 332912227.25
2024-07-25 12:17:17,167	[INFO]	41      SUCCESS               332912227.250000 (68.19%) [3 edit(s)]  
2024-07-25 12:17:17,167	[DEBUG]	patch(41)="ParamSetting(('lpg.params', 'param', 'search_steps'), 809) | ParamSetting(('lpg.params', 'param', 'static_noise'), 'None') | ParamSetting(('lpg.params', 'param', 'static_noise'), 'None')"
2024-07-25 12:17:17,168	[INFO]	42      SUCCESS              +306361087.250000 (62.75%) [3 edit(s)] [cached] 
2024-07-25 12:17:17,168	[DEBUG]	patch(42)="ParamSetting(('lpg.params', 'param', 'search_steps'), 809) | ParamSetting(('lpg.params', 'param', 'lowmemory'), 'True') | ParamSetting(('lpg.params', 'param', 'static_noise'), 'None')"
2024-07-25 12:17:17,169	[INFO]	43      SUCCESS              +306361087.250000 (62.75%) [4 edit(s)] [cached] 
2024-07-25 12:17:17,169	[DEBUG]	patch(43)="ParamSetting(('lpg.params', 'param', 'search_steps'), 809) | ParamSetting(('lpg.params', 'param', 'lowmemory'), 'True') | ParamSetting(('lpg.params', 'param', 'static_noise'), 'None') | ParamSetting(('lpg.params', 'param', 'static_noise'), 'None')"
2024-07-25 12:17:59,355	[DEBUG]	EXEC>  SUCCESS 307436097.25
2024-07-25 12:17:59,356	[INFO]	44      SUCCESS               307436097.250000 (62.97%) [5 edit(s)]  
2024-07-25 12:17:59,356	[DEBUG]	patch(44)="ParamSetting(('lpg.params', 'param', 'search_steps'), 809) | ParamSetting(('lpg.params', 'param', 'lowmemory'), 'True') | ParamSetting(('lpg.params', 'param', 'static_noise'), 'None') | ParamSetting(('lpg.params', 'param', 'static_noise'), 'None') | ParamSetting(('lpg.params', 'param', 'search_steps'), 840)"
2024-07-25 12:17:59,356	[INFO]	45      SUCCESS               332912227.250000 (68.19%) [3 edit(s)] [cached] 
2024-07-25 12:17:59,357	[DEBUG]	patch(45)="ParamSetting(('lpg.params', 'param', 'search_steps'), 809) | ParamSetting(('lpg.params', 'param', 'static_noise'), 'None') | ParamSetting(('lpg.params', 'param', 'static_noise'), 'None')"
2024-07-25 12:18:40,131	[DEBUG]	EXEC>  SUCCESS 300534473.75
2024-07-25 12:18:40,131	[INFO]	46      SUCCESS              *300534473.750000 (61.56%) [5 edit(s)]  
2024-07-25 12:18:40,131	[DEBUG]	patch(46)="ParamSetting(('lpg.params', 'param', 'search_steps'), 809) | ParamSetting(('lpg.params', 'param', 'lowmemory'), 'True') | ParamSetting(('lpg.params', 'param', 'static_noise'), 'None') | ParamSetting(('lpg.params', 'param', 'static_noise'), 'None') | ParamSetting(('lpg.params', 'param', 'static_noise'), 'True')"
--- before: lpg.params
+++ after: lpg.params
@@ -1,6 +1,6 @@
-search_steps := 500
+search_steps := 809
 restarts := 9
 repeats := 5
 noise := 0.1
-static_noise := 'None'
-lowmemory := 'None'
+static_noise := 'True'
+lowmemory := 'True'

2024-07-25 12:18:40,132	[INFO]	47      SUCCESS              +300534473.750000 (61.56%) [4 edit(s)] [cached] 
2024-07-25 12:18:40,132	[DEBUG]	patch(47)="ParamSetting(('lpg.params', 'param', 'search_steps'), 809) | ParamSetting(('lpg.params', 'param', 'lowmemory'), 'True') | ParamSetting(('lpg.params', 'param', 'static_noise'), 'None') | ParamSetting(('lpg.params', 'param', 'static_noise'), 'True')"
2024-07-25 12:19:43,724	[DEBUG]	EXEC>  SUCCESS 457626063.5
2024-07-25 12:19:43,724	[INFO]	48      SUCCESS               457626063.500000 (93.74%) [3 edit(s)]  
2024-07-25 12:19:43,724	[DEBUG]	patch(48)="ParamSetting(('lpg.params', 'param', 'lowmemory'), 'True') | ParamSetting(('lpg.params', 'param', 'static_noise'), 'None') | ParamSetting(('lpg.params', 'param', 'static_noise'), 'True')"
2024-07-25 12:19:43,725	[INFO]	49      SUCCESS              +300534473.750000 (61.56%) [5 edit(s)] [cached] 
2024-07-25 12:19:43,725	[DEBUG]	patch(49)="ParamSetting(('lpg.params', 'param', 'search_steps'), 809) | ParamSetting(('lpg.params', 'param', 'lowmemory'), 'True') | ParamSetting(('lpg.params', 'param', 'static_noise'), 'None') | ParamSetting(('lpg.params', 'param', 'static_noise'), 'True') | ParamSetting(('lpg.params', 'param', 'static_noise'), 'True')"
2024-07-25 12:19:43,726	[INFO]	50      SUCCESS              +300534473.750000 (61.56%) [6 edit(s)] [cached] 
2024-07-25 12:19:43,726	[DEBUG]	patch(50)="ParamSetting(('lpg.params', 'param', 'search_steps'), 809) | ParamSetting(('lpg.params', 'param', 'lowmemory'), 'True') | ParamSetting(('lpg.params', 'param', 'static_noise'), 'None') | ParamSetting(('lpg.params', 'param', 'static_noise'), 'True') | ParamSetting(('lpg.params', 'param', 'static_noise'), 'True') | ParamSetting(('lpg.params', 'param', 'lowmemory'), 'True')"
2024-07-25 12:19:43,727	[INFO]	51      SUCCESS               457626063.500000 (93.74%) [5 edit(s)] [cached] 
2024-07-25 12:19:43,727	[DEBUG]	patch(51)="ParamSetting(('lpg.params', 'param', 'lowmemory'), 'True') | ParamSetting(('lpg.params', 'param', 'static_noise'), 'None') | ParamSetting(('lpg.params', 'param', 'static_noise'), 'True') | ParamSetting(('lpg.params', 'param', 'static_noise'), 'True') | ParamSetting(('lpg.params', 'param', 'lowmemory'), 'True')"
2024-07-25 12:20:13,793	[INFO]	52      TEST_TIMEOUT          None (--) [7 edit(s)]  
2024-07-25 12:20:13,793	[DEBUG]	patch(52)="ParamSetting(('lpg.params', 'param', 'search_steps'), 809) | ParamSetting(('lpg.params', 'param', 'lowmemory'), 'True') | ParamSetting(('lpg.params', 'param', 'static_noise'), 'None') | ParamSetting(('lpg.params', 'param', 'static_noise'), 'True') | ParamSetting(('lpg.params', 'param', 'static_noise'), 'True') | ParamSetting(('lpg.params', 'param', 'lowmemory'), 'True') | ParamSetting(('lpg.params', 'param', 'noise'), 0.5350187739942603)"
2024-07-25 12:20:13,795	[INFO]	53      SUCCESS              +300534473.750000 (61.56%) [7 edit(s)] [cached] 
2024-07-25 12:20:13,795	[DEBUG]	patch(53)="ParamSetting(('lpg.params', 'param', 'search_steps'), 809) | ParamSetting(('lpg.params', 'param', 'lowmemory'), 'True') | ParamSetting(('lpg.params', 'param', 'static_noise'), 'None') | ParamSetting(('lpg.params', 'param', 'static_noise'), 'True') | ParamSetting(('lpg.params', 'param', 'static_noise'), 'True') | ParamSetting(('lpg.params', 'param', 'lowmemory'), 'True') | ParamSetting(('lpg.params', 'param', 'static_noise'), 'True')"
2024-07-25 12:20:54,611	[DEBUG]	EXEC>  SUCCESS 299043519.25
2024-07-25 12:20:54,611	[INFO]	54      SUCCESS              *299043519.250000 (61.25%) [8 edit(s)]  
2024-07-25 12:20:54,611	[DEBUG]	patch(54)="ParamSetting(('lpg.params', 'param', 'search_steps'), 809) | ParamSetting(('lpg.params', 'param', 'lowmemory'), 'True') | ParamSetting(('lpg.params', 'param', 'static_noise'), 'None') | ParamSetting(('lpg.params', 'param', 'static_noise'), 'True') | ParamSetting(('lpg.params', 'param', 'static_noise'), 'True') | ParamSetting(('lpg.params', 'param', 'lowmemory'), 'True') | ParamSetting(('lpg.params', 'param', 'static_noise'), 'True') | ParamSetting(('lpg.params', 'param', 'repeats'), 7)"
--- before: lpg.params
+++ after: lpg.params
@@ -1,6 +1,6 @@
-search_steps := 500
+search_steps := 809
 restarts := 9
-repeats := 5
+repeats := 7
 noise := 0.1
-static_noise := 'None'
-lowmemory := 'None'
+static_noise := 'True'
+lowmemory := 'True'

2024-07-25 12:21:36,378	[DEBUG]	EXEC>  SUCCESS 303650060.5
2024-07-25 12:21:36,379	[INFO]	55      SUCCESS               303650060.500000 (62.20%) [9 edit(s)]  
2024-07-25 12:21:36,379	[DEBUG]	patch(55)="ParamSetting(('lpg.params', 'param', 'search_steps'), 809) | ParamSetting(('lpg.params', 'param', 'lowmemory'), 'True') | ParamSetting(('lpg.params', 'param', 'static_noise'), 'None') | ParamSetting(('lpg.params', 'param', 'static_noise'), 'True') | ParamSetting(('lpg.params', 'param', 'static_noise'), 'True') | ParamSetting(('lpg.params', 'param', 'lowmemory'), 'True') | ParamSetting(('lpg.params', 'param', 'static_noise'), 'True') | ParamSetting(('lpg.params', 'param', 'repeats'), 7) | ParamSetting(('lpg.params', 'param', 'noise'), 0.11941623506370613)"
2024-07-25 12:21:36,380	[INFO]	56      SUCCESS              +299043519.250000 (61.25%) [9 edit(s)] [cached] 
2024-07-25 12:21:36,380	[DEBUG]	patch(56)="ParamSetting(('lpg.params', 'param', 'search_steps'), 809) | ParamSetting(('lpg.params', 'param', 'lowmemory'), 'True') | ParamSetting(('lpg.params', 'param', 'static_noise'), 'None') | ParamSetting(('lpg.params', 'param', 'static_noise'), 'True') | ParamSetting(('lpg.params', 'param', 'static_noise'), 'True') | ParamSetting(('lpg.params', 'param', 'lowmemory'), 'True') | ParamSetting(('lpg.params', 'param', 'static_noise'), 'True') | ParamSetting(('lpg.params', 'param', 'repeats'), 7) | ParamSetting(('lpg.params', 'param', 'lowmemory'), 'True')"
2024-07-25 12:21:36,381	[INFO]	57      SUCCESS              +299043519.250000 (61.25%) [8 edit(s)] [cached] 
2024-07-25 12:21:36,381	[DEBUG]	patch(57)="ParamSetting(('lpg.params', 'param', 'search_steps'), 809) | ParamSetting(('lpg.params', 'param', 'lowmemory'), 'True') | ParamSetting(('lpg.params', 'param', 'static_noise'), 'True') | ParamSetting(('lpg.params', 'param', 'static_noise'), 'True') | ParamSetting(('lpg.params', 'param', 'lowmemory'), 'True') | ParamSetting(('lpg.params', 'param', 'static_noise'), 'True') | ParamSetting(('lpg.params', 'param', 'repeats'), 7) | ParamSetting(('lpg.params', 'param', 'lowmemory'), 'True')"
2024-07-25 12:22:17,397	[DEBUG]	EXEC>  TIMEOUT None
2024-07-25 12:22:17,398	[INFO]	58      RUN_TIMEOUT           None (--) [9 edit(s)]  
2024-07-25 12:22:17,398	[DEBUG]	patch(58)="ParamSetting(('lpg.params', 'param', 'search_steps'), 809) | ParamSetting(('lpg.params', 'param', 'lowmemory'), 'True') | ParamSetting(('lpg.params', 'param', 'static_noise'), 'True') | ParamSetting(('lpg.params', 'param', 'static_noise'), 'True') | ParamSetting(('lpg.params', 'param', 'lowmemory'), 'True') | ParamSetting(('lpg.params', 'param', 'static_noise'), 'True') | ParamSetting(('lpg.params', 'param', 'repeats'), 7) | ParamSetting(('lpg.params', 'param', 'lowmemory'), 'True') | ParamSetting(('lpg.params', 'param', 'search_steps'), 204)"
2024-07-25 12:22:17,399	[INFO]	59      SUCCESS               300534473.750000 (61.56%) [9 edit(s)] [cached] 
2024-07-25 12:22:17,399	[DEBUG]	patch(59)="ParamSetting(('lpg.params', 'param', 'search_steps'), 809) | ParamSetting(('lpg.params', 'param', 'lowmemory'), 'True') | ParamSetting(('lpg.params', 'param', 'static_noise'), 'True') | ParamSetting(('lpg.params', 'param', 'static_noise'), 'True') | ParamSetting(('lpg.params', 'param', 'lowmemory'), 'True') | ParamSetting(('lpg.params', 'param', 'static_noise'), 'True') | ParamSetting(('lpg.params', 'param', 'repeats'), 7) | ParamSetting(('lpg.params', 'param', 'lowmemory'), 'True') | ParamSetting(('lpg.params', 'param', 'repeats'), 5)"
2024-07-25 12:22:17,400	[INFO]	60      SUCCESS              +299043519.250000 (61.25%) [7 edit(s)] [cached] 
2024-07-25 12:22:17,400	[DEBUG]	patch(60)="ParamSetting(('lpg.params', 'param', 'search_steps'), 809) | ParamSetting(('lpg.params', 'param', 'lowmemory'), 'True') | ParamSetting(('lpg.params', 'param', 'static_noise'), 'True') | ParamSetting(('lpg.params', 'param', 'static_noise'), 'True') | ParamSetting(('lpg.params', 'param', 'lowmemory'), 'True') | ParamSetting(('lpg.params', 'param', 'repeats'), 7) | ParamSetting(('lpg.params', 'param', 'lowmemory'), 'True')"
2024-07-25 12:22:17,401	[INFO]	61      SUCCESS              +299043519.250000 (61.25%) [8 edit(s)] [cached] 
2024-07-25 12:22:17,401	[DEBUG]	patch(61)="ParamSetting(('lpg.params', 'param', 'search_steps'), 809) | ParamSetting(('lpg.params', 'param', 'lowmemory'), 'True') | ParamSetting(('lpg.params', 'param', 'static_noise'), 'True') | ParamSetting(('lpg.params', 'param', 'static_noise'), 'True') | ParamSetting(('lpg.params', 'param', 'lowmemory'), 'True') | ParamSetting(('lpg.params', 'param', 'repeats'), 7) | ParamSetting(('lpg.params', 'param', 'lowmemory'), 'True') | ParamSetting(('lpg.params', 'param', 'static_noise'), 'True')"
2024-07-25 12:22:17,402	[INFO]	62      SUCCESS              +299043519.250000 (61.25%) [7 edit(s)] [cached] 
2024-07-25 12:22:17,402	[DEBUG]	patch(62)="ParamSetting(('lpg.params', 'param', 'search_steps'), 809) | ParamSetting(('lpg.params', 'param', 'lowmemory'), 'True') | ParamSetting(('lpg.params', 'param', 'static_noise'), 'True') | ParamSetting(('lpg.params', 'param', 'static_noise'), 'True') | ParamSetting(('lpg.params', 'param', 'lowmemory'), 'True') | ParamSetting(('lpg.params', 'param', 'repeats'), 7) | ParamSetting(('lpg.params', 'param', 'lowmemory'), 'True')"
2024-07-25 12:22:17,403	[INFO]	63      SUCCESS              +299043519.250000 (61.25%) [8 edit(s)] [cached] 
2024-07-25 12:22:17,403	[DEBUG]	patch(63)="ParamSetting(('lpg.params', 'param', 'search_steps'), 809) | ParamSetting(('lpg.params', 'param', 'lowmemory'), 'True') | ParamSetting(('lpg.params', 'param', 'static_noise'), 'True') | ParamSetting(('lpg.params', 'param', 'static_noise'), 'True') | ParamSetting(('lpg.params', 'param', 'lowmemory'), 'True') | ParamSetting(('lpg.params', 'param', 'repeats'), 7) | ParamSetting(('lpg.params', 'param', 'lowmemory'), 'True') | ParamSetting(('lpg.params', 'param', 'static_noise'), 'True')"
2024-07-25 12:22:17,404	[INFO]	64      SUCCESS              +299043519.250000 (61.25%) [7 edit(s)] [cached] 
2024-07-25 12:22:17,404	[DEBUG]	patch(64)="ParamSetting(('lpg.params', 'param', 'search_steps'), 809) | ParamSetting(('lpg.params', 'param', 'lowmemory'), 'True') | ParamSetting(('lpg.params', 'param', 'static_noise'), 'True') | ParamSetting(('lpg.params', 'param', 'lowmemory'), 'True') | ParamSetting(('lpg.params', 'param', 'repeats'), 7) | ParamSetting(('lpg.params', 'param', 'lowmemory'), 'True') | ParamSetting(('lpg.params', 'param', 'static_noise'), 'True')"
2024-07-25 12:22:47,474	[INFO]	65      TEST_TIMEOUT          None (--) [8 edit(s)]  
2024-07-25 12:22:47,474	[DEBUG]	patch(65)="ParamSetting(('lpg.params', 'param', 'search_steps'), 809) | ParamSetting(('lpg.params', 'param', 'lowmemory'), 'True') | ParamSetting(('lpg.params', 'param', 'static_noise'), 'True') | ParamSetting(('lpg.params', 'param', 'lowmemory'), 'True') | ParamSetting(('lpg.params', 'param', 'repeats'), 7) | ParamSetting(('lpg.params', 'param', 'lowmemory'), 'True') | ParamSetting(('lpg.params', 'param', 'static_noise'), 'True') | ParamSetting(('lpg.params', 'param', 'noise'), 0.7369491308035279)"
2024-07-25 12:23:25,407	[DEBUG]	EXEC>  TIMEOUT None
2024-07-25 12:23:25,407	[INFO]	66      RUN_TIMEOUT           None (--) [8 edit(s)]  
2024-07-25 12:23:25,407	[DEBUG]	patch(66)="ParamSetting(('lpg.params', 'param', 'search_steps'), 809) | ParamSetting(('lpg.params', 'param', 'lowmemory'), 'True') | ParamSetting(('lpg.params', 'param', 'static_noise'), 'True') | ParamSetting(('lpg.params', 'param', 'lowmemory'), 'True') | ParamSetting(('lpg.params', 'param', 'repeats'), 7) | ParamSetting(('lpg.params', 'param', 'lowmemory'), 'True') | ParamSetting(('lpg.params', 'param', 'static_noise'), 'True') | ParamSetting(('lpg.params', 'param', 'search_steps'), 282)"
2024-07-25 12:24:04,696	[DEBUG]	EXEC>  SUCCESS 295839520.5
2024-07-25 12:24:04,696	[INFO]	67      SUCCESS              *295839520.500000 (60.60%) [8 edit(s)]  
2024-07-25 12:24:04,697	[DEBUG]	patch(67)="ParamSetting(('lpg.params', 'param', 'search_steps'), 809) | ParamSetting(('lpg.params', 'param', 'lowmemory'), 'True') | ParamSetting(('lpg.params', 'param', 'static_noise'), 'True') | ParamSetting(('lpg.params', 'param', 'lowmemory'), 'True') | ParamSetting(('lpg.params', 'param', 'repeats'), 7) | ParamSetting(('lpg.params', 'param', 'lowmemory'), 'True') | ParamSetting(('lpg.params', 'param', 'static_noise'), 'True') | ParamSetting(('lpg.params', 'param', 'restarts'), 20)"
--- before: lpg.params
+++ after: lpg.params
@@ -1,6 +1,6 @@
-search_steps := 500
-restarts := 9
-repeats := 5
+search_steps := 809
+restarts := 20
+repeats := 7
 noise := 0.1
-static_noise := 'None'
-lowmemory := 'None'
+static_noise := 'True'
+lowmemory := 'True'

2024-07-25 12:24:04,697	[INFO]	68      SUCCESS               299043519.250000 (61.25%) [7 edit(s)] [cached] 
2024-07-25 12:24:04,698	[DEBUG]	patch(68)="ParamSetting(('lpg.params', 'param', 'search_steps'), 809) | ParamSetting(('lpg.params', 'param', 'lowmemory'), 'True') | ParamSetting(('lpg.params', 'param', 'static_noise'), 'True') | ParamSetting(('lpg.params', 'param', 'lowmemory'), 'True') | ParamSetting(('lpg.params', 'param', 'repeats'), 7) | ParamSetting(('lpg.params', 'param', 'lowmemory'), 'True') | ParamSetting(('lpg.params', 'param', 'static_noise'), 'True')"
2024-07-25 12:24:04,698	[INFO]	69      SUCCESS              +295839520.500000 (60.60%) [7 edit(s)] [cached] 
2024-07-25 12:24:04,699	[DEBUG]	patch(69)="ParamSetting(('lpg.params', 'param', 'search_steps'), 809) | ParamSetting(('lpg.params', 'param', 'lowmemory'), 'True') | ParamSetting(('lpg.params', 'param', 'static_noise'), 'True') | ParamSetting(('lpg.params', 'param', 'lowmemory'), 'True') | ParamSetting(('lpg.params', 'param', 'repeats'), 7) | ParamSetting(('lpg.params', 'param', 'lowmemory'), 'True') | ParamSetting(('lpg.params', 'param', 'restarts'), 20)"
2024-07-25 12:25:06,061	[DEBUG]	EXEC>  SUCCESS 455393038.5
2024-07-25 12:25:06,062	[INFO]	70      SUCCESS               455393038.500000 (93.28%) [6 edit(s)]  
2024-07-25 12:25:06,062	[DEBUG]	patch(70)="ParamSetting(('lpg.params', 'param', 'lowmemory'), 'True') | ParamSetting(('lpg.params', 'param', 'static_noise'), 'True') | ParamSetting(('lpg.params', 'param', 'lowmemory'), 'True') | ParamSetting(('lpg.params', 'param', 'repeats'), 7) | ParamSetting(('lpg.params', 'param', 'lowmemory'), 'True') | ParamSetting(('lpg.params', 'param', 'restarts'), 20)"
2024-07-25 12:25:46,860	[DEBUG]	EXEC>  SUCCESS 306016364.75
2024-07-25 12:25:46,861	[INFO]	71      SUCCESS               306016364.750000 (62.68%) [6 edit(s)]  
2024-07-25 12:25:46,861	[DEBUG]	patch(71)="ParamSetting(('lpg.params', 'param', 'search_steps'), 809) | ParamSetting(('lpg.params', 'param', 'lowmemory'), 'True') | ParamSetting(('lpg.params', 'param', 'lowmemory'), 'True') | ParamSetting(('lpg.params', 'param', 'repeats'), 7) | ParamSetting(('lpg.params', 'param', 'lowmemory'), 'True') | ParamSetting(('lpg.params', 'param', 'restarts'), 20)"
2024-07-25 12:26:26,097	[DEBUG]	EXEC>  SUCCESS 297221369.5
2024-07-25 12:26:26,097	[INFO]	72      SUCCESS               297221369.500000 (60.88%) [8 edit(s)]  
2024-07-25 12:26:26,097	[DEBUG]	patch(72)="ParamSetting(('lpg.params', 'param', 'search_steps'), 809) | ParamSetting(('lpg.params', 'param', 'lowmemory'), 'True') | ParamSetting(('lpg.params', 'param', 'static_noise'), 'True') | ParamSetting(('lpg.params', 'param', 'lowmemory'), 'True') | ParamSetting(('lpg.params', 'param', 'repeats'), 7) | ParamSetting(('lpg.params', 'param', 'lowmemory'), 'True') | ParamSetting(('lpg.params', 'param', 'restarts'), 20) | ParamSetting(('lpg.params', 'param', 'search_steps'), 869)"
2024-07-25 12:27:14,770	[DEBUG]	EXEC>  TIMEOUT None
2024-07-25 12:27:14,770	[INFO]	73      RUN_TIMEOUT           None (--) [8 edit(s)]  
2024-07-25 12:27:14,770	[DEBUG]	patch(73)="ParamSetting(('lpg.params', 'param', 'search_steps'), 809) | ParamSetting(('lpg.params', 'param', 'lowmemory'), 'True') | ParamSetting(('lpg.params', 'param', 'static_noise'), 'True') | ParamSetting(('lpg.params', 'param', 'lowmemory'), 'True') | ParamSetting(('lpg.params', 'param', 'repeats'), 7) | ParamSetting(('lpg.params', 'param', 'lowmemory'), 'True') | ParamSetting(('lpg.params', 'param', 'restarts'), 20) | ParamSetting(('lpg.params', 'param', 'search_steps'), 139)"
2024-07-25 12:27:14,771	[INFO]	74      SUCCESS              +295839520.500000 (60.60%) [6 edit(s)] [cached] 
2024-07-25 12:27:14,771	[DEBUG]	patch(74)="ParamSetting(('lpg.params', 'param', 'search_steps'), 809) | ParamSetting(('lpg.params', 'param', 'lowmemory'), 'True') | ParamSetting(('lpg.params', 'param', 'static_noise'), 'True') | ParamSetting(('lpg.params', 'param', 'lowmemory'), 'True') | ParamSetting(('lpg.params', 'param', 'repeats'), 7) | ParamSetting(('lpg.params', 'param', 'restarts'), 20)"
2024-07-25 12:27:14,772	[INFO]	75      SUCCESS              +295839520.500000 (60.60%) [5 edit(s)] [cached] 
2024-07-25 12:27:14,772	[DEBUG]	patch(75)="ParamSetting(('lpg.params', 'param', 'search_steps'), 809) | ParamSetting(('lpg.params', 'param', 'static_noise'), 'True') | ParamSetting(('lpg.params', 'param', 'lowmemory'), 'True') | ParamSetting(('lpg.params', 'param', 'repeats'), 7) | ParamSetting(('lpg.params', 'param', 'restarts'), 20)"
2024-07-25 12:27:14,773	[INFO]	76      SUCCESS              +295839520.500000 (60.60%) [6 edit(s)] [cached] 
2024-07-25 12:27:14,773	[DEBUG]	patch(76)="ParamSetting(('lpg.params', 'param', 'search_steps'), 809) | ParamSetting(('lpg.params', 'param', 'static_noise'), 'True') | ParamSetting(('lpg.params', 'param', 'lowmemory'), 'True') | ParamSetting(('lpg.params', 'param', 'repeats'), 7) | ParamSetting(('lpg.params', 'param', 'restarts'), 20) | ParamSetting(('lpg.params', 'param', 'static_noise'), 'True')"
2024-07-25 12:27:14,773	[INFO]	77      SUCCESS              +295839520.500000 (60.60%) [5 edit(s)] [cached] 
2024-07-25 12:27:14,774	[DEBUG]	patch(77)="ParamSetting(('lpg.params', 'param', 'search_steps'), 809) | ParamSetting(('lpg.params', 'param', 'static_noise'), 'True') | ParamSetting(('lpg.params', 'param', 'lowmemory'), 'True') | ParamSetting(('lpg.params', 'param', 'repeats'), 7) | ParamSetting(('lpg.params', 'param', 'restarts'), 20)"
2024-07-25 12:28:07,503	[DEBUG]	EXEC>  TIMEOUT None
2024-07-25 12:28:07,504	[INFO]	78      RUN_TIMEOUT           None (--) [6 edit(s)]  
2024-07-25 12:28:07,504	[DEBUG]	patch(78)="ParamSetting(('lpg.params', 'param', 'search_steps'), 809) | ParamSetting(('lpg.params', 'param', 'static_noise'), 'True') | ParamSetting(('lpg.params', 'param', 'lowmemory'), 'True') | ParamSetting(('lpg.params', 'param', 'repeats'), 7) | ParamSetting(('lpg.params', 'param', 'restarts'), 20) | ParamSetting(('lpg.params', 'param', 'noise'), 0.4584431200297874)"
2024-07-25 12:28:07,505	[INFO]	79      SUCCESS               455393038.500000 (93.28%) [4 edit(s)] [cached] 
2024-07-25 12:28:07,505	[DEBUG]	patch(79)="ParamSetting(('lpg.params', 'param', 'static_noise'), 'True') | ParamSetting(('lpg.params', 'param', 'lowmemory'), 'True') | ParamSetting(('lpg.params', 'param', 'repeats'), 7) | ParamSetting(('lpg.params', 'param', 'restarts'), 20)"
2024-07-25 12:28:46,753	[DEBUG]	EXEC>  SUCCESS 296617679.5
2024-07-25 12:28:46,754	[INFO]	80      SUCCESS               296617679.500000 (60.76%) [6 edit(s)]  
2024-07-25 12:28:46,754	[DEBUG]	patch(80)="ParamSetting(('lpg.params', 'param', 'search_steps'), 809) | ParamSetting(('lpg.params', 'param', 'static_noise'), 'True') | ParamSetting(('lpg.params', 'param', 'lowmemory'), 'True') | ParamSetting(('lpg.params', 'param', 'repeats'), 7) | ParamSetting(('lpg.params', 'param', 'restarts'), 20) | ParamSetting(('lpg.params', 'param', 'repeats'), 12)"
2024-07-25 12:29:26,001	[DEBUG]	EXEC>  SUCCESS 296831713.25
2024-07-25 12:29:26,001	[INFO]	81      SUCCESS               296831713.250000 (60.80%) [6 edit(s)]  
2024-07-25 12:29:26,001	[DEBUG]	patch(81)="ParamSetting(('lpg.params', 'param', 'search_steps'), 809) | ParamSetting(('lpg.params', 'param', 'static_noise'), 'True') | ParamSetting(('lpg.params', 'param', 'lowmemory'), 'True') | ParamSetting(('lpg.params', 'param', 'repeats'), 7) | ParamSetting(('lpg.params', 'param', 'restarts'), 20) | ParamSetting(('lpg.params', 'param', 'repeats'), 13)"
2024-07-25 12:29:26,002	[INFO]	~~~~ END ~~~~
2024-07-25 12:29:26,002	[INFO]	
2024-07-25 12:29:26,002	[INFO]	==== REPORT ====
2024-07-25 12:29:26,002	[INFO]	Termination: time budget
2024-07-25 12:29:26,002	[INFO]	Retries: 4
2024-07-25 12:29:26,002	[INFO]	Log file: /home/dbouras/magpie/_magpie_logs/lpg_1721904961.log
2024-07-25 12:29:26,002	[INFO]	Patch file: _magpie_logs/lpg_1721904961.patch
2024-07-25 12:29:26,002	[INFO]	Diff file: _magpie_logs/lpg_1721904961.diff
2024-07-25 12:29:26,002	[INFO]	Reference fitness: 488204294.500000
2024-07-25 12:29:26,002	[INFO]	Best fitness: 295839520.500000
2024-07-25 12:29:26,002	[INFO]	
2024-07-25 12:29:26,003	[INFO]	==== BEST PATCH ====
ParamSetting(('lpg.params', 'param', 'search_steps'), 809) | ParamSetting(('lpg.params', 'param', 'lowmemory'), 'True') | ParamSetting(('lpg.params', 'param', 'static_noise'), 'True') | ParamSetting(('lpg.params', 'param', 'lowmemory'), 'True') | ParamSetting(('lpg.params', 'param', 'repeats'), 7) | ParamSetting(('lpg.params', 'param', 'lowmemory'), 'True') | ParamSetting(('lpg.params', 'param', 'static_noise'), 'True') | ParamSetting(('lpg.params', 'param', 'restarts'), 20)
2024-07-25 12:29:26,003	[INFO]	
2024-07-25 12:29:26,004	[INFO]	==== DIFF ====
[1m--- before: lpg.params[0m
[1m+++ after: lpg.params[0m
[36m@@ -1,6 +1,6 @@[0m
[31m-search_steps := 500[0m
[31m-restarts := 9[0m
[31m-repeats := 5[0m
[32m+search_steps := 809[0m
[32m+restarts := 20[0m
[32m+repeats := 7[0m
 noise := 0.1
[31m-static_noise := 'None'[0m
[31m-lowmemory := 'None'[0m
[32m+static_noise := 'True'[0m
[32m+lowmemory := 'True'[0m

