2024-06-29 22:23:49,301	[DEBUG]	==== CONFIG ====
[magpie]
import = 
seed = 2674410866857574
log_dir = _magpie_logs
work_dir = _magpie_work
local_original_copy = True
local_original_name = __original__
output_encoding = ascii
edit_retries = 10
default_timeout = 100
default_lengthout = 1e6
diff_method = unified
trust_local_filesystem = True
run_timeout = 100

[magpie.log]
color_output = True
format_info = {counter:<7} {status:<20} {best}{fitness} ({ratio}) [{size}] {cached} {log}
format_debug = patch({counter})="{patch}"{diffifbest}
format_fitness = {:.6f}
format_ratio = {:.2%%}
format_patchif = 
	 --> {patch}
format_diffif = 
	{diff}

[software]
path = examples/minisat
target_files = 
	core/Solver.cc.xml
software = BasicSoftware
model_rules = 
	*.params : ParamFileConfigModel
	*.xml : SrcmlModel
	* : LineModel
model_config = 
	*.params : [paramconfig]
	*.xml : [srcml]
init_cmd = bash init.sh
init_timeout = 60
init_lengthout = -1
setup_cmd = bash compile.sh
setup_timeout = 
setup_lengthout = 
compile_cmd = bash compile.sh
compile_timeout = 
compile_lengthout = 
test_cmd = bash test.sh
test_timeout = 
test_lengthout = 
run_cmd = perf stat -e cpu-clock bash run_fixed.sh
run_timeout = 
run_lengthout = 
retries = 4
batch_timeout = 
batch_lengthout = 
batch_bin_fitness_strategy = aggregate
batch_fitness_strategy = sum
fitness = perf_cpu_clock

[srcml]
rename = 
	stmt: break continue decl_stmt do expr_stmt for goto if return switch while
	number: literal_number
focus = block stmt operator_comp operator_arith number
internodes = block
process_pseudo_blocks = True
process_literals = True
process_operators = True

[paramconfig]
timing = test run
cli_prefix = --
cli_glue = =
cli_boolean = show
cli_boolean_prefix_true = 
cli_boolean_prefix_false = no-
cli_none = hide
silent_prefix = @
silent_suffix = $

[search]
protocol = BasicProtocol
algorithm = FirstImprovement
possible_edits = 
	SrcmlStmtReplacement
	SrcmlStmtInsertion
	SrcmlStmtDeletion
warmup = 3
warmup_strategy = last
max_steps = 10000
max_time = 1800
target_fitness = 
cache_maxsize = 100
cache_keep = 0.2
batch_instances = 
batch_shuffle = True
batch_bin_shuffle = False
batch_sample_size = 1

[search.ls]
delete_prob = 0.5
max_neighbours = 
when_trapped = continue
accept_fail = False
tabu_length = 10

[search.gp]
pop_size = 10
delete_prob = 0.5
offspring_elitism = 0.1
offspring_crossover = 0.5
offspring_mutation = 0.4
uniform_rate = 0.5
batch_reset = True

[search.minify]
do_cleanup = True
do_rebuild = True
do_simplify = True
round_robin_limit = 3


2024-06-29 22:23:49,301	[DEBUG]	
2024-06-29 22:23:49,301	[INFO]	==== SEARCH: FirstImprovement ====
2024-06-29 22:23:49,301	[INFO]	~~~~ WARMUP ~~~~
2024-06-29 22:24:49,150	[DEBUG]	EXEC>  SUCCESS 42.0
2024-06-29 22:24:49,150	[INFO]	WARM    SUCCESS               42.000000 (--) [0 edit(s)]  
2024-06-29 22:25:44,547	[DEBUG]	EXEC>  SUCCESS 54.5
2024-06-29 22:25:44,547	[INFO]	WARM    SUCCESS               54.500000 (--) [0 edit(s)]  
2024-06-29 22:26:39,747	[DEBUG]	EXEC>  SUCCESS 62.5
2024-06-29 22:26:39,747	[INFO]	WARM    SUCCESS               62.500000 (--) [0 edit(s)]  
2024-06-29 22:26:39,747	[INFO]	REF     SUCCESS               62.500000 (--) [0 edit(s)]  
2024-06-29 22:26:39,748	[INFO]	
2024-06-29 22:26:39,748	[INFO]	~~~~ START ~~~~
2024-06-29 22:26:41,579	[INFO]	1       TEST_CODE_ERROR       None (--) [1 edit(s)]  
2024-06-29 22:26:41,579	[DEBUG]	patch(1)="SrcmlStmtReplacement(('core/Solver.cc.xml', 'stmt', 421), ('core/Solver.cc.xml', 'stmt', 168))"
2024-06-29 22:26:42,028	[INFO]	2       COMPILE_CODE_ERROR    None (--) [1 edit(s)]  
2024-06-29 22:26:42,028	[DEBUG]	patch(2)="SrcmlStmtInsertion(('core/Solver.cc.xml', '_inter_block', 231), ('core/Solver.cc.xml', 'stmt', 123))"
2024-06-29 22:26:43,767	[INFO]	3       TEST_CODE_ERROR       None (--) [1 edit(s)]  
2024-06-29 22:26:43,767	[DEBUG]	patch(3)="SrcmlStmtInsertion(('core/Solver.cc.xml', '_inter_block', 259), ('core/Solver.cc.xml', 'stmt', 358))"
2024-06-29 22:27:40,931	[DEBUG]	EXEC>  SUCCESS 52.0
2024-06-29 22:27:40,931	[INFO]	4       SUCCESS              *52.000000 (83.20%) [1 edit(s)]  
2024-06-29 22:27:40,931	[DEBUG]	patch(4)="SrcmlStmtInsertion(('core/Solver.cc.xml', '_inter_block', 533), ('core/Solver.cc.xml', 'stmt', 303))"
--- before: core/Solver.cc
+++ after: core/Solver.cc
@@ -989,6 +989,7 @@
                     /*auto*/{
                         mapVar(var(c[j]), map, max);
                     }/*auto*/
+                    return l_Undef;
                 }/*auto*/
         }
         

2024-06-29 22:27:40,935	[INFO]	5       SUCCESS               62.500000 (100.00%) [0 edit(s)] [cached] 
2024-06-29 22:27:40,935	[DEBUG]	patch(5)=""
2024-06-29 22:27:41,378	[INFO]	6       COMPILE_CODE_ERROR    None (--) [2 edit(s)]  
2024-06-29 22:27:41,378	[DEBUG]	patch(6)="SrcmlStmtInsertion(('core/Solver.cc.xml', '_inter_block', 533), ('core/Solver.cc.xml', 'stmt', 303)) | SrcmlStmtDeletion(('core/Solver.cc.xml', 'stmt', 94))"
2024-06-29 22:27:43,199	[INFO]	7       TEST_CODE_ERROR       None (--) [2 edit(s)]  
2024-06-29 22:27:43,199	[DEBUG]	patch(7)="SrcmlStmtInsertion(('core/Solver.cc.xml', '_inter_block', 533), ('core/Solver.cc.xml', 'stmt', 303)) | SrcmlStmtDeletion(('core/Solver.cc.xml', 'stmt', 149))"
2024-06-29 22:27:43,643	[INFO]	8       COMPILE_CODE_ERROR    None (--) [2 edit(s)]  
2024-06-29 22:27:43,643	[DEBUG]	patch(8)="SrcmlStmtInsertion(('core/Solver.cc.xml', '_inter_block', 533), ('core/Solver.cc.xml', 'stmt', 303)) | SrcmlStmtInsertion(('core/Solver.cc.xml', '_inter_block', 343), ('core/Solver.cc.xml', 'stmt', 338))"
2024-06-29 22:27:44,084	[INFO]	9       COMPILE_CODE_ERROR    None (--) [2 edit(s)]  
2024-06-29 22:27:44,084	[DEBUG]	patch(9)="SrcmlStmtInsertion(('core/Solver.cc.xml', '_inter_block', 533), ('core/Solver.cc.xml', 'stmt', 303)) | SrcmlStmtReplacement(('core/Solver.cc.xml', 'stmt', 296), ('core/Solver.cc.xml', 'stmt', 400))"
2024-06-29 22:27:44,525	[INFO]	10      COMPILE_CODE_ERROR    None (--) [2 edit(s)]  
2024-06-29 22:27:44,525	[DEBUG]	patch(10)="SrcmlStmtInsertion(('core/Solver.cc.xml', '_inter_block', 533), ('core/Solver.cc.xml', 'stmt', 303)) | SrcmlStmtReplacement(('core/Solver.cc.xml', 'stmt', 252), ('core/Solver.cc.xml', 'stmt', 166))"
2024-06-29 22:28:41,010	[DEBUG]	EXEC>  SUCCESS 45.5
2024-06-29 22:28:41,011	[INFO]	11      SUCCESS              *45.500000 (72.80%) [2 edit(s)]  
2024-06-29 22:28:41,011	[DEBUG]	patch(11)="SrcmlStmtInsertion(('core/Solver.cc.xml', '_inter_block', 533), ('core/Solver.cc.xml', 'stmt', 303)) | SrcmlStmtReplacement(('core/Solver.cc.xml', 'stmt', 182), ('core/Solver.cc.xml', 'stmt', 26))"
--- before: core/Solver.cc
+++ after: core/Solver.cc
@@ -484,13 +484,7 @@
                 out_conflict.push(~trail[i]);
             }else{
                 Clause& c = ca[reason(x)];
-                for (int j = 1; j < c.size(); j++)
-                    /*auto*/{
-                        if (level(var(c[j])) > 0)
-                        /*auto*/{
-                            seen[var(c[j])] = 1;
-                        }/*auto*/
-                    }/*auto*/
+                return false;
             }
             seen[x] = 0;
         }
@@ -989,6 +983,7 @@
                     /*auto*/{
                         mapVar(var(c[j]), map, max);
                     }/*auto*/
+                    return l_Undef;
                 }/*auto*/
         }
         

2024-06-29 22:28:41,017	[INFO]	12      SUCCESS               52.000000 (83.20%) [1 edit(s)] [cached] 
2024-06-29 22:28:41,017	[DEBUG]	patch(12)="SrcmlStmtInsertion(('core/Solver.cc.xml', '_inter_block', 533), ('core/Solver.cc.xml', 'stmt', 303))"
2024-06-29 22:29:38,396	[DEBUG]	EXEC>  SUCCESS 73.25
2024-06-29 22:29:38,396	[INFO]	13      SUCCESS               73.250000 (117.20%) [1 edit(s)]  
2024-06-29 22:29:38,396	[DEBUG]	patch(13)="SrcmlStmtReplacement(('core/Solver.cc.xml', 'stmt', 182), ('core/Solver.cc.xml', 'stmt', 26))"
2024-06-29 22:29:40,281	[INFO]	14      TEST_CODE_ERROR       None (--) [3 edit(s)]  
2024-06-29 22:29:40,281	[DEBUG]	patch(14)="SrcmlStmtInsertion(('core/Solver.cc.xml', '_inter_block', 533), ('core/Solver.cc.xml', 'stmt', 303)) | SrcmlStmtReplacement(('core/Solver.cc.xml', 'stmt', 182), ('core/Solver.cc.xml', 'stmt', 26)) | SrcmlStmtReplacement(('core/Solver.cc.xml', 'stmt', 278), ('core/Solver.cc.xml', 'stmt', 286))"
2024-06-29 22:29:40,733	[INFO]	15      COMPILE_CODE_ERROR    None (--) [3 edit(s)]  
2024-06-29 22:29:40,733	[DEBUG]	patch(15)="SrcmlStmtInsertion(('core/Solver.cc.xml', '_inter_block', 533), ('core/Solver.cc.xml', 'stmt', 303)) | SrcmlStmtReplacement(('core/Solver.cc.xml', 'stmt', 182), ('core/Solver.cc.xml', 'stmt', 26)) | SrcmlStmtReplacement(('core/Solver.cc.xml', 'stmt', 62), ('core/Solver.cc.xml', 'stmt', 204))"
2024-06-29 22:29:41,176	[INFO]	16      COMPILE_CODE_ERROR    None (--) [3 edit(s)]  
2024-06-29 22:29:41,177	[DEBUG]	patch(16)="SrcmlStmtInsertion(('core/Solver.cc.xml', '_inter_block', 533), ('core/Solver.cc.xml', 'stmt', 303)) | SrcmlStmtReplacement(('core/Solver.cc.xml', 'stmt', 182), ('core/Solver.cc.xml', 'stmt', 26)) | SrcmlStmtReplacement(('core/Solver.cc.xml', 'stmt', 1), ('core/Solver.cc.xml', 'stmt', 266))"
2024-06-29 22:31:04,786	[DEBUG]	EXEC>  SUCCESS 59.75
2024-06-29 22:31:04,787	[INFO]	17      SUCCESS               59.750000 (95.60%) [3 edit(s)]  
2024-06-29 22:31:04,787	[DEBUG]	patch(17)="SrcmlStmtInsertion(('core/Solver.cc.xml', '_inter_block', 533), ('core/Solver.cc.xml', 'stmt', 303)) | SrcmlStmtReplacement(('core/Solver.cc.xml', 'stmt', 182), ('core/Solver.cc.xml', 'stmt', 26)) | SrcmlStmtDeletion(('core/Solver.cc.xml', 'stmt', 307))"
2024-06-29 22:31:05,235	[INFO]	18      COMPILE_CODE_ERROR    None (--) [3 edit(s)]  
2024-06-29 22:31:05,235	[DEBUG]	patch(18)="SrcmlStmtInsertion(('core/Solver.cc.xml', '_inter_block', 533), ('core/Solver.cc.xml', 'stmt', 303)) | SrcmlStmtReplacement(('core/Solver.cc.xml', 'stmt', 182), ('core/Solver.cc.xml', 'stmt', 26)) | SrcmlStmtReplacement(('core/Solver.cc.xml', 'stmt', 299), ('core/Solver.cc.xml', 'stmt', 178))"
2024-06-29 22:31:05,682	[INFO]	19      COMPILE_CODE_ERROR    None (--) [3 edit(s)]  
2024-06-29 22:31:05,682	[DEBUG]	patch(19)="SrcmlStmtInsertion(('core/Solver.cc.xml', '_inter_block', 533), ('core/Solver.cc.xml', 'stmt', 303)) | SrcmlStmtReplacement(('core/Solver.cc.xml', 'stmt', 182), ('core/Solver.cc.xml', 'stmt', 26)) | SrcmlStmtReplacement(('core/Solver.cc.xml', 'stmt', 406), ('core/Solver.cc.xml', 'stmt', 230))"
2024-06-29 22:31:06,129	[INFO]	20      COMPILE_CODE_ERROR    None (--) [3 edit(s)]  
2024-06-29 22:31:06,130	[DEBUG]	patch(20)="SrcmlStmtInsertion(('core/Solver.cc.xml', '_inter_block', 533), ('core/Solver.cc.xml', 'stmt', 303)) | SrcmlStmtReplacement(('core/Solver.cc.xml', 'stmt', 182), ('core/Solver.cc.xml', 'stmt', 26)) | SrcmlStmtReplacement(('core/Solver.cc.xml', 'stmt', 110), ('core/Solver.cc.xml', 'stmt', 282))"
2024-06-29 22:31:06,579	[INFO]	21      COMPILE_CODE_ERROR    None (--) [3 edit(s)]  
2024-06-29 22:31:06,579	[DEBUG]	patch(21)="SrcmlStmtInsertion(('core/Solver.cc.xml', '_inter_block', 533), ('core/Solver.cc.xml', 'stmt', 303)) | SrcmlStmtReplacement(('core/Solver.cc.xml', 'stmt', 182), ('core/Solver.cc.xml', 'stmt', 26)) | SrcmlStmtReplacement(('core/Solver.cc.xml', 'stmt', 266), ('core/Solver.cc.xml', 'stmt', 283))"
2024-06-29 22:31:07,025	[INFO]	22      COMPILE_CODE_ERROR    None (--) [3 edit(s)]  
2024-06-29 22:31:07,026	[DEBUG]	patch(22)="SrcmlStmtInsertion(('core/Solver.cc.xml', '_inter_block', 533), ('core/Solver.cc.xml', 'stmt', 303)) | SrcmlStmtReplacement(('core/Solver.cc.xml', 'stmt', 182), ('core/Solver.cc.xml', 'stmt', 26)) | SrcmlStmtReplacement(('core/Solver.cc.xml', 'stmt', 180), ('core/Solver.cc.xml', 'stmt', 129))"
2024-06-29 22:31:08,890	[INFO]	23      TEST_CODE_ERROR       None (--) [3 edit(s)]  
2024-06-29 22:31:08,890	[DEBUG]	patch(23)="SrcmlStmtInsertion(('core/Solver.cc.xml', '_inter_block', 533), ('core/Solver.cc.xml', 'stmt', 303)) | SrcmlStmtReplacement(('core/Solver.cc.xml', 'stmt', 182), ('core/Solver.cc.xml', 'stmt', 26)) | SrcmlStmtDeletion(('core/Solver.cc.xml', 'stmt', 423))"
2024-06-29 22:31:09,338	[INFO]	24      COMPILE_CODE_ERROR    None (--) [3 edit(s)]  
2024-06-29 22:31:09,338	[DEBUG]	patch(24)="SrcmlStmtInsertion(('core/Solver.cc.xml', '_inter_block', 533), ('core/Solver.cc.xml', 'stmt', 303)) | SrcmlStmtReplacement(('core/Solver.cc.xml', 'stmt', 182), ('core/Solver.cc.xml', 'stmt', 26)) | SrcmlStmtReplacement(('core/Solver.cc.xml', 'stmt', 68), ('core/Solver.cc.xml', 'stmt', 421))"
2024-06-29 22:32:05,382	[DEBUG]	EXEC>  SUCCESS 43.75
2024-06-29 22:32:05,383	[INFO]	25      SUCCESS              *43.750000 (70.00%) [3 edit(s)]  
2024-06-29 22:32:05,383	[DEBUG]	patch(25)="SrcmlStmtInsertion(('core/Solver.cc.xml', '_inter_block', 533), ('core/Solver.cc.xml', 'stmt', 303)) | SrcmlStmtReplacement(('core/Solver.cc.xml', 'stmt', 182), ('core/Solver.cc.xml', 'stmt', 26)) | SrcmlStmtDeletion(('core/Solver.cc.xml', 'stmt', 14))"
--- before: core/Solver.cc
+++ after: core/Solver.cc
@@ -115,7 +115,7 @@
 {
     int v = nVars();
     watches  .init(mkLit(v, false));
-    watches  .init(mkLit(v, true ));
+    
     assigns  .push(l_Undef);
     vardata  .push(mkVarData(CRef_Undef, 0));
     //activity .push(0);
@@ -484,13 +484,7 @@
                 out_conflict.push(~trail[i]);
             }else{
                 Clause& c = ca[reason(x)];
-                for (int j = 1; j < c.size(); j++)
-                    /*auto*/{
-                        if (level(var(c[j])) > 0)
-                        /*auto*/{
-                            seen[var(c[j])] = 1;
-                        }/*auto*/
-                    }/*auto*/
+                return false;
             }
             seen[x] = 0;
         }
@@ -989,6 +983,7 @@
                     /*auto*/{
                         mapVar(var(c[j]), map, max);
                     }/*auto*/
+                    return l_Undef;
                 }/*auto*/
         }
         

2024-06-29 22:33:02,004	[DEBUG]	EXEC>  SUCCESS 50.0
2024-06-29 22:33:02,004	[INFO]	26      SUCCESS               50.000000 (80.00%) [4 edit(s)]  
2024-06-29 22:33:02,004	[DEBUG]	patch(26)="SrcmlStmtInsertion(('core/Solver.cc.xml', '_inter_block', 533), ('core/Solver.cc.xml', 'stmt', 303)) | SrcmlStmtReplacement(('core/Solver.cc.xml', 'stmt', 182), ('core/Solver.cc.xml', 'stmt', 26)) | SrcmlStmtDeletion(('core/Solver.cc.xml', 'stmt', 14)) | SrcmlStmtDeletion(('core/Solver.cc.xml', 'stmt', 32))"
2024-06-29 22:33:59,419	[DEBUG]	EXEC>  SUCCESS 77.0
2024-06-29 22:33:59,420	[INFO]	27      SUCCESS               77.000000 (123.20%) [2 edit(s)]  
2024-06-29 22:33:59,420	[DEBUG]	patch(27)="SrcmlStmtReplacement(('core/Solver.cc.xml', 'stmt', 182), ('core/Solver.cc.xml', 'stmt', 26)) | SrcmlStmtDeletion(('core/Solver.cc.xml', 'stmt', 14))"
2024-06-29 22:33:59,428	[INFO]	28      SUCCESS               45.500000 (72.80%) [2 edit(s)] [cached] 
2024-06-29 22:33:59,428	[DEBUG]	patch(28)="SrcmlStmtInsertion(('core/Solver.cc.xml', '_inter_block', 533), ('core/Solver.cc.xml', 'stmt', 303)) | SrcmlStmtReplacement(('core/Solver.cc.xml', 'stmt', 182), ('core/Solver.cc.xml', 'stmt', 26))"
2024-06-29 22:34:55,996	[DEBUG]	EXEC>  SUCCESS 68.0
2024-06-29 22:34:55,996	[INFO]	29      SUCCESS               68.000000 (108.80%) [2 edit(s)]  
2024-06-29 22:34:55,996	[DEBUG]	patch(29)="SrcmlStmtInsertion(('core/Solver.cc.xml', '_inter_block', 533), ('core/Solver.cc.xml', 'stmt', 303)) | SrcmlStmtDeletion(('core/Solver.cc.xml', 'stmt', 14))"
2024-06-29 22:34:56,439	[INFO]	30      COMPILE_CODE_ERROR    None (--) [4 edit(s)]  
2024-06-29 22:34:56,439	[DEBUG]	patch(30)="SrcmlStmtInsertion(('core/Solver.cc.xml', '_inter_block', 533), ('core/Solver.cc.xml', 'stmt', 303)) | SrcmlStmtReplacement(('core/Solver.cc.xml', 'stmt', 182), ('core/Solver.cc.xml', 'stmt', 26)) | SrcmlStmtDeletion(('core/Solver.cc.xml', 'stmt', 14)) | SrcmlStmtReplacement(('core/Solver.cc.xml', 'stmt', 422), ('core/Solver.cc.xml', 'stmt', 21))"
2024-06-29 22:34:56,885	[INFO]	31      COMPILE_CODE_ERROR    None (--) [4 edit(s)]  
2024-06-29 22:34:56,885	[DEBUG]	patch(31)="SrcmlStmtInsertion(('core/Solver.cc.xml', '_inter_block', 533), ('core/Solver.cc.xml', 'stmt', 303)) | SrcmlStmtReplacement(('core/Solver.cc.xml', 'stmt', 182), ('core/Solver.cc.xml', 'stmt', 26)) | SrcmlStmtDeletion(('core/Solver.cc.xml', 'stmt', 14)) | SrcmlStmtInsertion(('core/Solver.cc.xml', '_inter_block', 547), ('core/Solver.cc.xml', 'stmt', 230))"
2024-06-29 22:34:57,329	[INFO]	32      COMPILE_CODE_ERROR    None (--) [4 edit(s)]  
2024-06-29 22:34:57,329	[DEBUG]	patch(32)="SrcmlStmtInsertion(('core/Solver.cc.xml', '_inter_block', 533), ('core/Solver.cc.xml', 'stmt', 303)) | SrcmlStmtReplacement(('core/Solver.cc.xml', 'stmt', 182), ('core/Solver.cc.xml', 'stmt', 26)) | SrcmlStmtDeletion(('core/Solver.cc.xml', 'stmt', 14)) | SrcmlStmtReplacement(('core/Solver.cc.xml', 'stmt', 133), ('core/Solver.cc.xml', 'stmt', 23))"
2024-06-29 22:34:57,828	[INFO]	33      COMPILE_CODE_ERROR    None (--) [4 edit(s)]  
2024-06-29 22:34:57,829	[DEBUG]	patch(33)="SrcmlStmtInsertion(('core/Solver.cc.xml', '_inter_block', 533), ('core/Solver.cc.xml', 'stmt', 303)) | SrcmlStmtReplacement(('core/Solver.cc.xml', 'stmt', 182), ('core/Solver.cc.xml', 'stmt', 26)) | SrcmlStmtDeletion(('core/Solver.cc.xml', 'stmt', 14)) | SrcmlStmtReplacement(('core/Solver.cc.xml', 'stmt', 77), ('core/Solver.cc.xml', 'stmt', 223))"
2024-06-29 22:34:58,274	[INFO]	34      COMPILE_CODE_ERROR    None (--) [4 edit(s)]  
2024-06-29 22:34:58,274	[DEBUG]	patch(34)="SrcmlStmtInsertion(('core/Solver.cc.xml', '_inter_block', 533), ('core/Solver.cc.xml', 'stmt', 303)) | SrcmlStmtReplacement(('core/Solver.cc.xml', 'stmt', 182), ('core/Solver.cc.xml', 'stmt', 26)) | SrcmlStmtDeletion(('core/Solver.cc.xml', 'stmt', 14)) | SrcmlStmtReplacement(('core/Solver.cc.xml', 'stmt', 66), ('core/Solver.cc.xml', 'stmt', 381))"
2024-06-29 22:35:55,391	[DEBUG]	EXEC>  SUCCESS 55.5
2024-06-29 22:35:55,392	[INFO]	35      SUCCESS               55.500000 (88.80%) [4 edit(s)]  
2024-06-29 22:35:55,392	[DEBUG]	patch(35)="SrcmlStmtInsertion(('core/Solver.cc.xml', '_inter_block', 533), ('core/Solver.cc.xml', 'stmt', 303)) | SrcmlStmtReplacement(('core/Solver.cc.xml', 'stmt', 182), ('core/Solver.cc.xml', 'stmt', 26)) | SrcmlStmtDeletion(('core/Solver.cc.xml', 'stmt', 14)) | SrcmlStmtDeletion(('core/Solver.cc.xml', 'stmt', 128))"
2024-06-29 22:36:53,687	[DEBUG]	EXEC>  SUCCESS 26.25
2024-06-29 22:36:53,687	[INFO]	36      SUCCESS              *26.250000 (42.00%) [4 edit(s)]  
2024-06-29 22:36:53,687	[DEBUG]	patch(36)="SrcmlStmtInsertion(('core/Solver.cc.xml', '_inter_block', 533), ('core/Solver.cc.xml', 'stmt', 303)) | SrcmlStmtReplacement(('core/Solver.cc.xml', 'stmt', 182), ('core/Solver.cc.xml', 'stmt', 26)) | SrcmlStmtDeletion(('core/Solver.cc.xml', 'stmt', 14)) | SrcmlStmtInsertion(('core/Solver.cc.xml', '_inter_block', 93), ('core/Solver.cc.xml', 'stmt', 295))"
--- before: core/Solver.cc
+++ after: core/Solver.cc
@@ -115,7 +115,7 @@
 {
     int v = nVars();
     watches  .init(mkLit(v, false));
-    watches  .init(mkLit(v, true ));
+    
     assigns  .push(l_Undef);
     vardata  .push(mkVarData(CRef_Undef, 0));
     //activity .push(0);
@@ -240,6 +240,7 @@
             if (phase_saving > 1 || (phase_saving == 1) && c > trail_lim.last())
                 /*auto*/{
                     polarity[x] = sign(trail[c]);
+                    learntsize_adjust_confl *= learntsize_adjust_inc;
                 }/*auto*/
             insertVarOrder(x); }
         qhead = trail_lim[level];
@@ -484,13 +485,7 @@
                 out_conflict.push(~trail[i]);
             }else{
                 Clause& c = ca[reason(x)];
-                for (int j = 1; j < c.size(); j++)
-                    /*auto*/{
-                        if (level(var(c[j])) > 0)
-                        /*auto*/{
-                            seen[var(c[j])] = 1;
-                        }/*auto*/
-                    }/*auto*/
+                return false;
             }
             seen[x] = 0;
         }
@@ -989,6 +984,7 @@
                     /*auto*/{
                         mapVar(var(c[j]), map, max);
                     }/*auto*/
+                    return l_Undef;
                 }/*auto*/
         }
         

2024-06-29 22:37:52,607	[DEBUG]	EXEC>  SUCCESS 36.0
2024-06-29 22:37:52,607	[INFO]	37      SUCCESS               36.000000 (57.60%) [3 edit(s)]  
2024-06-29 22:37:52,607	[DEBUG]	patch(37)="SrcmlStmtReplacement(('core/Solver.cc.xml', 'stmt', 182), ('core/Solver.cc.xml', 'stmt', 26)) | SrcmlStmtDeletion(('core/Solver.cc.xml', 'stmt', 14)) | SrcmlStmtInsertion(('core/Solver.cc.xml', '_inter_block', 93), ('core/Solver.cc.xml', 'stmt', 295))"
2024-06-29 22:37:53,050	[INFO]	38      COMPILE_CODE_ERROR    None (--) [5 edit(s)]  
2024-06-29 22:37:53,050	[DEBUG]	patch(38)="SrcmlStmtInsertion(('core/Solver.cc.xml', '_inter_block', 533), ('core/Solver.cc.xml', 'stmt', 303)) | SrcmlStmtReplacement(('core/Solver.cc.xml', 'stmt', 182), ('core/Solver.cc.xml', 'stmt', 26)) | SrcmlStmtDeletion(('core/Solver.cc.xml', 'stmt', 14)) | SrcmlStmtInsertion(('core/Solver.cc.xml', '_inter_block', 93), ('core/Solver.cc.xml', 'stmt', 295)) | SrcmlStmtDeletion(('core/Solver.cc.xml', 'stmt', 424))"
2024-06-29 22:38:51,626	[DEBUG]	EXEC>  SUCCESS 40.0
2024-06-29 22:38:51,627	[INFO]	39      SUCCESS               40.000000 (64.00%) [3 edit(s)]  
2024-06-29 22:38:51,627	[DEBUG]	patch(39)="SrcmlStmtInsertion(('core/Solver.cc.xml', '_inter_block', 533), ('core/Solver.cc.xml', 'stmt', 303)) | SrcmlStmtDeletion(('core/Solver.cc.xml', 'stmt', 14)) | SrcmlStmtInsertion(('core/Solver.cc.xml', '_inter_block', 93), ('core/Solver.cc.xml', 'stmt', 295))"
2024-06-29 22:38:52,075	[INFO]	40      COMPILE_CODE_ERROR    None (--) [5 edit(s)]  
2024-06-29 22:38:52,075	[DEBUG]	patch(40)="SrcmlStmtInsertion(('core/Solver.cc.xml', '_inter_block', 533), ('core/Solver.cc.xml', 'stmt', 303)) | SrcmlStmtReplacement(('core/Solver.cc.xml', 'stmt', 182), ('core/Solver.cc.xml', 'stmt', 26)) | SrcmlStmtDeletion(('core/Solver.cc.xml', 'stmt', 14)) | SrcmlStmtInsertion(('core/Solver.cc.xml', '_inter_block', 93), ('core/Solver.cc.xml', 'stmt', 295)) | SrcmlStmtInsertion(('core/Solver.cc.xml', '_inter_block', 470), ('core/Solver.cc.xml', 'stmt', 216))"
2024-06-29 22:38:52,517	[INFO]	41      COMPILE_CODE_ERROR    None (--) [5 edit(s)]  
2024-06-29 22:38:52,517	[DEBUG]	patch(41)="SrcmlStmtInsertion(('core/Solver.cc.xml', '_inter_block', 533), ('core/Solver.cc.xml', 'stmt', 303)) | SrcmlStmtReplacement(('core/Solver.cc.xml', 'stmt', 182), ('core/Solver.cc.xml', 'stmt', 26)) | SrcmlStmtDeletion(('core/Solver.cc.xml', 'stmt', 14)) | SrcmlStmtInsertion(('core/Solver.cc.xml', '_inter_block', 93), ('core/Solver.cc.xml', 'stmt', 295)) | SrcmlStmtDeletion(('core/Solver.cc.xml', 'stmt', 233))"
2024-06-29 22:38:52,527	[INFO]	42      SUCCESS              +26.250000 (42.00%) [5 edit(s)] [cached] 
2024-06-29 22:38:52,527	[DEBUG]	patch(42)="SrcmlStmtInsertion(('core/Solver.cc.xml', '_inter_block', 533), ('core/Solver.cc.xml', 'stmt', 303)) | SrcmlStmtReplacement(('core/Solver.cc.xml', 'stmt', 182), ('core/Solver.cc.xml', 'stmt', 26)) | SrcmlStmtDeletion(('core/Solver.cc.xml', 'stmt', 14)) | SrcmlStmtInsertion(('core/Solver.cc.xml', '_inter_block', 93), ('core/Solver.cc.xml', 'stmt', 295)) | SrcmlStmtDeletion(('core/Solver.cc.xml', 'stmt', 399))"
2024-06-29 22:38:52,972	[INFO]	43      COMPILE_CODE_ERROR    None (--) [6 edit(s)]  
2024-06-29 22:38:52,973	[DEBUG]	patch(43)="SrcmlStmtInsertion(('core/Solver.cc.xml', '_inter_block', 533), ('core/Solver.cc.xml', 'stmt', 303)) | SrcmlStmtReplacement(('core/Solver.cc.xml', 'stmt', 182), ('core/Solver.cc.xml', 'stmt', 26)) | SrcmlStmtDeletion(('core/Solver.cc.xml', 'stmt', 14)) | SrcmlStmtInsertion(('core/Solver.cc.xml', '_inter_block', 93), ('core/Solver.cc.xml', 'stmt', 295)) | SrcmlStmtDeletion(('core/Solver.cc.xml', 'stmt', 399)) | SrcmlStmtInsertion(('core/Solver.cc.xml', '_inter_block', 519), ('core/Solver.cc.xml', 'stmt', 134))"
2024-06-29 22:39:52,217	[DEBUG]	EXEC>  SUCCESS 76.25
2024-06-29 22:39:52,217	[INFO]	44      SUCCESS               76.250000 (122.00%) [4 edit(s)]  
2024-06-29 22:39:52,217	[DEBUG]	patch(44)="SrcmlStmtReplacement(('core/Solver.cc.xml', 'stmt', 182), ('core/Solver.cc.xml', 'stmt', 26)) | SrcmlStmtDeletion(('core/Solver.cc.xml', 'stmt', 14)) | SrcmlStmtInsertion(('core/Solver.cc.xml', '_inter_block', 93), ('core/Solver.cc.xml', 'stmt', 295)) | SrcmlStmtDeletion(('core/Solver.cc.xml', 'stmt', 399))"
2024-06-29 22:39:52,660	[INFO]	45      COMPILE_CODE_ERROR    None (--) [6 edit(s)]  
2024-06-29 22:39:52,660	[DEBUG]	patch(45)="SrcmlStmtInsertion(('core/Solver.cc.xml', '_inter_block', 533), ('core/Solver.cc.xml', 'stmt', 303)) | SrcmlStmtReplacement(('core/Solver.cc.xml', 'stmt', 182), ('core/Solver.cc.xml', 'stmt', 26)) | SrcmlStmtDeletion(('core/Solver.cc.xml', 'stmt', 14)) | SrcmlStmtInsertion(('core/Solver.cc.xml', '_inter_block', 93), ('core/Solver.cc.xml', 'stmt', 295)) | SrcmlStmtDeletion(('core/Solver.cc.xml', 'stmt', 399)) | SrcmlStmtReplacement(('core/Solver.cc.xml', 'stmt', 81), ('core/Solver.cc.xml', 'stmt', 111))"
2024-06-29 22:39:52,669	[INFO]	46      SUCCESS               43.750000 (70.00%) [4 edit(s)] [cached] 
2024-06-29 22:39:52,669	[DEBUG]	patch(46)="SrcmlStmtInsertion(('core/Solver.cc.xml', '_inter_block', 533), ('core/Solver.cc.xml', 'stmt', 303)) | SrcmlStmtReplacement(('core/Solver.cc.xml', 'stmt', 182), ('core/Solver.cc.xml', 'stmt', 26)) | SrcmlStmtDeletion(('core/Solver.cc.xml', 'stmt', 14)) | SrcmlStmtDeletion(('core/Solver.cc.xml', 'stmt', 399))"
2024-06-29 22:40:56,141	[DEBUG]	EXEC>  SUCCESS 58.25
2024-06-29 22:40:56,141	[INFO]	47      SUCCESS               58.250000 (93.20%) [6 edit(s)]  
2024-06-29 22:40:56,142	[DEBUG]	patch(47)="SrcmlStmtInsertion(('core/Solver.cc.xml', '_inter_block', 533), ('core/Solver.cc.xml', 'stmt', 303)) | SrcmlStmtReplacement(('core/Solver.cc.xml', 'stmt', 182), ('core/Solver.cc.xml', 'stmt', 26)) | SrcmlStmtDeletion(('core/Solver.cc.xml', 'stmt', 14)) | SrcmlStmtInsertion(('core/Solver.cc.xml', '_inter_block', 93), ('core/Solver.cc.xml', 'stmt', 295)) | SrcmlStmtDeletion(('core/Solver.cc.xml', 'stmt', 399)) | SrcmlStmtDeletion(('core/Solver.cc.xml', 'stmt', 227))"
2024-06-29 22:41:53,273	[DEBUG]	EXEC>  SUCCESS 34.75
2024-06-29 22:41:53,273	[INFO]	48      SUCCESS               34.750000 (55.60%) [6 edit(s)]  
2024-06-29 22:41:53,273	[DEBUG]	patch(48)="SrcmlStmtInsertion(('core/Solver.cc.xml', '_inter_block', 533), ('core/Solver.cc.xml', 'stmt', 303)) | SrcmlStmtReplacement(('core/Solver.cc.xml', 'stmt', 182), ('core/Solver.cc.xml', 'stmt', 26)) | SrcmlStmtDeletion(('core/Solver.cc.xml', 'stmt', 14)) | SrcmlStmtInsertion(('core/Solver.cc.xml', '_inter_block', 93), ('core/Solver.cc.xml', 'stmt', 295)) | SrcmlStmtDeletion(('core/Solver.cc.xml', 'stmt', 399)) | SrcmlStmtInsertion(('core/Solver.cc.xml', '_inter_block', 379), ('core/Solver.cc.xml', 'stmt', 297))"
2024-06-29 22:41:55,127	[INFO]	49      TEST_CODE_ERROR       None (--) [6 edit(s)]  
2024-06-29 22:41:55,127	[DEBUG]	patch(49)="SrcmlStmtInsertion(('core/Solver.cc.xml', '_inter_block', 533), ('core/Solver.cc.xml', 'stmt', 303)) | SrcmlStmtReplacement(('core/Solver.cc.xml', 'stmt', 182), ('core/Solver.cc.xml', 'stmt', 26)) | SrcmlStmtDeletion(('core/Solver.cc.xml', 'stmt', 14)) | SrcmlStmtInsertion(('core/Solver.cc.xml', '_inter_block', 93), ('core/Solver.cc.xml', 'stmt', 295)) | SrcmlStmtDeletion(('core/Solver.cc.xml', 'stmt', 399)) | SrcmlStmtDeletion(('core/Solver.cc.xml', 'stmt', 80))"
2024-06-29 22:41:55,579	[INFO]	50      COMPILE_CODE_ERROR    None (--) [6 edit(s)]  
2024-06-29 22:41:55,579	[DEBUG]	patch(50)="SrcmlStmtInsertion(('core/Solver.cc.xml', '_inter_block', 533), ('core/Solver.cc.xml', 'stmt', 303)) | SrcmlStmtReplacement(('core/Solver.cc.xml', 'stmt', 182), ('core/Solver.cc.xml', 'stmt', 26)) | SrcmlStmtDeletion(('core/Solver.cc.xml', 'stmt', 14)) | SrcmlStmtInsertion(('core/Solver.cc.xml', '_inter_block', 93), ('core/Solver.cc.xml', 'stmt', 295)) | SrcmlStmtDeletion(('core/Solver.cc.xml', 'stmt', 399)) | SrcmlStmtInsertion(('core/Solver.cc.xml', '_inter_block', 181), ('core/Solver.cc.xml', 'stmt', 47))"
2024-06-29 22:41:56,025	[INFO]	51      COMPILE_CODE_ERROR    None (--) [6 edit(s)]  
2024-06-29 22:41:56,025	[DEBUG]	patch(51)="SrcmlStmtInsertion(('core/Solver.cc.xml', '_inter_block', 533), ('core/Solver.cc.xml', 'stmt', 303)) | SrcmlStmtReplacement(('core/Solver.cc.xml', 'stmt', 182), ('core/Solver.cc.xml', 'stmt', 26)) | SrcmlStmtDeletion(('core/Solver.cc.xml', 'stmt', 14)) | SrcmlStmtInsertion(('core/Solver.cc.xml', '_inter_block', 93), ('core/Solver.cc.xml', 'stmt', 295)) | SrcmlStmtDeletion(('core/Solver.cc.xml', 'stmt', 399)) | SrcmlStmtInsertion(('core/Solver.cc.xml', '_inter_block', 50), ('core/Solver.cc.xml', 'stmt', 412))"
2024-06-29 22:41:57,855	[INFO]	52      TEST_CODE_ERROR       None (--) [6 edit(s)]  
2024-06-29 22:41:57,855	[DEBUG]	patch(52)="SrcmlStmtInsertion(('core/Solver.cc.xml', '_inter_block', 533), ('core/Solver.cc.xml', 'stmt', 303)) | SrcmlStmtReplacement(('core/Solver.cc.xml', 'stmt', 182), ('core/Solver.cc.xml', 'stmt', 26)) | SrcmlStmtDeletion(('core/Solver.cc.xml', 'stmt', 14)) | SrcmlStmtInsertion(('core/Solver.cc.xml', '_inter_block', 93), ('core/Solver.cc.xml', 'stmt', 295)) | SrcmlStmtDeletion(('core/Solver.cc.xml', 'stmt', 399)) | SrcmlStmtDeletion(('core/Solver.cc.xml', 'stmt', 411))"
2024-06-29 22:41:59,727	[INFO]	53      TEST_CODE_ERROR       None (--) [6 edit(s)]  
2024-06-29 22:41:59,727	[DEBUG]	patch(53)="SrcmlStmtInsertion(('core/Solver.cc.xml', '_inter_block', 533), ('core/Solver.cc.xml', 'stmt', 303)) | SrcmlStmtReplacement(('core/Solver.cc.xml', 'stmt', 182), ('core/Solver.cc.xml', 'stmt', 26)) | SrcmlStmtDeletion(('core/Solver.cc.xml', 'stmt', 14)) | SrcmlStmtInsertion(('core/Solver.cc.xml', '_inter_block', 93), ('core/Solver.cc.xml', 'stmt', 295)) | SrcmlStmtDeletion(('core/Solver.cc.xml', 'stmt', 399)) | SrcmlStmtReplacement(('core/Solver.cc.xml', 'stmt', 43), ('core/Solver.cc.xml', 'stmt', 339))"
2024-06-29 22:42:00,173	[INFO]	54      COMPILE_CODE_ERROR    None (--) [6 edit(s)]  
2024-06-29 22:42:00,173	[DEBUG]	patch(54)="SrcmlStmtInsertion(('core/Solver.cc.xml', '_inter_block', 533), ('core/Solver.cc.xml', 'stmt', 303)) | SrcmlStmtReplacement(('core/Solver.cc.xml', 'stmt', 182), ('core/Solver.cc.xml', 'stmt', 26)) | SrcmlStmtDeletion(('core/Solver.cc.xml', 'stmt', 14)) | SrcmlStmtInsertion(('core/Solver.cc.xml', '_inter_block', 93), ('core/Solver.cc.xml', 'stmt', 295)) | SrcmlStmtDeletion(('core/Solver.cc.xml', 'stmt', 399)) | SrcmlStmtReplacement(('core/Solver.cc.xml', 'stmt', 207), ('core/Solver.cc.xml', 'stmt', 321))"
2024-06-29 22:42:59,326	[DEBUG]	EXEC>  SUCCESS 40.25
2024-06-29 22:42:59,327	[INFO]	55      SUCCESS               40.250000 (64.40%) [4 edit(s)]  
2024-06-29 22:42:59,327	[DEBUG]	patch(55)="SrcmlStmtInsertion(('core/Solver.cc.xml', '_inter_block', 533), ('core/Solver.cc.xml', 'stmt', 303)) | SrcmlStmtReplacement(('core/Solver.cc.xml', 'stmt', 182), ('core/Solver.cc.xml', 'stmt', 26)) | SrcmlStmtInsertion(('core/Solver.cc.xml', '_inter_block', 93), ('core/Solver.cc.xml', 'stmt', 295)) | SrcmlStmtDeletion(('core/Solver.cc.xml', 'stmt', 399))"
2024-06-29 22:43:01,185	[INFO]	56      TEST_CODE_ERROR       None (--) [6 edit(s)]  
2024-06-29 22:43:01,185	[DEBUG]	patch(56)="SrcmlStmtInsertion(('core/Solver.cc.xml', '_inter_block', 533), ('core/Solver.cc.xml', 'stmt', 303)) | SrcmlStmtReplacement(('core/Solver.cc.xml', 'stmt', 182), ('core/Solver.cc.xml', 'stmt', 26)) | SrcmlStmtDeletion(('core/Solver.cc.xml', 'stmt', 14)) | SrcmlStmtInsertion(('core/Solver.cc.xml', '_inter_block', 93), ('core/Solver.cc.xml', 'stmt', 295)) | SrcmlStmtDeletion(('core/Solver.cc.xml', 'stmt', 399)) | SrcmlStmtDeletion(('core/Solver.cc.xml', 'stmt', 111))"
2024-06-29 22:43:01,195	[INFO]	57      SUCCESS              +26.250000 (42.00%) [4 edit(s)] [cached] 
2024-06-29 22:43:01,195	[DEBUG]	patch(57)="SrcmlStmtInsertion(('core/Solver.cc.xml', '_inter_block', 533), ('core/Solver.cc.xml', 'stmt', 303)) | SrcmlStmtReplacement(('core/Solver.cc.xml', 'stmt', 182), ('core/Solver.cc.xml', 'stmt', 26)) | SrcmlStmtDeletion(('core/Solver.cc.xml', 'stmt', 14)) | SrcmlStmtInsertion(('core/Solver.cc.xml', '_inter_block', 93), ('core/Solver.cc.xml', 'stmt', 295))"
2024-06-29 22:43:03,061	[INFO]	58      TEST_CODE_ERROR       None (--) [5 edit(s)]  
2024-06-29 22:43:03,061	[DEBUG]	patch(58)="SrcmlStmtInsertion(('core/Solver.cc.xml', '_inter_block', 533), ('core/Solver.cc.xml', 'stmt', 303)) | SrcmlStmtReplacement(('core/Solver.cc.xml', 'stmt', 182), ('core/Solver.cc.xml', 'stmt', 26)) | SrcmlStmtDeletion(('core/Solver.cc.xml', 'stmt', 14)) | SrcmlStmtInsertion(('core/Solver.cc.xml', '_inter_block', 93), ('core/Solver.cc.xml', 'stmt', 295)) | SrcmlStmtDeletion(('core/Solver.cc.xml', 'stmt', 282))"
2024-06-29 22:44:01,236	[DEBUG]	EXEC>  SUCCESS 57.5
2024-06-29 22:44:01,236	[INFO]	59      SUCCESS               57.500000 (92.00%) [5 edit(s)]  
2024-06-29 22:44:01,236	[DEBUG]	patch(59)="SrcmlStmtInsertion(('core/Solver.cc.xml', '_inter_block', 533), ('core/Solver.cc.xml', 'stmt', 303)) | SrcmlStmtReplacement(('core/Solver.cc.xml', 'stmt', 182), ('core/Solver.cc.xml', 'stmt', 26)) | SrcmlStmtDeletion(('core/Solver.cc.xml', 'stmt', 14)) | SrcmlStmtInsertion(('core/Solver.cc.xml', '_inter_block', 93), ('core/Solver.cc.xml', 'stmt', 295)) | SrcmlStmtDeletion(('core/Solver.cc.xml', 'stmt', 39))"
2024-06-29 22:44:59,875	[DEBUG]	EXEC>  SUCCESS 63.5
2024-06-29 22:44:59,876	[INFO]	60      SUCCESS               63.500000 (101.60%) [5 edit(s)]  
2024-06-29 22:44:59,876	[DEBUG]	patch(60)="SrcmlStmtInsertion(('core/Solver.cc.xml', '_inter_block', 533), ('core/Solver.cc.xml', 'stmt', 303)) | SrcmlStmtReplacement(('core/Solver.cc.xml', 'stmt', 182), ('core/Solver.cc.xml', 'stmt', 26)) | SrcmlStmtDeletion(('core/Solver.cc.xml', 'stmt', 14)) | SrcmlStmtInsertion(('core/Solver.cc.xml', '_inter_block', 93), ('core/Solver.cc.xml', 'stmt', 295)) | SrcmlStmtInsertion(('core/Solver.cc.xml', '_inter_block', 292), ('core/Solver.cc.xml', 'stmt', 409))"
2024-06-29 22:44:59,884	[INFO]	61      SUCCESS               36.000000 (57.60%) [3 edit(s)] [cached] 
2024-06-29 22:44:59,884	[DEBUG]	patch(61)="SrcmlStmtReplacement(('core/Solver.cc.xml', 'stmt', 182), ('core/Solver.cc.xml', 'stmt', 26)) | SrcmlStmtDeletion(('core/Solver.cc.xml', 'stmt', 14)) | SrcmlStmtInsertion(('core/Solver.cc.xml', '_inter_block', 93), ('core/Solver.cc.xml', 'stmt', 295))"
2024-06-29 22:44:59,892	[INFO]	62      SUCCESS               43.750000 (70.00%) [3 edit(s)] [cached] 
2024-06-29 22:44:59,892	[DEBUG]	patch(62)="SrcmlStmtInsertion(('core/Solver.cc.xml', '_inter_block', 533), ('core/Solver.cc.xml', 'stmt', 303)) | SrcmlStmtReplacement(('core/Solver.cc.xml', 'stmt', 182), ('core/Solver.cc.xml', 'stmt', 26)) | SrcmlStmtDeletion(('core/Solver.cc.xml', 'stmt', 14))"
2024-06-29 22:45:00,336	[INFO]	63      COMPILE_CODE_ERROR    None (--) [5 edit(s)]  
2024-06-29 22:45:00,336	[DEBUG]	patch(63)="SrcmlStmtInsertion(('core/Solver.cc.xml', '_inter_block', 533), ('core/Solver.cc.xml', 'stmt', 303)) | SrcmlStmtReplacement(('core/Solver.cc.xml', 'stmt', 182), ('core/Solver.cc.xml', 'stmt', 26)) | SrcmlStmtDeletion(('core/Solver.cc.xml', 'stmt', 14)) | SrcmlStmtInsertion(('core/Solver.cc.xml', '_inter_block', 93), ('core/Solver.cc.xml', 'stmt', 295)) | SrcmlStmtInsertion(('core/Solver.cc.xml', '_inter_block', 146), ('core/Solver.cc.xml', 'stmt', 85))"
2024-06-29 22:45:00,345	[INFO]	64      SUCCESS               40.000000 (64.00%) [3 edit(s)] [cached] 
2024-06-29 22:45:00,345	[DEBUG]	patch(64)="SrcmlStmtInsertion(('core/Solver.cc.xml', '_inter_block', 533), ('core/Solver.cc.xml', 'stmt', 303)) | SrcmlStmtDeletion(('core/Solver.cc.xml', 'stmt', 14)) | SrcmlStmtInsertion(('core/Solver.cc.xml', '_inter_block', 93), ('core/Solver.cc.xml', 'stmt', 295))"
2024-06-29 22:45:02,190	[INFO]	65      TEST_CODE_ERROR       None (--) [5 edit(s)]  
2024-06-29 22:45:02,191	[DEBUG]	patch(65)="SrcmlStmtInsertion(('core/Solver.cc.xml', '_inter_block', 533), ('core/Solver.cc.xml', 'stmt', 303)) | SrcmlStmtReplacement(('core/Solver.cc.xml', 'stmt', 182), ('core/Solver.cc.xml', 'stmt', 26)) | SrcmlStmtDeletion(('core/Solver.cc.xml', 'stmt', 14)) | SrcmlStmtInsertion(('core/Solver.cc.xml', '_inter_block', 93), ('core/Solver.cc.xml', 'stmt', 295)) | SrcmlStmtInsertion(('core/Solver.cc.xml', '_inter_block', 436), ('core/Solver.cc.xml', 'stmt', 24))"
2024-06-29 22:45:02,200	[INFO]	66      SUCCESS               40.250000 (64.40%) [3 edit(s)] [cached] 
2024-06-29 22:45:02,200	[DEBUG]	patch(66)="SrcmlStmtInsertion(('core/Solver.cc.xml', '_inter_block', 533), ('core/Solver.cc.xml', 'stmt', 303)) | SrcmlStmtReplacement(('core/Solver.cc.xml', 'stmt', 182), ('core/Solver.cc.xml', 'stmt', 26)) | SrcmlStmtInsertion(('core/Solver.cc.xml', '_inter_block', 93), ('core/Solver.cc.xml', 'stmt', 295))"
2024-06-29 22:46:00,669	[DEBUG]	EXEC>  SUCCESS 44.5
2024-06-29 22:46:00,669	[INFO]	67      SUCCESS               44.500000 (71.20%) [5 edit(s)]  
2024-06-29 22:46:00,670	[DEBUG]	patch(67)="SrcmlStmtInsertion(('core/Solver.cc.xml', '_inter_block', 533), ('core/Solver.cc.xml', 'stmt', 303)) | SrcmlStmtReplacement(('core/Solver.cc.xml', 'stmt', 182), ('core/Solver.cc.xml', 'stmt', 26)) | SrcmlStmtDeletion(('core/Solver.cc.xml', 'stmt', 14)) | SrcmlStmtInsertion(('core/Solver.cc.xml', '_inter_block', 93), ('core/Solver.cc.xml', 'stmt', 295)) | SrcmlStmtDeletion(('core/Solver.cc.xml', 'stmt', 126))"
2024-06-29 22:46:02,535	[INFO]	68      TEST_CODE_ERROR       None (--) [5 edit(s)]  
2024-06-29 22:46:02,535	[DEBUG]	patch(68)="SrcmlStmtInsertion(('core/Solver.cc.xml', '_inter_block', 533), ('core/Solver.cc.xml', 'stmt', 303)) | SrcmlStmtReplacement(('core/Solver.cc.xml', 'stmt', 182), ('core/Solver.cc.xml', 'stmt', 26)) | SrcmlStmtDeletion(('core/Solver.cc.xml', 'stmt', 14)) | SrcmlStmtInsertion(('core/Solver.cc.xml', '_inter_block', 93), ('core/Solver.cc.xml', 'stmt', 295)) | SrcmlStmtDeletion(('core/Solver.cc.xml', 'stmt', 218))"
2024-06-29 22:46:03,000	[INFO]	69      COMPILE_CODE_ERROR    None (--) [5 edit(s)]  
2024-06-29 22:46:03,000	[DEBUG]	patch(69)="SrcmlStmtInsertion(('core/Solver.cc.xml', '_inter_block', 533), ('core/Solver.cc.xml', 'stmt', 303)) | SrcmlStmtReplacement(('core/Solver.cc.xml', 'stmt', 182), ('core/Solver.cc.xml', 'stmt', 26)) | SrcmlStmtDeletion(('core/Solver.cc.xml', 'stmt', 14)) | SrcmlStmtInsertion(('core/Solver.cc.xml', '_inter_block', 93), ('core/Solver.cc.xml', 'stmt', 295)) | SrcmlStmtReplacement(('core/Solver.cc.xml', 'stmt', 94), ('core/Solver.cc.xml', 'stmt', 33))"
2024-06-29 22:46:03,448	[INFO]	70      COMPILE_CODE_ERROR    None (--) [5 edit(s)]  
2024-06-29 22:46:03,448	[DEBUG]	patch(70)="SrcmlStmtInsertion(('core/Solver.cc.xml', '_inter_block', 533), ('core/Solver.cc.xml', 'stmt', 303)) | SrcmlStmtReplacement(('core/Solver.cc.xml', 'stmt', 182), ('core/Solver.cc.xml', 'stmt', 26)) | SrcmlStmtDeletion(('core/Solver.cc.xml', 'stmt', 14)) | SrcmlStmtInsertion(('core/Solver.cc.xml', '_inter_block', 93), ('core/Solver.cc.xml', 'stmt', 295)) | SrcmlStmtInsertion(('core/Solver.cc.xml', '_inter_block', 137), ('core/Solver.cc.xml', 'stmt', 333))"
2024-06-29 22:46:03,459	[INFO]	71      SUCCESS              +26.250000 (42.00%) [5 edit(s)] [cached] 
2024-06-29 22:46:03,459	[DEBUG]	patch(71)="SrcmlStmtInsertion(('core/Solver.cc.xml', '_inter_block', 533), ('core/Solver.cc.xml', 'stmt', 303)) | SrcmlStmtReplacement(('core/Solver.cc.xml', 'stmt', 182), ('core/Solver.cc.xml', 'stmt', 26)) | SrcmlStmtDeletion(('core/Solver.cc.xml', 'stmt', 14)) | SrcmlStmtInsertion(('core/Solver.cc.xml', '_inter_block', 93), ('core/Solver.cc.xml', 'stmt', 295)) | SrcmlStmtReplacement(('core/Solver.cc.xml', 'stmt', 399), ('core/Solver.cc.xml', 'stmt', 321))"
2024-06-29 22:46:03,901	[INFO]	72      COMPILE_CODE_ERROR    None (--) [6 edit(s)]  
2024-06-29 22:46:03,901	[DEBUG]	patch(72)="SrcmlStmtInsertion(('core/Solver.cc.xml', '_inter_block', 533), ('core/Solver.cc.xml', 'stmt', 303)) | SrcmlStmtReplacement(('core/Solver.cc.xml', 'stmt', 182), ('core/Solver.cc.xml', 'stmt', 26)) | SrcmlStmtDeletion(('core/Solver.cc.xml', 'stmt', 14)) | SrcmlStmtInsertion(('core/Solver.cc.xml', '_inter_block', 93), ('core/Solver.cc.xml', 'stmt', 295)) | SrcmlStmtReplacement(('core/Solver.cc.xml', 'stmt', 399), ('core/Solver.cc.xml', 'stmt', 321)) | SrcmlStmtInsertion(('core/Solver.cc.xml', '_inter_block', 234), ('core/Solver.cc.xml', 'stmt', 66))"
2024-06-29 22:46:04,344	[INFO]	73      COMPILE_CODE_ERROR    None (--) [6 edit(s)]  
2024-06-29 22:46:04,344	[DEBUG]	patch(73)="SrcmlStmtInsertion(('core/Solver.cc.xml', '_inter_block', 533), ('core/Solver.cc.xml', 'stmt', 303)) | SrcmlStmtReplacement(('core/Solver.cc.xml', 'stmt', 182), ('core/Solver.cc.xml', 'stmt', 26)) | SrcmlStmtDeletion(('core/Solver.cc.xml', 'stmt', 14)) | SrcmlStmtInsertion(('core/Solver.cc.xml', '_inter_block', 93), ('core/Solver.cc.xml', 'stmt', 295)) | SrcmlStmtReplacement(('core/Solver.cc.xml', 'stmt', 399), ('core/Solver.cc.xml', 'stmt', 321)) | SrcmlStmtReplacement(('core/Solver.cc.xml', 'stmt', 93), ('core/Solver.cc.xml', 'stmt', 375))"
2024-06-29 22:46:04,355	[INFO]	74      SUCCESS              +26.250000 (42.00%) [4 edit(s)] [cached] 
2024-06-29 22:46:04,355	[DEBUG]	patch(74)="SrcmlStmtInsertion(('core/Solver.cc.xml', '_inter_block', 533), ('core/Solver.cc.xml', 'stmt', 303)) | SrcmlStmtReplacement(('core/Solver.cc.xml', 'stmt', 182), ('core/Solver.cc.xml', 'stmt', 26)) | SrcmlStmtDeletion(('core/Solver.cc.xml', 'stmt', 14)) | SrcmlStmtInsertion(('core/Solver.cc.xml', '_inter_block', 93), ('core/Solver.cc.xml', 'stmt', 295))"
2024-06-29 22:46:04,363	[INFO]	75      SUCCESS               43.750000 (70.00%) [3 edit(s)] [cached] 
2024-06-29 22:46:04,363	[DEBUG]	patch(75)="SrcmlStmtInsertion(('core/Solver.cc.xml', '_inter_block', 533), ('core/Solver.cc.xml', 'stmt', 303)) | SrcmlStmtReplacement(('core/Solver.cc.xml', 'stmt', 182), ('core/Solver.cc.xml', 'stmt', 26)) | SrcmlStmtDeletion(('core/Solver.cc.xml', 'stmt', 14))"
2024-06-29 22:47:28,000	[DEBUG]	EXEC>  SUCCESS 43.5
2024-06-29 22:47:28,000	[INFO]	76      SUCCESS               43.500000 (69.60%) [5 edit(s)]  
2024-06-29 22:47:28,000	[DEBUG]	patch(76)="SrcmlStmtInsertion(('core/Solver.cc.xml', '_inter_block', 533), ('core/Solver.cc.xml', 'stmt', 303)) | SrcmlStmtReplacement(('core/Solver.cc.xml', 'stmt', 182), ('core/Solver.cc.xml', 'stmt', 26)) | SrcmlStmtDeletion(('core/Solver.cc.xml', 'stmt', 14)) | SrcmlStmtInsertion(('core/Solver.cc.xml', '_inter_block', 93), ('core/Solver.cc.xml', 'stmt', 295)) | SrcmlStmtDeletion(('core/Solver.cc.xml', 'stmt', 306))"
2024-06-29 22:47:29,832	[INFO]	77      TEST_CODE_ERROR       None (--) [5 edit(s)]  
2024-06-29 22:47:29,832	[DEBUG]	patch(77)="SrcmlStmtInsertion(('core/Solver.cc.xml', '_inter_block', 533), ('core/Solver.cc.xml', 'stmt', 303)) | SrcmlStmtReplacement(('core/Solver.cc.xml', 'stmt', 182), ('core/Solver.cc.xml', 'stmt', 26)) | SrcmlStmtDeletion(('core/Solver.cc.xml', 'stmt', 14)) | SrcmlStmtInsertion(('core/Solver.cc.xml', '_inter_block', 93), ('core/Solver.cc.xml', 'stmt', 295)) | SrcmlStmtInsertion(('core/Solver.cc.xml', '_inter_block', 50), ('core/Solver.cc.xml', 'stmt', 315))"
2024-06-29 22:47:29,841	[INFO]	78      SUCCESS               40.000000 (64.00%) [3 edit(s)] [cached] 
2024-06-29 22:47:29,841	[DEBUG]	patch(78)="SrcmlStmtInsertion(('core/Solver.cc.xml', '_inter_block', 533), ('core/Solver.cc.xml', 'stmt', 303)) | SrcmlStmtDeletion(('core/Solver.cc.xml', 'stmt', 14)) | SrcmlStmtInsertion(('core/Solver.cc.xml', '_inter_block', 93), ('core/Solver.cc.xml', 'stmt', 295))"
2024-06-29 22:47:30,286	[INFO]	79      COMPILE_CODE_ERROR    None (--) [5 edit(s)]  
2024-06-29 22:47:30,286	[DEBUG]	patch(79)="SrcmlStmtInsertion(('core/Solver.cc.xml', '_inter_block', 533), ('core/Solver.cc.xml', 'stmt', 303)) | SrcmlStmtReplacement(('core/Solver.cc.xml', 'stmt', 182), ('core/Solver.cc.xml', 'stmt', 26)) | SrcmlStmtDeletion(('core/Solver.cc.xml', 'stmt', 14)) | SrcmlStmtInsertion(('core/Solver.cc.xml', '_inter_block', 93), ('core/Solver.cc.xml', 'stmt', 295)) | SrcmlStmtInsertion(('core/Solver.cc.xml', '_inter_block', 36), ('core/Solver.cc.xml', 'stmt', 137))"
2024-06-29 22:47:30,731	[INFO]	80      COMPILE_CODE_ERROR    None (--) [5 edit(s)]  
2024-06-29 22:47:30,731	[DEBUG]	patch(80)="SrcmlStmtInsertion(('core/Solver.cc.xml', '_inter_block', 533), ('core/Solver.cc.xml', 'stmt', 303)) | SrcmlStmtReplacement(('core/Solver.cc.xml', 'stmt', 182), ('core/Solver.cc.xml', 'stmt', 26)) | SrcmlStmtDeletion(('core/Solver.cc.xml', 'stmt', 14)) | SrcmlStmtInsertion(('core/Solver.cc.xml', '_inter_block', 93), ('core/Solver.cc.xml', 'stmt', 295)) | SrcmlStmtReplacement(('core/Solver.cc.xml', 'stmt', 258), ('core/Solver.cc.xml', 'stmt', 69))"
2024-06-29 22:48:33,483	[DEBUG]	EXEC>  SUCCESS 49.5
2024-06-29 22:48:33,483	[INFO]	81      SUCCESS               49.500000 (79.20%) [5 edit(s)]  
2024-06-29 22:48:33,483	[DEBUG]	patch(81)="SrcmlStmtInsertion(('core/Solver.cc.xml', '_inter_block', 533), ('core/Solver.cc.xml', 'stmt', 303)) | SrcmlStmtReplacement(('core/Solver.cc.xml', 'stmt', 182), ('core/Solver.cc.xml', 'stmt', 26)) | SrcmlStmtDeletion(('core/Solver.cc.xml', 'stmt', 14)) | SrcmlStmtInsertion(('core/Solver.cc.xml', '_inter_block', 93), ('core/Solver.cc.xml', 'stmt', 295)) | SrcmlStmtDeletion(('core/Solver.cc.xml', 'stmt', 226))"
2024-06-29 22:48:33,493	[INFO]	82      SUCCESS               40.250000 (64.40%) [3 edit(s)] [cached] 
2024-06-29 22:48:33,493	[DEBUG]	patch(82)="SrcmlStmtInsertion(('core/Solver.cc.xml', '_inter_block', 533), ('core/Solver.cc.xml', 'stmt', 303)) | SrcmlStmtReplacement(('core/Solver.cc.xml', 'stmt', 182), ('core/Solver.cc.xml', 'stmt', 26)) | SrcmlStmtInsertion(('core/Solver.cc.xml', '_inter_block', 93), ('core/Solver.cc.xml', 'stmt', 295))"
2024-06-29 22:49:22,128	[DEBUG]	EXEC>  LENGTHOUT None
2024-06-29 22:49:22,128	[INFO]	83      RUN_LENGTHOUT         None (--) [5 edit(s)]  
2024-06-29 22:49:22,128	[DEBUG]	patch(83)="SrcmlStmtInsertion(('core/Solver.cc.xml', '_inter_block', 533), ('core/Solver.cc.xml', 'stmt', 303)) | SrcmlStmtReplacement(('core/Solver.cc.xml', 'stmt', 182), ('core/Solver.cc.xml', 'stmt', 26)) | SrcmlStmtDeletion(('core/Solver.cc.xml', 'stmt', 14)) | SrcmlStmtInsertion(('core/Solver.cc.xml', '_inter_block', 93), ('core/Solver.cc.xml', 'stmt', 295)) | SrcmlStmtInsertion(('core/Solver.cc.xml', '_inter_block', 242), ('core/Solver.cc.xml', 'stmt', 349))"
2024-06-29 22:49:54,270	[DEBUG]	EXEC>  SUCCESS 59.0
2024-06-29 22:49:54,270	[INFO]	84      SUCCESS               59.000000 (94.40%) [5 edit(s)]  
2024-06-29 22:49:54,270	[DEBUG]	patch(84)="SrcmlStmtInsertion(('core/Solver.cc.xml', '_inter_block', 533), ('core/Solver.cc.xml', 'stmt', 303)) | SrcmlStmtReplacement(('core/Solver.cc.xml', 'stmt', 182), ('core/Solver.cc.xml', 'stmt', 26)) | SrcmlStmtDeletion(('core/Solver.cc.xml', 'stmt', 14)) | SrcmlStmtInsertion(('core/Solver.cc.xml', '_inter_block', 93), ('core/Solver.cc.xml', 'stmt', 295)) | SrcmlStmtDeletion(('core/Solver.cc.xml', 'stmt', 290))"
2024-06-29 22:49:54,278	[INFO]	85      SUCCESS               36.000000 (57.60%) [3 edit(s)] [cached] 
2024-06-29 22:49:54,278	[DEBUG]	patch(85)="SrcmlStmtReplacement(('core/Solver.cc.xml', 'stmt', 182), ('core/Solver.cc.xml', 'stmt', 26)) | SrcmlStmtDeletion(('core/Solver.cc.xml', 'stmt', 14)) | SrcmlStmtInsertion(('core/Solver.cc.xml', '_inter_block', 93), ('core/Solver.cc.xml', 'stmt', 295))"
2024-06-29 22:49:54,726	[INFO]	86      COMPILE_CODE_ERROR    None (--) [5 edit(s)]  
2024-06-29 22:49:54,726	[DEBUG]	patch(86)="SrcmlStmtInsertion(('core/Solver.cc.xml', '_inter_block', 533), ('core/Solver.cc.xml', 'stmt', 303)) | SrcmlStmtReplacement(('core/Solver.cc.xml', 'stmt', 182), ('core/Solver.cc.xml', 'stmt', 26)) | SrcmlStmtDeletion(('core/Solver.cc.xml', 'stmt', 14)) | SrcmlStmtInsertion(('core/Solver.cc.xml', '_inter_block', 93), ('core/Solver.cc.xml', 'stmt', 295)) | SrcmlStmtInsertion(('core/Solver.cc.xml', '_inter_block', 481), ('core/Solver.cc.xml', 'stmt', 284))"
2024-06-29 22:49:54,737	[INFO]	87      SUCCESS              +26.250000 (42.00%) [5 edit(s)] [cached] 
2024-06-29 22:49:54,737	[DEBUG]	patch(87)="SrcmlStmtInsertion(('core/Solver.cc.xml', '_inter_block', 533), ('core/Solver.cc.xml', 'stmt', 303)) | SrcmlStmtReplacement(('core/Solver.cc.xml', 'stmt', 182), ('core/Solver.cc.xml', 'stmt', 26)) | SrcmlStmtDeletion(('core/Solver.cc.xml', 'stmt', 14)) | SrcmlStmtInsertion(('core/Solver.cc.xml', '_inter_block', 93), ('core/Solver.cc.xml', 'stmt', 295)) | SrcmlStmtInsertion(('core/Solver.cc.xml', '_inter_block', 239), ('core/Solver.cc.xml', 'stmt', 159))"
2024-06-29 22:50:53,169	[DEBUG]	EXEC>  SUCCESS 56.5
2024-06-29 22:50:53,169	[INFO]	88      SUCCESS               56.500000 (90.40%) [6 edit(s)]  
2024-06-29 22:50:53,169	[DEBUG]	patch(88)="SrcmlStmtInsertion(('core/Solver.cc.xml', '_inter_block', 533), ('core/Solver.cc.xml', 'stmt', 303)) | SrcmlStmtReplacement(('core/Solver.cc.xml', 'stmt', 182), ('core/Solver.cc.xml', 'stmt', 26)) | SrcmlStmtDeletion(('core/Solver.cc.xml', 'stmt', 14)) | SrcmlStmtInsertion(('core/Solver.cc.xml', '_inter_block', 93), ('core/Solver.cc.xml', 'stmt', 295)) | SrcmlStmtInsertion(('core/Solver.cc.xml', '_inter_block', 239), ('core/Solver.cc.xml', 'stmt', 159)) | SrcmlStmtInsertion(('core/Solver.cc.xml', '_inter_block', 404), ('core/Solver.cc.xml', 'stmt', 5))"
2024-06-29 22:50:53,611	[INFO]	89      COMPILE_CODE_ERROR    None (--) [6 edit(s)]  
2024-06-29 22:50:53,611	[DEBUG]	patch(89)="SrcmlStmtInsertion(('core/Solver.cc.xml', '_inter_block', 533), ('core/Solver.cc.xml', 'stmt', 303)) | SrcmlStmtReplacement(('core/Solver.cc.xml', 'stmt', 182), ('core/Solver.cc.xml', 'stmt', 26)) | SrcmlStmtDeletion(('core/Solver.cc.xml', 'stmt', 14)) | SrcmlStmtInsertion(('core/Solver.cc.xml', '_inter_block', 93), ('core/Solver.cc.xml', 'stmt', 295)) | SrcmlStmtInsertion(('core/Solver.cc.xml', '_inter_block', 239), ('core/Solver.cc.xml', 'stmt', 159)) | SrcmlStmtDeletion(('core/Solver.cc.xml', 'stmt', 62))"
2024-06-29 22:50:55,437	[INFO]	90      TEST_CODE_ERROR       None (--) [6 edit(s)]  
2024-06-29 22:50:55,437	[DEBUG]	patch(90)="SrcmlStmtInsertion(('core/Solver.cc.xml', '_inter_block', 533), ('core/Solver.cc.xml', 'stmt', 303)) | SrcmlStmtReplacement(('core/Solver.cc.xml', 'stmt', 182), ('core/Solver.cc.xml', 'stmt', 26)) | SrcmlStmtDeletion(('core/Solver.cc.xml', 'stmt', 14)) | SrcmlStmtInsertion(('core/Solver.cc.xml', '_inter_block', 93), ('core/Solver.cc.xml', 'stmt', 295)) | SrcmlStmtInsertion(('core/Solver.cc.xml', '_inter_block', 239), ('core/Solver.cc.xml', 'stmt', 159)) | SrcmlStmtReplacement(('core/Solver.cc.xml', 'stmt', 27), ('core/Solver.cc.xml', 'stmt', 155))"
2024-06-29 22:50:55,448	[INFO]	91      SUCCESS              +26.250000 (42.00%) [4 edit(s)] [cached] 
2024-06-29 22:50:55,448	[DEBUG]	patch(91)="SrcmlStmtInsertion(('core/Solver.cc.xml', '_inter_block', 533), ('core/Solver.cc.xml', 'stmt', 303)) | SrcmlStmtReplacement(('core/Solver.cc.xml', 'stmt', 182), ('core/Solver.cc.xml', 'stmt', 26)) | SrcmlStmtDeletion(('core/Solver.cc.xml', 'stmt', 14)) | SrcmlStmtInsertion(('core/Solver.cc.xml', '_inter_block', 93), ('core/Solver.cc.xml', 'stmt', 295))"
2024-06-29 22:50:57,271	[INFO]	92      TEST_CODE_ERROR       None (--) [5 edit(s)]  
2024-06-29 22:50:57,271	[DEBUG]	patch(92)="SrcmlStmtInsertion(('core/Solver.cc.xml', '_inter_block', 533), ('core/Solver.cc.xml', 'stmt', 303)) | SrcmlStmtReplacement(('core/Solver.cc.xml', 'stmt', 182), ('core/Solver.cc.xml', 'stmt', 26)) | SrcmlStmtDeletion(('core/Solver.cc.xml', 'stmt', 14)) | SrcmlStmtInsertion(('core/Solver.cc.xml', '_inter_block', 93), ('core/Solver.cc.xml', 'stmt', 295)) | SrcmlStmtInsertion(('core/Solver.cc.xml', '_inter_block', 403), ('core/Solver.cc.xml', 'stmt', 264))"
2024-06-29 22:50:57,279	[INFO]	93      SUCCESS               36.000000 (57.60%) [3 edit(s)] [cached] 
2024-06-29 22:50:57,280	[DEBUG]	patch(93)="SrcmlStmtReplacement(('core/Solver.cc.xml', 'stmt', 182), ('core/Solver.cc.xml', 'stmt', 26)) | SrcmlStmtDeletion(('core/Solver.cc.xml', 'stmt', 14)) | SrcmlStmtInsertion(('core/Solver.cc.xml', '_inter_block', 93), ('core/Solver.cc.xml', 'stmt', 295))"
2024-06-29 22:50:57,289	[INFO]	94      SUCCESS               40.250000 (64.40%) [3 edit(s)] [cached] 
2024-06-29 22:50:57,289	[DEBUG]	patch(94)="SrcmlStmtInsertion(('core/Solver.cc.xml', '_inter_block', 533), ('core/Solver.cc.xml', 'stmt', 303)) | SrcmlStmtReplacement(('core/Solver.cc.xml', 'stmt', 182), ('core/Solver.cc.xml', 'stmt', 26)) | SrcmlStmtInsertion(('core/Solver.cc.xml', '_inter_block', 93), ('core/Solver.cc.xml', 'stmt', 295))"
2024-06-29 22:50:57,297	[INFO]	95      SUCCESS               40.000000 (64.00%) [3 edit(s)] [cached] 
2024-06-29 22:50:57,298	[DEBUG]	patch(95)="SrcmlStmtInsertion(('core/Solver.cc.xml', '_inter_block', 533), ('core/Solver.cc.xml', 'stmt', 303)) | SrcmlStmtDeletion(('core/Solver.cc.xml', 'stmt', 14)) | SrcmlStmtInsertion(('core/Solver.cc.xml', '_inter_block', 93), ('core/Solver.cc.xml', 'stmt', 295))"
2024-06-29 22:50:57,746	[INFO]	96      COMPILE_CODE_ERROR    None (--) [5 edit(s)]  
2024-06-29 22:50:57,746	[DEBUG]	patch(96)="SrcmlStmtInsertion(('core/Solver.cc.xml', '_inter_block', 533), ('core/Solver.cc.xml', 'stmt', 303)) | SrcmlStmtReplacement(('core/Solver.cc.xml', 'stmt', 182), ('core/Solver.cc.xml', 'stmt', 26)) | SrcmlStmtDeletion(('core/Solver.cc.xml', 'stmt', 14)) | SrcmlStmtInsertion(('core/Solver.cc.xml', '_inter_block', 93), ('core/Solver.cc.xml', 'stmt', 295)) | SrcmlStmtReplacement(('core/Solver.cc.xml', 'stmt', 100), ('core/Solver.cc.xml', 'stmt', 126))"
2024-06-29 22:50:58,191	[INFO]	97      COMPILE_CODE_ERROR    None (--) [5 edit(s)]  
2024-06-29 22:50:58,191	[DEBUG]	patch(97)="SrcmlStmtInsertion(('core/Solver.cc.xml', '_inter_block', 533), ('core/Solver.cc.xml', 'stmt', 303)) | SrcmlStmtReplacement(('core/Solver.cc.xml', 'stmt', 182), ('core/Solver.cc.xml', 'stmt', 26)) | SrcmlStmtDeletion(('core/Solver.cc.xml', 'stmt', 14)) | SrcmlStmtInsertion(('core/Solver.cc.xml', '_inter_block', 93), ('core/Solver.cc.xml', 'stmt', 295)) | SrcmlStmtReplacement(('core/Solver.cc.xml', 'stmt', 339), ('core/Solver.cc.xml', 'stmt', 169))"
2024-06-29 22:50:58,636	[INFO]	98      COMPILE_CODE_ERROR    None (--) [5 edit(s)]  
2024-06-29 22:50:58,636	[DEBUG]	patch(98)="SrcmlStmtInsertion(('core/Solver.cc.xml', '_inter_block', 533), ('core/Solver.cc.xml', 'stmt', 303)) | SrcmlStmtReplacement(('core/Solver.cc.xml', 'stmt', 182), ('core/Solver.cc.xml', 'stmt', 26)) | SrcmlStmtDeletion(('core/Solver.cc.xml', 'stmt', 14)) | SrcmlStmtInsertion(('core/Solver.cc.xml', '_inter_block', 93), ('core/Solver.cc.xml', 'stmt', 295)) | SrcmlStmtInsertion(('core/Solver.cc.xml', '_inter_block', 408), ('core/Solver.cc.xml', 'stmt', 407))"
2024-06-29 22:51:57,202	[DEBUG]	EXEC>  SUCCESS 46.5
2024-06-29 22:51:57,202	[INFO]	99      SUCCESS               46.500000 (74.40%) [5 edit(s)]  
2024-06-29 22:51:57,202	[DEBUG]	patch(99)="SrcmlStmtInsertion(('core/Solver.cc.xml', '_inter_block', 533), ('core/Solver.cc.xml', 'stmt', 303)) | SrcmlStmtReplacement(('core/Solver.cc.xml', 'stmt', 182), ('core/Solver.cc.xml', 'stmt', 26)) | SrcmlStmtDeletion(('core/Solver.cc.xml', 'stmt', 14)) | SrcmlStmtInsertion(('core/Solver.cc.xml', '_inter_block', 93), ('core/Solver.cc.xml', 'stmt', 295)) | SrcmlStmtDeletion(('core/Solver.cc.xml', 'stmt', 387))"
2024-06-29 22:52:55,657	[DEBUG]	EXEC>  SUCCESS 61.25
2024-06-29 22:52:55,657	[INFO]	100     SUCCESS               61.250000 (98.00%) [5 edit(s)]  
2024-06-29 22:52:55,658	[DEBUG]	patch(100)="SrcmlStmtInsertion(('core/Solver.cc.xml', '_inter_block', 533), ('core/Solver.cc.xml', 'stmt', 303)) | SrcmlStmtReplacement(('core/Solver.cc.xml', 'stmt', 182), ('core/Solver.cc.xml', 'stmt', 26)) | SrcmlStmtDeletion(('core/Solver.cc.xml', 'stmt', 14)) | SrcmlStmtInsertion(('core/Solver.cc.xml', '_inter_block', 93), ('core/Solver.cc.xml', 'stmt', 295)) | SrcmlStmtReplacement(('core/Solver.cc.xml', 'stmt', 352), ('core/Solver.cc.xml', 'stmt', 326))"
2024-06-29 22:52:56,110	[INFO]	101     COMPILE_CODE_ERROR    None (--) [5 edit(s)]  
2024-06-29 22:52:56,110	[DEBUG]	patch(101)="SrcmlStmtInsertion(('core/Solver.cc.xml', '_inter_block', 533), ('core/Solver.cc.xml', 'stmt', 303)) | SrcmlStmtReplacement(('core/Solver.cc.xml', 'stmt', 182), ('core/Solver.cc.xml', 'stmt', 26)) | SrcmlStmtDeletion(('core/Solver.cc.xml', 'stmt', 14)) | SrcmlStmtInsertion(('core/Solver.cc.xml', '_inter_block', 93), ('core/Solver.cc.xml', 'stmt', 295)) | SrcmlStmtInsertion(('core/Solver.cc.xml', '_inter_block', 108), ('core/Solver.cc.xml', 'stmt', 102))"
2024-06-29 22:52:57,955	[INFO]	102     TEST_CODE_ERROR       None (--) [5 edit(s)]  
2024-06-29 22:52:57,955	[DEBUG]	patch(102)="SrcmlStmtInsertion(('core/Solver.cc.xml', '_inter_block', 533), ('core/Solver.cc.xml', 'stmt', 303)) | SrcmlStmtReplacement(('core/Solver.cc.xml', 'stmt', 182), ('core/Solver.cc.xml', 'stmt', 26)) | SrcmlStmtDeletion(('core/Solver.cc.xml', 'stmt', 14)) | SrcmlStmtInsertion(('core/Solver.cc.xml', '_inter_block', 93), ('core/Solver.cc.xml', 'stmt', 295)) | SrcmlStmtReplacement(('core/Solver.cc.xml', 'stmt', 219), ('core/Solver.cc.xml', 'stmt', 232))"
2024-06-29 22:53:56,707	[DEBUG]	EXEC>  SUCCESS 61.25
2024-06-29 22:53:56,707	[INFO]	103     SUCCESS               61.250000 (98.00%) [5 edit(s)]  
2024-06-29 22:53:56,707	[DEBUG]	patch(103)="SrcmlStmtInsertion(('core/Solver.cc.xml', '_inter_block', 533), ('core/Solver.cc.xml', 'stmt', 303)) | SrcmlStmtReplacement(('core/Solver.cc.xml', 'stmt', 182), ('core/Solver.cc.xml', 'stmt', 26)) | SrcmlStmtDeletion(('core/Solver.cc.xml', 'stmt', 14)) | SrcmlStmtInsertion(('core/Solver.cc.xml', '_inter_block', 93), ('core/Solver.cc.xml', 'stmt', 295)) | SrcmlStmtDeletion(('core/Solver.cc.xml', 'stmt', 40))"
2024-06-29 22:54:54,961	[DEBUG]	EXEC>  SUCCESS 59.25
2024-06-29 22:54:54,961	[INFO]	104     SUCCESS               59.250000 (94.80%) [5 edit(s)]  
2024-06-29 22:54:54,961	[DEBUG]	patch(104)="SrcmlStmtInsertion(('core/Solver.cc.xml', '_inter_block', 533), ('core/Solver.cc.xml', 'stmt', 303)) | SrcmlStmtReplacement(('core/Solver.cc.xml', 'stmt', 182), ('core/Solver.cc.xml', 'stmt', 26)) | SrcmlStmtDeletion(('core/Solver.cc.xml', 'stmt', 14)) | SrcmlStmtInsertion(('core/Solver.cc.xml', '_inter_block', 93), ('core/Solver.cc.xml', 'stmt', 295)) | SrcmlStmtDeletion(('core/Solver.cc.xml', 'stmt', 378))"
2024-06-29 22:54:56,759	[INFO]	105     TEST_CODE_ERROR       None (--) [5 edit(s)]  
2024-06-29 22:54:56,759	[DEBUG]	patch(105)="SrcmlStmtInsertion(('core/Solver.cc.xml', '_inter_block', 533), ('core/Solver.cc.xml', 'stmt', 303)) | SrcmlStmtReplacement(('core/Solver.cc.xml', 'stmt', 182), ('core/Solver.cc.xml', 'stmt', 26)) | SrcmlStmtDeletion(('core/Solver.cc.xml', 'stmt', 14)) | SrcmlStmtInsertion(('core/Solver.cc.xml', '_inter_block', 93), ('core/Solver.cc.xml', 'stmt', 295)) | SrcmlStmtDeletion(('core/Solver.cc.xml', 'stmt', 78))"
2024-06-29 22:54:58,593	[INFO]	106     TEST_CODE_ERROR       None (--) [5 edit(s)]  
2024-06-29 22:54:58,593	[DEBUG]	patch(106)="SrcmlStmtInsertion(('core/Solver.cc.xml', '_inter_block', 533), ('core/Solver.cc.xml', 'stmt', 303)) | SrcmlStmtReplacement(('core/Solver.cc.xml', 'stmt', 182), ('core/Solver.cc.xml', 'stmt', 26)) | SrcmlStmtDeletion(('core/Solver.cc.xml', 'stmt', 14)) | SrcmlStmtInsertion(('core/Solver.cc.xml', '_inter_block', 93), ('core/Solver.cc.xml', 'stmt', 295)) | SrcmlStmtDeletion(('core/Solver.cc.xml', 'stmt', 421))"
2024-06-29 22:54:59,042	[INFO]	107     COMPILE_CODE_ERROR    None (--) [5 edit(s)]  
2024-06-29 22:54:59,042	[DEBUG]	patch(107)="SrcmlStmtInsertion(('core/Solver.cc.xml', '_inter_block', 533), ('core/Solver.cc.xml', 'stmt', 303)) | SrcmlStmtReplacement(('core/Solver.cc.xml', 'stmt', 182), ('core/Solver.cc.xml', 'stmt', 26)) | SrcmlStmtDeletion(('core/Solver.cc.xml', 'stmt', 14)) | SrcmlStmtInsertion(('core/Solver.cc.xml', '_inter_block', 93), ('core/Solver.cc.xml', 'stmt', 295)) | SrcmlStmtInsertion(('core/Solver.cc.xml', '_inter_block', 58), ('core/Solver.cc.xml', 'stmt', 204))"
2024-06-29 22:54:59,485	[INFO]	108     COMPILE_CODE_ERROR    None (--) [5 edit(s)]  
2024-06-29 22:54:59,485	[DEBUG]	patch(108)="SrcmlStmtInsertion(('core/Solver.cc.xml', '_inter_block', 533), ('core/Solver.cc.xml', 'stmt', 303)) | SrcmlStmtReplacement(('core/Solver.cc.xml', 'stmt', 182), ('core/Solver.cc.xml', 'stmt', 26)) | SrcmlStmtDeletion(('core/Solver.cc.xml', 'stmt', 14)) | SrcmlStmtInsertion(('core/Solver.cc.xml', '_inter_block', 93), ('core/Solver.cc.xml', 'stmt', 295)) | SrcmlStmtReplacement(('core/Solver.cc.xml', 'stmt', 374), ('core/Solver.cc.xml', 'stmt', 412))"
2024-06-29 22:55:01,285	[INFO]	109     TEST_CODE_ERROR       None (--) [5 edit(s)]  
2024-06-29 22:55:01,285	[DEBUG]	patch(109)="SrcmlStmtInsertion(('core/Solver.cc.xml', '_inter_block', 533), ('core/Solver.cc.xml', 'stmt', 303)) | SrcmlStmtReplacement(('core/Solver.cc.xml', 'stmt', 182), ('core/Solver.cc.xml', 'stmt', 26)) | SrcmlStmtDeletion(('core/Solver.cc.xml', 'stmt', 14)) | SrcmlStmtInsertion(('core/Solver.cc.xml', '_inter_block', 93), ('core/Solver.cc.xml', 'stmt', 295)) | SrcmlStmtDeletion(('core/Solver.cc.xml', 'stmt', 166))"
2024-06-29 22:55:01,293	[INFO]	110     SUCCESS               43.750000 (70.00%) [3 edit(s)] [cached] 
2024-06-29 22:55:01,294	[DEBUG]	patch(110)="SrcmlStmtInsertion(('core/Solver.cc.xml', '_inter_block', 533), ('core/Solver.cc.xml', 'stmt', 303)) | SrcmlStmtReplacement(('core/Solver.cc.xml', 'stmt', 182), ('core/Solver.cc.xml', 'stmt', 26)) | SrcmlStmtDeletion(('core/Solver.cc.xml', 'stmt', 14))"
2024-06-29 22:56:00,011	[DEBUG]	EXEC>  SUCCESS 40.25
2024-06-29 22:56:00,011	[INFO]	111     SUCCESS               40.250000 (64.40%) [5 edit(s)]  
2024-06-29 22:56:00,011	[DEBUG]	patch(111)="SrcmlStmtInsertion(('core/Solver.cc.xml', '_inter_block', 533), ('core/Solver.cc.xml', 'stmt', 303)) | SrcmlStmtReplacement(('core/Solver.cc.xml', 'stmt', 182), ('core/Solver.cc.xml', 'stmt', 26)) | SrcmlStmtDeletion(('core/Solver.cc.xml', 'stmt', 14)) | SrcmlStmtInsertion(('core/Solver.cc.xml', '_inter_block', 93), ('core/Solver.cc.xml', 'stmt', 295)) | SrcmlStmtInsertion(('core/Solver.cc.xml', '_inter_block', 147), ('core/Solver.cc.xml', 'stmt', 112))"
2024-06-29 22:56:00,458	[INFO]	112     COMPILE_CODE_ERROR    None (--) [5 edit(s)]  
2024-06-29 22:56:00,458	[DEBUG]	patch(112)="SrcmlStmtInsertion(('core/Solver.cc.xml', '_inter_block', 533), ('core/Solver.cc.xml', 'stmt', 303)) | SrcmlStmtReplacement(('core/Solver.cc.xml', 'stmt', 182), ('core/Solver.cc.xml', 'stmt', 26)) | SrcmlStmtDeletion(('core/Solver.cc.xml', 'stmt', 14)) | SrcmlStmtInsertion(('core/Solver.cc.xml', '_inter_block', 93), ('core/Solver.cc.xml', 'stmt', 295)) | SrcmlStmtDeletion(('core/Solver.cc.xml', 'stmt', 245))"
2024-06-29 22:56:59,510	[DEBUG]	EXEC>  SUCCESS 60.5
2024-06-29 22:56:59,511	[INFO]	113     SUCCESS               60.500000 (96.80%) [5 edit(s)]  
2024-06-29 22:56:59,511	[DEBUG]	patch(113)="SrcmlStmtInsertion(('core/Solver.cc.xml', '_inter_block', 533), ('core/Solver.cc.xml', 'stmt', 303)) | SrcmlStmtReplacement(('core/Solver.cc.xml', 'stmt', 182), ('core/Solver.cc.xml', 'stmt', 26)) | SrcmlStmtDeletion(('core/Solver.cc.xml', 'stmt', 14)) | SrcmlStmtInsertion(('core/Solver.cc.xml', '_inter_block', 93), ('core/Solver.cc.xml', 'stmt', 295)) | SrcmlStmtInsertion(('core/Solver.cc.xml', '_inter_block', 514), ('core/Solver.cc.xml', 'stmt', 260))"
2024-06-29 22:56:59,521	[INFO]	~~~~ END ~~~~
2024-06-29 22:56:59,521	[INFO]	
2024-06-29 22:56:59,521	[INFO]	==== REPORT ====
2024-06-29 22:56:59,521	[INFO]	Termination: time budget
2024-06-29 22:56:59,521	[INFO]	Retries: 4
2024-06-29 22:56:59,521	[INFO]	Log file: /home/dbouras/magpie/_magpie_logs/minisat_1719696228.log
2024-06-29 22:56:59,521	[INFO]	Patch file: _magpie_logs/minisat_1719696228.patch
2024-06-29 22:56:59,521	[INFO]	Diff file: _magpie_logs/minisat_1719696228.diff
2024-06-29 22:56:59,521	[INFO]	Reference fitness: 62.500000
2024-06-29 22:56:59,521	[INFO]	Best fitness: 26.250000
2024-06-29 22:56:59,521	[INFO]	
2024-06-29 22:56:59,522	[INFO]	==== BEST PATCH ====
SrcmlStmtInsertion(('core/Solver.cc.xml', '_inter_block', 533), ('core/Solver.cc.xml', 'stmt', 303)) | SrcmlStmtReplacement(('core/Solver.cc.xml', 'stmt', 182), ('core/Solver.cc.xml', 'stmt', 26)) | SrcmlStmtDeletion(('core/Solver.cc.xml', 'stmt', 14)) | SrcmlStmtInsertion(('core/Solver.cc.xml', '_inter_block', 93), ('core/Solver.cc.xml', 'stmt', 295))
2024-06-29 22:56:59,522	[INFO]	
2024-06-29 22:56:59,522	[INFO]	==== DIFF ====
[1m--- before: core/Solver.cc[0m
[1m+++ after: core/Solver.cc[0m
[36m@@ -115,7 +115,7 @@[0m
 {
     int v = nVars();
     watches  .init(mkLit(v, false));
[31m-    watches  .init(mkLit(v, true ));[0m
[32m+    [0m
     assigns  .push(l_Undef);
     vardata  .push(mkVarData(CRef_Undef, 0));
     //activity .push(0);
[36m@@ -240,6 +240,7 @@[0m
             if (phase_saving > 1 || (phase_saving == 1) && c > trail_lim.last())
                 /*auto*/{
                     polarity[x] = sign(trail[c]);
[32m+                    learntsize_adjust_confl *= learntsize_adjust_inc;[0m
                 }/*auto*/
             insertVarOrder(x); }
         qhead = trail_lim[level];
[36m@@ -484,13 +485,7 @@[0m
                 out_conflict.push(~trail[i]);
             }else{
                 Clause& c = ca[reason(x)];
[31m-                for (int j = 1; j < c.size(); j++)[0m
[31m-                    /*auto*/{[0m
[31m-                        if (level(var(c[j])) > 0)[0m
[31m-                        /*auto*/{[0m
[31m-                            seen[var(c[j])] = 1;[0m
[31m-                        }/*auto*/[0m
[31m-                    }/*auto*/[0m
[32m+                return false;[0m
             }
             seen[x] = 0;
         }
[36m@@ -989,6 +984,7 @@[0m
                     /*auto*/{
                         mapVar(var(c[j]), map, max);
                     }/*auto*/
[32m+                    return l_Undef;[0m
                 }/*auto*/
         }
         

