2024-07-24 04:58:58,895	[DEBUG]	==== CONFIG ====
[magpie]
import = 
seed = 45
log_dir = _magpie_logs
work_dir = _magpie_work
local_original_copy = True
local_original_name = __original__
output_encoding = ascii
edit_retries = 10
default_timeout = 60
default_lengthout = 1e6
diff_method = unified
trust_local_filesystem = True

[magpie.log]
color_output = True
format_info = {counter:<7} {status:<20} {best}{fitness} ({ratio}) [{size}] {cached} {log}
format_debug = patch({counter})="{patch}"{diffifbest}
format_fitness = {:.6f}
format_ratio = {:.2%%}
format_patchif = 
	 --> {patch}
format_diffif = 
	{diff}

[software]
path = examples/weka
target_files = src/main/java/weka/classifiers/trees/RandomForest.java.xml
software = BasicSoftware
model_rules = 
	*.params : ParamFileConfigModel
	*.xml : SrcmlModel
	* : LineModel
model_config = 
	*.params : [paramconfig]
	*.xml : [srcml]
init_cmd = 
init_timeout = 60
init_lengthout = -1
setup_cmd = ant compile
setup_timeout = 
setup_lengthout = 
compile_cmd = ant compile
compile_timeout = 
compile_lengthout = 
test_cmd = bash test.sh
test_timeout = 
test_lengthout = 
run_cmd = perf stat -e task-clock bash run_fixed.sh
run_timeout = 
run_lengthout = 
retries = 2
batch_timeout = 
batch_lengthout = 
batch_bin_fitness_strategy = aggregate
batch_fitness_strategy = sum
fitness = perf_task_clock

[srcml]
rename = 
	stmt: break continue decl_stmt do expr_stmt for goto if return switch while
	number: literal_number
focus = block stmt operator_comp operator_arith number
internodes = block
process_pseudo_blocks = True
process_literals = True
process_operators = True

[paramconfig]
timing = test run
cli_prefix = --
cli_glue = =
cli_boolean = show
cli_boolean_prefix_true = 
cli_boolean_prefix_false = no-
cli_none = hide
silent_prefix = @
silent_suffix = $

[search]
protocol = BasicProtocol
algorithm = FirstImprovement
possible_edits = 
	SrcmlStmtReplacement
	SrcmlStmtInsertion
	SrcmlStmtDeletion
warmup = 3
warmup_strategy = last
max_steps = 1000
max_time = 1800
target_fitness = 
cache_maxsize = 100
cache_keep = 0.2
batch_instances = 
batch_shuffle = True
batch_bin_shuffle = False
batch_sample_size = 1

[search.ls]
delete_prob = 0.5
max_neighbours = 
when_trapped = continue
accept_fail = False
tabu_length = 10

[search.gp]
pop_size = 10
delete_prob = 0.5
offspring_elitism = 0.1
offspring_crossover = 0.5
offspring_mutation = 0.4
uniform_rate = 0.5
batch_reset = True

[search.minify]
do_cleanup = True
do_rebuild = True
do_simplify = True
round_robin_limit = 3


2024-07-24 04:58:58,896	[DEBUG]	
2024-07-24 04:58:58,896	[INFO]	==== SEARCH: FirstImprovement ====
2024-07-24 04:58:58,896	[INFO]	~~~~ WARMUP ~~~~
2024-07-24 04:59:43,698	[DEBUG]	EXEC>  SUCCESS 54.5
2024-07-24 04:59:43,699	[INFO]	WARM    SUCCESS               54.500000 (--) [0 edit(s)]  
2024-07-24 05:00:09,884	[DEBUG]	EXEC>  SUCCESS 24.0
2024-07-24 05:00:09,885	[INFO]	WARM    SUCCESS               24.000000 (--) [0 edit(s)]  
2024-07-24 05:00:35,500	[DEBUG]	EXEC>  SUCCESS 5.0
2024-07-24 05:00:35,500	[INFO]	WARM    SUCCESS               5.000000 (--) [0 edit(s)]  
2024-07-24 05:00:35,501	[INFO]	REF     SUCCESS               5.000000 (--) [0 edit(s)]  
2024-07-24 05:00:35,501	[INFO]	
2024-07-24 05:00:35,501	[INFO]	~~~~ START ~~~~
2024-07-24 05:00:38,515	[INFO]	1       COMPILE_CODE_ERROR    None (--) [1 edit(s)]  
2024-07-24 05:00:38,515	[DEBUG]	patch(1)="SrcmlStmtInsertion(('src/main/java/weka/classifiers/trees/RandomForest.java.xml', '_inter_block', 65), ('src/main/java/weka/classifiers/trees/RandomForest.java.xml', 'stmt', 77))"
2024-07-24 05:00:41,479	[INFO]	2       COMPILE_CODE_ERROR    None (--) [1 edit(s)]  
2024-07-24 05:00:41,479	[DEBUG]	patch(2)="SrcmlStmtInsertion(('src/main/java/weka/classifiers/trees/RandomForest.java.xml', '_inter_block', 123), ('src/main/java/weka/classifiers/trees/RandomForest.java.xml', 'stmt', 29))"
2024-07-24 05:00:44,374	[INFO]	3       COMPILE_CODE_ERROR    None (--) [1 edit(s)]  
2024-07-24 05:00:44,375	[DEBUG]	patch(3)="SrcmlStmtInsertion(('src/main/java/weka/classifiers/trees/RandomForest.java.xml', '_inter_block', 218), ('src/main/java/weka/classifiers/trees/RandomForest.java.xml', 'stmt', 17))"
2024-07-24 05:00:47,286	[INFO]	4       COMPILE_CODE_ERROR    None (--) [1 edit(s)]  
2024-07-24 05:00:47,286	[DEBUG]	patch(4)="SrcmlStmtReplacement(('src/main/java/weka/classifiers/trees/RandomForest.java.xml', 'stmt', 54), ('src/main/java/weka/classifiers/trees/RandomForest.java.xml', 'stmt', 19))"
2024-07-24 05:00:50,176	[INFO]	5       COMPILE_CODE_ERROR    None (--) [1 edit(s)]  
2024-07-24 05:00:50,176	[DEBUG]	patch(5)="SrcmlStmtDeletion(('src/main/java/weka/classifiers/trees/RandomForest.java.xml', 'stmt', 36))"
2024-07-24 05:00:53,100	[INFO]	6       COMPILE_CODE_ERROR    None (--) [1 edit(s)]  
2024-07-24 05:00:53,100	[DEBUG]	patch(6)="SrcmlStmtDeletion(('src/main/java/weka/classifiers/trees/RandomForest.java.xml', 'stmt', 8))"
2024-07-24 05:00:55,881	[INFO]	7       COMPILE_CODE_ERROR    None (--) [1 edit(s)]  
2024-07-24 05:00:55,881	[DEBUG]	patch(7)="SrcmlStmtReplacement(('src/main/java/weka/classifiers/trees/RandomForest.java.xml', 'stmt', 91), ('src/main/java/weka/classifiers/trees/RandomForest.java.xml', 'stmt', 24))"
2024-07-24 05:00:58,758	[INFO]	8       COMPILE_CODE_ERROR    None (--) [1 edit(s)]  
2024-07-24 05:00:58,759	[DEBUG]	patch(8)="SrcmlStmtInsertion(('src/main/java/weka/classifiers/trees/RandomForest.java.xml', '_inter_block', 192), ('src/main/java/weka/classifiers/trees/RandomForest.java.xml', 'stmt', 81))"
2024-07-24 05:01:01,782	[INFO]	9       COMPILE_CODE_ERROR    None (--) [1 edit(s)]  
2024-07-24 05:01:01,782	[DEBUG]	patch(9)="SrcmlStmtInsertion(('src/main/java/weka/classifiers/trees/RandomForest.java.xml', '_inter_block', 126), ('src/main/java/weka/classifiers/trees/RandomForest.java.xml', 'stmt', 53))"
2024-07-24 05:01:04,713	[INFO]	10      COMPILE_CODE_ERROR    None (--) [1 edit(s)]  
2024-07-24 05:01:04,713	[DEBUG]	patch(10)="SrcmlStmtInsertion(('src/main/java/weka/classifiers/trees/RandomForest.java.xml', '_inter_block', 63), ('src/main/java/weka/classifiers/trees/RandomForest.java.xml', 'stmt', 108))"
2024-07-24 05:01:07,547	[INFO]	11      COMPILE_CODE_ERROR    None (--) [1 edit(s)]  
2024-07-24 05:01:07,548	[DEBUG]	patch(11)="SrcmlStmtInsertion(('src/main/java/weka/classifiers/trees/RandomForest.java.xml', '_inter_block', 98), ('src/main/java/weka/classifiers/trees/RandomForest.java.xml', 'stmt', 36))"
2024-07-24 05:01:11,982	[DEBUG]	EXEC>  SUCCESS 44.5
2024-07-24 05:01:11,982	[INFO]	12      SUCCESS               44.500000 (890.00%) [1 edit(s)]  
2024-07-24 05:01:11,983	[DEBUG]	patch(12)="SrcmlStmtDeletion(('src/main/java/weka/classifiers/trees/RandomForest.java.xml', 'stmt', 141))"
2024-07-24 05:01:38,592	[DEBUG]	EXEC>  SUCCESS 13.5
2024-07-24 05:01:38,592	[INFO]	13      SUCCESS               13.500000 (270.00%) [1 edit(s)]  
2024-07-24 05:01:38,592	[DEBUG]	patch(13)="SrcmlStmtReplacement(('src/main/java/weka/classifiers/trees/RandomForest.java.xml', 'stmt', 131), ('src/main/java/weka/classifiers/trees/RandomForest.java.xml', 'stmt', 139))"
2024-07-24 05:02:05,656	[DEBUG]	EXEC>  SUCCESS 43.5
2024-07-24 05:02:05,657	[INFO]	14      SUCCESS               43.500000 (870.00%) [1 edit(s)]  
2024-07-24 05:02:05,657	[DEBUG]	patch(14)="SrcmlStmtDeletion(('src/main/java/weka/classifiers/trees/RandomForest.java.xml', 'stmt', 81))"
2024-07-24 05:02:08,108	[INFO]	15      COMPILE_CODE_ERROR    None (--) [1 edit(s)]  
2024-07-24 05:02:08,108	[DEBUG]	patch(15)="SrcmlStmtInsertion(('src/main/java/weka/classifiers/trees/RandomForest.java.xml', '_inter_block', 2), ('src/main/java/weka/classifiers/trees/RandomForest.java.xml', 'stmt', 12))"
2024-07-24 05:02:10,981	[INFO]	16      COMPILE_CODE_ERROR    None (--) [1 edit(s)]  
2024-07-24 05:02:10,981	[DEBUG]	patch(16)="SrcmlStmtInsertion(('src/main/java/weka/classifiers/trees/RandomForest.java.xml', '_inter_block', 159), ('src/main/java/weka/classifiers/trees/RandomForest.java.xml', 'stmt', 71))"
2024-07-24 05:02:13,984	[INFO]	17      COMPILE_CODE_ERROR    None (--) [1 edit(s)]  
2024-07-24 05:02:13,984	[DEBUG]	patch(17)="SrcmlStmtInsertion(('src/main/java/weka/classifiers/trees/RandomForest.java.xml', '_inter_block', 84), ('src/main/java/weka/classifiers/trees/RandomForest.java.xml', 'stmt', 62))"
2024-07-24 05:02:16,922	[INFO]	18      COMPILE_CODE_ERROR    None (--) [1 edit(s)]  
2024-07-24 05:02:16,923	[DEBUG]	patch(18)="SrcmlStmtDeletion(('src/main/java/weka/classifiers/trees/RandomForest.java.xml', 'stmt', 126))"
2024-07-24 05:02:19,947	[INFO]	19      COMPILE_CODE_ERROR    None (--) [1 edit(s)]  
2024-07-24 05:02:19,947	[DEBUG]	patch(19)="SrcmlStmtReplacement(('src/main/java/weka/classifiers/trees/RandomForest.java.xml', 'stmt', 67), ('src/main/java/weka/classifiers/trees/RandomForest.java.xml', 'stmt', 24))"
2024-07-24 05:02:22,908	[INFO]	20      COMPILE_CODE_ERROR    None (--) [1 edit(s)]  
2024-07-24 05:02:22,909	[DEBUG]	patch(20)="SrcmlStmtReplacement(('src/main/java/weka/classifiers/trees/RandomForest.java.xml', 'stmt', 23), ('src/main/java/weka/classifiers/trees/RandomForest.java.xml', 'stmt', 33))"
2024-07-24 05:02:50,550	[DEBUG]	EXEC>  SUCCESS 15.5
2024-07-24 05:02:50,551	[INFO]	21      SUCCESS               15.500000 (310.00%) [1 edit(s)]  
2024-07-24 05:02:50,551	[DEBUG]	patch(21)="SrcmlStmtInsertion(('src/main/java/weka/classifiers/trees/RandomForest.java.xml', '_inter_block', 170), ('src/main/java/weka/classifiers/trees/RandomForest.java.xml', 'stmt', 99))"
2024-07-24 05:03:17,542	[DEBUG]	EXEC>  SUCCESS 73.0
2024-07-24 05:03:17,542	[INFO]	22      SUCCESS               73.000000 (1460.00%) [1 edit(s)]  
2024-07-24 05:03:17,542	[DEBUG]	patch(22)="SrcmlStmtDeletion(('src/main/java/weka/classifiers/trees/RandomForest.java.xml', 'stmt', 97))"
2024-07-24 05:03:20,528	[INFO]	23      COMPILE_CODE_ERROR    None (--) [1 edit(s)]  
2024-07-24 05:03:20,528	[DEBUG]	patch(23)="SrcmlStmtInsertion(('src/main/java/weka/classifiers/trees/RandomForest.java.xml', '_inter_block', 181), ('src/main/java/weka/classifiers/trees/RandomForest.java.xml', 'stmt', 18))"
2024-07-24 05:03:23,439	[INFO]	24      COMPILE_CODE_ERROR    None (--) [1 edit(s)]  
2024-07-24 05:03:23,439	[DEBUG]	patch(24)="SrcmlStmtInsertion(('src/main/java/weka/classifiers/trees/RandomForest.java.xml', '_inter_block', 82), ('src/main/java/weka/classifiers/trees/RandomForest.java.xml', 'stmt', 112))"
2024-07-24 05:03:50,447	[DEBUG]	EXEC>  SUCCESS 33.0
2024-07-24 05:03:50,447	[INFO]	25      SUCCESS               33.000000 (660.00%) [1 edit(s)]  
2024-07-24 05:03:50,447	[DEBUG]	patch(25)="SrcmlStmtDeletion(('src/main/java/weka/classifiers/trees/RandomForest.java.xml', 'stmt', 100))"
2024-07-24 05:04:17,556	[DEBUG]	EXEC>  SUCCESS 75.0
2024-07-24 05:04:17,556	[INFO]	26      SUCCESS               75.000000 (1500.00%) [1 edit(s)]  
2024-07-24 05:04:17,556	[DEBUG]	patch(26)="SrcmlStmtDeletion(('src/main/java/weka/classifiers/trees/RandomForest.java.xml', 'stmt', 105))"
2024-07-24 05:04:44,410	[DEBUG]	EXEC>  SUCCESS 51.5
2024-07-24 05:04:44,410	[INFO]	27      SUCCESS               51.500000 (1030.00%) [1 edit(s)]  
2024-07-24 05:04:44,410	[DEBUG]	patch(27)="SrcmlStmtDeletion(('src/main/java/weka/classifiers/trees/RandomForest.java.xml', 'stmt', 119))"
2024-07-24 05:04:47,348	[INFO]	28      COMPILE_CODE_ERROR    None (--) [1 edit(s)]  
2024-07-24 05:04:47,349	[DEBUG]	patch(28)="SrcmlStmtDeletion(('src/main/java/weka/classifiers/trees/RandomForest.java.xml', 'stmt', 59))"
2024-07-24 05:05:14,688	[DEBUG]	EXEC>  SUCCESS 30.5
2024-07-24 05:05:14,688	[INFO]	29      SUCCESS               30.500000 (610.00%) [1 edit(s)]  
2024-07-24 05:05:14,688	[DEBUG]	patch(29)="SrcmlStmtDeletion(('src/main/java/weka/classifiers/trees/RandomForest.java.xml', 'stmt', 57))"
2024-07-24 05:05:17,571	[INFO]	30      COMPILE_CODE_ERROR    None (--) [1 edit(s)]  
2024-07-24 05:05:17,571	[DEBUG]	patch(30)="SrcmlStmtReplacement(('src/main/java/weka/classifiers/trees/RandomForest.java.xml', 'stmt', 94), ('src/main/java/weka/classifiers/trees/RandomForest.java.xml', 'stmt', 80))"
2024-07-24 05:05:20,533	[INFO]	31      COMPILE_CODE_ERROR    None (--) [1 edit(s)]  
2024-07-24 05:05:20,533	[DEBUG]	patch(31)="SrcmlStmtInsertion(('src/main/java/weka/classifiers/trees/RandomForest.java.xml', '_inter_block', 183), ('src/main/java/weka/classifiers/trees/RandomForest.java.xml', 'stmt', 118))"
2024-07-24 05:05:23,495	[INFO]	32      COMPILE_CODE_ERROR    None (--) [1 edit(s)]  
2024-07-24 05:05:23,495	[DEBUG]	patch(32)="SrcmlStmtDeletion(('src/main/java/weka/classifiers/trees/RandomForest.java.xml', 'stmt', 11))"
2024-07-24 05:05:25,867	[INFO]	33      COMPILE_CODE_ERROR    None (--) [1 edit(s)]  
2024-07-24 05:05:25,867	[DEBUG]	patch(33)="SrcmlStmtInsertion(('src/main/java/weka/classifiers/trees/RandomForest.java.xml', '_inter_block', 15), ('src/main/java/weka/classifiers/trees/RandomForest.java.xml', 'stmt', 92))"
2024-07-24 05:05:52,838	[DEBUG]	EXEC>  SUCCESS 39.0
2024-07-24 05:05:52,838	[INFO]	34      SUCCESS               39.000000 (780.00%) [1 edit(s)]  
2024-07-24 05:05:52,838	[DEBUG]	patch(34)="SrcmlStmtDeletion(('src/main/java/weka/classifiers/trees/RandomForest.java.xml', 'stmt', 20))"
2024-07-24 05:06:20,254	[DEBUG]	EXEC>  SUCCESS 77.0
2024-07-24 05:06:20,254	[INFO]	35      SUCCESS               77.000000 (1540.00%) [1 edit(s)]  
2024-07-24 05:06:20,254	[DEBUG]	patch(35)="SrcmlStmtDeletion(('src/main/java/weka/classifiers/trees/RandomForest.java.xml', 'stmt', 99))"
2024-07-24 05:06:23,267	[INFO]	36      COMPILE_CODE_ERROR    None (--) [1 edit(s)]  
2024-07-24 05:06:23,267	[DEBUG]	patch(36)="SrcmlStmtInsertion(('src/main/java/weka/classifiers/trees/RandomForest.java.xml', '_inter_block', 104), ('src/main/java/weka/classifiers/trees/RandomForest.java.xml', 'stmt', 34))"
2024-07-24 05:06:50,759	[DEBUG]	EXEC>  SUCCESS 89.5
2024-07-24 05:06:50,759	[INFO]	37      SUCCESS               89.500000 (1790.00%) [1 edit(s)]  
2024-07-24 05:06:50,759	[DEBUG]	patch(37)="SrcmlStmtDeletion(('src/main/java/weka/classifiers/trees/RandomForest.java.xml', 'stmt', 104))"
2024-07-24 05:07:18,402	[DEBUG]	EXEC>  SUCCESS 41.5
2024-07-24 05:07:18,402	[INFO]	38      SUCCESS               41.500000 (830.00%) [1 edit(s)]  
2024-07-24 05:07:18,402	[DEBUG]	patch(38)="SrcmlStmtDeletion(('src/main/java/weka/classifiers/trees/RandomForest.java.xml', 'stmt', 137))"
2024-07-24 05:07:21,403	[INFO]	39      COMPILE_CODE_ERROR    None (--) [1 edit(s)]  
2024-07-24 05:07:21,403	[DEBUG]	patch(39)="SrcmlStmtDeletion(('src/main/java/weka/classifiers/trees/RandomForest.java.xml', 'stmt', 62))"
2024-07-24 05:07:24,224	[INFO]	40      COMPILE_CODE_ERROR    None (--) [1 edit(s)]  
2024-07-24 05:07:24,224	[DEBUG]	patch(40)="SrcmlStmtReplacement(('src/main/java/weka/classifiers/trees/RandomForest.java.xml', 'stmt', 79), ('src/main/java/weka/classifiers/trees/RandomForest.java.xml', 'stmt', 141))"
2024-07-24 05:07:51,255	[DEBUG]	EXEC>  SUCCESS 19.0
2024-07-24 05:07:51,255	[INFO]	41      SUCCESS               19.000000 (380.00%) [1 edit(s)]  
2024-07-24 05:07:51,255	[DEBUG]	patch(41)="SrcmlStmtDeletion(('src/main/java/weka/classifiers/trees/RandomForest.java.xml', 'stmt', 87))"
2024-07-24 05:07:54,192	[INFO]	42      COMPILE_CODE_ERROR    None (--) [1 edit(s)]  
2024-07-24 05:07:54,192	[DEBUG]	patch(42)="SrcmlStmtInsertion(('src/main/java/weka/classifiers/trees/RandomForest.java.xml', '_inter_block', 57), ('src/main/java/weka/classifiers/trees/RandomForest.java.xml', 'stmt', 53))"
2024-07-24 05:07:57,193	[INFO]	43      COMPILE_CODE_ERROR    None (--) [1 edit(s)]  
2024-07-24 05:07:57,194	[DEBUG]	patch(43)="SrcmlStmtReplacement(('src/main/java/weka/classifiers/trees/RandomForest.java.xml', 'stmt', 125), ('src/main/java/weka/classifiers/trees/RandomForest.java.xml', 'stmt', 105))"
2024-07-24 05:08:23,998	[DEBUG]	EXEC>  SUCCESS 42.5
2024-07-24 05:08:23,998	[INFO]	44      SUCCESS               42.500000 (850.00%) [1 edit(s)]  
2024-07-24 05:08:23,998	[DEBUG]	patch(44)="SrcmlStmtDeletion(('src/main/java/weka/classifiers/trees/RandomForest.java.xml', 'stmt', 84))"
2024-07-24 05:08:26,836	[INFO]	45      COMPILE_CODE_ERROR    None (--) [1 edit(s)]  
2024-07-24 05:08:26,836	[DEBUG]	patch(45)="SrcmlStmtInsertion(('src/main/java/weka/classifiers/trees/RandomForest.java.xml', '_inter_block', 69), ('src/main/java/weka/classifiers/trees/RandomForest.java.xml', 'stmt', 106))"
2024-07-24 05:08:29,633	[INFO]	46      COMPILE_CODE_ERROR    None (--) [1 edit(s)]  
2024-07-24 05:08:29,634	[DEBUG]	patch(46)="SrcmlStmtInsertion(('src/main/java/weka/classifiers/trees/RandomForest.java.xml', '_inter_block', 136), ('src/main/java/weka/classifiers/trees/RandomForest.java.xml', 'stmt', 60))"
2024-07-24 05:08:56,622	[DEBUG]	EXEC>  SUCCESS 34.5
2024-07-24 05:08:56,622	[INFO]	47      SUCCESS               34.500000 (690.00%) [1 edit(s)]  
2024-07-24 05:08:56,622	[DEBUG]	patch(47)="SrcmlStmtDeletion(('src/main/java/weka/classifiers/trees/RandomForest.java.xml', 'stmt', 43))"
2024-07-24 05:09:23,885	[DEBUG]	EXEC>  SUCCESS 33.0
2024-07-24 05:09:23,886	[INFO]	48      SUCCESS               33.000000 (660.00%) [1 edit(s)]  
2024-07-24 05:09:23,886	[DEBUG]	patch(48)="SrcmlStmtDeletion(('src/main/java/weka/classifiers/trees/RandomForest.java.xml', 'stmt', 135))"
2024-07-24 05:09:50,876	[DEBUG]	EXEC>  SUCCESS 10.0
2024-07-24 05:09:50,876	[INFO]	49      SUCCESS               10.000000 (200.00%) [1 edit(s)]  
2024-07-24 05:09:50,876	[DEBUG]	patch(49)="SrcmlStmtInsertion(('src/main/java/weka/classifiers/trees/RandomForest.java.xml', '_inter_block', 230), ('src/main/java/weka/classifiers/trees/RandomForest.java.xml', 'stmt', 89))"
2024-07-24 05:09:53,750	[INFO]	50      COMPILE_CODE_ERROR    None (--) [1 edit(s)]  
2024-07-24 05:09:53,750	[DEBUG]	patch(50)="SrcmlStmtReplacement(('src/main/java/weka/classifiers/trees/RandomForest.java.xml', 'stmt', 105), ('src/main/java/weka/classifiers/trees/RandomForest.java.xml', 'stmt', 133))"
2024-07-24 05:09:56,626	[INFO]	51      COMPILE_CODE_ERROR    None (--) [1 edit(s)]  
2024-07-24 05:09:56,627	[DEBUG]	patch(51)="SrcmlStmtInsertion(('src/main/java/weka/classifiers/trees/RandomForest.java.xml', '_inter_block', 48), ('src/main/java/weka/classifiers/trees/RandomForest.java.xml', 'stmt', 45))"
2024-07-24 05:09:59,092	[INFO]	52      COMPILE_CODE_ERROR    None (--) [1 edit(s)]  
2024-07-24 05:09:59,092	[DEBUG]	patch(52)="SrcmlStmtInsertion(('src/main/java/weka/classifiers/trees/RandomForest.java.xml', '_inter_block', 9), ('src/main/java/weka/classifiers/trees/RandomForest.java.xml', 'stmt', 60))"
2024-07-24 05:10:26,011	[DEBUG]	EXEC>  SUCCESS 58.5
2024-07-24 05:10:26,011	[INFO]	53      SUCCESS               58.500000 (1170.00%) [1 edit(s)]  
2024-07-24 05:10:26,011	[DEBUG]	patch(53)="SrcmlStmtDeletion(('src/main/java/weka/classifiers/trees/RandomForest.java.xml', 'stmt', 134))"
2024-07-24 05:10:28,928	[INFO]	54      COMPILE_CODE_ERROR    None (--) [1 edit(s)]  
2024-07-24 05:10:28,929	[DEBUG]	patch(54)="SrcmlStmtDeletion(('src/main/java/weka/classifiers/trees/RandomForest.java.xml', 'stmt', 88))"
2024-07-24 05:10:31,900	[INFO]	55      COMPILE_CODE_ERROR    None (--) [1 edit(s)]  
2024-07-24 05:10:31,900	[DEBUG]	patch(55)="SrcmlStmtReplacement(('src/main/java/weka/classifiers/trees/RandomForest.java.xml', 'stmt', 87), ('src/main/java/weka/classifiers/trees/RandomForest.java.xml', 'stmt', 48))"
2024-07-24 05:10:34,730	[INFO]	56      COMPILE_CODE_ERROR    None (--) [1 edit(s)]  
2024-07-24 05:10:34,730	[DEBUG]	patch(56)="SrcmlStmtReplacement(('src/main/java/weka/classifiers/trees/RandomForest.java.xml', 'stmt', 73), ('src/main/java/weka/classifiers/trees/RandomForest.java.xml', 'stmt', 132))"
2024-07-24 05:10:37,592	[INFO]	57      COMPILE_CODE_ERROR    None (--) [1 edit(s)]  
2024-07-24 05:10:37,592	[DEBUG]	patch(57)="SrcmlStmtDeletion(('src/main/java/weka/classifiers/trees/RandomForest.java.xml', 'stmt', 86))"
2024-07-24 05:10:40,472	[INFO]	58      COMPILE_CODE_ERROR    None (--) [1 edit(s)]  
2024-07-24 05:10:40,473	[DEBUG]	patch(58)="SrcmlStmtDeletion(('src/main/java/weka/classifiers/trees/RandomForest.java.xml', 'stmt', 108))"
2024-07-24 05:10:43,395	[INFO]	59      COMPILE_CODE_ERROR    None (--) [1 edit(s)]  
2024-07-24 05:10:43,395	[DEBUG]	patch(59)="SrcmlStmtReplacement(('src/main/java/weka/classifiers/trees/RandomForest.java.xml', 'stmt', 27), ('src/main/java/weka/classifiers/trees/RandomForest.java.xml', 'stmt', 96))"
2024-07-24 05:11:10,338	[DEBUG]	EXEC>  SUCCESS 31.0
2024-07-24 05:11:10,338	[INFO]	60      SUCCESS               31.000000 (620.00%) [1 edit(s)]  
2024-07-24 05:11:10,338	[DEBUG]	patch(60)="SrcmlStmtDeletion(('src/main/java/weka/classifiers/trees/RandomForest.java.xml', 'stmt', 72))"
2024-07-24 05:11:13,172	[INFO]	61      COMPILE_CODE_ERROR    None (--) [1 edit(s)]  
2024-07-24 05:11:13,172	[DEBUG]	patch(61)="SrcmlStmtReplacement(('src/main/java/weka/classifiers/trees/RandomForest.java.xml', 'stmt', 94), ('src/main/java/weka/classifiers/trees/RandomForest.java.xml', 'stmt', 114))"
2024-07-24 05:11:13,175	[INFO]	62      SUCCESS               73.000000 (1460.00%) [1 edit(s)] [cached] 
2024-07-24 05:11:13,176	[DEBUG]	patch(62)="SrcmlStmtDeletion(('src/main/java/weka/classifiers/trees/RandomForest.java.xml', 'stmt', 97))"
2024-07-24 05:11:13,179	[INFO]	63      COMPILE_CODE_ERROR    None (--) [1 edit(s)] [cached] 
2024-07-24 05:11:13,179	[DEBUG]	patch(63)="SrcmlStmtDeletion(('src/main/java/weka/classifiers/trees/RandomForest.java.xml', 'stmt', 36))"
2024-07-24 05:11:15,597	[INFO]	64      COMPILE_CODE_ERROR    None (--) [1 edit(s)]  
2024-07-24 05:11:15,597	[DEBUG]	patch(64)="SrcmlStmtInsertion(('src/main/java/weka/classifiers/trees/RandomForest.java.xml', '_inter_block', 30), ('src/main/java/weka/classifiers/trees/RandomForest.java.xml', 'stmt', 23))"
2024-07-24 05:11:18,581	[INFO]	65      COMPILE_CODE_ERROR    None (--) [1 edit(s)]  
2024-07-24 05:11:18,581	[DEBUG]	patch(65)="SrcmlStmtInsertion(('src/main/java/weka/classifiers/trees/RandomForest.java.xml', '_inter_block', 192), ('src/main/java/weka/classifiers/trees/RandomForest.java.xml', 'stmt', 5))"
2024-07-24 05:11:18,584	[INFO]	66      SUCCESS               31.000000 (620.00%) [1 edit(s)] [cached] 
2024-07-24 05:11:18,584	[DEBUG]	patch(66)="SrcmlStmtDeletion(('src/main/java/weka/classifiers/trees/RandomForest.java.xml', 'stmt', 72))"
2024-07-24 05:11:21,061	[INFO]	67      COMPILE_CODE_ERROR    None (--) [1 edit(s)]  
2024-07-24 05:11:21,061	[DEBUG]	patch(67)="SrcmlStmtReplacement(('src/main/java/weka/classifiers/trees/RandomForest.java.xml', 'stmt', 0), ('src/main/java/weka/classifiers/trees/RandomForest.java.xml', 'stmt', 61))"
2024-07-24 05:11:23,976	[INFO]	68      COMPILE_CODE_ERROR    None (--) [1 edit(s)]  
2024-07-24 05:11:23,976	[DEBUG]	patch(68)="SrcmlStmtInsertion(('src/main/java/weka/classifiers/trees/RandomForest.java.xml', '_inter_block', 128), ('src/main/java/weka/classifiers/trees/RandomForest.java.xml', 'stmt', 91))"
2024-07-24 05:11:26,884	[INFO]	69      COMPILE_CODE_ERROR    None (--) [1 edit(s)]  
2024-07-24 05:11:26,885	[DEBUG]	patch(69)="SrcmlStmtInsertion(('src/main/java/weka/classifiers/trees/RandomForest.java.xml', '_inter_block', 48), ('src/main/java/weka/classifiers/trees/RandomForest.java.xml', 'stmt', 117))"
2024-07-24 05:11:29,802	[INFO]	70      COMPILE_CODE_ERROR    None (--) [1 edit(s)]  
2024-07-24 05:11:29,803	[DEBUG]	patch(70)="SrcmlStmtInsertion(('src/main/java/weka/classifiers/trees/RandomForest.java.xml', '_inter_block', 228), ('src/main/java/weka/classifiers/trees/RandomForest.java.xml', 'stmt', 87))"
2024-07-24 05:11:32,643	[INFO]	71      COMPILE_CODE_ERROR    None (--) [1 edit(s)]  
2024-07-24 05:11:32,643	[DEBUG]	patch(71)="SrcmlStmtInsertion(('src/main/java/weka/classifiers/trees/RandomForest.java.xml', '_inter_block', 87), ('src/main/java/weka/classifiers/trees/RandomForest.java.xml', 'stmt', 48))"
2024-07-24 05:11:35,102	[INFO]	72      COMPILE_CODE_ERROR    None (--) [1 edit(s)]  
2024-07-24 05:11:35,102	[DEBUG]	patch(72)="SrcmlStmtInsertion(('src/main/java/weka/classifiers/trees/RandomForest.java.xml', '_inter_block', 167), ('src/main/java/weka/classifiers/trees/RandomForest.java.xml', 'stmt', 0))"
2024-07-24 05:11:37,992	[INFO]	73      COMPILE_CODE_ERROR    None (--) [1 edit(s)]  
2024-07-24 05:11:37,992	[DEBUG]	patch(73)="SrcmlStmtReplacement(('src/main/java/weka/classifiers/trees/RandomForest.java.xml', 'stmt', 121), ('src/main/java/weka/classifiers/trees/RandomForest.java.xml', 'stmt', 70))"
2024-07-24 05:11:40,982	[INFO]	74      COMPILE_CODE_ERROR    None (--) [1 edit(s)]  
2024-07-24 05:11:40,982	[DEBUG]	patch(74)="SrcmlStmtReplacement(('src/main/java/weka/classifiers/trees/RandomForest.java.xml', 'stmt', 95), ('src/main/java/weka/classifiers/trees/RandomForest.java.xml', 'stmt', 114))"
2024-07-24 05:11:44,024	[INFO]	75      COMPILE_CODE_ERROR    None (--) [1 edit(s)]  
2024-07-24 05:11:44,025	[DEBUG]	patch(75)="SrcmlStmtInsertion(('src/main/java/weka/classifiers/trees/RandomForest.java.xml', '_inter_block', 110), ('src/main/java/weka/classifiers/trees/RandomForest.java.xml', 'stmt', 109))"
2024-07-24 05:12:11,248	[DEBUG]	EXEC>  SUCCESS 42.5
2024-07-24 05:12:11,248	[INFO]	76      SUCCESS               42.500000 (850.00%) [1 edit(s)]  
2024-07-24 05:12:11,248	[DEBUG]	patch(76)="SrcmlStmtDeletion(('src/main/java/weka/classifiers/trees/RandomForest.java.xml', 'stmt', 33))"
2024-07-24 05:12:38,599	[DEBUG]	EXEC>  SUCCESS 25.5
2024-07-24 05:12:38,599	[INFO]	77      SUCCESS               25.500000 (510.00%) [1 edit(s)]  
2024-07-24 05:12:38,599	[DEBUG]	patch(77)="SrcmlStmtDeletion(('src/main/java/weka/classifiers/trees/RandomForest.java.xml', 'stmt', 64))"
2024-07-24 05:13:05,424	[DEBUG]	EXEC>  SUCCESS 88.0
2024-07-24 05:13:05,424	[INFO]	78      SUCCESS               88.000000 (1760.00%) [1 edit(s)]  
2024-07-24 05:13:05,424	[DEBUG]	patch(78)="SrcmlStmtDeletion(('src/main/java/weka/classifiers/trees/RandomForest.java.xml', 'stmt', 94))"
2024-07-24 05:13:08,338	[INFO]	79      COMPILE_CODE_ERROR    None (--) [1 edit(s)]  
2024-07-24 05:13:08,339	[DEBUG]	patch(79)="SrcmlStmtReplacement(('src/main/java/weka/classifiers/trees/RandomForest.java.xml', 'stmt', 44), ('src/main/java/weka/classifiers/trees/RandomForest.java.xml', 'stmt', 128))"
2024-07-24 05:13:11,051	[INFO]	80      COMPILE_CODE_ERROR    None (--) [1 edit(s)]  
2024-07-24 05:13:11,052	[DEBUG]	patch(80)="SrcmlStmtReplacement(('src/main/java/weka/classifiers/trees/RandomForest.java.xml', 'stmt', 87), ('src/main/java/weka/classifiers/trees/RandomForest.java.xml', 'stmt', 22))"
2024-07-24 05:13:37,888	[DEBUG]	EXEC>  SUCCESS 54.0
2024-07-24 05:13:37,889	[INFO]	81      SUCCESS               54.000000 (1080.00%) [1 edit(s)]  
2024-07-24 05:13:37,889	[DEBUG]	patch(81)="SrcmlStmtReplacement(('src/main/java/weka/classifiers/trees/RandomForest.java.xml', 'stmt', 117), ('src/main/java/weka/classifiers/trees/RandomForest.java.xml', 'stmt', 77))"
2024-07-24 05:13:37,893	[INFO]	82      SUCCESS               30.500000 (610.00%) [1 edit(s)] [cached] 
2024-07-24 05:13:37,893	[DEBUG]	patch(82)="SrcmlStmtDeletion(('src/main/java/weka/classifiers/trees/RandomForest.java.xml', 'stmt', 57))"
2024-07-24 05:14:05,358	[DEBUG]	EXEC>  SUCCESS 14.5
2024-07-24 05:14:05,358	[INFO]	83      SUCCESS               14.500000 (290.00%) [1 edit(s)]  
2024-07-24 05:14:05,358	[DEBUG]	patch(83)="SrcmlStmtDeletion(('src/main/java/weka/classifiers/trees/RandomForest.java.xml', 'stmt', 42))"
2024-07-24 05:14:08,175	[INFO]	84      COMPILE_CODE_ERROR    None (--) [1 edit(s)]  
2024-07-24 05:14:08,175	[DEBUG]	patch(84)="SrcmlStmtInsertion(('src/main/java/weka/classifiers/trees/RandomForest.java.xml', '_inter_block', 195), ('src/main/java/weka/classifiers/trees/RandomForest.java.xml', 'stmt', 121))"
2024-07-24 05:14:11,053	[INFO]	85      COMPILE_CODE_ERROR    None (--) [1 edit(s)]  
2024-07-24 05:14:11,053	[DEBUG]	patch(85)="SrcmlStmtInsertion(('src/main/java/weka/classifiers/trees/RandomForest.java.xml', '_inter_block', 77), ('src/main/java/weka/classifiers/trees/RandomForest.java.xml', 'stmt', 110))"
2024-07-24 05:14:13,405	[INFO]	86      COMPILE_CODE_ERROR    None (--) [1 edit(s)]  
2024-07-24 05:14:13,406	[DEBUG]	patch(86)="SrcmlStmtReplacement(('src/main/java/weka/classifiers/trees/RandomForest.java.xml', 'stmt', 1), ('src/main/java/weka/classifiers/trees/RandomForest.java.xml', 'stmt', 139))"
2024-07-24 05:14:16,208	[INFO]	87      COMPILE_CODE_ERROR    None (--) [1 edit(s)]  
2024-07-24 05:14:16,208	[DEBUG]	patch(87)="SrcmlStmtDeletion(('src/main/java/weka/classifiers/trees/RandomForest.java.xml', 'stmt', 14))"
2024-07-24 05:14:19,140	[INFO]	88      COMPILE_CODE_ERROR    None (--) [1 edit(s)]  
2024-07-24 05:14:19,140	[DEBUG]	patch(88)="SrcmlStmtInsertion(('src/main/java/weka/classifiers/trees/RandomForest.java.xml', '_inter_block', 162), ('src/main/java/weka/classifiers/trees/RandomForest.java.xml', 'stmt', 107))"
2024-07-24 05:14:19,144	[INFO]	89      COMPILE_CODE_ERROR    None (--) [1 edit(s)] [cached] 
2024-07-24 05:14:19,144	[DEBUG]	patch(89)="SrcmlStmtDeletion(('src/main/java/weka/classifiers/trees/RandomForest.java.xml', 'stmt', 88))"
2024-07-24 05:14:46,335	[DEBUG]	EXEC>  SUCCESS 63.5
2024-07-24 05:14:46,335	[INFO]	90      SUCCESS               63.500000 (1270.00%) [1 edit(s)]  
2024-07-24 05:14:46,335	[DEBUG]	patch(90)="SrcmlStmtInsertion(('src/main/java/weka/classifiers/trees/RandomForest.java.xml', '_inter_block', 189), ('src/main/java/weka/classifiers/trees/RandomForest.java.xml', 'stmt', 106))"
2024-07-24 05:14:49,236	[INFO]	91      COMPILE_CODE_ERROR    None (--) [1 edit(s)]  
2024-07-24 05:14:49,236	[DEBUG]	patch(91)="SrcmlStmtReplacement(('src/main/java/weka/classifiers/trees/RandomForest.java.xml', 'stmt', 133), ('src/main/java/weka/classifiers/trees/RandomForest.java.xml', 'stmt', 48))"
2024-07-24 05:14:52,116	[INFO]	92      COMPILE_CODE_ERROR    None (--) [1 edit(s)]  
2024-07-24 05:14:52,117	[DEBUG]	patch(92)="SrcmlStmtInsertion(('src/main/java/weka/classifiers/trees/RandomForest.java.xml', '_inter_block', 190), ('src/main/java/weka/classifiers/trees/RandomForest.java.xml', 'stmt', 59))"
2024-07-24 05:14:54,910	[INFO]	93      COMPILE_CODE_ERROR    None (--) [1 edit(s)]  
2024-07-24 05:14:54,910	[DEBUG]	patch(93)="SrcmlStmtInsertion(('src/main/java/weka/classifiers/trees/RandomForest.java.xml', '_inter_block', 216), ('src/main/java/weka/classifiers/trees/RandomForest.java.xml', 'stmt', 36))"
2024-07-24 05:14:54,913	[INFO]	94      SUCCESS               30.500000 (610.00%) [1 edit(s)] [cached] 
2024-07-24 05:14:54,913	[DEBUG]	patch(94)="SrcmlStmtDeletion(('src/main/java/weka/classifiers/trees/RandomForest.java.xml', 'stmt', 57))"
2024-07-24 05:14:57,769	[INFO]	95      COMPILE_CODE_ERROR    None (--) [1 edit(s)]  
2024-07-24 05:14:57,769	[DEBUG]	patch(95)="SrcmlStmtReplacement(('src/main/java/weka/classifiers/trees/RandomForest.java.xml', 'stmt', 83), ('src/main/java/weka/classifiers/trees/RandomForest.java.xml', 'stmt', 138))"
2024-07-24 05:15:00,714	[INFO]	96      COMPILE_CODE_ERROR    None (--) [1 edit(s)]  
2024-07-24 05:15:00,714	[DEBUG]	patch(96)="SrcmlStmtReplacement(('src/main/java/weka/classifiers/trees/RandomForest.java.xml', 'stmt', 32), ('src/main/java/weka/classifiers/trees/RandomForest.java.xml', 'stmt', 117))"
2024-07-24 05:15:03,012	[INFO]	97      COMPILE_CODE_ERROR    None (--) [1 edit(s)]  
2024-07-24 05:15:03,012	[DEBUG]	patch(97)="SrcmlStmtInsertion(('src/main/java/weka/classifiers/trees/RandomForest.java.xml', '_inter_block', 214), ('src/main/java/weka/classifiers/trees/RandomForest.java.xml', 'stmt', 1))"
2024-07-24 05:15:30,260	[DEBUG]	EXEC>  SUCCESS 83.5
2024-07-24 05:15:30,260	[INFO]	98      SUCCESS               83.500000 (1670.00%) [1 edit(s)]  
2024-07-24 05:15:30,260	[DEBUG]	patch(98)="SrcmlStmtDeletion(('src/main/java/weka/classifiers/trees/RandomForest.java.xml', 'stmt', 61))"
2024-07-24 05:15:33,101	[INFO]	99      COMPILE_CODE_ERROR    None (--) [1 edit(s)]  
2024-07-24 05:15:33,101	[DEBUG]	patch(99)="SrcmlStmtReplacement(('src/main/java/weka/classifiers/trees/RandomForest.java.xml', 'stmt', 99), ('src/main/java/weka/classifiers/trees/RandomForest.java.xml', 'stmt', 34))"
2024-07-24 05:15:33,105	[INFO]	100     SUCCESS               33.000000 (660.00%) [1 edit(s)] [cached] 
2024-07-24 05:15:33,106	[DEBUG]	patch(100)="SrcmlStmtDeletion(('src/main/java/weka/classifiers/trees/RandomForest.java.xml', 'stmt', 100))"
2024-07-24 05:16:00,058	[DEBUG]	EXEC>  SUCCESS 59.0
2024-07-24 05:16:00,058	[INFO]	101     SUCCESS               59.000000 (1180.00%) [1 edit(s)]  
2024-07-24 05:16:00,058	[DEBUG]	patch(101)="SrcmlStmtDeletion(('src/main/java/weka/classifiers/trees/RandomForest.java.xml', 'stmt', 44))"
2024-07-24 05:16:27,307	[DEBUG]	EXEC>  SUCCESS 59.5
2024-07-24 05:16:27,307	[INFO]	102     SUCCESS               59.500000 (1190.00%) [1 edit(s)]  
2024-07-24 05:16:27,307	[DEBUG]	patch(102)="SrcmlStmtDeletion(('src/main/java/weka/classifiers/trees/RandomForest.java.xml', 'stmt', 21))"
2024-07-24 05:16:54,706	[DEBUG]	EXEC>  SUCCESS 29.0
2024-07-24 05:16:54,706	[INFO]	103     SUCCESS               29.000000 (580.00%) [1 edit(s)]  
2024-07-24 05:16:54,706	[DEBUG]	patch(103)="SrcmlStmtReplacement(('src/main/java/weka/classifiers/trees/RandomForest.java.xml', 'stmt', 95), ('src/main/java/weka/classifiers/trees/RandomForest.java.xml', 'stmt', 99))"
2024-07-24 05:16:54,709	[INFO]	104     COMPILE_CODE_ERROR    None (--) [1 edit(s)] [cached] 
2024-07-24 05:16:54,709	[DEBUG]	patch(104)="SrcmlStmtDeletion(('src/main/java/weka/classifiers/trees/RandomForest.java.xml', 'stmt', 86))"
2024-07-24 05:16:57,629	[INFO]	105     COMPILE_CODE_ERROR    None (--) [1 edit(s)]  
2024-07-24 05:16:57,629	[DEBUG]	patch(105)="SrcmlStmtReplacement(('src/main/java/weka/classifiers/trees/RandomForest.java.xml', 'stmt', 42), ('src/main/java/weka/classifiers/trees/RandomForest.java.xml', 'stmt', 127))"
2024-07-24 05:17:24,876	[DEBUG]	EXEC>  SUCCESS 20.5
2024-07-24 05:17:24,876	[INFO]	106     SUCCESS               20.500000 (410.00%) [1 edit(s)]  
2024-07-24 05:17:24,876	[DEBUG]	patch(106)="SrcmlStmtDeletion(('src/main/java/weka/classifiers/trees/RandomForest.java.xml', 'stmt', 133))"
2024-07-24 05:17:24,880	[INFO]	107     COMPILE_CODE_ERROR    None (--) [1 edit(s)] [cached] 
2024-07-24 05:17:24,881	[DEBUG]	patch(107)="SrcmlStmtDeletion(('src/main/java/weka/classifiers/trees/RandomForest.java.xml', 'stmt', 59))"
2024-07-24 05:17:51,980	[DEBUG]	EXEC>  SUCCESS 44.5
2024-07-24 05:17:51,980	[INFO]	108     SUCCESS               44.500000 (890.00%) [1 edit(s)]  
2024-07-24 05:17:51,980	[DEBUG]	patch(108)="SrcmlStmtDeletion(('src/main/java/weka/classifiers/trees/RandomForest.java.xml', 'stmt', 50))"
2024-07-24 05:17:54,802	[INFO]	109     COMPILE_CODE_ERROR    None (--) [1 edit(s)]  
2024-07-24 05:17:54,802	[DEBUG]	patch(109)="SrcmlStmtReplacement(('src/main/java/weka/classifiers/trees/RandomForest.java.xml', 'stmt', 115), ('src/main/java/weka/classifiers/trees/RandomForest.java.xml', 'stmt', 5))"
2024-07-24 05:17:57,622	[INFO]	110     COMPILE_CODE_ERROR    None (--) [1 edit(s)]  
2024-07-24 05:17:57,623	[DEBUG]	patch(110)="SrcmlStmtReplacement(('src/main/java/weka/classifiers/trees/RandomForest.java.xml', 'stmt', 83), ('src/main/java/weka/classifiers/trees/RandomForest.java.xml', 'stmt', 90))"
2024-07-24 05:18:24,584	[DEBUG]	EXEC>  SUCCESS 54.5
2024-07-24 05:18:24,584	[INFO]	111     SUCCESS               54.500000 (1090.00%) [1 edit(s)]  
2024-07-24 05:18:24,584	[DEBUG]	patch(111)="SrcmlStmtDeletion(('src/main/java/weka/classifiers/trees/RandomForest.java.xml', 'stmt', 96))"
2024-07-24 05:18:27,419	[INFO]	112     COMPILE_CODE_ERROR    None (--) [1 edit(s)]  
2024-07-24 05:18:27,419	[DEBUG]	patch(112)="SrcmlStmtReplacement(('src/main/java/weka/classifiers/trees/RandomForest.java.xml', 'stmt', 4), ('src/main/java/weka/classifiers/trees/RandomForest.java.xml', 'stmt', 87))"
2024-07-24 05:18:29,783	[INFO]	113     COMPILE_CODE_ERROR    None (--) [1 edit(s)]  
2024-07-24 05:18:29,783	[DEBUG]	patch(113)="SrcmlStmtReplacement(('src/main/java/weka/classifiers/trees/RandomForest.java.xml', 'stmt', 114), ('src/main/java/weka/classifiers/trees/RandomForest.java.xml', 'stmt', 38))"
2024-07-24 05:18:57,083	[DEBUG]	EXEC>  SUCCESS 83.0
2024-07-24 05:18:57,083	[INFO]	114     SUCCESS               83.000000 (1660.00%) [1 edit(s)]  
2024-07-24 05:18:57,083	[DEBUG]	patch(114)="SrcmlStmtDeletion(('src/main/java/weka/classifiers/trees/RandomForest.java.xml', 'stmt', 32))"
2024-07-24 05:19:23,867	[DEBUG]	EXEC>  SUCCESS 60.0
2024-07-24 05:19:23,867	[INFO]	115     SUCCESS               60.000000 (1200.00%) [1 edit(s)]  
2024-07-24 05:19:23,867	[DEBUG]	patch(115)="SrcmlStmtDeletion(('src/main/java/weka/classifiers/trees/RandomForest.java.xml', 'stmt', 105))"
2024-07-24 05:19:26,775	[INFO]	116     COMPILE_CODE_ERROR    None (--) [1 edit(s)]  
2024-07-24 05:19:26,775	[DEBUG]	patch(116)="SrcmlStmtDeletion(('src/main/java/weka/classifiers/trees/RandomForest.java.xml', 'stmt', 35))"
2024-07-24 05:19:53,850	[DEBUG]	EXEC>  SUCCESS 49.0
2024-07-24 05:19:53,851	[INFO]	117     SUCCESS               49.000000 (980.00%) [1 edit(s)]  
2024-07-24 05:19:53,851	[DEBUG]	patch(117)="SrcmlStmtDeletion(('src/main/java/weka/classifiers/trees/RandomForest.java.xml', 'stmt', 93))"
2024-07-24 05:19:56,814	[INFO]	118     COMPILE_CODE_ERROR    None (--) [1 edit(s)]  
2024-07-24 05:19:56,814	[DEBUG]	patch(118)="SrcmlStmtInsertion(('src/main/java/weka/classifiers/trees/RandomForest.java.xml', '_inter_block', 136), ('src/main/java/weka/classifiers/trees/RandomForest.java.xml', 'stmt', 50))"
2024-07-24 05:20:23,687	[DEBUG]	EXEC>  SUCCESS 44.0
2024-07-24 05:20:23,688	[INFO]	119     SUCCESS               44.000000 (880.00%) [1 edit(s)]  
2024-07-24 05:20:23,688	[DEBUG]	patch(119)="SrcmlStmtDeletion(('src/main/java/weka/classifiers/trees/RandomForest.java.xml', 'stmt', 118))"
2024-07-24 05:20:26,693	[INFO]	120     COMPILE_CODE_ERROR    None (--) [1 edit(s)]  
2024-07-24 05:20:26,694	[DEBUG]	patch(120)="SrcmlStmtReplacement(('src/main/java/weka/classifiers/trees/RandomForest.java.xml', 'stmt', 141), ('src/main/java/weka/classifiers/trees/RandomForest.java.xml', 'stmt', 84))"
2024-07-24 05:20:53,796	[DEBUG]	EXEC>  SUCCESS 4.0
2024-07-24 05:20:53,796	[INFO]	121     SUCCESS              *4.000000 (80.00%) [1 edit(s)]  
2024-07-24 05:20:53,797	[DEBUG]	patch(121)="SrcmlStmtDeletion(('src/main/java/weka/classifiers/trees/RandomForest.java.xml', 'stmt', 124))"
--- before: src/main/java/weka/classifiers/trees/RandomForest.java
+++ after: src/main/java/weka/classifiers/trees/RandomForest.java
@@ -823,7 +823,7 @@
 
     String iterations = Utils.getOption('I', options);
     if (iterations.length() != 0) {
-      setNumIterations(Integer.parseInt(iterations));
+      
     } else {
       setNumIterations(defaultNumberOfIterations());
     }

2024-07-24 05:21:21,309	[DEBUG]	EXEC>  SUCCESS 34.0
2024-07-24 05:21:21,309	[INFO]	122     SUCCESS               34.000000 (680.00%) [2 edit(s)]  
2024-07-24 05:21:21,309	[DEBUG]	patch(122)="SrcmlStmtDeletion(('src/main/java/weka/classifiers/trees/RandomForest.java.xml', 'stmt', 124)) | SrcmlStmtReplacement(('src/main/java/weka/classifiers/trees/RandomForest.java.xml', 'stmt', 137), ('src/main/java/weka/classifiers/trees/RandomForest.java.xml', 'stmt', 120))"
2024-07-24 05:21:21,313	[INFO]	123     SUCCESS               5.000000 (100.00%) [0 edit(s)] [cached] 
2024-07-24 05:21:21,314	[DEBUG]	patch(123)=""
2024-07-24 05:21:48,335	[DEBUG]	EXEC>  SUCCESS 63.5
2024-07-24 05:21:48,335	[INFO]	124     SUCCESS               63.500000 (1270.00%) [2 edit(s)]  
2024-07-24 05:21:48,335	[DEBUG]	patch(124)="SrcmlStmtDeletion(('src/main/java/weka/classifiers/trees/RandomForest.java.xml', 'stmt', 124)) | SrcmlStmtDeletion(('src/main/java/weka/classifiers/trees/RandomForest.java.xml', 'stmt', 134))"
2024-07-24 05:21:50,842	[INFO]	125     COMPILE_CODE_ERROR    None (--) [2 edit(s)]  
2024-07-24 05:21:50,842	[DEBUG]	patch(125)="SrcmlStmtDeletion(('src/main/java/weka/classifiers/trees/RandomForest.java.xml', 'stmt', 124)) | SrcmlStmtInsertion(('src/main/java/weka/classifiers/trees/RandomForest.java.xml', '_inter_block', 26), ('src/main/java/weka/classifiers/trees/RandomForest.java.xml', 'stmt', 30))"
2024-07-24 05:21:53,746	[INFO]	126     COMPILE_CODE_ERROR    None (--) [2 edit(s)]  
2024-07-24 05:21:53,746	[DEBUG]	patch(126)="SrcmlStmtDeletion(('src/main/java/weka/classifiers/trees/RandomForest.java.xml', 'stmt', 124)) | SrcmlStmtReplacement(('src/main/java/weka/classifiers/trees/RandomForest.java.xml', 'stmt', 16), ('src/main/java/weka/classifiers/trees/RandomForest.java.xml', 'stmt', 62))"
2024-07-24 05:21:56,577	[INFO]	127     COMPILE_CODE_ERROR    None (--) [2 edit(s)]  
2024-07-24 05:21:56,577	[DEBUG]	patch(127)="SrcmlStmtDeletion(('src/main/java/weka/classifiers/trees/RandomForest.java.xml', 'stmt', 124)) | SrcmlStmtReplacement(('src/main/java/weka/classifiers/trees/RandomForest.java.xml', 'stmt', 118), ('src/main/java/weka/classifiers/trees/RandomForest.java.xml', 'stmt', 50))"
2024-07-24 05:21:59,427	[INFO]	128     COMPILE_CODE_ERROR    None (--) [2 edit(s)]  
2024-07-24 05:21:59,427	[DEBUG]	patch(128)="SrcmlStmtDeletion(('src/main/java/weka/classifiers/trees/RandomForest.java.xml', 'stmt', 124)) | SrcmlStmtInsertion(('src/main/java/weka/classifiers/trees/RandomForest.java.xml', '_inter_block', 51), ('src/main/java/weka/classifiers/trees/RandomForest.java.xml', 'stmt', 96))"
2024-07-24 05:22:26,675	[DEBUG]	EXEC>  SUCCESS 33.0
2024-07-24 05:22:26,675	[INFO]	129     SUCCESS               33.000000 (660.00%) [2 edit(s)]  
2024-07-24 05:22:26,675	[DEBUG]	patch(129)="SrcmlStmtDeletion(('src/main/java/weka/classifiers/trees/RandomForest.java.xml', 'stmt', 124)) | SrcmlStmtInsertion(('src/main/java/weka/classifiers/trees/RandomForest.java.xml', '_inter_block', 161), ('src/main/java/weka/classifiers/trees/RandomForest.java.xml', 'stmt', 10))"
2024-07-24 05:22:53,897	[DEBUG]	EXEC>  SUCCESS 56.0
2024-07-24 05:22:53,897	[INFO]	130     SUCCESS               56.000000 (1120.00%) [2 edit(s)]  
2024-07-24 05:22:53,897	[DEBUG]	patch(130)="SrcmlStmtDeletion(('src/main/java/weka/classifiers/trees/RandomForest.java.xml', 'stmt', 124)) | SrcmlStmtReplacement(('src/main/java/weka/classifiers/trees/RandomForest.java.xml', 'stmt', 85), ('src/main/java/weka/classifiers/trees/RandomForest.java.xml', 'stmt', 54))"
2024-07-24 05:23:21,322	[DEBUG]	EXEC>  SUCCESS 25.5
2024-07-24 05:23:21,322	[INFO]	131     SUCCESS               25.500000 (510.00%) [2 edit(s)]  
2024-07-24 05:23:21,322	[DEBUG]	patch(131)="SrcmlStmtDeletion(('src/main/java/weka/classifiers/trees/RandomForest.java.xml', 'stmt', 124)) | SrcmlStmtDeletion(('src/main/java/weka/classifiers/trees/RandomForest.java.xml', 'stmt', 42))"
2024-07-24 05:23:24,186	[INFO]	132     COMPILE_CODE_ERROR    None (--) [2 edit(s)]  
2024-07-24 05:23:24,186	[DEBUG]	patch(132)="SrcmlStmtDeletion(('src/main/java/weka/classifiers/trees/RandomForest.java.xml', 'stmt', 124)) | SrcmlStmtReplacement(('src/main/java/weka/classifiers/trees/RandomForest.java.xml', 'stmt', 2), ('src/main/java/weka/classifiers/trees/RandomForest.java.xml', 'stmt', 46))"
2024-07-24 05:23:51,206	[DEBUG]	EXEC>  SUCCESS 59.0
2024-07-24 05:23:51,206	[INFO]	133     SUCCESS               59.000000 (1180.00%) [2 edit(s)]  
2024-07-24 05:23:51,206	[DEBUG]	patch(133)="SrcmlStmtDeletion(('src/main/java/weka/classifiers/trees/RandomForest.java.xml', 'stmt', 124)) | SrcmlStmtDeletion(('src/main/java/weka/classifiers/trees/RandomForest.java.xml', 'stmt', 17))"
2024-07-24 05:23:54,186	[INFO]	134     COMPILE_CODE_ERROR    None (--) [2 edit(s)]  
2024-07-24 05:23:54,186	[DEBUG]	patch(134)="SrcmlStmtDeletion(('src/main/java/weka/classifiers/trees/RandomForest.java.xml', 'stmt', 124)) | SrcmlStmtReplacement(('src/main/java/weka/classifiers/trees/RandomForest.java.xml', 'stmt', 90), ('src/main/java/weka/classifiers/trees/RandomForest.java.xml', 'stmt', 26))"
2024-07-24 05:23:57,214	[INFO]	135     COMPILE_CODE_ERROR    None (--) [2 edit(s)]  
2024-07-24 05:23:57,214	[DEBUG]	patch(135)="SrcmlStmtDeletion(('src/main/java/weka/classifiers/trees/RandomForest.java.xml', 'stmt', 124)) | SrcmlStmtReplacement(('src/main/java/weka/classifiers/trees/RandomForest.java.xml', 'stmt', 56), ('src/main/java/weka/classifiers/trees/RandomForest.java.xml', 'stmt', 61))"
2024-07-24 05:24:00,224	[INFO]	136     COMPILE_CODE_ERROR    None (--) [2 edit(s)]  
2024-07-24 05:24:00,225	[DEBUG]	patch(136)="SrcmlStmtDeletion(('src/main/java/weka/classifiers/trees/RandomForest.java.xml', 'stmt', 124)) | SrcmlStmtReplacement(('src/main/java/weka/classifiers/trees/RandomForest.java.xml', 'stmt', 69), ('src/main/java/weka/classifiers/trees/RandomForest.java.xml', 'stmt', 41))"
2024-07-24 05:24:03,000	[INFO]	137     COMPILE_CODE_ERROR    None (--) [2 edit(s)]  
2024-07-24 05:24:03,000	[DEBUG]	patch(137)="SrcmlStmtDeletion(('src/main/java/weka/classifiers/trees/RandomForest.java.xml', 'stmt', 124)) | SrcmlStmtInsertion(('src/main/java/weka/classifiers/trees/RandomForest.java.xml', '_inter_block', 114), ('src/main/java/weka/classifiers/trees/RandomForest.java.xml', 'stmt', 50))"
2024-07-24 05:24:05,412	[INFO]	138     COMPILE_CODE_ERROR    None (--) [2 edit(s)]  
2024-07-24 05:24:05,412	[DEBUG]	patch(138)="SrcmlStmtDeletion(('src/main/java/weka/classifiers/trees/RandomForest.java.xml', 'stmt', 124)) | SrcmlStmtInsertion(('src/main/java/weka/classifiers/trees/RandomForest.java.xml', '_inter_block', 199), ('src/main/java/weka/classifiers/trees/RandomForest.java.xml', 'stmt', 55))"
2024-07-24 05:24:07,748	[INFO]	139     COMPILE_CODE_ERROR    None (--) [2 edit(s)]  
2024-07-24 05:24:07,748	[DEBUG]	patch(139)="SrcmlStmtDeletion(('src/main/java/weka/classifiers/trees/RandomForest.java.xml', 'stmt', 124)) | SrcmlStmtInsertion(('src/main/java/weka/classifiers/trees/RandomForest.java.xml', '_inter_block', 32), ('src/main/java/weka/classifiers/trees/RandomForest.java.xml', 'stmt', 4))"
2024-07-24 05:24:10,586	[INFO]	140     COMPILE_CODE_ERROR    None (--) [2 edit(s)]  
2024-07-24 05:24:10,586	[DEBUG]	patch(140)="SrcmlStmtDeletion(('src/main/java/weka/classifiers/trees/RandomForest.java.xml', 'stmt', 124)) | SrcmlStmtInsertion(('src/main/java/weka/classifiers/trees/RandomForest.java.xml', '_inter_block', 35), ('src/main/java/weka/classifiers/trees/RandomForest.java.xml', 'stmt', 126))"
2024-07-24 05:24:12,921	[INFO]	141     COMPILE_CODE_ERROR    None (--) [2 edit(s)]  
2024-07-24 05:24:12,921	[DEBUG]	patch(141)="SrcmlStmtDeletion(('src/main/java/weka/classifiers/trees/RandomForest.java.xml', 'stmt', 124)) | SrcmlStmtReplacement(('src/main/java/weka/classifiers/trees/RandomForest.java.xml', 'stmt', 114), ('src/main/java/weka/classifiers/trees/RandomForest.java.xml', 'stmt', 30))"
2024-07-24 05:24:39,686	[DEBUG]	EXEC>  SUCCESS 31.5
2024-07-24 05:24:39,687	[INFO]	142     SUCCESS               31.500000 (630.00%) [2 edit(s)]  
2024-07-24 05:24:39,687	[DEBUG]	patch(142)="SrcmlStmtDeletion(('src/main/java/weka/classifiers/trees/RandomForest.java.xml', 'stmt', 124)) | SrcmlStmtDeletion(('src/main/java/weka/classifiers/trees/RandomForest.java.xml', 'stmt', 136))"
2024-07-24 05:24:42,666	[INFO]	143     COMPILE_CODE_ERROR    None (--) [2 edit(s)]  
2024-07-24 05:24:42,666	[DEBUG]	patch(143)="SrcmlStmtDeletion(('src/main/java/weka/classifiers/trees/RandomForest.java.xml', 'stmt', 124)) | SrcmlStmtInsertion(('src/main/java/weka/classifiers/trees/RandomForest.java.xml', '_inter_block', 205), ('src/main/java/weka/classifiers/trees/RandomForest.java.xml', 'stmt', 83))"
2024-07-24 05:25:09,616	[DEBUG]	EXEC>  SUCCESS 26.5
2024-07-24 05:25:09,616	[INFO]	144     SUCCESS               26.500000 (530.00%) [2 edit(s)]  
2024-07-24 05:25:09,616	[DEBUG]	patch(144)="SrcmlStmtDeletion(('src/main/java/weka/classifiers/trees/RandomForest.java.xml', 'stmt', 124)) | SrcmlStmtReplacement(('src/main/java/weka/classifiers/trees/RandomForest.java.xml', 'stmt', 94), ('src/main/java/weka/classifiers/trees/RandomForest.java.xml', 'stmt', 54))"
2024-07-24 05:25:12,591	[INFO]	145     COMPILE_CODE_ERROR    None (--) [2 edit(s)]  
2024-07-24 05:25:12,591	[DEBUG]	patch(145)="SrcmlStmtDeletion(('src/main/java/weka/classifiers/trees/RandomForest.java.xml', 'stmt', 124)) | SrcmlStmtDeletion(('src/main/java/weka/classifiers/trees/RandomForest.java.xml', 'stmt', 113))"
2024-07-24 05:25:15,411	[INFO]	146     COMPILE_CODE_ERROR    None (--) [2 edit(s)]  
2024-07-24 05:25:15,411	[DEBUG]	patch(146)="SrcmlStmtDeletion(('src/main/java/weka/classifiers/trees/RandomForest.java.xml', 'stmt', 124)) | SrcmlStmtInsertion(('src/main/java/weka/classifiers/trees/RandomForest.java.xml', '_inter_block', 83), ('src/main/java/weka/classifiers/trees/RandomForest.java.xml', 'stmt', 53))"
2024-07-24 05:25:18,405	[INFO]	147     COMPILE_CODE_ERROR    None (--) [2 edit(s)]  
2024-07-24 05:25:18,405	[DEBUG]	patch(147)="SrcmlStmtDeletion(('src/main/java/weka/classifiers/trees/RandomForest.java.xml', 'stmt', 124)) | SrcmlStmtReplacement(('src/main/java/weka/classifiers/trees/RandomForest.java.xml', 'stmt', 5), ('src/main/java/weka/classifiers/trees/RandomForest.java.xml', 'stmt', 64))"
2024-07-24 05:25:45,318	[DEBUG]	EXEC>  SUCCESS 33.5
2024-07-24 05:25:45,318	[INFO]	148     SUCCESS               33.500000 (670.00%) [2 edit(s)]  
2024-07-24 05:25:45,318	[DEBUG]	patch(148)="SrcmlStmtDeletion(('src/main/java/weka/classifiers/trees/RandomForest.java.xml', 'stmt', 124)) | SrcmlStmtReplacement(('src/main/java/weka/classifiers/trees/RandomForest.java.xml', 'stmt', 50), ('src/main/java/weka/classifiers/trees/RandomForest.java.xml', 'stmt', 54))"
2024-07-24 05:25:48,315	[INFO]	149     COMPILE_CODE_ERROR    None (--) [2 edit(s)]  
2024-07-24 05:25:48,315	[DEBUG]	patch(149)="SrcmlStmtDeletion(('src/main/java/weka/classifiers/trees/RandomForest.java.xml', 'stmt', 124)) | SrcmlStmtDeletion(('src/main/java/weka/classifiers/trees/RandomForest.java.xml', 'stmt', 55))"
2024-07-24 05:25:51,170	[INFO]	150     COMPILE_CODE_ERROR    None (--) [2 edit(s)]  
2024-07-24 05:25:51,170	[DEBUG]	patch(150)="SrcmlStmtDeletion(('src/main/java/weka/classifiers/trees/RandomForest.java.xml', 'stmt', 124)) | SrcmlStmtReplacement(('src/main/java/weka/classifiers/trees/RandomForest.java.xml', 'stmt', 125), ('src/main/java/weka/classifiers/trees/RandomForest.java.xml', 'stmt', 95))"
2024-07-24 05:25:54,044	[INFO]	151     COMPILE_CODE_ERROR    None (--) [2 edit(s)]  
2024-07-24 05:25:54,045	[DEBUG]	patch(151)="SrcmlStmtDeletion(('src/main/java/weka/classifiers/trees/RandomForest.java.xml', 'stmt', 124)) | SrcmlStmtInsertion(('src/main/java/weka/classifiers/trees/RandomForest.java.xml', '_inter_block', 154), ('src/main/java/weka/classifiers/trees/RandomForest.java.xml', 'stmt', 17))"
2024-07-24 05:25:56,456	[INFO]	152     COMPILE_CODE_ERROR    None (--) [2 edit(s)]  
2024-07-24 05:25:56,456	[DEBUG]	patch(152)="SrcmlStmtDeletion(('src/main/java/weka/classifiers/trees/RandomForest.java.xml', 'stmt', 124)) | SrcmlStmtInsertion(('src/main/java/weka/classifiers/trees/RandomForest.java.xml', '_inter_block', 2), ('src/main/java/weka/classifiers/trees/RandomForest.java.xml', 'stmt', 48))"
2024-07-24 05:25:58,885	[INFO]	153     COMPILE_CODE_ERROR    None (--) [2 edit(s)]  
2024-07-24 05:25:58,886	[DEBUG]	patch(153)="SrcmlStmtDeletion(('src/main/java/weka/classifiers/trees/RandomForest.java.xml', 'stmt', 124)) | SrcmlStmtInsertion(('src/main/java/weka/classifiers/trees/RandomForest.java.xml', '_inter_block', 29), ('src/main/java/weka/classifiers/trees/RandomForest.java.xml', 'stmt', 24))"
2024-07-24 05:26:01,745	[INFO]	154     COMPILE_CODE_ERROR    None (--) [2 edit(s)]  
2024-07-24 05:26:01,745	[DEBUG]	patch(154)="SrcmlStmtDeletion(('src/main/java/weka/classifiers/trees/RandomForest.java.xml', 'stmt', 124)) | SrcmlStmtReplacement(('src/main/java/weka/classifiers/trees/RandomForest.java.xml', 'stmt', 27), ('src/main/java/weka/classifiers/trees/RandomForest.java.xml', 'stmt', 40))"
2024-07-24 05:26:04,151	[INFO]	155     COMPILE_CODE_ERROR    None (--) [2 edit(s)]  
2024-07-24 05:26:04,151	[DEBUG]	patch(155)="SrcmlStmtDeletion(('src/main/java/weka/classifiers/trees/RandomForest.java.xml', 'stmt', 124)) | SrcmlStmtInsertion(('src/main/java/weka/classifiers/trees/RandomForest.java.xml', '_inter_block', 25), ('src/main/java/weka/classifiers/trees/RandomForest.java.xml', 'stmt', 93))"
2024-07-24 05:26:07,002	[INFO]	156     COMPILE_CODE_ERROR    None (--) [2 edit(s)]  
2024-07-24 05:26:07,002	[DEBUG]	patch(156)="SrcmlStmtDeletion(('src/main/java/weka/classifiers/trees/RandomForest.java.xml', 'stmt', 124)) | SrcmlStmtDeletion(('src/main/java/weka/classifiers/trees/RandomForest.java.xml', 'stmt', 59))"
2024-07-24 05:26:09,799	[INFO]	157     COMPILE_CODE_ERROR    None (--) [2 edit(s)]  
2024-07-24 05:26:09,799	[DEBUG]	patch(157)="SrcmlStmtDeletion(('src/main/java/weka/classifiers/trees/RandomForest.java.xml', 'stmt', 124)) | SrcmlStmtInsertion(('src/main/java/weka/classifiers/trees/RandomForest.java.xml', '_inter_block', 187), ('src/main/java/weka/classifiers/trees/RandomForest.java.xml', 'stmt', 123))"
2024-07-24 05:26:36,574	[DEBUG]	EXEC>  SUCCESS 79.0
2024-07-24 05:26:36,574	[INFO]	158     SUCCESS               79.000000 (1580.00%) [2 edit(s)]  
2024-07-24 05:26:36,574	[DEBUG]	patch(158)="SrcmlStmtDeletion(('src/main/java/weka/classifiers/trees/RandomForest.java.xml', 'stmt', 124)) | SrcmlStmtDeletion(('src/main/java/weka/classifiers/trees/RandomForest.java.xml', 'stmt', 18))"
2024-07-24 05:27:03,579	[DEBUG]	EXEC>  SUCCESS 54.5
2024-07-24 05:27:03,579	[INFO]	159     SUCCESS               54.500000 (1090.00%) [2 edit(s)]  
2024-07-24 05:27:03,579	[DEBUG]	patch(159)="SrcmlStmtDeletion(('src/main/java/weka/classifiers/trees/RandomForest.java.xml', 'stmt', 124)) | SrcmlStmtDeletion(('src/main/java/weka/classifiers/trees/RandomForest.java.xml', 'stmt', 85))"
2024-07-24 05:27:06,508	[INFO]	160     COMPILE_CODE_ERROR    None (--) [2 edit(s)]  
2024-07-24 05:27:06,508	[DEBUG]	patch(160)="SrcmlStmtDeletion(('src/main/java/weka/classifiers/trees/RandomForest.java.xml', 'stmt', 124)) | SrcmlStmtReplacement(('src/main/java/weka/classifiers/trees/RandomForest.java.xml', 'stmt', 43), ('src/main/java/weka/classifiers/trees/RandomForest.java.xml', 'stmt', 73))"
2024-07-24 05:27:09,342	[INFO]	161     COMPILE_CODE_ERROR    None (--) [2 edit(s)]  
2024-07-24 05:27:09,342	[DEBUG]	patch(161)="SrcmlStmtDeletion(('src/main/java/weka/classifiers/trees/RandomForest.java.xml', 'stmt', 124)) | SrcmlStmtReplacement(('src/main/java/weka/classifiers/trees/RandomForest.java.xml', 'stmt', 58), ('src/main/java/weka/classifiers/trees/RandomForest.java.xml', 'stmt', 44))"
2024-07-24 05:27:12,248	[INFO]	162     COMPILE_CODE_ERROR    None (--) [2 edit(s)]  
2024-07-24 05:27:12,248	[DEBUG]	patch(162)="SrcmlStmtDeletion(('src/main/java/weka/classifiers/trees/RandomForest.java.xml', 'stmt', 124)) | SrcmlStmtInsertion(('src/main/java/weka/classifiers/trees/RandomForest.java.xml', '_inter_block', 43), ('src/main/java/weka/classifiers/trees/RandomForest.java.xml', 'stmt', 69))"
2024-07-24 05:27:39,384	[DEBUG]	EXEC>  SUCCESS 11.5
2024-07-24 05:27:39,384	[INFO]	163     SUCCESS               11.500000 (230.00%) [2 edit(s)]  
2024-07-24 05:27:39,384	[DEBUG]	patch(163)="SrcmlStmtDeletion(('src/main/java/weka/classifiers/trees/RandomForest.java.xml', 'stmt', 124)) | SrcmlStmtDeletion(('src/main/java/weka/classifiers/trees/RandomForest.java.xml', 'stmt', 16))"
2024-07-24 05:28:06,305	[DEBUG]	EXEC>  SUCCESS 46.5
2024-07-24 05:28:06,305	[INFO]	164     SUCCESS               46.500000 (930.00%) [2 edit(s)]  
2024-07-24 05:28:06,305	[DEBUG]	patch(164)="SrcmlStmtDeletion(('src/main/java/weka/classifiers/trees/RandomForest.java.xml', 'stmt', 124)) | SrcmlStmtDeletion(('src/main/java/weka/classifiers/trees/RandomForest.java.xml', 'stmt', 4))"
2024-07-24 05:28:09,289	[INFO]	165     COMPILE_CODE_ERROR    None (--) [2 edit(s)]  
2024-07-24 05:28:09,289	[DEBUG]	patch(165)="SrcmlStmtDeletion(('src/main/java/weka/classifiers/trees/RandomForest.java.xml', 'stmt', 124)) | SrcmlStmtInsertion(('src/main/java/weka/classifiers/trees/RandomForest.java.xml', '_inter_block', 53), ('src/main/java/weka/classifiers/trees/RandomForest.java.xml', 'stmt', 93))"
2024-07-24 05:28:09,293	[INFO]	166     SUCCESS               59.000000 (1180.00%) [2 edit(s)] [cached] 
2024-07-24 05:28:09,293	[DEBUG]	patch(166)="SrcmlStmtDeletion(('src/main/java/weka/classifiers/trees/RandomForest.java.xml', 'stmt', 124)) | SrcmlStmtDeletion(('src/main/java/weka/classifiers/trees/RandomForest.java.xml', 'stmt', 17))"
2024-07-24 05:28:36,594	[DEBUG]	EXEC>  SUCCESS 86.0
2024-07-24 05:28:36,594	[INFO]	167     SUCCESS               86.000000 (1720.00%) [2 edit(s)]  
2024-07-24 05:28:36,595	[DEBUG]	patch(167)="SrcmlStmtDeletion(('src/main/java/weka/classifiers/trees/RandomForest.java.xml', 'stmt', 124)) | SrcmlStmtDeletion(('src/main/java/weka/classifiers/trees/RandomForest.java.xml', 'stmt', 71))"
2024-07-24 05:28:39,531	[INFO]	168     COMPILE_CODE_ERROR    None (--) [2 edit(s)]  
2024-07-24 05:28:39,532	[DEBUG]	patch(168)="SrcmlStmtDeletion(('src/main/java/weka/classifiers/trees/RandomForest.java.xml', 'stmt', 124)) | SrcmlStmtReplacement(('src/main/java/weka/classifiers/trees/RandomForest.java.xml', 'stmt', 31), ('src/main/java/weka/classifiers/trees/RandomForest.java.xml', 'stmt', 59))"
2024-07-24 05:29:06,273	[DEBUG]	EXEC>  SUCCESS 71.0
2024-07-24 05:29:06,273	[INFO]	169     SUCCESS               71.000000 (1420.00%) [2 edit(s)]  
2024-07-24 05:29:06,274	[DEBUG]	patch(169)="SrcmlStmtDeletion(('src/main/java/weka/classifiers/trees/RandomForest.java.xml', 'stmt', 124)) | SrcmlStmtInsertion(('src/main/java/weka/classifiers/trees/RandomForest.java.xml', '_inter_block', 103), ('src/main/java/weka/classifiers/trees/RandomForest.java.xml', 'stmt', 86))"
2024-07-24 05:29:09,226	[INFO]	170     COMPILE_CODE_ERROR    None (--) [2 edit(s)]  
2024-07-24 05:29:09,226	[DEBUG]	patch(170)="SrcmlStmtDeletion(('src/main/java/weka/classifiers/trees/RandomForest.java.xml', 'stmt', 124)) | SrcmlStmtDeletion(('src/main/java/weka/classifiers/trees/RandomForest.java.xml', 'stmt', 14))"
2024-07-24 05:29:12,013	[INFO]	171     COMPILE_CODE_ERROR    None (--) [2 edit(s)]  
2024-07-24 05:29:12,014	[DEBUG]	patch(171)="SrcmlStmtDeletion(('src/main/java/weka/classifiers/trees/RandomForest.java.xml', 'stmt', 124)) | SrcmlStmtInsertion(('src/main/java/weka/classifiers/trees/RandomForest.java.xml', '_inter_block', 178), ('src/main/java/weka/classifiers/trees/RandomForest.java.xml', 'stmt', 117))"
2024-07-24 05:29:14,856	[INFO]	172     COMPILE_CODE_ERROR    None (--) [2 edit(s)]  
2024-07-24 05:29:14,856	[DEBUG]	patch(172)="SrcmlStmtDeletion(('src/main/java/weka/classifiers/trees/RandomForest.java.xml', 'stmt', 124)) | SrcmlStmtDeletion(('src/main/java/weka/classifiers/trees/RandomForest.java.xml', 'stmt', 39))"
2024-07-24 05:29:17,724	[INFO]	173     COMPILE_CODE_ERROR    None (--) [2 edit(s)]  
2024-07-24 05:29:17,724	[DEBUG]	patch(173)="SrcmlStmtDeletion(('src/main/java/weka/classifiers/trees/RandomForest.java.xml', 'stmt', 124)) | SrcmlStmtInsertion(('src/main/java/weka/classifiers/trees/RandomForest.java.xml', '_inter_block', 105), ('src/main/java/weka/classifiers/trees/RandomForest.java.xml', 'stmt', 8))"
2024-07-24 05:29:20,540	[INFO]	174     COMPILE_CODE_ERROR    None (--) [2 edit(s)]  
2024-07-24 05:29:20,540	[DEBUG]	patch(174)="SrcmlStmtDeletion(('src/main/java/weka/classifiers/trees/RandomForest.java.xml', 'stmt', 124)) | SrcmlStmtReplacement(('src/main/java/weka/classifiers/trees/RandomForest.java.xml', 'stmt', 128), ('src/main/java/weka/classifiers/trees/RandomForest.java.xml', 'stmt', 76))"
2024-07-24 05:29:47,699	[DEBUG]	EXEC>  SUCCESS 75.5
2024-07-24 05:29:47,699	[INFO]	175     SUCCESS               75.500000 (1510.00%) [2 edit(s)]  
2024-07-24 05:29:47,699	[DEBUG]	patch(175)="SrcmlStmtDeletion(('src/main/java/weka/classifiers/trees/RandomForest.java.xml', 'stmt', 124)) | SrcmlStmtDeletion(('src/main/java/weka/classifiers/trees/RandomForest.java.xml', 'stmt', 20))"
2024-07-24 05:29:50,659	[INFO]	176     COMPILE_CODE_ERROR    None (--) [2 edit(s)]  
2024-07-24 05:29:50,659	[DEBUG]	patch(176)="SrcmlStmtDeletion(('src/main/java/weka/classifiers/trees/RandomForest.java.xml', 'stmt', 124)) | SrcmlStmtInsertion(('src/main/java/weka/classifiers/trees/RandomForest.java.xml', '_inter_block', 220), ('src/main/java/weka/classifiers/trees/RandomForest.java.xml', 'stmt', 78))"
2024-07-24 05:29:53,515	[INFO]	177     COMPILE_CODE_ERROR    None (--) [2 edit(s)]  
2024-07-24 05:29:53,515	[DEBUG]	patch(177)="SrcmlStmtDeletion(('src/main/java/weka/classifiers/trees/RandomForest.java.xml', 'stmt', 124)) | SrcmlStmtInsertion(('src/main/java/weka/classifiers/trees/RandomForest.java.xml', '_inter_block', 99), ('src/main/java/weka/classifiers/trees/RandomForest.java.xml', 'stmt', 85))"
2024-07-24 05:29:56,478	[INFO]	178     COMPILE_CODE_ERROR    None (--) [2 edit(s)]  
2024-07-24 05:29:56,478	[DEBUG]	patch(178)="SrcmlStmtDeletion(('src/main/java/weka/classifiers/trees/RandomForest.java.xml', 'stmt', 124)) | SrcmlStmtDeletion(('src/main/java/weka/classifiers/trees/RandomForest.java.xml', 'stmt', 56))"
2024-07-24 05:29:59,365	[INFO]	179     COMPILE_CODE_ERROR    None (--) [2 edit(s)]  
2024-07-24 05:29:59,365	[DEBUG]	patch(179)="SrcmlStmtDeletion(('src/main/java/weka/classifiers/trees/RandomForest.java.xml', 'stmt', 124)) | SrcmlStmtReplacement(('src/main/java/weka/classifiers/trees/RandomForest.java.xml', 'stmt', 101), ('src/main/java/weka/classifiers/trees/RandomForest.java.xml', 'stmt', 55))"
2024-07-24 05:30:02,346	[INFO]	180     COMPILE_CODE_ERROR    None (--) [2 edit(s)]  
2024-07-24 05:30:02,346	[DEBUG]	patch(180)="SrcmlStmtDeletion(('src/main/java/weka/classifiers/trees/RandomForest.java.xml', 'stmt', 124)) | SrcmlStmtInsertion(('src/main/java/weka/classifiers/trees/RandomForest.java.xml', '_inter_block', 188), ('src/main/java/weka/classifiers/trees/RandomForest.java.xml', 'stmt', 121))"
2024-07-24 05:30:29,698	[DEBUG]	EXEC>  SUCCESS 90.0
2024-07-24 05:30:29,699	[INFO]	181     SUCCESS               90.000000 (1800.00%) [2 edit(s)]  
2024-07-24 05:30:29,699	[DEBUG]	patch(181)="SrcmlStmtDeletion(('src/main/java/weka/classifiers/trees/RandomForest.java.xml', 'stmt', 124)) | SrcmlStmtDeletion(('src/main/java/weka/classifiers/trees/RandomForest.java.xml', 'stmt', 0))"
2024-07-24 05:30:32,699	[INFO]	182     COMPILE_CODE_ERROR    None (--) [2 edit(s)]  
2024-07-24 05:30:32,699	[DEBUG]	patch(182)="SrcmlStmtDeletion(('src/main/java/weka/classifiers/trees/RandomForest.java.xml', 'stmt', 124)) | SrcmlStmtInsertion(('src/main/java/weka/classifiers/trees/RandomForest.java.xml', '_inter_block', 65), ('src/main/java/weka/classifiers/trees/RandomForest.java.xml', 'stmt', 132))"
2024-07-24 05:30:35,617	[INFO]	183     COMPILE_CODE_ERROR    None (--) [2 edit(s)]  
2024-07-24 05:30:35,617	[DEBUG]	patch(183)="SrcmlStmtDeletion(('src/main/java/weka/classifiers/trees/RandomForest.java.xml', 'stmt', 124)) | SrcmlStmtInsertion(('src/main/java/weka/classifiers/trees/RandomForest.java.xml', '_inter_block', 205), ('src/main/java/weka/classifiers/trees/RandomForest.java.xml', 'stmt', 60))"
2024-07-24 05:30:35,621	[INFO]	~~~~ END ~~~~
2024-07-24 05:30:35,621	[INFO]	
2024-07-24 05:30:35,622	[INFO]	==== REPORT ====
2024-07-24 05:30:35,622	[INFO]	Termination: time budget
2024-07-24 05:30:35,622	[INFO]	Retries: 2
2024-07-24 05:30:35,622	[INFO]	Log file: /home/dbouras/magpie/_magpie_logs/weka_1721793536.log
2024-07-24 05:30:35,622	[INFO]	Patch file: _magpie_logs/weka_1721793536.patch
2024-07-24 05:30:35,622	[INFO]	Diff file: _magpie_logs/weka_1721793536.diff
2024-07-24 05:30:35,622	[INFO]	Reference fitness: 5.000000
2024-07-24 05:30:35,622	[INFO]	Best fitness: 4.000000
2024-07-24 05:30:35,622	[INFO]	
2024-07-24 05:30:35,623	[INFO]	==== BEST PATCH ====
SrcmlStmtDeletion(('src/main/java/weka/classifiers/trees/RandomForest.java.xml', 'stmt', 124))
2024-07-24 05:30:35,624	[INFO]	
2024-07-24 05:30:35,624	[INFO]	==== DIFF ====
[1m--- before: src/main/java/weka/classifiers/trees/RandomForest.java[0m
[1m+++ after: src/main/java/weka/classifiers/trees/RandomForest.java[0m
[36m@@ -823,7 +823,7 @@[0m
 
     String iterations = Utils.getOption('I', options);
     if (iterations.length() != 0) {
[31m-      setNumIterations(Integer.parseInt(iterations));[0m
[32m+      [0m
     } else {
       setNumIterations(defaultNumberOfIterations());
     }

