2024-07-15 15:41:44,162	[DEBUG]	==== CONFIG ====
[magpie]
import = 
seed = 45
log_dir = _magpie_logs
work_dir = _magpie_work
local_original_copy = True
local_original_name = __original__
output_encoding = ascii
edit_retries = 10
default_timeout = 30
default_lengthout = 1e6
diff_method = unified
trust_local_filesystem = True

[magpie.log]
color_output = True
format_info = {counter:<7} {status:<20} {best}{fitness} ({ratio}) [{size}] {cached} {log}
format_debug = patch({counter})="{patch}"{diffifbest}
format_fitness = {:.6f}
format_ratio = {:.2%%}
format_patchif = 
	 --> {patch}
format_diffif = 
	{diff}

[software]
path = examples/zlib
target_files = zlib.params
software = BasicSoftware
model_rules = 
	*.params : ParamFileConfigModel
	*.xml : SrcmlModel
	* : LineModel
model_config = 
	*.params : [paramconfig]
	*.xml : [srcml]
init_cmd = 
init_timeout = 60
init_lengthout = -1
setup_cmd = 
setup_timeout = 
setup_lengthout = 
compile_cmd = 
compile_timeout = 
compile_lengthout = 
test_cmd = bash test.sh
test_timeout = 
test_lengthout = 
run_cmd = ./run_rapl_energy.sh "bash run_fixed.sh"
run_timeout = 
run_lengthout = 
retries = 1
batch_timeout = 
batch_lengthout = 
batch_bin_fitness_strategy = aggregate
batch_fitness_strategy = sum
fitness = energy

[srcml]
rename = 
	stmt: break continue decl_stmt do expr_stmt for goto if return switch while
	number: literal_number
focus = block stmt operator_comp operator_arith number
internodes = block
process_pseudo_blocks = True
process_literals = True
process_operators = True

[paramconfig]
timing = test run
cli_prefix = --
cli_glue = =
cli_boolean = show
cli_boolean_prefix_true = 
cli_boolean_prefix_false = no-
cli_none = hide
silent_prefix = @
silent_suffix = $

[search]
protocol = BasicProtocol
algorithm = FirstImprovement
possible_edits = ParamSetting
warmup = 3
warmup_strategy = last
max_steps = 1000
max_time = 180
target_fitness = 
cache_maxsize = 100
cache_keep = 0.2
batch_instances = 
batch_shuffle = True
batch_bin_shuffle = False
batch_sample_size = 1

[search.ls]
delete_prob = 0.5
max_neighbours = 
when_trapped = continue
accept_fail = False
tabu_length = 10

[search.gp]
pop_size = 10
delete_prob = 0.5
offspring_elitism = 0.1
offspring_crossover = 0.5
offspring_mutation = 0.4
uniform_rate = 0.5
batch_reset = True

[search.minify]
do_cleanup = True
do_rebuild = True
do_simplify = True
round_robin_limit = 3


2024-07-15 15:41:44,163	[DEBUG]	
2024-07-15 15:41:44,163	[INFO]	==== SEARCH: FirstImprovement ====
2024-07-15 15:41:44,163	[INFO]	~~~~ WARMUP ~~~~
2024-07-15 15:41:59,748	[DEBUG]	EXEC>  SUCCESS 704027968.0
2024-07-15 15:41:59,748	[INFO]	WARM    SUCCESS               704027968.000000 (--) [0 edit(s)]  
2024-07-15 15:42:14,188	[DEBUG]	EXEC>  SUCCESS 702312572.0
2024-07-15 15:42:14,188	[INFO]	WARM    SUCCESS               702312572.000000 (--) [0 edit(s)]  
2024-07-15 15:42:28,031	[DEBUG]	EXEC>  SUCCESS 674652626.0
2024-07-15 15:42:28,031	[INFO]	WARM    SUCCESS               674652626.000000 (--) [0 edit(s)]  
2024-07-15 15:42:28,031	[INFO]	REF     SUCCESS               674652626.000000 (--) [0 edit(s)]  
2024-07-15 15:42:28,031	[INFO]	
2024-07-15 15:42:28,031	[INFO]	~~~~ START ~~~~
2024-07-15 15:42:35,603	[DEBUG]	EXEC>  SUCCESS 325639531.0
2024-07-15 15:42:35,603	[INFO]	1       SUCCESS              *325639531.000000 (48.27%) [1 edit(s)]  
2024-07-15 15:42:35,603	[DEBUG]	patch(1)="ParamSetting(('zlib.params', 'param', 'strategy'), 2)"
--- before: zlib.params
+++ after: zlib.params
@@ -1,4 +1,4 @@
 level := 6
 wbits := '15'
 memLevel := 8
-strategy := 0
+strategy := 2

2024-07-15 15:42:35,604	[INFO]	2       SUCCESS               674652626.000000 (100.00%) [0 edit(s)] [cached] 
2024-07-15 15:42:35,604	[DEBUG]	patch(2)=""
2024-07-15 15:42:45,332	[DEBUG]	EXEC>  SUCCESS 435700475.0
2024-07-15 15:42:45,332	[INFO]	3       SUCCESS               435700475.000000 (64.58%) [2 edit(s)]  
2024-07-15 15:42:45,332	[DEBUG]	patch(3)="ParamSetting(('zlib.params', 'param', 'strategy'), 2) | ParamSetting(('zlib.params', 'param', 'level'), 3)"
2024-07-15 15:42:56,721	[DEBUG]	EXEC>  SUCCESS 545874221.0
2024-07-15 15:42:56,721	[INFO]	4       SUCCESS               545874221.000000 (80.91%) [2 edit(s)]  
2024-07-15 15:42:56,721	[DEBUG]	patch(4)="ParamSetting(('zlib.params', 'param', 'strategy'), 2) | ParamSetting(('zlib.params', 'param', 'memLevel'), 6)"
2024-07-15 15:42:56,722	[INFO]	5       SUCCESS               674652626.000000 (100.00%) [2 edit(s)] [cached] 
2024-07-15 15:42:56,722	[DEBUG]	patch(5)="ParamSetting(('zlib.params', 'param', 'strategy'), 2) | ParamSetting(('zlib.params', 'param', 'strategy'), 0)"
2024-07-15 15:42:56,722	[INFO]	6       SUCCESS              +325639531.000000 (48.27%) [2 edit(s)] [cached] 
2024-07-15 15:42:56,722	[DEBUG]	patch(6)="ParamSetting(('zlib.params', 'param', 'strategy'), 2) | ParamSetting(('zlib.params', 'param', 'strategy'), 2)"
2024-07-15 15:43:04,280	[DEBUG]	EXEC>  SUCCESS 325276757.0
2024-07-15 15:43:04,281	[INFO]	7       SUCCESS              *325276757.000000 (48.21%) [3 edit(s)]  
2024-07-15 15:43:04,281	[DEBUG]	patch(7)="ParamSetting(('zlib.params', 'param', 'strategy'), 2) | ParamSetting(('zlib.params', 'param', 'strategy'), 2) | ParamSetting(('zlib.params', 'param', 'level'), 4)"
--- before: zlib.params
+++ after: zlib.params
@@ -1,4 +1,4 @@
-level := 6
+level := 4
 wbits := '15'
 memLevel := 8
-strategy := 0
+strategy := 2

2024-07-15 15:43:04,281	[INFO]	8       SUCCESS               325639531.000000 (48.27%) [2 edit(s)] [cached] 
2024-07-15 15:43:04,281	[DEBUG]	patch(8)="ParamSetting(('zlib.params', 'param', 'strategy'), 2) | ParamSetting(('zlib.params', 'param', 'strategy'), 2)"
2024-07-15 15:43:04,282	[INFO]	9       SUCCESS              +325276757.000000 (48.21%) [2 edit(s)] [cached] 
2024-07-15 15:43:04,282	[DEBUG]	patch(9)="ParamSetting(('zlib.params', 'param', 'strategy'), 2) | ParamSetting(('zlib.params', 'param', 'level'), 4)"
2024-07-15 15:43:04,283	[INFO]	10      SUCCESS               325639531.000000 (48.27%) [1 edit(s)] [cached] 
2024-07-15 15:43:04,283	[DEBUG]	patch(10)="ParamSetting(('zlib.params', 'param', 'strategy'), 2)"
2024-07-15 15:43:12,391	[DEBUG]	EXEC>  SUCCESS 372799447.0
2024-07-15 15:43:12,391	[INFO]	11      SUCCESS               372799447.000000 (55.26%) [3 edit(s)]  
2024-07-15 15:43:12,391	[DEBUG]	patch(11)="ParamSetting(('zlib.params', 'param', 'strategy'), 2) | ParamSetting(('zlib.params', 'param', 'level'), 4) | ParamSetting(('zlib.params', 'param', 'level'), 9)"
2024-07-15 15:43:31,618	[DEBUG]	EXEC>  SUCCESS 906518824.0
2024-07-15 15:43:31,618	[INFO]	12      SUCCESS               906518824.000000 (134.37%) [3 edit(s)]  
2024-07-15 15:43:31,618	[DEBUG]	patch(12)="ParamSetting(('zlib.params', 'param', 'strategy'), 2) | ParamSetting(('zlib.params', 'param', 'level'), 4) | ParamSetting(('zlib.params', 'param', 'memLevel'), 3)"
2024-07-15 15:43:45,335	[DEBUG]	EXEC>  SUCCESS 596569735.0
2024-07-15 15:43:45,336	[INFO]	13      SUCCESS               596569735.000000 (88.43%) [1 edit(s)]  
2024-07-15 15:43:45,336	[DEBUG]	patch(13)="ParamSetting(('zlib.params', 'param', 'level'), 4)"
2024-07-15 15:43:54,531	[DEBUG]	EXEC>  SUCCESS 376912850.0
2024-07-15 15:43:54,531	[INFO]	14      SUCCESS               376912850.000000 (55.87%) [3 edit(s)]  
2024-07-15 15:43:54,531	[DEBUG]	patch(14)="ParamSetting(('zlib.params', 'param', 'strategy'), 2) | ParamSetting(('zlib.params', 'param', 'level'), 4) | ParamSetting(('zlib.params', 'param', 'wbits'), '13')"
2024-07-15 15:43:54,532	[INFO]	15      SUCCESS               435700475.000000 (64.58%) [3 edit(s)] [cached] 
2024-07-15 15:43:54,532	[DEBUG]	patch(15)="ParamSetting(('zlib.params', 'param', 'strategy'), 2) | ParamSetting(('zlib.params', 'param', 'level'), 4) | ParamSetting(('zlib.params', 'param', 'level'), 3)"
2024-07-15 15:43:54,532	[INFO]	16      SUCCESS               435700475.000000 (64.58%) [3 edit(s)] [cached] 
2024-07-15 15:43:54,533	[DEBUG]	patch(16)="ParamSetting(('zlib.params', 'param', 'strategy'), 2) | ParamSetting(('zlib.params', 'param', 'level'), 4) | ParamSetting(('zlib.params', 'param', 'level'), 3)"
2024-07-15 15:43:54,533	[INFO]	17      SUCCESS               435700475.000000 (64.58%) [3 edit(s)] [cached] 
2024-07-15 15:43:54,533	[DEBUG]	patch(17)="ParamSetting(('zlib.params', 'param', 'strategy'), 2) | ParamSetting(('zlib.params', 'param', 'level'), 4) | ParamSetting(('zlib.params', 'param', 'level'), 3)"
2024-07-15 15:44:02,554	[DEBUG]	EXEC>  SUCCESS 315949344.0
2024-07-15 15:44:02,554	[INFO]	18      SUCCESS              *315949344.000000 (46.83%) [3 edit(s)]  
2024-07-15 15:44:02,554	[DEBUG]	patch(18)="ParamSetting(('zlib.params', 'param', 'strategy'), 2) | ParamSetting(('zlib.params', 'param', 'level'), 4) | ParamSetting(('zlib.params', 'param', 'strategy'), 3)"
--- before: zlib.params
+++ after: zlib.params
@@ -1,4 +1,4 @@
-level := 6
+level := 4
 wbits := '15'
 memLevel := 8
-strategy := 0
+strategy := 3

2024-07-15 15:44:02,555	[INFO]	19      SUCCESS              +315949344.000000 (46.83%) [4 edit(s)] [cached] 
2024-07-15 15:44:02,555	[DEBUG]	patch(19)="ParamSetting(('zlib.params', 'param', 'strategy'), 2) | ParamSetting(('zlib.params', 'param', 'level'), 4) | ParamSetting(('zlib.params', 'param', 'strategy'), 3) | ParamSetting(('zlib.params', 'param', 'strategy'), 3)"
2024-07-15 15:44:02,556	[INFO]	20      SUCCESS              +315949344.000000 (46.83%) [3 edit(s)] [cached] 
2024-07-15 15:44:02,556	[DEBUG]	patch(20)="ParamSetting(('zlib.params', 'param', 'level'), 4) | ParamSetting(('zlib.params', 'param', 'strategy'), 3) | ParamSetting(('zlib.params', 'param', 'strategy'), 3)"
2024-07-15 15:44:02,556	[INFO]	21      SUCCESS              +315949344.000000 (46.83%) [2 edit(s)] [cached] 
2024-07-15 15:44:02,556	[DEBUG]	patch(21)="ParamSetting(('zlib.params', 'param', 'level'), 4) | ParamSetting(('zlib.params', 'param', 'strategy'), 3)"
2024-07-15 15:44:12,291	[DEBUG]	EXEC>  SUCCESS 417146564.0
2024-07-15 15:44:12,292	[INFO]	22      SUCCESS               417146564.000000 (61.83%) [3 edit(s)]  
2024-07-15 15:44:12,292	[DEBUG]	patch(22)="ParamSetting(('zlib.params', 'param', 'level'), 4) | ParamSetting(('zlib.params', 'param', 'strategy'), 3) | ParamSetting(('zlib.params', 'param', 'memLevel'), 6)"
2024-07-15 15:44:19,925	[DEBUG]	EXEC>  SUCCESS 294961416.0
2024-07-15 15:44:19,925	[INFO]	23      SUCCESS              *294961416.000000 (43.72%) [1 edit(s)]  
2024-07-15 15:44:19,925	[DEBUG]	patch(23)="ParamSetting(('zlib.params', 'param', 'strategy'), 3)"
--- before: zlib.params
+++ after: zlib.params
@@ -1,4 +1,4 @@
 level := 6
 wbits := '15'
 memLevel := 8
-strategy := 0
+strategy := 3

2024-07-15 15:44:33,432	[DEBUG]	EXEC>  SUCCESS 588822394.0
2024-07-15 15:44:33,432	[INFO]	24      SUCCESS               588822394.000000 (87.28%) [2 edit(s)]  
2024-07-15 15:44:33,432	[DEBUG]	patch(24)="ParamSetting(('zlib.params', 'param', 'strategy'), 3) | ParamSetting(('zlib.params', 'param', 'strategy'), 4)"
2024-07-15 15:44:33,433	[INFO]	25      SUCCESS               674652626.000000 (100.00%) [0 edit(s)] [cached] 
2024-07-15 15:44:33,433	[DEBUG]	patch(25)=""
2024-07-15 15:44:41,267	[DEBUG]	EXEC>  SUCCESS 304413517.0
2024-07-15 15:44:41,267	[INFO]	26      SUCCESS               304413517.000000 (45.12%) [2 edit(s)]  
2024-07-15 15:44:41,267	[DEBUG]	patch(26)="ParamSetting(('zlib.params', 'param', 'strategy'), 3) | ParamSetting(('zlib.params', 'param', 'wbits'), '31')"
2024-07-15 15:44:41,268	[INFO]	27      SUCCESS               588822394.000000 (87.28%) [2 edit(s)] [cached] 
2024-07-15 15:44:41,268	[DEBUG]	patch(27)="ParamSetting(('zlib.params', 'param', 'strategy'), 3) | ParamSetting(('zlib.params', 'param', 'strategy'), 4)"
2024-07-15 15:44:41,269	[INFO]	28      SUCCESS              +294961416.000000 (43.72%) [2 edit(s)] [cached] 
2024-07-15 15:44:41,269	[DEBUG]	patch(28)="ParamSetting(('zlib.params', 'param', 'strategy'), 3) | ParamSetting(('zlib.params', 'param', 'strategy'), 3)"
2024-07-15 15:44:55,555	[DEBUG]	EXEC>  SUCCESS 622809360.0
2024-07-15 15:44:55,555	[INFO]	29      SUCCESS               622809360.000000 (92.32%) [3 edit(s)]  
2024-07-15 15:44:55,555	[DEBUG]	patch(29)="ParamSetting(('zlib.params', 'param', 'strategy'), 3) | ParamSetting(('zlib.params', 'param', 'strategy'), 3) | ParamSetting(('zlib.params', 'param', 'strategy'), 1)"
2024-07-15 15:45:05,991	[DEBUG]	EXEC>  SUCCESS 469294303.0
2024-07-15 15:45:05,991	[INFO]	30      SUCCESS               469294303.000000 (69.56%) [3 edit(s)]  
2024-07-15 15:45:05,991	[DEBUG]	patch(30)="ParamSetting(('zlib.params', 'param', 'strategy'), 3) | ParamSetting(('zlib.params', 'param', 'strategy'), 3) | ParamSetting(('zlib.params', 'param', 'memLevel'), 5)"
2024-07-15 15:45:05,992	[INFO]	31      SUCCESS              +294961416.000000 (43.72%) [1 edit(s)] [cached] 
2024-07-15 15:45:05,992	[DEBUG]	patch(31)="ParamSetting(('zlib.params', 'param', 'strategy'), 3)"
2024-07-15 15:45:05,992	[INFO]	32      SUCCESS               674652626.000000 (100.00%) [0 edit(s)] [cached] 
2024-07-15 15:45:05,993	[DEBUG]	patch(32)=""
2024-07-15 15:45:13,695	[DEBUG]	EXEC>  SUCCESS 296379890.0
2024-07-15 15:45:13,695	[INFO]	33      SUCCESS               296379890.000000 (43.93%) [2 edit(s)]  
2024-07-15 15:45:13,696	[DEBUG]	patch(33)="ParamSetting(('zlib.params', 'param', 'strategy'), 3) | ParamSetting(('zlib.params', 'param', 'level'), 9)"
2024-07-15 15:45:21,439	[DEBUG]	EXEC>  SUCCESS 302318579.0
2024-07-15 15:45:21,439	[INFO]	34      SUCCESS               302318579.000000 (44.81%) [2 edit(s)]  
2024-07-15 15:45:21,440	[DEBUG]	patch(34)="ParamSetting(('zlib.params', 'param', 'strategy'), 3) | ParamSetting(('zlib.params', 'param', 'level'), 3)"
2024-07-15 15:45:29,751	[DEBUG]	EXEC>  SUCCESS 338188443.0
2024-07-15 15:45:29,752	[INFO]	35      SUCCESS               338188443.000000 (50.13%) [2 edit(s)]  
2024-07-15 15:45:29,752	[DEBUG]	patch(35)="ParamSetting(('zlib.params', 'param', 'strategy'), 3) | ParamSetting(('zlib.params', 'param', 'memLevel'), 7)"
2024-07-15 15:45:29,752	[INFO]	~~~~ END ~~~~
2024-07-15 15:45:29,753	[INFO]	
2024-07-15 15:45:29,753	[INFO]	==== REPORT ====
2024-07-15 15:45:29,753	[INFO]	Termination: time budget
2024-07-15 15:45:29,753	[INFO]	Retries: 1
2024-07-15 15:45:29,753	[INFO]	Log file: /home/dbouras/magpie/_magpie_logs/zlib_1721054503.log
2024-07-15 15:45:29,753	[INFO]	Patch file: _magpie_logs/zlib_1721054503.patch
2024-07-15 15:45:29,753	[INFO]	Diff file: _magpie_logs/zlib_1721054503.diff
2024-07-15 15:45:29,753	[INFO]	Reference fitness: 674652626.000000
2024-07-15 15:45:29,753	[INFO]	Best fitness: 294961416.000000
2024-07-15 15:45:29,753	[INFO]	
2024-07-15 15:45:29,754	[INFO]	==== BEST PATCH ====
ParamSetting(('zlib.params', 'param', 'strategy'), 3)
2024-07-15 15:45:29,754	[INFO]	
2024-07-15 15:45:29,755	[INFO]	==== DIFF ====
[1m--- before: zlib.params[0m
[1m+++ after: zlib.params[0m
[36m@@ -1,4 +1,4 @@[0m
 level := 6
 wbits := '15'
 memLevel := 8
[31m-strategy := 0[0m
[32m+strategy := 3[0m

