2024-06-04 16:23:13,320	[DEBUG]	==== CONFIG ====
[magpie]
import = 
seed = 4762566007936155
log_dir = _magpie_logs
work_dir = _magpie_work
local_original_copy = False
local_original_name = __original__
output_encoding = ascii
edit_retries = 10
default_timeout = 30
default_lengthout = 10000.0
diff_method = unified
trust_local_filesystem = True

[magpie.log]
color_output = True
format_info = {counter:<7} {status:<20} {best}{fitness} ({ratio}) [{size}] {cached} {log}
format_debug = patch({counter})="{patch}"{diffifbest}
format_fitness = {:.6f}
format_ratio = {:.2%%}
format_patchif = 
	 --> {patch}
format_diffif = 
	{diff}

[software]
path = examples/triangle-c
target_files = 
	triangle.c.xml
software = BasicSoftware
model_rules = 
	*.params : ParamFileConfigModel
	*.xml : SrcmlModel
	* : LineModel
model_config = 
	*.params : [paramconfig]
	*.xml : [srcml]
init_cmd = bash init_slow.sh
init_timeout = 60
init_lengthout = -1
setup_cmd = 
setup_timeout = 
setup_lengthout = 
compile_cmd = make test_triangle run_triangle
compile_timeout = 
compile_lengthout = 
test_cmd = ./test_triangle
test_timeout = 
test_lengthout = 
run_cmd = perf stat  ./run_triangle
run_timeout = 1
run_lengthout = 
retries = 4
batch_timeout = 
batch_lengthout = 
batch_bin_fitness_strategy = aggregate
batch_fitness_strategy = sum
fitness = perf_time

[srcml]
rename = 
	stmt: break continue decl_stmt do expr_stmt for goto if return switch while
	number: literal_number
focus = block stmt operator_comp operator_arith number
internodes = block
process_pseudo_blocks = True
process_literals = True
process_operators = True

[paramconfig]
timing = test run
cli_prefix = --
cli_glue = =
cli_boolean = show
cli_boolean_prefix_true = 
cli_boolean_prefix_false = no-
cli_none = hide
silent_prefix = @
silent_suffix = $

[search]
protocol = BasicProtocol
algorithm = FirstImprovement
possible_edits = 
	SrcmlStmtReplacement
	SrcmlStmtInsertion
	SrcmlStmtDeletion
warmup = 3
warmup_strategy = last
max_steps = 100
max_time = 60
target_fitness = 
cache_maxsize = 100
cache_keep = 0.2
batch_instances = 
batch_shuffle = True
batch_bin_shuffle = False
batch_sample_size = 1

[search.ls]
delete_prob = 0.5
max_neighbours = 
when_trapped = continue
accept_fail = False
tabu_length = 10

[search.gp]
pop_size = 10
delete_prob = 0.5
offspring_elitism = 0.1
offspring_crossover = 0.5
offspring_mutation = 0.4
uniform_rate = 0.5
batch_reset = True

[search.minify]
do_cleanup = True
do_rebuild = True
do_simplify = True
round_robin_limit = 3


2024-06-04 16:23:13,320	[DEBUG]	
2024-06-04 16:23:13,320	[INFO]	==== SEARCH: FirstImprovement ====
2024-06-04 16:23:13,320	[INFO]	~~~~ WARMUP ~~~~
2024-06-04 16:23:13,983	[DEBUG]	EXEC>  SUCCESS 0.070815725
2024-06-04 16:23:13,984	[INFO]	WARM    SUCCESS               0.070816 (--) [0 edit(s)]  
2024-06-04 16:23:14,587	[DEBUG]	EXEC>  SUCCESS 0.07015805
2024-06-04 16:23:14,587	[INFO]	WARM    SUCCESS               0.070158 (--) [0 edit(s)]  
2024-06-04 16:23:15,189	[DEBUG]	EXEC>  SUCCESS 0.07006879499999999
2024-06-04 16:23:15,189	[INFO]	WARM    SUCCESS               0.070069 (--) [0 edit(s)]  
2024-06-04 16:23:15,189	[INFO]	REF     SUCCESS               0.070069 (--) [0 edit(s)]  
2024-06-04 16:23:15,189	[INFO]	
2024-06-04 16:23:15,189	[INFO]	~~~~ START ~~~~
2024-06-04 16:23:15,767	[DEBUG]	EXEC>  SUCCESS 0.06973555749999999
2024-06-04 16:23:15,767	[INFO]	1       SUCCESS              *0.069736 (99.52%) [1 edit(s)]  
2024-06-04 16:23:15,767	[DEBUG]	patch(1)="SrcmlStmtDeletion(('triangle.c.xml', 'stmt', 4))"
--- before: triangle.c
+++ after: triangle.c
@@ -11,11 +11,7 @@
   delay();
 
   // Sort the sides so that a <= b <= c
-  if(a > b) {
-    tmp = a;
-    a = b;
-    b = tmp;
-  }
+  
 
   if(a > c) {
     tmp = a;

2024-06-04 16:23:15,768	[INFO]	2       SUCCESS              +0.069736 (99.52%) [2 edit(s)] [cached] 
2024-06-04 16:23:15,768	[DEBUG]	patch(2)="SrcmlStmtDeletion(('triangle.c.xml', 'stmt', 4)) | SrcmlStmtReplacement(('triangle.c.xml', 'stmt', 8), ('triangle.c.xml', 'stmt', 8))"
2024-06-04 16:23:15,769	[INFO]	3       SUCCESS              +0.069736 (99.52%) [3 edit(s)] [cached] 
2024-06-04 16:23:15,770	[DEBUG]	patch(3)="SrcmlStmtDeletion(('triangle.c.xml', 'stmt', 4)) | SrcmlStmtReplacement(('triangle.c.xml', 'stmt', 8), ('triangle.c.xml', 'stmt', 8)) | SrcmlStmtDeletion(('triangle.c.xml', 'stmt', 7))"
2024-06-04 16:23:15,770	[INFO]	4       SUCCESS              +0.069736 (99.52%) [2 edit(s)] [cached] 
2024-06-04 16:23:15,771	[DEBUG]	patch(4)="SrcmlStmtDeletion(('triangle.c.xml', 'stmt', 4)) | SrcmlStmtDeletion(('triangle.c.xml', 'stmt', 7))"
2024-06-04 16:23:15,939	[INFO]	5       TEST_CODE_ERROR       None (--) [3 edit(s)]  
2024-06-04 16:23:15,939	[DEBUG]	patch(5)="SrcmlStmtDeletion(('triangle.c.xml', 'stmt', 4)) | SrcmlStmtDeletion(('triangle.c.xml', 'stmt', 7)) | SrcmlStmtDeletion(('triangle.c.xml', 'stmt', 17))"
2024-06-04 16:23:16,101	[INFO]	6       TEST_CODE_ERROR       None (--) [1 edit(s)]  
2024-06-04 16:23:16,101	[DEBUG]	patch(6)="SrcmlStmtDeletion(('triangle.c.xml', 'stmt', 7))"
2024-06-04 16:23:16,102	[INFO]	7       SUCCESS              +0.069736 (99.52%) [1 edit(s)] [cached] 
2024-06-04 16:23:16,102	[DEBUG]	patch(7)="SrcmlStmtDeletion(('triangle.c.xml', 'stmt', 4))"
2024-06-04 16:23:16,102	[INFO]	8       SUCCESS               0.070069 (100.00%) [0 edit(s)] [cached] 
2024-06-04 16:23:16,102	[DEBUG]	patch(8)=""
2024-06-04 16:23:16,103	[INFO]	9       SUCCESS              +0.069736 (99.52%) [2 edit(s)] [cached] 
2024-06-04 16:23:16,103	[DEBUG]	patch(9)="SrcmlStmtDeletion(('triangle.c.xml', 'stmt', 4)) | SrcmlStmtReplacement(('triangle.c.xml', 'stmt', 6), ('triangle.c.xml', 'stmt', 17))"
2024-06-04 16:23:16,125	[INFO]	10      COMPILE_CODE_ERROR    None (--) [3 edit(s)]  
2024-06-04 16:23:16,125	[DEBUG]	patch(10)="SrcmlStmtDeletion(('triangle.c.xml', 'stmt', 4)) | SrcmlStmtReplacement(('triangle.c.xml', 'stmt', 6), ('triangle.c.xml', 'stmt', 17)) | SrcmlStmtReplacement(('triangle.c.xml', 'stmt', 1), ('triangle.c.xml', 'stmt', 7))"
2024-06-04 16:23:16,273	[INFO]	11      TEST_CODE_ERROR       None (--) [1 edit(s)]  
2024-06-04 16:23:16,273	[DEBUG]	patch(11)="SrcmlStmtReplacement(('triangle.c.xml', 'stmt', 6), ('triangle.c.xml', 'stmt', 17))"
2024-06-04 16:23:16,274	[INFO]	12      SUCCESS              +0.069736 (99.52%) [1 edit(s)] [cached] 
2024-06-04 16:23:16,274	[DEBUG]	patch(12)="SrcmlStmtDeletion(('triangle.c.xml', 'stmt', 4))"
2024-06-04 16:23:16,275	[INFO]	13      SUCCESS              +0.069736 (99.52%) [2 edit(s)] [cached] 
2024-06-04 16:23:16,275	[DEBUG]	patch(13)="SrcmlStmtDeletion(('triangle.c.xml', 'stmt', 4)) | SrcmlStmtReplacement(('triangle.c.xml', 'stmt', 5), ('triangle.c.xml', 'stmt', 3))"
2024-06-04 16:23:16,276	[INFO]	14      SUCCESS              +0.069736 (99.52%) [1 edit(s)] [cached] 
2024-06-04 16:23:16,276	[DEBUG]	patch(14)="SrcmlStmtDeletion(('triangle.c.xml', 'stmt', 4))"
2024-06-04 16:23:16,300	[INFO]	15      COMPILE_CODE_ERROR    None (--) [2 edit(s)]  
2024-06-04 16:23:16,300	[DEBUG]	patch(15)="SrcmlStmtDeletion(('triangle.c.xml', 'stmt', 4)) | SrcmlStmtInsertion(('triangle.c.xml', '_inter_block', 1), ('triangle.c.xml', 'stmt', 10))"
2024-06-04 16:23:16,468	[INFO]	16      TEST_CODE_ERROR       None (--) [2 edit(s)]  
2024-06-04 16:23:16,468	[DEBUG]	patch(16)="SrcmlStmtDeletion(('triangle.c.xml', 'stmt', 4)) | SrcmlStmtDeletion(('triangle.c.xml', 'stmt', 10))"
2024-06-04 16:23:16,469	[INFO]	17      SUCCESS               0.070069 (100.00%) [0 edit(s)] [cached] 
2024-06-04 16:23:16,469	[DEBUG]	patch(17)=""
2024-06-04 16:23:16,624	[INFO]	18      TEST_CODE_ERROR       None (--) [2 edit(s)]  
2024-06-04 16:23:16,625	[DEBUG]	patch(18)="SrcmlStmtDeletion(('triangle.c.xml', 'stmt', 4)) | SrcmlStmtReplacement(('triangle.c.xml', 'stmt', 11), ('triangle.c.xml', 'stmt', 19))"
2024-06-04 16:23:16,803	[INFO]	19      TEST_CODE_ERROR       None (--) [2 edit(s)]  
2024-06-04 16:23:16,803	[DEBUG]	patch(19)="SrcmlStmtDeletion(('triangle.c.xml', 'stmt', 4)) | SrcmlStmtDeletion(('triangle.c.xml', 'stmt', 9))"
2024-06-04 16:23:16,804	[INFO]	20      SUCCESS              +0.069736 (99.52%) [2 edit(s)] [cached] 
2024-06-04 16:23:16,804	[DEBUG]	patch(20)="SrcmlStmtDeletion(('triangle.c.xml', 'stmt', 4)) | SrcmlStmtInsertion(('triangle.c.xml', '_inter_block', 21), ('triangle.c.xml', 'stmt', 22))"
2024-06-04 16:23:16,805	[INFO]	21      SUCCESS              +0.069736 (99.52%) [1 edit(s)] [cached] 
2024-06-04 16:23:16,805	[DEBUG]	patch(21)="SrcmlStmtDeletion(('triangle.c.xml', 'stmt', 4))"
2024-06-04 16:23:16,805	[INFO]	22      SUCCESS               0.070069 (100.00%) [0 edit(s)] [cached] 
2024-06-04 16:23:16,805	[DEBUG]	patch(22)=""
2024-06-04 16:23:16,950	[INFO]	23      TEST_CODE_ERROR       None (--) [2 edit(s)]  
2024-06-04 16:23:16,950	[DEBUG]	patch(23)="SrcmlStmtDeletion(('triangle.c.xml', 'stmt', 4)) | SrcmlStmtDeletion(('triangle.c.xml', 'stmt', 21))"
2024-06-04 16:23:16,976	[INFO]	24      COMPILE_CODE_ERROR    None (--) [2 edit(s)]  
2024-06-04 16:23:16,976	[DEBUG]	patch(24)="SrcmlStmtDeletion(('triangle.c.xml', 'stmt', 4)) | SrcmlStmtInsertion(('triangle.c.xml', '_inter_block', 5), ('triangle.c.xml', 'stmt', 19))"
2024-06-04 16:23:17,137	[INFO]	25      TEST_CODE_ERROR       None (--) [2 edit(s)]  
2024-06-04 16:23:17,138	[DEBUG]	patch(25)="SrcmlStmtDeletion(('triangle.c.xml', 'stmt', 4)) | SrcmlStmtReplacement(('triangle.c.xml', 'stmt', 9), ('triangle.c.xml', 'stmt', 7))"
2024-06-04 16:23:17,138	[INFO]	26      SUCCESS              +0.069736 (99.52%) [2 edit(s)] [cached] 
2024-06-04 16:23:17,138	[DEBUG]	patch(26)="SrcmlStmtDeletion(('triangle.c.xml', 'stmt', 4)) | SrcmlStmtDeletion(('triangle.c.xml', 'stmt', 6))"
2024-06-04 16:23:17,155	[INFO]	27      COMPILE_CODE_ERROR    None (--) [3 edit(s)]  
2024-06-04 16:23:17,156	[DEBUG]	patch(27)="SrcmlStmtDeletion(('triangle.c.xml', 'stmt', 4)) | SrcmlStmtDeletion(('triangle.c.xml', 'stmt', 6)) | SrcmlStmtInsertion(('triangle.c.xml', '_inter_block', 5), ('triangle.c.xml', 'stmt', 3))"
2024-06-04 16:23:17,156	[INFO]	28      SUCCESS              +0.069736 (99.52%) [1 edit(s)] [cached] 
2024-06-04 16:23:17,156	[DEBUG]	patch(28)="SrcmlStmtDeletion(('triangle.c.xml', 'stmt', 4))"
2024-06-04 16:23:17,156	[INFO]	29      SUCCESS               0.070069 (100.00%) [0 edit(s)] [cached] 
2024-06-04 16:23:17,156	[DEBUG]	patch(29)=""
2024-06-04 16:23:17,311	[INFO]	30      TEST_CODE_ERROR       None (--) [2 edit(s)]  
2024-06-04 16:23:17,311	[DEBUG]	patch(30)="SrcmlStmtDeletion(('triangle.c.xml', 'stmt', 4)) | SrcmlStmtInsertion(('triangle.c.xml', '_inter_block', 29), ('triangle.c.xml', 'stmt', 17))"
2024-06-04 16:23:17,946	[DEBUG]	EXEC>  SUCCESS 0.070757055
2024-06-04 16:23:17,946	[INFO]	31      SUCCESS               0.070757 (100.98%) [2 edit(s)]  
2024-06-04 16:23:17,946	[DEBUG]	patch(31)="SrcmlStmtDeletion(('triangle.c.xml', 'stmt', 4)) | SrcmlStmtInsertion(('triangle.c.xml', '_inter_block', 34), ('triangle.c.xml', 'stmt', 12))"
2024-06-04 16:23:18,848	[DEBUG]	EXEC>  SUCCESS 0.14404022
2024-06-04 16:23:18,848	[INFO]	32      SUCCESS               0.144040 (205.57%) [2 edit(s)]  
2024-06-04 16:23:18,848	[DEBUG]	patch(32)="SrcmlStmtDeletion(('triangle.c.xml', 'stmt', 4)) | SrcmlStmtInsertion(('triangle.c.xml', '_inter_block', 12), ('triangle.c.xml', 'stmt', 3))"
2024-06-04 16:23:19,089	[INFO]	33      TEST_CODE_ERROR       None (--) [2 edit(s)]  
2024-06-04 16:23:19,089	[DEBUG]	patch(33)="SrcmlStmtDeletion(('triangle.c.xml', 'stmt', 4)) | SrcmlStmtReplacement(('triangle.c.xml', 'stmt', 17), ('triangle.c.xml', 'stmt', 6))"
2024-06-04 16:23:19,090	[INFO]	34      SUCCESS              +0.069736 (99.52%) [2 edit(s)] [cached] 
2024-06-04 16:23:19,090	[DEBUG]	patch(34)="SrcmlStmtDeletion(('triangle.c.xml', 'stmt', 4)) | SrcmlStmtDeletion(('triangle.c.xml', 'stmt', 4))"
2024-06-04 16:23:19,295	[INFO]	35      TEST_CODE_ERROR       None (--) [3 edit(s)]  
2024-06-04 16:23:19,295	[DEBUG]	patch(35)="SrcmlStmtDeletion(('triangle.c.xml', 'stmt', 4)) | SrcmlStmtDeletion(('triangle.c.xml', 'stmt', 4)) | SrcmlStmtReplacement(('triangle.c.xml', 'stmt', 19), ('triangle.c.xml', 'stmt', 6))"
2024-06-04 16:23:19,296	[INFO]	36      TEST_CODE_ERROR       None (--) [3 edit(s)] [cached] 
2024-06-04 16:23:19,296	[DEBUG]	patch(36)="SrcmlStmtDeletion(('triangle.c.xml', 'stmt', 4)) | SrcmlStmtDeletion(('triangle.c.xml', 'stmt', 4)) | SrcmlStmtDeletion(('triangle.c.xml', 'stmt', 21))"
2024-06-04 16:23:19,507	[INFO]	37      TEST_CODE_ERROR       None (--) [3 edit(s)]  
2024-06-04 16:23:19,507	[DEBUG]	patch(37)="SrcmlStmtDeletion(('triangle.c.xml', 'stmt', 4)) | SrcmlStmtDeletion(('triangle.c.xml', 'stmt', 4)) | SrcmlStmtDeletion(('triangle.c.xml', 'stmt', 19))"
2024-06-04 16:23:19,548	[INFO]	38      COMPILE_CODE_ERROR    None (--) [3 edit(s)]  
2024-06-04 16:23:19,548	[DEBUG]	patch(38)="SrcmlStmtDeletion(('triangle.c.xml', 'stmt', 4)) | SrcmlStmtDeletion(('triangle.c.xml', 'stmt', 4)) | SrcmlStmtInsertion(('triangle.c.xml', '_inter_block', 2), ('triangle.c.xml', 'stmt', 8))"
2024-06-04 16:23:19,549	[INFO]	39      SUCCESS              +0.069736 (99.52%) [1 edit(s)] [cached] 
2024-06-04 16:23:19,549	[DEBUG]	patch(39)="SrcmlStmtDeletion(('triangle.c.xml', 'stmt', 4))"
2024-06-04 16:23:19,550	[INFO]	40      SUCCESS               0.070069 (100.00%) [0 edit(s)] [cached] 
2024-06-04 16:23:19,550	[DEBUG]	patch(40)=""
2024-06-04 16:23:19,767	[INFO]	41      TEST_CODE_ERROR       None (--) [2 edit(s)]  
2024-06-04 16:23:19,767	[DEBUG]	patch(41)="SrcmlStmtDeletion(('triangle.c.xml', 'stmt', 4)) | SrcmlStmtReplacement(('triangle.c.xml', 'stmt', 10), ('triangle.c.xml', 'stmt', 3))"
2024-06-04 16:23:19,767	[INFO]	42      SUCCESS              +0.069736 (99.52%) [2 edit(s)] [cached] 
2024-06-04 16:23:19,767	[DEBUG]	patch(42)="SrcmlStmtDeletion(('triangle.c.xml', 'stmt', 4)) | SrcmlStmtDeletion(('triangle.c.xml', 'stmt', 7))"
2024-06-04 16:23:19,768	[INFO]	43      SUCCESS              +0.069736 (99.52%) [1 edit(s)] [cached] 
2024-06-04 16:23:19,768	[DEBUG]	patch(43)="SrcmlStmtDeletion(('triangle.c.xml', 'stmt', 4))"
2024-06-04 16:23:19,768	[INFO]	44      SUCCESS               0.070069 (100.00%) [0 edit(s)] [cached] 
2024-06-04 16:23:19,768	[DEBUG]	patch(44)=""
2024-06-04 16:23:19,952	[INFO]	45      TEST_CODE_ERROR       None (--) [2 edit(s)]  
2024-06-04 16:23:19,952	[DEBUG]	patch(45)="SrcmlStmtDeletion(('triangle.c.xml', 'stmt', 4)) | SrcmlStmtDeletion(('triangle.c.xml', 'stmt', 8))"
2024-06-04 16:23:19,953	[INFO]	46      SUCCESS              +0.069736 (99.52%) [2 edit(s)] [cached] 
2024-06-04 16:23:19,953	[DEBUG]	patch(46)="SrcmlStmtDeletion(('triangle.c.xml', 'stmt', 4)) | SrcmlStmtReplacement(('triangle.c.xml', 'stmt', 5), ('triangle.c.xml', 'stmt', 11))"
2024-06-04 16:23:20,584	[DEBUG]	EXEC>  SUCCESS 0.071762365
2024-06-04 16:23:20,584	[INFO]	47      SUCCESS               0.071762 (102.42%) [3 edit(s)]  
2024-06-04 16:23:20,584	[DEBUG]	patch(47)="SrcmlStmtDeletion(('triangle.c.xml', 'stmt', 4)) | SrcmlStmtReplacement(('triangle.c.xml', 'stmt', 5), ('triangle.c.xml', 'stmt', 11)) | SrcmlStmtInsertion(('triangle.c.xml', '_inter_block', 12), ('triangle.c.xml', 'stmt', 5))"
2024-06-04 16:23:20,818	[INFO]	48      TEST_CODE_ERROR       None (--) [1 edit(s)]  
2024-06-04 16:23:20,818	[DEBUG]	patch(48)="SrcmlStmtReplacement(('triangle.c.xml', 'stmt', 5), ('triangle.c.xml', 'stmt', 11))"
2024-06-04 16:23:20,819	[INFO]	49      SUCCESS              +0.069736 (99.52%) [1 edit(s)] [cached] 
2024-06-04 16:23:20,819	[DEBUG]	patch(49)="SrcmlStmtDeletion(('triangle.c.xml', 'stmt', 4))"
2024-06-04 16:23:21,014	[INFO]	50      TEST_CODE_ERROR       None (--) [2 edit(s)]  
2024-06-04 16:23:21,014	[DEBUG]	patch(50)="SrcmlStmtDeletion(('triangle.c.xml', 'stmt', 4)) | SrcmlStmtReplacement(('triangle.c.xml', 'stmt', 8), ('triangle.c.xml', 'stmt', 12))"
2024-06-04 16:23:21,015	[INFO]	51      SUCCESS              +0.069736 (99.52%) [2 edit(s)] [cached] 
2024-06-04 16:23:21,015	[DEBUG]	patch(51)="SrcmlStmtDeletion(('triangle.c.xml', 'stmt', 4)) | SrcmlStmtReplacement(('triangle.c.xml', 'stmt', 5), ('triangle.c.xml', 'stmt', 1))"
2024-06-04 16:23:21,051	[INFO]	52      COMPILE_CODE_ERROR    None (--) [1 edit(s)]  
2024-06-04 16:23:21,051	[DEBUG]	patch(52)="SrcmlStmtReplacement(('triangle.c.xml', 'stmt', 5), ('triangle.c.xml', 'stmt', 1))"
2024-06-04 16:23:21,091	[INFO]	53      COMPILE_CODE_ERROR    None (--) [3 edit(s)]  
2024-06-04 16:23:21,092	[DEBUG]	patch(53)="SrcmlStmtDeletion(('triangle.c.xml', 'stmt', 4)) | SrcmlStmtReplacement(('triangle.c.xml', 'stmt', 5), ('triangle.c.xml', 'stmt', 1)) | SrcmlStmtReplacement(('triangle.c.xml', 'stmt', 13), ('triangle.c.xml', 'stmt', 1))"
2024-06-04 16:23:21,284	[INFO]	54      TEST_CODE_ERROR       None (--) [3 edit(s)]  
2024-06-04 16:23:21,284	[DEBUG]	patch(54)="SrcmlStmtDeletion(('triangle.c.xml', 'stmt', 4)) | SrcmlStmtReplacement(('triangle.c.xml', 'stmt', 5), ('triangle.c.xml', 'stmt', 1)) | SrcmlStmtReplacement(('triangle.c.xml', 'stmt', 19), ('triangle.c.xml', 'stmt', 9))"
2024-06-04 16:23:21,320	[INFO]	55      COMPILE_CODE_ERROR    None (--) [3 edit(s)]  
2024-06-04 16:23:21,320	[DEBUG]	patch(55)="SrcmlStmtDeletion(('triangle.c.xml', 'stmt', 4)) | SrcmlStmtReplacement(('triangle.c.xml', 'stmt', 5), ('triangle.c.xml', 'stmt', 1)) | SrcmlStmtDeletion(('triangle.c.xml', 'stmt', 2))"
2024-06-04 16:23:21,321	[INFO]	56      TEST_CODE_ERROR       None (--) [3 edit(s)] [cached] 
2024-06-04 16:23:21,321	[DEBUG]	patch(56)="SrcmlStmtDeletion(('triangle.c.xml', 'stmt', 4)) | SrcmlStmtReplacement(('triangle.c.xml', 'stmt', 5), ('triangle.c.xml', 'stmt', 1)) | SrcmlStmtDeletion(('triangle.c.xml', 'stmt', 21))"
2024-06-04 16:23:21,350	[INFO]	57      COMPILE_CODE_ERROR    None (--) [3 edit(s)]  
2024-06-04 16:23:21,350	[DEBUG]	patch(57)="SrcmlStmtDeletion(('triangle.c.xml', 'stmt', 4)) | SrcmlStmtReplacement(('triangle.c.xml', 'stmt', 5), ('triangle.c.xml', 'stmt', 1)) | SrcmlStmtInsertion(('triangle.c.xml', '_inter_block', 3), ('triangle.c.xml', 'stmt', 18))"
2024-06-04 16:23:21,388	[INFO]	58      COMPILE_CODE_ERROR    None (--) [3 edit(s)]  
2024-06-04 16:23:21,388	[DEBUG]	patch(58)="SrcmlStmtDeletion(('triangle.c.xml', 'stmt', 4)) | SrcmlStmtReplacement(('triangle.c.xml', 'stmt', 5), ('triangle.c.xml', 'stmt', 1)) | SrcmlStmtInsertion(('triangle.c.xml', '_inter_block', 0), ('triangle.c.xml', 'stmt', 11))"
2024-06-04 16:23:22,043	[DEBUG]	EXEC>  SUCCESS 0.0736690275
2024-06-04 16:23:22,043	[INFO]	59      SUCCESS               0.073669 (105.14%) [3 edit(s)]  
2024-06-04 16:23:22,043	[DEBUG]	patch(59)="SrcmlStmtDeletion(('triangle.c.xml', 'stmt', 4)) | SrcmlStmtReplacement(('triangle.c.xml', 'stmt', 5), ('triangle.c.xml', 'stmt', 1)) | SrcmlStmtInsertion(('triangle.c.xml', '_inter_block', 35), ('triangle.c.xml', 'stmt', 10))"
2024-06-04 16:23:22,239	[INFO]	60      TEST_CODE_ERROR       None (--) [3 edit(s)]  
2024-06-04 16:23:22,239	[DEBUG]	patch(60)="SrcmlStmtDeletion(('triangle.c.xml', 'stmt', 4)) | SrcmlStmtReplacement(('triangle.c.xml', 'stmt', 5), ('triangle.c.xml', 'stmt', 1)) | SrcmlStmtReplacement(('triangle.c.xml', 'stmt', 15), ('triangle.c.xml', 'stmt', 22))"
2024-06-04 16:23:22,239	[INFO]	61      SUCCESS              +0.069736 (99.52%) [3 edit(s)] [cached] 
2024-06-04 16:23:22,239	[DEBUG]	patch(61)="SrcmlStmtDeletion(('triangle.c.xml', 'stmt', 4)) | SrcmlStmtReplacement(('triangle.c.xml', 'stmt', 5), ('triangle.c.xml', 'stmt', 1)) | SrcmlStmtDeletion(('triangle.c.xml', 'stmt', 5))"
2024-06-04 16:23:22,240	[INFO]	62      SUCCESS              +0.069736 (99.52%) [2 edit(s)] [cached] 
2024-06-04 16:23:22,240	[DEBUG]	patch(62)="SrcmlStmtDeletion(('triangle.c.xml', 'stmt', 4)) | SrcmlStmtDeletion(('triangle.c.xml', 'stmt', 5))"
2024-06-04 16:23:22,240	[INFO]	63      SUCCESS              +0.069736 (99.52%) [1 edit(s)] [cached] 
2024-06-04 16:23:22,240	[DEBUG]	patch(63)="SrcmlStmtDeletion(('triangle.c.xml', 'stmt', 4))"
2024-06-04 16:23:22,241	[INFO]	64      TEST_CODE_ERROR       None (--) [2 edit(s)] [cached] 
2024-06-04 16:23:22,241	[DEBUG]	patch(64)="SrcmlStmtDeletion(('triangle.c.xml', 'stmt', 4)) | SrcmlStmtDeletion(('triangle.c.xml', 'stmt', 17))"
2024-06-04 16:23:22,241	[INFO]	65      SUCCESS               0.070069 (100.00%) [0 edit(s)] [cached] 
2024-06-04 16:23:22,241	[DEBUG]	patch(65)=""
2024-06-04 16:23:22,531	[DEBUG]	EXEC>  SUCCESS 0.0014713
2024-06-04 16:23:22,531	[INFO]	66      SUCCESS              *0.001471 (2.10%) [2 edit(s)]  
2024-06-04 16:23:22,531	[DEBUG]	patch(66)="SrcmlStmtDeletion(('triangle.c.xml', 'stmt', 4)) | SrcmlStmtDeletion(('triangle.c.xml', 'stmt', 1))"
--- before: triangle.c
+++ after: triangle.c
@@ -2,7 +2,7 @@
 
 void delay() {
   const struct timespec ms = {0, 0.001*1e9}; //tv_sec=0, tv_nsec (0.001 seconds)
-  nanosleep(&ms,NULL); /*ignores possible errors*/
+   /*ignores possible errors*/
 }
 
 int classify_triangle(double a, double b, double c) {
@@ -11,11 +11,7 @@
   delay();
 
   // Sort the sides so that a <= b <= c
-  if(a > b) {
-    tmp = a;
-    a = b;
-    b = tmp;
-  }
+  
 
   if(a > c) {
     tmp = a;

2024-06-04 16:23:22,712	[INFO]	67      TEST_CODE_ERROR       None (--) [3 edit(s)]  
2024-06-04 16:23:22,712	[DEBUG]	patch(67)="SrcmlStmtDeletion(('triangle.c.xml', 'stmt', 4)) | SrcmlStmtDeletion(('triangle.c.xml', 'stmt', 1)) | SrcmlStmtReplacement(('triangle.c.xml', 'stmt', 20), ('triangle.c.xml', 'stmt', 7))"
2024-06-04 16:23:22,713	[INFO]	68      SUCCESS               0.069736 (99.52%) [1 edit(s)] [cached] 
2024-06-04 16:23:22,713	[DEBUG]	patch(68)="SrcmlStmtDeletion(('triangle.c.xml', 'stmt', 4))"
2024-06-04 16:23:22,753	[INFO]	69      COMPILE_CODE_ERROR    None (--) [3 edit(s)]  
2024-06-04 16:23:22,753	[DEBUG]	patch(69)="SrcmlStmtDeletion(('triangle.c.xml', 'stmt', 4)) | SrcmlStmtDeletion(('triangle.c.xml', 'stmt', 1)) | SrcmlStmtInsertion(('triangle.c.xml', '_inter_block', 30), ('triangle.c.xml', 'stmt', 1))"
2024-06-04 16:23:22,950	[INFO]	70      TEST_CODE_ERROR       None (--) [3 edit(s)]  
2024-06-04 16:23:22,950	[DEBUG]	patch(70)="SrcmlStmtDeletion(('triangle.c.xml', 'stmt', 4)) | SrcmlStmtDeletion(('triangle.c.xml', 'stmt', 1)) | SrcmlStmtDeletion(('triangle.c.xml', 'stmt', 13))"
2024-06-04 16:23:23,291	[DEBUG]	EXEC>  SUCCESS 0.00151879
2024-06-04 16:23:23,291	[INFO]	71      SUCCESS               0.001519 (2.17%) [1 edit(s)]  
2024-06-04 16:23:23,292	[DEBUG]	patch(71)="SrcmlStmtDeletion(('triangle.c.xml', 'stmt', 1))"
2024-06-04 16:23:23,490	[INFO]	72      TEST_CODE_ERROR       None (--) [3 edit(s)]  
2024-06-04 16:23:23,490	[DEBUG]	patch(72)="SrcmlStmtDeletion(('triangle.c.xml', 'stmt', 4)) | SrcmlStmtDeletion(('triangle.c.xml', 'stmt', 1)) | SrcmlStmtInsertion(('triangle.c.xml', '_inter_block', 26), ('triangle.c.xml', 'stmt', 12))"
2024-06-04 16:23:23,653	[INFO]	73      TEST_CODE_ERROR       None (--) [3 edit(s)]  
2024-06-04 16:23:23,653	[DEBUG]	patch(73)="SrcmlStmtDeletion(('triangle.c.xml', 'stmt', 4)) | SrcmlStmtDeletion(('triangle.c.xml', 'stmt', 1)) | SrcmlStmtInsertion(('triangle.c.xml', '_inter_block', 15), ('triangle.c.xml', 'stmt', 17))"
2024-06-04 16:23:23,798	[INFO]	74      TEST_CODE_ERROR       None (--) [3 edit(s)]  
2024-06-04 16:23:23,798	[DEBUG]	patch(74)="SrcmlStmtDeletion(('triangle.c.xml', 'stmt', 4)) | SrcmlStmtDeletion(('triangle.c.xml', 'stmt', 1)) | SrcmlStmtDeletion(('triangle.c.xml', 'stmt', 10))"
2024-06-04 16:23:23,799	[INFO]	75      SUCCESS              +0.001471 (2.10%) [3 edit(s)] [cached] 
2024-06-04 16:23:23,799	[DEBUG]	patch(75)="SrcmlStmtDeletion(('triangle.c.xml', 'stmt', 4)) | SrcmlStmtDeletion(('triangle.c.xml', 'stmt', 1)) | SrcmlStmtInsertion(('triangle.c.xml', '_inter_block', 18), ('triangle.c.xml', 'stmt', 1))"
2024-06-04 16:23:23,800	[INFO]	76      SUCCESS              +0.001471 (2.10%) [4 edit(s)] [cached] 
2024-06-04 16:23:23,800	[DEBUG]	patch(76)="SrcmlStmtDeletion(('triangle.c.xml', 'stmt', 4)) | SrcmlStmtDeletion(('triangle.c.xml', 'stmt', 1)) | SrcmlStmtInsertion(('triangle.c.xml', '_inter_block', 18), ('triangle.c.xml', 'stmt', 1)) | SrcmlStmtDeletion(('triangle.c.xml', 'stmt', 1))"
2024-06-04 16:23:23,801	[INFO]	77      SUCCESS              +0.001471 (2.10%) [3 edit(s)] [cached] 
2024-06-04 16:23:23,801	[DEBUG]	patch(77)="SrcmlStmtDeletion(('triangle.c.xml', 'stmt', 4)) | SrcmlStmtDeletion(('triangle.c.xml', 'stmt', 1)) | SrcmlStmtDeletion(('triangle.c.xml', 'stmt', 1))"
2024-06-04 16:23:24,094	[DEBUG]	EXEC>  SUCCESS 0.00141328
2024-06-04 16:23:24,095	[INFO]	78      SUCCESS              *0.001413 (2.02%) [4 edit(s)]  
2024-06-04 16:23:24,095	[DEBUG]	patch(78)="SrcmlStmtDeletion(('triangle.c.xml', 'stmt', 4)) | SrcmlStmtDeletion(('triangle.c.xml', 'stmt', 1)) | SrcmlStmtDeletion(('triangle.c.xml', 'stmt', 1)) | SrcmlStmtInsertion(('triangle.c.xml', '_inter_block', 34), ('triangle.c.xml', 'stmt', 15))"
--- before: triangle.c
+++ after: triangle.c
@@ -2,7 +2,7 @@
 
 void delay() {
   const struct timespec ms = {0, 0.001*1e9}; //tv_sec=0, tv_nsec (0.001 seconds)
-  nanosleep(&ms,NULL); /*ignores possible errors*/
+   /*ignores possible errors*/
 }
 
 int classify_triangle(double a, double b, double c) {
@@ -11,11 +11,7 @@
   delay();
 
   // Sort the sides so that a <= b <= c
-  if(a > b) {
-    tmp = a;
-    a = b;
-    b = tmp;
-  }
+  
 
   if(a > c) {
     tmp = a;
@@ -39,6 +35,7 @@
   }/*auto*/
   if(a == b || b == c)/*auto*/{
    
+    c = tmp;
     return ISOSCELES;
   }/*auto*/
   return SCALENE;

2024-06-04 16:23:24,096	[INFO]	79      SUCCESS              +0.001413 (2.02%) [5 edit(s)] [cached] 
2024-06-04 16:23:24,096	[DEBUG]	patch(79)="SrcmlStmtDeletion(('triangle.c.xml', 'stmt', 4)) | SrcmlStmtDeletion(('triangle.c.xml', 'stmt', 1)) | SrcmlStmtDeletion(('triangle.c.xml', 'stmt', 1)) | SrcmlStmtInsertion(('triangle.c.xml', '_inter_block', 34), ('triangle.c.xml', 'stmt', 15)) | SrcmlStmtDeletion(('triangle.c.xml', 'stmt', 1))"
2024-06-04 16:23:24,467	[DEBUG]	EXEC>  SUCCESS 0.0015031475
2024-06-04 16:23:24,467	[INFO]	80      SUCCESS               0.001503 (2.15%) [4 edit(s)]  
2024-06-04 16:23:24,467	[DEBUG]	patch(80)="SrcmlStmtDeletion(('triangle.c.xml', 'stmt', 1)) | SrcmlStmtDeletion(('triangle.c.xml', 'stmt', 1)) | SrcmlStmtInsertion(('triangle.c.xml', '_inter_block', 34), ('triangle.c.xml', 'stmt', 15)) | SrcmlStmtDeletion(('triangle.c.xml', 'stmt', 1))"
2024-06-04 16:23:24,469	[INFO]	81      SUCCESS              +0.001413 (2.02%) [4 edit(s)] [cached] 
2024-06-04 16:23:24,469	[DEBUG]	patch(81)="SrcmlStmtDeletion(('triangle.c.xml', 'stmt', 4)) | SrcmlStmtDeletion(('triangle.c.xml', 'stmt', 1)) | SrcmlStmtDeletion(('triangle.c.xml', 'stmt', 1)) | SrcmlStmtInsertion(('triangle.c.xml', '_inter_block', 34), ('triangle.c.xml', 'stmt', 15))"
2024-06-04 16:23:24,470	[INFO]	82      SUCCESS              +0.001413 (2.02%) [3 edit(s)] [cached] 
2024-06-04 16:23:24,470	[DEBUG]	patch(82)="SrcmlStmtDeletion(('triangle.c.xml', 'stmt', 4)) | SrcmlStmtDeletion(('triangle.c.xml', 'stmt', 1)) | SrcmlStmtInsertion(('triangle.c.xml', '_inter_block', 34), ('triangle.c.xml', 'stmt', 15))"
2024-06-04 16:23:24,471	[INFO]	83      SUCCESS               0.001503 (2.15%) [2 edit(s)] [cached] 
2024-06-04 16:23:24,471	[DEBUG]	patch(83)="SrcmlStmtDeletion(('triangle.c.xml', 'stmt', 1)) | SrcmlStmtInsertion(('triangle.c.xml', '_inter_block', 34), ('triangle.c.xml', 'stmt', 15))"
2024-06-04 16:23:25,108	[DEBUG]	EXEC>  SUCCESS 0.0732657025
2024-06-04 16:23:25,108	[INFO]	84      SUCCESS               0.073266 (104.56%) [2 edit(s)]  
2024-06-04 16:23:25,108	[DEBUG]	patch(84)="SrcmlStmtDeletion(('triangle.c.xml', 'stmt', 4)) | SrcmlStmtInsertion(('triangle.c.xml', '_inter_block', 34), ('triangle.c.xml', 'stmt', 15))"
2024-06-04 16:23:25,273	[INFO]	85      TEST_CODE_ERROR       None (--) [4 edit(s)]  
2024-06-04 16:23:25,273	[DEBUG]	patch(85)="SrcmlStmtDeletion(('triangle.c.xml', 'stmt', 4)) | SrcmlStmtDeletion(('triangle.c.xml', 'stmt', 1)) | SrcmlStmtInsertion(('triangle.c.xml', '_inter_block', 34), ('triangle.c.xml', 'stmt', 15)) | SrcmlStmtReplacement(('triangle.c.xml', 'stmt', 12), ('triangle.c.xml', 'stmt', 22))"
2024-06-04 16:23:25,274	[INFO]	86      SUCCESS              +0.001413 (2.02%) [4 edit(s)] [cached] 
2024-06-04 16:23:25,274	[DEBUG]	patch(86)="SrcmlStmtDeletion(('triangle.c.xml', 'stmt', 4)) | SrcmlStmtDeletion(('triangle.c.xml', 'stmt', 1)) | SrcmlStmtInsertion(('triangle.c.xml', '_inter_block', 34), ('triangle.c.xml', 'stmt', 15)) | SrcmlStmtDeletion(('triangle.c.xml', 'stmt', 5))"
2024-06-04 16:23:25,276	[INFO]	87      SUCCESS              +0.001413 (2.02%) [3 edit(s)] [cached] 
2024-06-04 16:23:25,276	[DEBUG]	patch(87)="SrcmlStmtDeletion(('triangle.c.xml', 'stmt', 4)) | SrcmlStmtDeletion(('triangle.c.xml', 'stmt', 1)) | SrcmlStmtInsertion(('triangle.c.xml', '_inter_block', 34), ('triangle.c.xml', 'stmt', 15))"
2024-06-04 16:23:25,278	[INFO]	88      SUCCESS              +0.001413 (2.02%) [4 edit(s)] [cached] 
2024-06-04 16:23:25,278	[DEBUG]	patch(88)="SrcmlStmtDeletion(('triangle.c.xml', 'stmt', 4)) | SrcmlStmtDeletion(('triangle.c.xml', 'stmt', 1)) | SrcmlStmtInsertion(('triangle.c.xml', '_inter_block', 34), ('triangle.c.xml', 'stmt', 15)) | SrcmlStmtInsertion(('triangle.c.xml', '_inter_block', 19), ('triangle.c.xml', 'stmt', 17))"
2024-06-04 16:23:25,650	[DEBUG]	EXEC>  SUCCESS 0.001594695
2024-06-04 16:23:25,650	[INFO]	89      SUCCESS               0.001595 (2.28%) [5 edit(s)]  
2024-06-04 16:23:25,650	[DEBUG]	patch(89)="SrcmlStmtDeletion(('triangle.c.xml', 'stmt', 4)) | SrcmlStmtDeletion(('triangle.c.xml', 'stmt', 1)) | SrcmlStmtInsertion(('triangle.c.xml', '_inter_block', 34), ('triangle.c.xml', 'stmt', 15)) | SrcmlStmtInsertion(('triangle.c.xml', '_inter_block', 19), ('triangle.c.xml', 'stmt', 17)) | SrcmlStmtInsertion(('triangle.c.xml', '_inter_block', 33), ('triangle.c.xml', 'stmt', 20))"
2024-06-04 16:23:25,651	[INFO]	90      SUCCESS               0.001471 (2.10%) [3 edit(s)] [cached] 
2024-06-04 16:23:25,651	[DEBUG]	patch(90)="SrcmlStmtDeletion(('triangle.c.xml', 'stmt', 4)) | SrcmlStmtDeletion(('triangle.c.xml', 'stmt', 1)) | SrcmlStmtInsertion(('triangle.c.xml', '_inter_block', 19), ('triangle.c.xml', 'stmt', 17))"
2024-06-04 16:23:25,652	[INFO]	91      SUCCESS              +0.001413 (2.02%) [3 edit(s)] [cached] 
2024-06-04 16:23:25,652	[DEBUG]	patch(91)="SrcmlStmtDeletion(('triangle.c.xml', 'stmt', 4)) | SrcmlStmtDeletion(('triangle.c.xml', 'stmt', 1)) | SrcmlStmtInsertion(('triangle.c.xml', '_inter_block', 34), ('triangle.c.xml', 'stmt', 15))"
2024-06-04 16:23:25,693	[INFO]	92      COMPILE_CODE_ERROR    None (--) [4 edit(s)]  
2024-06-04 16:23:25,693	[DEBUG]	patch(92)="SrcmlStmtDeletion(('triangle.c.xml', 'stmt', 4)) | SrcmlStmtDeletion(('triangle.c.xml', 'stmt', 1)) | SrcmlStmtInsertion(('triangle.c.xml', '_inter_block', 34), ('triangle.c.xml', 'stmt', 15)) | SrcmlStmtInsertion(('triangle.c.xml', '_inter_block', 0), ('triangle.c.xml', 'stmt', 14))"
2024-06-04 16:23:25,694	[INFO]	93      SUCCESS               0.001471 (2.10%) [2 edit(s)] [cached] 
2024-06-04 16:23:25,694	[DEBUG]	patch(93)="SrcmlStmtDeletion(('triangle.c.xml', 'stmt', 4)) | SrcmlStmtDeletion(('triangle.c.xml', 'stmt', 1))"
2024-06-04 16:23:25,733	[INFO]	94      COMPILE_CODE_ERROR    None (--) [4 edit(s)]  
2024-06-04 16:23:25,733	[DEBUG]	patch(94)="SrcmlStmtDeletion(('triangle.c.xml', 'stmt', 4)) | SrcmlStmtDeletion(('triangle.c.xml', 'stmt', 1)) | SrcmlStmtInsertion(('triangle.c.xml', '_inter_block', 34), ('triangle.c.xml', 'stmt', 15)) | SrcmlStmtReplacement(('triangle.c.xml', 'stmt', 0), ('triangle.c.xml', 'stmt', 16))"
2024-06-04 16:23:25,918	[INFO]	95      TEST_CODE_ERROR       None (--) [4 edit(s)]  
2024-06-04 16:23:25,918	[DEBUG]	patch(95)="SrcmlStmtDeletion(('triangle.c.xml', 'stmt', 4)) | SrcmlStmtDeletion(('triangle.c.xml', 'stmt', 1)) | SrcmlStmtInsertion(('triangle.c.xml', '_inter_block', 34), ('triangle.c.xml', 'stmt', 15)) | SrcmlStmtReplacement(('triangle.c.xml', 'stmt', 20), ('triangle.c.xml', 'stmt', 8))"
2024-06-04 16:23:25,919	[INFO]	96      SUCCESS               0.001503 (2.15%) [2 edit(s)] [cached] 
2024-06-04 16:23:25,919	[DEBUG]	patch(96)="SrcmlStmtDeletion(('triangle.c.xml', 'stmt', 1)) | SrcmlStmtInsertion(('triangle.c.xml', '_inter_block', 34), ('triangle.c.xml', 'stmt', 15))"
2024-06-04 16:23:25,921	[INFO]	97      SUCCESS               0.073266 (104.56%) [2 edit(s)] [cached] 
2024-06-04 16:23:25,921	[DEBUG]	patch(97)="SrcmlStmtDeletion(('triangle.c.xml', 'stmt', 4)) | SrcmlStmtInsertion(('triangle.c.xml', '_inter_block', 34), ('triangle.c.xml', 'stmt', 15))"
2024-06-04 16:23:25,960	[INFO]	98      COMPILE_CODE_ERROR    None (--) [4 edit(s)]  
2024-06-04 16:23:25,960	[DEBUG]	patch(98)="SrcmlStmtDeletion(('triangle.c.xml', 'stmt', 4)) | SrcmlStmtDeletion(('triangle.c.xml', 'stmt', 1)) | SrcmlStmtInsertion(('triangle.c.xml', '_inter_block', 34), ('triangle.c.xml', 'stmt', 15)) | SrcmlStmtInsertion(('triangle.c.xml', '_inter_block', 4), ('triangle.c.xml', 'stmt', 21))"
2024-06-04 16:23:25,962	[INFO]	99      SUCCESS              +0.001413 (2.02%) [4 edit(s)] [cached] 
2024-06-04 16:23:25,962	[DEBUG]	patch(99)="SrcmlStmtDeletion(('triangle.c.xml', 'stmt', 4)) | SrcmlStmtDeletion(('triangle.c.xml', 'stmt', 1)) | SrcmlStmtInsertion(('triangle.c.xml', '_inter_block', 34), ('triangle.c.xml', 'stmt', 15)) | SrcmlStmtReplacement(('triangle.c.xml', 'stmt', 18), ('triangle.c.xml', 'stmt', 18))"
2024-06-04 16:23:25,963	[INFO]	100     SUCCESS              +0.001413 (2.02%) [3 edit(s)] [cached] 
2024-06-04 16:23:25,963	[DEBUG]	patch(100)="SrcmlStmtDeletion(('triangle.c.xml', 'stmt', 4)) | SrcmlStmtDeletion(('triangle.c.xml', 'stmt', 1)) | SrcmlStmtInsertion(('triangle.c.xml', '_inter_block', 34), ('triangle.c.xml', 'stmt', 15))"
2024-06-04 16:23:25,964	[INFO]	~~~~ END ~~~~
2024-06-04 16:23:25,964	[INFO]	
2024-06-04 16:23:25,964	[INFO]	==== REPORT ====
2024-06-04 16:23:25,965	[INFO]	Termination: step budget
2024-06-04 16:23:25,965	[INFO]	Retries: 4
2024-06-04 16:23:25,965	[INFO]	Log file: /home/jim/magpie/_magpie_logs/triangle-c_1717514593.log
2024-06-04 16:23:25,965	[INFO]	Patch file: _magpie_logs/triangle-c_1717514593.patch
2024-06-04 16:23:25,965	[INFO]	Diff file: _magpie_logs/triangle-c_1717514593.diff
2024-06-04 16:23:25,965	[INFO]	Reference fitness: 0.070069
2024-06-04 16:23:25,965	[INFO]	Best fitness: 0.001413
2024-06-04 16:23:25,965	[INFO]	
2024-06-04 16:23:25,967	[INFO]	==== BEST PATCH ====
SrcmlStmtDeletion(('triangle.c.xml', 'stmt', 4)) | SrcmlStmtDeletion(('triangle.c.xml', 'stmt', 1)) | SrcmlStmtDeletion(('triangle.c.xml', 'stmt', 1)) | SrcmlStmtInsertion(('triangle.c.xml', '_inter_block', 34), ('triangle.c.xml', 'stmt', 15))
2024-06-04 16:23:25,967	[INFO]	
2024-06-04 16:23:25,967	[INFO]	==== DIFF ====
[1m--- before: triangle.c[0m
[1m+++ after: triangle.c[0m
[36m@@ -2,7 +2,7 @@[0m
 
 void delay() {
   const struct timespec ms = {0, 0.001*1e9}; //tv_sec=0, tv_nsec (0.001 seconds)
[31m-  nanosleep(&ms,NULL); /*ignores possible errors*/[0m
[32m+   /*ignores possible errors*/[0m
 }
 
 int classify_triangle(double a, double b, double c) {
[36m@@ -11,11 +11,7 @@[0m
   delay();
 
   // Sort the sides so that a <= b <= c
[31m-  if(a > b) {[0m
[31m-    tmp = a;[0m
[31m-    a = b;[0m
[31m-    b = tmp;[0m
[31m-  }[0m
[32m+  [0m
 
   if(a > c) {
     tmp = a;
[36m@@ -39,6 +35,7 @@[0m
   }/*auto*/
   if(a == b || b == c)/*auto*/{
    
[32m+    c = tmp;[0m
     return ISOSCELES;
   }/*auto*/
   return SCALENE;

