2024-07-18 13:40:49,058	[DEBUG]	==== CONFIG ====
[magpie]
import = 
seed = 45
log_dir = _magpie_logs
work_dir = _magpie_work
local_original_copy = True
local_original_name = __original__
output_encoding = ascii
edit_retries = 10
default_timeout = 30
default_lengthout = 1e6
diff_method = unified
trust_local_filesystem = True

[magpie.log]
color_output = True
format_info = {counter:<7} {status:<20} {best}{fitness} ({ratio}) [{size}] {cached} {log}
format_debug = patch({counter})="{patch}"{diffifbest}
format_fitness = {:.6f}
format_ratio = {:.2%%}
format_patchif = 
	 --> {patch}
format_diffif = 
	{diff}

[software]
path = examples/sat4j
target_files = test.params
software = BasicSoftware
model_rules = 
	*.params : ParamFileConfigModel
	*.xml : SrcmlModel
	* : LineModel
model_config = 
	*.params : [paramconfig]
	*.xml : [srcml]
init_cmd = 
init_timeout = 60
init_lengthout = -1
setup_cmd = ant sat
setup_timeout = 
setup_lengthout = 
compile_cmd = 
compile_timeout = 
compile_lengthout = 
test_cmd = bash test.sh
test_timeout = 
test_lengthout = 
run_cmd = perf stat -e branches bash run_fixed.sh
run_timeout = 
run_lengthout = 
retries = 5
batch_timeout = 
batch_lengthout = 
batch_bin_fitness_strategy = aggregate
batch_fitness_strategy = sum
fitness = perf_branches

[srcml]
rename = 
	stmt: break continue decl_stmt do expr_stmt for goto if return switch while
	number: literal_number
focus = block stmt operator_comp operator_arith number
internodes = block
process_pseudo_blocks = True
process_literals = True
process_operators = True

[paramconfig]
timing = test run
cli_prefix = --
cli_glue = =
cli_boolean = show
cli_boolean_prefix_true = 
cli_boolean_prefix_false = no-
cli_none = hide
silent_prefix = @
silent_suffix = $

[search]
protocol = BasicProtocol
algorithm = FirstImprovement
possible_edits = ParamSetting
warmup = 3
warmup_strategy = last
max_steps = 10000
max_time = 1800
target_fitness = 
cache_maxsize = 100
cache_keep = 0.2
batch_instances = 
batch_shuffle = True
batch_bin_shuffle = False
batch_sample_size = 1

[search.ls]
delete_prob = 0.5
max_neighbours = 
when_trapped = continue
accept_fail = False
tabu_length = 10

[search.gp]
pop_size = 10
delete_prob = 0.5
offspring_elitism = 0.1
offspring_crossover = 0.5
offspring_mutation = 0.4
uniform_rate = 0.5
batch_reset = True

[search.minify]
do_cleanup = True
do_rebuild = True
do_simplify = True
round_robin_limit = 3


2024-07-18 13:40:49,059	[DEBUG]	
2024-07-18 13:40:49,059	[INFO]	==== SEARCH: FirstImprovement ====
2024-07-18 13:40:49,059	[INFO]	~~~~ WARMUP ~~~~
2024-07-18 13:41:58,929	[DEBUG]	EXEC>  SUCCESS 15311526299.4
2024-07-18 13:41:58,930	[INFO]	WARM    SUCCESS               15311526299.400000 (--) [0 edit(s)]  
2024-07-18 13:42:57,122	[DEBUG]	EXEC>  SUCCESS 15087562621.2
2024-07-18 13:42:57,122	[INFO]	WARM    SUCCESS               15087562621.200001 (--) [0 edit(s)]  
2024-07-18 13:43:55,245	[DEBUG]	EXEC>  SUCCESS 15089725834.4
2024-07-18 13:43:55,245	[INFO]	WARM    SUCCESS               15089725834.400000 (--) [0 edit(s)]  
2024-07-18 13:43:55,245	[INFO]	REF     SUCCESS               15089725834.400000 (--) [0 edit(s)]  
2024-07-18 13:43:55,245	[INFO]	
2024-07-18 13:43:55,245	[INFO]	~~~~ START ~~~~
2024-07-18 13:44:53,809	[DEBUG]	EXEC>  SUCCESS 15229063520.2
2024-07-18 13:44:53,809	[INFO]	1       SUCCESS               15229063520.200001 (100.92%) [1 edit(s)]  
2024-07-18 13:44:53,809	[DEBUG]	patch(1)="ParamSetting(('test.params', 'param', 'CONFLICTBOUNDINCFACTOR'), 2.1441515513114506)"
2024-07-18 13:44:53,810	[INFO]	2       SUCCESS              +15089725834.400000 (100.00%) [1 edit(s)] [cached] 
2024-07-18 13:44:53,811	[DEBUG]	patch(2)="ParamSetting(('test.params', 'param', 'RESTARTS'), 'Glucose21Restarts')"
2024-07-18 13:44:53,812	[INFO]	3       SUCCESS              +15089725834.400000 (100.00%) [0 edit(s)] [cached] 
2024-07-18 13:44:53,812	[DEBUG]	patch(3)=""
2024-07-18 13:45:52,659	[DEBUG]	EXEC>  SUCCESS 15312063203.6
2024-07-18 13:45:52,659	[INFO]	4       SUCCESS               15312063203.600000 (101.47%) [1 edit(s)]  
2024-07-18 13:45:52,660	[DEBUG]	patch(4)="ParamSetting(('test.params', 'param', 'CLADECAY'), 0.8554199691375404)"
2024-07-18 13:46:46,279	[DEBUG]	EXEC>  SUCCESS 15358926665.4
2024-07-18 13:46:46,279	[INFO]	5       SUCCESS               15358926665.400000 (101.78%) [1 edit(s)]  
2024-07-18 13:46:46,279	[DEBUG]	patch(5)="ParamSetting(('test.params', 'param', 'FIXEDPERIOD'), 3169)"
2024-07-18 13:47:39,403	[DEBUG]	EXEC>  SUCCESS 15413078501.2
2024-07-18 13:47:39,404	[INFO]	6       SUCCESS               15413078501.200001 (102.14%) [1 edit(s)]  
2024-07-18 13:47:39,404	[DEBUG]	patch(6)="ParamSetting(('test.params', 'param', 'VARDECAY'), 0.07495132545320449)"
2024-07-18 13:47:39,405	[INFO]	7       SUCCESS              +15089725834.400000 (100.00%) [1 edit(s)] [cached] 
2024-07-18 13:47:39,405	[DEBUG]	patch(7)="ParamSetting(('test.params', 'param', 'RESTARTS'), 'Glucose21Restarts')"
2024-07-18 13:47:39,406	[INFO]	8       SUCCESS              +15089725834.400000 (100.00%) [0 edit(s)] [cached] 
2024-07-18 13:47:39,406	[DEBUG]	patch(8)=""
2024-07-18 13:48:32,150	[DEBUG]	EXEC>  SUCCESS 15059260669.6
2024-07-18 13:48:32,150	[INFO]	9       SUCCESS              *15059260669.600000 (99.80%) [1 edit(s)]  
2024-07-18 13:48:32,150	[DEBUG]	patch(9)="ParamSetting(('test.params', 'param', 'LUBYFACTOR'), 123)"
--- before: test.params
+++ after: test.params
@@ -1,5 +1,5 @@
 RESTARTS := 'Glucose21Restarts'
-LUBYFACTOR := 512
+LUBYFACTOR := 123
 FIXEDPERIOD := 100
 PHASE := 'RSATPhaseSelectionStrategy'
 CLADECAY := 0.999

2024-07-18 13:48:32,151	[INFO]	10      SUCCESS               15089725834.400000 (100.00%) [0 edit(s)] [cached] 
2024-07-18 13:48:32,151	[DEBUG]	patch(10)=""
2024-07-18 13:49:25,130	[DEBUG]	EXEC>  SUCCESS 15243913667.8
2024-07-18 13:49:25,130	[INFO]	11      SUCCESS               15243913667.799999 (101.02%) [2 edit(s)]  
2024-07-18 13:49:25,130	[DEBUG]	patch(11)="ParamSetting(('test.params', 'param', 'LUBYFACTOR'), 123) | ParamSetting(('test.params', 'param', 'CONFLICTBOUNDINCFACTOR'), 3.7740290197297948)"
2024-07-18 13:50:18,372	[DEBUG]	EXEC>  SUCCESS 15131980537.8
2024-07-18 13:50:18,372	[INFO]	12      SUCCESS               15131980537.799999 (100.28%) [2 edit(s)]  
2024-07-18 13:50:18,372	[DEBUG]	patch(12)="ParamSetting(('test.params', 'param', 'LUBYFACTOR'), 123) | ParamSetting(('test.params', 'param', 'RESTARTS'), 'ArminRestarts')"
2024-07-18 13:50:18,373	[INFO]	13      SUCCESS              +15059260669.600000 (99.80%) [2 edit(s)] [cached] 
2024-07-18 13:50:18,373	[DEBUG]	patch(13)="ParamSetting(('test.params', 'param', 'LUBYFACTOR'), 123) | ParamSetting(('test.params', 'param', 'SIMP'), 'EXPENSIVE_SIMPLIFICATION')"
2024-07-18 13:51:10,992	[DEBUG]	EXEC>  SUCCESS 15105100980.4
2024-07-18 13:51:10,992	[INFO]	14      SUCCESS               15105100980.400000 (100.10%) [3 edit(s)]  
2024-07-18 13:51:10,992	[DEBUG]	patch(14)="ParamSetting(('test.params', 'param', 'LUBYFACTOR'), 123) | ParamSetting(('test.params', 'param', 'SIMP'), 'EXPENSIVE_SIMPLIFICATION') | ParamSetting(('test.params', 'param', 'CLADECAY'), 0.1681493981396387)"
2024-07-18 13:51:10,993	[INFO]	15      SUCCESS              +15059260669.600000 (99.80%) [1 edit(s)] [cached] 
2024-07-18 13:51:10,993	[DEBUG]	patch(15)="ParamSetting(('test.params', 'param', 'LUBYFACTOR'), 123)"
2024-07-18 13:51:10,994	[INFO]	16      SUCCESS               15089725834.400000 (100.00%) [0 edit(s)] [cached] 
2024-07-18 13:51:10,994	[DEBUG]	patch(16)=""
2024-07-18 13:52:04,490	[DEBUG]	EXEC>  SUCCESS 15291999754.2
2024-07-18 13:52:04,491	[INFO]	17      SUCCESS               15291999754.200001 (101.34%) [2 edit(s)]  
2024-07-18 13:52:04,491	[DEBUG]	patch(17)="ParamSetting(('test.params', 'param', 'LUBYFACTOR'), 123) | ParamSetting(('test.params', 'param', 'PHASE'), 'RSATLastLearnedClausesPhaseSelectionStrategy')"
2024-07-18 13:52:04,492	[INFO]	18      SUCCESS               15131980537.799999 (100.28%) [2 edit(s)] [cached] 
2024-07-18 13:52:04,492	[DEBUG]	patch(18)="ParamSetting(('test.params', 'param', 'LUBYFACTOR'), 123) | ParamSetting(('test.params', 'param', 'RESTARTS'), 'ArminRestarts')"
2024-07-18 13:52:58,103	[DEBUG]	EXEC>  SUCCESS 15318318464.8
2024-07-18 13:52:58,103	[INFO]	19      SUCCESS               15318318464.799999 (101.51%) [2 edit(s)]  
2024-07-18 13:52:58,103	[DEBUG]	patch(19)="ParamSetting(('test.params', 'param', 'LUBYFACTOR'), 123) | ParamSetting(('test.params', 'param', 'LUBYFACTOR'), 55)"
2024-07-18 13:53:51,167	[DEBUG]	EXEC>  SUCCESS 15152027962.6
2024-07-18 13:53:51,167	[INFO]	20      SUCCESS               15152027962.600000 (100.41%) [2 edit(s)]  
2024-07-18 13:53:51,167	[DEBUG]	patch(20)="ParamSetting(('test.params', 'param', 'LUBYFACTOR'), 123) | ParamSetting(('test.params', 'param', 'VARDECAY'), 0.7947915613858701)"
2024-07-18 13:54:44,065	[DEBUG]	EXEC>  SUCCESS 15251054423.0
2024-07-18 13:54:44,066	[INFO]	21      SUCCESS               15251054423.000000 (101.07%) [2 edit(s)]  
2024-07-18 13:54:44,066	[DEBUG]	patch(21)="ParamSetting(('test.params', 'param', 'LUBYFACTOR'), 123) | ParamSetting(('test.params', 'param', 'VARDECAY'), 0.7665559902953729)"
2024-07-18 13:55:37,198	[DEBUG]	EXEC>  SUCCESS 15222695899.4
2024-07-18 13:55:37,198	[INFO]	22      SUCCESS               15222695899.400000 (100.88%) [2 edit(s)]  
2024-07-18 13:55:37,198	[DEBUG]	patch(22)="ParamSetting(('test.params', 'param', 'LUBYFACTOR'), 123) | ParamSetting(('test.params', 'param', 'LUBYFACTOR'), 94)"
2024-07-18 13:56:30,217	[DEBUG]	EXEC>  SUCCESS 15365808497.6
2024-07-18 13:56:30,217	[INFO]	23      SUCCESS               15365808497.600000 (101.83%) [2 edit(s)]  
2024-07-18 13:56:30,218	[DEBUG]	patch(23)="ParamSetting(('test.params', 'param', 'LUBYFACTOR'), 123) | ParamSetting(('test.params', 'param', 'INITCONFLICTBOUND'), 46)"
2024-07-18 13:56:30,218	[INFO]	24      SUCCESS              +15059260669.600000 (99.80%) [2 edit(s)] [cached] 
2024-07-18 13:56:30,219	[DEBUG]	patch(24)="ParamSetting(('test.params', 'param', 'LUBYFACTOR'), 123) | ParamSetting(('test.params', 'param', 'SIMP'), 'EXPENSIVE_SIMPLIFICATION')"
2024-07-18 13:57:23,052	[DEBUG]	EXEC>  SUCCESS 15245317859.4
2024-07-18 13:57:23,052	[INFO]	25      SUCCESS               15245317859.400000 (101.03%) [3 edit(s)]  
2024-07-18 13:57:23,052	[DEBUG]	patch(25)="ParamSetting(('test.params', 'param', 'LUBYFACTOR'), 123) | ParamSetting(('test.params', 'param', 'SIMP'), 'EXPENSIVE_SIMPLIFICATION') | ParamSetting(('test.params', 'param', 'CONFLICTBOUNDINCFACTOR'), 3.1290287078414245)"
2024-07-18 13:58:15,633	[DEBUG]	EXEC>  SUCCESS 15111201033.6
2024-07-18 13:58:15,634	[INFO]	26      SUCCESS               15111201033.600000 (100.14%) [3 edit(s)]  
2024-07-18 13:58:15,634	[DEBUG]	patch(26)="ParamSetting(('test.params', 'param', 'LUBYFACTOR'), 123) | ParamSetting(('test.params', 'param', 'SIMP'), 'EXPENSIVE_SIMPLIFICATION') | ParamSetting(('test.params', 'param', 'CLEANING'), 'ACTIVITY')"
2024-07-18 13:59:08,263	[DEBUG]	EXEC>  SUCCESS 15226866987.6
2024-07-18 13:59:08,263	[INFO]	27      SUCCESS               15226866987.600000 (100.91%) [3 edit(s)]  
2024-07-18 13:59:08,263	[DEBUG]	patch(27)="ParamSetting(('test.params', 'param', 'LUBYFACTOR'), 123) | ParamSetting(('test.params', 'param', 'SIMP'), 'EXPENSIVE_SIMPLIFICATION') | ParamSetting(('test.params', 'param', 'LUBYFACTOR'), 213)"
2024-07-18 13:59:08,264	[INFO]	28      SUCCESS              +15059260669.600000 (99.80%) [1 edit(s)] [cached] 
2024-07-18 13:59:08,264	[DEBUG]	patch(28)="ParamSetting(('test.params', 'param', 'LUBYFACTOR'), 123)"
2024-07-18 13:59:08,265	[INFO]	29      SUCCESS               15111201033.600000 (100.14%) [2 edit(s)] [cached] 
2024-07-18 13:59:08,265	[DEBUG]	patch(29)="ParamSetting(('test.params', 'param', 'LUBYFACTOR'), 123) | ParamSetting(('test.params', 'param', 'CLEANING'), 'ACTIVITY')"
2024-07-18 14:00:01,445	[DEBUG]	EXEC>  SUCCESS 15081376872.0
2024-07-18 14:00:01,446	[INFO]	30      SUCCESS               15081376872.000000 (99.94%) [2 edit(s)]  
2024-07-18 14:00:01,446	[DEBUG]	patch(30)="ParamSetting(('test.params', 'param', 'LUBYFACTOR'), 123) | ParamSetting(('test.params', 'param', 'VARDECAY'), 0.5657316002511463)"
2024-07-18 14:00:01,447	[INFO]	31      SUCCESS               15089725834.400000 (100.00%) [0 edit(s)] [cached] 
2024-07-18 14:00:01,447	[DEBUG]	patch(31)=""
2024-07-18 14:00:54,215	[DEBUG]	EXEC>  SUCCESS 15124092011.6
2024-07-18 14:00:54,215	[INFO]	32      SUCCESS               15124092011.600000 (100.23%) [2 edit(s)]  
2024-07-18 14:00:54,215	[DEBUG]	patch(32)="ParamSetting(('test.params', 'param', 'LUBYFACTOR'), 123) | ParamSetting(('test.params', 'param', 'SIMP'), 'NO_SIMPLIFICATION')"
2024-07-18 14:00:54,216	[INFO]	33      SUCCESS              +15059260669.600000 (99.80%) [2 edit(s)] [cached] 
2024-07-18 14:00:54,216	[DEBUG]	patch(33)="ParamSetting(('test.params', 'param', 'LUBYFACTOR'), 123) | ParamSetting(('test.params', 'param', 'CLEANING'), 'LBD2')"
2024-07-18 14:01:47,177	[DEBUG]	EXEC>  SUCCESS 15160216166.6
2024-07-18 14:01:47,177	[INFO]	34      SUCCESS               15160216166.600000 (100.47%) [3 edit(s)]  
2024-07-18 14:01:47,177	[DEBUG]	patch(34)="ParamSetting(('test.params', 'param', 'LUBYFACTOR'), 123) | ParamSetting(('test.params', 'param', 'CLEANING'), 'LBD2') | ParamSetting(('test.params', 'param', 'LUBYFACTOR'), 276)"
2024-07-18 14:01:47,179	[INFO]	35      SUCCESS              +15059260669.600000 (99.80%) [3 edit(s)] [cached] 
2024-07-18 14:01:47,179	[DEBUG]	patch(35)="ParamSetting(('test.params', 'param', 'LUBYFACTOR'), 123) | ParamSetting(('test.params', 'param', 'CLEANING'), 'LBD2') | ParamSetting(('test.params', 'param', 'SIMP'), 'EXPENSIVE_SIMPLIFICATION')"
2024-07-18 14:02:39,708	[DEBUG]	EXEC>  SUCCESS 15149756619.8
2024-07-18 14:02:39,708	[INFO]	36      SUCCESS               15149756619.799999 (100.40%) [4 edit(s)]  
2024-07-18 14:02:39,708	[DEBUG]	patch(36)="ParamSetting(('test.params', 'param', 'LUBYFACTOR'), 123) | ParamSetting(('test.params', 'param', 'CLEANING'), 'LBD2') | ParamSetting(('test.params', 'param', 'SIMP'), 'EXPENSIVE_SIMPLIFICATION') | ParamSetting(('test.params', 'param', 'CLEANING'), 'LBD')"
2024-07-18 14:02:39,709	[INFO]	37      SUCCESS               15089725834.400000 (100.00%) [2 edit(s)] [cached] 
2024-07-18 14:02:39,709	[DEBUG]	patch(37)="ParamSetting(('test.params', 'param', 'CLEANING'), 'LBD2') | ParamSetting(('test.params', 'param', 'SIMP'), 'EXPENSIVE_SIMPLIFICATION')"
2024-07-18 14:02:39,711	[INFO]	38      SUCCESS               15149756619.799999 (100.40%) [4 edit(s)] [cached] 
2024-07-18 14:02:39,711	[DEBUG]	patch(38)="ParamSetting(('test.params', 'param', 'LUBYFACTOR'), 123) | ParamSetting(('test.params', 'param', 'CLEANING'), 'LBD2') | ParamSetting(('test.params', 'param', 'SIMP'), 'EXPENSIVE_SIMPLIFICATION') | ParamSetting(('test.params', 'param', 'CLEANING'), 'LBD')"
2024-07-18 14:03:32,117	[DEBUG]	EXEC>  SUCCESS 15066495187.8
2024-07-18 14:03:32,118	[INFO]	39      SUCCESS               15066495187.799999 (99.85%) [4 edit(s)]  
2024-07-18 14:03:32,118	[DEBUG]	patch(39)="ParamSetting(('test.params', 'param', 'LUBYFACTOR'), 123) | ParamSetting(('test.params', 'param', 'CLEANING'), 'LBD2') | ParamSetting(('test.params', 'param', 'SIMP'), 'EXPENSIVE_SIMPLIFICATION') | ParamSetting(('test.params', 'param', 'SIMP'), 'SIMPLE_SIMPLIFICATION')"
2024-07-18 14:04:24,920	[DEBUG]	EXEC>  SUCCESS 15215975519.6
2024-07-18 14:04:24,920	[INFO]	40      SUCCESS               15215975519.600000 (100.84%) [4 edit(s)]  
2024-07-18 14:04:24,920	[DEBUG]	patch(40)="ParamSetting(('test.params', 'param', 'LUBYFACTOR'), 123) | ParamSetting(('test.params', 'param', 'CLEANING'), 'LBD2') | ParamSetting(('test.params', 'param', 'SIMP'), 'EXPENSIVE_SIMPLIFICATION') | ParamSetting(('test.params', 'param', 'CONFLICTBOUNDINCFACTOR'), 2.837546934985651)"
2024-07-18 14:04:24,921	[INFO]	41      SUCCESS               15066495187.799999 (99.85%) [4 edit(s)] [cached] 
2024-07-18 14:04:24,922	[DEBUG]	patch(41)="ParamSetting(('test.params', 'param', 'LUBYFACTOR'), 123) | ParamSetting(('test.params', 'param', 'CLEANING'), 'LBD2') | ParamSetting(('test.params', 'param', 'SIMP'), 'EXPENSIVE_SIMPLIFICATION') | ParamSetting(('test.params', 'param', 'SIMP'), 'SIMPLE_SIMPLIFICATION')"
2024-07-18 14:05:17,743	[DEBUG]	EXEC>  SUCCESS 15162061453.6
2024-07-18 14:05:17,744	[INFO]	42      SUCCESS               15162061453.600000 (100.48%) [4 edit(s)]  
2024-07-18 14:05:17,744	[DEBUG]	patch(42)="ParamSetting(('test.params', 'param', 'LUBYFACTOR'), 123) | ParamSetting(('test.params', 'param', 'CLEANING'), 'LBD2') | ParamSetting(('test.params', 'param', 'SIMP'), 'EXPENSIVE_SIMPLIFICATION') | ParamSetting(('test.params', 'param', 'INITCONFLICTBOUND'), 22)"
2024-07-18 14:06:10,202	[DEBUG]	EXEC>  SUCCESS 15122771003.4
2024-07-18 14:06:10,203	[INFO]	43      SUCCESS               15122771003.400000 (100.22%) [4 edit(s)]  
2024-07-18 14:06:10,203	[DEBUG]	patch(43)="ParamSetting(('test.params', 'param', 'LUBYFACTOR'), 123) | ParamSetting(('test.params', 'param', 'CLEANING'), 'LBD2') | ParamSetting(('test.params', 'param', 'SIMP'), 'EXPENSIVE_SIMPLIFICATION') | ParamSetting(('test.params', 'param', 'LUBYFACTOR'), 303)"
2024-07-18 14:07:03,347	[DEBUG]	EXEC>  SUCCESS 15229692539.0
2024-07-18 14:07:03,347	[INFO]	44      SUCCESS               15229692539.000000 (100.93%) [4 edit(s)]  
2024-07-18 14:07:03,347	[DEBUG]	patch(44)="ParamSetting(('test.params', 'param', 'LUBYFACTOR'), 123) | ParamSetting(('test.params', 'param', 'CLEANING'), 'LBD2') | ParamSetting(('test.params', 'param', 'SIMP'), 'EXPENSIVE_SIMPLIFICATION') | ParamSetting(('test.params', 'param', 'VARDECAY'), 0.19019228513931807)"
2024-07-18 14:07:03,348	[INFO]	45      SUCCESS              +15059260669.600000 (99.80%) [2 edit(s)] [cached] 
2024-07-18 14:07:03,348	[DEBUG]	patch(45)="ParamSetting(('test.params', 'param', 'LUBYFACTOR'), 123) | ParamSetting(('test.params', 'param', 'SIMP'), 'EXPENSIVE_SIMPLIFICATION')"
2024-07-18 14:07:03,349	[INFO]	46      SUCCESS              +15059260669.600000 (99.80%) [3 edit(s)] [cached] 
2024-07-18 14:07:03,349	[DEBUG]	patch(46)="ParamSetting(('test.params', 'param', 'LUBYFACTOR'), 123) | ParamSetting(('test.params', 'param', 'SIMP'), 'EXPENSIVE_SIMPLIFICATION') | ParamSetting(('test.params', 'param', 'RESTARTS'), 'Glucose21Restarts')"
2024-07-18 14:07:56,678	[DEBUG]	EXEC>  SUCCESS 15390263053.4
2024-07-18 14:07:56,678	[INFO]	47      SUCCESS               15390263053.400000 (101.99%) [4 edit(s)]  
2024-07-18 14:07:56,678	[DEBUG]	patch(47)="ParamSetting(('test.params', 'param', 'LUBYFACTOR'), 123) | ParamSetting(('test.params', 'param', 'SIMP'), 'EXPENSIVE_SIMPLIFICATION') | ParamSetting(('test.params', 'param', 'RESTARTS'), 'Glucose21Restarts') | ParamSetting(('test.params', 'param', 'INITCONFLICTBOUND'), 15)"
2024-07-18 14:07:56,679	[INFO]	48      SUCCESS              +15059260669.600000 (99.80%) [2 edit(s)] [cached] 
2024-07-18 14:07:56,679	[DEBUG]	patch(48)="ParamSetting(('test.params', 'param', 'LUBYFACTOR'), 123) | ParamSetting(('test.params', 'param', 'SIMP'), 'EXPENSIVE_SIMPLIFICATION')"
2024-07-18 14:07:56,680	[INFO]	49      SUCCESS               15089725834.400000 (100.00%) [1 edit(s)] [cached] 
2024-07-18 14:07:56,680	[DEBUG]	patch(49)="ParamSetting(('test.params', 'param', 'SIMP'), 'EXPENSIVE_SIMPLIFICATION')"
2024-07-18 14:08:49,241	[DEBUG]	EXEC>  SUCCESS 15171483152.0
2024-07-18 14:08:49,241	[INFO]	50      SUCCESS               15171483152.000000 (100.54%) [3 edit(s)]  
2024-07-18 14:08:49,242	[DEBUG]	patch(50)="ParamSetting(('test.params', 'param', 'LUBYFACTOR'), 123) | ParamSetting(('test.params', 'param', 'SIMP'), 'EXPENSIVE_SIMPLIFICATION') | ParamSetting(('test.params', 'param', 'CLADECAY'), 0.9262812769049751)"
2024-07-18 14:08:49,243	[INFO]	51      SUCCESS              +15059260669.600000 (99.80%) [3 edit(s)] [cached] 
2024-07-18 14:08:49,243	[DEBUG]	patch(51)="ParamSetting(('test.params', 'param', 'LUBYFACTOR'), 123) | ParamSetting(('test.params', 'param', 'SIMP'), 'EXPENSIVE_SIMPLIFICATION') | ParamSetting(('test.params', 'param', 'CLEANING'), 'LBD2')"
2024-07-18 14:08:49,244	[INFO]	52      SUCCESS               15089725834.400000 (100.00%) [2 edit(s)] [cached] 
2024-07-18 14:08:49,244	[DEBUG]	patch(52)="ParamSetting(('test.params', 'param', 'SIMP'), 'EXPENSIVE_SIMPLIFICATION') | ParamSetting(('test.params', 'param', 'CLEANING'), 'LBD2')"
2024-07-18 14:09:41,640	[DEBUG]	EXEC>  SUCCESS 15059999525.0
2024-07-18 14:09:41,641	[INFO]	53      SUCCESS               15059999525.000000 (99.80%) [4 edit(s)]  
2024-07-18 14:09:41,641	[DEBUG]	patch(53)="ParamSetting(('test.params', 'param', 'LUBYFACTOR'), 123) | ParamSetting(('test.params', 'param', 'SIMP'), 'EXPENSIVE_SIMPLIFICATION') | ParamSetting(('test.params', 'param', 'CLEANING'), 'LBD2') | ParamSetting(('test.params', 'param', 'CLADECAY'), 0.2845270099853746)"
2024-07-18 14:09:41,642	[INFO]	54      SUCCESS              +15059260669.600000 (99.80%) [2 edit(s)] [cached] 
2024-07-18 14:09:41,642	[DEBUG]	patch(54)="ParamSetting(('test.params', 'param', 'LUBYFACTOR'), 123) | ParamSetting(('test.params', 'param', 'CLEANING'), 'LBD2')"
2024-07-18 14:09:41,642	[INFO]	55      SUCCESS               15089725834.400000 (100.00%) [1 edit(s)] [cached] 
2024-07-18 14:09:41,642	[DEBUG]	patch(55)="ParamSetting(('test.params', 'param', 'CLEANING'), 'LBD2')"
2024-07-18 14:10:34,757	[DEBUG]	EXEC>  SUCCESS 15360579178.2
2024-07-18 14:10:34,758	[INFO]	56      SUCCESS               15360579178.200001 (101.79%) [3 edit(s)]  
2024-07-18 14:10:34,758	[DEBUG]	patch(56)="ParamSetting(('test.params', 'param', 'LUBYFACTOR'), 123) | ParamSetting(('test.params', 'param', 'CLEANING'), 'LBD2') | ParamSetting(('test.params', 'param', 'VARDECAY'), 0.6173021831480162)"
2024-07-18 14:11:27,339	[DEBUG]	EXEC>  SUCCESS 14960543105.2
2024-07-18 14:11:27,339	[INFO]	57      SUCCESS              *14960543105.200001 (99.14%) [3 edit(s)]  
2024-07-18 14:11:27,339	[DEBUG]	patch(57)="ParamSetting(('test.params', 'param', 'LUBYFACTOR'), 123) | ParamSetting(('test.params', 'param', 'CLEANING'), 'LBD2') | ParamSetting(('test.params', 'param', 'CONFLICTBOUNDINCFACTOR'), 1.737100036424909)"
--- before: test.params
+++ after: test.params
@@ -1,10 +1,10 @@
 RESTARTS := 'Glucose21Restarts'
-LUBYFACTOR := 512
+LUBYFACTOR := 123
 FIXEDPERIOD := 100
 PHASE := 'RSATPhaseSelectionStrategy'
 CLADECAY := 0.999
 INITCONFLICTBOUND := 100
 VARDECAY := 0.95
-CONFLICTBOUNDINCFACTOR := 2.0
+CONFLICTBOUNDINCFACTOR := 1.737100036424909
 SIMP := 'EXPENSIVE_SIMPLIFICATION'
 CLEANING := 'LBD2'

2024-07-18 14:12:20,538	[DEBUG]	EXEC>  SUCCESS 15175940884.4
2024-07-18 14:12:20,539	[INFO]	58      SUCCESS               15175940884.400000 (100.57%) [2 edit(s)]  
2024-07-18 14:12:20,539	[DEBUG]	patch(58)="ParamSetting(('test.params', 'param', 'CLEANING'), 'LBD2') | ParamSetting(('test.params', 'param', 'CONFLICTBOUNDINCFACTOR'), 1.737100036424909)"
2024-07-18 14:13:13,360	[DEBUG]	EXEC>  SUCCESS 15297318608.0
2024-07-18 14:13:13,361	[INFO]	59      SUCCESS               15297318608.000000 (101.38%) [4 edit(s)]  
2024-07-18 14:13:13,361	[DEBUG]	patch(59)="ParamSetting(('test.params', 'param', 'LUBYFACTOR'), 123) | ParamSetting(('test.params', 'param', 'CLEANING'), 'LBD2') | ParamSetting(('test.params', 'param', 'CONFLICTBOUNDINCFACTOR'), 1.737100036424909) | ParamSetting(('test.params', 'param', 'CLADECAY'), 0.9443644510160785)"
2024-07-18 14:14:06,626	[DEBUG]	EXEC>  SUCCESS 15145471214.2
2024-07-18 14:14:06,626	[INFO]	60      SUCCESS               15145471214.200001 (100.37%) [4 edit(s)]  
2024-07-18 14:14:06,626	[DEBUG]	patch(60)="ParamSetting(('test.params', 'param', 'LUBYFACTOR'), 123) | ParamSetting(('test.params', 'param', 'CLEANING'), 'LBD2') | ParamSetting(('test.params', 'param', 'CONFLICTBOUNDINCFACTOR'), 1.737100036424909) | ParamSetting(('test.params', 'param', 'VARDECAY'), 0.23859984249244792)"
2024-07-18 14:14:06,627	[INFO]	~~~~ END ~~~~
2024-07-18 14:14:06,627	[INFO]	
2024-07-18 14:14:06,627	[INFO]	==== REPORT ====
2024-07-18 14:14:06,627	[INFO]	Termination: time budget
2024-07-18 14:14:06,627	[INFO]	Retries: 5
2024-07-18 14:14:06,627	[INFO]	Log file: /home/dbouras/magpie/_magpie_logs/sat4j_1721306448.log
2024-07-18 14:14:06,627	[INFO]	Patch file: _magpie_logs/sat4j_1721306448.patch
2024-07-18 14:14:06,627	[INFO]	Diff file: _magpie_logs/sat4j_1721306448.diff
2024-07-18 14:14:06,627	[INFO]	Reference fitness: 15089725834.400000
2024-07-18 14:14:06,628	[INFO]	Best fitness: 14960543105.200001
2024-07-18 14:14:06,628	[INFO]	
2024-07-18 14:14:06,628	[INFO]	==== BEST PATCH ====
ParamSetting(('test.params', 'param', 'LUBYFACTOR'), 123) | ParamSetting(('test.params', 'param', 'CLEANING'), 'LBD2') | ParamSetting(('test.params', 'param', 'CONFLICTBOUNDINCFACTOR'), 1.737100036424909)
2024-07-18 14:14:06,629	[INFO]	
2024-07-18 14:14:06,629	[INFO]	==== DIFF ====
[1m--- before: test.params[0m
[1m+++ after: test.params[0m
[36m@@ -1,10 +1,10 @@[0m
 RESTARTS := 'Glucose21Restarts'
[31m-LUBYFACTOR := 512[0m
[32m+LUBYFACTOR := 123[0m
 FIXEDPERIOD := 100
 PHASE := 'RSATPhaseSelectionStrategy'
 CLADECAY := 0.999
 INITCONFLICTBOUND := 100
 VARDECAY := 0.95
[31m-CONFLICTBOUNDINCFACTOR := 2.0[0m
[32m+CONFLICTBOUNDINCFACTOR := 1.737100036424909[0m
 SIMP := 'EXPENSIVE_SIMPLIFICATION'
 CLEANING := 'LBD2'

