2024-06-14 18:13:17,042	[DEBUG]	==== CONFIG ====
[magpie]
import = 
seed = 9231533653450546
log_dir = _magpie_logs
work_dir = _magpie_work
local_original_copy = True
local_original_name = __original__
output_encoding = ascii
edit_retries = 10
default_timeout = 30
default_lengthout = 1e6
diff_method = unified
trust_local_filesystem = True

[magpie.log]
color_output = True
format_info = {counter:<7} {status:<20} {best}{fitness} ({ratio}) [{size}] {cached} {log}
format_debug = patch({counter})="{patch}"{diffifbest}
format_fitness = {:.6f}
format_ratio = {:.2%%}
format_patchif = 
	 --> {patch}
format_diffif = 
	{diff}

[software]
path = examples/sat4j
target_files = test.params
software = BasicSoftware
model_rules = 
	*.params : ParamFileConfigModel
	*.xml : SrcmlModel
	* : LineModel
model_config = 
	*.params : [paramconfig]
	*.xml : [srcml]
init_cmd = 
init_timeout = 60
init_lengthout = -1
setup_cmd = ant sat
setup_timeout = 
setup_lengthout = 
compile_cmd = 
compile_timeout = 
compile_lengthout = 
test_cmd = bash test.sh
test_timeout = 
test_lengthout = 
run_cmd = bash run_fixed.sh
run_timeout = 
run_lengthout = 
retries = 3
batch_timeout = 
batch_lengthout = 
batch_bin_fitness_strategy = aggregate
batch_fitness_strategy = sum
fitness = time

[srcml]
rename = 
	stmt: break continue decl_stmt do expr_stmt for goto if return switch while
	number: literal_number
focus = block stmt operator_comp operator_arith number
internodes = block
process_pseudo_blocks = True
process_literals = True
process_operators = True

[paramconfig]
timing = test run
cli_prefix = --
cli_glue = =
cli_boolean = show
cli_boolean_prefix_true = 
cli_boolean_prefix_false = no-
cli_none = hide
silent_prefix = @
silent_suffix = $

[search]
protocol = BasicProtocol
algorithm = FirstImprovement
possible_edits = ParamSetting
warmup = 3
warmup_strategy = last
max_steps = 1000
max_time = 1000
target_fitness = 
cache_maxsize = 100
cache_keep = 0.2
batch_instances = 
batch_shuffle = True
batch_bin_shuffle = False
batch_sample_size = 1

[search.ls]
delete_prob = 0.5
max_neighbours = 
when_trapped = continue
accept_fail = False
tabu_length = 10

[search.gp]
pop_size = 10
delete_prob = 0.5
offspring_elitism = 0.1
offspring_crossover = 0.5
offspring_mutation = 0.4
uniform_rate = 0.5
batch_reset = True

[search.minify]
do_cleanup = True
do_rebuild = True
do_simplify = True
round_robin_limit = 3


2024-06-14 18:13:17,042	[DEBUG]	
2024-06-14 18:13:17,042	[INFO]	==== SEARCH: FirstImprovement ====
2024-06-14 18:13:17,042	[INFO]	~~~~ WARMUP ~~~~
2024-06-14 18:13:52,140	[DEBUG]	EXEC>  SUCCESS 7.4717
2024-06-14 18:13:52,140	[INFO]	WARM    SUCCESS               7.471700 (--) [0 edit(s)]  
2024-06-14 18:14:18,818	[DEBUG]	EXEC>  SUCCESS 7.3688
2024-06-14 18:14:18,818	[INFO]	WARM    SUCCESS               7.368800 (--) [0 edit(s)]  
2024-06-14 18:14:45,544	[DEBUG]	EXEC>  SUCCESS 7.3646
2024-06-14 18:14:45,545	[INFO]	WARM    SUCCESS               7.364600 (--) [0 edit(s)]  
2024-06-14 18:14:45,545	[INFO]	REF     SUCCESS               7.364600 (--) [0 edit(s)]  
2024-06-14 18:14:45,545	[INFO]	
2024-06-14 18:14:45,545	[INFO]	~~~~ START ~~~~
2024-06-14 18:15:12,655	[DEBUG]	EXEC>  SUCCESS 7.4738
2024-06-14 18:15:12,656	[INFO]	1       SUCCESS               7.473800 (101.48%) [1 edit(s)]  
2024-06-14 18:15:12,656	[DEBUG]	patch(1)="ParamSetting(('test.params', 'param', 'INITCONFLICTBOUND'), 41)"
2024-06-14 18:15:39,617	[DEBUG]	EXEC>  SUCCESS 7.4574
2024-06-14 18:15:39,617	[INFO]	2       SUCCESS               7.457400 (101.26%) [1 edit(s)]  
2024-06-14 18:15:39,618	[DEBUG]	patch(2)="ParamSetting(('test.params', 'param', 'RESTARTS'), 'NoRestarts')"
2024-06-14 18:16:06,758	[DEBUG]	EXEC>  SUCCESS 7.4754
2024-06-14 18:16:06,758	[INFO]	3       SUCCESS               7.475400 (101.50%) [1 edit(s)]  
2024-06-14 18:16:06,758	[DEBUG]	patch(3)="ParamSetting(('test.params', 'param', 'CONFLICTBOUNDINCFACTOR'), 3.9011058801865057)"
2024-06-14 18:16:33,619	[DEBUG]	EXEC>  SUCCESS 7.4223
2024-06-14 18:16:33,620	[INFO]	4       SUCCESS               7.422300 (100.78%) [1 edit(s)]  
2024-06-14 18:16:33,620	[DEBUG]	patch(4)="ParamSetting(('test.params', 'param', 'SIMP'), 'NO_SIMPLIFICATION')"
2024-06-14 18:17:00,732	[DEBUG]	EXEC>  SUCCESS 7.456
2024-06-14 18:17:00,733	[INFO]	5       SUCCESS               7.456000 (101.24%) [1 edit(s)]  
2024-06-14 18:17:00,733	[DEBUG]	patch(5)="ParamSetting(('test.params', 'param', 'INITCONFLICTBOUND'), 28)"
2024-06-14 18:17:27,705	[DEBUG]	EXEC>  SUCCESS 7.463
2024-06-14 18:17:27,705	[INFO]	6       SUCCESS               7.463000 (101.34%) [1 edit(s)]  
2024-06-14 18:17:27,705	[DEBUG]	patch(6)="ParamSetting(('test.params', 'param', 'LUBYFACTOR'), 28)"
2024-06-14 18:17:54,644	[DEBUG]	EXEC>  SUCCESS 7.4416
2024-06-14 18:17:54,644	[INFO]	7       SUCCESS               7.441600 (101.05%) [1 edit(s)]  
2024-06-14 18:17:54,644	[DEBUG]	patch(7)="ParamSetting(('test.params', 'param', 'INITCONFLICTBOUND'), 155)"
2024-06-14 18:18:21,686	[DEBUG]	EXEC>  SUCCESS 7.4345
2024-06-14 18:18:21,687	[INFO]	8       SUCCESS               7.434500 (100.95%) [1 edit(s)]  
2024-06-14 18:18:21,687	[DEBUG]	patch(8)="ParamSetting(('test.params', 'param', 'FIXEDPERIOD'), 23331)"
2024-06-14 18:18:48,947	[DEBUG]	EXEC>  SUCCESS 7.5406
2024-06-14 18:18:48,947	[INFO]	9       SUCCESS               7.540600 (102.39%) [1 edit(s)]  
2024-06-14 18:18:48,947	[DEBUG]	patch(9)="ParamSetting(('test.params', 'param', 'CONFLICTBOUNDINCFACTOR'), 3.701336958060524)"
2024-06-14 18:19:16,148	[DEBUG]	EXEC>  SUCCESS 7.527
2024-06-14 18:19:16,148	[INFO]	10      SUCCESS               7.527000 (102.21%) [1 edit(s)]  
2024-06-14 18:19:16,148	[DEBUG]	patch(10)="ParamSetting(('test.params', 'param', 'VARDECAY'), 0.04091371596672322)"
2024-06-14 18:19:43,364	[DEBUG]	EXEC>  SUCCESS 7.5016
2024-06-14 18:19:43,364	[INFO]	11      SUCCESS               7.501600 (101.86%) [1 edit(s)]  
2024-06-14 18:19:43,364	[DEBUG]	patch(11)="ParamSetting(('test.params', 'param', 'VARDECAY'), 0.4835666513834438)"
2024-06-14 18:20:10,397	[DEBUG]	EXEC>  SUCCESS 7.4373
2024-06-14 18:20:10,397	[INFO]	12      SUCCESS               7.437300 (100.99%) [1 edit(s)]  
2024-06-14 18:20:10,397	[DEBUG]	patch(12)="ParamSetting(('test.params', 'param', 'VARDECAY'), 0.1348765902065242)"
2024-06-14 18:20:37,499	[DEBUG]	EXEC>  SUCCESS 7.4907
2024-06-14 18:20:37,499	[INFO]	13      SUCCESS               7.490700 (101.71%) [1 edit(s)]  
2024-06-14 18:20:37,499	[DEBUG]	patch(13)="ParamSetting(('test.params', 'param', 'INITCONFLICTBOUND'), 74)"
2024-06-14 18:21:04,618	[DEBUG]	EXEC>  SUCCESS 7.5001
2024-06-14 18:21:04,618	[INFO]	14      SUCCESS               7.500100 (101.84%) [1 edit(s)]  
2024-06-14 18:21:04,618	[DEBUG]	patch(14)="ParamSetting(('test.params', 'param', 'CLEANING'), 'LBD')"
2024-06-14 18:21:31,778	[DEBUG]	EXEC>  SUCCESS 7.4696
2024-06-14 18:21:31,778	[INFO]	15      SUCCESS               7.469600 (101.43%) [1 edit(s)]  
2024-06-14 18:21:31,778	[DEBUG]	patch(15)="ParamSetting(('test.params', 'param', 'CONFLICTBOUNDINCFACTOR'), 3.84595259638522)"
2024-06-14 18:21:58,957	[DEBUG]	EXEC>  SUCCESS 7.5214
2024-06-14 18:21:58,958	[INFO]	16      SUCCESS               7.521400 (102.13%) [1 edit(s)]  
2024-06-14 18:21:58,958	[DEBUG]	patch(16)="ParamSetting(('test.params', 'param', 'RESTARTS'), 'ArminRestarts')"
2024-06-14 18:22:25,772	[DEBUG]	EXEC>  SUCCESS 7.4096
2024-06-14 18:22:25,772	[INFO]	17      SUCCESS               7.409600 (100.61%) [1 edit(s)]  
2024-06-14 18:22:25,772	[DEBUG]	patch(17)="ParamSetting(('test.params', 'param', 'INITCONFLICTBOUND'), 135)"
2024-06-14 18:22:52,620	[DEBUG]	EXEC>  SUCCESS 7.4022
2024-06-14 18:22:52,620	[INFO]	18      SUCCESS               7.402200 (100.51%) [1 edit(s)]  
2024-06-14 18:22:52,620	[DEBUG]	patch(18)="ParamSetting(('test.params', 'param', 'RESTARTS'), 'LubyRestarts')"
2024-06-14 18:22:52,621	[INFO]	19      SUCCESS              +7.364600 (100.00%) [1 edit(s)] [cached] 
2024-06-14 18:22:52,622	[DEBUG]	patch(19)="ParamSetting(('test.params', 'param', 'CLEANING'), 'LBD2')"
2024-06-14 18:23:19,503	[DEBUG]	EXEC>  SUCCESS 7.4005
2024-06-14 18:23:19,503	[INFO]	20      SUCCESS               7.400500 (100.49%) [2 edit(s)]  
2024-06-14 18:23:19,503	[DEBUG]	patch(20)="ParamSetting(('test.params', 'param', 'CLEANING'), 'LBD2') | ParamSetting(('test.params', 'param', 'FIXEDPERIOD'), 18321)"
2024-06-14 18:23:46,731	[DEBUG]	EXEC>  SUCCESS 7.491
2024-06-14 18:23:46,731	[INFO]	21      SUCCESS               7.491000 (101.72%) [2 edit(s)]  
2024-06-14 18:23:46,731	[DEBUG]	patch(21)="ParamSetting(('test.params', 'param', 'CLEANING'), 'LBD2') | ParamSetting(('test.params', 'param', 'SIMP'), 'SIMPLE_SIMPLIFICATION')"
2024-06-14 18:23:46,732	[INFO]	22      SUCCESS              +7.364600 (100.00%) [0 edit(s)] [cached] 
2024-06-14 18:23:46,733	[DEBUG]	patch(22)=""
2024-06-14 18:24:13,875	[DEBUG]	EXEC>  SUCCESS 7.4894
2024-06-14 18:24:13,875	[INFO]	23      SUCCESS               7.489400 (101.69%) [1 edit(s)]  
2024-06-14 18:24:13,875	[DEBUG]	patch(23)="ParamSetting(('test.params', 'param', 'INITCONFLICTBOUND'), 140)"
2024-06-14 18:24:41,087	[DEBUG]	EXEC>  SUCCESS 7.5046
2024-06-14 18:24:41,087	[INFO]	24      SUCCESS               7.504600 (101.90%) [1 edit(s)]  
2024-06-14 18:24:41,087	[DEBUG]	patch(24)="ParamSetting(('test.params', 'param', 'CONFLICTBOUNDINCFACTOR'), 1.6597731414297914)"
2024-06-14 18:24:41,088	[INFO]	25      SUCCESS               7.491000 (101.72%) [1 edit(s)] [cached] 
2024-06-14 18:24:41,088	[DEBUG]	patch(25)="ParamSetting(('test.params', 'param', 'SIMP'), 'SIMPLE_SIMPLIFICATION')"
2024-06-14 18:25:07,832	[DEBUG]	EXEC>  SUCCESS 7.3629
2024-06-14 18:25:07,832	[INFO]	26      SUCCESS              *7.362900 (99.98%) [1 edit(s)]  
2024-06-14 18:25:07,832	[DEBUG]	patch(26)="ParamSetting(('test.params', 'param', 'LUBYFACTOR'), 133)"
--- before: test.params
+++ after: test.params
@@ -1,5 +1,5 @@
 RESTARTS := 'Glucose21Restarts'
-LUBYFACTOR := 512
+LUBYFACTOR := 133
 FIXEDPERIOD := 100
 PHASE := 'RSATPhaseSelectionStrategy'
 CLADECAY := 0.999

2024-06-14 18:25:07,832	[INFO]	27      SUCCESS               7.364600 (100.00%) [0 edit(s)] [cached] 
2024-06-14 18:25:07,832	[DEBUG]	patch(27)=""
2024-06-14 18:25:35,042	[DEBUG]	EXEC>  SUCCESS 7.5198
2024-06-14 18:25:35,042	[INFO]	28      SUCCESS               7.519800 (102.11%) [2 edit(s)]  
2024-06-14 18:25:35,042	[DEBUG]	patch(28)="ParamSetting(('test.params', 'param', 'LUBYFACTOR'), 133) | ParamSetting(('test.params', 'param', 'FIXEDPERIOD'), 23685)"
2024-06-14 18:26:02,089	[DEBUG]	EXEC>  SUCCESS 7.5075
2024-06-14 18:26:02,089	[INFO]	29      SUCCESS               7.507500 (101.94%) [2 edit(s)]  
2024-06-14 18:26:02,089	[DEBUG]	patch(29)="ParamSetting(('test.params', 'param', 'LUBYFACTOR'), 133) | ParamSetting(('test.params', 'param', 'VARDECAY'), 0.457756250632652)"
2024-06-14 18:26:29,211	[DEBUG]	EXEC>  SUCCESS 7.4589
2024-06-14 18:26:29,211	[INFO]	30      SUCCESS               7.458900 (101.28%) [2 edit(s)]  
2024-06-14 18:26:29,211	[DEBUG]	patch(30)="ParamSetting(('test.params', 'param', 'LUBYFACTOR'), 133) | ParamSetting(('test.params', 'param', 'PHASE'), 'NegativeLiteralSelectionStrategy')"
2024-06-14 18:26:56,439	[DEBUG]	EXEC>  SUCCESS 7.5209
2024-06-14 18:26:56,439	[INFO]	31      SUCCESS               7.520900 (102.12%) [2 edit(s)]  
2024-06-14 18:26:56,439	[DEBUG]	patch(31)="ParamSetting(('test.params', 'param', 'LUBYFACTOR'), 133) | ParamSetting(('test.params', 'param', 'INITCONFLICTBOUND'), 70)"
2024-06-14 18:27:23,607	[DEBUG]	EXEC>  SUCCESS 7.5036
2024-06-14 18:27:23,608	[INFO]	32      SUCCESS               7.503600 (101.89%) [2 edit(s)]  
2024-06-14 18:27:23,608	[DEBUG]	patch(32)="ParamSetting(('test.params', 'param', 'LUBYFACTOR'), 133) | ParamSetting(('test.params', 'param', 'FIXEDPERIOD'), 16330)"
2024-06-14 18:27:50,775	[DEBUG]	EXEC>  SUCCESS 7.5262
2024-06-14 18:27:50,775	[INFO]	33      SUCCESS               7.526200 (102.19%) [2 edit(s)]  
2024-06-14 18:27:50,775	[DEBUG]	patch(33)="ParamSetting(('test.params', 'param', 'LUBYFACTOR'), 133) | ParamSetting(('test.params', 'param', 'VARDECAY'), 0.04607969059114325)"
2024-06-14 18:28:17,887	[DEBUG]	EXEC>  SUCCESS 7.528
2024-06-14 18:28:17,887	[INFO]	34      SUCCESS               7.528000 (102.22%) [2 edit(s)]  
2024-06-14 18:28:17,887	[DEBUG]	patch(34)="ParamSetting(('test.params', 'param', 'LUBYFACTOR'), 133) | ParamSetting(('test.params', 'param', 'LUBYFACTOR'), 232)"
2024-06-14 18:28:45,071	[DEBUG]	EXEC>  SUCCESS 7.4908
2024-06-14 18:28:45,071	[INFO]	35      SUCCESS               7.490800 (101.71%) [2 edit(s)]  
2024-06-14 18:28:45,071	[DEBUG]	patch(35)="ParamSetting(('test.params', 'param', 'LUBYFACTOR'), 133) | ParamSetting(('test.params', 'param', 'VARDECAY'), 0.8130903327256953)"
2024-06-14 18:29:12,067	[DEBUG]	EXEC>  SUCCESS 7.4529
2024-06-14 18:29:12,067	[INFO]	36      SUCCESS               7.452900 (101.20%) [2 edit(s)]  
2024-06-14 18:29:12,067	[DEBUG]	patch(36)="ParamSetting(('test.params', 'param', 'LUBYFACTOR'), 133) | ParamSetting(('test.params', 'param', 'LUBYFACTOR'), 430)"
2024-06-14 18:29:38,949	[DEBUG]	EXEC>  SUCCESS 7.415
2024-06-14 18:29:38,949	[INFO]	37      SUCCESS               7.415000 (100.68%) [2 edit(s)]  
2024-06-14 18:29:38,949	[DEBUG]	patch(37)="ParamSetting(('test.params', 'param', 'LUBYFACTOR'), 133) | ParamSetting(('test.params', 'param', 'CLEANING'), 'ACTIVITY')"
2024-06-14 18:30:06,065	[DEBUG]	EXEC>  SUCCESS 7.4771
2024-06-14 18:30:06,065	[INFO]	38      SUCCESS               7.477100 (101.53%) [2 edit(s)]  
2024-06-14 18:30:06,066	[DEBUG]	patch(38)="ParamSetting(('test.params', 'param', 'LUBYFACTOR'), 133) | ParamSetting(('test.params', 'param', 'CONFLICTBOUNDINCFACTOR'), 2.885056276821854)"
2024-06-14 18:30:32,991	[DEBUG]	EXEC>  SUCCESS 7.4146
2024-06-14 18:30:32,991	[INFO]	39      SUCCESS               7.414600 (100.68%) [2 edit(s)]  
2024-06-14 18:30:32,991	[DEBUG]	patch(39)="ParamSetting(('test.params', 'param', 'LUBYFACTOR'), 133) | ParamSetting(('test.params', 'param', 'CLADECAY'), 0.0707532742013588)"
2024-06-14 18:30:32,993	[INFO]	40      SUCCESS              +7.362900 (99.98%) [2 edit(s)] [cached] 
2024-06-14 18:30:32,993	[DEBUG]	patch(40)="ParamSetting(('test.params', 'param', 'LUBYFACTOR'), 133) | ParamSetting(('test.params', 'param', 'CLEANING'), 'LBD2')"
2024-06-14 18:31:00,011	[DEBUG]	EXEC>  SUCCESS 7.456
2024-06-14 18:31:00,011	[INFO]	41      SUCCESS               7.456000 (101.24%) [3 edit(s)]  
2024-06-14 18:31:00,012	[DEBUG]	patch(41)="ParamSetting(('test.params', 'param', 'LUBYFACTOR'), 133) | ParamSetting(('test.params', 'param', 'CLEANING'), 'LBD2') | ParamSetting(('test.params', 'param', 'LUBYFACTOR'), 259)"
2024-06-14 18:31:00,013	[INFO]	42      SUCCESS              +7.362900 (99.98%) [1 edit(s)] [cached] 
2024-06-14 18:31:00,013	[DEBUG]	patch(42)="ParamSetting(('test.params', 'param', 'LUBYFACTOR'), 133)"
2024-06-14 18:31:00,013	[INFO]	43      SUCCESS               7.364600 (100.00%) [0 edit(s)] [cached] 
2024-06-14 18:31:00,013	[DEBUG]	patch(43)=""
2024-06-14 18:31:27,131	[DEBUG]	EXEC>  SUCCESS 7.4879
2024-06-14 18:31:27,131	[INFO]	44      SUCCESS               7.487900 (101.67%) [2 edit(s)]  
2024-06-14 18:31:27,131	[DEBUG]	patch(44)="ParamSetting(('test.params', 'param', 'LUBYFACTOR'), 133) | ParamSetting(('test.params', 'param', 'CONFLICTBOUNDINCFACTOR'), 3.492870763099132)"
2024-06-14 18:31:27,132	[INFO]	~~~~ END ~~~~
2024-06-14 18:31:27,132	[INFO]	
2024-06-14 18:31:27,132	[INFO]	==== REPORT ====
2024-06-14 18:31:27,132	[INFO]	Termination: time budget
2024-06-14 18:31:27,132	[INFO]	Retries: 3
2024-06-14 18:31:27,132	[INFO]	Log file: /home/jim/magpie/_magpie_logs/sat4j_1718385196.log
2024-06-14 18:31:27,132	[INFO]	Patch file: _magpie_logs/sat4j_1718385196.patch
2024-06-14 18:31:27,133	[INFO]	Diff file: _magpie_logs/sat4j_1718385196.diff
2024-06-14 18:31:27,133	[INFO]	Reference fitness: 7.364600
2024-06-14 18:31:27,133	[INFO]	Best fitness: 7.362900
2024-06-14 18:31:27,133	[INFO]	
2024-06-14 18:31:27,134	[INFO]	==== BEST PATCH ====
ParamSetting(('test.params', 'param', 'LUBYFACTOR'), 133)
2024-06-14 18:31:27,134	[INFO]	
2024-06-14 18:31:27,134	[INFO]	==== DIFF ====
[1m--- before: test.params[0m
[1m+++ after: test.params[0m
[36m@@ -1,5 +1,5 @@[0m
 RESTARTS := 'Glucose21Restarts'
[31m-LUBYFACTOR := 512[0m
[32m+LUBYFACTOR := 133[0m
 FIXEDPERIOD := 100
 PHASE := 'RSATPhaseSelectionStrategy'
 CLADECAY := 0.999

