2024-08-20 15:46:14,465	[DEBUG]	==== CONFIG ====
[magpie]
import = 
seed = 45
log_dir = _magpie_logs
work_dir = _magpie_work
local_original_copy = True
local_original_name = __original__
output_encoding = ascii
edit_retries = 10
default_timeout = 30
default_lengthout = 1e6
diff_method = unified
trust_local_filesystem = True

[magpie.log]
color_output = True
format_info = {counter:<7} {status:<20} {best}{fitness} ({ratio}) [{size}] {cached} {log}
format_debug = patch({counter})="{patch}"{diffifbest}
format_fitness = {:.6f}
format_ratio = {:.2%%}
format_patchif = 
	 --> {patch}
format_diffif = 
	{diff}

[software]
path = examples/zlib
target_files = zlib.params
software = BasicSoftware
model_rules = 
	*.params : ParamFileConfigModel
	*.xml : SrcmlModel
	* : LineModel
model_config = 
	*.params : [paramconfig]
	*.xml : [srcml]
init_cmd = 
init_timeout = 60
init_lengthout = -1
setup_cmd = 
setup_timeout = 
setup_lengthout = 
compile_cmd = 
compile_timeout = 
compile_lengthout = 
test_cmd = bash test.sh
test_timeout = 
test_lengthout = 
run_cmd = ./run_custom.sh "bash run_fixed.sh"
run_timeout = 
run_lengthout = 
retries = 4
batch_timeout = 
batch_lengthout = 
batch_bin_fitness_strategy = aggregate
batch_fitness_strategy = sum
fitness = weights

[srcml]
rename = 
	stmt: break continue decl_stmt do expr_stmt for goto if return switch while
	number: literal_number
focus = block stmt operator_comp operator_arith number
internodes = block
process_pseudo_blocks = True
process_literals = True
process_operators = True

[paramconfig]
timing = test run
cli_prefix = --
cli_glue = =
cli_boolean = show
cli_boolean_prefix_true = 
cli_boolean_prefix_false = no-
cli_none = hide
silent_prefix = @
silent_suffix = $

[search]
protocol = BasicProtocol
algorithm = GeneticProgrammingUniformConcat
possible_edits = ParamSetting
warmup = 3
warmup_strategy = last
max_steps = 1000
max_time = 2200
target_fitness = 
cache_maxsize = 100
cache_keep = 0.2
batch_instances = 
batch_shuffle = True
batch_bin_shuffle = False
batch_sample_size = 1

[search.ls]
delete_prob = 0.5
max_neighbours = 
when_trapped = continue
accept_fail = False
tabu_length = 10

[search.gp]
pop_size = 10
delete_prob = 0.5
offspring_elitism = 0.1
offspring_crossover = 0.5
offspring_mutation = 0.4
uniform_rate = 0.5
batch_reset = True

[search.minify]
do_cleanup = True
do_rebuild = True
do_simplify = True
round_robin_limit = 3


2024-08-20 15:46:14,465	[DEBUG]	
2024-08-20 15:46:14,466	[INFO]	==== SEARCH: GeneticProgrammingUniformConcat ====
2024-08-20 15:46:14,466	[INFO]	~~~~ WARMUP ~~~~
2024-08-20 15:47:18,497	[DEBUG]	EXEC>  SUCCESS 627697316.762
2024-08-20 15:47:18,498	[INFO]	WARM    SUCCESS               627697316.762000 (--) [0 edit(s)]  
2024-08-20 15:48:20,014	[DEBUG]	EXEC>  SUCCESS 601617455.8564999
2024-08-20 15:48:20,014	[INFO]	WARM    SUCCESS               601617455.856500 (--) [0 edit(s)]  
2024-08-20 15:49:20,444	[DEBUG]	EXEC>  SUCCESS 574345035.73
2024-08-20 15:49:20,445	[INFO]	WARM    SUCCESS               574345035.730000 (--) [0 edit(s)]  
2024-08-20 15:49:20,445	[INFO]	REF     SUCCESS               574345035.730000 (--) [0 edit(s)]  
2024-08-20 15:49:20,445	[INFO]	
2024-08-20 15:49:20,445	[INFO]	~~~~ START ~~~~
2024-08-20 15:50:00,060	[DEBUG]	EXEC>  SUCCESS 699185088.5145
2024-08-20 15:50:00,060	[INFO]	0-1     SUCCESS              +699185088.514500 (121.74%) [1 edit(s)]  
2024-08-20 15:50:00,060	[DEBUG]	patch(0-1)="ParamSetting(('zlib.params', 'param', 'strategy'), 2)"
2024-08-20 15:54:11,788	[DEBUG]	EXEC>  CODE_ERROR None
2024-08-20 15:54:11,788	[INFO]	0-2     RUN_CODE_ERROR        None (--) [1 edit(s)]  
2024-08-20 15:54:11,788	[DEBUG]	patch(0-2)="ParamSetting(('zlib.params', 'param', 'memLevel'), 1)"
2024-08-20 15:55:07,029	[DEBUG]	EXEC>  SUCCESS 532402232.18525004
2024-08-20 15:55:07,029	[INFO]	0-3     SUCCESS              *532402232.185250 (92.70%) [1 edit(s)]  
2024-08-20 15:55:07,029	[DEBUG]	patch(0-3)="ParamSetting(('zlib.params', 'param', 'level'), 2)"
--- before: zlib.params
+++ after: zlib.params
@@ -1,4 +1,4 @@
-level := 6
+level := 2
 wbits := '15'
 memLevel := 8
 strategy := 0

2024-08-20 15:59:16,251	[DEBUG]	EXEC>  CODE_ERROR None
2024-08-20 15:59:16,251	[INFO]	0-4     RUN_CODE_ERROR        None (--) [1 edit(s)]  
2024-08-20 15:59:16,251	[DEBUG]	patch(0-4)="ParamSetting(('zlib.params', 'param', 'memLevel'), 3)"
2024-08-20 16:00:16,567	[DEBUG]	EXEC>  SUCCESS 585555928.8809999
2024-08-20 16:00:16,567	[INFO]	0-5     SUCCESS               585555928.881000 (101.95%) [1 edit(s)]  
2024-08-20 16:00:16,567	[DEBUG]	patch(0-5)="ParamSetting(('zlib.params', 'param', 'level'), 7)"
2024-08-20 16:01:12,974	[DEBUG]	EXEC>  SUCCESS 537566294.6082499
2024-08-20 16:01:12,974	[INFO]	0-6     SUCCESS               537566294.608250 (93.60%) [1 edit(s)]  
2024-08-20 16:01:12,974	[DEBUG]	patch(0-6)="ParamSetting(('zlib.params', 'param', 'level'), 3)"
2024-08-20 16:02:43,921	[DEBUG]	EXEC>  SUCCESS 675952825.5075
2024-08-20 16:02:43,921	[INFO]	0-7     SUCCESS               675952825.507500 (117.69%) [1 edit(s)]  
2024-08-20 16:02:43,921	[DEBUG]	patch(0-7)="ParamSetting(('zlib.params', 'param', 'memLevel'), 6)"
2024-08-20 16:03:40,334	[DEBUG]	EXEC>  SUCCESS 594427592.0307499
2024-08-20 16:03:40,334	[INFO]	0-8     SUCCESS               594427592.030750 (103.50%) [1 edit(s)]  
2024-08-20 16:03:40,334	[DEBUG]	patch(0-8)="ParamSetting(('zlib.params', 'param', 'level'), 1)"
2024-08-20 16:04:39,878	[DEBUG]	EXEC>  SUCCESS 527785305.49075
2024-08-20 16:04:39,878	[INFO]	0-9     SUCCESS              *527785305.490750 (91.89%) [1 edit(s)]  
2024-08-20 16:04:39,878	[DEBUG]	patch(0-9)="ParamSetting(('zlib.params', 'param', 'strategy'), 4)"
--- before: zlib.params
+++ after: zlib.params
@@ -1,4 +1,4 @@
 level := 6
 wbits := '15'
 memLevel := 8
-strategy := 0
+strategy := 4

2024-08-20 16:05:38,981	[DEBUG]	EXEC>  SUCCESS 467988220.03150004
2024-08-20 16:05:38,981	[INFO]	0-10    SUCCESS              *467988220.031500 (81.48%) [1 edit(s)]  
2024-08-20 16:05:38,981	[DEBUG]	patch(0-10)="ParamSetting(('zlib.params', 'param', 'wbits'), '27')"
--- before: zlib.params
+++ after: zlib.params
@@ -1,4 +1,4 @@
 level := 6
-wbits := '15'
+wbits := '27'
 memLevel := 8
 strategy := 0

2024-08-20 16:05:38,982	[INFO]	REF     SUCCESS               574345035.730000 (--) [0 edit(s)] [cached] 
2024-08-20 16:05:38,983	[INFO]	BEST    SUCCESS              *467988220.031500 (81.48%) [0 edit(s)] [cached] 
2024-08-20 16:05:38,985	[INFO]	1-1     SUCCESS              +467988220.031500 (81.48%) [1 edit(s)] [cached] 
2024-08-20 16:05:38,985	[DEBUG]	patch(1-1)="ParamSetting(('zlib.params', 'param', 'wbits'), '27')"
2024-08-20 16:05:38,986	[INFO]	1-2     SUCCESS               467988220.031500 (81.48%) [1 edit(s)] [cached] 
2024-08-20 16:05:38,986	[DEBUG]	patch(1-2)="ParamSetting(('zlib.params', 'param', 'wbits'), '27')"
2024-08-20 16:05:38,987	[INFO]	1-3     SUCCESS               537566294.608250 (93.60%) [1 edit(s)] [cached] 
2024-08-20 16:05:38,987	[DEBUG]	patch(1-3)="ParamSetting(('zlib.params', 'param', 'level'), 3)"
2024-08-20 16:05:38,988	[INFO]	1-4     SUCCESS               532402232.185250 (92.70%) [1 edit(s)] [cached] 
2024-08-20 16:05:38,988	[DEBUG]	patch(1-4)="ParamSetting(('zlib.params', 'param', 'level'), 2)"
2024-08-20 16:06:42,131	[DEBUG]	EXEC>  SUCCESS 677344869.8182501
2024-08-20 16:06:42,131	[INFO]	1-5     SUCCESS               677344869.818250 (117.93%) [2 edit(s)]  
2024-08-20 16:06:42,131	[DEBUG]	patch(1-5)="ParamSetting(('zlib.params', 'param', 'level'), 3) | ParamSetting(('zlib.params', 'param', 'wbits'), '27')"
2024-08-20 16:06:42,131	[INFO]	1-6     SUCCESS               585555928.881000 (101.95%) [1 edit(s)] [cached] 
2024-08-20 16:06:42,132	[DEBUG]	patch(1-6)="ParamSetting(('zlib.params', 'param', 'level'), 7)"
2024-08-20 16:07:48,484	[DEBUG]	EXEC>  SUCCESS 660245184.2785001
2024-08-20 16:07:48,484	[INFO]	1-7     SUCCESS               660245184.278500 (114.96%) [2 edit(s)]  
2024-08-20 16:07:48,484	[DEBUG]	patch(1-7)="ParamSetting(('zlib.params', 'param', 'wbits'), '27') | ParamSetting(('zlib.params', 'param', 'memLevel'), 5)"
2024-08-20 16:07:48,485	[INFO]	1-8     SUCCESS               574345035.730000 (100.00%) [0 edit(s)] [cached] 
2024-08-20 16:07:48,485	[DEBUG]	patch(1-8)=""
2024-08-20 16:07:48,485	[INFO]	1-9     SUCCESS               574345035.730000 (100.00%) [0 edit(s)] [cached] 
2024-08-20 16:07:48,485	[DEBUG]	patch(1-9)=""
2024-08-20 16:07:48,486	[INFO]	1-10    SUCCESS               537566294.608250 (93.60%) [2 edit(s)] [cached] 
2024-08-20 16:07:48,486	[DEBUG]	patch(1-10)="ParamSetting(('zlib.params', 'param', 'level'), 3) | ParamSetting(('zlib.params', 'param', 'level'), 3)"
2024-08-20 16:07:48,486	[INFO]	REF     SUCCESS               574345035.730000 (--) [0 edit(s)] [cached] 
2024-08-20 16:07:48,487	[INFO]	BEST    SUCCESS              *467988220.031500 (81.48%) [0 edit(s)] [cached] 
2024-08-20 16:07:48,488	[INFO]	2-1     SUCCESS              +467988220.031500 (81.48%) [1 edit(s)] [cached] 
2024-08-20 16:07:48,488	[DEBUG]	patch(2-1)="ParamSetting(('zlib.params', 'param', 'wbits'), '27')"
2024-08-20 16:07:48,489	[INFO]	2-2     SUCCESS               467988220.031500 (81.48%) [1 edit(s)] [cached] 
2024-08-20 16:07:48,489	[DEBUG]	patch(2-2)="ParamSetting(('zlib.params', 'param', 'wbits'), '27')"
2024-08-20 16:07:48,489	[INFO]	2-3     SUCCESS               532402232.185250 (92.70%) [1 edit(s)] [cached] 
2024-08-20 16:07:48,489	[DEBUG]	patch(2-3)="ParamSetting(('zlib.params', 'param', 'level'), 2)"
2024-08-20 16:07:48,490	[INFO]	2-4     SUCCESS               532402232.185250 (92.70%) [2 edit(s)] [cached] 
2024-08-20 16:07:48,490	[DEBUG]	patch(2-4)="ParamSetting(('zlib.params', 'param', 'level'), 3) | ParamSetting(('zlib.params', 'param', 'level'), 2)"
2024-08-20 16:07:48,490	[INFO]	2-5     SUCCESS               677344869.818250 (117.93%) [2 edit(s)] [cached] 
2024-08-20 16:07:48,490	[DEBUG]	patch(2-5)="ParamSetting(('zlib.params', 'param', 'level'), 3) | ParamSetting(('zlib.params', 'param', 'wbits'), '27')"
2024-08-20 16:07:48,491	[INFO]	2-6     SUCCESS               467988220.031500 (81.48%) [1 edit(s)] [cached] 
2024-08-20 16:07:48,491	[DEBUG]	patch(2-6)="ParamSetting(('zlib.params', 'param', 'wbits'), '27')"
2024-08-20 16:08:48,520	[DEBUG]	EXEC>  SUCCESS 506787888.93025
2024-08-20 16:08:48,520	[INFO]	2-7     SUCCESS               506787888.930250 (88.24%) [2 edit(s)]  
2024-08-20 16:08:48,520	[DEBUG]	patch(2-7)="ParamSetting(('zlib.params', 'param', 'wbits'), '27') | ParamSetting(('zlib.params', 'param', 'memLevel'), 6)"
2024-08-20 16:08:48,521	[INFO]	2-8     SUCCESS               574345035.730000 (100.00%) [0 edit(s)] [cached] 
2024-08-20 16:08:48,521	[DEBUG]	patch(2-8)=""
2024-08-20 16:09:43,950	[DEBUG]	EXEC>  SUCCESS 540792821.1370001
2024-08-20 16:09:43,951	[INFO]	2-9     SUCCESS               540792821.137000 (94.16%) [2 edit(s)]  
2024-08-20 16:09:43,951	[DEBUG]	patch(2-9)="ParamSetting(('zlib.params', 'param', 'level'), 3) | ParamSetting(('zlib.params', 'param', 'strategy'), 4)"
2024-08-20 16:09:43,951	[INFO]	2-10    SUCCESS               537566294.608250 (93.60%) [1 edit(s)] [cached] 
2024-08-20 16:09:43,951	[DEBUG]	patch(2-10)="ParamSetting(('zlib.params', 'param', 'level'), 3)"
2024-08-20 16:09:43,952	[INFO]	REF     SUCCESS               574345035.730000 (--) [0 edit(s)] [cached] 
2024-08-20 16:09:43,952	[INFO]	BEST    SUCCESS              *467988220.031500 (81.48%) [0 edit(s)] [cached] 
2024-08-20 16:09:43,954	[INFO]	3-1     SUCCESS              +467988220.031500 (81.48%) [1 edit(s)] [cached] 
2024-08-20 16:09:43,954	[DEBUG]	patch(3-1)="ParamSetting(('zlib.params', 'param', 'wbits'), '27')"
2024-08-20 16:09:43,954	[INFO]	3-2     SUCCESS               467988220.031500 (81.48%) [2 edit(s)] [cached] 
2024-08-20 16:09:43,954	[DEBUG]	patch(3-2)="ParamSetting(('zlib.params', 'param', 'wbits'), '27') | ParamSetting(('zlib.params', 'param', 'wbits'), '27')"
2024-08-20 16:09:43,955	[INFO]	3-3     SUCCESS               506787888.930250 (88.24%) [2 edit(s)] [cached] 
2024-08-20 16:09:43,955	[DEBUG]	patch(3-3)="ParamSetting(('zlib.params', 'param', 'wbits'), '27') | ParamSetting(('zlib.params', 'param', 'memLevel'), 6)"
2024-08-20 16:09:43,955	[INFO]	3-4     SUCCESS               532402232.185250 (92.70%) [2 edit(s)] [cached] 
2024-08-20 16:09:43,955	[DEBUG]	patch(3-4)="ParamSetting(('zlib.params', 'param', 'level'), 3) | ParamSetting(('zlib.params', 'param', 'level'), 2)"
2024-08-20 16:09:43,956	[INFO]	3-5     SUCCESS               532402232.185250 (92.70%) [1 edit(s)] [cached] 
2024-08-20 16:09:43,956	[DEBUG]	patch(3-5)="ParamSetting(('zlib.params', 'param', 'level'), 2)"
2024-08-20 16:09:43,956	[INFO]	3-6     SUCCESS               537566294.608250 (93.60%) [1 edit(s)] [cached] 
2024-08-20 16:09:43,956	[DEBUG]	patch(3-6)="ParamSetting(('zlib.params', 'param', 'level'), 3)"
2024-08-20 16:09:43,957	[INFO]	3-7     SUCCESS               574345035.730000 (100.00%) [0 edit(s)] [cached] 
2024-08-20 16:09:43,957	[DEBUG]	patch(3-7)=""
2024-08-20 16:09:43,957	[INFO]	3-8     SUCCESS               675952825.507500 (117.69%) [1 edit(s)] [cached] 
2024-08-20 16:09:43,957	[DEBUG]	patch(3-8)="ParamSetting(('zlib.params', 'param', 'memLevel'), 6)"
2024-08-20 16:09:43,958	[INFO]	3-9     SUCCESS               537566294.608250 (93.60%) [1 edit(s)] [cached] 
2024-08-20 16:09:43,958	[DEBUG]	patch(3-9)="ParamSetting(('zlib.params', 'param', 'level'), 3)"
2024-08-20 16:10:43,430	[DEBUG]	EXEC>  SUCCESS 500235182.64075
2024-08-20 16:10:43,431	[INFO]	3-10    SUCCESS               500235182.640750 (87.10%) [2 edit(s)]  
2024-08-20 16:10:43,431	[DEBUG]	patch(3-10)="ParamSetting(('zlib.params', 'param', 'level'), 2) | ParamSetting(('zlib.params', 'param', 'level'), 9)"
2024-08-20 16:10:43,431	[INFO]	REF     SUCCESS               574345035.730000 (--) [0 edit(s)] [cached] 
2024-08-20 16:10:43,432	[INFO]	BEST    SUCCESS              *467988220.031500 (81.48%) [0 edit(s)] [cached] 
2024-08-20 16:10:43,433	[INFO]	4-1     SUCCESS              +467988220.031500 (81.48%) [1 edit(s)] [cached] 
2024-08-20 16:10:43,433	[DEBUG]	patch(4-1)="ParamSetting(('zlib.params', 'param', 'wbits'), '27')"
2024-08-20 16:11:45,850	[DEBUG]	EXEC>  SUCCESS 680193295.5522499
2024-08-20 16:11:45,851	[INFO]	4-2     SUCCESS               680193295.552250 (118.43%) [3 edit(s)]  
2024-08-20 16:11:45,851	[DEBUG]	patch(4-2)="ParamSetting(('zlib.params', 'param', 'wbits'), '27') | ParamSetting(('zlib.params', 'param', 'level'), 2) | ParamSetting(('zlib.params', 'param', 'level'), 9)"
2024-08-20 16:11:45,851	[INFO]	4-3     SUCCESS               680193295.552250 (118.43%) [3 edit(s)] [cached] 
2024-08-20 16:11:45,851	[DEBUG]	patch(4-3)="ParamSetting(('zlib.params', 'param', 'wbits'), '27') | ParamSetting(('zlib.params', 'param', 'level'), 2) | ParamSetting(('zlib.params', 'param', 'level'), 9)"
2024-08-20 16:11:45,852	[INFO]	4-4     SUCCESS               532402232.185250 (92.70%) [2 edit(s)] [cached] 
2024-08-20 16:11:45,852	[DEBUG]	patch(4-4)="ParamSetting(('zlib.params', 'param', 'level'), 2) | ParamSetting(('zlib.params', 'param', 'level'), 2)"
2024-08-20 16:11:45,852	[INFO]	4-5     SUCCESS               506787888.930250 (88.24%) [2 edit(s)] [cached] 
2024-08-20 16:11:45,853	[DEBUG]	patch(4-5)="ParamSetting(('zlib.params', 'param', 'memLevel'), 6) | ParamSetting(('zlib.params', 'param', 'wbits'), '27')"
2024-08-20 16:11:45,853	[INFO]	4-6     SUCCESS               537566294.608250 (93.60%) [2 edit(s)] [cached] 
2024-08-20 16:11:45,853	[DEBUG]	patch(4-6)="ParamSetting(('zlib.params', 'param', 'level'), 2) | ParamSetting(('zlib.params', 'param', 'level'), 3)"
2024-08-20 16:11:45,854	[INFO]	4-7     SUCCESS               574345035.730000 (100.00%) [0 edit(s)] [cached] 
2024-08-20 16:11:45,854	[DEBUG]	patch(4-7)=""
2024-08-20 16:11:45,854	[INFO]	4-8     SUCCESS               574345035.730000 (100.00%) [3 edit(s)] [cached] 
2024-08-20 16:11:45,854	[DEBUG]	patch(4-8)="ParamSetting(('zlib.params', 'param', 'wbits'), '27') | ParamSetting(('zlib.params', 'param', 'wbits'), '27') | ParamSetting(('zlib.params', 'param', 'wbits'), '15')"
2024-08-20 16:11:45,855	[INFO]	4-9     SUCCESS               680193295.552250 (118.43%) [3 edit(s)] [cached] 
2024-08-20 16:11:45,855	[DEBUG]	patch(4-9)="ParamSetting(('zlib.params', 'param', 'level'), 2) | ParamSetting(('zlib.params', 'param', 'level'), 9) | ParamSetting(('zlib.params', 'param', 'wbits'), '27')"
2024-08-20 16:12:45,475	[DEBUG]	EXEC>  SUCCESS 515874469.5825
2024-08-20 16:12:45,476	[INFO]	4-10    SUCCESS               515874469.582500 (89.82%) [3 edit(s)]  
2024-08-20 16:12:45,476	[DEBUG]	patch(4-10)="ParamSetting(('zlib.params', 'param', 'wbits'), '27') | ParamSetting(('zlib.params', 'param', 'memLevel'), 6) | ParamSetting(('zlib.params', 'param', 'level'), 9)"
2024-08-20 16:12:45,477	[INFO]	REF     SUCCESS               574345035.730000 (--) [0 edit(s)] [cached] 
2024-08-20 16:12:45,478	[INFO]	BEST    SUCCESS              *467988220.031500 (81.48%) [0 edit(s)] [cached] 
2024-08-20 16:12:45,481	[INFO]	5-1     SUCCESS              +467988220.031500 (81.48%) [1 edit(s)] [cached] 
2024-08-20 16:12:45,481	[DEBUG]	patch(5-1)="ParamSetting(('zlib.params', 'param', 'wbits'), '27')"
2024-08-20 16:12:45,482	[INFO]	5-2     SUCCESS               467988220.031500 (81.48%) [3 edit(s)] [cached] 
2024-08-20 16:12:45,482	[DEBUG]	patch(5-2)="ParamSetting(('zlib.params', 'param', 'wbits'), '27') | ParamSetting(('zlib.params', 'param', 'wbits'), '15') | ParamSetting(('zlib.params', 'param', 'wbits'), '27')"
2024-08-20 16:12:45,483	[INFO]	5-3     SUCCESS               675952825.507500 (117.69%) [4 edit(s)] [cached] 
2024-08-20 16:12:45,483	[DEBUG]	patch(5-3)="ParamSetting(('zlib.params', 'param', 'wbits'), '27') | ParamSetting(('zlib.params', 'param', 'wbits'), '27') | ParamSetting(('zlib.params', 'param', 'wbits'), '15') | ParamSetting(('zlib.params', 'param', 'memLevel'), 6)"
2024-08-20 16:12:45,483	[INFO]	5-4     SUCCESS               680193295.552250 (118.43%) [2 edit(s)] [cached] 
2024-08-20 16:12:45,483	[DEBUG]	patch(5-4)="ParamSetting(('zlib.params', 'param', 'wbits'), '27') | ParamSetting(('zlib.params', 'param', 'level'), 9)"
2024-08-20 16:12:45,484	[INFO]	5-5     SUCCESS               680193295.552250 (118.43%) [2 edit(s)] [cached] 
2024-08-20 16:12:45,484	[DEBUG]	patch(5-5)="ParamSetting(('zlib.params', 'param', 'level'), 9) | ParamSetting(('zlib.params', 'param', 'wbits'), '27')"
2024-08-20 16:12:45,484	[INFO]	5-6     SUCCESS               532402232.185250 (92.70%) [3 edit(s)] [cached] 
2024-08-20 16:12:45,484	[DEBUG]	patch(5-6)="ParamSetting(('zlib.params', 'param', 'level'), 2) | ParamSetting(('zlib.params', 'param', 'level'), 2) | ParamSetting(('zlib.params', 'param', 'level'), 2)"
2024-08-20 16:13:41,480	[DEBUG]	EXEC>  SUCCESS 521473912.80925
2024-08-20 16:13:41,480	[INFO]	5-7     SUCCESS               521473912.809250 (90.79%) [2 edit(s)]  
2024-08-20 16:13:41,480	[DEBUG]	patch(5-7)="ParamSetting(('zlib.params', 'param', 'wbits'), '27') | ParamSetting(('zlib.params', 'param', 'memLevel'), 7)"
2024-08-20 16:13:41,481	[INFO]	5-8     SUCCESS               467988220.031500 (81.48%) [1 edit(s)] [cached] 
2024-08-20 16:13:41,481	[DEBUG]	patch(5-8)="ParamSetting(('zlib.params', 'param', 'wbits'), '27')"
2024-08-20 16:14:50,243	[DEBUG]	EXEC>  SUCCESS 701951230.269
2024-08-20 16:14:50,243	[INFO]	5-9     SUCCESS               701951230.269000 (122.22%) [4 edit(s)]  
2024-08-20 16:14:50,243	[DEBUG]	patch(5-9)="ParamSetting(('zlib.params', 'param', 'wbits'), '27') | ParamSetting(('zlib.params', 'param', 'memLevel'), 6) | ParamSetting(('zlib.params', 'param', 'level'), 9) | ParamSetting(('zlib.params', 'param', 'memLevel'), 5)"
2024-08-20 16:16:58,304	[DEBUG]	EXEC>  SUCCESS 1116885020.83925
2024-08-20 16:16:58,304	[INFO]	5-10    SUCCESS               1116885020.839250 (194.46%) [3 edit(s)]  
2024-08-20 16:16:58,304	[DEBUG]	patch(5-10)="ParamSetting(('zlib.params', 'param', 'level'), 2) | ParamSetting(('zlib.params', 'param', 'level'), 2) | ParamSetting(('zlib.params', 'param', 'memLevel'), 3)"
2024-08-20 16:16:58,305	[INFO]	REF     SUCCESS               574345035.730000 (--) [0 edit(s)] [cached] 
2024-08-20 16:16:58,305	[INFO]	BEST    SUCCESS              *467988220.031500 (81.48%) [0 edit(s)] [cached] 
2024-08-20 16:16:58,307	[INFO]	6-1     SUCCESS              +467988220.031500 (81.48%) [1 edit(s)] [cached] 
2024-08-20 16:16:58,308	[DEBUG]	patch(6-1)="ParamSetting(('zlib.params', 'param', 'wbits'), '27')"
2024-08-20 16:16:58,308	[INFO]	6-2     SUCCESS               515874469.582500 (89.82%) [3 edit(s)] [cached] 
2024-08-20 16:16:58,308	[DEBUG]	patch(6-2)="ParamSetting(('zlib.params', 'param', 'wbits'), '27') | ParamSetting(('zlib.params', 'param', 'memLevel'), 6) | ParamSetting(('zlib.params', 'param', 'level'), 9)"
2024-08-20 16:16:58,309	[INFO]	6-3     SUCCESS               506787888.930250 (88.24%) [2 edit(s)] [cached] 
2024-08-20 16:16:58,309	[DEBUG]	patch(6-3)="ParamSetting(('zlib.params', 'param', 'memLevel'), 6) | ParamSetting(('zlib.params', 'param', 'wbits'), '27')"
2024-08-20 16:16:58,309	[INFO]	6-4     SUCCESS               675952825.507500 (117.69%) [4 edit(s)] [cached] 
2024-08-20 16:16:58,309	[DEBUG]	patch(6-4)="ParamSetting(('zlib.params', 'param', 'wbits'), '27') | ParamSetting(('zlib.params', 'param', 'wbits'), '27') | ParamSetting(('zlib.params', 'param', 'wbits'), '15') | ParamSetting(('zlib.params', 'param', 'memLevel'), 6)"
2024-08-20 16:18:04,008	[DEBUG]	EXEC>  SUCCESS 643628536.3939999
2024-08-20 16:18:04,009	[INFO]	6-5     SUCCESS               643628536.394000 (112.06%) [4 edit(s)]  
2024-08-20 16:18:04,009	[DEBUG]	patch(6-5)="ParamSetting(('zlib.params', 'param', 'level'), 2) | ParamSetting(('zlib.params', 'param', 'level'), 2) | ParamSetting(('zlib.params', 'param', 'level'), 2) | ParamSetting(('zlib.params', 'param', 'memLevel'), 7)"
2024-08-20 16:18:04,009	[INFO]	6-6     SUCCESS               574345035.730000 (100.00%) [3 edit(s)] [cached] 
2024-08-20 16:18:04,009	[DEBUG]	patch(6-6)="ParamSetting(('zlib.params', 'param', 'wbits'), '27') | ParamSetting(('zlib.params', 'param', 'wbits'), '27') | ParamSetting(('zlib.params', 'param', 'wbits'), '15')"
2024-08-20 16:18:04,010	[INFO]	6-7     SUCCESS               506787888.930250 (88.24%) [2 edit(s)] [cached] 
2024-08-20 16:18:04,010	[DEBUG]	patch(6-7)="ParamSetting(('zlib.params', 'param', 'wbits'), '27') | ParamSetting(('zlib.params', 'param', 'memLevel'), 6)"
2024-08-20 16:18:04,010	[INFO]	6-8     SUCCESS               467988220.031500 (81.48%) [2 edit(s)] [cached] 
2024-08-20 16:18:04,011	[DEBUG]	patch(6-8)="ParamSetting(('zlib.params', 'param', 'wbits'), '27') | ParamSetting(('zlib.params', 'param', 'wbits'), '27')"
2024-08-20 16:18:04,011	[INFO]	6-9     SUCCESS               521473912.809250 (90.79%) [3 edit(s)] [cached] 
2024-08-20 16:18:04,011	[DEBUG]	patch(6-9)="ParamSetting(('zlib.params', 'param', 'wbits'), '27') | ParamSetting(('zlib.params', 'param', 'memLevel'), 7) | ParamSetting(('zlib.params', 'param', 'wbits'), '27')"
2024-08-20 16:18:04,012	[INFO]	6-10    SUCCESS               532402232.185250 (92.70%) [4 edit(s)] [cached] 
2024-08-20 16:18:04,012	[DEBUG]	patch(6-10)="ParamSetting(('zlib.params', 'param', 'level'), 2) | ParamSetting(('zlib.params', 'param', 'level'), 2) | ParamSetting(('zlib.params', 'param', 'level'), 2) | ParamSetting(('zlib.params', 'param', 'wbits'), '15')"
2024-08-20 16:18:04,012	[INFO]	REF     SUCCESS               574345035.730000 (--) [0 edit(s)] [cached] 
2024-08-20 16:18:04,013	[INFO]	BEST    SUCCESS              *467988220.031500 (81.48%) [0 edit(s)] [cached] 
2024-08-20 16:18:04,015	[INFO]	7-1     SUCCESS              +467988220.031500 (81.48%) [1 edit(s)] [cached] 
2024-08-20 16:18:04,015	[DEBUG]	patch(7-1)="ParamSetting(('zlib.params', 'param', 'wbits'), '27')"
2024-08-20 16:18:04,016	[INFO]	7-2     SUCCESS               515874469.582500 (89.82%) [3 edit(s)] [cached] 
2024-08-20 16:18:04,016	[DEBUG]	patch(7-2)="ParamSetting(('zlib.params', 'param', 'wbits'), '27') | ParamSetting(('zlib.params', 'param', 'memLevel'), 6) | ParamSetting(('zlib.params', 'param', 'level'), 9)"
2024-08-20 16:18:04,017	[INFO]	7-3     SUCCESS               532402232.185250 (92.70%) [2 edit(s)] [cached] 
2024-08-20 16:18:04,017	[DEBUG]	patch(7-3)="ParamSetting(('zlib.params', 'param', 'level'), 2) | ParamSetting(('zlib.params', 'param', 'level'), 2)"
2024-08-20 16:18:04,017	[INFO]	7-4     SUCCESS               506787888.930250 (88.24%) [4 edit(s)] [cached] 
2024-08-20 16:18:04,017	[DEBUG]	patch(7-4)="ParamSetting(('zlib.params', 'param', 'memLevel'), 6) | ParamSetting(('zlib.params', 'param', 'wbits'), '27') | ParamSetting(('zlib.params', 'param', 'wbits'), '27') | ParamSetting(('zlib.params', 'param', 'memLevel'), 6)"
2024-08-20 16:18:04,018	[INFO]	7-5     SUCCESS               515874469.582500 (89.82%) [4 edit(s)] [cached] 
2024-08-20 16:18:04,018	[DEBUG]	patch(7-5)="ParamSetting(('zlib.params', 'param', 'wbits'), '27') | ParamSetting(('zlib.params', 'param', 'memLevel'), 6) | ParamSetting(('zlib.params', 'param', 'wbits'), '27') | ParamSetting(('zlib.params', 'param', 'level'), 9)"
2024-08-20 16:18:04,018	[INFO]	7-6     SUCCESS               500235182.640750 (87.10%) [1 edit(s)] [cached] 
2024-08-20 16:18:04,019	[DEBUG]	patch(7-6)="ParamSetting(('zlib.params', 'param', 'level'), 9)"
2024-08-20 16:19:02,978	[DEBUG]	EXEC>  SUCCESS 498191166.43075
2024-08-20 16:19:02,978	[INFO]	7-7     SUCCESS               498191166.430750 (86.74%) [2 edit(s)]  
2024-08-20 16:19:02,979	[DEBUG]	patch(7-7)="ParamSetting(('zlib.params', 'param', 'wbits'), '27') | ParamSetting(('zlib.params', 'param', 'level'), 4)"
2024-08-20 16:19:02,979	[INFO]	7-8     SUCCESS               467988220.031500 (81.48%) [1 edit(s)] [cached] 
2024-08-20 16:19:02,979	[DEBUG]	patch(7-8)="ParamSetting(('zlib.params', 'param', 'wbits'), '27')"
2024-08-20 16:19:02,980	[INFO]	7-9     SUCCESS               675952825.507500 (117.69%) [1 edit(s)] [cached] 
2024-08-20 16:19:02,980	[DEBUG]	patch(7-9)="ParamSetting(('zlib.params', 'param', 'memLevel'), 6)"
2024-08-20 16:20:02,997	[DEBUG]	EXEC>  SUCCESS 546781283.86025
2024-08-20 16:20:02,997	[INFO]	7-10    SUCCESS               546781283.860250 (95.20%) [3 edit(s)]  
2024-08-20 16:20:02,997	[DEBUG]	patch(7-10)="ParamSetting(('zlib.params', 'param', 'wbits'), '27') | ParamSetting(('zlib.params', 'param', 'memLevel'), 6) | ParamSetting(('zlib.params', 'param', 'wbits'), '26')"
2024-08-20 16:20:02,998	[INFO]	REF     SUCCESS               574345035.730000 (--) [0 edit(s)] [cached] 
2024-08-20 16:20:02,999	[INFO]	BEST    SUCCESS              *467988220.031500 (81.48%) [0 edit(s)] [cached] 
2024-08-20 16:20:03,001	[INFO]	8-1     SUCCESS              +467988220.031500 (81.48%) [1 edit(s)] [cached] 
2024-08-20 16:20:03,001	[DEBUG]	patch(8-1)="ParamSetting(('zlib.params', 'param', 'wbits'), '27')"
2024-08-20 16:20:03,002	[INFO]	8-2     SUCCESS               500235182.640750 (87.10%) [1 edit(s)] [cached] 
2024-08-20 16:20:03,002	[DEBUG]	patch(8-2)="ParamSetting(('zlib.params', 'param', 'level'), 9)"
2024-08-20 16:20:03,003	[INFO]	8-3     SUCCESS               680193295.552250 (118.43%) [2 edit(s)] [cached] 
2024-08-20 16:20:03,003	[DEBUG]	patch(8-3)="ParamSetting(('zlib.params', 'param', 'wbits'), '27') | ParamSetting(('zlib.params', 'param', 'level'), 9)"
2024-08-20 16:20:03,003	[INFO]	8-4     SUCCESS               500235182.640750 (87.10%) [2 edit(s)] [cached] 
2024-08-20 16:20:03,003	[DEBUG]	patch(8-4)="ParamSetting(('zlib.params', 'param', 'level'), 2) | ParamSetting(('zlib.params', 'param', 'level'), 9)"
2024-08-20 16:20:03,004	[INFO]	8-5     SUCCESS               675952825.507500 (117.69%) [1 edit(s)] [cached] 
2024-08-20 16:20:03,004	[DEBUG]	patch(8-5)="ParamSetting(('zlib.params', 'param', 'memLevel'), 6)"
2024-08-20 16:20:03,004	[INFO]	8-6     SUCCESS               515874469.582500 (89.82%) [3 edit(s)] [cached] 
2024-08-20 16:20:03,004	[DEBUG]	patch(8-6)="ParamSetting(('zlib.params', 'param', 'wbits'), '27') | ParamSetting(('zlib.params', 'param', 'level'), 9) | ParamSetting(('zlib.params', 'param', 'memLevel'), 6)"
2024-08-20 16:20:03,005	[INFO]	8-7     SUCCESS               574345035.730000 (100.00%) [0 edit(s)] [cached] 
2024-08-20 16:20:03,005	[DEBUG]	patch(8-7)=""
2024-08-20 16:20:55,027	[DEBUG]	EXEC>  SUCCESS 499459626.8755
2024-08-20 16:20:55,027	[INFO]	8-8     SUCCESS               499459626.875500 (86.96%) [3 edit(s)]  
2024-08-20 16:20:55,027	[DEBUG]	patch(8-8)="ParamSetting(('zlib.params', 'param', 'wbits'), '27') | ParamSetting(('zlib.params', 'param', 'level'), 4) | ParamSetting(('zlib.params', 'param', 'wbits'), '14')"
2024-08-20 16:20:55,028	[INFO]	8-9     SUCCESS               574345035.730000 (100.00%) [0 edit(s)] [cached] 
2024-08-20 16:20:55,028	[DEBUG]	patch(8-9)=""
2024-08-20 16:21:48,911	[DEBUG]	EXEC>  SUCCESS 576390189.78575
2024-08-20 16:21:48,911	[INFO]	8-10    SUCCESS               576390189.785750 (100.36%) [5 edit(s)]  
2024-08-20 16:21:48,911	[DEBUG]	patch(8-10)="ParamSetting(('zlib.params', 'param', 'memLevel'), 6) | ParamSetting(('zlib.params', 'param', 'wbits'), '27') | ParamSetting(('zlib.params', 'param', 'wbits'), '27') | ParamSetting(('zlib.params', 'param', 'memLevel'), 6) | ParamSetting(('zlib.params', 'param', 'strategy'), 2)"
2024-08-20 16:21:48,912	[INFO]	REF     SUCCESS               574345035.730000 (--) [0 edit(s)] [cached] 
2024-08-20 16:21:48,912	[INFO]	BEST    SUCCESS              *467988220.031500 (81.48%) [0 edit(s)] [cached] 
2024-08-20 16:21:48,914	[INFO]	9-1     SUCCESS              +467988220.031500 (81.48%) [1 edit(s)] [cached] 
2024-08-20 16:21:48,914	[DEBUG]	patch(9-1)="ParamSetting(('zlib.params', 'param', 'wbits'), '27')"
2024-08-20 16:21:48,914	[INFO]	9-2     SUCCESS               467988220.031500 (81.48%) [1 edit(s)] [cached] 
2024-08-20 16:21:48,914	[DEBUG]	patch(9-2)="ParamSetting(('zlib.params', 'param', 'wbits'), '27')"
2024-08-20 16:21:48,915	[INFO]	9-3     SUCCESS               680193295.552250 (118.43%) [3 edit(s)] [cached] 
2024-08-20 16:21:48,915	[DEBUG]	patch(9-3)="ParamSetting(('zlib.params', 'param', 'level'), 4) | ParamSetting(('zlib.params', 'param', 'wbits'), '27') | ParamSetting(('zlib.params', 'param', 'level'), 9)"
2024-08-20 16:21:48,915	[INFO]	9-4     SUCCESS               500235182.640750 (87.10%) [1 edit(s)] [cached] 
2024-08-20 16:21:48,915	[DEBUG]	patch(9-4)="ParamSetting(('zlib.params', 'param', 'level'), 9)"
2024-08-20 16:21:48,916	[INFO]	9-5     SUCCESS               500235182.640750 (87.10%) [1 edit(s)] [cached] 
2024-08-20 16:21:48,916	[DEBUG]	patch(9-5)="ParamSetting(('zlib.params', 'param', 'level'), 9)"
2024-08-20 16:22:58,154	[DEBUG]	EXEC>  SUCCESS 582041767.8770001
2024-08-20 16:22:58,154	[INFO]	9-6     SUCCESS               582041767.877000 (101.34%) [5 edit(s)]  
2024-08-20 16:22:58,155	[DEBUG]	patch(9-6)="ParamSetting(('zlib.params', 'param', 'wbits'), '27') | ParamSetting(('zlib.params', 'param', 'level'), 4) | ParamSetting(('zlib.params', 'param', 'wbits'), '14') | ParamSetting(('zlib.params', 'param', 'level'), 9) | ParamSetting(('zlib.params', 'param', 'memLevel'), 6)"
2024-08-20 16:22:58,155	[INFO]	9-7     SUCCESS               574345035.730000 (100.00%) [0 edit(s)] [cached] 
2024-08-20 16:22:58,155	[DEBUG]	patch(9-7)=""
2024-08-20 16:23:54,461	[DEBUG]	EXEC>  SUCCESS 674301324.769
2024-08-20 16:23:54,461	[INFO]	9-8     SUCCESS               674301324.769000 (117.40%) [2 edit(s)]  
2024-08-20 16:23:54,461	[DEBUG]	patch(9-8)="ParamSetting(('zlib.params', 'param', 'wbits'), '27') | ParamSetting(('zlib.params', 'param', 'wbits'), '14')"
2024-08-20 16:23:54,462	[INFO]	9-9     SUCCESS               500235182.640750 (87.10%) [1 edit(s)] [cached] 
2024-08-20 16:23:54,462	[DEBUG]	patch(9-9)="ParamSetting(('zlib.params', 'param', 'level'), 9)"
2024-08-20 16:23:54,463	[INFO]	9-10    SUCCESS               574345035.730000 (100.00%) [0 edit(s)] [cached] 
2024-08-20 16:23:54,463	[DEBUG]	patch(9-10)=""
2024-08-20 16:23:54,463	[INFO]	REF     SUCCESS               574345035.730000 (--) [0 edit(s)] [cached] 
2024-08-20 16:23:54,463	[INFO]	BEST    SUCCESS              *467988220.031500 (81.48%) [0 edit(s)] [cached] 
2024-08-20 16:23:54,466	[INFO]	10-1    SUCCESS              +467988220.031500 (81.48%) [1 edit(s)] [cached] 
2024-08-20 16:23:54,466	[DEBUG]	patch(10-1)="ParamSetting(('zlib.params', 'param', 'wbits'), '27')"
2024-08-20 16:23:54,466	[INFO]	10-2    SUCCESS               680193295.552250 (118.43%) [3 edit(s)] [cached] 
2024-08-20 16:23:54,466	[DEBUG]	patch(10-2)="ParamSetting(('zlib.params', 'param', 'wbits'), '27') | ParamSetting(('zlib.params', 'param', 'level'), 4) | ParamSetting(('zlib.params', 'param', 'level'), 9)"
2024-08-20 16:23:54,467	[INFO]	10-3    SUCCESS               680193295.552250 (118.43%) [2 edit(s)] [cached] 
2024-08-20 16:23:54,467	[DEBUG]	patch(10-3)="ParamSetting(('zlib.params', 'param', 'wbits'), '27') | ParamSetting(('zlib.params', 'param', 'level'), 9)"
2024-08-20 16:23:54,467	[INFO]	10-4    SUCCESS               582041767.877000 (101.34%) [4 edit(s)] [cached] 
2024-08-20 16:23:54,467	[DEBUG]	patch(10-4)="ParamSetting(('zlib.params', 'param', 'level'), 4) | ParamSetting(('zlib.params', 'param', 'wbits'), '14') | ParamSetting(('zlib.params', 'param', 'level'), 9) | ParamSetting(('zlib.params', 'param', 'memLevel'), 6)"
2024-08-20 16:24:46,503	[DEBUG]	EXEC>  SUCCESS 531555054.78174996
2024-08-20 16:24:46,503	[INFO]	10-5    SUCCESS               531555054.781750 (92.55%) [5 edit(s)]  
2024-08-20 16:24:46,503	[DEBUG]	patch(10-5)="ParamSetting(('zlib.params', 'param', 'wbits'), '27') | ParamSetting(('zlib.params', 'param', 'wbits'), '14') | ParamSetting(('zlib.params', 'param', 'wbits'), '27') | ParamSetting(('zlib.params', 'param', 'wbits'), '14') | ParamSetting(('zlib.params', 'param', 'level'), 9)"
2024-08-20 16:24:46,504	[INFO]	10-6    SUCCESS               467988220.031500 (81.48%) [2 edit(s)] [cached] 
2024-08-20 16:24:46,504	[DEBUG]	patch(10-6)="ParamSetting(('zlib.params', 'param', 'wbits'), '14') | ParamSetting(('zlib.params', 'param', 'wbits'), '27')"
2024-08-20 16:24:46,504	[INFO]	10-7    SUCCESS               574345035.730000 (100.00%) [0 edit(s)] [cached] 
2024-08-20 16:24:46,505	[DEBUG]	patch(10-7)=""
2024-08-20 16:24:46,505	[INFO]	10-8    SUCCESS               574345035.730000 (100.00%) [0 edit(s)] [cached] 
2024-08-20 16:24:46,505	[DEBUG]	patch(10-8)=""
2024-08-20 16:27:27,664	[DEBUG]	EXEC>  SUCCESS 744350454.7845
2024-08-20 16:27:27,664	[INFO]	10-9    SUCCESS               744350454.784500 (129.60%) [1 edit(s)]  
2024-08-20 16:27:27,664	[DEBUG]	patch(10-9)="ParamSetting(('zlib.params', 'param', 'memLevel'), 4)"
2024-08-20 16:27:27,665	[INFO]	~~~~ END ~~~~
2024-08-20 16:27:27,665	[INFO]	
2024-08-20 16:27:27,665	[INFO]	==== REPORT ====
2024-08-20 16:27:27,665	[INFO]	Termination: time budget
2024-08-20 16:27:27,665	[INFO]	Retries: 4
2024-08-20 16:27:27,665	[INFO]	Log file: /home/dbouras/magpie/_magpie_logs/zlib_1724165174.log
2024-08-20 16:27:27,665	[INFO]	Patch file: _magpie_logs/zlib_1724165174.patch
2024-08-20 16:27:27,665	[INFO]	Diff file: _magpie_logs/zlib_1724165174.diff
2024-08-20 16:27:27,666	[INFO]	Reference fitness: 574345035.730000
2024-08-20 16:27:27,666	[INFO]	Best fitness: 467988220.031500
2024-08-20 16:27:27,666	[INFO]	
2024-08-20 16:27:27,666	[INFO]	==== BEST PATCH ====
ParamSetting(('zlib.params', 'param', 'wbits'), '27')
2024-08-20 16:27:27,667	[INFO]	
2024-08-20 16:27:27,667	[INFO]	==== DIFF ====
[1m--- before: zlib.params[0m
[1m+++ after: zlib.params[0m
[36m@@ -1,4 +1,4 @@[0m
 level := 6
[31m-wbits := '15'[0m
[32m+wbits := '27'[0m
 memLevel := 8
 strategy := 0

