2024-07-21 00:16:53,547	[DEBUG]	==== CONFIG ====
[magpie]
import = 
seed = 45
log_dir = _magpie_logs
work_dir = _magpie_work
local_original_copy = True
local_original_name = __original__
output_encoding = ascii
edit_retries = 10
default_timeout = 30
default_lengthout = 1e6
diff_method = unified
trust_local_filesystem = True

[magpie.log]
color_output = True
format_info = {counter:<7} {status:<20} {best}{fitness} ({ratio}) [{size}] {cached} {log}
format_debug = patch({counter})="{patch}"{diffifbest}
format_fitness = {:.6f}
format_ratio = {:.2%%}
format_patchif = 
	 --> {patch}
format_diffif = 
	{diff}

[software]
path = examples/sat4j
target_files = org.sat4j.core/src/main/java/org/sat4j/minisat/core/Solver.java.xml
software = BasicSoftware
model_rules = 
	*.params : ParamFileConfigModel
	*.xml : SrcmlModel
	* : LineModel
model_config = 
	*.params : [paramconfig]
	*.xml : [srcml]
init_cmd = 
init_timeout = 60
init_lengthout = -1
setup_cmd = ant sat
setup_timeout = 
setup_lengthout = 
compile_cmd = ant sat
compile_timeout = 
compile_lengthout = 
test_cmd = bash test.sh
test_timeout = 
test_lengthout = 
run_cmd = ./run_custom.sh "bash run_fixed.sh"
run_timeout = 
run_lengthout = 
retries = 1
batch_timeout = 
batch_lengthout = 
batch_bin_fitness_strategy = aggregate
batch_fitness_strategy = sum
fitness = weights

[srcml]
rename = 
	stmt: break continue decl_stmt do expr_stmt for goto if return switch while
	number: literal_number
focus = block stmt operator_comp operator_arith number
internodes = block
process_pseudo_blocks = True
process_literals = True
process_operators = True

[paramconfig]
timing = test run
cli_prefix = --
cli_glue = =
cli_boolean = show
cli_boolean_prefix_true = 
cli_boolean_prefix_false = no-
cli_none = hide
silent_prefix = @
silent_suffix = $

[search]
protocol = BasicProtocol
algorithm = FirstImprovement
possible_edits = 
	SrcmlStmtReplacement
	SrcmlStmtInsertion
	SrcmlStmtDeletion
warmup = 3
warmup_strategy = last
max_steps = 10000
max_time = 2200
target_fitness = 
cache_maxsize = 100
cache_keep = 0.2
batch_instances = 
batch_shuffle = True
batch_bin_shuffle = False
batch_sample_size = 1

[search.ls]
delete_prob = 0.5
max_neighbours = 
when_trapped = continue
accept_fail = False
tabu_length = 10

[search.gp]
pop_size = 10
delete_prob = 0.5
offspring_elitism = 0.1
offspring_crossover = 0.5
offspring_mutation = 0.4
uniform_rate = 0.5
batch_reset = True

[search.minify]
do_cleanup = True
do_rebuild = True
do_simplify = True
round_robin_limit = 3


2024-07-21 00:16:53,547	[DEBUG]	
2024-07-21 00:16:53,547	[INFO]	==== SEARCH: FirstImprovement ====
2024-07-21 00:16:53,547	[INFO]	~~~~ WARMUP ~~~~
2024-07-21 00:18:46,925	[DEBUG]	EXEC>  SUCCESS 1145971878.57
2024-07-21 00:18:46,925	[INFO]	WARM    SUCCESS               1145971878.570000 (--) [0 edit(s)]  
2024-07-21 00:20:29,563	[DEBUG]	EXEC>  SUCCESS 1243074620.78
2024-07-21 00:20:29,563	[INFO]	WARM    SUCCESS               1243074620.780000 (--) [0 edit(s)]  
2024-07-21 00:22:11,981	[DEBUG]	EXEC>  SUCCESS 1142926543.849
2024-07-21 00:22:11,981	[INFO]	WARM    SUCCESS               1142926543.849000 (--) [0 edit(s)]  
2024-07-21 00:22:11,982	[INFO]	REF     SUCCESS               1142926543.849000 (--) [0 edit(s)]  
2024-07-21 00:22:11,982	[INFO]	
2024-07-21 00:22:11,982	[INFO]	~~~~ START ~~~~
2024-07-21 00:22:16,762	[INFO]	1       COMPILE_CODE_ERROR    None (--) [1 edit(s)]  
2024-07-21 00:22:16,762	[DEBUG]	patch(1)="SrcmlStmtInsertion(('org.sat4j.core/src/main/java/org/sat4j/minisat/core/Solver.java.xml', '_inter_block', 527), ('org.sat4j.core/src/main/java/org/sat4j/minisat/core/Solver.java.xml', 'stmt', 310))"
2024-07-21 00:22:18,695	[INFO]	2       COMPILE_CODE_ERROR    None (--) [1 edit(s)]  
2024-07-21 00:22:18,695	[DEBUG]	patch(2)="SrcmlStmtInsertion(('org.sat4j.core/src/main/java/org/sat4j/minisat/core/Solver.java.xml', '_inter_block', 991), ('org.sat4j.core/src/main/java/org/sat4j/minisat/core/Solver.java.xml', 'stmt', 117))"
2024-07-21 00:22:23,034	[INFO]	3       COMPILE_CODE_ERROR    None (--) [1 edit(s)]  
2024-07-21 00:22:23,034	[DEBUG]	patch(3)="SrcmlStmtInsertion(('org.sat4j.core/src/main/java/org/sat4j/minisat/core/Solver.java.xml', '_inter_block', 1522), ('org.sat4j.core/src/main/java/org/sat4j/minisat/core/Solver.java.xml', 'stmt', 920))"
2024-07-21 00:22:27,814	[INFO]	4       COMPILE_CODE_ERROR    None (--) [1 edit(s)]  
2024-07-21 00:22:27,814	[DEBUG]	patch(4)="SrcmlStmtDeletion(('org.sat4j.core/src/main/java/org/sat4j/minisat/core/Solver.java.xml', 'stmt', 138))"
2024-07-21 00:24:11,960	[DEBUG]	EXEC>  SUCCESS 1200539450.977
2024-07-21 00:24:11,961	[INFO]	5       SUCCESS               1200539450.977000 (105.04%) [1 edit(s)]  
2024-07-21 00:24:11,961	[DEBUG]	patch(5)="SrcmlStmtInsertion(('org.sat4j.core/src/main/java/org/sat4j/minisat/core/Solver.java.xml', '_inter_block', 1557), ('org.sat4j.core/src/main/java/org/sat4j/minisat/core/Solver.java.xml', 'stmt', 76))"
2024-07-21 00:26:01,160	[DEBUG]	EXEC>  SUCCESS 1457369145.789
2024-07-21 00:26:01,160	[INFO]	6       SUCCESS               1457369145.789000 (127.51%) [1 edit(s)]  
2024-07-21 00:26:01,160	[DEBUG]	patch(6)="SrcmlStmtDeletion(('org.sat4j.core/src/main/java/org/sat4j/minisat/core/Solver.java.xml', 'stmt', 146))"
2024-07-21 00:26:05,444	[INFO]	7       COMPILE_CODE_ERROR    None (--) [1 edit(s)]  
2024-07-21 00:26:05,444	[DEBUG]	patch(7)="SrcmlStmtDeletion(('org.sat4j.core/src/main/java/org/sat4j/minisat/core/Solver.java.xml', 'stmt', 945))"
2024-07-21 00:26:07,224	[INFO]	8       COMPILE_CODE_ERROR    None (--) [1 edit(s)]  
2024-07-21 00:26:07,224	[DEBUG]	patch(8)="SrcmlStmtReplacement(('org.sat4j.core/src/main/java/org/sat4j/minisat/core/Solver.java.xml', 'stmt', 257), ('org.sat4j.core/src/main/java/org/sat4j/minisat/core/Solver.java.xml', 'stmt', 793))"
2024-07-21 00:27:48,293	[DEBUG]	EXEC>  SUCCESS 1359354583.678
2024-07-21 00:27:48,293	[INFO]	9       SUCCESS               1359354583.678000 (118.94%) [1 edit(s)]  
2024-07-21 00:27:48,293	[DEBUG]	patch(9)="SrcmlStmtDeletion(('org.sat4j.core/src/main/java/org/sat4j/minisat/core/Solver.java.xml', 'stmt', 96))"
2024-07-21 00:27:52,895	[INFO]	10      COMPILE_CODE_ERROR    None (--) [1 edit(s)]  
2024-07-21 00:27:52,895	[DEBUG]	patch(10)="SrcmlStmtInsertion(('org.sat4j.core/src/main/java/org/sat4j/minisat/core/Solver.java.xml', '_inter_block', 1538), ('org.sat4j.core/src/main/java/org/sat4j/minisat/core/Solver.java.xml', 'stmt', 324))"
2024-07-21 00:29:35,828	[DEBUG]	EXEC>  SUCCESS 1402352418.892
2024-07-21 00:29:35,828	[INFO]	11      SUCCESS               1402352418.892000 (122.70%) [1 edit(s)]  
2024-07-21 00:29:35,828	[DEBUG]	patch(11)="SrcmlStmtInsertion(('org.sat4j.core/src/main/java/org/sat4j/minisat/core/Solver.java.xml', '_inter_block', 1009), ('org.sat4j.core/src/main/java/org/sat4j/minisat/core/Solver.java.xml', 'stmt', 933))"
2024-07-21 00:29:39,993	[INFO]	12      COMPILE_CODE_ERROR    None (--) [1 edit(s)]  
2024-07-21 00:29:39,993	[DEBUG]	patch(12)="SrcmlStmtReplacement(('org.sat4j.core/src/main/java/org/sat4j/minisat/core/Solver.java.xml', 'stmt', 641), ('org.sat4j.core/src/main/java/org/sat4j/minisat/core/Solver.java.xml', 'stmt', 255))"
2024-07-21 00:29:43,743	[INFO]	13      COMPILE_CODE_ERROR    None (--) [1 edit(s)]  
2024-07-21 00:29:43,744	[DEBUG]	patch(13)="SrcmlStmtInsertion(('org.sat4j.core/src/main/java/org/sat4j/minisat/core/Solver.java.xml', '_inter_block', 429), ('org.sat4j.core/src/main/java/org/sat4j/minisat/core/Solver.java.xml', 'stmt', 394))"
2024-07-21 00:29:47,882	[INFO]	14      COMPILE_CODE_ERROR    None (--) [1 edit(s)]  
2024-07-21 00:29:47,882	[DEBUG]	patch(14)="SrcmlStmtInsertion(('org.sat4j.core/src/main/java/org/sat4j/minisat/core/Solver.java.xml', '_inter_block', 1135), ('org.sat4j.core/src/main/java/org/sat4j/minisat/core/Solver.java.xml', 'stmt', 573))"
2024-07-21 00:29:52,565	[INFO]	15      COMPILE_CODE_ERROR    None (--) [1 edit(s)]  
2024-07-21 00:29:52,565	[DEBUG]	patch(15)="SrcmlStmtInsertion(('org.sat4j.core/src/main/java/org/sat4j/minisat/core/Solver.java.xml', '_inter_block', 1278), ('org.sat4j.core/src/main/java/org/sat4j/minisat/core/Solver.java.xml', 'stmt', 325))"
2024-07-21 00:29:54,447	[INFO]	16      COMPILE_CODE_ERROR    None (--) [1 edit(s)]  
2024-07-21 00:29:54,447	[DEBUG]	patch(16)="SrcmlStmtInsertion(('org.sat4j.core/src/main/java/org/sat4j/minisat/core/Solver.java.xml', '_inter_block', 20), ('org.sat4j.core/src/main/java/org/sat4j/minisat/core/Solver.java.xml', 'stmt', 50))"
2024-07-21 00:29:59,285	[INFO]	17      COMPILE_CODE_ERROR    None (--) [1 edit(s)]  
2024-07-21 00:29:59,285	[DEBUG]	patch(17)="SrcmlStmtInsertion(('org.sat4j.core/src/main/java/org/sat4j/minisat/core/Solver.java.xml', '_inter_block', 1278), ('org.sat4j.core/src/main/java/org/sat4j/minisat/core/Solver.java.xml', 'stmt', 634))"
2024-07-21 00:30:04,107	[INFO]	18      COMPILE_CODE_ERROR    None (--) [1 edit(s)]  
2024-07-21 00:30:04,107	[DEBUG]	patch(18)="SrcmlStmtInsertion(('org.sat4j.core/src/main/java/org/sat4j/minisat/core/Solver.java.xml', '_inter_block', 410), ('org.sat4j.core/src/main/java/org/sat4j/minisat/core/Solver.java.xml', 'stmt', 277))"
2024-07-21 00:30:05,982	[INFO]	19      COMPILE_CODE_ERROR    None (--) [1 edit(s)]  
2024-07-21 00:30:05,982	[DEBUG]	patch(19)="SrcmlStmtReplacement(('org.sat4j.core/src/main/java/org/sat4j/minisat/core/Solver.java.xml', 'stmt', 28), ('org.sat4j.core/src/main/java/org/sat4j/minisat/core/Solver.java.xml', 'stmt', 1015))"
2024-07-21 00:31:48,227	[DEBUG]	EXEC>  SUCCESS 1311656375.407
2024-07-21 00:31:48,228	[INFO]	20      SUCCESS               1311656375.407000 (114.76%) [1 edit(s)]  
2024-07-21 00:31:48,228	[DEBUG]	patch(20)="SrcmlStmtReplacement(('org.sat4j.core/src/main/java/org/sat4j/minisat/core/Solver.java.xml', 'stmt', 97), ('org.sat4j.core/src/main/java/org/sat4j/minisat/core/Solver.java.xml', 'stmt', 625))"
2024-07-21 00:33:30,494	[DEBUG]	EXEC>  SUCCESS 1127594589.67
2024-07-21 00:33:30,495	[INFO]	21      SUCCESS              *1127594589.670000 (98.66%) [1 edit(s)]  
2024-07-21 00:33:30,495	[DEBUG]	patch(21)="SrcmlStmtReplacement(('org.sat4j.core/src/main/java/org/sat4j/minisat/core/Solver.java.xml', 'stmt', 66), ('org.sat4j.core/src/main/java/org/sat4j/minisat/core/Solver.java.xml', 'stmt', 1001))"
--- before: org.sat4j.core/src/main/java/org/sat4j/minisat/core/Solver.java
+++ after: org.sat4j.core/src/main/java/org/sat4j/minisat/core/Solver.java
@@ -306,7 +306,7 @@
      */
     public void setLearningStrategy(LearningStrategy<D> strategy) {
         if (this.learner != null) {
-            this.learner.setSolver(null);
+            this.sharedConflict.register();
         }
         this.learner = strategy;
         strategy.setSolver(this);

2024-07-21 00:33:30,506	[INFO]	22      SUCCESS               1142926543.849000 (100.00%) [0 edit(s)] [cached] 
2024-07-21 00:33:30,506	[DEBUG]	patch(22)=""
2024-07-21 00:33:35,389	[INFO]	23      COMPILE_CODE_ERROR    None (--) [2 edit(s)]  
2024-07-21 00:33:35,389	[DEBUG]	patch(23)="SrcmlStmtReplacement(('org.sat4j.core/src/main/java/org/sat4j/minisat/core/Solver.java.xml', 'stmt', 66), ('org.sat4j.core/src/main/java/org/sat4j/minisat/core/Solver.java.xml', 'stmt', 1001)) | SrcmlStmtInsertion(('org.sat4j.core/src/main/java/org/sat4j/minisat/core/Solver.java.xml', '_inter_block', 1569), ('org.sat4j.core/src/main/java/org/sat4j/minisat/core/Solver.java.xml', 'stmt', 905))"
2024-07-21 00:33:39,491	[INFO]	24      COMPILE_CODE_ERROR    None (--) [2 edit(s)]  
2024-07-21 00:33:39,491	[DEBUG]	patch(24)="SrcmlStmtReplacement(('org.sat4j.core/src/main/java/org/sat4j/minisat/core/Solver.java.xml', 'stmt', 66), ('org.sat4j.core/src/main/java/org/sat4j/minisat/core/Solver.java.xml', 'stmt', 1001)) | SrcmlStmtInsertion(('org.sat4j.core/src/main/java/org/sat4j/minisat/core/Solver.java.xml', '_inter_block', 1209), ('org.sat4j.core/src/main/java/org/sat4j/minisat/core/Solver.java.xml', 'stmt', 888))"
2024-07-21 00:33:43,601	[INFO]	25      COMPILE_CODE_ERROR    None (--) [2 edit(s)]  
2024-07-21 00:33:43,601	[DEBUG]	patch(25)="SrcmlStmtReplacement(('org.sat4j.core/src/main/java/org/sat4j/minisat/core/Solver.java.xml', 'stmt', 66), ('org.sat4j.core/src/main/java/org/sat4j/minisat/core/Solver.java.xml', 'stmt', 1001)) | SrcmlStmtInsertion(('org.sat4j.core/src/main/java/org/sat4j/minisat/core/Solver.java.xml', '_inter_block', 1176), ('org.sat4j.core/src/main/java/org/sat4j/minisat/core/Solver.java.xml', 'stmt', 916))"
2024-07-21 00:33:47,996	[INFO]	26      COMPILE_CODE_ERROR    None (--) [2 edit(s)]  
2024-07-21 00:33:47,996	[DEBUG]	patch(26)="SrcmlStmtReplacement(('org.sat4j.core/src/main/java/org/sat4j/minisat/core/Solver.java.xml', 'stmt', 66), ('org.sat4j.core/src/main/java/org/sat4j/minisat/core/Solver.java.xml', 'stmt', 1001)) | SrcmlStmtInsertion(('org.sat4j.core/src/main/java/org/sat4j/minisat/core/Solver.java.xml', '_inter_block', 1077), ('org.sat4j.core/src/main/java/org/sat4j/minisat/core/Solver.java.xml', 'stmt', 607))"
2024-07-21 00:33:52,909	[INFO]	27      COMPILE_CODE_ERROR    None (--) [2 edit(s)]  
2024-07-21 00:33:52,910	[DEBUG]	patch(27)="SrcmlStmtReplacement(('org.sat4j.core/src/main/java/org/sat4j/minisat/core/Solver.java.xml', 'stmt', 66), ('org.sat4j.core/src/main/java/org/sat4j/minisat/core/Solver.java.xml', 'stmt', 1001)) | SrcmlStmtInsertion(('org.sat4j.core/src/main/java/org/sat4j/minisat/core/Solver.java.xml', '_inter_block', 789), ('org.sat4j.core/src/main/java/org/sat4j/minisat/core/Solver.java.xml', 'stmt', 852))"
2024-07-21 00:33:57,699	[INFO]	28      COMPILE_CODE_ERROR    None (--) [2 edit(s)]  
2024-07-21 00:33:57,699	[DEBUG]	patch(28)="SrcmlStmtReplacement(('org.sat4j.core/src/main/java/org/sat4j/minisat/core/Solver.java.xml', 'stmt', 66), ('org.sat4j.core/src/main/java/org/sat4j/minisat/core/Solver.java.xml', 'stmt', 1001)) | SrcmlStmtDeletion(('org.sat4j.core/src/main/java/org/sat4j/minisat/core/Solver.java.xml', 'stmt', 605))"
2024-07-21 00:35:40,482	[DEBUG]	EXEC>  SUCCESS 1416566951.208
2024-07-21 00:35:40,482	[INFO]	29      SUCCESS               1416566951.208000 (123.94%) [2 edit(s)]  
2024-07-21 00:35:40,482	[DEBUG]	patch(29)="SrcmlStmtReplacement(('org.sat4j.core/src/main/java/org/sat4j/minisat/core/Solver.java.xml', 'stmt', 66), ('org.sat4j.core/src/main/java/org/sat4j/minisat/core/Solver.java.xml', 'stmt', 1001)) | SrcmlStmtDeletion(('org.sat4j.core/src/main/java/org/sat4j/minisat/core/Solver.java.xml', 'stmt', 622))"
2024-07-21 00:35:44,615	[INFO]	30      COMPILE_CODE_ERROR    None (--) [2 edit(s)]  
2024-07-21 00:35:44,615	[DEBUG]	patch(30)="SrcmlStmtReplacement(('org.sat4j.core/src/main/java/org/sat4j/minisat/core/Solver.java.xml', 'stmt', 66), ('org.sat4j.core/src/main/java/org/sat4j/minisat/core/Solver.java.xml', 'stmt', 1001)) | SrcmlStmtReplacement(('org.sat4j.core/src/main/java/org/sat4j/minisat/core/Solver.java.xml', 'stmt', 1008), ('org.sat4j.core/src/main/java/org/sat4j/minisat/core/Solver.java.xml', 'stmt', 740))"
2024-07-21 00:35:49,207	[INFO]	31      COMPILE_CODE_ERROR    None (--) [2 edit(s)]  
2024-07-21 00:35:49,207	[DEBUG]	patch(31)="SrcmlStmtReplacement(('org.sat4j.core/src/main/java/org/sat4j/minisat/core/Solver.java.xml', 'stmt', 66), ('org.sat4j.core/src/main/java/org/sat4j/minisat/core/Solver.java.xml', 'stmt', 1001)) | SrcmlStmtInsertion(('org.sat4j.core/src/main/java/org/sat4j/minisat/core/Solver.java.xml', '_inter_block', 818), ('org.sat4j.core/src/main/java/org/sat4j/minisat/core/Solver.java.xml', 'stmt', 390))"
2024-07-21 00:35:53,523	[INFO]	32      COMPILE_CODE_ERROR    None (--) [2 edit(s)]  
2024-07-21 00:35:53,523	[DEBUG]	patch(32)="SrcmlStmtReplacement(('org.sat4j.core/src/main/java/org/sat4j/minisat/core/Solver.java.xml', 'stmt', 66), ('org.sat4j.core/src/main/java/org/sat4j/minisat/core/Solver.java.xml', 'stmt', 1001)) | SrcmlStmtReplacement(('org.sat4j.core/src/main/java/org/sat4j/minisat/core/Solver.java.xml', 'stmt', 338), ('org.sat4j.core/src/main/java/org/sat4j/minisat/core/Solver.java.xml', 'stmt', 932))"
2024-07-21 00:37:30,012	[DEBUG]	EXEC>  SUCCESS 1141213934.469
2024-07-21 00:37:30,013	[INFO]	33      SUCCESS               1141213934.469000 (99.85%) [2 edit(s)]  
2024-07-21 00:37:30,013	[DEBUG]	patch(33)="SrcmlStmtReplacement(('org.sat4j.core/src/main/java/org/sat4j/minisat/core/Solver.java.xml', 'stmt', 66), ('org.sat4j.core/src/main/java/org/sat4j/minisat/core/Solver.java.xml', 'stmt', 1001)) | SrcmlStmtDeletion(('org.sat4j.core/src/main/java/org/sat4j/minisat/core/Solver.java.xml', 'stmt', 278))"
2024-07-21 00:37:34,015	[INFO]	34      COMPILE_CODE_ERROR    None (--) [2 edit(s)]  
2024-07-21 00:37:34,015	[DEBUG]	patch(34)="SrcmlStmtReplacement(('org.sat4j.core/src/main/java/org/sat4j/minisat/core/Solver.java.xml', 'stmt', 66), ('org.sat4j.core/src/main/java/org/sat4j/minisat/core/Solver.java.xml', 'stmt', 1001)) | SrcmlStmtInsertion(('org.sat4j.core/src/main/java/org/sat4j/minisat/core/Solver.java.xml', '_inter_block', 1095), ('org.sat4j.core/src/main/java/org/sat4j/minisat/core/Solver.java.xml', 'stmt', 241))"
2024-07-21 00:37:37,951	[INFO]	35      COMPILE_CODE_ERROR    None (--) [2 edit(s)]  
2024-07-21 00:37:37,952	[DEBUG]	patch(35)="SrcmlStmtReplacement(('org.sat4j.core/src/main/java/org/sat4j/minisat/core/Solver.java.xml', 'stmt', 66), ('org.sat4j.core/src/main/java/org/sat4j/minisat/core/Solver.java.xml', 'stmt', 1001)) | SrcmlStmtReplacement(('org.sat4j.core/src/main/java/org/sat4j/minisat/core/Solver.java.xml', 'stmt', 979), ('org.sat4j.core/src/main/java/org/sat4j/minisat/core/Solver.java.xml', 'stmt', 82))"
2024-07-21 00:37:42,386	[INFO]	36      COMPILE_CODE_ERROR    None (--) [2 edit(s)]  
2024-07-21 00:37:42,386	[DEBUG]	patch(36)="SrcmlStmtReplacement(('org.sat4j.core/src/main/java/org/sat4j/minisat/core/Solver.java.xml', 'stmt', 66), ('org.sat4j.core/src/main/java/org/sat4j/minisat/core/Solver.java.xml', 'stmt', 1001)) | SrcmlStmtDeletion(('org.sat4j.core/src/main/java/org/sat4j/minisat/core/Solver.java.xml', 'stmt', 356))"
2024-07-21 00:37:46,911	[INFO]	37      COMPILE_CODE_ERROR    None (--) [2 edit(s)]  
2024-07-21 00:37:46,911	[DEBUG]	patch(37)="SrcmlStmtReplacement(('org.sat4j.core/src/main/java/org/sat4j/minisat/core/Solver.java.xml', 'stmt', 66), ('org.sat4j.core/src/main/java/org/sat4j/minisat/core/Solver.java.xml', 'stmt', 1001)) | SrcmlStmtReplacement(('org.sat4j.core/src/main/java/org/sat4j/minisat/core/Solver.java.xml', 'stmt', 774), ('org.sat4j.core/src/main/java/org/sat4j/minisat/core/Solver.java.xml', 'stmt', 649))"
2024-07-21 00:39:23,383	[DEBUG]	EXEC>  SUCCESS 1437102273.256
2024-07-21 00:39:23,384	[INFO]	38      SUCCESS               1437102273.256000 (125.74%) [2 edit(s)]  
2024-07-21 00:39:23,384	[DEBUG]	patch(38)="SrcmlStmtReplacement(('org.sat4j.core/src/main/java/org/sat4j/minisat/core/Solver.java.xml', 'stmt', 66), ('org.sat4j.core/src/main/java/org/sat4j/minisat/core/Solver.java.xml', 'stmt', 1001)) | SrcmlStmtDeletion(('org.sat4j.core/src/main/java/org/sat4j/minisat/core/Solver.java.xml', 'stmt', 362))"
2024-07-21 00:41:01,841	[DEBUG]	EXEC>  SUCCESS 1215699726.054
2024-07-21 00:41:01,841	[INFO]	39      SUCCESS               1215699726.054000 (106.37%) [2 edit(s)]  
2024-07-21 00:41:01,841	[DEBUG]	patch(39)="SrcmlStmtReplacement(('org.sat4j.core/src/main/java/org/sat4j/minisat/core/Solver.java.xml', 'stmt', 66), ('org.sat4j.core/src/main/java/org/sat4j/minisat/core/Solver.java.xml', 'stmt', 1001)) | SrcmlStmtDeletion(('org.sat4j.core/src/main/java/org/sat4j/minisat/core/Solver.java.xml', 'stmt', 536))"
2024-07-21 00:41:03,587	[INFO]	40      COMPILE_CODE_ERROR    None (--) [2 edit(s)]  
2024-07-21 00:41:03,587	[DEBUG]	patch(40)="SrcmlStmtReplacement(('org.sat4j.core/src/main/java/org/sat4j/minisat/core/Solver.java.xml', 'stmt', 66), ('org.sat4j.core/src/main/java/org/sat4j/minisat/core/Solver.java.xml', 'stmt', 1001)) | SrcmlStmtInsertion(('org.sat4j.core/src/main/java/org/sat4j/minisat/core/Solver.java.xml', '_inter_block', 89), ('org.sat4j.core/src/main/java/org/sat4j/minisat/core/Solver.java.xml', 'stmt', 739))"
2024-07-21 00:41:14,088	[INFO]	41      TEST_CODE_ERROR       None (--) [2 edit(s)]  
2024-07-21 00:41:14,088	[DEBUG]	patch(41)="SrcmlStmtReplacement(('org.sat4j.core/src/main/java/org/sat4j/minisat/core/Solver.java.xml', 'stmt', 66), ('org.sat4j.core/src/main/java/org/sat4j/minisat/core/Solver.java.xml', 'stmt', 1001)) | SrcmlStmtDeletion(('org.sat4j.core/src/main/java/org/sat4j/minisat/core/Solver.java.xml', 'stmt', 43))"
2024-07-21 00:41:18,598	[INFO]	42      COMPILE_CODE_ERROR    None (--) [2 edit(s)]  
2024-07-21 00:41:18,598	[DEBUG]	patch(42)="SrcmlStmtReplacement(('org.sat4j.core/src/main/java/org/sat4j/minisat/core/Solver.java.xml', 'stmt', 66), ('org.sat4j.core/src/main/java/org/sat4j/minisat/core/Solver.java.xml', 'stmt', 1001)) | SrcmlStmtDeletion(('org.sat4j.core/src/main/java/org/sat4j/minisat/core/Solver.java.xml', 'stmt', 345))"
2024-07-21 00:42:56,159	[DEBUG]	EXEC>  SUCCESS 1039645071.299
2024-07-21 00:42:56,159	[INFO]	43      SUCCESS              *1039645071.299000 (90.96%) [2 edit(s)]  
2024-07-21 00:42:56,159	[DEBUG]	patch(43)="SrcmlStmtReplacement(('org.sat4j.core/src/main/java/org/sat4j/minisat/core/Solver.java.xml', 'stmt', 66), ('org.sat4j.core/src/main/java/org/sat4j/minisat/core/Solver.java.xml', 'stmt', 1001)) | SrcmlStmtInsertion(('org.sat4j.core/src/main/java/org/sat4j/minisat/core/Solver.java.xml', '_inter_block', 356), ('org.sat4j.core/src/main/java/org/sat4j/minisat/core/Solver.java.xml', 'stmt', 799))"
--- before: org.sat4j.core/src/main/java/org/sat4j/minisat/core/Solver.java
+++ after: org.sat4j.core/src/main/java/org/sat4j/minisat/core/Solver.java
@@ -306,7 +306,7 @@
      */
     public void setLearningStrategy(LearningStrategy<D> strategy) {
         if (this.learner != null) {
-            this.learner.setSolver(null);
+            this.sharedConflict.register();
         }
         this.learner = strategy;
         strategy.setSolver(this);
@@ -495,6 +495,7 @@
 
     public IConstr addParity(IVecInt literals, boolean even) {
         IVecInt vlits = dimacs2internal(literals);
+        this.timer = null;
         return addConstr(Xor.createParityConstraint(vlits, even, voc));
     }
 

2024-07-21 00:42:56,174	[INFO]	44      SUCCESS               1127594589.670000 (98.66%) [1 edit(s)] [cached] 
2024-07-21 00:42:56,174	[DEBUG]	patch(44)="SrcmlStmtReplacement(('org.sat4j.core/src/main/java/org/sat4j/minisat/core/Solver.java.xml', 'stmt', 66), ('org.sat4j.core/src/main/java/org/sat4j/minisat/core/Solver.java.xml', 'stmt', 1001))"
2024-07-21 00:44:34,693	[DEBUG]	EXEC>  SUCCESS 1328234062.411
2024-07-21 00:44:34,694	[INFO]	45      SUCCESS               1328234062.411000 (116.21%) [1 edit(s)]  
2024-07-21 00:44:34,694	[DEBUG]	patch(45)="SrcmlStmtInsertion(('org.sat4j.core/src/main/java/org/sat4j/minisat/core/Solver.java.xml', '_inter_block', 356), ('org.sat4j.core/src/main/java/org/sat4j/minisat/core/Solver.java.xml', 'stmt', 799))"
2024-07-21 00:44:38,582	[INFO]	46      COMPILE_CODE_ERROR    None (--) [3 edit(s)]  
2024-07-21 00:44:38,582	[DEBUG]	patch(46)="SrcmlStmtReplacement(('org.sat4j.core/src/main/java/org/sat4j/minisat/core/Solver.java.xml', 'stmt', 66), ('org.sat4j.core/src/main/java/org/sat4j/minisat/core/Solver.java.xml', 'stmt', 1001)) | SrcmlStmtInsertion(('org.sat4j.core/src/main/java/org/sat4j/minisat/core/Solver.java.xml', '_inter_block', 356), ('org.sat4j.core/src/main/java/org/sat4j/minisat/core/Solver.java.xml', 'stmt', 799)) | SrcmlStmtInsertion(('org.sat4j.core/src/main/java/org/sat4j/minisat/core/Solver.java.xml', '_inter_block', 1264), ('org.sat4j.core/src/main/java/org/sat4j/minisat/core/Solver.java.xml', 'stmt', 147))"
2024-07-21 00:44:38,606	[INFO]	47      SUCCESS              +1039645071.299000 (90.96%) [3 edit(s)] [cached] 
2024-07-21 00:44:38,606	[DEBUG]	patch(47)="SrcmlStmtReplacement(('org.sat4j.core/src/main/java/org/sat4j/minisat/core/Solver.java.xml', 'stmt', 66), ('org.sat4j.core/src/main/java/org/sat4j/minisat/core/Solver.java.xml', 'stmt', 1001)) | SrcmlStmtInsertion(('org.sat4j.core/src/main/java/org/sat4j/minisat/core/Solver.java.xml', '_inter_block', 356), ('org.sat4j.core/src/main/java/org/sat4j/minisat/core/Solver.java.xml', 'stmt', 799)) | SrcmlStmtReplacement(('org.sat4j.core/src/main/java/org/sat4j/minisat/core/Solver.java.xml', 'stmt', 967), ('org.sat4j.core/src/main/java/org/sat4j/minisat/core/Solver.java.xml', 'stmt', 955))"
2024-07-21 00:44:38,627	[INFO]	48      SUCCESS              +1039645071.299000 (90.96%) [2 edit(s)] [cached] 
2024-07-21 00:44:38,627	[DEBUG]	patch(48)="SrcmlStmtReplacement(('org.sat4j.core/src/main/java/org/sat4j/minisat/core/Solver.java.xml', 'stmt', 66), ('org.sat4j.core/src/main/java/org/sat4j/minisat/core/Solver.java.xml', 'stmt', 1001)) | SrcmlStmtInsertion(('org.sat4j.core/src/main/java/org/sat4j/minisat/core/Solver.java.xml', '_inter_block', 356), ('org.sat4j.core/src/main/java/org/sat4j/minisat/core/Solver.java.xml', 'stmt', 799))"
2024-07-21 00:44:42,517	[INFO]	49      COMPILE_CODE_ERROR    None (--) [3 edit(s)]  
2024-07-21 00:44:42,517	[DEBUG]	patch(49)="SrcmlStmtReplacement(('org.sat4j.core/src/main/java/org/sat4j/minisat/core/Solver.java.xml', 'stmt', 66), ('org.sat4j.core/src/main/java/org/sat4j/minisat/core/Solver.java.xml', 'stmt', 1001)) | SrcmlStmtInsertion(('org.sat4j.core/src/main/java/org/sat4j/minisat/core/Solver.java.xml', '_inter_block', 356), ('org.sat4j.core/src/main/java/org/sat4j/minisat/core/Solver.java.xml', 'stmt', 799)) | SrcmlStmtInsertion(('org.sat4j.core/src/main/java/org/sat4j/minisat/core/Solver.java.xml', '_inter_block', 1220), ('org.sat4j.core/src/main/java/org/sat4j/minisat/core/Solver.java.xml', 'stmt', 191))"
2024-07-21 00:44:46,563	[INFO]	50      COMPILE_CODE_ERROR    None (--) [3 edit(s)]  
2024-07-21 00:44:46,564	[DEBUG]	patch(50)="SrcmlStmtReplacement(('org.sat4j.core/src/main/java/org/sat4j/minisat/core/Solver.java.xml', 'stmt', 66), ('org.sat4j.core/src/main/java/org/sat4j/minisat/core/Solver.java.xml', 'stmt', 1001)) | SrcmlStmtInsertion(('org.sat4j.core/src/main/java/org/sat4j/minisat/core/Solver.java.xml', '_inter_block', 356), ('org.sat4j.core/src/main/java/org/sat4j/minisat/core/Solver.java.xml', 'stmt', 799)) | SrcmlStmtDeletion(('org.sat4j.core/src/main/java/org/sat4j/minisat/core/Solver.java.xml', 'stmt', 365))"
2024-07-21 00:44:46,579	[INFO]	51      SUCCESS               1328234062.411000 (116.21%) [1 edit(s)] [cached] 
2024-07-21 00:44:46,579	[DEBUG]	patch(51)="SrcmlStmtInsertion(('org.sat4j.core/src/main/java/org/sat4j/minisat/core/Solver.java.xml', '_inter_block', 356), ('org.sat4j.core/src/main/java/org/sat4j/minisat/core/Solver.java.xml', 'stmt', 799))"
2024-07-21 00:44:46,593	[INFO]	52      SUCCESS               1127594589.670000 (98.66%) [1 edit(s)] [cached] 
2024-07-21 00:44:46,593	[DEBUG]	patch(52)="SrcmlStmtReplacement(('org.sat4j.core/src/main/java/org/sat4j/minisat/core/Solver.java.xml', 'stmt', 66), ('org.sat4j.core/src/main/java/org/sat4j/minisat/core/Solver.java.xml', 'stmt', 1001))"
2024-07-21 00:44:51,104	[INFO]	53      COMPILE_CODE_ERROR    None (--) [3 edit(s)]  
2024-07-21 00:44:51,104	[DEBUG]	patch(53)="SrcmlStmtReplacement(('org.sat4j.core/src/main/java/org/sat4j/minisat/core/Solver.java.xml', 'stmt', 66), ('org.sat4j.core/src/main/java/org/sat4j/minisat/core/Solver.java.xml', 'stmt', 1001)) | SrcmlStmtInsertion(('org.sat4j.core/src/main/java/org/sat4j/minisat/core/Solver.java.xml', '_inter_block', 356), ('org.sat4j.core/src/main/java/org/sat4j/minisat/core/Solver.java.xml', 'stmt', 799)) | SrcmlStmtReplacement(('org.sat4j.core/src/main/java/org/sat4j/minisat/core/Solver.java.xml', 'stmt', 807), ('org.sat4j.core/src/main/java/org/sat4j/minisat/core/Solver.java.xml', 'stmt', 358))"
2024-07-21 00:44:55,660	[INFO]	54      COMPILE_CODE_ERROR    None (--) [3 edit(s)]  
2024-07-21 00:44:55,661	[DEBUG]	patch(54)="SrcmlStmtReplacement(('org.sat4j.core/src/main/java/org/sat4j/minisat/core/Solver.java.xml', 'stmt', 66), ('org.sat4j.core/src/main/java/org/sat4j/minisat/core/Solver.java.xml', 'stmt', 1001)) | SrcmlStmtInsertion(('org.sat4j.core/src/main/java/org/sat4j/minisat/core/Solver.java.xml', '_inter_block', 356), ('org.sat4j.core/src/main/java/org/sat4j/minisat/core/Solver.java.xml', 'stmt', 799)) | SrcmlStmtInsertion(('org.sat4j.core/src/main/java/org/sat4j/minisat/core/Solver.java.xml', '_inter_block', 809), ('org.sat4j.core/src/main/java/org/sat4j/minisat/core/Solver.java.xml', 'stmt', 951))"
2024-07-21 00:45:00,379	[INFO]	55      COMPILE_CODE_ERROR    None (--) [3 edit(s)]  
2024-07-21 00:45:00,380	[DEBUG]	patch(55)="SrcmlStmtReplacement(('org.sat4j.core/src/main/java/org/sat4j/minisat/core/Solver.java.xml', 'stmt', 66), ('org.sat4j.core/src/main/java/org/sat4j/minisat/core/Solver.java.xml', 'stmt', 1001)) | SrcmlStmtInsertion(('org.sat4j.core/src/main/java/org/sat4j/minisat/core/Solver.java.xml', '_inter_block', 356), ('org.sat4j.core/src/main/java/org/sat4j/minisat/core/Solver.java.xml', 'stmt', 799)) | SrcmlStmtReplacement(('org.sat4j.core/src/main/java/org/sat4j/minisat/core/Solver.java.xml', 'stmt', 484), ('org.sat4j.core/src/main/java/org/sat4j/minisat/core/Solver.java.xml', 'stmt', 884))"
2024-07-21 00:45:04,090	[INFO]	56      COMPILE_CODE_ERROR    None (--) [3 edit(s)]  
2024-07-21 00:45:04,090	[DEBUG]	patch(56)="SrcmlStmtReplacement(('org.sat4j.core/src/main/java/org/sat4j/minisat/core/Solver.java.xml', 'stmt', 66), ('org.sat4j.core/src/main/java/org/sat4j/minisat/core/Solver.java.xml', 'stmt', 1001)) | SrcmlStmtInsertion(('org.sat4j.core/src/main/java/org/sat4j/minisat/core/Solver.java.xml', '_inter_block', 356), ('org.sat4j.core/src/main/java/org/sat4j/minisat/core/Solver.java.xml', 'stmt', 799)) | SrcmlStmtInsertion(('org.sat4j.core/src/main/java/org/sat4j/minisat/core/Solver.java.xml', '_inter_block', 526), ('org.sat4j.core/src/main/java/org/sat4j/minisat/core/Solver.java.xml', 'stmt', 191))"
2024-07-21 00:46:39,632	[DEBUG]	EXEC>  SUCCESS 1012409977.484
2024-07-21 00:46:39,632	[INFO]	57      SUCCESS              *1012409977.484000 (88.58%) [3 edit(s)]  
2024-07-21 00:46:39,632	[DEBUG]	patch(57)="SrcmlStmtReplacement(('org.sat4j.core/src/main/java/org/sat4j/minisat/core/Solver.java.xml', 'stmt', 66), ('org.sat4j.core/src/main/java/org/sat4j/minisat/core/Solver.java.xml', 'stmt', 1001)) | SrcmlStmtInsertion(('org.sat4j.core/src/main/java/org/sat4j/minisat/core/Solver.java.xml', '_inter_block', 356), ('org.sat4j.core/src/main/java/org/sat4j/minisat/core/Solver.java.xml', 'stmt', 799)) | SrcmlStmtDeletion(('org.sat4j.core/src/main/java/org/sat4j/minisat/core/Solver.java.xml', 'stmt', 955))"
--- before: org.sat4j.core/src/main/java/org/sat4j/minisat/core/Solver.java
+++ after: org.sat4j.core/src/main/java/org/sat4j/minisat/core/Solver.java
@@ -306,7 +306,7 @@
      */
     public void setLearningStrategy(LearningStrategy<D> strategy) {
         if (this.learner != null) {
-            this.learner.setSolver(null);
+            this.sharedConflict.register();
         }
         this.learner = strategy;
         strategy.setSolver(this);
@@ -495,6 +495,7 @@
 
     public IConstr addParity(IVecInt literals, boolean even) {
         IVecInt vlits = dimacs2internal(literals);
+        this.timer = null;
         return addConstr(Xor.createParityConstraint(vlits, even, voc));
     }
 
@@ -2436,7 +2437,7 @@
         case LBD:
             this.learnedConstraintsDeletionStrategy = new GlucoseLCDS<D>(this,
                     timer);
-            break;
+            
         case LBD2:
             this.learnedConstraintsDeletionStrategy = new Glucose2LCDS<D>(this,
                     timer);

2024-07-21 00:48:17,506	[DEBUG]	EXEC>  SUCCESS 1022005990.211
2024-07-21 00:48:17,507	[INFO]	58      SUCCESS               1022005990.211000 (89.42%) [2 edit(s)]  
2024-07-21 00:48:17,507	[DEBUG]	patch(58)="SrcmlStmtReplacement(('org.sat4j.core/src/main/java/org/sat4j/minisat/core/Solver.java.xml', 'stmt', 66), ('org.sat4j.core/src/main/java/org/sat4j/minisat/core/Solver.java.xml', 'stmt', 1001)) | SrcmlStmtDeletion(('org.sat4j.core/src/main/java/org/sat4j/minisat/core/Solver.java.xml', 'stmt', 955))"
2024-07-21 00:48:21,916	[INFO]	59      COMPILE_CODE_ERROR    None (--) [4 edit(s)]  
2024-07-21 00:48:21,917	[DEBUG]	patch(59)="SrcmlStmtReplacement(('org.sat4j.core/src/main/java/org/sat4j/minisat/core/Solver.java.xml', 'stmt', 66), ('org.sat4j.core/src/main/java/org/sat4j/minisat/core/Solver.java.xml', 'stmt', 1001)) | SrcmlStmtInsertion(('org.sat4j.core/src/main/java/org/sat4j/minisat/core/Solver.java.xml', '_inter_block', 356), ('org.sat4j.core/src/main/java/org/sat4j/minisat/core/Solver.java.xml', 'stmt', 799)) | SrcmlStmtDeletion(('org.sat4j.core/src/main/java/org/sat4j/minisat/core/Solver.java.xml', 'stmt', 955)) | SrcmlStmtInsertion(('org.sat4j.core/src/main/java/org/sat4j/minisat/core/Solver.java.xml', '_inter_block', 1371), ('org.sat4j.core/src/main/java/org/sat4j/minisat/core/Solver.java.xml', 'stmt', 176))"
2024-07-21 00:48:25,879	[INFO]	60      COMPILE_CODE_ERROR    None (--) [4 edit(s)]  
2024-07-21 00:48:25,879	[DEBUG]	patch(60)="SrcmlStmtReplacement(('org.sat4j.core/src/main/java/org/sat4j/minisat/core/Solver.java.xml', 'stmt', 66), ('org.sat4j.core/src/main/java/org/sat4j/minisat/core/Solver.java.xml', 'stmt', 1001)) | SrcmlStmtInsertion(('org.sat4j.core/src/main/java/org/sat4j/minisat/core/Solver.java.xml', '_inter_block', 356), ('org.sat4j.core/src/main/java/org/sat4j/minisat/core/Solver.java.xml', 'stmt', 799)) | SrcmlStmtDeletion(('org.sat4j.core/src/main/java/org/sat4j/minisat/core/Solver.java.xml', 'stmt', 955)) | SrcmlStmtDeletion(('org.sat4j.core/src/main/java/org/sat4j/minisat/core/Solver.java.xml', 'stmt', 349))"
2024-07-21 00:48:25,898	[INFO]	61      SUCCESS               1039645071.299000 (90.96%) [2 edit(s)] [cached] 
2024-07-21 00:48:25,898	[DEBUG]	patch(61)="SrcmlStmtReplacement(('org.sat4j.core/src/main/java/org/sat4j/minisat/core/Solver.java.xml', 'stmt', 66), ('org.sat4j.core/src/main/java/org/sat4j/minisat/core/Solver.java.xml', 'stmt', 1001)) | SrcmlStmtInsertion(('org.sat4j.core/src/main/java/org/sat4j/minisat/core/Solver.java.xml', '_inter_block', 356), ('org.sat4j.core/src/main/java/org/sat4j/minisat/core/Solver.java.xml', 'stmt', 799))"
2024-07-21 00:48:30,204	[INFO]	62      COMPILE_CODE_ERROR    None (--) [4 edit(s)]  
2024-07-21 00:48:30,204	[DEBUG]	patch(62)="SrcmlStmtReplacement(('org.sat4j.core/src/main/java/org/sat4j/minisat/core/Solver.java.xml', 'stmt', 66), ('org.sat4j.core/src/main/java/org/sat4j/minisat/core/Solver.java.xml', 'stmt', 1001)) | SrcmlStmtInsertion(('org.sat4j.core/src/main/java/org/sat4j/minisat/core/Solver.java.xml', '_inter_block', 356), ('org.sat4j.core/src/main/java/org/sat4j/minisat/core/Solver.java.xml', 'stmt', 799)) | SrcmlStmtDeletion(('org.sat4j.core/src/main/java/org/sat4j/minisat/core/Solver.java.xml', 'stmt', 955)) | SrcmlStmtInsertion(('org.sat4j.core/src/main/java/org/sat4j/minisat/core/Solver.java.xml', '_inter_block', 464), ('org.sat4j.core/src/main/java/org/sat4j/minisat/core/Solver.java.xml', 'stmt', 218))"
2024-07-21 00:50:08,535	[DEBUG]	EXEC>  SUCCESS 1197992277.716
2024-07-21 00:50:08,535	[INFO]	63      SUCCESS               1197992277.716000 (104.82%) [4 edit(s)]  
2024-07-21 00:50:08,535	[DEBUG]	patch(63)="SrcmlStmtReplacement(('org.sat4j.core/src/main/java/org/sat4j/minisat/core/Solver.java.xml', 'stmt', 66), ('org.sat4j.core/src/main/java/org/sat4j/minisat/core/Solver.java.xml', 'stmt', 1001)) | SrcmlStmtInsertion(('org.sat4j.core/src/main/java/org/sat4j/minisat/core/Solver.java.xml', '_inter_block', 356), ('org.sat4j.core/src/main/java/org/sat4j/minisat/core/Solver.java.xml', 'stmt', 799)) | SrcmlStmtDeletion(('org.sat4j.core/src/main/java/org/sat4j/minisat/core/Solver.java.xml', 'stmt', 955)) | SrcmlStmtDeletion(('org.sat4j.core/src/main/java/org/sat4j/minisat/core/Solver.java.xml', 'stmt', 232))"
2024-07-21 00:50:13,266	[INFO]	64      COMPILE_CODE_ERROR    None (--) [4 edit(s)]  
2024-07-21 00:50:13,266	[DEBUG]	patch(64)="SrcmlStmtReplacement(('org.sat4j.core/src/main/java/org/sat4j/minisat/core/Solver.java.xml', 'stmt', 66), ('org.sat4j.core/src/main/java/org/sat4j/minisat/core/Solver.java.xml', 'stmt', 1001)) | SrcmlStmtInsertion(('org.sat4j.core/src/main/java/org/sat4j/minisat/core/Solver.java.xml', '_inter_block', 356), ('org.sat4j.core/src/main/java/org/sat4j/minisat/core/Solver.java.xml', 'stmt', 799)) | SrcmlStmtDeletion(('org.sat4j.core/src/main/java/org/sat4j/minisat/core/Solver.java.xml', 'stmt', 955)) | SrcmlStmtInsertion(('org.sat4j.core/src/main/java/org/sat4j/minisat/core/Solver.java.xml', '_inter_block', 1189), ('org.sat4j.core/src/main/java/org/sat4j/minisat/core/Solver.java.xml', 'stmt', 583))"
2024-07-21 00:50:17,194	[INFO]	65      COMPILE_CODE_ERROR    None (--) [4 edit(s)]  
2024-07-21 00:50:17,194	[DEBUG]	patch(65)="SrcmlStmtReplacement(('org.sat4j.core/src/main/java/org/sat4j/minisat/core/Solver.java.xml', 'stmt', 66), ('org.sat4j.core/src/main/java/org/sat4j/minisat/core/Solver.java.xml', 'stmt', 1001)) | SrcmlStmtInsertion(('org.sat4j.core/src/main/java/org/sat4j/minisat/core/Solver.java.xml', '_inter_block', 356), ('org.sat4j.core/src/main/java/org/sat4j/minisat/core/Solver.java.xml', 'stmt', 799)) | SrcmlStmtDeletion(('org.sat4j.core/src/main/java/org/sat4j/minisat/core/Solver.java.xml', 'stmt', 955)) | SrcmlStmtReplacement(('org.sat4j.core/src/main/java/org/sat4j/minisat/core/Solver.java.xml', 'stmt', 495), ('org.sat4j.core/src/main/java/org/sat4j/minisat/core/Solver.java.xml', 'stmt', 880))"
2024-07-21 00:50:21,836	[INFO]	66      COMPILE_CODE_ERROR    None (--) [4 edit(s)]  
2024-07-21 00:50:21,836	[DEBUG]	patch(66)="SrcmlStmtReplacement(('org.sat4j.core/src/main/java/org/sat4j/minisat/core/Solver.java.xml', 'stmt', 66), ('org.sat4j.core/src/main/java/org/sat4j/minisat/core/Solver.java.xml', 'stmt', 1001)) | SrcmlStmtInsertion(('org.sat4j.core/src/main/java/org/sat4j/minisat/core/Solver.java.xml', '_inter_block', 356), ('org.sat4j.core/src/main/java/org/sat4j/minisat/core/Solver.java.xml', 'stmt', 799)) | SrcmlStmtDeletion(('org.sat4j.core/src/main/java/org/sat4j/minisat/core/Solver.java.xml', 'stmt', 955)) | SrcmlStmtInsertion(('org.sat4j.core/src/main/java/org/sat4j/minisat/core/Solver.java.xml', '_inter_block', 471), ('org.sat4j.core/src/main/java/org/sat4j/minisat/core/Solver.java.xml', 'stmt', 268))"
2024-07-21 00:50:26,398	[INFO]	67      COMPILE_CODE_ERROR    None (--) [4 edit(s)]  
2024-07-21 00:50:26,398	[DEBUG]	patch(67)="SrcmlStmtReplacement(('org.sat4j.core/src/main/java/org/sat4j/minisat/core/Solver.java.xml', 'stmt', 66), ('org.sat4j.core/src/main/java/org/sat4j/minisat/core/Solver.java.xml', 'stmt', 1001)) | SrcmlStmtInsertion(('org.sat4j.core/src/main/java/org/sat4j/minisat/core/Solver.java.xml', '_inter_block', 356), ('org.sat4j.core/src/main/java/org/sat4j/minisat/core/Solver.java.xml', 'stmt', 799)) | SrcmlStmtDeletion(('org.sat4j.core/src/main/java/org/sat4j/minisat/core/Solver.java.xml', 'stmt', 955)) | SrcmlStmtDeletion(('org.sat4j.core/src/main/java/org/sat4j/minisat/core/Solver.java.xml', 'stmt', 651))"
2024-07-21 00:52:04,841	[DEBUG]	EXEC>  SUCCESS 1048010090.731
2024-07-21 00:52:04,841	[INFO]	68      SUCCESS               1048010090.731000 (91.70%) [4 edit(s)]  
2024-07-21 00:52:04,841	[DEBUG]	patch(68)="SrcmlStmtReplacement(('org.sat4j.core/src/main/java/org/sat4j/minisat/core/Solver.java.xml', 'stmt', 66), ('org.sat4j.core/src/main/java/org/sat4j/minisat/core/Solver.java.xml', 'stmt', 1001)) | SrcmlStmtInsertion(('org.sat4j.core/src/main/java/org/sat4j/minisat/core/Solver.java.xml', '_inter_block', 356), ('org.sat4j.core/src/main/java/org/sat4j/minisat/core/Solver.java.xml', 'stmt', 799)) | SrcmlStmtDeletion(('org.sat4j.core/src/main/java/org/sat4j/minisat/core/Solver.java.xml', 'stmt', 955)) | SrcmlStmtDeletion(('org.sat4j.core/src/main/java/org/sat4j/minisat/core/Solver.java.xml', 'stmt', 429))"
2024-07-21 00:53:40,722	[DEBUG]	EXEC>  SUCCESS 1079521949.656
2024-07-21 00:53:40,723	[INFO]	69      SUCCESS               1079521949.656000 (94.45%) [4 edit(s)]  
2024-07-21 00:53:40,723	[DEBUG]	patch(69)="SrcmlStmtReplacement(('org.sat4j.core/src/main/java/org/sat4j/minisat/core/Solver.java.xml', 'stmt', 66), ('org.sat4j.core/src/main/java/org/sat4j/minisat/core/Solver.java.xml', 'stmt', 1001)) | SrcmlStmtInsertion(('org.sat4j.core/src/main/java/org/sat4j/minisat/core/Solver.java.xml', '_inter_block', 356), ('org.sat4j.core/src/main/java/org/sat4j/minisat/core/Solver.java.xml', 'stmt', 799)) | SrcmlStmtDeletion(('org.sat4j.core/src/main/java/org/sat4j/minisat/core/Solver.java.xml', 'stmt', 955)) | SrcmlStmtReplacement(('org.sat4j.core/src/main/java/org/sat4j/minisat/core/Solver.java.xml', 'stmt', 837), ('org.sat4j.core/src/main/java/org/sat4j/minisat/core/Solver.java.xml', 'stmt', 903))"
2024-07-21 00:53:51,164	[INFO]	70      TEST_CODE_ERROR       None (--) [4 edit(s)]  
2024-07-21 00:53:51,165	[DEBUG]	patch(70)="SrcmlStmtReplacement(('org.sat4j.core/src/main/java/org/sat4j/minisat/core/Solver.java.xml', 'stmt', 66), ('org.sat4j.core/src/main/java/org/sat4j/minisat/core/Solver.java.xml', 'stmt', 1001)) | SrcmlStmtInsertion(('org.sat4j.core/src/main/java/org/sat4j/minisat/core/Solver.java.xml', '_inter_block', 356), ('org.sat4j.core/src/main/java/org/sat4j/minisat/core/Solver.java.xml', 'stmt', 799)) | SrcmlStmtDeletion(('org.sat4j.core/src/main/java/org/sat4j/minisat/core/Solver.java.xml', 'stmt', 955)) | SrcmlStmtInsertion(('org.sat4j.core/src/main/java/org/sat4j/minisat/core/Solver.java.xml', '_inter_block', 210), ('org.sat4j.core/src/main/java/org/sat4j/minisat/core/Solver.java.xml', 'stmt', 906))"
2024-07-21 00:53:55,162	[INFO]	71      COMPILE_CODE_ERROR    None (--) [4 edit(s)]  
2024-07-21 00:53:55,162	[DEBUG]	patch(71)="SrcmlStmtReplacement(('org.sat4j.core/src/main/java/org/sat4j/minisat/core/Solver.java.xml', 'stmt', 66), ('org.sat4j.core/src/main/java/org/sat4j/minisat/core/Solver.java.xml', 'stmt', 1001)) | SrcmlStmtInsertion(('org.sat4j.core/src/main/java/org/sat4j/minisat/core/Solver.java.xml', '_inter_block', 356), ('org.sat4j.core/src/main/java/org/sat4j/minisat/core/Solver.java.xml', 'stmt', 799)) | SrcmlStmtDeletion(('org.sat4j.core/src/main/java/org/sat4j/minisat/core/Solver.java.xml', 'stmt', 955)) | SrcmlStmtDeletion(('org.sat4j.core/src/main/java/org/sat4j/minisat/core/Solver.java.xml', 'stmt', 256))"
2024-07-21 00:53:59,621	[INFO]	72      COMPILE_CODE_ERROR    None (--) [4 edit(s)]  
2024-07-21 00:53:59,621	[DEBUG]	patch(72)="SrcmlStmtReplacement(('org.sat4j.core/src/main/java/org/sat4j/minisat/core/Solver.java.xml', 'stmt', 66), ('org.sat4j.core/src/main/java/org/sat4j/minisat/core/Solver.java.xml', 'stmt', 1001)) | SrcmlStmtInsertion(('org.sat4j.core/src/main/java/org/sat4j/minisat/core/Solver.java.xml', '_inter_block', 356), ('org.sat4j.core/src/main/java/org/sat4j/minisat/core/Solver.java.xml', 'stmt', 799)) | SrcmlStmtDeletion(('org.sat4j.core/src/main/java/org/sat4j/minisat/core/Solver.java.xml', 'stmt', 955)) | SrcmlStmtInsertion(('org.sat4j.core/src/main/java/org/sat4j/minisat/core/Solver.java.xml', '_inter_block', 1541), ('org.sat4j.core/src/main/java/org/sat4j/minisat/core/Solver.java.xml', 'stmt', 860))"
2024-07-21 00:54:03,838	[INFO]	73      COMPILE_CODE_ERROR    None (--) [4 edit(s)]  
2024-07-21 00:54:03,838	[DEBUG]	patch(73)="SrcmlStmtReplacement(('org.sat4j.core/src/main/java/org/sat4j/minisat/core/Solver.java.xml', 'stmt', 66), ('org.sat4j.core/src/main/java/org/sat4j/minisat/core/Solver.java.xml', 'stmt', 1001)) | SrcmlStmtInsertion(('org.sat4j.core/src/main/java/org/sat4j/minisat/core/Solver.java.xml', '_inter_block', 356), ('org.sat4j.core/src/main/java/org/sat4j/minisat/core/Solver.java.xml', 'stmt', 799)) | SrcmlStmtDeletion(('org.sat4j.core/src/main/java/org/sat4j/minisat/core/Solver.java.xml', 'stmt', 955)) | SrcmlStmtDeletion(('org.sat4j.core/src/main/java/org/sat4j/minisat/core/Solver.java.xml', 'stmt', 282))"
2024-07-21 00:54:08,221	[INFO]	74      COMPILE_CODE_ERROR    None (--) [4 edit(s)]  
2024-07-21 00:54:08,221	[DEBUG]	patch(74)="SrcmlStmtReplacement(('org.sat4j.core/src/main/java/org/sat4j/minisat/core/Solver.java.xml', 'stmt', 66), ('org.sat4j.core/src/main/java/org/sat4j/minisat/core/Solver.java.xml', 'stmt', 1001)) | SrcmlStmtInsertion(('org.sat4j.core/src/main/java/org/sat4j/minisat/core/Solver.java.xml', '_inter_block', 356), ('org.sat4j.core/src/main/java/org/sat4j/minisat/core/Solver.java.xml', 'stmt', 799)) | SrcmlStmtDeletion(('org.sat4j.core/src/main/java/org/sat4j/minisat/core/Solver.java.xml', 'stmt', 955)) | SrcmlStmtReplacement(('org.sat4j.core/src/main/java/org/sat4j/minisat/core/Solver.java.xml', 'stmt', 787), ('org.sat4j.core/src/main/java/org/sat4j/minisat/core/Solver.java.xml', 'stmt', 922))"
2024-07-21 00:54:12,204	[INFO]	75      COMPILE_CODE_ERROR    None (--) [4 edit(s)]  
2024-07-21 00:54:12,204	[DEBUG]	patch(75)="SrcmlStmtReplacement(('org.sat4j.core/src/main/java/org/sat4j/minisat/core/Solver.java.xml', 'stmt', 66), ('org.sat4j.core/src/main/java/org/sat4j/minisat/core/Solver.java.xml', 'stmt', 1001)) | SrcmlStmtInsertion(('org.sat4j.core/src/main/java/org/sat4j/minisat/core/Solver.java.xml', '_inter_block', 356), ('org.sat4j.core/src/main/java/org/sat4j/minisat/core/Solver.java.xml', 'stmt', 799)) | SrcmlStmtDeletion(('org.sat4j.core/src/main/java/org/sat4j/minisat/core/Solver.java.xml', 'stmt', 955)) | SrcmlStmtInsertion(('org.sat4j.core/src/main/java/org/sat4j/minisat/core/Solver.java.xml', '_inter_block', 237), ('org.sat4j.core/src/main/java/org/sat4j/minisat/core/Solver.java.xml', 'stmt', 501))"
2024-07-21 00:55:50,005	[DEBUG]	EXEC>  SUCCESS 1140683687.252
2024-07-21 00:55:50,005	[INFO]	76      SUCCESS               1140683687.252000 (99.80%) [4 edit(s)]  
2024-07-21 00:55:50,005	[DEBUG]	patch(76)="SrcmlStmtReplacement(('org.sat4j.core/src/main/java/org/sat4j/minisat/core/Solver.java.xml', 'stmt', 66), ('org.sat4j.core/src/main/java/org/sat4j/minisat/core/Solver.java.xml', 'stmt', 1001)) | SrcmlStmtInsertion(('org.sat4j.core/src/main/java/org/sat4j/minisat/core/Solver.java.xml', '_inter_block', 356), ('org.sat4j.core/src/main/java/org/sat4j/minisat/core/Solver.java.xml', 'stmt', 799)) | SrcmlStmtDeletion(('org.sat4j.core/src/main/java/org/sat4j/minisat/core/Solver.java.xml', 'stmt', 955)) | SrcmlStmtInsertion(('org.sat4j.core/src/main/java/org/sat4j/minisat/core/Solver.java.xml', '_inter_block', 1394), ('org.sat4j.core/src/main/java/org/sat4j/minisat/core/Solver.java.xml', 'stmt', 747))"
2024-07-21 00:55:51,854	[INFO]	77      COMPILE_CODE_ERROR    None (--) [4 edit(s)]  
2024-07-21 00:55:51,855	[DEBUG]	patch(77)="SrcmlStmtReplacement(('org.sat4j.core/src/main/java/org/sat4j/minisat/core/Solver.java.xml', 'stmt', 66), ('org.sat4j.core/src/main/java/org/sat4j/minisat/core/Solver.java.xml', 'stmt', 1001)) | SrcmlStmtInsertion(('org.sat4j.core/src/main/java/org/sat4j/minisat/core/Solver.java.xml', '_inter_block', 356), ('org.sat4j.core/src/main/java/org/sat4j/minisat/core/Solver.java.xml', 'stmt', 799)) | SrcmlStmtDeletion(('org.sat4j.core/src/main/java/org/sat4j/minisat/core/Solver.java.xml', 'stmt', 955)) | SrcmlStmtReplacement(('org.sat4j.core/src/main/java/org/sat4j/minisat/core/Solver.java.xml', 'stmt', 994), ('org.sat4j.core/src/main/java/org/sat4j/minisat/core/Solver.java.xml', 'stmt', 355))"
2024-07-21 00:57:29,195	[DEBUG]	EXEC>  SUCCESS 1096462577.749
2024-07-21 00:57:29,195	[INFO]	78      SUCCESS               1096462577.749000 (95.93%) [2 edit(s)]  
2024-07-21 00:57:29,196	[DEBUG]	patch(78)="SrcmlStmtInsertion(('org.sat4j.core/src/main/java/org/sat4j/minisat/core/Solver.java.xml', '_inter_block', 356), ('org.sat4j.core/src/main/java/org/sat4j/minisat/core/Solver.java.xml', 'stmt', 799)) | SrcmlStmtDeletion(('org.sat4j.core/src/main/java/org/sat4j/minisat/core/Solver.java.xml', 'stmt', 955))"
2024-07-21 00:59:03,958	[DEBUG]	EXEC>  SUCCESS 1071287935.629
2024-07-21 00:59:03,959	[INFO]	79      SUCCESS               1071287935.629000 (93.73%) [4 edit(s)]  
2024-07-21 00:59:03,959	[DEBUG]	patch(79)="SrcmlStmtReplacement(('org.sat4j.core/src/main/java/org/sat4j/minisat/core/Solver.java.xml', 'stmt', 66), ('org.sat4j.core/src/main/java/org/sat4j/minisat/core/Solver.java.xml', 'stmt', 1001)) | SrcmlStmtInsertion(('org.sat4j.core/src/main/java/org/sat4j/minisat/core/Solver.java.xml', '_inter_block', 356), ('org.sat4j.core/src/main/java/org/sat4j/minisat/core/Solver.java.xml', 'stmt', 799)) | SrcmlStmtDeletion(('org.sat4j.core/src/main/java/org/sat4j/minisat/core/Solver.java.xml', 'stmt', 955)) | SrcmlStmtDeletion(('org.sat4j.core/src/main/java/org/sat4j/minisat/core/Solver.java.xml', 'stmt', 620))"
2024-07-21 00:59:03,981	[INFO]	~~~~ END ~~~~
2024-07-21 00:59:03,981	[INFO]	
2024-07-21 00:59:03,981	[INFO]	==== REPORT ====
2024-07-21 00:59:03,981	[INFO]	Termination: time budget
2024-07-21 00:59:03,981	[INFO]	Retries: 1
2024-07-21 00:59:03,981	[INFO]	Log file: /home/dbouras/magpie/_magpie_logs/sat4j_1721517412.log
2024-07-21 00:59:03,981	[INFO]	Patch file: _magpie_logs/sat4j_1721517412.patch
2024-07-21 00:59:03,981	[INFO]	Diff file: _magpie_logs/sat4j_1721517412.diff
2024-07-21 00:59:03,982	[INFO]	Reference fitness: 1142926543.849000
2024-07-21 00:59:03,982	[INFO]	Best fitness: 1012409977.484000
2024-07-21 00:59:03,982	[INFO]	
2024-07-21 00:59:03,982	[INFO]	==== BEST PATCH ====
SrcmlStmtReplacement(('org.sat4j.core/src/main/java/org/sat4j/minisat/core/Solver.java.xml', 'stmt', 66), ('org.sat4j.core/src/main/java/org/sat4j/minisat/core/Solver.java.xml', 'stmt', 1001)) | SrcmlStmtInsertion(('org.sat4j.core/src/main/java/org/sat4j/minisat/core/Solver.java.xml', '_inter_block', 356), ('org.sat4j.core/src/main/java/org/sat4j/minisat/core/Solver.java.xml', 'stmt', 799)) | SrcmlStmtDeletion(('org.sat4j.core/src/main/java/org/sat4j/minisat/core/Solver.java.xml', 'stmt', 955))
2024-07-21 00:59:03,983	[INFO]	
2024-07-21 00:59:03,983	[INFO]	==== DIFF ====
[1m--- before: org.sat4j.core/src/main/java/org/sat4j/minisat/core/Solver.java[0m
[1m+++ after: org.sat4j.core/src/main/java/org/sat4j/minisat/core/Solver.java[0m
[36m@@ -306,7 +306,7 @@[0m
      */
     public void setLearningStrategy(LearningStrategy<D> strategy) {
         if (this.learner != null) {
[31m-            this.learner.setSolver(null);[0m
[32m+            this.sharedConflict.register();[0m
         }
         this.learner = strategy;
         strategy.setSolver(this);
[36m@@ -495,6 +495,7 @@[0m
 
     public IConstr addParity(IVecInt literals, boolean even) {
         IVecInt vlits = dimacs2internal(literals);
[32m+        this.timer = null;[0m
         return addConstr(Xor.createParityConstraint(vlits, even, voc));
     }
 
[36m@@ -2436,7 +2437,7 @@[0m
         case LBD:
             this.learnedConstraintsDeletionStrategy = new GlucoseLCDS<D>(this,
                     timer);
[31m-            break;[0m
[32m+            [0m
         case LBD2:
             this.learnedConstraintsDeletionStrategy = new Glucose2LCDS<D>(this,
                     timer);

