2024-07-18 03:50:20,934	[DEBUG]	==== CONFIG ====
[magpie]
import = 
seed = 45
log_dir = _magpie_logs
work_dir = _magpie_work
local_original_copy = True
local_original_name = __original__
output_encoding = ascii
edit_retries = 10
default_timeout = 30
default_lengthout = 1e6
diff_method = unified
trust_local_filesystem = True

[magpie.log]
color_output = True
format_info = {counter:<7} {status:<20} {best}{fitness} ({ratio}) [{size}] {cached} {log}
format_debug = patch({counter})="{patch}"{diffifbest}
format_fitness = {:.6f}
format_ratio = {:.2%%}
format_patchif = 
	 --> {patch}
format_diffif = 
	{diff}

[software]
path = examples/sat4j
target_files = test.params
software = BasicSoftware
model_rules = 
	*.params : ParamFileConfigModel
	*.xml : SrcmlModel
	* : LineModel
model_config = 
	*.params : [paramconfig]
	*.xml : [srcml]
init_cmd = 
init_timeout = 60
init_lengthout = -1
setup_cmd = ant sat
setup_timeout = 
setup_lengthout = 
compile_cmd = 
compile_timeout = 
compile_lengthout = 
test_cmd = bash test.sh
test_timeout = 
test_lengthout = 
run_cmd = perf stat -e cycles bash run_fixed.sh
run_timeout = 
run_lengthout = 
retries = 4
batch_timeout = 
batch_lengthout = 
batch_bin_fitness_strategy = aggregate
batch_fitness_strategy = sum
fitness = perf_cycles

[srcml]
rename = 
	stmt: break continue decl_stmt do expr_stmt for goto if return switch while
	number: literal_number
focus = block stmt operator_comp operator_arith number
internodes = block
process_pseudo_blocks = True
process_literals = True
process_operators = True

[paramconfig]
timing = test run
cli_prefix = --
cli_glue = =
cli_boolean = show
cli_boolean_prefix_true = 
cli_boolean_prefix_false = no-
cli_none = hide
silent_prefix = @
silent_suffix = $

[search]
protocol = BasicProtocol
algorithm = FirstImprovement
possible_edits = ParamSetting
warmup = 3
warmup_strategy = last
max_steps = 10000
max_time = 1800
target_fitness = 
cache_maxsize = 100
cache_keep = 0.2
batch_instances = 
batch_shuffle = True
batch_bin_shuffle = False
batch_sample_size = 1

[search.ls]
delete_prob = 0.5
max_neighbours = 
when_trapped = continue
accept_fail = False
tabu_length = 10

[search.gp]
pop_size = 10
delete_prob = 0.5
offspring_elitism = 0.1
offspring_crossover = 0.5
offspring_mutation = 0.4
uniform_rate = 0.5
batch_reset = True

[search.minify]
do_cleanup = True
do_rebuild = True
do_simplify = True
round_robin_limit = 3


2024-07-18 03:50:20,934	[DEBUG]	
2024-07-18 03:50:20,935	[INFO]	==== SEARCH: FirstImprovement ====
2024-07-18 03:50:20,935	[INFO]	~~~~ WARMUP ~~~~
2024-07-18 03:51:20,061	[DEBUG]	EXEC>  SUCCESS 113894222030.25
2024-07-18 03:51:20,061	[INFO]	WARM    SUCCESS               113894222030.250000 (--) [0 edit(s)]  
2024-07-18 03:52:08,702	[DEBUG]	EXEC>  SUCCESS 116703838888.25
2024-07-18 03:52:08,702	[INFO]	WARM    SUCCESS               116703838888.250000 (--) [0 edit(s)]  
2024-07-18 03:52:56,513	[DEBUG]	EXEC>  SUCCESS 113918153794.5
2024-07-18 03:52:56,513	[INFO]	WARM    SUCCESS               113918153794.500000 (--) [0 edit(s)]  
2024-07-18 03:52:56,513	[INFO]	REF     SUCCESS               113918153794.500000 (--) [0 edit(s)]  
2024-07-18 03:52:56,513	[INFO]	
2024-07-18 03:52:56,514	[INFO]	~~~~ START ~~~~
2024-07-18 03:53:44,150	[DEBUG]	EXEC>  SUCCESS 113880120710.5
2024-07-18 03:53:44,150	[INFO]	1       SUCCESS              *113880120710.500000 (99.97%) [1 edit(s)]  
2024-07-18 03:53:44,150	[DEBUG]	patch(1)="ParamSetting(('test.params', 'param', 'CONFLICTBOUNDINCFACTOR'), 2.1441515513114506)"
--- before: test.params
+++ after: test.params
@@ -5,6 +5,6 @@
 CLADECAY := 0.999
 INITCONFLICTBOUND := 100
 VARDECAY := 0.95
-CONFLICTBOUNDINCFACTOR := 2.0
+CONFLICTBOUNDINCFACTOR := 2.1441515513114506
 SIMP := 'EXPENSIVE_SIMPLIFICATION'
 CLEANING := 'LBD2'

2024-07-18 03:53:44,151	[INFO]	2       SUCCESS               113918153794.500000 (100.00%) [0 edit(s)] [cached] 
2024-07-18 03:53:44,151	[DEBUG]	patch(2)=""
2024-07-18 03:54:30,608	[DEBUG]	EXEC>  SUCCESS 109592596626.25
2024-07-18 03:54:30,608	[INFO]	3       SUCCESS              *109592596626.250000 (96.20%) [2 edit(s)]  
2024-07-18 03:54:30,608	[DEBUG]	patch(3)="ParamSetting(('test.params', 'param', 'CONFLICTBOUNDINCFACTOR'), 2.1441515513114506) | ParamSetting(('test.params', 'param', 'FIXEDPERIOD'), 3169)"
--- before: test.params
+++ after: test.params
@@ -1,10 +1,10 @@
 RESTARTS := 'Glucose21Restarts'
 LUBYFACTOR := 512
-FIXEDPERIOD := 100
+FIXEDPERIOD := 3169
 PHASE := 'RSATPhaseSelectionStrategy'
 CLADECAY := 0.999
 INITCONFLICTBOUND := 100
 VARDECAY := 0.95
-CONFLICTBOUNDINCFACTOR := 2.0
+CONFLICTBOUNDINCFACTOR := 2.1441515513114506
 SIMP := 'EXPENSIVE_SIMPLIFICATION'
 CLEANING := 'LBD2'

2024-07-18 03:55:14,157	[DEBUG]	EXEC>  SUCCESS 104742281514.0
2024-07-18 03:55:14,158	[INFO]	4       SUCCESS              *104742281514.000000 (91.95%) [3 edit(s)]  
2024-07-18 03:55:14,158	[DEBUG]	patch(4)="ParamSetting(('test.params', 'param', 'CONFLICTBOUNDINCFACTOR'), 2.1441515513114506) | ParamSetting(('test.params', 'param', 'FIXEDPERIOD'), 3169) | ParamSetting(('test.params', 'param', 'VARDECAY'), 0.07495132545320449)"
--- before: test.params
+++ after: test.params
@@ -1,10 +1,10 @@
 RESTARTS := 'Glucose21Restarts'
 LUBYFACTOR := 512
-FIXEDPERIOD := 100
+FIXEDPERIOD := 3169
 PHASE := 'RSATPhaseSelectionStrategy'
 CLADECAY := 0.999
 INITCONFLICTBOUND := 100
-VARDECAY := 0.95
-CONFLICTBOUNDINCFACTOR := 2.0
+VARDECAY := 0.07495132545320449
+CONFLICTBOUNDINCFACTOR := 2.1441515513114506
 SIMP := 'EXPENSIVE_SIMPLIFICATION'
 CLEANING := 'LBD2'

2024-07-18 03:55:14,159	[INFO]	5       SUCCESS               109592596626.250000 (96.20%) [2 edit(s)] [cached] 
2024-07-18 03:55:14,159	[DEBUG]	patch(5)="ParamSetting(('test.params', 'param', 'CONFLICTBOUNDINCFACTOR'), 2.1441515513114506) | ParamSetting(('test.params', 'param', 'FIXEDPERIOD'), 3169)"
2024-07-18 03:55:57,736	[DEBUG]	EXEC>  SUCCESS 105003337253.5
2024-07-18 03:55:57,736	[INFO]	6       SUCCESS               105003337253.500000 (92.17%) [2 edit(s)]  
2024-07-18 03:55:57,736	[DEBUG]	patch(6)="ParamSetting(('test.params', 'param', 'FIXEDPERIOD'), 3169) | ParamSetting(('test.params', 'param', 'VARDECAY'), 0.07495132545320449)"
2024-07-18 03:56:40,492	[DEBUG]	EXEC>  SUCCESS 101727116690.75
2024-07-18 03:56:40,493	[INFO]	7       SUCCESS              *101727116690.750000 (89.30%) [2 edit(s)]  
2024-07-18 03:56:40,493	[DEBUG]	patch(7)="ParamSetting(('test.params', 'param', 'CONFLICTBOUNDINCFACTOR'), 2.1441515513114506) | ParamSetting(('test.params', 'param', 'VARDECAY'), 0.07495132545320449)"
--- before: test.params
+++ after: test.params
@@ -4,7 +4,7 @@
 PHASE := 'RSATPhaseSelectionStrategy'
 CLADECAY := 0.999
 INITCONFLICTBOUND := 100
-VARDECAY := 0.95
-CONFLICTBOUNDINCFACTOR := 2.0
+VARDECAY := 0.07495132545320449
+CONFLICTBOUNDINCFACTOR := 2.1441515513114506
 SIMP := 'EXPENSIVE_SIMPLIFICATION'
 CLEANING := 'LBD2'

2024-07-18 03:56:40,494	[INFO]	8       SUCCESS               113880120710.500000 (99.97%) [1 edit(s)] [cached] 
2024-07-18 03:56:40,494	[DEBUG]	patch(8)="ParamSetting(('test.params', 'param', 'CONFLICTBOUNDINCFACTOR'), 2.1441515513114506)"
2024-07-18 03:57:23,738	[DEBUG]	EXEC>  SUCCESS 103659341423.5
2024-07-18 03:57:23,738	[INFO]	9       SUCCESS               103659341423.500000 (90.99%) [1 edit(s)]  
2024-07-18 03:57:23,738	[DEBUG]	patch(9)="ParamSetting(('test.params', 'param', 'VARDECAY'), 0.07495132545320449)"
2024-07-18 03:58:07,125	[DEBUG]	EXEC>  SUCCESS 103612237877.25
2024-07-18 03:58:07,125	[INFO]	10      SUCCESS               103612237877.250000 (90.95%) [3 edit(s)]  
2024-07-18 03:58:07,125	[DEBUG]	patch(10)="ParamSetting(('test.params', 'param', 'CONFLICTBOUNDINCFACTOR'), 2.1441515513114506) | ParamSetting(('test.params', 'param', 'VARDECAY'), 0.07495132545320449) | ParamSetting(('test.params', 'param', 'CONFLICTBOUNDINCFACTOR'), 3.7740290197297948)"
2024-07-18 03:58:50,425	[DEBUG]	EXEC>  SUCCESS 103733078902.0
2024-07-18 03:58:50,425	[INFO]	11      SUCCESS               103733078902.000000 (91.06%) [3 edit(s)]  
2024-07-18 03:58:50,426	[DEBUG]	patch(11)="ParamSetting(('test.params', 'param', 'CONFLICTBOUNDINCFACTOR'), 2.1441515513114506) | ParamSetting(('test.params', 'param', 'VARDECAY'), 0.07495132545320449) | ParamSetting(('test.params', 'param', 'RESTARTS'), 'ArminRestarts')"
2024-07-18 03:58:50,427	[INFO]	12      SUCCESS              +101727116690.750000 (89.30%) [3 edit(s)] [cached] 
2024-07-18 03:58:50,427	[DEBUG]	patch(12)="ParamSetting(('test.params', 'param', 'CONFLICTBOUNDINCFACTOR'), 2.1441515513114506) | ParamSetting(('test.params', 'param', 'VARDECAY'), 0.07495132545320449) | ParamSetting(('test.params', 'param', 'SIMP'), 'EXPENSIVE_SIMPLIFICATION')"
2024-07-18 03:59:33,563	[DEBUG]	EXEC>  SUCCESS 102601509893.0
2024-07-18 03:59:33,563	[INFO]	13      SUCCESS               102601509893.000000 (90.07%) [4 edit(s)]  
2024-07-18 03:59:33,563	[DEBUG]	patch(13)="ParamSetting(('test.params', 'param', 'CONFLICTBOUNDINCFACTOR'), 2.1441515513114506) | ParamSetting(('test.params', 'param', 'VARDECAY'), 0.07495132545320449) | ParamSetting(('test.params', 'param', 'SIMP'), 'EXPENSIVE_SIMPLIFICATION') | ParamSetting(('test.params', 'param', 'CLADECAY'), 0.1681493981396387)"
2024-07-18 03:59:33,564	[INFO]	14      SUCCESS               113880120710.500000 (99.97%) [2 edit(s)] [cached] 
2024-07-18 03:59:33,564	[DEBUG]	patch(14)="ParamSetting(('test.params', 'param', 'CONFLICTBOUNDINCFACTOR'), 2.1441515513114506) | ParamSetting(('test.params', 'param', 'SIMP'), 'EXPENSIVE_SIMPLIFICATION')"
2024-07-18 03:59:33,565	[INFO]	15      SUCCESS               103659341423.500000 (90.99%) [2 edit(s)] [cached] 
2024-07-18 03:59:33,565	[DEBUG]	patch(15)="ParamSetting(('test.params', 'param', 'VARDECAY'), 0.07495132545320449) | ParamSetting(('test.params', 'param', 'SIMP'), 'EXPENSIVE_SIMPLIFICATION')"
2024-07-18 03:59:33,566	[INFO]	16      SUCCESS              +101727116690.750000 (89.30%) [2 edit(s)] [cached] 
2024-07-18 03:59:33,566	[DEBUG]	patch(16)="ParamSetting(('test.params', 'param', 'CONFLICTBOUNDINCFACTOR'), 2.1441515513114506) | ParamSetting(('test.params', 'param', 'VARDECAY'), 0.07495132545320449)"
2024-07-18 04:00:17,487	[DEBUG]	EXEC>  SUCCESS 105163709654.25
2024-07-18 04:00:17,487	[INFO]	17      SUCCESS               105163709654.250000 (92.32%) [3 edit(s)]  
2024-07-18 04:00:17,487	[DEBUG]	patch(17)="ParamSetting(('test.params', 'param', 'CONFLICTBOUNDINCFACTOR'), 2.1441515513114506) | ParamSetting(('test.params', 'param', 'VARDECAY'), 0.07495132545320449) | ParamSetting(('test.params', 'param', 'CONFLICTBOUNDINCFACTOR'), 2.001215817953507)"
2024-07-18 04:00:17,488	[INFO]	18      SUCCESS               103659341423.500000 (90.99%) [1 edit(s)] [cached] 
2024-07-18 04:00:17,488	[DEBUG]	patch(18)="ParamSetting(('test.params', 'param', 'VARDECAY'), 0.07495132545320449)"
2024-07-18 04:00:17,489	[INFO]	19      SUCCESS               103733078902.000000 (91.06%) [3 edit(s)] [cached] 
2024-07-18 04:00:17,489	[DEBUG]	patch(19)="ParamSetting(('test.params', 'param', 'CONFLICTBOUNDINCFACTOR'), 2.1441515513114506) | ParamSetting(('test.params', 'param', 'VARDECAY'), 0.07495132545320449) | ParamSetting(('test.params', 'param', 'RESTARTS'), 'ArminRestarts')"
2024-07-18 04:01:01,050	[DEBUG]	EXEC>  SUCCESS 104787745098.75
2024-07-18 04:01:01,050	[INFO]	20      SUCCESS               104787745098.750000 (91.99%) [3 edit(s)]  
2024-07-18 04:01:01,050	[DEBUG]	patch(20)="ParamSetting(('test.params', 'param', 'CONFLICTBOUNDINCFACTOR'), 2.1441515513114506) | ParamSetting(('test.params', 'param', 'VARDECAY'), 0.07495132545320449) | ParamSetting(('test.params', 'param', 'LUBYFACTOR'), 55)"
2024-07-18 04:01:44,066	[DEBUG]	EXEC>  SUCCESS 102880608216.75
2024-07-18 04:01:44,067	[INFO]	21      SUCCESS               102880608216.750000 (90.31%) [3 edit(s)]  
2024-07-18 04:01:44,067	[DEBUG]	patch(21)="ParamSetting(('test.params', 'param', 'CONFLICTBOUNDINCFACTOR'), 2.1441515513114506) | ParamSetting(('test.params', 'param', 'VARDECAY'), 0.07495132545320449) | ParamSetting(('test.params', 'param', 'VARDECAY'), 0.7947915613858701)"
2024-07-18 04:01:44,068	[INFO]	22      SUCCESS               113880120710.500000 (99.97%) [1 edit(s)] [cached] 
2024-07-18 04:01:44,068	[DEBUG]	patch(22)="ParamSetting(('test.params', 'param', 'CONFLICTBOUNDINCFACTOR'), 2.1441515513114506)"
2024-07-18 04:02:27,772	[DEBUG]	EXEC>  SUCCESS 105497115638.0
2024-07-18 04:02:27,773	[INFO]	23      SUCCESS               105497115638.000000 (92.61%) [3 edit(s)]  
2024-07-18 04:02:27,773	[DEBUG]	patch(23)="ParamSetting(('test.params', 'param', 'CONFLICTBOUNDINCFACTOR'), 2.1441515513114506) | ParamSetting(('test.params', 'param', 'VARDECAY'), 0.07495132545320449) | ParamSetting(('test.params', 'param', 'VARDECAY'), 0.7665559902953729)"
2024-07-18 04:03:11,341	[DEBUG]	EXEC>  SUCCESS 104312360320.75
2024-07-18 04:03:11,341	[INFO]	24      SUCCESS               104312360320.750000 (91.57%) [3 edit(s)]  
2024-07-18 04:03:11,341	[DEBUG]	patch(24)="ParamSetting(('test.params', 'param', 'CONFLICTBOUNDINCFACTOR'), 2.1441515513114506) | ParamSetting(('test.params', 'param', 'VARDECAY'), 0.07495132545320449) | ParamSetting(('test.params', 'param', 'LUBYFACTOR'), 94)"
2024-07-18 04:03:54,379	[DEBUG]	EXEC>  SUCCESS 103341585439.0
2024-07-18 04:03:54,379	[INFO]	25      SUCCESS               103341585439.000000 (90.72%) [3 edit(s)]  
2024-07-18 04:03:54,380	[DEBUG]	patch(25)="ParamSetting(('test.params', 'param', 'CONFLICTBOUNDINCFACTOR'), 2.1441515513114506) | ParamSetting(('test.params', 'param', 'VARDECAY'), 0.07495132545320449) | ParamSetting(('test.params', 'param', 'INITCONFLICTBOUND'), 46)"
2024-07-18 04:03:54,381	[INFO]	26      SUCCESS              +101727116690.750000 (89.30%) [3 edit(s)] [cached] 
2024-07-18 04:03:54,381	[DEBUG]	patch(26)="ParamSetting(('test.params', 'param', 'CONFLICTBOUNDINCFACTOR'), 2.1441515513114506) | ParamSetting(('test.params', 'param', 'VARDECAY'), 0.07495132545320449) | ParamSetting(('test.params', 'param', 'SIMP'), 'EXPENSIVE_SIMPLIFICATION')"
2024-07-18 04:04:37,526	[DEBUG]	EXEC>  SUCCESS 103093904232.0
2024-07-18 04:04:37,527	[INFO]	27      SUCCESS               103093904232.000000 (90.50%) [4 edit(s)]  
2024-07-18 04:04:37,527	[DEBUG]	patch(27)="ParamSetting(('test.params', 'param', 'CONFLICTBOUNDINCFACTOR'), 2.1441515513114506) | ParamSetting(('test.params', 'param', 'VARDECAY'), 0.07495132545320449) | ParamSetting(('test.params', 'param', 'SIMP'), 'EXPENSIVE_SIMPLIFICATION') | ParamSetting(('test.params', 'param', 'CONFLICTBOUNDINCFACTOR'), 3.1290287078414245)"
2024-07-18 04:05:20,624	[DEBUG]	EXEC>  SUCCESS 103786039396.0
2024-07-18 04:05:20,624	[INFO]	28      SUCCESS               103786039396.000000 (91.11%) [4 edit(s)]  
2024-07-18 04:05:20,625	[DEBUG]	patch(28)="ParamSetting(('test.params', 'param', 'CONFLICTBOUNDINCFACTOR'), 2.1441515513114506) | ParamSetting(('test.params', 'param', 'VARDECAY'), 0.07495132545320449) | ParamSetting(('test.params', 'param', 'SIMP'), 'EXPENSIVE_SIMPLIFICATION') | ParamSetting(('test.params', 'param', 'CLEANING'), 'ACTIVITY')"
2024-07-18 04:06:04,300	[DEBUG]	EXEC>  SUCCESS 104709404250.25
2024-07-18 04:06:04,300	[INFO]	29      SUCCESS               104709404250.250000 (91.92%) [4 edit(s)]  
2024-07-18 04:06:04,300	[DEBUG]	patch(29)="ParamSetting(('test.params', 'param', 'CONFLICTBOUNDINCFACTOR'), 2.1441515513114506) | ParamSetting(('test.params', 'param', 'VARDECAY'), 0.07495132545320449) | ParamSetting(('test.params', 'param', 'SIMP'), 'EXPENSIVE_SIMPLIFICATION') | ParamSetting(('test.params', 'param', 'LUBYFACTOR'), 213)"
2024-07-18 04:06:04,301	[INFO]	30      SUCCESS              +101727116690.750000 (89.30%) [2 edit(s)] [cached] 
2024-07-18 04:06:04,302	[DEBUG]	patch(30)="ParamSetting(('test.params', 'param', 'CONFLICTBOUNDINCFACTOR'), 2.1441515513114506) | ParamSetting(('test.params', 'param', 'VARDECAY'), 0.07495132545320449)"
2024-07-18 04:06:04,303	[INFO]	31      SUCCESS               113880120710.500000 (99.97%) [1 edit(s)] [cached] 
2024-07-18 04:06:04,303	[DEBUG]	patch(31)="ParamSetting(('test.params', 'param', 'CONFLICTBOUNDINCFACTOR'), 2.1441515513114506)"
2024-07-18 04:06:47,921	[DEBUG]	EXEC>  SUCCESS 104862168724.5
2024-07-18 04:06:47,921	[INFO]	32      SUCCESS               104862168724.500000 (92.05%) [3 edit(s)]  
2024-07-18 04:06:47,921	[DEBUG]	patch(32)="ParamSetting(('test.params', 'param', 'CONFLICTBOUNDINCFACTOR'), 2.1441515513114506) | ParamSetting(('test.params', 'param', 'VARDECAY'), 0.07495132545320449) | ParamSetting(('test.params', 'param', 'VARDECAY'), 0.9951178927681067)"
2024-07-18 04:07:31,453	[DEBUG]	EXEC>  SUCCESS 104421192358.0
2024-07-18 04:07:31,453	[INFO]	33      SUCCESS               104421192358.000000 (91.66%) [3 edit(s)]  
2024-07-18 04:07:31,453	[DEBUG]	patch(33)="ParamSetting(('test.params', 'param', 'CONFLICTBOUNDINCFACTOR'), 2.1441515513114506) | ParamSetting(('test.params', 'param', 'VARDECAY'), 0.07495132545320449) | ParamSetting(('test.params', 'param', 'VARDECAY'), 0.06236214997832701)"
2024-07-18 04:07:31,454	[INFO]	34      SUCCESS               103659341423.500000 (90.99%) [1 edit(s)] [cached] 
2024-07-18 04:07:31,454	[DEBUG]	patch(34)="ParamSetting(('test.params', 'param', 'VARDECAY'), 0.07495132545320449)"
2024-07-18 04:07:31,455	[INFO]	35      SUCCESS              +101727116690.750000 (89.30%) [3 edit(s)] [cached] 
2024-07-18 04:07:31,455	[DEBUG]	patch(35)="ParamSetting(('test.params', 'param', 'CONFLICTBOUNDINCFACTOR'), 2.1441515513114506) | ParamSetting(('test.params', 'param', 'VARDECAY'), 0.07495132545320449) | ParamSetting(('test.params', 'param', 'CLEANING'), 'LBD2')"
2024-07-18 04:08:15,258	[DEBUG]	EXEC>  SUCCESS 104898948065.5
2024-07-18 04:08:15,258	[INFO]	36      SUCCESS               104898948065.500000 (92.08%) [4 edit(s)]  
2024-07-18 04:08:15,258	[DEBUG]	patch(36)="ParamSetting(('test.params', 'param', 'CONFLICTBOUNDINCFACTOR'), 2.1441515513114506) | ParamSetting(('test.params', 'param', 'VARDECAY'), 0.07495132545320449) | ParamSetting(('test.params', 'param', 'CLEANING'), 'LBD2') | ParamSetting(('test.params', 'param', 'LUBYFACTOR'), 276)"
2024-07-18 04:08:15,259	[INFO]	37      SUCCESS              +101727116690.750000 (89.30%) [4 edit(s)] [cached] 
2024-07-18 04:08:15,260	[DEBUG]	patch(37)="ParamSetting(('test.params', 'param', 'CONFLICTBOUNDINCFACTOR'), 2.1441515513114506) | ParamSetting(('test.params', 'param', 'VARDECAY'), 0.07495132545320449) | ParamSetting(('test.params', 'param', 'CLEANING'), 'LBD2') | ParamSetting(('test.params', 'param', 'SIMP'), 'EXPENSIVE_SIMPLIFICATION')"
2024-07-18 04:08:58,576	[DEBUG]	EXEC>  SUCCESS 103617472714.5
2024-07-18 04:08:58,577	[INFO]	38      SUCCESS               103617472714.500000 (90.96%) [5 edit(s)]  
2024-07-18 04:08:58,577	[DEBUG]	patch(38)="ParamSetting(('test.params', 'param', 'CONFLICTBOUNDINCFACTOR'), 2.1441515513114506) | ParamSetting(('test.params', 'param', 'VARDECAY'), 0.07495132545320449) | ParamSetting(('test.params', 'param', 'CLEANING'), 'LBD2') | ParamSetting(('test.params', 'param', 'SIMP'), 'EXPENSIVE_SIMPLIFICATION') | ParamSetting(('test.params', 'param', 'CLEANING'), 'LBD')"
2024-07-18 04:08:58,578	[INFO]	39      SUCCESS               103659341423.500000 (90.99%) [3 edit(s)] [cached] 
2024-07-18 04:08:58,578	[DEBUG]	patch(39)="ParamSetting(('test.params', 'param', 'VARDECAY'), 0.07495132545320449) | ParamSetting(('test.params', 'param', 'CLEANING'), 'LBD2') | ParamSetting(('test.params', 'param', 'SIMP'), 'EXPENSIVE_SIMPLIFICATION')"
2024-07-18 04:08:58,579	[INFO]	40      SUCCESS               103617472714.500000 (90.96%) [5 edit(s)] [cached] 
2024-07-18 04:08:58,579	[DEBUG]	patch(40)="ParamSetting(('test.params', 'param', 'CONFLICTBOUNDINCFACTOR'), 2.1441515513114506) | ParamSetting(('test.params', 'param', 'VARDECAY'), 0.07495132545320449) | ParamSetting(('test.params', 'param', 'CLEANING'), 'LBD2') | ParamSetting(('test.params', 'param', 'SIMP'), 'EXPENSIVE_SIMPLIFICATION') | ParamSetting(('test.params', 'param', 'CLEANING'), 'LBD')"
2024-07-18 04:09:41,781	[DEBUG]	EXEC>  SUCCESS 103058513642.75
2024-07-18 04:09:41,782	[INFO]	41      SUCCESS               103058513642.750000 (90.47%) [5 edit(s)]  
2024-07-18 04:09:41,782	[DEBUG]	patch(41)="ParamSetting(('test.params', 'param', 'CONFLICTBOUNDINCFACTOR'), 2.1441515513114506) | ParamSetting(('test.params', 'param', 'VARDECAY'), 0.07495132545320449) | ParamSetting(('test.params', 'param', 'CLEANING'), 'LBD2') | ParamSetting(('test.params', 'param', 'SIMP'), 'EXPENSIVE_SIMPLIFICATION') | ParamSetting(('test.params', 'param', 'SIMP'), 'SIMPLE_SIMPLIFICATION')"
2024-07-18 04:10:25,195	[DEBUG]	EXEC>  SUCCESS 103550460597.5
2024-07-18 04:10:25,195	[INFO]	42      SUCCESS               103550460597.500000 (90.90%) [5 edit(s)]  
2024-07-18 04:10:25,195	[DEBUG]	patch(42)="ParamSetting(('test.params', 'param', 'CONFLICTBOUNDINCFACTOR'), 2.1441515513114506) | ParamSetting(('test.params', 'param', 'VARDECAY'), 0.07495132545320449) | ParamSetting(('test.params', 'param', 'CLEANING'), 'LBD2') | ParamSetting(('test.params', 'param', 'SIMP'), 'EXPENSIVE_SIMPLIFICATION') | ParamSetting(('test.params', 'param', 'CONFLICTBOUNDINCFACTOR'), 2.837546934985651)"
2024-07-18 04:10:25,196	[INFO]	43      SUCCESS               103058513642.750000 (90.47%) [5 edit(s)] [cached] 
2024-07-18 04:10:25,196	[DEBUG]	patch(43)="ParamSetting(('test.params', 'param', 'CONFLICTBOUNDINCFACTOR'), 2.1441515513114506) | ParamSetting(('test.params', 'param', 'VARDECAY'), 0.07495132545320449) | ParamSetting(('test.params', 'param', 'CLEANING'), 'LBD2') | ParamSetting(('test.params', 'param', 'SIMP'), 'EXPENSIVE_SIMPLIFICATION') | ParamSetting(('test.params', 'param', 'SIMP'), 'SIMPLE_SIMPLIFICATION')"
2024-07-18 04:11:08,726	[DEBUG]	EXEC>  SUCCESS 104016255671.0
2024-07-18 04:11:08,726	[INFO]	44      SUCCESS               104016255671.000000 (91.31%) [5 edit(s)]  
2024-07-18 04:11:08,726	[DEBUG]	patch(44)="ParamSetting(('test.params', 'param', 'CONFLICTBOUNDINCFACTOR'), 2.1441515513114506) | ParamSetting(('test.params', 'param', 'VARDECAY'), 0.07495132545320449) | ParamSetting(('test.params', 'param', 'CLEANING'), 'LBD2') | ParamSetting(('test.params', 'param', 'SIMP'), 'EXPENSIVE_SIMPLIFICATION') | ParamSetting(('test.params', 'param', 'INITCONFLICTBOUND'), 22)"
2024-07-18 04:11:52,300	[DEBUG]	EXEC>  SUCCESS 103535917201.5
2024-07-18 04:11:52,301	[INFO]	45      SUCCESS               103535917201.500000 (90.89%) [5 edit(s)]  
2024-07-18 04:11:52,301	[DEBUG]	patch(45)="ParamSetting(('test.params', 'param', 'CONFLICTBOUNDINCFACTOR'), 2.1441515513114506) | ParamSetting(('test.params', 'param', 'VARDECAY'), 0.07495132545320449) | ParamSetting(('test.params', 'param', 'CLEANING'), 'LBD2') | ParamSetting(('test.params', 'param', 'SIMP'), 'EXPENSIVE_SIMPLIFICATION') | ParamSetting(('test.params', 'param', 'LUBYFACTOR'), 303)"
2024-07-18 04:12:35,628	[DEBUG]	EXEC>  SUCCESS 104039103446.5
2024-07-18 04:12:35,628	[INFO]	46      SUCCESS               104039103446.500000 (91.33%) [5 edit(s)]  
2024-07-18 04:12:35,628	[DEBUG]	patch(46)="ParamSetting(('test.params', 'param', 'CONFLICTBOUNDINCFACTOR'), 2.1441515513114506) | ParamSetting(('test.params', 'param', 'VARDECAY'), 0.07495132545320449) | ParamSetting(('test.params', 'param', 'CLEANING'), 'LBD2') | ParamSetting(('test.params', 'param', 'SIMP'), 'EXPENSIVE_SIMPLIFICATION') | ParamSetting(('test.params', 'param', 'VARDECAY'), 0.19019228513931807)"
2024-07-18 04:12:35,629	[INFO]	47      SUCCESS              +101727116690.750000 (89.30%) [3 edit(s)] [cached] 
2024-07-18 04:12:35,629	[DEBUG]	patch(47)="ParamSetting(('test.params', 'param', 'CONFLICTBOUNDINCFACTOR'), 2.1441515513114506) | ParamSetting(('test.params', 'param', 'VARDECAY'), 0.07495132545320449) | ParamSetting(('test.params', 'param', 'SIMP'), 'EXPENSIVE_SIMPLIFICATION')"
2024-07-18 04:12:35,630	[INFO]	48      SUCCESS              +101727116690.750000 (89.30%) [4 edit(s)] [cached] 
2024-07-18 04:12:35,630	[DEBUG]	patch(48)="ParamSetting(('test.params', 'param', 'CONFLICTBOUNDINCFACTOR'), 2.1441515513114506) | ParamSetting(('test.params', 'param', 'VARDECAY'), 0.07495132545320449) | ParamSetting(('test.params', 'param', 'SIMP'), 'EXPENSIVE_SIMPLIFICATION') | ParamSetting(('test.params', 'param', 'RESTARTS'), 'Glucose21Restarts')"
2024-07-18 04:13:19,377	[DEBUG]	EXEC>  SUCCESS 104299894686.75
2024-07-18 04:13:19,377	[INFO]	49      SUCCESS               104299894686.750000 (91.56%) [5 edit(s)]  
2024-07-18 04:13:19,377	[DEBUG]	patch(49)="ParamSetting(('test.params', 'param', 'CONFLICTBOUNDINCFACTOR'), 2.1441515513114506) | ParamSetting(('test.params', 'param', 'VARDECAY'), 0.07495132545320449) | ParamSetting(('test.params', 'param', 'SIMP'), 'EXPENSIVE_SIMPLIFICATION') | ParamSetting(('test.params', 'param', 'RESTARTS'), 'Glucose21Restarts') | ParamSetting(('test.params', 'param', 'INITCONFLICTBOUND'), 15)"
2024-07-18 04:13:19,378	[INFO]	50      SUCCESS              +101727116690.750000 (89.30%) [3 edit(s)] [cached] 
2024-07-18 04:13:19,379	[DEBUG]	patch(50)="ParamSetting(('test.params', 'param', 'CONFLICTBOUNDINCFACTOR'), 2.1441515513114506) | ParamSetting(('test.params', 'param', 'VARDECAY'), 0.07495132545320449) | ParamSetting(('test.params', 'param', 'RESTARTS'), 'Glucose21Restarts')"
2024-07-18 04:13:19,379	[INFO]	51      SUCCESS               103058513642.750000 (90.47%) [4 edit(s)] [cached] 
2024-07-18 04:13:19,380	[DEBUG]	patch(51)="ParamSetting(('test.params', 'param', 'CONFLICTBOUNDINCFACTOR'), 2.1441515513114506) | ParamSetting(('test.params', 'param', 'VARDECAY'), 0.07495132545320449) | ParamSetting(('test.params', 'param', 'RESTARTS'), 'Glucose21Restarts') | ParamSetting(('test.params', 'param', 'SIMP'), 'SIMPLE_SIMPLIFICATION')"
2024-07-18 04:13:19,380	[INFO]	52      SUCCESS               113880120710.500000 (99.97%) [2 edit(s)] [cached] 
2024-07-18 04:13:19,381	[DEBUG]	patch(52)="ParamSetting(('test.params', 'param', 'CONFLICTBOUNDINCFACTOR'), 2.1441515513114506) | ParamSetting(('test.params', 'param', 'RESTARTS'), 'Glucose21Restarts')"
2024-07-18 04:13:19,381	[INFO]	53      SUCCESS              +101727116690.750000 (89.30%) [4 edit(s)] [cached] 
2024-07-18 04:13:19,382	[DEBUG]	patch(53)="ParamSetting(('test.params', 'param', 'CONFLICTBOUNDINCFACTOR'), 2.1441515513114506) | ParamSetting(('test.params', 'param', 'VARDECAY'), 0.07495132545320449) | ParamSetting(('test.params', 'param', 'RESTARTS'), 'Glucose21Restarts') | ParamSetting(('test.params', 'param', 'CLEANING'), 'LBD2')"
2024-07-18 04:13:19,382	[INFO]	54      SUCCESS               103659341423.500000 (90.99%) [3 edit(s)] [cached] 
2024-07-18 04:13:19,383	[DEBUG]	patch(54)="ParamSetting(('test.params', 'param', 'VARDECAY'), 0.07495132545320449) | ParamSetting(('test.params', 'param', 'RESTARTS'), 'Glucose21Restarts') | ParamSetting(('test.params', 'param', 'CLEANING'), 'LBD2')"
2024-07-18 04:13:19,383	[INFO]	55      SUCCESS               113880120710.500000 (99.97%) [3 edit(s)] [cached] 
2024-07-18 04:13:19,383	[DEBUG]	patch(55)="ParamSetting(('test.params', 'param', 'CONFLICTBOUNDINCFACTOR'), 2.1441515513114506) | ParamSetting(('test.params', 'param', 'RESTARTS'), 'Glucose21Restarts') | ParamSetting(('test.params', 'param', 'CLEANING'), 'LBD2')"
2024-07-18 04:14:03,151	[DEBUG]	EXEC>  SUCCESS 104951416795.0
2024-07-18 04:14:03,151	[INFO]	56      SUCCESS               104951416795.000000 (92.13%) [5 edit(s)]  
2024-07-18 04:14:03,151	[DEBUG]	patch(56)="ParamSetting(('test.params', 'param', 'CONFLICTBOUNDINCFACTOR'), 2.1441515513114506) | ParamSetting(('test.params', 'param', 'VARDECAY'), 0.07495132545320449) | ParamSetting(('test.params', 'param', 'RESTARTS'), 'Glucose21Restarts') | ParamSetting(('test.params', 'param', 'CLEANING'), 'LBD2') | ParamSetting(('test.params', 'param', 'CLADECAY'), 0.2845270099853746)"
2024-07-18 04:14:03,152	[INFO]	57      SUCCESS              +101727116690.750000 (89.30%) [3 edit(s)] [cached] 
2024-07-18 04:14:03,152	[DEBUG]	patch(57)="ParamSetting(('test.params', 'param', 'CONFLICTBOUNDINCFACTOR'), 2.1441515513114506) | ParamSetting(('test.params', 'param', 'VARDECAY'), 0.07495132545320449) | ParamSetting(('test.params', 'param', 'RESTARTS'), 'Glucose21Restarts')"
2024-07-18 04:14:03,153	[INFO]	58      SUCCESS               103659341423.500000 (90.99%) [2 edit(s)] [cached] 
2024-07-18 04:14:03,153	[DEBUG]	patch(58)="ParamSetting(('test.params', 'param', 'VARDECAY'), 0.07495132545320449) | ParamSetting(('test.params', 'param', 'RESTARTS'), 'Glucose21Restarts')"
2024-07-18 04:14:47,199	[DEBUG]	EXEC>  SUCCESS 105373356054.0
2024-07-18 04:14:47,199	[INFO]	59      SUCCESS               105373356054.000000 (92.50%) [4 edit(s)]  
2024-07-18 04:14:47,199	[DEBUG]	patch(59)="ParamSetting(('test.params', 'param', 'CONFLICTBOUNDINCFACTOR'), 2.1441515513114506) | ParamSetting(('test.params', 'param', 'VARDECAY'), 0.07495132545320449) | ParamSetting(('test.params', 'param', 'RESTARTS'), 'Glucose21Restarts') | ParamSetting(('test.params', 'param', 'VARDECAY'), 0.6173021831480162)"
2024-07-18 04:15:30,063	[DEBUG]	EXEC>  SUCCESS 102270574006.25
2024-07-18 04:15:30,063	[INFO]	60      SUCCESS               102270574006.250000 (89.78%) [4 edit(s)]  
2024-07-18 04:15:30,063	[DEBUG]	patch(60)="ParamSetting(('test.params', 'param', 'CONFLICTBOUNDINCFACTOR'), 2.1441515513114506) | ParamSetting(('test.params', 'param', 'VARDECAY'), 0.07495132545320449) | ParamSetting(('test.params', 'param', 'RESTARTS'), 'Glucose21Restarts') | ParamSetting(('test.params', 'param', 'CONFLICTBOUNDINCFACTOR'), 1.737100036424909)"
2024-07-18 04:16:13,529	[DEBUG]	EXEC>  SUCCESS 103311094055.0
2024-07-18 04:16:13,529	[INFO]	61      SUCCESS               103311094055.000000 (90.69%) [4 edit(s)]  
2024-07-18 04:16:13,529	[DEBUG]	patch(61)="ParamSetting(('test.params', 'param', 'CONFLICTBOUNDINCFACTOR'), 2.1441515513114506) | ParamSetting(('test.params', 'param', 'VARDECAY'), 0.07495132545320449) | ParamSetting(('test.params', 'param', 'RESTARTS'), 'Glucose21Restarts') | ParamSetting(('test.params', 'param', 'CLADECAY'), 0.9443644510160785)"
2024-07-18 04:16:57,186	[DEBUG]	EXEC>  SUCCESS 104549094570.75
2024-07-18 04:16:57,187	[INFO]	62      SUCCESS               104549094570.750000 (91.78%) [4 edit(s)]  
2024-07-18 04:16:57,187	[DEBUG]	patch(62)="ParamSetting(('test.params', 'param', 'CONFLICTBOUNDINCFACTOR'), 2.1441515513114506) | ParamSetting(('test.params', 'param', 'VARDECAY'), 0.07495132545320449) | ParamSetting(('test.params', 'param', 'RESTARTS'), 'Glucose21Restarts') | ParamSetting(('test.params', 'param', 'VARDECAY'), 0.23859984249244792)"
2024-07-18 04:16:57,188	[INFO]	63      SUCCESS               113880120710.500000 (99.97%) [2 edit(s)] [cached] 
2024-07-18 04:16:57,188	[DEBUG]	patch(63)="ParamSetting(('test.params', 'param', 'CONFLICTBOUNDINCFACTOR'), 2.1441515513114506) | ParamSetting(('test.params', 'param', 'RESTARTS'), 'Glucose21Restarts')"
2024-07-18 04:16:57,190	[INFO]	64      SUCCESS              +101727116690.750000 (89.30%) [2 edit(s)] [cached] 
2024-07-18 04:16:57,190	[DEBUG]	patch(64)="ParamSetting(('test.params', 'param', 'CONFLICTBOUNDINCFACTOR'), 2.1441515513114506) | ParamSetting(('test.params', 'param', 'VARDECAY'), 0.07495132545320449)"
2024-07-18 04:17:40,522	[DEBUG]	EXEC>  SUCCESS 103168116881.75
2024-07-18 04:17:40,522	[INFO]	65      SUCCESS               103168116881.750000 (90.56%) [3 edit(s)]  
2024-07-18 04:17:40,522	[DEBUG]	patch(65)="ParamSetting(('test.params', 'param', 'CONFLICTBOUNDINCFACTOR'), 2.1441515513114506) | ParamSetting(('test.params', 'param', 'VARDECAY'), 0.07495132545320449) | ParamSetting(('test.params', 'param', 'CONFLICTBOUNDINCFACTOR'), 3.107271687565114)"
2024-07-18 04:17:40,523	[INFO]	66      SUCCESS               103659341423.500000 (90.99%) [1 edit(s)] [cached] 
2024-07-18 04:17:40,523	[DEBUG]	patch(66)="ParamSetting(('test.params', 'param', 'VARDECAY'), 0.07495132545320449)"
2024-07-18 04:18:24,087	[DEBUG]	EXEC>  SUCCESS 104425910334.5
2024-07-18 04:18:24,087	[INFO]	67      SUCCESS               104425910334.500000 (91.67%) [3 edit(s)]  
2024-07-18 04:18:24,087	[DEBUG]	patch(67)="ParamSetting(('test.params', 'param', 'CONFLICTBOUNDINCFACTOR'), 2.1441515513114506) | ParamSetting(('test.params', 'param', 'VARDECAY'), 0.07495132545320449) | ParamSetting(('test.params', 'param', 'CONFLICTBOUNDINCFACTOR'), 2.8338125652185595)"
2024-07-18 04:18:24,088	[INFO]	68      SUCCESS               104016255671.000000 (91.31%) [3 edit(s)] [cached] 
2024-07-18 04:18:24,088	[DEBUG]	patch(68)="ParamSetting(('test.params', 'param', 'CONFLICTBOUNDINCFACTOR'), 2.1441515513114506) | ParamSetting(('test.params', 'param', 'VARDECAY'), 0.07495132545320449) | ParamSetting(('test.params', 'param', 'INITCONFLICTBOUND'), 22)"
2024-07-18 04:19:07,600	[DEBUG]	EXEC>  SUCCESS 104373186353.25
2024-07-18 04:19:07,600	[INFO]	69      SUCCESS               104373186353.250000 (91.62%) [3 edit(s)]  
2024-07-18 04:19:07,600	[DEBUG]	patch(69)="ParamSetting(('test.params', 'param', 'CONFLICTBOUNDINCFACTOR'), 2.1441515513114506) | ParamSetting(('test.params', 'param', 'VARDECAY'), 0.07495132545320449) | ParamSetting(('test.params', 'param', 'FIXEDPERIOD'), 20902)"
2024-07-18 04:19:07,601	[INFO]	70      SUCCESS               113880120710.500000 (99.97%) [1 edit(s)] [cached] 
2024-07-18 04:19:07,601	[DEBUG]	patch(70)="ParamSetting(('test.params', 'param', 'CONFLICTBOUNDINCFACTOR'), 2.1441515513114506)"
2024-07-18 04:19:51,127	[DEBUG]	EXEC>  SUCCESS 103171582795.0
2024-07-18 04:19:51,128	[INFO]	71      SUCCESS               103171582795.000000 (90.57%) [3 edit(s)]  
2024-07-18 04:19:51,128	[DEBUG]	patch(71)="ParamSetting(('test.params', 'param', 'CONFLICTBOUNDINCFACTOR'), 2.1441515513114506) | ParamSetting(('test.params', 'param', 'VARDECAY'), 0.07495132545320449) | ParamSetting(('test.params', 'param', 'SIMP'), 'NO_SIMPLIFICATION')"
2024-07-18 04:20:35,149	[DEBUG]	EXEC>  SUCCESS 105327817916.5
2024-07-18 04:20:35,149	[INFO]	72      SUCCESS               105327817916.500000 (92.46%) [3 edit(s)]  
2024-07-18 04:20:35,149	[DEBUG]	patch(72)="ParamSetting(('test.params', 'param', 'CONFLICTBOUNDINCFACTOR'), 2.1441515513114506) | ParamSetting(('test.params', 'param', 'VARDECAY'), 0.07495132545320449) | ParamSetting(('test.params', 'param', 'CONFLICTBOUNDINCFACTOR'), 2.1427310450944717)"
2024-07-18 04:21:18,291	[DEBUG]	EXEC>  SUCCESS 103257233427.75
2024-07-18 04:21:18,291	[INFO]	73      SUCCESS               103257233427.750000 (90.64%) [3 edit(s)]  
2024-07-18 04:21:18,291	[DEBUG]	patch(73)="ParamSetting(('test.params', 'param', 'CONFLICTBOUNDINCFACTOR'), 2.1441515513114506) | ParamSetting(('test.params', 'param', 'VARDECAY'), 0.07495132545320449) | ParamSetting(('test.params', 'param', 'CLADECAY'), 0.251662713920196)"
2024-07-18 04:22:01,392	[DEBUG]	EXEC>  SUCCESS 103102776129.0
2024-07-18 04:22:01,392	[INFO]	74      SUCCESS               103102776129.000000 (90.51%) [3 edit(s)]  
2024-07-18 04:22:01,393	[DEBUG]	patch(74)="ParamSetting(('test.params', 'param', 'CONFLICTBOUNDINCFACTOR'), 2.1441515513114506) | ParamSetting(('test.params', 'param', 'VARDECAY'), 0.07495132545320449) | ParamSetting(('test.params', 'param', 'FIXEDPERIOD'), 11268)"
2024-07-18 04:22:44,728	[DEBUG]	EXEC>  SUCCESS 102778944226.5
2024-07-18 04:22:44,728	[INFO]	75      SUCCESS               102778944226.500000 (90.22%) [3 edit(s)]  
2024-07-18 04:22:44,728	[DEBUG]	patch(75)="ParamSetting(('test.params', 'param', 'CONFLICTBOUNDINCFACTOR'), 2.1441515513114506) | ParamSetting(('test.params', 'param', 'VARDECAY'), 0.07495132545320449) | ParamSetting(('test.params', 'param', 'INITCONFLICTBOUND'), 204)"
2024-07-18 04:22:44,729	[INFO]	76      SUCCESS               103617472714.500000 (90.96%) [3 edit(s)] [cached] 
2024-07-18 04:22:44,729	[DEBUG]	patch(76)="ParamSetting(('test.params', 'param', 'CONFLICTBOUNDINCFACTOR'), 2.1441515513114506) | ParamSetting(('test.params', 'param', 'VARDECAY'), 0.07495132545320449) | ParamSetting(('test.params', 'param', 'CLEANING'), 'LBD')"
2024-07-18 04:22:44,730	[INFO]	77      SUCCESS              +101727116690.750000 (89.30%) [3 edit(s)] [cached] 
2024-07-18 04:22:44,730	[DEBUG]	patch(77)="ParamSetting(('test.params', 'param', 'CONFLICTBOUNDINCFACTOR'), 2.1441515513114506) | ParamSetting(('test.params', 'param', 'VARDECAY'), 0.07495132545320449) | ParamSetting(('test.params', 'param', 'CLEANING'), 'LBD2')"
2024-07-18 04:22:44,731	[INFO]	78      SUCCESS               103659341423.500000 (90.99%) [2 edit(s)] [cached] 
2024-07-18 04:22:44,731	[DEBUG]	patch(78)="ParamSetting(('test.params', 'param', 'VARDECAY'), 0.07495132545320449) | ParamSetting(('test.params', 'param', 'CLEANING'), 'LBD2')"
2024-07-18 04:22:44,732	[INFO]	79      SUCCESS               113880120710.500000 (99.97%) [2 edit(s)] [cached] 
2024-07-18 04:22:44,732	[DEBUG]	patch(79)="ParamSetting(('test.params', 'param', 'CONFLICTBOUNDINCFACTOR'), 2.1441515513114506) | ParamSetting(('test.params', 'param', 'CLEANING'), 'LBD2')"
2024-07-18 04:23:28,201	[DEBUG]	EXEC>  SUCCESS 103863374221.25
2024-07-18 04:23:28,201	[INFO]	80      SUCCESS               103863374221.250000 (91.17%) [4 edit(s)]  
2024-07-18 04:23:28,201	[DEBUG]	patch(80)="ParamSetting(('test.params', 'param', 'CONFLICTBOUNDINCFACTOR'), 2.1441515513114506) | ParamSetting(('test.params', 'param', 'VARDECAY'), 0.07495132545320449) | ParamSetting(('test.params', 'param', 'CLEANING'), 'LBD2') | ParamSetting(('test.params', 'param', 'CONFLICTBOUNDINCFACTOR'), 3.65045753817782)"
2024-07-18 04:23:28,202	[INFO]	~~~~ END ~~~~
2024-07-18 04:23:28,202	[INFO]	
2024-07-18 04:23:28,202	[INFO]	==== REPORT ====
2024-07-18 04:23:28,202	[INFO]	Termination: time budget
2024-07-18 04:23:28,202	[INFO]	Retries: 4
2024-07-18 04:23:28,202	[INFO]	Log file: /home/dbouras/magpie/_magpie_logs/sat4j_1721271020.log
2024-07-18 04:23:28,202	[INFO]	Patch file: _magpie_logs/sat4j_1721271020.patch
2024-07-18 04:23:28,202	[INFO]	Diff file: _magpie_logs/sat4j_1721271020.diff
2024-07-18 04:23:28,202	[INFO]	Reference fitness: 113918153794.500000
2024-07-18 04:23:28,202	[INFO]	Best fitness: 101727116690.750000
2024-07-18 04:23:28,202	[INFO]	
2024-07-18 04:23:28,203	[INFO]	==== BEST PATCH ====
ParamSetting(('test.params', 'param', 'CONFLICTBOUNDINCFACTOR'), 2.1441515513114506) | ParamSetting(('test.params', 'param', 'VARDECAY'), 0.07495132545320449)
2024-07-18 04:23:28,203	[INFO]	
2024-07-18 04:23:28,203	[INFO]	==== DIFF ====
[1m--- before: test.params[0m
[1m+++ after: test.params[0m
[36m@@ -4,7 +4,7 @@[0m
 PHASE := 'RSATPhaseSelectionStrategy'
 CLADECAY := 0.999
 INITCONFLICTBOUND := 100
[31m-VARDECAY := 0.95[0m
[31m-CONFLICTBOUNDINCFACTOR := 2.0[0m
[32m+VARDECAY := 0.07495132545320449[0m
[32m+CONFLICTBOUNDINCFACTOR := 2.1441515513114506[0m
 SIMP := 'EXPENSIVE_SIMPLIFICATION'
 CLEANING := 'LBD2'

