2024-06-02 14:31:42,357	[DEBUG]	==== CONFIG ====
[magpie]
import = 
seed = 281970577370203
log_dir = _magpie_logs
work_dir = _magpie_work
local_original_copy = False
local_original_name = __original__
output_encoding = ascii
edit_retries = 10
default_timeout = 30
default_lengthout = 10000.0
diff_method = unified
trust_local_filesystem = True

[magpie.log]
color_output = True
format_info = {counter:<7} {status:<20} {best}{fitness} ({ratio}) [{size}] {cached} {log}
format_debug = patch({counter})="{patch}"{diffifbest}
format_fitness = {:.2f}
format_ratio = {:.2%%}
format_patchif = 
	 --> {patch}
format_diffif = 
	{diff}

[software]
path = examples/triangle-c
target_files = 
	triangle.c.xml
software = BasicSoftware
model_rules = 
	*.params : ParamFileConfigModel
	*.xml : SrcmlModel
	* : LineModel
model_config = 
	*.params : [paramconfig]
	*.xml : [srcml]
init_cmd = bash init_slow.sh
init_timeout = 60
init_lengthout = -1
setup_cmd = 
setup_timeout = 
setup_lengthout = 
compile_cmd = make test_triangle run_triangle
compile_timeout = 
compile_lengthout = 
test_cmd = ./test_triangle
test_timeout = 
test_lengthout = 
run_cmd = perf stat  ./run_triangle
run_timeout = 1
run_lengthout = 
retries = 3
batch_timeout = 
batch_lengthout = 
batch_bin_fitness_strategy = aggregate
batch_fitness_strategy = sum
fitness = perf_time

[srcml]
rename = 
	stmt: break continue decl_stmt do expr_stmt for goto if return switch while
	number: literal_number
focus = block stmt operator_comp operator_arith number
internodes = block
process_pseudo_blocks = True
process_literals = True
process_operators = True

[paramconfig]
timing = test run
cli_prefix = --
cli_glue = =
cli_boolean = show
cli_boolean_prefix_true = 
cli_boolean_prefix_false = no-
cli_none = hide
silent_prefix = @
silent_suffix = $

[search]
protocol = BasicProtocol
algorithm = FirstImprovement
possible_edits = 
	SrcmlStmtReplacement
	SrcmlStmtInsertion
	SrcmlStmtDeletion
warmup = 3
warmup_strategy = last
max_steps = 100
max_time = 60
target_fitness = 
cache_maxsize = 100
cache_keep = 0.2
batch_instances = 
batch_shuffle = True
batch_bin_shuffle = False
batch_sample_size = 1

[search.ls]
delete_prob = 0.5
max_neighbours = 
when_trapped = continue
accept_fail = False
tabu_length = 10

[search.gp]
pop_size = 10
delete_prob = 0.5
offspring_elitism = 0.1
offspring_crossover = 0.5
offspring_mutation = 0.4
uniform_rate = 0.5
batch_reset = True

[search.minify]
do_cleanup = True
do_rebuild = True
do_simplify = True
round_robin_limit = 3


2024-06-02 14:31:42,357	[DEBUG]	
2024-06-02 14:31:42,357	[INFO]	==== SEARCH: FirstImprovement ====
2024-06-02 14:31:42,358	[INFO]	~~~~ WARMUP ~~~~
2024-06-02 14:31:42,924	[DEBUG]	EXEC>  SUCCESS 0.07784957333333332
2024-06-02 14:31:42,924	[INFO]	WARM    SUCCESS               0.08 (--) [0 edit(s)]  
2024-06-02 14:31:43,425	[DEBUG]	EXEC>  SUCCESS 0.07068078666666668
2024-06-02 14:31:43,425	[INFO]	WARM    SUCCESS               0.07 (--) [0 edit(s)]  
2024-06-02 14:31:43,971	[DEBUG]	EXEC>  SUCCESS 0.07031125
2024-06-02 14:31:43,971	[INFO]	WARM    SUCCESS               0.07 (--) [0 edit(s)]  
2024-06-02 14:31:43,972	[INFO]	REF     SUCCESS               0.07 (--) [0 edit(s)]  
2024-06-02 14:31:43,972	[INFO]	
2024-06-02 14:31:43,972	[INFO]	~~~~ START ~~~~
2024-06-02 14:31:44,174	[INFO]	1       TEST_CODE_ERROR       None (--) [1 edit(s)]  
2024-06-02 14:31:44,174	[DEBUG]	patch(1)="SrcmlStmtReplacement(('triangle.c.xml', 'stmt', 19), ('triangle.c.xml', 'stmt', 10))"
2024-06-02 14:31:44,628	[DEBUG]	EXEC>  SUCCESS 0.07051637666666666
2024-06-02 14:31:44,629	[INFO]	2       SUCCESS               0.07 (100.29%) [1 edit(s)]  
2024-06-02 14:31:44,629	[DEBUG]	patch(2)="SrcmlStmtInsertion(('triangle.c.xml', '_inter_block', 2), ('triangle.c.xml', 'stmt', 21))"
2024-06-02 14:31:44,784	[INFO]	3       TEST_CODE_ERROR       None (--) [1 edit(s)]  
2024-06-02 14:31:44,784	[DEBUG]	patch(3)="SrcmlStmtReplacement(('triangle.c.xml', 'stmt', 3), ('triangle.c.xml', 'stmt', 19))"
2024-06-02 14:31:44,956	[INFO]	4       TEST_CODE_ERROR       None (--) [1 edit(s)]  
2024-06-02 14:31:44,956	[DEBUG]	patch(4)="SrcmlStmtReplacement(('triangle.c.xml', 'stmt', 16), ('triangle.c.xml', 'stmt', 5))"
2024-06-02 14:31:45,110	[INFO]	5       TEST_CODE_ERROR       None (--) [1 edit(s)]  
2024-06-02 14:31:45,110	[DEBUG]	patch(5)="SrcmlStmtDeletion(('triangle.c.xml', 'stmt', 18))"
2024-06-02 14:31:45,249	[INFO]	6       TEST_CODE_ERROR       None (--) [1 edit(s)]  
2024-06-02 14:31:45,249	[DEBUG]	patch(6)="SrcmlStmtReplacement(('triangle.c.xml', 'stmt', 14), ('triangle.c.xml', 'stmt', 2))"
2024-06-02 14:31:45,382	[INFO]	7       TEST_CODE_ERROR       None (--) [1 edit(s)]  
2024-06-02 14:31:45,382	[DEBUG]	patch(7)="SrcmlStmtInsertion(('triangle.c.xml', '_inter_block', 26), ('triangle.c.xml', 'stmt', 19))"
2024-06-02 14:31:45,406	[INFO]	8       COMPILE_CODE_ERROR    None (--) [1 edit(s)]  
2024-06-02 14:31:45,406	[DEBUG]	patch(8)="SrcmlStmtInsertion(('triangle.c.xml', '_inter_block', 7), ('triangle.c.xml', 'stmt', 1))"
2024-06-02 14:31:45,531	[INFO]	9       TEST_CODE_ERROR       None (--) [1 edit(s)]  
2024-06-02 14:31:45,531	[DEBUG]	patch(9)="SrcmlStmtReplacement(('triangle.c.xml', 'stmt', 19), ('triangle.c.xml', 'stmt', 0))"
2024-06-02 14:31:45,667	[INFO]	10      TEST_CODE_ERROR       None (--) [1 edit(s)]  
2024-06-02 14:31:45,667	[DEBUG]	patch(10)="SrcmlStmtInsertion(('triangle.c.xml', '_inter_block', 19), ('triangle.c.xml', 'stmt', 21))"
2024-06-02 14:31:45,786	[INFO]	11      TEST_CODE_ERROR       None (--) [1 edit(s)]  
2024-06-02 14:31:45,786	[DEBUG]	patch(11)="SrcmlStmtDeletion(('triangle.c.xml', 'stmt', 12))"
2024-06-02 14:31:45,911	[INFO]	12      TEST_CODE_ERROR       None (--) [1 edit(s)]  
2024-06-02 14:31:45,911	[DEBUG]	patch(12)="SrcmlStmtDeletion(('triangle.c.xml', 'stmt', 10))"
2024-06-02 14:31:45,935	[INFO]	13      COMPILE_CODE_ERROR    None (--) [1 edit(s)]  
2024-06-02 14:31:45,935	[DEBUG]	patch(13)="SrcmlStmtInsertion(('triangle.c.xml', '_inter_block', 6), ('triangle.c.xml', 'stmt', 18))"
2024-06-02 14:31:45,958	[INFO]	14      COMPILE_CODE_ERROR    None (--) [1 edit(s)]  
2024-06-02 14:31:45,958	[DEBUG]	patch(14)="SrcmlStmtInsertion(('triangle.c.xml', '_inter_block', 1), ('triangle.c.xml', 'stmt', 9))"
2024-06-02 14:31:46,400	[DEBUG]	EXEC>  SUCCESS 0.07108549333333333
2024-06-02 14:31:46,400	[INFO]	15      SUCCESS               0.07 (101.10%) [1 edit(s)]  
2024-06-02 14:31:46,400	[DEBUG]	patch(15)="SrcmlStmtInsertion(('triangle.c.xml', '_inter_block', 34), ('triangle.c.xml', 'stmt', 13))"
2024-06-02 14:31:46,630	[DEBUG]	EXEC>  SUCCESS 0.0011460366666666665
2024-06-02 14:31:46,630	[INFO]	16      SUCCESS              *0.00 (1.63%) [1 edit(s)]  
2024-06-02 14:31:46,630	[DEBUG]	patch(16)="SrcmlStmtDeletion(('triangle.c.xml', 'stmt', 1))"
--- before: triangle.c
+++ after: triangle.c
@@ -2,7 +2,7 @@
 
 void delay() {
   const struct timespec ms = {0, 0.001*1e9}; //tv_sec=0, tv_nsec (0.001 seconds)
-  nanosleep(&ms,NULL); /*ignores possible errors*/
+   /*ignores possible errors*/
 }
 
 int classify_triangle(double a, double b, double c) {

2024-06-02 14:31:46,631	[INFO]	17      SUCCESS               0.07 (100.00%) [0 edit(s)] [cached] 
2024-06-02 14:31:46,631	[DEBUG]	patch(17)=""
2024-06-02 14:31:46,871	[DEBUG]	EXEC>  SUCCESS 0.0014220733333333334
2024-06-02 14:31:46,871	[INFO]	18      SUCCESS               0.00 (2.02%) [2 edit(s)]  
2024-06-02 14:31:46,871	[DEBUG]	patch(18)="SrcmlStmtDeletion(('triangle.c.xml', 'stmt', 1)) | SrcmlStmtInsertion(('triangle.c.xml', '_inter_block', 33), ('triangle.c.xml', 'stmt', 8))"
2024-06-02 14:31:47,028	[INFO]	19      TEST_CODE_ERROR       None (--) [2 edit(s)]  
2024-06-02 14:31:47,029	[DEBUG]	patch(19)="SrcmlStmtDeletion(('triangle.c.xml', 'stmt', 1)) | SrcmlStmtReplacement(('triangle.c.xml', 'stmt', 10), ('triangle.c.xml', 'stmt', 19))"
2024-06-02 14:31:47,341	[DEBUG]	EXEC>  SUCCESS 0.0014829066666666665
2024-06-02 14:31:47,341	[INFO]	20      SUCCESS               0.00 (2.11%) [2 edit(s)]  
2024-06-02 14:31:47,341	[DEBUG]	patch(20)="SrcmlStmtDeletion(('triangle.c.xml', 'stmt', 1)) | SrcmlStmtInsertion(('triangle.c.xml', '_inter_block', 25), ('triangle.c.xml', 'stmt', 15))"
2024-06-02 14:31:47,474	[INFO]	21      TEST_CODE_ERROR       None (--) [2 edit(s)]  
2024-06-02 14:31:47,474	[DEBUG]	patch(21)="SrcmlStmtDeletion(('triangle.c.xml', 'stmt', 1)) | SrcmlStmtReplacement(('triangle.c.xml', 'stmt', 22), ('triangle.c.xml', 'stmt', 20))"
2024-06-02 14:31:47,603	[INFO]	22      TEST_CODE_ERROR       None (--) [2 edit(s)]  
2024-06-02 14:31:47,603	[DEBUG]	patch(22)="SrcmlStmtDeletion(('triangle.c.xml', 'stmt', 1)) | SrcmlStmtReplacement(('triangle.c.xml', 'stmt', 17), ('triangle.c.xml', 'stmt', 6))"
2024-06-02 14:31:47,739	[INFO]	23      TEST_CODE_ERROR       None (--) [2 edit(s)]  
2024-06-02 14:31:47,739	[DEBUG]	patch(23)="SrcmlStmtDeletion(('triangle.c.xml', 'stmt', 1)) | SrcmlStmtReplacement(('triangle.c.xml', 'stmt', 12), ('triangle.c.xml', 'stmt', 4))"
2024-06-02 14:31:47,999	[DEBUG]	EXEC>  SUCCESS 0.0014091533333333336
2024-06-02 14:31:48,000	[INFO]	24      SUCCESS               0.00 (2.00%) [2 edit(s)]  
2024-06-02 14:31:48,000	[DEBUG]	patch(24)="SrcmlStmtDeletion(('triangle.c.xml', 'stmt', 1)) | SrcmlStmtInsertion(('triangle.c.xml', '_inter_block', 13), ('triangle.c.xml', 'stmt', 4))"
2024-06-02 14:31:48,206	[INFO]	25      TEST_CODE_ERROR       None (--) [2 edit(s)]  
2024-06-02 14:31:48,206	[DEBUG]	patch(25)="SrcmlStmtDeletion(('triangle.c.xml', 'stmt', 1)) | SrcmlStmtReplacement(('triangle.c.xml', 'stmt', 15), ('triangle.c.xml', 'stmt', 16))"
2024-06-02 14:31:48,507	[DEBUG]	EXEC>  SUCCESS 0.0015895566666666667
2024-06-02 14:31:48,508	[INFO]	26      SUCCESS               0.00 (2.26%) [2 edit(s)]  
2024-06-02 14:31:48,508	[DEBUG]	patch(26)="SrcmlStmtDeletion(('triangle.c.xml', 'stmt', 1)) | SrcmlStmtDeletion(('triangle.c.xml', 'stmt', 4))"
2024-06-02 14:31:48,548	[INFO]	27      COMPILE_CODE_ERROR    None (--) [2 edit(s)]  
2024-06-02 14:31:48,548	[DEBUG]	patch(27)="SrcmlStmtDeletion(('triangle.c.xml', 'stmt', 1)) | SrcmlStmtReplacement(('triangle.c.xml', 'stmt', 1), ('triangle.c.xml', 'stmt', 20))"
2024-06-02 14:31:48,697	[INFO]	28      TEST_CODE_ERROR       None (--) [2 edit(s)]  
2024-06-02 14:31:48,697	[DEBUG]	patch(28)="SrcmlStmtDeletion(('triangle.c.xml', 'stmt', 1)) | SrcmlStmtReplacement(('triangle.c.xml', 'stmt', 15), ('triangle.c.xml', 'stmt', 4))"
2024-06-02 14:31:48,812	[INFO]	29      TEST_CODE_ERROR       None (--) [2 edit(s)]  
2024-06-02 14:31:48,812	[DEBUG]	patch(29)="SrcmlStmtDeletion(('triangle.c.xml', 'stmt', 1)) | SrcmlStmtReplacement(('triangle.c.xml', 'stmt', 10), ('triangle.c.xml', 'stmt', 4))"
2024-06-02 14:31:48,968	[INFO]	30      TEST_CODE_ERROR       None (--) [2 edit(s)]  
2024-06-02 14:31:48,968	[DEBUG]	patch(30)="SrcmlStmtDeletion(('triangle.c.xml', 'stmt', 1)) | SrcmlStmtDeletion(('triangle.c.xml', 'stmt', 7))"
2024-06-02 14:31:49,178	[DEBUG]	EXEC>  SUCCESS 0.0013776333333333334
2024-06-02 14:31:49,179	[INFO]	31      SUCCESS               0.00 (1.96%) [2 edit(s)]  
2024-06-02 14:31:49,179	[DEBUG]	patch(31)="SrcmlStmtDeletion(('triangle.c.xml', 'stmt', 1)) | SrcmlStmtReplacement(('triangle.c.xml', 'stmt', 3), ('triangle.c.xml', 'stmt', 16))"
2024-06-02 14:31:49,309	[INFO]	32      TEST_CODE_ERROR       None (--) [2 edit(s)]  
2024-06-02 14:31:49,309	[DEBUG]	patch(32)="SrcmlStmtDeletion(('triangle.c.xml', 'stmt', 1)) | SrcmlStmtReplacement(('triangle.c.xml', 'stmt', 21), ('triangle.c.xml', 'stmt', 13))"
2024-06-02 14:31:49,448	[INFO]	33      TEST_CODE_ERROR       None (--) [2 edit(s)]  
2024-06-02 14:31:49,448	[DEBUG]	patch(33)="SrcmlStmtDeletion(('triangle.c.xml', 'stmt', 1)) | SrcmlStmtReplacement(('triangle.c.xml', 'stmt', 9), ('triangle.c.xml', 'stmt', 10))"
2024-06-02 14:31:49,774	[DEBUG]	EXEC>  SUCCESS 0.0014002600000000002
2024-06-02 14:31:49,774	[INFO]	34      SUCCESS               0.00 (1.99%) [2 edit(s)]  
2024-06-02 14:31:49,774	[DEBUG]	patch(34)="SrcmlStmtDeletion(('triangle.c.xml', 'stmt', 1)) | SrcmlStmtInsertion(('triangle.c.xml', '_inter_block', 23), ('triangle.c.xml', 'stmt', 16))"
2024-06-02 14:31:49,941	[INFO]	35      TEST_CODE_ERROR       None (--) [2 edit(s)]  
2024-06-02 14:31:49,941	[DEBUG]	patch(35)="SrcmlStmtDeletion(('triangle.c.xml', 'stmt', 1)) | SrcmlStmtInsertion(('triangle.c.xml', '_inter_block', 14), ('triangle.c.xml', 'stmt', 21))"
2024-06-02 14:31:49,981	[INFO]	36      COMPILE_CODE_ERROR    None (--) [2 edit(s)]  
2024-06-02 14:31:49,981	[DEBUG]	patch(36)="SrcmlStmtDeletion(('triangle.c.xml', 'stmt', 1)) | SrcmlStmtInsertion(('triangle.c.xml', '_inter_block', 6), ('triangle.c.xml', 'stmt', 0))"
2024-06-02 14:31:50,130	[INFO]	37      TEST_CODE_ERROR       None (--) [2 edit(s)]  
2024-06-02 14:31:50,131	[DEBUG]	patch(37)="SrcmlStmtDeletion(('triangle.c.xml', 'stmt', 1)) | SrcmlStmtDeletion(('triangle.c.xml', 'stmt', 9))"
2024-06-02 14:31:50,334	[INFO]	38      TEST_CODE_ERROR       None (--) [2 edit(s)]  
2024-06-02 14:31:50,335	[DEBUG]	patch(38)="SrcmlStmtDeletion(('triangle.c.xml', 'stmt', 1)) | SrcmlStmtDeletion(('triangle.c.xml', 'stmt', 15))"
2024-06-02 14:31:50,478	[INFO]	39      TEST_CODE_ERROR       None (--) [2 edit(s)]  
2024-06-02 14:31:50,478	[DEBUG]	patch(39)="SrcmlStmtDeletion(('triangle.c.xml', 'stmt', 1)) | SrcmlStmtDeletion(('triangle.c.xml', 'stmt', 16))"
2024-06-02 14:31:50,503	[INFO]	40      COMPILE_CODE_ERROR    None (--) [2 edit(s)]  
2024-06-02 14:31:50,503	[DEBUG]	patch(40)="SrcmlStmtDeletion(('triangle.c.xml', 'stmt', 1)) | SrcmlStmtReplacement(('triangle.c.xml', 'stmt', 0), ('triangle.c.xml', 'stmt', 4))"
2024-06-02 14:31:50,693	[INFO]	41      TEST_CODE_ERROR       None (--) [2 edit(s)]  
2024-06-02 14:31:50,693	[DEBUG]	patch(41)="SrcmlStmtDeletion(('triangle.c.xml', 'stmt', 1)) | SrcmlStmtInsertion(('triangle.c.xml', '_inter_block', 12), ('triangle.c.xml', 'stmt', 21))"
2024-06-02 14:31:50,888	[INFO]	42      TEST_CODE_ERROR       None (--) [2 edit(s)]  
2024-06-02 14:31:50,889	[DEBUG]	patch(42)="SrcmlStmtDeletion(('triangle.c.xml', 'stmt', 1)) | SrcmlStmtReplacement(('triangle.c.xml', 'stmt', 19), ('triangle.c.xml', 'stmt', 22))"
2024-06-02 14:31:51,073	[INFO]	43      TEST_CODE_ERROR       None (--) [2 edit(s)]  
2024-06-02 14:31:51,074	[DEBUG]	patch(43)="SrcmlStmtDeletion(('triangle.c.xml', 'stmt', 1)) | SrcmlStmtInsertion(('triangle.c.xml', '_inter_block', 10), ('triangle.c.xml', 'stmt', 19))"
2024-06-02 14:31:51,257	[INFO]	44      TEST_CODE_ERROR       None (--) [2 edit(s)]  
2024-06-02 14:31:51,258	[DEBUG]	patch(44)="SrcmlStmtDeletion(('triangle.c.xml', 'stmt', 1)) | SrcmlStmtReplacement(('triangle.c.xml', 'stmt', 4), ('triangle.c.xml', 'stmt', 21))"
2024-06-02 14:31:51,452	[INFO]	45      TEST_CODE_ERROR       None (--) [2 edit(s)]  
2024-06-02 14:31:51,452	[DEBUG]	patch(45)="SrcmlStmtDeletion(('triangle.c.xml', 'stmt', 1)) | SrcmlStmtDeletion(('triangle.c.xml', 'stmt', 20))"
2024-06-02 14:31:51,492	[INFO]	46      COMPILE_CODE_ERROR    None (--) [2 edit(s)]  
2024-06-02 14:31:51,493	[DEBUG]	patch(46)="SrcmlStmtDeletion(('triangle.c.xml', 'stmt', 1)) | SrcmlStmtInsertion(('triangle.c.xml', '_inter_block', 34), ('triangle.c.xml', 'stmt', 1))"
2024-06-02 14:31:51,698	[INFO]	47      TEST_CODE_ERROR       None (--) [2 edit(s)]  
2024-06-02 14:31:51,698	[DEBUG]	patch(47)="SrcmlStmtDeletion(('triangle.c.xml', 'stmt', 1)) | SrcmlStmtDeletion(('triangle.c.xml', 'stmt', 13))"
2024-06-02 14:31:51,902	[INFO]	48      TEST_CODE_ERROR       None (--) [2 edit(s)]  
2024-06-02 14:31:51,903	[DEBUG]	patch(48)="SrcmlStmtDeletion(('triangle.c.xml', 'stmt', 1)) | SrcmlStmtDeletion(('triangle.c.xml', 'stmt', 19))"
2024-06-02 14:31:52,238	[DEBUG]	EXEC>  SUCCESS 0.0014648433333333333
2024-06-02 14:31:52,238	[INFO]	49      SUCCESS               0.00 (2.08%) [2 edit(s)]  
2024-06-02 14:31:52,238	[DEBUG]	patch(49)="SrcmlStmtDeletion(('triangle.c.xml', 'stmt', 1)) | SrcmlStmtInsertion(('triangle.c.xml', '_inter_block', 26), ('triangle.c.xml', 'stmt', 8))"
2024-06-02 14:31:52,438	[INFO]	50      TEST_CODE_ERROR       None (--) [2 edit(s)]  
2024-06-02 14:31:52,438	[DEBUG]	patch(50)="SrcmlStmtDeletion(('triangle.c.xml', 'stmt', 1)) | SrcmlStmtReplacement(('triangle.c.xml', 'stmt', 5), ('triangle.c.xml', 'stmt', 6))"
2024-06-02 14:31:52,439	[INFO]	51      TEST_CODE_ERROR       None (--) [2 edit(s)] [cached] 
2024-06-02 14:31:52,439	[DEBUG]	patch(51)="SrcmlStmtDeletion(('triangle.c.xml', 'stmt', 1)) | SrcmlStmtDeletion(('triangle.c.xml', 'stmt', 19))"
2024-06-02 14:31:52,440	[INFO]	52      SUCCESS              +0.00 (1.63%) [2 edit(s)] [cached] 
2024-06-02 14:31:52,440	[DEBUG]	patch(52)="SrcmlStmtDeletion(('triangle.c.xml', 'stmt', 1)) | SrcmlStmtDeletion(('triangle.c.xml', 'stmt', 1))"
2024-06-02 14:31:52,441	[INFO]	53      SUCCESS              +0.00 (1.63%) [1 edit(s)] [cached] 
2024-06-02 14:31:52,441	[DEBUG]	patch(53)="SrcmlStmtDeletion(('triangle.c.xml', 'stmt', 1))"
2024-06-02 14:31:52,442	[INFO]	54      TEST_CODE_ERROR       None (--) [2 edit(s)] [cached] 
2024-06-02 14:31:52,442	[DEBUG]	patch(54)="SrcmlStmtDeletion(('triangle.c.xml', 'stmt', 1)) | SrcmlStmtDeletion(('triangle.c.xml', 'stmt', 7))"
2024-06-02 14:31:52,737	[DEBUG]	EXEC>  SUCCESS 0.0014444466666666666
2024-06-02 14:31:52,738	[INFO]	55      SUCCESS               0.00 (2.05%) [2 edit(s)]  
2024-06-02 14:31:52,738	[DEBUG]	patch(55)="SrcmlStmtDeletion(('triangle.c.xml', 'stmt', 1)) | SrcmlStmtInsertion(('triangle.c.xml', '_inter_block', 2), ('triangle.c.xml', 'stmt', 17))"
2024-06-02 14:31:52,738	[INFO]	56      SUCCESS               0.07 (100.00%) [0 edit(s)] [cached] 
2024-06-02 14:31:52,738	[DEBUG]	patch(56)=""
2024-06-02 14:31:52,978	[DEBUG]	EXEC>  SUCCESS 0.0013530033333333333
2024-06-02 14:31:52,979	[INFO]	57      SUCCESS               0.00 (1.92%) [2 edit(s)]  
2024-06-02 14:31:52,979	[DEBUG]	patch(57)="SrcmlStmtDeletion(('triangle.c.xml', 'stmt', 1)) | SrcmlStmtInsertion(('triangle.c.xml', '_inter_block', 35), ('triangle.c.xml', 'stmt', 6))"
2024-06-02 14:31:53,005	[INFO]	58      COMPILE_CODE_ERROR    None (--) [2 edit(s)]  
2024-06-02 14:31:53,005	[DEBUG]	patch(58)="SrcmlStmtDeletion(('triangle.c.xml', 'stmt', 1)) | SrcmlStmtInsertion(('triangle.c.xml', '_inter_block', 32), ('triangle.c.xml', 'stmt', 1))"
2024-06-02 14:31:53,203	[INFO]	59      TEST_CODE_ERROR       None (--) [2 edit(s)]  
2024-06-02 14:31:53,203	[DEBUG]	patch(59)="SrcmlStmtDeletion(('triangle.c.xml', 'stmt', 1)) | SrcmlStmtDeletion(('triangle.c.xml', 'stmt', 14))"
2024-06-02 14:31:53,402	[INFO]	60      TEST_CODE_ERROR       None (--) [2 edit(s)]  
2024-06-02 14:31:53,402	[DEBUG]	patch(60)="SrcmlStmtDeletion(('triangle.c.xml', 'stmt', 1)) | SrcmlStmtDeletion(('triangle.c.xml', 'stmt', 17))"
2024-06-02 14:31:53,740	[DEBUG]	EXEC>  SUCCESS 0.0015884633333333332
2024-06-02 14:31:53,741	[INFO]	61      SUCCESS               0.00 (2.26%) [2 edit(s)]  
2024-06-02 14:31:53,741	[DEBUG]	patch(61)="SrcmlStmtDeletion(('triangle.c.xml', 'stmt', 1)) | SrcmlStmtInsertion(('triangle.c.xml', '_inter_block', 17), ('triangle.c.xml', 'stmt', 0))"
2024-06-02 14:31:53,883	[INFO]	62      TEST_CODE_ERROR       None (--) [2 edit(s)]  
2024-06-02 14:31:53,883	[DEBUG]	patch(62)="SrcmlStmtDeletion(('triangle.c.xml', 'stmt', 1)) | SrcmlStmtInsertion(('triangle.c.xml', '_inter_block', 12), ('triangle.c.xml', 'stmt', 15))"
2024-06-02 14:31:54,144	[DEBUG]	EXEC>  SUCCESS 0.0014344633333333333
2024-06-02 14:31:54,144	[INFO]	63      SUCCESS               0.00 (2.04%) [2 edit(s)]  
2024-06-02 14:31:54,144	[DEBUG]	patch(63)="SrcmlStmtDeletion(('triangle.c.xml', 'stmt', 1)) | SrcmlStmtInsertion(('triangle.c.xml', '_inter_block', 35), ('triangle.c.xml', 'stmt', 16))"
2024-06-02 14:31:54,438	[DEBUG]	EXEC>  SUCCESS 0.0014608133333333332
2024-06-02 14:31:54,438	[INFO]	64      SUCCESS               0.00 (2.08%) [2 edit(s)]  
2024-06-02 14:31:54,438	[DEBUG]	patch(64)="SrcmlStmtDeletion(('triangle.c.xml', 'stmt', 1)) | SrcmlStmtDeletion(('triangle.c.xml', 'stmt', 0))"
2024-06-02 14:31:54,637	[INFO]	65      TEST_CODE_ERROR       None (--) [2 edit(s)]  
2024-06-02 14:31:54,637	[DEBUG]	patch(65)="SrcmlStmtDeletion(('triangle.c.xml', 'stmt', 1)) | SrcmlStmtInsertion(('triangle.c.xml', '_inter_block', 21), ('triangle.c.xml', 'stmt', 17))"
2024-06-02 14:31:54,961	[INFO]	66      TEST_CODE_ERROR       None (--) [2 edit(s)]  
2024-06-02 14:31:54,961	[DEBUG]	patch(66)="SrcmlStmtDeletion(('triangle.c.xml', 'stmt', 1)) | SrcmlStmtReplacement(('triangle.c.xml', 'stmt', 1), ('triangle.c.xml', 'stmt', 3))"
2024-06-02 14:31:55,103	[INFO]	67      TEST_CODE_ERROR       None (--) [2 edit(s)]  
2024-06-02 14:31:55,103	[DEBUG]	patch(67)="SrcmlStmtDeletion(('triangle.c.xml', 'stmt', 1)) | SrcmlStmtReplacement(('triangle.c.xml', 'stmt', 14), ('triangle.c.xml', 'stmt', 21))"
2024-06-02 14:31:55,269	[INFO]	68      TEST_CODE_ERROR       None (--) [2 edit(s)]  
2024-06-02 14:31:55,270	[DEBUG]	patch(68)="SrcmlStmtDeletion(('triangle.c.xml', 'stmt', 1)) | SrcmlStmtInsertion(('triangle.c.xml', '_inter_block', 29), ('triangle.c.xml', 'stmt', 10))"
2024-06-02 14:31:55,575	[DEBUG]	EXEC>  SUCCESS 0.0014021700000000001
2024-06-02 14:31:55,575	[INFO]	69      SUCCESS               0.00 (1.99%) [2 edit(s)]  
2024-06-02 14:31:55,576	[DEBUG]	patch(69)="SrcmlStmtDeletion(('triangle.c.xml', 'stmt', 1)) | SrcmlStmtInsertion(('triangle.c.xml', '_inter_block', 34), ('triangle.c.xml', 'stmt', 7))"
2024-06-02 14:31:55,858	[DEBUG]	EXEC>  SUCCESS 0.0014112233333333335
2024-06-02 14:31:55,858	[INFO]	70      SUCCESS               0.00 (2.01%) [2 edit(s)]  
2024-06-02 14:31:55,858	[DEBUG]	patch(70)="SrcmlStmtDeletion(('triangle.c.xml', 'stmt', 1)) | SrcmlStmtInsertion(('triangle.c.xml', '_inter_block', 35), ('triangle.c.xml', 'stmt', 10))"
2024-06-02 14:31:56,042	[INFO]	71      TEST_CODE_ERROR       None (--) [2 edit(s)]  
2024-06-02 14:31:56,042	[DEBUG]	patch(71)="SrcmlStmtDeletion(('triangle.c.xml', 'stmt', 1)) | SrcmlStmtReplacement(('triangle.c.xml', 'stmt', 6), ('triangle.c.xml', 'stmt', 19))"
2024-06-02 14:31:56,043	[INFO]	72      SUCCESS              +0.00 (1.63%) [2 edit(s)] [cached] 
2024-06-02 14:31:56,043	[DEBUG]	patch(72)="SrcmlStmtDeletion(('triangle.c.xml', 'stmt', 1)) | SrcmlStmtDeletion(('triangle.c.xml', 'stmt', 1))"
2024-06-02 14:31:56,044	[INFO]	73      SUCCESS              +0.00 (1.63%) [1 edit(s)] [cached] 
2024-06-02 14:31:56,044	[DEBUG]	patch(73)="SrcmlStmtDeletion(('triangle.c.xml', 'stmt', 1))"
2024-06-02 14:31:56,045	[INFO]	74      SUCCESS               0.07 (100.00%) [0 edit(s)] [cached] 
2024-06-02 14:31:56,045	[DEBUG]	patch(74)=""
2024-06-02 14:31:56,079	[INFO]	75      COMPILE_CODE_ERROR    None (--) [2 edit(s)]  
2024-06-02 14:31:56,079	[DEBUG]	patch(75)="SrcmlStmtDeletion(('triangle.c.xml', 'stmt', 1)) | SrcmlStmtInsertion(('triangle.c.xml', '_inter_block', 6), ('triangle.c.xml', 'stmt', 17))"
2024-06-02 14:31:56,080	[INFO]	76      TEST_CODE_ERROR       None (--) [2 edit(s)] [cached] 
2024-06-02 14:31:56,080	[DEBUG]	patch(76)="SrcmlStmtDeletion(('triangle.c.xml', 'stmt', 1)) | SrcmlStmtDeletion(('triangle.c.xml', 'stmt', 16))"
2024-06-02 14:31:56,081	[INFO]	77      SUCCESS              +0.00 (1.63%) [2 edit(s)] [cached] 
2024-06-02 14:31:56,081	[DEBUG]	patch(77)="SrcmlStmtDeletion(('triangle.c.xml', 'stmt', 1)) | SrcmlStmtDeletion(('triangle.c.xml', 'stmt', 1))"
2024-06-02 14:31:56,082	[INFO]	78      SUCCESS              +0.00 (1.63%) [1 edit(s)] [cached] 
2024-06-02 14:31:56,082	[DEBUG]	patch(78)="SrcmlStmtDeletion(('triangle.c.xml', 'stmt', 1))"
2024-06-02 14:31:56,235	[INFO]	79      TEST_CODE_ERROR       None (--) [2 edit(s)]  
2024-06-02 14:31:56,235	[DEBUG]	patch(79)="SrcmlStmtDeletion(('triangle.c.xml', 'stmt', 1)) | SrcmlStmtInsertion(('triangle.c.xml', '_inter_block', 15), ('triangle.c.xml', 'stmt', 6))"
2024-06-02 14:31:56,377	[INFO]	80      TEST_CODE_ERROR       None (--) [2 edit(s)]  
2024-06-02 14:31:56,378	[DEBUG]	patch(80)="SrcmlStmtDeletion(('triangle.c.xml', 'stmt', 1)) | SrcmlStmtReplacement(('triangle.c.xml', 'stmt', 14), ('triangle.c.xml', 'stmt', 13))"
2024-06-02 14:31:56,544	[INFO]	81      TEST_CODE_ERROR       None (--) [2 edit(s)]  
2024-06-02 14:31:56,544	[DEBUG]	patch(81)="SrcmlStmtDeletion(('triangle.c.xml', 'stmt', 1)) | SrcmlStmtReplacement(('triangle.c.xml', 'stmt', 6), ('triangle.c.xml', 'stmt', 12))"
2024-06-02 14:31:56,714	[INFO]	82      TEST_CODE_ERROR       None (--) [2 edit(s)]  
2024-06-02 14:31:56,714	[DEBUG]	patch(82)="SrcmlStmtDeletion(('triangle.c.xml', 'stmt', 1)) | SrcmlStmtDeletion(('triangle.c.xml', 'stmt', 10))"
2024-06-02 14:31:56,715	[INFO]	83      SUCCESS               0.07 (100.00%) [0 edit(s)] [cached] 
2024-06-02 14:31:56,715	[DEBUG]	patch(83)=""
2024-06-02 14:31:56,919	[INFO]	84      TEST_CODE_ERROR       None (--) [2 edit(s)]  
2024-06-02 14:31:56,920	[DEBUG]	patch(84)="SrcmlStmtDeletion(('triangle.c.xml', 'stmt', 1)) | SrcmlStmtReplacement(('triangle.c.xml', 'stmt', 10), ('triangle.c.xml', 'stmt', 21))"
2024-06-02 14:31:56,921	[INFO]	85      TEST_CODE_ERROR       None (--) [2 edit(s)] [cached] 
2024-06-02 14:31:56,921	[DEBUG]	patch(85)="SrcmlStmtDeletion(('triangle.c.xml', 'stmt', 1)) | SrcmlStmtReplacement(('triangle.c.xml', 'stmt', 15), ('triangle.c.xml', 'stmt', 16))"
2024-06-02 14:31:56,922	[INFO]	86      TEST_CODE_ERROR       None (--) [2 edit(s)] [cached] 
2024-06-02 14:31:56,922	[DEBUG]	patch(86)="SrcmlStmtDeletion(('triangle.c.xml', 'stmt', 1)) | SrcmlStmtDeletion(('triangle.c.xml', 'stmt', 9))"
2024-06-02 14:31:56,959	[INFO]	87      COMPILE_CODE_ERROR    None (--) [2 edit(s)]  
2024-06-02 14:31:56,959	[DEBUG]	patch(87)="SrcmlStmtDeletion(('triangle.c.xml', 'stmt', 1)) | SrcmlStmtDeletion(('triangle.c.xml', 'stmt', 2))"
2024-06-02 14:31:56,960	[INFO]	88      TEST_CODE_ERROR       None (--) [2 edit(s)] [cached] 
2024-06-02 14:31:56,960	[DEBUG]	patch(88)="SrcmlStmtDeletion(('triangle.c.xml', 'stmt', 1)) | SrcmlStmtDeletion(('triangle.c.xml', 'stmt', 13))"
2024-06-02 14:31:57,088	[INFO]	89      TEST_CODE_ERROR       None (--) [2 edit(s)]  
2024-06-02 14:31:57,088	[DEBUG]	patch(89)="SrcmlStmtDeletion(('triangle.c.xml', 'stmt', 1)) | SrcmlStmtDeletion(('triangle.c.xml', 'stmt', 21))"
2024-06-02 14:31:57,124	[INFO]	90      COMPILE_CODE_ERROR    None (--) [2 edit(s)]  
2024-06-02 14:31:57,124	[DEBUG]	patch(90)="SrcmlStmtDeletion(('triangle.c.xml', 'stmt', 1)) | SrcmlStmtInsertion(('triangle.c.xml', '_inter_block', 9), ('triangle.c.xml', 'stmt', 2))"
2024-06-02 14:31:57,423	[DEBUG]	EXEC>  SUCCESS 0.0014407000000000003
2024-06-02 14:31:57,423	[INFO]	91      SUCCESS               0.00 (2.05%) [2 edit(s)]  
2024-06-02 14:31:57,423	[DEBUG]	patch(91)="SrcmlStmtDeletion(('triangle.c.xml', 'stmt', 1)) | SrcmlStmtDeletion(('triangle.c.xml', 'stmt', 8))"
2024-06-02 14:31:57,462	[INFO]	92      COMPILE_CODE_ERROR    None (--) [2 edit(s)]  
2024-06-02 14:31:57,462	[DEBUG]	patch(92)="SrcmlStmtDeletion(('triangle.c.xml', 'stmt', 1)) | SrcmlStmtReplacement(('triangle.c.xml', 'stmt', 1), ('triangle.c.xml', 'stmt', 11))"
2024-06-02 14:31:57,463	[INFO]	93      TEST_CODE_ERROR       None (--) [2 edit(s)] [cached] 
2024-06-02 14:31:57,463	[DEBUG]	patch(93)="SrcmlStmtDeletion(('triangle.c.xml', 'stmt', 1)) | SrcmlStmtDeletion(('triangle.c.xml', 'stmt', 20))"
2024-06-02 14:31:57,746	[INFO]	94      TEST_CODE_ERROR       None (--) [2 edit(s)]  
2024-06-02 14:31:57,746	[DEBUG]	patch(94)="SrcmlStmtDeletion(('triangle.c.xml', 'stmt', 1)) | SrcmlStmtInsertion(('triangle.c.xml', '_inter_block', 0), ('triangle.c.xml', 'stmt', 3))"
2024-06-02 14:31:57,912	[INFO]	95      TEST_CODE_ERROR       None (--) [2 edit(s)]  
2024-06-02 14:31:57,912	[DEBUG]	patch(95)="SrcmlStmtDeletion(('triangle.c.xml', 'stmt', 1)) | SrcmlStmtInsertion(('triangle.c.xml', '_inter_block', 18), ('triangle.c.xml', 'stmt', 15))"
2024-06-02 14:31:58,165	[DEBUG]	EXEC>  SUCCESS 0.0014218633333333331
2024-06-02 14:31:58,165	[INFO]	96      SUCCESS               0.00 (2.02%) [2 edit(s)]  
2024-06-02 14:31:58,165	[DEBUG]	patch(96)="SrcmlStmtDeletion(('triangle.c.xml', 'stmt', 1)) | SrcmlStmtInsertion(('triangle.c.xml', '_inter_block', 14), ('triangle.c.xml', 'stmt', 0))"
2024-06-02 14:31:58,327	[INFO]	97      TEST_CODE_ERROR       None (--) [2 edit(s)]  
2024-06-02 14:31:58,328	[DEBUG]	patch(97)="SrcmlStmtDeletion(('triangle.c.xml', 'stmt', 1)) | SrcmlStmtReplacement(('triangle.c.xml', 'stmt', 10), ('triangle.c.xml', 'stmt', 6))"
2024-06-02 14:31:58,525	[INFO]	98      TEST_CODE_ERROR       None (--) [2 edit(s)]  
2024-06-02 14:31:58,525	[DEBUG]	patch(98)="SrcmlStmtDeletion(('triangle.c.xml', 'stmt', 1)) | SrcmlStmtReplacement(('triangle.c.xml', 'stmt', 7), ('triangle.c.xml', 'stmt', 14))"
2024-06-02 14:31:58,711	[INFO]	99      TEST_CODE_ERROR       None (--) [2 edit(s)]  
2024-06-02 14:31:58,711	[DEBUG]	patch(99)="SrcmlStmtDeletion(('triangle.c.xml', 'stmt', 1)) | SrcmlStmtReplacement(('triangle.c.xml', 'stmt', 5), ('triangle.c.xml', 'stmt', 22))"
2024-06-02 14:31:58,712	[INFO]	100     TEST_CODE_ERROR       None (--) [2 edit(s)] [cached] 
2024-06-02 14:31:58,712	[DEBUG]	patch(100)="SrcmlStmtDeletion(('triangle.c.xml', 'stmt', 1)) | SrcmlStmtDeletion(('triangle.c.xml', 'stmt', 9))"
2024-06-02 14:31:58,713	[INFO]	~~~~ END ~~~~
2024-06-02 14:31:58,713	[INFO]	
2024-06-02 14:31:58,713	[INFO]	==== REPORT ====
2024-06-02 14:31:58,713	[INFO]	Termination: step budget
2024-06-02 14:31:58,713	[INFO]	Retries: 3
2024-06-02 14:31:58,713	[INFO]	Log file: /home/jim/magpie/_magpie_logs/triangle-c_1717335102.log
2024-06-02 14:31:58,713	[INFO]	Patch file: _magpie_logs/triangle-c_1717335102.patch
2024-06-02 14:31:58,713	[INFO]	Diff file: _magpie_logs/triangle-c_1717335102.diff
2024-06-02 14:31:58,713	[INFO]	Reference fitness: 0.07
2024-06-02 14:31:58,713	[INFO]	Best fitness: 0.00
2024-06-02 14:31:58,713	[INFO]	
2024-06-02 14:31:58,715	[INFO]	==== BEST PATCH ====
SrcmlStmtDeletion(('triangle.c.xml', 'stmt', 1))
2024-06-02 14:31:58,715	[INFO]	
2024-06-02 14:31:58,715	[INFO]	==== DIFF ====
[1m--- before: triangle.c[0m
[1m+++ after: triangle.c[0m
[36m@@ -2,7 +2,7 @@[0m
 
 void delay() {
   const struct timespec ms = {0, 0.001*1e9}; //tv_sec=0, tv_nsec (0.001 seconds)
[31m-  nanosleep(&ms,NULL); /*ignores possible errors*/[0m
[32m+   /*ignores possible errors*/[0m
 }
 
 int classify_triangle(double a, double b, double c) {

