2024-07-08 08:39:17,820	[DEBUG]	==== CONFIG ====
[magpie]
import = 
seed = 45
log_dir = _magpie_logs
work_dir = _magpie_work
local_original_copy = True
local_original_name = __original__
output_encoding = ascii
edit_retries = 10
default_timeout = 100
default_lengthout = 1e6
diff_method = unified
trust_local_filesystem = True
run_timeout = 100

[magpie.log]
color_output = True
format_info = {counter:<7} {status:<20} {best}{fitness} ({ratio}) [{size}] {cached} {log}
format_debug = patch({counter})="{patch}"{diffifbest}
format_fitness = {:.6f}
format_ratio = {:.2%%}
format_patchif = 
	 --> {patch}
format_diffif = 
	{diff}

[software]
path = examples/minisat
target_files = 
	core/Solver.cc.xml
software = BasicSoftware
model_rules = 
	*.params : ParamFileConfigModel
	*.xml : SrcmlModel
	* : LineModel
model_config = 
	*.params : [paramconfig]
	*.xml : [srcml]
init_cmd = bash init.sh
init_timeout = 60
init_lengthout = -1
setup_cmd = bash compile.sh
setup_timeout = 
setup_lengthout = 
compile_cmd = bash compile.sh
compile_timeout = 
compile_lengthout = 
test_cmd = bash test.sh
test_timeout = 
test_lengthout = 
run_cmd = perf stat -e cycles bash run_fixed.sh
run_timeout = 
run_lengthout = 
retries = 2
batch_timeout = 
batch_lengthout = 
batch_bin_fitness_strategy = aggregate
batch_fitness_strategy = sum
fitness = perf_cycles

[srcml]
rename = 
	stmt: break continue decl_stmt do expr_stmt for goto if return switch while
	number: literal_number
focus = block stmt operator_comp operator_arith number
internodes = block
process_pseudo_blocks = True
process_literals = True
process_operators = True

[paramconfig]
timing = test run
cli_prefix = --
cli_glue = =
cli_boolean = show
cli_boolean_prefix_true = 
cli_boolean_prefix_false = no-
cli_none = hide
silent_prefix = @
silent_suffix = $

[search]
protocol = BasicProtocol
algorithm = GeneticProgrammingUniformConcat
possible_edits = 
	SrcmlStmtReplacement
	SrcmlStmtInsertion
	SrcmlStmtDeletion
warmup = 3
warmup_strategy = last
max_steps = 10000
max_time = 1800
target_fitness = 
cache_maxsize = 100
cache_keep = 0.2
batch_instances = 
batch_shuffle = True
batch_bin_shuffle = False
batch_sample_size = 1

[search.ls]
delete_prob = 0.5
max_neighbours = 
when_trapped = continue
accept_fail = False
tabu_length = 10

[search.gp]
pop_size = 10
delete_prob = 0.5
offspring_elitism = 0.1
offspring_crossover = 0.5
offspring_mutation = 0.4
uniform_rate = 0.5
batch_reset = True

[search.minify]
do_cleanup = True
do_rebuild = True
do_simplify = True
round_robin_limit = 3


2024-07-08 08:39:17,820	[DEBUG]	
2024-07-08 08:39:17,820	[INFO]	==== SEARCH: GeneticProgrammingUniformConcat ====
2024-07-08 08:39:17,820	[INFO]	~~~~ WARMUP ~~~~
2024-07-08 08:39:51,195	[DEBUG]	EXEC>  SUCCESS 52260161860.5
2024-07-08 08:39:51,195	[INFO]	WARM    SUCCESS               52260161860.500000 (--) [0 edit(s)]  
2024-07-08 08:40:19,396	[DEBUG]	EXEC>  SUCCESS 51669265196.0
2024-07-08 08:40:19,396	[INFO]	WARM    SUCCESS               51669265196.000000 (--) [0 edit(s)]  
2024-07-08 08:40:47,825	[DEBUG]	EXEC>  SUCCESS 52042561048.5
2024-07-08 08:40:47,825	[INFO]	WARM    SUCCESS               52042561048.500000 (--) [0 edit(s)]  
2024-07-08 08:40:47,825	[INFO]	REF     SUCCESS               52042561048.500000 (--) [0 edit(s)]  
2024-07-08 08:40:47,825	[INFO]	
2024-07-08 08:40:47,825	[INFO]	~~~~ START ~~~~
2024-07-08 08:40:49,850	[INFO]	0-1     TEST_CODE_ERROR       None (--) [1 edit(s)]  
2024-07-08 08:40:49,850	[DEBUG]	patch(0-1)="SrcmlStmtInsertion(('core/Solver.cc.xml', '_inter_block', 263), ('core/Solver.cc.xml', 'stmt', 155))"
2024-07-08 08:41:19,616	[DEBUG]	EXEC>  SUCCESS 51295254141.5
2024-07-08 08:41:19,616	[INFO]	0-2     SUCCESS              *51295254141.500000 (98.56%) [1 edit(s)]  
2024-07-08 08:41:19,616	[DEBUG]	patch(0-2)="SrcmlStmtInsertion(('core/Solver.cc.xml', '_inter_block', 495), ('core/Solver.cc.xml', 'stmt', 58))"
--- before: core/Solver.cc
+++ after: core/Solver.cc
@@ -932,6 +932,7 @@
 void Solver::toDimacs(FILE* f, Clause& c, vec<Var>& map, Var& max)
 {
     if (satisfied(c)) /*auto*/{
+      watches.smudge(~c[1]);
       return;
     }/*auto*/
 

2024-07-08 08:41:20,068	[INFO]	0-3     COMPILE_CODE_ERROR    None (--) [1 edit(s)]  
2024-07-08 08:41:20,068	[DEBUG]	patch(0-3)="SrcmlStmtInsertion(('core/Solver.cc.xml', '_inter_block', 36), ('core/Solver.cc.xml', 'stmt', 69))"
2024-07-08 08:41:20,523	[INFO]	0-4     COMPILE_CODE_ERROR    None (--) [1 edit(s)]  
2024-07-08 08:41:20,524	[DEBUG]	patch(0-4)="SrcmlStmtInsertion(('core/Solver.cc.xml', '_inter_block', 438), ('core/Solver.cc.xml', 'stmt', 313))"
2024-07-08 08:41:50,548	[DEBUG]	EXEC>  SUCCESS 51607226189.0
2024-07-08 08:41:50,548	[INFO]	0-5     SUCCESS               51607226189.000000 (99.16%) [1 edit(s)]  
2024-07-08 08:41:50,548	[DEBUG]	patch(0-5)="SrcmlStmtInsertion(('core/Solver.cc.xml', '_inter_block', 32), ('core/Solver.cc.xml', 'stmt', 164))"
2024-07-08 08:41:50,995	[INFO]	0-6     COMPILE_CODE_ERROR    None (--) [1 edit(s)]  
2024-07-08 08:41:50,995	[DEBUG]	patch(0-6)="SrcmlStmtInsertion(('core/Solver.cc.xml', '_inter_block', 96), ('core/Solver.cc.xml', 'stmt', 45))"
2024-07-08 08:41:51,442	[INFO]	0-7     COMPILE_CODE_ERROR    None (--) [1 edit(s)]  
2024-07-08 08:41:51,442	[DEBUG]	patch(0-7)="SrcmlStmtReplacement(('core/Solver.cc.xml', 'stmt', 401), ('core/Solver.cc.xml', 'stmt', 357))"
2024-07-08 08:43:33,504	[INFO]	0-8     TEST_TIMEOUT          None (--) [1 edit(s)]  
2024-07-08 08:43:33,504	[DEBUG]	patch(0-8)="SrcmlStmtDeletion(('core/Solver.cc.xml', 'stmt', 303))"
2024-07-08 08:43:33,944	[INFO]	0-9     COMPILE_CODE_ERROR    None (--) [1 edit(s)]  
2024-07-08 08:43:33,944	[DEBUG]	patch(0-9)="SrcmlStmtDeletion(('core/Solver.cc.xml', 'stmt', 252))"
2024-07-08 08:44:03,357	[DEBUG]	EXEC>  SUCCESS 51863237114.0
2024-07-08 08:44:03,357	[INFO]	0-10    SUCCESS               51863237114.000000 (99.66%) [1 edit(s)]  
2024-07-08 08:44:03,357	[DEBUG]	patch(0-10)="SrcmlStmtInsertion(('core/Solver.cc.xml', '_inter_block', 159), ('core/Solver.cc.xml', 'stmt', 127))"
2024-07-08 08:44:03,361	[INFO]	REF     SUCCESS               52042561048.500000 (--) [0 edit(s)] [cached] 
2024-07-08 08:44:03,367	[INFO]	BEST    SUCCESS              *51295254141.500000 (98.56%) [0 edit(s)] [cached] 
2024-07-08 08:44:03,373	[INFO]	1-1     SUCCESS              +51295254141.500000 (98.56%) [1 edit(s)] [cached] 
2024-07-08 08:44:03,373	[DEBUG]	patch(1-1)="SrcmlStmtInsertion(('core/Solver.cc.xml', '_inter_block', 495), ('core/Solver.cc.xml', 'stmt', 58))"
2024-07-08 08:44:03,391	[INFO]	1-2     SUCCESS               51607226189.000000 (99.16%) [1 edit(s)] [cached] 
2024-07-08 08:44:03,391	[DEBUG]	patch(1-2)="SrcmlStmtInsertion(('core/Solver.cc.xml', '_inter_block', 32), ('core/Solver.cc.xml', 'stmt', 164))"
2024-07-08 08:44:32,545	[DEBUG]	EXEC>  SUCCESS 51327001364.0
2024-07-08 08:44:32,545	[INFO]	1-3     SUCCESS               51327001364.000000 (98.63%) [2 edit(s)]  
2024-07-08 08:44:32,545	[DEBUG]	patch(1-3)="SrcmlStmtInsertion(('core/Solver.cc.xml', '_inter_block', 32), ('core/Solver.cc.xml', 'stmt', 164)) | SrcmlStmtInsertion(('core/Solver.cc.xml', '_inter_block', 495), ('core/Solver.cc.xml', 'stmt', 58))"
2024-07-08 08:44:32,551	[INFO]	1-4     SUCCESS               51863237114.000000 (99.66%) [1 edit(s)] [cached] 
2024-07-08 08:44:32,551	[DEBUG]	patch(1-4)="SrcmlStmtInsertion(('core/Solver.cc.xml', '_inter_block', 159), ('core/Solver.cc.xml', 'stmt', 127))"
2024-07-08 08:45:01,901	[DEBUG]	EXEC>  SUCCESS 51677106484.5
2024-07-08 08:45:01,902	[INFO]	1-5     SUCCESS               51677106484.500000 (99.30%) [2 edit(s)]  
2024-07-08 08:45:01,902	[DEBUG]	patch(1-5)="SrcmlStmtInsertion(('core/Solver.cc.xml', '_inter_block', 495), ('core/Solver.cc.xml', 'stmt', 58)) | SrcmlStmtDeletion(('core/Solver.cc.xml', 'stmt', 162))"
2024-07-08 08:45:01,905	[INFO]	1-6     SUCCESS               52042561048.500000 (100.00%) [0 edit(s)] [cached] 
2024-07-08 08:45:01,906	[DEBUG]	patch(1-6)=""
2024-07-08 08:45:01,909	[INFO]	1-7     SUCCESS               52042561048.500000 (100.00%) [0 edit(s)] [cached] 
2024-07-08 08:45:01,909	[DEBUG]	patch(1-7)=""
2024-07-08 08:45:02,353	[INFO]	1-8     COMPILE_CODE_ERROR    None (--) [1 edit(s)]  
2024-07-08 08:45:02,353	[DEBUG]	patch(1-8)="SrcmlStmtReplacement(('core/Solver.cc.xml', 'stmt', 1), ('core/Solver.cc.xml', 'stmt', 317))"
2024-07-08 08:45:02,793	[INFO]	1-9     COMPILE_CODE_ERROR    None (--) [1 edit(s)]  
2024-07-08 08:45:02,794	[DEBUG]	patch(1-9)="SrcmlStmtInsertion(('core/Solver.cc.xml', '_inter_block', 205), ('core/Solver.cc.xml', 'stmt', 138))"
2024-07-08 08:45:32,775	[DEBUG]	EXEC>  SUCCESS 52958312296.5
2024-07-08 08:45:32,775	[INFO]	1-10    SUCCESS               52958312296.500000 (101.76%) [1 edit(s)]  
2024-07-08 08:45:32,775	[DEBUG]	patch(1-10)="SrcmlStmtReplacement(('core/Solver.cc.xml', 'stmt', 14), ('core/Solver.cc.xml', 'stmt', 11))"
2024-07-08 08:45:32,779	[INFO]	REF     SUCCESS               52042561048.500000 (--) [0 edit(s)] [cached] 
2024-07-08 08:45:32,785	[INFO]	BEST    SUCCESS              *51295254141.500000 (98.56%) [0 edit(s)] [cached] 
2024-07-08 08:45:32,791	[INFO]	2-1     SUCCESS              +51295254141.500000 (98.56%) [1 edit(s)] [cached] 
2024-07-08 08:45:32,791	[DEBUG]	patch(2-1)="SrcmlStmtInsertion(('core/Solver.cc.xml', '_inter_block', 495), ('core/Solver.cc.xml', 'stmt', 58))"
2024-07-08 08:45:32,809	[INFO]	2-2     SUCCESS               51295254141.500000 (98.56%) [1 edit(s)] [cached] 
2024-07-08 08:45:32,809	[DEBUG]	patch(2-2)="SrcmlStmtInsertion(('core/Solver.cc.xml', '_inter_block', 495), ('core/Solver.cc.xml', 'stmt', 58))"
2024-07-08 08:45:32,814	[INFO]	2-3     SUCCESS               51295254141.500000 (98.56%) [1 edit(s)] [cached] 
2024-07-08 08:45:32,814	[DEBUG]	patch(2-3)="SrcmlStmtInsertion(('core/Solver.cc.xml', '_inter_block', 495), ('core/Solver.cc.xml', 'stmt', 58))"
2024-07-08 08:45:32,820	[INFO]	2-4     SUCCESS               51677106484.500000 (99.30%) [2 edit(s)] [cached] 
2024-07-08 08:45:32,820	[DEBUG]	patch(2-4)="SrcmlStmtInsertion(('core/Solver.cc.xml', '_inter_block', 495), ('core/Solver.cc.xml', 'stmt', 58)) | SrcmlStmtDeletion(('core/Solver.cc.xml', 'stmt', 162))"
2024-07-08 08:45:32,826	[INFO]	2-5     SUCCESS               51295254141.500000 (98.56%) [1 edit(s)] [cached] 
2024-07-08 08:45:32,826	[DEBUG]	patch(2-5)="SrcmlStmtInsertion(('core/Solver.cc.xml', '_inter_block', 495), ('core/Solver.cc.xml', 'stmt', 58))"
2024-07-08 08:46:02,242	[DEBUG]	EXEC>  SUCCESS 51866245873.0
2024-07-08 08:46:02,242	[INFO]	2-6     SUCCESS               51866245873.000000 (99.66%) [2 edit(s)]  
2024-07-08 08:46:02,242	[DEBUG]	patch(2-6)="SrcmlStmtReplacement(('core/Solver.cc.xml', 'stmt', 14), ('core/Solver.cc.xml', 'stmt', 11)) | SrcmlStmtInsertion(('core/Solver.cc.xml', '_inter_block', 159), ('core/Solver.cc.xml', 'stmt', 127))"
2024-07-08 08:46:02,246	[INFO]	2-7     SUCCESS               52042561048.500000 (100.00%) [0 edit(s)] [cached] 
2024-07-08 08:46:02,246	[DEBUG]	patch(2-7)=""
2024-07-08 08:46:02,252	[INFO]	2-8     SUCCESS               51607226189.000000 (99.16%) [1 edit(s)] [cached] 
2024-07-08 08:46:02,252	[DEBUG]	patch(2-8)="SrcmlStmtInsertion(('core/Solver.cc.xml', '_inter_block', 32), ('core/Solver.cc.xml', 'stmt', 164))"
2024-07-08 08:46:02,255	[INFO]	2-9     SUCCESS               52042561048.500000 (100.00%) [0 edit(s)] [cached] 
2024-07-08 08:46:02,255	[DEBUG]	patch(2-9)=""
2024-07-08 08:46:31,460	[DEBUG]	EXEC>  SUCCESS 51455468858.5
2024-07-08 08:46:31,460	[INFO]	2-10    SUCCESS               51455468858.500000 (98.87%) [1 edit(s)]  
2024-07-08 08:46:31,460	[DEBUG]	patch(2-10)="SrcmlStmtDeletion(('core/Solver.cc.xml', 'stmt', 162))"
2024-07-08 08:46:31,464	[INFO]	REF     SUCCESS               52042561048.500000 (--) [0 edit(s)] [cached] 
2024-07-08 08:46:31,470	[INFO]	BEST    SUCCESS              *51295254141.500000 (98.56%) [0 edit(s)] [cached] 
2024-07-08 08:46:31,476	[INFO]	3-1     SUCCESS              +51295254141.500000 (98.56%) [1 edit(s)] [cached] 
2024-07-08 08:46:31,476	[DEBUG]	patch(3-1)="SrcmlStmtInsertion(('core/Solver.cc.xml', '_inter_block', 495), ('core/Solver.cc.xml', 'stmt', 58))"
2024-07-08 08:46:31,498	[INFO]	3-2     SUCCESS               51295254141.500000 (98.56%) [1 edit(s)] [cached] 
2024-07-08 08:46:31,498	[DEBUG]	patch(3-2)="SrcmlStmtInsertion(('core/Solver.cc.xml', '_inter_block', 495), ('core/Solver.cc.xml', 'stmt', 58))"
2024-07-08 08:46:31,504	[INFO]	3-3     SUCCESS               51677106484.500000 (99.30%) [2 edit(s)] [cached] 
2024-07-08 08:46:31,504	[DEBUG]	patch(3-3)="SrcmlStmtDeletion(('core/Solver.cc.xml', 'stmt', 162)) | SrcmlStmtInsertion(('core/Solver.cc.xml', '_inter_block', 495), ('core/Solver.cc.xml', 'stmt', 58))"
2024-07-08 08:46:31,510	[INFO]	3-4     SUCCESS               51607226189.000000 (99.16%) [1 edit(s)] [cached] 
2024-07-08 08:46:31,510	[DEBUG]	patch(3-4)="SrcmlStmtInsertion(('core/Solver.cc.xml', '_inter_block', 32), ('core/Solver.cc.xml', 'stmt', 164))"
2024-07-08 08:46:31,514	[INFO]	3-5     SUCCESS               51455468858.500000 (98.87%) [1 edit(s)] [cached] 
2024-07-08 08:46:31,514	[DEBUG]	patch(3-5)="SrcmlStmtDeletion(('core/Solver.cc.xml', 'stmt', 162))"
2024-07-08 08:46:31,959	[INFO]	3-6     COMPILE_CODE_ERROR    None (--) [4 edit(s)]  
2024-07-08 08:46:31,959	[DEBUG]	patch(3-6)="SrcmlStmtReplacement(('core/Solver.cc.xml', 'stmt', 14), ('core/Solver.cc.xml', 'stmt', 11)) | SrcmlStmtInsertion(('core/Solver.cc.xml', '_inter_block', 159), ('core/Solver.cc.xml', 'stmt', 127)) | SrcmlStmtReplacement(('core/Solver.cc.xml', 'stmt', 14), ('core/Solver.cc.xml', 'stmt', 11)) | SrcmlStmtInsertion(('core/Solver.cc.xml', '_inter_block', 159), ('core/Solver.cc.xml', 'stmt', 127))"
2024-07-08 08:46:31,963	[INFO]	3-7     SUCCESS               52042561048.500000 (100.00%) [0 edit(s)] [cached] 
2024-07-08 08:46:31,963	[DEBUG]	patch(3-7)=""
2024-07-08 08:46:32,414	[INFO]	3-8     COMPILE_CODE_ERROR    None (--) [2 edit(s)]  
2024-07-08 08:46:32,415	[DEBUG]	patch(3-8)="SrcmlStmtDeletion(('core/Solver.cc.xml', 'stmt', 162)) | SrcmlStmtInsertion(('core/Solver.cc.xml', '_inter_block', 44), ('core/Solver.cc.xml', 'stmt', 125))"
2024-07-08 08:46:32,851	[INFO]	3-9     COMPILE_CODE_ERROR    None (--) [2 edit(s)]  
2024-07-08 08:46:32,851	[DEBUG]	patch(3-9)="SrcmlStmtInsertion(('core/Solver.cc.xml', '_inter_block', 32), ('core/Solver.cc.xml', 'stmt', 164)) | SrcmlStmtReplacement(('core/Solver.cc.xml', 'stmt', 356), ('core/Solver.cc.xml', 'stmt', 41))"
2024-07-08 08:46:33,296	[INFO]	3-10    COMPILE_CODE_ERROR    None (--) [3 edit(s)]  
2024-07-08 08:46:33,296	[DEBUG]	patch(3-10)="SrcmlStmtInsertion(('core/Solver.cc.xml', '_inter_block', 495), ('core/Solver.cc.xml', 'stmt', 58)) | SrcmlStmtDeletion(('core/Solver.cc.xml', 'stmt', 162)) | SrcmlStmtReplacement(('core/Solver.cc.xml', 'stmt', 112), ('core/Solver.cc.xml', 'stmt', 208))"
2024-07-08 08:46:33,300	[INFO]	REF     SUCCESS               52042561048.500000 (--) [0 edit(s)] [cached] 
2024-07-08 08:46:33,306	[INFO]	BEST    SUCCESS              *51295254141.500000 (98.56%) [0 edit(s)] [cached] 
2024-07-08 08:46:33,312	[INFO]	4-1     SUCCESS              +51295254141.500000 (98.56%) [1 edit(s)] [cached] 
2024-07-08 08:46:33,312	[DEBUG]	patch(4-1)="SrcmlStmtInsertion(('core/Solver.cc.xml', '_inter_block', 495), ('core/Solver.cc.xml', 'stmt', 58))"
2024-07-08 08:46:33,320	[INFO]	4-2     SUCCESS               51327001364.000000 (98.63%) [2 edit(s)] [cached] 
2024-07-08 08:46:33,320	[DEBUG]	patch(4-2)="SrcmlStmtInsertion(('core/Solver.cc.xml', '_inter_block', 495), ('core/Solver.cc.xml', 'stmt', 58)) | SrcmlStmtInsertion(('core/Solver.cc.xml', '_inter_block', 32), ('core/Solver.cc.xml', 'stmt', 164))"
2024-07-08 08:46:33,326	[INFO]	4-3     SUCCESS               51677106484.500000 (99.30%) [3 edit(s)] [cached] 
2024-07-08 08:46:33,326	[DEBUG]	patch(4-3)="SrcmlStmtDeletion(('core/Solver.cc.xml', 'stmt', 162)) | SrcmlStmtDeletion(('core/Solver.cc.xml', 'stmt', 162)) | SrcmlStmtInsertion(('core/Solver.cc.xml', '_inter_block', 495), ('core/Solver.cc.xml', 'stmt', 58))"
2024-07-08 08:47:03,111	[DEBUG]	EXEC>  SUCCESS 52552603726.5
2024-07-08 08:47:03,111	[INFO]	4-4     SUCCESS               52552603726.500000 (100.98%) [2 edit(s)]  
2024-07-08 08:47:03,111	[DEBUG]	patch(4-4)="SrcmlStmtInsertion(('core/Solver.cc.xml', '_inter_block', 32), ('core/Solver.cc.xml', 'stmt', 164)) | SrcmlStmtDeletion(('core/Solver.cc.xml', 'stmt', 162))"
2024-07-08 08:47:03,118	[INFO]	4-5     SUCCESS               51677106484.500000 (99.30%) [2 edit(s)] [cached] 
2024-07-08 08:47:03,118	[DEBUG]	patch(4-5)="SrcmlStmtDeletion(('core/Solver.cc.xml', 'stmt', 162)) | SrcmlStmtInsertion(('core/Solver.cc.xml', '_inter_block', 495), ('core/Solver.cc.xml', 'stmt', 58))"
2024-07-08 08:47:03,122	[INFO]	4-6     SUCCESS               52042561048.500000 (100.00%) [0 edit(s)] [cached] 
2024-07-08 08:47:03,122	[DEBUG]	patch(4-6)=""
2024-07-08 08:47:32,206	[DEBUG]	EXEC>  SUCCESS 51167007600.5
2024-07-08 08:47:32,206	[INFO]	4-7     SUCCESS              *51167007600.500000 (98.32%) [2 edit(s)]  
2024-07-08 08:47:32,206	[DEBUG]	patch(4-7)="SrcmlStmtInsertion(('core/Solver.cc.xml', '_inter_block', 495), ('core/Solver.cc.xml', 'stmt', 58)) | SrcmlStmtInsertion(('core/Solver.cc.xml', '_inter_block', 390), ('core/Solver.cc.xml', 'stmt', 9))"
--- before: core/Solver.cc
+++ after: core/Solver.cc
@@ -749,6 +749,7 @@
                 learntsize_adjust_confl *= learntsize_adjust_inc;
                 learntsize_adjust_cnt    = (int)learntsize_adjust_confl;
                 max_learnts             *= learntsize_inc;
+                static IntOption     opt_restart_first     (_cat, "rfirst",      "The base restart interval", 100, IntRange(1, INT32_MAX));
 
                 if (verbosity >= 1)
                     /*auto*/{
@@ -932,6 +933,7 @@
 void Solver::toDimacs(FILE* f, Clause& c, vec<Var>& map, Var& max)
 {
     if (satisfied(c)) /*auto*/{
+      watches.smudge(~c[1]);
       return;
     }/*auto*/
 

2024-07-08 08:47:32,210	[INFO]	4-8     SUCCESS               52042561048.500000 (100.00%) [0 edit(s)] [cached] 
2024-07-08 08:47:32,210	[DEBUG]	patch(4-8)=""
2024-07-08 08:48:01,826	[DEBUG]	EXEC>  SUCCESS 52239426273.0
2024-07-08 08:48:01,826	[INFO]	4-9     SUCCESS               52239426273.000000 (100.38%) [2 edit(s)]  
2024-07-08 08:48:01,826	[DEBUG]	patch(4-9)="SrcmlStmtInsertion(('core/Solver.cc.xml', '_inter_block', 32), ('core/Solver.cc.xml', 'stmt', 164)) | SrcmlStmtInsertion(('core/Solver.cc.xml', '_inter_block', 566), ('core/Solver.cc.xml', 'stmt', 169))"
2024-07-08 08:48:01,830	[INFO]	4-10    SUCCESS               51455468858.500000 (98.87%) [1 edit(s)] [cached] 
2024-07-08 08:48:01,830	[DEBUG]	patch(4-10)="SrcmlStmtDeletion(('core/Solver.cc.xml', 'stmt', 162))"
2024-07-08 08:48:01,834	[INFO]	REF     SUCCESS               52042561048.500000 (--) [0 edit(s)] [cached] 
2024-07-08 08:48:01,841	[INFO]	BEST    SUCCESS              *51167007600.500000 (98.32%) [0 edit(s)] [cached] 
2024-07-08 08:48:01,857	[INFO]	5-1     SUCCESS              +51167007600.500000 (98.32%) [2 edit(s)] [cached] 
2024-07-08 08:48:01,857	[DEBUG]	patch(5-1)="SrcmlStmtInsertion(('core/Solver.cc.xml', '_inter_block', 495), ('core/Solver.cc.xml', 'stmt', 58)) | SrcmlStmtInsertion(('core/Solver.cc.xml', '_inter_block', 390), ('core/Solver.cc.xml', 'stmt', 9))"
2024-07-08 08:48:01,861	[INFO]	5-2     SUCCESS               51455468858.500000 (98.87%) [1 edit(s)] [cached] 
2024-07-08 08:48:01,862	[DEBUG]	patch(5-2)="SrcmlStmtDeletion(('core/Solver.cc.xml', 'stmt', 162))"
2024-07-08 08:48:31,392	[DEBUG]	EXEC>  SUCCESS 52077786594.0
2024-07-08 08:48:31,393	[INFO]	5-3     SUCCESS               52077786594.000000 (100.07%) [3 edit(s)]  
2024-07-08 08:48:31,393	[DEBUG]	patch(5-3)="SrcmlStmtInsertion(('core/Solver.cc.xml', '_inter_block', 495), ('core/Solver.cc.xml', 'stmt', 58)) | SrcmlStmtInsertion(('core/Solver.cc.xml', '_inter_block', 32), ('core/Solver.cc.xml', 'stmt', 164)) | SrcmlStmtInsertion(('core/Solver.cc.xml', '_inter_block', 566), ('core/Solver.cc.xml', 'stmt', 169))"
2024-07-08 08:48:31,399	[INFO]	5-4     SUCCESS               51295254141.500000 (98.56%) [1 edit(s)] [cached] 
2024-07-08 08:48:31,399	[DEBUG]	patch(5-4)="SrcmlStmtInsertion(('core/Solver.cc.xml', '_inter_block', 495), ('core/Solver.cc.xml', 'stmt', 58))"
2024-07-08 08:48:31,405	[INFO]	5-5     SUCCESS               52552603726.500000 (100.98%) [2 edit(s)] [cached] 
2024-07-08 08:48:31,405	[DEBUG]	patch(5-5)="SrcmlStmtInsertion(('core/Solver.cc.xml', '_inter_block', 32), ('core/Solver.cc.xml', 'stmt', 164)) | SrcmlStmtDeletion(('core/Solver.cc.xml', 'stmt', 162))"
2024-07-08 08:48:31,409	[INFO]	5-6     SUCCESS               51455468858.500000 (98.87%) [1 edit(s)] [cached] 
2024-07-08 08:48:31,409	[DEBUG]	patch(5-6)="SrcmlStmtDeletion(('core/Solver.cc.xml', 'stmt', 162))"
2024-07-08 08:49:01,032	[DEBUG]	EXEC>  SUCCESS 52202464046.5
2024-07-08 08:49:01,032	[INFO]	5-7     SUCCESS               52202464046.500000 (100.31%) [3 edit(s)]  
2024-07-08 08:49:01,032	[DEBUG]	patch(5-7)="SrcmlStmtInsertion(('core/Solver.cc.xml', '_inter_block', 495), ('core/Solver.cc.xml', 'stmt', 58)) | SrcmlStmtInsertion(('core/Solver.cc.xml', '_inter_block', 390), ('core/Solver.cc.xml', 'stmt', 9)) | SrcmlStmtInsertion(('core/Solver.cc.xml', '_inter_block', 241), ('core/Solver.cc.xml', 'stmt', 268))"
2024-07-08 08:49:01,476	[INFO]	5-8     COMPILE_CODE_ERROR    None (--) [2 edit(s)]  
2024-07-08 08:49:01,476	[DEBUG]	patch(5-8)="SrcmlStmtInsertion(('core/Solver.cc.xml', '_inter_block', 495), ('core/Solver.cc.xml', 'stmt', 58)) | SrcmlStmtInsertion(('core/Solver.cc.xml', '_inter_block', 44), ('core/Solver.cc.xml', 'stmt', 369))"
2024-07-08 08:49:01,482	[INFO]	5-9     SUCCESS               51607226189.000000 (99.16%) [1 edit(s)] [cached] 
2024-07-08 08:49:01,482	[DEBUG]	patch(5-9)="SrcmlStmtInsertion(('core/Solver.cc.xml', '_inter_block', 32), ('core/Solver.cc.xml', 'stmt', 164))"
2024-07-08 08:49:03,414	[INFO]	5-10    TEST_CODE_ERROR       None (--) [2 edit(s)]  
2024-07-08 08:49:03,414	[DEBUG]	patch(5-10)="SrcmlStmtDeletion(('core/Solver.cc.xml', 'stmt', 162)) | SrcmlStmtDeletion(('core/Solver.cc.xml', 'stmt', 21))"
2024-07-08 08:49:03,418	[INFO]	REF     SUCCESS               52042561048.500000 (--) [0 edit(s)] [cached] 
2024-07-08 08:49:03,425	[INFO]	BEST    SUCCESS              *51167007600.500000 (98.32%) [0 edit(s)] [cached] 
2024-07-08 08:49:03,434	[INFO]	6-1     SUCCESS              +51167007600.500000 (98.32%) [2 edit(s)] [cached] 
2024-07-08 08:49:03,434	[DEBUG]	patch(6-1)="SrcmlStmtInsertion(('core/Solver.cc.xml', '_inter_block', 495), ('core/Solver.cc.xml', 'stmt', 58)) | SrcmlStmtInsertion(('core/Solver.cc.xml', '_inter_block', 390), ('core/Solver.cc.xml', 'stmt', 9))"
2024-07-08 08:49:32,597	[DEBUG]	EXEC>  SUCCESS 51430363540.0
2024-07-08 08:49:32,597	[INFO]	6-2     SUCCESS               51430363540.000000 (98.82%) [3 edit(s)]  
2024-07-08 08:49:32,597	[DEBUG]	patch(6-2)="SrcmlStmtInsertion(('core/Solver.cc.xml', '_inter_block', 495), ('core/Solver.cc.xml', 'stmt', 58)) | SrcmlStmtInsertion(('core/Solver.cc.xml', '_inter_block', 390), ('core/Solver.cc.xml', 'stmt', 9)) | SrcmlStmtDeletion(('core/Solver.cc.xml', 'stmt', 162))"
2024-07-08 08:49:32,603	[INFO]	6-3     SUCCESS               51607226189.000000 (99.16%) [1 edit(s)] [cached] 
2024-07-08 08:49:32,603	[DEBUG]	patch(6-3)="SrcmlStmtInsertion(('core/Solver.cc.xml', '_inter_block', 32), ('core/Solver.cc.xml', 'stmt', 164))"
2024-07-08 08:49:32,607	[INFO]	6-4     SUCCESS               51455468858.500000 (98.87%) [1 edit(s)] [cached] 
2024-07-08 08:49:32,608	[DEBUG]	patch(6-4)="SrcmlStmtDeletion(('core/Solver.cc.xml', 'stmt', 162))"
2024-07-08 08:49:32,613	[INFO]	6-5     SUCCESS               51607226189.000000 (99.16%) [1 edit(s)] [cached] 
2024-07-08 08:49:32,613	[DEBUG]	patch(6-5)="SrcmlStmtInsertion(('core/Solver.cc.xml', '_inter_block', 32), ('core/Solver.cc.xml', 'stmt', 164))"
2024-07-08 08:50:01,989	[DEBUG]	EXEC>  SUCCESS 51806739101.5
2024-07-08 08:50:01,989	[INFO]	6-6     SUCCESS               51806739101.500000 (99.55%) [4 edit(s)]  
2024-07-08 08:50:01,989	[DEBUG]	patch(6-6)="SrcmlStmtInsertion(('core/Solver.cc.xml', '_inter_block', 32), ('core/Solver.cc.xml', 'stmt', 164)) | SrcmlStmtDeletion(('core/Solver.cc.xml', 'stmt', 162)) | SrcmlStmtInsertion(('core/Solver.cc.xml', '_inter_block', 32), ('core/Solver.cc.xml', 'stmt', 164)) | SrcmlStmtInsertion(('core/Solver.cc.xml', '_inter_block', 566), ('core/Solver.cc.xml', 'stmt', 169))"
2024-07-08 08:50:01,995	[INFO]	6-7     SUCCESS               51295254141.500000 (98.56%) [1 edit(s)] [cached] 
2024-07-08 08:50:01,995	[DEBUG]	patch(6-7)="SrcmlStmtInsertion(('core/Solver.cc.xml', '_inter_block', 495), ('core/Solver.cc.xml', 'stmt', 58))"
2024-07-08 08:50:01,999	[INFO]	6-8     SUCCESS               52042561048.500000 (100.00%) [0 edit(s)] [cached] 
2024-07-08 08:50:01,999	[DEBUG]	patch(6-8)=""
2024-07-08 08:50:02,003	[INFO]	6-9     SUCCESS               52042561048.500000 (100.00%) [0 edit(s)] [cached] 
2024-07-08 08:50:02,003	[DEBUG]	patch(6-9)=""
2024-07-08 08:50:02,006	[INFO]	6-10    SUCCESS               52042561048.500000 (100.00%) [0 edit(s)] [cached] 
2024-07-08 08:50:02,006	[DEBUG]	patch(6-10)=""
2024-07-08 08:50:02,028	[INFO]	REF     SUCCESS               52042561048.500000 (--) [0 edit(s)] [cached] 
2024-07-08 08:50:02,035	[INFO]	BEST    SUCCESS              *51167007600.500000 (98.32%) [0 edit(s)] [cached] 
2024-07-08 08:50:02,044	[INFO]	7-1     SUCCESS              +51167007600.500000 (98.32%) [2 edit(s)] [cached] 
2024-07-08 08:50:02,044	[DEBUG]	patch(7-1)="SrcmlStmtInsertion(('core/Solver.cc.xml', '_inter_block', 495), ('core/Solver.cc.xml', 'stmt', 58)) | SrcmlStmtInsertion(('core/Solver.cc.xml', '_inter_block', 390), ('core/Solver.cc.xml', 'stmt', 9))"
2024-07-08 08:50:31,369	[DEBUG]	EXEC>  SUCCESS 51682352844.0
2024-07-08 08:50:31,369	[INFO]	7-2     SUCCESS               51682352844.000000 (99.31%) [1 edit(s)]  
2024-07-08 08:50:31,369	[DEBUG]	patch(7-2)="SrcmlStmtInsertion(('core/Solver.cc.xml', '_inter_block', 390), ('core/Solver.cc.xml', 'stmt', 9))"
2024-07-08 08:51:00,343	[DEBUG]	EXEC>  SUCCESS 51062443746.0
2024-07-08 08:51:00,343	[INFO]	7-3     SUCCESS              *51062443746.000000 (98.12%) [3 edit(s)]  
2024-07-08 08:51:00,343	[DEBUG]	patch(7-3)="SrcmlStmtInsertion(('core/Solver.cc.xml', '_inter_block', 495), ('core/Solver.cc.xml', 'stmt', 58)) | SrcmlStmtInsertion(('core/Solver.cc.xml', '_inter_block', 32), ('core/Solver.cc.xml', 'stmt', 164)) | SrcmlStmtInsertion(('core/Solver.cc.xml', '_inter_block', 32), ('core/Solver.cc.xml', 'stmt', 164))"
--- before: core/Solver.cc
+++ after: core/Solver.cc
@@ -155,6 +155,8 @@
     if (ps.size() == 0)
         /*auto*/{
             return ok = false;
+            analyze_toclear.push(p);
+            analyze_toclear.push(p);
         }/*auto*/
     else if (ps.size() == 1){
         uncheckedEnqueue(ps[0]);
@@ -932,6 +934,7 @@
 void Solver::toDimacs(FILE* f, Clause& c, vec<Var>& map, Var& max)
 {
     if (satisfied(c)) /*auto*/{
+      watches.smudge(~c[1]);
       return;
     }/*auto*/
 

2024-07-08 08:51:29,526	[DEBUG]	EXEC>  SUCCESS 51389445717.0
2024-07-08 08:51:29,527	[INFO]	7-4     SUCCESS               51389445717.000000 (98.75%) [2 edit(s)]  
2024-07-08 08:51:29,527	[DEBUG]	patch(7-4)="SrcmlStmtInsertion(('core/Solver.cc.xml', '_inter_block', 390), ('core/Solver.cc.xml', 'stmt', 9)) | SrcmlStmtDeletion(('core/Solver.cc.xml', 'stmt', 162))"
2024-07-08 08:51:29,531	[INFO]	7-5     SUCCESS               51455468858.500000 (98.87%) [1 edit(s)] [cached] 
2024-07-08 08:51:29,531	[DEBUG]	patch(7-5)="SrcmlStmtDeletion(('core/Solver.cc.xml', 'stmt', 162))"
2024-07-08 08:51:29,537	[INFO]	7-6     SUCCESS               51295254141.500000 (98.56%) [1 edit(s)] [cached] 
2024-07-08 08:51:29,537	[DEBUG]	patch(7-6)="SrcmlStmtInsertion(('core/Solver.cc.xml', '_inter_block', 495), ('core/Solver.cc.xml', 'stmt', 58))"
2024-07-08 08:51:29,981	[INFO]	7-7     COMPILE_CODE_ERROR    None (--) [3 edit(s)]  
2024-07-08 08:51:29,981	[DEBUG]	patch(7-7)="SrcmlStmtInsertion(('core/Solver.cc.xml', '_inter_block', 495), ('core/Solver.cc.xml', 'stmt', 58)) | SrcmlStmtInsertion(('core/Solver.cc.xml', '_inter_block', 390), ('core/Solver.cc.xml', 'stmt', 9)) | SrcmlStmtReplacement(('core/Solver.cc.xml', 'stmt', 403), ('core/Solver.cc.xml', 'stmt', 179))"
2024-07-08 08:51:30,428	[INFO]	7-8     COMPILE_CODE_ERROR    None (--) [2 edit(s)]  
2024-07-08 08:51:30,428	[DEBUG]	patch(7-8)="SrcmlStmtInsertion(('core/Solver.cc.xml', '_inter_block', 495), ('core/Solver.cc.xml', 'stmt', 58)) | SrcmlStmtInsertion(('core/Solver.cc.xml', '_inter_block', 404), ('core/Solver.cc.xml', 'stmt', 144))"
2024-07-08 08:51:30,872	[INFO]	7-9     COMPILE_CODE_ERROR    None (--) [4 edit(s)]  
2024-07-08 08:51:30,872	[DEBUG]	patch(7-9)="SrcmlStmtInsertion(('core/Solver.cc.xml', '_inter_block', 495), ('core/Solver.cc.xml', 'stmt', 58)) | SrcmlStmtInsertion(('core/Solver.cc.xml', '_inter_block', 390), ('core/Solver.cc.xml', 'stmt', 9)) | SrcmlStmtDeletion(('core/Solver.cc.xml', 'stmt', 162)) | SrcmlStmtReplacement(('core/Solver.cc.xml', 'stmt', 71), ('core/Solver.cc.xml', 'stmt', 396))"
2024-07-08 08:51:32,792	[INFO]	7-10    TEST_CODE_ERROR       None (--) [2 edit(s)]  
2024-07-08 08:51:32,792	[DEBUG]	patch(7-10)="SrcmlStmtDeletion(('core/Solver.cc.xml', 'stmt', 162)) | SrcmlStmtInsertion(('core/Solver.cc.xml', '_inter_block', 280), ('core/Solver.cc.xml', 'stmt', 43))"
2024-07-08 08:51:32,796	[INFO]	REF     SUCCESS               52042561048.500000 (--) [0 edit(s)] [cached] 
2024-07-08 08:51:32,805	[INFO]	BEST    SUCCESS              *51062443746.000000 (98.12%) [0 edit(s)] [cached] 
2024-07-08 08:51:32,815	[INFO]	8-1     SUCCESS              +51062443746.000000 (98.12%) [3 edit(s)] [cached] 
2024-07-08 08:51:32,815	[DEBUG]	patch(8-1)="SrcmlStmtInsertion(('core/Solver.cc.xml', '_inter_block', 495), ('core/Solver.cc.xml', 'stmt', 58)) | SrcmlStmtInsertion(('core/Solver.cc.xml', '_inter_block', 32), ('core/Solver.cc.xml', 'stmt', 164)) | SrcmlStmtInsertion(('core/Solver.cc.xml', '_inter_block', 32), ('core/Solver.cc.xml', 'stmt', 164))"
2024-07-08 08:51:32,821	[INFO]	8-2     SUCCESS               52552603726.500000 (100.98%) [2 edit(s)] [cached] 
2024-07-08 08:51:32,822	[DEBUG]	patch(8-2)="SrcmlStmtDeletion(('core/Solver.cc.xml', 'stmt', 162)) | SrcmlStmtInsertion(('core/Solver.cc.xml', '_inter_block', 32), ('core/Solver.cc.xml', 'stmt', 164))"
2024-07-08 08:51:33,266	[INFO]	8-3     COMPILE_CODE_ERROR    None (--) [4 edit(s)]  
2024-07-08 08:51:33,266	[DEBUG]	patch(8-3)="SrcmlStmtInsertion(('core/Solver.cc.xml', '_inter_block', 495), ('core/Solver.cc.xml', 'stmt', 58)) | SrcmlStmtInsertion(('core/Solver.cc.xml', '_inter_block', 390), ('core/Solver.cc.xml', 'stmt', 9)) | SrcmlStmtInsertion(('core/Solver.cc.xml', '_inter_block', 495), ('core/Solver.cc.xml', 'stmt', 58)) | SrcmlStmtInsertion(('core/Solver.cc.xml', '_inter_block', 390), ('core/Solver.cc.xml', 'stmt', 9))"
2024-07-08 08:51:33,272	[INFO]	8-4     SUCCESS               51682352844.000000 (99.31%) [1 edit(s)] [cached] 
2024-07-08 08:51:33,272	[DEBUG]	patch(8-4)="SrcmlStmtInsertion(('core/Solver.cc.xml', '_inter_block', 390), ('core/Solver.cc.xml', 'stmt', 9))"
2024-07-08 08:51:33,276	[INFO]	8-5     SUCCESS               51455468858.500000 (98.87%) [1 edit(s)] [cached] 
2024-07-08 08:51:33,276	[DEBUG]	patch(8-5)="SrcmlStmtDeletion(('core/Solver.cc.xml', 'stmt', 162))"
2024-07-08 08:51:33,281	[INFO]	8-6     SUCCESS               51682352844.000000 (99.31%) [1 edit(s)] [cached] 
2024-07-08 08:51:33,281	[DEBUG]	patch(8-6)="SrcmlStmtInsertion(('core/Solver.cc.xml', '_inter_block', 390), ('core/Solver.cc.xml', 'stmt', 9))"
2024-07-08 08:51:33,717	[INFO]	8-7     COMPILE_CODE_ERROR    None (--) [4 edit(s)]  
2024-07-08 08:51:33,718	[DEBUG]	patch(8-7)="SrcmlStmtInsertion(('core/Solver.cc.xml', '_inter_block', 495), ('core/Solver.cc.xml', 'stmt', 58)) | SrcmlStmtInsertion(('core/Solver.cc.xml', '_inter_block', 32), ('core/Solver.cc.xml', 'stmt', 164)) | SrcmlStmtInsertion(('core/Solver.cc.xml', '_inter_block', 32), ('core/Solver.cc.xml', 'stmt', 164)) | SrcmlStmtInsertion(('core/Solver.cc.xml', '_inter_block', 498), ('core/Solver.cc.xml', 'stmt', 366))"
2024-07-08 08:51:34,162	[INFO]	8-8     COMPILE_CODE_ERROR    None (--) [3 edit(s)]  
2024-07-08 08:51:34,162	[DEBUG]	patch(8-8)="SrcmlStmtInsertion(('core/Solver.cc.xml', '_inter_block', 495), ('core/Solver.cc.xml', 'stmt', 58)) | SrcmlStmtInsertion(('core/Solver.cc.xml', '_inter_block', 390), ('core/Solver.cc.xml', 'stmt', 9)) | SrcmlStmtInsertion(('core/Solver.cc.xml', '_inter_block', 552), ('core/Solver.cc.xml', 'stmt', 114))"
2024-07-08 08:53:16,069	[INFO]	8-9     TEST_TIMEOUT          None (--) [2 edit(s)]  
2024-07-08 08:53:16,069	[DEBUG]	patch(8-9)="SrcmlStmtInsertion(('core/Solver.cc.xml', '_inter_block', 495), ('core/Solver.cc.xml', 'stmt', 58)) | SrcmlStmtDeletion(('core/Solver.cc.xml', 'stmt', 291))"
2024-07-08 08:53:16,074	[INFO]	8-10    SUCCESS               51455468858.500000 (98.87%) [1 edit(s)] [cached] 
2024-07-08 08:53:16,074	[DEBUG]	patch(8-10)="SrcmlStmtDeletion(('core/Solver.cc.xml', 'stmt', 162))"
2024-07-08 08:53:16,077	[INFO]	REF     SUCCESS               52042561048.500000 (--) [0 edit(s)] [cached] 
2024-07-08 08:53:16,086	[INFO]	BEST    SUCCESS              *51062443746.000000 (98.12%) [0 edit(s)] [cached] 
2024-07-08 08:53:16,096	[INFO]	9-1     SUCCESS              +51062443746.000000 (98.12%) [3 edit(s)] [cached] 
2024-07-08 08:53:16,096	[DEBUG]	patch(9-1)="SrcmlStmtInsertion(('core/Solver.cc.xml', '_inter_block', 495), ('core/Solver.cc.xml', 'stmt', 58)) | SrcmlStmtInsertion(('core/Solver.cc.xml', '_inter_block', 32), ('core/Solver.cc.xml', 'stmt', 164)) | SrcmlStmtInsertion(('core/Solver.cc.xml', '_inter_block', 32), ('core/Solver.cc.xml', 'stmt', 164))"
2024-07-08 08:53:16,102	[INFO]	9-2     SUCCESS               51677106484.500000 (99.30%) [2 edit(s)] [cached] 
2024-07-08 08:53:16,102	[DEBUG]	patch(9-2)="SrcmlStmtInsertion(('core/Solver.cc.xml', '_inter_block', 495), ('core/Solver.cc.xml', 'stmt', 58)) | SrcmlStmtDeletion(('core/Solver.cc.xml', 'stmt', 162))"
2024-07-08 08:53:16,116	[INFO]	9-3     SUCCESS               51455468858.500000 (98.87%) [1 edit(s)] [cached] 
2024-07-08 08:53:16,116	[DEBUG]	patch(9-3)="SrcmlStmtDeletion(('core/Solver.cc.xml', 'stmt', 162))"
2024-07-08 08:53:16,124	[INFO]	9-4     SUCCESS               51167007600.500000 (98.32%) [2 edit(s)] [cached] 
2024-07-08 08:53:16,124	[DEBUG]	patch(9-4)="SrcmlStmtInsertion(('core/Solver.cc.xml', '_inter_block', 390), ('core/Solver.cc.xml', 'stmt', 9)) | SrcmlStmtInsertion(('core/Solver.cc.xml', '_inter_block', 495), ('core/Solver.cc.xml', 'stmt', 58))"
2024-07-08 08:53:45,532	[DEBUG]	EXEC>  SUCCESS 51887972874.0
2024-07-08 08:53:45,532	[INFO]	9-5     SUCCESS               51887972874.000000 (99.70%) [4 edit(s)]  
2024-07-08 08:53:45,532	[DEBUG]	patch(9-5)="SrcmlStmtDeletion(('core/Solver.cc.xml', 'stmt', 162)) | SrcmlStmtInsertion(('core/Solver.cc.xml', '_inter_block', 32), ('core/Solver.cc.xml', 'stmt', 164)) | SrcmlStmtDeletion(('core/Solver.cc.xml', 'stmt', 162)) | SrcmlStmtInsertion(('core/Solver.cc.xml', '_inter_block', 32), ('core/Solver.cc.xml', 'stmt', 164))"
2024-07-08 08:53:45,980	[INFO]	9-6     COMPILE_CODE_ERROR    None (--) [4 edit(s)]  
2024-07-08 08:53:45,980	[DEBUG]	patch(9-6)="SrcmlStmtInsertion(('core/Solver.cc.xml', '_inter_block', 495), ('core/Solver.cc.xml', 'stmt', 58)) | SrcmlStmtInsertion(('core/Solver.cc.xml', '_inter_block', 32), ('core/Solver.cc.xml', 'stmt', 164)) | SrcmlStmtInsertion(('core/Solver.cc.xml', '_inter_block', 32), ('core/Solver.cc.xml', 'stmt', 164)) | SrcmlStmtInsertion(('core/Solver.cc.xml', '_inter_block', 441), ('core/Solver.cc.xml', 'stmt', 117))"
2024-07-08 08:53:47,932	[INFO]	9-7     TEST_CODE_ERROR       None (--) [2 edit(s)]  
2024-07-08 08:53:47,932	[DEBUG]	patch(9-7)="SrcmlStmtDeletion(('core/Solver.cc.xml', 'stmt', 162)) | SrcmlStmtDeletion(('core/Solver.cc.xml', 'stmt', 213))"
2024-07-08 08:53:47,936	[INFO]	9-8     SUCCESS               52042561048.500000 (100.00%) [0 edit(s)] [cached] 
2024-07-08 08:53:47,936	[DEBUG]	patch(9-8)=""
2024-07-08 08:53:48,386	[INFO]	9-9     COMPILE_CODE_ERROR    None (--) [3 edit(s)]  
2024-07-08 08:53:48,386	[DEBUG]	patch(9-9)="SrcmlStmtDeletion(('core/Solver.cc.xml', 'stmt', 162)) | SrcmlStmtInsertion(('core/Solver.cc.xml', '_inter_block', 32), ('core/Solver.cc.xml', 'stmt', 164)) | SrcmlStmtReplacement(('core/Solver.cc.xml', 'stmt', 322), ('core/Solver.cc.xml', 'stmt', 180))"
2024-07-08 08:54:17,553	[DEBUG]	EXEC>  SUCCESS 51498764109.5
2024-07-08 08:54:17,553	[INFO]	9-10    SUCCESS               51498764109.500000 (98.96%) [1 edit(s)]  
2024-07-08 08:54:17,553	[DEBUG]	patch(9-10)="SrcmlStmtDeletion(('core/Solver.cc.xml', 'stmt', 385))"
2024-07-08 08:54:17,557	[INFO]	REF     SUCCESS               52042561048.500000 (--) [0 edit(s)] [cached] 
2024-07-08 08:54:17,567	[INFO]	BEST    SUCCESS              *51062443746.000000 (98.12%) [0 edit(s)] [cached] 
2024-07-08 08:54:17,577	[INFO]	10-1    SUCCESS              +51062443746.000000 (98.12%) [3 edit(s)] [cached] 
2024-07-08 08:54:17,577	[DEBUG]	patch(10-1)="SrcmlStmtInsertion(('core/Solver.cc.xml', '_inter_block', 495), ('core/Solver.cc.xml', 'stmt', 58)) | SrcmlStmtInsertion(('core/Solver.cc.xml', '_inter_block', 32), ('core/Solver.cc.xml', 'stmt', 164)) | SrcmlStmtInsertion(('core/Solver.cc.xml', '_inter_block', 32), ('core/Solver.cc.xml', 'stmt', 164))"
2024-07-08 08:54:47,075	[DEBUG]	EXEC>  SUCCESS 51991060118.5
2024-07-08 08:54:47,075	[INFO]	10-2    SUCCESS               51991060118.500000 (99.90%) [2 edit(s)]  
2024-07-08 08:54:47,076	[DEBUG]	patch(10-2)="SrcmlStmtInsertion(('core/Solver.cc.xml', '_inter_block', 32), ('core/Solver.cc.xml', 'stmt', 164)) | SrcmlStmtInsertion(('core/Solver.cc.xml', '_inter_block', 390), ('core/Solver.cc.xml', 'stmt', 9))"
2024-07-08 08:54:47,083	[INFO]	10-3    SUCCESS               51167007600.500000 (98.32%) [2 edit(s)] [cached] 
2024-07-08 08:54:47,084	[DEBUG]	patch(10-3)="SrcmlStmtInsertion(('core/Solver.cc.xml', '_inter_block', 390), ('core/Solver.cc.xml', 'stmt', 9)) | SrcmlStmtInsertion(('core/Solver.cc.xml', '_inter_block', 495), ('core/Solver.cc.xml', 'stmt', 58))"
2024-07-08 08:54:47,088	[INFO]	10-4    SUCCESS               51455468858.500000 (98.87%) [1 edit(s)] [cached] 
2024-07-08 08:54:47,088	[DEBUG]	patch(10-4)="SrcmlStmtDeletion(('core/Solver.cc.xml', 'stmt', 162))"
2024-07-08 08:54:47,091	[INFO]	10-5    SUCCESS               51498764109.500000 (98.96%) [1 edit(s)] [cached] 
2024-07-08 08:54:47,092	[DEBUG]	patch(10-5)="SrcmlStmtDeletion(('core/Solver.cc.xml', 'stmt', 385))"
2024-07-08 08:54:47,096	[INFO]	10-6    SUCCESS               51455468858.500000 (98.87%) [2 edit(s)] [cached] 
2024-07-08 08:54:47,096	[DEBUG]	patch(10-6)="SrcmlStmtDeletion(('core/Solver.cc.xml', 'stmt', 162)) | SrcmlStmtDeletion(('core/Solver.cc.xml', 'stmt', 162))"
2024-07-08 08:55:16,533	[DEBUG]	EXEC>  SUCCESS 51938702712.5
2024-07-08 08:55:16,533	[INFO]	10-7    SUCCESS               51938702712.500000 (99.80%) [2 edit(s)]  
2024-07-08 08:55:16,533	[DEBUG]	patch(10-7)="SrcmlStmtInsertion(('core/Solver.cc.xml', '_inter_block', 32), ('core/Solver.cc.xml', 'stmt', 164)) | SrcmlStmtInsertion(('core/Solver.cc.xml', '_inter_block', 32), ('core/Solver.cc.xml', 'stmt', 164))"
2024-07-08 08:55:16,986	[INFO]	10-8    COMPILE_CODE_ERROR    None (--) [3 edit(s)]  
2024-07-08 08:55:16,986	[DEBUG]	patch(10-8)="SrcmlStmtInsertion(('core/Solver.cc.xml', '_inter_block', 390), ('core/Solver.cc.xml', 'stmt', 9)) | SrcmlStmtInsertion(('core/Solver.cc.xml', '_inter_block', 495), ('core/Solver.cc.xml', 'stmt', 58)) | SrcmlStmtInsertion(('core/Solver.cc.xml', '_inter_block', 400), ('core/Solver.cc.xml', 'stmt', 355))"
2024-07-08 08:55:18,896	[INFO]	10-9    TEST_CODE_ERROR       None (--) [2 edit(s)]  
2024-07-08 08:55:18,896	[DEBUG]	patch(10-9)="SrcmlStmtDeletion(('core/Solver.cc.xml', 'stmt', 162)) | SrcmlStmtDeletion(('core/Solver.cc.xml', 'stmt', 43))"
2024-07-08 08:55:48,762	[DEBUG]	EXEC>  SUCCESS 52798350669.5
2024-07-08 08:55:48,762	[INFO]	10-10   SUCCESS               52798350669.500000 (101.45%) [2 edit(s)]  
2024-07-08 08:55:48,762	[DEBUG]	patch(10-10)="SrcmlStmtDeletion(('core/Solver.cc.xml', 'stmt', 385)) | SrcmlStmtDeletion(('core/Solver.cc.xml', 'stmt', 167))"
2024-07-08 08:55:48,766	[INFO]	REF     SUCCESS               52042561048.500000 (--) [0 edit(s)] [cached] 
2024-07-08 08:55:48,775	[INFO]	BEST    SUCCESS              *51062443746.000000 (98.12%) [0 edit(s)] [cached] 
2024-07-08 08:55:48,786	[INFO]	11-1    SUCCESS              +51062443746.000000 (98.12%) [3 edit(s)] [cached] 
2024-07-08 08:55:48,786	[DEBUG]	patch(11-1)="SrcmlStmtInsertion(('core/Solver.cc.xml', '_inter_block', 495), ('core/Solver.cc.xml', 'stmt', 58)) | SrcmlStmtInsertion(('core/Solver.cc.xml', '_inter_block', 32), ('core/Solver.cc.xml', 'stmt', 164)) | SrcmlStmtInsertion(('core/Solver.cc.xml', '_inter_block', 32), ('core/Solver.cc.xml', 'stmt', 164))"
2024-07-08 08:55:48,791	[INFO]	11-2    SUCCESS               51607226189.000000 (99.16%) [1 edit(s)] [cached] 
2024-07-08 08:55:48,791	[DEBUG]	patch(11-2)="SrcmlStmtInsertion(('core/Solver.cc.xml', '_inter_block', 32), ('core/Solver.cc.xml', 'stmt', 164))"
2024-07-08 08:56:18,606	[DEBUG]	EXEC>  SUCCESS 52602023382.0
2024-07-08 08:56:18,606	[INFO]	11-3    SUCCESS               52602023382.000000 (101.08%) [5 edit(s)]  
2024-07-08 08:56:18,606	[DEBUG]	patch(11-3)="SrcmlStmtInsertion(('core/Solver.cc.xml', '_inter_block', 495), ('core/Solver.cc.xml', 'stmt', 58)) | SrcmlStmtInsertion(('core/Solver.cc.xml', '_inter_block', 32), ('core/Solver.cc.xml', 'stmt', 164)) | SrcmlStmtInsertion(('core/Solver.cc.xml', '_inter_block', 32), ('core/Solver.cc.xml', 'stmt', 164)) | SrcmlStmtInsertion(('core/Solver.cc.xml', '_inter_block', 390), ('core/Solver.cc.xml', 'stmt', 9)) | SrcmlStmtInsertion(('core/Solver.cc.xml', '_inter_block', 495), ('core/Solver.cc.xml', 'stmt', 58))"
2024-07-08 08:56:47,991	[DEBUG]	EXEC>  SUCCESS 51810031719.0
2024-07-08 08:56:47,991	[INFO]	11-4    SUCCESS               51810031719.000000 (99.55%) [2 edit(s)]  
2024-07-08 08:56:47,991	[DEBUG]	patch(11-4)="SrcmlStmtDeletion(('core/Solver.cc.xml', 'stmt', 385)) | SrcmlStmtDeletion(('core/Solver.cc.xml', 'stmt', 162))"
2024-07-08 08:56:47,996	[INFO]	11-5    SUCCESS               51455468858.500000 (98.87%) [1 edit(s)] [cached] 
2024-07-08 08:56:47,996	[DEBUG]	patch(11-5)="SrcmlStmtDeletion(('core/Solver.cc.xml', 'stmt', 162))"
2024-07-08 08:56:48,000	[INFO]	11-6    SUCCESS               51498764109.500000 (98.96%) [1 edit(s)] [cached] 
2024-07-08 08:56:48,000	[DEBUG]	patch(11-6)="SrcmlStmtDeletion(('core/Solver.cc.xml', 'stmt', 385))"
2024-07-08 08:56:48,455	[INFO]	11-7    COMPILE_CODE_ERROR    None (--) [4 edit(s)]  
2024-07-08 08:56:48,456	[DEBUG]	patch(11-7)="SrcmlStmtInsertion(('core/Solver.cc.xml', '_inter_block', 495), ('core/Solver.cc.xml', 'stmt', 58)) | SrcmlStmtInsertion(('core/Solver.cc.xml', '_inter_block', 32), ('core/Solver.cc.xml', 'stmt', 164)) | SrcmlStmtInsertion(('core/Solver.cc.xml', '_inter_block', 32), ('core/Solver.cc.xml', 'stmt', 164)) | SrcmlStmtInsertion(('core/Solver.cc.xml', '_inter_block', 208), ('core/Solver.cc.xml', 'stmt', 376))"
2024-07-08 08:56:48,462	[INFO]	11-8    SUCCESS               51295254141.500000 (98.56%) [1 edit(s)] [cached] 
2024-07-08 08:56:48,462	[DEBUG]	patch(11-8)="SrcmlStmtInsertion(('core/Solver.cc.xml', '_inter_block', 495), ('core/Solver.cc.xml', 'stmt', 58))"
2024-07-08 08:57:17,724	[DEBUG]	EXEC>  SUCCESS 51615464906.5
2024-07-08 08:57:17,725	[INFO]	11-9    SUCCESS               51615464906.500000 (99.18%) [3 edit(s)]  
2024-07-08 08:57:17,725	[DEBUG]	patch(11-9)="SrcmlStmtDeletion(('core/Solver.cc.xml', 'stmt', 162)) | SrcmlStmtDeletion(('core/Solver.cc.xml', 'stmt', 162)) | SrcmlStmtReplacement(('core/Solver.cc.xml', 'stmt', 309), ('core/Solver.cc.xml', 'stmt', 388))"
2024-07-08 08:57:46,975	[DEBUG]	EXEC>  SUCCESS 51534707066.5
2024-07-08 08:57:46,976	[INFO]	11-10   SUCCESS               51534707066.500000 (99.02%) [2 edit(s)]  
2024-07-08 08:57:46,976	[DEBUG]	patch(11-10)="SrcmlStmtDeletion(('core/Solver.cc.xml', 'stmt', 162)) | SrcmlStmtDeletion(('core/Solver.cc.xml', 'stmt', 312))"
2024-07-08 08:57:46,980	[INFO]	REF     SUCCESS               52042561048.500000 (--) [0 edit(s)] [cached] 
2024-07-08 08:57:46,989	[INFO]	BEST    SUCCESS              *51062443746.000000 (98.12%) [0 edit(s)] [cached] 
2024-07-08 08:57:47,000	[INFO]	12-1    SUCCESS              +51062443746.000000 (98.12%) [3 edit(s)] [cached] 
2024-07-08 08:57:47,000	[DEBUG]	patch(12-1)="SrcmlStmtInsertion(('core/Solver.cc.xml', '_inter_block', 495), ('core/Solver.cc.xml', 'stmt', 58)) | SrcmlStmtInsertion(('core/Solver.cc.xml', '_inter_block', 32), ('core/Solver.cc.xml', 'stmt', 164)) | SrcmlStmtInsertion(('core/Solver.cc.xml', '_inter_block', 32), ('core/Solver.cc.xml', 'stmt', 164))"
2024-07-08 08:57:47,009	[INFO]	12-2    SUCCESS               51062443746.000000 (98.12%) [3 edit(s)] [cached] 
2024-07-08 08:57:47,010	[DEBUG]	patch(12-2)="SrcmlStmtInsertion(('core/Solver.cc.xml', '_inter_block', 32), ('core/Solver.cc.xml', 'stmt', 164)) | SrcmlStmtInsertion(('core/Solver.cc.xml', '_inter_block', 495), ('core/Solver.cc.xml', 'stmt', 58)) | SrcmlStmtInsertion(('core/Solver.cc.xml', '_inter_block', 32), ('core/Solver.cc.xml', 'stmt', 164))"
2024-07-08 08:57:47,015	[INFO]	12-3    SUCCESS               51295254141.500000 (98.56%) [1 edit(s)] [cached] 
2024-07-08 08:57:47,015	[DEBUG]	patch(12-3)="SrcmlStmtInsertion(('core/Solver.cc.xml', '_inter_block', 495), ('core/Solver.cc.xml', 'stmt', 58))"
2024-07-08 08:57:47,019	[INFO]	12-4    SUCCESS               51455468858.500000 (98.87%) [1 edit(s)] [cached] 
2024-07-08 08:57:47,020	[DEBUG]	patch(12-4)="SrcmlStmtDeletion(('core/Solver.cc.xml', 'stmt', 162))"
2024-07-08 08:58:16,343	[DEBUG]	EXEC>  SUCCESS 51642916946.5
2024-07-08 08:58:16,343	[INFO]	12-5    SUCCESS               51642916946.500000 (99.23%) [3 edit(s)]  
2024-07-08 08:58:16,343	[DEBUG]	patch(12-5)="SrcmlStmtInsertion(('core/Solver.cc.xml', '_inter_block', 495), ('core/Solver.cc.xml', 'stmt', 58)) | SrcmlStmtInsertion(('core/Solver.cc.xml', '_inter_block', 32), ('core/Solver.cc.xml', 'stmt', 164)) | SrcmlStmtInsertion(('core/Solver.cc.xml', '_inter_block', 390), ('core/Solver.cc.xml', 'stmt', 9))"
2024-07-08 08:58:16,348	[INFO]	12-6    SUCCESS               51455468858.500000 (98.87%) [1 edit(s)] [cached] 
2024-07-08 08:58:16,348	[DEBUG]	patch(12-6)="SrcmlStmtDeletion(('core/Solver.cc.xml', 'stmt', 162))"
2024-07-08 08:58:16,791	[INFO]	12-7    COMPILE_CODE_ERROR    None (--) [4 edit(s)]  
2024-07-08 08:58:16,791	[DEBUG]	patch(12-7)="SrcmlStmtInsertion(('core/Solver.cc.xml', '_inter_block', 495), ('core/Solver.cc.xml', 'stmt', 58)) | SrcmlStmtInsertion(('core/Solver.cc.xml', '_inter_block', 32), ('core/Solver.cc.xml', 'stmt', 164)) | SrcmlStmtInsertion(('core/Solver.cc.xml', '_inter_block', 32), ('core/Solver.cc.xml', 'stmt', 164)) | SrcmlStmtDeletion(('core/Solver.cc.xml', 'stmt', 125))"
2024-07-08 08:58:16,795	[INFO]	12-8    SUCCESS               52042561048.500000 (100.00%) [0 edit(s)] [cached] 
2024-07-08 08:58:16,795	[DEBUG]	patch(12-8)=""
2024-07-08 08:58:16,799	[INFO]	12-9    SUCCESS               52042561048.500000 (100.00%) [0 edit(s)] [cached] 
2024-07-08 08:58:16,799	[DEBUG]	patch(12-9)=""
2024-07-08 08:58:16,802	[INFO]	12-10   SUCCESS               52042561048.500000 (100.00%) [0 edit(s)] [cached] 
2024-07-08 08:58:16,803	[DEBUG]	patch(12-10)=""
2024-07-08 08:58:16,806	[INFO]	REF     SUCCESS               52042561048.500000 (--) [0 edit(s)] [cached] 
2024-07-08 08:58:16,815	[INFO]	BEST    SUCCESS              *51062443746.000000 (98.12%) [0 edit(s)] [cached] 
2024-07-08 08:58:16,825	[INFO]	13-1    SUCCESS              +51062443746.000000 (98.12%) [3 edit(s)] [cached] 
2024-07-08 08:58:16,826	[DEBUG]	patch(13-1)="SrcmlStmtInsertion(('core/Solver.cc.xml', '_inter_block', 495), ('core/Solver.cc.xml', 'stmt', 58)) | SrcmlStmtInsertion(('core/Solver.cc.xml', '_inter_block', 32), ('core/Solver.cc.xml', 'stmt', 164)) | SrcmlStmtInsertion(('core/Solver.cc.xml', '_inter_block', 32), ('core/Solver.cc.xml', 'stmt', 164))"
2024-07-08 08:58:46,117	[DEBUG]	EXEC>  SUCCESS 51636150179.0
2024-07-08 08:58:46,118	[INFO]	13-2    SUCCESS               51636150179.000000 (99.22%) [4 edit(s)]  
2024-07-08 08:58:46,118	[DEBUG]	patch(13-2)="SrcmlStmtInsertion(('core/Solver.cc.xml', '_inter_block', 32), ('core/Solver.cc.xml', 'stmt', 164)) | SrcmlStmtInsertion(('core/Solver.cc.xml', '_inter_block', 32), ('core/Solver.cc.xml', 'stmt', 164)) | SrcmlStmtInsertion(('core/Solver.cc.xml', '_inter_block', 495), ('core/Solver.cc.xml', 'stmt', 58)) | SrcmlStmtInsertion(('core/Solver.cc.xml', '_inter_block', 32), ('core/Solver.cc.xml', 'stmt', 164))"
2024-07-08 08:59:15,569	[DEBUG]	EXEC>  SUCCESS 51892569216.0
2024-07-08 08:59:15,569	[INFO]	13-3    SUCCESS               51892569216.000000 (99.71%) [3 edit(s)]  
2024-07-08 08:59:15,569	[DEBUG]	patch(13-3)="SrcmlStmtInsertion(('core/Solver.cc.xml', '_inter_block', 495), ('core/Solver.cc.xml', 'stmt', 58)) | SrcmlStmtInsertion(('core/Solver.cc.xml', '_inter_block', 32), ('core/Solver.cc.xml', 'stmt', 164)) | SrcmlStmtInsertion(('core/Solver.cc.xml', '_inter_block', 495), ('core/Solver.cc.xml', 'stmt', 58))"
2024-07-08 08:59:15,575	[INFO]	13-4    SUCCESS               51607226189.000000 (99.16%) [1 edit(s)] [cached] 
2024-07-08 08:59:15,575	[DEBUG]	patch(13-4)="SrcmlStmtInsertion(('core/Solver.cc.xml', '_inter_block', 32), ('core/Solver.cc.xml', 'stmt', 164))"
2024-07-08 08:59:15,580	[INFO]	13-5    SUCCESS               51455468858.500000 (98.87%) [2 edit(s)] [cached] 
2024-07-08 08:59:15,580	[DEBUG]	patch(13-5)="SrcmlStmtDeletion(('core/Solver.cc.xml', 'stmt', 162)) | SrcmlStmtDeletion(('core/Solver.cc.xml', 'stmt', 162))"
2024-07-08 08:59:15,591	[INFO]	13-6    SUCCESS               51636150179.000000 (99.22%) [4 edit(s)] [cached] 
2024-07-08 08:59:15,591	[DEBUG]	patch(13-6)="SrcmlStmtInsertion(('core/Solver.cc.xml', '_inter_block', 32), ('core/Solver.cc.xml', 'stmt', 164)) | SrcmlStmtInsertion(('core/Solver.cc.xml', '_inter_block', 32), ('core/Solver.cc.xml', 'stmt', 164)) | SrcmlStmtInsertion(('core/Solver.cc.xml', '_inter_block', 495), ('core/Solver.cc.xml', 'stmt', 58)) | SrcmlStmtInsertion(('core/Solver.cc.xml', '_inter_block', 32), ('core/Solver.cc.xml', 'stmt', 164))"
2024-07-08 08:59:15,598	[INFO]	13-7    SUCCESS               51327001364.000000 (98.63%) [2 edit(s)] [cached] 
2024-07-08 08:59:15,599	[DEBUG]	patch(13-7)="SrcmlStmtInsertion(('core/Solver.cc.xml', '_inter_block', 495), ('core/Solver.cc.xml', 'stmt', 58)) | SrcmlStmtInsertion(('core/Solver.cc.xml', '_inter_block', 32), ('core/Solver.cc.xml', 'stmt', 164))"
2024-07-08 08:59:16,047	[INFO]	13-8    COMPILE_CODE_ERROR    None (--) [4 edit(s)]  
2024-07-08 08:59:16,047	[DEBUG]	patch(13-8)="SrcmlStmtInsertion(('core/Solver.cc.xml', '_inter_block', 32), ('core/Solver.cc.xml', 'stmt', 164)) | SrcmlStmtInsertion(('core/Solver.cc.xml', '_inter_block', 495), ('core/Solver.cc.xml', 'stmt', 58)) | SrcmlStmtInsertion(('core/Solver.cc.xml', '_inter_block', 32), ('core/Solver.cc.xml', 'stmt', 164)) | SrcmlStmtReplacement(('core/Solver.cc.xml', 'stmt', 215), ('core/Solver.cc.xml', 'stmt', 133))"
2024-07-08 08:59:45,324	[DEBUG]	EXEC>  SUCCESS 51609996903.5
2024-07-08 08:59:45,325	[INFO]	13-9    SUCCESS               51609996903.500000 (99.17%) [2 edit(s)]  
2024-07-08 08:59:45,325	[DEBUG]	patch(13-9)="SrcmlStmtInsertion(('core/Solver.cc.xml', '_inter_block', 495), ('core/Solver.cc.xml', 'stmt', 58)) | SrcmlStmtReplacement(('core/Solver.cc.xml', 'stmt', 171), ('core/Solver.cc.xml', 'stmt', 361))"
2024-07-08 08:59:45,329	[INFO]	13-10   SUCCESS               52042561048.500000 (100.00%) [0 edit(s)] [cached] 
2024-07-08 08:59:45,329	[DEBUG]	patch(13-10)=""
2024-07-08 08:59:45,332	[INFO]	REF     SUCCESS               52042561048.500000 (--) [0 edit(s)] [cached] 
2024-07-08 08:59:45,341	[INFO]	BEST    SUCCESS              *51062443746.000000 (98.12%) [0 edit(s)] [cached] 
2024-07-08 08:59:45,352	[INFO]	14-1    SUCCESS              +51062443746.000000 (98.12%) [3 edit(s)] [cached] 
2024-07-08 08:59:45,352	[DEBUG]	patch(14-1)="SrcmlStmtInsertion(('core/Solver.cc.xml', '_inter_block', 495), ('core/Solver.cc.xml', 'stmt', 58)) | SrcmlStmtInsertion(('core/Solver.cc.xml', '_inter_block', 32), ('core/Solver.cc.xml', 'stmt', 164)) | SrcmlStmtInsertion(('core/Solver.cc.xml', '_inter_block', 32), ('core/Solver.cc.xml', 'stmt', 164))"
2024-07-08 08:59:45,363	[INFO]	14-2    SUCCESS               51636150179.000000 (99.22%) [4 edit(s)] [cached] 
2024-07-08 08:59:45,363	[DEBUG]	patch(14-2)="SrcmlStmtInsertion(('core/Solver.cc.xml', '_inter_block', 32), ('core/Solver.cc.xml', 'stmt', 164)) | SrcmlStmtInsertion(('core/Solver.cc.xml', '_inter_block', 32), ('core/Solver.cc.xml', 'stmt', 164)) | SrcmlStmtInsertion(('core/Solver.cc.xml', '_inter_block', 32), ('core/Solver.cc.xml', 'stmt', 164)) | SrcmlStmtInsertion(('core/Solver.cc.xml', '_inter_block', 495), ('core/Solver.cc.xml', 'stmt', 58))"
2024-07-08 08:59:45,369	[INFO]	14-3    SUCCESS               51607226189.000000 (99.16%) [1 edit(s)] [cached] 
2024-07-08 08:59:45,369	[DEBUG]	patch(14-3)="SrcmlStmtInsertion(('core/Solver.cc.xml', '_inter_block', 32), ('core/Solver.cc.xml', 'stmt', 164))"
2024-07-08 08:59:45,376	[INFO]	14-4    SUCCESS               51327001364.000000 (98.63%) [2 edit(s)] [cached] 
2024-07-08 08:59:45,376	[DEBUG]	patch(14-4)="SrcmlStmtInsertion(('core/Solver.cc.xml', '_inter_block', 495), ('core/Solver.cc.xml', 'stmt', 58)) | SrcmlStmtInsertion(('core/Solver.cc.xml', '_inter_block', 32), ('core/Solver.cc.xml', 'stmt', 164))"
2024-07-08 08:59:45,381	[INFO]	14-5    SUCCESS               51295254141.500000 (98.56%) [1 edit(s)] [cached] 
2024-07-08 08:59:45,381	[DEBUG]	patch(14-5)="SrcmlStmtInsertion(('core/Solver.cc.xml', '_inter_block', 495), ('core/Solver.cc.xml', 'stmt', 58))"
2024-07-08 09:00:15,024	[DEBUG]	EXEC>  SUCCESS 52259084162.5
2024-07-08 09:00:15,025	[INFO]	14-6    SUCCESS               52259084162.500000 (100.42%) [2 edit(s)]  
2024-07-08 09:00:15,025	[DEBUG]	patch(14-6)="SrcmlStmtReplacement(('core/Solver.cc.xml', 'stmt', 171), ('core/Solver.cc.xml', 'stmt', 361)) | SrcmlStmtDeletion(('core/Solver.cc.xml', 'stmt', 162))"
2024-07-08 09:00:15,033	[INFO]	14-7    SUCCESS               51938702712.500000 (99.80%) [2 edit(s)] [cached] 
2024-07-08 09:00:15,033	[DEBUG]	patch(14-7)="SrcmlStmtInsertion(('core/Solver.cc.xml', '_inter_block', 32), ('core/Solver.cc.xml', 'stmt', 164)) | SrcmlStmtInsertion(('core/Solver.cc.xml', '_inter_block', 32), ('core/Solver.cc.xml', 'stmt', 164))"
2024-07-08 09:00:15,039	[INFO]	14-8    SUCCESS               51295254141.500000 (98.56%) [1 edit(s)] [cached] 
2024-07-08 09:00:15,039	[DEBUG]	patch(14-8)="SrcmlStmtInsertion(('core/Solver.cc.xml', '_inter_block', 495), ('core/Solver.cc.xml', 'stmt', 58))"
2024-07-08 09:00:15,482	[INFO]	14-9    COMPILE_CODE_ERROR    None (--) [3 edit(s)]  
2024-07-08 09:00:15,482	[DEBUG]	patch(14-9)="SrcmlStmtDeletion(('core/Solver.cc.xml', 'stmt', 162)) | SrcmlStmtDeletion(('core/Solver.cc.xml', 'stmt', 162)) | SrcmlStmtInsertion(('core/Solver.cc.xml', '_inter_block', 124), ('core/Solver.cc.xml', 'stmt', 407))"
2024-07-08 09:00:15,502	[INFO]	14-10   SUCCESS               52042561048.500000 (100.00%) [0 edit(s)] [cached] 
2024-07-08 09:00:15,502	[DEBUG]	patch(14-10)=""
2024-07-08 09:00:15,506	[INFO]	REF     SUCCESS               52042561048.500000 (--) [0 edit(s)] [cached] 
2024-07-08 09:00:15,515	[INFO]	BEST    SUCCESS              *51062443746.000000 (98.12%) [0 edit(s)] [cached] 
2024-07-08 09:00:15,525	[INFO]	15-1    SUCCESS              +51062443746.000000 (98.12%) [3 edit(s)] [cached] 
2024-07-08 09:00:15,525	[DEBUG]	patch(15-1)="SrcmlStmtInsertion(('core/Solver.cc.xml', '_inter_block', 495), ('core/Solver.cc.xml', 'stmt', 58)) | SrcmlStmtInsertion(('core/Solver.cc.xml', '_inter_block', 32), ('core/Solver.cc.xml', 'stmt', 164)) | SrcmlStmtInsertion(('core/Solver.cc.xml', '_inter_block', 32), ('core/Solver.cc.xml', 'stmt', 164))"
2024-07-08 09:00:45,014	[DEBUG]	EXEC>  SUCCESS 51963802697.0
2024-07-08 09:00:45,014	[INFO]	15-2    SUCCESS               51963802697.000000 (99.85%) [6 edit(s)]  
2024-07-08 09:00:45,014	[DEBUG]	patch(15-2)="SrcmlStmtInsertion(('core/Solver.cc.xml', '_inter_block', 495), ('core/Solver.cc.xml', 'stmt', 58)) | SrcmlStmtInsertion(('core/Solver.cc.xml', '_inter_block', 32), ('core/Solver.cc.xml', 'stmt', 164)) | SrcmlStmtInsertion(('core/Solver.cc.xml', '_inter_block', 32), ('core/Solver.cc.xml', 'stmt', 164)) | SrcmlStmtInsertion(('core/Solver.cc.xml', '_inter_block', 32), ('core/Solver.cc.xml', 'stmt', 164)) | SrcmlStmtInsertion(('core/Solver.cc.xml', '_inter_block', 32), ('core/Solver.cc.xml', 'stmt', 164)) | SrcmlStmtInsertion(('core/Solver.cc.xml', '_inter_block', 495), ('core/Solver.cc.xml', 'stmt', 58))"
2024-07-08 09:00:45,020	[INFO]	15-3    SUCCESS               51295254141.500000 (98.56%) [1 edit(s)] [cached] 
2024-07-08 09:00:45,020	[DEBUG]	patch(15-3)="SrcmlStmtInsertion(('core/Solver.cc.xml', '_inter_block', 495), ('core/Solver.cc.xml', 'stmt', 58))"
2024-07-08 09:00:45,026	[INFO]	15-4    SUCCESS               51607226189.000000 (99.16%) [1 edit(s)] [cached] 
2024-07-08 09:00:45,026	[DEBUG]	patch(15-4)="SrcmlStmtInsertion(('core/Solver.cc.xml', '_inter_block', 32), ('core/Solver.cc.xml', 'stmt', 164))"
2024-07-08 09:00:45,031	[INFO]	15-5    SUCCESS               51607226189.000000 (99.16%) [1 edit(s)] [cached] 
2024-07-08 09:00:45,031	[DEBUG]	patch(15-5)="SrcmlStmtInsertion(('core/Solver.cc.xml', '_inter_block', 32), ('core/Solver.cc.xml', 'stmt', 164))"
2024-07-08 09:00:45,041	[INFO]	15-6    SUCCESS               51892569216.000000 (99.71%) [3 edit(s)] [cached] 
2024-07-08 09:00:45,041	[DEBUG]	patch(15-6)="SrcmlStmtInsertion(('core/Solver.cc.xml', '_inter_block', 32), ('core/Solver.cc.xml', 'stmt', 164)) | SrcmlStmtInsertion(('core/Solver.cc.xml', '_inter_block', 495), ('core/Solver.cc.xml', 'stmt', 58)) | SrcmlStmtInsertion(('core/Solver.cc.xml', '_inter_block', 495), ('core/Solver.cc.xml', 'stmt', 58))"
2024-07-08 09:00:45,484	[INFO]	15-7    COMPILE_CODE_ERROR    None (--) [4 edit(s)]  
2024-07-08 09:00:45,484	[DEBUG]	patch(15-7)="SrcmlStmtInsertion(('core/Solver.cc.xml', '_inter_block', 495), ('core/Solver.cc.xml', 'stmt', 58)) | SrcmlStmtInsertion(('core/Solver.cc.xml', '_inter_block', 32), ('core/Solver.cc.xml', 'stmt', 164)) | SrcmlStmtInsertion(('core/Solver.cc.xml', '_inter_block', 32), ('core/Solver.cc.xml', 'stmt', 164)) | SrcmlStmtInsertion(('core/Solver.cc.xml', '_inter_block', 505), ('core/Solver.cc.xml', 'stmt', 72))"
2024-07-08 09:00:45,488	[INFO]	15-8    SUCCESS               52042561048.500000 (100.00%) [0 edit(s)] [cached] 
2024-07-08 09:00:45,488	[DEBUG]	patch(15-8)=""
2024-07-08 09:00:45,493	[INFO]	15-9    SUCCESS               51295254141.500000 (98.56%) [1 edit(s)] [cached] 
2024-07-08 09:00:45,494	[DEBUG]	patch(15-9)="SrcmlStmtInsertion(('core/Solver.cc.xml', '_inter_block', 495), ('core/Solver.cc.xml', 'stmt', 58))"
2024-07-08 09:00:45,497	[INFO]	15-10   SUCCESS               52042561048.500000 (100.00%) [0 edit(s)] [cached] 
2024-07-08 09:00:45,497	[DEBUG]	patch(15-10)=""
2024-07-08 09:00:45,501	[INFO]	REF     SUCCESS               52042561048.500000 (--) [0 edit(s)] [cached] 
2024-07-08 09:00:45,510	[INFO]	BEST    SUCCESS              *51062443746.000000 (98.12%) [0 edit(s)] [cached] 
2024-07-08 09:00:45,520	[INFO]	16-1    SUCCESS              +51062443746.000000 (98.12%) [3 edit(s)] [cached] 
2024-07-08 09:00:45,520	[DEBUG]	patch(16-1)="SrcmlStmtInsertion(('core/Solver.cc.xml', '_inter_block', 495), ('core/Solver.cc.xml', 'stmt', 58)) | SrcmlStmtInsertion(('core/Solver.cc.xml', '_inter_block', 32), ('core/Solver.cc.xml', 'stmt', 164)) | SrcmlStmtInsertion(('core/Solver.cc.xml', '_inter_block', 32), ('core/Solver.cc.xml', 'stmt', 164))"
2024-07-08 09:00:45,525	[INFO]	16-2    SUCCESS               51607226189.000000 (99.16%) [1 edit(s)] [cached] 
2024-07-08 09:00:45,526	[DEBUG]	patch(16-2)="SrcmlStmtInsertion(('core/Solver.cc.xml', '_inter_block', 32), ('core/Solver.cc.xml', 'stmt', 164))"
2024-07-08 09:01:15,227	[DEBUG]	EXEC>  SUCCESS 52388616057.5
2024-07-08 09:01:15,227	[INFO]	16-3    SUCCESS               52388616057.500000 (100.66%) [4 edit(s)]  
2024-07-08 09:01:15,227	[DEBUG]	patch(16-3)="SrcmlStmtInsertion(('core/Solver.cc.xml', '_inter_block', 495), ('core/Solver.cc.xml', 'stmt', 58)) | SrcmlStmtInsertion(('core/Solver.cc.xml', '_inter_block', 495), ('core/Solver.cc.xml', 'stmt', 58)) | SrcmlStmtInsertion(('core/Solver.cc.xml', '_inter_block', 32), ('core/Solver.cc.xml', 'stmt', 164)) | SrcmlStmtInsertion(('core/Solver.cc.xml', '_inter_block', 32), ('core/Solver.cc.xml', 'stmt', 164))"
2024-07-08 09:01:15,233	[INFO]	16-4    SUCCESS               51607226189.000000 (99.16%) [1 edit(s)] [cached] 
2024-07-08 09:01:15,233	[DEBUG]	patch(16-4)="SrcmlStmtInsertion(('core/Solver.cc.xml', '_inter_block', 32), ('core/Solver.cc.xml', 'stmt', 164))"
2024-07-08 09:01:15,244	[INFO]	16-5    SUCCESS               51636150179.000000 (99.22%) [4 edit(s)] [cached] 
2024-07-08 09:01:15,244	[DEBUG]	patch(16-5)="SrcmlStmtInsertion(('core/Solver.cc.xml', '_inter_block', 32), ('core/Solver.cc.xml', 'stmt', 164)) | SrcmlStmtInsertion(('core/Solver.cc.xml', '_inter_block', 32), ('core/Solver.cc.xml', 'stmt', 164)) | SrcmlStmtInsertion(('core/Solver.cc.xml', '_inter_block', 32), ('core/Solver.cc.xml', 'stmt', 164)) | SrcmlStmtInsertion(('core/Solver.cc.xml', '_inter_block', 495), ('core/Solver.cc.xml', 'stmt', 58))"
2024-07-08 09:01:44,928	[DEBUG]	EXEC>  SUCCESS 52313702751.5
2024-07-08 09:01:44,928	[INFO]	16-6    SUCCESS               52313702751.500000 (100.52%) [5 edit(s)]  
2024-07-08 09:01:44,929	[DEBUG]	patch(16-6)="SrcmlStmtInsertion(('core/Solver.cc.xml', '_inter_block', 495), ('core/Solver.cc.xml', 'stmt', 58)) | SrcmlStmtInsertion(('core/Solver.cc.xml', '_inter_block', 32), ('core/Solver.cc.xml', 'stmt', 164)) | SrcmlStmtInsertion(('core/Solver.cc.xml', '_inter_block', 32), ('core/Solver.cc.xml', 'stmt', 164)) | SrcmlStmtInsertion(('core/Solver.cc.xml', '_inter_block', 32), ('core/Solver.cc.xml', 'stmt', 164)) | SrcmlStmtInsertion(('core/Solver.cc.xml', '_inter_block', 495), ('core/Solver.cc.xml', 'stmt', 58))"
2024-07-08 09:01:44,936	[INFO]	16-7    SUCCESS               51327001364.000000 (98.63%) [2 edit(s)] [cached] 
2024-07-08 09:01:44,937	[DEBUG]	patch(16-7)="SrcmlStmtInsertion(('core/Solver.cc.xml', '_inter_block', 495), ('core/Solver.cc.xml', 'stmt', 58)) | SrcmlStmtInsertion(('core/Solver.cc.xml', '_inter_block', 32), ('core/Solver.cc.xml', 'stmt', 164))"
2024-07-08 09:01:46,850	[INFO]	16-8    TEST_CODE_ERROR       None (--) [2 edit(s)]  
2024-07-08 09:01:46,850	[DEBUG]	patch(16-8)="SrcmlStmtInsertion(('core/Solver.cc.xml', '_inter_block', 495), ('core/Solver.cc.xml', 'stmt', 58)) | SrcmlStmtReplacement(('core/Solver.cc.xml', 'stmt', 423), ('core/Solver.cc.xml', 'stmt', 339))"
2024-07-08 09:01:46,854	[INFO]	16-9    SUCCESS               52042561048.500000 (100.00%) [0 edit(s)] [cached] 
2024-07-08 09:01:46,854	[DEBUG]	patch(16-9)=""
2024-07-08 09:02:16,468	[DEBUG]	EXEC>  SUCCESS 52254107244.5
2024-07-08 09:02:16,468	[INFO]	16-10   SUCCESS               52254107244.500000 (100.41%) [2 edit(s)]  
2024-07-08 09:02:16,469	[DEBUG]	patch(16-10)="SrcmlStmtInsertion(('core/Solver.cc.xml', '_inter_block', 495), ('core/Solver.cc.xml', 'stmt', 58)) | SrcmlStmtInsertion(('core/Solver.cc.xml', '_inter_block', 495), ('core/Solver.cc.xml', 'stmt', 58))"
2024-07-08 09:02:16,473	[INFO]	REF     SUCCESS               52042561048.500000 (--) [0 edit(s)] [cached] 
2024-07-08 09:02:16,482	[INFO]	BEST    SUCCESS              *51062443746.000000 (98.12%) [0 edit(s)] [cached] 
2024-07-08 09:02:16,493	[INFO]	17-1    SUCCESS              +51062443746.000000 (98.12%) [3 edit(s)] [cached] 
2024-07-08 09:02:16,493	[DEBUG]	patch(17-1)="SrcmlStmtInsertion(('core/Solver.cc.xml', '_inter_block', 495), ('core/Solver.cc.xml', 'stmt', 58)) | SrcmlStmtInsertion(('core/Solver.cc.xml', '_inter_block', 32), ('core/Solver.cc.xml', 'stmt', 164)) | SrcmlStmtInsertion(('core/Solver.cc.xml', '_inter_block', 32), ('core/Solver.cc.xml', 'stmt', 164))"
2024-07-08 09:02:16,500	[INFO]	17-2    SUCCESS               51938702712.500000 (99.80%) [2 edit(s)] [cached] 
2024-07-08 09:02:16,500	[DEBUG]	patch(17-2)="SrcmlStmtInsertion(('core/Solver.cc.xml', '_inter_block', 32), ('core/Solver.cc.xml', 'stmt', 164)) | SrcmlStmtInsertion(('core/Solver.cc.xml', '_inter_block', 32), ('core/Solver.cc.xml', 'stmt', 164))"
2024-07-08 09:02:16,511	[INFO]	17-3    SUCCESS               51636150179.000000 (99.22%) [4 edit(s)] [cached] 
2024-07-08 09:02:16,511	[DEBUG]	patch(17-3)="SrcmlStmtInsertion(('core/Solver.cc.xml', '_inter_block', 495), ('core/Solver.cc.xml', 'stmt', 58)) | SrcmlStmtInsertion(('core/Solver.cc.xml', '_inter_block', 32), ('core/Solver.cc.xml', 'stmt', 164)) | SrcmlStmtInsertion(('core/Solver.cc.xml', '_inter_block', 32), ('core/Solver.cc.xml', 'stmt', 164)) | SrcmlStmtInsertion(('core/Solver.cc.xml', '_inter_block', 32), ('core/Solver.cc.xml', 'stmt', 164))"
2024-07-08 09:02:16,519	[INFO]	17-4    SUCCESS               51938702712.500000 (99.80%) [2 edit(s)] [cached] 
2024-07-08 09:02:16,519	[DEBUG]	patch(17-4)="SrcmlStmtInsertion(('core/Solver.cc.xml', '_inter_block', 32), ('core/Solver.cc.xml', 'stmt', 164)) | SrcmlStmtInsertion(('core/Solver.cc.xml', '_inter_block', 32), ('core/Solver.cc.xml', 'stmt', 164))"
2024-07-08 09:02:16,526	[INFO]	17-5    SUCCESS               51327001364.000000 (98.63%) [2 edit(s)] [cached] 
2024-07-08 09:02:16,526	[DEBUG]	patch(17-5)="SrcmlStmtInsertion(('core/Solver.cc.xml', '_inter_block', 32), ('core/Solver.cc.xml', 'stmt', 164)) | SrcmlStmtInsertion(('core/Solver.cc.xml', '_inter_block', 495), ('core/Solver.cc.xml', 'stmt', 58))"
2024-07-08 09:02:16,532	[INFO]	17-6    SUCCESS               51295254141.500000 (98.56%) [1 edit(s)] [cached] 
2024-07-08 09:02:16,532	[DEBUG]	patch(17-6)="SrcmlStmtInsertion(('core/Solver.cc.xml', '_inter_block', 495), ('core/Solver.cc.xml', 'stmt', 58))"
2024-07-08 09:02:16,539	[INFO]	17-7    SUCCESS               51327001364.000000 (98.63%) [2 edit(s)] [cached] 
2024-07-08 09:02:16,540	[DEBUG]	patch(17-7)="SrcmlStmtInsertion(('core/Solver.cc.xml', '_inter_block', 495), ('core/Solver.cc.xml', 'stmt', 58)) | SrcmlStmtInsertion(('core/Solver.cc.xml', '_inter_block', 32), ('core/Solver.cc.xml', 'stmt', 164))"
2024-07-08 09:02:16,545	[INFO]	17-8    SUCCESS               51607226189.000000 (99.16%) [1 edit(s)] [cached] 
2024-07-08 09:02:16,545	[DEBUG]	patch(17-8)="SrcmlStmtInsertion(('core/Solver.cc.xml', '_inter_block', 32), ('core/Solver.cc.xml', 'stmt', 164))"
2024-07-08 09:02:18,462	[INFO]	17-9    TEST_CODE_ERROR       None (--) [2 edit(s)]  
2024-07-08 09:02:18,463	[DEBUG]	patch(17-9)="SrcmlStmtInsertion(('core/Solver.cc.xml', '_inter_block', 32), ('core/Solver.cc.xml', 'stmt', 164)) | SrcmlStmtReplacement(('core/Solver.cc.xml', 'stmt', 54), ('core/Solver.cc.xml', 'stmt', 344))"
2024-07-08 09:02:18,915	[INFO]	17-10   COMPILE_CODE_ERROR    None (--) [5 edit(s)]  
2024-07-08 09:02:18,915	[DEBUG]	patch(17-10)="SrcmlStmtInsertion(('core/Solver.cc.xml', '_inter_block', 32), ('core/Solver.cc.xml', 'stmt', 164)) | SrcmlStmtInsertion(('core/Solver.cc.xml', '_inter_block', 32), ('core/Solver.cc.xml', 'stmt', 164)) | SrcmlStmtInsertion(('core/Solver.cc.xml', '_inter_block', 32), ('core/Solver.cc.xml', 'stmt', 164)) | SrcmlStmtInsertion(('core/Solver.cc.xml', '_inter_block', 495), ('core/Solver.cc.xml', 'stmt', 58)) | SrcmlStmtReplacement(('core/Solver.cc.xml', 'stmt', 393), ('core/Solver.cc.xml', 'stmt', 50))"
2024-07-08 09:02:18,919	[INFO]	REF     SUCCESS               52042561048.500000 (--) [0 edit(s)] [cached] 
2024-07-08 09:02:18,929	[INFO]	BEST    SUCCESS              *51062443746.000000 (98.12%) [0 edit(s)] [cached] 
2024-07-08 09:02:18,939	[INFO]	18-1    SUCCESS              +51062443746.000000 (98.12%) [3 edit(s)] [cached] 
2024-07-08 09:02:18,939	[DEBUG]	patch(18-1)="SrcmlStmtInsertion(('core/Solver.cc.xml', '_inter_block', 495), ('core/Solver.cc.xml', 'stmt', 58)) | SrcmlStmtInsertion(('core/Solver.cc.xml', '_inter_block', 32), ('core/Solver.cc.xml', 'stmt', 164)) | SrcmlStmtInsertion(('core/Solver.cc.xml', '_inter_block', 32), ('core/Solver.cc.xml', 'stmt', 164))"
2024-07-08 09:02:18,947	[INFO]	18-2    SUCCESS               51327001364.000000 (98.63%) [2 edit(s)] [cached] 
2024-07-08 09:02:18,947	[DEBUG]	patch(18-2)="SrcmlStmtInsertion(('core/Solver.cc.xml', '_inter_block', 495), ('core/Solver.cc.xml', 'stmt', 58)) | SrcmlStmtInsertion(('core/Solver.cc.xml', '_inter_block', 32), ('core/Solver.cc.xml', 'stmt', 164))"
2024-07-08 09:02:18,955	[INFO]	18-3    SUCCESS               51327001364.000000 (98.63%) [2 edit(s)] [cached] 
2024-07-08 09:02:18,955	[DEBUG]	patch(18-3)="SrcmlStmtInsertion(('core/Solver.cc.xml', '_inter_block', 495), ('core/Solver.cc.xml', 'stmt', 58)) | SrcmlStmtInsertion(('core/Solver.cc.xml', '_inter_block', 32), ('core/Solver.cc.xml', 'stmt', 164))"
2024-07-08 09:02:18,964	[INFO]	18-4    SUCCESS               51062443746.000000 (98.12%) [3 edit(s)] [cached] 
2024-07-08 09:02:18,964	[DEBUG]	patch(18-4)="SrcmlStmtInsertion(('core/Solver.cc.xml', '_inter_block', 495), ('core/Solver.cc.xml', 'stmt', 58)) | SrcmlStmtInsertion(('core/Solver.cc.xml', '_inter_block', 32), ('core/Solver.cc.xml', 'stmt', 164)) | SrcmlStmtInsertion(('core/Solver.cc.xml', '_inter_block', 32), ('core/Solver.cc.xml', 'stmt', 164))"
2024-07-08 09:02:18,975	[INFO]	18-5    SUCCESS               52388616057.500000 (100.66%) [4 edit(s)] [cached] 
2024-07-08 09:02:18,975	[DEBUG]	patch(18-5)="SrcmlStmtInsertion(('core/Solver.cc.xml', '_inter_block', 32), ('core/Solver.cc.xml', 'stmt', 164)) | SrcmlStmtInsertion(('core/Solver.cc.xml', '_inter_block', 495), ('core/Solver.cc.xml', 'stmt', 58)) | SrcmlStmtInsertion(('core/Solver.cc.xml', '_inter_block', 495), ('core/Solver.cc.xml', 'stmt', 58)) | SrcmlStmtInsertion(('core/Solver.cc.xml', '_inter_block', 32), ('core/Solver.cc.xml', 'stmt', 164))"
2024-07-08 09:02:18,981	[INFO]	18-6    SUCCESS               51607226189.000000 (99.16%) [1 edit(s)] [cached] 
2024-07-08 09:02:18,981	[DEBUG]	patch(18-6)="SrcmlStmtInsertion(('core/Solver.cc.xml', '_inter_block', 32), ('core/Solver.cc.xml', 'stmt', 164))"
2024-07-08 09:02:18,988	[INFO]	18-7    SUCCESS               51327001364.000000 (98.63%) [2 edit(s)] [cached] 
2024-07-08 09:02:18,988	[DEBUG]	patch(18-7)="SrcmlStmtInsertion(('core/Solver.cc.xml', '_inter_block', 495), ('core/Solver.cc.xml', 'stmt', 58)) | SrcmlStmtInsertion(('core/Solver.cc.xml', '_inter_block', 32), ('core/Solver.cc.xml', 'stmt', 164))"
2024-07-08 09:02:20,894	[INFO]	18-8    TEST_CODE_ERROR       None (--) [2 edit(s)]  
2024-07-08 09:02:20,894	[DEBUG]	patch(18-8)="SrcmlStmtInsertion(('core/Solver.cc.xml', '_inter_block', 495), ('core/Solver.cc.xml', 'stmt', 58)) | SrcmlStmtInsertion(('core/Solver.cc.xml', '_inter_block', 107), ('core/Solver.cc.xml', 'stmt', 91))"
2024-07-08 09:02:50,573	[DEBUG]	EXEC>  SUCCESS 52424135356.0
2024-07-08 09:02:50,573	[INFO]	18-9    SUCCESS               52424135356.000000 (100.73%) [3 edit(s)]  
2024-07-08 09:02:50,573	[DEBUG]	patch(18-9)="SrcmlStmtInsertion(('core/Solver.cc.xml', '_inter_block', 495), ('core/Solver.cc.xml', 'stmt', 58)) | SrcmlStmtInsertion(('core/Solver.cc.xml', '_inter_block', 32), ('core/Solver.cc.xml', 'stmt', 164)) | SrcmlStmtReplacement(('core/Solver.cc.xml', 'stmt', 259), ('core/Solver.cc.xml', 'stmt', 172))"
2024-07-08 09:02:50,579	[INFO]	18-10   SUCCESS               51295254141.500000 (98.56%) [1 edit(s)] [cached] 
2024-07-08 09:02:50,579	[DEBUG]	patch(18-10)="SrcmlStmtInsertion(('core/Solver.cc.xml', '_inter_block', 495), ('core/Solver.cc.xml', 'stmt', 58))"
2024-07-08 09:02:50,583	[INFO]	REF     SUCCESS               52042561048.500000 (--) [0 edit(s)] [cached] 
2024-07-08 09:02:50,592	[INFO]	BEST    SUCCESS              *51062443746.000000 (98.12%) [0 edit(s)] [cached] 
2024-07-08 09:02:50,602	[INFO]	19-1    SUCCESS              +51062443746.000000 (98.12%) [3 edit(s)] [cached] 
2024-07-08 09:02:50,603	[DEBUG]	patch(19-1)="SrcmlStmtInsertion(('core/Solver.cc.xml', '_inter_block', 495), ('core/Solver.cc.xml', 'stmt', 58)) | SrcmlStmtInsertion(('core/Solver.cc.xml', '_inter_block', 32), ('core/Solver.cc.xml', 'stmt', 164)) | SrcmlStmtInsertion(('core/Solver.cc.xml', '_inter_block', 32), ('core/Solver.cc.xml', 'stmt', 164))"
2024-07-08 09:02:50,608	[INFO]	19-2    SUCCESS               51607226189.000000 (99.16%) [1 edit(s)] [cached] 
2024-07-08 09:02:50,608	[DEBUG]	patch(19-2)="SrcmlStmtInsertion(('core/Solver.cc.xml', '_inter_block', 32), ('core/Solver.cc.xml', 'stmt', 164))"
2024-07-08 09:02:50,617	[INFO]	19-3    SUCCESS               51892569216.000000 (99.71%) [3 edit(s)] [cached] 
2024-07-08 09:02:50,617	[DEBUG]	patch(19-3)="SrcmlStmtInsertion(('core/Solver.cc.xml', '_inter_block', 495), ('core/Solver.cc.xml', 'stmt', 58)) | SrcmlStmtInsertion(('core/Solver.cc.xml', '_inter_block', 495), ('core/Solver.cc.xml', 'stmt', 58)) | SrcmlStmtInsertion(('core/Solver.cc.xml', '_inter_block', 32), ('core/Solver.cc.xml', 'stmt', 164))"
2024-07-08 09:02:50,629	[INFO]	19-4    SUCCESS               52388616057.500000 (100.66%) [4 edit(s)] [cached] 
2024-07-08 09:02:50,629	[DEBUG]	patch(19-4)="SrcmlStmtInsertion(('core/Solver.cc.xml', '_inter_block', 495), ('core/Solver.cc.xml', 'stmt', 58)) | SrcmlStmtInsertion(('core/Solver.cc.xml', '_inter_block', 32), ('core/Solver.cc.xml', 'stmt', 164)) | SrcmlStmtInsertion(('core/Solver.cc.xml', '_inter_block', 495), ('core/Solver.cc.xml', 'stmt', 58)) | SrcmlStmtInsertion(('core/Solver.cc.xml', '_inter_block', 32), ('core/Solver.cc.xml', 'stmt', 164))"
2024-07-08 09:02:50,634	[INFO]	19-5    SUCCESS               51607226189.000000 (99.16%) [1 edit(s)] [cached] 
2024-07-08 09:02:50,634	[DEBUG]	patch(19-5)="SrcmlStmtInsertion(('core/Solver.cc.xml', '_inter_block', 32), ('core/Solver.cc.xml', 'stmt', 164))"
2024-07-08 09:02:50,645	[INFO]	19-6    SUCCESS               52388616057.500000 (100.66%) [4 edit(s)] [cached] 
2024-07-08 09:02:50,645	[DEBUG]	patch(19-6)="SrcmlStmtInsertion(('core/Solver.cc.xml', '_inter_block', 495), ('core/Solver.cc.xml', 'stmt', 58)) | SrcmlStmtInsertion(('core/Solver.cc.xml', '_inter_block', 495), ('core/Solver.cc.xml', 'stmt', 58)) | SrcmlStmtInsertion(('core/Solver.cc.xml', '_inter_block', 32), ('core/Solver.cc.xml', 'stmt', 164)) | SrcmlStmtInsertion(('core/Solver.cc.xml', '_inter_block', 32), ('core/Solver.cc.xml', 'stmt', 164))"
2024-07-08 09:03:19,693	[DEBUG]	EXEC>  SUCCESS 51165686966.0
2024-07-08 09:03:19,693	[INFO]	19-7    SUCCESS               51165686966.000000 (98.32%) [4 edit(s)]  
2024-07-08 09:03:19,693	[DEBUG]	patch(19-7)="SrcmlStmtInsertion(('core/Solver.cc.xml', '_inter_block', 495), ('core/Solver.cc.xml', 'stmt', 58)) | SrcmlStmtInsertion(('core/Solver.cc.xml', '_inter_block', 32), ('core/Solver.cc.xml', 'stmt', 164)) | SrcmlStmtInsertion(('core/Solver.cc.xml', '_inter_block', 32), ('core/Solver.cc.xml', 'stmt', 164)) | SrcmlStmtDeletion(('core/Solver.cc.xml', 'stmt', 64))"
2024-07-08 09:05:55,855	[DEBUG]	EXEC>  SUCCESS 291515243558.0
2024-07-08 09:05:55,855	[INFO]	19-8    SUCCESS               291515243558.000000 (560.15%) [2 edit(s)]  
2024-07-08 09:05:55,855	[DEBUG]	patch(19-8)="SrcmlStmtInsertion(('core/Solver.cc.xml', '_inter_block', 495), ('core/Solver.cc.xml', 'stmt', 58)) | SrcmlStmtDeletion(('core/Solver.cc.xml', 'stmt', 225))"
2024-07-08 09:05:56,308	[INFO]	19-9    COMPILE_CODE_ERROR    None (--) [3 edit(s)]  
2024-07-08 09:05:56,308	[DEBUG]	patch(19-9)="SrcmlStmtInsertion(('core/Solver.cc.xml', '_inter_block', 495), ('core/Solver.cc.xml', 'stmt', 58)) | SrcmlStmtInsertion(('core/Solver.cc.xml', '_inter_block', 32), ('core/Solver.cc.xml', 'stmt', 164)) | SrcmlStmtInsertion(('core/Solver.cc.xml', '_inter_block', 346), ('core/Solver.cc.xml', 'stmt', 123))"
2024-07-08 09:05:56,313	[INFO]	19-10   SUCCESS               52042561048.500000 (100.00%) [0 edit(s)] [cached] 
2024-07-08 09:05:56,313	[DEBUG]	patch(19-10)=""
2024-07-08 09:05:56,316	[INFO]	REF     SUCCESS               52042561048.500000 (--) [0 edit(s)] [cached] 
2024-07-08 09:05:56,326	[INFO]	BEST    SUCCESS              *51062443746.000000 (98.12%) [0 edit(s)] [cached] 
2024-07-08 09:05:56,337	[INFO]	20-1    SUCCESS              +51062443746.000000 (98.12%) [3 edit(s)] [cached] 
2024-07-08 09:05:56,337	[DEBUG]	patch(20-1)="SrcmlStmtInsertion(('core/Solver.cc.xml', '_inter_block', 495), ('core/Solver.cc.xml', 'stmt', 58)) | SrcmlStmtInsertion(('core/Solver.cc.xml', '_inter_block', 32), ('core/Solver.cc.xml', 'stmt', 164)) | SrcmlStmtInsertion(('core/Solver.cc.xml', '_inter_block', 32), ('core/Solver.cc.xml', 'stmt', 164))"
2024-07-08 09:05:56,344	[INFO]	20-2    SUCCESS               51938702712.500000 (99.80%) [2 edit(s)] [cached] 
2024-07-08 09:05:56,344	[DEBUG]	patch(20-2)="SrcmlStmtInsertion(('core/Solver.cc.xml', '_inter_block', 32), ('core/Solver.cc.xml', 'stmt', 164)) | SrcmlStmtInsertion(('core/Solver.cc.xml', '_inter_block', 32), ('core/Solver.cc.xml', 'stmt', 164))"
2024-07-08 09:05:56,357	[INFO]	20-3    SUCCESS               52313702751.500000 (100.52%) [5 edit(s)] [cached] 
2024-07-08 09:05:56,357	[DEBUG]	patch(20-3)="SrcmlStmtInsertion(('core/Solver.cc.xml', '_inter_block', 32), ('core/Solver.cc.xml', 'stmt', 164)) | SrcmlStmtInsertion(('core/Solver.cc.xml', '_inter_block', 495), ('core/Solver.cc.xml', 'stmt', 58)) | SrcmlStmtInsertion(('core/Solver.cc.xml', '_inter_block', 495), ('core/Solver.cc.xml', 'stmt', 58)) | SrcmlStmtInsertion(('core/Solver.cc.xml', '_inter_block', 32), ('core/Solver.cc.xml', 'stmt', 164)) | SrcmlStmtInsertion(('core/Solver.cc.xml', '_inter_block', 32), ('core/Solver.cc.xml', 'stmt', 164))"
2024-07-08 09:05:56,383	[INFO]	20-4    SUCCESS               291515243558.000000 (560.15%) [2 edit(s)] [cached] 
2024-07-08 09:05:56,383	[DEBUG]	patch(20-4)="SrcmlStmtInsertion(('core/Solver.cc.xml', '_inter_block', 495), ('core/Solver.cc.xml', 'stmt', 58)) | SrcmlStmtDeletion(('core/Solver.cc.xml', 'stmt', 225))"
2024-07-08 09:05:56,389	[INFO]	20-5    SUCCESS               51607226189.000000 (99.16%) [1 edit(s)] [cached] 
2024-07-08 09:05:56,389	[DEBUG]	patch(20-5)="SrcmlStmtInsertion(('core/Solver.cc.xml', '_inter_block', 32), ('core/Solver.cc.xml', 'stmt', 164))"
2024-07-08 09:05:56,392	[INFO]	20-6    SUCCESS               52042561048.500000 (100.00%) [0 edit(s)] [cached] 
2024-07-08 09:05:56,392	[DEBUG]	patch(20-6)=""
2024-07-08 09:05:56,979	[INFO]	20-7    COMPILE_CODE_ERROR    None (--) [4 edit(s)]  
2024-07-08 09:05:56,979	[DEBUG]	patch(20-7)="SrcmlStmtInsertion(('core/Solver.cc.xml', '_inter_block', 495), ('core/Solver.cc.xml', 'stmt', 58)) | SrcmlStmtInsertion(('core/Solver.cc.xml', '_inter_block', 32), ('core/Solver.cc.xml', 'stmt', 164)) | SrcmlStmtInsertion(('core/Solver.cc.xml', '_inter_block', 32), ('core/Solver.cc.xml', 'stmt', 164)) | SrcmlStmtReplacement(('core/Solver.cc.xml', 'stmt', 355), ('core/Solver.cc.xml', 'stmt', 165))"
2024-07-08 09:06:24,713	[DEBUG]	EXEC>  SUCCESS 48694122271.0
2024-07-08 09:06:24,713	[INFO]	20-8    SUCCESS              *48694122271.000000 (93.57%) [5 edit(s)]  
2024-07-08 09:06:24,713	[DEBUG]	patch(20-8)="SrcmlStmtInsertion(('core/Solver.cc.xml', '_inter_block', 495), ('core/Solver.cc.xml', 'stmt', 58)) | SrcmlStmtInsertion(('core/Solver.cc.xml', '_inter_block', 32), ('core/Solver.cc.xml', 'stmt', 164)) | SrcmlStmtInsertion(('core/Solver.cc.xml', '_inter_block', 32), ('core/Solver.cc.xml', 'stmt', 164)) | SrcmlStmtDeletion(('core/Solver.cc.xml', 'stmt', 64)) | SrcmlStmtReplacement(('core/Solver.cc.xml', 'stmt', 250), ('core/Solver.cc.xml', 'stmt', 295))"
--- before: core/Solver.cc
+++ after: core/Solver.cc
@@ -155,6 +155,8 @@
     if (ps.size() == 0)
         /*auto*/{
             return ok = false;
+            analyze_toclear.push(p);
+            analyze_toclear.push(p);
         }/*auto*/
     else if (ps.size() == 1){
         uncheckedEnqueue(ps[0]);
@@ -211,9 +213,7 @@
     Clause& c = ca[cr];
     detachClause(cr);
     // Don't leave pointers to free'd memory!
-    if (locked(c)) /*auto*/{
-      vardata[var(c[0])].reason = CRef_Undef;
-    }/*auto*/
+    
     c.mark(1); 
     ca.free(cr);
 }
@@ -639,7 +639,7 @@
             }/*auto*/
         else
             /*auto*/{
-                cs[j++] = cs[i];
+                learntsize_adjust_confl *= learntsize_adjust_inc;
             }/*auto*/
     }
     cs.shrink(i - j);
@@ -932,6 +932,7 @@
 void Solver::toDimacs(FILE* f, Clause& c, vec<Var>& map, Var& max)
 {
     if (satisfied(c)) /*auto*/{
+      watches.smudge(~c[1]);
       return;
     }/*auto*/
 

2024-07-08 09:06:24,717	[INFO]	20-9    SUCCESS               52042561048.500000 (100.00%) [0 edit(s)] [cached] 
2024-07-08 09:06:24,717	[DEBUG]	patch(20-9)=""
2024-07-08 09:06:24,725	[INFO]	20-10   SUCCESS               52254107244.500000 (100.41%) [2 edit(s)] [cached] 
2024-07-08 09:06:24,725	[DEBUG]	patch(20-10)="SrcmlStmtInsertion(('core/Solver.cc.xml', '_inter_block', 495), ('core/Solver.cc.xml', 'stmt', 58)) | SrcmlStmtInsertion(('core/Solver.cc.xml', '_inter_block', 495), ('core/Solver.cc.xml', 'stmt', 58))"
2024-07-08 09:06:24,729	[INFO]	REF     SUCCESS               52042561048.500000 (--) [0 edit(s)] [cached] 
2024-07-08 09:06:24,740	[INFO]	BEST    SUCCESS              *48694122271.000000 (93.57%) [0 edit(s)] [cached] 
2024-07-08 09:06:24,753	[INFO]	21-1    SUCCESS              +48694122271.000000 (93.57%) [5 edit(s)] [cached] 
2024-07-08 09:06:24,753	[DEBUG]	patch(21-1)="SrcmlStmtInsertion(('core/Solver.cc.xml', '_inter_block', 495), ('core/Solver.cc.xml', 'stmt', 58)) | SrcmlStmtInsertion(('core/Solver.cc.xml', '_inter_block', 32), ('core/Solver.cc.xml', 'stmt', 164)) | SrcmlStmtInsertion(('core/Solver.cc.xml', '_inter_block', 32), ('core/Solver.cc.xml', 'stmt', 164)) | SrcmlStmtDeletion(('core/Solver.cc.xml', 'stmt', 64)) | SrcmlStmtReplacement(('core/Solver.cc.xml', 'stmt', 250), ('core/Solver.cc.xml', 'stmt', 295))"
2024-07-08 09:06:52,561	[DEBUG]	EXEC>  SUCCESS 48820780986.5
2024-07-08 09:06:52,562	[INFO]	21-2    SUCCESS               48820780986.500000 (93.81%) [6 edit(s)]  
2024-07-08 09:06:52,562	[DEBUG]	patch(21-2)="SrcmlStmtInsertion(('core/Solver.cc.xml', '_inter_block', 32), ('core/Solver.cc.xml', 'stmt', 164)) | SrcmlStmtDeletion(('core/Solver.cc.xml', 'stmt', 64)) | SrcmlStmtReplacement(('core/Solver.cc.xml', 'stmt', 250), ('core/Solver.cc.xml', 'stmt', 295)) | SrcmlStmtInsertion(('core/Solver.cc.xml', '_inter_block', 32), ('core/Solver.cc.xml', 'stmt', 164)) | SrcmlStmtDeletion(('core/Solver.cc.xml', 'stmt', 64)) | SrcmlStmtReplacement(('core/Solver.cc.xml', 'stmt', 250), ('core/Solver.cc.xml', 'stmt', 295))"
2024-07-08 09:06:52,567	[INFO]	21-3    SUCCESS               51607226189.000000 (99.16%) [1 edit(s)] [cached] 
2024-07-08 09:06:52,568	[DEBUG]	patch(21-3)="SrcmlStmtInsertion(('core/Solver.cc.xml', '_inter_block', 32), ('core/Solver.cc.xml', 'stmt', 164))"
2024-07-08 09:06:52,575	[INFO]	21-4    SUCCESS               51938702712.500000 (99.80%) [2 edit(s)] [cached] 
2024-07-08 09:06:52,575	[DEBUG]	patch(21-4)="SrcmlStmtInsertion(('core/Solver.cc.xml', '_inter_block', 32), ('core/Solver.cc.xml', 'stmt', 164)) | SrcmlStmtInsertion(('core/Solver.cc.xml', '_inter_block', 32), ('core/Solver.cc.xml', 'stmt', 164))"
2024-07-08 09:06:52,580	[INFO]	21-5    SUCCESS               51607226189.000000 (99.16%) [1 edit(s)] [cached] 
2024-07-08 09:06:52,580	[DEBUG]	patch(21-5)="SrcmlStmtInsertion(('core/Solver.cc.xml', '_inter_block', 32), ('core/Solver.cc.xml', 'stmt', 164))"
2024-07-08 09:06:52,588	[INFO]	21-6    SUCCESS               51938702712.500000 (99.80%) [2 edit(s)] [cached] 
2024-07-08 09:06:52,588	[DEBUG]	patch(21-6)="SrcmlStmtInsertion(('core/Solver.cc.xml', '_inter_block', 32), ('core/Solver.cc.xml', 'stmt', 164)) | SrcmlStmtInsertion(('core/Solver.cc.xml', '_inter_block', 32), ('core/Solver.cc.xml', 'stmt', 164))"
2024-07-08 09:07:20,697	[DEBUG]	EXEC>  SUCCESS 49381483044.5
2024-07-08 09:07:20,697	[INFO]	21-7    SUCCESS               49381483044.500000 (94.89%) [4 edit(s)]  
2024-07-08 09:07:20,697	[DEBUG]	patch(21-7)="SrcmlStmtInsertion(('core/Solver.cc.xml', '_inter_block', 495), ('core/Solver.cc.xml', 'stmt', 58)) | SrcmlStmtInsertion(('core/Solver.cc.xml', '_inter_block', 32), ('core/Solver.cc.xml', 'stmt', 164)) | SrcmlStmtDeletion(('core/Solver.cc.xml', 'stmt', 64)) | SrcmlStmtReplacement(('core/Solver.cc.xml', 'stmt', 250), ('core/Solver.cc.xml', 'stmt', 295))"
2024-07-08 09:07:20,705	[INFO]	21-8    SUCCESS               51327001364.000000 (98.63%) [2 edit(s)] [cached] 
2024-07-08 09:07:20,705	[DEBUG]	patch(21-8)="SrcmlStmtInsertion(('core/Solver.cc.xml', '_inter_block', 495), ('core/Solver.cc.xml', 'stmt', 58)) | SrcmlStmtInsertion(('core/Solver.cc.xml', '_inter_block', 32), ('core/Solver.cc.xml', 'stmt', 164))"
2024-07-08 09:07:22,563	[INFO]	21-9    TEST_CODE_ERROR       None (--) [2 edit(s)]  
2024-07-08 09:07:22,563	[DEBUG]	patch(21-9)="SrcmlStmtInsertion(('core/Solver.cc.xml', '_inter_block', 32), ('core/Solver.cc.xml', 'stmt', 164)) | SrcmlStmtReplacement(('core/Solver.cc.xml', 'stmt', 147), ('core/Solver.cc.xml', 'stmt', 116))"
2024-07-08 09:07:51,798	[DEBUG]	EXEC>  SUCCESS 51581577028.5
2024-07-08 09:07:51,798	[INFO]	21-10   SUCCESS               51581577028.500000 (99.11%) [3 edit(s)]  
2024-07-08 09:07:51,798	[DEBUG]	patch(21-10)="SrcmlStmtInsertion(('core/Solver.cc.xml', '_inter_block', 32), ('core/Solver.cc.xml', 'stmt', 164)) | SrcmlStmtInsertion(('core/Solver.cc.xml', '_inter_block', 32), ('core/Solver.cc.xml', 'stmt', 164)) | SrcmlStmtDeletion(('core/Solver.cc.xml', 'stmt', 376))"
2024-07-08 09:07:51,802	[INFO]	REF     SUCCESS               52042561048.500000 (--) [0 edit(s)] [cached] 
2024-07-08 09:07:51,813	[INFO]	BEST    SUCCESS              *48694122271.000000 (93.57%) [0 edit(s)] [cached] 
2024-07-08 09:07:51,826	[INFO]	22-1    SUCCESS              +48694122271.000000 (93.57%) [5 edit(s)] [cached] 
2024-07-08 09:07:51,826	[DEBUG]	patch(22-1)="SrcmlStmtInsertion(('core/Solver.cc.xml', '_inter_block', 495), ('core/Solver.cc.xml', 'stmt', 58)) | SrcmlStmtInsertion(('core/Solver.cc.xml', '_inter_block', 32), ('core/Solver.cc.xml', 'stmt', 164)) | SrcmlStmtInsertion(('core/Solver.cc.xml', '_inter_block', 32), ('core/Solver.cc.xml', 'stmt', 164)) | SrcmlStmtDeletion(('core/Solver.cc.xml', 'stmt', 64)) | SrcmlStmtReplacement(('core/Solver.cc.xml', 'stmt', 250), ('core/Solver.cc.xml', 'stmt', 295))"
2024-07-08 09:08:21,657	[DEBUG]	EXEC>  SUCCESS 52647106970.0
2024-07-08 09:08:21,657	[INFO]	22-2    SUCCESS               52647106970.000000 (101.16%) [5 edit(s)]  
2024-07-08 09:08:21,657	[DEBUG]	patch(22-2)="SrcmlStmtInsertion(('core/Solver.cc.xml', '_inter_block', 495), ('core/Solver.cc.xml', 'stmt', 58)) | SrcmlStmtInsertion(('core/Solver.cc.xml', '_inter_block', 32), ('core/Solver.cc.xml', 'stmt', 164)) | SrcmlStmtInsertion(('core/Solver.cc.xml', '_inter_block', 495), ('core/Solver.cc.xml', 'stmt', 58)) | SrcmlStmtInsertion(('core/Solver.cc.xml', '_inter_block', 32), ('core/Solver.cc.xml', 'stmt', 164)) | SrcmlStmtDeletion(('core/Solver.cc.xml', 'stmt', 64))"
2024-07-08 09:08:49,887	[DEBUG]	EXEC>  SUCCESS 49641366172.0
2024-07-08 09:08:49,887	[INFO]	22-3    SUCCESS               49641366172.000000 (95.39%) [8 edit(s)]  
2024-07-08 09:08:49,887	[DEBUG]	patch(22-3)="SrcmlStmtInsertion(('core/Solver.cc.xml', '_inter_block', 32), ('core/Solver.cc.xml', 'stmt', 164)) | SrcmlStmtDeletion(('core/Solver.cc.xml', 'stmt', 64)) | SrcmlStmtReplacement(('core/Solver.cc.xml', 'stmt', 250), ('core/Solver.cc.xml', 'stmt', 295)) | SrcmlStmtInsertion(('core/Solver.cc.xml', '_inter_block', 32), ('core/Solver.cc.xml', 'stmt', 164)) | SrcmlStmtDeletion(('core/Solver.cc.xml', 'stmt', 64)) | SrcmlStmtInsertion(('core/Solver.cc.xml', '_inter_block', 32), ('core/Solver.cc.xml', 'stmt', 164)) | SrcmlStmtReplacement(('core/Solver.cc.xml', 'stmt', 250), ('core/Solver.cc.xml', 'stmt', 295)) | SrcmlStmtDeletion(('core/Solver.cc.xml', 'stmt', 64))"
2024-07-08 09:09:17,841	[DEBUG]	EXEC>  SUCCESS 49080569353.5
2024-07-08 09:09:17,841	[INFO]	22-4    SUCCESS               49080569353.500000 (94.31%) [2 edit(s)]  
2024-07-08 09:09:17,841	[DEBUG]	patch(22-4)="SrcmlStmtInsertion(('core/Solver.cc.xml', '_inter_block', 32), ('core/Solver.cc.xml', 'stmt', 164)) | SrcmlStmtReplacement(('core/Solver.cc.xml', 'stmt', 250), ('core/Solver.cc.xml', 'stmt', 295))"
2024-07-08 09:09:17,851	[INFO]	22-5    SUCCESS               51062443746.000000 (98.12%) [3 edit(s)] [cached] 
2024-07-08 09:09:17,851	[DEBUG]	patch(22-5)="SrcmlStmtInsertion(('core/Solver.cc.xml', '_inter_block', 32), ('core/Solver.cc.xml', 'stmt', 164)) | SrcmlStmtInsertion(('core/Solver.cc.xml', '_inter_block', 495), ('core/Solver.cc.xml', 'stmt', 58)) | SrcmlStmtInsertion(('core/Solver.cc.xml', '_inter_block', 32), ('core/Solver.cc.xml', 'stmt', 164))"
2024-07-08 09:09:17,859	[INFO]	22-6    SUCCESS               49080569353.500000 (94.31%) [3 edit(s)] [cached] 
2024-07-08 09:09:17,859	[DEBUG]	patch(22-6)="SrcmlStmtInsertion(('core/Solver.cc.xml', '_inter_block', 32), ('core/Solver.cc.xml', 'stmt', 164)) | SrcmlStmtReplacement(('core/Solver.cc.xml', 'stmt', 250), ('core/Solver.cc.xml', 'stmt', 295)) | SrcmlStmtReplacement(('core/Solver.cc.xml', 'stmt', 250), ('core/Solver.cc.xml', 'stmt', 295))"
2024-07-08 09:09:19,715	[INFO]	22-7    TEST_CODE_ERROR       None (--) [6 edit(s)]  
2024-07-08 09:09:19,715	[DEBUG]	patch(22-7)="SrcmlStmtInsertion(('core/Solver.cc.xml', '_inter_block', 495), ('core/Solver.cc.xml', 'stmt', 58)) | SrcmlStmtInsertion(('core/Solver.cc.xml', '_inter_block', 32), ('core/Solver.cc.xml', 'stmt', 164)) | SrcmlStmtInsertion(('core/Solver.cc.xml', '_inter_block', 32), ('core/Solver.cc.xml', 'stmt', 164)) | SrcmlStmtDeletion(('core/Solver.cc.xml', 'stmt', 64)) | SrcmlStmtReplacement(('core/Solver.cc.xml', 'stmt', 250), ('core/Solver.cc.xml', 'stmt', 295)) | SrcmlStmtDeletion(('core/Solver.cc.xml', 'stmt', 122))"
2024-07-08 09:09:47,595	[DEBUG]	EXEC>  SUCCESS 49053635329.5
2024-07-08 09:09:47,595	[INFO]	22-8    SUCCESS               49053635329.500000 (94.26%) [7 edit(s)]  
2024-07-08 09:09:47,595	[DEBUG]	patch(22-8)="SrcmlStmtInsertion(('core/Solver.cc.xml', '_inter_block', 32), ('core/Solver.cc.xml', 'stmt', 164)) | SrcmlStmtDeletion(('core/Solver.cc.xml', 'stmt', 64)) | SrcmlStmtReplacement(('core/Solver.cc.xml', 'stmt', 250), ('core/Solver.cc.xml', 'stmt', 295)) | SrcmlStmtInsertion(('core/Solver.cc.xml', '_inter_block', 32), ('core/Solver.cc.xml', 'stmt', 164)) | SrcmlStmtDeletion(('core/Solver.cc.xml', 'stmt', 64)) | SrcmlStmtReplacement(('core/Solver.cc.xml', 'stmt', 250), ('core/Solver.cc.xml', 'stmt', 295)) | SrcmlStmtDeletion(('core/Solver.cc.xml', 'stmt', 55))"
2024-07-08 09:10:15,385	[DEBUG]	EXEC>  SUCCESS 48798181497.0
2024-07-08 09:10:15,385	[INFO]	22-9    SUCCESS               48798181497.000000 (93.77%) [3 edit(s)]  
2024-07-08 09:10:15,385	[DEBUG]	patch(22-9)="SrcmlStmtInsertion(('core/Solver.cc.xml', '_inter_block', 495), ('core/Solver.cc.xml', 'stmt', 58)) | SrcmlStmtDeletion(('core/Solver.cc.xml', 'stmt', 64)) | SrcmlStmtReplacement(('core/Solver.cc.xml', 'stmt', 250), ('core/Solver.cc.xml', 'stmt', 295))"
2024-07-08 09:10:15,392	[INFO]	22-10   SUCCESS               51295254141.500000 (98.56%) [1 edit(s)] [cached] 
2024-07-08 09:10:15,392	[DEBUG]	patch(22-10)="SrcmlStmtInsertion(('core/Solver.cc.xml', '_inter_block', 495), ('core/Solver.cc.xml', 'stmt', 58))"
2024-07-08 09:10:15,395	[INFO]	REF     SUCCESS               52042561048.500000 (--) [0 edit(s)] [cached] 
2024-07-08 09:10:15,407	[INFO]	BEST    SUCCESS              *48694122271.000000 (93.57%) [0 edit(s)] [cached] 
2024-07-08 09:10:15,421	[INFO]	23-1    SUCCESS              +48694122271.000000 (93.57%) [5 edit(s)] [cached] 
2024-07-08 09:10:15,421	[DEBUG]	patch(23-1)="SrcmlStmtInsertion(('core/Solver.cc.xml', '_inter_block', 495), ('core/Solver.cc.xml', 'stmt', 58)) | SrcmlStmtInsertion(('core/Solver.cc.xml', '_inter_block', 32), ('core/Solver.cc.xml', 'stmt', 164)) | SrcmlStmtInsertion(('core/Solver.cc.xml', '_inter_block', 32), ('core/Solver.cc.xml', 'stmt', 164)) | SrcmlStmtDeletion(('core/Solver.cc.xml', 'stmt', 64)) | SrcmlStmtReplacement(('core/Solver.cc.xml', 'stmt', 250), ('core/Solver.cc.xml', 'stmt', 295))"
2024-07-08 09:10:43,389	[DEBUG]	EXEC>  SUCCESS 49168353825.5
2024-07-08 09:10:43,389	[INFO]	23-2    SUCCESS               49168353825.500000 (94.48%) [2 edit(s)]  
2024-07-08 09:10:43,389	[DEBUG]	patch(23-2)="SrcmlStmtDeletion(('core/Solver.cc.xml', 'stmt', 64)) | SrcmlStmtReplacement(('core/Solver.cc.xml', 'stmt', 250), ('core/Solver.cc.xml', 'stmt', 295))"
2024-07-08 09:10:43,399	[INFO]	23-3    SUCCESS               48820780986.500000 (93.81%) [4 edit(s)] [cached] 
2024-07-08 09:10:43,399	[DEBUG]	patch(23-3)="SrcmlStmtInsertion(('core/Solver.cc.xml', '_inter_block', 32), ('core/Solver.cc.xml', 'stmt', 164)) | SrcmlStmtInsertion(('core/Solver.cc.xml', '_inter_block', 32), ('core/Solver.cc.xml', 'stmt', 164)) | SrcmlStmtDeletion(('core/Solver.cc.xml', 'stmt', 64)) | SrcmlStmtReplacement(('core/Solver.cc.xml', 'stmt', 250), ('core/Solver.cc.xml', 'stmt', 295))"
2024-07-08 09:10:43,412	[INFO]	23-4    SUCCESS               49641366172.000000 (95.39%) [7 edit(s)] [cached] 
2024-07-08 09:10:43,412	[DEBUG]	patch(23-4)="SrcmlStmtInsertion(('core/Solver.cc.xml', '_inter_block', 32), ('core/Solver.cc.xml', 'stmt', 164)) | SrcmlStmtReplacement(('core/Solver.cc.xml', 'stmt', 250), ('core/Solver.cc.xml', 'stmt', 295)) | SrcmlStmtInsertion(('core/Solver.cc.xml', '_inter_block', 32), ('core/Solver.cc.xml', 'stmt', 164)) | SrcmlStmtDeletion(('core/Solver.cc.xml', 'stmt', 64)) | SrcmlStmtInsertion(('core/Solver.cc.xml', '_inter_block', 32), ('core/Solver.cc.xml', 'stmt', 164)) | SrcmlStmtDeletion(('core/Solver.cc.xml', 'stmt', 64)) | SrcmlStmtReplacement(('core/Solver.cc.xml', 'stmt', 250), ('core/Solver.cc.xml', 'stmt', 295))"
2024-07-08 09:11:11,451	[DEBUG]	EXEC>  SUCCESS 49232615396.0
2024-07-08 09:11:11,451	[INFO]	23-5    SUCCESS               49232615396.000000 (94.60%) [4 edit(s)]  
2024-07-08 09:11:11,451	[DEBUG]	patch(23-5)="SrcmlStmtInsertion(('core/Solver.cc.xml', '_inter_block', 32), ('core/Solver.cc.xml', 'stmt', 164)) | SrcmlStmtReplacement(('core/Solver.cc.xml', 'stmt', 250), ('core/Solver.cc.xml', 'stmt', 295)) | SrcmlStmtInsertion(('core/Solver.cc.xml', '_inter_block', 495), ('core/Solver.cc.xml', 'stmt', 58)) | SrcmlStmtInsertion(('core/Solver.cc.xml', '_inter_block', 32), ('core/Solver.cc.xml', 'stmt', 164))"
2024-07-08 09:11:11,463	[INFO]	~~~~ END ~~~~
2024-07-08 09:11:11,463	[INFO]	
2024-07-08 09:11:11,463	[INFO]	==== REPORT ====
2024-07-08 09:11:11,463	[INFO]	Termination: time budget
2024-07-08 09:11:11,463	[INFO]	Retries: 2
2024-07-08 09:11:11,463	[INFO]	Log file: /home/dbouras/magpie/_magpie_logs/minisat_1720424357.log
2024-07-08 09:11:11,463	[INFO]	Patch file: _magpie_logs/minisat_1720424357.patch
2024-07-08 09:11:11,463	[INFO]	Diff file: _magpie_logs/minisat_1720424357.diff
2024-07-08 09:11:11,463	[INFO]	Reference fitness: 52042561048.500000
2024-07-08 09:11:11,464	[INFO]	Best fitness: 48694122271.000000
2024-07-08 09:11:11,464	[INFO]	
2024-07-08 09:11:11,464	[INFO]	==== BEST PATCH ====
SrcmlStmtInsertion(('core/Solver.cc.xml', '_inter_block', 495), ('core/Solver.cc.xml', 'stmt', 58)) | SrcmlStmtInsertion(('core/Solver.cc.xml', '_inter_block', 32), ('core/Solver.cc.xml', 'stmt', 164)) | SrcmlStmtInsertion(('core/Solver.cc.xml', '_inter_block', 32), ('core/Solver.cc.xml', 'stmt', 164)) | SrcmlStmtDeletion(('core/Solver.cc.xml', 'stmt', 64)) | SrcmlStmtReplacement(('core/Solver.cc.xml', 'stmt', 250), ('core/Solver.cc.xml', 'stmt', 295))
2024-07-08 09:11:11,465	[INFO]	
2024-07-08 09:11:11,465	[INFO]	==== DIFF ====
[1m--- before: core/Solver.cc[0m
[1m+++ after: core/Solver.cc[0m
[36m@@ -155,6 +155,8 @@[0m
     if (ps.size() == 0)
         /*auto*/{
             return ok = false;
[32m+            analyze_toclear.push(p);[0m
[32m+            analyze_toclear.push(p);[0m
         }/*auto*/
     else if (ps.size() == 1){
         uncheckedEnqueue(ps[0]);
[36m@@ -211,9 +213,7 @@[0m
     Clause& c = ca[cr];
     detachClause(cr);
     // Don't leave pointers to free'd memory!
[31m-    if (locked(c)) /*auto*/{[0m
[31m-      vardata[var(c[0])].reason = CRef_Undef;[0m
[31m-    }/*auto*/[0m
[32m+    [0m
     c.mark(1); 
     ca.free(cr);
 }
[36m@@ -639,7 +639,7 @@[0m
             }/*auto*/
         else
             /*auto*/{
[31m-                cs[j++] = cs[i];[0m
[32m+                learntsize_adjust_confl *= learntsize_adjust_inc;[0m
             }/*auto*/
     }
     cs.shrink(i - j);
[36m@@ -932,6 +932,7 @@[0m
 void Solver::toDimacs(FILE* f, Clause& c, vec<Var>& map, Var& max)
 {
     if (satisfied(c)) /*auto*/{
[32m+      watches.smudge(~c[1]);[0m
       return;
     }/*auto*/
 

