2024-06-16 18:36:02,639	[DEBUG]	==== CONFIG ====
[magpie]
import = 
seed = 4517243413344679
log_dir = _magpie_logs
work_dir = _magpie_work
local_original_copy = True
local_original_name = __original__
output_encoding = ascii
edit_retries = 10
default_timeout = 30
default_lengthout = 1e6
diff_method = unified
trust_local_filesystem = True

[magpie.log]
color_output = True
format_info = {counter:<7} {status:<20} {best}{fitness} ({ratio}) [{size}] {cached} {log}
format_debug = patch({counter})="{patch}"{diffifbest}
format_fitness = {:.6f}
format_ratio = {:.2%%}
format_patchif = 
	 --> {patch}
format_diffif = 
	{diff}

[software]
path = examples/sat4j
target_files = org.sat4j.core/src/main/java/org/sat4j/minisat/core/Solver.java.xml
software = BasicSoftware
model_rules = 
	*.params : ParamFileConfigModel
	*.xml : SrcmlModel
	* : LineModel
model_config = 
	*.params : [paramconfig]
	*.xml : [srcml]
init_cmd = 
init_timeout = 60
init_lengthout = -1
setup_cmd = ant sat
setup_timeout = 
setup_lengthout = 
compile_cmd = ant sat
compile_timeout = 
compile_lengthout = 
test_cmd = bash test.sh
test_timeout = 
test_lengthout = 
run_cmd = perf stat  bash run_fixed.sh
run_timeout = 
run_lengthout = 
retries = 4
batch_timeout = 
batch_lengthout = 
batch_bin_fitness_strategy = aggregate
batch_fitness_strategy = sum
fitness = perf_time

[srcml]
rename = 
	stmt: break continue decl_stmt do expr_stmt for goto if return switch while
	number: literal_number
focus = block stmt operator_comp operator_arith number
internodes = block
process_pseudo_blocks = True
process_literals = True
process_operators = True

[paramconfig]
timing = test run
cli_prefix = --
cli_glue = =
cli_boolean = show
cli_boolean_prefix_true = 
cli_boolean_prefix_false = no-
cli_none = hide
silent_prefix = @
silent_suffix = $

[search]
protocol = BasicProtocol
algorithm = FirstImprovement
possible_edits = 
	SrcmlStmtReplacement
	SrcmlStmtInsertion
	SrcmlStmtDeletion
warmup = 3
warmup_strategy = last
max_steps = 1000
max_time = 1000
target_fitness = 
cache_maxsize = 100
cache_keep = 0.2
batch_instances = 
batch_shuffle = True
batch_bin_shuffle = False
batch_sample_size = 1

[search.ls]
delete_prob = 0.5
max_neighbours = 
when_trapped = continue
accept_fail = False
tabu_length = 10

[search.gp]
pop_size = 10
delete_prob = 0.5
offspring_elitism = 0.1
offspring_crossover = 0.5
offspring_mutation = 0.4
uniform_rate = 0.5
batch_reset = True

[search.minify]
do_cleanup = True
do_rebuild = True
do_simplify = True
round_robin_limit = 3


2024-06-16 18:36:02,640	[DEBUG]	
2024-06-16 18:36:02,640	[INFO]	==== SEARCH: FirstImprovement ====
2024-06-16 18:36:02,640	[INFO]	~~~~ WARMUP ~~~~
2024-06-16 18:36:47,466	[DEBUG]	EXEC>  SUCCESS 6.660990589999999
2024-06-16 18:36:47,466	[INFO]	WARM    SUCCESS               6.660991 (--) [0 edit(s)]  
2024-06-16 18:37:24,516	[DEBUG]	EXEC>  SUCCESS 6.727508715
2024-06-16 18:37:24,516	[INFO]	WARM    SUCCESS               6.727509 (--) [0 edit(s)]  
2024-06-16 18:38:01,323	[DEBUG]	EXEC>  SUCCESS 6.64541174
2024-06-16 18:38:01,323	[INFO]	WARM    SUCCESS               6.645412 (--) [0 edit(s)]  
2024-06-16 18:38:01,323	[INFO]	REF     SUCCESS               6.645412 (--) [0 edit(s)]  
2024-06-16 18:38:01,323	[INFO]	
2024-06-16 18:38:01,323	[INFO]	~~~~ START ~~~~
2024-06-16 18:38:38,114	[DEBUG]	EXEC>  SUCCESS 6.6860406125
2024-06-16 18:38:38,115	[INFO]	1       SUCCESS               6.686041 (100.61%) [1 edit(s)]  
2024-06-16 18:38:38,115	[DEBUG]	patch(1)="SrcmlStmtDeletion(('org.sat4j.core/src/main/java/org/sat4j/minisat/core/Solver.java.xml', 'stmt', 1001))"
2024-06-16 18:38:41,004	[INFO]	2       COMPILE_CODE_ERROR    None (--) [1 edit(s)]  
2024-06-16 18:38:41,004	[DEBUG]	patch(2)="SrcmlStmtInsertion(('org.sat4j.core/src/main/java/org/sat4j/minisat/core/Solver.java.xml', '_inter_block', 369), ('org.sat4j.core/src/main/java/org/sat4j/minisat/core/Solver.java.xml', 'stmt', 259))"
2024-06-16 18:38:43,829	[INFO]	3       COMPILE_CODE_ERROR    None (--) [1 edit(s)]  
2024-06-16 18:38:43,829	[DEBUG]	patch(3)="SrcmlStmtDeletion(('org.sat4j.core/src/main/java/org/sat4j/minisat/core/Solver.java.xml', 'stmt', 21))"
2024-06-16 18:38:46,679	[INFO]	4       COMPILE_CODE_ERROR    None (--) [1 edit(s)]  
2024-06-16 18:38:46,679	[DEBUG]	patch(4)="SrcmlStmtReplacement(('org.sat4j.core/src/main/java/org/sat4j/minisat/core/Solver.java.xml', 'stmt', 628), ('org.sat4j.core/src/main/java/org/sat4j/minisat/core/Solver.java.xml', 'stmt', 87))"
2024-06-16 18:38:49,407	[INFO]	5       COMPILE_CODE_ERROR    None (--) [1 edit(s)]  
2024-06-16 18:38:49,407	[DEBUG]	patch(5)="SrcmlStmtReplacement(('org.sat4j.core/src/main/java/org/sat4j/minisat/core/Solver.java.xml', 'stmt', 266), ('org.sat4j.core/src/main/java/org/sat4j/minisat/core/Solver.java.xml', 'stmt', 139))"
2024-06-16 18:39:26,145	[DEBUG]	EXEC>  SUCCESS 6.60609365
2024-06-16 18:39:26,145	[INFO]	6       SUCCESS              *6.606094 (99.41%) [1 edit(s)]  
2024-06-16 18:39:26,145	[DEBUG]	patch(6)="SrcmlStmtReplacement(('org.sat4j.core/src/main/java/org/sat4j/minisat/core/Solver.java.xml', 'stmt', 523), ('org.sat4j.core/src/main/java/org/sat4j/minisat/core/Solver.java.xml', 'stmt', 625))"
--- before: org.sat4j.core/src/main/java/org/sat4j/minisat/core/Solver.java
+++ after: org.sat4j.core/src/main/java/org/sat4j/minisat/core/Solver.java
@@ -1390,7 +1390,7 @@
      * 
      */
     void modelFound() {
-        decisions.clear();
+        claDecayActivity();
         IVecInt tempmodel = new VecInt(nVars());
         assignmentOrigins = new AssignmentOrigin[realNumberOfVariables()];
         this.userbooleanmodel = new boolean[realNumberOfVariables()];

2024-06-16 18:39:26,158	[INFO]	7       SUCCESS               6.645412 (100.00%) [0 edit(s)] [cached] 
2024-06-16 18:39:26,158	[DEBUG]	patch(7)=""
2024-06-16 18:39:27,433	[INFO]	8       COMPILE_CODE_ERROR    None (--) [2 edit(s)]  
2024-06-16 18:39:27,434	[DEBUG]	patch(8)="SrcmlStmtReplacement(('org.sat4j.core/src/main/java/org/sat4j/minisat/core/Solver.java.xml', 'stmt', 523), ('org.sat4j.core/src/main/java/org/sat4j/minisat/core/Solver.java.xml', 'stmt', 625)) | SrcmlStmtDeletion(('org.sat4j.core/src/main/java/org/sat4j/minisat/core/Solver.java.xml', 'stmt', 642))"
2024-06-16 18:39:28,695	[INFO]	9       COMPILE_CODE_ERROR    None (--) [2 edit(s)]  
2024-06-16 18:39:28,695	[DEBUG]	patch(9)="SrcmlStmtReplacement(('org.sat4j.core/src/main/java/org/sat4j/minisat/core/Solver.java.xml', 'stmt', 523), ('org.sat4j.core/src/main/java/org/sat4j/minisat/core/Solver.java.xml', 'stmt', 625)) | SrcmlStmtInsertion(('org.sat4j.core/src/main/java/org/sat4j/minisat/core/Solver.java.xml', '_inter_block', 78), ('org.sat4j.core/src/main/java/org/sat4j/minisat/core/Solver.java.xml', 'stmt', 160))"
2024-06-16 18:39:35,261	[INFO]	10      TEST_CODE_ERROR       None (--) [2 edit(s)]  
2024-06-16 18:39:35,261	[DEBUG]	patch(10)="SrcmlStmtReplacement(('org.sat4j.core/src/main/java/org/sat4j/minisat/core/Solver.java.xml', 'stmt', 523), ('org.sat4j.core/src/main/java/org/sat4j/minisat/core/Solver.java.xml', 'stmt', 625)) | SrcmlStmtDeletion(('org.sat4j.core/src/main/java/org/sat4j/minisat/core/Solver.java.xml', 'stmt', 52))"
2024-06-16 18:39:41,824	[INFO]	11      TEST_CODE_ERROR       None (--) [2 edit(s)]  
2024-06-16 18:39:41,824	[DEBUG]	patch(11)="SrcmlStmtReplacement(('org.sat4j.core/src/main/java/org/sat4j/minisat/core/Solver.java.xml', 'stmt', 523), ('org.sat4j.core/src/main/java/org/sat4j/minisat/core/Solver.java.xml', 'stmt', 625)) | SrcmlStmtDeletion(('org.sat4j.core/src/main/java/org/sat4j/minisat/core/Solver.java.xml', 'stmt', 183))"
2024-06-16 18:39:43,107	[INFO]	12      COMPILE_CODE_ERROR    None (--) [2 edit(s)]  
2024-06-16 18:39:43,107	[DEBUG]	patch(12)="SrcmlStmtReplacement(('org.sat4j.core/src/main/java/org/sat4j/minisat/core/Solver.java.xml', 'stmt', 523), ('org.sat4j.core/src/main/java/org/sat4j/minisat/core/Solver.java.xml', 'stmt', 625)) | SrcmlStmtReplacement(('org.sat4j.core/src/main/java/org/sat4j/minisat/core/Solver.java.xml', 'stmt', 920), ('org.sat4j.core/src/main/java/org/sat4j/minisat/core/Solver.java.xml', 'stmt', 24))"
2024-06-16 18:39:46,098	[INFO]	13      COMPILE_CODE_ERROR    None (--) [2 edit(s)]  
2024-06-16 18:39:46,098	[DEBUG]	patch(13)="SrcmlStmtReplacement(('org.sat4j.core/src/main/java/org/sat4j/minisat/core/Solver.java.xml', 'stmt', 523), ('org.sat4j.core/src/main/java/org/sat4j/minisat/core/Solver.java.xml', 'stmt', 625)) | SrcmlStmtDeletion(('org.sat4j.core/src/main/java/org/sat4j/minisat/core/Solver.java.xml', 'stmt', 543))"
2024-06-16 18:40:22,615	[DEBUG]	EXEC>  SUCCESS 6.5527675825000005
2024-06-16 18:40:22,615	[INFO]	14      SUCCESS              *6.552768 (98.61%) [2 edit(s)]  
2024-06-16 18:40:22,615	[DEBUG]	patch(14)="SrcmlStmtReplacement(('org.sat4j.core/src/main/java/org/sat4j/minisat/core/Solver.java.xml', 'stmt', 523), ('org.sat4j.core/src/main/java/org/sat4j/minisat/core/Solver.java.xml', 'stmt', 625)) | SrcmlStmtDeletion(('org.sat4j.core/src/main/java/org/sat4j/minisat/core/Solver.java.xml', 'stmt', 836))"
--- before: org.sat4j.core/src/main/java/org/sat4j/minisat/core/Solver.java
+++ after: org.sat4j.core/src/main/java/org/sat4j/minisat/core/Solver.java
@@ -1390,7 +1390,7 @@
      * 
      */
     void modelFound() {
-        decisions.clear();
+        claDecayActivity();
         IVecInt tempmodel = new VecInt(nVars());
         assignmentOrigins = new AssignmentOrigin[realNumberOfVariables()];
         this.userbooleanmodel = new boolean[realNumberOfVariables()];
@@ -2092,7 +2092,7 @@
         double cputime = (System.currentTimeMillis() - this.timebegin) / 1000;
         out.println(prefix + "speed (assignments/second)\t: " //$NON-NLS-1$
                 + this.stats.getPropagations() / cputime);
-        this.order.printStat(out, prefix);
+        
         printLearntClausesInfos(out, prefix);
     }
 

2024-06-16 18:40:22,639	[INFO]	15      SUCCESS               6.606094 (99.41%) [1 edit(s)] [cached] 
2024-06-16 18:40:22,640	[DEBUG]	patch(15)="SrcmlStmtReplacement(('org.sat4j.core/src/main/java/org/sat4j/minisat/core/Solver.java.xml', 'stmt', 523), ('org.sat4j.core/src/main/java/org/sat4j/minisat/core/Solver.java.xml', 'stmt', 625))"
2024-06-16 18:40:25,439	[INFO]	16      COMPILE_CODE_ERROR    None (--) [3 edit(s)]  
2024-06-16 18:40:25,439	[DEBUG]	patch(16)="SrcmlStmtReplacement(('org.sat4j.core/src/main/java/org/sat4j/minisat/core/Solver.java.xml', 'stmt', 523), ('org.sat4j.core/src/main/java/org/sat4j/minisat/core/Solver.java.xml', 'stmt', 625)) | SrcmlStmtDeletion(('org.sat4j.core/src/main/java/org/sat4j/minisat/core/Solver.java.xml', 'stmt', 836)) | SrcmlStmtReplacement(('org.sat4j.core/src/main/java/org/sat4j/minisat/core/Solver.java.xml', 'stmt', 696), ('org.sat4j.core/src/main/java/org/sat4j/minisat/core/Solver.java.xml', 'stmt', 69))"
2024-06-16 18:41:01,969	[DEBUG]	EXEC>  SUCCESS 6.6012415825
2024-06-16 18:41:01,969	[INFO]	17      SUCCESS               6.601242 (99.34%) [1 edit(s)]  
2024-06-16 18:41:01,969	[DEBUG]	patch(17)="SrcmlStmtDeletion(('org.sat4j.core/src/main/java/org/sat4j/minisat/core/Solver.java.xml', 'stmt', 836))"
2024-06-16 18:41:08,358	[INFO]	18      TEST_CODE_ERROR       None (--) [3 edit(s)]  
2024-06-16 18:41:08,358	[DEBUG]	patch(18)="SrcmlStmtReplacement(('org.sat4j.core/src/main/java/org/sat4j/minisat/core/Solver.java.xml', 'stmt', 523), ('org.sat4j.core/src/main/java/org/sat4j/minisat/core/Solver.java.xml', 'stmt', 625)) | SrcmlStmtDeletion(('org.sat4j.core/src/main/java/org/sat4j/minisat/core/Solver.java.xml', 'stmt', 836)) | SrcmlStmtReplacement(('org.sat4j.core/src/main/java/org/sat4j/minisat/core/Solver.java.xml', 'stmt', 196), ('org.sat4j.core/src/main/java/org/sat4j/minisat/core/Solver.java.xml', 'stmt', 430))"
2024-06-16 18:41:11,111	[INFO]	19      COMPILE_CODE_ERROR    None (--) [3 edit(s)]  
2024-06-16 18:41:11,111	[DEBUG]	patch(19)="SrcmlStmtReplacement(('org.sat4j.core/src/main/java/org/sat4j/minisat/core/Solver.java.xml', 'stmt', 523), ('org.sat4j.core/src/main/java/org/sat4j/minisat/core/Solver.java.xml', 'stmt', 625)) | SrcmlStmtDeletion(('org.sat4j.core/src/main/java/org/sat4j/minisat/core/Solver.java.xml', 'stmt', 836)) | SrcmlStmtReplacement(('org.sat4j.core/src/main/java/org/sat4j/minisat/core/Solver.java.xml', 'stmt', 877), ('org.sat4j.core/src/main/java/org/sat4j/minisat/core/Solver.java.xml', 'stmt', 387))"
2024-06-16 18:41:12,348	[INFO]	20      COMPILE_CODE_ERROR    None (--) [3 edit(s)]  
2024-06-16 18:41:12,348	[DEBUG]	patch(20)="SrcmlStmtReplacement(('org.sat4j.core/src/main/java/org/sat4j/minisat/core/Solver.java.xml', 'stmt', 523), ('org.sat4j.core/src/main/java/org/sat4j/minisat/core/Solver.java.xml', 'stmt', 625)) | SrcmlStmtDeletion(('org.sat4j.core/src/main/java/org/sat4j/minisat/core/Solver.java.xml', 'stmt', 836)) | SrcmlStmtReplacement(('org.sat4j.core/src/main/java/org/sat4j/minisat/core/Solver.java.xml', 'stmt', 157), ('org.sat4j.core/src/main/java/org/sat4j/minisat/core/Solver.java.xml', 'stmt', 356))"
2024-06-16 18:41:15,120	[INFO]	21      COMPILE_CODE_ERROR    None (--) [3 edit(s)]  
2024-06-16 18:41:15,121	[DEBUG]	patch(21)="SrcmlStmtReplacement(('org.sat4j.core/src/main/java/org/sat4j/minisat/core/Solver.java.xml', 'stmt', 523), ('org.sat4j.core/src/main/java/org/sat4j/minisat/core/Solver.java.xml', 'stmt', 625)) | SrcmlStmtDeletion(('org.sat4j.core/src/main/java/org/sat4j/minisat/core/Solver.java.xml', 'stmt', 836)) | SrcmlStmtReplacement(('org.sat4j.core/src/main/java/org/sat4j/minisat/core/Solver.java.xml', 'stmt', 757), ('org.sat4j.core/src/main/java/org/sat4j/minisat/core/Solver.java.xml', 'stmt', 977))"
2024-06-16 18:41:17,987	[INFO]	22      COMPILE_CODE_ERROR    None (--) [3 edit(s)]  
2024-06-16 18:41:17,988	[DEBUG]	patch(22)="SrcmlStmtReplacement(('org.sat4j.core/src/main/java/org/sat4j/minisat/core/Solver.java.xml', 'stmt', 523), ('org.sat4j.core/src/main/java/org/sat4j/minisat/core/Solver.java.xml', 'stmt', 625)) | SrcmlStmtDeletion(('org.sat4j.core/src/main/java/org/sat4j/minisat/core/Solver.java.xml', 'stmt', 836)) | SrcmlStmtDeletion(('org.sat4j.core/src/main/java/org/sat4j/minisat/core/Solver.java.xml', 'stmt', 32))"
2024-06-16 18:41:20,902	[INFO]	23      COMPILE_CODE_ERROR    None (--) [3 edit(s)]  
2024-06-16 18:41:20,903	[DEBUG]	patch(23)="SrcmlStmtReplacement(('org.sat4j.core/src/main/java/org/sat4j/minisat/core/Solver.java.xml', 'stmt', 523), ('org.sat4j.core/src/main/java/org/sat4j/minisat/core/Solver.java.xml', 'stmt', 625)) | SrcmlStmtDeletion(('org.sat4j.core/src/main/java/org/sat4j/minisat/core/Solver.java.xml', 'stmt', 836)) | SrcmlStmtInsertion(('org.sat4j.core/src/main/java/org/sat4j/minisat/core/Solver.java.xml', '_inter_block', 267), ('org.sat4j.core/src/main/java/org/sat4j/minisat/core/Solver.java.xml', 'stmt', 567))"
2024-06-16 18:41:22,157	[INFO]	24      COMPILE_CODE_ERROR    None (--) [3 edit(s)]  
2024-06-16 18:41:22,157	[DEBUG]	patch(24)="SrcmlStmtReplacement(('org.sat4j.core/src/main/java/org/sat4j/minisat/core/Solver.java.xml', 'stmt', 523), ('org.sat4j.core/src/main/java/org/sat4j/minisat/core/Solver.java.xml', 'stmt', 625)) | SrcmlStmtDeletion(('org.sat4j.core/src/main/java/org/sat4j/minisat/core/Solver.java.xml', 'stmt', 836)) | SrcmlStmtReplacement(('org.sat4j.core/src/main/java/org/sat4j/minisat/core/Solver.java.xml', 'stmt', 654), ('org.sat4j.core/src/main/java/org/sat4j/minisat/core/Solver.java.xml', 'stmt', 748))"
2024-06-16 18:41:23,442	[INFO]	25      COMPILE_CODE_ERROR    None (--) [3 edit(s)]  
2024-06-16 18:41:23,442	[DEBUG]	patch(25)="SrcmlStmtReplacement(('org.sat4j.core/src/main/java/org/sat4j/minisat/core/Solver.java.xml', 'stmt', 523), ('org.sat4j.core/src/main/java/org/sat4j/minisat/core/Solver.java.xml', 'stmt', 625)) | SrcmlStmtDeletion(('org.sat4j.core/src/main/java/org/sat4j/minisat/core/Solver.java.xml', 'stmt', 836)) | SrcmlStmtReplacement(('org.sat4j.core/src/main/java/org/sat4j/minisat/core/Solver.java.xml', 'stmt', 873), ('org.sat4j.core/src/main/java/org/sat4j/minisat/core/Solver.java.xml', 'stmt', 355))"
2024-06-16 18:41:24,712	[INFO]	26      COMPILE_CODE_ERROR    None (--) [3 edit(s)]  
2024-06-16 18:41:24,712	[DEBUG]	patch(26)="SrcmlStmtReplacement(('org.sat4j.core/src/main/java/org/sat4j/minisat/core/Solver.java.xml', 'stmt', 523), ('org.sat4j.core/src/main/java/org/sat4j/minisat/core/Solver.java.xml', 'stmt', 625)) | SrcmlStmtDeletion(('org.sat4j.core/src/main/java/org/sat4j/minisat/core/Solver.java.xml', 'stmt', 836)) | SrcmlStmtReplacement(('org.sat4j.core/src/main/java/org/sat4j/minisat/core/Solver.java.xml', 'stmt', 1009), ('org.sat4j.core/src/main/java/org/sat4j/minisat/core/Solver.java.xml', 'stmt', 842))"
2024-06-16 18:41:26,051	[INFO]	27      COMPILE_CODE_ERROR    None (--) [3 edit(s)]  
2024-06-16 18:41:26,052	[DEBUG]	patch(27)="SrcmlStmtReplacement(('org.sat4j.core/src/main/java/org/sat4j/minisat/core/Solver.java.xml', 'stmt', 523), ('org.sat4j.core/src/main/java/org/sat4j/minisat/core/Solver.java.xml', 'stmt', 625)) | SrcmlStmtDeletion(('org.sat4j.core/src/main/java/org/sat4j/minisat/core/Solver.java.xml', 'stmt', 836)) | SrcmlStmtInsertion(('org.sat4j.core/src/main/java/org/sat4j/minisat/core/Solver.java.xml', '_inter_block', 1392), ('org.sat4j.core/src/main/java/org/sat4j/minisat/core/Solver.java.xml', 'stmt', 656))"
2024-06-16 18:42:02,578	[DEBUG]	EXEC>  SUCCESS 6.56395778
2024-06-16 18:42:02,578	[INFO]	28      SUCCESS               6.563958 (98.77%) [3 edit(s)]  
2024-06-16 18:42:02,578	[DEBUG]	patch(28)="SrcmlStmtReplacement(('org.sat4j.core/src/main/java/org/sat4j/minisat/core/Solver.java.xml', 'stmt', 523), ('org.sat4j.core/src/main/java/org/sat4j/minisat/core/Solver.java.xml', 'stmt', 625)) | SrcmlStmtDeletion(('org.sat4j.core/src/main/java/org/sat4j/minisat/core/Solver.java.xml', 'stmt', 836)) | SrcmlStmtDeletion(('org.sat4j.core/src/main/java/org/sat4j/minisat/core/Solver.java.xml', 'stmt', 788))"
2024-06-16 18:42:05,428	[INFO]	29      COMPILE_CODE_ERROR    None (--) [3 edit(s)]  
2024-06-16 18:42:05,428	[DEBUG]	patch(29)="SrcmlStmtReplacement(('org.sat4j.core/src/main/java/org/sat4j/minisat/core/Solver.java.xml', 'stmt', 523), ('org.sat4j.core/src/main/java/org/sat4j/minisat/core/Solver.java.xml', 'stmt', 625)) | SrcmlStmtDeletion(('org.sat4j.core/src/main/java/org/sat4j/minisat/core/Solver.java.xml', 'stmt', 836)) | SrcmlStmtDeletion(('org.sat4j.core/src/main/java/org/sat4j/minisat/core/Solver.java.xml', 'stmt', 531))"
2024-06-16 18:42:42,337	[DEBUG]	EXEC>  SUCCESS 6.654417005
2024-06-16 18:42:42,337	[INFO]	30      SUCCESS               6.654417 (100.14%) [3 edit(s)]  
2024-06-16 18:42:42,337	[DEBUG]	patch(30)="SrcmlStmtReplacement(('org.sat4j.core/src/main/java/org/sat4j/minisat/core/Solver.java.xml', 'stmt', 523), ('org.sat4j.core/src/main/java/org/sat4j/minisat/core/Solver.java.xml', 'stmt', 625)) | SrcmlStmtDeletion(('org.sat4j.core/src/main/java/org/sat4j/minisat/core/Solver.java.xml', 'stmt', 836)) | SrcmlStmtDeletion(('org.sat4j.core/src/main/java/org/sat4j/minisat/core/Solver.java.xml', 'stmt', 772))"
2024-06-16 18:43:18,596	[DEBUG]	EXEC>  SUCCESS 6.550010929999999
2024-06-16 18:43:18,597	[INFO]	31      SUCCESS              *6.550011 (98.56%) [3 edit(s)]  
2024-06-16 18:43:18,597	[DEBUG]	patch(31)="SrcmlStmtReplacement(('org.sat4j.core/src/main/java/org/sat4j/minisat/core/Solver.java.xml', 'stmt', 523), ('org.sat4j.core/src/main/java/org/sat4j/minisat/core/Solver.java.xml', 'stmt', 625)) | SrcmlStmtDeletion(('org.sat4j.core/src/main/java/org/sat4j/minisat/core/Solver.java.xml', 'stmt', 836)) | SrcmlStmtReplacement(('org.sat4j.core/src/main/java/org/sat4j/minisat/core/Solver.java.xml', 'stmt', 124), ('org.sat4j.core/src/main/java/org/sat4j/minisat/core/Solver.java.xml', 'stmt', 472))"
--- before: org.sat4j.core/src/main/java/org/sat4j/minisat/core/Solver.java
+++ after: org.sat4j.core/src/main/java/org/sat4j/minisat/core/Solver.java
@@ -456,7 +456,7 @@
         c.remove(this);
         this.constrs.pop();
         String type = c.getClass().getName();
-        this.constrTypes.get(type).dec();
+        var allsat = true;
         return true;
     }
 
@@ -1390,7 +1390,7 @@
      * 
      */
     void modelFound() {
-        decisions.clear();
+        claDecayActivity();
         IVecInt tempmodel = new VecInt(nVars());
         assignmentOrigins = new AssignmentOrigin[realNumberOfVariables()];
         this.userbooleanmodel = new boolean[realNumberOfVariables()];
@@ -2092,7 +2092,7 @@
         double cputime = (System.currentTimeMillis() - this.timebegin) / 1000;
         out.println(prefix + "speed (assignments/second)\t: " //$NON-NLS-1$
                 + this.stats.getPropagations() / cputime);
-        this.order.printStat(out, prefix);
+        
         printLearntClausesInfos(out, prefix);
     }
 

2024-06-16 18:43:21,428	[INFO]	32      COMPILE_CODE_ERROR    None (--) [4 edit(s)]  
2024-06-16 18:43:21,428	[DEBUG]	patch(32)="SrcmlStmtReplacement(('org.sat4j.core/src/main/java/org/sat4j/minisat/core/Solver.java.xml', 'stmt', 523), ('org.sat4j.core/src/main/java/org/sat4j/minisat/core/Solver.java.xml', 'stmt', 625)) | SrcmlStmtDeletion(('org.sat4j.core/src/main/java/org/sat4j/minisat/core/Solver.java.xml', 'stmt', 836)) | SrcmlStmtReplacement(('org.sat4j.core/src/main/java/org/sat4j/minisat/core/Solver.java.xml', 'stmt', 124), ('org.sat4j.core/src/main/java/org/sat4j/minisat/core/Solver.java.xml', 'stmt', 472)) | SrcmlStmtDeletion(('org.sat4j.core/src/main/java/org/sat4j/minisat/core/Solver.java.xml', 'stmt', 172))"
2024-06-16 18:43:24,116	[INFO]	33      COMPILE_CODE_ERROR    None (--) [4 edit(s)]  
2024-06-16 18:43:24,116	[DEBUG]	patch(33)="SrcmlStmtReplacement(('org.sat4j.core/src/main/java/org/sat4j/minisat/core/Solver.java.xml', 'stmt', 523), ('org.sat4j.core/src/main/java/org/sat4j/minisat/core/Solver.java.xml', 'stmt', 625)) | SrcmlStmtDeletion(('org.sat4j.core/src/main/java/org/sat4j/minisat/core/Solver.java.xml', 'stmt', 836)) | SrcmlStmtReplacement(('org.sat4j.core/src/main/java/org/sat4j/minisat/core/Solver.java.xml', 'stmt', 124), ('org.sat4j.core/src/main/java/org/sat4j/minisat/core/Solver.java.xml', 'stmt', 472)) | SrcmlStmtReplacement(('org.sat4j.core/src/main/java/org/sat4j/minisat/core/Solver.java.xml', 'stmt', 311), ('org.sat4j.core/src/main/java/org/sat4j/minisat/core/Solver.java.xml', 'stmt', 792))"
2024-06-16 18:43:25,438	[INFO]	34      COMPILE_CODE_ERROR    None (--) [4 edit(s)]  
2024-06-16 18:43:25,438	[DEBUG]	patch(34)="SrcmlStmtReplacement(('org.sat4j.core/src/main/java/org/sat4j/minisat/core/Solver.java.xml', 'stmt', 523), ('org.sat4j.core/src/main/java/org/sat4j/minisat/core/Solver.java.xml', 'stmt', 625)) | SrcmlStmtDeletion(('org.sat4j.core/src/main/java/org/sat4j/minisat/core/Solver.java.xml', 'stmt', 836)) | SrcmlStmtReplacement(('org.sat4j.core/src/main/java/org/sat4j/minisat/core/Solver.java.xml', 'stmt', 124), ('org.sat4j.core/src/main/java/org/sat4j/minisat/core/Solver.java.xml', 'stmt', 472)) | SrcmlStmtInsertion(('org.sat4j.core/src/main/java/org/sat4j/minisat/core/Solver.java.xml', '_inter_block', 158), ('org.sat4j.core/src/main/java/org/sat4j/minisat/core/Solver.java.xml', 'stmt', 730))"
2024-06-16 18:44:02,425	[DEBUG]	EXEC>  SUCCESS 6.68399463
2024-06-16 18:44:02,425	[INFO]	35      SUCCESS               6.683995 (100.58%) [2 edit(s)]  
2024-06-16 18:44:02,426	[DEBUG]	patch(35)="SrcmlStmtReplacement(('org.sat4j.core/src/main/java/org/sat4j/minisat/core/Solver.java.xml', 'stmt', 523), ('org.sat4j.core/src/main/java/org/sat4j/minisat/core/Solver.java.xml', 'stmt', 625)) | SrcmlStmtReplacement(('org.sat4j.core/src/main/java/org/sat4j/minisat/core/Solver.java.xml', 'stmt', 124), ('org.sat4j.core/src/main/java/org/sat4j/minisat/core/Solver.java.xml', 'stmt', 472))"
2024-06-16 18:44:38,907	[DEBUG]	EXEC>  SUCCESS 6.62877012
2024-06-16 18:44:38,908	[INFO]	36      SUCCESS               6.628770 (99.75%) [4 edit(s)]  
2024-06-16 18:44:38,908	[DEBUG]	patch(36)="SrcmlStmtReplacement(('org.sat4j.core/src/main/java/org/sat4j/minisat/core/Solver.java.xml', 'stmt', 523), ('org.sat4j.core/src/main/java/org/sat4j/minisat/core/Solver.java.xml', 'stmt', 625)) | SrcmlStmtDeletion(('org.sat4j.core/src/main/java/org/sat4j/minisat/core/Solver.java.xml', 'stmt', 836)) | SrcmlStmtReplacement(('org.sat4j.core/src/main/java/org/sat4j/minisat/core/Solver.java.xml', 'stmt', 124), ('org.sat4j.core/src/main/java/org/sat4j/minisat/core/Solver.java.xml', 'stmt', 472)) | SrcmlStmtReplacement(('org.sat4j.core/src/main/java/org/sat4j/minisat/core/Solver.java.xml', 'stmt', 230), ('org.sat4j.core/src/main/java/org/sat4j/minisat/core/Solver.java.xml', 'stmt', 805))"
2024-06-16 18:45:15,888	[DEBUG]	EXEC>  SUCCESS 6.6582658724999995
2024-06-16 18:45:15,889	[INFO]	37      SUCCESS               6.658266 (100.19%) [2 edit(s)]  
2024-06-16 18:45:15,889	[DEBUG]	patch(37)="SrcmlStmtDeletion(('org.sat4j.core/src/main/java/org/sat4j/minisat/core/Solver.java.xml', 'stmt', 836)) | SrcmlStmtReplacement(('org.sat4j.core/src/main/java/org/sat4j/minisat/core/Solver.java.xml', 'stmt', 124), ('org.sat4j.core/src/main/java/org/sat4j/minisat/core/Solver.java.xml', 'stmt', 472))"
2024-06-16 18:45:52,471	[DEBUG]	EXEC>  SUCCESS 6.617320199999999
2024-06-16 18:45:52,472	[INFO]	38      SUCCESS               6.617320 (99.58%) [4 edit(s)]  
2024-06-16 18:45:52,472	[DEBUG]	patch(38)="SrcmlStmtReplacement(('org.sat4j.core/src/main/java/org/sat4j/minisat/core/Solver.java.xml', 'stmt', 523), ('org.sat4j.core/src/main/java/org/sat4j/minisat/core/Solver.java.xml', 'stmt', 625)) | SrcmlStmtDeletion(('org.sat4j.core/src/main/java/org/sat4j/minisat/core/Solver.java.xml', 'stmt', 836)) | SrcmlStmtReplacement(('org.sat4j.core/src/main/java/org/sat4j/minisat/core/Solver.java.xml', 'stmt', 124), ('org.sat4j.core/src/main/java/org/sat4j/minisat/core/Solver.java.xml', 'stmt', 472)) | SrcmlStmtDeletion(('org.sat4j.core/src/main/java/org/sat4j/minisat/core/Solver.java.xml', 'stmt', 853))"
2024-06-16 18:45:58,945	[INFO]	39      TEST_CODE_ERROR       None (--) [4 edit(s)]  
2024-06-16 18:45:58,945	[DEBUG]	patch(39)="SrcmlStmtReplacement(('org.sat4j.core/src/main/java/org/sat4j/minisat/core/Solver.java.xml', 'stmt', 523), ('org.sat4j.core/src/main/java/org/sat4j/minisat/core/Solver.java.xml', 'stmt', 625)) | SrcmlStmtDeletion(('org.sat4j.core/src/main/java/org/sat4j/minisat/core/Solver.java.xml', 'stmt', 836)) | SrcmlStmtReplacement(('org.sat4j.core/src/main/java/org/sat4j/minisat/core/Solver.java.xml', 'stmt', 124), ('org.sat4j.core/src/main/java/org/sat4j/minisat/core/Solver.java.xml', 'stmt', 472)) | SrcmlStmtReplacement(('org.sat4j.core/src/main/java/org/sat4j/minisat/core/Solver.java.xml', 'stmt', 412), ('org.sat4j.core/src/main/java/org/sat4j/minisat/core/Solver.java.xml', 'stmt', 348))"
2024-06-16 18:46:01,800	[INFO]	40      COMPILE_CODE_ERROR    None (--) [4 edit(s)]  
2024-06-16 18:46:01,800	[DEBUG]	patch(40)="SrcmlStmtReplacement(('org.sat4j.core/src/main/java/org/sat4j/minisat/core/Solver.java.xml', 'stmt', 523), ('org.sat4j.core/src/main/java/org/sat4j/minisat/core/Solver.java.xml', 'stmt', 625)) | SrcmlStmtDeletion(('org.sat4j.core/src/main/java/org/sat4j/minisat/core/Solver.java.xml', 'stmt', 836)) | SrcmlStmtReplacement(('org.sat4j.core/src/main/java/org/sat4j/minisat/core/Solver.java.xml', 'stmt', 124), ('org.sat4j.core/src/main/java/org/sat4j/minisat/core/Solver.java.xml', 'stmt', 472)) | SrcmlStmtInsertion(('org.sat4j.core/src/main/java/org/sat4j/minisat/core/Solver.java.xml', '_inter_block', 603), ('org.sat4j.core/src/main/java/org/sat4j/minisat/core/Solver.java.xml', 'stmt', 246))"
2024-06-16 18:46:38,704	[DEBUG]	EXEC>  SUCCESS 6.6696409725
2024-06-16 18:46:38,704	[INFO]	41      SUCCESS               6.669641 (100.36%) [4 edit(s)]  
2024-06-16 18:46:38,704	[DEBUG]	patch(41)="SrcmlStmtReplacement(('org.sat4j.core/src/main/java/org/sat4j/minisat/core/Solver.java.xml', 'stmt', 523), ('org.sat4j.core/src/main/java/org/sat4j/minisat/core/Solver.java.xml', 'stmt', 625)) | SrcmlStmtDeletion(('org.sat4j.core/src/main/java/org/sat4j/minisat/core/Solver.java.xml', 'stmt', 836)) | SrcmlStmtReplacement(('org.sat4j.core/src/main/java/org/sat4j/minisat/core/Solver.java.xml', 'stmt', 124), ('org.sat4j.core/src/main/java/org/sat4j/minisat/core/Solver.java.xml', 'stmt', 472)) | SrcmlStmtInsertion(('org.sat4j.core/src/main/java/org/sat4j/minisat/core/Solver.java.xml', '_inter_block', 1353), ('org.sat4j.core/src/main/java/org/sat4j/minisat/core/Solver.java.xml', 'stmt', 486))"
2024-06-16 18:46:39,978	[INFO]	42      COMPILE_CODE_ERROR    None (--) [4 edit(s)]  
2024-06-16 18:46:39,979	[DEBUG]	patch(42)="SrcmlStmtReplacement(('org.sat4j.core/src/main/java/org/sat4j/minisat/core/Solver.java.xml', 'stmt', 523), ('org.sat4j.core/src/main/java/org/sat4j/minisat/core/Solver.java.xml', 'stmt', 625)) | SrcmlStmtDeletion(('org.sat4j.core/src/main/java/org/sat4j/minisat/core/Solver.java.xml', 'stmt', 836)) | SrcmlStmtReplacement(('org.sat4j.core/src/main/java/org/sat4j/minisat/core/Solver.java.xml', 'stmt', 124), ('org.sat4j.core/src/main/java/org/sat4j/minisat/core/Solver.java.xml', 'stmt', 472)) | SrcmlStmtReplacement(('org.sat4j.core/src/main/java/org/sat4j/minisat/core/Solver.java.xml', 'stmt', 31), ('org.sat4j.core/src/main/java/org/sat4j/minisat/core/Solver.java.xml', 'stmt', 457))"
2024-06-16 18:47:16,523	[DEBUG]	EXEC>  SUCCESS 6.6156621325
2024-06-16 18:47:16,523	[INFO]	43      SUCCESS               6.615662 (99.55%) [4 edit(s)]  
2024-06-16 18:47:16,523	[DEBUG]	patch(43)="SrcmlStmtReplacement(('org.sat4j.core/src/main/java/org/sat4j/minisat/core/Solver.java.xml', 'stmt', 523), ('org.sat4j.core/src/main/java/org/sat4j/minisat/core/Solver.java.xml', 'stmt', 625)) | SrcmlStmtDeletion(('org.sat4j.core/src/main/java/org/sat4j/minisat/core/Solver.java.xml', 'stmt', 836)) | SrcmlStmtReplacement(('org.sat4j.core/src/main/java/org/sat4j/minisat/core/Solver.java.xml', 'stmt', 124), ('org.sat4j.core/src/main/java/org/sat4j/minisat/core/Solver.java.xml', 'stmt', 472)) | SrcmlStmtDeletion(('org.sat4j.core/src/main/java/org/sat4j/minisat/core/Solver.java.xml', 'stmt', 551))"
2024-06-16 18:47:16,548	[INFO]	44      SUCCESS               6.552768 (98.61%) [2 edit(s)] [cached] 
2024-06-16 18:47:16,548	[DEBUG]	patch(44)="SrcmlStmtReplacement(('org.sat4j.core/src/main/java/org/sat4j/minisat/core/Solver.java.xml', 'stmt', 523), ('org.sat4j.core/src/main/java/org/sat4j/minisat/core/Solver.java.xml', 'stmt', 625)) | SrcmlStmtDeletion(('org.sat4j.core/src/main/java/org/sat4j/minisat/core/Solver.java.xml', 'stmt', 836))"
2024-06-16 18:47:17,828	[INFO]	45      COMPILE_CODE_ERROR    None (--) [4 edit(s)]  
2024-06-16 18:47:17,828	[DEBUG]	patch(45)="SrcmlStmtReplacement(('org.sat4j.core/src/main/java/org/sat4j/minisat/core/Solver.java.xml', 'stmt', 523), ('org.sat4j.core/src/main/java/org/sat4j/minisat/core/Solver.java.xml', 'stmt', 625)) | SrcmlStmtDeletion(('org.sat4j.core/src/main/java/org/sat4j/minisat/core/Solver.java.xml', 'stmt', 836)) | SrcmlStmtReplacement(('org.sat4j.core/src/main/java/org/sat4j/minisat/core/Solver.java.xml', 'stmt', 124), ('org.sat4j.core/src/main/java/org/sat4j/minisat/core/Solver.java.xml', 'stmt', 472)) | SrcmlStmtDeletion(('org.sat4j.core/src/main/java/org/sat4j/minisat/core/Solver.java.xml', 'stmt', 567))"
2024-06-16 18:47:54,392	[DEBUG]	EXEC>  SUCCESS 6.585831105
2024-06-16 18:47:54,392	[INFO]	46      SUCCESS               6.585831 (99.10%) [4 edit(s)]  
2024-06-16 18:47:54,392	[DEBUG]	patch(46)="SrcmlStmtReplacement(('org.sat4j.core/src/main/java/org/sat4j/minisat/core/Solver.java.xml', 'stmt', 523), ('org.sat4j.core/src/main/java/org/sat4j/minisat/core/Solver.java.xml', 'stmt', 625)) | SrcmlStmtDeletion(('org.sat4j.core/src/main/java/org/sat4j/minisat/core/Solver.java.xml', 'stmt', 836)) | SrcmlStmtReplacement(('org.sat4j.core/src/main/java/org/sat4j/minisat/core/Solver.java.xml', 'stmt', 124), ('org.sat4j.core/src/main/java/org/sat4j/minisat/core/Solver.java.xml', 'stmt', 472)) | SrcmlStmtReplacement(('org.sat4j.core/src/main/java/org/sat4j/minisat/core/Solver.java.xml', 'stmt', 569), ('org.sat4j.core/src/main/java/org/sat4j/minisat/core/Solver.java.xml', 'stmt', 799))"
2024-06-16 18:48:31,139	[DEBUG]	EXEC>  SUCCESS 6.62940845
2024-06-16 18:48:31,139	[INFO]	47      SUCCESS               6.629408 (99.76%) [4 edit(s)]  
2024-06-16 18:48:31,139	[DEBUG]	patch(47)="SrcmlStmtReplacement(('org.sat4j.core/src/main/java/org/sat4j/minisat/core/Solver.java.xml', 'stmt', 523), ('org.sat4j.core/src/main/java/org/sat4j/minisat/core/Solver.java.xml', 'stmt', 625)) | SrcmlStmtDeletion(('org.sat4j.core/src/main/java/org/sat4j/minisat/core/Solver.java.xml', 'stmt', 836)) | SrcmlStmtReplacement(('org.sat4j.core/src/main/java/org/sat4j/minisat/core/Solver.java.xml', 'stmt', 124), ('org.sat4j.core/src/main/java/org/sat4j/minisat/core/Solver.java.xml', 'stmt', 472)) | SrcmlStmtReplacement(('org.sat4j.core/src/main/java/org/sat4j/minisat/core/Solver.java.xml', 'stmt', 86), ('org.sat4j.core/src/main/java/org/sat4j/minisat/core/Solver.java.xml', 'stmt', 214))"
2024-06-16 18:49:08,001	[DEBUG]	EXEC>  SUCCESS 6.6250817474999995
2024-06-16 18:49:08,001	[INFO]	48      SUCCESS               6.625082 (99.69%) [4 edit(s)]  
2024-06-16 18:49:08,001	[DEBUG]	patch(48)="SrcmlStmtReplacement(('org.sat4j.core/src/main/java/org/sat4j/minisat/core/Solver.java.xml', 'stmt', 523), ('org.sat4j.core/src/main/java/org/sat4j/minisat/core/Solver.java.xml', 'stmt', 625)) | SrcmlStmtDeletion(('org.sat4j.core/src/main/java/org/sat4j/minisat/core/Solver.java.xml', 'stmt', 836)) | SrcmlStmtReplacement(('org.sat4j.core/src/main/java/org/sat4j/minisat/core/Solver.java.xml', 'stmt', 124), ('org.sat4j.core/src/main/java/org/sat4j/minisat/core/Solver.java.xml', 'stmt', 472)) | SrcmlStmtReplacement(('org.sat4j.core/src/main/java/org/sat4j/minisat/core/Solver.java.xml', 'stmt', 705), ('org.sat4j.core/src/main/java/org/sat4j/minisat/core/Solver.java.xml', 'stmt', 600))"
2024-06-16 18:49:09,322	[INFO]	49      COMPILE_CODE_ERROR    None (--) [4 edit(s)]  
2024-06-16 18:49:09,322	[DEBUG]	patch(49)="SrcmlStmtReplacement(('org.sat4j.core/src/main/java/org/sat4j/minisat/core/Solver.java.xml', 'stmt', 523), ('org.sat4j.core/src/main/java/org/sat4j/minisat/core/Solver.java.xml', 'stmt', 625)) | SrcmlStmtDeletion(('org.sat4j.core/src/main/java/org/sat4j/minisat/core/Solver.java.xml', 'stmt', 836)) | SrcmlStmtReplacement(('org.sat4j.core/src/main/java/org/sat4j/minisat/core/Solver.java.xml', 'stmt', 124), ('org.sat4j.core/src/main/java/org/sat4j/minisat/core/Solver.java.xml', 'stmt', 472)) | SrcmlStmtReplacement(('org.sat4j.core/src/main/java/org/sat4j/minisat/core/Solver.java.xml', 'stmt', 28), ('org.sat4j.core/src/main/java/org/sat4j/minisat/core/Solver.java.xml', 'stmt', 220))"
2024-06-16 18:49:12,321	[INFO]	50      COMPILE_CODE_ERROR    None (--) [4 edit(s)]  
2024-06-16 18:49:12,321	[DEBUG]	patch(50)="SrcmlStmtReplacement(('org.sat4j.core/src/main/java/org/sat4j/minisat/core/Solver.java.xml', 'stmt', 523), ('org.sat4j.core/src/main/java/org/sat4j/minisat/core/Solver.java.xml', 'stmt', 625)) | SrcmlStmtDeletion(('org.sat4j.core/src/main/java/org/sat4j/minisat/core/Solver.java.xml', 'stmt', 836)) | SrcmlStmtReplacement(('org.sat4j.core/src/main/java/org/sat4j/minisat/core/Solver.java.xml', 'stmt', 124), ('org.sat4j.core/src/main/java/org/sat4j/minisat/core/Solver.java.xml', 'stmt', 472)) | SrcmlStmtReplacement(('org.sat4j.core/src/main/java/org/sat4j/minisat/core/Solver.java.xml', 'stmt', 287), ('org.sat4j.core/src/main/java/org/sat4j/minisat/core/Solver.java.xml', 'stmt', 100))"
2024-06-16 18:49:49,251	[DEBUG]	EXEC>  SUCCESS 6.660743160000001
2024-06-16 18:49:49,251	[INFO]	51      SUCCESS               6.660743 (100.23%) [4 edit(s)]  
2024-06-16 18:49:49,251	[DEBUG]	patch(51)="SrcmlStmtReplacement(('org.sat4j.core/src/main/java/org/sat4j/minisat/core/Solver.java.xml', 'stmt', 523), ('org.sat4j.core/src/main/java/org/sat4j/minisat/core/Solver.java.xml', 'stmt', 625)) | SrcmlStmtDeletion(('org.sat4j.core/src/main/java/org/sat4j/minisat/core/Solver.java.xml', 'stmt', 836)) | SrcmlStmtReplacement(('org.sat4j.core/src/main/java/org/sat4j/minisat/core/Solver.java.xml', 'stmt', 124), ('org.sat4j.core/src/main/java/org/sat4j/minisat/core/Solver.java.xml', 'stmt', 472)) | SrcmlStmtInsertion(('org.sat4j.core/src/main/java/org/sat4j/minisat/core/Solver.java.xml', '_inter_block', 738), ('org.sat4j.core/src/main/java/org/sat4j/minisat/core/Solver.java.xml', 'stmt', 160))"
2024-06-16 18:50:26,020	[DEBUG]	EXEC>  SUCCESS 6.65723332
2024-06-16 18:50:26,020	[INFO]	52      SUCCESS               6.657233 (100.18%) [4 edit(s)]  
2024-06-16 18:50:26,020	[DEBUG]	patch(52)="SrcmlStmtReplacement(('org.sat4j.core/src/main/java/org/sat4j/minisat/core/Solver.java.xml', 'stmt', 523), ('org.sat4j.core/src/main/java/org/sat4j/minisat/core/Solver.java.xml', 'stmt', 625)) | SrcmlStmtDeletion(('org.sat4j.core/src/main/java/org/sat4j/minisat/core/Solver.java.xml', 'stmt', 836)) | SrcmlStmtReplacement(('org.sat4j.core/src/main/java/org/sat4j/minisat/core/Solver.java.xml', 'stmt', 124), ('org.sat4j.core/src/main/java/org/sat4j/minisat/core/Solver.java.xml', 'stmt', 472)) | SrcmlStmtReplacement(('org.sat4j.core/src/main/java/org/sat4j/minisat/core/Solver.java.xml', 'stmt', 714), ('org.sat4j.core/src/main/java/org/sat4j/minisat/core/Solver.java.xml', 'stmt', 531))"
2024-06-16 18:50:28,900	[INFO]	53      COMPILE_CODE_ERROR    None (--) [4 edit(s)]  
2024-06-16 18:50:28,900	[DEBUG]	patch(53)="SrcmlStmtReplacement(('org.sat4j.core/src/main/java/org/sat4j/minisat/core/Solver.java.xml', 'stmt', 523), ('org.sat4j.core/src/main/java/org/sat4j/minisat/core/Solver.java.xml', 'stmt', 625)) | SrcmlStmtDeletion(('org.sat4j.core/src/main/java/org/sat4j/minisat/core/Solver.java.xml', 'stmt', 836)) | SrcmlStmtReplacement(('org.sat4j.core/src/main/java/org/sat4j/minisat/core/Solver.java.xml', 'stmt', 124), ('org.sat4j.core/src/main/java/org/sat4j/minisat/core/Solver.java.xml', 'stmt', 472)) | SrcmlStmtInsertion(('org.sat4j.core/src/main/java/org/sat4j/minisat/core/Solver.java.xml', '_inter_block', 865), ('org.sat4j.core/src/main/java/org/sat4j/minisat/core/Solver.java.xml', 'stmt', 305))"
2024-06-16 18:51:05,919	[DEBUG]	EXEC>  SUCCESS 6.66991112
2024-06-16 18:51:05,920	[INFO]	54      SUCCESS               6.669911 (100.37%) [4 edit(s)]  
2024-06-16 18:51:05,920	[DEBUG]	patch(54)="SrcmlStmtReplacement(('org.sat4j.core/src/main/java/org/sat4j/minisat/core/Solver.java.xml', 'stmt', 523), ('org.sat4j.core/src/main/java/org/sat4j/minisat/core/Solver.java.xml', 'stmt', 625)) | SrcmlStmtDeletion(('org.sat4j.core/src/main/java/org/sat4j/minisat/core/Solver.java.xml', 'stmt', 836)) | SrcmlStmtReplacement(('org.sat4j.core/src/main/java/org/sat4j/minisat/core/Solver.java.xml', 'stmt', 124), ('org.sat4j.core/src/main/java/org/sat4j/minisat/core/Solver.java.xml', 'stmt', 472)) | SrcmlStmtDeletion(('org.sat4j.core/src/main/java/org/sat4j/minisat/core/Solver.java.xml', 'stmt', 979))"
2024-06-16 18:51:42,666	[DEBUG]	EXEC>  SUCCESS 6.640223425
2024-06-16 18:51:42,666	[INFO]	55      SUCCESS               6.640223 (99.92%) [4 edit(s)]  
2024-06-16 18:51:42,666	[DEBUG]	patch(55)="SrcmlStmtReplacement(('org.sat4j.core/src/main/java/org/sat4j/minisat/core/Solver.java.xml', 'stmt', 523), ('org.sat4j.core/src/main/java/org/sat4j/minisat/core/Solver.java.xml', 'stmt', 625)) | SrcmlStmtDeletion(('org.sat4j.core/src/main/java/org/sat4j/minisat/core/Solver.java.xml', 'stmt', 836)) | SrcmlStmtReplacement(('org.sat4j.core/src/main/java/org/sat4j/minisat/core/Solver.java.xml', 'stmt', 124), ('org.sat4j.core/src/main/java/org/sat4j/minisat/core/Solver.java.xml', 'stmt', 472)) | SrcmlStmtDeletion(('org.sat4j.core/src/main/java/org/sat4j/minisat/core/Solver.java.xml', 'stmt', 341))"
2024-06-16 18:52:19,851	[DEBUG]	EXEC>  SUCCESS 6.68619648
2024-06-16 18:52:19,851	[INFO]	56      SUCCESS               6.686196 (100.61%) [4 edit(s)]  
2024-06-16 18:52:19,851	[DEBUG]	patch(56)="SrcmlStmtReplacement(('org.sat4j.core/src/main/java/org/sat4j/minisat/core/Solver.java.xml', 'stmt', 523), ('org.sat4j.core/src/main/java/org/sat4j/minisat/core/Solver.java.xml', 'stmt', 625)) | SrcmlStmtDeletion(('org.sat4j.core/src/main/java/org/sat4j/minisat/core/Solver.java.xml', 'stmt', 836)) | SrcmlStmtReplacement(('org.sat4j.core/src/main/java/org/sat4j/minisat/core/Solver.java.xml', 'stmt', 124), ('org.sat4j.core/src/main/java/org/sat4j/minisat/core/Solver.java.xml', 'stmt', 472)) | SrcmlStmtDeletion(('org.sat4j.core/src/main/java/org/sat4j/minisat/core/Solver.java.xml', 'stmt', 739))"
2024-06-16 18:52:22,664	[INFO]	57      COMPILE_CODE_ERROR    None (--) [4 edit(s)]  
2024-06-16 18:52:22,664	[DEBUG]	patch(57)="SrcmlStmtReplacement(('org.sat4j.core/src/main/java/org/sat4j/minisat/core/Solver.java.xml', 'stmt', 523), ('org.sat4j.core/src/main/java/org/sat4j/minisat/core/Solver.java.xml', 'stmt', 625)) | SrcmlStmtDeletion(('org.sat4j.core/src/main/java/org/sat4j/minisat/core/Solver.java.xml', 'stmt', 836)) | SrcmlStmtReplacement(('org.sat4j.core/src/main/java/org/sat4j/minisat/core/Solver.java.xml', 'stmt', 124), ('org.sat4j.core/src/main/java/org/sat4j/minisat/core/Solver.java.xml', 'stmt', 472)) | SrcmlStmtDeletion(('org.sat4j.core/src/main/java/org/sat4j/minisat/core/Solver.java.xml', 'stmt', 1007))"
2024-06-16 18:52:58,919	[DEBUG]	EXEC>  SUCCESS 6.5568392425
2024-06-16 18:52:58,919	[INFO]	58      SUCCESS               6.556839 (98.67%) [4 edit(s)]  
2024-06-16 18:52:58,920	[DEBUG]	patch(58)="SrcmlStmtReplacement(('org.sat4j.core/src/main/java/org/sat4j/minisat/core/Solver.java.xml', 'stmt', 523), ('org.sat4j.core/src/main/java/org/sat4j/minisat/core/Solver.java.xml', 'stmt', 625)) | SrcmlStmtDeletion(('org.sat4j.core/src/main/java/org/sat4j/minisat/core/Solver.java.xml', 'stmt', 836)) | SrcmlStmtReplacement(('org.sat4j.core/src/main/java/org/sat4j/minisat/core/Solver.java.xml', 'stmt', 124), ('org.sat4j.core/src/main/java/org/sat4j/minisat/core/Solver.java.xml', 'stmt', 472)) | SrcmlStmtReplacement(('org.sat4j.core/src/main/java/org/sat4j/minisat/core/Solver.java.xml', 'stmt', 997), ('org.sat4j.core/src/main/java/org/sat4j/minisat/core/Solver.java.xml', 'stmt', 532))"
2024-06-16 18:53:35,918	[DEBUG]	EXEC>  SUCCESS 6.6823073525000005
2024-06-16 18:53:35,918	[INFO]	59      SUCCESS               6.682307 (100.56%) [4 edit(s)]  
2024-06-16 18:53:35,918	[DEBUG]	patch(59)="SrcmlStmtReplacement(('org.sat4j.core/src/main/java/org/sat4j/minisat/core/Solver.java.xml', 'stmt', 523), ('org.sat4j.core/src/main/java/org/sat4j/minisat/core/Solver.java.xml', 'stmt', 625)) | SrcmlStmtDeletion(('org.sat4j.core/src/main/java/org/sat4j/minisat/core/Solver.java.xml', 'stmt', 836)) | SrcmlStmtReplacement(('org.sat4j.core/src/main/java/org/sat4j/minisat/core/Solver.java.xml', 'stmt', 124), ('org.sat4j.core/src/main/java/org/sat4j/minisat/core/Solver.java.xml', 'stmt', 472)) | SrcmlStmtDeletion(('org.sat4j.core/src/main/java/org/sat4j/minisat/core/Solver.java.xml', 'stmt', 936))"
2024-06-16 18:53:38,878	[INFO]	60      COMPILE_CODE_ERROR    None (--) [4 edit(s)]  
2024-06-16 18:53:38,878	[DEBUG]	patch(60)="SrcmlStmtReplacement(('org.sat4j.core/src/main/java/org/sat4j/minisat/core/Solver.java.xml', 'stmt', 523), ('org.sat4j.core/src/main/java/org/sat4j/minisat/core/Solver.java.xml', 'stmt', 625)) | SrcmlStmtDeletion(('org.sat4j.core/src/main/java/org/sat4j/minisat/core/Solver.java.xml', 'stmt', 836)) | SrcmlStmtReplacement(('org.sat4j.core/src/main/java/org/sat4j/minisat/core/Solver.java.xml', 'stmt', 124), ('org.sat4j.core/src/main/java/org/sat4j/minisat/core/Solver.java.xml', 'stmt', 472)) | SrcmlStmtReplacement(('org.sat4j.core/src/main/java/org/sat4j/minisat/core/Solver.java.xml', 'stmt', 564), ('org.sat4j.core/src/main/java/org/sat4j/minisat/core/Solver.java.xml', 'stmt', 672))"
2024-06-16 18:54:15,612	[DEBUG]	EXEC>  SUCCESS 6.678515845
2024-06-16 18:54:15,612	[INFO]	61      SUCCESS               6.678516 (100.50%) [4 edit(s)]  
2024-06-16 18:54:15,612	[DEBUG]	patch(61)="SrcmlStmtReplacement(('org.sat4j.core/src/main/java/org/sat4j/minisat/core/Solver.java.xml', 'stmt', 523), ('org.sat4j.core/src/main/java/org/sat4j/minisat/core/Solver.java.xml', 'stmt', 625)) | SrcmlStmtDeletion(('org.sat4j.core/src/main/java/org/sat4j/minisat/core/Solver.java.xml', 'stmt', 836)) | SrcmlStmtReplacement(('org.sat4j.core/src/main/java/org/sat4j/minisat/core/Solver.java.xml', 'stmt', 124), ('org.sat4j.core/src/main/java/org/sat4j/minisat/core/Solver.java.xml', 'stmt', 472)) | SrcmlStmtDeletion(('org.sat4j.core/src/main/java/org/sat4j/minisat/core/Solver.java.xml', 'stmt', 952))"
2024-06-16 18:54:16,941	[INFO]	62      COMPILE_CODE_ERROR    None (--) [4 edit(s)]  
2024-06-16 18:54:16,941	[DEBUG]	patch(62)="SrcmlStmtReplacement(('org.sat4j.core/src/main/java/org/sat4j/minisat/core/Solver.java.xml', 'stmt', 523), ('org.sat4j.core/src/main/java/org/sat4j/minisat/core/Solver.java.xml', 'stmt', 625)) | SrcmlStmtDeletion(('org.sat4j.core/src/main/java/org/sat4j/minisat/core/Solver.java.xml', 'stmt', 836)) | SrcmlStmtReplacement(('org.sat4j.core/src/main/java/org/sat4j/minisat/core/Solver.java.xml', 'stmt', 124), ('org.sat4j.core/src/main/java/org/sat4j/minisat/core/Solver.java.xml', 'stmt', 472)) | SrcmlStmtReplacement(('org.sat4j.core/src/main/java/org/sat4j/minisat/core/Solver.java.xml', 'stmt', 840), ('org.sat4j.core/src/main/java/org/sat4j/minisat/core/Solver.java.xml', 'stmt', 347))"
2024-06-16 18:54:19,770	[INFO]	63      COMPILE_CODE_ERROR    None (--) [4 edit(s)]  
2024-06-16 18:54:19,770	[DEBUG]	patch(63)="SrcmlStmtReplacement(('org.sat4j.core/src/main/java/org/sat4j/minisat/core/Solver.java.xml', 'stmt', 523), ('org.sat4j.core/src/main/java/org/sat4j/minisat/core/Solver.java.xml', 'stmt', 625)) | SrcmlStmtDeletion(('org.sat4j.core/src/main/java/org/sat4j/minisat/core/Solver.java.xml', 'stmt', 836)) | SrcmlStmtReplacement(('org.sat4j.core/src/main/java/org/sat4j/minisat/core/Solver.java.xml', 'stmt', 124), ('org.sat4j.core/src/main/java/org/sat4j/minisat/core/Solver.java.xml', 'stmt', 472)) | SrcmlStmtInsertion(('org.sat4j.core/src/main/java/org/sat4j/minisat/core/Solver.java.xml', '_inter_block', 1578), ('org.sat4j.core/src/main/java/org/sat4j/minisat/core/Solver.java.xml', 'stmt', 372))"
2024-06-16 18:54:21,047	[INFO]	64      COMPILE_CODE_ERROR    None (--) [4 edit(s)]  
2024-06-16 18:54:21,047	[DEBUG]	patch(64)="SrcmlStmtReplacement(('org.sat4j.core/src/main/java/org/sat4j/minisat/core/Solver.java.xml', 'stmt', 523), ('org.sat4j.core/src/main/java/org/sat4j/minisat/core/Solver.java.xml', 'stmt', 625)) | SrcmlStmtDeletion(('org.sat4j.core/src/main/java/org/sat4j/minisat/core/Solver.java.xml', 'stmt', 836)) | SrcmlStmtReplacement(('org.sat4j.core/src/main/java/org/sat4j/minisat/core/Solver.java.xml', 'stmt', 124), ('org.sat4j.core/src/main/java/org/sat4j/minisat/core/Solver.java.xml', 'stmt', 472)) | SrcmlStmtReplacement(('org.sat4j.core/src/main/java/org/sat4j/minisat/core/Solver.java.xml', 'stmt', 740), ('org.sat4j.core/src/main/java/org/sat4j/minisat/core/Solver.java.xml', 'stmt', 8))"
2024-06-16 18:54:27,538	[INFO]	65      TEST_CODE_ERROR       None (--) [4 edit(s)]  
2024-06-16 18:54:27,538	[DEBUG]	patch(65)="SrcmlStmtReplacement(('org.sat4j.core/src/main/java/org/sat4j/minisat/core/Solver.java.xml', 'stmt', 523), ('org.sat4j.core/src/main/java/org/sat4j/minisat/core/Solver.java.xml', 'stmt', 625)) | SrcmlStmtDeletion(('org.sat4j.core/src/main/java/org/sat4j/minisat/core/Solver.java.xml', 'stmt', 836)) | SrcmlStmtReplacement(('org.sat4j.core/src/main/java/org/sat4j/minisat/core/Solver.java.xml', 'stmt', 124), ('org.sat4j.core/src/main/java/org/sat4j/minisat/core/Solver.java.xml', 'stmt', 472)) | SrcmlStmtDeletion(('org.sat4j.core/src/main/java/org/sat4j/minisat/core/Solver.java.xml', 'stmt', 161))"
2024-06-16 18:54:30,448	[INFO]	66      COMPILE_CODE_ERROR    None (--) [4 edit(s)]  
2024-06-16 18:54:30,449	[DEBUG]	patch(66)="SrcmlStmtReplacement(('org.sat4j.core/src/main/java/org/sat4j/minisat/core/Solver.java.xml', 'stmt', 523), ('org.sat4j.core/src/main/java/org/sat4j/minisat/core/Solver.java.xml', 'stmt', 625)) | SrcmlStmtDeletion(('org.sat4j.core/src/main/java/org/sat4j/minisat/core/Solver.java.xml', 'stmt', 836)) | SrcmlStmtReplacement(('org.sat4j.core/src/main/java/org/sat4j/minisat/core/Solver.java.xml', 'stmt', 124), ('org.sat4j.core/src/main/java/org/sat4j/minisat/core/Solver.java.xml', 'stmt', 472)) | SrcmlStmtReplacement(('org.sat4j.core/src/main/java/org/sat4j/minisat/core/Solver.java.xml', 'stmt', 885), ('org.sat4j.core/src/main/java/org/sat4j/minisat/core/Solver.java.xml', 'stmt', 363))"
2024-06-16 18:54:33,198	[INFO]	67      COMPILE_CODE_ERROR    None (--) [4 edit(s)]  
2024-06-16 18:54:33,198	[DEBUG]	patch(67)="SrcmlStmtReplacement(('org.sat4j.core/src/main/java/org/sat4j/minisat/core/Solver.java.xml', 'stmt', 523), ('org.sat4j.core/src/main/java/org/sat4j/minisat/core/Solver.java.xml', 'stmt', 625)) | SrcmlStmtDeletion(('org.sat4j.core/src/main/java/org/sat4j/minisat/core/Solver.java.xml', 'stmt', 836)) | SrcmlStmtReplacement(('org.sat4j.core/src/main/java/org/sat4j/minisat/core/Solver.java.xml', 'stmt', 124), ('org.sat4j.core/src/main/java/org/sat4j/minisat/core/Solver.java.xml', 'stmt', 472)) | SrcmlStmtReplacement(('org.sat4j.core/src/main/java/org/sat4j/minisat/core/Solver.java.xml', 'stmt', 553), ('org.sat4j.core/src/main/java/org/sat4j/minisat/core/Solver.java.xml', 'stmt', 240))"
2024-06-16 18:54:36,180	[INFO]	68      COMPILE_CODE_ERROR    None (--) [4 edit(s)]  
2024-06-16 18:54:36,180	[DEBUG]	patch(68)="SrcmlStmtReplacement(('org.sat4j.core/src/main/java/org/sat4j/minisat/core/Solver.java.xml', 'stmt', 523), ('org.sat4j.core/src/main/java/org/sat4j/minisat/core/Solver.java.xml', 'stmt', 625)) | SrcmlStmtDeletion(('org.sat4j.core/src/main/java/org/sat4j/minisat/core/Solver.java.xml', 'stmt', 836)) | SrcmlStmtReplacement(('org.sat4j.core/src/main/java/org/sat4j/minisat/core/Solver.java.xml', 'stmt', 124), ('org.sat4j.core/src/main/java/org/sat4j/minisat/core/Solver.java.xml', 'stmt', 472)) | SrcmlStmtInsertion(('org.sat4j.core/src/main/java/org/sat4j/minisat/core/Solver.java.xml', '_inter_block', 371), ('org.sat4j.core/src/main/java/org/sat4j/minisat/core/Solver.java.xml', 'stmt', 108))"
2024-06-16 18:54:37,495	[INFO]	69      COMPILE_CODE_ERROR    None (--) [4 edit(s)]  
2024-06-16 18:54:37,495	[DEBUG]	patch(69)="SrcmlStmtReplacement(('org.sat4j.core/src/main/java/org/sat4j/minisat/core/Solver.java.xml', 'stmt', 523), ('org.sat4j.core/src/main/java/org/sat4j/minisat/core/Solver.java.xml', 'stmt', 625)) | SrcmlStmtDeletion(('org.sat4j.core/src/main/java/org/sat4j/minisat/core/Solver.java.xml', 'stmt', 836)) | SrcmlStmtReplacement(('org.sat4j.core/src/main/java/org/sat4j/minisat/core/Solver.java.xml', 'stmt', 124), ('org.sat4j.core/src/main/java/org/sat4j/minisat/core/Solver.java.xml', 'stmt', 472)) | SrcmlStmtInsertion(('org.sat4j.core/src/main/java/org/sat4j/minisat/core/Solver.java.xml', '_inter_block', 1228), ('org.sat4j.core/src/main/java/org/sat4j/minisat/core/Solver.java.xml', 'stmt', 19))"
2024-06-16 18:55:00,262	[INFO]	70      TEST_CODE_ERROR       None (--) [4 edit(s)]  
2024-06-16 18:55:00,262	[DEBUG]	patch(70)="SrcmlStmtReplacement(('org.sat4j.core/src/main/java/org/sat4j/minisat/core/Solver.java.xml', 'stmt', 523), ('org.sat4j.core/src/main/java/org/sat4j/minisat/core/Solver.java.xml', 'stmt', 625)) | SrcmlStmtDeletion(('org.sat4j.core/src/main/java/org/sat4j/minisat/core/Solver.java.xml', 'stmt', 836)) | SrcmlStmtReplacement(('org.sat4j.core/src/main/java/org/sat4j/minisat/core/Solver.java.xml', 'stmt', 124), ('org.sat4j.core/src/main/java/org/sat4j/minisat/core/Solver.java.xml', 'stmt', 472)) | SrcmlStmtReplacement(('org.sat4j.core/src/main/java/org/sat4j/minisat/core/Solver.java.xml', 'stmt', 158), ('org.sat4j.core/src/main/java/org/sat4j/minisat/core/Solver.java.xml', 'stmt', 251))"
2024-06-16 18:55:00,292	[INFO]	~~~~ END ~~~~
2024-06-16 18:55:00,292	[INFO]	
2024-06-16 18:55:00,293	[INFO]	==== REPORT ====
2024-06-16 18:55:00,293	[INFO]	Termination: time budget
2024-06-16 18:55:00,293	[INFO]	Retries: 4
2024-06-16 18:55:00,293	[INFO]	Log file: /home/jim/magpie/_magpie_logs/sat4j_1718559362.log
2024-06-16 18:55:00,293	[INFO]	Patch file: _magpie_logs/sat4j_1718559362.patch
2024-06-16 18:55:00,293	[INFO]	Diff file: _magpie_logs/sat4j_1718559362.diff
2024-06-16 18:55:00,293	[INFO]	Reference fitness: 6.645412
2024-06-16 18:55:00,293	[INFO]	Best fitness: 6.550011
2024-06-16 18:55:00,293	[INFO]	
2024-06-16 18:55:00,294	[INFO]	==== BEST PATCH ====
SrcmlStmtReplacement(('org.sat4j.core/src/main/java/org/sat4j/minisat/core/Solver.java.xml', 'stmt', 523), ('org.sat4j.core/src/main/java/org/sat4j/minisat/core/Solver.java.xml', 'stmt', 625)) | SrcmlStmtDeletion(('org.sat4j.core/src/main/java/org/sat4j/minisat/core/Solver.java.xml', 'stmt', 836)) | SrcmlStmtReplacement(('org.sat4j.core/src/main/java/org/sat4j/minisat/core/Solver.java.xml', 'stmt', 124), ('org.sat4j.core/src/main/java/org/sat4j/minisat/core/Solver.java.xml', 'stmt', 472))
2024-06-16 18:55:00,294	[INFO]	
2024-06-16 18:55:00,294	[INFO]	==== DIFF ====
[1m--- before: org.sat4j.core/src/main/java/org/sat4j/minisat/core/Solver.java[0m
[1m+++ after: org.sat4j.core/src/main/java/org/sat4j/minisat/core/Solver.java[0m
[36m@@ -456,7 +456,7 @@[0m
         c.remove(this);
         this.constrs.pop();
         String type = c.getClass().getName();
[31m-        this.constrTypes.get(type).dec();[0m
[32m+        var allsat = true;[0m
         return true;
     }
 
[36m@@ -1390,7 +1390,7 @@[0m
      * 
      */
     void modelFound() {
[31m-        decisions.clear();[0m
[32m+        claDecayActivity();[0m
         IVecInt tempmodel = new VecInt(nVars());
         assignmentOrigins = new AssignmentOrigin[realNumberOfVariables()];
         this.userbooleanmodel = new boolean[realNumberOfVariables()];
[36m@@ -2092,7 +2092,7 @@[0m
         double cputime = (System.currentTimeMillis() - this.timebegin) / 1000;
         out.println(prefix + "speed (assignments/second)\t: " //$NON-NLS-1$
                 + this.stats.getPropagations() / cputime);
[31m-        this.order.printStat(out, prefix);[0m
[32m+        [0m
         printLearntClausesInfos(out, prefix);
     }
 

