2024-06-12 02:11:27,626	[DEBUG]	==== CONFIG ====
[magpie]
import = 
seed = 1894027686785493
log_dir = _magpie_logs
work_dir = _magpie_work
local_original_copy = True
local_original_name = __original__
output_encoding = ascii
edit_retries = 10
default_timeout = 30
default_lengthout = 1e6
diff_method = unified
trust_local_filesystem = True

[magpie.log]
color_output = True
format_info = {counter:<7} {status:<20} {best}{fitness} ({ratio}) [{size}] {cached} {log}
format_debug = patch({counter})="{patch}"{diffifbest}
format_fitness = {:.6f}
format_ratio = {:.2%%}
format_patchif = 
	 --> {patch}
format_diffif = 
	{diff}

[software]
path = examples/minisat
target_files = minisat_simplified.params
software = BasicSoftware
model_rules = 
	*.params : ParamFileConfigModel
	*.xml : SrcmlModel
	* : LineModel
model_config = 
	*.params : [paramconfig]
	*.xml : [srcml]
init_cmd = bash init.sh
init_timeout = 60
init_lengthout = -1
setup_cmd = bash compile.sh
setup_timeout = 
setup_lengthout = 
compile_cmd = 
compile_timeout = 
compile_lengthout = 
test_cmd = bash test.sh
test_timeout = 
test_lengthout = 
run_cmd = perf stat -e instructions bash run_fixed.sh
run_timeout = 
run_lengthout = 
retries = 5
batch_timeout = 
batch_lengthout = 
batch_bin_fitness_strategy = aggregate
batch_fitness_strategy = sum
fitness = perf_instructions

[srcml]
rename = 
	stmt: break continue decl_stmt do expr_stmt for goto if return switch while
	number: literal_number
focus = block stmt operator_comp operator_arith number
internodes = block
process_pseudo_blocks = True
process_literals = True
process_operators = True

[paramconfig]
timing = test run
cli_prefix = --
cli_glue = =
cli_boolean = show
cli_boolean_prefix_true = 
cli_boolean_prefix_false = no-
cli_none = hide
silent_prefix = @
silent_suffix = $

[search]
protocol = BasicProtocol
algorithm = FirstImprovement
possible_edits = ParamSetting
warmup = 3
warmup_strategy = last
max_steps = 1000
max_time = 600
target_fitness = 
cache_maxsize = 100
cache_keep = 0.2
batch_instances = 
batch_shuffle = True
batch_bin_shuffle = False
batch_sample_size = 1

[search.ls]
delete_prob = 0.5
max_neighbours = 
when_trapped = continue
accept_fail = False
tabu_length = 10

[search.gp]
pop_size = 10
delete_prob = 0.5
offspring_elitism = 0.1
offspring_crossover = 0.5
offspring_mutation = 0.4
uniform_rate = 0.5
batch_reset = True

[search.minify]
do_cleanup = True
do_rebuild = True
do_simplify = True
round_robin_limit = 3


2024-06-12 02:11:27,626	[DEBUG]	
2024-06-12 02:11:27,626	[INFO]	==== SEARCH: FirstImprovement ====
2024-06-12 02:11:27,626	[INFO]	~~~~ WARMUP ~~~~
2024-06-12 02:12:29,249	[DEBUG]	EXEC>  SUCCESS 52244469032.8
2024-06-12 02:12:29,250	[INFO]	WARM    SUCCESS               52244469032.800003 (--) [0 edit(s)]  
2024-06-12 02:13:27,642	[DEBUG]	EXEC>  SUCCESS 52245285885.4
2024-06-12 02:13:27,643	[INFO]	WARM    SUCCESS               52245285885.400002 (--) [0 edit(s)]  
2024-06-12 02:14:25,878	[DEBUG]	EXEC>  SUCCESS 52244014123.6
2024-06-12 02:14:25,878	[INFO]	WARM    SUCCESS               52244014123.599998 (--) [0 edit(s)]  
2024-06-12 02:14:25,879	[INFO]	REF     SUCCESS               52244014123.599998 (--) [0 edit(s)]  
2024-06-12 02:14:25,879	[INFO]	
2024-06-12 02:14:25,879	[INFO]	~~~~ START ~~~~
2024-06-12 02:15:19,906	[DEBUG]	EXEC>  SUCCESS 48546492803.8
2024-06-12 02:15:19,906	[INFO]	1       SUCCESS              *48546492803.800003 (92.92%) [1 edit(s)]  
2024-06-12 02:15:19,906	[DEBUG]	patch(1)="ParamSetting(('minisat_simplified.params', 'param', 'pre'), 'False')"
--- before: minisat_simplified.params
+++ after: minisat_simplified.params
@@ -9,7 +9,7 @@
 phase-saving := 2
 ccmin-mode := 2
 rfirst := 100
-pre := 'True'
+pre := 'False'
 verb := '1'
 rcheck := 'False'
 asymm := 'False'

2024-06-12 02:15:19,907	[INFO]	2       SUCCESS               52244014123.599998 (100.00%) [0 edit(s)] [cached] 
2024-06-12 02:15:19,907	[DEBUG]	patch(2)=""
2024-06-12 02:16:14,087	[DEBUG]	EXEC>  SUCCESS 48542378282.0
2024-06-12 02:16:14,087	[INFO]	3       SUCCESS              *48542378282.000000 (92.91%) [2 edit(s)]  
2024-06-12 02:16:14,087	[DEBUG]	patch(3)="ParamSetting(('minisat_simplified.params', 'param', 'pre'), 'False') | ParamSetting(('minisat_simplified.params', 'param', 'grow'), -2493)"
--- before: minisat_simplified.params
+++ after: minisat_simplified.params
@@ -9,7 +9,7 @@
 phase-saving := 2
 ccmin-mode := 2
 rfirst := 100
-pre := 'True'
+pre := 'False'
 verb := '1'
 rcheck := 'False'
 asymm := 'False'
@@ -17,4 +17,4 @@
 simp-gc-frac := 0.5
 sub-lim := 1000
 cl-lim := 20
-grow := 0
+grow := -2493

2024-06-12 02:16:14,088	[INFO]	4       SUCCESS               48546492803.800003 (92.92%) [1 edit(s)] [cached] 
2024-06-12 02:16:14,088	[DEBUG]	patch(4)="ParamSetting(('minisat_simplified.params', 'param', 'pre'), 'False')"
2024-06-12 02:16:59,673	[DEBUG]	EXEC>  SUCCESS 40814099173.8
2024-06-12 02:16:59,673	[INFO]	5       SUCCESS              *40814099173.800003 (78.12%) [1 edit(s)]  
2024-06-12 02:16:59,673	[DEBUG]	patch(5)="ParamSetting(('minisat_simplified.params', 'param', 'grow'), -2493)"
--- before: minisat_simplified.params
+++ after: minisat_simplified.params
@@ -17,4 +17,4 @@
 simp-gc-frac := 0.5
 sub-lim := 1000
 cl-lim := 20
-grow := 0
+grow := -2493

2024-06-12 02:17:15,411	[DEBUG]	EXEC>  SUCCESS 13661147926.8
2024-06-12 02:17:15,412	[INFO]	6       SUCCESS              *13661147926.799999 (26.15%) [2 edit(s)]  
2024-06-12 02:17:15,412	[DEBUG]	patch(6)="ParamSetting(('minisat_simplified.params', 'param', 'grow'), -2493) | ParamSetting(('minisat_simplified.params', 'param', 'rfirst'), 15646)"
--- before: minisat_simplified.params
+++ after: minisat_simplified.params
@@ -8,7 +8,7 @@
 rnd-seed := 91648253
 phase-saving := 2
 ccmin-mode := 2
-rfirst := 100
+rfirst := 15646
 pre := 'True'
 verb := '1'
 rcheck := 'False'
@@ -17,4 +17,4 @@
 simp-gc-frac := 0.5
 sub-lim := 1000
 cl-lim := 20
-grow := 0
+grow := -2493

2024-06-12 02:17:15,413	[INFO]	7       SUCCESS               40814099173.800003 (78.12%) [1 edit(s)] [cached] 
2024-06-12 02:17:15,413	[DEBUG]	patch(7)="ParamSetting(('minisat_simplified.params', 'param', 'grow'), -2493)"
2024-06-12 02:17:15,414	[INFO]	8       SUCCESS              +13661147926.799999 (26.15%) [3 edit(s)] [cached] 
2024-06-12 02:17:15,414	[DEBUG]	patch(8)="ParamSetting(('minisat_simplified.params', 'param', 'grow'), -2493) | ParamSetting(('minisat_simplified.params', 'param', 'rfirst'), 15646) | ParamSetting(('minisat_simplified.params', 'param', 'ccmin-mode'), 2)"
2024-06-12 02:17:15,415	[INFO]	9       SUCCESS              +13661147926.799999 (26.15%) [2 edit(s)] [cached] 
2024-06-12 02:17:15,415	[DEBUG]	patch(9)="ParamSetting(('minisat_simplified.params', 'param', 'grow'), -2493) | ParamSetting(('minisat_simplified.params', 'param', 'rfirst'), 15646)"
2024-06-12 02:17:32,599	[DEBUG]	EXEC>  SUCCESS 15096015117.6
2024-06-12 02:17:32,599	[INFO]	10      SUCCESS               15096015117.600000 (28.90%) [3 edit(s)]  
2024-06-12 02:17:32,599	[DEBUG]	patch(10)="ParamSetting(('minisat_simplified.params', 'param', 'grow'), -2493) | ParamSetting(('minisat_simplified.params', 'param', 'rfirst'), 15646) | ParamSetting(('minisat_simplified.params', 'param', 'ccmin-mode'), 1)"
2024-06-12 02:17:32,599	[INFO]	11      SUCCESS               40814099173.800003 (78.12%) [1 edit(s)] [cached] 
2024-06-12 02:17:32,599	[DEBUG]	patch(11)="ParamSetting(('minisat_simplified.params', 'param', 'grow'), -2493)"
2024-06-12 02:18:36,706	[DEBUG]	EXEC>  SUCCESS 57949604837.6
2024-06-12 02:18:36,706	[INFO]	12      SUCCESS               57949604837.599998 (110.92%) [3 edit(s)]  
2024-06-12 02:18:36,706	[DEBUG]	patch(12)="ParamSetting(('minisat_simplified.params', 'param', 'grow'), -2493) | ParamSetting(('minisat_simplified.params', 'param', 'rfirst'), 15646) | ParamSetting(('minisat_simplified.params', 'param', 'var-decay'), 0.5192518517115371)"
2024-06-12 02:18:52,385	[DEBUG]	EXEC>  SUCCESS 13660623378.2
2024-06-12 02:18:52,385	[INFO]	13      SUCCESS              *13660623378.200001 (26.15%) [3 edit(s)]  
2024-06-12 02:18:52,386	[DEBUG]	patch(13)="ParamSetting(('minisat_simplified.params', 'param', 'grow'), -2493) | ParamSetting(('minisat_simplified.params', 'param', 'rfirst'), 15646) | ParamSetting(('minisat_simplified.params', 'param', 'sub-lim'), 60926)"
--- before: minisat_simplified.params
+++ after: minisat_simplified.params
@@ -8,13 +8,13 @@
 rnd-seed := 91648253
 phase-saving := 2
 ccmin-mode := 2
-rfirst := 100
+rfirst := 15646
 pre := 'True'
 verb := '1'
 rcheck := 'False'
 asymm := 'False'
 elim := 'True'
 simp-gc-frac := 0.5
-sub-lim := 1000
+sub-lim := 60926
 cl-lim := 20
-grow := 0
+grow := -2493

2024-06-12 02:18:52,387	[INFO]	14      SUCCESS              +13660623378.200001 (26.15%) [4 edit(s)] [cached] 
2024-06-12 02:18:52,387	[DEBUG]	patch(14)="ParamSetting(('minisat_simplified.params', 'param', 'grow'), -2493) | ParamSetting(('minisat_simplified.params', 'param', 'rfirst'), 15646) | ParamSetting(('minisat_simplified.params', 'param', 'sub-lim'), 60926) | ParamSetting(('minisat_simplified.params', 'param', 'pre'), 'True')"
2024-06-12 02:19:08,179	[DEBUG]	EXEC>  SUCCESS 13661658716.2
2024-06-12 02:19:08,179	[INFO]	15      SUCCESS               13661658716.200001 (26.15%) [5 edit(s)]  
2024-06-12 02:19:08,179	[DEBUG]	patch(15)="ParamSetting(('minisat_simplified.params', 'param', 'grow'), -2493) | ParamSetting(('minisat_simplified.params', 'param', 'rfirst'), 15646) | ParamSetting(('minisat_simplified.params', 'param', 'sub-lim'), 60926) | ParamSetting(('minisat_simplified.params', 'param', 'pre'), 'True') | ParamSetting(('minisat_simplified.params', 'param', 'cl-lim'), 37152)"
2024-06-12 02:19:23,530	[DEBUG]	EXEC>  SUCCESS 13160834759.2
2024-06-12 02:19:23,530	[INFO]	16      SUCCESS              *13160834759.200001 (25.19%) [3 edit(s)]  
2024-06-12 02:19:23,530	[DEBUG]	patch(16)="ParamSetting(('minisat_simplified.params', 'param', 'rfirst'), 15646) | ParamSetting(('minisat_simplified.params', 'param', 'sub-lim'), 60926) | ParamSetting(('minisat_simplified.params', 'param', 'pre'), 'True')"
--- before: minisat_simplified.params
+++ after: minisat_simplified.params
@@ -8,13 +8,13 @@
 rnd-seed := 91648253
 phase-saving := 2
 ccmin-mode := 2
-rfirst := 100
+rfirst := 15646
 pre := 'True'
 verb := '1'
 rcheck := 'False'
 asymm := 'False'
 elim := 'True'
 simp-gc-frac := 0.5
-sub-lim := 1000
+sub-lim := 60926
 cl-lim := 20
 grow := 0

2024-06-12 02:19:37,108	[DEBUG]	EXEC>  SUCCESS 11552175648.4
2024-06-12 02:19:37,108	[INFO]	17      SUCCESS              *11552175648.400000 (22.11%) [4 edit(s)]  
2024-06-12 02:19:37,108	[DEBUG]	patch(17)="ParamSetting(('minisat_simplified.params', 'param', 'rfirst'), 15646) | ParamSetting(('minisat_simplified.params', 'param', 'sub-lim'), 60926) | ParamSetting(('minisat_simplified.params', 'param', 'pre'), 'True') | ParamSetting(('minisat_simplified.params', 'param', 'rinc'), 164.70110760684292)"
--- before: minisat_simplified.params
+++ after: minisat_simplified.params
@@ -1,20 +1,20 @@
 luby := 'True'
 rnd-init := 'False'
 gc-frac := 0.2
-rinc := 2.0
+rinc := 164.70110760684292
 var-decay := 0.95
 cla-decay := 0.999
 rnd-freq := 0.0
 rnd-seed := 91648253
 phase-saving := 2
 ccmin-mode := 2
-rfirst := 100
+rfirst := 15646
 pre := 'True'
 verb := '1'
 rcheck := 'False'
 asymm := 'False'
 elim := 'True'
 simp-gc-frac := 0.5
-sub-lim := 1000
+sub-lim := 60926
 cl-lim := 20
 grow := 0

2024-06-12 02:19:50,582	[DEBUG]	EXEC>  SUCCESS 11552374525.8
2024-06-12 02:19:50,583	[INFO]	18      SUCCESS               11552374525.799999 (22.11%) [5 edit(s)]  
2024-06-12 02:19:50,583	[DEBUG]	patch(18)="ParamSetting(('minisat_simplified.params', 'param', 'rfirst'), 15646) | ParamSetting(('minisat_simplified.params', 'param', 'sub-lim'), 60926) | ParamSetting(('minisat_simplified.params', 'param', 'pre'), 'True') | ParamSetting(('minisat_simplified.params', 'param', 'rinc'), 164.70110760684292) | ParamSetting(('minisat_simplified.params', 'param', 'rnd-seed'), 1377101775)"
2024-06-12 02:20:04,065	[DEBUG]	EXEC>  SUCCESS 11552378211.8
2024-06-12 02:20:04,066	[INFO]	19      SUCCESS               11552378211.799999 (22.11%) [3 edit(s)]  
2024-06-12 02:20:04,066	[DEBUG]	patch(19)="ParamSetting(('minisat_simplified.params', 'param', 'rfirst'), 15646) | ParamSetting(('minisat_simplified.params', 'param', 'pre'), 'True') | ParamSetting(('minisat_simplified.params', 'param', 'rinc'), 164.70110760684292)"
2024-06-12 02:20:04,067	[INFO]	20      SUCCESS              +11552175648.400000 (22.11%) [3 edit(s)] [cached] 
2024-06-12 02:20:04,067	[DEBUG]	patch(20)="ParamSetting(('minisat_simplified.params', 'param', 'rfirst'), 15646) | ParamSetting(('minisat_simplified.params', 'param', 'sub-lim'), 60926) | ParamSetting(('minisat_simplified.params', 'param', 'rinc'), 164.70110760684292)"
2024-06-12 02:20:04,068	[INFO]	21      SUCCESS              +11552175648.400000 (22.11%) [4 edit(s)] [cached] 
2024-06-12 02:20:04,068	[DEBUG]	patch(21)="ParamSetting(('minisat_simplified.params', 'param', 'rfirst'), 15646) | ParamSetting(('minisat_simplified.params', 'param', 'sub-lim'), 60926) | ParamSetting(('minisat_simplified.params', 'param', 'rinc'), 164.70110760684292) | ParamSetting(('minisat_simplified.params', 'param', 'phase-saving'), 2)"
2024-06-12 02:20:04,068	[INFO]	22      SUCCESS              +11552175648.400000 (22.11%) [3 edit(s)] [cached] 
2024-06-12 02:20:04,069	[DEBUG]	patch(22)="ParamSetting(('minisat_simplified.params', 'param', 'rfirst'), 15646) | ParamSetting(('minisat_simplified.params', 'param', 'sub-lim'), 60926) | ParamSetting(('minisat_simplified.params', 'param', 'rinc'), 164.70110760684292)"
2024-06-12 02:20:04,070	[INFO]	23      SUCCESS              +11552175648.400000 (22.11%) [4 edit(s)] [cached] 
2024-06-12 02:20:04,070	[DEBUG]	patch(23)="ParamSetting(('minisat_simplified.params', 'param', 'rfirst'), 15646) | ParamSetting(('minisat_simplified.params', 'param', 'sub-lim'), 60926) | ParamSetting(('minisat_simplified.params', 'param', 'rinc'), 164.70110760684292) | ParamSetting(('minisat_simplified.params', 'param', 'verb'), '1')"
2024-06-12 02:20:04,071	[INFO]	24      SUCCESS              +11552175648.400000 (22.11%) [3 edit(s)] [cached] 
2024-06-12 02:20:04,071	[DEBUG]	patch(24)="ParamSetting(('minisat_simplified.params', 'param', 'rfirst'), 15646) | ParamSetting(('minisat_simplified.params', 'param', 'sub-lim'), 60926) | ParamSetting(('minisat_simplified.params', 'param', 'rinc'), 164.70110760684292)"
2024-06-12 02:20:04,071	[INFO]	25      SUCCESS               11552378211.799999 (22.11%) [2 edit(s)] [cached] 
2024-06-12 02:20:04,071	[DEBUG]	patch(25)="ParamSetting(('minisat_simplified.params', 'param', 'rfirst'), 15646) | ParamSetting(('minisat_simplified.params', 'param', 'rinc'), 164.70110760684292)"
2024-06-12 02:20:16,109	[DEBUG]	EXEC>  SUCCESS 10203060316.4
2024-06-12 02:20:16,109	[INFO]	26      SUCCESS              *10203060316.400000 (19.53%) [2 edit(s)]  
2024-06-12 02:20:16,109	[DEBUG]	patch(26)="ParamSetting(('minisat_simplified.params', 'param', 'sub-lim'), 60926) | ParamSetting(('minisat_simplified.params', 'param', 'rinc'), 164.70110760684292)"
--- before: minisat_simplified.params
+++ after: minisat_simplified.params
@@ -1,7 +1,7 @@
 luby := 'True'
 rnd-init := 'False'
 gc-frac := 0.2
-rinc := 2.0
+rinc := 164.70110760684292
 var-decay := 0.95
 cla-decay := 0.999
 rnd-freq := 0.0
@@ -15,6 +15,6 @@
 asymm := 'False'
 elim := 'True'
 simp-gc-frac := 0.5
-sub-lim := 1000
+sub-lim := 60926
 cl-lim := 20
 grow := 0

2024-06-12 02:21:14,498	[DEBUG]	EXEC>  SUCCESS 52245767840.4
2024-06-12 02:21:14,498	[INFO]	27      SUCCESS               52245767840.400002 (100.00%) [1 edit(s)]  
2024-06-12 02:21:14,498	[DEBUG]	patch(27)="ParamSetting(('minisat_simplified.params', 'param', 'sub-lim'), 60926)"
2024-06-12 02:21:14,499	[INFO]	28      SUCCESS              +10203060316.400000 (19.53%) [3 edit(s)] [cached] 
2024-06-12 02:21:14,499	[DEBUG]	patch(28)="ParamSetting(('minisat_simplified.params', 'param', 'sub-lim'), 60926) | ParamSetting(('minisat_simplified.params', 'param', 'rinc'), 164.70110760684292) | ParamSetting(('minisat_simplified.params', 'param', 'rcheck'), 'False')"
2024-06-12 02:21:26,514	[DEBUG]	EXEC>  SUCCESS 10203746548.2
2024-06-12 02:21:26,514	[INFO]	29      SUCCESS               10203746548.200001 (19.53%) [4 edit(s)]  
2024-06-12 02:21:26,514	[DEBUG]	patch(29)="ParamSetting(('minisat_simplified.params', 'param', 'sub-lim'), 60926) | ParamSetting(('minisat_simplified.params', 'param', 'rinc'), 164.70110760684292) | ParamSetting(('minisat_simplified.params', 'param', 'rcheck'), 'False') | ParamSetting(('minisat_simplified.params', 'param', 'sub-lim'), 13695)"
2024-06-12 02:21:26,515	[INFO]	30      SUCCESS              +10203060316.400000 (19.53%) [2 edit(s)] [cached] 
2024-06-12 02:21:26,516	[DEBUG]	patch(30)="ParamSetting(('minisat_simplified.params', 'param', 'sub-lim'), 60926) | ParamSetting(('minisat_simplified.params', 'param', 'rinc'), 164.70110760684292)"
2024-06-12 02:21:26,516	[INFO]	31      SUCCESS               52245767840.400002 (100.00%) [1 edit(s)] [cached] 
2024-06-12 02:21:26,516	[DEBUG]	patch(31)="ParamSetting(('minisat_simplified.params', 'param', 'sub-lim'), 60926)"
2024-06-12 02:21:38,526	[DEBUG]	EXEC>  SUCCESS 10203137953.6
2024-06-12 02:21:38,526	[INFO]	32      SUCCESS               10203137953.600000 (19.53%) [1 edit(s)]  
2024-06-12 02:21:38,526	[DEBUG]	patch(32)="ParamSetting(('minisat_simplified.params', 'param', 'rinc'), 164.70110760684292)"
2024-06-12 02:21:51,197	[DEBUG]	EXEC>  SUCCESS 10198864995.4
2024-06-12 02:21:51,197	[INFO]	33      SUCCESS              *10198864995.400000 (19.52%) [3 edit(s)]  
2024-06-12 02:21:51,197	[DEBUG]	patch(33)="ParamSetting(('minisat_simplified.params', 'param', 'sub-lim'), 60926) | ParamSetting(('minisat_simplified.params', 'param', 'rinc'), 164.70110760684292) | ParamSetting(('minisat_simplified.params', 'param', 'verb'), '0')"
--- before: minisat_simplified.params
+++ after: minisat_simplified.params
@@ -1,7 +1,7 @@
 luby := 'True'
 rnd-init := 'False'
 gc-frac := 0.2
-rinc := 2.0
+rinc := 164.70110760684292
 var-decay := 0.95
 cla-decay := 0.999
 rnd-freq := 0.0
@@ -10,11 +10,11 @@
 ccmin-mode := 2
 rfirst := 100
 pre := 'True'
-verb := '1'
+verb := '0'
 rcheck := 'False'
 asymm := 'False'
 elim := 'True'
 simp-gc-frac := 0.5
-sub-lim := 1000
+sub-lim := 60926
 cl-lim := 20
 grow := 0

2024-06-12 02:22:05,486	[DEBUG]	EXEC>  SUCCESS 12176428394.6
2024-06-12 02:22:05,486	[INFO]	34      SUCCESS               12176428394.600000 (23.31%) [4 edit(s)]  
2024-06-12 02:22:05,486	[DEBUG]	patch(34)="ParamSetting(('minisat_simplified.params', 'param', 'sub-lim'), 60926) | ParamSetting(('minisat_simplified.params', 'param', 'rinc'), 164.70110760684292) | ParamSetting(('minisat_simplified.params', 'param', 'verb'), '0') | ParamSetting(('minisat_simplified.params', 'param', 'luby'), 'False')"
2024-06-12 02:23:03,921	[DEBUG]	EXEC>  SUCCESS 52245271540.4
2024-06-12 02:23:03,922	[INFO]	35      SUCCESS               52245271540.400002 (100.00%) [2 edit(s)]  
2024-06-12 02:23:03,922	[DEBUG]	patch(35)="ParamSetting(('minisat_simplified.params', 'param', 'sub-lim'), 60926) | ParamSetting(('minisat_simplified.params', 'param', 'verb'), '0')"
2024-06-12 02:23:17,529	[DEBUG]	EXEC>  SUCCESS 11287202206.4
2024-06-12 02:23:17,529	[INFO]	36      SUCCESS               11287202206.400000 (21.60%) [4 edit(s)]  
2024-06-12 02:23:17,529	[DEBUG]	patch(36)="ParamSetting(('minisat_simplified.params', 'param', 'sub-lim'), 60926) | ParamSetting(('minisat_simplified.params', 'param', 'rinc'), 164.70110760684292) | ParamSetting(('minisat_simplified.params', 'param', 'verb'), '0') | ParamSetting(('minisat_simplified.params', 'param', 'elim'), 'False')"
2024-06-12 02:23:29,852	[DEBUG]	EXEC>  SUCCESS 10200259689.4
2024-06-12 02:23:29,852	[INFO]	37      SUCCESS               10200259689.400000 (19.52%) [4 edit(s)]  
2024-06-12 02:23:29,852	[DEBUG]	patch(37)="ParamSetting(('minisat_simplified.params', 'param', 'sub-lim'), 60926) | ParamSetting(('minisat_simplified.params', 'param', 'rinc'), 164.70110760684292) | ParamSetting(('minisat_simplified.params', 'param', 'verb'), '0') | ParamSetting(('minisat_simplified.params', 'param', 'cl-lim'), 59976)"
2024-06-12 02:23:42,021	[DEBUG]	EXEC>  SUCCESS 10200306568.0
2024-06-12 02:23:42,021	[INFO]	38      SUCCESS               10200306568.000000 (19.52%) [2 edit(s)]  
2024-06-12 02:23:42,021	[DEBUG]	patch(38)="ParamSetting(('minisat_simplified.params', 'param', 'rinc'), 164.70110760684292) | ParamSetting(('minisat_simplified.params', 'param', 'verb'), '0')"
2024-06-12 02:23:54,020	[DEBUG]	EXEC>  SUCCESS 10200440640.2
2024-06-12 02:23:54,020	[INFO]	39      SUCCESS               10200440640.200001 (19.52%) [4 edit(s)]  
2024-06-12 02:23:54,020	[DEBUG]	patch(39)="ParamSetting(('minisat_simplified.params', 'param', 'sub-lim'), 60926) | ParamSetting(('minisat_simplified.params', 'param', 'rinc'), 164.70110760684292) | ParamSetting(('minisat_simplified.params', 'param', 'verb'), '0') | ParamSetting(('minisat_simplified.params', 'param', 'simp-gc-frac'), 278843636.3241605)"
2024-06-12 02:24:27,430	[DEBUG]	EXEC>  SUCCESS 29242240663.4
2024-06-12 02:24:27,430	[INFO]	40      SUCCESS               29242240663.400002 (55.97%) [4 edit(s)]  
2024-06-12 02:24:27,430	[DEBUG]	patch(40)="ParamSetting(('minisat_simplified.params', 'param', 'sub-lim'), 60926) | ParamSetting(('minisat_simplified.params', 'param', 'rinc'), 164.70110760684292) | ParamSetting(('minisat_simplified.params', 'param', 'verb'), '0') | ParamSetting(('minisat_simplified.params', 'param', 'var-decay'), 0.07807654120675322)"
2024-06-12 02:24:27,431	[INFO]	~~~~ END ~~~~
2024-06-12 02:24:27,431	[INFO]	
2024-06-12 02:24:27,431	[INFO]	==== REPORT ====
2024-06-12 02:24:27,431	[INFO]	Termination: time budget
2024-06-12 02:24:27,431	[INFO]	Retries: 5
2024-06-12 02:24:27,431	[INFO]	Log file: /home/jim/magpie/_magpie_logs/minisat_1718154687.log
2024-06-12 02:24:27,431	[INFO]	Patch file: _magpie_logs/minisat_1718154687.patch
2024-06-12 02:24:27,431	[INFO]	Diff file: _magpie_logs/minisat_1718154687.diff
2024-06-12 02:24:27,431	[INFO]	Reference fitness: 52244014123.599998
2024-06-12 02:24:27,431	[INFO]	Best fitness: 10198864995.400000
2024-06-12 02:24:27,431	[INFO]	
2024-06-12 02:24:27,431	[INFO]	==== BEST PATCH ====
ParamSetting(('minisat_simplified.params', 'param', 'sub-lim'), 60926) | ParamSetting(('minisat_simplified.params', 'param', 'rinc'), 164.70110760684292) | ParamSetting(('minisat_simplified.params', 'param', 'verb'), '0')
2024-06-12 02:24:27,432	[INFO]	
2024-06-12 02:24:27,432	[INFO]	==== DIFF ====
[1m--- before: minisat_simplified.params[0m
[1m+++ after: minisat_simplified.params[0m
[36m@@ -1,7 +1,7 @@[0m
 luby := 'True'
 rnd-init := 'False'
 gc-frac := 0.2
[31m-rinc := 2.0[0m
[32m+rinc := 164.70110760684292[0m
 var-decay := 0.95
 cla-decay := 0.999
 rnd-freq := 0.0
[36m@@ -10,11 +10,11 @@[0m
 ccmin-mode := 2
 rfirst := 100
 pre := 'True'
[31m-verb := '1'[0m
[32m+verb := '0'[0m
 rcheck := 'False'
 asymm := 'False'
 elim := 'True'
 simp-gc-frac := 0.5
[31m-sub-lim := 1000[0m
[32m+sub-lim := 60926[0m
 cl-lim := 20
 grow := 0

