2024-06-14 12:41:40,856	[DEBUG]	==== CONFIG ====
[magpie]
import = 
seed = 9600485561592321
log_dir = _magpie_logs
work_dir = _magpie_work
local_original_copy = True
local_original_name = __original__
output_encoding = ascii
edit_retries = 10
default_timeout = 30
default_lengthout = 1e6
diff_method = unified
trust_local_filesystem = True

[magpie.log]
color_output = True
format_info = {counter:<7} {status:<20} {best}{fitness} ({ratio}) [{size}] {cached} {log}
format_debug = patch({counter})="{patch}"{diffifbest}
format_fitness = {:.6f}
format_ratio = {:.2%%}
format_patchif = 
	 --> {patch}
format_diffif = 
	{diff}

[software]
path = examples/sat4j
target_files = test.params
software = BasicSoftware
model_rules = 
	*.params : ParamFileConfigModel
	*.xml : SrcmlModel
	* : LineModel
model_config = 
	*.params : [paramconfig]
	*.xml : [srcml]
init_cmd = 
init_timeout = 60
init_lengthout = -1
setup_cmd = ant sat
setup_timeout = 
setup_lengthout = 
compile_cmd = 
compile_timeout = 
compile_lengthout = 
test_cmd = bash test.sh
test_timeout = 
test_lengthout = 
run_cmd = bash run_fixed.sh
run_timeout = 
run_lengthout = 
retries = 1
batch_timeout = 
batch_lengthout = 
batch_bin_fitness_strategy = aggregate
batch_fitness_strategy = sum
fitness = time

[srcml]
rename = 
	stmt: break continue decl_stmt do expr_stmt for goto if return switch while
	number: literal_number
focus = block stmt operator_comp operator_arith number
internodes = block
process_pseudo_blocks = True
process_literals = True
process_operators = True

[paramconfig]
timing = test run
cli_prefix = --
cli_glue = =
cli_boolean = show
cli_boolean_prefix_true = 
cli_boolean_prefix_false = no-
cli_none = hide
silent_prefix = @
silent_suffix = $

[search]
protocol = BasicProtocol
algorithm = FirstImprovement
possible_edits = ParamSetting
warmup = 3
warmup_strategy = last
max_steps = 1000
max_time = 700
target_fitness = 
cache_maxsize = 100
cache_keep = 0.2
batch_instances = 
batch_shuffle = True
batch_bin_shuffle = False
batch_sample_size = 1

[search.ls]
delete_prob = 0.5
max_neighbours = 
when_trapped = continue
accept_fail = False
tabu_length = 10

[search.gp]
pop_size = 10
delete_prob = 0.5
offspring_elitism = 0.1
offspring_crossover = 0.5
offspring_mutation = 0.4
uniform_rate = 0.5
batch_reset = True

[search.minify]
do_cleanup = True
do_rebuild = True
do_simplify = True
round_robin_limit = 3


2024-06-14 12:41:40,857	[DEBUG]	
2024-06-14 12:41:40,857	[INFO]	==== SEARCH: FirstImprovement ====
2024-06-14 12:41:40,857	[INFO]	~~~~ WARMUP ~~~~
2024-06-14 12:41:58,881	[DEBUG]	EXEC>  SUCCESS 7.295
2024-06-14 12:41:58,881	[INFO]	WARM    SUCCESS               7.295000 (--) [0 edit(s)]  
2024-06-14 12:42:10,768	[DEBUG]	EXEC>  SUCCESS 7.4109
2024-06-14 12:42:10,769	[INFO]	WARM    SUCCESS               7.410900 (--) [0 edit(s)]  
2024-06-14 12:42:22,596	[DEBUG]	EXEC>  SUCCESS 7.2496
2024-06-14 12:42:22,596	[INFO]	WARM    SUCCESS               7.249600 (--) [0 edit(s)]  
2024-06-14 12:42:22,596	[INFO]	REF     SUCCESS               7.249600 (--) [0 edit(s)]  
2024-06-14 12:42:22,596	[INFO]	
2024-06-14 12:42:22,596	[INFO]	~~~~ START ~~~~
2024-06-14 12:42:34,650	[DEBUG]	EXEC>  SUCCESS 7.4676
2024-06-14 12:42:34,650	[INFO]	1       SUCCESS               7.467600 (103.01%) [1 edit(s)]  
2024-06-14 12:42:34,650	[DEBUG]	patch(1)="ParamSetting(('test.params', 'param', 'VARDECAY'), 0.7797391020573432)"
2024-06-14 12:42:46,531	[DEBUG]	EXEC>  SUCCESS 7.3473
2024-06-14 12:42:46,531	[INFO]	2       SUCCESS               7.347300 (101.35%) [1 edit(s)]  
2024-06-14 12:42:46,531	[DEBUG]	patch(2)="ParamSetting(('test.params', 'param', 'SIMP'), 'NO_SIMPLIFICATION')"
2024-06-14 12:42:58,235	[DEBUG]	EXEC>  SUCCESS 7.1765
2024-06-14 12:42:58,235	[INFO]	3       SUCCESS              *7.176500 (98.99%) [1 edit(s)]  
2024-06-14 12:42:58,235	[DEBUG]	patch(3)="ParamSetting(('test.params', 'param', 'FIXEDPERIOD'), 3267)"
--- before: test.params
+++ after: test.params
@@ -1,6 +1,6 @@
 RESTARTS := 'Glucose21Restarts'
 LUBYFACTOR := 512
-FIXEDPERIOD := 100
+FIXEDPERIOD := 3267
 PHASE := 'RSATPhaseSelectionStrategy'
 CLADECAY := 0.999
 INITCONFLICTBOUND := 100

2024-06-14 12:42:58,236	[INFO]	4       SUCCESS               7.249600 (100.00%) [0 edit(s)] [cached] 
2024-06-14 12:42:58,236	[DEBUG]	patch(4)=""
2024-06-14 12:43:10,091	[DEBUG]	EXEC>  SUCCESS 7.3179
2024-06-14 12:43:10,091	[INFO]	5       SUCCESS               7.317900 (100.94%) [2 edit(s)]  
2024-06-14 12:43:10,092	[DEBUG]	patch(5)="ParamSetting(('test.params', 'param', 'FIXEDPERIOD'), 3267) | ParamSetting(('test.params', 'param', 'RESTARTS'), 'ArminRestarts')"
2024-06-14 12:43:21,866	[DEBUG]	EXEC>  SUCCESS 7.1798
2024-06-14 12:43:21,866	[INFO]	6       SUCCESS               7.179800 (99.04%) [2 edit(s)]  
2024-06-14 12:43:21,866	[DEBUG]	patch(6)="ParamSetting(('test.params', 'param', 'FIXEDPERIOD'), 3267) | ParamSetting(('test.params', 'param', 'RESTARTS'), 'FixedPeriodRestarts')"
2024-06-14 12:43:33,579	[DEBUG]	EXEC>  SUCCESS 7.195
2024-06-14 12:43:33,579	[INFO]	7       SUCCESS               7.195000 (99.25%) [2 edit(s)]  
2024-06-14 12:43:33,579	[DEBUG]	patch(7)="ParamSetting(('test.params', 'param', 'FIXEDPERIOD'), 3267) | ParamSetting(('test.params', 'param', 'VARDECAY'), 0.9013957867995636)"
2024-06-14 12:43:45,449	[DEBUG]	EXEC>  SUCCESS 7.3037
2024-06-14 12:43:45,449	[INFO]	8       SUCCESS               7.303700 (100.75%) [2 edit(s)]  
2024-06-14 12:43:45,449	[DEBUG]	patch(8)="ParamSetting(('test.params', 'param', 'FIXEDPERIOD'), 3267) | ParamSetting(('test.params', 'param', 'VARDECAY'), 0.49266468550457176)"
2024-06-14 12:43:57,515	[DEBUG]	EXEC>  SUCCESS 7.4744
2024-06-14 12:43:57,516	[INFO]	9       SUCCESS               7.474400 (103.10%) [2 edit(s)]  
2024-06-14 12:43:57,516	[DEBUG]	patch(9)="ParamSetting(('test.params', 'param', 'FIXEDPERIOD'), 3267) | ParamSetting(('test.params', 'param', 'CONFLICTBOUNDINCFACTOR'), 3.8163939989575706)"
2024-06-14 12:44:09,871	[DEBUG]	EXEC>  SUCCESS 7.6318
2024-06-14 12:44:09,871	[INFO]	10      SUCCESS               7.631800 (105.27%) [2 edit(s)]  
2024-06-14 12:44:09,871	[DEBUG]	patch(10)="ParamSetting(('test.params', 'param', 'FIXEDPERIOD'), 3267) | ParamSetting(('test.params', 'param', 'CONFLICTBOUNDINCFACTOR'), 1.9051576346879573)"
2024-06-14 12:44:22,152	[DEBUG]	EXEC>  SUCCESS 7.5817
2024-06-14 12:44:22,152	[INFO]	11      SUCCESS               7.581700 (104.58%) [2 edit(s)]  
2024-06-14 12:44:22,152	[DEBUG]	patch(11)="ParamSetting(('test.params', 'param', 'FIXEDPERIOD'), 3267) | ParamSetting(('test.params', 'param', 'FIXEDPERIOD'), 8127)"
2024-06-14 12:44:34,421	[DEBUG]	EXEC>  SUCCESS 7.6678
2024-06-14 12:44:34,421	[INFO]	12      SUCCESS               7.667800 (105.77%) [2 edit(s)]  
2024-06-14 12:44:34,421	[DEBUG]	patch(12)="ParamSetting(('test.params', 'param', 'FIXEDPERIOD'), 3267) | ParamSetting(('test.params', 'param', 'INITCONFLICTBOUND'), 200)"
2024-06-14 12:44:34,422	[INFO]	13      SUCCESS               7.179800 (99.04%) [2 edit(s)] [cached] 
2024-06-14 12:44:34,423	[DEBUG]	patch(13)="ParamSetting(('test.params', 'param', 'FIXEDPERIOD'), 3267) | ParamSetting(('test.params', 'param', 'RESTARTS'), 'FixedPeriodRestarts')"
2024-06-14 12:44:47,038	[DEBUG]	EXEC>  SUCCESS 7.7663
2024-06-14 12:44:47,038	[INFO]	14      SUCCESS               7.766300 (107.13%) [2 edit(s)]  
2024-06-14 12:44:47,038	[DEBUG]	patch(14)="ParamSetting(('test.params', 'param', 'FIXEDPERIOD'), 3267) | ParamSetting(('test.params', 'param', 'LUBYFACTOR'), 235)"
2024-06-14 12:44:59,124	[DEBUG]	EXEC>  SUCCESS 7.4572
2024-06-14 12:44:59,124	[INFO]	15      SUCCESS               7.457200 (102.86%) [2 edit(s)]  
2024-06-14 12:44:59,124	[DEBUG]	patch(15)="ParamSetting(('test.params', 'param', 'FIXEDPERIOD'), 3267) | ParamSetting(('test.params', 'param', 'INITCONFLICTBOUND'), 39)"
2024-06-14 12:45:11,257	[DEBUG]	EXEC>  SUCCESS 7.4747
2024-06-14 12:45:11,257	[INFO]	16      SUCCESS               7.474700 (103.10%) [2 edit(s)]  
2024-06-14 12:45:11,258	[DEBUG]	patch(16)="ParamSetting(('test.params', 'param', 'FIXEDPERIOD'), 3267) | ParamSetting(('test.params', 'param', 'SIMP'), 'NO_SIMPLIFICATION')"
2024-06-14 12:45:23,476	[DEBUG]	EXEC>  SUCCESS 7.5325
2024-06-14 12:45:23,476	[INFO]	17      SUCCESS               7.532500 (103.90%) [2 edit(s)]  
2024-06-14 12:45:23,476	[DEBUG]	patch(17)="ParamSetting(('test.params', 'param', 'FIXEDPERIOD'), 3267) | ParamSetting(('test.params', 'param', 'LUBYFACTOR'), 62)"
2024-06-14 12:45:35,590	[DEBUG]	EXEC>  SUCCESS 7.493
2024-06-14 12:45:35,590	[INFO]	18      SUCCESS               7.493000 (103.36%) [2 edit(s)]  
2024-06-14 12:45:35,591	[DEBUG]	patch(18)="ParamSetting(('test.params', 'param', 'FIXEDPERIOD'), 3267) | ParamSetting(('test.params', 'param', 'INITCONFLICTBOUND'), 21)"
2024-06-14 12:45:47,722	[DEBUG]	EXEC>  SUCCESS 7.4495
2024-06-14 12:45:47,722	[INFO]	19      SUCCESS               7.449500 (102.76%) [2 edit(s)]  
2024-06-14 12:45:47,723	[DEBUG]	patch(19)="ParamSetting(('test.params', 'param', 'FIXEDPERIOD'), 3267) | ParamSetting(('test.params', 'param', 'LUBYFACTOR'), 67)"
2024-06-14 12:45:59,892	[DEBUG]	EXEC>  SUCCESS 7.4489
2024-06-14 12:45:59,893	[INFO]	20      SUCCESS               7.448900 (102.75%) [2 edit(s)]  
2024-06-14 12:45:59,893	[DEBUG]	patch(20)="ParamSetting(('test.params', 'param', 'FIXEDPERIOD'), 3267) | ParamSetting(('test.params', 'param', 'CONFLICTBOUNDINCFACTOR'), 2.0805985054096476)"
2024-06-14 12:46:12,212	[DEBUG]	EXEC>  SUCCESS 7.6175
2024-06-14 12:46:12,212	[INFO]	21      SUCCESS               7.617500 (105.07%) [2 edit(s)]  
2024-06-14 12:46:12,212	[DEBUG]	patch(21)="ParamSetting(('test.params', 'param', 'FIXEDPERIOD'), 3267) | ParamSetting(('test.params', 'param', 'FIXEDPERIOD'), 16606)"
2024-06-14 12:46:24,427	[DEBUG]	EXEC>  SUCCESS 7.4747
2024-06-14 12:46:24,428	[INFO]	22      SUCCESS               7.474700 (103.10%) [2 edit(s)]  
2024-06-14 12:46:24,428	[DEBUG]	patch(22)="ParamSetting(('test.params', 'param', 'FIXEDPERIOD'), 3267) | ParamSetting(('test.params', 'param', 'CLEANING'), 'LBD')"
2024-06-14 12:46:36,573	[DEBUG]	EXEC>  SUCCESS 7.4556
2024-06-14 12:46:36,574	[INFO]	23      SUCCESS               7.455600 (102.84%) [2 edit(s)]  
2024-06-14 12:46:36,574	[DEBUG]	patch(23)="ParamSetting(('test.params', 'param', 'FIXEDPERIOD'), 3267) | ParamSetting(('test.params', 'param', 'RESTARTS'), 'NoRestarts')"
2024-06-14 12:46:48,827	[DEBUG]	EXEC>  SUCCESS 7.5568
2024-06-14 12:46:48,828	[INFO]	24      SUCCESS               7.556800 (104.24%) [2 edit(s)]  
2024-06-14 12:46:48,828	[DEBUG]	patch(24)="ParamSetting(('test.params', 'param', 'FIXEDPERIOD'), 3267) | ParamSetting(('test.params', 'param', 'CLEANING'), 'ACTIVITY')"
2024-06-14 12:47:00,987	[DEBUG]	EXEC>  SUCCESS 7.501
2024-06-14 12:47:00,988	[INFO]	25      SUCCESS               7.501000 (103.47%) [2 edit(s)]  
2024-06-14 12:47:00,988	[DEBUG]	patch(25)="ParamSetting(('test.params', 'param', 'FIXEDPERIOD'), 3267) | ParamSetting(('test.params', 'param', 'LUBYFACTOR'), 303)"
2024-06-14 12:47:13,102	[DEBUG]	EXEC>  SUCCESS 7.475
2024-06-14 12:47:13,102	[INFO]	26      SUCCESS               7.475000 (103.11%) [2 edit(s)]  
2024-06-14 12:47:13,102	[DEBUG]	patch(26)="ParamSetting(('test.params', 'param', 'FIXEDPERIOD'), 3267) | ParamSetting(('test.params', 'param', 'VARDECAY'), 0.0496767807418782)"
2024-06-14 12:47:25,358	[DEBUG]	EXEC>  SUCCESS 7.5141
2024-06-14 12:47:25,358	[INFO]	27      SUCCESS               7.514100 (103.65%) [2 edit(s)]  
2024-06-14 12:47:25,358	[DEBUG]	patch(27)="ParamSetting(('test.params', 'param', 'FIXEDPERIOD'), 3267) | ParamSetting(('test.params', 'param', 'INITCONFLICTBOUND'), 8)"
2024-06-14 12:47:37,473	[DEBUG]	EXEC>  SUCCESS 7.4879
2024-06-14 12:47:37,473	[INFO]	28      SUCCESS               7.487900 (103.29%) [2 edit(s)]  
2024-06-14 12:47:37,473	[DEBUG]	patch(28)="ParamSetting(('test.params', 'param', 'FIXEDPERIOD'), 3267) | ParamSetting(('test.params', 'param', 'INITCONFLICTBOUND'), 182)"
2024-06-14 12:47:49,533	[DEBUG]	EXEC>  SUCCESS 7.4417
2024-06-14 12:47:49,534	[INFO]	29      SUCCESS               7.441700 (102.65%) [2 edit(s)]  
2024-06-14 12:47:49,534	[DEBUG]	patch(29)="ParamSetting(('test.params', 'param', 'FIXEDPERIOD'), 3267) | ParamSetting(('test.params', 'param', 'VARDECAY'), 0.15286464457973536)"
2024-06-14 12:47:49,535	[INFO]	30      SUCCESS              +7.176500 (98.99%) [2 edit(s)] [cached] 
2024-06-14 12:47:49,535	[DEBUG]	patch(30)="ParamSetting(('test.params', 'param', 'FIXEDPERIOD'), 3267) | ParamSetting(('test.params', 'param', 'SIMP'), 'EXPENSIVE_SIMPLIFICATION')"
2024-06-14 12:47:49,536	[INFO]	31      SUCCESS               7.249600 (100.00%) [1 edit(s)] [cached] 
2024-06-14 12:47:49,536	[DEBUG]	patch(31)="ParamSetting(('test.params', 'param', 'SIMP'), 'EXPENSIVE_SIMPLIFICATION')"
2024-06-14 12:48:01,693	[DEBUG]	EXEC>  SUCCESS 7.4569
2024-06-14 12:48:01,694	[INFO]	32      SUCCESS               7.456900 (102.86%) [3 edit(s)]  
2024-06-14 12:48:01,694	[DEBUG]	patch(32)="ParamSetting(('test.params', 'param', 'FIXEDPERIOD'), 3267) | ParamSetting(('test.params', 'param', 'SIMP'), 'EXPENSIVE_SIMPLIFICATION') | ParamSetting(('test.params', 'param', 'PHASE'), 'PhaseCachingAutoEraseStrategy')"
2024-06-14 12:48:13,919	[DEBUG]	EXEC>  SUCCESS 7.5061
2024-06-14 12:48:13,919	[INFO]	33      SUCCESS               7.506100 (103.54%) [3 edit(s)]  
2024-06-14 12:48:13,919	[DEBUG]	patch(33)="ParamSetting(('test.params', 'param', 'FIXEDPERIOD'), 3267) | ParamSetting(('test.params', 'param', 'SIMP'), 'EXPENSIVE_SIMPLIFICATION') | ParamSetting(('test.params', 'param', 'VARDECAY'), 0.1791767016318292)"
2024-06-14 12:48:25,952	[DEBUG]	EXEC>  SUCCESS 7.3987
2024-06-14 12:48:25,953	[INFO]	34      SUCCESS               7.398700 (102.06%) [3 edit(s)]  
2024-06-14 12:48:25,953	[DEBUG]	patch(34)="ParamSetting(('test.params', 'param', 'FIXEDPERIOD'), 3267) | ParamSetting(('test.params', 'param', 'SIMP'), 'EXPENSIVE_SIMPLIFICATION') | ParamSetting(('test.params', 'param', 'LUBYFACTOR'), 277)"
2024-06-14 12:48:25,954	[INFO]	35      SUCCESS               7.474700 (103.10%) [3 edit(s)] [cached] 
2024-06-14 12:48:25,954	[DEBUG]	patch(35)="ParamSetting(('test.params', 'param', 'FIXEDPERIOD'), 3267) | ParamSetting(('test.params', 'param', 'SIMP'), 'EXPENSIVE_SIMPLIFICATION') | ParamSetting(('test.params', 'param', 'CLEANING'), 'LBD')"
2024-06-14 12:48:37,932	[DEBUG]	EXEC>  SUCCESS 7.4333
2024-06-14 12:48:37,933	[INFO]	36      SUCCESS               7.433300 (102.53%) [3 edit(s)]  
2024-06-14 12:48:37,933	[DEBUG]	patch(36)="ParamSetting(('test.params', 'param', 'FIXEDPERIOD'), 3267) | ParamSetting(('test.params', 'param', 'SIMP'), 'EXPENSIVE_SIMPLIFICATION') | ParamSetting(('test.params', 'param', 'CLADECAY'), 0.15383890855174198)"
2024-06-14 12:48:49,870	[DEBUG]	EXEC>  SUCCESS 7.3435
2024-06-14 12:48:49,870	[INFO]	37      SUCCESS               7.343500 (101.30%) [3 edit(s)]  
2024-06-14 12:48:49,870	[DEBUG]	patch(37)="ParamSetting(('test.params', 'param', 'FIXEDPERIOD'), 3267) | ParamSetting(('test.params', 'param', 'SIMP'), 'EXPENSIVE_SIMPLIFICATION') | ParamSetting(('test.params', 'param', 'LUBYFACTOR'), 325)"
2024-06-14 12:48:49,871	[INFO]	38      SUCCESS              +7.176500 (98.99%) [1 edit(s)] [cached] 
2024-06-14 12:48:49,871	[DEBUG]	patch(38)="ParamSetting(('test.params', 'param', 'FIXEDPERIOD'), 3267)"
2024-06-14 12:48:49,871	[INFO]	39      SUCCESS               7.249600 (100.00%) [0 edit(s)] [cached] 
2024-06-14 12:48:49,871	[DEBUG]	patch(39)=""
2024-06-14 12:49:02,054	[DEBUG]	EXEC>  SUCCESS 7.5811
2024-06-14 12:49:02,054	[INFO]	40      SUCCESS               7.581100 (104.57%) [2 edit(s)]  
2024-06-14 12:49:02,054	[DEBUG]	patch(40)="ParamSetting(('test.params', 'param', 'FIXEDPERIOD'), 3267) | ParamSetting(('test.params', 'param', 'FIXEDPERIOD'), 24418)"
2024-06-14 12:49:14,153	[DEBUG]	EXEC>  SUCCESS 7.4235
2024-06-14 12:49:14,154	[INFO]	41      SUCCESS               7.423500 (102.40%) [2 edit(s)]  
2024-06-14 12:49:14,154	[DEBUG]	patch(41)="ParamSetting(('test.params', 'param', 'FIXEDPERIOD'), 3267) | ParamSetting(('test.params', 'param', 'FIXEDPERIOD'), 3647)"
2024-06-14 12:49:26,183	[DEBUG]	EXEC>  SUCCESS 7.4983
2024-06-14 12:49:26,183	[INFO]	42      SUCCESS               7.498300 (103.43%) [2 edit(s)]  
2024-06-14 12:49:26,183	[DEBUG]	patch(42)="ParamSetting(('test.params', 'param', 'FIXEDPERIOD'), 3267) | ParamSetting(('test.params', 'param', 'INITCONFLICTBOUND'), 48)"
2024-06-14 12:49:38,181	[DEBUG]	EXEC>  SUCCESS 7.4978
2024-06-14 12:49:38,181	[INFO]	43      SUCCESS               7.497800 (103.42%) [2 edit(s)]  
2024-06-14 12:49:38,181	[DEBUG]	patch(43)="ParamSetting(('test.params', 'param', 'FIXEDPERIOD'), 3267) | ParamSetting(('test.params', 'param', 'FIXEDPERIOD'), 6407)"
2024-06-14 12:49:38,183	[INFO]	44      SUCCESS               7.456900 (102.86%) [2 edit(s)] [cached] 
2024-06-14 12:49:38,183	[DEBUG]	patch(44)="ParamSetting(('test.params', 'param', 'FIXEDPERIOD'), 3267) | ParamSetting(('test.params', 'param', 'PHASE'), 'PhaseCachingAutoEraseStrategy')"
2024-06-14 12:49:50,223	[DEBUG]	EXEC>  SUCCESS 7.3385
2024-06-14 12:49:50,223	[INFO]	45      SUCCESS               7.338500 (101.23%) [2 edit(s)]  
2024-06-14 12:49:50,224	[DEBUG]	patch(45)="ParamSetting(('test.params', 'param', 'FIXEDPERIOD'), 3267) | ParamSetting(('test.params', 'param', 'CONFLICTBOUNDINCFACTOR'), 1.5241883470175532)"
2024-06-14 12:50:02,317	[DEBUG]	EXEC>  SUCCESS 7.4127
2024-06-14 12:50:02,317	[INFO]	46      SUCCESS               7.412700 (102.25%) [2 edit(s)]  
2024-06-14 12:50:02,318	[DEBUG]	patch(46)="ParamSetting(('test.params', 'param', 'FIXEDPERIOD'), 3267) | ParamSetting(('test.params', 'param', 'INITCONFLICTBOUND'), 141)"
2024-06-14 12:50:02,319	[INFO]	47      SUCCESS               7.474700 (103.10%) [2 edit(s)] [cached] 
2024-06-14 12:50:02,319	[DEBUG]	patch(47)="ParamSetting(('test.params', 'param', 'FIXEDPERIOD'), 3267) | ParamSetting(('test.params', 'param', 'SIMP'), 'NO_SIMPLIFICATION')"
2024-06-14 12:50:02,323	[INFO]	48      SUCCESS               7.474700 (103.10%) [2 edit(s)] [cached] 
2024-06-14 12:50:02,323	[DEBUG]	patch(48)="ParamSetting(('test.params', 'param', 'FIXEDPERIOD'), 3267) | ParamSetting(('test.params', 'param', 'CLEANING'), 'LBD')"
2024-06-14 12:50:14,436	[DEBUG]	EXEC>  SUCCESS 7.5324
2024-06-14 12:50:14,436	[INFO]	49      SUCCESS               7.532400 (103.90%) [2 edit(s)]  
2024-06-14 12:50:14,436	[DEBUG]	patch(49)="ParamSetting(('test.params', 'param', 'FIXEDPERIOD'), 3267) | ParamSetting(('test.params', 'param', 'LUBYFACTOR'), 41)"
2024-06-14 12:50:14,438	[INFO]	50      SUCCESS               7.412700 (102.25%) [2 edit(s)] [cached] 
2024-06-14 12:50:14,438	[DEBUG]	patch(50)="ParamSetting(('test.params', 'param', 'FIXEDPERIOD'), 3267) | ParamSetting(('test.params', 'param', 'INITCONFLICTBOUND'), 141)"
2024-06-14 12:50:14,439	[INFO]	51      SUCCESS               7.556800 (104.24%) [2 edit(s)] [cached] 
2024-06-14 12:50:14,439	[DEBUG]	patch(51)="ParamSetting(('test.params', 'param', 'FIXEDPERIOD'), 3267) | ParamSetting(('test.params', 'param', 'CLEANING'), 'ACTIVITY')"
2024-06-14 12:50:14,440	[INFO]	52      SUCCESS              +7.176500 (98.99%) [2 edit(s)] [cached] 
2024-06-14 12:50:14,440	[DEBUG]	patch(52)="ParamSetting(('test.params', 'param', 'FIXEDPERIOD'), 3267) | ParamSetting(('test.params', 'param', 'PHASE'), 'RSATPhaseSelectionStrategy')"
2024-06-14 12:50:14,441	[INFO]	53      SUCCESS               7.249600 (100.00%) [1 edit(s)] [cached] 
2024-06-14 12:50:14,441	[DEBUG]	patch(53)="ParamSetting(('test.params', 'param', 'PHASE'), 'RSATPhaseSelectionStrategy')"
2024-06-14 12:50:26,912	[DEBUG]	EXEC>  SUCCESS 7.7011
2024-06-14 12:50:26,912	[INFO]	54      SUCCESS               7.701100 (106.23%) [3 edit(s)]  
2024-06-14 12:50:26,912	[DEBUG]	patch(54)="ParamSetting(('test.params', 'param', 'FIXEDPERIOD'), 3267) | ParamSetting(('test.params', 'param', 'PHASE'), 'RSATPhaseSelectionStrategy') | ParamSetting(('test.params', 'param', 'PHASE'), 'PhaseInLastLearnedClauseSelectionStrategy')"
2024-06-14 12:50:38,995	[DEBUG]	EXEC>  SUCCESS 7.403
2024-06-14 12:50:38,995	[INFO]	55      SUCCESS               7.403000 (102.12%) [3 edit(s)]  
2024-06-14 12:50:38,995	[DEBUG]	patch(55)="ParamSetting(('test.params', 'param', 'FIXEDPERIOD'), 3267) | ParamSetting(('test.params', 'param', 'PHASE'), 'RSATPhaseSelectionStrategy') | ParamSetting(('test.params', 'param', 'CLADECAY'), 0.35471399627444933)"
2024-06-14 12:50:38,997	[INFO]	56      SUCCESS              +7.176500 (98.99%) [1 edit(s)] [cached] 
2024-06-14 12:50:38,997	[DEBUG]	patch(56)="ParamSetting(('test.params', 'param', 'FIXEDPERIOD'), 3267)"
2024-06-14 12:50:51,121	[DEBUG]	EXEC>  SUCCESS 7.4655
2024-06-14 12:50:51,122	[INFO]	57      SUCCESS               7.465500 (102.98%) [2 edit(s)]  
2024-06-14 12:50:51,122	[DEBUG]	patch(57)="ParamSetting(('test.params', 'param', 'FIXEDPERIOD'), 3267) | ParamSetting(('test.params', 'param', 'VARDECAY'), 0.1475766914252561)"
2024-06-14 12:50:51,122	[INFO]	58      SUCCESS               7.249600 (100.00%) [0 edit(s)] [cached] 
2024-06-14 12:50:51,122	[DEBUG]	patch(58)=""
2024-06-14 12:51:03,180	[DEBUG]	EXEC>  SUCCESS 7.4122
2024-06-14 12:51:03,180	[INFO]	59      SUCCESS               7.412200 (102.24%) [2 edit(s)]  
2024-06-14 12:51:03,180	[DEBUG]	patch(59)="ParamSetting(('test.params', 'param', 'FIXEDPERIOD'), 3267) | ParamSetting(('test.params', 'param', 'VARDECAY'), 0.8208447333937361)"
2024-06-14 12:51:15,408	[DEBUG]	EXEC>  SUCCESS 7.5415
2024-06-14 12:51:15,408	[INFO]	60      SUCCESS               7.541500 (104.03%) [2 edit(s)]  
2024-06-14 12:51:15,409	[DEBUG]	patch(60)="ParamSetting(('test.params', 'param', 'FIXEDPERIOD'), 3267) | ParamSetting(('test.params', 'param', 'INITCONFLICTBOUND'), 14)"
2024-06-14 12:51:27,646	[DEBUG]	EXEC>  SUCCESS 7.6258
2024-06-14 12:51:27,646	[INFO]	61      SUCCESS               7.625800 (105.19%) [2 edit(s)]  
2024-06-14 12:51:27,646	[DEBUG]	patch(61)="ParamSetting(('test.params', 'param', 'FIXEDPERIOD'), 3267) | ParamSetting(('test.params', 'param', 'FIXEDPERIOD'), 13505)"
2024-06-14 12:51:39,862	[DEBUG]	EXEC>  SUCCESS 7.4749
2024-06-14 12:51:39,863	[INFO]	62      SUCCESS               7.474900 (103.11%) [2 edit(s)]  
2024-06-14 12:51:39,863	[DEBUG]	patch(62)="ParamSetting(('test.params', 'param', 'FIXEDPERIOD'), 3267) | ParamSetting(('test.params', 'param', 'CLADECAY'), 0.3638836225687794)"
2024-06-14 12:51:39,863	[INFO]	63      SUCCESS               7.317900 (100.94%) [2 edit(s)] [cached] 
2024-06-14 12:51:39,863	[DEBUG]	patch(63)="ParamSetting(('test.params', 'param', 'FIXEDPERIOD'), 3267) | ParamSetting(('test.params', 'param', 'RESTARTS'), 'ArminRestarts')"
2024-06-14 12:51:52,028	[DEBUG]	EXEC>  SUCCESS 7.6077
2024-06-14 12:51:52,029	[INFO]	64      SUCCESS               7.607700 (104.94%) [2 edit(s)]  
2024-06-14 12:51:52,029	[DEBUG]	patch(64)="ParamSetting(('test.params', 'param', 'FIXEDPERIOD'), 3267) | ParamSetting(('test.params', 'param', 'FIXEDPERIOD'), 13638)"
2024-06-14 12:52:04,103	[DEBUG]	EXEC>  SUCCESS 7.4414
2024-06-14 12:52:04,104	[INFO]	65      SUCCESS               7.441400 (102.65%) [2 edit(s)]  
2024-06-14 12:52:04,104	[DEBUG]	patch(65)="ParamSetting(('test.params', 'param', 'FIXEDPERIOD'), 3267) | ParamSetting(('test.params', 'param', 'FIXEDPERIOD'), 616)"
2024-06-14 12:52:16,212	[DEBUG]	EXEC>  SUCCESS 7.4495
2024-06-14 12:52:16,212	[INFO]	66      SUCCESS               7.449500 (102.76%) [2 edit(s)]  
2024-06-14 12:52:16,212	[DEBUG]	patch(66)="ParamSetting(('test.params', 'param', 'FIXEDPERIOD'), 3267) | ParamSetting(('test.params', 'param', 'CONFLICTBOUNDINCFACTOR'), 1.6061129597697872)"
2024-06-14 12:52:28,483	[DEBUG]	EXEC>  SUCCESS 7.4683
2024-06-14 12:52:28,483	[INFO]	67      SUCCESS               7.468300 (103.02%) [2 edit(s)]  
2024-06-14 12:52:28,484	[DEBUG]	patch(67)="ParamSetting(('test.params', 'param', 'FIXEDPERIOD'), 3267) | ParamSetting(('test.params', 'param', 'LUBYFACTOR'), 383)"
2024-06-14 12:52:40,559	[DEBUG]	EXEC>  SUCCESS 7.4621
2024-06-14 12:52:40,560	[INFO]	68      SUCCESS               7.462100 (102.93%) [2 edit(s)]  
2024-06-14 12:52:40,560	[DEBUG]	patch(68)="ParamSetting(('test.params', 'param', 'FIXEDPERIOD'), 3267) | ParamSetting(('test.params', 'param', 'VARDECAY'), 0.3171979697129601)"
2024-06-14 12:52:40,561	[INFO]	69      SUCCESS               7.474700 (103.10%) [2 edit(s)] [cached] 
2024-06-14 12:52:40,561	[DEBUG]	patch(69)="ParamSetting(('test.params', 'param', 'FIXEDPERIOD'), 3267) | ParamSetting(('test.params', 'param', 'CLEANING'), 'LBD')"
2024-06-14 12:52:52,560	[DEBUG]	EXEC>  SUCCESS 7.3439
2024-06-14 12:52:52,560	[INFO]	70      SUCCESS               7.343900 (101.30%) [2 edit(s)]  
2024-06-14 12:52:52,560	[DEBUG]	patch(70)="ParamSetting(('test.params', 'param', 'FIXEDPERIOD'), 3267) | ParamSetting(('test.params', 'param', 'FIXEDPERIOD'), 10644)"
2024-06-14 12:53:04,549	[DEBUG]	EXEC>  SUCCESS 7.4121
2024-06-14 12:53:04,549	[INFO]	71      SUCCESS               7.412100 (102.24%) [2 edit(s)]  
2024-06-14 12:53:04,550	[DEBUG]	patch(71)="ParamSetting(('test.params', 'param', 'FIXEDPERIOD'), 3267) | ParamSetting(('test.params', 'param', 'VARDECAY'), 0.10769908110948745)"
2024-06-14 12:53:16,640	[DEBUG]	EXEC>  SUCCESS 7.4018
2024-06-14 12:53:16,640	[INFO]	72      SUCCESS               7.401800 (102.10%) [2 edit(s)]  
2024-06-14 12:53:16,640	[DEBUG]	patch(72)="ParamSetting(('test.params', 'param', 'FIXEDPERIOD'), 3267) | ParamSetting(('test.params', 'param', 'CONFLICTBOUNDINCFACTOR'), 3.3664373205832483)"
2024-06-14 12:53:16,641	[INFO]	73      SUCCESS               7.474700 (103.10%) [2 edit(s)] [cached] 
2024-06-14 12:53:16,642	[DEBUG]	patch(73)="ParamSetting(('test.params', 'param', 'FIXEDPERIOD'), 3267) | ParamSetting(('test.params', 'param', 'SIMP'), 'NO_SIMPLIFICATION')"
2024-06-14 12:53:28,765	[DEBUG]	EXEC>  SUCCESS 7.441
2024-06-14 12:53:28,765	[INFO]	74      SUCCESS               7.441000 (102.64%) [2 edit(s)]  
2024-06-14 12:53:28,766	[DEBUG]	patch(74)="ParamSetting(('test.params', 'param', 'FIXEDPERIOD'), 3267) | ParamSetting(('test.params', 'param', 'CLADECAY'), 0.3895155689517378)"
2024-06-14 12:53:28,767	[INFO]	75      SUCCESS              +7.176500 (98.99%) [2 edit(s)] [cached] 
2024-06-14 12:53:28,767	[DEBUG]	patch(75)="ParamSetting(('test.params', 'param', 'FIXEDPERIOD'), 3267) | ParamSetting(('test.params', 'param', 'SIMP'), 'EXPENSIVE_SIMPLIFICATION')"
2024-06-14 12:53:28,768	[INFO]	76      SUCCESS               7.249600 (100.00%) [1 edit(s)] [cached] 
2024-06-14 12:53:28,768	[DEBUG]	patch(76)="ParamSetting(('test.params', 'param', 'SIMP'), 'EXPENSIVE_SIMPLIFICATION')"
2024-06-14 12:53:28,769	[INFO]	77      SUCCESS              +7.176500 (98.99%) [1 edit(s)] [cached] 
2024-06-14 12:53:28,769	[DEBUG]	patch(77)="ParamSetting(('test.params', 'param', 'FIXEDPERIOD'), 3267)"
2024-06-14 12:53:40,802	[DEBUG]	EXEC>  SUCCESS 7.4246
2024-06-14 12:53:40,802	[INFO]	78      SUCCESS               7.424600 (102.41%) [2 edit(s)]  
2024-06-14 12:53:40,802	[DEBUG]	patch(78)="ParamSetting(('test.params', 'param', 'FIXEDPERIOD'), 3267) | ParamSetting(('test.params', 'param', 'CONFLICTBOUNDINCFACTOR'), 1.5434549297424849)"
2024-06-14 12:53:40,803	[INFO]	79      SUCCESS               7.249600 (100.00%) [0 edit(s)] [cached] 
2024-06-14 12:53:40,803	[DEBUG]	patch(79)=""
2024-06-14 12:53:53,159	[DEBUG]	EXEC>  SUCCESS 7.5891
2024-06-14 12:53:53,160	[INFO]	80      SUCCESS               7.589100 (104.68%) [2 edit(s)]  
2024-06-14 12:53:53,160	[DEBUG]	patch(80)="ParamSetting(('test.params', 'param', 'FIXEDPERIOD'), 3267) | ParamSetting(('test.params', 'param', 'CLADECAY'), 0.9645679252576852)"
2024-06-14 12:53:53,161	[INFO]	81      SUCCESS               7.474700 (103.10%) [2 edit(s)] [cached] 
2024-06-14 12:53:53,161	[DEBUG]	patch(81)="ParamSetting(('test.params', 'param', 'FIXEDPERIOD'), 3267) | ParamSetting(('test.params', 'param', 'CLEANING'), 'LBD')"
2024-06-14 12:54:05,357	[DEBUG]	EXEC>  SUCCESS 7.4423
2024-06-14 12:54:05,357	[INFO]	82      SUCCESS               7.442300 (102.66%) [2 edit(s)]  
2024-06-14 12:54:05,357	[DEBUG]	patch(82)="ParamSetting(('test.params', 'param', 'FIXEDPERIOD'), 3267) | ParamSetting(('test.params', 'param', 'CLADECAY'), 0.2972323316295822)"
2024-06-14 12:54:05,358	[INFO]	~~~~ END ~~~~
2024-06-14 12:54:05,358	[INFO]	
2024-06-14 12:54:05,358	[INFO]	==== REPORT ====
2024-06-14 12:54:05,358	[INFO]	Termination: time budget
2024-06-14 12:54:05,358	[INFO]	Retries: 1
2024-06-14 12:54:05,358	[INFO]	Log file: /home/jim/magpie/_magpie_logs/sat4j_1718365300.log
2024-06-14 12:54:05,358	[INFO]	Patch file: _magpie_logs/sat4j_1718365300.patch
2024-06-14 12:54:05,358	[INFO]	Diff file: _magpie_logs/sat4j_1718365300.diff
2024-06-14 12:54:05,358	[INFO]	Reference fitness: 7.249600
2024-06-14 12:54:05,358	[INFO]	Best fitness: 7.176500
2024-06-14 12:54:05,358	[INFO]	
2024-06-14 12:54:05,358	[INFO]	==== BEST PATCH ====
ParamSetting(('test.params', 'param', 'FIXEDPERIOD'), 3267)
2024-06-14 12:54:05,359	[INFO]	
2024-06-14 12:54:05,359	[INFO]	==== DIFF ====
[1m--- before: test.params[0m
[1m+++ after: test.params[0m
[36m@@ -1,6 +1,6 @@[0m
 RESTARTS := 'Glucose21Restarts'
 LUBYFACTOR := 512
[31m-FIXEDPERIOD := 100[0m
[32m+FIXEDPERIOD := 3267[0m
 PHASE := 'RSATPhaseSelectionStrategy'
 CLADECAY := 0.999
 INITCONFLICTBOUND := 100

