2024-07-27 02:25:32,851	[DEBUG]	==== CONFIG ====
[magpie]
import = 
seed = 45
log_dir = _magpie_logs
work_dir = _magpie_work
local_original_copy = True
local_original_name = __original__
output_encoding = ascii
edit_retries = 10
default_timeout = 30
default_lengthout = 1e6
diff_method = unified
trust_local_filesystem = True

[magpie.log]
color_output = True
format_info = {counter:<7} {status:<20} {best}{fitness} ({ratio}) [{size}] {cached} {log}
format_debug = patch({counter})="{patch}"{diffifbest}
format_fitness = {:.6f}
format_ratio = {:.2%%}
format_patchif = 
	 --> {patch}
format_diffif = 
	{diff}

[software]
path = examples/scipy
target_files = scipy.params
software = BasicSoftware
model_rules = 
	*.params : ParamFileConfigModel
	*.xml : SrcmlModel
	* : LineModel
model_config = 
	*.params : [paramconfig]
	*.xml : [srcml]
init_cmd = 
init_timeout = 60
init_lengthout = -1
setup_cmd = 
setup_timeout = 
setup_lengthout = 
compile_cmd = 
compile_timeout = 
compile_lengthout = 
test_cmd = ./test.sh
test_timeout = 
test_lengthout = 
run_cmd = perf stat -e cycles bash run_fixed.sh
run_timeout = 
run_lengthout = 
retries = 3
batch_timeout = 
batch_lengthout = 
batch_bin_fitness_strategy = aggregate
batch_fitness_strategy = sum
fitness = perf_cycles

[srcml]
rename = 
	stmt: break continue decl_stmt do expr_stmt for goto if return switch while
	number: literal_number
focus = block stmt operator_comp operator_arith number
internodes = block
process_pseudo_blocks = True
process_literals = True
process_operators = True

[paramconfig]
timing = test run
cli_prefix = --
cli_glue = =
cli_boolean = show
cli_boolean_prefix_true = 
cli_boolean_prefix_false = no-
cli_none = hide
silent_prefix = @
silent_suffix = $

[search]
protocol = BasicProtocol
algorithm = FirstImprovement
possible_edits = ParamSetting
warmup = 3
warmup_strategy = last
max_steps = 1000
max_time = 1800
target_fitness = 
cache_maxsize = 100
cache_keep = 0.2
batch_instances = 
batch_shuffle = True
batch_bin_shuffle = False
batch_sample_size = 1

[search.ls]
delete_prob = 0.5
max_neighbours = 
when_trapped = continue
accept_fail = False
tabu_length = 10

[search.gp]
pop_size = 10
delete_prob = 0.5
offspring_elitism = 0.1
offspring_crossover = 0.5
offspring_mutation = 0.4
uniform_rate = 0.5
batch_reset = True

[search.minify]
do_cleanup = True
do_rebuild = True
do_simplify = True
round_robin_limit = 3


2024-07-27 02:25:32,851	[DEBUG]	
2024-07-27 02:25:32,851	[INFO]	==== SEARCH: FirstImprovement ====
2024-07-27 02:25:32,851	[INFO]	~~~~ WARMUP ~~~~
2024-07-27 02:26:40,810	[DEBUG]	EXEC>  SUCCESS 97234631868.0
2024-07-27 02:26:40,810	[INFO]	WARM    SUCCESS               97234631868.000000 (--) [0 edit(s)]  
2024-07-27 02:27:54,509	[DEBUG]	EXEC>  SUCCESS 104103637439.0
2024-07-27 02:27:54,509	[INFO]	WARM    SUCCESS               104103637439.000000 (--) [0 edit(s)]  
2024-07-27 02:29:09,829	[DEBUG]	EXEC>  SUCCESS 103243880586.0
2024-07-27 02:29:09,829	[INFO]	WARM    SUCCESS               103243880586.000000 (--) [0 edit(s)]  
2024-07-27 02:29:09,829	[INFO]	REF     SUCCESS               103243880586.000000 (--) [0 edit(s)]  
2024-07-27 02:29:09,829	[INFO]	
2024-07-27 02:29:09,829	[INFO]	~~~~ START ~~~~
2024-07-27 02:29:09,830	[INFO]	1       SUCCESS              +103243880586.000000 (100.00%) [1 edit(s)] [cached] 
2024-07-27 02:29:09,830	[DEBUG]	patch(1)="ParamSetting(('scipy.params', 'param', 'disp'), 'False')"
2024-07-27 02:29:09,831	[INFO]	2       SUCCESS              +103243880586.000000 (100.00%) [0 edit(s)] [cached] 
2024-07-27 02:29:09,831	[DEBUG]	patch(2)=""
2024-07-27 02:29:10,299	[INFO]	3       TEST_CODE_ERROR       None (--) [1 edit(s)]  
2024-07-27 02:29:10,299	[DEBUG]	patch(3)="ParamSetting(('scipy.params', 'param', 'disp'), 'True')"
2024-07-27 02:30:18,545	[DEBUG]	EXEC>  SUCCESS 97394643048.0
2024-07-27 02:30:18,546	[INFO]	4       SUCCESS              *97394643048.000000 (94.33%) [1 edit(s)]  
2024-07-27 02:30:18,546	[DEBUG]	patch(4)="ParamSetting(('scipy.params', 'param', 'method'), 'L-BFGS-B')"
--- before: scipy.params
+++ after: scipy.params
@@ -1,4 +1,4 @@
-method := 'None'
+method := 'L-BFGS-B'
 jac := 'None'
 tol := 0.0001
 disp := 'False'

2024-07-27 02:31:03,477	[DEBUG]	EXEC>  SUCCESS 69731774984.66667
2024-07-27 02:31:03,478	[INFO]	5       SUCCESS              *69731774984.666672 (67.54%) [2 edit(s)]  
2024-07-27 02:31:03,478	[DEBUG]	patch(5)="ParamSetting(('scipy.params', 'param', 'method'), 'L-BFGS-B') | ParamSetting(('scipy.params', 'param', 'jac'), 'cs')"
--- before: scipy.params
+++ after: scipy.params
@@ -1,5 +1,5 @@
-method := 'None'
-jac := 'None'
+method := 'L-BFGS-B'
+jac := 'cs'
 tol := 0.0001
 disp := 'False'
 maxiter := 100

2024-07-27 02:31:03,971	[INFO]	6       TEST_CODE_ERROR       None (--) [3 edit(s)]  
2024-07-27 02:31:03,971	[DEBUG]	patch(6)="ParamSetting(('scipy.params', 'param', 'method'), 'L-BFGS-B') | ParamSetting(('scipy.params', 'param', 'jac'), 'cs') | ParamSetting(('scipy.params', 'param', 'disp'), 'True')"
2024-07-27 02:32:04,382	[DEBUG]	EXEC>  SUCCESS 85629351550.66667
2024-07-27 02:32:04,383	[INFO]	7       SUCCESS               85629351550.666672 (82.94%) [3 edit(s)]  
2024-07-27 02:32:04,383	[DEBUG]	patch(7)="ParamSetting(('scipy.params', 'param', 'method'), 'L-BFGS-B') | ParamSetting(('scipy.params', 'param', 'jac'), 'cs') | ParamSetting(('scipy.params', 'param', 'method'), 'CG')"
2024-07-27 02:32:04,384	[INFO]	8       SUCCESS               97394643048.000000 (94.33%) [1 edit(s)] [cached] 
2024-07-27 02:32:04,384	[DEBUG]	patch(8)="ParamSetting(('scipy.params', 'param', 'method'), 'L-BFGS-B')"
2024-07-27 02:32:04,385	[INFO]	9       TEST_CODE_ERROR       None (--) [3 edit(s)] [cached] 
2024-07-27 02:32:04,385	[DEBUG]	patch(9)="ParamSetting(('scipy.params', 'param', 'method'), 'L-BFGS-B') | ParamSetting(('scipy.params', 'param', 'jac'), 'cs') | ParamSetting(('scipy.params', 'param', 'disp'), 'True')"
2024-07-27 02:32:04,385	[INFO]	10      SUCCESS              +69731774984.666672 (67.54%) [3 edit(s)] [cached] 
2024-07-27 02:32:04,386	[DEBUG]	patch(10)="ParamSetting(('scipy.params', 'param', 'method'), 'L-BFGS-B') | ParamSetting(('scipy.params', 'param', 'jac'), 'cs') | ParamSetting(('scipy.params', 'param', 'disp'), 'False')"
2024-07-27 02:33:27,567	[DEBUG]	EXEC>  TIMEOUT None
2024-07-27 02:33:27,567	[INFO]	11      RUN_TIMEOUT           None (--) [4 edit(s)]  
2024-07-27 02:33:27,568	[DEBUG]	patch(11)="ParamSetting(('scipy.params', 'param', 'method'), 'L-BFGS-B') | ParamSetting(('scipy.params', 'param', 'jac'), 'cs') | ParamSetting(('scipy.params', 'param', 'disp'), 'False') | ParamSetting(('scipy.params', 'param', 'method'), 'BFGS')"
2024-07-27 02:33:27,569	[INFO]	12      SUCCESS              +69731774984.666672 (67.54%) [2 edit(s)] [cached] 
2024-07-27 02:33:27,569	[DEBUG]	patch(12)="ParamSetting(('scipy.params', 'param', 'method'), 'L-BFGS-B') | ParamSetting(('scipy.params', 'param', 'jac'), 'cs')"
2024-07-27 02:33:27,590	[INFO]	13      TEST_CODE_ERROR       None (--) [1 edit(s)]  
2024-07-27 02:33:27,590	[DEBUG]	patch(13)="ParamSetting(('scipy.params', 'param', 'jac'), 'cs')"
2024-07-27 02:33:27,591	[INFO]	14      SUCCESS               97394643048.000000 (94.33%) [1 edit(s)] [cached] 
2024-07-27 02:33:27,591	[DEBUG]	patch(14)="ParamSetting(('scipy.params', 'param', 'method'), 'L-BFGS-B')"
2024-07-27 02:34:10,312	[DEBUG]	EXEC>  SUCCESS 68674398872.666664
2024-07-27 02:34:10,312	[INFO]	15      SUCCESS              *68674398872.666664 (66.52%) [3 edit(s)]  
2024-07-27 02:34:10,312	[DEBUG]	patch(15)="ParamSetting(('scipy.params', 'param', 'method'), 'L-BFGS-B') | ParamSetting(('scipy.params', 'param', 'jac'), 'cs') | ParamSetting(('scipy.params', 'param', 'maxiter'), 485)"
--- before: scipy.params
+++ after: scipy.params
@@ -1,5 +1,5 @@
-method := 'None'
-jac := 'None'
+method := 'L-BFGS-B'
+jac := 'cs'
 tol := 0.0001
 disp := 'False'
-maxiter := 100
+maxiter := 485

2024-07-27 02:34:53,667	[DEBUG]	EXEC>  SUCCESS 67909747866.666664
2024-07-27 02:34:53,668	[INFO]	16      SUCCESS              *67909747866.666664 (65.78%) [4 edit(s)]  
2024-07-27 02:34:53,668	[DEBUG]	patch(16)="ParamSetting(('scipy.params', 'param', 'method'), 'L-BFGS-B') | ParamSetting(('scipy.params', 'param', 'jac'), 'cs') | ParamSetting(('scipy.params', 'param', 'maxiter'), 485) | ParamSetting(('scipy.params', 'param', 'tol'), 0.018410241935634727)"
--- before: scipy.params
+++ after: scipy.params
@@ -1,5 +1,5 @@
-method := 'None'
-jac := 'None'
-tol := 0.0001
+method := 'L-BFGS-B'
+jac := 'cs'
+tol := 0.018410241935634727
 disp := 'False'
-maxiter := 100
+maxiter := 485

2024-07-27 02:35:37,296	[DEBUG]	EXEC>  SUCCESS 69516757209.66667
2024-07-27 02:35:37,297	[INFO]	17      SUCCESS               69516757209.666672 (67.33%) [3 edit(s)]  
2024-07-27 02:35:37,297	[DEBUG]	patch(17)="ParamSetting(('scipy.params', 'param', 'method'), 'L-BFGS-B') | ParamSetting(('scipy.params', 'param', 'jac'), 'cs') | ParamSetting(('scipy.params', 'param', 'tol'), 0.018410241935634727)"
2024-07-27 02:35:37,315	[INFO]	18      TEST_CODE_ERROR       None (--) [3 edit(s)]  
2024-07-27 02:35:37,315	[DEBUG]	patch(18)="ParamSetting(('scipy.params', 'param', 'jac'), 'cs') | ParamSetting(('scipy.params', 'param', 'maxiter'), 485) | ParamSetting(('scipy.params', 'param', 'tol'), 0.018410241935634727)"
2024-07-27 02:35:37,316	[INFO]	19      SUCCESS              +67909747866.666664 (65.78%) [5 edit(s)] [cached] 
2024-07-27 02:35:37,316	[DEBUG]	patch(19)="ParamSetting(('scipy.params', 'param', 'method'), 'L-BFGS-B') | ParamSetting(('scipy.params', 'param', 'jac'), 'cs') | ParamSetting(('scipy.params', 'param', 'maxiter'), 485) | ParamSetting(('scipy.params', 'param', 'tol'), 0.018410241935634727) | ParamSetting(('scipy.params', 'param', 'jac'), 'cs')"
2024-07-27 02:35:37,317	[INFO]	20      SUCCESS              +67909747866.666664 (65.78%) [4 edit(s)] [cached] 
2024-07-27 02:35:37,317	[DEBUG]	patch(20)="ParamSetting(('scipy.params', 'param', 'method'), 'L-BFGS-B') | ParamSetting(('scipy.params', 'param', 'maxiter'), 485) | ParamSetting(('scipy.params', 'param', 'tol'), 0.018410241935634727) | ParamSetting(('scipy.params', 'param', 'jac'), 'cs')"
2024-07-27 02:36:40,753	[DEBUG]	EXEC>  SUCCESS 92454083331.66667
2024-07-27 02:36:40,753	[INFO]	21      SUCCESS               92454083331.666672 (89.55%) [5 edit(s)]  
2024-07-27 02:36:40,753	[DEBUG]	patch(21)="ParamSetting(('scipy.params', 'param', 'method'), 'L-BFGS-B') | ParamSetting(('scipy.params', 'param', 'maxiter'), 485) | ParamSetting(('scipy.params', 'param', 'tol'), 0.018410241935634727) | ParamSetting(('scipy.params', 'param', 'jac'), 'cs') | ParamSetting(('scipy.params', 'param', 'method'), 'CG')"
2024-07-27 02:36:40,754	[INFO]	22      SUCCESS               92454083331.666672 (89.55%) [5 edit(s)] [cached] 
2024-07-27 02:36:40,754	[DEBUG]	patch(22)="ParamSetting(('scipy.params', 'param', 'method'), 'L-BFGS-B') | ParamSetting(('scipy.params', 'param', 'maxiter'), 485) | ParamSetting(('scipy.params', 'param', 'tol'), 0.018410241935634727) | ParamSetting(('scipy.params', 'param', 'jac'), 'cs') | ParamSetting(('scipy.params', 'param', 'method'), 'CG')"
2024-07-27 02:36:40,755	[INFO]	23      SUCCESS               92454083331.666672 (89.55%) [5 edit(s)] [cached] 
2024-07-27 02:36:40,755	[DEBUG]	patch(23)="ParamSetting(('scipy.params', 'param', 'method'), 'L-BFGS-B') | ParamSetting(('scipy.params', 'param', 'maxiter'), 485) | ParamSetting(('scipy.params', 'param', 'tol'), 0.018410241935634727) | ParamSetting(('scipy.params', 'param', 'jac'), 'cs') | ParamSetting(('scipy.params', 'param', 'method'), 'CG')"
2024-07-27 02:36:40,756	[INFO]	24      SUCCESS              +67909747866.666664 (65.78%) [5 edit(s)] [cached] 
2024-07-27 02:36:40,756	[DEBUG]	patch(24)="ParamSetting(('scipy.params', 'param', 'method'), 'L-BFGS-B') | ParamSetting(('scipy.params', 'param', 'maxiter'), 485) | ParamSetting(('scipy.params', 'param', 'tol'), 0.018410241935634727) | ParamSetting(('scipy.params', 'param', 'jac'), 'cs') | ParamSetting(('scipy.params', 'param', 'disp'), 'False')"
2024-07-27 02:36:40,757	[INFO]	25      SUCCESS              +67909747866.666664 (65.78%) [6 edit(s)] [cached] 
2024-07-27 02:36:40,757	[DEBUG]	patch(25)="ParamSetting(('scipy.params', 'param', 'method'), 'L-BFGS-B') | ParamSetting(('scipy.params', 'param', 'maxiter'), 485) | ParamSetting(('scipy.params', 'param', 'tol'), 0.018410241935634727) | ParamSetting(('scipy.params', 'param', 'jac'), 'cs') | ParamSetting(('scipy.params', 'param', 'disp'), 'False') | ParamSetting(('scipy.params', 'param', 'disp'), 'False')"
2024-07-27 02:36:40,757	[INFO]	26      SUCCESS              +67909747866.666664 (65.78%) [5 edit(s)] [cached] 
2024-07-27 02:36:40,758	[DEBUG]	patch(26)="ParamSetting(('scipy.params', 'param', 'method'), 'L-BFGS-B') | ParamSetting(('scipy.params', 'param', 'maxiter'), 485) | ParamSetting(('scipy.params', 'param', 'tol'), 0.018410241935634727) | ParamSetting(('scipy.params', 'param', 'jac'), 'cs') | ParamSetting(('scipy.params', 'param', 'disp'), 'False')"
2024-07-27 02:37:19,675	[DEBUG]	EXEC>  SUCCESS 63751149020.666664
2024-07-27 02:37:19,675	[INFO]	27      SUCCESS              *63751149020.666664 (61.75%) [6 edit(s)]  
2024-07-27 02:37:19,675	[DEBUG]	patch(27)="ParamSetting(('scipy.params', 'param', 'method'), 'L-BFGS-B') | ParamSetting(('scipy.params', 'param', 'maxiter'), 485) | ParamSetting(('scipy.params', 'param', 'tol'), 0.018410241935634727) | ParamSetting(('scipy.params', 'param', 'jac'), 'cs') | ParamSetting(('scipy.params', 'param', 'disp'), 'False') | ParamSetting(('scipy.params', 'param', 'maxiter'), 6807)"
--- before: scipy.params
+++ after: scipy.params
@@ -1,5 +1,5 @@
-method := 'None'
-jac := 'None'
-tol := 0.0001
+method := 'L-BFGS-B'
+jac := 'cs'
+tol := 0.018410241935634727
 disp := 'False'
-maxiter := 100
+maxiter := 6807

2024-07-27 02:38:01,682	[DEBUG]	EXEC>  SUCCESS 67555897210.333336
2024-07-27 02:38:01,682	[INFO]	28      SUCCESS               67555897210.333336 (65.43%) [5 edit(s)]  
2024-07-27 02:38:01,683	[DEBUG]	patch(28)="ParamSetting(('scipy.params', 'param', 'method'), 'L-BFGS-B') | ParamSetting(('scipy.params', 'param', 'maxiter'), 485) | ParamSetting(('scipy.params', 'param', 'jac'), 'cs') | ParamSetting(('scipy.params', 'param', 'disp'), 'False') | ParamSetting(('scipy.params', 'param', 'maxiter'), 6807)"
2024-07-27 02:38:01,684	[INFO]	29      SUCCESS              +63751149020.666664 (61.75%) [5 edit(s)] [cached] 
2024-07-27 02:38:01,684	[DEBUG]	patch(29)="ParamSetting(('scipy.params', 'param', 'method'), 'L-BFGS-B') | ParamSetting(('scipy.params', 'param', 'maxiter'), 485) | ParamSetting(('scipy.params', 'param', 'tol'), 0.018410241935634727) | ParamSetting(('scipy.params', 'param', 'jac'), 'cs') | ParamSetting(('scipy.params', 'param', 'maxiter'), 6807)"
2024-07-27 02:38:53,063	[DEBUG]	EXEC>  SUCCESS 78151749018.0
2024-07-27 02:38:53,063	[INFO]	30      SUCCESS               78151749018.000000 (75.70%) [4 edit(s)]  
2024-07-27 02:38:53,063	[DEBUG]	patch(30)="ParamSetting(('scipy.params', 'param', 'method'), 'L-BFGS-B') | ParamSetting(('scipy.params', 'param', 'maxiter'), 485) | ParamSetting(('scipy.params', 'param', 'tol'), 0.018410241935634727) | ParamSetting(('scipy.params', 'param', 'maxiter'), 6807)"
2024-07-27 02:39:35,528	[DEBUG]	EXEC>  SUCCESS 68314436741.333336
2024-07-27 02:39:35,528	[INFO]	31      SUCCESS               68314436741.333336 (66.17%) [6 edit(s)]  
2024-07-27 02:39:35,528	[DEBUG]	patch(31)="ParamSetting(('scipy.params', 'param', 'method'), 'L-BFGS-B') | ParamSetting(('scipy.params', 'param', 'maxiter'), 485) | ParamSetting(('scipy.params', 'param', 'tol'), 0.018410241935634727) | ParamSetting(('scipy.params', 'param', 'jac'), 'cs') | ParamSetting(('scipy.params', 'param', 'maxiter'), 6807) | ParamSetting(('scipy.params', 'param', 'maxiter'), 556)"
2024-07-27 02:39:36,002	[INFO]	32      TEST_CODE_ERROR       None (--) [6 edit(s)]  
2024-07-27 02:39:36,002	[DEBUG]	patch(32)="ParamSetting(('scipy.params', 'param', 'method'), 'L-BFGS-B') | ParamSetting(('scipy.params', 'param', 'maxiter'), 485) | ParamSetting(('scipy.params', 'param', 'tol'), 0.018410241935634727) | ParamSetting(('scipy.params', 'param', 'jac'), 'cs') | ParamSetting(('scipy.params', 'param', 'maxiter'), 6807) | ParamSetting(('scipy.params', 'param', 'jac'), 'True')"
2024-07-27 02:39:36,004	[INFO]	33      SUCCESS              +63751149020.666664 (61.75%) [4 edit(s)] [cached] 
2024-07-27 02:39:36,004	[DEBUG]	patch(33)="ParamSetting(('scipy.params', 'param', 'method'), 'L-BFGS-B') | ParamSetting(('scipy.params', 'param', 'tol'), 0.018410241935634727) | ParamSetting(('scipy.params', 'param', 'jac'), 'cs') | ParamSetting(('scipy.params', 'param', 'maxiter'), 6807)"
2024-07-27 02:39:36,022	[INFO]	34      TEST_CODE_ERROR       None (--) [3 edit(s)]  
2024-07-27 02:39:36,022	[DEBUG]	patch(34)="ParamSetting(('scipy.params', 'param', 'tol'), 0.018410241935634727) | ParamSetting(('scipy.params', 'param', 'jac'), 'cs') | ParamSetting(('scipy.params', 'param', 'maxiter'), 6807)"
2024-07-27 02:40:12,806	[DEBUG]	EXEC>  SUCCESS 62629914159.666664
2024-07-27 02:40:12,806	[INFO]	35      SUCCESS              *62629914159.666664 (60.66%) [5 edit(s)]  
2024-07-27 02:40:12,806	[DEBUG]	patch(35)="ParamSetting(('scipy.params', 'param', 'method'), 'L-BFGS-B') | ParamSetting(('scipy.params', 'param', 'tol'), 0.018410241935634727) | ParamSetting(('scipy.params', 'param', 'jac'), 'cs') | ParamSetting(('scipy.params', 'param', 'maxiter'), 6807) | ParamSetting(('scipy.params', 'param', 'tol'), 0.2843422249654247)"
--- before: scipy.params
+++ after: scipy.params
@@ -1,5 +1,5 @@
-method := 'None'
-jac := 'None'
-tol := 0.0001
+method := 'L-BFGS-B'
+jac := 'cs'
+tol := 0.2843422249654247
 disp := 'False'
-maxiter := 100
+maxiter := 6807

2024-07-27 02:40:12,807	[INFO]	36      SUCCESS              +62629914159.666664 (60.66%) [6 edit(s)] [cached] 
2024-07-27 02:40:12,807	[DEBUG]	patch(36)="ParamSetting(('scipy.params', 'param', 'method'), 'L-BFGS-B') | ParamSetting(('scipy.params', 'param', 'tol'), 0.018410241935634727) | ParamSetting(('scipy.params', 'param', 'jac'), 'cs') | ParamSetting(('scipy.params', 'param', 'maxiter'), 6807) | ParamSetting(('scipy.params', 'param', 'tol'), 0.2843422249654247) | ParamSetting(('scipy.params', 'param', 'disp'), 'False')"
2024-07-27 02:40:13,302	[INFO]	37      TEST_CODE_ERROR       None (--) [7 edit(s)]  
2024-07-27 02:40:13,302	[DEBUG]	patch(37)="ParamSetting(('scipy.params', 'param', 'method'), 'L-BFGS-B') | ParamSetting(('scipy.params', 'param', 'tol'), 0.018410241935634727) | ParamSetting(('scipy.params', 'param', 'jac'), 'cs') | ParamSetting(('scipy.params', 'param', 'maxiter'), 6807) | ParamSetting(('scipy.params', 'param', 'tol'), 0.2843422249654247) | ParamSetting(('scipy.params', 'param', 'disp'), 'False') | ParamSetting(('scipy.params', 'param', 'disp'), 'True')"
2024-07-27 02:40:51,849	[DEBUG]	EXEC>  SUCCESS 63611064297.666664
2024-07-27 02:40:51,850	[INFO]	38      SUCCESS               63611064297.666664 (61.61%) [7 edit(s)]  
2024-07-27 02:40:51,850	[DEBUG]	patch(38)="ParamSetting(('scipy.params', 'param', 'method'), 'L-BFGS-B') | ParamSetting(('scipy.params', 'param', 'tol'), 0.018410241935634727) | ParamSetting(('scipy.params', 'param', 'jac'), 'cs') | ParamSetting(('scipy.params', 'param', 'maxiter'), 6807) | ParamSetting(('scipy.params', 'param', 'tol'), 0.2843422249654247) | ParamSetting(('scipy.params', 'param', 'disp'), 'False') | ParamSetting(('scipy.params', 'param', 'tol'), 0.307115026144764)"
2024-07-27 02:40:51,851	[INFO]	39      SUCCESS               63751149020.666664 (61.75%) [5 edit(s)] [cached] 
2024-07-27 02:40:51,851	[DEBUG]	patch(39)="ParamSetting(('scipy.params', 'param', 'method'), 'L-BFGS-B') | ParamSetting(('scipy.params', 'param', 'tol'), 0.018410241935634727) | ParamSetting(('scipy.params', 'param', 'jac'), 'cs') | ParamSetting(('scipy.params', 'param', 'maxiter'), 6807) | ParamSetting(('scipy.params', 'param', 'disp'), 'False')"
2024-07-27 02:41:42,562	[DEBUG]	EXEC>  SUCCESS 76781431673.0
2024-07-27 02:41:42,562	[INFO]	40      SUCCESS               76781431673.000000 (74.37%) [5 edit(s)]  
2024-07-27 02:41:42,562	[DEBUG]	patch(40)="ParamSetting(('scipy.params', 'param', 'method'), 'L-BFGS-B') | ParamSetting(('scipy.params', 'param', 'tol'), 0.018410241935634727) | ParamSetting(('scipy.params', 'param', 'maxiter'), 6807) | ParamSetting(('scipy.params', 'param', 'tol'), 0.2843422249654247) | ParamSetting(('scipy.params', 'param', 'disp'), 'False')"
2024-07-27 02:42:20,815	[DEBUG]	EXEC>  SUCCESS 62414532922.0
2024-07-27 02:42:20,815	[INFO]	41      SUCCESS              *62414532922.000000 (60.45%) [5 edit(s)]  
2024-07-27 02:42:20,815	[DEBUG]	patch(41)="ParamSetting(('scipy.params', 'param', 'method'), 'L-BFGS-B') | ParamSetting(('scipy.params', 'param', 'tol'), 0.018410241935634727) | ParamSetting(('scipy.params', 'param', 'jac'), 'cs') | ParamSetting(('scipy.params', 'param', 'tol'), 0.2843422249654247) | ParamSetting(('scipy.params', 'param', 'disp'), 'False')"
--- before: scipy.params
+++ after: scipy.params
@@ -1,5 +1,5 @@
-method := 'None'
-jac := 'None'
-tol := 0.0001
+method := 'L-BFGS-B'
+jac := 'cs'
+tol := 0.2843422249654247
 disp := 'False'
 maxiter := 100

2024-07-27 02:42:20,816	[INFO]	42      SUCCESS              +62414532922.000000 (60.45%) [4 edit(s)] [cached] 
2024-07-27 02:42:20,816	[DEBUG]	patch(42)="ParamSetting(('scipy.params', 'param', 'method'), 'L-BFGS-B') | ParamSetting(('scipy.params', 'param', 'jac'), 'cs') | ParamSetting(('scipy.params', 'param', 'tol'), 0.2843422249654247) | ParamSetting(('scipy.params', 'param', 'disp'), 'False')"
2024-07-27 02:42:56,281	[DEBUG]	EXEC>  SUCCESS 60108178789.666664
2024-07-27 02:42:56,282	[INFO]	43      SUCCESS              *60108178789.666664 (58.22%) [5 edit(s)]  
2024-07-27 02:42:56,282	[DEBUG]	patch(43)="ParamSetting(('scipy.params', 'param', 'method'), 'L-BFGS-B') | ParamSetting(('scipy.params', 'param', 'jac'), 'cs') | ParamSetting(('scipy.params', 'param', 'tol'), 0.2843422249654247) | ParamSetting(('scipy.params', 'param', 'disp'), 'False') | ParamSetting(('scipy.params', 'param', 'maxiter'), 2227)"
--- before: scipy.params
+++ after: scipy.params
@@ -1,5 +1,5 @@
-method := 'None'
-jac := 'None'
-tol := 0.0001
+method := 'L-BFGS-B'
+jac := 'cs'
+tol := 0.2843422249654247
 disp := 'False'
-maxiter := 100
+maxiter := 2227

2024-07-27 02:43:48,770	[DEBUG]	EXEC>  SUCCESS 79113834068.66667
2024-07-27 02:43:48,771	[INFO]	44      SUCCESS               79113834068.666672 (76.63%) [6 edit(s)]  
2024-07-27 02:43:48,771	[DEBUG]	patch(44)="ParamSetting(('scipy.params', 'param', 'method'), 'L-BFGS-B') | ParamSetting(('scipy.params', 'param', 'jac'), 'cs') | ParamSetting(('scipy.params', 'param', 'tol'), 0.2843422249654247) | ParamSetting(('scipy.params', 'param', 'disp'), 'False') | ParamSetting(('scipy.params', 'param', 'maxiter'), 2227) | ParamSetting(('scipy.params', 'param', 'method'), 'CG')"
2024-07-27 02:44:27,210	[DEBUG]	EXEC>  SUCCESS 64160563627.333336
2024-07-27 02:44:27,210	[INFO]	45      SUCCESS               64160563627.333336 (62.14%) [6 edit(s)]  
2024-07-27 02:44:27,210	[DEBUG]	patch(45)="ParamSetting(('scipy.params', 'param', 'method'), 'L-BFGS-B') | ParamSetting(('scipy.params', 'param', 'jac'), 'cs') | ParamSetting(('scipy.params', 'param', 'tol'), 0.2843422249654247) | ParamSetting(('scipy.params', 'param', 'disp'), 'False') | ParamSetting(('scipy.params', 'param', 'maxiter'), 2227) | ParamSetting(('scipy.params', 'param', 'maxiter'), 9269)"
2024-07-27 02:44:27,711	[INFO]	46      TEST_CODE_ERROR       None (--) [6 edit(s)]  
2024-07-27 02:44:27,711	[DEBUG]	patch(46)="ParamSetting(('scipy.params', 'param', 'method'), 'L-BFGS-B') | ParamSetting(('scipy.params', 'param', 'jac'), 'cs') | ParamSetting(('scipy.params', 'param', 'tol'), 0.2843422249654247) | ParamSetting(('scipy.params', 'param', 'disp'), 'False') | ParamSetting(('scipy.params', 'param', 'maxiter'), 2227) | ParamSetting(('scipy.params', 'param', 'disp'), 'True')"
2024-07-27 02:44:27,730	[INFO]	47      TEST_CODE_ERROR       None (--) [4 edit(s)]  
2024-07-27 02:44:27,731	[DEBUG]	patch(47)="ParamSetting(('scipy.params', 'param', 'jac'), 'cs') | ParamSetting(('scipy.params', 'param', 'tol'), 0.2843422249654247) | ParamSetting(('scipy.params', 'param', 'disp'), 'False') | ParamSetting(('scipy.params', 'param', 'maxiter'), 2227)"
2024-07-27 02:45:04,132	[DEBUG]	EXEC>  SUCCESS 62001019506.333336
2024-07-27 02:45:04,132	[INFO]	48      SUCCESS               62001019506.333336 (60.05%) [6 edit(s)]  
2024-07-27 02:45:04,132	[DEBUG]	patch(48)="ParamSetting(('scipy.params', 'param', 'method'), 'L-BFGS-B') | ParamSetting(('scipy.params', 'param', 'jac'), 'cs') | ParamSetting(('scipy.params', 'param', 'tol'), 0.2843422249654247) | ParamSetting(('scipy.params', 'param', 'disp'), 'False') | ParamSetting(('scipy.params', 'param', 'maxiter'), 2227) | ParamSetting(('scipy.params', 'param', 'maxiter'), 5562)"
2024-07-27 02:45:04,133	[INFO]	49      SUCCESS               62414532922.000000 (60.45%) [4 edit(s)] [cached] 
2024-07-27 02:45:04,133	[DEBUG]	patch(49)="ParamSetting(('scipy.params', 'param', 'method'), 'L-BFGS-B') | ParamSetting(('scipy.params', 'param', 'jac'), 'cs') | ParamSetting(('scipy.params', 'param', 'tol'), 0.2843422249654247) | ParamSetting(('scipy.params', 'param', 'disp'), 'False')"
2024-07-27 02:45:50,075	[DEBUG]	EXEC>  SUCCESS 71931528725.66667
2024-07-27 02:45:50,075	[INFO]	50      SUCCESS               71931528725.666672 (69.67%) [4 edit(s)]  
2024-07-27 02:45:50,075	[DEBUG]	patch(50)="ParamSetting(('scipy.params', 'param', 'method'), 'L-BFGS-B') | ParamSetting(('scipy.params', 'param', 'jac'), 'cs') | ParamSetting(('scipy.params', 'param', 'disp'), 'False') | ParamSetting(('scipy.params', 'param', 'maxiter'), 2227)"
2024-07-27 02:46:43,600	[DEBUG]	EXEC>  SUCCESS 80564766078.0
2024-07-27 02:46:43,600	[INFO]	51      SUCCESS               80564766078.000000 (78.03%) [6 edit(s)]  
2024-07-27 02:46:43,600	[DEBUG]	patch(51)="ParamSetting(('scipy.params', 'param', 'method'), 'L-BFGS-B') | ParamSetting(('scipy.params', 'param', 'jac'), 'cs') | ParamSetting(('scipy.params', 'param', 'tol'), 0.2843422249654247) | ParamSetting(('scipy.params', 'param', 'disp'), 'False') | ParamSetting(('scipy.params', 'param', 'maxiter'), 2227) | ParamSetting(('scipy.params', 'param', 'jac'), 'None')"
2024-07-27 02:47:37,948	[DEBUG]	EXEC>  SUCCESS 81923890585.33333
2024-07-27 02:47:37,948	[INFO]	52      SUCCESS               81923890585.333328 (79.35%) [6 edit(s)]  
2024-07-27 02:47:37,948	[DEBUG]	patch(52)="ParamSetting(('scipy.params', 'param', 'method'), 'L-BFGS-B') | ParamSetting(('scipy.params', 'param', 'jac'), 'cs') | ParamSetting(('scipy.params', 'param', 'tol'), 0.2843422249654247) | ParamSetting(('scipy.params', 'param', 'disp'), 'False') | ParamSetting(('scipy.params', 'param', 'maxiter'), 2227) | ParamSetting(('scipy.params', 'param', 'jac'), 'False')"
2024-07-27 02:47:37,949	[INFO]	53      TEST_CODE_ERROR       None (--) [6 edit(s)] [cached] 
2024-07-27 02:47:37,950	[DEBUG]	patch(53)="ParamSetting(('scipy.params', 'param', 'method'), 'L-BFGS-B') | ParamSetting(('scipy.params', 'param', 'jac'), 'cs') | ParamSetting(('scipy.params', 'param', 'tol'), 0.2843422249654247) | ParamSetting(('scipy.params', 'param', 'disp'), 'False') | ParamSetting(('scipy.params', 'param', 'maxiter'), 2227) | ParamSetting(('scipy.params', 'param', 'method'), 'None')"
2024-07-27 02:47:38,451	[INFO]	54      TEST_CODE_ERROR       None (--) [6 edit(s)]  
2024-07-27 02:47:38,451	[DEBUG]	patch(54)="ParamSetting(('scipy.params', 'param', 'method'), 'L-BFGS-B') | ParamSetting(('scipy.params', 'param', 'jac'), 'cs') | ParamSetting(('scipy.params', 'param', 'tol'), 0.2843422249654247) | ParamSetting(('scipy.params', 'param', 'disp'), 'False') | ParamSetting(('scipy.params', 'param', 'maxiter'), 2227) | ParamSetting(('scipy.params', 'param', 'jac'), 'True')"
2024-07-27 02:47:38,452	[INFO]	55      SUCCESS               80564766078.000000 (78.03%) [4 edit(s)] [cached] 
2024-07-27 02:47:38,452	[DEBUG]	patch(55)="ParamSetting(('scipy.params', 'param', 'method'), 'L-BFGS-B') | ParamSetting(('scipy.params', 'param', 'tol'), 0.2843422249654247) | ParamSetting(('scipy.params', 'param', 'disp'), 'False') | ParamSetting(('scipy.params', 'param', 'maxiter'), 2227)"
2024-07-27 02:47:38,453	[INFO]	56      TEST_CODE_ERROR       None (--) [6 edit(s)] [cached] 
2024-07-27 02:47:38,453	[DEBUG]	patch(56)="ParamSetting(('scipy.params', 'param', 'method'), 'L-BFGS-B') | ParamSetting(('scipy.params', 'param', 'jac'), 'cs') | ParamSetting(('scipy.params', 'param', 'tol'), 0.2843422249654247) | ParamSetting(('scipy.params', 'param', 'disp'), 'False') | ParamSetting(('scipy.params', 'param', 'maxiter'), 2227) | ParamSetting(('scipy.params', 'param', 'disp'), 'True')"
2024-07-27 02:47:38,472	[INFO]	57      TEST_CODE_ERROR       None (--) [6 edit(s)]  
2024-07-27 02:47:38,472	[DEBUG]	patch(57)="ParamSetting(('scipy.params', 'param', 'method'), 'L-BFGS-B') | ParamSetting(('scipy.params', 'param', 'jac'), 'cs') | ParamSetting(('scipy.params', 'param', 'tol'), 0.2843422249654247) | ParamSetting(('scipy.params', 'param', 'disp'), 'False') | ParamSetting(('scipy.params', 'param', 'maxiter'), 2227) | ParamSetting(('scipy.params', 'param', 'method'), 'Powell')"
2024-07-27 02:48:19,410	[DEBUG]	EXEC>  SUCCESS 65369367484.0
2024-07-27 02:48:19,411	[INFO]	58      SUCCESS               65369367484.000000 (63.32%) [6 edit(s)]  
2024-07-27 02:48:19,411	[DEBUG]	patch(58)="ParamSetting(('scipy.params', 'param', 'method'), 'L-BFGS-B') | ParamSetting(('scipy.params', 'param', 'jac'), 'cs') | ParamSetting(('scipy.params', 'param', 'tol'), 0.2843422249654247) | ParamSetting(('scipy.params', 'param', 'disp'), 'False') | ParamSetting(('scipy.params', 'param', 'maxiter'), 2227) | ParamSetting(('scipy.params', 'param', 'tol'), 0.014387493725772535)"
2024-07-27 02:48:56,164	[DEBUG]	EXEC>  SUCCESS 61179054345.333336
2024-07-27 02:48:56,165	[INFO]	59      SUCCESS               61179054345.333336 (59.26%) [6 edit(s)]  
2024-07-27 02:48:56,165	[DEBUG]	patch(59)="ParamSetting(('scipy.params', 'param', 'method'), 'L-BFGS-B') | ParamSetting(('scipy.params', 'param', 'jac'), 'cs') | ParamSetting(('scipy.params', 'param', 'tol'), 0.2843422249654247) | ParamSetting(('scipy.params', 'param', 'disp'), 'False') | ParamSetting(('scipy.params', 'param', 'maxiter'), 2227) | ParamSetting(('scipy.params', 'param', 'maxiter'), 4940)"
2024-07-27 02:48:56,166	[INFO]	60      SUCCESS              +60108178789.666664 (58.22%) [4 edit(s)] [cached] 
2024-07-27 02:48:56,166	[DEBUG]	patch(60)="ParamSetting(('scipy.params', 'param', 'method'), 'L-BFGS-B') | ParamSetting(('scipy.params', 'param', 'jac'), 'cs') | ParamSetting(('scipy.params', 'param', 'tol'), 0.2843422249654247) | ParamSetting(('scipy.params', 'param', 'maxiter'), 2227)"
2024-07-27 02:49:33,429	[DEBUG]	EXEC>  SUCCESS 61968295206.666664
2024-07-27 02:49:33,429	[INFO]	61      SUCCESS               61968295206.666664 (60.02%) [5 edit(s)]  
2024-07-27 02:49:33,429	[DEBUG]	patch(61)="ParamSetting(('scipy.params', 'param', 'method'), 'L-BFGS-B') | ParamSetting(('scipy.params', 'param', 'jac'), 'cs') | ParamSetting(('scipy.params', 'param', 'tol'), 0.2843422249654247) | ParamSetting(('scipy.params', 'param', 'maxiter'), 2227) | ParamSetting(('scipy.params', 'param', 'maxiter'), 4727)"
2024-07-27 02:49:33,430	[INFO]	62      SUCCESS               80564766078.000000 (78.03%) [3 edit(s)] [cached] 
2024-07-27 02:49:33,430	[DEBUG]	patch(62)="ParamSetting(('scipy.params', 'param', 'method'), 'L-BFGS-B') | ParamSetting(('scipy.params', 'param', 'tol'), 0.2843422249654247) | ParamSetting(('scipy.params', 'param', 'maxiter'), 2227)"
2024-07-27 02:49:33,431	[INFO]	63      SUCCESS              +60108178789.666664 (58.22%) [5 edit(s)] [cached] 
2024-07-27 02:49:33,431	[DEBUG]	patch(63)="ParamSetting(('scipy.params', 'param', 'method'), 'L-BFGS-B') | ParamSetting(('scipy.params', 'param', 'jac'), 'cs') | ParamSetting(('scipy.params', 'param', 'tol'), 0.2843422249654247) | ParamSetting(('scipy.params', 'param', 'maxiter'), 2227) | ParamSetting(('scipy.params', 'param', 'disp'), 'False')"
2024-07-27 02:49:33,432	[INFO]	64      TEST_CODE_ERROR       None (--) [4 edit(s)] [cached] 
2024-07-27 02:49:33,432	[DEBUG]	patch(64)="ParamSetting(('scipy.params', 'param', 'jac'), 'cs') | ParamSetting(('scipy.params', 'param', 'tol'), 0.2843422249654247) | ParamSetting(('scipy.params', 'param', 'maxiter'), 2227) | ParamSetting(('scipy.params', 'param', 'disp'), 'False')"
2024-07-27 02:49:33,432	[INFO]	65      SUCCESS               62414532922.000000 (60.45%) [4 edit(s)] [cached] 
2024-07-27 02:49:33,433	[DEBUG]	patch(65)="ParamSetting(('scipy.params', 'param', 'method'), 'L-BFGS-B') | ParamSetting(('scipy.params', 'param', 'jac'), 'cs') | ParamSetting(('scipy.params', 'param', 'tol'), 0.2843422249654247) | ParamSetting(('scipy.params', 'param', 'disp'), 'False')"
2024-07-27 02:49:33,434	[INFO]	66      SUCCESS               80564766078.000000 (78.03%) [4 edit(s)] [cached] 
2024-07-27 02:49:33,434	[DEBUG]	patch(66)="ParamSetting(('scipy.params', 'param', 'method'), 'L-BFGS-B') | ParamSetting(('scipy.params', 'param', 'tol'), 0.2843422249654247) | ParamSetting(('scipy.params', 'param', 'maxiter'), 2227) | ParamSetting(('scipy.params', 'param', 'disp'), 'False')"
2024-07-27 02:49:33,435	[INFO]	67      SUCCESS              +60108178789.666664 (58.22%) [6 edit(s)] [cached] 
2024-07-27 02:49:33,435	[DEBUG]	patch(67)="ParamSetting(('scipy.params', 'param', 'method'), 'L-BFGS-B') | ParamSetting(('scipy.params', 'param', 'jac'), 'cs') | ParamSetting(('scipy.params', 'param', 'tol'), 0.2843422249654247) | ParamSetting(('scipy.params', 'param', 'maxiter'), 2227) | ParamSetting(('scipy.params', 'param', 'disp'), 'False') | ParamSetting(('scipy.params', 'param', 'disp'), 'False')"
2024-07-27 02:49:33,436	[INFO]	68      TEST_CODE_ERROR       None (--) [5 edit(s)] [cached] 
2024-07-27 02:49:33,436	[DEBUG]	patch(68)="ParamSetting(('scipy.params', 'param', 'jac'), 'cs') | ParamSetting(('scipy.params', 'param', 'tol'), 0.2843422249654247) | ParamSetting(('scipy.params', 'param', 'maxiter'), 2227) | ParamSetting(('scipy.params', 'param', 'disp'), 'False') | ParamSetting(('scipy.params', 'param', 'disp'), 'False')"
2024-07-27 02:49:33,436	[INFO]	69      SUCCESS               71931528725.666672 (69.67%) [5 edit(s)] [cached] 
2024-07-27 02:49:33,437	[DEBUG]	patch(69)="ParamSetting(('scipy.params', 'param', 'method'), 'L-BFGS-B') | ParamSetting(('scipy.params', 'param', 'jac'), 'cs') | ParamSetting(('scipy.params', 'param', 'maxiter'), 2227) | ParamSetting(('scipy.params', 'param', 'disp'), 'False') | ParamSetting(('scipy.params', 'param', 'disp'), 'False')"
2024-07-27 02:49:33,437	[INFO]	70      SUCCESS               79113834068.666672 (76.63%) [7 edit(s)] [cached] 
2024-07-27 02:49:33,437	[DEBUG]	patch(70)="ParamSetting(('scipy.params', 'param', 'method'), 'L-BFGS-B') | ParamSetting(('scipy.params', 'param', 'jac'), 'cs') | ParamSetting(('scipy.params', 'param', 'tol'), 0.2843422249654247) | ParamSetting(('scipy.params', 'param', 'maxiter'), 2227) | ParamSetting(('scipy.params', 'param', 'disp'), 'False') | ParamSetting(('scipy.params', 'param', 'disp'), 'False') | ParamSetting(('scipy.params', 'param', 'method'), 'CG')"
2024-07-27 02:49:33,453	[INFO]	71      TEST_CODE_ERROR       None (--) [7 edit(s)]  
2024-07-27 02:49:33,454	[DEBUG]	patch(71)="ParamSetting(('scipy.params', 'param', 'method'), 'L-BFGS-B') | ParamSetting(('scipy.params', 'param', 'jac'), 'cs') | ParamSetting(('scipy.params', 'param', 'tol'), 0.2843422249654247) | ParamSetting(('scipy.params', 'param', 'maxiter'), 2227) | ParamSetting(('scipy.params', 'param', 'disp'), 'False') | ParamSetting(('scipy.params', 'param', 'disp'), 'False') | ParamSetting(('scipy.params', 'param', 'method'), 'Nelder-Mead')"
2024-07-27 02:49:33,454	[INFO]	72      SUCCESS              +60108178789.666664 (58.22%) [5 edit(s)] [cached] 
2024-07-27 02:49:33,455	[DEBUG]	patch(72)="ParamSetting(('scipy.params', 'param', 'method'), 'L-BFGS-B') | ParamSetting(('scipy.params', 'param', 'jac'), 'cs') | ParamSetting(('scipy.params', 'param', 'tol'), 0.2843422249654247) | ParamSetting(('scipy.params', 'param', 'maxiter'), 2227) | ParamSetting(('scipy.params', 'param', 'disp'), 'False')"
2024-07-27 02:49:33,455	[INFO]	73      SUCCESS               80564766078.000000 (78.03%) [4 edit(s)] [cached] 
2024-07-27 02:49:33,455	[DEBUG]	patch(73)="ParamSetting(('scipy.params', 'param', 'method'), 'L-BFGS-B') | ParamSetting(('scipy.params', 'param', 'tol'), 0.2843422249654247) | ParamSetting(('scipy.params', 'param', 'maxiter'), 2227) | ParamSetting(('scipy.params', 'param', 'disp'), 'False')"
2024-07-27 02:50:11,221	[DEBUG]	EXEC>  SUCCESS 62330508921.0
2024-07-27 02:50:11,221	[INFO]	74      SUCCESS               62330508921.000000 (60.37%) [6 edit(s)]  
2024-07-27 02:50:11,221	[DEBUG]	patch(74)="ParamSetting(('scipy.params', 'param', 'method'), 'L-BFGS-B') | ParamSetting(('scipy.params', 'param', 'jac'), 'cs') | ParamSetting(('scipy.params', 'param', 'tol'), 0.2843422249654247) | ParamSetting(('scipy.params', 'param', 'maxiter'), 2227) | ParamSetting(('scipy.params', 'param', 'disp'), 'False') | ParamSetting(('scipy.params', 'param', 'maxiter'), 8250)"
2024-07-27 02:50:11,223	[INFO]	75      SUCCESS              +60108178789.666664 (58.22%) [6 edit(s)] [cached] 
2024-07-27 02:50:11,223	[DEBUG]	patch(75)="ParamSetting(('scipy.params', 'param', 'method'), 'L-BFGS-B') | ParamSetting(('scipy.params', 'param', 'jac'), 'cs') | ParamSetting(('scipy.params', 'param', 'tol'), 0.2843422249654247) | ParamSetting(('scipy.params', 'param', 'maxiter'), 2227) | ParamSetting(('scipy.params', 'param', 'disp'), 'False') | ParamSetting(('scipy.params', 'param', 'method'), 'L-BFGS-B')"
2024-07-27 02:50:11,224	[INFO]	76      SUCCESS               62414532922.000000 (60.45%) [5 edit(s)] [cached] 
2024-07-27 02:50:11,224	[DEBUG]	patch(76)="ParamSetting(('scipy.params', 'param', 'method'), 'L-BFGS-B') | ParamSetting(('scipy.params', 'param', 'jac'), 'cs') | ParamSetting(('scipy.params', 'param', 'tol'), 0.2843422249654247) | ParamSetting(('scipy.params', 'param', 'disp'), 'False') | ParamSetting(('scipy.params', 'param', 'method'), 'L-BFGS-B')"
2024-07-27 02:50:11,225	[INFO]	77      SUCCESS              +60108178789.666664 (58.22%) [7 edit(s)] [cached] 
2024-07-27 02:50:11,225	[DEBUG]	patch(77)="ParamSetting(('scipy.params', 'param', 'method'), 'L-BFGS-B') | ParamSetting(('scipy.params', 'param', 'jac'), 'cs') | ParamSetting(('scipy.params', 'param', 'tol'), 0.2843422249654247) | ParamSetting(('scipy.params', 'param', 'maxiter'), 2227) | ParamSetting(('scipy.params', 'param', 'disp'), 'False') | ParamSetting(('scipy.params', 'param', 'method'), 'L-BFGS-B') | ParamSetting(('scipy.params', 'param', 'disp'), 'False')"
2024-07-27 02:50:11,226	[INFO]	78      SUCCESS               71931528725.666672 (69.67%) [6 edit(s)] [cached] 
2024-07-27 02:50:11,226	[DEBUG]	patch(78)="ParamSetting(('scipy.params', 'param', 'method'), 'L-BFGS-B') | ParamSetting(('scipy.params', 'param', 'jac'), 'cs') | ParamSetting(('scipy.params', 'param', 'maxiter'), 2227) | ParamSetting(('scipy.params', 'param', 'disp'), 'False') | ParamSetting(('scipy.params', 'param', 'method'), 'L-BFGS-B') | ParamSetting(('scipy.params', 'param', 'disp'), 'False')"
2024-07-27 02:50:11,227	[INFO]	79      SUCCESS               62414532922.000000 (60.45%) [6 edit(s)] [cached] 
2024-07-27 02:50:11,227	[DEBUG]	patch(79)="ParamSetting(('scipy.params', 'param', 'method'), 'L-BFGS-B') | ParamSetting(('scipy.params', 'param', 'jac'), 'cs') | ParamSetting(('scipy.params', 'param', 'tol'), 0.2843422249654247) | ParamSetting(('scipy.params', 'param', 'disp'), 'False') | ParamSetting(('scipy.params', 'param', 'method'), 'L-BFGS-B') | ParamSetting(('scipy.params', 'param', 'disp'), 'False')"
2024-07-27 02:50:11,228	[INFO]	80      SUCCESS               81923890585.333328 (79.35%) [8 edit(s)] [cached] 
2024-07-27 02:50:11,228	[DEBUG]	patch(80)="ParamSetting(('scipy.params', 'param', 'method'), 'L-BFGS-B') | ParamSetting(('scipy.params', 'param', 'jac'), 'cs') | ParamSetting(('scipy.params', 'param', 'tol'), 0.2843422249654247) | ParamSetting(('scipy.params', 'param', 'maxiter'), 2227) | ParamSetting(('scipy.params', 'param', 'disp'), 'False') | ParamSetting(('scipy.params', 'param', 'method'), 'L-BFGS-B') | ParamSetting(('scipy.params', 'param', 'disp'), 'False') | ParamSetting(('scipy.params', 'param', 'jac'), 'False')"
2024-07-27 02:50:11,229	[INFO]	81      SUCCESS               80564766078.000000 (78.03%) [8 edit(s)] [cached] 
2024-07-27 02:50:11,229	[DEBUG]	patch(81)="ParamSetting(('scipy.params', 'param', 'method'), 'L-BFGS-B') | ParamSetting(('scipy.params', 'param', 'jac'), 'cs') | ParamSetting(('scipy.params', 'param', 'tol'), 0.2843422249654247) | ParamSetting(('scipy.params', 'param', 'maxiter'), 2227) | ParamSetting(('scipy.params', 'param', 'disp'), 'False') | ParamSetting(('scipy.params', 'param', 'method'), 'L-BFGS-B') | ParamSetting(('scipy.params', 'param', 'disp'), 'False') | ParamSetting(('scipy.params', 'param', 'jac'), 'None')"
2024-07-27 02:50:49,657	[DEBUG]	EXEC>  SUCCESS 63900763801.666664
2024-07-27 02:50:49,657	[INFO]	82      SUCCESS               63900763801.666664 (61.89%) [8 edit(s)]  
2024-07-27 02:50:49,657	[DEBUG]	patch(82)="ParamSetting(('scipy.params', 'param', 'method'), 'L-BFGS-B') | ParamSetting(('scipy.params', 'param', 'jac'), 'cs') | ParamSetting(('scipy.params', 'param', 'tol'), 0.2843422249654247) | ParamSetting(('scipy.params', 'param', 'maxiter'), 2227) | ParamSetting(('scipy.params', 'param', 'disp'), 'False') | ParamSetting(('scipy.params', 'param', 'method'), 'L-BFGS-B') | ParamSetting(('scipy.params', 'param', 'disp'), 'False') | ParamSetting(('scipy.params', 'param', 'maxiter'), 5793)"
2024-07-27 02:51:26,753	[DEBUG]	EXEC>  SUCCESS 61603744593.666664
2024-07-27 02:51:26,754	[INFO]	83      SUCCESS               61603744593.666664 (59.67%) [8 edit(s)]  
2024-07-27 02:51:26,754	[DEBUG]	patch(83)="ParamSetting(('scipy.params', 'param', 'method'), 'L-BFGS-B') | ParamSetting(('scipy.params', 'param', 'jac'), 'cs') | ParamSetting(('scipy.params', 'param', 'tol'), 0.2843422249654247) | ParamSetting(('scipy.params', 'param', 'maxiter'), 2227) | ParamSetting(('scipy.params', 'param', 'disp'), 'False') | ParamSetting(('scipy.params', 'param', 'method'), 'L-BFGS-B') | ParamSetting(('scipy.params', 'param', 'disp'), 'False') | ParamSetting(('scipy.params', 'param', 'maxiter'), 3545)"
2024-07-27 02:51:26,755	[INFO]	84      SUCCESS              +60108178789.666664 (58.22%) [8 edit(s)] [cached] 
2024-07-27 02:51:26,755	[DEBUG]	patch(84)="ParamSetting(('scipy.params', 'param', 'method'), 'L-BFGS-B') | ParamSetting(('scipy.params', 'param', 'jac'), 'cs') | ParamSetting(('scipy.params', 'param', 'tol'), 0.2843422249654247) | ParamSetting(('scipy.params', 'param', 'maxiter'), 2227) | ParamSetting(('scipy.params', 'param', 'disp'), 'False') | ParamSetting(('scipy.params', 'param', 'method'), 'L-BFGS-B') | ParamSetting(('scipy.params', 'param', 'disp'), 'False') | ParamSetting(('scipy.params', 'param', 'disp'), 'False')"
2024-07-27 02:51:26,756	[INFO]	85      SUCCESS              +60108178789.666664 (58.22%) [7 edit(s)] [cached] 
2024-07-27 02:51:26,756	[DEBUG]	patch(85)="ParamSetting(('scipy.params', 'param', 'method'), 'L-BFGS-B') | ParamSetting(('scipy.params', 'param', 'jac'), 'cs') | ParamSetting(('scipy.params', 'param', 'tol'), 0.2843422249654247) | ParamSetting(('scipy.params', 'param', 'maxiter'), 2227) | ParamSetting(('scipy.params', 'param', 'disp'), 'False') | ParamSetting(('scipy.params', 'param', 'method'), 'L-BFGS-B') | ParamSetting(('scipy.params', 'param', 'disp'), 'False')"
2024-07-27 02:51:26,756	[INFO]	86      SUCCESS               81923890585.333328 (79.35%) [8 edit(s)] [cached] 
2024-07-27 02:51:26,757	[DEBUG]	patch(86)="ParamSetting(('scipy.params', 'param', 'method'), 'L-BFGS-B') | ParamSetting(('scipy.params', 'param', 'jac'), 'cs') | ParamSetting(('scipy.params', 'param', 'tol'), 0.2843422249654247) | ParamSetting(('scipy.params', 'param', 'maxiter'), 2227) | ParamSetting(('scipy.params', 'param', 'disp'), 'False') | ParamSetting(('scipy.params', 'param', 'method'), 'L-BFGS-B') | ParamSetting(('scipy.params', 'param', 'disp'), 'False') | ParamSetting(('scipy.params', 'param', 'jac'), 'False')"
2024-07-27 02:52:04,383	[DEBUG]	EXEC>  SUCCESS 63247067254.0
2024-07-27 02:52:04,384	[INFO]	87      SUCCESS               63247067254.000000 (61.26%) [8 edit(s)]  
2024-07-27 02:52:04,384	[DEBUG]	patch(87)="ParamSetting(('scipy.params', 'param', 'method'), 'L-BFGS-B') | ParamSetting(('scipy.params', 'param', 'jac'), 'cs') | ParamSetting(('scipy.params', 'param', 'tol'), 0.2843422249654247) | ParamSetting(('scipy.params', 'param', 'maxiter'), 2227) | ParamSetting(('scipy.params', 'param', 'disp'), 'False') | ParamSetting(('scipy.params', 'param', 'method'), 'L-BFGS-B') | ParamSetting(('scipy.params', 'param', 'disp'), 'False') | ParamSetting(('scipy.params', 'param', 'tol'), 0.26092840381366295)"
2024-07-27 02:52:42,867	[DEBUG]	EXEC>  SUCCESS 63320750529.0
2024-07-27 02:52:42,868	[INFO]	88      SUCCESS               63320750529.000000 (61.33%) [8 edit(s)]  
2024-07-27 02:52:42,868	[DEBUG]	patch(88)="ParamSetting(('scipy.params', 'param', 'method'), 'L-BFGS-B') | ParamSetting(('scipy.params', 'param', 'jac'), 'cs') | ParamSetting(('scipy.params', 'param', 'tol'), 0.2843422249654247) | ParamSetting(('scipy.params', 'param', 'maxiter'), 2227) | ParamSetting(('scipy.params', 'param', 'disp'), 'False') | ParamSetting(('scipy.params', 'param', 'method'), 'L-BFGS-B') | ParamSetting(('scipy.params', 'param', 'disp'), 'False') | ParamSetting(('scipy.params', 'param', 'maxiter'), 299)"
2024-07-27 02:52:42,869	[INFO]	89      SUCCESS               62414532922.000000 (60.45%) [6 edit(s)] [cached] 
2024-07-27 02:52:42,869	[DEBUG]	patch(89)="ParamSetting(('scipy.params', 'param', 'method'), 'L-BFGS-B') | ParamSetting(('scipy.params', 'param', 'jac'), 'cs') | ParamSetting(('scipy.params', 'param', 'tol'), 0.2843422249654247) | ParamSetting(('scipy.params', 'param', 'disp'), 'False') | ParamSetting(('scipy.params', 'param', 'method'), 'L-BFGS-B') | ParamSetting(('scipy.params', 'param', 'disp'), 'False')"
2024-07-27 02:53:22,209	[DEBUG]	EXEC>  SUCCESS 64542973098.666664
2024-07-27 02:53:22,209	[INFO]	90      SUCCESS               64542973098.666664 (62.52%) [8 edit(s)]  
2024-07-27 02:53:22,209	[DEBUG]	patch(90)="ParamSetting(('scipy.params', 'param', 'method'), 'L-BFGS-B') | ParamSetting(('scipy.params', 'param', 'jac'), 'cs') | ParamSetting(('scipy.params', 'param', 'tol'), 0.2843422249654247) | ParamSetting(('scipy.params', 'param', 'maxiter'), 2227) | ParamSetting(('scipy.params', 'param', 'disp'), 'False') | ParamSetting(('scipy.params', 'param', 'method'), 'L-BFGS-B') | ParamSetting(('scipy.params', 'param', 'disp'), 'False') | ParamSetting(('scipy.params', 'param', 'tol'), 0.20379377219494527)"
2024-07-27 02:53:22,210	[INFO]	91      SUCCESS              +60108178789.666664 (58.22%) [6 edit(s)] [cached] 
2024-07-27 02:53:22,210	[DEBUG]	patch(91)="ParamSetting(('scipy.params', 'param', 'jac'), 'cs') | ParamSetting(('scipy.params', 'param', 'tol'), 0.2843422249654247) | ParamSetting(('scipy.params', 'param', 'maxiter'), 2227) | ParamSetting(('scipy.params', 'param', 'disp'), 'False') | ParamSetting(('scipy.params', 'param', 'method'), 'L-BFGS-B') | ParamSetting(('scipy.params', 'param', 'disp'), 'False')"
2024-07-27 02:53:58,217	[DEBUG]	EXEC>  SUCCESS 61239258653.333336
2024-07-27 02:53:58,217	[INFO]	92      SUCCESS               61239258653.333336 (59.32%) [7 edit(s)]  
2024-07-27 02:53:58,217	[DEBUG]	patch(92)="ParamSetting(('scipy.params', 'param', 'jac'), 'cs') | ParamSetting(('scipy.params', 'param', 'tol'), 0.2843422249654247) | ParamSetting(('scipy.params', 'param', 'maxiter'), 2227) | ParamSetting(('scipy.params', 'param', 'disp'), 'False') | ParamSetting(('scipy.params', 'param', 'method'), 'L-BFGS-B') | ParamSetting(('scipy.params', 'param', 'disp'), 'False') | ParamSetting(('scipy.params', 'param', 'maxiter'), 7506)"
2024-07-27 02:53:58,218	[INFO]	93      SUCCESS               62414532922.000000 (60.45%) [5 edit(s)] [cached] 
2024-07-27 02:53:58,218	[DEBUG]	patch(93)="ParamSetting(('scipy.params', 'param', 'jac'), 'cs') | ParamSetting(('scipy.params', 'param', 'tol'), 0.2843422249654247) | ParamSetting(('scipy.params', 'param', 'disp'), 'False') | ParamSetting(('scipy.params', 'param', 'method'), 'L-BFGS-B') | ParamSetting(('scipy.params', 'param', 'disp'), 'False')"
2024-07-27 02:54:35,235	[DEBUG]	EXEC>  SUCCESS 61162253195.666664
2024-07-27 02:54:35,235	[INFO]	94      SUCCESS               61162253195.666664 (59.24%) [7 edit(s)]  
2024-07-27 02:54:35,235	[DEBUG]	patch(94)="ParamSetting(('scipy.params', 'param', 'jac'), 'cs') | ParamSetting(('scipy.params', 'param', 'tol'), 0.2843422249654247) | ParamSetting(('scipy.params', 'param', 'maxiter'), 2227) | ParamSetting(('scipy.params', 'param', 'disp'), 'False') | ParamSetting(('scipy.params', 'param', 'method'), 'L-BFGS-B') | ParamSetting(('scipy.params', 'param', 'disp'), 'False') | ParamSetting(('scipy.params', 'param', 'maxiter'), 2630)"
2024-07-27 02:54:35,236	[INFO]	95      SUCCESS              +60108178789.666664 (58.22%) [7 edit(s)] [cached] 
2024-07-27 02:54:35,237	[DEBUG]	patch(95)="ParamSetting(('scipy.params', 'param', 'jac'), 'cs') | ParamSetting(('scipy.params', 'param', 'tol'), 0.2843422249654247) | ParamSetting(('scipy.params', 'param', 'maxiter'), 2227) | ParamSetting(('scipy.params', 'param', 'disp'), 'False') | ParamSetting(('scipy.params', 'param', 'method'), 'L-BFGS-B') | ParamSetting(('scipy.params', 'param', 'disp'), 'False') | ParamSetting(('scipy.params', 'param', 'jac'), 'cs')"
2024-07-27 02:54:35,237	[INFO]	96      SUCCESS              +60108178789.666664 (58.22%) [8 edit(s)] [cached] 
2024-07-27 02:54:35,238	[DEBUG]	patch(96)="ParamSetting(('scipy.params', 'param', 'jac'), 'cs') | ParamSetting(('scipy.params', 'param', 'tol'), 0.2843422249654247) | ParamSetting(('scipy.params', 'param', 'maxiter'), 2227) | ParamSetting(('scipy.params', 'param', 'disp'), 'False') | ParamSetting(('scipy.params', 'param', 'method'), 'L-BFGS-B') | ParamSetting(('scipy.params', 'param', 'disp'), 'False') | ParamSetting(('scipy.params', 'param', 'jac'), 'cs') | ParamSetting(('scipy.params', 'param', 'disp'), 'False')"
2024-07-27 02:54:35,238	[INFO]	97      SUCCESS              +60108178789.666664 (58.22%) [7 edit(s)] [cached] 
2024-07-27 02:54:35,239	[DEBUG]	patch(97)="ParamSetting(('scipy.params', 'param', 'jac'), 'cs') | ParamSetting(('scipy.params', 'param', 'tol'), 0.2843422249654247) | ParamSetting(('scipy.params', 'param', 'maxiter'), 2227) | ParamSetting(('scipy.params', 'param', 'disp'), 'False') | ParamSetting(('scipy.params', 'param', 'method'), 'L-BFGS-B') | ParamSetting(('scipy.params', 'param', 'disp'), 'False') | ParamSetting(('scipy.params', 'param', 'disp'), 'False')"
2024-07-27 02:54:35,239	[INFO]	98      SUCCESS              +60108178789.666664 (58.22%) [6 edit(s)] [cached] 
2024-07-27 02:54:35,239	[DEBUG]	patch(98)="ParamSetting(('scipy.params', 'param', 'jac'), 'cs') | ParamSetting(('scipy.params', 'param', 'tol'), 0.2843422249654247) | ParamSetting(('scipy.params', 'param', 'maxiter'), 2227) | ParamSetting(('scipy.params', 'param', 'disp'), 'False') | ParamSetting(('scipy.params', 'param', 'method'), 'L-BFGS-B') | ParamSetting(('scipy.params', 'param', 'disp'), 'False')"
2024-07-27 02:54:35,240	[INFO]	99      SUCCESS               80564766078.000000 (78.03%) [5 edit(s)] [cached] 
2024-07-27 02:54:35,240	[DEBUG]	patch(99)="ParamSetting(('scipy.params', 'param', 'tol'), 0.2843422249654247) | ParamSetting(('scipy.params', 'param', 'maxiter'), 2227) | ParamSetting(('scipy.params', 'param', 'disp'), 'False') | ParamSetting(('scipy.params', 'param', 'method'), 'L-BFGS-B') | ParamSetting(('scipy.params', 'param', 'disp'), 'False')"
2024-07-27 02:54:35,241	[INFO]	100     TEST_CODE_ERROR       None (--) [7 edit(s)] [cached] 
2024-07-27 02:54:35,241	[DEBUG]	patch(100)="ParamSetting(('scipy.params', 'param', 'jac'), 'cs') | ParamSetting(('scipy.params', 'param', 'tol'), 0.2843422249654247) | ParamSetting(('scipy.params', 'param', 'maxiter'), 2227) | ParamSetting(('scipy.params', 'param', 'disp'), 'False') | ParamSetting(('scipy.params', 'param', 'method'), 'L-BFGS-B') | ParamSetting(('scipy.params', 'param', 'disp'), 'False') | ParamSetting(('scipy.params', 'param', 'disp'), 'True')"
2024-07-27 02:54:35,242	[INFO]	101     SUCCESS              +60108178789.666664 (58.22%) [5 edit(s)] [cached] 
2024-07-27 02:54:35,242	[DEBUG]	patch(101)="ParamSetting(('scipy.params', 'param', 'jac'), 'cs') | ParamSetting(('scipy.params', 'param', 'tol'), 0.2843422249654247) | ParamSetting(('scipy.params', 'param', 'maxiter'), 2227) | ParamSetting(('scipy.params', 'param', 'disp'), 'False') | ParamSetting(('scipy.params', 'param', 'method'), 'L-BFGS-B')"
2024-07-27 02:54:35,243	[INFO]	102     SUCCESS               81923890585.333328 (79.35%) [6 edit(s)] [cached] 
2024-07-27 02:54:35,243	[DEBUG]	patch(102)="ParamSetting(('scipy.params', 'param', 'jac'), 'cs') | ParamSetting(('scipy.params', 'param', 'tol'), 0.2843422249654247) | ParamSetting(('scipy.params', 'param', 'maxiter'), 2227) | ParamSetting(('scipy.params', 'param', 'disp'), 'False') | ParamSetting(('scipy.params', 'param', 'method'), 'L-BFGS-B') | ParamSetting(('scipy.params', 'param', 'jac'), 'False')"
2024-07-27 02:54:35,244	[INFO]	103     SUCCESS               62414532922.000000 (60.45%) [4 edit(s)] [cached] 
2024-07-27 02:54:35,244	[DEBUG]	patch(103)="ParamSetting(('scipy.params', 'param', 'jac'), 'cs') | ParamSetting(('scipy.params', 'param', 'tol'), 0.2843422249654247) | ParamSetting(('scipy.params', 'param', 'disp'), 'False') | ParamSetting(('scipy.params', 'param', 'method'), 'L-BFGS-B')"
2024-07-27 02:54:35,244	[INFO]	104     SUCCESS               80564766078.000000 (78.03%) [6 edit(s)] [cached] 
2024-07-27 02:54:35,245	[DEBUG]	patch(104)="ParamSetting(('scipy.params', 'param', 'jac'), 'cs') | ParamSetting(('scipy.params', 'param', 'tol'), 0.2843422249654247) | ParamSetting(('scipy.params', 'param', 'maxiter'), 2227) | ParamSetting(('scipy.params', 'param', 'disp'), 'False') | ParamSetting(('scipy.params', 'param', 'method'), 'L-BFGS-B') | ParamSetting(('scipy.params', 'param', 'jac'), 'None')"
2024-07-27 02:54:35,245	[INFO]	105     TEST_CODE_ERROR       None (--) [4 edit(s)] [cached] 
2024-07-27 02:54:35,245	[DEBUG]	patch(105)="ParamSetting(('scipy.params', 'param', 'jac'), 'cs') | ParamSetting(('scipy.params', 'param', 'tol'), 0.2843422249654247) | ParamSetting(('scipy.params', 'param', 'maxiter'), 2227) | ParamSetting(('scipy.params', 'param', 'disp'), 'False')"
2024-07-27 02:54:35,246	[INFO]	106     SUCCESS              +60108178789.666664 (58.22%) [4 edit(s)] [cached] 
2024-07-27 02:54:35,246	[DEBUG]	patch(106)="ParamSetting(('scipy.params', 'param', 'jac'), 'cs') | ParamSetting(('scipy.params', 'param', 'tol'), 0.2843422249654247) | ParamSetting(('scipy.params', 'param', 'maxiter'), 2227) | ParamSetting(('scipy.params', 'param', 'method'), 'L-BFGS-B')"
2024-07-27 02:55:10,202	[DEBUG]	EXEC>  SUCCESS 59088951394.666664
2024-07-27 02:55:10,202	[INFO]	107     SUCCESS              *59088951394.666664 (57.23%) [5 edit(s)]  
2024-07-27 02:55:10,202	[DEBUG]	patch(107)="ParamSetting(('scipy.params', 'param', 'jac'), 'cs') | ParamSetting(('scipy.params', 'param', 'tol'), 0.2843422249654247) | ParamSetting(('scipy.params', 'param', 'maxiter'), 2227) | ParamSetting(('scipy.params', 'param', 'method'), 'L-BFGS-B') | ParamSetting(('scipy.params', 'param', 'tol'), 0.2791774615162577)"
--- before: scipy.params
+++ after: scipy.params
@@ -1,5 +1,5 @@
-method := 'None'
-jac := 'None'
-tol := 0.0001
+method := 'L-BFGS-B'
+jac := 'cs'
+tol := 0.2791774615162577
 disp := 'False'
-maxiter := 100
+maxiter := 2227

2024-07-27 02:55:48,394	[DEBUG]	EXEC>  SUCCESS 62306477102.666664
2024-07-27 02:55:48,395	[INFO]	108     SUCCESS               62306477102.666664 (60.35%) [4 edit(s)]  
2024-07-27 02:55:48,395	[DEBUG]	patch(108)="ParamSetting(('scipy.params', 'param', 'jac'), 'cs') | ParamSetting(('scipy.params', 'param', 'tol'), 0.2843422249654247) | ParamSetting(('scipy.params', 'param', 'method'), 'L-BFGS-B') | ParamSetting(('scipy.params', 'param', 'tol'), 0.2791774615162577)"
2024-07-27 02:56:31,078	[DEBUG]	EXEC>  SUCCESS 68856273019.33333
2024-07-27 02:56:31,079	[INFO]	109     SUCCESS               68856273019.333328 (66.69%) [6 edit(s)]  
2024-07-27 02:56:31,079	[DEBUG]	patch(109)="ParamSetting(('scipy.params', 'param', 'jac'), 'cs') | ParamSetting(('scipy.params', 'param', 'tol'), 0.2843422249654247) | ParamSetting(('scipy.params', 'param', 'maxiter'), 2227) | ParamSetting(('scipy.params', 'param', 'method'), 'L-BFGS-B') | ParamSetting(('scipy.params', 'param', 'tol'), 0.2791774615162577) | ParamSetting(('scipy.params', 'param', 'tol'), 0.038283166993831386)"
2024-07-27 02:56:31,080	[INFO]	110     SUCCESS               60108178789.666664 (58.22%) [4 edit(s)] [cached] 
2024-07-27 02:56:31,080	[DEBUG]	patch(110)="ParamSetting(('scipy.params', 'param', 'jac'), 'cs') | ParamSetting(('scipy.params', 'param', 'tol'), 0.2843422249654247) | ParamSetting(('scipy.params', 'param', 'maxiter'), 2227) | ParamSetting(('scipy.params', 'param', 'method'), 'L-BFGS-B')"
2024-07-27 02:57:09,473	[DEBUG]	EXEC>  SUCCESS 63395376917.666664
2024-07-27 02:57:09,473	[INFO]	111     SUCCESS               63395376917.666664 (61.40%) [6 edit(s)]  
2024-07-27 02:57:09,473	[DEBUG]	patch(111)="ParamSetting(('scipy.params', 'param', 'jac'), 'cs') | ParamSetting(('scipy.params', 'param', 'tol'), 0.2843422249654247) | ParamSetting(('scipy.params', 'param', 'maxiter'), 2227) | ParamSetting(('scipy.params', 'param', 'method'), 'L-BFGS-B') | ParamSetting(('scipy.params', 'param', 'tol'), 0.2791774615162577) | ParamSetting(('scipy.params', 'param', 'tol'), 0.18169359620070535)"
2024-07-27 02:57:48,436	[DEBUG]	EXEC>  SUCCESS 64492389180.666664
2024-07-27 02:57:48,436	[INFO]	112     SUCCESS               64492389180.666664 (62.47%) [6 edit(s)]  
2024-07-27 02:57:48,436	[DEBUG]	patch(112)="ParamSetting(('scipy.params', 'param', 'jac'), 'cs') | ParamSetting(('scipy.params', 'param', 'tol'), 0.2843422249654247) | ParamSetting(('scipy.params', 'param', 'maxiter'), 2227) | ParamSetting(('scipy.params', 'param', 'method'), 'L-BFGS-B') | ParamSetting(('scipy.params', 'param', 'tol'), 0.2791774615162577) | ParamSetting(('scipy.params', 'param', 'tol'), 0.1310770729034802)"
2024-07-27 02:57:48,437	[INFO]	113     SUCCESS              +59088951394.666664 (57.23%) [4 edit(s)] [cached] 
2024-07-27 02:57:48,437	[DEBUG]	patch(113)="ParamSetting(('scipy.params', 'param', 'jac'), 'cs') | ParamSetting(('scipy.params', 'param', 'maxiter'), 2227) | ParamSetting(('scipy.params', 'param', 'method'), 'L-BFGS-B') | ParamSetting(('scipy.params', 'param', 'tol'), 0.2791774615162577)"
2024-07-27 02:57:48,438	[INFO]	114     SUCCESS               71931528725.666672 (69.67%) [3 edit(s)] [cached] 
2024-07-27 02:57:48,438	[DEBUG]	patch(114)="ParamSetting(('scipy.params', 'param', 'jac'), 'cs') | ParamSetting(('scipy.params', 'param', 'maxiter'), 2227) | ParamSetting(('scipy.params', 'param', 'method'), 'L-BFGS-B')"
2024-07-27 02:57:48,439	[INFO]	115     SUCCESS               62306477102.666664 (60.35%) [3 edit(s)] [cached] 
2024-07-27 02:57:48,439	[DEBUG]	patch(115)="ParamSetting(('scipy.params', 'param', 'jac'), 'cs') | ParamSetting(('scipy.params', 'param', 'method'), 'L-BFGS-B') | ParamSetting(('scipy.params', 'param', 'tol'), 0.2791774615162577)"
2024-07-27 02:58:41,037	[DEBUG]	EXEC>  SUCCESS 79363088908.33333
2024-07-27 02:58:41,037	[INFO]	116     SUCCESS               79363088908.333328 (76.87%) [3 edit(s)]  
2024-07-27 02:58:41,037	[DEBUG]	patch(116)="ParamSetting(('scipy.params', 'param', 'maxiter'), 2227) | ParamSetting(('scipy.params', 'param', 'method'), 'L-BFGS-B') | ParamSetting(('scipy.params', 'param', 'tol'), 0.2791774615162577)"
2024-07-27 02:59:41,111	[DEBUG]	EXEC>  SUCCESS 88253269612.66667
2024-07-27 02:59:41,111	[INFO]	117     SUCCESS               88253269612.666672 (85.48%) [5 edit(s)]  
2024-07-27 02:59:41,111	[DEBUG]	patch(117)="ParamSetting(('scipy.params', 'param', 'jac'), 'cs') | ParamSetting(('scipy.params', 'param', 'maxiter'), 2227) | ParamSetting(('scipy.params', 'param', 'method'), 'L-BFGS-B') | ParamSetting(('scipy.params', 'param', 'tol'), 0.2791774615162577) | ParamSetting(('scipy.params', 'param', 'method'), 'CG')"
2024-07-27 02:59:41,112	[INFO]	~~~~ END ~~~~
2024-07-27 02:59:41,112	[INFO]	
2024-07-27 02:59:41,112	[INFO]	==== REPORT ====
2024-07-27 02:59:41,112	[INFO]	Termination: time budget
2024-07-27 02:59:41,112	[INFO]	Retries: 3
2024-07-27 02:59:41,112	[INFO]	Log file: /home/dbouras/magpie/_magpie_logs/scipy_1722043532.log
2024-07-27 02:59:41,112	[INFO]	Patch file: _magpie_logs/scipy_1722043532.patch
2024-07-27 02:59:41,112	[INFO]	Diff file: _magpie_logs/scipy_1722043532.diff
2024-07-27 02:59:41,113	[INFO]	Reference fitness: 103243880586.000000
2024-07-27 02:59:41,113	[INFO]	Best fitness: 59088951394.666664
2024-07-27 02:59:41,113	[INFO]	
2024-07-27 02:59:41,114	[INFO]	==== BEST PATCH ====
ParamSetting(('scipy.params', 'param', 'jac'), 'cs') | ParamSetting(('scipy.params', 'param', 'tol'), 0.2843422249654247) | ParamSetting(('scipy.params', 'param', 'maxiter'), 2227) | ParamSetting(('scipy.params', 'param', 'method'), 'L-BFGS-B') | ParamSetting(('scipy.params', 'param', 'tol'), 0.2791774615162577)
2024-07-27 02:59:41,114	[INFO]	
2024-07-27 02:59:41,114	[INFO]	==== DIFF ====
[1m--- before: scipy.params[0m
[1m+++ after: scipy.params[0m
[36m@@ -1,5 +1,5 @@[0m
[31m-method := 'None'[0m
[31m-jac := 'None'[0m
[31m-tol := 0.0001[0m
[32m+method := 'L-BFGS-B'[0m
[32m+jac := 'cs'[0m
[32m+tol := 0.2791774615162577[0m
 disp := 'False'
[31m-maxiter := 100[0m
[32m+maxiter := 2227[0m

