2024-06-26 15:21:29,540	[DEBUG]	==== CONFIG ====
[magpie]
import = 
seed = 6359423848850458
log_dir = _magpie_logs
work_dir = _magpie_work
local_original_copy = True
local_original_name = __original__
output_encoding = ascii
edit_retries = 10
default_timeout = 30
default_lengthout = 1e6
diff_method = unified
trust_local_filesystem = True

[magpie.log]
color_output = True
format_info = {counter:<7} {status:<20} {best}{fitness} ({ratio}) [{size}] {cached} {log}
format_debug = patch({counter})="{patch}"{diffifbest}
format_fitness = {:.6f}
format_ratio = {:.2%%}
format_patchif = 
	 --> {patch}
format_diffif = 
	{diff}

[software]
path = examples/sat4j
target_files = org.sat4j.core/src/main/java/org/sat4j/minisat/core/Solver.java.xml
software = BasicSoftware
model_rules = 
	*.params : ParamFileConfigModel
	*.xml : SrcmlModel
	* : LineModel
model_config = 
	*.params : [paramconfig]
	*.xml : [srcml]
init_cmd = 
init_timeout = 60
init_lengthout = -1
setup_cmd = ant sat
setup_timeout = 
setup_lengthout = 
compile_cmd = ant sat
compile_timeout = 
compile_lengthout = 
test_cmd = bash test.sh
test_timeout = 
test_lengthout = 
run_cmd = bash run_fixed.sh
run_timeout = 
run_lengthout = 
retries = 1
batch_timeout = 
batch_lengthout = 
batch_bin_fitness_strategy = aggregate
batch_fitness_strategy = sum
fitness = time

[srcml]
rename = 
	stmt: break continue decl_stmt do expr_stmt for goto if return switch while
	number: literal_number
focus = block stmt operator_comp operator_arith number
internodes = block
process_pseudo_blocks = True
process_literals = True
process_operators = True

[paramconfig]
timing = test run
cli_prefix = --
cli_glue = =
cli_boolean = show
cli_boolean_prefix_true = 
cli_boolean_prefix_false = no-
cli_none = hide
silent_prefix = @
silent_suffix = $

[search]
protocol = BasicProtocol
algorithm = FirstImprovement
possible_edits = 
	SrcmlStmtReplacement
	SrcmlStmtInsertion
	SrcmlStmtDeletion
warmup = 3
warmup_strategy = last
max_steps = 1000
max_time = 100
target_fitness = 
cache_maxsize = 100
cache_keep = 0.2
batch_instances = 
batch_shuffle = True
batch_bin_shuffle = False
batch_sample_size = 1

[search.ls]
delete_prob = 0.5
max_neighbours = 
when_trapped = continue
accept_fail = False
tabu_length = 10

[search.gp]
pop_size = 10
delete_prob = 0.5
offspring_elitism = 0.1
offspring_crossover = 0.5
offspring_mutation = 0.4
uniform_rate = 0.5
batch_reset = True

[search.minify]
do_cleanup = True
do_rebuild = True
do_simplify = True
round_robin_limit = 3


2024-06-26 15:21:29,540	[DEBUG]	
2024-06-26 15:21:29,540	[INFO]	==== SEARCH: FirstImprovement ====
2024-06-26 15:21:29,541	[INFO]	~~~~ WARMUP ~~~~
2024-06-26 15:21:55,514	[DEBUG]	EXEC>  SUCCESS 6.6266
2024-06-26 15:21:55,514	[INFO]	WARM    SUCCESS               6.626600 (--) [0 edit(s)]  
2024-06-26 15:22:14,100	[DEBUG]	EXEC>  SUCCESS 6.7141
2024-06-26 15:22:14,100	[INFO]	WARM    SUCCESS               6.714100 (--) [0 edit(s)]  
2024-06-26 15:22:31,902	[DEBUG]	EXEC>  SUCCESS 6.5406
2024-06-26 15:22:31,902	[INFO]	WARM    SUCCESS               6.540600 (--) [0 edit(s)]  
2024-06-26 15:22:31,902	[INFO]	REF     SUCCESS               6.540600 (--) [0 edit(s)]  
2024-06-26 15:22:31,902	[INFO]	
2024-06-26 15:22:31,903	[INFO]	~~~~ START ~~~~
2024-06-26 15:22:35,181	[INFO]	1       COMPILE_CODE_ERROR    None (--) [1 edit(s)]  
2024-06-26 15:22:35,181	[DEBUG]	patch(1)="SrcmlStmtReplacement(('org.sat4j.core/src/main/java/org/sat4j/minisat/core/Solver.java.xml', 'stmt', 73), ('org.sat4j.core/src/main/java/org/sat4j/minisat/core/Solver.java.xml', 'stmt', 695))"
2024-06-26 15:22:53,446	[DEBUG]	EXEC>  SUCCESS 6.6087
2024-06-26 15:22:53,447	[INFO]	2       SUCCESS               6.608700 (101.04%) [1 edit(s)]  
2024-06-26 15:22:53,447	[DEBUG]	patch(2)="SrcmlStmtDeletion(('org.sat4j.core/src/main/java/org/sat4j/minisat/core/Solver.java.xml', 'stmt', 644))"
2024-06-26 15:22:56,781	[INFO]	3       COMPILE_CODE_ERROR    None (--) [1 edit(s)]  
2024-06-26 15:22:56,781	[DEBUG]	patch(3)="SrcmlStmtInsertion(('org.sat4j.core/src/main/java/org/sat4j/minisat/core/Solver.java.xml', '_inter_block', 711), ('org.sat4j.core/src/main/java/org/sat4j/minisat/core/Solver.java.xml', 'stmt', 875))"
2024-06-26 15:23:00,079	[INFO]	4       COMPILE_CODE_ERROR    None (--) [1 edit(s)]  
2024-06-26 15:23:00,079	[DEBUG]	patch(4)="SrcmlStmtReplacement(('org.sat4j.core/src/main/java/org/sat4j/minisat/core/Solver.java.xml', 'stmt', 815), ('org.sat4j.core/src/main/java/org/sat4j/minisat/core/Solver.java.xml', 'stmt', 692))"
2024-06-26 15:23:01,565	[INFO]	5       COMPILE_CODE_ERROR    None (--) [1 edit(s)]  
2024-06-26 15:23:01,565	[DEBUG]	patch(5)="SrcmlStmtInsertion(('org.sat4j.core/src/main/java/org/sat4j/minisat/core/Solver.java.xml', '_inter_block', 1029), ('org.sat4j.core/src/main/java/org/sat4j/minisat/core/Solver.java.xml', 'stmt', 581))"
2024-06-26 15:23:02,942	[INFO]	6       COMPILE_CODE_ERROR    None (--) [1 edit(s)]  
2024-06-26 15:23:02,942	[DEBUG]	patch(6)="SrcmlStmtInsertion(('org.sat4j.core/src/main/java/org/sat4j/minisat/core/Solver.java.xml', '_inter_block', 69), ('org.sat4j.core/src/main/java/org/sat4j/minisat/core/Solver.java.xml', 'stmt', 249))"
2024-06-26 15:23:04,378	[INFO]	7       COMPILE_CODE_ERROR    None (--) [1 edit(s)]  
2024-06-26 15:23:04,378	[DEBUG]	patch(7)="SrcmlStmtReplacement(('org.sat4j.core/src/main/java/org/sat4j/minisat/core/Solver.java.xml', 'stmt', 762), ('org.sat4j.core/src/main/java/org/sat4j/minisat/core/Solver.java.xml', 'stmt', 656))"
2024-06-26 15:23:07,633	[INFO]	8       COMPILE_CODE_ERROR    None (--) [1 edit(s)]  
2024-06-26 15:23:07,633	[DEBUG]	patch(8)="SrcmlStmtReplacement(('org.sat4j.core/src/main/java/org/sat4j/minisat/core/Solver.java.xml', 'stmt', 346), ('org.sat4j.core/src/main/java/org/sat4j/minisat/core/Solver.java.xml', 'stmt', 934))"
2024-06-26 15:23:10,838	[INFO]	9       COMPILE_CODE_ERROR    None (--) [1 edit(s)]  
2024-06-26 15:23:10,838	[DEBUG]	patch(9)="SrcmlStmtReplacement(('org.sat4j.core/src/main/java/org/sat4j/minisat/core/Solver.java.xml', 'stmt', 215), ('org.sat4j.core/src/main/java/org/sat4j/minisat/core/Solver.java.xml', 'stmt', 500))"
2024-06-26 15:23:18,881	[INFO]	10      TEST_CODE_ERROR       None (--) [1 edit(s)]  
2024-06-26 15:23:18,881	[DEBUG]	patch(10)="SrcmlStmtDeletion(('org.sat4j.core/src/main/java/org/sat4j/minisat/core/Solver.java.xml', 'stmt', 53))"
2024-06-26 15:23:22,210	[INFO]	11      COMPILE_CODE_ERROR    None (--) [1 edit(s)]  
2024-06-26 15:23:22,210	[DEBUG]	patch(11)="SrcmlStmtReplacement(('org.sat4j.core/src/main/java/org/sat4j/minisat/core/Solver.java.xml', 'stmt', 292), ('org.sat4j.core/src/main/java/org/sat4j/minisat/core/Solver.java.xml', 'stmt', 334))"
2024-06-26 15:23:25,431	[INFO]	12      COMPILE_CODE_ERROR    None (--) [1 edit(s)]  
2024-06-26 15:23:25,432	[DEBUG]	patch(12)="SrcmlStmtDeletion(('org.sat4j.core/src/main/java/org/sat4j/minisat/core/Solver.java.xml', 'stmt', 542))"
2024-06-26 15:23:43,388	[DEBUG]	EXEC>  SUCCESS 6.5272
2024-06-26 15:23:43,388	[INFO]	13      SUCCESS              *6.527200 (99.80%) [1 edit(s)]  
2024-06-26 15:23:43,388	[DEBUG]	patch(13)="SrcmlStmtDeletion(('org.sat4j.core/src/main/java/org/sat4j/minisat/core/Solver.java.xml', 'stmt', 65))"
--- before: org.sat4j.core/src/main/java/org/sat4j/minisat/core/Solver.java
+++ after: org.sat4j.core/src/main/java/org/sat4j/minisat/core/Solver.java
@@ -305,9 +305,7 @@
      * LearningStrategy)
      */
     public void setLearningStrategy(LearningStrategy<D> strategy) {
-        if (this.learner != null) {
-            this.learner.setSolver(null);
-        }
+        
         this.learner = strategy;
         strategy.setSolver(this);
     }

2024-06-26 15:23:43,396	[INFO]	14      SUCCESS               6.540600 (100.00%) [0 edit(s)] [cached] 
2024-06-26 15:23:43,396	[DEBUG]	patch(14)=""
2024-06-26 15:23:44,851	[INFO]	15      COMPILE_CODE_ERROR    None (--) [2 edit(s)]  
2024-06-26 15:23:44,851	[DEBUG]	patch(15)="SrcmlStmtDeletion(('org.sat4j.core/src/main/java/org/sat4j/minisat/core/Solver.java.xml', 'stmt', 65)) | SrcmlStmtInsertion(('org.sat4j.core/src/main/java/org/sat4j/minisat/core/Solver.java.xml', '_inter_block', 1014), ('org.sat4j.core/src/main/java/org/sat4j/minisat/core/Solver.java.xml', 'stmt', 658))"
2024-06-26 15:23:48,128	[INFO]	16      COMPILE_CODE_ERROR    None (--) [2 edit(s)]  
2024-06-26 15:23:48,128	[DEBUG]	patch(16)="SrcmlStmtDeletion(('org.sat4j.core/src/main/java/org/sat4j/minisat/core/Solver.java.xml', 'stmt', 65)) | SrcmlStmtDeletion(('org.sat4j.core/src/main/java/org/sat4j/minisat/core/Solver.java.xml', 'stmt', 288))"
2024-06-26 15:24:26,155	[INFO]	17      TEST_TIMEOUT          None (--) [2 edit(s)]  
2024-06-26 15:24:26,155	[DEBUG]	patch(17)="SrcmlStmtDeletion(('org.sat4j.core/src/main/java/org/sat4j/minisat/core/Solver.java.xml', 'stmt', 65)) | SrcmlStmtDeletion(('org.sat4j.core/src/main/java/org/sat4j/minisat/core/Solver.java.xml', 'stmt', 450))"
2024-06-26 15:24:26,164	[INFO]	~~~~ END ~~~~
2024-06-26 15:24:26,164	[INFO]	
2024-06-26 15:24:26,164	[INFO]	==== REPORT ====
2024-06-26 15:24:26,164	[INFO]	Termination: time budget
2024-06-26 15:24:26,164	[INFO]	Retries: 1
2024-06-26 15:24:26,164	[INFO]	Log file: /home/dbouras/magpie/_magpie_logs/sat4j_1719411688.log
2024-06-26 15:24:26,164	[INFO]	Patch file: _magpie_logs/sat4j_1719411688.patch
2024-06-26 15:24:26,164	[INFO]	Diff file: _magpie_logs/sat4j_1719411688.diff
2024-06-26 15:24:26,164	[INFO]	Reference fitness: 6.540600
2024-06-26 15:24:26,165	[INFO]	Best fitness: 6.527200
2024-06-26 15:24:26,165	[INFO]	
2024-06-26 15:24:26,165	[INFO]	==== BEST PATCH ====
SrcmlStmtDeletion(('org.sat4j.core/src/main/java/org/sat4j/minisat/core/Solver.java.xml', 'stmt', 65))
2024-06-26 15:24:26,165	[INFO]	
2024-06-26 15:24:26,166	[INFO]	==== DIFF ====
[1m--- before: org.sat4j.core/src/main/java/org/sat4j/minisat/core/Solver.java[0m
[1m+++ after: org.sat4j.core/src/main/java/org/sat4j/minisat/core/Solver.java[0m
[36m@@ -305,9 +305,7 @@[0m
      * LearningStrategy)
      */
     public void setLearningStrategy(LearningStrategy<D> strategy) {
[31m-        if (this.learner != null) {[0m
[31m-            this.learner.setSolver(null);[0m
[31m-        }[0m
[32m+        [0m
         this.learner = strategy;
         strategy.setSolver(this);
     }

