2024-06-25 19:48:01,275	[DEBUG]	==== CONFIG ====
[magpie]
import = 
seed = 5834310503409359
log_dir = _magpie_logs
work_dir = _magpie_work
local_original_copy = True
local_original_name = __original__
output_encoding = ascii
edit_retries = 10
default_timeout = 100
default_lengthout = 1e6
diff_method = unified
trust_local_filesystem = True
run_timeout = 100

[magpie.log]
color_output = True
format_info = {counter:<7} {status:<20} {best}{fitness} ({ratio}) [{size}] {cached} {log}
format_debug = patch({counter})="{patch}"{diffifbest}
format_fitness = {:.6f}
format_ratio = {:.2%%}
format_patchif = 
	 --> {patch}
format_diffif = 
	{diff}

[software]
path = examples/minisat
target_files = 
	core/Solver.cc.xml
software = BasicSoftware
model_rules = 
	*.params : ParamFileConfigModel
	*.xml : SrcmlModel
	* : LineModel
model_config = 
	*.params : [paramconfig]
	*.xml : [srcml]
init_cmd = bash init.sh
init_timeout = 60
init_lengthout = -1
setup_cmd = bash compile.sh
setup_timeout = 
setup_lengthout = 
compile_cmd = bash compile.sh
compile_timeout = 
compile_lengthout = 
test_cmd = bash test.sh
test_timeout = 
test_lengthout = 
run_cmd = perf stat  bash run_fixed.sh
run_timeout = 
run_lengthout = 
retries = 1
batch_timeout = 
batch_lengthout = 
batch_bin_fitness_strategy = aggregate
batch_fitness_strategy = sum
fitness = perf_time

[srcml]
rename = 
	stmt: break continue decl_stmt do expr_stmt for goto if return switch while
	number: literal_number
focus = block stmt operator_comp operator_arith number
internodes = block
process_pseudo_blocks = True
process_literals = True
process_operators = True

[paramconfig]
timing = test run
cli_prefix = --
cli_glue = =
cli_boolean = show
cli_boolean_prefix_true = 
cli_boolean_prefix_false = no-
cli_none = hide
silent_prefix = @
silent_suffix = $

[search]
protocol = BasicProtocol
algorithm = FirstImprovement
possible_edits = 
	SrcmlStmtReplacement
	SrcmlStmtInsertion
	SrcmlStmtDeletion
warmup = 3
warmup_strategy = last
max_steps = 10000
max_time = 70
target_fitness = 
cache_maxsize = 100
cache_keep = 0.2
batch_instances = 
batch_shuffle = True
batch_bin_shuffle = False
batch_sample_size = 1

[search.ls]
delete_prob = 0.5
max_neighbours = 
when_trapped = continue
accept_fail = False
tabu_length = 10

[search.gp]
pop_size = 10
delete_prob = 0.5
offspring_elitism = 0.1
offspring_crossover = 0.5
offspring_mutation = 0.4
uniform_rate = 0.5
batch_reset = True

[search.minify]
do_cleanup = True
do_rebuild = True
do_simplify = True
round_robin_limit = 3


2024-06-25 19:48:01,275	[DEBUG]	
2024-06-25 19:48:01,275	[INFO]	==== SEARCH: FirstImprovement ====
2024-06-25 19:48:01,275	[INFO]	~~~~ WARMUP ~~~~
2024-06-25 19:48:20,252	[DEBUG]	EXEC>  SUCCESS 14.10532968
2024-06-25 19:48:20,252	[INFO]	WARM    SUCCESS               14.105330 (--) [0 edit(s)]  
2024-06-25 19:48:34,351	[DEBUG]	EXEC>  SUCCESS 13.84159102
2024-06-25 19:48:34,351	[INFO]	WARM    SUCCESS               13.841591 (--) [0 edit(s)]  
2024-06-25 19:48:48,424	[DEBUG]	EXEC>  SUCCESS 13.81381978
2024-06-25 19:48:48,424	[INFO]	WARM    SUCCESS               13.813820 (--) [0 edit(s)]  
2024-06-25 19:48:48,424	[INFO]	REF     SUCCESS               13.813820 (--) [0 edit(s)]  
2024-06-25 19:48:48,424	[INFO]	
2024-06-25 19:48:48,424	[INFO]	~~~~ START ~~~~
2024-06-25 19:48:48,861	[INFO]	1       COMPILE_CODE_ERROR    None (--) [1 edit(s)]  
2024-06-25 19:48:48,861	[DEBUG]	patch(1)="SrcmlStmtReplacement(('core/Solver.cc.xml', 'stmt', 41), ('core/Solver.cc.xml', 'stmt', 370))"
2024-06-25 19:48:49,309	[INFO]	2       COMPILE_CODE_ERROR    None (--) [1 edit(s)]  
2024-06-25 19:48:49,309	[DEBUG]	patch(2)="SrcmlStmtReplacement(('core/Solver.cc.xml', 'stmt', 359), ('core/Solver.cc.xml', 'stmt', 223))"
2024-06-25 19:48:49,741	[INFO]	3       COMPILE_CODE_ERROR    None (--) [1 edit(s)]  
2024-06-25 19:48:49,741	[DEBUG]	patch(3)="SrcmlStmtReplacement(('core/Solver.cc.xml', 'stmt', 277), ('core/Solver.cc.xml', 'stmt', 112))"
2024-06-25 19:49:05,514	[DEBUG]	EXEC>  SUCCESS 13.80919698
2024-06-25 19:49:05,514	[INFO]	4       SUCCESS              *13.809197 (99.97%) [1 edit(s)]  
2024-06-25 19:49:05,514	[DEBUG]	patch(4)="SrcmlStmtDeletion(('core/Solver.cc.xml', 'stmt', 35))"
--- before: core/Solver.cc
+++ after: core/Solver.cc
@@ -150,7 +150,7 @@
                 ps[j++] = p = ps[i];
             }/*auto*/
         }/*auto*/
-    ps.shrink(i - j);
+    
 
     if (ps.size() == 0)
         /*auto*/{

2024-06-25 19:49:05,518	[INFO]	5       SUCCESS               13.813820 (100.00%) [0 edit(s)] [cached] 
2024-06-25 19:49:05,518	[DEBUG]	patch(5)=""
2024-06-25 19:49:05,949	[INFO]	6       COMPILE_CODE_ERROR    None (--) [2 edit(s)]  
2024-06-25 19:49:05,949	[DEBUG]	patch(6)="SrcmlStmtDeletion(('core/Solver.cc.xml', 'stmt', 35)) | SrcmlStmtDeletion(('core/Solver.cc.xml', 'stmt', 96))"
2024-06-25 19:49:19,215	[DEBUG]	EXEC>  SUCCESS 11.35953072
2024-06-25 19:49:19,215	[INFO]	7       SUCCESS              *11.359531 (82.23%) [2 edit(s)]  
2024-06-25 19:49:19,215	[DEBUG]	patch(7)="SrcmlStmtDeletion(('core/Solver.cc.xml', 'stmt', 35)) | SrcmlStmtDeletion(('core/Solver.cc.xml', 'stmt', 27))"
--- before: core/Solver.cc
+++ after: core/Solver.cc
@@ -137,7 +137,7 @@
     }/*auto*/
 
     // Check if clause is satisfied and remove false/duplicate literals:
-    sort(ps);
+    
     Lit p; int i, j;
     for (i = j = 0, p = lit_Undef; i < ps.size(); i++)
         /*auto*/{
@@ -150,7 +150,7 @@
                 ps[j++] = p = ps[i];
             }/*auto*/
         }/*auto*/
-    ps.shrink(i - j);
+    
 
     if (ps.size() == 0)
         /*auto*/{

2024-06-25 19:49:32,606	[DEBUG]	EXEC>  SUCCESS 11.4923531
2024-06-25 19:49:32,606	[INFO]	8       SUCCESS               11.492353 (83.19%) [1 edit(s)]  
2024-06-25 19:49:32,606	[DEBUG]	patch(8)="SrcmlStmtDeletion(('core/Solver.cc.xml', 'stmt', 27))"
2024-06-25 19:49:34,512	[INFO]	9       TEST_CODE_ERROR       None (--) [3 edit(s)]  
2024-06-25 19:49:34,512	[DEBUG]	patch(9)="SrcmlStmtDeletion(('core/Solver.cc.xml', 'stmt', 35)) | SrcmlStmtDeletion(('core/Solver.cc.xml', 'stmt', 27)) | SrcmlStmtInsertion(('core/Solver.cc.xml', '_inter_block', 325), ('core/Solver.cc.xml', 'stmt', 243))"
2024-06-25 19:49:34,991	[INFO]	10      COMPILE_CODE_ERROR    None (--) [3 edit(s)]  
2024-06-25 19:49:34,991	[DEBUG]	patch(10)="SrcmlStmtDeletion(('core/Solver.cc.xml', 'stmt', 35)) | SrcmlStmtDeletion(('core/Solver.cc.xml', 'stmt', 27)) | SrcmlStmtReplacement(('core/Solver.cc.xml', 'stmt', 272), ('core/Solver.cc.xml', 'stmt', 160))"
2024-06-25 19:49:35,436	[INFO]	11      COMPILE_CODE_ERROR    None (--) [3 edit(s)]  
2024-06-25 19:49:35,436	[DEBUG]	patch(11)="SrcmlStmtDeletion(('core/Solver.cc.xml', 'stmt', 35)) | SrcmlStmtDeletion(('core/Solver.cc.xml', 'stmt', 27)) | SrcmlStmtInsertion(('core/Solver.cc.xml', '_inter_block', 476), ('core/Solver.cc.xml', 'stmt', 33))"
2024-06-25 19:49:35,440	[INFO]	12      SUCCESS               13.809197 (99.97%) [1 edit(s)] [cached] 
2024-06-25 19:49:35,440	[DEBUG]	patch(12)="SrcmlStmtDeletion(('core/Solver.cc.xml', 'stmt', 35))"
2024-06-25 19:49:37,249	[INFO]	13      TEST_CODE_ERROR       None (--) [3 edit(s)]  
2024-06-25 19:49:37,249	[DEBUG]	patch(13)="SrcmlStmtDeletion(('core/Solver.cc.xml', 'stmt', 35)) | SrcmlStmtDeletion(('core/Solver.cc.xml', 'stmt', 27)) | SrcmlStmtReplacement(('core/Solver.cc.xml', 'stmt', 16), ('core/Solver.cc.xml', 'stmt', 25))"
2024-06-25 19:49:37,687	[INFO]	14      COMPILE_CODE_ERROR    None (--) [3 edit(s)]  
2024-06-25 19:49:37,687	[DEBUG]	patch(14)="SrcmlStmtDeletion(('core/Solver.cc.xml', 'stmt', 35)) | SrcmlStmtDeletion(('core/Solver.cc.xml', 'stmt', 27)) | SrcmlStmtInsertion(('core/Solver.cc.xml', '_inter_block', 51), ('core/Solver.cc.xml', 'stmt', 358))"
2024-06-25 19:49:39,554	[INFO]	15      TEST_CODE_ERROR       None (--) [3 edit(s)]  
2024-06-25 19:49:39,554	[DEBUG]	patch(15)="SrcmlStmtDeletion(('core/Solver.cc.xml', 'stmt', 35)) | SrcmlStmtDeletion(('core/Solver.cc.xml', 'stmt', 27)) | SrcmlStmtInsertion(('core/Solver.cc.xml', '_inter_block', 276), ('core/Solver.cc.xml', 'stmt', 90))"
2024-06-25 19:49:52,925	[DEBUG]	EXEC>  SUCCESS 11.50841639
2024-06-25 19:49:52,925	[INFO]	16      SUCCESS               11.508416 (83.31%) [3 edit(s)]  
2024-06-25 19:49:52,925	[DEBUG]	patch(16)="SrcmlStmtDeletion(('core/Solver.cc.xml', 'stmt', 35)) | SrcmlStmtDeletion(('core/Solver.cc.xml', 'stmt', 27)) | SrcmlStmtDeletion(('core/Solver.cc.xml', 'stmt', 365))"
2024-06-25 19:49:53,359	[INFO]	17      COMPILE_CODE_ERROR    None (--) [3 edit(s)]  
2024-06-25 19:49:53,359	[DEBUG]	patch(17)="SrcmlStmtDeletion(('core/Solver.cc.xml', 'stmt', 35)) | SrcmlStmtDeletion(('core/Solver.cc.xml', 'stmt', 27)) | SrcmlStmtReplacement(('core/Solver.cc.xml', 'stmt', 77), ('core/Solver.cc.xml', 'stmt', 45))"
2024-06-25 19:49:53,798	[INFO]	18      COMPILE_CODE_ERROR    None (--) [3 edit(s)]  
2024-06-25 19:49:53,798	[DEBUG]	patch(18)="SrcmlStmtDeletion(('core/Solver.cc.xml', 'stmt', 35)) | SrcmlStmtDeletion(('core/Solver.cc.xml', 'stmt', 27)) | SrcmlStmtInsertion(('core/Solver.cc.xml', '_inter_block', 182), ('core/Solver.cc.xml', 'stmt', 355))"
2024-06-25 19:49:54,233	[INFO]	19      COMPILE_CODE_ERROR    None (--) [3 edit(s)]  
2024-06-25 19:49:54,233	[DEBUG]	patch(19)="SrcmlStmtDeletion(('core/Solver.cc.xml', 'stmt', 35)) | SrcmlStmtDeletion(('core/Solver.cc.xml', 'stmt', 27)) | SrcmlStmtReplacement(('core/Solver.cc.xml', 'stmt', 163), ('core/Solver.cc.xml', 'stmt', 337))"
2024-06-25 19:49:54,667	[INFO]	20      COMPILE_CODE_ERROR    None (--) [3 edit(s)]  
2024-06-25 19:49:54,667	[DEBUG]	patch(20)="SrcmlStmtDeletion(('core/Solver.cc.xml', 'stmt', 35)) | SrcmlStmtDeletion(('core/Solver.cc.xml', 'stmt', 27)) | SrcmlStmtReplacement(('core/Solver.cc.xml', 'stmt', 27), ('core/Solver.cc.xml', 'stmt', 405))"
2024-06-25 19:50:08,084	[DEBUG]	EXEC>  SUCCESS 11.48962213
2024-06-25 19:50:08,084	[INFO]	21      SUCCESS               11.489622 (83.17%) [3 edit(s)]  
2024-06-25 19:50:08,084	[DEBUG]	patch(21)="SrcmlStmtDeletion(('core/Solver.cc.xml', 'stmt', 35)) | SrcmlStmtDeletion(('core/Solver.cc.xml', 'stmt', 27)) | SrcmlStmtDeletion(('core/Solver.cc.xml', 'stmt', 249))"
2024-06-25 19:50:08,089	[INFO]	~~~~ END ~~~~
2024-06-25 19:50:08,089	[INFO]	
2024-06-25 19:50:08,089	[INFO]	==== REPORT ====
2024-06-25 19:50:08,089	[INFO]	Termination: time budget
2024-06-25 19:50:08,089	[INFO]	Retries: 1
2024-06-25 19:50:08,089	[INFO]	Log file: /home/dbouras/magpie/_magpie_logs/minisat_1719341280.log
2024-06-25 19:50:08,089	[INFO]	Patch file: _magpie_logs/minisat_1719341280.patch
2024-06-25 19:50:08,090	[INFO]	Diff file: _magpie_logs/minisat_1719341280.diff
2024-06-25 19:50:08,090	[INFO]	Reference fitness: 13.813820
2024-06-25 19:50:08,090	[INFO]	Best fitness: 11.359531
2024-06-25 19:50:08,090	[INFO]	
2024-06-25 19:50:08,090	[INFO]	==== BEST PATCH ====
SrcmlStmtDeletion(('core/Solver.cc.xml', 'stmt', 35)) | SrcmlStmtDeletion(('core/Solver.cc.xml', 'stmt', 27))
2024-06-25 19:50:08,091	[INFO]	
2024-06-25 19:50:08,091	[INFO]	==== DIFF ====
[1m--- before: core/Solver.cc[0m
[1m+++ after: core/Solver.cc[0m
[36m@@ -137,7 +137,7 @@[0m
     }/*auto*/
 
     // Check if clause is satisfied and remove false/duplicate literals:
[31m-    sort(ps);[0m
[32m+    [0m
     Lit p; int i, j;
     for (i = j = 0, p = lit_Undef; i < ps.size(); i++)
         /*auto*/{
[36m@@ -150,7 +150,7 @@[0m
                 ps[j++] = p = ps[i];
             }/*auto*/
         }/*auto*/
[31m-    ps.shrink(i - j);[0m
[32m+    [0m
 
     if (ps.size() == 0)
         /*auto*/{

