2024-06-19 13:36:39,894	[DEBUG]	==== CONFIG ====
[magpie]
import = 
seed = 1578248501403717
log_dir = _magpie_logs
work_dir = _magpie_work
local_original_copy = True
local_original_name = __original__
output_encoding = ascii
edit_retries = 10
default_timeout = 30
default_lengthout = 1e6
diff_method = unified
trust_local_filesystem = True

[magpie.log]
color_output = True
format_info = {counter:<7} {status:<20} {best}{fitness} ({ratio}) [{size}] {cached} {log}
format_debug = patch({counter})="{patch}"{diffifbest}
format_fitness = {:.6f}
format_ratio = {:.2%%}
format_patchif = 
	 --> {patch}
format_diffif = 
	{diff}

[software]
path = examples/weka
target_files = weka.params
software = BasicSoftware
model_rules = 
	*.params : ParamFileConfigModel
	*.xml : SrcmlModel
	* : LineModel
model_config = 
	*.params : [paramconfig]
	*.xml : [srcml]
init_cmd = 
init_timeout = 60
init_lengthout = -1
setup_cmd = ant compile
setup_timeout = 
setup_lengthout = 
compile_cmd = 
compile_timeout = 
compile_lengthout = 
test_cmd = bash test.sh
test_timeout = 
test_lengthout = 
run_cmd = ./run_custom.sh "bash run_fixed.sh"
run_timeout = 
run_lengthout = 
retries = 1
batch_timeout = 
batch_lengthout = 
batch_bin_fitness_strategy = aggregate
batch_fitness_strategy = sum
fitness = weights

[srcml]
rename = 
	stmt: break continue decl_stmt do expr_stmt for goto if return switch while
	number: literal_number
focus = block stmt operator_comp operator_arith number
internodes = block
process_pseudo_blocks = True
process_literals = True
process_operators = True

[paramconfig]
timing = test run
cli_prefix = --
cli_glue = =
cli_boolean = show
cli_boolean_prefix_true = 
cli_boolean_prefix_false = no-
cli_none = hide
silent_prefix = @
silent_suffix = $

[search]
protocol = BasicProtocol
algorithm = FirstImprovement
possible_edits = ParamSetting
warmup = 3
warmup_strategy = last
max_steps = 1000
max_time = 120
target_fitness = 
cache_maxsize = 100
cache_keep = 0.2
batch_instances = 
batch_shuffle = True
batch_bin_shuffle = False
batch_sample_size = 1

[search.ls]
delete_prob = 0.5
max_neighbours = 
when_trapped = continue
accept_fail = False
tabu_length = 10

[search.gp]
pop_size = 10
delete_prob = 0.5
offspring_elitism = 0.1
offspring_crossover = 0.5
offspring_mutation = 0.4
uniform_rate = 0.5
batch_reset = True

[search.minify]
do_cleanup = True
do_rebuild = True
do_simplify = True
round_robin_limit = 3


2024-06-19 13:36:39,894	[DEBUG]	
2024-06-19 13:36:39,894	[INFO]	==== SEARCH: FirstImprovement ====
2024-06-19 13:36:39,894	[INFO]	~~~~ WARMUP ~~~~
2024-06-19 13:37:16,721	[DEBUG]	EXEC>  SUCCESS 921365662.962
2024-06-19 13:37:16,721	[INFO]	WARM    SUCCESS               921365662.962000 (--) [0 edit(s)]  
2024-06-19 13:37:49,142	[DEBUG]	EXEC>  SUCCESS 806433149.692
2024-06-19 13:37:49,143	[INFO]	WARM    SUCCESS               806433149.692000 (--) [0 edit(s)]  
2024-06-19 13:38:22,204	[DEBUG]	EXEC>  SUCCESS 824583816.308
2024-06-19 13:38:22,204	[INFO]	WARM    SUCCESS               824583816.308000 (--) [0 edit(s)]  
2024-06-19 13:38:22,204	[INFO]	REF     SUCCESS               824583816.308000 (--) [0 edit(s)]  
2024-06-19 13:38:22,204	[INFO]	
2024-06-19 13:38:22,204	[INFO]	~~~~ START ~~~~
2024-06-19 13:38:49,872	[DEBUG]	EXEC>  SUCCESS 743619690.676
2024-06-19 13:38:49,873	[INFO]	1       SUCCESS              *743619690.676000 (90.18%) [1 edit(s)]  
2024-06-19 13:38:49,873	[DEBUG]	patch(1)="ParamSetting(('weka.params', 'param', 'I'), 5)"
--- before: weka.params
+++ after: weka.params
@@ -1,5 +1,5 @@
 P := 100
-I := 100
+I := 5
 K := 0
 M := 1
 V := 0.001

2024-06-19 13:39:20,206	[DEBUG]	EXEC>  SUCCESS 935955791.105
2024-06-19 13:39:20,207	[INFO]	2       SUCCESS               935955791.105000 (113.51%) [2 edit(s)]  
2024-06-19 13:39:20,207	[DEBUG]	patch(2)="ParamSetting(('weka.params', 'param', 'I'), 5) | ParamSetting(('weka.params', 'param', 'I'), 26)"
2024-06-19 13:39:49,398	[DEBUG]	EXEC>  SUCCESS 873007106.852
2024-06-19 13:39:49,398	[INFO]	3       SUCCESS               873007106.852000 (105.87%) [2 edit(s)]  
2024-06-19 13:39:49,399	[DEBUG]	patch(3)="ParamSetting(('weka.params', 'param', 'I'), 5) | ParamSetting(('weka.params', 'param', 'V'), 0.03483414465370954)"
2024-06-19 13:40:17,663	[DEBUG]	EXEC>  SUCCESS 712441423.525
2024-06-19 13:40:17,663	[INFO]	4       SUCCESS              *712441423.525000 (86.40%) [2 edit(s)]  
2024-06-19 13:40:17,663	[DEBUG]	patch(4)="ParamSetting(('weka.params', 'param', 'I'), 5) | ParamSetting(('weka.params', 'param', 'P'), 25)"
--- before: weka.params
+++ after: weka.params
@@ -1,5 +1,5 @@
-P := 100
-I := 100
+P := 25
+I := 5
 K := 0
 M := 1
 V := 0.001

2024-06-19 13:40:46,780	[DEBUG]	EXEC>  SUCCESS 847808964.539
2024-06-19 13:40:46,780	[INFO]	5       SUCCESS               847808964.539000 (102.82%) [3 edit(s)]  
2024-06-19 13:40:46,780	[DEBUG]	patch(5)="ParamSetting(('weka.params', 'param', 'I'), 5) | ParamSetting(('weka.params', 'param', 'P'), 25) | ParamSetting(('weka.params', 'param', 'B'), 'True')"
2024-06-19 13:40:46,781	[INFO]	~~~~ END ~~~~
2024-06-19 13:40:46,781	[INFO]	
2024-06-19 13:40:46,781	[INFO]	==== REPORT ====
2024-06-19 13:40:46,781	[INFO]	Termination: time budget
2024-06-19 13:40:46,781	[INFO]	Retries: 1
2024-06-19 13:40:46,781	[INFO]	Log file: /home/jim/magpie/_magpie_logs/weka_1718800598.log
2024-06-19 13:40:46,781	[INFO]	Patch file: _magpie_logs/weka_1718800598.patch
2024-06-19 13:40:46,782	[INFO]	Diff file: _magpie_logs/weka_1718800598.diff
2024-06-19 13:40:46,782	[INFO]	Reference fitness: 824583816.308000
2024-06-19 13:40:46,782	[INFO]	Best fitness: 712441423.525000
2024-06-19 13:40:46,782	[INFO]	
2024-06-19 13:40:46,783	[INFO]	==== BEST PATCH ====
ParamSetting(('weka.params', 'param', 'I'), 5) | ParamSetting(('weka.params', 'param', 'P'), 25)
2024-06-19 13:40:46,783	[INFO]	
2024-06-19 13:40:46,783	[INFO]	==== DIFF ====
[1m--- before: weka.params[0m
[1m+++ after: weka.params[0m
[36m@@ -1,5 +1,5 @@[0m
[31m-P := 100[0m
[31m-I := 100[0m
[32m+P := 25[0m
[32m+I := 5[0m
 K := 0
 M := 1
 V := 0.001

