2024-06-14 04:19:10,787	[DEBUG]	==== CONFIG ====
[magpie]
import = 
seed = 8315743231088951
log_dir = _magpie_logs
work_dir = _magpie_work
local_original_copy = True
local_original_name = __original__
output_encoding = ascii
edit_retries = 10
default_timeout = 100
default_lengthout = 1e6
diff_method = unified
trust_local_filesystem = True
run_timeout = 100

[magpie.log]
color_output = True
format_info = {counter:<7} {status:<20} {best}{fitness} ({ratio}) [{size}] {cached} {log}
format_debug = patch({counter})="{patch}"{diffifbest}
format_fitness = {:.6f}
format_ratio = {:.2%%}
format_patchif = 
	 --> {patch}
format_diffif = 
	{diff}

[software]
path = examples/minisat
target_files = 
	core/Solver.cc.xml
software = BasicSoftware
model_rules = 
	*.params : ParamFileConfigModel
	*.xml : SrcmlModel
	* : LineModel
model_config = 
	*.params : [paramconfig]
	*.xml : [srcml]
init_cmd = bash init.sh
init_timeout = 60
init_lengthout = -1
setup_cmd = bash compile.sh
setup_timeout = 
setup_lengthout = 
compile_cmd = bash compile.sh
compile_timeout = 
compile_lengthout = 
test_cmd = bash test.sh
test_timeout = 
test_lengthout = 
run_cmd = perf stat -e task-clock bash run_fixed.sh
run_timeout = 
run_lengthout = 
retries = 5
batch_timeout = 
batch_lengthout = 
batch_bin_fitness_strategy = aggregate
batch_fitness_strategy = sum
fitness = perf_task_clock

[srcml]
rename = 
	stmt: break continue decl_stmt do expr_stmt for goto if return switch while
	number: literal_number
focus = block stmt operator_comp operator_arith number
internodes = block
process_pseudo_blocks = True
process_literals = True
process_operators = True

[paramconfig]
timing = test run
cli_prefix = --
cli_glue = =
cli_boolean = show
cli_boolean_prefix_true = 
cli_boolean_prefix_false = no-
cli_none = hide
silent_prefix = @
silent_suffix = $

[search]
protocol = BasicProtocol
algorithm = FirstImprovement
possible_edits = 
	SrcmlStmtReplacement
	SrcmlStmtInsertion
	SrcmlStmtDeletion
warmup = 3
warmup_strategy = last
max_steps = 10000
max_time = 700
target_fitness = 
cache_maxsize = 100
cache_keep = 0.2
batch_instances = 
batch_shuffle = True
batch_bin_shuffle = False
batch_sample_size = 1

[search.ls]
delete_prob = 0.5
max_neighbours = 
when_trapped = continue
accept_fail = False
tabu_length = 10

[search.gp]
pop_size = 10
delete_prob = 0.5
offspring_elitism = 0.1
offspring_crossover = 0.5
offspring_mutation = 0.4
uniform_rate = 0.5
batch_reset = True

[search.minify]
do_cleanup = True
do_rebuild = True
do_simplify = True
round_robin_limit = 3


2024-06-14 04:19:10,788	[DEBUG]	
2024-06-14 04:19:10,788	[INFO]	==== SEARCH: FirstImprovement ====
2024-06-14 04:19:10,788	[INFO]	~~~~ WARMUP ~~~~
2024-06-14 04:20:12,502	[DEBUG]	EXEC>  SUCCESS 11580.547999999999
2024-06-14 04:20:12,502	[INFO]	WARM    SUCCESS               11580.548000 (--) [0 edit(s)]  
2024-06-14 04:21:10,770	[DEBUG]	EXEC>  SUCCESS 11591.48
2024-06-14 04:21:10,770	[INFO]	WARM    SUCCESS               11591.480000 (--) [0 edit(s)]  
2024-06-14 04:22:08,826	[DEBUG]	EXEC>  SUCCESS 11551.304
2024-06-14 04:22:08,827	[INFO]	WARM    SUCCESS               11551.304000 (--) [0 edit(s)]  
2024-06-14 04:22:08,827	[INFO]	REF     SUCCESS               11551.304000 (--) [0 edit(s)]  
2024-06-14 04:22:08,827	[INFO]	
2024-06-14 04:22:08,827	[INFO]	~~~~ START ~~~~
2024-06-14 04:22:09,085	[INFO]	1       COMPILE_CODE_ERROR    None (--) [1 edit(s)]  
2024-06-14 04:22:09,085	[DEBUG]	patch(1)="SrcmlStmtInsertion(('core/Solver.cc.xml', '_inter_block', 232), ('core/Solver.cc.xml', 'stmt', 205))"
2024-06-14 04:22:09,334	[INFO]	2       COMPILE_CODE_ERROR    None (--) [1 edit(s)]  
2024-06-14 04:22:09,335	[DEBUG]	patch(2)="SrcmlStmtInsertion(('core/Solver.cc.xml', '_inter_block', 343), ('core/Solver.cc.xml', 'stmt', 160))"
2024-06-14 04:23:08,832	[DEBUG]	EXEC>  SUCCESS 11566.002
2024-06-14 04:23:08,832	[INFO]	3       SUCCESS               11566.002000 (100.13%) [1 edit(s)]  
2024-06-14 04:23:08,832	[DEBUG]	patch(3)="SrcmlStmtInsertion(('core/Solver.cc.xml', '_inter_block', 123), ('core/Solver.cc.xml', 'stmt', 390))"
2024-06-14 04:23:09,075	[INFO]	4       COMPILE_CODE_ERROR    None (--) [1 edit(s)]  
2024-06-14 04:23:09,075	[DEBUG]	patch(4)="SrcmlStmtReplacement(('core/Solver.cc.xml', 'stmt', 73), ('core/Solver.cc.xml', 'stmt', 129))"
2024-06-14 04:24:08,388	[DEBUG]	EXEC>  SUCCESS 11541.787999999999
2024-06-14 04:24:08,388	[INFO]	5       SUCCESS              *11541.788000 (99.92%) [1 edit(s)]  
2024-06-14 04:24:08,389	[DEBUG]	patch(5)="SrcmlStmtDeletion(('core/Solver.cc.xml', 'stmt', 364))"
--- before: core/Solver.cc
+++ after: core/Solver.cc
@@ -902,9 +902,7 @@
     if (status == l_True){
         // Extend & copy model:
         model.growTo(nVars());
-        for (int i = 0; i < nVars(); i++) /*auto*/{
-            model[i] = value(i);
-        }/*auto*/
+        
     }else if (status == l_False && conflict.size() == 0)
         /*auto*/{
             ok = false;

2024-06-14 04:24:08,394	[INFO]	6       SUCCESS               11551.304000 (100.00%) [0 edit(s)] [cached] 
2024-06-14 04:24:08,395	[DEBUG]	patch(6)=""
2024-06-14 04:24:09,789	[INFO]	7       TEST_CODE_ERROR       None (--) [2 edit(s)]  
2024-06-14 04:24:09,789	[DEBUG]	patch(7)="SrcmlStmtDeletion(('core/Solver.cc.xml', 'stmt', 364)) | SrcmlStmtReplacement(('core/Solver.cc.xml', 'stmt', 77), ('core/Solver.cc.xml', 'stmt', 156))"
2024-06-14 04:24:09,994	[INFO]	8       COMPILE_CODE_ERROR    None (--) [2 edit(s)]  
2024-06-14 04:24:09,994	[DEBUG]	patch(8)="SrcmlStmtDeletion(('core/Solver.cc.xml', 'stmt', 364)) | SrcmlStmtDeletion(('core/Solver.cc.xml', 'stmt', 4))"
2024-06-14 04:24:10,196	[INFO]	9       COMPILE_CODE_ERROR    None (--) [2 edit(s)]  
2024-06-14 04:24:10,196	[DEBUG]	patch(9)="SrcmlStmtDeletion(('core/Solver.cc.xml', 'stmt', 364)) | SrcmlStmtInsertion(('core/Solver.cc.xml', '_inter_block', 288), ('core/Solver.cc.xml', 'stmt', 311))"
2024-06-14 04:24:10,430	[INFO]	10      COMPILE_CODE_ERROR    None (--) [2 edit(s)]  
2024-06-14 04:24:10,430	[DEBUG]	patch(10)="SrcmlStmtDeletion(('core/Solver.cc.xml', 'stmt', 364)) | SrcmlStmtReplacement(('core/Solver.cc.xml', 'stmt', 361), ('core/Solver.cc.xml', 'stmt', 411))"
2024-06-14 04:24:10,665	[INFO]	11      COMPILE_CODE_ERROR    None (--) [2 edit(s)]  
2024-06-14 04:24:10,665	[DEBUG]	patch(11)="SrcmlStmtDeletion(('core/Solver.cc.xml', 'stmt', 364)) | SrcmlStmtDeletion(('core/Solver.cc.xml', 'stmt', 417))"
2024-06-14 04:24:10,914	[INFO]	12      COMPILE_CODE_ERROR    None (--) [2 edit(s)]  
2024-06-14 04:24:10,915	[DEBUG]	patch(12)="SrcmlStmtDeletion(('core/Solver.cc.xml', 'stmt', 364)) | SrcmlStmtReplacement(('core/Solver.cc.xml', 'stmt', 62), ('core/Solver.cc.xml', 'stmt', 302))"
2024-06-14 04:24:11,155	[INFO]	13      COMPILE_CODE_ERROR    None (--) [2 edit(s)]  
2024-06-14 04:24:11,155	[DEBUG]	patch(13)="SrcmlStmtDeletion(('core/Solver.cc.xml', 'stmt', 364)) | SrcmlStmtReplacement(('core/Solver.cc.xml', 'stmt', 129), ('core/Solver.cc.xml', 'stmt', 220))"
2024-06-14 04:24:11,388	[INFO]	14      COMPILE_CODE_ERROR    None (--) [2 edit(s)]  
2024-06-14 04:24:11,388	[DEBUG]	patch(14)="SrcmlStmtDeletion(('core/Solver.cc.xml', 'stmt', 364)) | SrcmlStmtReplacement(('core/Solver.cc.xml', 'stmt', 62), ('core/Solver.cc.xml', 'stmt', 179))"
2024-06-14 04:24:11,601	[INFO]	15      COMPILE_CODE_ERROR    None (--) [2 edit(s)]  
2024-06-14 04:24:11,601	[DEBUG]	patch(15)="SrcmlStmtDeletion(('core/Solver.cc.xml', 'stmt', 364)) | SrcmlStmtInsertion(('core/Solver.cc.xml', '_inter_block', 213), ('core/Solver.cc.xml', 'stmt', 416))"
2024-06-14 04:24:11,809	[INFO]	16      COMPILE_CODE_ERROR    None (--) [2 edit(s)]  
2024-06-14 04:24:11,809	[DEBUG]	patch(16)="SrcmlStmtDeletion(('core/Solver.cc.xml', 'stmt', 364)) | SrcmlStmtDeletion(('core/Solver.cc.xml', 'stmt', 29))"
2024-06-14 04:24:12,005	[INFO]	17      COMPILE_CODE_ERROR    None (--) [2 edit(s)]  
2024-06-14 04:24:12,005	[DEBUG]	patch(17)="SrcmlStmtDeletion(('core/Solver.cc.xml', 'stmt', 364)) | SrcmlStmtInsertion(('core/Solver.cc.xml', '_inter_block', 410), ('core/Solver.cc.xml', 'stmt', 92))"
2024-06-14 04:24:13,489	[INFO]	18      TEST_CODE_ERROR       None (--) [2 edit(s)]  
2024-06-14 04:24:13,489	[DEBUG]	patch(18)="SrcmlStmtDeletion(('core/Solver.cc.xml', 'stmt', 364)) | SrcmlStmtReplacement(('core/Solver.cc.xml', 'stmt', 284), ('core/Solver.cc.xml', 'stmt', 301))"
2024-06-14 04:24:14,917	[INFO]	19      TEST_CODE_ERROR       None (--) [2 edit(s)]  
2024-06-14 04:24:14,917	[DEBUG]	patch(19)="SrcmlStmtDeletion(('core/Solver.cc.xml', 'stmt', 364)) | SrcmlStmtInsertion(('core/Solver.cc.xml', '_inter_block', 560), ('core/Solver.cc.xml', 'stmt', 134))"
2024-06-14 04:24:16,376	[INFO]	20      TEST_CODE_ERROR       None (--) [2 edit(s)]  
2024-06-14 04:24:16,377	[DEBUG]	patch(20)="SrcmlStmtDeletion(('core/Solver.cc.xml', 'stmt', 364)) | SrcmlStmtDeletion(('core/Solver.cc.xml', 'stmt', 114))"
2024-06-14 04:25:35,692	[DEBUG]	EXEC>  SUCCESS 15507.790000000003
2024-06-14 04:25:35,693	[INFO]	21      SUCCESS               15507.790000 (134.25%) [2 edit(s)]  
2024-06-14 04:25:35,693	[DEBUG]	patch(21)="SrcmlStmtDeletion(('core/Solver.cc.xml', 'stmt', 364)) | SrcmlStmtReplacement(('core/Solver.cc.xml', 'stmt', 101), ('core/Solver.cc.xml', 'stmt', 293))"
2024-06-14 04:25:36,995	[INFO]	22      TEST_CODE_ERROR       None (--) [2 edit(s)]  
2024-06-14 04:25:36,995	[DEBUG]	patch(22)="SrcmlStmtDeletion(('core/Solver.cc.xml', 'stmt', 364)) | SrcmlStmtDeletion(('core/Solver.cc.xml', 'stmt', 146))"
2024-06-14 04:25:37,234	[INFO]	23      COMPILE_CODE_ERROR    None (--) [2 edit(s)]  
2024-06-14 04:25:37,234	[DEBUG]	patch(23)="SrcmlStmtDeletion(('core/Solver.cc.xml', 'stmt', 364)) | SrcmlStmtInsertion(('core/Solver.cc.xml', '_inter_block', 351), ('core/Solver.cc.xml', 'stmt', 72))"
2024-06-14 04:26:31,433	[DEBUG]	EXEC>  SUCCESS 10520.552
2024-06-14 04:26:31,433	[INFO]	24      SUCCESS              *10520.552000 (91.08%) [2 edit(s)]  
2024-06-14 04:26:31,433	[DEBUG]	patch(24)="SrcmlStmtDeletion(('core/Solver.cc.xml', 'stmt', 364)) | SrcmlStmtInsertion(('core/Solver.cc.xml', '_inter_block', 194), ('core/Solver.cc.xml', 'stmt', 186))"
--- before: core/Solver.cc
+++ after: core/Solver.cc
@@ -428,6 +428,7 @@
 {
     analyze_stack.clear(); analyze_stack.push(p);
     int top = analyze_toclear.size();
+    seen[var(p)] = 0;
     while (analyze_stack.size() > 0){
         assert(reason(var(analyze_stack.last())) != CRef_Undef);
         Clause& c = ca[reason(var(analyze_stack.last()))]; analyze_stack.pop();
@@ -902,9 +903,7 @@
     if (status == l_True){
         // Extend & copy model:
         model.growTo(nVars());
-        for (int i = 0; i < nVars(); i++) /*auto*/{
-            model[i] = value(i);
-        }/*auto*/
+        
     }else if (status == l_False && conflict.size() == 0)
         /*auto*/{
             ok = false;

2024-06-14 04:26:31,440	[INFO]	25      SUCCESS               11541.788000 (99.92%) [1 edit(s)] [cached] 
2024-06-14 04:26:31,440	[DEBUG]	patch(25)="SrcmlStmtDeletion(('core/Solver.cc.xml', 'stmt', 364))"
2024-06-14 04:26:31,700	[INFO]	26      COMPILE_CODE_ERROR    None (--) [3 edit(s)]  
2024-06-14 04:26:31,700	[DEBUG]	patch(26)="SrcmlStmtDeletion(('core/Solver.cc.xml', 'stmt', 364)) | SrcmlStmtInsertion(('core/Solver.cc.xml', '_inter_block', 194), ('core/Solver.cc.xml', 'stmt', 186)) | SrcmlStmtInsertion(('core/Solver.cc.xml', '_inter_block', 172), ('core/Solver.cc.xml', 'stmt', 39))"
2024-06-14 04:26:31,947	[INFO]	27      COMPILE_CODE_ERROR    None (--) [3 edit(s)]  
2024-06-14 04:26:31,947	[DEBUG]	patch(27)="SrcmlStmtDeletion(('core/Solver.cc.xml', 'stmt', 364)) | SrcmlStmtInsertion(('core/Solver.cc.xml', '_inter_block', 194), ('core/Solver.cc.xml', 'stmt', 186)) | SrcmlStmtReplacement(('core/Solver.cc.xml', 'stmt', 169), ('core/Solver.cc.xml', 'stmt', 77))"
2024-06-14 04:26:32,169	[INFO]	28      COMPILE_CODE_ERROR    None (--) [3 edit(s)]  
2024-06-14 04:26:32,169	[DEBUG]	patch(28)="SrcmlStmtDeletion(('core/Solver.cc.xml', 'stmt', 364)) | SrcmlStmtInsertion(('core/Solver.cc.xml', '_inter_block', 194), ('core/Solver.cc.xml', 'stmt', 186)) | SrcmlStmtReplacement(('core/Solver.cc.xml', 'stmt', 309), ('core/Solver.cc.xml', 'stmt', 127))"
2024-06-14 04:27:26,318	[DEBUG]	EXEC>  SUCCESS 10512.104
2024-06-14 04:27:26,318	[INFO]	29      SUCCESS              *10512.104000 (91.00%) [1 edit(s)]  
2024-06-14 04:27:26,318	[DEBUG]	patch(29)="SrcmlStmtInsertion(('core/Solver.cc.xml', '_inter_block', 194), ('core/Solver.cc.xml', 'stmt', 186))"
--- before: core/Solver.cc
+++ after: core/Solver.cc
@@ -428,6 +428,7 @@
 {
     analyze_stack.clear(); analyze_stack.push(p);
     int top = analyze_toclear.size();
+    seen[var(p)] = 0;
     while (analyze_stack.size() > 0){
         assert(reason(var(analyze_stack.last())) != CRef_Undef);
         Clause& c = ca[reason(var(analyze_stack.last()))]; analyze_stack.pop();

2024-06-14 04:27:26,325	[INFO]	30      SUCCESS               11551.304000 (100.00%) [0 edit(s)] [cached] 
2024-06-14 04:27:26,325	[DEBUG]	patch(30)=""
2024-06-14 04:29:07,791	[INFO]	31      TEST_TIMEOUT          None (--) [2 edit(s)]  
2024-06-14 04:29:07,791	[DEBUG]	patch(31)="SrcmlStmtInsertion(('core/Solver.cc.xml', '_inter_block', 194), ('core/Solver.cc.xml', 'stmt', 186)) | SrcmlStmtDeletion(('core/Solver.cc.xml', 'stmt', 356))"
2024-06-14 04:30:03,313	[DEBUG]	EXEC>  SUCCESS 10780.154
2024-06-14 04:30:03,313	[INFO]	32      SUCCESS               10780.154000 (93.32%) [2 edit(s)]  
2024-06-14 04:30:03,313	[DEBUG]	patch(32)="SrcmlStmtInsertion(('core/Solver.cc.xml', '_inter_block', 194), ('core/Solver.cc.xml', 'stmt', 186)) | SrcmlStmtDeletion(('core/Solver.cc.xml', 'stmt', 69))"
2024-06-14 04:30:57,876	[DEBUG]	EXEC>  SUCCESS 10571.848000000002
2024-06-14 04:30:57,876	[INFO]	33      SUCCESS               10571.848000 (91.52%) [2 edit(s)]  
2024-06-14 04:30:57,876	[DEBUG]	patch(33)="SrcmlStmtInsertion(('core/Solver.cc.xml', '_inter_block', 194), ('core/Solver.cc.xml', 'stmt', 186)) | SrcmlStmtReplacement(('core/Solver.cc.xml', 'stmt', 384), ('core/Solver.cc.xml', 'stmt', 156))"
2024-06-14 04:30:58,101	[INFO]	34      COMPILE_CODE_ERROR    None (--) [2 edit(s)]  
2024-06-14 04:30:58,101	[DEBUG]	patch(34)="SrcmlStmtInsertion(('core/Solver.cc.xml', '_inter_block', 194), ('core/Solver.cc.xml', 'stmt', 186)) | SrcmlStmtDeletion(('core/Solver.cc.xml', 'stmt', 141))"
2024-06-14 04:30:58,318	[INFO]	35      COMPILE_CODE_ERROR    None (--) [2 edit(s)]  
2024-06-14 04:30:58,318	[DEBUG]	patch(35)="SrcmlStmtInsertion(('core/Solver.cc.xml', '_inter_block', 194), ('core/Solver.cc.xml', 'stmt', 186)) | SrcmlStmtReplacement(('core/Solver.cc.xml', 'stmt', 35), ('core/Solver.cc.xml', 'stmt', 78))"
2024-06-14 04:31:52,836	[DEBUG]	EXEC>  SUCCESS 10576.614000000001
2024-06-14 04:31:52,836	[INFO]	36      SUCCESS               10576.614000 (91.56%) [2 edit(s)]  
2024-06-14 04:31:52,836	[DEBUG]	patch(36)="SrcmlStmtInsertion(('core/Solver.cc.xml', '_inter_block', 194), ('core/Solver.cc.xml', 'stmt', 186)) | SrcmlStmtInsertion(('core/Solver.cc.xml', '_inter_block', 394), ('core/Solver.cc.xml', 'stmt', 274))"
2024-06-14 04:31:53,064	[INFO]	37      COMPILE_CODE_ERROR    None (--) [2 edit(s)]  
2024-06-14 04:31:53,064	[DEBUG]	patch(37)="SrcmlStmtInsertion(('core/Solver.cc.xml', '_inter_block', 194), ('core/Solver.cc.xml', 'stmt', 186)) | SrcmlStmtInsertion(('core/Solver.cc.xml', '_inter_block', 70), ('core/Solver.cc.xml', 'stmt', 136))"
2024-06-14 04:32:47,746	[DEBUG]	EXEC>  SUCCESS 10604.132000000001
2024-06-14 04:32:47,747	[INFO]	38      SUCCESS               10604.132000 (91.80%) [2 edit(s)]  
2024-06-14 04:32:47,747	[DEBUG]	patch(38)="SrcmlStmtInsertion(('core/Solver.cc.xml', '_inter_block', 194), ('core/Solver.cc.xml', 'stmt', 186)) | SrcmlStmtReplacement(('core/Solver.cc.xml', 'stmt', 261), ('core/Solver.cc.xml', 'stmt', 4))"
2024-06-14 04:32:47,979	[INFO]	39      COMPILE_CODE_ERROR    None (--) [2 edit(s)]  
2024-06-14 04:32:47,979	[DEBUG]	patch(39)="SrcmlStmtInsertion(('core/Solver.cc.xml', '_inter_block', 194), ('core/Solver.cc.xml', 'stmt', 186)) | SrcmlStmtReplacement(('core/Solver.cc.xml', 'stmt', 176), ('core/Solver.cc.xml', 'stmt', 125))"
2024-06-14 04:33:42,121	[DEBUG]	EXEC>  SUCCESS 10500.420000000002
2024-06-14 04:33:42,122	[INFO]	40      SUCCESS              *10500.420000 (90.90%) [2 edit(s)]  
2024-06-14 04:33:42,122	[DEBUG]	patch(40)="SrcmlStmtInsertion(('core/Solver.cc.xml', '_inter_block', 194), ('core/Solver.cc.xml', 'stmt', 186)) | SrcmlStmtDeletion(('core/Solver.cc.xml', 'stmt', 98))"
--- before: core/Solver.cc
+++ after: core/Solver.cc
@@ -308,7 +308,7 @@
     int index   = trail.size() - 1;
 
     do{
-        assert(confl != CRef_Undef); // (otherwise should be UIP)
+         // (otherwise should be UIP)
         Clause& c = ca[confl];
 
         if (c.learnt())
@@ -428,6 +428,7 @@
 {
     analyze_stack.clear(); analyze_stack.push(p);
     int top = analyze_toclear.size();
+    seen[var(p)] = 0;
     while (analyze_stack.size() > 0){
         assert(reason(var(analyze_stack.last())) != CRef_Undef);
         Clause& c = ca[reason(var(analyze_stack.last()))]; analyze_stack.pop();

2024-06-14 04:33:43,595	[INFO]	41      TEST_CODE_ERROR       None (--) [3 edit(s)]  
2024-06-14 04:33:43,595	[DEBUG]	patch(41)="SrcmlStmtInsertion(('core/Solver.cc.xml', '_inter_block', 194), ('core/Solver.cc.xml', 'stmt', 186)) | SrcmlStmtDeletion(('core/Solver.cc.xml', 'stmt', 98)) | SrcmlStmtDeletion(('core/Solver.cc.xml', 'stmt', 75))"
2024-06-14 04:33:43,604	[INFO]	42      SUCCESS               10512.104000 (91.00%) [1 edit(s)] [cached] 
2024-06-14 04:33:43,604	[DEBUG]	patch(42)="SrcmlStmtInsertion(('core/Solver.cc.xml', '_inter_block', 194), ('core/Solver.cc.xml', 'stmt', 186))"
2024-06-14 04:34:43,576	[DEBUG]	EXEC>  SUCCESS 11651.926
2024-06-14 04:34:43,577	[INFO]	43      SUCCESS               11651.926000 (100.87%) [1 edit(s)]  
2024-06-14 04:34:43,577	[DEBUG]	patch(43)="SrcmlStmtDeletion(('core/Solver.cc.xml', 'stmt', 98))"
2024-06-14 04:34:43,588	[INFO]	~~~~ END ~~~~
2024-06-14 04:34:43,588	[INFO]	
2024-06-14 04:34:43,588	[INFO]	==== REPORT ====
2024-06-14 04:34:43,588	[INFO]	Termination: time budget
2024-06-14 04:34:43,588	[INFO]	Retries: 5
2024-06-14 04:34:43,588	[INFO]	Log file: /home/jim/magpie/_magpie_logs/minisat_1718335150.log
2024-06-14 04:34:43,588	[INFO]	Patch file: _magpie_logs/minisat_1718335150.patch
2024-06-14 04:34:43,588	[INFO]	Diff file: _magpie_logs/minisat_1718335150.diff
2024-06-14 04:34:43,588	[INFO]	Reference fitness: 11551.304000
2024-06-14 04:34:43,588	[INFO]	Best fitness: 10500.420000
2024-06-14 04:34:43,589	[INFO]	
2024-06-14 04:34:43,589	[INFO]	==== BEST PATCH ====
SrcmlStmtInsertion(('core/Solver.cc.xml', '_inter_block', 194), ('core/Solver.cc.xml', 'stmt', 186)) | SrcmlStmtDeletion(('core/Solver.cc.xml', 'stmt', 98))
2024-06-14 04:34:43,590	[INFO]	
2024-06-14 04:34:43,590	[INFO]	==== DIFF ====
[1m--- before: core/Solver.cc[0m
[1m+++ after: core/Solver.cc[0m
[36m@@ -308,7 +308,7 @@[0m
     int index   = trail.size() - 1;
 
     do{
[31m-        assert(confl != CRef_Undef); // (otherwise should be UIP)[0m
[32m+         // (otherwise should be UIP)[0m
         Clause& c = ca[confl];
 
         if (c.learnt())
[36m@@ -428,6 +428,7 @@[0m
 {
     analyze_stack.clear(); analyze_stack.push(p);
     int top = analyze_toclear.size();
[32m+    seen[var(p)] = 0;[0m
     while (analyze_stack.size() > 0){
         assert(reason(var(analyze_stack.last())) != CRef_Undef);
         Clause& c = ca[reason(var(analyze_stack.last()))]; analyze_stack.pop();

