2024-06-04 16:08:35,073	[DEBUG]	==== CONFIG ====
[magpie]
import = 
seed = 9674923375743350
log_dir = _magpie_logs
work_dir = _magpie_work
local_original_copy = False
local_original_name = __original__
output_encoding = ascii
edit_retries = 10
default_timeout = 30
default_lengthout = 10000.0
diff_method = unified
trust_local_filesystem = True

[magpie.log]
color_output = True
format_info = {counter:<7} {status:<20} {best}{fitness} ({ratio}) [{size}] {cached} {log}
format_debug = patch({counter})="{patch}"{diffifbest}
format_fitness = {:.6f}
format_ratio = {:.2%%}
format_patchif = 
	 --> {patch}
format_diffif = 
	{diff}

[software]
path = examples/triangle-c
target_files = 
	triangle.c.xml
software = BasicSoftware
model_rules = 
	*.params : ParamFileConfigModel
	*.xml : SrcmlModel
	* : LineModel
model_config = 
	*.params : [paramconfig]
	*.xml : [srcml]
init_cmd = bash init_slow.sh
init_timeout = 60
init_lengthout = -1
setup_cmd = 
setup_timeout = 
setup_lengthout = 
compile_cmd = make test_triangle run_triangle
compile_timeout = 
compile_lengthout = 
test_cmd = ./test_triangle
test_timeout = 
test_lengthout = 
run_cmd = ./run_triangle
run_timeout = 1
run_lengthout = 
retries = 1
batch_timeout = 
batch_lengthout = 
batch_bin_fitness_strategy = aggregate
batch_fitness_strategy = sum
fitness = time

[srcml]
rename = 
	stmt: break continue decl_stmt do expr_stmt for goto if return switch while
	number: literal_number
focus = block stmt operator_comp operator_arith number
internodes = block
process_pseudo_blocks = True
process_literals = True
process_operators = True

[paramconfig]
timing = test run
cli_prefix = --
cli_glue = =
cli_boolean = show
cli_boolean_prefix_true = 
cli_boolean_prefix_false = no-
cli_none = hide
silent_prefix = @
silent_suffix = $

[search]
protocol = BasicProtocol
algorithm = FirstImprovement
possible_edits = 
	SrcmlStmtReplacement
	SrcmlStmtInsertion
	SrcmlStmtDeletion
warmup = 3
warmup_strategy = last
max_steps = 100
max_time = 60
target_fitness = 
cache_maxsize = 100
cache_keep = 0.2
batch_instances = 
batch_shuffle = True
batch_bin_shuffle = False
batch_sample_size = 1

[search.ls]
delete_prob = 0.5
max_neighbours = 
when_trapped = continue
accept_fail = False
tabu_length = 10

[search.gp]
pop_size = 10
delete_prob = 0.5
offspring_elitism = 0.1
offspring_crossover = 0.5
offspring_mutation = 0.4
uniform_rate = 0.5
batch_reset = True

[search.minify]
do_cleanup = True
do_rebuild = True
do_simplify = True
round_robin_limit = 3


2024-06-04 16:08:35,073	[DEBUG]	
2024-06-04 16:08:35,073	[INFO]	==== SEARCH: FirstImprovement ====
2024-06-04 16:08:35,073	[INFO]	~~~~ WARMUP ~~~~
2024-06-04 16:08:35,305	[DEBUG]	EXEC>  SUCCESS 0.0769
2024-06-04 16:08:35,305	[INFO]	WARM    SUCCESS               0.076900 (--) [0 edit(s)]  
2024-06-04 16:08:35,576	[DEBUG]	EXEC>  SUCCESS 0.0823
2024-06-04 16:08:35,577	[INFO]	WARM    SUCCESS               0.082300 (--) [0 edit(s)]  
2024-06-04 16:08:35,871	[DEBUG]	EXEC>  SUCCESS 0.0821
2024-06-04 16:08:35,871	[INFO]	WARM    SUCCESS               0.082100 (--) [0 edit(s)]  
2024-06-04 16:08:35,871	[INFO]	REF     SUCCESS               0.082100 (--) [0 edit(s)]  
2024-06-04 16:08:35,871	[INFO]	
2024-06-04 16:08:35,871	[INFO]	~~~~ START ~~~~
2024-06-04 16:08:36,097	[INFO]	1       TEST_CODE_ERROR       None (--) [1 edit(s)]  
2024-06-04 16:08:36,097	[DEBUG]	patch(1)="SrcmlStmtDeletion(('triangle.c.xml', 'stmt', 11))"
2024-06-04 16:08:36,294	[INFO]	2       TEST_CODE_ERROR       None (--) [1 edit(s)]  
2024-06-04 16:08:36,294	[DEBUG]	patch(2)="SrcmlStmtDeletion(('triangle.c.xml', 'stmt', 12))"
2024-06-04 16:08:36,443	[INFO]	3       TEST_CODE_ERROR       None (--) [1 edit(s)]  
2024-06-04 16:08:36,443	[DEBUG]	patch(3)="SrcmlStmtDeletion(('triangle.c.xml', 'stmt', 9))"
2024-06-04 16:08:36,561	[INFO]	4       TEST_CODE_ERROR       None (--) [1 edit(s)]  
2024-06-04 16:08:36,561	[DEBUG]	patch(4)="SrcmlStmtInsertion(('triangle.c.xml', '_inter_block', 14), ('triangle.c.xml', 'stmt', 20))"
2024-06-04 16:08:36,692	[INFO]	5       TEST_CODE_ERROR       None (--) [1 edit(s)]  
2024-06-04 16:08:36,693	[DEBUG]	patch(5)="SrcmlStmtInsertion(('triangle.c.xml', '_inter_block', 10), ('triangle.c.xml', 'stmt', 17))"
2024-06-04 16:08:36,828	[INFO]	6       TEST_CODE_ERROR       None (--) [1 edit(s)]  
2024-06-04 16:08:36,829	[DEBUG]	patch(6)="SrcmlStmtReplacement(('triangle.c.xml', 'stmt', 9), ('triangle.c.xml', 'stmt', 15))"
2024-06-04 16:08:36,953	[INFO]	7       TEST_CODE_ERROR       None (--) [1 edit(s)]  
2024-06-04 16:08:36,953	[DEBUG]	patch(7)="SrcmlStmtInsertion(('triangle.c.xml', '_inter_block', 19), ('triangle.c.xml', 'stmt', 12))"
2024-06-04 16:08:37,099	[INFO]	8       TEST_CODE_ERROR       None (--) [1 edit(s)]  
2024-06-04 16:08:37,099	[DEBUG]	patch(8)="SrcmlStmtReplacement(('triangle.c.xml', 'stmt', 10), ('triangle.c.xml', 'stmt', 15))"
2024-06-04 16:08:37,330	[DEBUG]	EXEC>  SUCCESS 0.081
2024-06-04 16:08:37,331	[INFO]	9       SUCCESS              *0.081000 (98.66%) [1 edit(s)]  
2024-06-04 16:08:37,331	[DEBUG]	patch(9)="SrcmlStmtInsertion(('triangle.c.xml', '_inter_block', 15), ('triangle.c.xml', 'stmt', 18))"
--- before: triangle.c
+++ after: triangle.c
@@ -37,6 +37,10 @@
    
     return EQUILATERAL;
   }/*auto*/
+  if(a == b && b == c)/*auto*/{
+   
+    return EQUILATERAL;
+  }/*auto*/
   if(a == b || b == c)/*auto*/{
    
     return ISOSCELES;

2024-06-04 16:08:37,331	[INFO]	10      SUCCESS               0.082100 (100.00%) [0 edit(s)] [cached] 
2024-06-04 16:08:37,331	[DEBUG]	patch(10)=""
2024-06-04 16:08:37,462	[INFO]	11      TEST_CODE_ERROR       None (--) [2 edit(s)]  
2024-06-04 16:08:37,462	[DEBUG]	patch(11)="SrcmlStmtInsertion(('triangle.c.xml', '_inter_block', 15), ('triangle.c.xml', 'stmt', 18)) | SrcmlStmtDeletion(('triangle.c.xml', 'stmt', 21))"
2024-06-04 16:08:37,579	[INFO]	12      TEST_CODE_ERROR       None (--) [2 edit(s)]  
2024-06-04 16:08:37,579	[DEBUG]	patch(12)="SrcmlStmtInsertion(('triangle.c.xml', '_inter_block', 15), ('triangle.c.xml', 'stmt', 18)) | SrcmlStmtReplacement(('triangle.c.xml', 'stmt', 14), ('triangle.c.xml', 'stmt', 0))"
2024-06-04 16:08:37,694	[INFO]	13      TEST_CODE_ERROR       None (--) [2 edit(s)]  
2024-06-04 16:08:37,694	[DEBUG]	patch(13)="SrcmlStmtInsertion(('triangle.c.xml', '_inter_block', 15), ('triangle.c.xml', 'stmt', 18)) | SrcmlStmtReplacement(('triangle.c.xml', 'stmt', 21), ('triangle.c.xml', 'stmt', 7))"
2024-06-04 16:08:37,711	[INFO]	14      COMPILE_CODE_ERROR    None (--) [2 edit(s)]  
2024-06-04 16:08:37,711	[DEBUG]	patch(14)="SrcmlStmtInsertion(('triangle.c.xml', '_inter_block', 15), ('triangle.c.xml', 'stmt', 18)) | SrcmlStmtReplacement(('triangle.c.xml', 'stmt', 4), ('triangle.c.xml', 'stmt', 1))"
2024-06-04 16:08:37,728	[INFO]	15      COMPILE_CODE_ERROR    None (--) [2 edit(s)]  
2024-06-04 16:08:37,728	[DEBUG]	patch(15)="SrcmlStmtInsertion(('triangle.c.xml', '_inter_block', 15), ('triangle.c.xml', 'stmt', 18)) | SrcmlStmtDeletion(('triangle.c.xml', 'stmt', 2))"
2024-06-04 16:08:37,855	[INFO]	16      TEST_CODE_ERROR       None (--) [2 edit(s)]  
2024-06-04 16:08:37,855	[DEBUG]	patch(16)="SrcmlStmtInsertion(('triangle.c.xml', '_inter_block', 15), ('triangle.c.xml', 'stmt', 18)) | SrcmlStmtDeletion(('triangle.c.xml', 'stmt', 17))"
2024-06-04 16:08:37,981	[INFO]	17      TEST_CODE_ERROR       None (--) [2 edit(s)]  
2024-06-04 16:08:37,981	[DEBUG]	patch(17)="SrcmlStmtInsertion(('triangle.c.xml', '_inter_block', 15), ('triangle.c.xml', 'stmt', 18)) | SrcmlStmtDeletion(('triangle.c.xml', 'stmt', 14))"
2024-06-04 16:08:37,982	[INFO]	18      TEST_CODE_ERROR       None (--) [2 edit(s)] [cached] 
2024-06-04 16:08:37,982	[DEBUG]	patch(18)="SrcmlStmtInsertion(('triangle.c.xml', '_inter_block', 15), ('triangle.c.xml', 'stmt', 18)) | SrcmlStmtDeletion(('triangle.c.xml', 'stmt', 14))"
2024-06-04 16:08:38,111	[INFO]	19      TEST_CODE_ERROR       None (--) [2 edit(s)]  
2024-06-04 16:08:38,111	[DEBUG]	patch(19)="SrcmlStmtInsertion(('triangle.c.xml', '_inter_block', 15), ('triangle.c.xml', 'stmt', 18)) | SrcmlStmtReplacement(('triangle.c.xml', 'stmt', 17), ('triangle.c.xml', 'stmt', 12))"
2024-06-04 16:08:38,223	[INFO]	20      TEST_CODE_ERROR       None (--) [2 edit(s)]  
2024-06-04 16:08:38,223	[DEBUG]	patch(20)="SrcmlStmtInsertion(('triangle.c.xml', '_inter_block', 15), ('triangle.c.xml', 'stmt', 18)) | SrcmlStmtDeletion(('triangle.c.xml', 'stmt', 11))"
2024-06-04 16:08:38,414	[DEBUG]	EXEC>  SUCCESS 0.0763
2024-06-04 16:08:38,414	[INFO]	21      SUCCESS              *0.076300 (92.94%) [2 edit(s)]  
2024-06-04 16:08:38,414	[DEBUG]	patch(21)="SrcmlStmtInsertion(('triangle.c.xml', '_inter_block', 15), ('triangle.c.xml', 'stmt', 18)) | SrcmlStmtInsertion(('triangle.c.xml', '_inter_block', 17), ('triangle.c.xml', 'stmt', 22))"
--- before: triangle.c
+++ after: triangle.c
@@ -37,9 +37,14 @@
    
     return EQUILATERAL;
   }/*auto*/
+  if(a == b && b == c)/*auto*/{
+   
+    return EQUILATERAL;
+  }/*auto*/
   if(a == b || b == c)/*auto*/{
    
     return ISOSCELES;
   }/*auto*/
   return SCALENE;
+  return SCALENE;
 }

2024-06-04 16:08:38,415	[INFO]	22      SUCCESS               0.081000 (98.66%) [1 edit(s)] [cached] 
2024-06-04 16:08:38,415	[DEBUG]	patch(22)="SrcmlStmtInsertion(('triangle.c.xml', '_inter_block', 15), ('triangle.c.xml', 'stmt', 18))"
2024-06-04 16:08:38,540	[INFO]	23      TEST_CODE_ERROR       None (--) [3 edit(s)]  
2024-06-04 16:08:38,541	[DEBUG]	patch(23)="SrcmlStmtInsertion(('triangle.c.xml', '_inter_block', 15), ('triangle.c.xml', 'stmt', 18)) | SrcmlStmtInsertion(('triangle.c.xml', '_inter_block', 17), ('triangle.c.xml', 'stmt', 22)) | SrcmlStmtReplacement(('triangle.c.xml', 'stmt', 12), ('triangle.c.xml', 'stmt', 5))"
2024-06-04 16:08:38,676	[INFO]	24      TEST_CODE_ERROR       None (--) [3 edit(s)]  
2024-06-04 16:08:38,676	[DEBUG]	patch(24)="SrcmlStmtInsertion(('triangle.c.xml', '_inter_block', 15), ('triangle.c.xml', 'stmt', 18)) | SrcmlStmtInsertion(('triangle.c.xml', '_inter_block', 17), ('triangle.c.xml', 'stmt', 22)) | SrcmlStmtDeletion(('triangle.c.xml', 'stmt', 6))"
2024-06-04 16:08:38,690	[INFO]	25      COMPILE_CODE_ERROR    None (--) [3 edit(s)]  
2024-06-04 16:08:38,691	[DEBUG]	patch(25)="SrcmlStmtInsertion(('triangle.c.xml', '_inter_block', 15), ('triangle.c.xml', 'stmt', 18)) | SrcmlStmtInsertion(('triangle.c.xml', '_inter_block', 17), ('triangle.c.xml', 'stmt', 22)) | SrcmlStmtReplacement(('triangle.c.xml', 'stmt', 0), ('triangle.c.xml', 'stmt', 20))"
2024-06-04 16:08:38,877	[DEBUG]	EXEC>  SUCCESS 0.076
2024-06-04 16:08:38,877	[INFO]	26      SUCCESS              *0.076000 (92.57%) [1 edit(s)]  
2024-06-04 16:08:38,877	[DEBUG]	patch(26)="SrcmlStmtInsertion(('triangle.c.xml', '_inter_block', 17), ('triangle.c.xml', 'stmt', 22))"
--- before: triangle.c
+++ after: triangle.c
@@ -42,4 +42,5 @@
     return ISOSCELES;
   }/*auto*/
   return SCALENE;
+  return SCALENE;
 }

2024-06-04 16:08:39,021	[INFO]	27      TEST_CODE_ERROR       None (--) [2 edit(s)]  
2024-06-04 16:08:39,022	[DEBUG]	patch(27)="SrcmlStmtInsertion(('triangle.c.xml', '_inter_block', 17), ('triangle.c.xml', 'stmt', 22)) | SrcmlStmtInsertion(('triangle.c.xml', '_inter_block', 14), ('triangle.c.xml', 'stmt', 15))"
2024-06-04 16:08:39,022	[INFO]	28      SUCCESS               0.082100 (100.00%) [0 edit(s)] [cached] 
2024-06-04 16:08:39,022	[DEBUG]	patch(28)=""
2024-06-04 16:08:39,272	[DEBUG]	EXEC>  SUCCESS 0.0824
2024-06-04 16:08:39,273	[INFO]	29      SUCCESS               0.082400 (100.37%) [2 edit(s)]  
2024-06-04 16:08:39,273	[DEBUG]	patch(29)="SrcmlStmtInsertion(('triangle.c.xml', '_inter_block', 17), ('triangle.c.xml', 'stmt', 22)) | SrcmlStmtInsertion(('triangle.c.xml', '_inter_block', 35), ('triangle.c.xml', 'stmt', 8))"
2024-06-04 16:08:39,504	[DEBUG]	EXEC>  SUCCESS 0.0826
2024-06-04 16:08:39,505	[INFO]	30      SUCCESS               0.082600 (100.61%) [2 edit(s)]  
2024-06-04 16:08:39,505	[DEBUG]	patch(30)="SrcmlStmtInsertion(('triangle.c.xml', '_inter_block', 17), ('triangle.c.xml', 'stmt', 22)) | SrcmlStmtInsertion(('triangle.c.xml', '_inter_block', 18), ('triangle.c.xml', 'stmt', 18))"
2024-06-04 16:08:39,657	[INFO]	31      TEST_CODE_ERROR       None (--) [2 edit(s)]  
2024-06-04 16:08:39,657	[DEBUG]	patch(31)="SrcmlStmtInsertion(('triangle.c.xml', '_inter_block', 17), ('triangle.c.xml', 'stmt', 22)) | SrcmlStmtReplacement(('triangle.c.xml', 'stmt', 14), ('triangle.c.xml', 'stmt', 6))"
2024-06-04 16:08:39,861	[INFO]	32      TEST_CODE_ERROR       None (--) [2 edit(s)]  
2024-06-04 16:08:39,861	[DEBUG]	patch(32)="SrcmlStmtInsertion(('triangle.c.xml', '_inter_block', 17), ('triangle.c.xml', 'stmt', 22)) | SrcmlStmtReplacement(('triangle.c.xml', 'stmt', 11), ('triangle.c.xml', 'stmt', 19))"
2024-06-04 16:08:40,055	[INFO]	33      TEST_CODE_ERROR       None (--) [2 edit(s)]  
2024-06-04 16:08:40,055	[DEBUG]	patch(33)="SrcmlStmtInsertion(('triangle.c.xml', '_inter_block', 17), ('triangle.c.xml', 'stmt', 22)) | SrcmlStmtInsertion(('triangle.c.xml', '_inter_block', 13), ('triangle.c.xml', 'stmt', 17))"
2024-06-04 16:08:40,284	[DEBUG]	EXEC>  SUCCESS 0.0837
2024-06-04 16:08:40,284	[INFO]	34      SUCCESS               0.083700 (101.95%) [2 edit(s)]  
2024-06-04 16:08:40,284	[DEBUG]	patch(34)="SrcmlStmtInsertion(('triangle.c.xml', '_inter_block', 17), ('triangle.c.xml', 'stmt', 22)) | SrcmlStmtDeletion(('triangle.c.xml', 'stmt', 8))"
2024-06-04 16:08:40,310	[INFO]	35      COMPILE_CODE_ERROR    None (--) [2 edit(s)]  
2024-06-04 16:08:40,311	[DEBUG]	patch(35)="SrcmlStmtInsertion(('triangle.c.xml', '_inter_block', 17), ('triangle.c.xml', 'stmt', 22)) | SrcmlStmtDeletion(('triangle.c.xml', 'stmt', 2))"
2024-06-04 16:08:40,475	[INFO]	36      TEST_CODE_ERROR       None (--) [2 edit(s)]  
2024-06-04 16:08:40,476	[DEBUG]	patch(36)="SrcmlStmtInsertion(('triangle.c.xml', '_inter_block', 17), ('triangle.c.xml', 'stmt', 22)) | SrcmlStmtReplacement(('triangle.c.xml', 'stmt', 21), ('triangle.c.xml', 'stmt', 13))"
2024-06-04 16:08:40,711	[DEBUG]	EXEC>  SUCCESS 0.0784
2024-06-04 16:08:40,711	[INFO]	37      SUCCESS               0.078400 (95.49%) [2 edit(s)]  
2024-06-04 16:08:40,711	[DEBUG]	patch(37)="SrcmlStmtInsertion(('triangle.c.xml', '_inter_block', 17), ('triangle.c.xml', 'stmt', 22)) | SrcmlStmtReplacement(('triangle.c.xml', 'stmt', 14), ('triangle.c.xml', 'stmt', 12))"
2024-06-04 16:08:40,712	[INFO]	38      SUCCESS               0.083700 (101.95%) [2 edit(s)] [cached] 
2024-06-04 16:08:40,712	[DEBUG]	patch(38)="SrcmlStmtInsertion(('triangle.c.xml', '_inter_block', 17), ('triangle.c.xml', 'stmt', 22)) | SrcmlStmtDeletion(('triangle.c.xml', 'stmt', 8))"
2024-06-04 16:08:40,732	[INFO]	39      COMPILE_CODE_ERROR    None (--) [2 edit(s)]  
2024-06-04 16:08:40,732	[DEBUG]	patch(39)="SrcmlStmtInsertion(('triangle.c.xml', '_inter_block', 17), ('triangle.c.xml', 'stmt', 22)) | SrcmlStmtInsertion(('triangle.c.xml', '_inter_block', 6), ('triangle.c.xml', 'stmt', 22))"
2024-06-04 16:08:40,864	[INFO]	40      TEST_CODE_ERROR       None (--) [2 edit(s)]  
2024-06-04 16:08:40,864	[DEBUG]	patch(40)="SrcmlStmtInsertion(('triangle.c.xml', '_inter_block', 17), ('triangle.c.xml', 'stmt', 22)) | SrcmlStmtInsertion(('triangle.c.xml', '_inter_block', 19), ('triangle.c.xml', 'stmt', 4))"
2024-06-04 16:08:41,010	[INFO]	41      TEST_CODE_ERROR       None (--) [2 edit(s)]  
2024-06-04 16:08:41,010	[DEBUG]	patch(41)="SrcmlStmtInsertion(('triangle.c.xml', '_inter_block', 17), ('triangle.c.xml', 'stmt', 22)) | SrcmlStmtDeletion(('triangle.c.xml', 'stmt', 15))"
2024-06-04 16:08:41,157	[INFO]	42      TEST_CODE_ERROR       None (--) [2 edit(s)]  
2024-06-04 16:08:41,157	[DEBUG]	patch(42)="SrcmlStmtInsertion(('triangle.c.xml', '_inter_block', 17), ('triangle.c.xml', 'stmt', 22)) | SrcmlStmtReplacement(('triangle.c.xml', 'stmt', 19), ('triangle.c.xml', 'stmt', 6))"
2024-06-04 16:08:41,315	[INFO]	43      TEST_CODE_ERROR       None (--) [2 edit(s)]  
2024-06-04 16:08:41,315	[DEBUG]	patch(43)="SrcmlStmtInsertion(('triangle.c.xml', '_inter_block', 17), ('triangle.c.xml', 'stmt', 22)) | SrcmlStmtReplacement(('triangle.c.xml', 'stmt', 13), ('triangle.c.xml', 'stmt', 21))"
2024-06-04 16:08:41,448	[INFO]	44      TEST_CODE_ERROR       None (--) [2 edit(s)]  
2024-06-04 16:08:41,448	[DEBUG]	patch(44)="SrcmlStmtInsertion(('triangle.c.xml', '_inter_block', 17), ('triangle.c.xml', 'stmt', 22)) | SrcmlStmtDeletion(('triangle.c.xml', 'stmt', 7))"
2024-06-04 16:08:41,575	[INFO]	45      TEST_CODE_ERROR       None (--) [2 edit(s)]  
2024-06-04 16:08:41,575	[DEBUG]	patch(45)="SrcmlStmtInsertion(('triangle.c.xml', '_inter_block', 17), ('triangle.c.xml', 'stmt', 22)) | SrcmlStmtDeletion(('triangle.c.xml', 'stmt', 19))"
2024-06-04 16:08:41,577	[INFO]	46      SUCCESS               0.083700 (101.95%) [2 edit(s)] [cached] 
2024-06-04 16:08:41,577	[DEBUG]	patch(46)="SrcmlStmtInsertion(('triangle.c.xml', '_inter_block', 17), ('triangle.c.xml', 'stmt', 22)) | SrcmlStmtDeletion(('triangle.c.xml', 'stmt', 8))"
2024-06-04 16:08:41,789	[INFO]	47      TEST_CODE_ERROR       None (--) [2 edit(s)]  
2024-06-04 16:08:41,790	[DEBUG]	patch(47)="SrcmlStmtInsertion(('triangle.c.xml', '_inter_block', 17), ('triangle.c.xml', 'stmt', 22)) | SrcmlStmtInsertion(('triangle.c.xml', '_inter_block', 25), ('triangle.c.xml', 'stmt', 17))"
2024-06-04 16:08:41,974	[INFO]	48      TEST_CODE_ERROR       None (--) [2 edit(s)]  
2024-06-04 16:08:41,974	[DEBUG]	patch(48)="SrcmlStmtInsertion(('triangle.c.xml', '_inter_block', 17), ('triangle.c.xml', 'stmt', 22)) | SrcmlStmtInsertion(('triangle.c.xml', '_inter_block', 25), ('triangle.c.xml', 'stmt', 7))"
2024-06-04 16:08:42,204	[DEBUG]	EXEC>  SUCCESS 0.0799
2024-06-04 16:08:42,204	[INFO]	49      SUCCESS               0.079900 (97.32%) [2 edit(s)]  
2024-06-04 16:08:42,204	[DEBUG]	patch(49)="SrcmlStmtInsertion(('triangle.c.xml', '_inter_block', 17), ('triangle.c.xml', 'stmt', 22)) | SrcmlStmtInsertion(('triangle.c.xml', '_inter_block', 17), ('triangle.c.xml', 'stmt', 22))"
2024-06-04 16:08:42,205	[INFO]	50      COMPILE_CODE_ERROR    None (--) [2 edit(s)] [cached] 
2024-06-04 16:08:42,205	[DEBUG]	patch(50)="SrcmlStmtInsertion(('triangle.c.xml', '_inter_block', 17), ('triangle.c.xml', 'stmt', 22)) | SrcmlStmtDeletion(('triangle.c.xml', 'stmt', 2))"
2024-06-04 16:08:42,345	[INFO]	51      TEST_CODE_ERROR       None (--) [2 edit(s)]  
2024-06-04 16:08:42,345	[DEBUG]	patch(51)="SrcmlStmtInsertion(('triangle.c.xml', '_inter_block', 17), ('triangle.c.xml', 'stmt', 22)) | SrcmlStmtInsertion(('triangle.c.xml', '_inter_block', 11), ('triangle.c.xml', 'stmt', 10))"
2024-06-04 16:08:42,545	[DEBUG]	EXEC>  SUCCESS 0.0806
2024-06-04 16:08:42,545	[INFO]	52      SUCCESS               0.080600 (98.17%) [2 edit(s)]  
2024-06-04 16:08:42,545	[DEBUG]	patch(52)="SrcmlStmtInsertion(('triangle.c.xml', '_inter_block', 17), ('triangle.c.xml', 'stmt', 22)) | SrcmlStmtInsertion(('triangle.c.xml', '_inter_block', 21), ('triangle.c.xml', 'stmt', 9))"
2024-06-04 16:08:42,711	[INFO]	53      TEST_CODE_ERROR       None (--) [2 edit(s)]  
2024-06-04 16:08:42,711	[DEBUG]	patch(53)="SrcmlStmtInsertion(('triangle.c.xml', '_inter_block', 17), ('triangle.c.xml', 'stmt', 22)) | SrcmlStmtReplacement(('triangle.c.xml', 'stmt', 7), ('triangle.c.xml', 'stmt', 8))"
2024-06-04 16:08:42,726	[INFO]	54      COMPILE_CODE_ERROR    None (--) [2 edit(s)]  
2024-06-04 16:08:42,726	[DEBUG]	patch(54)="SrcmlStmtInsertion(('triangle.c.xml', '_inter_block', 17), ('triangle.c.xml', 'stmt', 22)) | SrcmlStmtInsertion(('triangle.c.xml', '_inter_block', 0), ('triangle.c.xml', 'stmt', 12))"
2024-06-04 16:08:42,842	[INFO]	55      TEST_CODE_ERROR       None (--) [2 edit(s)]  
2024-06-04 16:08:42,842	[DEBUG]	patch(55)="SrcmlStmtInsertion(('triangle.c.xml', '_inter_block', 17), ('triangle.c.xml', 'stmt', 22)) | SrcmlStmtDeletion(('triangle.c.xml', 'stmt', 9))"
2024-06-04 16:08:42,954	[INFO]	56      TEST_CODE_ERROR       None (--) [2 edit(s)]  
2024-06-04 16:08:42,954	[DEBUG]	patch(56)="SrcmlStmtInsertion(('triangle.c.xml', '_inter_block', 17), ('triangle.c.xml', 'stmt', 22)) | SrcmlStmtReplacement(('triangle.c.xml', 'stmt', 6), ('triangle.c.xml', 'stmt', 9))"
2024-06-04 16:08:43,146	[DEBUG]	EXEC>  SUCCESS 0.0778
2024-06-04 16:08:43,147	[INFO]	57      SUCCESS               0.077800 (94.76%) [2 edit(s)]  
2024-06-04 16:08:43,147	[DEBUG]	patch(57)="SrcmlStmtInsertion(('triangle.c.xml', '_inter_block', 17), ('triangle.c.xml', 'stmt', 22)) | SrcmlStmtReplacement(('triangle.c.xml', 'stmt', 22), ('triangle.c.xml', 'stmt', 3))"
2024-06-04 16:08:43,411	[DEBUG]	EXEC>  SUCCESS 0.0835
2024-06-04 16:08:43,411	[INFO]	58      SUCCESS               0.083500 (101.71%) [2 edit(s)]  
2024-06-04 16:08:43,411	[DEBUG]	patch(58)="SrcmlStmtInsertion(('triangle.c.xml', '_inter_block', 17), ('triangle.c.xml', 'stmt', 22)) | SrcmlStmtReplacement(('triangle.c.xml', 'stmt', 4), ('triangle.c.xml', 'stmt', 5))"
2024-06-04 16:08:43,642	[DEBUG]	EXEC>  SUCCESS 0.0832
2024-06-04 16:08:43,642	[INFO]	59      SUCCESS               0.083200 (101.34%) [2 edit(s)]  
2024-06-04 16:08:43,642	[DEBUG]	patch(59)="SrcmlStmtInsertion(('triangle.c.xml', '_inter_block', 17), ('triangle.c.xml', 'stmt', 22)) | SrcmlStmtInsertion(('triangle.c.xml', '_inter_block', 29), ('triangle.c.xml', 'stmt', 20))"
2024-06-04 16:08:43,835	[INFO]	60      TEST_CODE_ERROR       None (--) [2 edit(s)]  
2024-06-04 16:08:43,835	[DEBUG]	patch(60)="SrcmlStmtInsertion(('triangle.c.xml', '_inter_block', 17), ('triangle.c.xml', 'stmt', 22)) | SrcmlStmtDeletion(('triangle.c.xml', 'stmt', 5))"
2024-06-04 16:08:43,956	[INFO]	61      TEST_CODE_ERROR       None (--) [2 edit(s)]  
2024-06-04 16:08:43,956	[DEBUG]	patch(61)="SrcmlStmtInsertion(('triangle.c.xml', '_inter_block', 17), ('triangle.c.xml', 'stmt', 22)) | SrcmlStmtReplacement(('triangle.c.xml', 'stmt', 21), ('triangle.c.xml', 'stmt', 2))"
2024-06-04 16:08:44,121	[INFO]	62      TEST_CODE_ERROR       None (--) [2 edit(s)]  
2024-06-04 16:08:44,121	[DEBUG]	patch(62)="SrcmlStmtInsertion(('triangle.c.xml', '_inter_block', 17), ('triangle.c.xml', 'stmt', 22)) | SrcmlStmtReplacement(('triangle.c.xml', 'stmt', 5), ('triangle.c.xml', 'stmt', 13))"
2024-06-04 16:08:44,275	[INFO]	63      TEST_CODE_ERROR       None (--) [2 edit(s)]  
2024-06-04 16:08:44,275	[DEBUG]	patch(63)="SrcmlStmtInsertion(('triangle.c.xml', '_inter_block', 17), ('triangle.c.xml', 'stmt', 22)) | SrcmlStmtReplacement(('triangle.c.xml', 'stmt', 9), ('triangle.c.xml', 'stmt', 17))"
2024-06-04 16:08:44,408	[DEBUG]	EXEC>  SUCCESS 0.0144
2024-06-04 16:08:44,408	[INFO]	64      SUCCESS              *0.014400 (17.54%) [2 edit(s)]  
2024-06-04 16:08:44,408	[DEBUG]	patch(64)="SrcmlStmtInsertion(('triangle.c.xml', '_inter_block', 17), ('triangle.c.xml', 'stmt', 22)) | SrcmlStmtReplacement(('triangle.c.xml', 'stmt', 1), ('triangle.c.xml', 'stmt', 19))"
--- before: triangle.c
+++ after: triangle.c
@@ -2,7 +2,7 @@
 
 void delay() {
   const struct timespec ms = {0, 0.001*1e9}; //tv_sec=0, tv_nsec (0.001 seconds)
-  nanosleep(&ms,NULL); /*ignores possible errors*/
+  return EQUILATERAL; /*ignores possible errors*/
 }
 
 int classify_triangle(double a, double b, double c) {
@@ -42,4 +42,5 @@
     return ISOSCELES;
   }/*auto*/
   return SCALENE;
+  return SCALENE;
 }

2024-06-04 16:08:44,563	[INFO]	65      TEST_CODE_ERROR       None (--) [3 edit(s)]  
2024-06-04 16:08:44,563	[DEBUG]	patch(65)="SrcmlStmtInsertion(('triangle.c.xml', '_inter_block', 17), ('triangle.c.xml', 'stmt', 22)) | SrcmlStmtReplacement(('triangle.c.xml', 'stmt', 1), ('triangle.c.xml', 'stmt', 19)) | SrcmlStmtDeletion(('triangle.c.xml', 'stmt', 9))"
2024-06-04 16:08:44,565	[INFO]	66      SUCCESS               0.076000 (92.57%) [1 edit(s)] [cached] 
2024-06-04 16:08:44,565	[DEBUG]	patch(66)="SrcmlStmtInsertion(('triangle.c.xml', '_inter_block', 17), ('triangle.c.xml', 'stmt', 22))"
2024-06-04 16:08:44,737	[INFO]	67      TEST_CODE_ERROR       None (--) [3 edit(s)]  
2024-06-04 16:08:44,737	[DEBUG]	patch(67)="SrcmlStmtInsertion(('triangle.c.xml', '_inter_block', 17), ('triangle.c.xml', 'stmt', 22)) | SrcmlStmtReplacement(('triangle.c.xml', 'stmt', 1), ('triangle.c.xml', 'stmt', 19)) | SrcmlStmtInsertion(('triangle.c.xml', '_inter_block', 21), ('triangle.c.xml', 'stmt', 14))"
2024-06-04 16:08:44,944	[DEBUG]	EXEC>  SUCCESS 0.0147
2024-06-04 16:08:44,945	[INFO]	68      SUCCESS               0.014700 (17.90%) [3 edit(s)]  
2024-06-04 16:08:44,945	[DEBUG]	patch(68)="SrcmlStmtInsertion(('triangle.c.xml', '_inter_block', 17), ('triangle.c.xml', 'stmt', 22)) | SrcmlStmtReplacement(('triangle.c.xml', 'stmt', 1), ('triangle.c.xml', 'stmt', 19)) | SrcmlStmtDeletion(('triangle.c.xml', 'stmt', 8))"
2024-06-04 16:08:44,979	[INFO]	69      COMPILE_CODE_ERROR    None (--) [3 edit(s)]  
2024-06-04 16:08:44,980	[DEBUG]	patch(69)="SrcmlStmtInsertion(('triangle.c.xml', '_inter_block', 17), ('triangle.c.xml', 'stmt', 22)) | SrcmlStmtReplacement(('triangle.c.xml', 'stmt', 1), ('triangle.c.xml', 'stmt', 19)) | SrcmlStmtInsertion(('triangle.c.xml', '_inter_block', 1), ('triangle.c.xml', 'stmt', 0))"
2024-06-04 16:08:45,190	[DEBUG]	EXEC>  SUCCESS 0.0148
2024-06-04 16:08:45,190	[INFO]	70      SUCCESS               0.014800 (18.03%) [1 edit(s)]  
2024-06-04 16:08:45,190	[DEBUG]	patch(70)="SrcmlStmtReplacement(('triangle.c.xml', 'stmt', 1), ('triangle.c.xml', 'stmt', 19))"
2024-06-04 16:08:45,192	[INFO]	71      SUCCESS              +0.014400 (17.54%) [3 edit(s)] [cached] 
2024-06-04 16:08:45,192	[DEBUG]	patch(71)="SrcmlStmtInsertion(('triangle.c.xml', '_inter_block', 17), ('triangle.c.xml', 'stmt', 22)) | SrcmlStmtReplacement(('triangle.c.xml', 'stmt', 1), ('triangle.c.xml', 'stmt', 19)) | SrcmlStmtReplacement(('triangle.c.xml', 'stmt', 5), ('triangle.c.xml', 'stmt', 9))"
2024-06-04 16:08:45,193	[INFO]	72      SUCCESS               0.014800 (18.03%) [2 edit(s)] [cached] 
2024-06-04 16:08:45,193	[DEBUG]	patch(72)="SrcmlStmtReplacement(('triangle.c.xml', 'stmt', 1), ('triangle.c.xml', 'stmt', 19)) | SrcmlStmtReplacement(('triangle.c.xml', 'stmt', 5), ('triangle.c.xml', 'stmt', 9))"
2024-06-04 16:08:45,195	[INFO]	73      SUCCESS              +0.014400 (17.54%) [2 edit(s)] [cached] 
2024-06-04 16:08:45,195	[DEBUG]	patch(73)="SrcmlStmtInsertion(('triangle.c.xml', '_inter_block', 17), ('triangle.c.xml', 'stmt', 22)) | SrcmlStmtReplacement(('triangle.c.xml', 'stmt', 1), ('triangle.c.xml', 'stmt', 19))"
2024-06-04 16:08:45,394	[INFO]	74      TEST_CODE_ERROR       None (--) [3 edit(s)]  
2024-06-04 16:08:45,394	[DEBUG]	patch(74)="SrcmlStmtInsertion(('triangle.c.xml', '_inter_block', 17), ('triangle.c.xml', 'stmt', 22)) | SrcmlStmtReplacement(('triangle.c.xml', 'stmt', 1), ('triangle.c.xml', 'stmt', 19)) | SrcmlStmtReplacement(('triangle.c.xml', 'stmt', 5), ('triangle.c.xml', 'stmt', 6))"
2024-06-04 16:08:45,579	[INFO]	75      TEST_CODE_ERROR       None (--) [3 edit(s)]  
2024-06-04 16:08:45,579	[DEBUG]	patch(75)="SrcmlStmtInsertion(('triangle.c.xml', '_inter_block', 17), ('triangle.c.xml', 'stmt', 22)) | SrcmlStmtReplacement(('triangle.c.xml', 'stmt', 1), ('triangle.c.xml', 'stmt', 19)) | SrcmlStmtDeletion(('triangle.c.xml', 'stmt', 5))"
2024-06-04 16:08:45,580	[INFO]	76      SUCCESS               0.076000 (92.57%) [1 edit(s)] [cached] 
2024-06-04 16:08:45,580	[DEBUG]	patch(76)="SrcmlStmtInsertion(('triangle.c.xml', '_inter_block', 17), ('triangle.c.xml', 'stmt', 22))"
2024-06-04 16:08:45,745	[INFO]	77      TEST_CODE_ERROR       None (--) [3 edit(s)]  
2024-06-04 16:08:45,745	[DEBUG]	patch(77)="SrcmlStmtInsertion(('triangle.c.xml', '_inter_block', 17), ('triangle.c.xml', 'stmt', 22)) | SrcmlStmtReplacement(('triangle.c.xml', 'stmt', 1), ('triangle.c.xml', 'stmt', 19)) | SrcmlStmtInsertion(('triangle.c.xml', '_inter_block', 27), ('triangle.c.xml', 'stmt', 6))"
2024-06-04 16:08:45,747	[INFO]	78      SUCCESS               0.014800 (18.03%) [1 edit(s)] [cached] 
2024-06-04 16:08:45,747	[DEBUG]	patch(78)="SrcmlStmtReplacement(('triangle.c.xml', 'stmt', 1), ('triangle.c.xml', 'stmt', 19))"
2024-06-04 16:08:45,748	[INFO]	79      TEST_CODE_ERROR       None (--) [3 edit(s)] [cached] 
2024-06-04 16:08:45,748	[DEBUG]	patch(79)="SrcmlStmtInsertion(('triangle.c.xml', '_inter_block', 17), ('triangle.c.xml', 'stmt', 22)) | SrcmlStmtReplacement(('triangle.c.xml', 'stmt', 1), ('triangle.c.xml', 'stmt', 19)) | SrcmlStmtDeletion(('triangle.c.xml', 'stmt', 5))"
2024-06-04 16:08:45,787	[INFO]	80      COMPILE_CODE_ERROR    None (--) [3 edit(s)]  
2024-06-04 16:08:45,787	[DEBUG]	patch(80)="SrcmlStmtInsertion(('triangle.c.xml', '_inter_block', 17), ('triangle.c.xml', 'stmt', 22)) | SrcmlStmtReplacement(('triangle.c.xml', 'stmt', 1), ('triangle.c.xml', 'stmt', 19)) | SrcmlStmtInsertion(('triangle.c.xml', '_inter_block', 5), ('triangle.c.xml', 'stmt', 13))"
2024-06-04 16:08:45,789	[INFO]	81      TEST_CODE_ERROR       None (--) [3 edit(s)] [cached] 
2024-06-04 16:08:45,789	[DEBUG]	patch(81)="SrcmlStmtInsertion(('triangle.c.xml', '_inter_block', 17), ('triangle.c.xml', 'stmt', 22)) | SrcmlStmtReplacement(('triangle.c.xml', 'stmt', 1), ('triangle.c.xml', 'stmt', 19)) | SrcmlStmtDeletion(('triangle.c.xml', 'stmt', 9))"
2024-06-04 16:08:45,966	[DEBUG]	EXEC>  SUCCESS 0.0146
2024-06-04 16:08:45,966	[INFO]	82      SUCCESS               0.014600 (17.78%) [3 edit(s)]  
2024-06-04 16:08:45,966	[DEBUG]	patch(82)="SrcmlStmtInsertion(('triangle.c.xml', '_inter_block', 17), ('triangle.c.xml', 'stmt', 22)) | SrcmlStmtReplacement(('triangle.c.xml', 'stmt', 1), ('triangle.c.xml', 'stmt', 19)) | SrcmlStmtReplacement(('triangle.c.xml', 'stmt', 22), ('triangle.c.xml', 'stmt', 20))"
2024-06-04 16:08:46,162	[INFO]	83      TEST_CODE_ERROR       None (--) [3 edit(s)]  
2024-06-04 16:08:46,162	[DEBUG]	patch(83)="SrcmlStmtInsertion(('triangle.c.xml', '_inter_block', 17), ('triangle.c.xml', 'stmt', 22)) | SrcmlStmtReplacement(('triangle.c.xml', 'stmt', 1), ('triangle.c.xml', 'stmt', 19)) | SrcmlStmtDeletion(('triangle.c.xml', 'stmt', 10))"
2024-06-04 16:08:46,358	[INFO]	84      TEST_CODE_ERROR       None (--) [3 edit(s)]  
2024-06-04 16:08:46,359	[DEBUG]	patch(84)="SrcmlStmtInsertion(('triangle.c.xml', '_inter_block', 17), ('triangle.c.xml', 'stmt', 22)) | SrcmlStmtReplacement(('triangle.c.xml', 'stmt', 1), ('triangle.c.xml', 'stmt', 19)) | SrcmlStmtDeletion(('triangle.c.xml', 'stmt', 13))"
2024-06-04 16:08:46,572	[DEBUG]	EXEC>  SUCCESS 0.0146
2024-06-04 16:08:46,572	[INFO]	85      SUCCESS               0.014600 (17.78%) [3 edit(s)]  
2024-06-04 16:08:46,572	[DEBUG]	patch(85)="SrcmlStmtInsertion(('triangle.c.xml', '_inter_block', 17), ('triangle.c.xml', 'stmt', 22)) | SrcmlStmtReplacement(('triangle.c.xml', 'stmt', 1), ('triangle.c.xml', 'stmt', 19)) | SrcmlStmtDeletion(('triangle.c.xml', 'stmt', 3))"
2024-06-04 16:08:46,711	[INFO]	86      TEST_CODE_ERROR       None (--) [3 edit(s)]  
2024-06-04 16:08:46,711	[DEBUG]	patch(86)="SrcmlStmtInsertion(('triangle.c.xml', '_inter_block', 17), ('triangle.c.xml', 'stmt', 22)) | SrcmlStmtReplacement(('triangle.c.xml', 'stmt', 1), ('triangle.c.xml', 'stmt', 19)) | SrcmlStmtReplacement(('triangle.c.xml', 'stmt', 16), ('triangle.c.xml', 'stmt', 13))"
2024-06-04 16:08:46,872	[INFO]	87      TEST_CODE_ERROR       None (--) [3 edit(s)]  
2024-06-04 16:08:46,873	[DEBUG]	patch(87)="SrcmlStmtInsertion(('triangle.c.xml', '_inter_block', 17), ('triangle.c.xml', 'stmt', 22)) | SrcmlStmtReplacement(('triangle.c.xml', 'stmt', 1), ('triangle.c.xml', 'stmt', 19)) | SrcmlStmtDeletion(('triangle.c.xml', 'stmt', 20))"
2024-06-04 16:08:47,082	[DEBUG]	EXEC>  SUCCESS 0.0148
2024-06-04 16:08:47,083	[INFO]	88      SUCCESS               0.014800 (18.03%) [3 edit(s)]  
2024-06-04 16:08:47,083	[DEBUG]	patch(88)="SrcmlStmtInsertion(('triangle.c.xml', '_inter_block', 17), ('triangle.c.xml', 'stmt', 22)) | SrcmlStmtReplacement(('triangle.c.xml', 'stmt', 1), ('triangle.c.xml', 'stmt', 19)) | SrcmlStmtInsertion(('triangle.c.xml', '_inter_block', 31), ('triangle.c.xml', 'stmt', 11))"
2024-06-04 16:08:47,258	[INFO]	89      TEST_CODE_ERROR       None (--) [3 edit(s)]  
2024-06-04 16:08:47,258	[DEBUG]	patch(89)="SrcmlStmtInsertion(('triangle.c.xml', '_inter_block', 17), ('triangle.c.xml', 'stmt', 22)) | SrcmlStmtReplacement(('triangle.c.xml', 'stmt', 1), ('triangle.c.xml', 'stmt', 19)) | SrcmlStmtDeletion(('triangle.c.xml', 'stmt', 21))"
2024-06-04 16:08:47,440	[INFO]	90      TEST_CODE_ERROR       None (--) [3 edit(s)]  
2024-06-04 16:08:47,440	[DEBUG]	patch(90)="SrcmlStmtInsertion(('triangle.c.xml', '_inter_block', 17), ('triangle.c.xml', 'stmt', 22)) | SrcmlStmtReplacement(('triangle.c.xml', 'stmt', 1), ('triangle.c.xml', 'stmt', 19)) | SrcmlStmtInsertion(('triangle.c.xml', '_inter_block', 12), ('triangle.c.xml', 'stmt', 7))"
2024-06-04 16:08:47,605	[DEBUG]	EXEC>  SUCCESS 0.0147
2024-06-04 16:08:47,605	[INFO]	91      SUCCESS               0.014700 (17.90%) [3 edit(s)]  
2024-06-04 16:08:47,606	[DEBUG]	patch(91)="SrcmlStmtInsertion(('triangle.c.xml', '_inter_block', 17), ('triangle.c.xml', 'stmt', 22)) | SrcmlStmtReplacement(('triangle.c.xml', 'stmt', 1), ('triangle.c.xml', 'stmt', 19)) | SrcmlStmtDeletion(('triangle.c.xml', 'stmt', 22))"
2024-06-04 16:08:47,782	[INFO]	92      TEST_CODE_ERROR       None (--) [3 edit(s)]  
2024-06-04 16:08:47,782	[DEBUG]	patch(92)="SrcmlStmtInsertion(('triangle.c.xml', '_inter_block', 17), ('triangle.c.xml', 'stmt', 22)) | SrcmlStmtReplacement(('triangle.c.xml', 'stmt', 1), ('triangle.c.xml', 'stmt', 19)) | SrcmlStmtDeletion(('triangle.c.xml', 'stmt', 6))"
2024-06-04 16:08:47,954	[INFO]	93      TEST_CODE_ERROR       None (--) [3 edit(s)]  
2024-06-04 16:08:47,954	[DEBUG]	patch(93)="SrcmlStmtInsertion(('triangle.c.xml', '_inter_block', 17), ('triangle.c.xml', 'stmt', 22)) | SrcmlStmtReplacement(('triangle.c.xml', 'stmt', 1), ('triangle.c.xml', 'stmt', 19)) | SrcmlStmtInsertion(('triangle.c.xml', '_inter_block', 20), ('triangle.c.xml', 'stmt', 22))"
2024-06-04 16:08:48,133	[DEBUG]	EXEC>  SUCCESS 0.0145
2024-06-04 16:08:48,133	[INFO]	94      SUCCESS               0.014500 (17.66%) [3 edit(s)]  
2024-06-04 16:08:48,133	[DEBUG]	patch(94)="SrcmlStmtInsertion(('triangle.c.xml', '_inter_block', 17), ('triangle.c.xml', 'stmt', 22)) | SrcmlStmtReplacement(('triangle.c.xml', 'stmt', 1), ('triangle.c.xml', 'stmt', 19)) | SrcmlStmtReplacement(('triangle.c.xml', 'stmt', 6), ('triangle.c.xml', 'stmt', 4))"
2024-06-04 16:08:48,327	[INFO]	95      TEST_CODE_ERROR       None (--) [3 edit(s)]  
2024-06-04 16:08:48,327	[DEBUG]	patch(95)="SrcmlStmtInsertion(('triangle.c.xml', '_inter_block', 17), ('triangle.c.xml', 'stmt', 22)) | SrcmlStmtReplacement(('triangle.c.xml', 'stmt', 1), ('triangle.c.xml', 'stmt', 19)) | SrcmlStmtDeletion(('triangle.c.xml', 'stmt', 17))"
2024-06-04 16:08:48,519	[DEBUG]	EXEC>  SUCCESS 0.0085
2024-06-04 16:08:48,519	[INFO]	96      SUCCESS              *0.008500 (10.35%) [3 edit(s)]  
2024-06-04 16:08:48,519	[DEBUG]	patch(96)="SrcmlStmtInsertion(('triangle.c.xml', '_inter_block', 17), ('triangle.c.xml', 'stmt', 22)) | SrcmlStmtReplacement(('triangle.c.xml', 'stmt', 1), ('triangle.c.xml', 'stmt', 19)) | SrcmlStmtDeletion(('triangle.c.xml', 'stmt', 1))"
--- before: triangle.c
+++ after: triangle.c
@@ -2,7 +2,7 @@
 
 void delay() {
   const struct timespec ms = {0, 0.001*1e9}; //tv_sec=0, tv_nsec (0.001 seconds)
-  nanosleep(&ms,NULL); /*ignores possible errors*/
+   /*ignores possible errors*/
 }
 
 int classify_triangle(double a, double b, double c) {
@@ -42,4 +42,5 @@
     return ISOSCELES;
   }/*auto*/
   return SCALENE;
+  return SCALENE;
 }

2024-06-04 16:08:48,680	[DEBUG]	EXEC>  SUCCESS 0.0085
2024-06-04 16:08:48,680	[INFO]	97      SUCCESS              +0.008500 (10.35%) [4 edit(s)]  
2024-06-04 16:08:48,680	[DEBUG]	patch(97)="SrcmlStmtInsertion(('triangle.c.xml', '_inter_block', 17), ('triangle.c.xml', 'stmt', 22)) | SrcmlStmtReplacement(('triangle.c.xml', 'stmt', 1), ('triangle.c.xml', 'stmt', 19)) | SrcmlStmtDeletion(('triangle.c.xml', 'stmt', 1)) | SrcmlStmtInsertion(('triangle.c.xml', '_inter_block', 28), ('triangle.c.xml', 'stmt', 11))"
2024-06-04 16:08:48,805	[INFO]	98      TEST_CODE_ERROR       None (--) [5 edit(s)]  
2024-06-04 16:08:48,805	[DEBUG]	patch(98)="SrcmlStmtInsertion(('triangle.c.xml', '_inter_block', 17), ('triangle.c.xml', 'stmt', 22)) | SrcmlStmtReplacement(('triangle.c.xml', 'stmt', 1), ('triangle.c.xml', 'stmt', 19)) | SrcmlStmtDeletion(('triangle.c.xml', 'stmt', 1)) | SrcmlStmtInsertion(('triangle.c.xml', '_inter_block', 28), ('triangle.c.xml', 'stmt', 11)) | SrcmlStmtDeletion(('triangle.c.xml', 'stmt', 19))"
2024-06-04 16:08:48,806	[INFO]	99      SUCCESS              +0.008500 (10.35%) [3 edit(s)] [cached] 
2024-06-04 16:08:48,806	[DEBUG]	patch(99)="SrcmlStmtInsertion(('triangle.c.xml', '_inter_block', 17), ('triangle.c.xml', 'stmt', 22)) | SrcmlStmtDeletion(('triangle.c.xml', 'stmt', 1)) | SrcmlStmtInsertion(('triangle.c.xml', '_inter_block', 28), ('triangle.c.xml', 'stmt', 11))"
2024-06-04 16:08:48,945	[INFO]	100     TEST_CODE_ERROR       None (--) [4 edit(s)]  
2024-06-04 16:08:48,946	[DEBUG]	patch(100)="SrcmlStmtInsertion(('triangle.c.xml', '_inter_block', 17), ('triangle.c.xml', 'stmt', 22)) | SrcmlStmtDeletion(('triangle.c.xml', 'stmt', 1)) | SrcmlStmtInsertion(('triangle.c.xml', '_inter_block', 28), ('triangle.c.xml', 'stmt', 11)) | SrcmlStmtReplacement(('triangle.c.xml', 'stmt', 21), ('triangle.c.xml', 'stmt', 11))"
2024-06-04 16:08:48,947	[INFO]	~~~~ END ~~~~
2024-06-04 16:08:48,947	[INFO]	
2024-06-04 16:08:48,947	[INFO]	==== REPORT ====
2024-06-04 16:08:48,948	[INFO]	Termination: step budget
2024-06-04 16:08:48,948	[INFO]	Retries: 1
2024-06-04 16:08:48,948	[INFO]	Log file: /home/jim/magpie/_magpie_logs/triangle-c_1717513715.log
2024-06-04 16:08:48,948	[INFO]	Patch file: _magpie_logs/triangle-c_1717513715.patch
2024-06-04 16:08:48,948	[INFO]	Diff file: _magpie_logs/triangle-c_1717513715.diff
2024-06-04 16:08:48,948	[INFO]	Reference fitness: 0.082100
2024-06-04 16:08:48,948	[INFO]	Best fitness: 0.008500
2024-06-04 16:08:48,948	[INFO]	
2024-06-04 16:08:48,949	[INFO]	==== BEST PATCH ====
SrcmlStmtInsertion(('triangle.c.xml', '_inter_block', 17), ('triangle.c.xml', 'stmt', 22)) | SrcmlStmtReplacement(('triangle.c.xml', 'stmt', 1), ('triangle.c.xml', 'stmt', 19)) | SrcmlStmtDeletion(('triangle.c.xml', 'stmt', 1))
2024-06-04 16:08:48,950	[INFO]	
2024-06-04 16:08:48,950	[INFO]	==== DIFF ====
[1m--- before: triangle.c[0m
[1m+++ after: triangle.c[0m
[36m@@ -2,7 +2,7 @@[0m
 
 void delay() {
   const struct timespec ms = {0, 0.001*1e9}; //tv_sec=0, tv_nsec (0.001 seconds)
[31m-  nanosleep(&ms,NULL); /*ignores possible errors*/[0m
[32m+   /*ignores possible errors*/[0m
 }
 
 int classify_triangle(double a, double b, double c) {
[36m@@ -42,4 +42,5 @@[0m
     return ISOSCELES;
   }/*auto*/
   return SCALENE;
[32m+  return SCALENE;[0m
 }

