2024-06-29 23:02:44,880	[DEBUG]	==== CONFIG ====
[magpie]
import = 
seed = 3603387201409954
log_dir = _magpie_logs
work_dir = _magpie_work
local_original_copy = True
local_original_name = __original__
output_encoding = ascii
edit_retries = 10
default_timeout = 100
default_lengthout = 1e6
diff_method = unified
trust_local_filesystem = True
run_timeout = 100

[magpie.log]
color_output = True
format_info = {counter:<7} {status:<20} {best}{fitness} ({ratio}) [{size}] {cached} {log}
format_debug = patch({counter})="{patch}"{diffifbest}
format_fitness = {:.6f}
format_ratio = {:.2%%}
format_patchif = 
	 --> {patch}
format_diffif = 
	{diff}

[software]
path = examples/minisat
target_files = 
	core/Solver.cc.xml
software = BasicSoftware
model_rules = 
	*.params : ParamFileConfigModel
	*.xml : SrcmlModel
	* : LineModel
model_config = 
	*.params : [paramconfig]
	*.xml : [srcml]
init_cmd = bash init.sh
init_timeout = 60
init_lengthout = -1
setup_cmd = bash compile.sh
setup_timeout = 
setup_lengthout = 
compile_cmd = bash compile.sh
compile_timeout = 
compile_lengthout = 
test_cmd = bash test.sh
test_timeout = 
test_lengthout = 
run_cmd = perf stat -e cpu-clock bash run_fixed.sh
run_timeout = 
run_lengthout = 
retries = 5
batch_timeout = 
batch_lengthout = 
batch_bin_fitness_strategy = aggregate
batch_fitness_strategy = sum
fitness = perf_cpu_clock

[srcml]
rename = 
	stmt: break continue decl_stmt do expr_stmt for goto if return switch while
	number: literal_number
focus = block stmt operator_comp operator_arith number
internodes = block
process_pseudo_blocks = True
process_literals = True
process_operators = True

[paramconfig]
timing = test run
cli_prefix = --
cli_glue = =
cli_boolean = show
cli_boolean_prefix_true = 
cli_boolean_prefix_false = no-
cli_none = hide
silent_prefix = @
silent_suffix = $

[search]
protocol = BasicProtocol
algorithm = FirstImprovement
possible_edits = 
	SrcmlStmtReplacement
	SrcmlStmtInsertion
	SrcmlStmtDeletion
warmup = 3
warmup_strategy = last
max_steps = 10000
max_time = 1800
target_fitness = 
cache_maxsize = 100
cache_keep = 0.2
batch_instances = 
batch_shuffle = True
batch_bin_shuffle = False
batch_sample_size = 1

[search.ls]
delete_prob = 0.5
max_neighbours = 
when_trapped = continue
accept_fail = False
tabu_length = 10

[search.gp]
pop_size = 10
delete_prob = 0.5
offspring_elitism = 0.1
offspring_crossover = 0.5
offspring_mutation = 0.4
uniform_rate = 0.5
batch_reset = True

[search.minify]
do_cleanup = True
do_rebuild = True
do_simplify = True
round_robin_limit = 3


2024-06-29 23:02:44,880	[DEBUG]	
2024-06-29 23:02:44,880	[INFO]	==== SEARCH: FirstImprovement ====
2024-06-29 23:02:44,881	[INFO]	~~~~ WARMUP ~~~~
2024-06-29 23:03:58,757	[DEBUG]	EXEC>  SUCCESS 35.4
2024-06-29 23:03:58,757	[INFO]	WARM    SUCCESS               35.400000 (--) [0 edit(s)]  
2024-06-29 23:05:07,964	[DEBUG]	EXEC>  SUCCESS 19.6
2024-06-29 23:05:07,965	[INFO]	WARM    SUCCESS               19.600000 (--) [0 edit(s)]  
2024-06-29 23:06:17,766	[DEBUG]	EXEC>  SUCCESS 44.2
2024-06-29 23:06:17,766	[INFO]	WARM    SUCCESS               44.200000 (--) [0 edit(s)]  
2024-06-29 23:06:17,766	[INFO]	REF     SUCCESS               44.200000 (--) [0 edit(s)]  
2024-06-29 23:06:17,767	[INFO]	
2024-06-29 23:06:17,767	[INFO]	~~~~ START ~~~~
2024-06-29 23:07:28,613	[DEBUG]	EXEC>  SUCCESS 51.0
2024-06-29 23:07:28,613	[INFO]	1       SUCCESS               51.000000 (115.38%) [1 edit(s)]  
2024-06-29 23:07:28,613	[DEBUG]	patch(1)="SrcmlStmtDeletion(('core/Solver.cc.xml', 'stmt', 136))"
2024-06-29 23:08:39,924	[DEBUG]	EXEC>  SUCCESS 52.8
2024-06-29 23:08:39,925	[INFO]	2       SUCCESS               52.800000 (119.46%) [1 edit(s)]  
2024-06-29 23:08:39,925	[DEBUG]	patch(2)="SrcmlStmtInsertion(('core/Solver.cc.xml', '_inter_block', 53), ('core/Solver.cc.xml', 'stmt', 3))"
2024-06-29 23:08:40,365	[INFO]	3       COMPILE_CODE_ERROR    None (--) [1 edit(s)]  
2024-06-29 23:08:40,365	[DEBUG]	patch(3)="SrcmlStmtInsertion(('core/Solver.cc.xml', '_inter_block', 4), ('core/Solver.cc.xml', 'stmt', 36))"
2024-06-29 23:08:40,808	[INFO]	4       COMPILE_CODE_ERROR    None (--) [1 edit(s)]  
2024-06-29 23:08:40,808	[DEBUG]	patch(4)="SrcmlStmtReplacement(('core/Solver.cc.xml', 'stmt', 352), ('core/Solver.cc.xml', 'stmt', 421))"
2024-06-29 23:09:50,749	[DEBUG]	EXEC>  SUCCESS 42.4
2024-06-29 23:09:50,750	[INFO]	5       SUCCESS              *42.400000 (95.93%) [1 edit(s)]  
2024-06-29 23:09:50,750	[DEBUG]	patch(5)="SrcmlStmtInsertion(('core/Solver.cc.xml', '_inter_block', 515), ('core/Solver.cc.xml', 'stmt', 305))"
--- before: core/Solver.cc
+++ after: core/Solver.cc
@@ -996,6 +996,7 @@
 
     // Assumptions are added as unit clauses:
     cnt += assumptions.size();
+    return l_False;
 
     fprintf(f, "p cnf %d %d\n", max, cnt);
 

2024-06-29 23:09:50,754	[INFO]	6       SUCCESS               44.200000 (100.00%) [0 edit(s)] [cached] 
2024-06-29 23:09:50,754	[DEBUG]	patch(6)=""
2024-06-29 23:11:01,652	[DEBUG]	EXEC>  SUCCESS 49.0
2024-06-29 23:11:01,652	[INFO]	7       SUCCESS               49.000000 (110.86%) [2 edit(s)]  
2024-06-29 23:11:01,652	[DEBUG]	patch(7)="SrcmlStmtInsertion(('core/Solver.cc.xml', '_inter_block', 515), ('core/Solver.cc.xml', 'stmt', 305)) | SrcmlStmtDeletion(('core/Solver.cc.xml', 'stmt', 172))"
2024-06-29 23:11:02,094	[INFO]	8       COMPILE_CODE_ERROR    None (--) [2 edit(s)]  
2024-06-29 23:11:02,094	[DEBUG]	patch(8)="SrcmlStmtInsertion(('core/Solver.cc.xml', '_inter_block', 515), ('core/Solver.cc.xml', 'stmt', 305)) | SrcmlStmtDeletion(('core/Solver.cc.xml', 'stmt', 252))"
2024-06-29 23:11:02,542	[INFO]	9       COMPILE_CODE_ERROR    None (--) [2 edit(s)]  
2024-06-29 23:11:02,542	[DEBUG]	patch(9)="SrcmlStmtInsertion(('core/Solver.cc.xml', '_inter_block', 515), ('core/Solver.cc.xml', 'stmt', 305)) | SrcmlStmtInsertion(('core/Solver.cc.xml', '_inter_block', 341), ('core/Solver.cc.xml', 'stmt', 248))"
2024-06-29 23:12:13,190	[DEBUG]	EXEC>  SUCCESS 55.0
2024-06-29 23:12:13,190	[INFO]	10      SUCCESS               55.000000 (124.43%) [2 edit(s)]  
2024-06-29 23:12:13,190	[DEBUG]	patch(10)="SrcmlStmtInsertion(('core/Solver.cc.xml', '_inter_block', 515), ('core/Solver.cc.xml', 'stmt', 305)) | SrcmlStmtInsertion(('core/Solver.cc.xml', '_inter_block', 465), ('core/Solver.cc.xml', 'stmt', 271))"
2024-06-29 23:12:13,640	[INFO]	11      COMPILE_CODE_ERROR    None (--) [2 edit(s)]  
2024-06-29 23:12:13,640	[DEBUG]	patch(11)="SrcmlStmtInsertion(('core/Solver.cc.xml', '_inter_block', 515), ('core/Solver.cc.xml', 'stmt', 305)) | SrcmlStmtReplacement(('core/Solver.cc.xml', 'stmt', 239), ('core/Solver.cc.xml', 'stmt', 404))"
2024-06-29 23:12:14,085	[INFO]	12      COMPILE_CODE_ERROR    None (--) [2 edit(s)]  
2024-06-29 23:12:14,086	[DEBUG]	patch(12)="SrcmlStmtInsertion(('core/Solver.cc.xml', '_inter_block', 515), ('core/Solver.cc.xml', 'stmt', 305)) | SrcmlStmtInsertion(('core/Solver.cc.xml', '_inter_block', 119), ('core/Solver.cc.xml', 'stmt', 397))"
2024-06-29 23:12:14,531	[INFO]	13      COMPILE_CODE_ERROR    None (--) [2 edit(s)]  
2024-06-29 23:12:14,531	[DEBUG]	patch(13)="SrcmlStmtInsertion(('core/Solver.cc.xml', '_inter_block', 515), ('core/Solver.cc.xml', 'stmt', 305)) | SrcmlStmtInsertion(('core/Solver.cc.xml', '_inter_block', 471), ('core/Solver.cc.xml', 'stmt', 30))"
2024-06-29 23:12:16,366	[INFO]	14      TEST_CODE_ERROR       None (--) [2 edit(s)]  
2024-06-29 23:12:16,366	[DEBUG]	patch(14)="SrcmlStmtInsertion(('core/Solver.cc.xml', '_inter_block', 515), ('core/Solver.cc.xml', 'stmt', 305)) | SrcmlStmtDeletion(('core/Solver.cc.xml', 'stmt', 421))"
2024-06-29 23:12:18,222	[INFO]	15      TEST_CODE_ERROR       None (--) [2 edit(s)]  
2024-06-29 23:12:18,222	[DEBUG]	patch(15)="SrcmlStmtInsertion(('core/Solver.cc.xml', '_inter_block', 515), ('core/Solver.cc.xml', 'stmt', 305)) | SrcmlStmtDeletion(('core/Solver.cc.xml', 'stmt', 18))"
2024-06-29 23:13:28,458	[DEBUG]	EXEC>  SUCCESS 37.8
2024-06-29 23:13:28,458	[INFO]	16      SUCCESS              *37.800000 (85.52%) [2 edit(s)]  
2024-06-29 23:13:28,458	[DEBUG]	patch(16)="SrcmlStmtInsertion(('core/Solver.cc.xml', '_inter_block', 515), ('core/Solver.cc.xml', 'stmt', 305)) | SrcmlStmtDeletion(('core/Solver.cc.xml', 'stmt', 367))"
--- before: core/Solver.cc
+++ after: core/Solver.cc
@@ -907,7 +907,7 @@
         }/*auto*/
     }else if (status == l_False && conflict.size() == 0)
         /*auto*/{
-            ok = false;
+            
         }/*auto*/
 
     cancelUntil(0);
@@ -996,6 +996,7 @@
 
     // Assumptions are added as unit clauses:
     cnt += assumptions.size();
+    return l_False;
 
     fprintf(f, "p cnf %d %d\n", max, cnt);
 

2024-06-29 23:13:30,291	[INFO]	17      TEST_CODE_ERROR       None (--) [3 edit(s)]  
2024-06-29 23:13:30,292	[DEBUG]	patch(17)="SrcmlStmtInsertion(('core/Solver.cc.xml', '_inter_block', 515), ('core/Solver.cc.xml', 'stmt', 305)) | SrcmlStmtDeletion(('core/Solver.cc.xml', 'stmt', 367)) | SrcmlStmtReplacement(('core/Solver.cc.xml', 'stmt', 209), ('core/Solver.cc.xml', 'stmt', 261))"
2024-06-29 23:14:40,525	[DEBUG]	EXEC>  SUCCESS 27.4
2024-06-29 23:14:40,525	[INFO]	18      SUCCESS              *27.400000 (61.99%) [3 edit(s)]  
2024-06-29 23:14:40,525	[DEBUG]	patch(18)="SrcmlStmtInsertion(('core/Solver.cc.xml', '_inter_block', 515), ('core/Solver.cc.xml', 'stmt', 305)) | SrcmlStmtDeletion(('core/Solver.cc.xml', 'stmt', 367)) | SrcmlStmtReplacement(('core/Solver.cc.xml', 'stmt', 343), ('core/Solver.cc.xml', 'stmt', 0))"
--- before: core/Solver.cc
+++ after: core/Solver.cc
@@ -868,7 +868,7 @@
       return l_False;
     }/*auto*/
 
-    solves++;
+    static const char* _cat = "CORE";
 
     max_learnts               = nClauses() * learntsize_factor;
     learntsize_adjust_confl   = learntsize_adjust_start_confl;
@@ -907,7 +907,7 @@
         }/*auto*/
     }else if (status == l_False && conflict.size() == 0)
         /*auto*/{
-            ok = false;
+            
         }/*auto*/
 
     cancelUntil(0);
@@ -996,6 +996,7 @@
 
     // Assumptions are added as unit clauses:
     cnt += assumptions.size();
+    return l_False;
 
     fprintf(f, "p cnf %d %d\n", max, cnt);
 

2024-06-29 23:15:50,910	[DEBUG]	EXEC>  SUCCESS 38.0
2024-06-29 23:15:50,910	[INFO]	19      SUCCESS               38.000000 (85.97%) [4 edit(s)]  
2024-06-29 23:15:50,910	[DEBUG]	patch(19)="SrcmlStmtInsertion(('core/Solver.cc.xml', '_inter_block', 515), ('core/Solver.cc.xml', 'stmt', 305)) | SrcmlStmtDeletion(('core/Solver.cc.xml', 'stmt', 367)) | SrcmlStmtReplacement(('core/Solver.cc.xml', 'stmt', 343), ('core/Solver.cc.xml', 'stmt', 0)) | SrcmlStmtInsertion(('core/Solver.cc.xml', '_inter_block', 493), ('core/Solver.cc.xml', 'stmt', 37))"
2024-06-29 23:15:51,352	[INFO]	20      COMPILE_CODE_ERROR    None (--) [4 edit(s)]  
2024-06-29 23:15:51,352	[DEBUG]	patch(20)="SrcmlStmtInsertion(('core/Solver.cc.xml', '_inter_block', 515), ('core/Solver.cc.xml', 'stmt', 305)) | SrcmlStmtDeletion(('core/Solver.cc.xml', 'stmt', 367)) | SrcmlStmtReplacement(('core/Solver.cc.xml', 'stmt', 343), ('core/Solver.cc.xml', 'stmt', 0)) | SrcmlStmtReplacement(('core/Solver.cc.xml', 'stmt', 183), ('core/Solver.cc.xml', 'stmt', 320))"
2024-06-29 23:15:53,154	[INFO]	21      TEST_CODE_ERROR       None (--) [4 edit(s)]  
2024-06-29 23:15:53,155	[DEBUG]	patch(21)="SrcmlStmtInsertion(('core/Solver.cc.xml', '_inter_block', 515), ('core/Solver.cc.xml', 'stmt', 305)) | SrcmlStmtDeletion(('core/Solver.cc.xml', 'stmt', 367)) | SrcmlStmtReplacement(('core/Solver.cc.xml', 'stmt', 343), ('core/Solver.cc.xml', 'stmt', 0)) | SrcmlStmtDeletion(('core/Solver.cc.xml', 'stmt', 220))"
2024-06-29 23:17:02,865	[DEBUG]	EXEC>  SUCCESS 60.0
2024-06-29 23:17:02,866	[INFO]	22      SUCCESS               60.000000 (135.75%) [4 edit(s)]  
2024-06-29 23:17:02,866	[DEBUG]	patch(22)="SrcmlStmtInsertion(('core/Solver.cc.xml', '_inter_block', 515), ('core/Solver.cc.xml', 'stmt', 305)) | SrcmlStmtDeletion(('core/Solver.cc.xml', 'stmt', 367)) | SrcmlStmtReplacement(('core/Solver.cc.xml', 'stmt', 343), ('core/Solver.cc.xml', 'stmt', 0)) | SrcmlStmtInsertion(('core/Solver.cc.xml', '_inter_block', 333), ('core/Solver.cc.xml', 'stmt', 0))"
2024-06-29 23:17:03,308	[INFO]	23      COMPILE_CODE_ERROR    None (--) [4 edit(s)]  
2024-06-29 23:17:03,308	[DEBUG]	patch(23)="SrcmlStmtInsertion(('core/Solver.cc.xml', '_inter_block', 515), ('core/Solver.cc.xml', 'stmt', 305)) | SrcmlStmtDeletion(('core/Solver.cc.xml', 'stmt', 367)) | SrcmlStmtReplacement(('core/Solver.cc.xml', 'stmt', 343), ('core/Solver.cc.xml', 'stmt', 0)) | SrcmlStmtInsertion(('core/Solver.cc.xml', '_inter_block', 365), ('core/Solver.cc.xml', 'stmt', 289))"
2024-06-29 23:18:14,190	[DEBUG]	EXEC>  SUCCESS 55.2
2024-06-29 23:18:14,190	[INFO]	24      SUCCESS               55.200000 (124.89%) [2 edit(s)]  
2024-06-29 23:18:14,190	[DEBUG]	patch(24)="SrcmlStmtDeletion(('core/Solver.cc.xml', 'stmt', 367)) | SrcmlStmtReplacement(('core/Solver.cc.xml', 'stmt', 343), ('core/Solver.cc.xml', 'stmt', 0))"
2024-06-29 23:19:24,226	[DEBUG]	EXEC>  SUCCESS 63.8
2024-06-29 23:19:24,226	[INFO]	25      SUCCESS               63.800000 (144.34%) [4 edit(s)]  
2024-06-29 23:19:24,226	[DEBUG]	patch(25)="SrcmlStmtInsertion(('core/Solver.cc.xml', '_inter_block', 515), ('core/Solver.cc.xml', 'stmt', 305)) | SrcmlStmtDeletion(('core/Solver.cc.xml', 'stmt', 367)) | SrcmlStmtReplacement(('core/Solver.cc.xml', 'stmt', 343), ('core/Solver.cc.xml', 'stmt', 0)) | SrcmlStmtDeletion(('core/Solver.cc.xml', 'stmt', 368))"
2024-06-29 23:19:24,670	[INFO]	26      COMPILE_CODE_ERROR    None (--) [4 edit(s)]  
2024-06-29 23:19:24,670	[DEBUG]	patch(26)="SrcmlStmtInsertion(('core/Solver.cc.xml', '_inter_block', 515), ('core/Solver.cc.xml', 'stmt', 305)) | SrcmlStmtDeletion(('core/Solver.cc.xml', 'stmt', 367)) | SrcmlStmtReplacement(('core/Solver.cc.xml', 'stmt', 343), ('core/Solver.cc.xml', 'stmt', 0)) | SrcmlStmtReplacement(('core/Solver.cc.xml', 'stmt', 7), ('core/Solver.cc.xml', 'stmt', 143))"
2024-06-29 23:19:25,114	[INFO]	27      COMPILE_CODE_ERROR    None (--) [4 edit(s)]  
2024-06-29 23:19:25,114	[DEBUG]	patch(27)="SrcmlStmtInsertion(('core/Solver.cc.xml', '_inter_block', 515), ('core/Solver.cc.xml', 'stmt', 305)) | SrcmlStmtDeletion(('core/Solver.cc.xml', 'stmt', 367)) | SrcmlStmtReplacement(('core/Solver.cc.xml', 'stmt', 343), ('core/Solver.cc.xml', 'stmt', 0)) | SrcmlStmtReplacement(('core/Solver.cc.xml', 'stmt', 269), ('core/Solver.cc.xml', 'stmt', 230))"
2024-06-29 23:19:25,121	[INFO]	28      SUCCESS               37.800000 (85.52%) [2 edit(s)] [cached] 
2024-06-29 23:19:25,121	[DEBUG]	patch(28)="SrcmlStmtInsertion(('core/Solver.cc.xml', '_inter_block', 515), ('core/Solver.cc.xml', 'stmt', 305)) | SrcmlStmtDeletion(('core/Solver.cc.xml', 'stmt', 367))"
2024-06-29 23:19:26,919	[INFO]	29      TEST_CODE_ERROR       None (--) [4 edit(s)]  
2024-06-29 23:19:26,919	[DEBUG]	patch(29)="SrcmlStmtInsertion(('core/Solver.cc.xml', '_inter_block', 515), ('core/Solver.cc.xml', 'stmt', 305)) | SrcmlStmtDeletion(('core/Solver.cc.xml', 'stmt', 367)) | SrcmlStmtReplacement(('core/Solver.cc.xml', 'stmt', 343), ('core/Solver.cc.xml', 'stmt', 0)) | SrcmlStmtDeletion(('core/Solver.cc.xml', 'stmt', 168))"
2024-06-29 23:19:27,364	[INFO]	30      COMPILE_CODE_ERROR    None (--) [4 edit(s)]  
2024-06-29 23:19:27,364	[DEBUG]	patch(30)="SrcmlStmtInsertion(('core/Solver.cc.xml', '_inter_block', 515), ('core/Solver.cc.xml', 'stmt', 305)) | SrcmlStmtDeletion(('core/Solver.cc.xml', 'stmt', 367)) | SrcmlStmtReplacement(('core/Solver.cc.xml', 'stmt', 343), ('core/Solver.cc.xml', 'stmt', 0)) | SrcmlStmtReplacement(('core/Solver.cc.xml', 'stmt', 222), ('core/Solver.cc.xml', 'stmt', 92))"
2024-06-29 23:20:37,975	[DEBUG]	EXEC>  SUCCESS 47.4
2024-06-29 23:20:37,975	[INFO]	31      SUCCESS               47.400000 (107.24%) [4 edit(s)]  
2024-06-29 23:20:37,975	[DEBUG]	patch(31)="SrcmlStmtInsertion(('core/Solver.cc.xml', '_inter_block', 515), ('core/Solver.cc.xml', 'stmt', 305)) | SrcmlStmtDeletion(('core/Solver.cc.xml', 'stmt', 367)) | SrcmlStmtReplacement(('core/Solver.cc.xml', 'stmt', 343), ('core/Solver.cc.xml', 'stmt', 0)) | SrcmlStmtDeletion(('core/Solver.cc.xml', 'stmt', 267))"
2024-06-29 23:21:42,960	[DEBUG]	EXEC>  SUCCESS 57.2
2024-06-29 23:21:42,961	[INFO]	32      SUCCESS               57.200000 (129.41%) [4 edit(s)]  
2024-06-29 23:21:42,961	[DEBUG]	patch(32)="SrcmlStmtInsertion(('core/Solver.cc.xml', '_inter_block', 515), ('core/Solver.cc.xml', 'stmt', 305)) | SrcmlStmtDeletion(('core/Solver.cc.xml', 'stmt', 367)) | SrcmlStmtReplacement(('core/Solver.cc.xml', 'stmt', 343), ('core/Solver.cc.xml', 'stmt', 0)) | SrcmlStmtDeletion(('core/Solver.cc.xml', 'stmt', 304))"
2024-06-29 23:22:52,852	[DEBUG]	EXEC>  SUCCESS 25.8
2024-06-29 23:22:52,852	[INFO]	33      SUCCESS              *25.800000 (58.37%) [4 edit(s)]  
2024-06-29 23:22:52,852	[DEBUG]	patch(33)="SrcmlStmtInsertion(('core/Solver.cc.xml', '_inter_block', 515), ('core/Solver.cc.xml', 'stmt', 305)) | SrcmlStmtDeletion(('core/Solver.cc.xml', 'stmt', 367)) | SrcmlStmtReplacement(('core/Solver.cc.xml', 'stmt', 343), ('core/Solver.cc.xml', 'stmt', 0)) | SrcmlStmtInsertion(('core/Solver.cc.xml', '_inter_block', 1), ('core/Solver.cc.xml', 'stmt', 28))"
--- before: core/Solver.cc
+++ after: core/Solver.cc
@@ -114,6 +114,7 @@
 Var Solver::newVar(bool sign, bool dvar)
 {
     int v = nVars();
+    Lit p;
     watches  .init(mkLit(v, false));
     watches  .init(mkLit(v, true ));
     assigns  .push(l_Undef);
@@ -868,7 +869,7 @@
       return l_False;
     }/*auto*/
 
-    solves++;
+    static const char* _cat = "CORE";
 
     max_learnts               = nClauses() * learntsize_factor;
     learntsize_adjust_confl   = learntsize_adjust_start_confl;
@@ -907,7 +908,7 @@
         }/*auto*/
     }else if (status == l_False && conflict.size() == 0)
         /*auto*/{
-            ok = false;
+            
         }/*auto*/
 
     cancelUntil(0);
@@ -996,6 +997,7 @@
 
     // Assumptions are added as unit clauses:
     cnt += assumptions.size();
+    return l_False;
 
     fprintf(f, "p cnf %d %d\n", max, cnt);
 

2024-06-29 23:22:53,298	[INFO]	34      COMPILE_CODE_ERROR    None (--) [5 edit(s)]  
2024-06-29 23:22:53,298	[DEBUG]	patch(34)="SrcmlStmtInsertion(('core/Solver.cc.xml', '_inter_block', 515), ('core/Solver.cc.xml', 'stmt', 305)) | SrcmlStmtDeletion(('core/Solver.cc.xml', 'stmt', 367)) | SrcmlStmtReplacement(('core/Solver.cc.xml', 'stmt', 343), ('core/Solver.cc.xml', 'stmt', 0)) | SrcmlStmtInsertion(('core/Solver.cc.xml', '_inter_block', 1), ('core/Solver.cc.xml', 'stmt', 28)) | SrcmlStmtInsertion(('core/Solver.cc.xml', '_inter_block', 552), ('core/Solver.cc.xml', 'stmt', 138))"
2024-06-29 23:22:53,306	[INFO]	35      SUCCESS               27.400000 (61.99%) [3 edit(s)] [cached] 
2024-06-29 23:22:53,306	[DEBUG]	patch(35)="SrcmlStmtInsertion(('core/Solver.cc.xml', '_inter_block', 515), ('core/Solver.cc.xml', 'stmt', 305)) | SrcmlStmtDeletion(('core/Solver.cc.xml', 'stmt', 367)) | SrcmlStmtReplacement(('core/Solver.cc.xml', 'stmt', 343), ('core/Solver.cc.xml', 'stmt', 0))"
2024-06-29 23:24:02,654	[DEBUG]	EXEC>  SUCCESS 59.2
2024-06-29 23:24:02,654	[INFO]	36      SUCCESS               59.200000 (133.94%) [3 edit(s)]  
2024-06-29 23:24:02,654	[DEBUG]	patch(36)="SrcmlStmtInsertion(('core/Solver.cc.xml', '_inter_block', 515), ('core/Solver.cc.xml', 'stmt', 305)) | SrcmlStmtDeletion(('core/Solver.cc.xml', 'stmt', 367)) | SrcmlStmtInsertion(('core/Solver.cc.xml', '_inter_block', 1), ('core/Solver.cc.xml', 'stmt', 28))"
2024-06-29 23:24:03,100	[INFO]	37      COMPILE_CODE_ERROR    None (--) [5 edit(s)]  
2024-06-29 23:24:03,100	[DEBUG]	patch(37)="SrcmlStmtInsertion(('core/Solver.cc.xml', '_inter_block', 515), ('core/Solver.cc.xml', 'stmt', 305)) | SrcmlStmtDeletion(('core/Solver.cc.xml', 'stmt', 367)) | SrcmlStmtReplacement(('core/Solver.cc.xml', 'stmt', 343), ('core/Solver.cc.xml', 'stmt', 0)) | SrcmlStmtInsertion(('core/Solver.cc.xml', '_inter_block', 1), ('core/Solver.cc.xml', 'stmt', 28)) | SrcmlStmtReplacement(('core/Solver.cc.xml', 'stmt', 240), ('core/Solver.cc.xml', 'stmt', 391))"
2024-06-29 23:24:04,929	[INFO]	38      TEST_CODE_ERROR       None (--) [5 edit(s)]  
2024-06-29 23:24:04,929	[DEBUG]	patch(38)="SrcmlStmtInsertion(('core/Solver.cc.xml', '_inter_block', 515), ('core/Solver.cc.xml', 'stmt', 305)) | SrcmlStmtDeletion(('core/Solver.cc.xml', 'stmt', 367)) | SrcmlStmtReplacement(('core/Solver.cc.xml', 'stmt', 343), ('core/Solver.cc.xml', 'stmt', 0)) | SrcmlStmtInsertion(('core/Solver.cc.xml', '_inter_block', 1), ('core/Solver.cc.xml', 'stmt', 28)) | SrcmlStmtReplacement(('core/Solver.cc.xml', 'stmt', 18), ('core/Solver.cc.xml', 'stmt', 332))"
2024-06-29 23:24:06,741	[INFO]	39      TEST_CODE_ERROR       None (--) [5 edit(s)]  
2024-06-29 23:24:06,741	[DEBUG]	patch(39)="SrcmlStmtInsertion(('core/Solver.cc.xml', '_inter_block', 515), ('core/Solver.cc.xml', 'stmt', 305)) | SrcmlStmtDeletion(('core/Solver.cc.xml', 'stmt', 367)) | SrcmlStmtReplacement(('core/Solver.cc.xml', 'stmt', 343), ('core/Solver.cc.xml', 'stmt', 0)) | SrcmlStmtInsertion(('core/Solver.cc.xml', '_inter_block', 1), ('core/Solver.cc.xml', 'stmt', 28)) | SrcmlStmtDeletion(('core/Solver.cc.xml', 'stmt', 168))"
2024-06-29 23:25:16,443	[DEBUG]	EXEC>  SUCCESS 42.8
2024-06-29 23:25:16,443	[INFO]	40      SUCCESS               42.800000 (96.83%) [3 edit(s)]  
2024-06-29 23:25:16,443	[DEBUG]	patch(40)="SrcmlStmtInsertion(('core/Solver.cc.xml', '_inter_block', 515), ('core/Solver.cc.xml', 'stmt', 305)) | SrcmlStmtReplacement(('core/Solver.cc.xml', 'stmt', 343), ('core/Solver.cc.xml', 'stmt', 0)) | SrcmlStmtInsertion(('core/Solver.cc.xml', '_inter_block', 1), ('core/Solver.cc.xml', 'stmt', 28))"
2024-06-29 23:25:16,888	[INFO]	41      COMPILE_CODE_ERROR    None (--) [5 edit(s)]  
2024-06-29 23:25:16,888	[DEBUG]	patch(41)="SrcmlStmtInsertion(('core/Solver.cc.xml', '_inter_block', 515), ('core/Solver.cc.xml', 'stmt', 305)) | SrcmlStmtDeletion(('core/Solver.cc.xml', 'stmt', 367)) | SrcmlStmtReplacement(('core/Solver.cc.xml', 'stmt', 343), ('core/Solver.cc.xml', 'stmt', 0)) | SrcmlStmtInsertion(('core/Solver.cc.xml', '_inter_block', 1), ('core/Solver.cc.xml', 'stmt', 28)) | SrcmlStmtReplacement(('core/Solver.cc.xml', 'stmt', 345), ('core/Solver.cc.xml', 'stmt', 68))"
2024-06-29 23:25:18,680	[INFO]	42      TEST_CODE_ERROR       None (--) [5 edit(s)]  
2024-06-29 23:25:18,681	[DEBUG]	patch(42)="SrcmlStmtInsertion(('core/Solver.cc.xml', '_inter_block', 515), ('core/Solver.cc.xml', 'stmt', 305)) | SrcmlStmtDeletion(('core/Solver.cc.xml', 'stmt', 367)) | SrcmlStmtReplacement(('core/Solver.cc.xml', 'stmt', 343), ('core/Solver.cc.xml', 'stmt', 0)) | SrcmlStmtInsertion(('core/Solver.cc.xml', '_inter_block', 1), ('core/Solver.cc.xml', 'stmt', 28)) | SrcmlStmtInsertion(('core/Solver.cc.xml', '_inter_block', 398), ('core/Solver.cc.xml', 'stmt', 387))"
2024-06-29 23:26:29,631	[DEBUG]	EXEC>  SUCCESS 28.6
2024-06-29 23:26:29,632	[INFO]	43      SUCCESS               28.600000 (64.71%) [3 edit(s)]  
2024-06-29 23:26:29,632	[DEBUG]	patch(43)="SrcmlStmtDeletion(('core/Solver.cc.xml', 'stmt', 367)) | SrcmlStmtReplacement(('core/Solver.cc.xml', 'stmt', 343), ('core/Solver.cc.xml', 'stmt', 0)) | SrcmlStmtInsertion(('core/Solver.cc.xml', '_inter_block', 1), ('core/Solver.cc.xml', 'stmt', 28))"
2024-06-29 23:26:30,094	[INFO]	44      COMPILE_CODE_ERROR    None (--) [5 edit(s)]  
2024-06-29 23:26:30,094	[DEBUG]	patch(44)="SrcmlStmtInsertion(('core/Solver.cc.xml', '_inter_block', 515), ('core/Solver.cc.xml', 'stmt', 305)) | SrcmlStmtDeletion(('core/Solver.cc.xml', 'stmt', 367)) | SrcmlStmtReplacement(('core/Solver.cc.xml', 'stmt', 343), ('core/Solver.cc.xml', 'stmt', 0)) | SrcmlStmtInsertion(('core/Solver.cc.xml', '_inter_block', 1), ('core/Solver.cc.xml', 'stmt', 28)) | SrcmlStmtReplacement(('core/Solver.cc.xml', 'stmt', 137), ('core/Solver.cc.xml', 'stmt', 199))"
2024-06-29 23:26:30,542	[INFO]	45      COMPILE_CODE_ERROR    None (--) [5 edit(s)]  
2024-06-29 23:26:30,542	[DEBUG]	patch(45)="SrcmlStmtInsertion(('core/Solver.cc.xml', '_inter_block', 515), ('core/Solver.cc.xml', 'stmt', 305)) | SrcmlStmtDeletion(('core/Solver.cc.xml', 'stmt', 367)) | SrcmlStmtReplacement(('core/Solver.cc.xml', 'stmt', 343), ('core/Solver.cc.xml', 'stmt', 0)) | SrcmlStmtInsertion(('core/Solver.cc.xml', '_inter_block', 1), ('core/Solver.cc.xml', 'stmt', 28)) | SrcmlStmtInsertion(('core/Solver.cc.xml', '_inter_block', 97), ('core/Solver.cc.xml', 'stmt', 356))"
2024-06-29 23:26:30,986	[INFO]	46      COMPILE_CODE_ERROR    None (--) [5 edit(s)]  
2024-06-29 23:26:30,986	[DEBUG]	patch(46)="SrcmlStmtInsertion(('core/Solver.cc.xml', '_inter_block', 515), ('core/Solver.cc.xml', 'stmt', 305)) | SrcmlStmtDeletion(('core/Solver.cc.xml', 'stmt', 367)) | SrcmlStmtReplacement(('core/Solver.cc.xml', 'stmt', 343), ('core/Solver.cc.xml', 'stmt', 0)) | SrcmlStmtInsertion(('core/Solver.cc.xml', '_inter_block', 1), ('core/Solver.cc.xml', 'stmt', 28)) | SrcmlStmtInsertion(('core/Solver.cc.xml', '_inter_block', 359), ('core/Solver.cc.xml', 'stmt', 357))"
2024-06-29 23:26:31,432	[INFO]	47      COMPILE_CODE_ERROR    None (--) [5 edit(s)]  
2024-06-29 23:26:31,432	[DEBUG]	patch(47)="SrcmlStmtInsertion(('core/Solver.cc.xml', '_inter_block', 515), ('core/Solver.cc.xml', 'stmt', 305)) | SrcmlStmtDeletion(('core/Solver.cc.xml', 'stmt', 367)) | SrcmlStmtReplacement(('core/Solver.cc.xml', 'stmt', 343), ('core/Solver.cc.xml', 'stmt', 0)) | SrcmlStmtInsertion(('core/Solver.cc.xml', '_inter_block', 1), ('core/Solver.cc.xml', 'stmt', 28)) | SrcmlStmtInsertion(('core/Solver.cc.xml', '_inter_block', 213), ('core/Solver.cc.xml', 'stmt', 406))"
2024-06-29 23:27:41,608	[DEBUG]	EXEC>  SUCCESS 30.2
2024-06-29 23:27:41,608	[INFO]	48      SUCCESS               30.200000 (68.33%) [5 edit(s)]  
2024-06-29 23:27:41,609	[DEBUG]	patch(48)="SrcmlStmtInsertion(('core/Solver.cc.xml', '_inter_block', 515), ('core/Solver.cc.xml', 'stmt', 305)) | SrcmlStmtDeletion(('core/Solver.cc.xml', 'stmt', 367)) | SrcmlStmtReplacement(('core/Solver.cc.xml', 'stmt', 343), ('core/Solver.cc.xml', 'stmt', 0)) | SrcmlStmtInsertion(('core/Solver.cc.xml', '_inter_block', 1), ('core/Solver.cc.xml', 'stmt', 28)) | SrcmlStmtDeletion(('core/Solver.cc.xml', 'stmt', 427))"
2024-06-29 23:27:42,055	[INFO]	49      COMPILE_CODE_ERROR    None (--) [5 edit(s)]  
2024-06-29 23:27:42,055	[DEBUG]	patch(49)="SrcmlStmtInsertion(('core/Solver.cc.xml', '_inter_block', 515), ('core/Solver.cc.xml', 'stmt', 305)) | SrcmlStmtDeletion(('core/Solver.cc.xml', 'stmt', 367)) | SrcmlStmtReplacement(('core/Solver.cc.xml', 'stmt', 343), ('core/Solver.cc.xml', 'stmt', 0)) | SrcmlStmtInsertion(('core/Solver.cc.xml', '_inter_block', 1), ('core/Solver.cc.xml', 'stmt', 28)) | SrcmlStmtInsertion(('core/Solver.cc.xml', '_inter_block', 204), ('core/Solver.cc.xml', 'stmt', 159))"
2024-06-29 23:28:52,063	[DEBUG]	EXEC>  SUCCESS 52.0
2024-06-29 23:28:52,063	[INFO]	50      SUCCESS               52.000000 (117.65%) [5 edit(s)]  
2024-06-29 23:28:52,063	[DEBUG]	patch(50)="SrcmlStmtInsertion(('core/Solver.cc.xml', '_inter_block', 515), ('core/Solver.cc.xml', 'stmt', 305)) | SrcmlStmtDeletion(('core/Solver.cc.xml', 'stmt', 367)) | SrcmlStmtReplacement(('core/Solver.cc.xml', 'stmt', 343), ('core/Solver.cc.xml', 'stmt', 0)) | SrcmlStmtInsertion(('core/Solver.cc.xml', '_inter_block', 1), ('core/Solver.cc.xml', 'stmt', 28)) | SrcmlStmtDeletion(('core/Solver.cc.xml', 'stmt', 377))"
2024-06-29 23:28:52,512	[INFO]	51      COMPILE_CODE_ERROR    None (--) [5 edit(s)]  
2024-06-29 23:28:52,512	[DEBUG]	patch(51)="SrcmlStmtInsertion(('core/Solver.cc.xml', '_inter_block', 515), ('core/Solver.cc.xml', 'stmt', 305)) | SrcmlStmtDeletion(('core/Solver.cc.xml', 'stmt', 367)) | SrcmlStmtReplacement(('core/Solver.cc.xml', 'stmt', 343), ('core/Solver.cc.xml', 'stmt', 0)) | SrcmlStmtInsertion(('core/Solver.cc.xml', '_inter_block', 1), ('core/Solver.cc.xml', 'stmt', 28)) | SrcmlStmtInsertion(('core/Solver.cc.xml', '_inter_block', 330), ('core/Solver.cc.xml', 'stmt', 253))"
2024-06-29 23:28:52,962	[INFO]	52      COMPILE_CODE_ERROR    None (--) [5 edit(s)]  
2024-06-29 23:28:52,962	[DEBUG]	patch(52)="SrcmlStmtInsertion(('core/Solver.cc.xml', '_inter_block', 515), ('core/Solver.cc.xml', 'stmt', 305)) | SrcmlStmtDeletion(('core/Solver.cc.xml', 'stmt', 367)) | SrcmlStmtReplacement(('core/Solver.cc.xml', 'stmt', 343), ('core/Solver.cc.xml', 'stmt', 0)) | SrcmlStmtInsertion(('core/Solver.cc.xml', '_inter_block', 1), ('core/Solver.cc.xml', 'stmt', 28)) | SrcmlStmtInsertion(('core/Solver.cc.xml', '_inter_block', 366), ('core/Solver.cc.xml', 'stmt', 34))"
2024-06-29 23:28:54,739	[INFO]	53      TEST_CODE_ERROR       None (--) [5 edit(s)]  
2024-06-29 23:28:54,739	[DEBUG]	patch(53)="SrcmlStmtInsertion(('core/Solver.cc.xml', '_inter_block', 515), ('core/Solver.cc.xml', 'stmt', 305)) | SrcmlStmtDeletion(('core/Solver.cc.xml', 'stmt', 367)) | SrcmlStmtReplacement(('core/Solver.cc.xml', 'stmt', 343), ('core/Solver.cc.xml', 'stmt', 0)) | SrcmlStmtInsertion(('core/Solver.cc.xml', '_inter_block', 1), ('core/Solver.cc.xml', 'stmt', 28)) | SrcmlStmtReplacement(('core/Solver.cc.xml', 'stmt', 31), ('core/Solver.cc.xml', 'stmt', 196))"
2024-06-29 23:28:55,186	[INFO]	54      COMPILE_CODE_ERROR    None (--) [5 edit(s)]  
2024-06-29 23:28:55,186	[DEBUG]	patch(54)="SrcmlStmtInsertion(('core/Solver.cc.xml', '_inter_block', 515), ('core/Solver.cc.xml', 'stmt', 305)) | SrcmlStmtDeletion(('core/Solver.cc.xml', 'stmt', 367)) | SrcmlStmtReplacement(('core/Solver.cc.xml', 'stmt', 343), ('core/Solver.cc.xml', 'stmt', 0)) | SrcmlStmtInsertion(('core/Solver.cc.xml', '_inter_block', 1), ('core/Solver.cc.xml', 'stmt', 28)) | SrcmlStmtInsertion(('core/Solver.cc.xml', '_inter_block', 384), ('core/Solver.cc.xml', 'stmt', 100))"
2024-06-29 23:28:56,983	[INFO]	55      TEST_CODE_ERROR       None (--) [5 edit(s)]  
2024-06-29 23:28:56,984	[DEBUG]	patch(55)="SrcmlStmtInsertion(('core/Solver.cc.xml', '_inter_block', 515), ('core/Solver.cc.xml', 'stmt', 305)) | SrcmlStmtDeletion(('core/Solver.cc.xml', 'stmt', 367)) | SrcmlStmtReplacement(('core/Solver.cc.xml', 'stmt', 343), ('core/Solver.cc.xml', 'stmt', 0)) | SrcmlStmtInsertion(('core/Solver.cc.xml', '_inter_block', 1), ('core/Solver.cc.xml', 'stmt', 28)) | SrcmlStmtInsertion(('core/Solver.cc.xml', '_inter_block', 124), ('core/Solver.cc.xml', 'stmt', 32))"
2024-06-29 23:30:06,852	[DEBUG]	EXEC>  SUCCESS 55.0
2024-06-29 23:30:06,852	[INFO]	56      SUCCESS               55.000000 (124.43%) [5 edit(s)]  
2024-06-29 23:30:06,852	[DEBUG]	patch(56)="SrcmlStmtInsertion(('core/Solver.cc.xml', '_inter_block', 515), ('core/Solver.cc.xml', 'stmt', 305)) | SrcmlStmtDeletion(('core/Solver.cc.xml', 'stmt', 367)) | SrcmlStmtReplacement(('core/Solver.cc.xml', 'stmt', 343), ('core/Solver.cc.xml', 'stmt', 0)) | SrcmlStmtInsertion(('core/Solver.cc.xml', '_inter_block', 1), ('core/Solver.cc.xml', 'stmt', 28)) | SrcmlStmtInsertion(('core/Solver.cc.xml', '_inter_block', 454), ('core/Solver.cc.xml', 'stmt', 4))"
2024-06-29 23:31:17,369	[DEBUG]	EXEC>  SUCCESS 27.0
2024-06-29 23:31:17,369	[INFO]	57      SUCCESS               27.000000 (61.09%) [5 edit(s)]  
2024-06-29 23:31:17,369	[DEBUG]	patch(57)="SrcmlStmtInsertion(('core/Solver.cc.xml', '_inter_block', 515), ('core/Solver.cc.xml', 'stmt', 305)) | SrcmlStmtDeletion(('core/Solver.cc.xml', 'stmt', 367)) | SrcmlStmtReplacement(('core/Solver.cc.xml', 'stmt', 343), ('core/Solver.cc.xml', 'stmt', 0)) | SrcmlStmtInsertion(('core/Solver.cc.xml', '_inter_block', 1), ('core/Solver.cc.xml', 'stmt', 28)) | SrcmlStmtInsertion(('core/Solver.cc.xml', '_inter_block', 319), ('core/Solver.cc.xml', 'stmt', 53))"
2024-06-29 23:31:19,153	[INFO]	58      TEST_CODE_ERROR       None (--) [5 edit(s)]  
2024-06-29 23:31:19,153	[DEBUG]	patch(58)="SrcmlStmtInsertion(('core/Solver.cc.xml', '_inter_block', 515), ('core/Solver.cc.xml', 'stmt', 305)) | SrcmlStmtDeletion(('core/Solver.cc.xml', 'stmt', 367)) | SrcmlStmtReplacement(('core/Solver.cc.xml', 'stmt', 343), ('core/Solver.cc.xml', 'stmt', 0)) | SrcmlStmtInsertion(('core/Solver.cc.xml', '_inter_block', 1), ('core/Solver.cc.xml', 'stmt', 28)) | SrcmlStmtDeletion(('core/Solver.cc.xml', 'stmt', 255))"
2024-06-29 23:31:19,600	[INFO]	59      COMPILE_CODE_ERROR    None (--) [5 edit(s)]  
2024-06-29 23:31:19,600	[DEBUG]	patch(59)="SrcmlStmtInsertion(('core/Solver.cc.xml', '_inter_block', 515), ('core/Solver.cc.xml', 'stmt', 305)) | SrcmlStmtDeletion(('core/Solver.cc.xml', 'stmt', 367)) | SrcmlStmtReplacement(('core/Solver.cc.xml', 'stmt', 343), ('core/Solver.cc.xml', 'stmt', 0)) | SrcmlStmtInsertion(('core/Solver.cc.xml', '_inter_block', 1), ('core/Solver.cc.xml', 'stmt', 28)) | SrcmlStmtInsertion(('core/Solver.cc.xml', '_inter_block', 90), ('core/Solver.cc.xml', 'stmt', 206))"
2024-06-29 23:31:20,053	[INFO]	60      COMPILE_CODE_ERROR    None (--) [5 edit(s)]  
2024-06-29 23:31:20,053	[DEBUG]	patch(60)="SrcmlStmtInsertion(('core/Solver.cc.xml', '_inter_block', 515), ('core/Solver.cc.xml', 'stmt', 305)) | SrcmlStmtDeletion(('core/Solver.cc.xml', 'stmt', 367)) | SrcmlStmtReplacement(('core/Solver.cc.xml', 'stmt', 343), ('core/Solver.cc.xml', 'stmt', 0)) | SrcmlStmtInsertion(('core/Solver.cc.xml', '_inter_block', 1), ('core/Solver.cc.xml', 'stmt', 28)) | SrcmlStmtInsertion(('core/Solver.cc.xml', '_inter_block', 251), ('core/Solver.cc.xml', 'stmt', 122))"
2024-06-29 23:31:20,498	[INFO]	61      COMPILE_CODE_ERROR    None (--) [5 edit(s)]  
2024-06-29 23:31:20,498	[DEBUG]	patch(61)="SrcmlStmtInsertion(('core/Solver.cc.xml', '_inter_block', 515), ('core/Solver.cc.xml', 'stmt', 305)) | SrcmlStmtDeletion(('core/Solver.cc.xml', 'stmt', 367)) | SrcmlStmtReplacement(('core/Solver.cc.xml', 'stmt', 343), ('core/Solver.cc.xml', 'stmt', 0)) | SrcmlStmtInsertion(('core/Solver.cc.xml', '_inter_block', 1), ('core/Solver.cc.xml', 'stmt', 28)) | SrcmlStmtReplacement(('core/Solver.cc.xml', 'stmt', 11), ('core/Solver.cc.xml', 'stmt', 169))"
2024-06-29 23:31:20,942	[INFO]	62      COMPILE_CODE_ERROR    None (--) [5 edit(s)]  
2024-06-29 23:31:20,942	[DEBUG]	patch(62)="SrcmlStmtInsertion(('core/Solver.cc.xml', '_inter_block', 515), ('core/Solver.cc.xml', 'stmt', 305)) | SrcmlStmtDeletion(('core/Solver.cc.xml', 'stmt', 367)) | SrcmlStmtReplacement(('core/Solver.cc.xml', 'stmt', 343), ('core/Solver.cc.xml', 'stmt', 0)) | SrcmlStmtInsertion(('core/Solver.cc.xml', '_inter_block', 1), ('core/Solver.cc.xml', 'stmt', 28)) | SrcmlStmtReplacement(('core/Solver.cc.xml', 'stmt', 99), ('core/Solver.cc.xml', 'stmt', 80))"
2024-06-29 23:31:21,390	[INFO]	63      COMPILE_CODE_ERROR    None (--) [5 edit(s)]  
2024-06-29 23:31:21,390	[DEBUG]	patch(63)="SrcmlStmtInsertion(('core/Solver.cc.xml', '_inter_block', 515), ('core/Solver.cc.xml', 'stmt', 305)) | SrcmlStmtDeletion(('core/Solver.cc.xml', 'stmt', 367)) | SrcmlStmtReplacement(('core/Solver.cc.xml', 'stmt', 343), ('core/Solver.cc.xml', 'stmt', 0)) | SrcmlStmtInsertion(('core/Solver.cc.xml', '_inter_block', 1), ('core/Solver.cc.xml', 'stmt', 28)) | SrcmlStmtInsertion(('core/Solver.cc.xml', '_inter_block', 388), ('core/Solver.cc.xml', 'stmt', 416))"
2024-06-29 23:31:21,856	[INFO]	64      COMPILE_CODE_ERROR    None (--) [5 edit(s)]  
2024-06-29 23:31:21,856	[DEBUG]	patch(64)="SrcmlStmtInsertion(('core/Solver.cc.xml', '_inter_block', 515), ('core/Solver.cc.xml', 'stmt', 305)) | SrcmlStmtDeletion(('core/Solver.cc.xml', 'stmt', 367)) | SrcmlStmtReplacement(('core/Solver.cc.xml', 'stmt', 343), ('core/Solver.cc.xml', 'stmt', 0)) | SrcmlStmtInsertion(('core/Solver.cc.xml', '_inter_block', 1), ('core/Solver.cc.xml', 'stmt', 28)) | SrcmlStmtReplacement(('core/Solver.cc.xml', 'stmt', 428), ('core/Solver.cc.xml', 'stmt', 118))"
2024-06-29 23:31:22,306	[INFO]	65      COMPILE_CODE_ERROR    None (--) [5 edit(s)]  
2024-06-29 23:31:22,306	[DEBUG]	patch(65)="SrcmlStmtInsertion(('core/Solver.cc.xml', '_inter_block', 515), ('core/Solver.cc.xml', 'stmt', 305)) | SrcmlStmtDeletion(('core/Solver.cc.xml', 'stmt', 367)) | SrcmlStmtReplacement(('core/Solver.cc.xml', 'stmt', 343), ('core/Solver.cc.xml', 'stmt', 0)) | SrcmlStmtInsertion(('core/Solver.cc.xml', '_inter_block', 1), ('core/Solver.cc.xml', 'stmt', 28)) | SrcmlStmtInsertion(('core/Solver.cc.xml', '_inter_block', 116), ('core/Solver.cc.xml', 'stmt', 380))"
2024-06-29 23:31:22,750	[INFO]	66      COMPILE_CODE_ERROR    None (--) [5 edit(s)]  
2024-06-29 23:31:22,750	[DEBUG]	patch(66)="SrcmlStmtInsertion(('core/Solver.cc.xml', '_inter_block', 515), ('core/Solver.cc.xml', 'stmt', 305)) | SrcmlStmtDeletion(('core/Solver.cc.xml', 'stmt', 367)) | SrcmlStmtReplacement(('core/Solver.cc.xml', 'stmt', 343), ('core/Solver.cc.xml', 'stmt', 0)) | SrcmlStmtInsertion(('core/Solver.cc.xml', '_inter_block', 1), ('core/Solver.cc.xml', 'stmt', 28)) | SrcmlStmtInsertion(('core/Solver.cc.xml', '_inter_block', 297), ('core/Solver.cc.xml', 'stmt', 89))"
2024-06-29 23:31:23,193	[INFO]	67      COMPILE_CODE_ERROR    None (--) [5 edit(s)]  
2024-06-29 23:31:23,193	[DEBUG]	patch(67)="SrcmlStmtInsertion(('core/Solver.cc.xml', '_inter_block', 515), ('core/Solver.cc.xml', 'stmt', 305)) | SrcmlStmtDeletion(('core/Solver.cc.xml', 'stmt', 367)) | SrcmlStmtReplacement(('core/Solver.cc.xml', 'stmt', 343), ('core/Solver.cc.xml', 'stmt', 0)) | SrcmlStmtInsertion(('core/Solver.cc.xml', '_inter_block', 1), ('core/Solver.cc.xml', 'stmt', 28)) | SrcmlStmtDeletion(('core/Solver.cc.xml', 'stmt', 33))"
2024-06-29 23:32:33,634	[DEBUG]	EXEC>  SUCCESS 46.4
2024-06-29 23:32:33,634	[INFO]	68      SUCCESS               46.400000 (104.98%) [5 edit(s)]  
2024-06-29 23:32:33,634	[DEBUG]	patch(68)="SrcmlStmtInsertion(('core/Solver.cc.xml', '_inter_block', 515), ('core/Solver.cc.xml', 'stmt', 305)) | SrcmlStmtDeletion(('core/Solver.cc.xml', 'stmt', 367)) | SrcmlStmtReplacement(('core/Solver.cc.xml', 'stmt', 343), ('core/Solver.cc.xml', 'stmt', 0)) | SrcmlStmtInsertion(('core/Solver.cc.xml', '_inter_block', 1), ('core/Solver.cc.xml', 'stmt', 28)) | SrcmlStmtReplacement(('core/Solver.cc.xml', 'stmt', 378), ('core/Solver.cc.xml', 'stmt', 296))"
2024-06-29 23:33:43,833	[DEBUG]	EXEC>  SUCCESS 49.8
2024-06-29 23:33:43,833	[INFO]	69      SUCCESS               49.800000 (112.67%) [5 edit(s)]  
2024-06-29 23:33:43,833	[DEBUG]	patch(69)="SrcmlStmtInsertion(('core/Solver.cc.xml', '_inter_block', 515), ('core/Solver.cc.xml', 'stmt', 305)) | SrcmlStmtDeletion(('core/Solver.cc.xml', 'stmt', 367)) | SrcmlStmtReplacement(('core/Solver.cc.xml', 'stmt', 343), ('core/Solver.cc.xml', 'stmt', 0)) | SrcmlStmtInsertion(('core/Solver.cc.xml', '_inter_block', 1), ('core/Solver.cc.xml', 'stmt', 28)) | SrcmlStmtDeletion(('core/Solver.cc.xml', 'stmt', 32))"
2024-06-29 23:35:25,720	[INFO]	70      TEST_TIMEOUT          None (--) [5 edit(s)]  
2024-06-29 23:35:25,720	[DEBUG]	patch(70)="SrcmlStmtInsertion(('core/Solver.cc.xml', '_inter_block', 515), ('core/Solver.cc.xml', 'stmt', 305)) | SrcmlStmtDeletion(('core/Solver.cc.xml', 'stmt', 367)) | SrcmlStmtReplacement(('core/Solver.cc.xml', 'stmt', 343), ('core/Solver.cc.xml', 'stmt', 0)) | SrcmlStmtInsertion(('core/Solver.cc.xml', '_inter_block', 1), ('core/Solver.cc.xml', 'stmt', 28)) | SrcmlStmtReplacement(('core/Solver.cc.xml', 'stmt', 228), ('core/Solver.cc.xml', 'stmt', 46))"
2024-06-29 23:35:26,161	[INFO]	71      COMPILE_CODE_ERROR    None (--) [5 edit(s)]  
2024-06-29 23:35:26,161	[DEBUG]	patch(71)="SrcmlStmtInsertion(('core/Solver.cc.xml', '_inter_block', 515), ('core/Solver.cc.xml', 'stmt', 305)) | SrcmlStmtDeletion(('core/Solver.cc.xml', 'stmt', 367)) | SrcmlStmtReplacement(('core/Solver.cc.xml', 'stmt', 343), ('core/Solver.cc.xml', 'stmt', 0)) | SrcmlStmtInsertion(('core/Solver.cc.xml', '_inter_block', 1), ('core/Solver.cc.xml', 'stmt', 28)) | SrcmlStmtInsertion(('core/Solver.cc.xml', '_inter_block', 65), ('core/Solver.cc.xml', 'stmt', 134))"
2024-06-29 23:35:28,008	[INFO]	72      TEST_CODE_ERROR       None (--) [5 edit(s)]  
2024-06-29 23:35:28,009	[DEBUG]	patch(72)="SrcmlStmtInsertion(('core/Solver.cc.xml', '_inter_block', 515), ('core/Solver.cc.xml', 'stmt', 305)) | SrcmlStmtDeletion(('core/Solver.cc.xml', 'stmt', 367)) | SrcmlStmtReplacement(('core/Solver.cc.xml', 'stmt', 343), ('core/Solver.cc.xml', 'stmt', 0)) | SrcmlStmtInsertion(('core/Solver.cc.xml', '_inter_block', 1), ('core/Solver.cc.xml', 'stmt', 28)) | SrcmlStmtDeletion(('core/Solver.cc.xml', 'stmt', 422))"
2024-06-29 23:35:28,452	[INFO]	73      COMPILE_CODE_ERROR    None (--) [5 edit(s)]  
2024-06-29 23:35:28,452	[DEBUG]	patch(73)="SrcmlStmtInsertion(('core/Solver.cc.xml', '_inter_block', 515), ('core/Solver.cc.xml', 'stmt', 305)) | SrcmlStmtDeletion(('core/Solver.cc.xml', 'stmt', 367)) | SrcmlStmtReplacement(('core/Solver.cc.xml', 'stmt', 343), ('core/Solver.cc.xml', 'stmt', 0)) | SrcmlStmtInsertion(('core/Solver.cc.xml', '_inter_block', 1), ('core/Solver.cc.xml', 'stmt', 28)) | SrcmlStmtInsertion(('core/Solver.cc.xml', '_inter_block', 115), ('core/Solver.cc.xml', 'stmt', 106))"
2024-06-29 23:36:39,056	[DEBUG]	EXEC>  SUCCESS 45.4
2024-06-29 23:36:39,056	[INFO]	74      SUCCESS               45.400000 (102.71%) [5 edit(s)]  
2024-06-29 23:36:39,056	[DEBUG]	patch(74)="SrcmlStmtInsertion(('core/Solver.cc.xml', '_inter_block', 515), ('core/Solver.cc.xml', 'stmt', 305)) | SrcmlStmtDeletion(('core/Solver.cc.xml', 'stmt', 367)) | SrcmlStmtReplacement(('core/Solver.cc.xml', 'stmt', 343), ('core/Solver.cc.xml', 'stmt', 0)) | SrcmlStmtInsertion(('core/Solver.cc.xml', '_inter_block', 1), ('core/Solver.cc.xml', 'stmt', 28)) | SrcmlStmtReplacement(('core/Solver.cc.xml', 'stmt', 386), ('core/Solver.cc.xml', 'stmt', 225))"
2024-06-29 23:36:39,066	[INFO]	~~~~ END ~~~~
2024-06-29 23:36:39,066	[INFO]	
2024-06-29 23:36:39,066	[INFO]	==== REPORT ====
2024-06-29 23:36:39,066	[INFO]	Termination: time budget
2024-06-29 23:36:39,066	[INFO]	Retries: 5
2024-06-29 23:36:39,066	[INFO]	Log file: /home/dbouras/magpie/_magpie_logs/minisat_1719698564.log
2024-06-29 23:36:39,066	[INFO]	Patch file: _magpie_logs/minisat_1719698564.patch
2024-06-29 23:36:39,067	[INFO]	Diff file: _magpie_logs/minisat_1719698564.diff
2024-06-29 23:36:39,067	[INFO]	Reference fitness: 44.200000
2024-06-29 23:36:39,067	[INFO]	Best fitness: 25.800000
2024-06-29 23:36:39,067	[INFO]	
2024-06-29 23:36:39,067	[INFO]	==== BEST PATCH ====
SrcmlStmtInsertion(('core/Solver.cc.xml', '_inter_block', 515), ('core/Solver.cc.xml', 'stmt', 305)) | SrcmlStmtDeletion(('core/Solver.cc.xml', 'stmt', 367)) | SrcmlStmtReplacement(('core/Solver.cc.xml', 'stmt', 343), ('core/Solver.cc.xml', 'stmt', 0)) | SrcmlStmtInsertion(('core/Solver.cc.xml', '_inter_block', 1), ('core/Solver.cc.xml', 'stmt', 28))
2024-06-29 23:36:39,068	[INFO]	
2024-06-29 23:36:39,068	[INFO]	==== DIFF ====
[1m--- before: core/Solver.cc[0m
[1m+++ after: core/Solver.cc[0m
[36m@@ -114,6 +114,7 @@[0m
 Var Solver::newVar(bool sign, bool dvar)
 {
     int v = nVars();
[32m+    Lit p;[0m
     watches  .init(mkLit(v, false));
     watches  .init(mkLit(v, true ));
     assigns  .push(l_Undef);
[36m@@ -868,7 +869,7 @@[0m
       return l_False;
     }/*auto*/
 
[31m-    solves++;[0m
[32m+    static const char* _cat = "CORE";[0m
 
     max_learnts               = nClauses() * learntsize_factor;
     learntsize_adjust_confl   = learntsize_adjust_start_confl;
[36m@@ -907,7 +908,7 @@[0m
         }/*auto*/
     }else if (status == l_False && conflict.size() == 0)
         /*auto*/{
[31m-            ok = false;[0m
[32m+            [0m
         }/*auto*/
 
     cancelUntil(0);
[36m@@ -996,6 +997,7 @@[0m
 
     // Assumptions are added as unit clauses:
     cnt += assumptions.size();
[32m+    return l_False;[0m
 
     fprintf(f, "p cnf %d %d\n", max, cnt);
 

