2024-08-02 04:23:51,705	[DEBUG]	==== CONFIG ====
[magpie]
import = 
seed = 45
log_dir = _magpie_logs
work_dir = _magpie_work
local_original_copy = True
local_original_name = __original__
output_encoding = ascii
edit_retries = 10
default_timeout = 60
default_lengthout = 1e6
diff_method = unified
trust_local_filesystem = True

[magpie.log]
color_output = True
format_info = {counter:<7} {status:<20} {best}{fitness} ({ratio}) [{size}] {cached} {log}
format_debug = patch({counter})="{patch}"{diffifbest}
format_fitness = {:.6f}
format_ratio = {:.2%%}
format_patchif = 
	 --> {patch}
format_diffif = 
	{diff}

[software]
path = examples/weka
target_files = src/main/java/weka/classifiers/trees/RandomForest.java.xml
software = BasicSoftware
model_rules = 
	*.params : ParamFileConfigModel
	*.xml : SrcmlModel
	* : LineModel
model_config = 
	*.params : [paramconfig]
	*.xml : [srcml]
init_cmd = 
init_timeout = 60
init_lengthout = -1
setup_cmd = ant compile
setup_timeout = 
setup_lengthout = 
compile_cmd = ant compile
compile_timeout = 
compile_lengthout = 
test_cmd = bash test.sh
test_timeout = 
test_lengthout = 
run_cmd = perf stat -e cache-misses bash run_fixed.sh
run_timeout = 
run_lengthout = 
retries = 2
batch_timeout = 
batch_lengthout = 
batch_bin_fitness_strategy = aggregate
batch_fitness_strategy = sum
fitness = perf_cache_misses

[srcml]
rename = 
	stmt: break continue decl_stmt do expr_stmt for goto if return switch while
	number: literal_number
focus = block stmt operator_comp operator_arith number
internodes = block
process_pseudo_blocks = True
process_literals = True
process_operators = True

[paramconfig]
timing = test run
cli_prefix = --
cli_glue = =
cli_boolean = show
cli_boolean_prefix_true = 
cli_boolean_prefix_false = no-
cli_none = hide
silent_prefix = @
silent_suffix = $

[search]
protocol = BasicProtocol
algorithm = FirstImprovement
possible_edits = 
	SrcmlStmtReplacement
	SrcmlStmtInsertion
	SrcmlStmtDeletion
warmup = 3
warmup_strategy = last
max_steps = 1000
max_time = 1800
target_fitness = 
cache_maxsize = 100
cache_keep = 0.2
batch_instances = 
batch_shuffle = True
batch_bin_shuffle = False
batch_sample_size = 1

[search.ls]
delete_prob = 0.5
max_neighbours = 
when_trapped = continue
accept_fail = False
tabu_length = 10

[search.gp]
pop_size = 10
delete_prob = 0.5
offspring_elitism = 0.1
offspring_crossover = 0.5
offspring_mutation = 0.4
uniform_rate = 0.5
batch_reset = True

[search.minify]
do_cleanup = True
do_rebuild = True
do_simplify = True
round_robin_limit = 3


2024-08-02 04:23:51,706	[DEBUG]	
2024-08-02 04:23:51,706	[INFO]	==== SEARCH: FirstImprovement ====
2024-08-02 04:23:51,706	[INFO]	~~~~ WARMUP ~~~~
2024-08-02 04:24:36,083	[DEBUG]	EXEC>  SUCCESS 127474443.5
2024-08-02 04:24:36,083	[INFO]	WARM    SUCCESS               127474443.500000 (--) [0 edit(s)]  
2024-08-02 04:25:02,017	[DEBUG]	EXEC>  SUCCESS 122812984.0
2024-08-02 04:25:02,017	[INFO]	WARM    SUCCESS               122812984.000000 (--) [0 edit(s)]  
2024-08-02 04:25:28,312	[DEBUG]	EXEC>  SUCCESS 125811932.0
2024-08-02 04:25:28,312	[INFO]	WARM    SUCCESS               125811932.000000 (--) [0 edit(s)]  
2024-08-02 04:25:28,312	[INFO]	REF     SUCCESS               125811932.000000 (--) [0 edit(s)]  
2024-08-02 04:25:28,312	[INFO]	
2024-08-02 04:25:28,312	[INFO]	~~~~ START ~~~~
2024-08-02 04:25:31,169	[INFO]	1       COMPILE_CODE_ERROR    None (--) [1 edit(s)]  
2024-08-02 04:25:31,169	[DEBUG]	patch(1)="SrcmlStmtInsertion(('src/main/java/weka/classifiers/trees/RandomForest.java.xml', '_inter_block', 65), ('src/main/java/weka/classifiers/trees/RandomForest.java.xml', 'stmt', 77))"
2024-08-02 04:25:34,055	[INFO]	2       COMPILE_CODE_ERROR    None (--) [1 edit(s)]  
2024-08-02 04:25:34,056	[DEBUG]	patch(2)="SrcmlStmtInsertion(('src/main/java/weka/classifiers/trees/RandomForest.java.xml', '_inter_block', 123), ('src/main/java/weka/classifiers/trees/RandomForest.java.xml', 'stmt', 29))"
2024-08-02 04:25:36,855	[INFO]	3       COMPILE_CODE_ERROR    None (--) [1 edit(s)]  
2024-08-02 04:25:36,855	[DEBUG]	patch(3)="SrcmlStmtInsertion(('src/main/java/weka/classifiers/trees/RandomForest.java.xml', '_inter_block', 218), ('src/main/java/weka/classifiers/trees/RandomForest.java.xml', 'stmt', 17))"
2024-08-02 04:25:39,686	[INFO]	4       COMPILE_CODE_ERROR    None (--) [1 edit(s)]  
2024-08-02 04:25:39,686	[DEBUG]	patch(4)="SrcmlStmtReplacement(('src/main/java/weka/classifiers/trees/RandomForest.java.xml', 'stmt', 54), ('src/main/java/weka/classifiers/trees/RandomForest.java.xml', 'stmt', 19))"
2024-08-02 04:25:42,586	[INFO]	5       COMPILE_CODE_ERROR    None (--) [1 edit(s)]  
2024-08-02 04:25:42,586	[DEBUG]	patch(5)="SrcmlStmtDeletion(('src/main/java/weka/classifiers/trees/RandomForest.java.xml', 'stmt', 36))"
2024-08-02 04:25:45,344	[INFO]	6       COMPILE_CODE_ERROR    None (--) [1 edit(s)]  
2024-08-02 04:25:45,344	[DEBUG]	patch(6)="SrcmlStmtDeletion(('src/main/java/weka/classifiers/trees/RandomForest.java.xml', 'stmt', 8))"
2024-08-02 04:25:48,192	[INFO]	7       COMPILE_CODE_ERROR    None (--) [1 edit(s)]  
2024-08-02 04:25:48,193	[DEBUG]	patch(7)="SrcmlStmtReplacement(('src/main/java/weka/classifiers/trees/RandomForest.java.xml', 'stmt', 91), ('src/main/java/weka/classifiers/trees/RandomForest.java.xml', 'stmt', 24))"
2024-08-02 04:25:51,003	[INFO]	8       COMPILE_CODE_ERROR    None (--) [1 edit(s)]  
2024-08-02 04:25:51,003	[DEBUG]	patch(8)="SrcmlStmtInsertion(('src/main/java/weka/classifiers/trees/RandomForest.java.xml', '_inter_block', 192), ('src/main/java/weka/classifiers/trees/RandomForest.java.xml', 'stmt', 81))"
2024-08-02 04:25:53,725	[INFO]	9       COMPILE_CODE_ERROR    None (--) [1 edit(s)]  
2024-08-02 04:25:53,725	[DEBUG]	patch(9)="SrcmlStmtInsertion(('src/main/java/weka/classifiers/trees/RandomForest.java.xml', '_inter_block', 126), ('src/main/java/weka/classifiers/trees/RandomForest.java.xml', 'stmt', 53))"
2024-08-02 04:25:56,611	[INFO]	10      COMPILE_CODE_ERROR    None (--) [1 edit(s)]  
2024-08-02 04:25:56,611	[DEBUG]	patch(10)="SrcmlStmtInsertion(('src/main/java/weka/classifiers/trees/RandomForest.java.xml', '_inter_block', 63), ('src/main/java/weka/classifiers/trees/RandomForest.java.xml', 'stmt', 108))"
2024-08-02 04:25:59,538	[INFO]	11      COMPILE_CODE_ERROR    None (--) [1 edit(s)]  
2024-08-02 04:25:59,539	[DEBUG]	patch(11)="SrcmlStmtInsertion(('src/main/java/weka/classifiers/trees/RandomForest.java.xml', '_inter_block', 98), ('src/main/java/weka/classifiers/trees/RandomForest.java.xml', 'stmt', 36))"
2024-08-02 04:26:03,398	[INFO]	12      TEST_CODE_ERROR       None (--) [1 edit(s)]  
2024-08-02 04:26:03,399	[DEBUG]	patch(12)="SrcmlStmtDeletion(('src/main/java/weka/classifiers/trees/RandomForest.java.xml', 'stmt', 141))"
2024-08-02 04:26:30,646	[DEBUG]	EXEC>  SUCCESS 129004258.0
2024-08-02 04:26:30,647	[INFO]	13      SUCCESS               129004258.000000 (102.54%) [1 edit(s)]  
2024-08-02 04:26:30,647	[DEBUG]	patch(13)="SrcmlStmtReplacement(('src/main/java/weka/classifiers/trees/RandomForest.java.xml', 'stmt', 131), ('src/main/java/weka/classifiers/trees/RandomForest.java.xml', 'stmt', 139))"
2024-08-02 04:26:57,902	[DEBUG]	EXEC>  SUCCESS 122169240.0
2024-08-02 04:26:57,902	[INFO]	14      SUCCESS              *122169240.000000 (97.10%) [1 edit(s)]  
2024-08-02 04:26:57,902	[DEBUG]	patch(14)="SrcmlStmtDeletion(('src/main/java/weka/classifiers/trees/RandomForest.java.xml', 'stmt', 81))"
--- before: src/main/java/weka/classifiers/trees/RandomForest.java
+++ after: src/main/java/weka/classifiers/trees/RandomForest.java
@@ -592,11 +592,7 @@
         "\tWhether to store out of bag predictions in internal evaluation object.",
         "store-out-of-bag-predictions", 0, "-store-out-of-bag-predictions"));
 
-    newVector
-      .addElement(new Option(
-        "\tWhether to output complexity-based statistics when out-of-bag evaluation is performed.",
-        "output-out-of-bag-complexity-statistics", 0,
-        "-output-out-of-bag-complexity-statistics"));
+    
 
     newVector
       .addElement(new Option(

2024-08-02 04:26:57,905	[INFO]	15      SUCCESS               125811932.000000 (100.00%) [0 edit(s)] [cached] 
2024-08-02 04:26:57,906	[DEBUG]	patch(15)=""
2024-08-02 04:27:00,791	[INFO]	16      COMPILE_CODE_ERROR    None (--) [2 edit(s)]  
2024-08-02 04:27:00,791	[DEBUG]	patch(16)="SrcmlStmtDeletion(('src/main/java/weka/classifiers/trees/RandomForest.java.xml', 'stmt', 81)) | SrcmlStmtInsertion(('src/main/java/weka/classifiers/trees/RandomForest.java.xml', '_inter_block', 84), ('src/main/java/weka/classifiers/trees/RandomForest.java.xml', 'stmt', 62))"
2024-08-02 04:27:03,498	[INFO]	17      COMPILE_CODE_ERROR    None (--) [2 edit(s)]  
2024-08-02 04:27:03,498	[DEBUG]	patch(17)="SrcmlStmtDeletion(('src/main/java/weka/classifiers/trees/RandomForest.java.xml', 'stmt', 81)) | SrcmlStmtDeletion(('src/main/java/weka/classifiers/trees/RandomForest.java.xml', 'stmt', 126))"
2024-08-02 04:27:06,606	[INFO]	18      COMPILE_CODE_ERROR    None (--) [2 edit(s)]  
2024-08-02 04:27:06,606	[DEBUG]	patch(18)="SrcmlStmtDeletion(('src/main/java/weka/classifiers/trees/RandomForest.java.xml', 'stmt', 81)) | SrcmlStmtInsertion(('src/main/java/weka/classifiers/trees/RandomForest.java.xml', '_inter_block', 44), ('src/main/java/weka/classifiers/trees/RandomForest.java.xml', 'stmt', 16))"
2024-08-02 04:27:09,387	[INFO]	19      COMPILE_CODE_ERROR    None (--) [2 edit(s)]  
2024-08-02 04:27:09,387	[DEBUG]	patch(19)="SrcmlStmtDeletion(('src/main/java/weka/classifiers/trees/RandomForest.java.xml', 'stmt', 81)) | SrcmlStmtReplacement(('src/main/java/weka/classifiers/trees/RandomForest.java.xml', 'stmt', 41), ('src/main/java/weka/classifiers/trees/RandomForest.java.xml', 'stmt', 114))"
2024-08-02 04:27:36,172	[DEBUG]	EXEC>  SUCCESS 127479480.5
2024-08-02 04:27:36,173	[INFO]	20      SUCCESS               127479480.500000 (101.33%) [2 edit(s)]  
2024-08-02 04:27:36,173	[DEBUG]	patch(20)="SrcmlStmtDeletion(('src/main/java/weka/classifiers/trees/RandomForest.java.xml', 'stmt', 81)) | SrcmlStmtInsertion(('src/main/java/weka/classifiers/trees/RandomForest.java.xml', '_inter_block', 196), ('src/main/java/weka/classifiers/trees/RandomForest.java.xml', 'stmt', 96))"
2024-08-02 04:27:39,123	[INFO]	21      COMPILE_CODE_ERROR    None (--) [2 edit(s)]  
2024-08-02 04:27:39,123	[DEBUG]	patch(21)="SrcmlStmtDeletion(('src/main/java/weka/classifiers/trees/RandomForest.java.xml', 'stmt', 81)) | SrcmlStmtInsertion(('src/main/java/weka/classifiers/trees/RandomForest.java.xml', '_inter_block', 151), ('src/main/java/weka/classifiers/trees/RandomForest.java.xml', 'stmt', 119))"
2024-08-02 04:27:41,990	[INFO]	22      COMPILE_CODE_ERROR    None (--) [2 edit(s)]  
2024-08-02 04:27:41,990	[DEBUG]	patch(22)="SrcmlStmtDeletion(('src/main/java/weka/classifiers/trees/RandomForest.java.xml', 'stmt', 81)) | SrcmlStmtDeletion(('src/main/java/weka/classifiers/trees/RandomForest.java.xml', 'stmt', 59))"
2024-08-02 04:27:44,890	[INFO]	23      COMPILE_CODE_ERROR    None (--) [2 edit(s)]  
2024-08-02 04:27:44,890	[DEBUG]	patch(23)="SrcmlStmtDeletion(('src/main/java/weka/classifiers/trees/RandomForest.java.xml', 'stmt', 81)) | SrcmlStmtReplacement(('src/main/java/weka/classifiers/trees/RandomForest.java.xml', 'stmt', 12), ('src/main/java/weka/classifiers/trees/RandomForest.java.xml', 'stmt', 94))"
2024-08-02 04:28:12,225	[DEBUG]	EXEC>  SUCCESS 126706533.0
2024-08-02 04:28:12,225	[INFO]	24      SUCCESS               126706533.000000 (100.71%) [2 edit(s)]  
2024-08-02 04:28:12,226	[DEBUG]	patch(24)="SrcmlStmtDeletion(('src/main/java/weka/classifiers/trees/RandomForest.java.xml', 'stmt', 81)) | SrcmlStmtInsertion(('src/main/java/weka/classifiers/trees/RandomForest.java.xml', '_inter_block', 205), ('src/main/java/weka/classifiers/trees/RandomForest.java.xml', 'stmt', 13))"
2024-08-02 04:28:15,053	[INFO]	25      COMPILE_CODE_ERROR    None (--) [2 edit(s)]  
2024-08-02 04:28:15,054	[DEBUG]	patch(25)="SrcmlStmtDeletion(('src/main/java/weka/classifiers/trees/RandomForest.java.xml', 'stmt', 81)) | SrcmlStmtInsertion(('src/main/java/weka/classifiers/trees/RandomForest.java.xml', '_inter_block', 144), ('src/main/java/weka/classifiers/trees/RandomForest.java.xml', 'stmt', 98))"
2024-08-02 04:28:17,986	[INFO]	26      COMPILE_CODE_ERROR    None (--) [2 edit(s)]  
2024-08-02 04:28:17,986	[DEBUG]	patch(26)="SrcmlStmtDeletion(('src/main/java/weka/classifiers/trees/RandomForest.java.xml', 'stmt', 81)) | SrcmlStmtInsertion(('src/main/java/weka/classifiers/trees/RandomForest.java.xml', '_inter_block', 99), ('src/main/java/weka/classifiers/trees/RandomForest.java.xml', 'stmt', 56))"
2024-08-02 04:28:45,390	[DEBUG]	EXEC>  SUCCESS 126984933.0
2024-08-02 04:28:45,390	[INFO]	27      SUCCESS               126984933.000000 (100.93%) [2 edit(s)]  
2024-08-02 04:28:45,390	[DEBUG]	patch(27)="SrcmlStmtDeletion(('src/main/java/weka/classifiers/trees/RandomForest.java.xml', 'stmt', 81)) | SrcmlStmtDeletion(('src/main/java/weka/classifiers/trees/RandomForest.java.xml', 'stmt', 104))"
2024-08-02 04:28:48,244	[INFO]	28      COMPILE_CODE_ERROR    None (--) [2 edit(s)]  
2024-08-02 04:28:48,245	[DEBUG]	patch(28)="SrcmlStmtDeletion(('src/main/java/weka/classifiers/trees/RandomForest.java.xml', 'stmt', 81)) | SrcmlStmtReplacement(('src/main/java/weka/classifiers/trees/RandomForest.java.xml', 'stmt', 21), ('src/main/java/weka/classifiers/trees/RandomForest.java.xml', 'stmt', 33))"
2024-08-02 04:28:51,175	[INFO]	29      COMPILE_CODE_ERROR    None (--) [2 edit(s)]  
2024-08-02 04:28:51,175	[DEBUG]	patch(29)="SrcmlStmtDeletion(('src/main/java/weka/classifiers/trees/RandomForest.java.xml', 'stmt', 81)) | SrcmlStmtInsertion(('src/main/java/weka/classifiers/trees/RandomForest.java.xml', '_inter_block', 102), ('src/main/java/weka/classifiers/trees/RandomForest.java.xml', 'stmt', 97))"
2024-08-02 04:28:54,064	[INFO]	30      COMPILE_CODE_ERROR    None (--) [2 edit(s)]  
2024-08-02 04:28:54,064	[DEBUG]	patch(30)="SrcmlStmtDeletion(('src/main/java/weka/classifiers/trees/RandomForest.java.xml', 'stmt', 81)) | SrcmlStmtReplacement(('src/main/java/weka/classifiers/trees/RandomForest.java.xml', 'stmt', 84), ('src/main/java/weka/classifiers/trees/RandomForest.java.xml', 'stmt', 128))"
2024-08-02 04:28:56,952	[INFO]	31      COMPILE_CODE_ERROR    None (--) [2 edit(s)]  
2024-08-02 04:28:56,952	[DEBUG]	patch(31)="SrcmlStmtDeletion(('src/main/java/weka/classifiers/trees/RandomForest.java.xml', 'stmt', 81)) | SrcmlStmtInsertion(('src/main/java/weka/classifiers/trees/RandomForest.java.xml', '_inter_block', 123), ('src/main/java/weka/classifiers/trees/RandomForest.java.xml', 'stmt', 60))"
2024-08-02 04:29:24,006	[DEBUG]	EXEC>  SUCCESS 125523524.5
2024-08-02 04:29:24,006	[INFO]	32      SUCCESS               125523524.500000 (99.77%) [2 edit(s)]  
2024-08-02 04:29:24,006	[DEBUG]	patch(32)="SrcmlStmtDeletion(('src/main/java/weka/classifiers/trees/RandomForest.java.xml', 'stmt', 81)) | SrcmlStmtReplacement(('src/main/java/weka/classifiers/trees/RandomForest.java.xml', 'stmt', 27), ('src/main/java/weka/classifiers/trees/RandomForest.java.xml', 'stmt', 129))"
2024-08-02 04:29:26,896	[INFO]	33      COMPILE_CODE_ERROR    None (--) [2 edit(s)]  
2024-08-02 04:29:26,896	[DEBUG]	patch(33)="SrcmlStmtDeletion(('src/main/java/weka/classifiers/trees/RandomForest.java.xml', 'stmt', 81)) | SrcmlStmtInsertion(('src/main/java/weka/classifiers/trees/RandomForest.java.xml', '_inter_block', 222), ('src/main/java/weka/classifiers/trees/RandomForest.java.xml', 'stmt', 105))"
2024-08-02 04:29:53,589	[DEBUG]	EXEC>  SUCCESS 122076454.5
2024-08-02 04:29:53,589	[INFO]	34      SUCCESS              *122076454.500000 (97.03%) [2 edit(s)]  
2024-08-02 04:29:53,589	[DEBUG]	patch(34)="SrcmlStmtDeletion(('src/main/java/weka/classifiers/trees/RandomForest.java.xml', 'stmt', 81)) | SrcmlStmtDeletion(('src/main/java/weka/classifiers/trees/RandomForest.java.xml', 'stmt', 48))"
--- before: src/main/java/weka/classifiers/trees/RandomForest.java
+++ after: src/main/java/weka/classifiers/trees/RandomForest.java
@@ -484,7 +484,7 @@
   public void setSeed(int s) {
 
     super.setSeed(s);
-    ((RandomTree) getClassifier()).setSeed(s);
+    
   }
 
   /**
@@ -592,11 +592,7 @@
         "\tWhether to store out of bag predictions in internal evaluation object.",
         "store-out-of-bag-predictions", 0, "-store-out-of-bag-predictions"));
 
-    newVector
-      .addElement(new Option(
-        "\tWhether to output complexity-based statistics when out-of-bag evaluation is performed.",
-        "output-out-of-bag-complexity-statistics", 0,
-        "-output-out-of-bag-complexity-statistics"));
+    
 
     newVector
       .addElement(new Option(

2024-08-02 04:29:53,593	[INFO]	35      SUCCESS               122169240.000000 (97.10%) [1 edit(s)] [cached] 
2024-08-02 04:29:53,593	[DEBUG]	patch(35)="SrcmlStmtDeletion(('src/main/java/weka/classifiers/trees/RandomForest.java.xml', 'stmt', 81))"
2024-08-02 04:29:56,476	[INFO]	36      COMPILE_CODE_ERROR    None (--) [3 edit(s)]  
2024-08-02 04:29:56,476	[DEBUG]	patch(36)="SrcmlStmtDeletion(('src/main/java/weka/classifiers/trees/RandomForest.java.xml', 'stmt', 81)) | SrcmlStmtDeletion(('src/main/java/weka/classifiers/trees/RandomForest.java.xml', 'stmt', 48)) | SrcmlStmtReplacement(('src/main/java/weka/classifiers/trees/RandomForest.java.xml', 'stmt', 26), ('src/main/java/weka/classifiers/trees/RandomForest.java.xml', 'stmt', 127))"
2024-08-02 04:29:59,349	[INFO]	37      COMPILE_CODE_ERROR    None (--) [3 edit(s)]  
2024-08-02 04:29:59,349	[DEBUG]	patch(37)="SrcmlStmtDeletion(('src/main/java/weka/classifiers/trees/RandomForest.java.xml', 'stmt', 81)) | SrcmlStmtDeletion(('src/main/java/weka/classifiers/trees/RandomForest.java.xml', 'stmt', 48)) | SrcmlStmtInsertion(('src/main/java/weka/classifiers/trees/RandomForest.java.xml', '_inter_block', 93), ('src/main/java/weka/classifiers/trees/RandomForest.java.xml', 'stmt', 87))"
2024-08-02 04:30:26,984	[DEBUG]	EXEC>  SUCCESS 126520667.0
2024-08-02 04:30:26,985	[INFO]	38      SUCCESS               126520667.000000 (100.56%) [3 edit(s)]  
2024-08-02 04:30:26,985	[DEBUG]	patch(38)="SrcmlStmtDeletion(('src/main/java/weka/classifiers/trees/RandomForest.java.xml', 'stmt', 81)) | SrcmlStmtDeletion(('src/main/java/weka/classifiers/trees/RandomForest.java.xml', 'stmt', 48)) | SrcmlStmtDeletion(('src/main/java/weka/classifiers/trees/RandomForest.java.xml', 'stmt', 40))"
2024-08-02 04:30:54,008	[DEBUG]	EXEC>  SUCCESS 125626319.0
2024-08-02 04:30:54,008	[INFO]	39      SUCCESS               125626319.000000 (99.85%) [3 edit(s)]  
2024-08-02 04:30:54,008	[DEBUG]	patch(39)="SrcmlStmtDeletion(('src/main/java/weka/classifiers/trees/RandomForest.java.xml', 'stmt', 81)) | SrcmlStmtDeletion(('src/main/java/weka/classifiers/trees/RandomForest.java.xml', 'stmt', 48)) | SrcmlStmtReplacement(('src/main/java/weka/classifiers/trees/RandomForest.java.xml', 'stmt', 132), ('src/main/java/weka/classifiers/trees/RandomForest.java.xml', 'stmt', 86))"
2024-08-02 04:30:56,869	[INFO]	40      COMPILE_CODE_ERROR    None (--) [3 edit(s)]  
2024-08-02 04:30:56,869	[DEBUG]	patch(40)="SrcmlStmtDeletion(('src/main/java/weka/classifiers/trees/RandomForest.java.xml', 'stmt', 81)) | SrcmlStmtDeletion(('src/main/java/weka/classifiers/trees/RandomForest.java.xml', 'stmt', 48)) | SrcmlStmtInsertion(('src/main/java/weka/classifiers/trees/RandomForest.java.xml', '_inter_block', 44), ('src/main/java/weka/classifiers/trees/RandomForest.java.xml', 'stmt', 27))"
2024-08-02 04:30:59,800	[INFO]	41      COMPILE_CODE_ERROR    None (--) [3 edit(s)]  
2024-08-02 04:30:59,801	[DEBUG]	patch(41)="SrcmlStmtDeletion(('src/main/java/weka/classifiers/trees/RandomForest.java.xml', 'stmt', 81)) | SrcmlStmtDeletion(('src/main/java/weka/classifiers/trees/RandomForest.java.xml', 'stmt', 48)) | SrcmlStmtInsertion(('src/main/java/weka/classifiers/trees/RandomForest.java.xml', '_inter_block', 72), ('src/main/java/weka/classifiers/trees/RandomForest.java.xml', 'stmt', 45))"
2024-08-02 04:31:02,711	[INFO]	42      COMPILE_CODE_ERROR    None (--) [3 edit(s)]  
2024-08-02 04:31:02,712	[DEBUG]	patch(42)="SrcmlStmtDeletion(('src/main/java/weka/classifiers/trees/RandomForest.java.xml', 'stmt', 81)) | SrcmlStmtDeletion(('src/main/java/weka/classifiers/trees/RandomForest.java.xml', 'stmt', 48)) | SrcmlStmtInsertion(('src/main/java/weka/classifiers/trees/RandomForest.java.xml', '_inter_block', 159), ('src/main/java/weka/classifiers/trees/RandomForest.java.xml', 'stmt', 113))"
2024-08-02 04:31:29,365	[DEBUG]	EXEC>  SUCCESS 125667040.5
2024-08-02 04:31:29,365	[INFO]	43      SUCCESS               125667040.500000 (99.88%) [1 edit(s)]  
2024-08-02 04:31:29,365	[DEBUG]	patch(43)="SrcmlStmtDeletion(('src/main/java/weka/classifiers/trees/RandomForest.java.xml', 'stmt', 48))"
2024-08-02 04:31:32,116	[INFO]	44      COMPILE_CODE_ERROR    None (--) [3 edit(s)]  
2024-08-02 04:31:32,116	[DEBUG]	patch(44)="SrcmlStmtDeletion(('src/main/java/weka/classifiers/trees/RandomForest.java.xml', 'stmt', 81)) | SrcmlStmtDeletion(('src/main/java/weka/classifiers/trees/RandomForest.java.xml', 'stmt', 48)) | SrcmlStmtInsertion(('src/main/java/weka/classifiers/trees/RandomForest.java.xml', '_inter_block', 192), ('src/main/java/weka/classifiers/trees/RandomForest.java.xml', 'stmt', 5))"
2024-08-02 04:31:34,454	[INFO]	45      COMPILE_CODE_ERROR    None (--) [3 edit(s)]  
2024-08-02 04:31:34,454	[DEBUG]	patch(45)="SrcmlStmtDeletion(('src/main/java/weka/classifiers/trees/RandomForest.java.xml', 'stmt', 81)) | SrcmlStmtDeletion(('src/main/java/weka/classifiers/trees/RandomForest.java.xml', 'stmt', 48)) | SrcmlStmtReplacement(('src/main/java/weka/classifiers/trees/RandomForest.java.xml', 'stmt', 9), ('src/main/java/weka/classifiers/trees/RandomForest.java.xml', 'stmt', 0))"
2024-08-02 04:31:37,402	[INFO]	46      COMPILE_CODE_ERROR    None (--) [3 edit(s)]  
2024-08-02 04:31:37,402	[DEBUG]	patch(46)="SrcmlStmtDeletion(('src/main/java/weka/classifiers/trees/RandomForest.java.xml', 'stmt', 81)) | SrcmlStmtDeletion(('src/main/java/weka/classifiers/trees/RandomForest.java.xml', 'stmt', 48)) | SrcmlStmtReplacement(('src/main/java/weka/classifiers/trees/RandomForest.java.xml', 'stmt', 126), ('src/main/java/weka/classifiers/trees/RandomForest.java.xml', 'stmt', 77))"
2024-08-02 04:31:40,131	[INFO]	47      COMPILE_CODE_ERROR    None (--) [3 edit(s)]  
2024-08-02 04:31:40,131	[DEBUG]	patch(47)="SrcmlStmtDeletion(('src/main/java/weka/classifiers/trees/RandomForest.java.xml', 'stmt', 81)) | SrcmlStmtDeletion(('src/main/java/weka/classifiers/trees/RandomForest.java.xml', 'stmt', 48)) | SrcmlStmtReplacement(('src/main/java/weka/classifiers/trees/RandomForest.java.xml', 'stmt', 87), ('src/main/java/weka/classifiers/trees/RandomForest.java.xml', 'stmt', 95))"
2024-08-02 04:31:42,588	[INFO]	48      COMPILE_CODE_ERROR    None (--) [3 edit(s)]  
2024-08-02 04:31:42,588	[DEBUG]	patch(48)="SrcmlStmtDeletion(('src/main/java/weka/classifiers/trees/RandomForest.java.xml', 'stmt', 81)) | SrcmlStmtDeletion(('src/main/java/weka/classifiers/trees/RandomForest.java.xml', 'stmt', 48)) | SrcmlStmtInsertion(('src/main/java/weka/classifiers/trees/RandomForest.java.xml', '_inter_block', 167), ('src/main/java/weka/classifiers/trees/RandomForest.java.xml', 'stmt', 0))"
2024-08-02 04:31:45,339	[INFO]	49      COMPILE_CODE_ERROR    None (--) [3 edit(s)]  
2024-08-02 04:31:45,339	[DEBUG]	patch(49)="SrcmlStmtDeletion(('src/main/java/weka/classifiers/trees/RandomForest.java.xml', 'stmt', 81)) | SrcmlStmtDeletion(('src/main/java/weka/classifiers/trees/RandomForest.java.xml', 'stmt', 48)) | SrcmlStmtReplacement(('src/main/java/weka/classifiers/trees/RandomForest.java.xml', 'stmt', 95), ('src/main/java/weka/classifiers/trees/RandomForest.java.xml', 'stmt', 114))"
2024-08-02 04:32:12,333	[DEBUG]	EXEC>  SUCCESS 125924670.0
2024-08-02 04:32:12,333	[INFO]	50      SUCCESS               125924670.000000 (100.09%) [3 edit(s)]  
2024-08-02 04:32:12,333	[DEBUG]	patch(50)="SrcmlStmtDeletion(('src/main/java/weka/classifiers/trees/RandomForest.java.xml', 'stmt', 81)) | SrcmlStmtDeletion(('src/main/java/weka/classifiers/trees/RandomForest.java.xml', 'stmt', 48)) | SrcmlStmtDeletion(('src/main/java/weka/classifiers/trees/RandomForest.java.xml', 'stmt', 33))"
2024-08-02 04:32:14,810	[INFO]	51      COMPILE_CODE_ERROR    None (--) [3 edit(s)]  
2024-08-02 04:32:14,810	[DEBUG]	patch(51)="SrcmlStmtDeletion(('src/main/java/weka/classifiers/trees/RandomForest.java.xml', 'stmt', 81)) | SrcmlStmtDeletion(('src/main/java/weka/classifiers/trees/RandomForest.java.xml', 'stmt', 48)) | SrcmlStmtInsertion(('src/main/java/weka/classifiers/trees/RandomForest.java.xml', '_inter_block', 237), ('src/main/java/weka/classifiers/trees/RandomForest.java.xml', 'stmt', 1))"
2024-08-02 04:32:17,591	[INFO]	52      COMPILE_CODE_ERROR    None (--) [3 edit(s)]  
2024-08-02 04:32:17,592	[DEBUG]	patch(52)="SrcmlStmtDeletion(('src/main/java/weka/classifiers/trees/RandomForest.java.xml', 'stmt', 81)) | SrcmlStmtDeletion(('src/main/java/weka/classifiers/trees/RandomForest.java.xml', 'stmt', 48)) | SrcmlStmtInsertion(('src/main/java/weka/classifiers/trees/RandomForest.java.xml', '_inter_block', 222), ('src/main/java/weka/classifiers/trees/RandomForest.java.xml', 'stmt', 22))"
2024-08-02 04:32:20,371	[INFO]	53      COMPILE_CODE_ERROR    None (--) [3 edit(s)]  
2024-08-02 04:32:20,371	[DEBUG]	patch(53)="SrcmlStmtDeletion(('src/main/java/weka/classifiers/trees/RandomForest.java.xml', 'stmt', 81)) | SrcmlStmtDeletion(('src/main/java/weka/classifiers/trees/RandomForest.java.xml', 'stmt', 48)) | SrcmlStmtInsertion(('src/main/java/weka/classifiers/trees/RandomForest.java.xml', '_inter_block', 58), ('src/main/java/weka/classifiers/trees/RandomForest.java.xml', 'stmt', 138))"
2024-08-02 04:32:22,708	[INFO]	54      COMPILE_CODE_ERROR    None (--) [3 edit(s)]  
2024-08-02 04:32:22,708	[DEBUG]	patch(54)="SrcmlStmtDeletion(('src/main/java/weka/classifiers/trees/RandomForest.java.xml', 'stmt', 81)) | SrcmlStmtDeletion(('src/main/java/weka/classifiers/trees/RandomForest.java.xml', 'stmt', 48)) | SrcmlStmtReplacement(('src/main/java/weka/classifiers/trees/RandomForest.java.xml', 'stmt', 127), ('src/main/java/weka/classifiers/trees/RandomForest.java.xml', 'stmt', 59))"
2024-08-02 04:32:25,128	[INFO]	55      COMPILE_CODE_ERROR    None (--) [3 edit(s)]  
2024-08-02 04:32:25,128	[DEBUG]	patch(55)="SrcmlStmtDeletion(('src/main/java/weka/classifiers/trees/RandomForest.java.xml', 'stmt', 81)) | SrcmlStmtDeletion(('src/main/java/weka/classifiers/trees/RandomForest.java.xml', 'stmt', 48)) | SrcmlStmtDeletion(('src/main/java/weka/classifiers/trees/RandomForest.java.xml', 'stmt', 123))"
2024-08-02 04:32:27,940	[INFO]	56      COMPILE_CODE_ERROR    None (--) [3 edit(s)]  
2024-08-02 04:32:27,940	[DEBUG]	patch(56)="SrcmlStmtDeletion(('src/main/java/weka/classifiers/trees/RandomForest.java.xml', 'stmt', 81)) | SrcmlStmtDeletion(('src/main/java/weka/classifiers/trees/RandomForest.java.xml', 'stmt', 48)) | SrcmlStmtDeletion(('src/main/java/weka/classifiers/trees/RandomForest.java.xml', 'stmt', 14))"
2024-08-02 04:32:30,893	[INFO]	57      COMPILE_CODE_ERROR    None (--) [3 edit(s)]  
2024-08-02 04:32:30,893	[DEBUG]	patch(57)="SrcmlStmtDeletion(('src/main/java/weka/classifiers/trees/RandomForest.java.xml', 'stmt', 81)) | SrcmlStmtDeletion(('src/main/java/weka/classifiers/trees/RandomForest.java.xml', 'stmt', 48)) | SrcmlStmtReplacement(('src/main/java/weka/classifiers/trees/RandomForest.java.xml', 'stmt', 107), ('src/main/java/weka/classifiers/trees/RandomForest.java.xml', 'stmt', 88))"
2024-08-02 04:32:57,929	[DEBUG]	EXEC>  SUCCESS 125445383.0
2024-08-02 04:32:57,930	[INFO]	58      SUCCESS               125445383.000000 (99.71%) [3 edit(s)]  
2024-08-02 04:32:57,930	[DEBUG]	patch(58)="SrcmlStmtDeletion(('src/main/java/weka/classifiers/trees/RandomForest.java.xml', 'stmt', 81)) | SrcmlStmtDeletion(('src/main/java/weka/classifiers/trees/RandomForest.java.xml', 'stmt', 48)) | SrcmlStmtDeletion(('src/main/java/weka/classifiers/trees/RandomForest.java.xml', 'stmt', 106))"
2024-08-02 04:33:00,815	[INFO]	59      COMPILE_CODE_ERROR    None (--) [3 edit(s)]  
2024-08-02 04:33:00,816	[DEBUG]	patch(59)="SrcmlStmtDeletion(('src/main/java/weka/classifiers/trees/RandomForest.java.xml', 'stmt', 81)) | SrcmlStmtDeletion(('src/main/java/weka/classifiers/trees/RandomForest.java.xml', 'stmt', 48)) | SrcmlStmtReplacement(('src/main/java/weka/classifiers/trees/RandomForest.java.xml', 'stmt', 97), ('src/main/java/weka/classifiers/trees/RandomForest.java.xml', 'stmt', 113))"
2024-08-02 04:33:03,616	[INFO]	60      COMPILE_CODE_ERROR    None (--) [3 edit(s)]  
2024-08-02 04:33:03,617	[DEBUG]	patch(60)="SrcmlStmtDeletion(('src/main/java/weka/classifiers/trees/RandomForest.java.xml', 'stmt', 81)) | SrcmlStmtDeletion(('src/main/java/weka/classifiers/trees/RandomForest.java.xml', 'stmt', 48)) | SrcmlStmtInsertion(('src/main/java/weka/classifiers/trees/RandomForest.java.xml', '_inter_block', 216), ('src/main/java/weka/classifiers/trees/RandomForest.java.xml', 'stmt', 36))"
2024-08-02 04:33:30,751	[DEBUG]	EXEC>  SUCCESS 126319111.5
2024-08-02 04:33:30,751	[INFO]	61      SUCCESS               126319111.500000 (100.40%) [3 edit(s)]  
2024-08-02 04:33:30,751	[DEBUG]	patch(61)="SrcmlStmtDeletion(('src/main/java/weka/classifiers/trees/RandomForest.java.xml', 'stmt', 81)) | SrcmlStmtDeletion(('src/main/java/weka/classifiers/trees/RandomForest.java.xml', 'stmt', 48)) | SrcmlStmtDeletion(('src/main/java/weka/classifiers/trees/RandomForest.java.xml', 'stmt', 57))"
2024-08-02 04:33:33,139	[INFO]	62      COMPILE_CODE_ERROR    None (--) [3 edit(s)]  
2024-08-02 04:33:33,139	[DEBUG]	patch(62)="SrcmlStmtDeletion(('src/main/java/weka/classifiers/trees/RandomForest.java.xml', 'stmt', 81)) | SrcmlStmtDeletion(('src/main/java/weka/classifiers/trees/RandomForest.java.xml', 'stmt', 48)) | SrcmlStmtInsertion(('src/main/java/weka/classifiers/trees/RandomForest.java.xml', '_inter_block', 6), ('src/main/java/weka/classifiers/trees/RandomForest.java.xml', 'stmt', 117))"
2024-08-02 04:33:35,611	[INFO]	63      COMPILE_CODE_ERROR    None (--) [3 edit(s)]  
2024-08-02 04:33:35,611	[DEBUG]	patch(63)="SrcmlStmtDeletion(('src/main/java/weka/classifiers/trees/RandomForest.java.xml', 'stmt', 81)) | SrcmlStmtDeletion(('src/main/java/weka/classifiers/trees/RandomForest.java.xml', 'stmt', 48)) | SrcmlStmtInsertion(('src/main/java/weka/classifiers/trees/RandomForest.java.xml', '_inter_block', 68), ('src/main/java/weka/classifiers/trees/RandomForest.java.xml', 'stmt', 1))"
2024-08-02 04:33:38,624	[INFO]	64      COMPILE_CODE_ERROR    None (--) [3 edit(s)]  
2024-08-02 04:33:38,624	[DEBUG]	patch(64)="SrcmlStmtDeletion(('src/main/java/weka/classifiers/trees/RandomForest.java.xml', 'stmt', 81)) | SrcmlStmtDeletion(('src/main/java/weka/classifiers/trees/RandomForest.java.xml', 'stmt', 48)) | SrcmlStmtInsertion(('src/main/java/weka/classifiers/trees/RandomForest.java.xml', '_inter_block', 39), ('src/main/java/weka/classifiers/trees/RandomForest.java.xml', 'stmt', 99))"
2024-08-02 04:33:41,544	[INFO]	65      COMPILE_CODE_ERROR    None (--) [3 edit(s)]  
2024-08-02 04:33:41,544	[DEBUG]	patch(65)="SrcmlStmtDeletion(('src/main/java/weka/classifiers/trees/RandomForest.java.xml', 'stmt', 81)) | SrcmlStmtDeletion(('src/main/java/weka/classifiers/trees/RandomForest.java.xml', 'stmt', 48)) | SrcmlStmtReplacement(('src/main/java/weka/classifiers/trees/RandomForest.java.xml', 'stmt', 44), ('src/main/java/weka/classifiers/trees/RandomForest.java.xml', 'stmt', 83))"
2024-08-02 04:34:08,285	[DEBUG]	EXEC>  SUCCESS 124097631.0
2024-08-02 04:34:08,285	[INFO]	66      SUCCESS               124097631.000000 (98.64%) [3 edit(s)]  
2024-08-02 04:34:08,285	[DEBUG]	patch(66)="SrcmlStmtDeletion(('src/main/java/weka/classifiers/trees/RandomForest.java.xml', 'stmt', 81)) | SrcmlStmtDeletion(('src/main/java/weka/classifiers/trees/RandomForest.java.xml', 'stmt', 48)) | SrcmlStmtDeletion(('src/main/java/weka/classifiers/trees/RandomForest.java.xml', 'stmt', 120))"
2024-08-02 04:34:11,262	[INFO]	67      COMPILE_CODE_ERROR    None (--) [3 edit(s)]  
2024-08-02 04:34:11,263	[DEBUG]	patch(67)="SrcmlStmtDeletion(('src/main/java/weka/classifiers/trees/RandomForest.java.xml', 'stmt', 81)) | SrcmlStmtDeletion(('src/main/java/weka/classifiers/trees/RandomForest.java.xml', 'stmt', 48)) | SrcmlStmtDeletion(('src/main/java/weka/classifiers/trees/RandomForest.java.xml', 'stmt', 86))"
2024-08-02 04:34:38,604	[DEBUG]	EXEC>  SUCCESS 123493148.5
2024-08-02 04:34:38,604	[INFO]	68      SUCCESS               123493148.500000 (98.16%) [3 edit(s)]  
2024-08-02 04:34:38,604	[DEBUG]	patch(68)="SrcmlStmtDeletion(('src/main/java/weka/classifiers/trees/RandomForest.java.xml', 'stmt', 81)) | SrcmlStmtDeletion(('src/main/java/weka/classifiers/trees/RandomForest.java.xml', 'stmt', 48)) | SrcmlStmtReplacement(('src/main/java/weka/classifiers/trees/RandomForest.java.xml', 'stmt', 138), ('src/main/java/weka/classifiers/trees/RandomForest.java.xml', 'stmt', 133))"
2024-08-02 04:34:41,454	[INFO]	69      COMPILE_CODE_ERROR    None (--) [3 edit(s)]  
2024-08-02 04:34:41,454	[DEBUG]	patch(69)="SrcmlStmtDeletion(('src/main/java/weka/classifiers/trees/RandomForest.java.xml', 'stmt', 81)) | SrcmlStmtDeletion(('src/main/java/weka/classifiers/trees/RandomForest.java.xml', 'stmt', 48)) | SrcmlStmtDeletion(('src/main/java/weka/classifiers/trees/RandomForest.java.xml', 'stmt', 59))"
2024-08-02 04:35:08,758	[DEBUG]	EXEC>  SUCCESS 124877340.5
2024-08-02 04:35:08,758	[INFO]	70      SUCCESS               124877340.500000 (99.26%) [3 edit(s)]  
2024-08-02 04:35:08,758	[DEBUG]	patch(70)="SrcmlStmtDeletion(('src/main/java/weka/classifiers/trees/RandomForest.java.xml', 'stmt', 81)) | SrcmlStmtDeletion(('src/main/java/weka/classifiers/trees/RandomForest.java.xml', 'stmt', 48)) | SrcmlStmtDeletion(('src/main/java/weka/classifiers/trees/RandomForest.java.xml', 'stmt', 50))"
2024-08-02 04:35:11,585	[INFO]	71      COMPILE_CODE_ERROR    None (--) [3 edit(s)]  
2024-08-02 04:35:11,585	[DEBUG]	patch(71)="SrcmlStmtDeletion(('src/main/java/weka/classifiers/trees/RandomForest.java.xml', 'stmt', 81)) | SrcmlStmtDeletion(('src/main/java/weka/classifiers/trees/RandomForest.java.xml', 'stmt', 48)) | SrcmlStmtReplacement(('src/main/java/weka/classifiers/trees/RandomForest.java.xml', 'stmt', 115), ('src/main/java/weka/classifiers/trees/RandomForest.java.xml', 'stmt', 5))"
2024-08-02 04:35:14,432	[INFO]	72      COMPILE_CODE_ERROR    None (--) [3 edit(s)]  
2024-08-02 04:35:14,432	[DEBUG]	patch(72)="SrcmlStmtDeletion(('src/main/java/weka/classifiers/trees/RandomForest.java.xml', 'stmt', 81)) | SrcmlStmtDeletion(('src/main/java/weka/classifiers/trees/RandomForest.java.xml', 'stmt', 48)) | SrcmlStmtInsertion(('src/main/java/weka/classifiers/trees/RandomForest.java.xml', '_inter_block', 87), ('src/main/java/weka/classifiers/trees/RandomForest.java.xml', 'stmt', 139))"
2024-08-02 04:35:41,726	[DEBUG]	EXEC>  SUCCESS 125877496.5
2024-08-02 04:35:41,727	[INFO]	73      SUCCESS               125877496.500000 (100.05%) [3 edit(s)]  
2024-08-02 04:35:41,727	[DEBUG]	patch(73)="SrcmlStmtDeletion(('src/main/java/weka/classifiers/trees/RandomForest.java.xml', 'stmt', 81)) | SrcmlStmtDeletion(('src/main/java/weka/classifiers/trees/RandomForest.java.xml', 'stmt', 48)) | SrcmlStmtDeletion(('src/main/java/weka/classifiers/trees/RandomForest.java.xml', 'stmt', 4))"
2024-08-02 04:35:44,604	[INFO]	74      COMPILE_CODE_ERROR    None (--) [3 edit(s)]  
2024-08-02 04:35:44,604	[DEBUG]	patch(74)="SrcmlStmtDeletion(('src/main/java/weka/classifiers/trees/RandomForest.java.xml', 'stmt', 81)) | SrcmlStmtDeletion(('src/main/java/weka/classifiers/trees/RandomForest.java.xml', 'stmt', 48)) | SrcmlStmtReplacement(('src/main/java/weka/classifiers/trees/RandomForest.java.xml', 'stmt', 25), ('src/main/java/weka/classifiers/trees/RandomForest.java.xml', 'stmt', 114))"
2024-08-02 04:35:47,512	[INFO]	75      COMPILE_CODE_ERROR    None (--) [3 edit(s)]  
2024-08-02 04:35:47,512	[DEBUG]	patch(75)="SrcmlStmtDeletion(('src/main/java/weka/classifiers/trees/RandomForest.java.xml', 'stmt', 81)) | SrcmlStmtDeletion(('src/main/java/weka/classifiers/trees/RandomForest.java.xml', 'stmt', 48)) | SrcmlStmtReplacement(('src/main/java/weka/classifiers/trees/RandomForest.java.xml', 'stmt', 32), ('src/main/java/weka/classifiers/trees/RandomForest.java.xml', 'stmt', 105))"
2024-08-02 04:35:50,470	[INFO]	76      COMPILE_CODE_ERROR    None (--) [3 edit(s)]  
2024-08-02 04:35:50,471	[DEBUG]	patch(76)="SrcmlStmtDeletion(('src/main/java/weka/classifiers/trees/RandomForest.java.xml', 'stmt', 81)) | SrcmlStmtDeletion(('src/main/java/weka/classifiers/trees/RandomForest.java.xml', 'stmt', 48)) | SrcmlStmtReplacement(('src/main/java/weka/classifiers/trees/RandomForest.java.xml', 'stmt', 93), ('src/main/java/weka/classifiers/trees/RandomForest.java.xml', 'stmt', 132))"
2024-08-02 04:36:17,185	[DEBUG]	EXEC>  SUCCESS 123158605.0
2024-08-02 04:36:17,186	[INFO]	77      SUCCESS               123158605.000000 (97.89%) [3 edit(s)]  
2024-08-02 04:36:17,186	[DEBUG]	patch(77)="SrcmlStmtDeletion(('src/main/java/weka/classifiers/trees/RandomForest.java.xml', 'stmt', 81)) | SrcmlStmtDeletion(('src/main/java/weka/classifiers/trees/RandomForest.java.xml', 'stmt', 48)) | SrcmlStmtDeletion(('src/main/java/weka/classifiers/trees/RandomForest.java.xml', 'stmt', 118))"
2024-08-02 04:36:44,247	[DEBUG]	EXEC>  SUCCESS 123084184.0
2024-08-02 04:36:44,247	[INFO]	78      SUCCESS               123084184.000000 (97.83%) [3 edit(s)]  
2024-08-02 04:36:44,247	[DEBUG]	patch(78)="SrcmlStmtDeletion(('src/main/java/weka/classifiers/trees/RandomForest.java.xml', 'stmt', 81)) | SrcmlStmtDeletion(('src/main/java/weka/classifiers/trees/RandomForest.java.xml', 'stmt', 48)) | SrcmlStmtDeletion(('src/main/java/weka/classifiers/trees/RandomForest.java.xml', 'stmt', 49))"
2024-08-02 04:36:47,221	[INFO]	79      COMPILE_CODE_ERROR    None (--) [3 edit(s)]  
2024-08-02 04:36:47,221	[DEBUG]	patch(79)="SrcmlStmtDeletion(('src/main/java/weka/classifiers/trees/RandomForest.java.xml', 'stmt', 81)) | SrcmlStmtDeletion(('src/main/java/weka/classifiers/trees/RandomForest.java.xml', 'stmt', 48)) | SrcmlStmtReplacement(('src/main/java/weka/classifiers/trees/RandomForest.java.xml', 'stmt', 124), ('src/main/java/weka/classifiers/trees/RandomForest.java.xml', 'stmt', 70))"
2024-08-02 04:36:47,225	[INFO]	80      SUCCESS               124097631.000000 (98.64%) [3 edit(s)] [cached] 
2024-08-02 04:36:47,225	[DEBUG]	patch(80)="SrcmlStmtDeletion(('src/main/java/weka/classifiers/trees/RandomForest.java.xml', 'stmt', 81)) | SrcmlStmtDeletion(('src/main/java/weka/classifiers/trees/RandomForest.java.xml', 'stmt', 48)) | SrcmlStmtDeletion(('src/main/java/weka/classifiers/trees/RandomForest.java.xml', 'stmt', 120))"
2024-08-02 04:37:13,822	[DEBUG]	EXEC>  SUCCESS 127827954.0
2024-08-02 04:37:13,822	[INFO]	81      SUCCESS               127827954.000000 (101.60%) [3 edit(s)]  
2024-08-02 04:37:13,822	[DEBUG]	patch(81)="SrcmlStmtDeletion(('src/main/java/weka/classifiers/trees/RandomForest.java.xml', 'stmt', 81)) | SrcmlStmtDeletion(('src/main/java/weka/classifiers/trees/RandomForest.java.xml', 'stmt', 48)) | SrcmlStmtDeletion(('src/main/java/weka/classifiers/trees/RandomForest.java.xml', 'stmt', 134))"
2024-08-02 04:37:16,215	[INFO]	82      COMPILE_CODE_ERROR    None (--) [3 edit(s)]  
2024-08-02 04:37:16,215	[DEBUG]	patch(82)="SrcmlStmtDeletion(('src/main/java/weka/classifiers/trees/RandomForest.java.xml', 'stmt', 81)) | SrcmlStmtDeletion(('src/main/java/weka/classifiers/trees/RandomForest.java.xml', 'stmt', 48)) | SrcmlStmtInsertion(('src/main/java/weka/classifiers/trees/RandomForest.java.xml', '_inter_block', 26), ('src/main/java/weka/classifiers/trees/RandomForest.java.xml', 'stmt', 30))"
2024-08-02 04:37:19,123	[INFO]	83      COMPILE_CODE_ERROR    None (--) [3 edit(s)]  
2024-08-02 04:37:19,123	[DEBUG]	patch(83)="SrcmlStmtDeletion(('src/main/java/weka/classifiers/trees/RandomForest.java.xml', 'stmt', 81)) | SrcmlStmtDeletion(('src/main/java/weka/classifiers/trees/RandomForest.java.xml', 'stmt', 48)) | SrcmlStmtReplacement(('src/main/java/weka/classifiers/trees/RandomForest.java.xml', 'stmt', 16), ('src/main/java/weka/classifiers/trees/RandomForest.java.xml', 'stmt', 62))"
2024-08-02 04:37:21,965	[INFO]	84      COMPILE_CODE_ERROR    None (--) [3 edit(s)]  
2024-08-02 04:37:21,965	[DEBUG]	patch(84)="SrcmlStmtDeletion(('src/main/java/weka/classifiers/trees/RandomForest.java.xml', 'stmt', 81)) | SrcmlStmtDeletion(('src/main/java/weka/classifiers/trees/RandomForest.java.xml', 'stmt', 48)) | SrcmlStmtReplacement(('src/main/java/weka/classifiers/trees/RandomForest.java.xml', 'stmt', 118), ('src/main/java/weka/classifiers/trees/RandomForest.java.xml', 'stmt', 50))"
2024-08-02 04:37:24,757	[INFO]	85      COMPILE_CODE_ERROR    None (--) [3 edit(s)]  
2024-08-02 04:37:24,758	[DEBUG]	patch(85)="SrcmlStmtDeletion(('src/main/java/weka/classifiers/trees/RandomForest.java.xml', 'stmt', 81)) | SrcmlStmtDeletion(('src/main/java/weka/classifiers/trees/RandomForest.java.xml', 'stmt', 48)) | SrcmlStmtInsertion(('src/main/java/weka/classifiers/trees/RandomForest.java.xml', '_inter_block', 51), ('src/main/java/weka/classifiers/trees/RandomForest.java.xml', 'stmt', 96))"
2024-08-02 04:37:51,637	[DEBUG]	EXEC>  SUCCESS 126590261.5
2024-08-02 04:37:51,637	[INFO]	86      SUCCESS               126590261.500000 (100.62%) [3 edit(s)]  
2024-08-02 04:37:51,637	[DEBUG]	patch(86)="SrcmlStmtDeletion(('src/main/java/weka/classifiers/trees/RandomForest.java.xml', 'stmt', 81)) | SrcmlStmtDeletion(('src/main/java/weka/classifiers/trees/RandomForest.java.xml', 'stmt', 48)) | SrcmlStmtInsertion(('src/main/java/weka/classifiers/trees/RandomForest.java.xml', '_inter_block', 161), ('src/main/java/weka/classifiers/trees/RandomForest.java.xml', 'stmt', 10))"
2024-08-02 04:38:18,373	[DEBUG]	EXEC>  SUCCESS 127584455.5
2024-08-02 04:38:18,373	[INFO]	87      SUCCESS               127584455.500000 (101.41%) [3 edit(s)]  
2024-08-02 04:38:18,373	[DEBUG]	patch(87)="SrcmlStmtDeletion(('src/main/java/weka/classifiers/trees/RandomForest.java.xml', 'stmt', 81)) | SrcmlStmtDeletion(('src/main/java/weka/classifiers/trees/RandomForest.java.xml', 'stmt', 48)) | SrcmlStmtReplacement(('src/main/java/weka/classifiers/trees/RandomForest.java.xml', 'stmt', 85), ('src/main/java/weka/classifiers/trees/RandomForest.java.xml', 'stmt', 54))"
2024-08-02 04:38:45,141	[DEBUG]	EXEC>  SUCCESS 129645758.5
2024-08-02 04:38:45,141	[INFO]	88      SUCCESS               129645758.500000 (103.05%) [3 edit(s)]  
2024-08-02 04:38:45,141	[DEBUG]	patch(88)="SrcmlStmtDeletion(('src/main/java/weka/classifiers/trees/RandomForest.java.xml', 'stmt', 81)) | SrcmlStmtDeletion(('src/main/java/weka/classifiers/trees/RandomForest.java.xml', 'stmt', 48)) | SrcmlStmtDeletion(('src/main/java/weka/classifiers/trees/RandomForest.java.xml', 'stmt', 42))"
2024-08-02 04:38:48,024	[INFO]	89      COMPILE_CODE_ERROR    None (--) [3 edit(s)]  
2024-08-02 04:38:48,025	[DEBUG]	patch(89)="SrcmlStmtDeletion(('src/main/java/weka/classifiers/trees/RandomForest.java.xml', 'stmt', 81)) | SrcmlStmtDeletion(('src/main/java/weka/classifiers/trees/RandomForest.java.xml', 'stmt', 48)) | SrcmlStmtReplacement(('src/main/java/weka/classifiers/trees/RandomForest.java.xml', 'stmt', 2), ('src/main/java/weka/classifiers/trees/RandomForest.java.xml', 'stmt', 46))"
2024-08-02 04:39:14,642	[DEBUG]	EXEC>  SUCCESS 122043887.5
2024-08-02 04:39:14,642	[INFO]	90      SUCCESS              *122043887.500000 (97.01%) [3 edit(s)]  
2024-08-02 04:39:14,642	[DEBUG]	patch(90)="SrcmlStmtDeletion(('src/main/java/weka/classifiers/trees/RandomForest.java.xml', 'stmt', 81)) | SrcmlStmtDeletion(('src/main/java/weka/classifiers/trees/RandomForest.java.xml', 'stmt', 48)) | SrcmlStmtDeletion(('src/main/java/weka/classifiers/trees/RandomForest.java.xml', 'stmt', 17))"
--- before: src/main/java/weka/classifiers/trees/RandomForest.java
+++ after: src/main/java/weka/classifiers/trees/RandomForest.java
@@ -277,7 +277,7 @@
     result = new TechnicalInformation(Type.ARTICLE);
     result.setValue(Field.AUTHOR, "Leo Breiman");
     result.setValue(Field.YEAR, "2001");
-    result.setValue(Field.TITLE, "Random Forests");
+    
     result.setValue(Field.JOURNAL, "Machine Learning");
     result.setValue(Field.VOLUME, "45");
     result.setValue(Field.NUMBER, "1");
@@ -484,7 +484,7 @@
   public void setSeed(int s) {
 
     super.setSeed(s);
-    ((RandomTree) getClassifier()).setSeed(s);
+    
   }
 
   /**
@@ -592,11 +592,7 @@
         "\tWhether to store out of bag predictions in internal evaluation object.",
         "store-out-of-bag-predictions", 0, "-store-out-of-bag-predictions"));
 
-    newVector
-      .addElement(new Option(
-        "\tWhether to output complexity-based statistics when out-of-bag evaluation is performed.",
-        "output-out-of-bag-complexity-statistics", 0,
-        "-output-out-of-bag-complexity-statistics"));
+    
 
     newVector
       .addElement(new Option(

2024-08-02 04:39:17,454	[INFO]	91      COMPILE_CODE_ERROR    None (--) [4 edit(s)]  
2024-08-02 04:39:17,454	[DEBUG]	patch(91)="SrcmlStmtDeletion(('src/main/java/weka/classifiers/trees/RandomForest.java.xml', 'stmt', 81)) | SrcmlStmtDeletion(('src/main/java/weka/classifiers/trees/RandomForest.java.xml', 'stmt', 48)) | SrcmlStmtDeletion(('src/main/java/weka/classifiers/trees/RandomForest.java.xml', 'stmt', 17)) | SrcmlStmtReplacement(('src/main/java/weka/classifiers/trees/RandomForest.java.xml', 'stmt', 90), ('src/main/java/weka/classifiers/trees/RandomForest.java.xml', 'stmt', 26))"
2024-08-02 04:39:44,441	[DEBUG]	EXEC>  SUCCESS 123386854.0
2024-08-02 04:39:44,441	[INFO]	92      SUCCESS               123386854.000000 (98.07%) [2 edit(s)]  
2024-08-02 04:39:44,441	[DEBUG]	patch(92)="SrcmlStmtDeletion(('src/main/java/weka/classifiers/trees/RandomForest.java.xml', 'stmt', 48)) | SrcmlStmtDeletion(('src/main/java/weka/classifiers/trees/RandomForest.java.xml', 'stmt', 17))"
2024-08-02 04:39:47,282	[INFO]	93      COMPILE_CODE_ERROR    None (--) [4 edit(s)]  
2024-08-02 04:39:47,282	[DEBUG]	patch(93)="SrcmlStmtDeletion(('src/main/java/weka/classifiers/trees/RandomForest.java.xml', 'stmt', 81)) | SrcmlStmtDeletion(('src/main/java/weka/classifiers/trees/RandomForest.java.xml', 'stmt', 48)) | SrcmlStmtDeletion(('src/main/java/weka/classifiers/trees/RandomForest.java.xml', 'stmt', 17)) | SrcmlStmtReplacement(('src/main/java/weka/classifiers/trees/RandomForest.java.xml', 'stmt', 56), ('src/main/java/weka/classifiers/trees/RandomForest.java.xml', 'stmt', 61))"
2024-08-02 04:39:50,152	[INFO]	94      COMPILE_CODE_ERROR    None (--) [4 edit(s)]  
2024-08-02 04:39:50,152	[DEBUG]	patch(94)="SrcmlStmtDeletion(('src/main/java/weka/classifiers/trees/RandomForest.java.xml', 'stmt', 81)) | SrcmlStmtDeletion(('src/main/java/weka/classifiers/trees/RandomForest.java.xml', 'stmt', 48)) | SrcmlStmtDeletion(('src/main/java/weka/classifiers/trees/RandomForest.java.xml', 'stmt', 17)) | SrcmlStmtReplacement(('src/main/java/weka/classifiers/trees/RandomForest.java.xml', 'stmt', 69), ('src/main/java/weka/classifiers/trees/RandomForest.java.xml', 'stmt', 41))"
2024-08-02 04:39:50,155	[INFO]	95      SUCCESS               122076454.500000 (97.03%) [2 edit(s)] [cached] 
2024-08-02 04:39:50,155	[DEBUG]	patch(95)="SrcmlStmtDeletion(('src/main/java/weka/classifiers/trees/RandomForest.java.xml', 'stmt', 81)) | SrcmlStmtDeletion(('src/main/java/weka/classifiers/trees/RandomForest.java.xml', 'stmt', 48))"
2024-08-02 04:39:53,042	[INFO]	96      COMPILE_CODE_ERROR    None (--) [4 edit(s)]  
2024-08-02 04:39:53,043	[DEBUG]	patch(96)="SrcmlStmtDeletion(('src/main/java/weka/classifiers/trees/RandomForest.java.xml', 'stmt', 81)) | SrcmlStmtDeletion(('src/main/java/weka/classifiers/trees/RandomForest.java.xml', 'stmt', 48)) | SrcmlStmtDeletion(('src/main/java/weka/classifiers/trees/RandomForest.java.xml', 'stmt', 17)) | SrcmlStmtInsertion(('src/main/java/weka/classifiers/trees/RandomForest.java.xml', '_inter_block', 133), ('src/main/java/weka/classifiers/trees/RandomForest.java.xml', 'stmt', 114))"
2024-08-02 04:40:20,501	[DEBUG]	EXEC>  SUCCESS 127757751.5
2024-08-02 04:40:20,501	[INFO]	97      SUCCESS               127757751.500000 (101.55%) [4 edit(s)]  
2024-08-02 04:40:20,501	[DEBUG]	patch(97)="SrcmlStmtDeletion(('src/main/java/weka/classifiers/trees/RandomForest.java.xml', 'stmt', 81)) | SrcmlStmtDeletion(('src/main/java/weka/classifiers/trees/RandomForest.java.xml', 'stmt', 48)) | SrcmlStmtDeletion(('src/main/java/weka/classifiers/trees/RandomForest.java.xml', 'stmt', 17)) | SrcmlStmtDeletion(('src/main/java/weka/classifiers/trees/RandomForest.java.xml', 'stmt', 133))"
2024-08-02 04:40:47,322	[DEBUG]	EXEC>  SUCCESS 121058920.5
2024-08-02 04:40:47,322	[INFO]	98      SUCCESS              *121058920.500000 (96.22%) [2 edit(s)]  
2024-08-02 04:40:47,322	[DEBUG]	patch(98)="SrcmlStmtDeletion(('src/main/java/weka/classifiers/trees/RandomForest.java.xml', 'stmt', 81)) | SrcmlStmtDeletion(('src/main/java/weka/classifiers/trees/RandomForest.java.xml', 'stmt', 17))"
--- before: src/main/java/weka/classifiers/trees/RandomForest.java
+++ after: src/main/java/weka/classifiers/trees/RandomForest.java
@@ -277,7 +277,7 @@
     result = new TechnicalInformation(Type.ARTICLE);
     result.setValue(Field.AUTHOR, "Leo Breiman");
     result.setValue(Field.YEAR, "2001");
-    result.setValue(Field.TITLE, "Random Forests");
+    
     result.setValue(Field.JOURNAL, "Machine Learning");
     result.setValue(Field.VOLUME, "45");
     result.setValue(Field.NUMBER, "1");
@@ -592,11 +592,7 @@
         "\tWhether to store out of bag predictions in internal evaluation object.",
         "store-out-of-bag-predictions", 0, "-store-out-of-bag-predictions"));
 
-    newVector
-      .addElement(new Option(
-        "\tWhether to output complexity-based statistics when out-of-bag evaluation is performed.",
-        "output-out-of-bag-complexity-statistics", 0,
-        "-output-out-of-bag-complexity-statistics"));
+    
 
     newVector
       .addElement(new Option(

2024-08-02 04:40:47,325	[INFO]	99      SUCCESS               122169240.000000 (97.10%) [1 edit(s)] [cached] 
2024-08-02 04:40:47,325	[DEBUG]	patch(99)="SrcmlStmtDeletion(('src/main/java/weka/classifiers/trees/RandomForest.java.xml', 'stmt', 81))"
2024-08-02 04:40:49,773	[INFO]	100     COMPILE_CODE_ERROR    None (--) [3 edit(s)]  
2024-08-02 04:40:49,773	[DEBUG]	patch(100)="SrcmlStmtDeletion(('src/main/java/weka/classifiers/trees/RandomForest.java.xml', 'stmt', 81)) | SrcmlStmtDeletion(('src/main/java/weka/classifiers/trees/RandomForest.java.xml', 'stmt', 17)) | SrcmlStmtInsertion(('src/main/java/weka/classifiers/trees/RandomForest.java.xml', '_inter_block', 27), ('src/main/java/weka/classifiers/trees/RandomForest.java.xml', 'stmt', 32))"
2024-08-02 04:41:17,379	[DEBUG]	EXEC>  SUCCESS 127136426.5
2024-08-02 04:41:17,379	[INFO]	101     SUCCESS               127136426.500000 (101.05%) [3 edit(s)]  
2024-08-02 04:41:17,379	[DEBUG]	patch(101)="SrcmlStmtDeletion(('src/main/java/weka/classifiers/trees/RandomForest.java.xml', 'stmt', 81)) | SrcmlStmtDeletion(('src/main/java/weka/classifiers/trees/RandomForest.java.xml', 'stmt', 17)) | SrcmlStmtInsertion(('src/main/java/weka/classifiers/trees/RandomForest.java.xml', '_inter_block', 227), ('src/main/java/weka/classifiers/trees/RandomForest.java.xml', 'stmt', 130))"
2024-08-02 04:41:19,808	[INFO]	102     COMPILE_CODE_ERROR    None (--) [3 edit(s)]  
2024-08-02 04:41:19,809	[DEBUG]	patch(102)="SrcmlStmtDeletion(('src/main/java/weka/classifiers/trees/RandomForest.java.xml', 'stmt', 81)) | SrcmlStmtDeletion(('src/main/java/weka/classifiers/trees/RandomForest.java.xml', 'stmt', 17)) | SrcmlStmtInsertion(('src/main/java/weka/classifiers/trees/RandomForest.java.xml', '_inter_block', 2), ('src/main/java/weka/classifiers/trees/RandomForest.java.xml', 'stmt', 30))"
2024-08-02 04:41:47,167	[DEBUG]	EXEC>  SUCCESS 126610879.0
2024-08-02 04:41:47,168	[INFO]	103     SUCCESS               126610879.000000 (100.64%) [1 edit(s)]  
2024-08-02 04:41:47,168	[DEBUG]	patch(103)="SrcmlStmtDeletion(('src/main/java/weka/classifiers/trees/RandomForest.java.xml', 'stmt', 17))"
2024-08-02 04:42:14,382	[DEBUG]	EXEC>  SUCCESS 124019758.5
2024-08-02 04:42:14,382	[INFO]	104     SUCCESS               124019758.500000 (98.58%) [3 edit(s)]  
2024-08-02 04:42:14,382	[DEBUG]	patch(104)="SrcmlStmtDeletion(('src/main/java/weka/classifiers/trees/RandomForest.java.xml', 'stmt', 81)) | SrcmlStmtDeletion(('src/main/java/weka/classifiers/trees/RandomForest.java.xml', 'stmt', 17)) | SrcmlStmtDeletion(('src/main/java/weka/classifiers/trees/RandomForest.java.xml', 'stmt', 119))"
2024-08-02 04:42:16,867	[INFO]	105     COMPILE_CODE_ERROR    None (--) [3 edit(s)]  
2024-08-02 04:42:16,867	[DEBUG]	patch(105)="SrcmlStmtDeletion(('src/main/java/weka/classifiers/trees/RandomForest.java.xml', 'stmt', 81)) | SrcmlStmtDeletion(('src/main/java/weka/classifiers/trees/RandomForest.java.xml', 'stmt', 17)) | SrcmlStmtReplacement(('src/main/java/weka/classifiers/trees/RandomForest.java.xml', 'stmt', 114), ('src/main/java/weka/classifiers/trees/RandomForest.java.xml', 'stmt', 30))"
2024-08-02 04:42:43,691	[DEBUG]	EXEC>  SUCCESS 124470061.5
2024-08-02 04:42:43,694	[INFO]	106     SUCCESS               124470061.500000 (98.93%) [3 edit(s)]  
2024-08-02 04:42:43,694	[DEBUG]	patch(106)="SrcmlStmtDeletion(('src/main/java/weka/classifiers/trees/RandomForest.java.xml', 'stmt', 81)) | SrcmlStmtDeletion(('src/main/java/weka/classifiers/trees/RandomForest.java.xml', 'stmt', 17)) | SrcmlStmtDeletion(('src/main/java/weka/classifiers/trees/RandomForest.java.xml', 'stmt', 136))"
2024-08-02 04:42:46,661	[INFO]	107     COMPILE_CODE_ERROR    None (--) [3 edit(s)]  
2024-08-02 04:42:46,661	[DEBUG]	patch(107)="SrcmlStmtDeletion(('src/main/java/weka/classifiers/trees/RandomForest.java.xml', 'stmt', 81)) | SrcmlStmtDeletion(('src/main/java/weka/classifiers/trees/RandomForest.java.xml', 'stmt', 17)) | SrcmlStmtInsertion(('src/main/java/weka/classifiers/trees/RandomForest.java.xml', '_inter_block', 205), ('src/main/java/weka/classifiers/trees/RandomForest.java.xml', 'stmt', 83))"
2024-08-02 04:43:13,622	[DEBUG]	EXEC>  SUCCESS 130944242.5
2024-08-02 04:43:13,622	[INFO]	108     SUCCESS               130944242.500000 (104.08%) [3 edit(s)]  
2024-08-02 04:43:13,622	[DEBUG]	patch(108)="SrcmlStmtDeletion(('src/main/java/weka/classifiers/trees/RandomForest.java.xml', 'stmt', 81)) | SrcmlStmtDeletion(('src/main/java/weka/classifiers/trees/RandomForest.java.xml', 'stmt', 17)) | SrcmlStmtReplacement(('src/main/java/weka/classifiers/trees/RandomForest.java.xml', 'stmt', 94), ('src/main/java/weka/classifiers/trees/RandomForest.java.xml', 'stmt', 54))"
2024-08-02 04:43:16,407	[INFO]	109     COMPILE_CODE_ERROR    None (--) [3 edit(s)]  
2024-08-02 04:43:16,407	[DEBUG]	patch(109)="SrcmlStmtDeletion(('src/main/java/weka/classifiers/trees/RandomForest.java.xml', 'stmt', 81)) | SrcmlStmtDeletion(('src/main/java/weka/classifiers/trees/RandomForest.java.xml', 'stmt', 17)) | SrcmlStmtDeletion(('src/main/java/weka/classifiers/trees/RandomForest.java.xml', 'stmt', 113))"
2024-08-02 04:43:19,402	[INFO]	110     COMPILE_CODE_ERROR    None (--) [3 edit(s)]  
2024-08-02 04:43:19,402	[DEBUG]	patch(110)="SrcmlStmtDeletion(('src/main/java/weka/classifiers/trees/RandomForest.java.xml', 'stmt', 81)) | SrcmlStmtDeletion(('src/main/java/weka/classifiers/trees/RandomForest.java.xml', 'stmt', 17)) | SrcmlStmtInsertion(('src/main/java/weka/classifiers/trees/RandomForest.java.xml', '_inter_block', 83), ('src/main/java/weka/classifiers/trees/RandomForest.java.xml', 'stmt', 53))"
2024-08-02 04:43:22,372	[INFO]	111     COMPILE_CODE_ERROR    None (--) [3 edit(s)]  
2024-08-02 04:43:22,373	[DEBUG]	patch(111)="SrcmlStmtDeletion(('src/main/java/weka/classifiers/trees/RandomForest.java.xml', 'stmt', 81)) | SrcmlStmtDeletion(('src/main/java/weka/classifiers/trees/RandomForest.java.xml', 'stmt', 17)) | SrcmlStmtReplacement(('src/main/java/weka/classifiers/trees/RandomForest.java.xml', 'stmt', 5), ('src/main/java/weka/classifiers/trees/RandomForest.java.xml', 'stmt', 64))"
2024-08-02 04:43:49,228	[DEBUG]	EXEC>  SUCCESS 127352218.0
2024-08-02 04:43:49,229	[INFO]	112     SUCCESS               127352218.000000 (101.22%) [3 edit(s)]  
2024-08-02 04:43:49,229	[DEBUG]	patch(112)="SrcmlStmtDeletion(('src/main/java/weka/classifiers/trees/RandomForest.java.xml', 'stmt', 81)) | SrcmlStmtDeletion(('src/main/java/weka/classifiers/trees/RandomForest.java.xml', 'stmt', 17)) | SrcmlStmtReplacement(('src/main/java/weka/classifiers/trees/RandomForest.java.xml', 'stmt', 50), ('src/main/java/weka/classifiers/trees/RandomForest.java.xml', 'stmt', 54))"
2024-08-02 04:43:52,115	[INFO]	113     COMPILE_CODE_ERROR    None (--) [3 edit(s)]  
2024-08-02 04:43:52,115	[DEBUG]	patch(113)="SrcmlStmtDeletion(('src/main/java/weka/classifiers/trees/RandomForest.java.xml', 'stmt', 81)) | SrcmlStmtDeletion(('src/main/java/weka/classifiers/trees/RandomForest.java.xml', 'stmt', 17)) | SrcmlStmtDeletion(('src/main/java/weka/classifiers/trees/RandomForest.java.xml', 'stmt', 55))"
2024-08-02 04:43:54,867	[INFO]	114     COMPILE_CODE_ERROR    None (--) [3 edit(s)]  
2024-08-02 04:43:54,867	[DEBUG]	patch(114)="SrcmlStmtDeletion(('src/main/java/weka/classifiers/trees/RandomForest.java.xml', 'stmt', 81)) | SrcmlStmtDeletion(('src/main/java/weka/classifiers/trees/RandomForest.java.xml', 'stmt', 17)) | SrcmlStmtReplacement(('src/main/java/weka/classifiers/trees/RandomForest.java.xml', 'stmt', 125), ('src/main/java/weka/classifiers/trees/RandomForest.java.xml', 'stmt', 95))"
2024-08-02 04:43:57,627	[INFO]	115     COMPILE_CODE_ERROR    None (--) [3 edit(s)]  
2024-08-02 04:43:57,628	[DEBUG]	patch(115)="SrcmlStmtDeletion(('src/main/java/weka/classifiers/trees/RandomForest.java.xml', 'stmt', 81)) | SrcmlStmtDeletion(('src/main/java/weka/classifiers/trees/RandomForest.java.xml', 'stmt', 17)) | SrcmlStmtInsertion(('src/main/java/weka/classifiers/trees/RandomForest.java.xml', '_inter_block', 154), ('src/main/java/weka/classifiers/trees/RandomForest.java.xml', 'stmt', 17))"
2024-08-02 04:43:59,939	[INFO]	116     COMPILE_CODE_ERROR    None (--) [3 edit(s)]  
2024-08-02 04:43:59,939	[DEBUG]	patch(116)="SrcmlStmtDeletion(('src/main/java/weka/classifiers/trees/RandomForest.java.xml', 'stmt', 81)) | SrcmlStmtDeletion(('src/main/java/weka/classifiers/trees/RandomForest.java.xml', 'stmt', 17)) | SrcmlStmtInsertion(('src/main/java/weka/classifiers/trees/RandomForest.java.xml', '_inter_block', 2), ('src/main/java/weka/classifiers/trees/RandomForest.java.xml', 'stmt', 48))"
2024-08-02 04:44:02,507	[INFO]	117     COMPILE_CODE_ERROR    None (--) [3 edit(s)]  
2024-08-02 04:44:02,508	[DEBUG]	patch(117)="SrcmlStmtDeletion(('src/main/java/weka/classifiers/trees/RandomForest.java.xml', 'stmt', 81)) | SrcmlStmtDeletion(('src/main/java/weka/classifiers/trees/RandomForest.java.xml', 'stmt', 17)) | SrcmlStmtInsertion(('src/main/java/weka/classifiers/trees/RandomForest.java.xml', '_inter_block', 29), ('src/main/java/weka/classifiers/trees/RandomForest.java.xml', 'stmt', 24))"
2024-08-02 04:44:05,247	[INFO]	118     COMPILE_CODE_ERROR    None (--) [3 edit(s)]  
2024-08-02 04:44:05,247	[DEBUG]	patch(118)="SrcmlStmtDeletion(('src/main/java/weka/classifiers/trees/RandomForest.java.xml', 'stmt', 81)) | SrcmlStmtDeletion(('src/main/java/weka/classifiers/trees/RandomForest.java.xml', 'stmt', 17)) | SrcmlStmtReplacement(('src/main/java/weka/classifiers/trees/RandomForest.java.xml', 'stmt', 27), ('src/main/java/weka/classifiers/trees/RandomForest.java.xml', 'stmt', 40))"
2024-08-02 04:44:07,681	[INFO]	119     COMPILE_CODE_ERROR    None (--) [3 edit(s)]  
2024-08-02 04:44:07,681	[DEBUG]	patch(119)="SrcmlStmtDeletion(('src/main/java/weka/classifiers/trees/RandomForest.java.xml', 'stmt', 81)) | SrcmlStmtDeletion(('src/main/java/weka/classifiers/trees/RandomForest.java.xml', 'stmt', 17)) | SrcmlStmtInsertion(('src/main/java/weka/classifiers/trees/RandomForest.java.xml', '_inter_block', 25), ('src/main/java/weka/classifiers/trees/RandomForest.java.xml', 'stmt', 93))"
2024-08-02 04:44:10,546	[INFO]	120     COMPILE_CODE_ERROR    None (--) [3 edit(s)]  
2024-08-02 04:44:10,546	[DEBUG]	patch(120)="SrcmlStmtDeletion(('src/main/java/weka/classifiers/trees/RandomForest.java.xml', 'stmt', 81)) | SrcmlStmtDeletion(('src/main/java/weka/classifiers/trees/RandomForest.java.xml', 'stmt', 17)) | SrcmlStmtDeletion(('src/main/java/weka/classifiers/trees/RandomForest.java.xml', 'stmt', 59))"
2024-08-02 04:44:13,317	[INFO]	121     COMPILE_CODE_ERROR    None (--) [3 edit(s)]  
2024-08-02 04:44:13,318	[DEBUG]	patch(121)="SrcmlStmtDeletion(('src/main/java/weka/classifiers/trees/RandomForest.java.xml', 'stmt', 81)) | SrcmlStmtDeletion(('src/main/java/weka/classifiers/trees/RandomForest.java.xml', 'stmt', 17)) | SrcmlStmtInsertion(('src/main/java/weka/classifiers/trees/RandomForest.java.xml', '_inter_block', 187), ('src/main/java/weka/classifiers/trees/RandomForest.java.xml', 'stmt', 123))"
2024-08-02 04:44:40,383	[DEBUG]	EXEC>  SUCCESS 122660383.0
2024-08-02 04:44:40,383	[INFO]	122     SUCCESS               122660383.000000 (97.50%) [3 edit(s)]  
2024-08-02 04:44:40,383	[DEBUG]	patch(122)="SrcmlStmtDeletion(('src/main/java/weka/classifiers/trees/RandomForest.java.xml', 'stmt', 81)) | SrcmlStmtDeletion(('src/main/java/weka/classifiers/trees/RandomForest.java.xml', 'stmt', 17)) | SrcmlStmtDeletion(('src/main/java/weka/classifiers/trees/RandomForest.java.xml', 'stmt', 18))"
2024-08-02 04:45:07,465	[DEBUG]	EXEC>  SUCCESS 127220512.0
2024-08-02 04:45:07,465	[INFO]	123     SUCCESS               127220512.000000 (101.12%) [3 edit(s)]  
2024-08-02 04:45:07,465	[DEBUG]	patch(123)="SrcmlStmtDeletion(('src/main/java/weka/classifiers/trees/RandomForest.java.xml', 'stmt', 81)) | SrcmlStmtDeletion(('src/main/java/weka/classifiers/trees/RandomForest.java.xml', 'stmt', 17)) | SrcmlStmtDeletion(('src/main/java/weka/classifiers/trees/RandomForest.java.xml', 'stmt', 85))"
2024-08-02 04:45:10,240	[INFO]	124     COMPILE_CODE_ERROR    None (--) [3 edit(s)]  
2024-08-02 04:45:10,241	[DEBUG]	patch(124)="SrcmlStmtDeletion(('src/main/java/weka/classifiers/trees/RandomForest.java.xml', 'stmt', 81)) | SrcmlStmtDeletion(('src/main/java/weka/classifiers/trees/RandomForest.java.xml', 'stmt', 17)) | SrcmlStmtReplacement(('src/main/java/weka/classifiers/trees/RandomForest.java.xml', 'stmt', 43), ('src/main/java/weka/classifiers/trees/RandomForest.java.xml', 'stmt', 73))"
2024-08-02 04:45:13,127	[INFO]	125     COMPILE_CODE_ERROR    None (--) [3 edit(s)]  
2024-08-02 04:45:13,127	[DEBUG]	patch(125)="SrcmlStmtDeletion(('src/main/java/weka/classifiers/trees/RandomForest.java.xml', 'stmt', 81)) | SrcmlStmtDeletion(('src/main/java/weka/classifiers/trees/RandomForest.java.xml', 'stmt', 17)) | SrcmlStmtReplacement(('src/main/java/weka/classifiers/trees/RandomForest.java.xml', 'stmt', 58), ('src/main/java/weka/classifiers/trees/RandomForest.java.xml', 'stmt', 44))"
2024-08-02 04:45:15,984	[INFO]	126     COMPILE_CODE_ERROR    None (--) [3 edit(s)]  
2024-08-02 04:45:15,984	[DEBUG]	patch(126)="SrcmlStmtDeletion(('src/main/java/weka/classifiers/trees/RandomForest.java.xml', 'stmt', 81)) | SrcmlStmtDeletion(('src/main/java/weka/classifiers/trees/RandomForest.java.xml', 'stmt', 17)) | SrcmlStmtInsertion(('src/main/java/weka/classifiers/trees/RandomForest.java.xml', '_inter_block', 43), ('src/main/java/weka/classifiers/trees/RandomForest.java.xml', 'stmt', 69))"
2024-08-02 04:45:43,115	[DEBUG]	EXEC>  SUCCESS 124762441.5
2024-08-02 04:45:43,115	[INFO]	127     SUCCESS               124762441.500000 (99.17%) [3 edit(s)]  
2024-08-02 04:45:43,115	[DEBUG]	patch(127)="SrcmlStmtDeletion(('src/main/java/weka/classifiers/trees/RandomForest.java.xml', 'stmt', 81)) | SrcmlStmtDeletion(('src/main/java/weka/classifiers/trees/RandomForest.java.xml', 'stmt', 17)) | SrcmlStmtDeletion(('src/main/java/weka/classifiers/trees/RandomForest.java.xml', 'stmt', 16))"
2024-08-02 04:46:09,973	[DEBUG]	EXEC>  SUCCESS 123237521.5
2024-08-02 04:46:09,974	[INFO]	128     SUCCESS               123237521.500000 (97.95%) [3 edit(s)]  
2024-08-02 04:46:09,974	[DEBUG]	patch(128)="SrcmlStmtDeletion(('src/main/java/weka/classifiers/trees/RandomForest.java.xml', 'stmt', 81)) | SrcmlStmtDeletion(('src/main/java/weka/classifiers/trees/RandomForest.java.xml', 'stmt', 17)) | SrcmlStmtDeletion(('src/main/java/weka/classifiers/trees/RandomForest.java.xml', 'stmt', 4))"
2024-08-02 04:46:12,766	[INFO]	129     COMPILE_CODE_ERROR    None (--) [3 edit(s)]  
2024-08-02 04:46:12,766	[DEBUG]	patch(129)="SrcmlStmtDeletion(('src/main/java/weka/classifiers/trees/RandomForest.java.xml', 'stmt', 81)) | SrcmlStmtDeletion(('src/main/java/weka/classifiers/trees/RandomForest.java.xml', 'stmt', 17)) | SrcmlStmtInsertion(('src/main/java/weka/classifiers/trees/RandomForest.java.xml', '_inter_block', 53), ('src/main/java/weka/classifiers/trees/RandomForest.java.xml', 'stmt', 93))"
2024-08-02 04:46:12,769	[INFO]	130     SUCCESS              +121058920.500000 (96.22%) [3 edit(s)] [cached] 
2024-08-02 04:46:12,770	[DEBUG]	patch(130)="SrcmlStmtDeletion(('src/main/java/weka/classifiers/trees/RandomForest.java.xml', 'stmt', 81)) | SrcmlStmtDeletion(('src/main/java/weka/classifiers/trees/RandomForest.java.xml', 'stmt', 17)) | SrcmlStmtDeletion(('src/main/java/weka/classifiers/trees/RandomForest.java.xml', 'stmt', 17))"
2024-08-02 04:46:12,773	[INFO]	131     SUCCESS              +121058920.500000 (96.22%) [2 edit(s)] [cached] 
2024-08-02 04:46:12,773	[DEBUG]	patch(131)="SrcmlStmtDeletion(('src/main/java/weka/classifiers/trees/RandomForest.java.xml', 'stmt', 81)) | SrcmlStmtDeletion(('src/main/java/weka/classifiers/trees/RandomForest.java.xml', 'stmt', 17))"
2024-08-02 04:46:12,776	[INFO]	132     SUCCESS               122169240.000000 (97.10%) [1 edit(s)] [cached] 
2024-08-02 04:46:12,776	[DEBUG]	patch(132)="SrcmlStmtDeletion(('src/main/java/weka/classifiers/trees/RandomForest.java.xml', 'stmt', 81))"
2024-08-02 04:46:39,634	[DEBUG]	EXEC>  SUCCESS 126286097.0
2024-08-02 04:46:39,635	[INFO]	133     SUCCESS               126286097.000000 (100.38%) [3 edit(s)]  
2024-08-02 04:46:39,635	[DEBUG]	patch(133)="SrcmlStmtDeletion(('src/main/java/weka/classifiers/trees/RandomForest.java.xml', 'stmt', 81)) | SrcmlStmtDeletion(('src/main/java/weka/classifiers/trees/RandomForest.java.xml', 'stmt', 17)) | SrcmlStmtDeletion(('src/main/java/weka/classifiers/trees/RandomForest.java.xml', 'stmt', 71))"
2024-08-02 04:46:42,560	[INFO]	134     COMPILE_CODE_ERROR    None (--) [3 edit(s)]  
2024-08-02 04:46:42,560	[DEBUG]	patch(134)="SrcmlStmtDeletion(('src/main/java/weka/classifiers/trees/RandomForest.java.xml', 'stmt', 81)) | SrcmlStmtDeletion(('src/main/java/weka/classifiers/trees/RandomForest.java.xml', 'stmt', 17)) | SrcmlStmtReplacement(('src/main/java/weka/classifiers/trees/RandomForest.java.xml', 'stmt', 31), ('src/main/java/weka/classifiers/trees/RandomForest.java.xml', 'stmt', 59))"
2024-08-02 04:47:09,582	[DEBUG]	EXEC>  SUCCESS 125047301.0
2024-08-02 04:47:09,582	[INFO]	135     SUCCESS               125047301.000000 (99.39%) [3 edit(s)]  
2024-08-02 04:47:09,582	[DEBUG]	patch(135)="SrcmlStmtDeletion(('src/main/java/weka/classifiers/trees/RandomForest.java.xml', 'stmt', 81)) | SrcmlStmtDeletion(('src/main/java/weka/classifiers/trees/RandomForest.java.xml', 'stmt', 17)) | SrcmlStmtInsertion(('src/main/java/weka/classifiers/trees/RandomForest.java.xml', '_inter_block', 103), ('src/main/java/weka/classifiers/trees/RandomForest.java.xml', 'stmt', 86))"
2024-08-02 04:47:12,527	[INFO]	136     COMPILE_CODE_ERROR    None (--) [3 edit(s)]  
2024-08-02 04:47:12,527	[DEBUG]	patch(136)="SrcmlStmtDeletion(('src/main/java/weka/classifiers/trees/RandomForest.java.xml', 'stmt', 81)) | SrcmlStmtDeletion(('src/main/java/weka/classifiers/trees/RandomForest.java.xml', 'stmt', 17)) | SrcmlStmtDeletion(('src/main/java/weka/classifiers/trees/RandomForest.java.xml', 'stmt', 14))"
2024-08-02 04:47:12,530	[INFO]	137     SUCCESS               126610879.000000 (100.64%) [1 edit(s)] [cached] 
2024-08-02 04:47:12,530	[DEBUG]	patch(137)="SrcmlStmtDeletion(('src/main/java/weka/classifiers/trees/RandomForest.java.xml', 'stmt', 17))"
2024-08-02 04:47:15,420	[INFO]	138     COMPILE_CODE_ERROR    None (--) [3 edit(s)]  
2024-08-02 04:47:15,420	[DEBUG]	patch(138)="SrcmlStmtDeletion(('src/main/java/weka/classifiers/trees/RandomForest.java.xml', 'stmt', 81)) | SrcmlStmtDeletion(('src/main/java/weka/classifiers/trees/RandomForest.java.xml', 'stmt', 17)) | SrcmlStmtInsertion(('src/main/java/weka/classifiers/trees/RandomForest.java.xml', '_inter_block', 178), ('src/main/java/weka/classifiers/trees/RandomForest.java.xml', 'stmt', 117))"
2024-08-02 04:47:18,185	[INFO]	139     COMPILE_CODE_ERROR    None (--) [3 edit(s)]  
2024-08-02 04:47:18,185	[DEBUG]	patch(139)="SrcmlStmtDeletion(('src/main/java/weka/classifiers/trees/RandomForest.java.xml', 'stmt', 81)) | SrcmlStmtDeletion(('src/main/java/weka/classifiers/trees/RandomForest.java.xml', 'stmt', 17)) | SrcmlStmtDeletion(('src/main/java/weka/classifiers/trees/RandomForest.java.xml', 'stmt', 39))"
2024-08-02 04:47:21,014	[INFO]	140     COMPILE_CODE_ERROR    None (--) [3 edit(s)]  
2024-08-02 04:47:21,015	[DEBUG]	patch(140)="SrcmlStmtDeletion(('src/main/java/weka/classifiers/trees/RandomForest.java.xml', 'stmt', 81)) | SrcmlStmtDeletion(('src/main/java/weka/classifiers/trees/RandomForest.java.xml', 'stmt', 17)) | SrcmlStmtInsertion(('src/main/java/weka/classifiers/trees/RandomForest.java.xml', '_inter_block', 105), ('src/main/java/weka/classifiers/trees/RandomForest.java.xml', 'stmt', 8))"
2024-08-02 04:47:23,730	[INFO]	141     COMPILE_CODE_ERROR    None (--) [3 edit(s)]  
2024-08-02 04:47:23,730	[DEBUG]	patch(141)="SrcmlStmtDeletion(('src/main/java/weka/classifiers/trees/RandomForest.java.xml', 'stmt', 81)) | SrcmlStmtDeletion(('src/main/java/weka/classifiers/trees/RandomForest.java.xml', 'stmt', 17)) | SrcmlStmtReplacement(('src/main/java/weka/classifiers/trees/RandomForest.java.xml', 'stmt', 128), ('src/main/java/weka/classifiers/trees/RandomForest.java.xml', 'stmt', 76))"
2024-08-02 04:47:50,304	[DEBUG]	EXEC>  SUCCESS 128287074.5
2024-08-02 04:47:50,304	[INFO]	142     SUCCESS               128287074.500000 (101.97%) [3 edit(s)]  
2024-08-02 04:47:50,304	[DEBUG]	patch(142)="SrcmlStmtDeletion(('src/main/java/weka/classifiers/trees/RandomForest.java.xml', 'stmt', 81)) | SrcmlStmtDeletion(('src/main/java/weka/classifiers/trees/RandomForest.java.xml', 'stmt', 17)) | SrcmlStmtDeletion(('src/main/java/weka/classifiers/trees/RandomForest.java.xml', 'stmt', 20))"
2024-08-02 04:47:53,170	[INFO]	143     COMPILE_CODE_ERROR    None (--) [3 edit(s)]  
2024-08-02 04:47:53,170	[DEBUG]	patch(143)="SrcmlStmtDeletion(('src/main/java/weka/classifiers/trees/RandomForest.java.xml', 'stmt', 81)) | SrcmlStmtDeletion(('src/main/java/weka/classifiers/trees/RandomForest.java.xml', 'stmt', 17)) | SrcmlStmtInsertion(('src/main/java/weka/classifiers/trees/RandomForest.java.xml', '_inter_block', 220), ('src/main/java/weka/classifiers/trees/RandomForest.java.xml', 'stmt', 78))"
2024-08-02 04:47:55,953	[INFO]	144     COMPILE_CODE_ERROR    None (--) [3 edit(s)]  
2024-08-02 04:47:55,953	[DEBUG]	patch(144)="SrcmlStmtDeletion(('src/main/java/weka/classifiers/trees/RandomForest.java.xml', 'stmt', 81)) | SrcmlStmtDeletion(('src/main/java/weka/classifiers/trees/RandomForest.java.xml', 'stmt', 17)) | SrcmlStmtInsertion(('src/main/java/weka/classifiers/trees/RandomForest.java.xml', '_inter_block', 99), ('src/main/java/weka/classifiers/trees/RandomForest.java.xml', 'stmt', 85))"
2024-08-02 04:47:58,860	[INFO]	145     COMPILE_CODE_ERROR    None (--) [3 edit(s)]  
2024-08-02 04:47:58,860	[DEBUG]	patch(145)="SrcmlStmtDeletion(('src/main/java/weka/classifiers/trees/RandomForest.java.xml', 'stmt', 81)) | SrcmlStmtDeletion(('src/main/java/weka/classifiers/trees/RandomForest.java.xml', 'stmt', 17)) | SrcmlStmtDeletion(('src/main/java/weka/classifiers/trees/RandomForest.java.xml', 'stmt', 56))"
2024-08-02 04:48:01,718	[INFO]	146     COMPILE_CODE_ERROR    None (--) [3 edit(s)]  
2024-08-02 04:48:01,718	[DEBUG]	patch(146)="SrcmlStmtDeletion(('src/main/java/weka/classifiers/trees/RandomForest.java.xml', 'stmt', 81)) | SrcmlStmtDeletion(('src/main/java/weka/classifiers/trees/RandomForest.java.xml', 'stmt', 17)) | SrcmlStmtReplacement(('src/main/java/weka/classifiers/trees/RandomForest.java.xml', 'stmt', 101), ('src/main/java/weka/classifiers/trees/RandomForest.java.xml', 'stmt', 55))"
2024-08-02 04:48:04,575	[INFO]	147     COMPILE_CODE_ERROR    None (--) [3 edit(s)]  
2024-08-02 04:48:04,575	[DEBUG]	patch(147)="SrcmlStmtDeletion(('src/main/java/weka/classifiers/trees/RandomForest.java.xml', 'stmt', 81)) | SrcmlStmtDeletion(('src/main/java/weka/classifiers/trees/RandomForest.java.xml', 'stmt', 17)) | SrcmlStmtInsertion(('src/main/java/weka/classifiers/trees/RandomForest.java.xml', '_inter_block', 188), ('src/main/java/weka/classifiers/trees/RandomForest.java.xml', 'stmt', 121))"
2024-08-02 04:48:31,621	[DEBUG]	EXEC>  SUCCESS 124832953.0
2024-08-02 04:48:31,621	[INFO]	148     SUCCESS               124832953.000000 (99.22%) [3 edit(s)]  
2024-08-02 04:48:31,621	[DEBUG]	patch(148)="SrcmlStmtDeletion(('src/main/java/weka/classifiers/trees/RandomForest.java.xml', 'stmt', 81)) | SrcmlStmtDeletion(('src/main/java/weka/classifiers/trees/RandomForest.java.xml', 'stmt', 17)) | SrcmlStmtDeletion(('src/main/java/weka/classifiers/trees/RandomForest.java.xml', 'stmt', 0))"
2024-08-02 04:48:34,627	[INFO]	149     COMPILE_CODE_ERROR    None (--) [3 edit(s)]  
2024-08-02 04:48:34,627	[DEBUG]	patch(149)="SrcmlStmtDeletion(('src/main/java/weka/classifiers/trees/RandomForest.java.xml', 'stmt', 81)) | SrcmlStmtDeletion(('src/main/java/weka/classifiers/trees/RandomForest.java.xml', 'stmt', 17)) | SrcmlStmtInsertion(('src/main/java/weka/classifiers/trees/RandomForest.java.xml', '_inter_block', 65), ('src/main/java/weka/classifiers/trees/RandomForest.java.xml', 'stmt', 132))"
2024-08-02 04:48:37,454	[INFO]	150     COMPILE_CODE_ERROR    None (--) [3 edit(s)]  
2024-08-02 04:48:37,455	[DEBUG]	patch(150)="SrcmlStmtDeletion(('src/main/java/weka/classifiers/trees/RandomForest.java.xml', 'stmt', 81)) | SrcmlStmtDeletion(('src/main/java/weka/classifiers/trees/RandomForest.java.xml', 'stmt', 17)) | SrcmlStmtInsertion(('src/main/java/weka/classifiers/trees/RandomForest.java.xml', '_inter_block', 205), ('src/main/java/weka/classifiers/trees/RandomForest.java.xml', 'stmt', 60))"
2024-08-02 04:48:40,471	[INFO]	151     COMPILE_CODE_ERROR    None (--) [3 edit(s)]  
2024-08-02 04:48:40,471	[DEBUG]	patch(151)="SrcmlStmtDeletion(('src/main/java/weka/classifiers/trees/RandomForest.java.xml', 'stmt', 81)) | SrcmlStmtDeletion(('src/main/java/weka/classifiers/trees/RandomForest.java.xml', 'stmt', 17)) | SrcmlStmtReplacement(('src/main/java/weka/classifiers/trees/RandomForest.java.xml', 'stmt', 25), ('src/main/java/weka/classifiers/trees/RandomForest.java.xml', 'stmt', 70))"
2024-08-02 04:48:43,377	[INFO]	152     COMPILE_CODE_ERROR    None (--) [3 edit(s)]  
2024-08-02 04:48:43,378	[DEBUG]	patch(152)="SrcmlStmtDeletion(('src/main/java/weka/classifiers/trees/RandomForest.java.xml', 'stmt', 81)) | SrcmlStmtDeletion(('src/main/java/weka/classifiers/trees/RandomForest.java.xml', 'stmt', 17)) | SrcmlStmtReplacement(('src/main/java/weka/classifiers/trees/RandomForest.java.xml', 'stmt', 10), ('src/main/java/weka/classifiers/trees/RandomForest.java.xml', 'stmt', 52))"
2024-08-02 04:49:10,232	[DEBUG]	EXEC>  SUCCESS 124871744.0
2024-08-02 04:49:10,232	[INFO]	153     SUCCESS               124871744.000000 (99.25%) [3 edit(s)]  
2024-08-02 04:49:10,232	[DEBUG]	patch(153)="SrcmlStmtDeletion(('src/main/java/weka/classifiers/trees/RandomForest.java.xml', 'stmt', 81)) | SrcmlStmtDeletion(('src/main/java/weka/classifiers/trees/RandomForest.java.xml', 'stmt', 17)) | SrcmlStmtReplacement(('src/main/java/weka/classifiers/trees/RandomForest.java.xml', 'stmt', 128), ('src/main/java/weka/classifiers/trees/RandomForest.java.xml', 'stmt', 139))"
2024-08-02 04:49:13,228	[INFO]	154     COMPILE_CODE_ERROR    None (--) [3 edit(s)]  
2024-08-02 04:49:13,228	[DEBUG]	patch(154)="SrcmlStmtDeletion(('src/main/java/weka/classifiers/trees/RandomForest.java.xml', 'stmt', 81)) | SrcmlStmtDeletion(('src/main/java/weka/classifiers/trees/RandomForest.java.xml', 'stmt', 17)) | SrcmlStmtInsertion(('src/main/java/weka/classifiers/trees/RandomForest.java.xml', '_inter_block', 75), ('src/main/java/weka/classifiers/trees/RandomForest.java.xml', 'stmt', 134))"
2024-08-02 04:49:40,200	[DEBUG]	EXEC>  SUCCESS 125087486.5
2024-08-02 04:49:40,200	[INFO]	155     SUCCESS               125087486.500000 (99.42%) [3 edit(s)]  
2024-08-02 04:49:40,200	[DEBUG]	patch(155)="SrcmlStmtDeletion(('src/main/java/weka/classifiers/trees/RandomForest.java.xml', 'stmt', 81)) | SrcmlStmtDeletion(('src/main/java/weka/classifiers/trees/RandomForest.java.xml', 'stmt', 17)) | SrcmlStmtDeletion(('src/main/java/weka/classifiers/trees/RandomForest.java.xml', 'stmt', 61))"
2024-08-02 04:50:07,451	[DEBUG]	EXEC>  SUCCESS 125685425.5
2024-08-02 04:50:07,451	[INFO]	156     SUCCESS               125685425.500000 (99.90%) [3 edit(s)]  
2024-08-02 04:50:07,451	[DEBUG]	patch(156)="SrcmlStmtDeletion(('src/main/java/weka/classifiers/trees/RandomForest.java.xml', 'stmt', 81)) | SrcmlStmtDeletion(('src/main/java/weka/classifiers/trees/RandomForest.java.xml', 'stmt', 17)) | SrcmlStmtDeletion(('src/main/java/weka/classifiers/trees/RandomForest.java.xml', 'stmt', 27))"
2024-08-02 04:50:10,435	[INFO]	157     COMPILE_CODE_ERROR    None (--) [3 edit(s)]  
2024-08-02 04:50:10,435	[DEBUG]	patch(157)="SrcmlStmtDeletion(('src/main/java/weka/classifiers/trees/RandomForest.java.xml', 'stmt', 81)) | SrcmlStmtDeletion(('src/main/java/weka/classifiers/trees/RandomForest.java.xml', 'stmt', 17)) | SrcmlStmtInsertion(('src/main/java/weka/classifiers/trees/RandomForest.java.xml', '_inter_block', 81), ('src/main/java/weka/classifiers/trees/RandomForest.java.xml', 'stmt', 141))"
2024-08-02 04:50:13,288	[INFO]	158     COMPILE_CODE_ERROR    None (--) [3 edit(s)]  
2024-08-02 04:50:13,288	[DEBUG]	patch(158)="SrcmlStmtDeletion(('src/main/java/weka/classifiers/trees/RandomForest.java.xml', 'stmt', 81)) | SrcmlStmtDeletion(('src/main/java/weka/classifiers/trees/RandomForest.java.xml', 'stmt', 17)) | SrcmlStmtInsertion(('src/main/java/weka/classifiers/trees/RandomForest.java.xml', '_inter_block', 177), ('src/main/java/weka/classifiers/trees/RandomForest.java.xml', 'stmt', 123))"
2024-08-02 04:50:40,172	[DEBUG]	EXEC>  SUCCESS 128972919.5
2024-08-02 04:50:40,172	[INFO]	159     SUCCESS               128972919.500000 (102.51%) [3 edit(s)]  
2024-08-02 04:50:40,172	[DEBUG]	patch(159)="SrcmlStmtDeletion(('src/main/java/weka/classifiers/trees/RandomForest.java.xml', 'stmt', 81)) | SrcmlStmtDeletion(('src/main/java/weka/classifiers/trees/RandomForest.java.xml', 'stmt', 17)) | SrcmlStmtReplacement(('src/main/java/weka/classifiers/trees/RandomForest.java.xml', 'stmt', 21), ('src/main/java/weka/classifiers/trees/RandomForest.java.xml', 'stmt', 14))"
2024-08-02 04:50:43,032	[INFO]	160     COMPILE_CODE_ERROR    None (--) [3 edit(s)]  
2024-08-02 04:50:43,032	[DEBUG]	patch(160)="SrcmlStmtDeletion(('src/main/java/weka/classifiers/trees/RandomForest.java.xml', 'stmt', 81)) | SrcmlStmtDeletion(('src/main/java/weka/classifiers/trees/RandomForest.java.xml', 'stmt', 17)) | SrcmlStmtReplacement(('src/main/java/weka/classifiers/trees/RandomForest.java.xml', 'stmt', 49), ('src/main/java/weka/classifiers/trees/RandomForest.java.xml', 'stmt', 95))"
2024-08-02 04:50:45,855	[INFO]	161     COMPILE_CODE_ERROR    None (--) [3 edit(s)]  
2024-08-02 04:50:45,855	[DEBUG]	patch(161)="SrcmlStmtDeletion(('src/main/java/weka/classifiers/trees/RandomForest.java.xml', 'stmt', 81)) | SrcmlStmtDeletion(('src/main/java/weka/classifiers/trees/RandomForest.java.xml', 'stmt', 17)) | SrcmlStmtDeletion(('src/main/java/weka/classifiers/trees/RandomForest.java.xml', 'stmt', 1))"
2024-08-02 04:50:48,745	[INFO]	162     COMPILE_CODE_ERROR    None (--) [3 edit(s)]  
2024-08-02 04:50:48,745	[DEBUG]	patch(162)="SrcmlStmtDeletion(('src/main/java/weka/classifiers/trees/RandomForest.java.xml', 'stmt', 81)) | SrcmlStmtDeletion(('src/main/java/weka/classifiers/trees/RandomForest.java.xml', 'stmt', 17)) | SrcmlStmtInsertion(('src/main/java/weka/classifiers/trees/RandomForest.java.xml', '_inter_block', 36), ('src/main/java/weka/classifiers/trees/RandomForest.java.xml', 'stmt', 140))"
2024-08-02 04:50:51,493	[INFO]	163     COMPILE_CODE_ERROR    None (--) [3 edit(s)]  
2024-08-02 04:50:51,493	[DEBUG]	patch(163)="SrcmlStmtDeletion(('src/main/java/weka/classifiers/trees/RandomForest.java.xml', 'stmt', 81)) | SrcmlStmtDeletion(('src/main/java/weka/classifiers/trees/RandomForest.java.xml', 'stmt', 17)) | SrcmlStmtInsertion(('src/main/java/weka/classifiers/trees/RandomForest.java.xml', '_inter_block', 94), ('src/main/java/weka/classifiers/trees/RandomForest.java.xml', 'stmt', 32))"
2024-08-02 04:50:54,330	[INFO]	164     COMPILE_CODE_ERROR    None (--) [3 edit(s)]  
2024-08-02 04:50:54,330	[DEBUG]	patch(164)="SrcmlStmtDeletion(('src/main/java/weka/classifiers/trees/RandomForest.java.xml', 'stmt', 81)) | SrcmlStmtDeletion(('src/main/java/weka/classifiers/trees/RandomForest.java.xml', 'stmt', 17)) | SrcmlStmtReplacement(('src/main/java/weka/classifiers/trees/RandomForest.java.xml', 'stmt', 43), ('src/main/java/weka/classifiers/trees/RandomForest.java.xml', 'stmt', 46))"
2024-08-02 04:50:54,334	[INFO]	165     SUCCESS               128287074.500000 (101.97%) [3 edit(s)] [cached] 
2024-08-02 04:50:54,334	[DEBUG]	patch(165)="SrcmlStmtDeletion(('src/main/java/weka/classifiers/trees/RandomForest.java.xml', 'stmt', 81)) | SrcmlStmtDeletion(('src/main/java/weka/classifiers/trees/RandomForest.java.xml', 'stmt', 17)) | SrcmlStmtDeletion(('src/main/java/weka/classifiers/trees/RandomForest.java.xml', 'stmt', 20))"
2024-08-02 04:50:57,149	[INFO]	166     COMPILE_CODE_ERROR    None (--) [3 edit(s)]  
2024-08-02 04:50:57,149	[DEBUG]	patch(166)="SrcmlStmtDeletion(('src/main/java/weka/classifiers/trees/RandomForest.java.xml', 'stmt', 81)) | SrcmlStmtDeletion(('src/main/java/weka/classifiers/trees/RandomForest.java.xml', 'stmt', 17)) | SrcmlStmtReplacement(('src/main/java/weka/classifiers/trees/RandomForest.java.xml', 'stmt', 66), ('src/main/java/weka/classifiers/trees/RandomForest.java.xml', 'stmt', 24))"
2024-08-02 04:50:59,951	[INFO]	167     COMPILE_CODE_ERROR    None (--) [3 edit(s)]  
2024-08-02 04:50:59,951	[DEBUG]	patch(167)="SrcmlStmtDeletion(('src/main/java/weka/classifiers/trees/RandomForest.java.xml', 'stmt', 81)) | SrcmlStmtDeletion(('src/main/java/weka/classifiers/trees/RandomForest.java.xml', 'stmt', 17)) | SrcmlStmtInsertion(('src/main/java/weka/classifiers/trees/RandomForest.java.xml', '_inter_block', 130), ('src/main/java/weka/classifiers/trees/RandomForest.java.xml', 'stmt', 25))"
2024-08-02 04:51:27,181	[DEBUG]	EXEC>  SUCCESS 124221277.5
2024-08-02 04:51:27,181	[INFO]	168     SUCCESS               124221277.500000 (98.74%) [3 edit(s)]  
2024-08-02 04:51:27,181	[DEBUG]	patch(168)="SrcmlStmtDeletion(('src/main/java/weka/classifiers/trees/RandomForest.java.xml', 'stmt', 81)) | SrcmlStmtDeletion(('src/main/java/weka/classifiers/trees/RandomForest.java.xml', 'stmt', 17)) | SrcmlStmtDeletion(('src/main/java/weka/classifiers/trees/RandomForest.java.xml', 'stmt', 116))"
2024-08-02 04:51:29,997	[INFO]	169     COMPILE_CODE_ERROR    None (--) [3 edit(s)]  
2024-08-02 04:51:29,997	[DEBUG]	patch(169)="SrcmlStmtDeletion(('src/main/java/weka/classifiers/trees/RandomForest.java.xml', 'stmt', 81)) | SrcmlStmtDeletion(('src/main/java/weka/classifiers/trees/RandomForest.java.xml', 'stmt', 17)) | SrcmlStmtReplacement(('src/main/java/weka/classifiers/trees/RandomForest.java.xml', 'stmt', 108), ('src/main/java/weka/classifiers/trees/RandomForest.java.xml', 'stmt', 122))"
2024-08-02 04:51:32,899	[INFO]	170     COMPILE_CODE_ERROR    None (--) [3 edit(s)]  
2024-08-02 04:51:32,900	[DEBUG]	patch(170)="SrcmlStmtDeletion(('src/main/java/weka/classifiers/trees/RandomForest.java.xml', 'stmt', 81)) | SrcmlStmtDeletion(('src/main/java/weka/classifiers/trees/RandomForest.java.xml', 'stmt', 17)) | SrcmlStmtReplacement(('src/main/java/weka/classifiers/trees/RandomForest.java.xml', 'stmt', 124), ('src/main/java/weka/classifiers/trees/RandomForest.java.xml', 'stmt', 61))"
2024-08-02 04:51:35,792	[INFO]	171     COMPILE_CODE_ERROR    None (--) [3 edit(s)]  
2024-08-02 04:51:35,793	[DEBUG]	patch(171)="SrcmlStmtDeletion(('src/main/java/weka/classifiers/trees/RandomForest.java.xml', 'stmt', 81)) | SrcmlStmtDeletion(('src/main/java/weka/classifiers/trees/RandomForest.java.xml', 'stmt', 17)) | SrcmlStmtReplacement(('src/main/java/weka/classifiers/trees/RandomForest.java.xml', 'stmt', 68), ('src/main/java/weka/classifiers/trees/RandomForest.java.xml', 'stmt', 43))"
2024-08-02 04:51:38,607	[INFO]	172     COMPILE_CODE_ERROR    None (--) [3 edit(s)]  
2024-08-02 04:51:38,607	[DEBUG]	patch(172)="SrcmlStmtDeletion(('src/main/java/weka/classifiers/trees/RandomForest.java.xml', 'stmt', 81)) | SrcmlStmtDeletion(('src/main/java/weka/classifiers/trees/RandomForest.java.xml', 'stmt', 17)) | SrcmlStmtReplacement(('src/main/java/weka/classifiers/trees/RandomForest.java.xml', 'stmt', 140), ('src/main/java/weka/classifiers/trees/RandomForest.java.xml', 'stmt', 103))"
2024-08-02 04:51:41,411	[INFO]	173     COMPILE_CODE_ERROR    None (--) [3 edit(s)]  
2024-08-02 04:51:41,411	[DEBUG]	patch(173)="SrcmlStmtDeletion(('src/main/java/weka/classifiers/trees/RandomForest.java.xml', 'stmt', 81)) | SrcmlStmtDeletion(('src/main/java/weka/classifiers/trees/RandomForest.java.xml', 'stmt', 17)) | SrcmlStmtReplacement(('src/main/java/weka/classifiers/trees/RandomForest.java.xml', 'stmt', 28), ('src/main/java/weka/classifiers/trees/RandomForest.java.xml', 'stmt', 119))"
2024-08-02 04:51:44,138	[INFO]	174     COMPILE_CODE_ERROR    None (--) [3 edit(s)]  
2024-08-02 04:51:44,138	[DEBUG]	patch(174)="SrcmlStmtDeletion(('src/main/java/weka/classifiers/trees/RandomForest.java.xml', 'stmt', 81)) | SrcmlStmtDeletion(('src/main/java/weka/classifiers/trees/RandomForest.java.xml', 'stmt', 17)) | SrcmlStmtInsertion(('src/main/java/weka/classifiers/trees/RandomForest.java.xml', '_inter_block', 120), ('src/main/java/weka/classifiers/trees/RandomForest.java.xml', 'stmt', 68))"
2024-08-02 04:51:47,041	[INFO]	175     COMPILE_CODE_ERROR    None (--) [3 edit(s)]  
2024-08-02 04:51:47,041	[DEBUG]	patch(175)="SrcmlStmtDeletion(('src/main/java/weka/classifiers/trees/RandomForest.java.xml', 'stmt', 81)) | SrcmlStmtDeletion(('src/main/java/weka/classifiers/trees/RandomForest.java.xml', 'stmt', 17)) | SrcmlStmtDeletion(('src/main/java/weka/classifiers/trees/RandomForest.java.xml', 'stmt', 89))"
2024-08-02 04:52:13,861	[DEBUG]	EXEC>  SUCCESS 124856034.0
2024-08-02 04:52:13,862	[INFO]	176     SUCCESS               124856034.000000 (99.24%) [3 edit(s)]  
2024-08-02 04:52:13,862	[DEBUG]	patch(176)="SrcmlStmtDeletion(('src/main/java/weka/classifiers/trees/RandomForest.java.xml', 'stmt', 81)) | SrcmlStmtDeletion(('src/main/java/weka/classifiers/trees/RandomForest.java.xml', 'stmt', 17)) | SrcmlStmtReplacement(('src/main/java/weka/classifiers/trees/RandomForest.java.xml', 'stmt', 72), ('src/main/java/weka/classifiers/trees/RandomForest.java.xml', 'stmt', 3))"
2024-08-02 04:52:16,798	[INFO]	177     COMPILE_CODE_ERROR    None (--) [3 edit(s)]  
2024-08-02 04:52:16,798	[DEBUG]	patch(177)="SrcmlStmtDeletion(('src/main/java/weka/classifiers/trees/RandomForest.java.xml', 'stmt', 81)) | SrcmlStmtDeletion(('src/main/java/weka/classifiers/trees/RandomForest.java.xml', 'stmt', 17)) | SrcmlStmtReplacement(('src/main/java/weka/classifiers/trees/RandomForest.java.xml', 'stmt', 13), ('src/main/java/weka/classifiers/trees/RandomForest.java.xml', 'stmt', 130))"
2024-08-02 04:52:43,942	[DEBUG]	EXEC>  SUCCESS 126435049.5
2024-08-02 04:52:43,942	[INFO]	178     SUCCESS               126435049.500000 (100.50%) [3 edit(s)]  
2024-08-02 04:52:43,942	[DEBUG]	patch(178)="SrcmlStmtDeletion(('src/main/java/weka/classifiers/trees/RandomForest.java.xml', 'stmt', 81)) | SrcmlStmtDeletion(('src/main/java/weka/classifiers/trees/RandomForest.java.xml', 'stmt', 17)) | SrcmlStmtDeletion(('src/main/java/weka/classifiers/trees/RandomForest.java.xml', 'stmt', 84))"
2024-08-02 04:52:46,263	[INFO]	179     COMPILE_CODE_ERROR    None (--) [3 edit(s)]  
2024-08-02 04:52:46,264	[DEBUG]	patch(179)="SrcmlStmtDeletion(('src/main/java/weka/classifiers/trees/RandomForest.java.xml', 'stmt', 81)) | SrcmlStmtDeletion(('src/main/java/weka/classifiers/trees/RandomForest.java.xml', 'stmt', 17)) | SrcmlStmtReplacement(('src/main/java/weka/classifiers/trees/RandomForest.java.xml', 'stmt', 1), ('src/main/java/weka/classifiers/trees/RandomForest.java.xml', 'stmt', 78))"
2024-08-02 04:53:13,120	[DEBUG]	EXEC>  SUCCESS 126003897.0
2024-08-02 04:53:13,120	[INFO]	180     SUCCESS               126003897.000000 (100.15%) [3 edit(s)]  
2024-08-02 04:53:13,120	[DEBUG]	patch(180)="SrcmlStmtDeletion(('src/main/java/weka/classifiers/trees/RandomForest.java.xml', 'stmt', 81)) | SrcmlStmtDeletion(('src/main/java/weka/classifiers/trees/RandomForest.java.xml', 'stmt', 17)) | SrcmlStmtDeletion(('src/main/java/weka/classifiers/trees/RandomForest.java.xml', 'stmt', 60))"
2024-08-02 04:53:15,970	[INFO]	181     COMPILE_CODE_ERROR    None (--) [3 edit(s)]  
2024-08-02 04:53:15,970	[DEBUG]	patch(181)="SrcmlStmtDeletion(('src/main/java/weka/classifiers/trees/RandomForest.java.xml', 'stmt', 81)) | SrcmlStmtDeletion(('src/main/java/weka/classifiers/trees/RandomForest.java.xml', 'stmt', 17)) | SrcmlStmtReplacement(('src/main/java/weka/classifiers/trees/RandomForest.java.xml', 'stmt', 86), ('src/main/java/weka/classifiers/trees/RandomForest.java.xml', 'stmt', 18))"
2024-08-02 04:53:42,753	[DEBUG]	EXEC>  SUCCESS 123726984.0
2024-08-02 04:53:42,753	[INFO]	182     SUCCESS               123726984.000000 (98.34%) [3 edit(s)]  
2024-08-02 04:53:42,753	[DEBUG]	patch(182)="SrcmlStmtDeletion(('src/main/java/weka/classifiers/trees/RandomForest.java.xml', 'stmt', 81)) | SrcmlStmtDeletion(('src/main/java/weka/classifiers/trees/RandomForest.java.xml', 'stmt', 17)) | SrcmlStmtDeletion(('src/main/java/weka/classifiers/trees/RandomForest.java.xml', 'stmt', 102))"
2024-08-02 04:54:09,967	[DEBUG]	EXEC>  SUCCESS 123606249.0
2024-08-02 04:54:09,967	[INFO]	183     SUCCESS               123606249.000000 (98.25%) [3 edit(s)]  
2024-08-02 04:54:09,967	[DEBUG]	patch(183)="SrcmlStmtDeletion(('src/main/java/weka/classifiers/trees/RandomForest.java.xml', 'stmt', 81)) | SrcmlStmtDeletion(('src/main/java/weka/classifiers/trees/RandomForest.java.xml', 'stmt', 17)) | SrcmlStmtDeletion(('src/main/java/weka/classifiers/trees/RandomForest.java.xml', 'stmt', 50))"
2024-08-02 04:54:09,971	[INFO]	184     SUCCESS               124019758.500000 (98.58%) [3 edit(s)] [cached] 
2024-08-02 04:54:09,971	[DEBUG]	patch(184)="SrcmlStmtDeletion(('src/main/java/weka/classifiers/trees/RandomForest.java.xml', 'stmt', 81)) | SrcmlStmtDeletion(('src/main/java/weka/classifiers/trees/RandomForest.java.xml', 'stmt', 17)) | SrcmlStmtDeletion(('src/main/java/weka/classifiers/trees/RandomForest.java.xml', 'stmt', 119))"
2024-08-02 04:54:12,865	[INFO]	185     COMPILE_CODE_ERROR    None (--) [3 edit(s)]  
2024-08-02 04:54:12,865	[DEBUG]	patch(185)="SrcmlStmtDeletion(('src/main/java/weka/classifiers/trees/RandomForest.java.xml', 'stmt', 81)) | SrcmlStmtDeletion(('src/main/java/weka/classifiers/trees/RandomForest.java.xml', 'stmt', 17)) | SrcmlStmtInsertion(('src/main/java/weka/classifiers/trees/RandomForest.java.xml', '_inter_block', 115), ('src/main/java/weka/classifiers/trees/RandomForest.java.xml', 'stmt', 81))"
2024-08-02 04:54:15,516	[INFO]	186     COMPILE_CODE_ERROR    None (--) [3 edit(s)]  
2024-08-02 04:54:15,516	[DEBUG]	patch(186)="SrcmlStmtDeletion(('src/main/java/weka/classifiers/trees/RandomForest.java.xml', 'stmt', 81)) | SrcmlStmtDeletion(('src/main/java/weka/classifiers/trees/RandomForest.java.xml', 'stmt', 17)) | SrcmlStmtReplacement(('src/main/java/weka/classifiers/trees/RandomForest.java.xml', 'stmt', 131), ('src/main/java/weka/classifiers/trees/RandomForest.java.xml', 'stmt', 16))"
2024-08-02 04:54:18,440	[INFO]	187     COMPILE_CODE_ERROR    None (--) [3 edit(s)]  
2024-08-02 04:54:18,440	[DEBUG]	patch(187)="SrcmlStmtDeletion(('src/main/java/weka/classifiers/trees/RandomForest.java.xml', 'stmt', 81)) | SrcmlStmtDeletion(('src/main/java/weka/classifiers/trees/RandomForest.java.xml', 'stmt', 17)) | SrcmlStmtReplacement(('src/main/java/weka/classifiers/trees/RandomForest.java.xml', 'stmt', 17), ('src/main/java/weka/classifiers/trees/RandomForest.java.xml', 'stmt', 40))"
2024-08-02 04:54:20,902	[INFO]	188     COMPILE_CODE_ERROR    None (--) [3 edit(s)]  
2024-08-02 04:54:20,902	[DEBUG]	patch(188)="SrcmlStmtDeletion(('src/main/java/weka/classifiers/trees/RandomForest.java.xml', 'stmt', 81)) | SrcmlStmtDeletion(('src/main/java/weka/classifiers/trees/RandomForest.java.xml', 'stmt', 17)) | SrcmlStmtInsertion(('src/main/java/weka/classifiers/trees/RandomForest.java.xml', '_inter_block', 207), ('src/main/java/weka/classifiers/trees/RandomForest.java.xml', 'stmt', 95))"
2024-08-02 04:54:23,818	[INFO]	189     COMPILE_CODE_ERROR    None (--) [3 edit(s)]  
2024-08-02 04:54:23,818	[DEBUG]	patch(189)="SrcmlStmtDeletion(('src/main/java/weka/classifiers/trees/RandomForest.java.xml', 'stmt', 81)) | SrcmlStmtDeletion(('src/main/java/weka/classifiers/trees/RandomForest.java.xml', 'stmt', 17)) | SrcmlStmtReplacement(('src/main/java/weka/classifiers/trees/RandomForest.java.xml', 'stmt', 73), ('src/main/java/weka/classifiers/trees/RandomForest.java.xml', 'stmt', 102))"
2024-08-02 04:54:26,546	[INFO]	190     COMPILE_CODE_ERROR    None (--) [3 edit(s)]  
2024-08-02 04:54:26,546	[DEBUG]	patch(190)="SrcmlStmtDeletion(('src/main/java/weka/classifiers/trees/RandomForest.java.xml', 'stmt', 81)) | SrcmlStmtDeletion(('src/main/java/weka/classifiers/trees/RandomForest.java.xml', 'stmt', 17)) | SrcmlStmtReplacement(('src/main/java/weka/classifiers/trees/RandomForest.java.xml', 'stmt', 53), ('src/main/java/weka/classifiers/trees/RandomForest.java.xml', 'stmt', 58))"
2024-08-02 04:54:53,190	[DEBUG]	EXEC>  SUCCESS 122466537.5
2024-08-02 04:54:53,190	[INFO]	191     SUCCESS               122466537.500000 (97.34%) [3 edit(s)]  
2024-08-02 04:54:53,190	[DEBUG]	patch(191)="SrcmlStmtDeletion(('src/main/java/weka/classifiers/trees/RandomForest.java.xml', 'stmt', 81)) | SrcmlStmtDeletion(('src/main/java/weka/classifiers/trees/RandomForest.java.xml', 'stmt', 17)) | SrcmlStmtReplacement(('src/main/java/weka/classifiers/trees/RandomForest.java.xml', 'stmt', 43), ('src/main/java/weka/classifiers/trees/RandomForest.java.xml', 'stmt', 89))"
2024-08-02 04:55:20,485	[DEBUG]	EXEC>  SUCCESS 121086469.0
2024-08-02 04:55:20,490	[INFO]	192     SUCCESS               121086469.000000 (96.24%) [3 edit(s)]  
2024-08-02 04:55:20,490	[DEBUG]	patch(192)="SrcmlStmtDeletion(('src/main/java/weka/classifiers/trees/RandomForest.java.xml', 'stmt', 81)) | SrcmlStmtDeletion(('src/main/java/weka/classifiers/trees/RandomForest.java.xml', 'stmt', 17)) | SrcmlStmtDeletion(('src/main/java/weka/classifiers/trees/RandomForest.java.xml', 'stmt', 115))"
2024-08-02 04:55:47,669	[DEBUG]	EXEC>  SUCCESS 125436376.5
2024-08-02 04:55:47,669	[INFO]	193     SUCCESS               125436376.500000 (99.70%) [3 edit(s)]  
2024-08-02 04:55:47,669	[DEBUG]	patch(193)="SrcmlStmtDeletion(('src/main/java/weka/classifiers/trees/RandomForest.java.xml', 'stmt', 81)) | SrcmlStmtDeletion(('src/main/java/weka/classifiers/trees/RandomForest.java.xml', 'stmt', 17)) | SrcmlStmtDeletion(('src/main/java/weka/classifiers/trees/RandomForest.java.xml', 'stmt', 21))"
2024-08-02 04:55:47,672	[INFO]	~~~~ END ~~~~
2024-08-02 04:55:47,673	[INFO]	
2024-08-02 04:55:47,673	[INFO]	==== REPORT ====
2024-08-02 04:55:47,673	[INFO]	Termination: time budget
2024-08-02 04:55:47,673	[INFO]	Retries: 2
2024-08-02 04:55:47,673	[INFO]	Log file: /home/dbouras/magpie/_magpie_logs/weka_1722569029.log
2024-08-02 04:55:47,673	[INFO]	Patch file: _magpie_logs/weka_1722569029.patch
2024-08-02 04:55:47,673	[INFO]	Diff file: _magpie_logs/weka_1722569029.diff
2024-08-02 04:55:47,673	[INFO]	Reference fitness: 125811932.000000
2024-08-02 04:55:47,673	[INFO]	Best fitness: 121058920.500000
2024-08-02 04:55:47,674	[INFO]	
2024-08-02 04:55:47,674	[INFO]	==== BEST PATCH ====
SrcmlStmtDeletion(('src/main/java/weka/classifiers/trees/RandomForest.java.xml', 'stmt', 81)) | SrcmlStmtDeletion(('src/main/java/weka/classifiers/trees/RandomForest.java.xml', 'stmt', 17))
2024-08-02 04:55:47,675	[INFO]	
2024-08-02 04:55:47,675	[INFO]	==== DIFF ====
[1m--- before: src/main/java/weka/classifiers/trees/RandomForest.java[0m
[1m+++ after: src/main/java/weka/classifiers/trees/RandomForest.java[0m
[36m@@ -277,7 +277,7 @@[0m
     result = new TechnicalInformation(Type.ARTICLE);
     result.setValue(Field.AUTHOR, "Leo Breiman");
     result.setValue(Field.YEAR, "2001");
[31m-    result.setValue(Field.TITLE, "Random Forests");[0m
[32m+    [0m
     result.setValue(Field.JOURNAL, "Machine Learning");
     result.setValue(Field.VOLUME, "45");
     result.setValue(Field.NUMBER, "1");
[36m@@ -592,11 +592,7 @@[0m
         "\tWhether to store out of bag predictions in internal evaluation object.",
         "store-out-of-bag-predictions", 0, "-store-out-of-bag-predictions"));
 
[31m-    newVector[0m
[31m-      .addElement(new Option([0m
[31m-        "\tWhether to output complexity-based statistics when out-of-bag evaluation is performed.",[0m
[31m-        "output-out-of-bag-complexity-statistics", 0,[0m
[31m-        "-output-out-of-bag-complexity-statistics"));[0m
[32m+    [0m
 
     newVector
       .addElement(new Option(

