2024-06-11 16:09:04,968	[DEBUG]	==== CONFIG ====
[magpie]
import = 
seed = 3739737553535518
log_dir = _magpie_logs
work_dir = _magpie_work
local_original_copy = True
local_original_name = __original__
output_encoding = ascii
edit_retries = 10
default_timeout = 30
default_lengthout = 1e6
diff_method = unified
trust_local_filesystem = True

[magpie.log]
color_output = True
format_info = {counter:<7} {status:<20} {best}{fitness} ({ratio}) [{size}] {cached} {log}
format_debug = patch({counter})="{patch}"{diffifbest}
format_fitness = {:.6f}
format_ratio = {:.2%%}
format_patchif = 
	 --> {patch}
format_diffif = 
	{diff}

[software]
path = examples/minisat
target_files = minisat_simplified.params
software = BasicSoftware
model_rules = 
	*.params : ParamFileConfigModel
	*.xml : SrcmlModel
	* : LineModel
model_config = 
	*.params : [paramconfig]
	*.xml : [srcml]
init_cmd = bash init.sh
init_timeout = 60
init_lengthout = -1
setup_cmd = bash compile.sh
setup_timeout = 
setup_lengthout = 
compile_cmd = 
compile_timeout = 
compile_lengthout = 
test_cmd = bash test.sh
test_timeout = 
test_lengthout = 
run_cmd = bash run_fixed.sh
run_timeout = 
run_lengthout = 
retries = 2
batch_timeout = 
batch_lengthout = 
batch_bin_fitness_strategy = aggregate
batch_fitness_strategy = sum
fitness = time

[srcml]
rename = 
	stmt: break continue decl_stmt do expr_stmt for goto if return switch while
	number: literal_number
focus = block stmt operator_comp operator_arith number
internodes = block
process_pseudo_blocks = True
process_literals = True
process_operators = True

[paramconfig]
timing = test run
cli_prefix = --
cli_glue = =
cli_boolean = show
cli_boolean_prefix_true = 
cli_boolean_prefix_false = no-
cli_none = hide
silent_prefix = @
silent_suffix = $

[search]
protocol = BasicProtocol
algorithm = FirstImprovement
possible_edits = ParamSetting
warmup = 3
warmup_strategy = last
max_steps = 1000
max_time = 60
target_fitness = 
cache_maxsize = 100
cache_keep = 0.2
batch_instances = 
batch_shuffle = True
batch_bin_shuffle = False
batch_sample_size = 1

[search.ls]
delete_prob = 0.5
max_neighbours = 
when_trapped = continue
accept_fail = False
tabu_length = 10

[search.gp]
pop_size = 10
delete_prob = 0.5
offspring_elitism = 0.1
offspring_crossover = 0.5
offspring_mutation = 0.4
uniform_rate = 0.5
batch_reset = True

[search.minify]
do_cleanup = True
do_rebuild = True
do_simplify = True
round_robin_limit = 3


2024-06-11 16:09:04,969	[DEBUG]	
2024-06-11 16:09:04,969	[INFO]	==== SEARCH: FirstImprovement ====
2024-06-11 16:09:04,969	[INFO]	~~~~ WARMUP ~~~~
2024-06-11 16:09:31,752	[DEBUG]	EXEC>  SUCCESS 11.6097
2024-06-11 16:09:31,752	[INFO]	WARM    SUCCESS               11.609700 (--) [0 edit(s)]  
2024-06-11 16:09:55,173	[DEBUG]	EXEC>  SUCCESS 11.6001
2024-06-11 16:09:55,173	[INFO]	WARM    SUCCESS               11.600100 (--) [0 edit(s)]  
2024-06-11 16:10:18,580	[DEBUG]	EXEC>  SUCCESS 11.593
2024-06-11 16:10:18,580	[INFO]	WARM    SUCCESS               11.593000 (--) [0 edit(s)]  
2024-06-11 16:10:18,580	[INFO]	REF     SUCCESS               11.593000 (--) [0 edit(s)]  
2024-06-11 16:10:18,580	[INFO]	
2024-06-11 16:10:18,581	[INFO]	~~~~ START ~~~~
2024-06-11 16:10:18,581	[INFO]	1       SUCCESS              +11.593000 (100.00%) [1 edit(s)] [cached] 
2024-06-11 16:10:18,582	[DEBUG]	patch(1)="ParamSetting(('minisat_simplified.params', 'param', 'rnd-init'), 'False')"
2024-06-11 16:10:22,935	[DEBUG]	EXEC>  SUCCESS 2.1114
2024-06-11 16:10:22,936	[INFO]	2       SUCCESS              *2.111400 (18.21%) [2 edit(s)]  
2024-06-11 16:10:22,936	[DEBUG]	patch(2)="ParamSetting(('minisat_simplified.params', 'param', 'rnd-init'), 'False') | ParamSetting(('minisat_simplified.params', 'param', 'rinc'), 7981.08238044582)"
--- before: minisat_simplified.params
+++ after: minisat_simplified.params
@@ -1,7 +1,7 @@
 luby := 'True'
 rnd-init := 'False'
 gc-frac := 0.2
-rinc := 2.0
+rinc := 7981.08238044582
 var-decay := 0.95
 cla-decay := 0.999
 rnd-freq := 0.0

2024-06-11 16:10:22,937	[INFO]	3       SUCCESS              +2.111400 (18.21%) [1 edit(s)] [cached] 
2024-06-11 16:10:22,937	[DEBUG]	patch(3)="ParamSetting(('minisat_simplified.params', 'param', 'rinc'), 7981.08238044582)"
2024-06-11 16:10:27,821	[DEBUG]	EXEC>  SUCCESS 2.3621
2024-06-11 16:10:27,821	[INFO]	4       SUCCESS               2.362100 (20.38%) [2 edit(s)]  
2024-06-11 16:10:27,821	[DEBUG]	patch(4)="ParamSetting(('minisat_simplified.params', 'param', 'rinc'), 7981.08238044582) | ParamSetting(('minisat_simplified.params', 'param', 'elim'), 'False')"
2024-06-11 16:10:32,611	[DEBUG]	EXEC>  SUCCESS 2.2909
2024-06-11 16:10:32,611	[INFO]	5       SUCCESS               2.290900 (19.76%) [2 edit(s)]  
2024-06-11 16:10:32,611	[DEBUG]	patch(5)="ParamSetting(('minisat_simplified.params', 'param', 'rinc'), 7981.08238044582) | ParamSetting(('minisat_simplified.params', 'param', 'phase-saving'), 0)"
2024-06-11 16:10:32,612	[INFO]	6       SUCCESS               11.593000 (100.00%) [0 edit(s)] [cached] 
2024-06-11 16:10:32,612	[DEBUG]	patch(6)=""
2024-06-11 16:10:37,090	[DEBUG]	EXEC>  SUCCESS 2.1669
2024-06-11 16:10:37,090	[INFO]	7       SUCCESS               2.166900 (18.69%) [2 edit(s)]  
2024-06-11 16:10:37,090	[DEBUG]	patch(7)="ParamSetting(('minisat_simplified.params', 'param', 'rinc'), 7981.08238044582) | ParamSetting(('minisat_simplified.params', 'param', 'gc-frac'), 2539.0039126128418)"
2024-06-11 16:10:41,647	[DEBUG]	EXEC>  SUCCESS 2.2218
2024-06-11 16:10:41,647	[INFO]	8       SUCCESS               2.221800 (19.17%) [2 edit(s)]  
2024-06-11 16:10:41,648	[DEBUG]	patch(8)="ParamSetting(('minisat_simplified.params', 'param', 'rinc'), 7981.08238044582) | ParamSetting(('minisat_simplified.params', 'param', 'rfirst'), 12395)"
2024-06-11 16:10:45,710	[DEBUG]	EXEC>  SUCCESS 1.9538
2024-06-11 16:10:45,711	[INFO]	9       SUCCESS              *1.953800 (16.85%) [2 edit(s)]  
2024-06-11 16:10:45,711	[DEBUG]	patch(9)="ParamSetting(('minisat_simplified.params', 'param', 'rinc'), 7981.08238044582) | ParamSetting(('minisat_simplified.params', 'param', 'rcheck'), 'True')"
--- before: minisat_simplified.params
+++ after: minisat_simplified.params
@@ -1,7 +1,7 @@
 luby := 'True'
 rnd-init := 'False'
 gc-frac := 0.2
-rinc := 2.0
+rinc := 7981.08238044582
 var-decay := 0.95
 cla-decay := 0.999
 rnd-freq := 0.0
@@ -11,7 +11,7 @@
 rfirst := 100
 pre := 'True'
 verb := '1'
-rcheck := 'False'
+rcheck := 'True'
 asymm := 'False'
 elim := 'True'
 simp-gc-frac := 0.5

2024-06-11 16:11:05,890	[DEBUG]	EXEC>  SUCCESS 10.0248
2024-06-11 16:11:05,890	[INFO]	10      SUCCESS               10.024800 (86.47%) [1 edit(s)]  
2024-06-11 16:11:05,890	[DEBUG]	patch(10)="ParamSetting(('minisat_simplified.params', 'param', 'rcheck'), 'True')"
2024-06-11 16:11:12,471	[DEBUG]	EXEC>  SUCCESS 3.2241
2024-06-11 16:11:12,471	[INFO]	11      SUCCESS               3.224100 (27.81%) [3 edit(s)]  
2024-06-11 16:11:12,471	[DEBUG]	patch(11)="ParamSetting(('minisat_simplified.params', 'param', 'rinc'), 7981.08238044582) | ParamSetting(('minisat_simplified.params', 'param', 'rcheck'), 'True') | ParamSetting(('minisat_simplified.params', 'param', 'ccmin-mode'), 0)"
2024-06-11 16:11:16,559	[DEBUG]	EXEC>  SUCCESS 1.9479
2024-06-11 16:11:16,560	[INFO]	12      SUCCESS              *1.947900 (16.80%) [3 edit(s)]  
2024-06-11 16:11:16,560	[DEBUG]	patch(12)="ParamSetting(('minisat_simplified.params', 'param', 'rinc'), 7981.08238044582) | ParamSetting(('minisat_simplified.params', 'param', 'rcheck'), 'True') | ParamSetting(('minisat_simplified.params', 'param', 'cl-lim'), 27937)"
--- before: minisat_simplified.params
+++ after: minisat_simplified.params
@@ -1,7 +1,7 @@
 luby := 'True'
 rnd-init := 'False'
 gc-frac := 0.2
-rinc := 2.0
+rinc := 7981.08238044582
 var-decay := 0.95
 cla-decay := 0.999
 rnd-freq := 0.0
@@ -11,10 +11,10 @@
 rfirst := 100
 pre := 'True'
 verb := '1'
-rcheck := 'False'
+rcheck := 'True'
 asymm := 'False'
 elim := 'True'
 simp-gc-frac := 0.5
 sub-lim := 1000
-cl-lim := 20
+cl-lim := 27937
 grow := 0

2024-06-11 16:11:36,899	[DEBUG]	EXEC>  SUCCESS 10.0971
2024-06-11 16:11:36,899	[INFO]	13      SUCCESS               10.097100 (87.10%) [2 edit(s)]  
2024-06-11 16:11:36,899	[DEBUG]	patch(13)="ParamSetting(('minisat_simplified.params', 'param', 'rcheck'), 'True') | ParamSetting(('minisat_simplified.params', 'param', 'cl-lim'), 27937)"
2024-06-11 16:11:36,900	[INFO]	~~~~ END ~~~~
2024-06-11 16:11:36,900	[INFO]	
2024-06-11 16:11:36,900	[INFO]	==== REPORT ====
2024-06-11 16:11:36,900	[INFO]	Termination: time budget
2024-06-11 16:11:36,900	[INFO]	Retries: 2
2024-06-11 16:11:36,900	[INFO]	Log file: /home/jim/magpie/_magpie_logs/minisat_1718118544.log
2024-06-11 16:11:36,901	[INFO]	Patch file: _magpie_logs/minisat_1718118544.patch
2024-06-11 16:11:36,901	[INFO]	Diff file: _magpie_logs/minisat_1718118544.diff
2024-06-11 16:11:36,901	[INFO]	Reference fitness: 11.593000
2024-06-11 16:11:36,901	[INFO]	Best fitness: 1.947900
2024-06-11 16:11:36,901	[INFO]	
2024-06-11 16:11:36,902	[INFO]	==== BEST PATCH ====
ParamSetting(('minisat_simplified.params', 'param', 'rinc'), 7981.08238044582) | ParamSetting(('minisat_simplified.params', 'param', 'rcheck'), 'True') | ParamSetting(('minisat_simplified.params', 'param', 'cl-lim'), 27937)
2024-06-11 16:11:36,902	[INFO]	
2024-06-11 16:11:36,903	[INFO]	==== DIFF ====
[1m--- before: minisat_simplified.params[0m
[1m+++ after: minisat_simplified.params[0m
[36m@@ -1,7 +1,7 @@[0m
 luby := 'True'
 rnd-init := 'False'
 gc-frac := 0.2
[31m-rinc := 2.0[0m
[32m+rinc := 7981.08238044582[0m
 var-decay := 0.95
 cla-decay := 0.999
 rnd-freq := 0.0
[36m@@ -11,10 +11,10 @@[0m
 rfirst := 100
 pre := 'True'
 verb := '1'
[31m-rcheck := 'False'[0m
[32m+rcheck := 'True'[0m
 asymm := 'False'
 elim := 'True'
 simp-gc-frac := 0.5
 sub-lim := 1000
[31m-cl-lim := 20[0m
[32m+cl-lim := 27937[0m
 grow := 0

