2024-06-30 08:22:30,517	[DEBUG]	==== CONFIG ====
[magpie]
import = 
seed = 2949672488847844
log_dir = _magpie_logs
work_dir = _magpie_work
local_original_copy = True
local_original_name = __original__
output_encoding = ascii
edit_retries = 10
default_timeout = 100
default_lengthout = 1e6
diff_method = unified
trust_local_filesystem = True
run_timeout = 100

[magpie.log]
color_output = True
format_info = {counter:<7} {status:<20} {best}{fitness} ({ratio}) [{size}] {cached} {log}
format_debug = patch({counter})="{patch}"{diffifbest}
format_fitness = {:.6f}
format_ratio = {:.2%%}
format_patchif = 
	 --> {patch}
format_diffif = 
	{diff}

[software]
path = examples/minisat
target_files = 
	core/Solver.cc.xml
software = BasicSoftware
model_rules = 
	*.params : ParamFileConfigModel
	*.xml : SrcmlModel
	* : LineModel
model_config = 
	*.params : [paramconfig]
	*.xml : [srcml]
init_cmd = bash init.sh
init_timeout = 60
init_lengthout = -1
setup_cmd = bash compile.sh
setup_timeout = 
setup_lengthout = 
compile_cmd = bash compile.sh
compile_timeout = 
compile_lengthout = 
test_cmd = bash test.sh
test_timeout = 
test_lengthout = 
run_cmd = ./run_custom.sh "bash run_fixed.sh"
run_timeout = 
run_lengthout = 
retries = 4
batch_timeout = 
batch_lengthout = 
batch_bin_fitness_strategy = aggregate
batch_fitness_strategy = sum
fitness = weights

[srcml]
rename = 
	stmt: break continue decl_stmt do expr_stmt for goto if return switch while
	number: literal_number
focus = block stmt operator_comp operator_arith number
internodes = block
process_pseudo_blocks = True
process_literals = True
process_operators = True

[paramconfig]
timing = test run
cli_prefix = --
cli_glue = =
cli_boolean = show
cli_boolean_prefix_true = 
cli_boolean_prefix_false = no-
cli_none = hide
silent_prefix = @
silent_suffix = $

[search]
protocol = BasicProtocol
algorithm = FirstImprovement
possible_edits = 
	SrcmlStmtReplacement
	SrcmlStmtInsertion
	SrcmlStmtDeletion
warmup = 3
warmup_strategy = last
max_steps = 10000
max_time = 2200
target_fitness = 
cache_maxsize = 100
cache_keep = 0.2
batch_instances = 
batch_shuffle = True
batch_bin_shuffle = False
batch_sample_size = 1

[search.ls]
delete_prob = 0.5
max_neighbours = 
when_trapped = continue
accept_fail = False
tabu_length = 10

[search.gp]
pop_size = 10
delete_prob = 0.5
offspring_elitism = 0.1
offspring_crossover = 0.5
offspring_mutation = 0.4
uniform_rate = 0.5
batch_reset = True

[search.minify]
do_cleanup = True
do_rebuild = True
do_simplify = True
round_robin_limit = 3


2024-06-30 08:22:30,517	[DEBUG]	
2024-06-30 08:22:30,517	[INFO]	==== SEARCH: FirstImprovement ====
2024-06-30 08:22:30,517	[INFO]	~~~~ WARMUP ~~~~
2024-06-30 08:23:38,503	[DEBUG]	EXEC>  SUCCESS 108764467.21649998
2024-06-30 08:23:38,503	[INFO]	WARM    SUCCESS               108764467.216500 (--) [0 edit(s)]  
2024-06-30 08:24:41,737	[DEBUG]	EXEC>  SUCCESS 117776072.40724999
2024-06-30 08:24:41,738	[INFO]	WARM    SUCCESS               117776072.407250 (--) [0 edit(s)]  
2024-06-30 08:25:44,894	[DEBUG]	EXEC>  SUCCESS 112226966.04275
2024-06-30 08:25:44,894	[INFO]	WARM    SUCCESS               112226966.042750 (--) [0 edit(s)]  
2024-06-30 08:25:44,894	[INFO]	REF     SUCCESS               112226966.042750 (--) [0 edit(s)]  
2024-06-30 08:25:44,894	[INFO]	
2024-06-30 08:25:44,894	[INFO]	~~~~ START ~~~~
2024-06-30 08:25:45,342	[INFO]	1       COMPILE_CODE_ERROR    None (--) [1 edit(s)]  
2024-06-30 08:25:45,342	[DEBUG]	patch(1)="SrcmlStmtReplacement(('core/Solver.cc.xml', 'stmt', 21), ('core/Solver.cc.xml', 'stmt', 336))"
2024-06-30 08:25:45,789	[INFO]	2       COMPILE_CODE_ERROR    None (--) [1 edit(s)]  
2024-06-30 08:25:45,789	[DEBUG]	patch(2)="SrcmlStmtReplacement(('core/Solver.cc.xml', 'stmt', 292), ('core/Solver.cc.xml', 'stmt', 412))"
2024-06-30 08:25:47,677	[INFO]	3       TEST_CODE_ERROR       None (--) [1 edit(s)]  
2024-06-30 08:25:47,677	[DEBUG]	patch(3)="SrcmlStmtDeletion(('core/Solver.cc.xml', 'stmt', 21))"
2024-06-30 08:26:52,618	[DEBUG]	EXEC>  SUCCESS 149921175.99375
2024-06-30 08:26:52,618	[INFO]	4       SUCCESS               149921175.993750 (133.59%) [1 edit(s)]  
2024-06-30 08:26:52,618	[DEBUG]	patch(4)="SrcmlStmtDeletion(('core/Solver.cc.xml', 'stmt', 180))"
2024-06-30 08:28:34,551	[INFO]	5       TEST_TIMEOUT          None (--) [1 edit(s)]  
2024-06-30 08:28:34,551	[DEBUG]	patch(5)="SrcmlStmtReplacement(('core/Solver.cc.xml', 'stmt', 369), ('core/Solver.cc.xml', 'stmt', 273))"
2024-06-30 08:28:34,998	[INFO]	6       COMPILE_CODE_ERROR    None (--) [1 edit(s)]  
2024-06-30 08:28:34,998	[DEBUG]	patch(6)="SrcmlStmtDeletion(('core/Solver.cc.xml', 'stmt', 412))"
2024-06-30 08:30:16,895	[INFO]	7       TEST_TIMEOUT          None (--) [1 edit(s)]  
2024-06-30 08:30:16,895	[DEBUG]	patch(7)="SrcmlStmtDeletion(('core/Solver.cc.xml', 'stmt', 331))"
2024-06-30 08:30:17,347	[INFO]	8       COMPILE_CODE_ERROR    None (--) [1 edit(s)]  
2024-06-30 08:30:17,347	[DEBUG]	patch(8)="SrcmlStmtReplacement(('core/Solver.cc.xml', 'stmt', 262), ('core/Solver.cc.xml', 'stmt', 391))"
2024-06-30 08:31:22,135	[DEBUG]	EXEC>  SUCCESS 97222818.50475
2024-06-30 08:31:22,135	[INFO]	9       SUCCESS              *97222818.504750 (86.63%) [1 edit(s)]  
2024-06-30 08:31:22,135	[DEBUG]	patch(9)="SrcmlStmtDeletion(('core/Solver.cc.xml', 'stmt', 427))"
--- before: core/Solver.cc
+++ after: core/Solver.cc
@@ -1078,8 +1078,7 @@
     relocAll(to);
     if (verbosity >= 2)
         /*auto*/{
-            printf("|  Garbage collection:   %12d bytes => %12d bytes             |\n", 
-               ca.size()*ClauseAllocator::Unit_Size, to.size()*ClauseAllocator::Unit_Size);
+            
         }/*auto*/
     to.moveTo(ca);
 }

2024-06-30 08:31:22,139	[INFO]	10      SUCCESS               112226966.042750 (100.00%) [0 edit(s)] [cached] 
2024-06-30 08:31:22,139	[DEBUG]	patch(10)=""
2024-06-30 08:31:22,594	[INFO]	11      COMPILE_CODE_ERROR    None (--) [2 edit(s)]  
2024-06-30 08:31:22,594	[DEBUG]	patch(11)="SrcmlStmtDeletion(('core/Solver.cc.xml', 'stmt', 427)) | SrcmlStmtInsertion(('core/Solver.cc.xml', '_inter_block', 57), ('core/Solver.cc.xml', 'stmt', 377))"
2024-06-30 08:31:23,047	[INFO]	12      COMPILE_CODE_ERROR    None (--) [2 edit(s)]  
2024-06-30 08:31:23,047	[DEBUG]	patch(12)="SrcmlStmtDeletion(('core/Solver.cc.xml', 'stmt', 427)) | SrcmlStmtReplacement(('core/Solver.cc.xml', 'stmt', 370), ('core/Solver.cc.xml', 'stmt', 313))"
2024-06-30 08:31:23,501	[INFO]	13      COMPILE_CODE_ERROR    None (--) [2 edit(s)]  
2024-06-30 08:31:23,501	[DEBUG]	patch(13)="SrcmlStmtDeletion(('core/Solver.cc.xml', 'stmt', 427)) | SrcmlStmtReplacement(('core/Solver.cc.xml', 'stmt', 409), ('core/Solver.cc.xml', 'stmt', 177))"
2024-06-30 08:31:25,339	[INFO]	14      TEST_CODE_ERROR       None (--) [2 edit(s)]  
2024-06-30 08:31:25,339	[DEBUG]	patch(14)="SrcmlStmtDeletion(('core/Solver.cc.xml', 'stmt', 427)) | SrcmlStmtInsertion(('core/Solver.cc.xml', '_inter_block', 135), ('core/Solver.cc.xml', 'stmt', 114))"
2024-06-30 08:32:30,274	[DEBUG]	EXEC>  SUCCESS 95693127.8235
2024-06-30 08:32:30,275	[INFO]	15      SUCCESS              *95693127.823500 (85.27%) [2 edit(s)]  
2024-06-30 08:32:30,275	[DEBUG]	patch(15)="SrcmlStmtDeletion(('core/Solver.cc.xml', 'stmt', 427)) | SrcmlStmtDeletion(('core/Solver.cc.xml', 'stmt', 373))"
--- before: core/Solver.cc
+++ after: core/Solver.cc
@@ -925,7 +925,7 @@
         map.growTo(x+1, -1);
         map[x] = max++;
     }
-    return map[x];
+    
 }
 
 
@@ -1078,8 +1078,7 @@
     relocAll(to);
     if (verbosity >= 2)
         /*auto*/{
-            printf("|  Garbage collection:   %12d bytes => %12d bytes             |\n", 
-               ca.size()*ClauseAllocator::Unit_Size, to.size()*ClauseAllocator::Unit_Size);
+            
         }/*auto*/
     to.moveTo(ca);
 }

2024-06-30 08:32:30,735	[INFO]	16      COMPILE_CODE_ERROR    None (--) [3 edit(s)]  
2024-06-30 08:32:30,735	[DEBUG]	patch(16)="SrcmlStmtDeletion(('core/Solver.cc.xml', 'stmt', 427)) | SrcmlStmtDeletion(('core/Solver.cc.xml', 'stmt', 373)) | SrcmlStmtInsertion(('core/Solver.cc.xml', '_inter_block', 285), ('core/Solver.cc.xml', 'stmt', 286))"
2024-06-30 08:33:35,526	[DEBUG]	EXEC>  SUCCESS 114187070.89475
2024-06-30 08:33:35,526	[INFO]	17      SUCCESS               114187070.894750 (101.75%) [1 edit(s)]  
2024-06-30 08:33:35,526	[DEBUG]	patch(17)="SrcmlStmtDeletion(('core/Solver.cc.xml', 'stmt', 373))"
2024-06-30 08:34:40,324	[DEBUG]	EXEC>  SUCCESS 98376286.0765
2024-06-30 08:34:40,324	[INFO]	18      SUCCESS               98376286.076500 (87.66%) [3 edit(s)]  
2024-06-30 08:34:40,324	[DEBUG]	patch(18)="SrcmlStmtDeletion(('core/Solver.cc.xml', 'stmt', 427)) | SrcmlStmtDeletion(('core/Solver.cc.xml', 'stmt', 373)) | SrcmlStmtInsertion(('core/Solver.cc.xml', '_inter_block', 447), ('core/Solver.cc.xml', 'stmt', 325))"
2024-06-30 08:34:40,788	[INFO]	19      COMPILE_CODE_ERROR    None (--) [3 edit(s)]  
2024-06-30 08:34:40,789	[DEBUG]	patch(19)="SrcmlStmtDeletion(('core/Solver.cc.xml', 'stmt', 427)) | SrcmlStmtDeletion(('core/Solver.cc.xml', 'stmt', 373)) | SrcmlStmtReplacement(('core/Solver.cc.xml', 'stmt', 382), ('core/Solver.cc.xml', 'stmt', 50))"
2024-06-30 08:34:41,235	[INFO]	20      COMPILE_CODE_ERROR    None (--) [3 edit(s)]  
2024-06-30 08:34:41,236	[DEBUG]	patch(20)="SrcmlStmtDeletion(('core/Solver.cc.xml', 'stmt', 427)) | SrcmlStmtDeletion(('core/Solver.cc.xml', 'stmt', 373)) | SrcmlStmtInsertion(('core/Solver.cc.xml', '_inter_block', 315), ('core/Solver.cc.xml', 'stmt', 226))"
2024-06-30 08:34:41,684	[INFO]	21      COMPILE_CODE_ERROR    None (--) [3 edit(s)]  
2024-06-30 08:34:41,684	[DEBUG]	patch(21)="SrcmlStmtDeletion(('core/Solver.cc.xml', 'stmt', 427)) | SrcmlStmtDeletion(('core/Solver.cc.xml', 'stmt', 373)) | SrcmlStmtReplacement(('core/Solver.cc.xml', 'stmt', 287), ('core/Solver.cc.xml', 'stmt', 371))"
2024-06-30 08:34:42,143	[INFO]	22      COMPILE_CODE_ERROR    None (--) [3 edit(s)]  
2024-06-30 08:34:42,143	[DEBUG]	patch(22)="SrcmlStmtDeletion(('core/Solver.cc.xml', 'stmt', 427)) | SrcmlStmtDeletion(('core/Solver.cc.xml', 'stmt', 373)) | SrcmlStmtInsertion(('core/Solver.cc.xml', '_inter_block', 396), ('core/Solver.cc.xml', 'stmt', 330))"
2024-06-30 08:34:43,975	[INFO]	23      TEST_CODE_ERROR       None (--) [3 edit(s)]  
2024-06-30 08:34:43,975	[DEBUG]	patch(23)="SrcmlStmtDeletion(('core/Solver.cc.xml', 'stmt', 427)) | SrcmlStmtDeletion(('core/Solver.cc.xml', 'stmt', 373)) | SrcmlStmtDeletion(('core/Solver.cc.xml', 'stmt', 222))"
2024-06-30 08:34:44,426	[INFO]	24      COMPILE_CODE_ERROR    None (--) [3 edit(s)]  
2024-06-30 08:34:44,426	[DEBUG]	patch(24)="SrcmlStmtDeletion(('core/Solver.cc.xml', 'stmt', 427)) | SrcmlStmtDeletion(('core/Solver.cc.xml', 'stmt', 373)) | SrcmlStmtDeletion(('core/Solver.cc.xml', 'stmt', 52))"
2024-06-30 08:34:44,430	[INFO]	25      SUCCESS               97222818.504750 (86.63%) [1 edit(s)] [cached] 
2024-06-30 08:34:44,430	[DEBUG]	patch(25)="SrcmlStmtDeletion(('core/Solver.cc.xml', 'stmt', 427))"
2024-06-30 08:34:44,867	[INFO]	26      COMPILE_CODE_ERROR    None (--) [3 edit(s)]  
2024-06-30 08:34:44,867	[DEBUG]	patch(26)="SrcmlStmtDeletion(('core/Solver.cc.xml', 'stmt', 427)) | SrcmlStmtDeletion(('core/Solver.cc.xml', 'stmt', 373)) | SrcmlStmtReplacement(('core/Solver.cc.xml', 'stmt', 209), ('core/Solver.cc.xml', 'stmt', 212))"
2024-06-30 08:35:41,714	[DEBUG]	EXEC>  SUCCESS 107277406.88100001
2024-06-30 08:35:41,714	[INFO]	27      SUCCESS               107277406.881000 (95.59%) [3 edit(s)]  
2024-06-30 08:35:41,714	[DEBUG]	patch(27)="SrcmlStmtDeletion(('core/Solver.cc.xml', 'stmt', 427)) | SrcmlStmtDeletion(('core/Solver.cc.xml', 'stmt', 373)) | SrcmlStmtReplacement(('core/Solver.cc.xml', 'stmt', 57), ('core/Solver.cc.xml', 'stmt', 59))"
2024-06-30 08:35:43,608	[INFO]	28      TEST_CODE_ERROR       None (--) [3 edit(s)]  
2024-06-30 08:35:43,608	[DEBUG]	patch(28)="SrcmlStmtDeletion(('core/Solver.cc.xml', 'stmt', 427)) | SrcmlStmtDeletion(('core/Solver.cc.xml', 'stmt', 373)) | SrcmlStmtDeletion(('core/Solver.cc.xml', 'stmt', 115))"
2024-06-30 08:36:44,539	[DEBUG]	EXEC>  SUCCESS 130776380.12275001
2024-06-30 08:36:44,539	[INFO]	29      SUCCESS               130776380.122750 (116.53%) [3 edit(s)]  
2024-06-30 08:36:44,539	[DEBUG]	patch(29)="SrcmlStmtDeletion(('core/Solver.cc.xml', 'stmt', 427)) | SrcmlStmtDeletion(('core/Solver.cc.xml', 'stmt', 373)) | SrcmlStmtReplacement(('core/Solver.cc.xml', 'stmt', 69), ('core/Solver.cc.xml', 'stmt', 172))"
2024-06-30 08:36:46,335	[INFO]	30      TEST_CODE_ERROR       None (--) [3 edit(s)]  
2024-06-30 08:36:46,335	[DEBUG]	patch(30)="SrcmlStmtDeletion(('core/Solver.cc.xml', 'stmt', 427)) | SrcmlStmtDeletion(('core/Solver.cc.xml', 'stmt', 373)) | SrcmlStmtDeletion(('core/Solver.cc.xml', 'stmt', 216))"
2024-06-30 08:36:48,139	[INFO]	31      TEST_CODE_ERROR       None (--) [3 edit(s)]  
2024-06-30 08:36:48,139	[DEBUG]	patch(31)="SrcmlStmtDeletion(('core/Solver.cc.xml', 'stmt', 427)) | SrcmlStmtDeletion(('core/Solver.cc.xml', 'stmt', 373)) | SrcmlStmtDeletion(('core/Solver.cc.xml', 'stmt', 254))"
2024-06-30 08:36:48,592	[INFO]	32      COMPILE_CODE_ERROR    None (--) [3 edit(s)]  
2024-06-30 08:36:48,592	[DEBUG]	patch(32)="SrcmlStmtDeletion(('core/Solver.cc.xml', 'stmt', 427)) | SrcmlStmtDeletion(('core/Solver.cc.xml', 'stmt', 373)) | SrcmlStmtDeletion(('core/Solver.cc.xml', 'stmt', 329))"
2024-06-30 08:36:49,044	[INFO]	33      COMPILE_CODE_ERROR    None (--) [3 edit(s)]  
2024-06-30 08:36:49,044	[DEBUG]	patch(33)="SrcmlStmtDeletion(('core/Solver.cc.xml', 'stmt', 427)) | SrcmlStmtDeletion(('core/Solver.cc.xml', 'stmt', 373)) | SrcmlStmtInsertion(('core/Solver.cc.xml', '_inter_block', 111), ('core/Solver.cc.xml', 'stmt', 56))"
2024-06-30 08:37:53,940	[DEBUG]	EXEC>  SUCCESS 146377912.55175
2024-06-30 08:37:53,940	[INFO]	34      SUCCESS               146377912.551750 (130.43%) [3 edit(s)]  
2024-06-30 08:37:53,940	[DEBUG]	patch(34)="SrcmlStmtDeletion(('core/Solver.cc.xml', 'stmt', 427)) | SrcmlStmtDeletion(('core/Solver.cc.xml', 'stmt', 373)) | SrcmlStmtInsertion(('core/Solver.cc.xml', '_inter_block', 532), ('core/Solver.cc.xml', 'stmt', 390))"
2024-06-30 08:37:54,409	[INFO]	35      COMPILE_CODE_ERROR    None (--) [3 edit(s)]  
2024-06-30 08:37:54,409	[DEBUG]	patch(35)="SrcmlStmtDeletion(('core/Solver.cc.xml', 'stmt', 427)) | SrcmlStmtDeletion(('core/Solver.cc.xml', 'stmt', 373)) | SrcmlStmtInsertion(('core/Solver.cc.xml', '_inter_block', 460), ('core/Solver.cc.xml', 'stmt', 233))"
2024-06-30 08:37:56,283	[INFO]	36      TEST_CODE_ERROR       None (--) [3 edit(s)]  
2024-06-30 08:37:56,283	[DEBUG]	patch(36)="SrcmlStmtDeletion(('core/Solver.cc.xml', 'stmt', 427)) | SrcmlStmtDeletion(('core/Solver.cc.xml', 'stmt', 373)) | SrcmlStmtDeletion(('core/Solver.cc.xml', 'stmt', 215))"
2024-06-30 08:37:56,734	[INFO]	37      COMPILE_CODE_ERROR    None (--) [3 edit(s)]  
2024-06-30 08:37:56,734	[DEBUG]	patch(37)="SrcmlStmtDeletion(('core/Solver.cc.xml', 'stmt', 427)) | SrcmlStmtDeletion(('core/Solver.cc.xml', 'stmt', 373)) | SrcmlStmtReplacement(('core/Solver.cc.xml', 'stmt', 330), ('core/Solver.cc.xml', 'stmt', 359))"
2024-06-30 08:38:45,595	[DEBUG]	EXEC>  SUCCESS 100461578.52025001
2024-06-30 08:38:45,595	[INFO]	38      SUCCESS               100461578.520250 (89.52%) [3 edit(s)]  
2024-06-30 08:38:45,595	[DEBUG]	patch(38)="SrcmlStmtDeletion(('core/Solver.cc.xml', 'stmt', 427)) | SrcmlStmtDeletion(('core/Solver.cc.xml', 'stmt', 373)) | SrcmlStmtDeletion(('core/Solver.cc.xml', 'stmt', 346))"
2024-06-30 08:38:47,483	[INFO]	39      TEST_CODE_ERROR       None (--) [3 edit(s)]  
2024-06-30 08:38:47,483	[DEBUG]	patch(39)="SrcmlStmtDeletion(('core/Solver.cc.xml', 'stmt', 427)) | SrcmlStmtDeletion(('core/Solver.cc.xml', 'stmt', 373)) | SrcmlStmtInsertion(('core/Solver.cc.xml', '_inter_block', 297), ('core/Solver.cc.xml', 'stmt', 403))"
2024-06-30 08:39:48,131	[DEBUG]	EXEC>  SUCCESS 95844543.87625
2024-06-30 08:39:48,131	[INFO]	40      SUCCESS               95844543.876250 (85.40%) [3 edit(s)]  
2024-06-30 08:39:48,132	[DEBUG]	patch(40)="SrcmlStmtDeletion(('core/Solver.cc.xml', 'stmt', 427)) | SrcmlStmtDeletion(('core/Solver.cc.xml', 'stmt', 373)) | SrcmlStmtReplacement(('core/Solver.cc.xml', 'stmt', 118), ('core/Solver.cc.xml', 'stmt', 306))"
2024-06-30 08:40:52,906	[DEBUG]	EXEC>  SUCCESS 109670451.45775
2024-06-30 08:40:52,907	[INFO]	41      SUCCESS               109670451.457750 (97.72%) [3 edit(s)]  
2024-06-30 08:40:52,907	[DEBUG]	patch(41)="SrcmlStmtDeletion(('core/Solver.cc.xml', 'stmt', 427)) | SrcmlStmtDeletion(('core/Solver.cc.xml', 'stmt', 373)) | SrcmlStmtReplacement(('core/Solver.cc.xml', 'stmt', 131), ('core/Solver.cc.xml', 'stmt', 346))"
2024-06-30 08:40:54,728	[INFO]	42      TEST_CODE_ERROR       None (--) [3 edit(s)]  
2024-06-30 08:40:54,728	[DEBUG]	patch(42)="SrcmlStmtDeletion(('core/Solver.cc.xml', 'stmt', 427)) | SrcmlStmtDeletion(('core/Solver.cc.xml', 'stmt', 373)) | SrcmlStmtDeletion(('core/Solver.cc.xml', 'stmt', 323))"
2024-06-30 08:40:55,175	[INFO]	43      COMPILE_CODE_ERROR    None (--) [3 edit(s)]  
2024-06-30 08:40:55,175	[DEBUG]	patch(43)="SrcmlStmtDeletion(('core/Solver.cc.xml', 'stmt', 427)) | SrcmlStmtDeletion(('core/Solver.cc.xml', 'stmt', 373)) | SrcmlStmtReplacement(('core/Solver.cc.xml', 'stmt', 247), ('core/Solver.cc.xml', 'stmt', 353))"
2024-06-30 08:41:59,925	[DEBUG]	EXEC>  SUCCESS 96685735.22625
2024-06-30 08:41:59,926	[INFO]	44      SUCCESS               96685735.226250 (86.15%) [3 edit(s)]  
2024-06-30 08:41:59,926	[DEBUG]	patch(44)="SrcmlStmtDeletion(('core/Solver.cc.xml', 'stmt', 427)) | SrcmlStmtDeletion(('core/Solver.cc.xml', 'stmt', 373)) | SrcmlStmtDeletion(('core/Solver.cc.xml', 'stmt', 371))"
2024-06-30 08:43:05,753	[DEBUG]	EXEC>  SUCCESS 120643683.0765
2024-06-30 08:43:05,753	[INFO]	45      SUCCESS               120643683.076500 (107.50%) [3 edit(s)]  
2024-06-30 08:43:05,753	[DEBUG]	patch(45)="SrcmlStmtDeletion(('core/Solver.cc.xml', 'stmt', 427)) | SrcmlStmtDeletion(('core/Solver.cc.xml', 'stmt', 373)) | SrcmlStmtInsertion(('core/Solver.cc.xml', '_inter_block', 421), ('core/Solver.cc.xml', 'stmt', 326))"
2024-06-30 08:43:06,202	[INFO]	46      COMPILE_CODE_ERROR    None (--) [3 edit(s)]  
2024-06-30 08:43:06,202	[DEBUG]	patch(46)="SrcmlStmtDeletion(('core/Solver.cc.xml', 'stmt', 427)) | SrcmlStmtDeletion(('core/Solver.cc.xml', 'stmt', 373)) | SrcmlStmtReplacement(('core/Solver.cc.xml', 'stmt', 225), ('core/Solver.cc.xml', 'stmt', 246))"
2024-06-30 08:44:40,530	[DEBUG]	EXEC>  SUCCESS 68134191.24599999
2024-06-30 08:44:40,530	[INFO]	47      SUCCESS              *68134191.246000 (60.71%) [3 edit(s)]  
2024-06-30 08:44:40,530	[DEBUG]	patch(47)="SrcmlStmtDeletion(('core/Solver.cc.xml', 'stmt', 427)) | SrcmlStmtDeletion(('core/Solver.cc.xml', 'stmt', 373)) | SrcmlStmtDeletion(('core/Solver.cc.xml', 'stmt', 240))"
--- before: core/Solver.cc
+++ after: core/Solver.cc
@@ -614,14 +614,7 @@
     // and clauses with activity smaller than 'extra_lim':
     for (i = j = 0; i < learnts.size(); i++){
         Clause& c = ca[learnts[i]];
-        if (c.size() > 2 && !locked(c) && (i < learnts.size() / 2 || c.activity() < extra_lim))
-            /*auto*/{
-                removeClause(learnts[i]);
-            }/*auto*/
-        else
-            /*auto*/{
-                learnts[j++] = learnts[i];
-            }/*auto*/
+        
     }
     learnts.shrink(i - j);
     checkGarbage();
@@ -925,7 +918,7 @@
         map.growTo(x+1, -1);
         map[x] = max++;
     }
-    return map[x];
+    
 }
 
 
@@ -1078,8 +1071,7 @@
     relocAll(to);
     if (verbosity >= 2)
         /*auto*/{
-            printf("|  Garbage collection:   %12d bytes => %12d bytes             |\n", 
-               ca.size()*ClauseAllocator::Unit_Size, to.size()*ClauseAllocator::Unit_Size);
+            
         }/*auto*/
     to.moveTo(ca);
 }

2024-06-30 08:44:40,985	[INFO]	48      COMPILE_CODE_ERROR    None (--) [4 edit(s)]  
2024-06-30 08:44:40,985	[DEBUG]	patch(48)="SrcmlStmtDeletion(('core/Solver.cc.xml', 'stmt', 427)) | SrcmlStmtDeletion(('core/Solver.cc.xml', 'stmt', 373)) | SrcmlStmtDeletion(('core/Solver.cc.xml', 'stmt', 240)) | SrcmlStmtInsertion(('core/Solver.cc.xml', '_inter_block', 391), ('core/Solver.cc.xml', 'stmt', 423))"
2024-06-30 08:46:15,389	[DEBUG]	EXEC>  SUCCESS 78273497.89999999
2024-06-30 08:46:15,389	[INFO]	49      SUCCESS               78273497.900000 (69.75%) [4 edit(s)]  
2024-06-30 08:46:15,389	[DEBUG]	patch(49)="SrcmlStmtDeletion(('core/Solver.cc.xml', 'stmt', 427)) | SrcmlStmtDeletion(('core/Solver.cc.xml', 'stmt', 373)) | SrcmlStmtDeletion(('core/Solver.cc.xml', 'stmt', 240)) | SrcmlStmtDeletion(('core/Solver.cc.xml', 'stmt', 368))"
2024-06-30 08:47:48,884	[DEBUG]	EXEC>  SUCCESS 91331877.87025
2024-06-30 08:47:48,884	[INFO]	50      SUCCESS               91331877.870250 (81.38%) [4 edit(s)]  
2024-06-30 08:47:48,884	[DEBUG]	patch(50)="SrcmlStmtDeletion(('core/Solver.cc.xml', 'stmt', 427)) | SrcmlStmtDeletion(('core/Solver.cc.xml', 'stmt', 373)) | SrcmlStmtDeletion(('core/Solver.cc.xml', 'stmt', 240)) | SrcmlStmtInsertion(('core/Solver.cc.xml', '_inter_block', 436), ('core/Solver.cc.xml', 'stmt', 387))"
2024-06-30 08:47:49,355	[INFO]	51      COMPILE_CODE_ERROR    None (--) [4 edit(s)]  
2024-06-30 08:47:49,355	[DEBUG]	patch(51)="SrcmlStmtDeletion(('core/Solver.cc.xml', 'stmt', 427)) | SrcmlStmtDeletion(('core/Solver.cc.xml', 'stmt', 373)) | SrcmlStmtDeletion(('core/Solver.cc.xml', 'stmt', 240)) | SrcmlStmtInsertion(('core/Solver.cc.xml', '_inter_block', 202), ('core/Solver.cc.xml', 'stmt', 118))"
2024-06-30 08:47:49,804	[INFO]	52      COMPILE_CODE_ERROR    None (--) [4 edit(s)]  
2024-06-30 08:47:49,804	[DEBUG]	patch(52)="SrcmlStmtDeletion(('core/Solver.cc.xml', 'stmt', 427)) | SrcmlStmtDeletion(('core/Solver.cc.xml', 'stmt', 373)) | SrcmlStmtDeletion(('core/Solver.cc.xml', 'stmt', 240)) | SrcmlStmtReplacement(('core/Solver.cc.xml', 'stmt', 388), ('core/Solver.cc.xml', 'stmt', 257))"
2024-06-30 08:47:50,251	[INFO]	53      COMPILE_CODE_ERROR    None (--) [4 edit(s)]  
2024-06-30 08:47:50,251	[DEBUG]	patch(53)="SrcmlStmtDeletion(('core/Solver.cc.xml', 'stmt', 427)) | SrcmlStmtDeletion(('core/Solver.cc.xml', 'stmt', 373)) | SrcmlStmtDeletion(('core/Solver.cc.xml', 'stmt', 240)) | SrcmlStmtInsertion(('core/Solver.cc.xml', '_inter_block', 419), ('core/Solver.cc.xml', 'stmt', 55))"
2024-06-30 08:47:50,700	[INFO]	54      COMPILE_CODE_ERROR    None (--) [4 edit(s)]  
2024-06-30 08:47:50,700	[DEBUG]	patch(54)="SrcmlStmtDeletion(('core/Solver.cc.xml', 'stmt', 427)) | SrcmlStmtDeletion(('core/Solver.cc.xml', 'stmt', 373)) | SrcmlStmtDeletion(('core/Solver.cc.xml', 'stmt', 240)) | SrcmlStmtDeletion(('core/Solver.cc.xml', 'stmt', 6))"
2024-06-30 08:49:25,130	[DEBUG]	EXEC>  SUCCESS 81157688.98875
2024-06-30 08:49:25,130	[INFO]	55      SUCCESS               81157688.988750 (72.32%) [4 edit(s)]  
2024-06-30 08:49:25,130	[DEBUG]	patch(55)="SrcmlStmtDeletion(('core/Solver.cc.xml', 'stmt', 427)) | SrcmlStmtDeletion(('core/Solver.cc.xml', 'stmt', 373)) | SrcmlStmtDeletion(('core/Solver.cc.xml', 'stmt', 240)) | SrcmlStmtDeletion(('core/Solver.cc.xml', 'stmt', 344))"
2024-06-30 08:50:59,613	[DEBUG]	EXEC>  SUCCESS 72374510.29925
2024-06-30 08:50:59,613	[INFO]	56      SUCCESS               72374510.299250 (64.49%) [2 edit(s)]  
2024-06-30 08:50:59,613	[DEBUG]	patch(56)="SrcmlStmtDeletion(('core/Solver.cc.xml', 'stmt', 373)) | SrcmlStmtDeletion(('core/Solver.cc.xml', 'stmt', 240))"
2024-06-30 08:51:01,481	[INFO]	57      TEST_CODE_ERROR       None (--) [4 edit(s)]  
2024-06-30 08:51:01,481	[DEBUG]	patch(57)="SrcmlStmtDeletion(('core/Solver.cc.xml', 'stmt', 427)) | SrcmlStmtDeletion(('core/Solver.cc.xml', 'stmt', 373)) | SrcmlStmtDeletion(('core/Solver.cc.xml', 'stmt', 240)) | SrcmlStmtReplacement(('core/Solver.cc.xml', 'stmt', 201), ('core/Solver.cc.xml', 'stmt', 268))"
2024-06-30 08:51:01,937	[INFO]	58      COMPILE_CODE_ERROR    None (--) [4 edit(s)]  
2024-06-30 08:51:01,938	[DEBUG]	patch(58)="SrcmlStmtDeletion(('core/Solver.cc.xml', 'stmt', 427)) | SrcmlStmtDeletion(('core/Solver.cc.xml', 'stmt', 373)) | SrcmlStmtDeletion(('core/Solver.cc.xml', 'stmt', 240)) | SrcmlStmtInsertion(('core/Solver.cc.xml', '_inter_block', 389), ('core/Solver.cc.xml', 'stmt', 251))"
2024-06-30 08:51:01,942	[INFO]	59      SUCCESS               95693127.823500 (85.27%) [2 edit(s)] [cached] 
2024-06-30 08:51:01,942	[DEBUG]	patch(59)="SrcmlStmtDeletion(('core/Solver.cc.xml', 'stmt', 427)) | SrcmlStmtDeletion(('core/Solver.cc.xml', 'stmt', 373))"
2024-06-30 08:51:02,388	[INFO]	60      COMPILE_CODE_ERROR    None (--) [4 edit(s)]  
2024-06-30 08:51:02,388	[DEBUG]	patch(60)="SrcmlStmtDeletion(('core/Solver.cc.xml', 'stmt', 427)) | SrcmlStmtDeletion(('core/Solver.cc.xml', 'stmt', 373)) | SrcmlStmtDeletion(('core/Solver.cc.xml', 'stmt', 240)) | SrcmlStmtReplacement(('core/Solver.cc.xml', 'stmt', 164), ('core/Solver.cc.xml', 'stmt', 181))"
2024-06-30 08:52:18,694	[DEBUG]	EXEC>  SUCCESS 61397972.0205
2024-06-30 08:52:18,695	[INFO]	61      SUCCESS              *61397972.020500 (54.71%) [4 edit(s)]  
2024-06-30 08:52:18,695	[DEBUG]	patch(61)="SrcmlStmtDeletion(('core/Solver.cc.xml', 'stmt', 427)) | SrcmlStmtDeletion(('core/Solver.cc.xml', 'stmt', 373)) | SrcmlStmtDeletion(('core/Solver.cc.xml', 'stmt', 240)) | SrcmlStmtReplacement(('core/Solver.cc.xml', 'stmt', 336), ('core/Solver.cc.xml', 'stmt', 4))"
--- before: core/Solver.cc
+++ after: core/Solver.cc
@@ -614,14 +614,7 @@
     // and clauses with activity smaller than 'extra_lim':
     for (i = j = 0; i < learnts.size(); i++){
         Clause& c = ca[learnts[i]];
-        if (c.size() > 2 && !locked(c) && (i < learnts.size() / 2 || c.activity() < extra_lim))
-            /*auto*/{
-                removeClause(learnts[i]);
-            }/*auto*/
-        else
-            /*auto*/{
-                learnts[j++] = learnts[i];
-            }/*auto*/
+        
     }
     learnts.shrink(i - j);
     checkGarbage();
@@ -852,7 +845,7 @@
 
     while (size-1 != x){
         size = (size-1)>>1;
-        seq--;
+        static DoubleOption  opt_random_seed       (_cat, "rnd-seed",    "Used by the random variable selection",         91648253, DoubleRange(0, false, HUGE_VAL, false));
         x = x % size;
     }
 
@@ -925,7 +918,7 @@
         map.growTo(x+1, -1);
         map[x] = max++;
     }
-    return map[x];
+    
 }
 
 
@@ -1078,8 +1071,7 @@
     relocAll(to);
     if (verbosity >= 2)
         /*auto*/{
-            printf("|  Garbage collection:   %12d bytes => %12d bytes             |\n", 
-               ca.size()*ClauseAllocator::Unit_Size, to.size()*ClauseAllocator::Unit_Size);
+            
         }/*auto*/
     to.moveTo(ca);
 }

2024-06-30 08:52:19,149	[INFO]	62      COMPILE_CODE_ERROR    None (--) [5 edit(s)]  
2024-06-30 08:52:19,149	[DEBUG]	patch(62)="SrcmlStmtDeletion(('core/Solver.cc.xml', 'stmt', 427)) | SrcmlStmtDeletion(('core/Solver.cc.xml', 'stmt', 373)) | SrcmlStmtDeletion(('core/Solver.cc.xml', 'stmt', 240)) | SrcmlStmtReplacement(('core/Solver.cc.xml', 'stmt', 336), ('core/Solver.cc.xml', 'stmt', 4)) | SrcmlStmtDeletion(('core/Solver.cc.xml', 'stmt', 276))"
2024-06-30 08:53:35,547	[DEBUG]	EXEC>  SUCCESS 71577432.55499999
2024-06-30 08:53:35,547	[INFO]	63      SUCCESS               71577432.555000 (63.78%) [5 edit(s)]  
2024-06-30 08:53:35,548	[DEBUG]	patch(63)="SrcmlStmtDeletion(('core/Solver.cc.xml', 'stmt', 427)) | SrcmlStmtDeletion(('core/Solver.cc.xml', 'stmt', 373)) | SrcmlStmtDeletion(('core/Solver.cc.xml', 'stmt', 240)) | SrcmlStmtReplacement(('core/Solver.cc.xml', 'stmt', 336), ('core/Solver.cc.xml', 'stmt', 4)) | SrcmlStmtReplacement(('core/Solver.cc.xml', 'stmt', 401), ('core/Solver.cc.xml', 'stmt', 4))"
2024-06-30 08:53:35,997	[INFO]	64      COMPILE_CODE_ERROR    None (--) [5 edit(s)]  
2024-06-30 08:53:35,998	[DEBUG]	patch(64)="SrcmlStmtDeletion(('core/Solver.cc.xml', 'stmt', 427)) | SrcmlStmtDeletion(('core/Solver.cc.xml', 'stmt', 373)) | SrcmlStmtDeletion(('core/Solver.cc.xml', 'stmt', 240)) | SrcmlStmtReplacement(('core/Solver.cc.xml', 'stmt', 336), ('core/Solver.cc.xml', 'stmt', 4)) | SrcmlStmtInsertion(('core/Solver.cc.xml', '_inter_block', 407), ('core/Solver.cc.xml', 'stmt', 70))"
2024-06-30 08:54:48,354	[DEBUG]	EXEC>  SUCCESS 71058470.26425001
2024-06-30 08:54:48,355	[INFO]	65      SUCCESS               71058470.264250 (63.32%) [5 edit(s)]  
2024-06-30 08:54:48,355	[DEBUG]	patch(65)="SrcmlStmtDeletion(('core/Solver.cc.xml', 'stmt', 427)) | SrcmlStmtDeletion(('core/Solver.cc.xml', 'stmt', 373)) | SrcmlStmtDeletion(('core/Solver.cc.xml', 'stmt', 240)) | SrcmlStmtReplacement(('core/Solver.cc.xml', 'stmt', 336), ('core/Solver.cc.xml', 'stmt', 4)) | SrcmlStmtDeletion(('core/Solver.cc.xml', 'stmt', 137))"
2024-06-30 08:56:08,764	[DEBUG]	EXEC>  SUCCESS 75585594.1625
2024-06-30 08:56:08,765	[INFO]	66      SUCCESS               75585594.162500 (67.35%) [3 edit(s)]  
2024-06-30 08:56:08,765	[DEBUG]	patch(66)="SrcmlStmtDeletion(('core/Solver.cc.xml', 'stmt', 427)) | SrcmlStmtDeletion(('core/Solver.cc.xml', 'stmt', 240)) | SrcmlStmtReplacement(('core/Solver.cc.xml', 'stmt', 336), ('core/Solver.cc.xml', 'stmt', 4))"
2024-06-30 08:57:28,086	[DEBUG]	EXEC>  SUCCESS 49621714.8055
2024-06-30 08:57:28,086	[INFO]	67      SUCCESS              *49621714.805500 (44.22%) [5 edit(s)]  
2024-06-30 08:57:28,086	[DEBUG]	patch(67)="SrcmlStmtDeletion(('core/Solver.cc.xml', 'stmt', 427)) | SrcmlStmtDeletion(('core/Solver.cc.xml', 'stmt', 373)) | SrcmlStmtDeletion(('core/Solver.cc.xml', 'stmt', 240)) | SrcmlStmtReplacement(('core/Solver.cc.xml', 'stmt', 336), ('core/Solver.cc.xml', 'stmt', 4)) | SrcmlStmtReplacement(('core/Solver.cc.xml', 'stmt', 180), ('core/Solver.cc.xml', 'stmt', 266))"
--- before: core/Solver.cc
+++ after: core/Solver.cc
@@ -481,7 +481,7 @@
         if (seen[x]){
             if (reason(x) == CRef_Undef){
                 assert(level(x) > 0);
-                out_conflict.push(~trail[i]);
+                rebuildOrderHeap();
             }else{
                 Clause& c = ca[reason(x)];
                 for (int j = 1; j < c.size(); j++)
@@ -614,14 +614,7 @@
     // and clauses with activity smaller than 'extra_lim':
     for (i = j = 0; i < learnts.size(); i++){
         Clause& c = ca[learnts[i]];
-        if (c.size() > 2 && !locked(c) && (i < learnts.size() / 2 || c.activity() < extra_lim))
-            /*auto*/{
-                removeClause(learnts[i]);
-            }/*auto*/
-        else
-            /*auto*/{
-                learnts[j++] = learnts[i];
-            }/*auto*/
+        
     }
     learnts.shrink(i - j);
     checkGarbage();
@@ -852,7 +845,7 @@
 
     while (size-1 != x){
         size = (size-1)>>1;
-        seq--;
+        static DoubleOption  opt_random_seed       (_cat, "rnd-seed",    "Used by the random variable selection",         91648253, DoubleRange(0, false, HUGE_VAL, false));
         x = x % size;
     }
 
@@ -925,7 +918,7 @@
         map.growTo(x+1, -1);
         map[x] = max++;
     }
-    return map[x];
+    
 }
 
 
@@ -1078,8 +1071,7 @@
     relocAll(to);
     if (verbosity >= 2)
         /*auto*/{
-            printf("|  Garbage collection:   %12d bytes => %12d bytes             |\n", 
-               ca.size()*ClauseAllocator::Unit_Size, to.size()*ClauseAllocator::Unit_Size);
+            
         }/*auto*/
     to.moveTo(ca);
 }

2024-06-30 08:57:28,529	[INFO]	68      COMPILE_CODE_ERROR    None (--) [6 edit(s)]  
2024-06-30 08:57:28,529	[DEBUG]	patch(68)="SrcmlStmtDeletion(('core/Solver.cc.xml', 'stmt', 427)) | SrcmlStmtDeletion(('core/Solver.cc.xml', 'stmt', 373)) | SrcmlStmtDeletion(('core/Solver.cc.xml', 'stmt', 240)) | SrcmlStmtReplacement(('core/Solver.cc.xml', 'stmt', 336), ('core/Solver.cc.xml', 'stmt', 4)) | SrcmlStmtReplacement(('core/Solver.cc.xml', 'stmt', 180), ('core/Solver.cc.xml', 'stmt', 266)) | SrcmlStmtInsertion(('core/Solver.cc.xml', '_inter_block', 200), ('core/Solver.cc.xml', 'stmt', 322))"
2024-06-30 08:58:49,039	[DEBUG]	EXEC>  SUCCESS 70154088.19525
2024-06-30 08:58:49,039	[INFO]	69      SUCCESS               70154088.195250 (62.51%) [4 edit(s)]  
2024-06-30 08:58:49,039	[DEBUG]	patch(69)="SrcmlStmtDeletion(('core/Solver.cc.xml', 'stmt', 427)) | SrcmlStmtDeletion(('core/Solver.cc.xml', 'stmt', 240)) | SrcmlStmtReplacement(('core/Solver.cc.xml', 'stmt', 336), ('core/Solver.cc.xml', 'stmt', 4)) | SrcmlStmtReplacement(('core/Solver.cc.xml', 'stmt', 180), ('core/Solver.cc.xml', 'stmt', 266))"
2024-06-30 08:59:59,841	[DEBUG]	EXEC>  SUCCESS 96133113.25225
2024-06-30 08:59:59,841	[INFO]	70      SUCCESS               96133113.252250 (85.66%) [4 edit(s)]  
2024-06-30 08:59:59,841	[DEBUG]	patch(70)="SrcmlStmtDeletion(('core/Solver.cc.xml', 'stmt', 427)) | SrcmlStmtDeletion(('core/Solver.cc.xml', 'stmt', 373)) | SrcmlStmtReplacement(('core/Solver.cc.xml', 'stmt', 336), ('core/Solver.cc.xml', 'stmt', 4)) | SrcmlStmtReplacement(('core/Solver.cc.xml', 'stmt', 180), ('core/Solver.cc.xml', 'stmt', 266))"
2024-06-30 09:01:17,307	[DEBUG]	EXEC>  SUCCESS 66419527.02599999
2024-06-30 09:01:17,308	[INFO]	71      SUCCESS               66419527.026000 (59.18%) [6 edit(s)]  
2024-06-30 09:01:17,308	[DEBUG]	patch(71)="SrcmlStmtDeletion(('core/Solver.cc.xml', 'stmt', 427)) | SrcmlStmtDeletion(('core/Solver.cc.xml', 'stmt', 373)) | SrcmlStmtDeletion(('core/Solver.cc.xml', 'stmt', 240)) | SrcmlStmtReplacement(('core/Solver.cc.xml', 'stmt', 336), ('core/Solver.cc.xml', 'stmt', 4)) | SrcmlStmtReplacement(('core/Solver.cc.xml', 'stmt', 180), ('core/Solver.cc.xml', 'stmt', 266)) | SrcmlStmtDeletion(('core/Solver.cc.xml', 'stmt', 345))"
2024-06-30 09:02:35,753	[DEBUG]	EXEC>  SUCCESS 83679292.75475
2024-06-30 09:02:35,754	[INFO]	72      SUCCESS               83679292.754750 (74.56%) [4 edit(s)]  
2024-06-30 09:02:35,754	[DEBUG]	patch(72)="SrcmlStmtDeletion(('core/Solver.cc.xml', 'stmt', 373)) | SrcmlStmtDeletion(('core/Solver.cc.xml', 'stmt', 240)) | SrcmlStmtReplacement(('core/Solver.cc.xml', 'stmt', 336), ('core/Solver.cc.xml', 'stmt', 4)) | SrcmlStmtReplacement(('core/Solver.cc.xml', 'stmt', 180), ('core/Solver.cc.xml', 'stmt', 266))"
2024-06-30 09:02:35,763	[INFO]	~~~~ END ~~~~
2024-06-30 09:02:35,763	[INFO]	
2024-06-30 09:02:35,763	[INFO]	==== REPORT ====
2024-06-30 09:02:35,763	[INFO]	Termination: time budget
2024-06-30 09:02:35,763	[INFO]	Retries: 4
2024-06-30 09:02:35,763	[INFO]	Log file: /home/dbouras/magpie/_magpie_logs/minisat_1719732150.log
2024-06-30 09:02:35,764	[INFO]	Patch file: _magpie_logs/minisat_1719732150.patch
2024-06-30 09:02:35,764	[INFO]	Diff file: _magpie_logs/minisat_1719732150.diff
2024-06-30 09:02:35,764	[INFO]	Reference fitness: 112226966.042750
2024-06-30 09:02:35,764	[INFO]	Best fitness: 49621714.805500
2024-06-30 09:02:35,764	[INFO]	
2024-06-30 09:02:35,765	[INFO]	==== BEST PATCH ====
SrcmlStmtDeletion(('core/Solver.cc.xml', 'stmt', 427)) | SrcmlStmtDeletion(('core/Solver.cc.xml', 'stmt', 373)) | SrcmlStmtDeletion(('core/Solver.cc.xml', 'stmt', 240)) | SrcmlStmtReplacement(('core/Solver.cc.xml', 'stmt', 336), ('core/Solver.cc.xml', 'stmt', 4)) | SrcmlStmtReplacement(('core/Solver.cc.xml', 'stmt', 180), ('core/Solver.cc.xml', 'stmt', 266))
2024-06-30 09:02:35,765	[INFO]	
2024-06-30 09:02:35,765	[INFO]	==== DIFF ====
[1m--- before: core/Solver.cc[0m
[1m+++ after: core/Solver.cc[0m
[36m@@ -481,7 +481,7 @@[0m
         if (seen[x]){
             if (reason(x) == CRef_Undef){
                 assert(level(x) > 0);
[31m-                out_conflict.push(~trail[i]);[0m
[32m+                rebuildOrderHeap();[0m
             }else{
                 Clause& c = ca[reason(x)];
                 for (int j = 1; j < c.size(); j++)
[36m@@ -614,14 +614,7 @@[0m
     // and clauses with activity smaller than 'extra_lim':
     for (i = j = 0; i < learnts.size(); i++){
         Clause& c = ca[learnts[i]];
[31m-        if (c.size() > 2 && !locked(c) && (i < learnts.size() / 2 || c.activity() < extra_lim))[0m
[31m-            /*auto*/{[0m
[31m-                removeClause(learnts[i]);[0m
[31m-            }/*auto*/[0m
[31m-        else[0m
[31m-            /*auto*/{[0m
[31m-                learnts[j++] = learnts[i];[0m
[31m-            }/*auto*/[0m
[32m+        [0m
     }
     learnts.shrink(i - j);
     checkGarbage();
[36m@@ -852,7 +845,7 @@[0m
 
     while (size-1 != x){
         size = (size-1)>>1;
[31m-        seq--;[0m
[32m+        static DoubleOption  opt_random_seed       (_cat, "rnd-seed",    "Used by the random variable selection",         91648253, DoubleRange(0, false, HUGE_VAL, false));[0m
         x = x % size;
     }
 
[36m@@ -925,7 +918,7 @@[0m
         map.growTo(x+1, -1);
         map[x] = max++;
     }
[31m-    return map[x];[0m
[32m+    [0m
 }
 
 
[36m@@ -1078,8 +1071,7 @@[0m
     relocAll(to);
     if (verbosity >= 2)
         /*auto*/{
[31m-            printf("|  Garbage collection:   %12d bytes => %12d bytes             |\n", [0m
[31m-               ca.size()*ClauseAllocator::Unit_Size, to.size()*ClauseAllocator::Unit_Size);[0m
[32m+            [0m
         }/*auto*/
     to.moveTo(ca);
 }

