2024-06-15 09:45:31,151	[DEBUG]	==== CONFIG ====
[magpie]
import = 
seed = 522101610878672
log_dir = _magpie_logs
work_dir = _magpie_work
local_original_copy = True
local_original_name = __original__
output_encoding = ascii
edit_retries = 10
default_timeout = 30
default_lengthout = 1e6
diff_method = unified
trust_local_filesystem = True

[magpie.log]
color_output = True
format_info = {counter:<7} {status:<20} {best}{fitness} ({ratio}) [{size}] {cached} {log}
format_debug = patch({counter})="{patch}"{diffifbest}
format_fitness = {:.6f}
format_ratio = {:.2%%}
format_patchif = 
	 --> {patch}
format_diffif = 
	{diff}

[software]
path = examples/sat4j
target_files = test.params
software = BasicSoftware
model_rules = 
	*.params : ParamFileConfigModel
	*.xml : SrcmlModel
	* : LineModel
model_config = 
	*.params : [paramconfig]
	*.xml : [srcml]
init_cmd = 
init_timeout = 60
init_lengthout = -1
setup_cmd = ant sat
setup_timeout = 
setup_lengthout = 
compile_cmd = 
compile_timeout = 
compile_lengthout = 
test_cmd = bash test.sh
test_timeout = 
test_lengthout = 
run_cmd = perf stat -e cpu-clock bash run_fixed.sh
run_timeout = 
run_lengthout = 
retries = 5
batch_timeout = 
batch_lengthout = 
batch_bin_fitness_strategy = aggregate
batch_fitness_strategy = sum
fitness = perf_cpu_clock

[srcml]
rename = 
	stmt: break continue decl_stmt do expr_stmt for goto if return switch while
	number: literal_number
focus = block stmt operator_comp operator_arith number
internodes = block
process_pseudo_blocks = True
process_literals = True
process_operators = True

[paramconfig]
timing = test run
cli_prefix = --
cli_glue = =
cli_boolean = show
cli_boolean_prefix_true = 
cli_boolean_prefix_false = no-
cli_none = hide
silent_prefix = @
silent_suffix = $

[search]
protocol = BasicProtocol
algorithm = FirstImprovement
possible_edits = ParamSetting
warmup = 3
warmup_strategy = last
max_steps = 1000
max_time = 1000
target_fitness = 
cache_maxsize = 100
cache_keep = 0.2
batch_instances = 
batch_shuffle = True
batch_bin_shuffle = False
batch_sample_size = 1

[search.ls]
delete_prob = 0.5
max_neighbours = 
when_trapped = continue
accept_fail = False
tabu_length = 10

[search.gp]
pop_size = 10
delete_prob = 0.5
offspring_elitism = 0.1
offspring_crossover = 0.5
offspring_mutation = 0.4
uniform_rate = 0.5
batch_reset = True

[search.minify]
do_cleanup = True
do_rebuild = True
do_simplify = True
round_robin_limit = 3


2024-06-15 09:45:31,151	[DEBUG]	
2024-06-15 09:45:31,151	[INFO]	==== SEARCH: FirstImprovement ====
2024-06-15 09:45:31,151	[INFO]	~~~~ WARMUP ~~~~
2024-06-15 09:46:20,822	[DEBUG]	EXEC>  SUCCESS 21662.648
2024-06-15 09:46:20,822	[INFO]	WARM    SUCCESS               21662.648000 (--) [0 edit(s)]  
2024-06-15 09:47:03,162	[DEBUG]	EXEC>  SUCCESS 21966.802
2024-06-15 09:47:03,163	[INFO]	WARM    SUCCESS               21966.802000 (--) [0 edit(s)]  
2024-06-15 09:47:45,134	[DEBUG]	EXEC>  SUCCESS 21662.786
2024-06-15 09:47:45,134	[INFO]	WARM    SUCCESS               21662.786000 (--) [0 edit(s)]  
2024-06-15 09:47:45,134	[INFO]	REF     SUCCESS               21662.786000 (--) [0 edit(s)]  
2024-06-15 09:47:45,135	[INFO]	
2024-06-15 09:47:45,135	[INFO]	~~~~ START ~~~~
2024-06-15 09:48:27,440	[DEBUG]	EXEC>  SUCCESS 21767.503999999997
2024-06-15 09:48:27,440	[INFO]	1       SUCCESS               21767.504000 (100.48%) [1 edit(s)]  
2024-06-15 09:48:27,440	[DEBUG]	patch(1)="ParamSetting(('test.params', 'param', 'INITCONFLICTBOUND'), 199)"
2024-06-15 09:49:10,009	[DEBUG]	EXEC>  SUCCESS 22057.506
2024-06-15 09:49:10,009	[INFO]	2       SUCCESS               22057.506000 (101.82%) [1 edit(s)]  
2024-06-15 09:49:10,009	[DEBUG]	patch(2)="ParamSetting(('test.params', 'param', 'SIMP'), 'SIMPLE_SIMPLIFICATION')"
2024-06-15 09:49:52,166	[DEBUG]	EXEC>  SUCCESS 21830.32
2024-06-15 09:49:52,167	[INFO]	3       SUCCESS               21830.320000 (100.77%) [1 edit(s)]  
2024-06-15 09:49:52,167	[DEBUG]	patch(3)="ParamSetting(('test.params', 'param', 'RESTARTS'), 'ArminRestarts')"
2024-06-15 09:50:34,419	[DEBUG]	EXEC>  SUCCESS 21895.502
2024-06-15 09:50:34,420	[INFO]	4       SUCCESS               21895.502000 (101.07%) [1 edit(s)]  
2024-06-15 09:50:34,420	[DEBUG]	patch(4)="ParamSetting(('test.params', 'param', 'VARDECAY'), 0.6519282056983693)"
2024-06-15 09:51:16,707	[DEBUG]	EXEC>  SUCCESS 21886.954
2024-06-15 09:51:16,708	[INFO]	5       SUCCESS               21886.954000 (101.03%) [1 edit(s)]  
2024-06-15 09:51:16,708	[DEBUG]	patch(5)="ParamSetting(('test.params', 'param', 'CLADECAY'), 0.8799045175280273)"
2024-06-15 09:51:58,952	[DEBUG]	EXEC>  SUCCESS 21915.188
2024-06-15 09:51:58,952	[INFO]	6       SUCCESS               21915.188000 (101.17%) [1 edit(s)]  
2024-06-15 09:51:58,952	[DEBUG]	patch(6)="ParamSetting(('test.params', 'param', 'CONFLICTBOUNDINCFACTOR'), 3.6359951004992883)"
2024-06-15 09:52:41,126	[DEBUG]	EXEC>  SUCCESS 21906.804
2024-06-15 09:52:41,126	[INFO]	7       SUCCESS               21906.804000 (101.13%) [1 edit(s)]  
2024-06-15 09:52:41,126	[DEBUG]	patch(7)="ParamSetting(('test.params', 'param', 'SIMP'), 'NO_SIMPLIFICATION')"
2024-06-15 09:53:23,924	[DEBUG]	EXEC>  SUCCESS 22240.922000000002
2024-06-15 09:53:23,925	[INFO]	8       SUCCESS               22240.922000 (102.67%) [1 edit(s)]  
2024-06-15 09:53:23,925	[DEBUG]	patch(8)="ParamSetting(('test.params', 'param', 'CLADECAY'), 0.5611485549008904)"
2024-06-15 09:54:06,278	[DEBUG]	EXEC>  SUCCESS 21833.829999999998
2024-06-15 09:54:06,278	[INFO]	9       SUCCESS               21833.830000 (100.79%) [1 edit(s)]  
2024-06-15 09:54:06,278	[DEBUG]	patch(9)="ParamSetting(('test.params', 'param', 'INITCONFLICTBOUND'), 44)"
2024-06-15 09:54:48,718	[DEBUG]	EXEC>  SUCCESS 22099.838
2024-06-15 09:54:48,719	[INFO]	10      SUCCESS               22099.838000 (102.02%) [1 edit(s)]  
2024-06-15 09:54:48,719	[DEBUG]	patch(10)="ParamSetting(('test.params', 'param', 'RESTARTS'), 'NoRestarts')"
2024-06-15 09:55:30,775	[DEBUG]	EXEC>  SUCCESS 22024.018
2024-06-15 09:55:30,775	[INFO]	11      SUCCESS               22024.018000 (101.67%) [1 edit(s)]  
2024-06-15 09:55:30,775	[DEBUG]	patch(11)="ParamSetting(('test.params', 'param', 'PHASE'), 'PositiveLiteralSelectionStrategy')"
2024-06-15 09:56:13,093	[DEBUG]	EXEC>  SUCCESS 21903.616
2024-06-15 09:56:13,093	[INFO]	12      SUCCESS               21903.616000 (101.11%) [1 edit(s)]  
2024-06-15 09:56:13,093	[DEBUG]	patch(12)="ParamSetting(('test.params', 'param', 'FIXEDPERIOD'), 13564)"
2024-06-15 09:56:55,258	[DEBUG]	EXEC>  SUCCESS 21868.75
2024-06-15 09:56:55,258	[INFO]	13      SUCCESS               21868.750000 (100.95%) [1 edit(s)]  
2024-06-15 09:56:55,258	[DEBUG]	patch(13)="ParamSetting(('test.params', 'param', 'CLEANING'), 'ACTIVITY')"
2024-06-15 09:57:37,274	[DEBUG]	EXEC>  SUCCESS 21460.528
2024-06-15 09:57:37,275	[INFO]	14      SUCCESS              *21460.528000 (99.07%) [1 edit(s)]  
2024-06-15 09:57:37,275	[DEBUG]	patch(14)="ParamSetting(('test.params', 'param', 'CONFLICTBOUNDINCFACTOR'), 2.6699739007124927)"
--- before: test.params
+++ after: test.params
@@ -5,6 +5,6 @@
 CLADECAY := 0.999
 INITCONFLICTBOUND := 100
 VARDECAY := 0.95
-CONFLICTBOUNDINCFACTOR := 2.0
+CONFLICTBOUNDINCFACTOR := 2.6699739007124927
 SIMP := 'EXPENSIVE_SIMPLIFICATION'
 CLEANING := 'LBD2'

2024-06-15 09:58:19,502	[DEBUG]	EXEC>  SUCCESS 21778.742000000002
2024-06-15 09:58:19,502	[INFO]	15      SUCCESS               21778.742000 (100.54%) [2 edit(s)]  
2024-06-15 09:58:19,502	[DEBUG]	patch(15)="ParamSetting(('test.params', 'param', 'CONFLICTBOUNDINCFACTOR'), 2.6699739007124927) | ParamSetting(('test.params', 'param', 'INITCONFLICTBOUND'), 191)"
2024-06-15 09:58:19,502	[INFO]	16      SUCCESS               21662.786000 (100.00%) [0 edit(s)] [cached] 
2024-06-15 09:58:19,503	[DEBUG]	patch(16)=""
2024-06-15 09:59:01,420	[DEBUG]	EXEC>  SUCCESS 21578.16
2024-06-15 09:59:01,420	[INFO]	17      SUCCESS               21578.160000 (99.61%) [2 edit(s)]  
2024-06-15 09:59:01,420	[DEBUG]	patch(17)="ParamSetting(('test.params', 'param', 'CONFLICTBOUNDINCFACTOR'), 2.6699739007124927) | ParamSetting(('test.params', 'param', 'INITCONFLICTBOUND'), 456)"
2024-06-15 09:59:43,823	[DEBUG]	EXEC>  SUCCESS 21907.56
2024-06-15 09:59:43,823	[INFO]	18      SUCCESS               21907.560000 (101.13%) [2 edit(s)]  
2024-06-15 09:59:43,823	[DEBUG]	patch(18)="ParamSetting(('test.params', 'param', 'CONFLICTBOUNDINCFACTOR'), 2.6699739007124927) | ParamSetting(('test.params', 'param', 'FIXEDPERIOD'), 32690)"
2024-06-15 10:00:26,297	[DEBUG]	EXEC>  SUCCESS 21789.075999999997
2024-06-15 10:00:26,298	[INFO]	19      SUCCESS               21789.076000 (100.58%) [2 edit(s)]  
2024-06-15 10:00:26,298	[DEBUG]	patch(19)="ParamSetting(('test.params', 'param', 'CONFLICTBOUNDINCFACTOR'), 2.6699739007124927) | ParamSetting(('test.params', 'param', 'FIXEDPERIOD'), 8218)"
2024-06-15 10:01:08,562	[DEBUG]	EXEC>  SUCCESS 21895.079999999998
2024-06-15 10:01:08,563	[INFO]	20      SUCCESS               21895.080000 (101.07%) [2 edit(s)]  
2024-06-15 10:01:08,563	[DEBUG]	patch(20)="ParamSetting(('test.params', 'param', 'CONFLICTBOUNDINCFACTOR'), 2.6699739007124927) | ParamSetting(('test.params', 'param', 'INITCONFLICTBOUND'), 30)"
2024-06-15 10:01:50,889	[DEBUG]	EXEC>  SUCCESS 22022.773999999998
2024-06-15 10:01:50,889	[INFO]	21      SUCCESS               22022.774000 (101.66%) [2 edit(s)]  
2024-06-15 10:01:50,889	[DEBUG]	patch(21)="ParamSetting(('test.params', 'param', 'CONFLICTBOUNDINCFACTOR'), 2.6699739007124927) | ParamSetting(('test.params', 'param', 'VARDECAY'), 0.2578982897229677)"
2024-06-15 10:02:33,443	[DEBUG]	EXEC>  SUCCESS 22052.976
2024-06-15 10:02:33,443	[INFO]	22      SUCCESS               22052.976000 (101.80%) [2 edit(s)]  
2024-06-15 10:02:33,444	[DEBUG]	patch(22)="ParamSetting(('test.params', 'param', 'CONFLICTBOUNDINCFACTOR'), 2.6699739007124927) | ParamSetting(('test.params', 'param', 'CLADECAY'), 0.5575590064109319)"
2024-06-15 10:03:15,450	[DEBUG]	EXEC>  SUCCESS 21718.306
2024-06-15 10:03:15,450	[INFO]	23      SUCCESS               21718.306000 (100.26%) [2 edit(s)]  
2024-06-15 10:03:15,450	[DEBUG]	patch(23)="ParamSetting(('test.params', 'param', 'CONFLICTBOUNDINCFACTOR'), 2.6699739007124927) | ParamSetting(('test.params', 'param', 'PHASE'), 'RSATLastLearnedClausesPhaseSelectionStrategy')"
2024-06-15 10:03:57,705	[DEBUG]	EXEC>  SUCCESS 21852.434
2024-06-15 10:03:57,705	[INFO]	24      SUCCESS               21852.434000 (100.88%) [2 edit(s)]  
2024-06-15 10:03:57,705	[DEBUG]	patch(24)="ParamSetting(('test.params', 'param', 'CONFLICTBOUNDINCFACTOR'), 2.6699739007124927) | ParamSetting(('test.params', 'param', 'FIXEDPERIOD'), 2295)"
2024-06-15 10:04:39,497	[DEBUG]	EXEC>  SUCCESS 21538.273999999998
2024-06-15 10:04:39,497	[INFO]	25      SUCCESS               21538.274000 (99.43%) [2 edit(s)]  
2024-06-15 10:04:39,497	[DEBUG]	patch(25)="ParamSetting(('test.params', 'param', 'CONFLICTBOUNDINCFACTOR'), 2.6699739007124927) | ParamSetting(('test.params', 'param', 'CONFLICTBOUNDINCFACTOR'), 3.9016554473003633)"
2024-06-15 10:04:39,498	[INFO]	~~~~ END ~~~~
2024-06-15 10:04:39,498	[INFO]	
2024-06-15 10:04:39,498	[INFO]	==== REPORT ====
2024-06-15 10:04:39,498	[INFO]	Termination: time budget
2024-06-15 10:04:39,498	[INFO]	Retries: 5
2024-06-15 10:04:39,498	[INFO]	Log file: /home/jim/magpie/_magpie_logs/sat4j_1718441130.log
2024-06-15 10:04:39,498	[INFO]	Patch file: _magpie_logs/sat4j_1718441130.patch
2024-06-15 10:04:39,498	[INFO]	Diff file: _magpie_logs/sat4j_1718441130.diff
2024-06-15 10:04:39,498	[INFO]	Reference fitness: 21662.786000
2024-06-15 10:04:39,498	[INFO]	Best fitness: 21460.528000
2024-06-15 10:04:39,498	[INFO]	
2024-06-15 10:04:39,499	[INFO]	==== BEST PATCH ====
ParamSetting(('test.params', 'param', 'CONFLICTBOUNDINCFACTOR'), 2.6699739007124927)
2024-06-15 10:04:39,499	[INFO]	
2024-06-15 10:04:39,499	[INFO]	==== DIFF ====
[1m--- before: test.params[0m
[1m+++ after: test.params[0m
[36m@@ -5,6 +5,6 @@[0m
 CLADECAY := 0.999
 INITCONFLICTBOUND := 100
 VARDECAY := 0.95
[31m-CONFLICTBOUNDINCFACTOR := 2.0[0m
[32m+CONFLICTBOUNDINCFACTOR := 2.6699739007124927[0m
 SIMP := 'EXPENSIVE_SIMPLIFICATION'
 CLEANING := 'LBD2'

