2024-09-01 09:12:15,337	[DEBUG]	==== CONFIG ====
[magpie]
import = 
seed = 45
log_dir = _magpie_logs
work_dir = _magpie_work
local_original_copy = True
local_original_name = __original__
output_encoding = ascii
edit_retries = 10
default_timeout = 30
default_lengthout = 1e6
diff_method = unified
trust_local_filesystem = True

[magpie.log]
color_output = True
format_info = {counter:<7} {status:<20} {best}{fitness} ({ratio}) [{size}] {cached} {log}
format_debug = patch({counter})="{patch}"{diffifbest}
format_fitness = {:.6f}
format_ratio = {:.2%%}
format_patchif = 
	 --> {patch}
format_diffif = 
	{diff}

[software]
path = examples/scipy
target_files = scipy.params
software = BasicSoftware
model_rules = 
	*.params : ParamFileConfigModel
	*.xml : SrcmlModel
	* : LineModel
model_config = 
	*.params : [paramconfig]
	*.xml : [srcml]
init_cmd = 
init_timeout = 60
init_lengthout = -1
setup_cmd = 
setup_timeout = 
setup_lengthout = 
compile_cmd = 
compile_timeout = 
compile_lengthout = 
test_cmd = ./test.sh
test_timeout = 
test_lengthout = 
run_cmd = perf stat -e cpu-clock bash run_fixed.sh
run_timeout = 
run_lengthout = 
retries = 4
batch_timeout = 
batch_lengthout = 
batch_bin_fitness_strategy = aggregate
batch_fitness_strategy = sum
fitness = perf_cpu_clock

[srcml]
rename = 
	stmt: break continue decl_stmt do expr_stmt for goto if return switch while
	number: literal_number
focus = block stmt operator_comp operator_arith number
internodes = block
process_pseudo_blocks = True
process_literals = True
process_operators = True

[paramconfig]
timing = test run
cli_prefix = --
cli_glue = =
cli_boolean = show
cli_boolean_prefix_true = 
cli_boolean_prefix_false = no-
cli_none = hide
silent_prefix = @
silent_suffix = $

[search]
protocol = BasicProtocol
algorithm = GeneticProgrammingUniformConcat
possible_edits = ParamSetting
warmup = 3
warmup_strategy = last
max_steps = 1000
max_time = 1800
target_fitness = 
cache_maxsize = 100
cache_keep = 0.2
batch_instances = 
batch_shuffle = True
batch_bin_shuffle = False
batch_sample_size = 1

[search.ls]
delete_prob = 0.5
max_neighbours = 
when_trapped = continue
accept_fail = False
tabu_length = 10

[search.gp]
pop_size = 10
delete_prob = 0.5
offspring_elitism = 0.1
offspring_crossover = 0.5
offspring_mutation = 0.4
uniform_rate = 0.5
batch_reset = True

[search.minify]
do_cleanup = True
do_rebuild = True
do_simplify = True
round_robin_limit = 3


2024-09-01 09:12:15,337	[DEBUG]	
2024-09-01 09:12:15,337	[INFO]	==== SEARCH: GeneticProgrammingUniformConcat ====
2024-09-01 09:12:15,337	[INFO]	~~~~ WARMUP ~~~~
2024-09-01 09:13:47,447	[DEBUG]	EXEC>  SUCCESS 47.25
2024-09-01 09:13:47,447	[INFO]	WARM    SUCCESS               47.250000 (--) [0 edit(s)]  
2024-09-01 09:15:15,590	[DEBUG]	EXEC>  SUCCESS 34.5
2024-09-01 09:15:15,590	[INFO]	WARM    SUCCESS               34.500000 (--) [0 edit(s)]  
2024-09-01 09:16:42,346	[DEBUG]	EXEC>  SUCCESS 52.5
2024-09-01 09:16:42,346	[INFO]	WARM    SUCCESS               52.500000 (--) [0 edit(s)]  
2024-09-01 09:16:42,346	[INFO]	REF     SUCCESS               52.500000 (--) [0 edit(s)]  
2024-09-01 09:16:42,347	[INFO]	
2024-09-01 09:16:42,347	[INFO]	~~~~ START ~~~~
2024-09-01 09:16:42,348	[INFO]	0-1     SUCCESS              +52.500000 (100.00%) [1 edit(s)] [cached] 
2024-09-01 09:16:42,348	[DEBUG]	patch(0-1)="ParamSetting(('scipy.params', 'param', 'disp'), 'False')"
2024-09-01 09:18:08,420	[DEBUG]	EXEC>  SUCCESS 42.25
2024-09-01 09:18:08,420	[INFO]	0-2     SUCCESS              *42.250000 (80.48%) [1 edit(s)]  
2024-09-01 09:18:08,420	[DEBUG]	patch(0-2)="ParamSetting(('scipy.params', 'param', 'tol'), 0.0021829705126469945)"
--- before: scipy.params
+++ after: scipy.params
@@ -1,5 +1,5 @@
 method := 'None'
 jac := 'None'
-tol := 0.0001
+tol := 0.0021829705126469945
 disp := 'False'
 maxiter := 100

2024-09-01 09:19:30,857	[DEBUG]	EXEC>  SUCCESS 20.25
2024-09-01 09:19:30,857	[INFO]	0-3     SUCCESS              *20.250000 (38.57%) [1 edit(s)]  
2024-09-01 09:19:30,857	[DEBUG]	patch(0-3)="ParamSetting(('scipy.params', 'param', 'method'), 'L-BFGS-B')"
--- before: scipy.params
+++ after: scipy.params
@@ -1,4 +1,4 @@
-method := 'None'
+method := 'L-BFGS-B'
 jac := 'None'
 tol := 0.0001
 disp := 'False'

2024-09-01 09:19:30,858	[INFO]	0-4     SUCCESS               52.500000 (100.00%) [1 edit(s)] [cached] 
2024-09-01 09:19:30,858	[DEBUG]	patch(0-4)="ParamSetting(('scipy.params', 'param', 'method'), 'None')"
2024-09-01 09:21:02,090	[DEBUG]	EXEC>  SUCCESS 40.75
2024-09-01 09:21:02,090	[INFO]	0-5     SUCCESS               40.750000 (77.62%) [1 edit(s)]  
2024-09-01 09:21:02,090	[DEBUG]	patch(0-5)="ParamSetting(('scipy.params', 'param', 'tol'), 0.1585092889346366)"
2024-09-01 09:21:02,452	[INFO]	0-6     TEST_CODE_ERROR       None (--) [1 edit(s)]  
2024-09-01 09:21:02,452	[DEBUG]	patch(0-6)="ParamSetting(('scipy.params', 'param', 'disp'), 'True')"
2024-09-01 09:21:52,945	[DEBUG]	EXEC>  SUCCESS 69.0
2024-09-01 09:21:52,945	[INFO]	0-7     SUCCESS               69.000000 (131.43%) [1 edit(s)]  
2024-09-01 09:21:52,945	[DEBUG]	patch(0-7)="ParamSetting(('scipy.params', 'param', 'method'), 'Nelder-Mead')"
2024-09-01 09:23:25,625	[DEBUG]	EXEC>  SUCCESS 53.5
2024-09-01 09:23:25,625	[INFO]	0-8     SUCCESS               53.500000 (101.90%) [1 edit(s)]  
2024-09-01 09:23:25,625	[DEBUG]	patch(0-8)="ParamSetting(('scipy.params', 'param', 'tol'), 0.04408931217072832)"
2024-09-01 09:25:00,349	[DEBUG]	EXEC>  SUCCESS 30.5
2024-09-01 09:25:00,349	[INFO]	0-9     SUCCESS               30.500000 (58.10%) [1 edit(s)]  
2024-09-01 09:25:00,349	[DEBUG]	patch(0-9)="ParamSetting(('scipy.params', 'param', 'tol'), 0.15319456285656102)"
2024-09-01 09:26:31,173	[DEBUG]	EXEC>  SUCCESS 37.0
2024-09-01 09:26:31,173	[INFO]	0-10    SUCCESS               37.000000 (70.48%) [1 edit(s)]  
2024-09-01 09:26:31,173	[DEBUG]	patch(0-10)="ParamSetting(('scipy.params', 'param', 'jac'), 'False')"
2024-09-01 09:26:31,174	[INFO]	REF     SUCCESS               52.500000 (--) [0 edit(s)] [cached] 
2024-09-01 09:26:31,175	[INFO]	BEST    SUCCESS              *20.250000 (38.57%) [0 edit(s)] [cached] 
2024-09-01 09:26:31,176	[INFO]	1-1     SUCCESS              +20.250000 (38.57%) [1 edit(s)] [cached] 
2024-09-01 09:26:31,176	[DEBUG]	patch(1-1)="ParamSetting(('scipy.params', 'param', 'method'), 'L-BFGS-B')"
2024-09-01 09:26:31,177	[INFO]	1-2     SUCCESS               20.250000 (38.57%) [1 edit(s)] [cached] 
2024-09-01 09:26:31,177	[DEBUG]	patch(1-2)="ParamSetting(('scipy.params', 'param', 'method'), 'L-BFGS-B')"
2024-09-01 09:26:31,177	[INFO]	1-3     SUCCESS               40.750000 (77.62%) [1 edit(s)] [cached] 
2024-09-01 09:26:31,177	[DEBUG]	patch(1-3)="ParamSetting(('scipy.params', 'param', 'tol'), 0.1585092889346366)"
2024-09-01 09:26:31,178	[INFO]	1-4     SUCCESS               37.000000 (70.48%) [1 edit(s)] [cached] 
2024-09-01 09:26:31,178	[DEBUG]	patch(1-4)="ParamSetting(('scipy.params', 'param', 'jac'), 'False')"
2024-09-01 09:26:31,178	[INFO]	1-5     SUCCESS               69.000000 (131.43%) [1 edit(s)] [cached] 
2024-09-01 09:26:31,178	[DEBUG]	patch(1-5)="ParamSetting(('scipy.params', 'param', 'method'), 'Nelder-Mead')"
2024-09-01 09:26:31,179	[INFO]	1-6     SUCCESS               69.000000 (131.43%) [1 edit(s)] [cached] 
2024-09-01 09:26:31,179	[DEBUG]	patch(1-6)="ParamSetting(('scipy.params', 'param', 'method'), 'Nelder-Mead')"
2024-09-01 09:26:31,180	[INFO]	1-7     SUCCESS               52.500000 (100.00%) [0 edit(s)] [cached] 
2024-09-01 09:26:31,180	[DEBUG]	patch(1-7)=""
2024-09-01 09:26:31,180	[INFO]	1-8     SUCCESS               52.500000 (100.00%) [0 edit(s)] [cached] 
2024-09-01 09:26:31,180	[DEBUG]	patch(1-8)=""
2024-09-01 09:26:31,196	[INFO]	1-9     TEST_CODE_ERROR       None (--) [2 edit(s)]  
2024-09-01 09:26:31,196	[DEBUG]	patch(1-9)="ParamSetting(('scipy.params', 'param', 'jac'), 'False') | ParamSetting(('scipy.params', 'param', 'jac'), 'cs')"
2024-09-01 09:26:31,196	[INFO]	1-10    SUCCESS               52.500000 (100.00%) [0 edit(s)] [cached] 
2024-09-01 09:26:31,197	[DEBUG]	patch(1-10)=""
2024-09-01 09:26:31,201	[INFO]	REF     SUCCESS               52.500000 (--) [0 edit(s)] [cached] 
2024-09-01 09:26:31,202	[INFO]	BEST    SUCCESS              *20.250000 (38.57%) [0 edit(s)] [cached] 
2024-09-01 09:26:31,203	[INFO]	2-1     SUCCESS              +20.250000 (38.57%) [1 edit(s)] [cached] 
2024-09-01 09:26:31,203	[DEBUG]	patch(2-1)="ParamSetting(('scipy.params', 'param', 'method'), 'L-BFGS-B')"
2024-09-01 09:26:31,203	[INFO]	2-2     SUCCESS               20.250000 (38.57%) [1 edit(s)] [cached] 
2024-09-01 09:26:31,203	[DEBUG]	patch(2-2)="ParamSetting(('scipy.params', 'param', 'method'), 'L-BFGS-B')"
2024-09-01 09:26:31,204	[INFO]	2-3     SUCCESS               37.000000 (70.48%) [1 edit(s)] [cached] 
2024-09-01 09:26:31,204	[DEBUG]	patch(2-3)="ParamSetting(('scipy.params', 'param', 'jac'), 'False')"
2024-09-01 09:26:31,204	[INFO]	2-4     SUCCESS               20.250000 (38.57%) [1 edit(s)] [cached] 
2024-09-01 09:26:31,204	[DEBUG]	patch(2-4)="ParamSetting(('scipy.params', 'param', 'method'), 'L-BFGS-B')"
2024-09-01 09:26:31,205	[INFO]	2-5     SUCCESS               20.250000 (38.57%) [1 edit(s)] [cached] 
2024-09-01 09:26:31,205	[DEBUG]	patch(2-5)="ParamSetting(('scipy.params', 'param', 'method'), 'L-BFGS-B')"
2024-09-01 09:26:31,205	[INFO]	2-6     SUCCESS               69.000000 (131.43%) [1 edit(s)] [cached] 
2024-09-01 09:26:31,206	[DEBUG]	patch(2-6)="ParamSetting(('scipy.params', 'param', 'method'), 'Nelder-Mead')"
2024-09-01 09:26:31,206	[INFO]	2-7     SUCCESS               20.250000 (38.57%) [2 edit(s)] [cached] 
2024-09-01 09:26:31,206	[DEBUG]	patch(2-7)="ParamSetting(('scipy.params', 'param', 'method'), 'L-BFGS-B') | ParamSetting(('scipy.params', 'param', 'disp'), 'False')"
2024-09-01 09:26:31,207	[INFO]	2-8     SUCCESS               52.500000 (100.00%) [0 edit(s)] [cached] 
2024-09-01 09:26:31,207	[DEBUG]	patch(2-8)=""
2024-09-01 09:26:31,207	[INFO]	2-9     SUCCESS               52.500000 (100.00%) [0 edit(s)] [cached] 
2024-09-01 09:26:31,207	[DEBUG]	patch(2-9)=""
2024-09-01 09:28:06,680	[DEBUG]	EXEC>  SUCCESS 22.75
2024-09-01 09:28:06,680	[INFO]	2-10    SUCCESS               22.750000 (43.33%) [1 edit(s)]  
2024-09-01 09:28:06,680	[DEBUG]	patch(2-10)="ParamSetting(('scipy.params', 'param', 'tol'), 0.05760892914504464)"
2024-09-01 09:28:06,681	[INFO]	REF     SUCCESS               52.500000 (--) [0 edit(s)] [cached] 
2024-09-01 09:28:06,681	[INFO]	BEST    SUCCESS              *20.250000 (38.57%) [0 edit(s)] [cached] 
2024-09-01 09:28:06,683	[INFO]	3-1     SUCCESS              +20.250000 (38.57%) [1 edit(s)] [cached] 
2024-09-01 09:28:06,683	[DEBUG]	patch(3-1)="ParamSetting(('scipy.params', 'param', 'method'), 'L-BFGS-B')"
2024-09-01 09:28:06,683	[INFO]	3-2     SUCCESS               20.250000 (38.57%) [1 edit(s)] [cached] 
2024-09-01 09:28:06,683	[DEBUG]	patch(3-2)="ParamSetting(('scipy.params', 'param', 'method'), 'L-BFGS-B')"
2024-09-01 09:28:06,684	[INFO]	3-3     SUCCESS               20.250000 (38.57%) [1 edit(s)] [cached] 
2024-09-01 09:28:06,684	[DEBUG]	patch(3-3)="ParamSetting(('scipy.params', 'param', 'method'), 'L-BFGS-B')"
2024-09-01 09:29:07,386	[DEBUG]	EXEC>  SUCCESS 75.75
2024-09-01 09:29:07,386	[INFO]	3-4     SUCCESS               75.750000 (144.29%) [2 edit(s)]  
2024-09-01 09:29:07,386	[DEBUG]	patch(3-4)="ParamSetting(('scipy.params', 'param', 'tol'), 0.05760892914504464) | ParamSetting(('scipy.params', 'param', 'method'), 'L-BFGS-B')"
2024-09-01 09:29:07,386	[INFO]	3-5     SUCCESS               37.000000 (70.48%) [1 edit(s)] [cached] 
2024-09-01 09:29:07,387	[DEBUG]	patch(3-5)="ParamSetting(('scipy.params', 'param', 'jac'), 'False')"
2024-09-01 09:29:07,387	[INFO]	3-6     SUCCESS               52.500000 (100.00%) [0 edit(s)] [cached] 
2024-09-01 09:29:07,387	[DEBUG]	patch(3-6)=""
2024-09-01 09:29:07,388	[INFO]	3-7     SUCCESS               52.500000 (100.00%) [0 edit(s)] [cached] 
2024-09-01 09:29:07,388	[DEBUG]	patch(3-7)=""
2024-09-01 09:29:07,388	[INFO]	3-8     SUCCESS               20.250000 (38.57%) [3 edit(s)] [cached] 
2024-09-01 09:29:07,388	[DEBUG]	patch(3-8)="ParamSetting(('scipy.params', 'param', 'method'), 'L-BFGS-B') | ParamSetting(('scipy.params', 'param', 'disp'), 'False') | ParamSetting(('scipy.params', 'param', 'disp'), 'False')"
2024-09-01 09:29:07,761	[INFO]	3-9     TEST_CODE_ERROR       None (--) [2 edit(s)]  
2024-09-01 09:29:07,761	[DEBUG]	patch(3-9)="ParamSetting(('scipy.params', 'param', 'tol'), 0.05760892914504464) | ParamSetting(('scipy.params', 'param', 'disp'), 'True')"
2024-09-01 09:29:07,762	[INFO]	3-10    SUCCESS               52.500000 (100.00%) [0 edit(s)] [cached] 
2024-09-01 09:29:07,762	[DEBUG]	patch(3-10)=""
2024-09-01 09:29:07,762	[INFO]	REF     SUCCESS               52.500000 (--) [0 edit(s)] [cached] 
2024-09-01 09:29:07,763	[INFO]	BEST    SUCCESS              *20.250000 (38.57%) [0 edit(s)] [cached] 
2024-09-01 09:29:07,764	[INFO]	4-1     SUCCESS              +20.250000 (38.57%) [3 edit(s)] [cached] 
2024-09-01 09:29:07,764	[DEBUG]	patch(4-1)="ParamSetting(('scipy.params', 'param', 'method'), 'L-BFGS-B') | ParamSetting(('scipy.params', 'param', 'disp'), 'False') | ParamSetting(('scipy.params', 'param', 'disp'), 'False')"
2024-09-01 09:29:07,765	[INFO]	4-2     SUCCESS               20.250000 (38.57%) [2 edit(s)] [cached] 
2024-09-01 09:29:07,765	[DEBUG]	patch(4-2)="ParamSetting(('scipy.params', 'param', 'method'), 'L-BFGS-B') | ParamSetting(('scipy.params', 'param', 'disp'), 'False')"
2024-09-01 09:30:24,860	[DEBUG]	EXEC>  SUCCESS 39.5
2024-09-01 09:30:24,861	[INFO]	4-3     SUCCESS               39.500000 (75.24%) [2 edit(s)]  
2024-09-01 09:30:24,861	[DEBUG]	patch(4-3)="ParamSetting(('scipy.params', 'param', 'method'), 'L-BFGS-B') | ParamSetting(('scipy.params', 'param', 'jac'), 'False')"
2024-09-01 09:30:24,861	[INFO]	4-4     SUCCESS               37.000000 (70.48%) [1 edit(s)] [cached] 
2024-09-01 09:30:24,862	[DEBUG]	patch(4-4)="ParamSetting(('scipy.params', 'param', 'jac'), 'False')"
2024-09-01 09:30:24,862	[INFO]	4-5     SUCCESS               75.750000 (144.29%) [2 edit(s)] [cached] 
2024-09-01 09:30:24,862	[DEBUG]	patch(4-5)="ParamSetting(('scipy.params', 'param', 'tol'), 0.05760892914504464) | ParamSetting(('scipy.params', 'param', 'method'), 'L-BFGS-B')"
2024-09-01 09:30:24,863	[INFO]	4-6     SUCCESS               75.750000 (144.29%) [4 edit(s)] [cached] 
2024-09-01 09:30:24,863	[DEBUG]	patch(4-6)="ParamSetting(('scipy.params', 'param', 'tol'), 0.05760892914504464) | ParamSetting(('scipy.params', 'param', 'method'), 'L-BFGS-B') | ParamSetting(('scipy.params', 'param', 'disp'), 'False') | ParamSetting(('scipy.params', 'param', 'disp'), 'False')"
2024-09-01 09:30:24,864	[INFO]	4-7     SUCCESS               20.250000 (38.57%) [4 edit(s)] [cached] 
2024-09-01 09:30:24,864	[DEBUG]	patch(4-7)="ParamSetting(('scipy.params', 'param', 'method'), 'L-BFGS-B') | ParamSetting(('scipy.params', 'param', 'disp'), 'False') | ParamSetting(('scipy.params', 'param', 'disp'), 'False') | ParamSetting(('scipy.params', 'param', 'disp'), 'False')"
2024-09-01 09:30:24,864	[INFO]	4-8     SUCCESS               52.500000 (100.00%) [0 edit(s)] [cached] 
2024-09-01 09:30:24,864	[DEBUG]	patch(4-8)=""
2024-09-01 09:30:24,865	[INFO]	4-9     SUCCESS               52.500000 (100.00%) [0 edit(s)] [cached] 
2024-09-01 09:30:24,865	[DEBUG]	patch(4-9)=""
2024-09-01 09:30:24,866	[INFO]	4-10    SUCCESS               52.500000 (100.00%) [1 edit(s)] [cached] 
2024-09-01 09:30:24,866	[DEBUG]	patch(4-10)="ParamSetting(('scipy.params', 'param', 'method'), 'None')"
2024-09-01 09:30:24,866	[INFO]	REF     SUCCESS               52.500000 (--) [0 edit(s)] [cached] 
2024-09-01 09:30:24,867	[INFO]	BEST    SUCCESS              *20.250000 (38.57%) [0 edit(s)] [cached] 
2024-09-01 09:30:24,869	[INFO]	5-1     SUCCESS              +20.250000 (38.57%) [4 edit(s)] [cached] 
2024-09-01 09:30:24,869	[DEBUG]	patch(5-1)="ParamSetting(('scipy.params', 'param', 'method'), 'L-BFGS-B') | ParamSetting(('scipy.params', 'param', 'disp'), 'False') | ParamSetting(('scipy.params', 'param', 'disp'), 'False') | ParamSetting(('scipy.params', 'param', 'disp'), 'False')"
2024-09-01 09:30:24,870	[INFO]	5-2     SUCCESS               52.500000 (100.00%) [2 edit(s)] [cached] 
2024-09-01 09:30:24,870	[DEBUG]	patch(5-2)="ParamSetting(('scipy.params', 'param', 'disp'), 'False') | ParamSetting(('scipy.params', 'param', 'disp'), 'False')"
2024-09-01 09:30:24,870	[INFO]	5-3     SUCCESS               20.250000 (38.57%) [4 edit(s)] [cached] 
2024-09-01 09:30:24,870	[DEBUG]	patch(5-3)="ParamSetting(('scipy.params', 'param', 'method'), 'L-BFGS-B') | ParamSetting(('scipy.params', 'param', 'disp'), 'False') | ParamSetting(('scipy.params', 'param', 'disp'), 'False') | ParamSetting(('scipy.params', 'param', 'disp'), 'False')"
2024-09-01 09:30:24,871	[INFO]	5-4     SUCCESS               75.750000 (144.29%) [3 edit(s)] [cached] 
2024-09-01 09:30:24,871	[DEBUG]	patch(5-4)="ParamSetting(('scipy.params', 'param', 'method'), 'L-BFGS-B') | ParamSetting(('scipy.params', 'param', 'disp'), 'False') | ParamSetting(('scipy.params', 'param', 'tol'), 0.05760892914504464)"
2024-09-01 09:30:24,872	[INFO]	5-5     SUCCESS               22.750000 (43.33%) [3 edit(s)] [cached] 
2024-09-01 09:30:24,872	[DEBUG]	patch(5-5)="ParamSetting(('scipy.params', 'param', 'tol'), 0.05760892914504464) | ParamSetting(('scipy.params', 'param', 'disp'), 'False') | ParamSetting(('scipy.params', 'param', 'disp'), 'False')"
2024-09-01 09:30:24,872	[INFO]	5-6     SUCCESS               39.500000 (75.24%) [3 edit(s)] [cached] 
2024-09-01 09:30:24,872	[DEBUG]	patch(5-6)="ParamSetting(('scipy.params', 'param', 'method'), 'None') | ParamSetting(('scipy.params', 'param', 'method'), 'L-BFGS-B') | ParamSetting(('scipy.params', 'param', 'jac'), 'False')"
2024-09-01 09:30:25,243	[INFO]	5-7     TEST_CODE_ERROR       None (--) [5 edit(s)]  
2024-09-01 09:30:25,243	[DEBUG]	patch(5-7)="ParamSetting(('scipy.params', 'param', 'method'), 'L-BFGS-B') | ParamSetting(('scipy.params', 'param', 'disp'), 'False') | ParamSetting(('scipy.params', 'param', 'disp'), 'False') | ParamSetting(('scipy.params', 'param', 'disp'), 'False') | ParamSetting(('scipy.params', 'param', 'disp'), 'True')"
2024-09-01 09:31:01,856	[DEBUG]	EXEC>  TIMEOUT None
2024-09-01 09:31:01,856	[INFO]	5-8     RUN_TIMEOUT           None (--) [4 edit(s)]  
2024-09-01 09:31:01,856	[DEBUG]	patch(5-8)="ParamSetting(('scipy.params', 'param', 'method'), 'L-BFGS-B') | ParamSetting(('scipy.params', 'param', 'disp'), 'False') | ParamSetting(('scipy.params', 'param', 'disp'), 'False') | ParamSetting(('scipy.params', 'param', 'method'), 'Powell')"
2024-09-01 09:32:05,214	[DEBUG]	EXEC>  SUCCESS 72.75
2024-09-01 09:32:05,214	[INFO]	5-9     SUCCESS               72.750000 (138.57%) [3 edit(s)]  
2024-09-01 09:32:05,214	[DEBUG]	patch(5-9)="ParamSetting(('scipy.params', 'param', 'method'), 'L-BFGS-B') | ParamSetting(('scipy.params', 'param', 'disp'), 'False') | ParamSetting(('scipy.params', 'param', 'tol'), 0.014387493725772535)"
2024-09-01 09:32:05,215	[INFO]	5-10    SUCCESS               52.500000 (100.00%) [0 edit(s)] [cached] 
2024-09-01 09:32:05,215	[DEBUG]	patch(5-10)=""
2024-09-01 09:32:05,215	[INFO]	REF     SUCCESS               52.500000 (--) [0 edit(s)] [cached] 
2024-09-01 09:32:05,216	[INFO]	BEST    SUCCESS              *20.250000 (38.57%) [0 edit(s)] [cached] 
2024-09-01 09:32:05,218	[INFO]	6-1     SUCCESS              +20.250000 (38.57%) [4 edit(s)] [cached] 
2024-09-01 09:32:05,218	[DEBUG]	patch(6-1)="ParamSetting(('scipy.params', 'param', 'method'), 'L-BFGS-B') | ParamSetting(('scipy.params', 'param', 'disp'), 'False') | ParamSetting(('scipy.params', 'param', 'disp'), 'False') | ParamSetting(('scipy.params', 'param', 'disp'), 'False')"
2024-09-01 09:32:05,218	[INFO]	6-2     SUCCESS               20.250000 (38.57%) [3 edit(s)] [cached] 
2024-09-01 09:32:05,218	[DEBUG]	patch(6-2)="ParamSetting(('scipy.params', 'param', 'method'), 'L-BFGS-B') | ParamSetting(('scipy.params', 'param', 'disp'), 'False') | ParamSetting(('scipy.params', 'param', 'disp'), 'False')"
2024-09-01 09:32:05,219	[INFO]	6-3     SUCCESS               22.750000 (43.33%) [4 edit(s)] [cached] 
2024-09-01 09:32:05,219	[DEBUG]	patch(6-3)="ParamSetting(('scipy.params', 'param', 'tol'), 0.05760892914504464) | ParamSetting(('scipy.params', 'param', 'disp'), 'False') | ParamSetting(('scipy.params', 'param', 'disp'), 'False') | ParamSetting(('scipy.params', 'param', 'disp'), 'False')"
2024-09-01 09:32:05,219	[INFO]	6-4     SUCCESS               20.250000 (38.57%) [3 edit(s)] [cached] 
2024-09-01 09:32:05,219	[DEBUG]	patch(6-4)="ParamSetting(('scipy.params', 'param', 'disp'), 'False') | ParamSetting(('scipy.params', 'param', 'method'), 'None') | ParamSetting(('scipy.params', 'param', 'method'), 'L-BFGS-B')"
2024-09-01 09:32:05,220	[INFO]	6-5     SUCCESS               20.250000 (38.57%) [4 edit(s)] [cached] 
2024-09-01 09:32:05,220	[DEBUG]	patch(6-5)="ParamSetting(('scipy.params', 'param', 'method'), 'L-BFGS-B') | ParamSetting(('scipy.params', 'param', 'disp'), 'False') | ParamSetting(('scipy.params', 'param', 'disp'), 'False') | ParamSetting(('scipy.params', 'param', 'disp'), 'False')"
2024-09-01 09:32:05,220	[INFO]	6-6     SUCCESS               52.500000 (100.00%) [2 edit(s)] [cached] 
2024-09-01 09:32:05,220	[DEBUG]	patch(6-6)="ParamSetting(('scipy.params', 'param', 'disp'), 'False') | ParamSetting(('scipy.params', 'param', 'disp'), 'False')"
2024-09-01 09:32:05,221	[INFO]	6-7     SUCCESS               20.250000 (38.57%) [5 edit(s)] [cached] 
2024-09-01 09:32:05,221	[DEBUG]	patch(6-7)="ParamSetting(('scipy.params', 'param', 'method'), 'L-BFGS-B') | ParamSetting(('scipy.params', 'param', 'disp'), 'False') | ParamSetting(('scipy.params', 'param', 'disp'), 'False') | ParamSetting(('scipy.params', 'param', 'disp'), 'False') | ParamSetting(('scipy.params', 'param', 'method'), 'L-BFGS-B')"
2024-09-01 09:32:05,221	[INFO]	6-8     SUCCESS               52.500000 (100.00%) [2 edit(s)] [cached] 
2024-09-01 09:32:05,221	[DEBUG]	patch(6-8)="ParamSetting(('scipy.params', 'param', 'disp'), 'False') | ParamSetting(('scipy.params', 'param', 'disp'), 'False')"
2024-09-01 09:32:05,222	[INFO]	6-9     SUCCESS               39.500000 (75.24%) [2 edit(s)] [cached] 
2024-09-01 09:32:05,222	[DEBUG]	patch(6-9)="ParamSetting(('scipy.params', 'param', 'method'), 'L-BFGS-B') | ParamSetting(('scipy.params', 'param', 'jac'), 'False')"
2024-09-01 09:33:35,950	[DEBUG]	EXEC>  SUCCESS 65.25
2024-09-01 09:33:35,950	[INFO]	6-10    SUCCESS               65.250000 (124.29%) [3 edit(s)]  
2024-09-01 09:33:35,950	[DEBUG]	patch(6-10)="ParamSetting(('scipy.params', 'param', 'disp'), 'False') | ParamSetting(('scipy.params', 'param', 'disp'), 'False') | ParamSetting(('scipy.params', 'param', 'tol'), 0.2888932911821238)"
2024-09-01 09:33:35,951	[INFO]	REF     SUCCESS               52.500000 (--) [0 edit(s)] [cached] 
2024-09-01 09:33:35,952	[INFO]	BEST    SUCCESS              *20.250000 (38.57%) [0 edit(s)] [cached] 
2024-09-01 09:33:35,954	[INFO]	7-1     SUCCESS              +20.250000 (38.57%) [3 edit(s)] [cached] 
2024-09-01 09:33:35,954	[DEBUG]	patch(7-1)="ParamSetting(('scipy.params', 'param', 'disp'), 'False') | ParamSetting(('scipy.params', 'param', 'method'), 'None') | ParamSetting(('scipy.params', 'param', 'method'), 'L-BFGS-B')"
2024-09-01 09:33:35,954	[INFO]	7-2     SUCCESS               20.250000 (38.57%) [4 edit(s)] [cached] 
2024-09-01 09:33:35,955	[DEBUG]	patch(7-2)="ParamSetting(('scipy.params', 'param', 'disp'), 'False') | ParamSetting(('scipy.params', 'param', 'method'), 'L-BFGS-B') | ParamSetting(('scipy.params', 'param', 'disp'), 'False') | ParamSetting(('scipy.params', 'param', 'method'), 'L-BFGS-B')"
2024-09-01 09:33:35,955	[INFO]	7-3     SUCCESS               22.750000 (43.33%) [4 edit(s)] [cached] 
2024-09-01 09:33:35,955	[DEBUG]	patch(7-3)="ParamSetting(('scipy.params', 'param', 'tol'), 0.05760892914504464) | ParamSetting(('scipy.params', 'param', 'disp'), 'False') | ParamSetting(('scipy.params', 'param', 'disp'), 'False') | ParamSetting(('scipy.params', 'param', 'disp'), 'False')"
2024-09-01 09:33:35,956	[INFO]	7-4     SUCCESS               20.250000 (38.57%) [3 edit(s)] [cached] 
2024-09-01 09:33:35,956	[DEBUG]	patch(7-4)="ParamSetting(('scipy.params', 'param', 'method'), 'L-BFGS-B') | ParamSetting(('scipy.params', 'param', 'disp'), 'False') | ParamSetting(('scipy.params', 'param', 'disp'), 'False')"
2024-09-01 09:33:35,956	[INFO]	7-5     SUCCESS               22.750000 (43.33%) [4 edit(s)] [cached] 
2024-09-01 09:33:35,956	[DEBUG]	patch(7-5)="ParamSetting(('scipy.params', 'param', 'disp'), 'False') | ParamSetting(('scipy.params', 'param', 'tol'), 0.05760892914504464) | ParamSetting(('scipy.params', 'param', 'disp'), 'False') | ParamSetting(('scipy.params', 'param', 'disp'), 'False')"
2024-09-01 09:33:35,957	[INFO]	7-6     SUCCESS               37.000000 (70.48%) [4 edit(s)] [cached] 
2024-09-01 09:33:35,957	[DEBUG]	patch(7-6)="ParamSetting(('scipy.params', 'param', 'disp'), 'False') | ParamSetting(('scipy.params', 'param', 'disp'), 'False') | ParamSetting(('scipy.params', 'param', 'disp'), 'False') | ParamSetting(('scipy.params', 'param', 'jac'), 'False')"
2024-09-01 09:33:35,957	[INFO]	7-7     SUCCESS               20.250000 (38.57%) [2 edit(s)] [cached] 
2024-09-01 09:33:35,957	[DEBUG]	patch(7-7)="ParamSetting(('scipy.params', 'param', 'method'), 'None') | ParamSetting(('scipy.params', 'param', 'method'), 'L-BFGS-B')"
2024-09-01 09:33:35,958	[INFO]	7-8     SUCCESS               20.250000 (38.57%) [3 edit(s)] [cached] 
2024-09-01 09:33:35,958	[DEBUG]	patch(7-8)="ParamSetting(('scipy.params', 'param', 'method'), 'L-BFGS-B') | ParamSetting(('scipy.params', 'param', 'disp'), 'False') | ParamSetting(('scipy.params', 'param', 'disp'), 'False')"
2024-09-01 09:34:36,677	[DEBUG]	EXEC>  SUCCESS 46.75
2024-09-01 09:34:36,677	[INFO]	7-9     SUCCESS               46.750000 (89.05%) [4 edit(s)]  
2024-09-01 09:34:36,677	[DEBUG]	patch(7-9)="ParamSetting(('scipy.params', 'param', 'method'), 'L-BFGS-B') | ParamSetting(('scipy.params', 'param', 'disp'), 'False') | ParamSetting(('scipy.params', 'param', 'disp'), 'False') | ParamSetting(('scipy.params', 'param', 'tol'), 0.02899014854212889)"
2024-09-01 09:34:36,678	[INFO]	7-10    SUCCESS               20.250000 (38.57%) [4 edit(s)] [cached] 
2024-09-01 09:34:36,678	[DEBUG]	patch(7-10)="ParamSetting(('scipy.params', 'param', 'method'), 'L-BFGS-B') | ParamSetting(('scipy.params', 'param', 'disp'), 'False') | ParamSetting(('scipy.params', 'param', 'disp'), 'False') | ParamSetting(('scipy.params', 'param', 'method'), 'L-BFGS-B')"
2024-09-01 09:34:36,678	[INFO]	REF     SUCCESS               52.500000 (--) [0 edit(s)] [cached] 
2024-09-01 09:34:36,679	[INFO]	BEST    SUCCESS              *20.250000 (38.57%) [0 edit(s)] [cached] 
2024-09-01 09:34:36,681	[INFO]	8-1     SUCCESS              +20.250000 (38.57%) [3 edit(s)] [cached] 
2024-09-01 09:34:36,681	[DEBUG]	patch(8-1)="ParamSetting(('scipy.params', 'param', 'disp'), 'False') | ParamSetting(('scipy.params', 'param', 'method'), 'None') | ParamSetting(('scipy.params', 'param', 'method'), 'L-BFGS-B')"
2024-09-01 09:34:36,682	[INFO]	8-2     SUCCESS               20.250000 (38.57%) [4 edit(s)] [cached] 
2024-09-01 09:34:36,682	[DEBUG]	patch(8-2)="ParamSetting(('scipy.params', 'param', 'disp'), 'False') | ParamSetting(('scipy.params', 'param', 'method'), 'L-BFGS-B') | ParamSetting(('scipy.params', 'param', 'disp'), 'False') | ParamSetting(('scipy.params', 'param', 'method'), 'L-BFGS-B')"
2024-09-01 09:34:36,682	[INFO]	8-3     SUCCESS               22.750000 (43.33%) [2 edit(s)] [cached] 
2024-09-01 09:34:36,682	[DEBUG]	patch(8-3)="ParamSetting(('scipy.params', 'param', 'tol'), 0.05760892914504464) | ParamSetting(('scipy.params', 'param', 'disp'), 'False')"
2024-09-01 09:34:36,683	[INFO]	8-4     SUCCESS               20.250000 (38.57%) [3 edit(s)] [cached] 
2024-09-01 09:34:36,683	[DEBUG]	patch(8-4)="ParamSetting(('scipy.params', 'param', 'method'), 'L-BFGS-B') | ParamSetting(('scipy.params', 'param', 'disp'), 'False') | ParamSetting(('scipy.params', 'param', 'method'), 'L-BFGS-B')"
2024-09-01 09:34:36,683	[INFO]	8-5     SUCCESS               20.250000 (38.57%) [3 edit(s)] [cached] 
2024-09-01 09:34:36,683	[DEBUG]	patch(8-5)="ParamSetting(('scipy.params', 'param', 'method'), 'L-BFGS-B') | ParamSetting(('scipy.params', 'param', 'disp'), 'False') | ParamSetting(('scipy.params', 'param', 'method'), 'L-BFGS-B')"
2024-09-01 09:34:36,684	[INFO]	8-6     SUCCESS               75.750000 (144.29%) [5 edit(s)] [cached] 
2024-09-01 09:34:36,684	[DEBUG]	patch(8-6)="ParamSetting(('scipy.params', 'param', 'tol'), 0.05760892914504464) | ParamSetting(('scipy.params', 'param', 'disp'), 'False') | ParamSetting(('scipy.params', 'param', 'method'), 'L-BFGS-B') | ParamSetting(('scipy.params', 'param', 'disp'), 'False') | ParamSetting(('scipy.params', 'param', 'method'), 'L-BFGS-B')"
2024-09-01 09:34:36,684	[INFO]	8-7     SUCCESS               52.500000 (100.00%) [2 edit(s)] [cached] 
2024-09-01 09:34:36,684	[DEBUG]	patch(8-7)="ParamSetting(('scipy.params', 'param', 'disp'), 'False') | ParamSetting(('scipy.params', 'param', 'method'), 'None')"
2024-09-01 09:34:36,685	[INFO]	8-8     SUCCESS               39.500000 (75.24%) [4 edit(s)] [cached] 
2024-09-01 09:34:36,685	[DEBUG]	patch(8-8)="ParamSetting(('scipy.params', 'param', 'method'), 'L-BFGS-B') | ParamSetting(('scipy.params', 'param', 'disp'), 'False') | ParamSetting(('scipy.params', 'param', 'disp'), 'False') | ParamSetting(('scipy.params', 'param', 'jac'), 'False')"
2024-09-01 09:34:36,685	[INFO]	8-9     SUCCESS               52.500000 (100.00%) [1 edit(s)] [cached] 
2024-09-01 09:34:36,685	[DEBUG]	patch(8-9)="ParamSetting(('scipy.params', 'param', 'method'), 'None')"
2024-09-01 09:34:36,686	[INFO]	8-10    SUCCESS               20.250000 (38.57%) [5 edit(s)] [cached] 
2024-09-01 09:34:36,686	[DEBUG]	patch(8-10)="ParamSetting(('scipy.params', 'param', 'method'), 'L-BFGS-B') | ParamSetting(('scipy.params', 'param', 'disp'), 'False') | ParamSetting(('scipy.params', 'param', 'disp'), 'False') | ParamSetting(('scipy.params', 'param', 'method'), 'L-BFGS-B') | ParamSetting(('scipy.params', 'param', 'jac'), 'None')"
2024-09-01 09:34:36,686	[INFO]	REF     SUCCESS               52.500000 (--) [0 edit(s)] [cached] 
2024-09-01 09:34:36,709	[INFO]	BEST    SUCCESS              *20.250000 (38.57%) [0 edit(s)] [cached] 
2024-09-01 09:34:36,712	[INFO]	9-1     SUCCESS              +20.250000 (38.57%) [3 edit(s)] [cached] 
2024-09-01 09:34:36,712	[DEBUG]	patch(9-1)="ParamSetting(('scipy.params', 'param', 'disp'), 'False') | ParamSetting(('scipy.params', 'param', 'method'), 'None') | ParamSetting(('scipy.params', 'param', 'method'), 'L-BFGS-B')"
2024-09-01 09:34:36,712	[INFO]	9-2     SUCCESS               20.250000 (38.57%) [4 edit(s)] [cached] 
2024-09-01 09:34:36,712	[DEBUG]	patch(9-2)="ParamSetting(('scipy.params', 'param', 'method'), 'None') | ParamSetting(('scipy.params', 'param', 'method'), 'L-BFGS-B') | ParamSetting(('scipy.params', 'param', 'method'), 'L-BFGS-B') | ParamSetting(('scipy.params', 'param', 'method'), 'L-BFGS-B')"
2024-09-01 09:34:36,713	[INFO]	9-3     SUCCESS               52.500000 (100.00%) [3 edit(s)] [cached] 
2024-09-01 09:34:36,713	[DEBUG]	patch(9-3)="ParamSetting(('scipy.params', 'param', 'disp'), 'False') | ParamSetting(('scipy.params', 'param', 'disp'), 'False') | ParamSetting(('scipy.params', 'param', 'disp'), 'False')"
2024-09-01 09:34:36,713	[INFO]	9-4     SUCCESS               52.500000 (100.00%) [2 edit(s)] [cached] 
2024-09-01 09:34:36,713	[DEBUG]	patch(9-4)="ParamSetting(('scipy.params', 'param', 'jac'), 'None') | ParamSetting(('scipy.params', 'param', 'disp'), 'False')"
2024-09-01 09:34:36,714	[INFO]	9-5     SUCCESS               20.250000 (38.57%) [5 edit(s)] [cached] 
2024-09-01 09:34:36,714	[DEBUG]	patch(9-5)="ParamSetting(('scipy.params', 'param', 'disp'), 'False') | ParamSetting(('scipy.params', 'param', 'method'), 'L-BFGS-B') | ParamSetting(('scipy.params', 'param', 'disp'), 'False') | ParamSetting(('scipy.params', 'param', 'method'), 'L-BFGS-B') | ParamSetting(('scipy.params', 'param', 'disp'), 'False')"
2024-09-01 09:34:36,714	[INFO]	9-6     SUCCESS               75.750000 (144.29%) [3 edit(s)] [cached] 
2024-09-01 09:34:36,714	[DEBUG]	patch(9-6)="ParamSetting(('scipy.params', 'param', 'method'), 'L-BFGS-B') | ParamSetting(('scipy.params', 'param', 'jac'), 'None') | ParamSetting(('scipy.params', 'param', 'tol'), 0.05760892914504464)"
2024-09-01 09:34:36,715	[INFO]	9-7     SUCCESS               39.500000 (75.24%) [4 edit(s)] [cached] 
2024-09-01 09:34:36,715	[DEBUG]	patch(9-7)="ParamSetting(('scipy.params', 'param', 'disp'), 'False') | ParamSetting(('scipy.params', 'param', 'method'), 'None') | ParamSetting(('scipy.params', 'param', 'method'), 'L-BFGS-B') | ParamSetting(('scipy.params', 'param', 'jac'), 'False')"
2024-09-01 09:34:36,716	[INFO]	9-8     SUCCESS               20.250000 (38.57%) [3 edit(s)] [cached] 
2024-09-01 09:34:36,716	[DEBUG]	patch(9-8)="ParamSetting(('scipy.params', 'param', 'disp'), 'False') | ParamSetting(('scipy.params', 'param', 'method'), 'L-BFGS-B') | ParamSetting(('scipy.params', 'param', 'method'), 'L-BFGS-B')"
2024-09-01 09:34:36,717	[INFO]	9-9     TEST_CODE_ERROR       None (--) [6 edit(s)] [cached] 
2024-09-01 09:34:36,717	[DEBUG]	patch(9-9)="ParamSetting(('scipy.params', 'param', 'method'), 'L-BFGS-B') | ParamSetting(('scipy.params', 'param', 'disp'), 'False') | ParamSetting(('scipy.params', 'param', 'disp'), 'False') | ParamSetting(('scipy.params', 'param', 'method'), 'L-BFGS-B') | ParamSetting(('scipy.params', 'param', 'jac'), 'None') | ParamSetting(('scipy.params', 'param', 'disp'), 'True')"
2024-09-01 09:34:36,717	[INFO]	9-10    SUCCESS               20.250000 (38.57%) [2 edit(s)] [cached] 
2024-09-01 09:34:36,717	[DEBUG]	patch(9-10)="ParamSetting(('scipy.params', 'param', 'method'), 'L-BFGS-B') | ParamSetting(('scipy.params', 'param', 'disp'), 'False')"
2024-09-01 09:34:36,718	[INFO]	REF     SUCCESS               52.500000 (--) [0 edit(s)] [cached] 
2024-09-01 09:34:36,718	[INFO]	BEST    SUCCESS              *20.250000 (38.57%) [0 edit(s)] [cached] 
2024-09-01 09:34:36,720	[INFO]	10-1    SUCCESS              +20.250000 (38.57%) [3 edit(s)] [cached] 
2024-09-01 09:34:36,720	[DEBUG]	patch(10-1)="ParamSetting(('scipy.params', 'param', 'disp'), 'False') | ParamSetting(('scipy.params', 'param', 'method'), 'None') | ParamSetting(('scipy.params', 'param', 'method'), 'L-BFGS-B')"
2024-09-01 09:34:36,721	[INFO]	10-2    SUCCESS               20.250000 (38.57%) [4 edit(s)] [cached] 
2024-09-01 09:34:36,721	[DEBUG]	patch(10-2)="ParamSetting(('scipy.params', 'param', 'disp'), 'False') | ParamSetting(('scipy.params', 'param', 'method'), 'None') | ParamSetting(('scipy.params', 'param', 'method'), 'L-BFGS-B') | ParamSetting(('scipy.params', 'param', 'disp'), 'False')"
2024-09-01 09:34:36,721	[INFO]	10-3    SUCCESS               20.250000 (38.57%) [6 edit(s)] [cached] 
2024-09-01 09:34:36,721	[DEBUG]	patch(10-3)="ParamSetting(('scipy.params', 'param', 'disp'), 'False') | ParamSetting(('scipy.params', 'param', 'method'), 'L-BFGS-B') | ParamSetting(('scipy.params', 'param', 'disp'), 'False') | ParamSetting(('scipy.params', 'param', 'method'), 'L-BFGS-B') | ParamSetting(('scipy.params', 'param', 'disp'), 'False') | ParamSetting(('scipy.params', 'param', 'disp'), 'False')"
2024-09-01 09:34:36,722	[INFO]	10-4    SUCCESS               20.250000 (38.57%) [4 edit(s)] [cached] 
2024-09-01 09:34:36,722	[DEBUG]	patch(10-4)="ParamSetting(('scipy.params', 'param', 'method'), 'L-BFGS-B') | ParamSetting(('scipy.params', 'param', 'disp'), 'False') | ParamSetting(('scipy.params', 'param', 'method'), 'L-BFGS-B') | ParamSetting(('scipy.params', 'param', 'disp'), 'False')"
2024-09-01 09:34:36,722	[INFO]	10-5    SUCCESS               20.250000 (38.57%) [4 edit(s)] [cached] 
2024-09-01 09:34:36,722	[DEBUG]	patch(10-5)="ParamSetting(('scipy.params', 'param', 'method'), 'L-BFGS-B') | ParamSetting(('scipy.params', 'param', 'method'), 'None') | ParamSetting(('scipy.params', 'param', 'method'), 'L-BFGS-B') | ParamSetting(('scipy.params', 'param', 'method'), 'L-BFGS-B')"
2024-09-01 09:34:36,723	[INFO]	10-6    SUCCESS               20.250000 (38.57%) [4 edit(s)] [cached] 
2024-09-01 09:34:36,723	[DEBUG]	patch(10-6)="ParamSetting(('scipy.params', 'param', 'method'), 'None') | ParamSetting(('scipy.params', 'param', 'method'), 'L-BFGS-B') | ParamSetting(('scipy.params', 'param', 'method'), 'L-BFGS-B') | ParamSetting(('scipy.params', 'param', 'disp'), 'False')"
2024-09-01 09:34:36,723	[INFO]	10-7    SUCCESS               52.500000 (100.00%) [2 edit(s)] [cached] 
2024-09-01 09:34:36,723	[DEBUG]	patch(10-7)="ParamSetting(('scipy.params', 'param', 'disp'), 'False') | ParamSetting(('scipy.params', 'param', 'method'), 'None')"
2024-09-01 09:34:36,724	[INFO]	10-8    SUCCESS               20.250000 (38.57%) [2 edit(s)] [cached] 
2024-09-01 09:34:36,724	[DEBUG]	patch(10-8)="ParamSetting(('scipy.params', 'param', 'disp'), 'False') | ParamSetting(('scipy.params', 'param', 'method'), 'L-BFGS-B')"
2024-09-01 09:34:36,724	[INFO]	10-9    SUCCESS               20.250000 (38.57%) [4 edit(s)] [cached] 
2024-09-01 09:34:36,724	[DEBUG]	patch(10-9)="ParamSetting(('scipy.params', 'param', 'method'), 'L-BFGS-B') | ParamSetting(('scipy.params', 'param', 'disp'), 'False') | ParamSetting(('scipy.params', 'param', 'method'), 'L-BFGS-B') | ParamSetting(('scipy.params', 'param', 'disp'), 'False')"
2024-09-01 09:35:38,285	[DEBUG]	EXEC>  SUCCESS 30.0
2024-09-01 09:35:38,285	[INFO]	10-10   SUCCESS               30.000000 (57.14%) [5 edit(s)]  
2024-09-01 09:35:38,285	[DEBUG]	patch(10-10)="ParamSetting(('scipy.params', 'param', 'method'), 'None') | ParamSetting(('scipy.params', 'param', 'method'), 'L-BFGS-B') | ParamSetting(('scipy.params', 'param', 'method'), 'L-BFGS-B') | ParamSetting(('scipy.params', 'param', 'method'), 'L-BFGS-B') | ParamSetting(('scipy.params', 'param', 'tol'), 0.038984714940463995)"
2024-09-01 09:35:38,285	[INFO]	REF     SUCCESS               52.500000 (--) [0 edit(s)] [cached] 
2024-09-01 09:35:38,286	[INFO]	BEST    SUCCESS              *20.250000 (38.57%) [0 edit(s)] [cached] 
2024-09-01 09:35:38,289	[INFO]	11-1    SUCCESS              +20.250000 (38.57%) [3 edit(s)] [cached] 
2024-09-01 09:35:38,289	[DEBUG]	patch(11-1)="ParamSetting(('scipy.params', 'param', 'disp'), 'False') | ParamSetting(('scipy.params', 'param', 'method'), 'None') | ParamSetting(('scipy.params', 'param', 'method'), 'L-BFGS-B')"
2024-09-01 09:35:38,289	[INFO]	11-2    SUCCESS               20.250000 (38.57%) [4 edit(s)] [cached] 
2024-09-01 09:35:38,289	[DEBUG]	patch(11-2)="ParamSetting(('scipy.params', 'param', 'method'), 'L-BFGS-B') | ParamSetting(('scipy.params', 'param', 'disp'), 'False') | ParamSetting(('scipy.params', 'param', 'method'), 'None') | ParamSetting(('scipy.params', 'param', 'method'), 'L-BFGS-B')"
2024-09-01 09:35:38,290	[INFO]	11-3    SUCCESS               20.250000 (38.57%) [7 edit(s)] [cached] 
2024-09-01 09:35:38,290	[DEBUG]	patch(11-3)="ParamSetting(('scipy.params', 'param', 'method'), 'L-BFGS-B') | ParamSetting(('scipy.params', 'param', 'method'), 'L-BFGS-B') | ParamSetting(('scipy.params', 'param', 'disp'), 'False') | ParamSetting(('scipy.params', 'param', 'method'), 'L-BFGS-B') | ParamSetting(('scipy.params', 'param', 'method'), 'L-BFGS-B') | ParamSetting(('scipy.params', 'param', 'disp'), 'False') | ParamSetting(('scipy.params', 'param', 'disp'), 'False')"
2024-09-01 09:35:38,290	[INFO]	11-4    SUCCESS               20.250000 (38.57%) [5 edit(s)] [cached] 
2024-09-01 09:35:38,290	[DEBUG]	patch(11-4)="ParamSetting(('scipy.params', 'param', 'disp'), 'False') | ParamSetting(('scipy.params', 'param', 'method'), 'L-BFGS-B') | ParamSetting(('scipy.params', 'param', 'method'), 'L-BFGS-B') | ParamSetting(('scipy.params', 'param', 'method'), 'None') | ParamSetting(('scipy.params', 'param', 'method'), 'L-BFGS-B')"
2024-09-01 09:35:38,291	[INFO]	11-5    SUCCESS               30.000000 (57.14%) [6 edit(s)] [cached] 
2024-09-01 09:35:38,291	[DEBUG]	patch(11-5)="ParamSetting(('scipy.params', 'param', 'method'), 'None') | ParamSetting(('scipy.params', 'param', 'method'), 'L-BFGS-B') | ParamSetting(('scipy.params', 'param', 'method'), 'L-BFGS-B') | ParamSetting(('scipy.params', 'param', 'tol'), 0.038984714940463995) | ParamSetting(('scipy.params', 'param', 'method'), 'L-BFGS-B') | ParamSetting(('scipy.params', 'param', 'method'), 'L-BFGS-B')"
2024-09-01 09:35:38,291	[INFO]	11-6    SUCCESS               52.500000 (100.00%) [3 edit(s)] [cached] 
2024-09-01 09:35:38,291	[DEBUG]	patch(11-6)="ParamSetting(('scipy.params', 'param', 'disp'), 'False') | ParamSetting(('scipy.params', 'param', 'method'), 'None') | ParamSetting(('scipy.params', 'param', 'disp'), 'False')"
2024-09-01 09:35:38,292	[INFO]	11-7    SUCCESS               20.250000 (38.57%) [2 edit(s)] [cached] 
2024-09-01 09:35:38,292	[DEBUG]	patch(11-7)="ParamSetting(('scipy.params', 'param', 'method'), 'None') | ParamSetting(('scipy.params', 'param', 'method'), 'L-BFGS-B')"
2024-09-01 09:35:38,292	[INFO]	11-8    SUCCESS               20.250000 (38.57%) [3 edit(s)] [cached] 
2024-09-01 09:35:38,292	[DEBUG]	patch(11-8)="ParamSetting(('scipy.params', 'param', 'method'), 'L-BFGS-B') | ParamSetting(('scipy.params', 'param', 'disp'), 'False') | ParamSetting(('scipy.params', 'param', 'method'), 'L-BFGS-B')"
2024-09-01 09:35:38,293	[INFO]	11-9    SUCCESS               20.250000 (38.57%) [5 edit(s)] [cached] 
2024-09-01 09:35:38,293	[DEBUG]	patch(11-9)="ParamSetting(('scipy.params', 'param', 'disp'), 'False') | ParamSetting(('scipy.params', 'param', 'method'), 'L-BFGS-B') | ParamSetting(('scipy.params', 'param', 'disp'), 'False') | ParamSetting(('scipy.params', 'param', 'method'), 'L-BFGS-B') | ParamSetting(('scipy.params', 'param', 'disp'), 'False')"
2024-09-01 09:36:39,531	[DEBUG]	EXEC>  SUCCESS 41.25
2024-09-01 09:36:39,531	[INFO]	11-10   SUCCESS               41.250000 (78.57%) [5 edit(s)]  
2024-09-01 09:36:39,531	[DEBUG]	patch(11-10)="ParamSetting(('scipy.params', 'param', 'method'), 'L-BFGS-B') | ParamSetting(('scipy.params', 'param', 'method'), 'None') | ParamSetting(('scipy.params', 'param', 'method'), 'L-BFGS-B') | ParamSetting(('scipy.params', 'param', 'method'), 'L-BFGS-B') | ParamSetting(('scipy.params', 'param', 'tol'), 0.06180828352377089)"
2024-09-01 09:36:39,532	[INFO]	REF     SUCCESS               52.500000 (--) [0 edit(s)] [cached] 
2024-09-01 09:36:39,532	[INFO]	BEST    SUCCESS              *20.250000 (38.57%) [0 edit(s)] [cached] 
2024-09-01 09:36:39,535	[INFO]	12-1    SUCCESS              +20.250000 (38.57%) [3 edit(s)] [cached] 
2024-09-01 09:36:39,535	[DEBUG]	patch(12-1)="ParamSetting(('scipy.params', 'param', 'disp'), 'False') | ParamSetting(('scipy.params', 'param', 'method'), 'None') | ParamSetting(('scipy.params', 'param', 'method'), 'L-BFGS-B')"
2024-09-01 09:36:39,536	[INFO]	12-2    SUCCESS               52.500000 (100.00%) [4 edit(s)] [cached] 
2024-09-01 09:36:39,536	[DEBUG]	patch(12-2)="ParamSetting(('scipy.params', 'param', 'disp'), 'False') | ParamSetting(('scipy.params', 'param', 'method'), 'None') | ParamSetting(('scipy.params', 'param', 'method'), 'L-BFGS-B') | ParamSetting(('scipy.params', 'param', 'method'), 'None')"
2024-09-01 09:36:39,536	[INFO]	12-3    SUCCESS               20.250000 (38.57%) [2 edit(s)] [cached] 
2024-09-01 09:36:39,537	[DEBUG]	patch(12-3)="ParamSetting(('scipy.params', 'param', 'method'), 'L-BFGS-B') | ParamSetting(('scipy.params', 'param', 'method'), 'L-BFGS-B')"
2024-09-01 09:36:39,537	[INFO]	12-4    SUCCESS               30.000000 (57.14%) [7 edit(s)] [cached] 
2024-09-01 09:36:39,537	[DEBUG]	patch(12-4)="ParamSetting(('scipy.params', 'param', 'method'), 'None') | ParamSetting(('scipy.params', 'param', 'method'), 'L-BFGS-B') | ParamSetting(('scipy.params', 'param', 'tol'), 0.038984714940463995) | ParamSetting(('scipy.params', 'param', 'method'), 'L-BFGS-B') | ParamSetting(('scipy.params', 'param', 'method'), 'L-BFGS-B') | ParamSetting(('scipy.params', 'param', 'method'), 'L-BFGS-B') | ParamSetting(('scipy.params', 'param', 'disp'), 'False')"
2024-09-01 09:36:39,537	[INFO]	12-5    SUCCESS               52.500000 (100.00%) [2 edit(s)] [cached] 
2024-09-01 09:36:39,538	[DEBUG]	patch(12-5)="ParamSetting(('scipy.params', 'param', 'disp'), 'False') | ParamSetting(('scipy.params', 'param', 'method'), 'None')"
2024-09-01 09:36:39,538	[INFO]	12-6    SUCCESS               20.250000 (38.57%) [5 edit(s)] [cached] 
2024-09-01 09:36:39,538	[DEBUG]	patch(12-6)="ParamSetting(('scipy.params', 'param', 'method'), 'L-BFGS-B') | ParamSetting(('scipy.params', 'param', 'method'), 'L-BFGS-B') | ParamSetting(('scipy.params', 'param', 'method'), 'L-BFGS-B') | ParamSetting(('scipy.params', 'param', 'method'), 'L-BFGS-B') | ParamSetting(('scipy.params', 'param', 'method'), 'L-BFGS-B')"
2024-09-01 09:36:39,539	[INFO]	12-7    SUCCESS               20.250000 (38.57%) [2 edit(s)] [cached] 
2024-09-01 09:36:39,539	[DEBUG]	patch(12-7)="ParamSetting(('scipy.params', 'param', 'disp'), 'False') | ParamSetting(('scipy.params', 'param', 'method'), 'L-BFGS-B')"
2024-09-01 09:36:39,539	[INFO]	12-8    SUCCESS               20.250000 (38.57%) [6 edit(s)] [cached] 
2024-09-01 09:36:39,539	[DEBUG]	patch(12-8)="ParamSetting(('scipy.params', 'param', 'method'), 'L-BFGS-B') | ParamSetting(('scipy.params', 'param', 'disp'), 'False') | ParamSetting(('scipy.params', 'param', 'method'), 'L-BFGS-B') | ParamSetting(('scipy.params', 'param', 'method'), 'L-BFGS-B') | ParamSetting(('scipy.params', 'param', 'disp'), 'False') | ParamSetting(('scipy.params', 'param', 'disp'), 'False')"
2024-09-01 09:36:39,540	[INFO]	12-9    SUCCESS               20.250000 (38.57%) [6 edit(s)] [cached] 
2024-09-01 09:36:39,540	[DEBUG]	patch(12-9)="ParamSetting(('scipy.params', 'param', 'disp'), 'False') | ParamSetting(('scipy.params', 'param', 'method'), 'L-BFGS-B') | ParamSetting(('scipy.params', 'param', 'disp'), 'False') | ParamSetting(('scipy.params', 'param', 'method'), 'L-BFGS-B') | ParamSetting(('scipy.params', 'param', 'disp'), 'False') | ParamSetting(('scipy.params', 'param', 'method'), 'L-BFGS-B')"
2024-09-01 09:37:59,856	[DEBUG]	EXEC>  SUCCESS 34.25
2024-09-01 09:37:59,856	[INFO]	12-10   SUCCESS               34.250000 (65.24%) [3 edit(s)]  
2024-09-01 09:37:59,856	[DEBUG]	patch(12-10)="ParamSetting(('scipy.params', 'param', 'method'), 'None') | ParamSetting(('scipy.params', 'param', 'method'), 'L-BFGS-B') | ParamSetting(('scipy.params', 'param', 'maxiter'), 5655)"
2024-09-01 09:37:59,856	[INFO]	REF     SUCCESS               52.500000 (--) [0 edit(s)] [cached] 
2024-09-01 09:37:59,857	[INFO]	BEST    SUCCESS              *20.250000 (38.57%) [0 edit(s)] [cached] 
2024-09-01 09:37:59,860	[INFO]	13-1    SUCCESS              +20.250000 (38.57%) [3 edit(s)] [cached] 
2024-09-01 09:37:59,860	[DEBUG]	patch(13-1)="ParamSetting(('scipy.params', 'param', 'disp'), 'False') | ParamSetting(('scipy.params', 'param', 'method'), 'None') | ParamSetting(('scipy.params', 'param', 'method'), 'L-BFGS-B')"
2024-09-01 09:37:59,860	[INFO]	13-2    SUCCESS               20.250000 (38.57%) [7 edit(s)] [cached] 
2024-09-01 09:37:59,861	[DEBUG]	patch(13-2)="ParamSetting(('scipy.params', 'param', 'disp'), 'False') | ParamSetting(('scipy.params', 'param', 'method'), 'None') | ParamSetting(('scipy.params', 'param', 'method'), 'L-BFGS-B') | ParamSetting(('scipy.params', 'param', 'method'), 'None') | ParamSetting(('scipy.params', 'param', 'method'), 'L-BFGS-B') | ParamSetting(('scipy.params', 'param', 'method'), 'L-BFGS-B') | ParamSetting(('scipy.params', 'param', 'method'), 'L-BFGS-B')"
2024-09-01 09:37:59,861	[INFO]	13-3    SUCCESS               20.250000 (38.57%) [4 edit(s)] [cached] 
2024-09-01 09:37:59,861	[DEBUG]	patch(13-3)="ParamSetting(('scipy.params', 'param', 'method'), 'L-BFGS-B') | ParamSetting(('scipy.params', 'param', 'method'), 'L-BFGS-B') | ParamSetting(('scipy.params', 'param', 'disp'), 'False') | ParamSetting(('scipy.params', 'param', 'method'), 'L-BFGS-B')"
2024-09-01 09:37:59,862	[INFO]	13-4    SUCCESS               20.250000 (38.57%) [4 edit(s)] [cached] 
2024-09-01 09:37:59,862	[DEBUG]	patch(13-4)="ParamSetting(('scipy.params', 'param', 'disp'), 'False') | ParamSetting(('scipy.params', 'param', 'method'), 'None') | ParamSetting(('scipy.params', 'param', 'method'), 'L-BFGS-B') | ParamSetting(('scipy.params', 'param', 'method'), 'L-BFGS-B')"
2024-09-01 09:37:59,862	[INFO]	13-5    SUCCESS               20.250000 (38.57%) [4 edit(s)] [cached] 
2024-09-01 09:37:59,862	[DEBUG]	patch(13-5)="ParamSetting(('scipy.params', 'param', 'disp'), 'False') | ParamSetting(('scipy.params', 'param', 'disp'), 'False') | ParamSetting(('scipy.params', 'param', 'method'), 'L-BFGS-B') | ParamSetting(('scipy.params', 'param', 'method'), 'L-BFGS-B')"
2024-09-01 09:37:59,863	[INFO]	13-6    SUCCESS               52.500000 (100.00%) [1 edit(s)] [cached] 
2024-09-01 09:37:59,863	[DEBUG]	patch(13-6)="ParamSetting(('scipy.params', 'param', 'disp'), 'False')"
2024-09-01 09:37:59,863	[INFO]	13-7    SUCCESS               52.500000 (100.00%) [2 edit(s)] [cached] 
2024-09-01 09:37:59,863	[DEBUG]	patch(13-7)="ParamSetting(('scipy.params', 'param', 'disp'), 'False') | ParamSetting(('scipy.params', 'param', 'method'), 'None')"
2024-09-01 09:37:59,864	[INFO]	13-8    SUCCESS               20.250000 (38.57%) [6 edit(s)] [cached] 
2024-09-01 09:37:59,864	[DEBUG]	patch(13-8)="ParamSetting(('scipy.params', 'param', 'method'), 'L-BFGS-B') | ParamSetting(('scipy.params', 'param', 'method'), 'L-BFGS-B') | ParamSetting(('scipy.params', 'param', 'method'), 'L-BFGS-B') | ParamSetting(('scipy.params', 'param', 'method'), 'L-BFGS-B') | ParamSetting(('scipy.params', 'param', 'method'), 'L-BFGS-B') | ParamSetting(('scipy.params', 'param', 'jac'), 'None')"
2024-09-01 09:39:21,763	[DEBUG]	EXEC>  SUCCESS 61.25
2024-09-01 09:39:21,763	[INFO]	13-9    SUCCESS               61.250000 (116.67%) [3 edit(s)]  
2024-09-01 09:39:21,763	[DEBUG]	patch(13-9)="ParamSetting(('scipy.params', 'param', 'method'), 'L-BFGS-B') | ParamSetting(('scipy.params', 'param', 'method'), 'L-BFGS-B') | ParamSetting(('scipy.params', 'param', 'maxiter'), 809)"
2024-09-01 09:40:16,680	[DEBUG]	EXEC>  SUCCESS 87.5
2024-09-01 09:40:16,680	[INFO]	13-10   SUCCESS               87.500000 (166.67%) [7 edit(s)]  
2024-09-01 09:40:16,680	[DEBUG]	patch(13-10)="ParamSetting(('scipy.params', 'param', 'disp'), 'False') | ParamSetting(('scipy.params', 'param', 'method'), 'L-BFGS-B') | ParamSetting(('scipy.params', 'param', 'disp'), 'False') | ParamSetting(('scipy.params', 'param', 'method'), 'L-BFGS-B') | ParamSetting(('scipy.params', 'param', 'disp'), 'False') | ParamSetting(('scipy.params', 'param', 'method'), 'L-BFGS-B') | ParamSetting(('scipy.params', 'param', 'method'), 'TNC')"
2024-09-01 09:40:16,681	[INFO]	REF     SUCCESS               52.500000 (--) [0 edit(s)] [cached] 
2024-09-01 09:40:16,682	[INFO]	BEST    SUCCESS              *20.250000 (38.57%) [0 edit(s)] [cached] 
2024-09-01 09:40:16,684	[INFO]	14-1    SUCCESS              +20.250000 (38.57%) [3 edit(s)] [cached] 
2024-09-01 09:40:16,685	[DEBUG]	patch(14-1)="ParamSetting(('scipy.params', 'param', 'disp'), 'False') | ParamSetting(('scipy.params', 'param', 'method'), 'None') | ParamSetting(('scipy.params', 'param', 'method'), 'L-BFGS-B')"
2024-09-01 09:40:16,685	[INFO]	14-2    SUCCESS               20.250000 (38.57%) [3 edit(s)] [cached] 
2024-09-01 09:40:16,685	[DEBUG]	patch(14-2)="ParamSetting(('scipy.params', 'param', 'method'), 'L-BFGS-B') | ParamSetting(('scipy.params', 'param', 'method'), 'None') | ParamSetting(('scipy.params', 'param', 'method'), 'L-BFGS-B')"
2024-09-01 09:40:16,686	[INFO]	14-3    SUCCESS               20.250000 (38.57%) [5 edit(s)] [cached] 
2024-09-01 09:40:16,686	[DEBUG]	patch(14-3)="ParamSetting(('scipy.params', 'param', 'disp'), 'False') | ParamSetting(('scipy.params', 'param', 'method'), 'None') | ParamSetting(('scipy.params', 'param', 'disp'), 'False') | ParamSetting(('scipy.params', 'param', 'method'), 'None') | ParamSetting(('scipy.params', 'param', 'method'), 'L-BFGS-B')"
2024-09-01 09:40:16,686	[INFO]	14-4    SUCCESS               87.500000 (166.67%) [3 edit(s)] [cached] 
2024-09-01 09:40:16,686	[DEBUG]	patch(14-4)="ParamSetting(('scipy.params', 'param', 'disp'), 'False') | ParamSetting(('scipy.params', 'param', 'method'), 'L-BFGS-B') | ParamSetting(('scipy.params', 'param', 'method'), 'TNC')"
2024-09-01 09:40:16,687	[INFO]	14-5    SUCCESS               20.250000 (38.57%) [4 edit(s)] [cached] 
2024-09-01 09:40:16,687	[DEBUG]	patch(14-5)="ParamSetting(('scipy.params', 'param', 'disp'), 'False') | ParamSetting(('scipy.params', 'param', 'disp'), 'False') | ParamSetting(('scipy.params', 'param', 'method'), 'L-BFGS-B') | ParamSetting(('scipy.params', 'param', 'disp'), 'False')"
2024-09-01 09:40:16,687	[INFO]	14-6    SUCCESS               20.250000 (38.57%) [5 edit(s)] [cached] 
2024-09-01 09:40:16,687	[DEBUG]	patch(14-6)="ParamSetting(('scipy.params', 'param', 'method'), 'L-BFGS-B') | ParamSetting(('scipy.params', 'param', 'method'), 'L-BFGS-B') | ParamSetting(('scipy.params', 'param', 'jac'), 'None') | ParamSetting(('scipy.params', 'param', 'disp'), 'False') | ParamSetting(('scipy.params', 'param', 'method'), 'L-BFGS-B')"
2024-09-01 09:41:19,699	[DEBUG]	EXEC>  SUCCESS 52.5
2024-09-01 09:41:19,699	[INFO]	14-7    SUCCESS               52.500000 (100.00%) [4 edit(s)]  
2024-09-01 09:41:19,699	[DEBUG]	patch(14-7)="ParamSetting(('scipy.params', 'param', 'disp'), 'False') | ParamSetting(('scipy.params', 'param', 'method'), 'None') | ParamSetting(('scipy.params', 'param', 'method'), 'L-BFGS-B') | ParamSetting(('scipy.params', 'param', 'tol'), 0.15456811927859512)"
2024-09-01 09:41:19,700	[INFO]	14-8    TEST_CODE_ERROR       None (--) [5 edit(s)] [cached] 
2024-09-01 09:41:19,700	[DEBUG]	patch(14-8)="ParamSetting(('scipy.params', 'param', 'disp'), 'False') | ParamSetting(('scipy.params', 'param', 'method'), 'None') | ParamSetting(('scipy.params', 'param', 'method'), 'L-BFGS-B') | ParamSetting(('scipy.params', 'param', 'method'), 'L-BFGS-B') | ParamSetting(('scipy.params', 'param', 'disp'), 'True')"
2024-09-01 09:42:20,554	[DEBUG]	EXEC>  SUCCESS 43.5
2024-09-01 09:42:20,554	[INFO]	14-9    SUCCESS               43.500000 (82.86%) [8 edit(s)]  
2024-09-01 09:42:20,554	[DEBUG]	patch(14-9)="ParamSetting(('scipy.params', 'param', 'disp'), 'False') | ParamSetting(('scipy.params', 'param', 'method'), 'None') | ParamSetting(('scipy.params', 'param', 'method'), 'L-BFGS-B') | ParamSetting(('scipy.params', 'param', 'method'), 'None') | ParamSetting(('scipy.params', 'param', 'method'), 'L-BFGS-B') | ParamSetting(('scipy.params', 'param', 'method'), 'L-BFGS-B') | ParamSetting(('scipy.params', 'param', 'method'), 'L-BFGS-B') | ParamSetting(('scipy.params', 'param', 'tol'), 0.012044883055051397)"
2024-09-01 09:43:23,122	[DEBUG]	EXEC>  SUCCESS 30.5
2024-09-01 09:43:23,122	[INFO]	14-10   SUCCESS               30.500000 (58.10%) [5 edit(s)]  
2024-09-01 09:43:23,122	[DEBUG]	patch(14-10)="ParamSetting(('scipy.params', 'param', 'disp'), 'False') | ParamSetting(('scipy.params', 'param', 'disp'), 'False') | ParamSetting(('scipy.params', 'param', 'method'), 'L-BFGS-B') | ParamSetting(('scipy.params', 'param', 'method'), 'L-BFGS-B') | ParamSetting(('scipy.params', 'param', 'tol'), 0.1961175103145261)"
2024-09-01 09:43:23,123	[INFO]	REF     SUCCESS               52.500000 (--) [0 edit(s)] [cached] 
2024-09-01 09:43:23,124	[INFO]	BEST    SUCCESS              *20.250000 (38.57%) [0 edit(s)] [cached] 
2024-09-01 09:43:23,126	[INFO]	15-1    SUCCESS              +20.250000 (38.57%) [3 edit(s)] [cached] 
2024-09-01 09:43:23,126	[DEBUG]	patch(15-1)="ParamSetting(('scipy.params', 'param', 'disp'), 'False') | ParamSetting(('scipy.params', 'param', 'method'), 'None') | ParamSetting(('scipy.params', 'param', 'method'), 'L-BFGS-B')"
2024-09-01 09:43:23,127	[INFO]	15-2    SUCCESS               52.500000 (100.00%) [4 edit(s)] [cached] 
2024-09-01 09:43:23,127	[DEBUG]	patch(15-2)="ParamSetting(('scipy.params', 'param', 'method'), 'None') | ParamSetting(('scipy.params', 'param', 'disp'), 'False') | ParamSetting(('scipy.params', 'param', 'method'), 'None') | ParamSetting(('scipy.params', 'param', 'disp'), 'False')"
2024-09-01 09:43:23,127	[INFO]	15-3    SUCCESS               20.250000 (38.57%) [6 edit(s)] [cached] 
2024-09-01 09:43:23,128	[DEBUG]	patch(15-3)="ParamSetting(('scipy.params', 'param', 'disp'), 'False') | ParamSetting(('scipy.params', 'param', 'method'), 'None') | ParamSetting(('scipy.params', 'param', 'disp'), 'False') | ParamSetting(('scipy.params', 'param', 'method'), 'L-BFGS-B') | ParamSetting(('scipy.params', 'param', 'method'), 'None') | ParamSetting(('scipy.params', 'param', 'method'), 'L-BFGS-B')"
2024-09-01 09:44:50,882	[DEBUG]	EXEC>  SUCCESS 39.5
2024-09-01 09:44:50,882	[INFO]	15-4    SUCCESS               39.500000 (75.24%) [3 edit(s)]  
2024-09-01 09:44:50,882	[DEBUG]	patch(15-4)="ParamSetting(('scipy.params', 'param', 'method'), 'None') | ParamSetting(('scipy.params', 'param', 'tol'), 0.15456811927859512) | ParamSetting(('scipy.params', 'param', 'disp'), 'False')"
2024-09-01 09:44:50,883	[INFO]	15-5    SUCCESS               52.500000 (100.00%) [1 edit(s)] [cached] 
2024-09-01 09:44:50,883	[DEBUG]	patch(15-5)="ParamSetting(('scipy.params', 'param', 'method'), 'None')"
2024-09-01 09:44:50,884	[INFO]	15-6    SUCCESS               20.250000 (38.57%) [6 edit(s)] [cached] 
2024-09-01 09:44:50,884	[DEBUG]	patch(15-6)="ParamSetting(('scipy.params', 'param', 'method'), 'L-BFGS-B') | ParamSetting(('scipy.params', 'param', 'method'), 'L-BFGS-B') | ParamSetting(('scipy.params', 'param', 'method'), 'L-BFGS-B') | ParamSetting(('scipy.params', 'param', 'method'), 'L-BFGS-B') | ParamSetting(('scipy.params', 'param', 'jac'), 'None') | ParamSetting(('scipy.params', 'param', 'method'), 'L-BFGS-B')"
2024-09-01 09:46:10,292	[DEBUG]	EXEC>  SUCCESS 41.25
2024-09-01 09:46:10,292	[INFO]	15-7    SUCCESS               41.250000 (78.57%) [4 edit(s)]  
2024-09-01 09:46:10,292	[DEBUG]	patch(15-7)="ParamSetting(('scipy.params', 'param', 'disp'), 'False') | ParamSetting(('scipy.params', 'param', 'method'), 'None') | ParamSetting(('scipy.params', 'param', 'method'), 'L-BFGS-B') | ParamSetting(('scipy.params', 'param', 'maxiter'), 6334)"
2024-09-01 09:46:10,292	[INFO]	15-8    SUCCESS               20.250000 (38.57%) [4 edit(s)] [cached] 
2024-09-01 09:46:10,293	[DEBUG]	patch(15-8)="ParamSetting(('scipy.params', 'param', 'disp'), 'False') | ParamSetting(('scipy.params', 'param', 'disp'), 'False') | ParamSetting(('scipy.params', 'param', 'method'), 'None') | ParamSetting(('scipy.params', 'param', 'method'), 'L-BFGS-B')"
2024-09-01 09:46:10,293	[INFO]	15-9    SUCCESS               52.500000 (100.00%) [3 edit(s)] [cached] 
2024-09-01 09:46:10,293	[DEBUG]	patch(15-9)="ParamSetting(('scipy.params', 'param', 'disp'), 'False') | ParamSetting(('scipy.params', 'param', 'disp'), 'False') | ParamSetting(('scipy.params', 'param', 'disp'), 'False')"
2024-09-01 09:46:10,294	[INFO]	15-10   SUCCESS               20.250000 (38.57%) [2 edit(s)] [cached] 
2024-09-01 09:46:10,294	[DEBUG]	patch(15-10)="ParamSetting(('scipy.params', 'param', 'method'), 'None') | ParamSetting(('scipy.params', 'param', 'method'), 'L-BFGS-B')"
2024-09-01 09:46:10,294	[INFO]	REF     SUCCESS               52.500000 (--) [0 edit(s)] [cached] 
2024-09-01 09:46:10,295	[INFO]	BEST    SUCCESS              *20.250000 (38.57%) [0 edit(s)] [cached] 
2024-09-01 09:46:10,297	[INFO]	16-1    SUCCESS              +20.250000 (38.57%) [3 edit(s)] [cached] 
2024-09-01 09:46:10,297	[DEBUG]	patch(16-1)="ParamSetting(('scipy.params', 'param', 'disp'), 'False') | ParamSetting(('scipy.params', 'param', 'method'), 'None') | ParamSetting(('scipy.params', 'param', 'method'), 'L-BFGS-B')"
2024-09-01 09:46:10,298	[INFO]	16-2    SUCCESS               52.500000 (100.00%) [1 edit(s)] [cached] 
2024-09-01 09:46:10,298	[DEBUG]	patch(16-2)="ParamSetting(('scipy.params', 'param', 'method'), 'None')"
2024-09-01 09:46:10,298	[INFO]	16-3    SUCCESS               20.250000 (38.57%) [2 edit(s)] [cached] 
2024-09-01 09:46:10,298	[DEBUG]	patch(16-3)="ParamSetting(('scipy.params', 'param', 'method'), 'None') | ParamSetting(('scipy.params', 'param', 'method'), 'L-BFGS-B')"
2024-09-01 09:46:10,299	[INFO]	16-4    SUCCESS               52.500000 (100.00%) [5 edit(s)] [cached] 
2024-09-01 09:46:10,299	[DEBUG]	patch(16-4)="ParamSetting(('scipy.params', 'param', 'disp'), 'False') | ParamSetting(('scipy.params', 'param', 'method'), 'None') | ParamSetting(('scipy.params', 'param', 'disp'), 'False') | ParamSetting(('scipy.params', 'param', 'method'), 'None') | ParamSetting(('scipy.params', 'param', 'disp'), 'False')"
2024-09-01 09:46:10,299	[INFO]	16-5    SUCCESS               20.250000 (38.57%) [4 edit(s)] [cached] 
2024-09-01 09:46:10,299	[DEBUG]	patch(16-5)="ParamSetting(('scipy.params', 'param', 'disp'), 'False') | ParamSetting(('scipy.params', 'param', 'method'), 'L-BFGS-B') | ParamSetting(('scipy.params', 'param', 'method'), 'L-BFGS-B') | ParamSetting(('scipy.params', 'param', 'jac'), 'None')"
2024-09-01 09:46:10,300	[INFO]	16-6    SUCCESS               20.250000 (38.57%) [5 edit(s)] [cached] 
2024-09-01 09:46:10,300	[DEBUG]	patch(16-6)="ParamSetting(('scipy.params', 'param', 'disp'), 'False') | ParamSetting(('scipy.params', 'param', 'method'), 'None') | ParamSetting(('scipy.params', 'param', 'disp'), 'False') | ParamSetting(('scipy.params', 'param', 'method'), 'L-BFGS-B') | ParamSetting(('scipy.params', 'param', 'method'), 'L-BFGS-B')"
2024-09-01 09:46:10,300	[INFO]	16-7    SUCCESS               87.500000 (166.67%) [4 edit(s)] [cached] 
2024-09-01 09:46:10,300	[DEBUG]	patch(16-7)="ParamSetting(('scipy.params', 'param', 'disp'), 'False') | ParamSetting(('scipy.params', 'param', 'method'), 'None') | ParamSetting(('scipy.params', 'param', 'method'), 'L-BFGS-B') | ParamSetting(('scipy.params', 'param', 'method'), 'TNC')"
2024-09-01 09:46:10,301	[INFO]	16-8    SUCCESS               52.500000 (100.00%) [3 edit(s)] [cached] 
2024-09-01 09:46:10,301	[DEBUG]	patch(16-8)="ParamSetting(('scipy.params', 'param', 'method'), 'None') | ParamSetting(('scipy.params', 'param', 'method'), 'L-BFGS-B') | ParamSetting(('scipy.params', 'param', 'method'), 'None')"
2024-09-01 09:47:35,715	[DEBUG]	EXEC>  SUCCESS 49.0
2024-09-01 09:47:35,715	[INFO]	16-9    SUCCESS               49.000000 (93.33%) [5 edit(s)]  
2024-09-01 09:47:35,715	[DEBUG]	patch(16-9)="ParamSetting(('scipy.params', 'param', 'disp'), 'False') | ParamSetting(('scipy.params', 'param', 'disp'), 'False') | ParamSetting(('scipy.params', 'param', 'method'), 'None') | ParamSetting(('scipy.params', 'param', 'method'), 'L-BFGS-B') | ParamSetting(('scipy.params', 'param', 'maxiter'), 9811)"
2024-09-01 09:47:35,716	[INFO]	~~~~ END ~~~~
2024-09-01 09:47:35,716	[INFO]	
2024-09-01 09:47:35,716	[INFO]	==== REPORT ====
2024-09-01 09:47:35,716	[INFO]	Termination: time budget
2024-09-01 09:47:35,716	[INFO]	Retries: 4
2024-09-01 09:47:35,716	[INFO]	Log file: /home/dbouras/magpie/_magpie_logs/scipy_1725178335.log
2024-09-01 09:47:35,716	[INFO]	Patch file: _magpie_logs/scipy_1725178335.patch
2024-09-01 09:47:35,716	[INFO]	Diff file: _magpie_logs/scipy_1725178335.diff
2024-09-01 09:47:35,717	[INFO]	Reference fitness: 52.500000
2024-09-01 09:47:35,717	[INFO]	Best fitness: 20.250000
2024-09-01 09:47:35,717	[INFO]	
2024-09-01 09:47:35,717	[INFO]	==== BEST PATCH ====
ParamSetting(('scipy.params', 'param', 'method'), 'L-BFGS-B')
2024-09-01 09:47:35,718	[INFO]	
2024-09-01 09:47:35,718	[INFO]	==== DIFF ====
[1m--- before: scipy.params[0m
[1m+++ after: scipy.params[0m
[36m@@ -1,4 +1,4 @@[0m
[31m-method := 'None'[0m
[32m+method := 'L-BFGS-B'[0m
 jac := 'None'
 tol := 0.0001
 disp := 'False'

