2024-06-11 19:31:47,579	[DEBUG]	==== CONFIG ====
[magpie]
import = 
seed = 4145515252977320
log_dir = _magpie_logs
work_dir = _magpie_work
local_original_copy = True
local_original_name = __original__
output_encoding = ascii
edit_retries = 10
default_timeout = 30
default_lengthout = 1e6
diff_method = unified
trust_local_filesystem = True

[magpie.log]
color_output = True
format_info = {counter:<7} {status:<20} {best}{fitness} ({ratio}) [{size}] {cached} {log}
format_debug = patch({counter})="{patch}"{diffifbest}
format_fitness = {:.6f}
format_ratio = {:.2%%}
format_patchif = 
	 --> {patch}
format_diffif = 
	{diff}

[software]
path = examples/minisat
target_files = minisat_simplified.params
software = BasicSoftware
model_rules = 
	*.params : ParamFileConfigModel
	*.xml : SrcmlModel
	* : LineModel
model_config = 
	*.params : [paramconfig]
	*.xml : [srcml]
init_cmd = bash init.sh
init_timeout = 60
init_lengthout = -1
setup_cmd = bash compile.sh
setup_timeout = 
setup_lengthout = 
compile_cmd = 
compile_timeout = 
compile_lengthout = 
test_cmd = bash test.sh
test_timeout = 
test_lengthout = 
run_cmd = ./run_custom.sh "bash run_fixed.sh"
run_timeout = 
run_lengthout = 
retries = 1
batch_timeout = 
batch_lengthout = 
batch_bin_fitness_strategy = aggregate
batch_fitness_strategy = sum
fitness = weights

[srcml]
rename = 
	stmt: break continue decl_stmt do expr_stmt for goto if return switch while
	number: literal_number
focus = block stmt operator_comp operator_arith number
internodes = block
process_pseudo_blocks = True
process_literals = True
process_operators = True

[paramconfig]
timing = test run
cli_prefix = --
cli_glue = =
cli_boolean = show
cli_boolean_prefix_true = 
cli_boolean_prefix_false = no-
cli_none = hide
silent_prefix = @
silent_suffix = $

[search]
protocol = BasicProtocol
algorithm = FirstImprovement
possible_edits = ParamSetting
warmup = 3
warmup_strategy = last
max_steps = 1000
max_time = 60
target_fitness = 
cache_maxsize = 100
cache_keep = 0.2
batch_instances = 
batch_shuffle = True
batch_bin_shuffle = False
batch_sample_size = 1

[search.ls]
delete_prob = 0.5
max_neighbours = 
when_trapped = continue
accept_fail = False
tabu_length = 10

[search.gp]
pop_size = 10
delete_prob = 0.5
offspring_elitism = 0.1
offspring_crossover = 0.5
offspring_mutation = 0.4
uniform_rate = 0.5
batch_reset = True

[search.minify]
do_cleanup = True
do_rebuild = True
do_simplify = True
round_robin_limit = 3


2024-06-11 19:31:47,579	[DEBUG]	
2024-06-11 19:31:47,579	[INFO]	==== SEARCH: FirstImprovement ====
2024-06-11 19:31:47,579	[INFO]	~~~~ WARMUP ~~~~
2024-06-11 19:32:08,945	[DEBUG]	EXEC>  SUCCESS 27599501691.491
2024-06-11 19:32:08,945	[INFO]	WARM    SUCCESS               27599501691.491001 (--) [0 edit(s)]  
2024-06-11 19:32:26,374	[DEBUG]	EXEC>  SUCCESS 27754574150.248
2024-06-11 19:32:26,375	[INFO]	WARM    SUCCESS               27754574150.248001 (--) [0 edit(s)]  
2024-06-11 19:32:44,126	[DEBUG]	EXEC>  SUCCESS 27995471716.61
2024-06-11 19:32:44,126	[INFO]	WARM    SUCCESS               27995471716.610001 (--) [0 edit(s)]  
2024-06-11 19:32:44,127	[INFO]	REF     SUCCESS               27995471716.610001 (--) [0 edit(s)]  
2024-06-11 19:32:44,127	[INFO]	
2024-06-11 19:32:44,127	[INFO]	~~~~ START ~~~~
2024-06-11 19:33:23,111	[DEBUG]	EXEC>  SUCCESS 79662840325.225
2024-06-11 19:33:23,111	[INFO]	1       SUCCESS               79662840325.225006 (284.56%) [1 edit(s)]  
2024-06-11 19:33:23,111	[DEBUG]	patch(1)="ParamSetting(('minisat_simplified.params', 'param', 'var-decay'), 0.0024909843843802237)"
2024-06-11 19:33:30,074	[DEBUG]	EXEC>  SUCCESS 5181414512.087
2024-06-11 19:33:30,075	[INFO]	2       SUCCESS              *5181414512.087000 (18.51%) [1 edit(s)]  
2024-06-11 19:33:30,075	[DEBUG]	patch(2)="ParamSetting(('minisat_simplified.params', 'param', 'luby'), 'False')"
--- before: minisat_simplified.params
+++ after: minisat_simplified.params
@@ -1,4 +1,4 @@
-luby := 'True'
+luby := 'False'
 rnd-init := 'False'
 gc-frac := 0.2
 rinc := 2.0

2024-06-11 19:33:37,607	[DEBUG]	EXEC>  SUCCESS 5148963421.615
2024-06-11 19:33:37,607	[INFO]	3       SUCCESS              *5148963421.615000 (18.39%) [2 edit(s)]  
2024-06-11 19:33:37,607	[DEBUG]	patch(3)="ParamSetting(('minisat_simplified.params', 'param', 'luby'), 'False') | ParamSetting(('minisat_simplified.params', 'param', 'simp-gc-frac'), 118112029.577935)"
--- before: minisat_simplified.params
+++ after: minisat_simplified.params
@@ -1,4 +1,4 @@
-luby := 'True'
+luby := 'False'
 rnd-init := 'False'
 gc-frac := 0.2
 rinc := 2.0
@@ -14,7 +14,7 @@
 rcheck := 'False'
 asymm := 'False'
 elim := 'True'
-simp-gc-frac := 0.5
+simp-gc-frac := 118112029.577935
 sub-lim := 1000
 cl-lim := 20
 grow := 0

2024-06-11 19:33:55,308	[DEBUG]	EXEC>  SUCCESS 27576154058.471
2024-06-11 19:33:55,308	[INFO]	4       SUCCESS               27576154058.471001 (98.50%) [1 edit(s)]  
2024-06-11 19:33:55,309	[DEBUG]	patch(4)="ParamSetting(('minisat_simplified.params', 'param', 'simp-gc-frac'), 118112029.577935)"
2024-06-11 19:33:55,309	[INFO]	~~~~ END ~~~~
2024-06-11 19:33:55,309	[INFO]	
2024-06-11 19:33:55,309	[INFO]	==== REPORT ====
2024-06-11 19:33:55,310	[INFO]	Termination: time budget
2024-06-11 19:33:55,310	[INFO]	Retries: 1
2024-06-11 19:33:55,310	[INFO]	Log file: /home/jim/magpie/_magpie_logs/minisat_1718130707.log
2024-06-11 19:33:55,310	[INFO]	Patch file: _magpie_logs/minisat_1718130707.patch
2024-06-11 19:33:55,310	[INFO]	Diff file: _magpie_logs/minisat_1718130707.diff
2024-06-11 19:33:55,310	[INFO]	Reference fitness: 27995471716.610001
2024-06-11 19:33:55,310	[INFO]	Best fitness: 5148963421.615000
2024-06-11 19:33:55,310	[INFO]	
2024-06-11 19:33:55,312	[INFO]	==== BEST PATCH ====
ParamSetting(('minisat_simplified.params', 'param', 'luby'), 'False') | ParamSetting(('minisat_simplified.params', 'param', 'simp-gc-frac'), 118112029.577935)
2024-06-11 19:33:55,312	[INFO]	
2024-06-11 19:33:55,312	[INFO]	==== DIFF ====
[1m--- before: minisat_simplified.params[0m
[1m+++ after: minisat_simplified.params[0m
[36m@@ -1,4 +1,4 @@[0m
[31m-luby := 'True'[0m
[32m+luby := 'False'[0m
 rnd-init := 'False'
 gc-frac := 0.2
 rinc := 2.0
[36m@@ -14,7 +14,7 @@[0m
 rcheck := 'False'
 asymm := 'False'
 elim := 'True'
[31m-simp-gc-frac := 0.5[0m
[32m+simp-gc-frac := 118112029.577935[0m
 sub-lim := 1000
 cl-lim := 20
 grow := 0

