2024-06-05 15:42:10,671	[DEBUG]	==== CONFIG ====
[magpie]
import = 
seed = 1938015661022748
log_dir = _magpie_logs
work_dir = _magpie_work
local_original_copy = False
local_original_name = __original__
output_encoding = ascii
edit_retries = 10
default_timeout = 30
default_lengthout = 10000.0
diff_method = unified
trust_local_filesystem = True

[magpie.log]
color_output = True
format_info = {counter:<7} {status:<20} {best}{fitness} ({ratio}) [{size}] {cached} {log}
format_debug = patch({counter})="{patch}"{diffifbest}
format_fitness = {:.6f}
format_ratio = {:.2%%}
format_patchif = 
	 --> {patch}
format_diffif = 
	{diff}

[software]
path = examples/triangle-c
target_files = 
	triangle.c.xml
software = BasicSoftware
model_rules = 
	*.params : ParamFileConfigModel
	*.xml : SrcmlModel
	* : LineModel
model_config = 
	*.params : [paramconfig]
	*.xml : [srcml]
init_cmd = bash init_slow.sh
init_timeout = 60
init_lengthout = -1
setup_cmd = 
setup_timeout = 
setup_lengthout = 
compile_cmd = make test_triangle run_triangle
compile_timeout = 
compile_lengthout = 
test_cmd = ./test_triangle
test_timeout = 
test_lengthout = 
run_cmd = ./run_rapl_energy.sh ./run_triangle
run_timeout = 10
run_lengthout = 
retries = 2
batch_timeout = 
batch_lengthout = 
batch_bin_fitness_strategy = aggregate
batch_fitness_strategy = sum
fitness = energy

[srcml]
rename = 
	stmt: break continue decl_stmt do expr_stmt for goto if return switch while
	number: literal_number
focus = block stmt operator_comp operator_arith number
internodes = block
process_pseudo_blocks = True
process_literals = True
process_operators = True

[paramconfig]
timing = test run
cli_prefix = --
cli_glue = =
cli_boolean = show
cli_boolean_prefix_true = 
cli_boolean_prefix_false = no-
cli_none = hide
silent_prefix = @
silent_suffix = $

[search]
protocol = BasicProtocol
algorithm = FirstImprovement
possible_edits = 
	SrcmlStmtReplacement
	SrcmlStmtInsertion
	SrcmlStmtDeletion
warmup = 3
warmup_strategy = last
max_steps = 1000
max_time = 60
target_fitness = 
cache_maxsize = 100
cache_keep = 0.2
batch_instances = 
batch_shuffle = True
batch_bin_shuffle = False
batch_sample_size = 1

[search.ls]
delete_prob = 0.5
max_neighbours = 
when_trapped = continue
accept_fail = False
tabu_length = 10

[search.gp]
pop_size = 10
delete_prob = 0.5
offspring_elitism = 0.1
offspring_crossover = 0.5
offspring_mutation = 0.4
uniform_rate = 0.5
batch_reset = True

[search.minify]
do_cleanup = True
do_rebuild = True
do_simplify = True
round_robin_limit = 3


2024-06-05 15:42:10,671	[DEBUG]	
2024-06-05 15:42:10,672	[INFO]	==== SEARCH: FirstImprovement ====
2024-06-05 15:42:10,672	[INFO]	~~~~ WARMUP ~~~~
2024-06-05 15:42:15,010	[DEBUG]	EXEC>  SUCCESS 204526.0
2024-06-05 15:42:15,010	[INFO]	WARM    SUCCESS               204526.000000 (--) [0 edit(s)]  
2024-06-05 15:42:19,367	[DEBUG]	EXEC>  SUCCESS 18310.0
2024-06-05 15:42:19,367	[INFO]	WARM    SUCCESS               18310.000000 (--) [0 edit(s)]  
2024-06-05 15:42:23,738	[DEBUG]	EXEC>  SUCCESS 13495.5
2024-06-05 15:42:23,739	[INFO]	WARM    SUCCESS               13495.500000 (--) [0 edit(s)]  
2024-06-05 15:42:23,739	[INFO]	REF     SUCCESS               13495.500000 (--) [0 edit(s)]  
2024-06-05 15:42:23,739	[INFO]	
2024-06-05 15:42:23,739	[INFO]	~~~~ START ~~~~
2024-06-05 15:42:28,088	[DEBUG]	EXEC>  SUCCESS 13701.5
2024-06-05 15:42:28,088	[INFO]	1       SUCCESS               13701.500000 (101.53%) [1 edit(s)]  
2024-06-05 15:42:28,088	[DEBUG]	patch(1)="SrcmlStmtInsertion(('triangle.c.xml', '_inter_block', 31), ('triangle.c.xml', 'stmt', 3))"
2024-06-05 15:42:32,475	[DEBUG]	EXEC>  SUCCESS 8109.0
2024-06-05 15:42:32,476	[INFO]	2       SUCCESS              *8109.000000 (60.09%) [1 edit(s)]  
2024-06-05 15:42:32,476	[DEBUG]	patch(2)="SrcmlStmtInsertion(('triangle.c.xml', '_inter_block', 23), ('triangle.c.xml', 'stmt', 18))"
--- before: triangle.c
+++ after: triangle.c
@@ -19,6 +19,10 @@
 
   if(a > c) {
     tmp = a;
+    if(a == b && b == c)/*auto*/{
+     
+      return EQUILATERAL;
+    }/*auto*/
     a = c;
     c = tmp;
   }

2024-06-05 15:42:32,477	[INFO]	3       SUCCESS               13495.500000 (100.00%) [0 edit(s)] [cached] 
2024-06-05 15:42:32,477	[DEBUG]	patch(3)=""
2024-06-05 15:42:36,837	[DEBUG]	EXEC>  SUCCESS 13823.5
2024-06-05 15:42:36,837	[INFO]	4       SUCCESS               13823.500000 (102.43%) [2 edit(s)]  
2024-06-05 15:42:36,838	[DEBUG]	patch(4)="SrcmlStmtInsertion(('triangle.c.xml', '_inter_block', 23), ('triangle.c.xml', 'stmt', 18)) | SrcmlStmtInsertion(('triangle.c.xml', '_inter_block', 24), ('triangle.c.xml', 'stmt', 0))"
2024-06-05 15:42:37,048	[INFO]	5       TEST_CODE_ERROR       None (--) [2 edit(s)]  
2024-06-05 15:42:37,049	[DEBUG]	patch(5)="SrcmlStmtInsertion(('triangle.c.xml', '_inter_block', 23), ('triangle.c.xml', 'stmt', 18)) | SrcmlStmtInsertion(('triangle.c.xml', '_inter_block', 22), ('triangle.c.xml', 'stmt', 22))"
2024-06-05 15:42:41,368	[DEBUG]	EXEC>  SUCCESS 7804.5
2024-06-05 15:42:41,369	[INFO]	6       SUCCESS              *7804.500000 (57.83%) [2 edit(s)]  
2024-06-05 15:42:41,369	[DEBUG]	patch(6)="SrcmlStmtInsertion(('triangle.c.xml', '_inter_block', 23), ('triangle.c.xml', 'stmt', 18)) | SrcmlStmtInsertion(('triangle.c.xml', '_inter_block', 17), ('triangle.c.xml', 'stmt', 10))"
--- before: triangle.c
+++ after: triangle.c
@@ -19,6 +19,10 @@
 
   if(a > c) {
     tmp = a;
+    if(a == b && b == c)/*auto*/{
+     
+      return EQUILATERAL;
+    }/*auto*/
     a = c;
     c = tmp;
   }
@@ -42,4 +46,5 @@
     return ISOSCELES;
   }/*auto*/
   return SCALENE;
+  a = c;
 }

2024-06-05 15:42:45,763	[DEBUG]	EXEC>  SUCCESS 15837.5
2024-06-05 15:42:45,763	[INFO]	7       SUCCESS               15837.500000 (117.35%) [3 edit(s)]  
2024-06-05 15:42:45,763	[DEBUG]	patch(7)="SrcmlStmtInsertion(('triangle.c.xml', '_inter_block', 23), ('triangle.c.xml', 'stmt', 18)) | SrcmlStmtInsertion(('triangle.c.xml', '_inter_block', 17), ('triangle.c.xml', 'stmt', 10)) | SrcmlStmtReplacement(('triangle.c.xml', 'stmt', 17), ('triangle.c.xml', 'stmt', 16))"
2024-06-05 15:42:45,912	[INFO]	8       TEST_CODE_ERROR       None (--) [3 edit(s)]  
2024-06-05 15:42:45,912	[DEBUG]	patch(8)="SrcmlStmtInsertion(('triangle.c.xml', '_inter_block', 23), ('triangle.c.xml', 'stmt', 18)) | SrcmlStmtInsertion(('triangle.c.xml', '_inter_block', 17), ('triangle.c.xml', 'stmt', 10)) | SrcmlStmtDeletion(('triangle.c.xml', 'stmt', 17))"
2024-06-05 15:42:50,291	[DEBUG]	EXEC>  SUCCESS 31302.0
2024-06-05 15:42:50,291	[INFO]	9       SUCCESS               31302.000000 (231.94%) [3 edit(s)]  
2024-06-05 15:42:50,291	[DEBUG]	patch(9)="SrcmlStmtInsertion(('triangle.c.xml', '_inter_block', 23), ('triangle.c.xml', 'stmt', 18)) | SrcmlStmtInsertion(('triangle.c.xml', '_inter_block', 17), ('triangle.c.xml', 'stmt', 10)) | SrcmlStmtDeletion(('triangle.c.xml', 'stmt', 4))"
2024-06-05 15:42:54,663	[DEBUG]	EXEC>  SUCCESS 11642.0
2024-06-05 15:42:54,663	[INFO]	10      SUCCESS               11642.000000 (86.27%) [1 edit(s)]  
2024-06-05 15:42:54,663	[DEBUG]	patch(10)="SrcmlStmtInsertion(('triangle.c.xml', '_inter_block', 17), ('triangle.c.xml', 'stmt', 10))"
2024-06-05 15:42:54,665	[INFO]	11      SUCCESS               8109.000000 (60.09%) [1 edit(s)] [cached] 
2024-06-05 15:42:54,665	[DEBUG]	patch(11)="SrcmlStmtInsertion(('triangle.c.xml', '_inter_block', 23), ('triangle.c.xml', 'stmt', 18))"
2024-06-05 15:42:54,824	[INFO]	12      TEST_CODE_ERROR       None (--) [3 edit(s)]  
2024-06-05 15:42:54,824	[DEBUG]	patch(12)="SrcmlStmtInsertion(('triangle.c.xml', '_inter_block', 23), ('triangle.c.xml', 'stmt', 18)) | SrcmlStmtInsertion(('triangle.c.xml', '_inter_block', 17), ('triangle.c.xml', 'stmt', 10)) | SrcmlStmtDeletion(('triangle.c.xml', 'stmt', 21))"
2024-06-05 15:42:59,189	[DEBUG]	EXEC>  SUCCESS 70469.0
2024-06-05 15:42:59,189	[INFO]	13      SUCCESS               70469.000000 (522.17%) [3 edit(s)]  
2024-06-05 15:42:59,189	[DEBUG]	patch(13)="SrcmlStmtInsertion(('triangle.c.xml', '_inter_block', 23), ('triangle.c.xml', 'stmt', 18)) | SrcmlStmtInsertion(('triangle.c.xml', '_inter_block', 17), ('triangle.c.xml', 'stmt', 10)) | SrcmlStmtInsertion(('triangle.c.xml', '_inter_block', 33), ('triangle.c.xml', 'stmt', 21))"
2024-06-05 15:43:03,360	[DEBUG]	EXEC>  SUCCESS 2166.5
2024-06-05 15:43:03,360	[INFO]	14      SUCCESS              *2166.500000 (16.05%) [3 edit(s)]  
2024-06-05 15:43:03,360	[DEBUG]	patch(14)="SrcmlStmtInsertion(('triangle.c.xml', '_inter_block', 23), ('triangle.c.xml', 'stmt', 18)) | SrcmlStmtInsertion(('triangle.c.xml', '_inter_block', 17), ('triangle.c.xml', 'stmt', 10)) | SrcmlStmtReplacement(('triangle.c.xml', 'stmt', 3), ('triangle.c.xml', 'stmt', 4))"
--- before: triangle.c
+++ after: triangle.c
@@ -8,7 +8,11 @@
 int classify_triangle(double a, double b, double c) {
   double tmp;
 
-  delay();
+  if(a > b) {
+    tmp = a;
+    a = b;
+    b = tmp;
+  }
 
   // Sort the sides so that a <= b <= c
   if(a > b) {
@@ -19,6 +23,10 @@
 
   if(a > c) {
     tmp = a;
+    if(a == b && b == c)/*auto*/{
+     
+      return EQUILATERAL;
+    }/*auto*/
     a = c;
     c = tmp;
   }
@@ -42,4 +50,5 @@
     return ISOSCELES;
   }/*auto*/
   return SCALENE;
+  a = c;
 }

2024-06-05 15:43:07,579	[DEBUG]	EXEC>  SUCCESS 5645.5
2024-06-05 15:43:07,579	[INFO]	15      SUCCESS               5645.500000 (41.83%) [4 edit(s)]  
2024-06-05 15:43:07,579	[DEBUG]	patch(15)="SrcmlStmtInsertion(('triangle.c.xml', '_inter_block', 23), ('triangle.c.xml', 'stmt', 18)) | SrcmlStmtInsertion(('triangle.c.xml', '_inter_block', 17), ('triangle.c.xml', 'stmt', 10)) | SrcmlStmtReplacement(('triangle.c.xml', 'stmt', 3), ('triangle.c.xml', 'stmt', 4)) | SrcmlStmtInsertion(('triangle.c.xml', '_inter_block', 24), ('triangle.c.xml', 'stmt', 3))"
2024-06-05 15:43:11,753	[DEBUG]	EXEC>  SUCCESS 2205.0
2024-06-05 15:43:11,754	[INFO]	16      SUCCESS               2205.000000 (16.34%) [2 edit(s)]  
2024-06-05 15:43:11,754	[DEBUG]	patch(16)="SrcmlStmtInsertion(('triangle.c.xml', '_inter_block', 23), ('triangle.c.xml', 'stmt', 18)) | SrcmlStmtReplacement(('triangle.c.xml', 'stmt', 3), ('triangle.c.xml', 'stmt', 4))"
2024-06-05 15:43:11,755	[INFO]	17      SUCCESS               7804.500000 (57.83%) [2 edit(s)] [cached] 
2024-06-05 15:43:11,755	[DEBUG]	patch(17)="SrcmlStmtInsertion(('triangle.c.xml', '_inter_block', 23), ('triangle.c.xml', 'stmt', 18)) | SrcmlStmtInsertion(('triangle.c.xml', '_inter_block', 17), ('triangle.c.xml', 'stmt', 10))"
2024-06-05 15:43:11,939	[INFO]	18      TEST_CODE_ERROR       None (--) [4 edit(s)]  
2024-06-05 15:43:11,939	[DEBUG]	patch(18)="SrcmlStmtInsertion(('triangle.c.xml', '_inter_block', 23), ('triangle.c.xml', 'stmt', 18)) | SrcmlStmtInsertion(('triangle.c.xml', '_inter_block', 17), ('triangle.c.xml', 'stmt', 10)) | SrcmlStmtReplacement(('triangle.c.xml', 'stmt', 3), ('triangle.c.xml', 'stmt', 4)) | SrcmlStmtReplacement(('triangle.c.xml', 'stmt', 11), ('triangle.c.xml', 'stmt', 21))"
2024-06-05 15:43:12,056	[INFO]	19      TEST_CODE_ERROR       None (--) [4 edit(s)]  
2024-06-05 15:43:12,057	[DEBUG]	patch(19)="SrcmlStmtInsertion(('triangle.c.xml', '_inter_block', 23), ('triangle.c.xml', 'stmt', 18)) | SrcmlStmtInsertion(('triangle.c.xml', '_inter_block', 17), ('triangle.c.xml', 'stmt', 10)) | SrcmlStmtReplacement(('triangle.c.xml', 'stmt', 3), ('triangle.c.xml', 'stmt', 4)) | SrcmlStmtInsertion(('triangle.c.xml', '_inter_block', 26), ('triangle.c.xml', 'stmt', 17))"
2024-06-05 15:43:16,273	[DEBUG]	EXEC>  SUCCESS 4302.5
2024-06-05 15:43:16,274	[INFO]	20      SUCCESS               4302.500000 (31.88%) [2 edit(s)]  
2024-06-05 15:43:16,274	[DEBUG]	patch(20)="SrcmlStmtInsertion(('triangle.c.xml', '_inter_block', 17), ('triangle.c.xml', 'stmt', 10)) | SrcmlStmtReplacement(('triangle.c.xml', 'stmt', 3), ('triangle.c.xml', 'stmt', 4))"
2024-06-05 15:43:16,312	[INFO]	21      COMPILE_CODE_ERROR    None (--) [4 edit(s)]  
2024-06-05 15:43:16,312	[DEBUG]	patch(21)="SrcmlStmtInsertion(('triangle.c.xml', '_inter_block', 23), ('triangle.c.xml', 'stmt', 18)) | SrcmlStmtInsertion(('triangle.c.xml', '_inter_block', 17), ('triangle.c.xml', 'stmt', 10)) | SrcmlStmtReplacement(('triangle.c.xml', 'stmt', 3), ('triangle.c.xml', 'stmt', 4)) | SrcmlStmtReplacement(('triangle.c.xml', 'stmt', 0), ('triangle.c.xml', 'stmt', 10))"
2024-06-05 15:43:20,528	[DEBUG]	EXEC>  SUCCESS 5721.5
2024-06-05 15:43:20,528	[INFO]	22      SUCCESS               5721.500000 (42.40%) [4 edit(s)]  
2024-06-05 15:43:20,528	[DEBUG]	patch(22)="SrcmlStmtInsertion(('triangle.c.xml', '_inter_block', 23), ('triangle.c.xml', 'stmt', 18)) | SrcmlStmtInsertion(('triangle.c.xml', '_inter_block', 17), ('triangle.c.xml', 'stmt', 10)) | SrcmlStmtReplacement(('triangle.c.xml', 'stmt', 3), ('triangle.c.xml', 'stmt', 4)) | SrcmlStmtDeletion(('triangle.c.xml', 'stmt', 1))"
2024-06-05 15:43:24,703	[DEBUG]	EXEC>  SUCCESS 3288.5
2024-06-05 15:43:24,704	[INFO]	23      SUCCESS               3288.500000 (24.37%) [4 edit(s)]  
2024-06-05 15:43:24,704	[DEBUG]	patch(23)="SrcmlStmtInsertion(('triangle.c.xml', '_inter_block', 23), ('triangle.c.xml', 'stmt', 18)) | SrcmlStmtInsertion(('triangle.c.xml', '_inter_block', 17), ('triangle.c.xml', 'stmt', 10)) | SrcmlStmtReplacement(('triangle.c.xml', 'stmt', 3), ('triangle.c.xml', 'stmt', 4)) | SrcmlStmtInsertion(('triangle.c.xml', '_inter_block', 1), ('triangle.c.xml', 'stmt', 17))"
2024-06-05 15:43:24,704	[INFO]	~~~~ END ~~~~
2024-06-05 15:43:24,704	[INFO]	
2024-06-05 15:43:24,704	[INFO]	==== REPORT ====
2024-06-05 15:43:24,704	[INFO]	Termination: time budget
2024-06-05 15:43:24,704	[INFO]	Retries: 2
2024-06-05 15:43:24,704	[INFO]	Log file: /home/jim/magpie/_magpie_logs/triangle-c_1717598530.log
2024-06-05 15:43:24,704	[INFO]	Patch file: _magpie_logs/triangle-c_1717598530.patch
2024-06-05 15:43:24,705	[INFO]	Diff file: _magpie_logs/triangle-c_1717598530.diff
2024-06-05 15:43:24,705	[INFO]	Reference fitness: 13495.500000
2024-06-05 15:43:24,705	[INFO]	Best fitness: 2166.500000
2024-06-05 15:43:24,705	[INFO]	
2024-06-05 15:43:24,705	[INFO]	==== BEST PATCH ====
SrcmlStmtInsertion(('triangle.c.xml', '_inter_block', 23), ('triangle.c.xml', 'stmt', 18)) | SrcmlStmtInsertion(('triangle.c.xml', '_inter_block', 17), ('triangle.c.xml', 'stmt', 10)) | SrcmlStmtReplacement(('triangle.c.xml', 'stmt', 3), ('triangle.c.xml', 'stmt', 4))
2024-06-05 15:43:24,705	[INFO]	
2024-06-05 15:43:24,705	[INFO]	==== DIFF ====
[1m--- before: triangle.c[0m
[1m+++ after: triangle.c[0m
[36m@@ -8,7 +8,11 @@[0m
 int classify_triangle(double a, double b, double c) {
   double tmp;
 
[31m-  delay();[0m
[32m+  if(a > b) {[0m
[32m+    tmp = a;[0m
[32m+    a = b;[0m
[32m+    b = tmp;[0m
[32m+  }[0m
 
   // Sort the sides so that a <= b <= c
   if(a > b) {
[36m@@ -19,6 +23,10 @@[0m
 
   if(a > c) {
     tmp = a;
[32m+    if(a == b && b == c)/*auto*/{[0m
[32m+     [0m
[32m+      return EQUILATERAL;[0m
[32m+    }/*auto*/[0m
     a = c;
     c = tmp;
   }
[36m@@ -42,4 +50,5 @@[0m
     return ISOSCELES;
   }/*auto*/
   return SCALENE;
[32m+  a = c;[0m
 }

