2024-07-21 01:03:16,201	[DEBUG]	==== CONFIG ====
[magpie]
import = 
seed = 45
log_dir = _magpie_logs
work_dir = _magpie_work
local_original_copy = True
local_original_name = __original__
output_encoding = ascii
edit_retries = 10
default_timeout = 30
default_lengthout = 1e6
diff_method = unified
trust_local_filesystem = True

[magpie.log]
color_output = True
format_info = {counter:<7} {status:<20} {best}{fitness} ({ratio}) [{size}] {cached} {log}
format_debug = patch({counter})="{patch}"{diffifbest}
format_fitness = {:.6f}
format_ratio = {:.2%%}
format_patchif = 
	 --> {patch}
format_diffif = 
	{diff}

[software]
path = examples/sat4j
target_files = org.sat4j.core/src/main/java/org/sat4j/minisat/core/Solver.java.xml
software = BasicSoftware
model_rules = 
	*.params : ParamFileConfigModel
	*.xml : SrcmlModel
	* : LineModel
model_config = 
	*.params : [paramconfig]
	*.xml : [srcml]
init_cmd = 
init_timeout = 60
init_lengthout = -1
setup_cmd = ant sat
setup_timeout = 
setup_lengthout = 
compile_cmd = ant sat
compile_timeout = 
compile_lengthout = 
test_cmd = bash test.sh
test_timeout = 
test_lengthout = 
run_cmd = ./run_custom.sh "bash run_fixed.sh"
run_timeout = 
run_lengthout = 
retries = 2
batch_timeout = 
batch_lengthout = 
batch_bin_fitness_strategy = aggregate
batch_fitness_strategy = sum
fitness = weights

[srcml]
rename = 
	stmt: break continue decl_stmt do expr_stmt for goto if return switch while
	number: literal_number
focus = block stmt operator_comp operator_arith number
internodes = block
process_pseudo_blocks = True
process_literals = True
process_operators = True

[paramconfig]
timing = test run
cli_prefix = --
cli_glue = =
cli_boolean = show
cli_boolean_prefix_true = 
cli_boolean_prefix_false = no-
cli_none = hide
silent_prefix = @
silent_suffix = $

[search]
protocol = BasicProtocol
algorithm = FirstImprovement
possible_edits = 
	SrcmlStmtReplacement
	SrcmlStmtInsertion
	SrcmlStmtDeletion
warmup = 3
warmup_strategy = last
max_steps = 10000
max_time = 2200
target_fitness = 
cache_maxsize = 100
cache_keep = 0.2
batch_instances = 
batch_shuffle = True
batch_bin_shuffle = False
batch_sample_size = 1

[search.ls]
delete_prob = 0.5
max_neighbours = 
when_trapped = continue
accept_fail = False
tabu_length = 10

[search.gp]
pop_size = 10
delete_prob = 0.5
offspring_elitism = 0.1
offspring_crossover = 0.5
offspring_mutation = 0.4
uniform_rate = 0.5
batch_reset = True

[search.minify]
do_cleanup = True
do_rebuild = True
do_simplify = True
round_robin_limit = 3


2024-07-21 01:03:16,201	[DEBUG]	
2024-07-21 01:03:16,201	[INFO]	==== SEARCH: FirstImprovement ====
2024-07-21 01:03:16,201	[INFO]	~~~~ WARMUP ~~~~
2024-07-21 01:06:37,286	[DEBUG]	EXEC>  SUCCESS 1291209415.0795
2024-07-21 01:06:37,286	[INFO]	WARM    SUCCESS               1291209415.079500 (--) [0 edit(s)]  
2024-07-21 01:09:44,445	[DEBUG]	EXEC>  SUCCESS 1095460071.4229999
2024-07-21 01:09:44,445	[INFO]	WARM    SUCCESS               1095460071.423000 (--) [0 edit(s)]  
2024-07-21 01:12:56,307	[DEBUG]	EXEC>  SUCCESS 1453718160.434
2024-07-21 01:12:56,307	[INFO]	WARM    SUCCESS               1453718160.434000 (--) [0 edit(s)]  
2024-07-21 01:12:56,307	[INFO]	REF     SUCCESS               1453718160.434000 (--) [0 edit(s)]  
2024-07-21 01:12:56,307	[INFO]	
2024-07-21 01:12:56,307	[INFO]	~~~~ START ~~~~
2024-07-21 01:13:01,065	[INFO]	1       COMPILE_CODE_ERROR    None (--) [1 edit(s)]  
2024-07-21 01:13:01,065	[DEBUG]	patch(1)="SrcmlStmtInsertion(('org.sat4j.core/src/main/java/org/sat4j/minisat/core/Solver.java.xml', '_inter_block', 527), ('org.sat4j.core/src/main/java/org/sat4j/minisat/core/Solver.java.xml', 'stmt', 310))"
2024-07-21 01:13:02,965	[INFO]	2       COMPILE_CODE_ERROR    None (--) [1 edit(s)]  
2024-07-21 01:13:02,965	[DEBUG]	patch(2)="SrcmlStmtInsertion(('org.sat4j.core/src/main/java/org/sat4j/minisat/core/Solver.java.xml', '_inter_block', 991), ('org.sat4j.core/src/main/java/org/sat4j/minisat/core/Solver.java.xml', 'stmt', 117))"
2024-07-21 01:13:07,661	[INFO]	3       COMPILE_CODE_ERROR    None (--) [1 edit(s)]  
2024-07-21 01:13:07,661	[DEBUG]	patch(3)="SrcmlStmtInsertion(('org.sat4j.core/src/main/java/org/sat4j/minisat/core/Solver.java.xml', '_inter_block', 1522), ('org.sat4j.core/src/main/java/org/sat4j/minisat/core/Solver.java.xml', 'stmt', 920))"
2024-07-21 01:13:12,240	[INFO]	4       COMPILE_CODE_ERROR    None (--) [1 edit(s)]  
2024-07-21 01:13:12,241	[DEBUG]	patch(4)="SrcmlStmtDeletion(('org.sat4j.core/src/main/java/org/sat4j/minisat/core/Solver.java.xml', 'stmt', 138))"
2024-07-21 01:16:22,574	[DEBUG]	EXEC>  SUCCESS 1531610289.63
2024-07-21 01:16:22,574	[INFO]	5       SUCCESS               1531610289.630000 (105.36%) [1 edit(s)]  
2024-07-21 01:16:22,574	[DEBUG]	patch(5)="SrcmlStmtInsertion(('org.sat4j.core/src/main/java/org/sat4j/minisat/core/Solver.java.xml', '_inter_block', 1557), ('org.sat4j.core/src/main/java/org/sat4j/minisat/core/Solver.java.xml', 'stmt', 76))"
2024-07-21 01:19:35,639	[DEBUG]	EXEC>  SUCCESS 1191200140.008
2024-07-21 01:19:35,640	[INFO]	6       SUCCESS              *1191200140.008000 (81.94%) [1 edit(s)]  
2024-07-21 01:19:35,640	[DEBUG]	patch(6)="SrcmlStmtDeletion(('org.sat4j.core/src/main/java/org/sat4j/minisat/core/Solver.java.xml', 'stmt', 146))"
--- before: org.sat4j.core/src/main/java/org/sat4j/minisat/core/Solver.java
+++ after: org.sat4j.core/src/main/java/org/sat4j/minisat/core/Solver.java
@@ -508,7 +508,7 @@
             for (var i = 0; i < cs[type].size(); i++) {
                 if (cs[type].get(i).simplify()) {
                     // enleve les contraintes satisfaites de la base
-                    cs[type].get(i).remove(this);
+                    
                 } else {
                     cs[type].moveTo(j++, i);
                 }

2024-07-21 01:19:37,551	[INFO]	7       COMPILE_CODE_ERROR    None (--) [2 edit(s)]  
2024-07-21 01:19:37,551	[DEBUG]	patch(7)="SrcmlStmtDeletion(('org.sat4j.core/src/main/java/org/sat4j/minisat/core/Solver.java.xml', 'stmt', 146)) | SrcmlStmtReplacement(('org.sat4j.core/src/main/java/org/sat4j/minisat/core/Solver.java.xml', 'stmt', 257), ('org.sat4j.core/src/main/java/org/sat4j/minisat/core/Solver.java.xml', 'stmt', 793))"
2024-07-21 01:19:39,433	[INFO]	8       COMPILE_CODE_ERROR    None (--) [2 edit(s)]  
2024-07-21 01:19:39,434	[DEBUG]	patch(8)="SrcmlStmtDeletion(('org.sat4j.core/src/main/java/org/sat4j/minisat/core/Solver.java.xml', 'stmt', 146)) | SrcmlStmtInsertion(('org.sat4j.core/src/main/java/org/sat4j/minisat/core/Solver.java.xml', '_inter_block', 183), ('org.sat4j.core/src/main/java/org/sat4j/minisat/core/Solver.java.xml', 'stmt', 769))"
2024-07-21 01:19:39,444	[INFO]	9       SUCCESS               1453718160.434000 (100.00%) [0 edit(s)] [cached] 
2024-07-21 01:19:39,444	[DEBUG]	patch(9)=""
2024-07-21 01:19:44,389	[INFO]	10      COMPILE_CODE_ERROR    None (--) [2 edit(s)]  
2024-07-21 01:19:44,389	[DEBUG]	patch(10)="SrcmlStmtDeletion(('org.sat4j.core/src/main/java/org/sat4j/minisat/core/Solver.java.xml', 'stmt', 146)) | SrcmlStmtDeletion(('org.sat4j.core/src/main/java/org/sat4j/minisat/core/Solver.java.xml', 'stmt', 607))"
2024-07-21 01:19:48,956	[INFO]	11      COMPILE_CODE_ERROR    None (--) [2 edit(s)]  
2024-07-21 01:19:48,956	[DEBUG]	patch(11)="SrcmlStmtDeletion(('org.sat4j.core/src/main/java/org/sat4j/minisat/core/Solver.java.xml', 'stmt', 146)) | SrcmlStmtInsertion(('org.sat4j.core/src/main/java/org/sat4j/minisat/core/Solver.java.xml', '_inter_block', 719), ('org.sat4j.core/src/main/java/org/sat4j/minisat/core/Solver.java.xml', 'stmt', 641))"
2024-07-21 01:19:53,593	[INFO]	12      COMPILE_CODE_ERROR    None (--) [2 edit(s)]  
2024-07-21 01:19:53,593	[DEBUG]	patch(12)="SrcmlStmtDeletion(('org.sat4j.core/src/main/java/org/sat4j/minisat/core/Solver.java.xml', 'stmt', 146)) | SrcmlStmtReplacement(('org.sat4j.core/src/main/java/org/sat4j/minisat/core/Solver.java.xml', 'stmt', 300), ('org.sat4j.core/src/main/java/org/sat4j/minisat/core/Solver.java.xml', 'stmt', 424))"
2024-07-21 01:22:58,792	[DEBUG]	EXEC>  SUCCESS 1168652685.065
2024-07-21 01:22:58,793	[INFO]	13      SUCCESS              *1168652685.065000 (80.39%) [2 edit(s)]  
2024-07-21 01:22:58,793	[DEBUG]	patch(13)="SrcmlStmtDeletion(('org.sat4j.core/src/main/java/org/sat4j/minisat/core/Solver.java.xml', 'stmt', 146)) | SrcmlStmtDeletion(('org.sat4j.core/src/main/java/org/sat4j/minisat/core/Solver.java.xml', 'stmt', 63))"
--- before: org.sat4j.core/src/main/java/org/sat4j/minisat/core/Solver.java
+++ after: org.sat4j.core/src/main/java/org/sat4j/minisat/core/Solver.java
@@ -285,7 +285,7 @@
     public <S extends ISolverService> void setSearchListener(
             SearchListener<S> sl) {
         this.slistener = sl;
-        this.slistener.init(this);
+        
     }
 
     /*
@@ -508,7 +508,7 @@
             for (var i = 0; i < cs[type].size(); i++) {
                 if (cs[type].get(i).simplify()) {
                     // enleve les contraintes satisfaites de la base
-                    cs[type].get(i).remove(this);
+                    
                 } else {
                     cs[type].moveTo(j++, i);
                 }

2024-07-21 01:23:03,189	[INFO]	14      COMPILE_CODE_ERROR    None (--) [3 edit(s)]  
2024-07-21 01:23:03,190	[DEBUG]	patch(14)="SrcmlStmtDeletion(('org.sat4j.core/src/main/java/org/sat4j/minisat/core/Solver.java.xml', 'stmt', 146)) | SrcmlStmtDeletion(('org.sat4j.core/src/main/java/org/sat4j/minisat/core/Solver.java.xml', 'stmt', 63)) | SrcmlStmtDeletion(('org.sat4j.core/src/main/java/org/sat4j/minisat/core/Solver.java.xml', 'stmt', 639))"
2024-07-21 01:26:05,643	[DEBUG]	EXEC>  SUCCESS 1243774264.9385
2024-07-21 01:26:05,643	[INFO]	15      SUCCESS               1243774264.938500 (85.56%) [3 edit(s)]  
2024-07-21 01:26:05,643	[DEBUG]	patch(15)="SrcmlStmtDeletion(('org.sat4j.core/src/main/java/org/sat4j/minisat/core/Solver.java.xml', 'stmt', 146)) | SrcmlStmtDeletion(('org.sat4j.core/src/main/java/org/sat4j/minisat/core/Solver.java.xml', 'stmt', 63)) | SrcmlStmtDeletion(('org.sat4j.core/src/main/java/org/sat4j/minisat/core/Solver.java.xml', 'stmt', 325))"
2024-07-21 01:29:07,753	[DEBUG]	EXEC>  SUCCESS 1232137936.176
2024-07-21 01:29:07,753	[INFO]	16      SUCCESS               1232137936.176000 (84.76%) [1 edit(s)]  
2024-07-21 01:29:07,753	[DEBUG]	patch(16)="SrcmlStmtDeletion(('org.sat4j.core/src/main/java/org/sat4j/minisat/core/Solver.java.xml', 'stmt', 63))"
2024-07-21 01:29:07,777	[INFO]	17      SUCCESS               1191200140.008000 (81.94%) [1 edit(s)] [cached] 
2024-07-21 01:29:07,778	[DEBUG]	patch(17)="SrcmlStmtDeletion(('org.sat4j.core/src/main/java/org/sat4j/minisat/core/Solver.java.xml', 'stmt', 146))"
2024-07-21 01:29:09,571	[INFO]	18      COMPILE_CODE_ERROR    None (--) [3 edit(s)]  
2024-07-21 01:29:09,571	[DEBUG]	patch(18)="SrcmlStmtDeletion(('org.sat4j.core/src/main/java/org/sat4j/minisat/core/Solver.java.xml', 'stmt', 146)) | SrcmlStmtDeletion(('org.sat4j.core/src/main/java/org/sat4j/minisat/core/Solver.java.xml', 'stmt', 63)) | SrcmlStmtInsertion(('org.sat4j.core/src/main/java/org/sat4j/minisat/core/Solver.java.xml', '_inter_block', 674), ('org.sat4j.core/src/main/java/org/sat4j/minisat/core/Solver.java.xml', 'stmt', 994))"
2024-07-21 01:32:08,951	[DEBUG]	EXEC>  SUCCESS 1147368266.4435
2024-07-21 01:32:08,952	[INFO]	19      SUCCESS              *1147368266.443500 (78.93%) [3 edit(s)]  
2024-07-21 01:32:08,952	[DEBUG]	patch(19)="SrcmlStmtDeletion(('org.sat4j.core/src/main/java/org/sat4j/minisat/core/Solver.java.xml', 'stmt', 146)) | SrcmlStmtDeletion(('org.sat4j.core/src/main/java/org/sat4j/minisat/core/Solver.java.xml', 'stmt', 63)) | SrcmlStmtDeletion(('org.sat4j.core/src/main/java/org/sat4j/minisat/core/Solver.java.xml', 'stmt', 864))"
--- before: org.sat4j.core/src/main/java/org/sat4j/minisat/core/Solver.java
+++ after: org.sat4j.core/src/main/java/org/sat4j/minisat/core/Solver.java
@@ -285,7 +285,7 @@
     public <S extends ISolverService> void setSearchListener(
             SearchListener<S> sl) {
         this.slistener = sl;
-        this.slistener.init(this);
+        
     }
 
     /*
@@ -508,7 +508,7 @@
             for (var i = 0; i < cs[type].size(); i++) {
                 if (cs[type].get(i).simplify()) {
                     // enleve les contraintes satisfaites de la base
-                    cs[type].get(i).remove(this);
+                    
                 } else {
                     cs[type].moveTo(j++, i);
                 }
@@ -2135,7 +2135,7 @@
         }
         stb.append("Listener: ");
         stb.append(slistener);
-        stb.append("\n");
+        
         stb.append(prefix);
         stb.append("--- End Solver configuration ---"); //$NON-NLS-1$
         return stb.toString();

2024-07-21 01:35:10,645	[DEBUG]	EXEC>  SUCCESS 1154823124.845
2024-07-21 01:35:10,645	[INFO]	20      SUCCESS               1154823124.845000 (79.44%) [2 edit(s)]  
2024-07-21 01:35:10,645	[DEBUG]	patch(20)="SrcmlStmtDeletion(('org.sat4j.core/src/main/java/org/sat4j/minisat/core/Solver.java.xml', 'stmt', 63)) | SrcmlStmtDeletion(('org.sat4j.core/src/main/java/org/sat4j/minisat/core/Solver.java.xml', 'stmt', 864))"
2024-07-21 01:35:14,751	[INFO]	21      COMPILE_CODE_ERROR    None (--) [4 edit(s)]  
2024-07-21 01:35:14,751	[DEBUG]	patch(21)="SrcmlStmtDeletion(('org.sat4j.core/src/main/java/org/sat4j/minisat/core/Solver.java.xml', 'stmt', 146)) | SrcmlStmtDeletion(('org.sat4j.core/src/main/java/org/sat4j/minisat/core/Solver.java.xml', 'stmt', 63)) | SrcmlStmtDeletion(('org.sat4j.core/src/main/java/org/sat4j/minisat/core/Solver.java.xml', 'stmt', 864)) | SrcmlStmtReplacement(('org.sat4j.core/src/main/java/org/sat4j/minisat/core/Solver.java.xml', 'stmt', 709), ('org.sat4j.core/src/main/java/org/sat4j/minisat/core/Solver.java.xml', 'stmt', 1001))"
2024-07-21 01:35:14,762	[INFO]	22      SUCCESS               1168652685.065000 (80.39%) [2 edit(s)] [cached] 
2024-07-21 01:35:14,762	[DEBUG]	patch(22)="SrcmlStmtDeletion(('org.sat4j.core/src/main/java/org/sat4j/minisat/core/Solver.java.xml', 'stmt', 146)) | SrcmlStmtDeletion(('org.sat4j.core/src/main/java/org/sat4j/minisat/core/Solver.java.xml', 'stmt', 63))"
2024-07-21 01:35:19,087	[INFO]	23      COMPILE_CODE_ERROR    None (--) [4 edit(s)]  
2024-07-21 01:35:19,087	[DEBUG]	patch(23)="SrcmlStmtDeletion(('org.sat4j.core/src/main/java/org/sat4j/minisat/core/Solver.java.xml', 'stmt', 146)) | SrcmlStmtDeletion(('org.sat4j.core/src/main/java/org/sat4j/minisat/core/Solver.java.xml', 'stmt', 63)) | SrcmlStmtDeletion(('org.sat4j.core/src/main/java/org/sat4j/minisat/core/Solver.java.xml', 'stmt', 864)) | SrcmlStmtDeletion(('org.sat4j.core/src/main/java/org/sat4j/minisat/core/Solver.java.xml', 'stmt', 876))"
2024-07-21 01:35:23,648	[INFO]	24      COMPILE_CODE_ERROR    None (--) [4 edit(s)]  
2024-07-21 01:35:23,648	[DEBUG]	patch(24)="SrcmlStmtDeletion(('org.sat4j.core/src/main/java/org/sat4j/minisat/core/Solver.java.xml', 'stmt', 146)) | SrcmlStmtDeletion(('org.sat4j.core/src/main/java/org/sat4j/minisat/core/Solver.java.xml', 'stmt', 63)) | SrcmlStmtDeletion(('org.sat4j.core/src/main/java/org/sat4j/minisat/core/Solver.java.xml', 'stmt', 864)) | SrcmlStmtInsertion(('org.sat4j.core/src/main/java/org/sat4j/minisat/core/Solver.java.xml', '_inter_block', 1569), ('org.sat4j.core/src/main/java/org/sat4j/minisat/core/Solver.java.xml', 'stmt', 905))"
2024-07-21 01:35:28,150	[INFO]	25      COMPILE_CODE_ERROR    None (--) [4 edit(s)]  
2024-07-21 01:35:28,151	[DEBUG]	patch(25)="SrcmlStmtDeletion(('org.sat4j.core/src/main/java/org/sat4j/minisat/core/Solver.java.xml', 'stmt', 146)) | SrcmlStmtDeletion(('org.sat4j.core/src/main/java/org/sat4j/minisat/core/Solver.java.xml', 'stmt', 63)) | SrcmlStmtDeletion(('org.sat4j.core/src/main/java/org/sat4j/minisat/core/Solver.java.xml', 'stmt', 864)) | SrcmlStmtReplacement(('org.sat4j.core/src/main/java/org/sat4j/minisat/core/Solver.java.xml', 'stmt', 604), ('org.sat4j.core/src/main/java/org/sat4j/minisat/core/Solver.java.xml', 'stmt', 239))"
2024-07-21 01:38:29,370	[DEBUG]	EXEC>  SUCCESS 1104162759.4475
2024-07-21 01:38:29,371	[INFO]	26      SUCCESS              *1104162759.447500 (75.95%) [2 edit(s)]  
2024-07-21 01:38:29,371	[DEBUG]	patch(26)="SrcmlStmtDeletion(('org.sat4j.core/src/main/java/org/sat4j/minisat/core/Solver.java.xml', 'stmt', 146)) | SrcmlStmtDeletion(('org.sat4j.core/src/main/java/org/sat4j/minisat/core/Solver.java.xml', 'stmt', 864))"
--- before: org.sat4j.core/src/main/java/org/sat4j/minisat/core/Solver.java
+++ after: org.sat4j.core/src/main/java/org/sat4j/minisat/core/Solver.java
@@ -508,7 +508,7 @@
             for (var i = 0; i < cs[type].size(); i++) {
                 if (cs[type].get(i).simplify()) {
                     // enleve les contraintes satisfaites de la base
-                    cs[type].get(i).remove(this);
+                    
                 } else {
                     cs[type].moveTo(j++, i);
                 }
@@ -2135,7 +2135,7 @@
         }
         stb.append("Listener: ");
         stb.append(slistener);
-        stb.append("\n");
+        
         stb.append(prefix);
         stb.append("--- End Solver configuration ---"); //$NON-NLS-1$
         return stb.toString();

2024-07-21 01:38:31,117	[INFO]	27      COMPILE_CODE_ERROR    None (--) [3 edit(s)]  
2024-07-21 01:38:31,117	[DEBUG]	patch(27)="SrcmlStmtDeletion(('org.sat4j.core/src/main/java/org/sat4j/minisat/core/Solver.java.xml', 'stmt', 146)) | SrcmlStmtDeletion(('org.sat4j.core/src/main/java/org/sat4j/minisat/core/Solver.java.xml', 'stmt', 864)) | SrcmlStmtReplacement(('org.sat4j.core/src/main/java/org/sat4j/minisat/core/Solver.java.xml', 'stmt', 697), ('org.sat4j.core/src/main/java/org/sat4j/minisat/core/Solver.java.xml', 'stmt', 604))"
2024-07-21 01:38:31,127	[INFO]	28      SUCCESS               1191200140.008000 (81.94%) [1 edit(s)] [cached] 
2024-07-21 01:38:31,127	[DEBUG]	patch(28)="SrcmlStmtDeletion(('org.sat4j.core/src/main/java/org/sat4j/minisat/core/Solver.java.xml', 'stmt', 146))"
2024-07-21 01:41:30,639	[DEBUG]	EXEC>  SUCCESS 1283515381.2979999
2024-07-21 01:41:30,639	[INFO]	29      SUCCESS               1283515381.298000 (88.29%) [3 edit(s)]  
2024-07-21 01:41:30,639	[DEBUG]	patch(29)="SrcmlStmtDeletion(('org.sat4j.core/src/main/java/org/sat4j/minisat/core/Solver.java.xml', 'stmt', 146)) | SrcmlStmtDeletion(('org.sat4j.core/src/main/java/org/sat4j/minisat/core/Solver.java.xml', 'stmt', 864)) | SrcmlStmtDeletion(('org.sat4j.core/src/main/java/org/sat4j/minisat/core/Solver.java.xml', 'stmt', 238))"
2024-07-21 01:41:32,502	[INFO]	30      COMPILE_CODE_ERROR    None (--) [3 edit(s)]  
2024-07-21 01:41:32,502	[DEBUG]	patch(30)="SrcmlStmtDeletion(('org.sat4j.core/src/main/java/org/sat4j/minisat/core/Solver.java.xml', 'stmt', 146)) | SrcmlStmtDeletion(('org.sat4j.core/src/main/java/org/sat4j/minisat/core/Solver.java.xml', 'stmt', 864)) | SrcmlStmtReplacement(('org.sat4j.core/src/main/java/org/sat4j/minisat/core/Solver.java.xml', 'stmt', 50), ('org.sat4j.core/src/main/java/org/sat4j/minisat/core/Solver.java.xml', 'stmt', 636))"
2024-07-21 01:44:20,892	[DEBUG]	EXEC>  SUCCESS 1129515573.6139998
2024-07-21 01:44:20,892	[INFO]	31      SUCCESS               1129515573.614000 (77.70%) [3 edit(s)]  
2024-07-21 01:44:20,892	[DEBUG]	patch(31)="SrcmlStmtDeletion(('org.sat4j.core/src/main/java/org/sat4j/minisat/core/Solver.java.xml', 'stmt', 146)) | SrcmlStmtDeletion(('org.sat4j.core/src/main/java/org/sat4j/minisat/core/Solver.java.xml', 'stmt', 864)) | SrcmlStmtDeletion(('org.sat4j.core/src/main/java/org/sat4j/minisat/core/Solver.java.xml', 'stmt', 832))"
2024-07-21 01:44:25,219	[INFO]	32      COMPILE_CODE_ERROR    None (--) [3 edit(s)]  
2024-07-21 01:44:25,219	[DEBUG]	patch(32)="SrcmlStmtDeletion(('org.sat4j.core/src/main/java/org/sat4j/minisat/core/Solver.java.xml', 'stmt', 146)) | SrcmlStmtDeletion(('org.sat4j.core/src/main/java/org/sat4j/minisat/core/Solver.java.xml', 'stmt', 864)) | SrcmlStmtDeletion(('org.sat4j.core/src/main/java/org/sat4j/minisat/core/Solver.java.xml', 'stmt', 607))"
2024-07-21 01:44:29,324	[INFO]	33      COMPILE_CODE_ERROR    None (--) [3 edit(s)]  
2024-07-21 01:44:29,324	[DEBUG]	patch(33)="SrcmlStmtDeletion(('org.sat4j.core/src/main/java/org/sat4j/minisat/core/Solver.java.xml', 'stmt', 146)) | SrcmlStmtDeletion(('org.sat4j.core/src/main/java/org/sat4j/minisat/core/Solver.java.xml', 'stmt', 864)) | SrcmlStmtInsertion(('org.sat4j.core/src/main/java/org/sat4j/minisat/core/Solver.java.xml', '_inter_block', 789), ('org.sat4j.core/src/main/java/org/sat4j/minisat/core/Solver.java.xml', 'stmt', 852))"
2024-07-21 01:47:27,424	[DEBUG]	EXEC>  SUCCESS 1317638613.841
2024-07-21 01:47:27,425	[INFO]	34      SUCCESS               1317638613.841000 (90.64%) [1 edit(s)]  
2024-07-21 01:47:27,425	[DEBUG]	patch(34)="SrcmlStmtDeletion(('org.sat4j.core/src/main/java/org/sat4j/minisat/core/Solver.java.xml', 'stmt', 864))"
2024-07-21 01:47:31,587	[INFO]	35      COMPILE_CODE_ERROR    None (--) [3 edit(s)]  
2024-07-21 01:47:31,588	[DEBUG]	patch(35)="SrcmlStmtDeletion(('org.sat4j.core/src/main/java/org/sat4j/minisat/core/Solver.java.xml', 'stmt', 146)) | SrcmlStmtDeletion(('org.sat4j.core/src/main/java/org/sat4j/minisat/core/Solver.java.xml', 'stmt', 864)) | SrcmlStmtDeletion(('org.sat4j.core/src/main/java/org/sat4j/minisat/core/Solver.java.xml', 'stmt', 605))"
2024-07-21 01:50:35,559	[DEBUG]	EXEC>  SUCCESS 1239600028.8804998
2024-07-21 01:50:35,559	[INFO]	36      SUCCESS               1239600028.880500 (85.27%) [3 edit(s)]  
2024-07-21 01:50:35,559	[DEBUG]	patch(36)="SrcmlStmtDeletion(('org.sat4j.core/src/main/java/org/sat4j/minisat/core/Solver.java.xml', 'stmt', 146)) | SrcmlStmtDeletion(('org.sat4j.core/src/main/java/org/sat4j/minisat/core/Solver.java.xml', 'stmt', 864)) | SrcmlStmtDeletion(('org.sat4j.core/src/main/java/org/sat4j/minisat/core/Solver.java.xml', 'stmt', 622))"
2024-07-21 01:50:35,571	[INFO]	~~~~ END ~~~~
2024-07-21 01:50:35,572	[INFO]	
2024-07-21 01:50:35,572	[INFO]	==== REPORT ====
2024-07-21 01:50:35,572	[INFO]	Termination: time budget
2024-07-21 01:50:35,572	[INFO]	Retries: 2
2024-07-21 01:50:35,572	[INFO]	Log file: /home/dbouras/magpie/_magpie_logs/sat4j_1721520195.log
2024-07-21 01:50:35,572	[INFO]	Patch file: _magpie_logs/sat4j_1721520195.patch
2024-07-21 01:50:35,572	[INFO]	Diff file: _magpie_logs/sat4j_1721520195.diff
2024-07-21 01:50:35,572	[INFO]	Reference fitness: 1453718160.434000
2024-07-21 01:50:35,572	[INFO]	Best fitness: 1104162759.447500
2024-07-21 01:50:35,572	[INFO]	
2024-07-21 01:50:35,573	[INFO]	==== BEST PATCH ====
SrcmlStmtDeletion(('org.sat4j.core/src/main/java/org/sat4j/minisat/core/Solver.java.xml', 'stmt', 146)) | SrcmlStmtDeletion(('org.sat4j.core/src/main/java/org/sat4j/minisat/core/Solver.java.xml', 'stmt', 864))
2024-07-21 01:50:35,573	[INFO]	
2024-07-21 01:50:35,573	[INFO]	==== DIFF ====
[1m--- before: org.sat4j.core/src/main/java/org/sat4j/minisat/core/Solver.java[0m
[1m+++ after: org.sat4j.core/src/main/java/org/sat4j/minisat/core/Solver.java[0m
[36m@@ -508,7 +508,7 @@[0m
             for (var i = 0; i < cs[type].size(); i++) {
                 if (cs[type].get(i).simplify()) {
                     // enleve les contraintes satisfaites de la base
[31m-                    cs[type].get(i).remove(this);[0m
[32m+                    [0m
                 } else {
                     cs[type].moveTo(j++, i);
                 }
[36m@@ -2135,7 +2135,7 @@[0m
         }
         stb.append("Listener: ");
         stb.append(slistener);
[31m-        stb.append("\n");[0m
[32m+        [0m
         stb.append(prefix);
         stb.append("--- End Solver configuration ---"); //$NON-NLS-1$
         return stb.toString();

