2024-08-19 15:35:01,843	[DEBUG]	==== CONFIG ====
[magpie]
import = 
seed = 45
log_dir = _magpie_logs
work_dir = _magpie_work
local_original_copy = True
local_original_name = __original__
output_encoding = ascii
edit_retries = 10
default_timeout = 60
default_lengthout = 1e6
diff_method = unified
trust_local_filesystem = True

[magpie.log]
color_output = True
format_info = {counter:<7} {status:<20} {best}{fitness} ({ratio}) [{size}] {cached} {log}
format_debug = patch({counter})="{patch}"{diffifbest}
format_fitness = {:.6f}
format_ratio = {:.2%%}
format_patchif = 
	 --> {patch}
format_diffif = 
	{diff}

[software]
path = examples/weka
target_files = src/main/java/weka/classifiers/trees/RandomForest.java.xml
software = BasicSoftware
model_rules = 
	*.params : ParamFileConfigModel
	*.xml : SrcmlModel
	* : LineModel
model_config = 
	*.params : [paramconfig]
	*.xml : [srcml]
init_cmd = 
init_timeout = 60
init_lengthout = -1
setup_cmd = ant compile
setup_timeout = 
setup_lengthout = 
compile_cmd = ant compile
compile_timeout = 
compile_lengthout = 
test_cmd = bash test.sh
test_timeout = 
test_lengthout = 
run_cmd = ./run_custom.sh "bash run_fixed.sh"
run_timeout = 
run_lengthout = 
retries = 1
batch_timeout = 
batch_lengthout = 
batch_bin_fitness_strategy = aggregate
batch_fitness_strategy = sum
fitness = weights

[srcml]
rename = 
	stmt: break continue decl_stmt do expr_stmt for goto if return switch while
	number: literal_number
focus = block stmt operator_comp operator_arith number
internodes = block
process_pseudo_blocks = True
process_literals = True
process_operators = True

[paramconfig]
timing = test run
cli_prefix = --
cli_glue = =
cli_boolean = show
cli_boolean_prefix_true = 
cli_boolean_prefix_false = no-
cli_none = hide
silent_prefix = @
silent_suffix = $

[search]
protocol = BasicProtocol
algorithm = GeneticProgrammingUniformConcat
possible_edits = 
	SrcmlStmtReplacement
	SrcmlStmtInsertion
	SrcmlStmtDeletion
warmup = 3
warmup_strategy = last
max_steps = 1000
max_time = 2200
target_fitness = 
cache_maxsize = 100
cache_keep = 0.2
batch_instances = 
batch_shuffle = True
batch_bin_shuffle = False
batch_sample_size = 1

[search.ls]
delete_prob = 0.5
max_neighbours = 
when_trapped = continue
accept_fail = False
tabu_length = 10

[search.gp]
pop_size = 10
delete_prob = 0.5
offspring_elitism = 0.1
offspring_crossover = 0.5
offspring_mutation = 0.4
uniform_rate = 0.5
batch_reset = True

[search.minify]
do_cleanup = True
do_rebuild = True
do_simplify = True
round_robin_limit = 3


2024-08-19 15:35:01,843	[DEBUG]	
2024-08-19 15:35:01,844	[INFO]	==== SEARCH: GeneticProgrammingUniformConcat ====
2024-08-19 15:35:01,844	[INFO]	~~~~ WARMUP ~~~~
2024-08-19 15:36:46,083	[DEBUG]	EXEC>  SUCCESS 909102722.156
2024-08-19 15:36:46,083	[INFO]	WARM    SUCCESS               909102722.156000 (--) [0 edit(s)]  
2024-08-19 15:38:10,909	[DEBUG]	EXEC>  SUCCESS 885502866.811
2024-08-19 15:38:10,909	[INFO]	WARM    SUCCESS               885502866.811000 (--) [0 edit(s)]  
2024-08-19 15:39:39,143	[DEBUG]	EXEC>  SUCCESS 766324006.7
2024-08-19 15:39:39,144	[INFO]	WARM    SUCCESS               766324006.700000 (--) [0 edit(s)]  
2024-08-19 15:39:39,144	[INFO]	REF     SUCCESS               766324006.700000 (--) [0 edit(s)]  
2024-08-19 15:39:39,144	[INFO]	
2024-08-19 15:39:39,144	[INFO]	~~~~ START ~~~~
2024-08-19 15:39:41,448	[INFO]	0-1     COMPILE_CODE_ERROR    None (--) [1 edit(s)]  
2024-08-19 15:39:41,449	[DEBUG]	patch(0-1)="SrcmlStmtInsertion(('src/main/java/weka/classifiers/trees/RandomForest.java.xml', '_inter_block', 65), ('src/main/java/weka/classifiers/trees/RandomForest.java.xml', 'stmt', 77))"
2024-08-19 15:39:43,745	[INFO]	0-2     COMPILE_CODE_ERROR    None (--) [1 edit(s)]  
2024-08-19 15:39:43,745	[DEBUG]	patch(0-2)="SrcmlStmtInsertion(('src/main/java/weka/classifiers/trees/RandomForest.java.xml', '_inter_block', 123), ('src/main/java/weka/classifiers/trees/RandomForest.java.xml', 'stmt', 29))"
2024-08-19 15:39:46,072	[INFO]	0-3     COMPILE_CODE_ERROR    None (--) [1 edit(s)]  
2024-08-19 15:39:46,072	[DEBUG]	patch(0-3)="SrcmlStmtInsertion(('src/main/java/weka/classifiers/trees/RandomForest.java.xml', '_inter_block', 218), ('src/main/java/weka/classifiers/trees/RandomForest.java.xml', 'stmt', 17))"
2024-08-19 15:39:48,381	[INFO]	0-4     COMPILE_CODE_ERROR    None (--) [1 edit(s)]  
2024-08-19 15:39:48,381	[DEBUG]	patch(0-4)="SrcmlStmtReplacement(('src/main/java/weka/classifiers/trees/RandomForest.java.xml', 'stmt', 54), ('src/main/java/weka/classifiers/trees/RandomForest.java.xml', 'stmt', 19))"
2024-08-19 15:39:50,728	[INFO]	0-5     COMPILE_CODE_ERROR    None (--) [1 edit(s)]  
2024-08-19 15:39:50,728	[DEBUG]	patch(0-5)="SrcmlStmtDeletion(('src/main/java/weka/classifiers/trees/RandomForest.java.xml', 'stmt', 36))"
2024-08-19 15:39:53,081	[INFO]	0-6     COMPILE_CODE_ERROR    None (--) [1 edit(s)]  
2024-08-19 15:39:53,081	[DEBUG]	patch(0-6)="SrcmlStmtDeletion(('src/main/java/weka/classifiers/trees/RandomForest.java.xml', 'stmt', 8))"
2024-08-19 15:39:55,376	[INFO]	0-7     COMPILE_CODE_ERROR    None (--) [1 edit(s)]  
2024-08-19 15:39:55,376	[DEBUG]	patch(0-7)="SrcmlStmtReplacement(('src/main/java/weka/classifiers/trees/RandomForest.java.xml', 'stmt', 91), ('src/main/java/weka/classifiers/trees/RandomForest.java.xml', 'stmt', 24))"
2024-08-19 15:39:57,688	[INFO]	0-8     COMPILE_CODE_ERROR    None (--) [1 edit(s)]  
2024-08-19 15:39:57,688	[DEBUG]	patch(0-8)="SrcmlStmtInsertion(('src/main/java/weka/classifiers/trees/RandomForest.java.xml', '_inter_block', 192), ('src/main/java/weka/classifiers/trees/RandomForest.java.xml', 'stmt', 81))"
2024-08-19 15:40:00,101	[INFO]	0-9     COMPILE_CODE_ERROR    None (--) [1 edit(s)]  
2024-08-19 15:40:00,101	[DEBUG]	patch(0-9)="SrcmlStmtInsertion(('src/main/java/weka/classifiers/trees/RandomForest.java.xml', '_inter_block', 126), ('src/main/java/weka/classifiers/trees/RandomForest.java.xml', 'stmt', 53))"
2024-08-19 15:40:02,395	[INFO]	0-10    COMPILE_CODE_ERROR    None (--) [1 edit(s)]  
2024-08-19 15:40:02,395	[DEBUG]	patch(0-10)="SrcmlStmtInsertion(('src/main/java/weka/classifiers/trees/RandomForest.java.xml', '_inter_block', 63), ('src/main/java/weka/classifiers/trees/RandomForest.java.xml', 'stmt', 108))"
2024-08-19 15:40:02,398	[INFO]	REF     SUCCESS               766324006.700000 (--) [0 edit(s)] [cached] 
2024-08-19 15:40:04,708	[INFO]	1-1     COMPILE_CODE_ERROR    None (--) [1 edit(s)]  
2024-08-19 15:40:04,708	[DEBUG]	patch(1-1)="SrcmlStmtInsertion(('src/main/java/weka/classifiers/trees/RandomForest.java.xml', '_inter_block', 98), ('src/main/java/weka/classifiers/trees/RandomForest.java.xml', 'stmt', 36))"
2024-08-19 15:40:07,927	[INFO]	1-2     TEST_CODE_ERROR       None (--) [1 edit(s)]  
2024-08-19 15:40:07,927	[DEBUG]	patch(1-2)="SrcmlStmtDeletion(('src/main/java/weka/classifiers/trees/RandomForest.java.xml', 'stmt', 141))"
2024-08-19 15:41:34,003	[DEBUG]	EXEC>  SUCCESS 780247953.672
2024-08-19 15:41:34,004	[INFO]	1-3     SUCCESS              +780247953.672000 (101.82%) [1 edit(s)]  
2024-08-19 15:41:34,004	[DEBUG]	patch(1-3)="SrcmlStmtReplacement(('src/main/java/weka/classifiers/trees/RandomForest.java.xml', 'stmt', 131), ('src/main/java/weka/classifiers/trees/RandomForest.java.xml', 'stmt', 139))"
2024-08-19 15:43:01,746	[DEBUG]	EXEC>  SUCCESS 838968702.196
2024-08-19 15:43:01,747	[INFO]	1-4     SUCCESS               838968702.196000 (109.48%) [1 edit(s)]  
2024-08-19 15:43:01,747	[DEBUG]	patch(1-4)="SrcmlStmtDeletion(('src/main/java/weka/classifiers/trees/RandomForest.java.xml', 'stmt', 81))"
2024-08-19 15:43:03,708	[INFO]	1-5     COMPILE_CODE_ERROR    None (--) [1 edit(s)]  
2024-08-19 15:43:03,708	[DEBUG]	patch(1-5)="SrcmlStmtInsertion(('src/main/java/weka/classifiers/trees/RandomForest.java.xml', '_inter_block', 2), ('src/main/java/weka/classifiers/trees/RandomForest.java.xml', 'stmt', 12))"
2024-08-19 15:43:06,052	[INFO]	1-6     COMPILE_CODE_ERROR    None (--) [1 edit(s)]  
2024-08-19 15:43:06,052	[DEBUG]	patch(1-6)="SrcmlStmtInsertion(('src/main/java/weka/classifiers/trees/RandomForest.java.xml', '_inter_block', 159), ('src/main/java/weka/classifiers/trees/RandomForest.java.xml', 'stmt', 71))"
2024-08-19 15:43:08,342	[INFO]	1-7     COMPILE_CODE_ERROR    None (--) [1 edit(s)]  
2024-08-19 15:43:08,342	[DEBUG]	patch(1-7)="SrcmlStmtInsertion(('src/main/java/weka/classifiers/trees/RandomForest.java.xml', '_inter_block', 84), ('src/main/java/weka/classifiers/trees/RandomForest.java.xml', 'stmt', 62))"
2024-08-19 15:43:10,636	[INFO]	1-8     COMPILE_CODE_ERROR    None (--) [1 edit(s)]  
2024-08-19 15:43:10,636	[DEBUG]	patch(1-8)="SrcmlStmtDeletion(('src/main/java/weka/classifiers/trees/RandomForest.java.xml', 'stmt', 126))"
2024-08-19 15:43:13,046	[INFO]	1-9     COMPILE_CODE_ERROR    None (--) [1 edit(s)]  
2024-08-19 15:43:13,046	[DEBUG]	patch(1-9)="SrcmlStmtReplacement(('src/main/java/weka/classifiers/trees/RandomForest.java.xml', 'stmt', 67), ('src/main/java/weka/classifiers/trees/RandomForest.java.xml', 'stmt', 24))"
2024-08-19 15:43:15,308	[INFO]	1-10    COMPILE_CODE_ERROR    None (--) [1 edit(s)]  
2024-08-19 15:43:15,308	[DEBUG]	patch(1-10)="SrcmlStmtReplacement(('src/main/java/weka/classifiers/trees/RandomForest.java.xml', 'stmt', 23), ('src/main/java/weka/classifiers/trees/RandomForest.java.xml', 'stmt', 33))"
2024-08-19 15:43:15,311	[INFO]	REF     SUCCESS               766324006.700000 (--) [0 edit(s)] [cached] 
2024-08-19 15:43:15,314	[INFO]	2-1     SUCCESS              +780247953.672000 (101.82%) [1 edit(s)] [cached] 
2024-08-19 15:43:15,314	[DEBUG]	patch(2-1)="SrcmlStmtReplacement(('src/main/java/weka/classifiers/trees/RandomForest.java.xml', 'stmt', 131), ('src/main/java/weka/classifiers/trees/RandomForest.java.xml', 'stmt', 139))"
2024-08-19 15:43:15,316	[INFO]	2-2     SUCCESS               838968702.196000 (109.48%) [1 edit(s)] [cached] 
2024-08-19 15:43:15,316	[DEBUG]	patch(2-2)="SrcmlStmtDeletion(('src/main/java/weka/classifiers/trees/RandomForest.java.xml', 'stmt', 81))"
2024-08-19 15:43:15,318	[INFO]	2-3     SUCCESS               838968702.196000 (109.48%) [2 edit(s)] [cached] 
2024-08-19 15:43:15,318	[DEBUG]	patch(2-3)="SrcmlStmtDeletion(('src/main/java/weka/classifiers/trees/RandomForest.java.xml', 'stmt', 81)) | SrcmlStmtDeletion(('src/main/java/weka/classifiers/trees/RandomForest.java.xml', 'stmt', 81))"
2024-08-19 15:43:15,320	[INFO]	2-4     SUCCESS              +766324006.700000 (100.00%) [0 edit(s)] [cached] 
2024-08-19 15:43:15,320	[DEBUG]	patch(2-4)=""
2024-08-19 15:43:17,689	[INFO]	2-5     COMPILE_CODE_ERROR    None (--) [2 edit(s)]  
2024-08-19 15:43:17,689	[DEBUG]	patch(2-5)="SrcmlStmtDeletion(('src/main/java/weka/classifiers/trees/RandomForest.java.xml', 'stmt', 81)) | SrcmlStmtReplacement(('src/main/java/weka/classifiers/trees/RandomForest.java.xml', 'stmt', 82), ('src/main/java/weka/classifiers/trees/RandomForest.java.xml', 'stmt', 59))"
2024-08-19 15:43:20,001	[INFO]	2-6     COMPILE_CODE_ERROR    None (--) [1 edit(s)]  
2024-08-19 15:43:20,001	[DEBUG]	patch(2-6)="SrcmlStmtInsertion(('src/main/java/weka/classifiers/trees/RandomForest.java.xml', '_inter_block', 226), ('src/main/java/weka/classifiers/trees/RandomForest.java.xml', 'stmt', 100))"
2024-08-19 15:44:48,189	[DEBUG]	EXEC>  SUCCESS 880643881.991
2024-08-19 15:44:48,189	[INFO]	2-7     SUCCESS               880643881.991000 (114.92%) [1 edit(s)]  
2024-08-19 15:44:48,189	[DEBUG]	patch(2-7)="SrcmlStmtDeletion(('src/main/java/weka/classifiers/trees/RandomForest.java.xml', 'stmt', 105))"
2024-08-19 15:46:15,207	[DEBUG]	EXEC>  SUCCESS 808465847.031
2024-08-19 15:46:15,207	[INFO]	2-8     SUCCESS               808465847.031000 (105.50%) [1 edit(s)]  
2024-08-19 15:46:15,207	[DEBUG]	patch(2-8)="SrcmlStmtDeletion(('src/main/java/weka/classifiers/trees/RandomForest.java.xml', 'stmt', 119))"
2024-08-19 15:46:17,614	[INFO]	2-9     COMPILE_CODE_ERROR    None (--) [1 edit(s)]  
2024-08-19 15:46:17,615	[DEBUG]	patch(2-9)="SrcmlStmtDeletion(('src/main/java/weka/classifiers/trees/RandomForest.java.xml', 'stmt', 59))"
2024-08-19 15:47:45,505	[DEBUG]	EXEC>  SUCCESS 731503583.136
2024-08-19 15:47:45,505	[INFO]	2-10    SUCCESS              *731503583.136000 (95.46%) [1 edit(s)]  
2024-08-19 15:47:45,505	[DEBUG]	patch(2-10)="SrcmlStmtDeletion(('src/main/java/weka/classifiers/trees/RandomForest.java.xml', 'stmt', 57))"
--- before: src/main/java/weka/classifiers/trees/RandomForest.java
+++ after: src/main/java/weka/classifiers/trees/RandomForest.java
@@ -507,9 +507,7 @@
         double[] impurityScores =
           computeAverageImpurityDecreasePerAttribute(nodeCounts);
         int[] sortedIndices = Utils.sort(impurityScores);
-        buffer
-          .append("\n\nAttribute importance based on average impurity decrease "
-            + "(and number of nodes using that attribute)\n\n");
+        
         for (int i = sortedIndices.length - 1; i >= 0; i--) {
           int index = sortedIndices[i];
           if (index != m_data.classIndex()) {

2024-08-19 15:47:45,509	[INFO]	REF     SUCCESS               766324006.700000 (--) [0 edit(s)] [cached] 
2024-08-19 15:47:45,511	[INFO]	BEST    SUCCESS              *731503583.136000 (95.46%) [0 edit(s)] [cached] 
2024-08-19 15:47:45,514	[INFO]	3-1     SUCCESS              +731503583.136000 (95.46%) [1 edit(s)] [cached] 
2024-08-19 15:47:45,515	[DEBUG]	patch(3-1)="SrcmlStmtDeletion(('src/main/java/weka/classifiers/trees/RandomForest.java.xml', 'stmt', 57))"
2024-08-19 15:47:45,517	[INFO]	3-2     SUCCESS               731503583.136000 (95.46%) [1 edit(s)] [cached] 
2024-08-19 15:47:45,517	[DEBUG]	patch(3-2)="SrcmlStmtDeletion(('src/main/java/weka/classifiers/trees/RandomForest.java.xml', 'stmt', 57))"
2024-08-19 15:47:45,519	[INFO]	3-3     SUCCESS               838968702.196000 (109.48%) [1 edit(s)] [cached] 
2024-08-19 15:47:45,519	[DEBUG]	patch(3-3)="SrcmlStmtDeletion(('src/main/java/weka/classifiers/trees/RandomForest.java.xml', 'stmt', 81))"
2024-08-19 15:47:45,521	[INFO]	3-4     SUCCESS               838968702.196000 (109.48%) [2 edit(s)] [cached] 
2024-08-19 15:47:45,521	[DEBUG]	patch(3-4)="SrcmlStmtDeletion(('src/main/java/weka/classifiers/trees/RandomForest.java.xml', 'stmt', 81)) | SrcmlStmtDeletion(('src/main/java/weka/classifiers/trees/RandomForest.java.xml', 'stmt', 81))"
2024-08-19 15:47:45,523	[INFO]	3-5     SUCCESS               808465847.031000 (105.50%) [1 edit(s)] [cached] 
2024-08-19 15:47:45,523	[DEBUG]	patch(3-5)="SrcmlStmtDeletion(('src/main/java/weka/classifiers/trees/RandomForest.java.xml', 'stmt', 119))"
2024-08-19 15:49:13,796	[DEBUG]	EXEC>  SUCCESS 854949489.568
2024-08-19 15:49:13,796	[INFO]	3-6     SUCCESS               854949489.568000 (111.57%) [2 edit(s)]  
2024-08-19 15:49:13,796	[DEBUG]	patch(3-6)="SrcmlStmtDeletion(('src/main/java/weka/classifiers/trees/RandomForest.java.xml', 'stmt', 57)) | SrcmlStmtDeletion(('src/main/java/weka/classifiers/trees/RandomForest.java.xml', 'stmt', 81))"
2024-08-19 15:49:13,799	[INFO]	3-7     SUCCESS               766324006.700000 (100.00%) [0 edit(s)] [cached] 
2024-08-19 15:49:13,799	[DEBUG]	patch(3-7)=""
2024-08-19 15:49:16,194	[INFO]	3-8     COMPILE_CODE_ERROR    None (--) [1 edit(s)]  
2024-08-19 15:49:16,194	[DEBUG]	patch(3-8)="SrcmlStmtReplacement(('src/main/java/weka/classifiers/trees/RandomForest.java.xml', 'stmt', 83), ('src/main/java/weka/classifiers/trees/RandomForest.java.xml', 'stmt', 17))"
2024-08-19 15:50:43,499	[DEBUG]	EXEC>  SUCCESS 904665756.182
2024-08-19 15:50:43,499	[INFO]	3-9     SUCCESS               904665756.182000 (118.05%) [2 edit(s)]  
2024-08-19 15:50:43,499	[DEBUG]	patch(3-9)="SrcmlStmtReplacement(('src/main/java/weka/classifiers/trees/RandomForest.java.xml', 'stmt', 131), ('src/main/java/weka/classifiers/trees/RandomForest.java.xml', 'stmt', 139)) | SrcmlStmtDeletion(('src/main/java/weka/classifiers/trees/RandomForest.java.xml', 'stmt', 25))"
2024-08-19 15:50:45,787	[INFO]	3-10    COMPILE_CODE_ERROR    None (--) [2 edit(s)]  
2024-08-19 15:50:45,787	[DEBUG]	patch(3-10)="SrcmlStmtDeletion(('src/main/java/weka/classifiers/trees/RandomForest.java.xml', 'stmt', 119)) | SrcmlStmtDeletion(('src/main/java/weka/classifiers/trees/RandomForest.java.xml', 'stmt', 62))"
2024-08-19 15:50:45,789	[INFO]	REF     SUCCESS               766324006.700000 (--) [0 edit(s)] [cached] 
2024-08-19 15:50:45,791	[INFO]	BEST    SUCCESS              *731503583.136000 (95.46%) [0 edit(s)] [cached] 
2024-08-19 15:50:45,794	[INFO]	4-1     SUCCESS              +731503583.136000 (95.46%) [1 edit(s)] [cached] 
2024-08-19 15:50:45,794	[DEBUG]	patch(4-1)="SrcmlStmtDeletion(('src/main/java/weka/classifiers/trees/RandomForest.java.xml', 'stmt', 57))"
2024-08-19 15:50:45,797	[INFO]	4-2     SUCCESS               731503583.136000 (95.46%) [2 edit(s)] [cached] 
2024-08-19 15:50:45,797	[DEBUG]	patch(4-2)="SrcmlStmtDeletion(('src/main/java/weka/classifiers/trees/RandomForest.java.xml', 'stmt', 57)) | SrcmlStmtDeletion(('src/main/java/weka/classifiers/trees/RandomForest.java.xml', 'stmt', 57))"
2024-08-19 15:50:45,799	[INFO]	4-3     SUCCESS               808465847.031000 (105.50%) [1 edit(s)] [cached] 
2024-08-19 15:50:45,799	[DEBUG]	patch(4-3)="SrcmlStmtDeletion(('src/main/java/weka/classifiers/trees/RandomForest.java.xml', 'stmt', 119))"
2024-08-19 15:50:45,801	[INFO]	4-4     SUCCESS               838968702.196000 (109.48%) [1 edit(s)] [cached] 
2024-08-19 15:50:45,801	[DEBUG]	patch(4-4)="SrcmlStmtDeletion(('src/main/java/weka/classifiers/trees/RandomForest.java.xml', 'stmt', 81))"
2024-08-19 15:50:45,803	[INFO]	4-5     SUCCESS               808465847.031000 (105.50%) [1 edit(s)] [cached] 
2024-08-19 15:50:45,804	[DEBUG]	patch(4-5)="SrcmlStmtDeletion(('src/main/java/weka/classifiers/trees/RandomForest.java.xml', 'stmt', 119))"
2024-08-19 15:50:45,806	[INFO]	4-6     SUCCESS               838968702.196000 (109.48%) [1 edit(s)] [cached] 
2024-08-19 15:50:45,806	[DEBUG]	patch(4-6)="SrcmlStmtDeletion(('src/main/java/weka/classifiers/trees/RandomForest.java.xml', 'stmt', 81))"
2024-08-19 15:50:48,151	[INFO]	4-7     COMPILE_CODE_ERROR    None (--) [2 edit(s)]  
2024-08-19 15:50:48,151	[DEBUG]	patch(4-7)="SrcmlStmtDeletion(('src/main/java/weka/classifiers/trees/RandomForest.java.xml', 'stmt', 57)) | SrcmlStmtReplacement(('src/main/java/weka/classifiers/trees/RandomForest.java.xml', 'stmt', 84), ('src/main/java/weka/classifiers/trees/RandomForest.java.xml', 'stmt', 128))"
2024-08-19 15:50:50,483	[INFO]	4-8     COMPILE_CODE_ERROR    None (--) [1 edit(s)]  
2024-08-19 15:50:50,483	[DEBUG]	patch(4-8)="SrcmlStmtInsertion(('src/main/java/weka/classifiers/trees/RandomForest.java.xml', '_inter_block', 222), ('src/main/java/weka/classifiers/trees/RandomForest.java.xml', 'stmt', 106))"
2024-08-19 15:50:52,787	[INFO]	4-9     COMPILE_CODE_ERROR    None (--) [2 edit(s)]  
2024-08-19 15:50:52,787	[DEBUG]	patch(4-9)="SrcmlStmtDeletion(('src/main/java/weka/classifiers/trees/RandomForest.java.xml', 'stmt', 119)) | SrcmlStmtReplacement(('src/main/java/weka/classifiers/trees/RandomForest.java.xml', 'stmt', 60), ('src/main/java/weka/classifiers/trees/RandomForest.java.xml', 'stmt', 43))"
2024-08-19 15:52:22,654	[DEBUG]	EXEC>  SUCCESS 786944010.973
2024-08-19 15:52:22,655	[INFO]	4-10    SUCCESS               786944010.973000 (102.69%) [3 edit(s)]  
2024-08-19 15:52:22,655	[DEBUG]	patch(4-10)="SrcmlStmtDeletion(('src/main/java/weka/classifiers/trees/RandomForest.java.xml', 'stmt', 81)) | SrcmlStmtDeletion(('src/main/java/weka/classifiers/trees/RandomForest.java.xml', 'stmt', 81)) | SrcmlStmtInsertion(('src/main/java/weka/classifiers/trees/RandomForest.java.xml', '_inter_block', 20), ('src/main/java/weka/classifiers/trees/RandomForest.java.xml', 'stmt', 89))"
2024-08-19 15:52:22,657	[INFO]	REF     SUCCESS               766324006.700000 (--) [0 edit(s)] [cached] 
2024-08-19 15:52:22,660	[INFO]	BEST    SUCCESS              *731503583.136000 (95.46%) [0 edit(s)] [cached] 
2024-08-19 15:52:22,663	[INFO]	5-1     SUCCESS              +731503583.136000 (95.46%) [2 edit(s)] [cached] 
2024-08-19 15:52:22,663	[DEBUG]	patch(5-1)="SrcmlStmtDeletion(('src/main/java/weka/classifiers/trees/RandomForest.java.xml', 'stmt', 57)) | SrcmlStmtDeletion(('src/main/java/weka/classifiers/trees/RandomForest.java.xml', 'stmt', 57))"
2024-08-19 15:52:22,666	[INFO]	5-2     SUCCESS               731503583.136000 (95.46%) [2 edit(s)] [cached] 
2024-08-19 15:52:22,667	[DEBUG]	patch(5-2)="SrcmlStmtDeletion(('src/main/java/weka/classifiers/trees/RandomForest.java.xml', 'stmt', 57)) | SrcmlStmtDeletion(('src/main/java/weka/classifiers/trees/RandomForest.java.xml', 'stmt', 57))"
2024-08-19 15:53:47,812	[DEBUG]	EXEC>  SUCCESS 685197941.102
2024-08-19 15:53:47,812	[INFO]	5-3     SUCCESS              *685197941.102000 (89.41%) [2 edit(s)]  
2024-08-19 15:53:47,812	[DEBUG]	patch(5-3)="SrcmlStmtDeletion(('src/main/java/weka/classifiers/trees/RandomForest.java.xml', 'stmt', 119)) | SrcmlStmtDeletion(('src/main/java/weka/classifiers/trees/RandomForest.java.xml', 'stmt', 57))"
--- before: src/main/java/weka/classifiers/trees/RandomForest.java
+++ after: src/main/java/weka/classifiers/trees/RandomForest.java
@@ -507,9 +507,7 @@
         double[] impurityScores =
           computeAverageImpurityDecreasePerAttribute(nodeCounts);
         int[] sortedIndices = Utils.sort(impurityScores);
-        buffer
-          .append("\n\nAttribute importance based on average impurity decrease "
-            + "(and number of nodes using that attribute)\n\n");
+        
         for (int i = sortedIndices.length - 1; i >= 0; i--) {
           int index = sortedIndices[i];
           if (index != m_data.classIndex()) {
@@ -813,8 +811,7 @@
     setStoreOutOfBagPredictions(Utils.getFlag("store-out-of-bag-predictions",
       options));
 
-    setOutputOutOfBagComplexityStatistics(Utils.getFlag(
-      "output-out-of-bag-complexity-statistics", options));
+    
 
     setPrintClassifiers(Utils.getFlag("print", options));
 

2024-08-19 15:55:14,863	[DEBUG]	EXEC>  SUCCESS 689988728.302
2024-08-19 15:55:14,864	[INFO]	5-4     SUCCESS               689988728.302000 (90.04%) [2 edit(s)]  
2024-08-19 15:55:14,864	[DEBUG]	patch(5-4)="SrcmlStmtInsertion(('src/main/java/weka/classifiers/trees/RandomForest.java.xml', '_inter_block', 20), ('src/main/java/weka/classifiers/trees/RandomForest.java.xml', 'stmt', 89)) | SrcmlStmtDeletion(('src/main/java/weka/classifiers/trees/RandomForest.java.xml', 'stmt', 57))"
2024-08-19 15:55:14,866	[INFO]	5-5     SUCCESS               808465847.031000 (105.50%) [1 edit(s)] [cached] 
2024-08-19 15:55:14,866	[DEBUG]	patch(5-5)="SrcmlStmtDeletion(('src/main/java/weka/classifiers/trees/RandomForest.java.xml', 'stmt', 119))"
2024-08-19 15:55:14,868	[INFO]	5-6     SUCCESS               808465847.031000 (105.50%) [1 edit(s)] [cached] 
2024-08-19 15:55:14,869	[DEBUG]	patch(5-6)="SrcmlStmtDeletion(('src/main/java/weka/classifiers/trees/RandomForest.java.xml', 'stmt', 119))"
2024-08-19 15:55:17,245	[INFO]	5-7     COMPILE_CODE_ERROR    None (--) [3 edit(s)]  
2024-08-19 15:55:17,246	[DEBUG]	patch(5-7)="SrcmlStmtDeletion(('src/main/java/weka/classifiers/trees/RandomForest.java.xml', 'stmt', 57)) | SrcmlStmtDeletion(('src/main/java/weka/classifiers/trees/RandomForest.java.xml', 'stmt', 57)) | SrcmlStmtReplacement(('src/main/java/weka/classifiers/trees/RandomForest.java.xml', 'stmt', 10), ('src/main/java/weka/classifiers/trees/RandomForest.java.xml', 'stmt', 121))"
2024-08-19 15:55:19,544	[INFO]	5-8     COMPILE_CODE_ERROR    None (--) [2 edit(s)]  
2024-08-19 15:55:19,544	[DEBUG]	patch(5-8)="SrcmlStmtDeletion(('src/main/java/weka/classifiers/trees/RandomForest.java.xml', 'stmt', 57)) | SrcmlStmtDeletion(('src/main/java/weka/classifiers/trees/RandomForest.java.xml', 'stmt', 86))"
2024-08-19 15:55:21,821	[INFO]	5-9     COMPILE_CODE_ERROR    None (--) [4 edit(s)]  
2024-08-19 15:55:21,822	[DEBUG]	patch(5-9)="SrcmlStmtDeletion(('src/main/java/weka/classifiers/trees/RandomForest.java.xml', 'stmt', 81)) | SrcmlStmtDeletion(('src/main/java/weka/classifiers/trees/RandomForest.java.xml', 'stmt', 81)) | SrcmlStmtInsertion(('src/main/java/weka/classifiers/trees/RandomForest.java.xml', '_inter_block', 20), ('src/main/java/weka/classifiers/trees/RandomForest.java.xml', 'stmt', 89)) | SrcmlStmtInsertion(('src/main/java/weka/classifiers/trees/RandomForest.java.xml', '_inter_block', 44), ('src/main/java/weka/classifiers/trees/RandomForest.java.xml', 'stmt', 27))"
2024-08-19 15:55:24,139	[INFO]	5-10    COMPILE_CODE_ERROR    None (--) [2 edit(s)]  
2024-08-19 15:55:24,139	[DEBUG]	patch(5-10)="SrcmlStmtDeletion(('src/main/java/weka/classifiers/trees/RandomForest.java.xml', 'stmt', 119)) | SrcmlStmtInsertion(('src/main/java/weka/classifiers/trees/RandomForest.java.xml', '_inter_block', 72), ('src/main/java/weka/classifiers/trees/RandomForest.java.xml', 'stmt', 45))"
2024-08-19 15:55:24,141	[INFO]	REF     SUCCESS               766324006.700000 (--) [0 edit(s)] [cached] 
2024-08-19 15:55:24,144	[INFO]	BEST    SUCCESS              *685197941.102000 (89.41%) [0 edit(s)] [cached] 
2024-08-19 15:55:24,147	[INFO]	6-1     SUCCESS              +685197941.102000 (89.41%) [2 edit(s)] [cached] 
2024-08-19 15:55:24,147	[DEBUG]	patch(6-1)="SrcmlStmtDeletion(('src/main/java/weka/classifiers/trees/RandomForest.java.xml', 'stmt', 119)) | SrcmlStmtDeletion(('src/main/java/weka/classifiers/trees/RandomForest.java.xml', 'stmt', 57))"
2024-08-19 15:55:24,149	[INFO]	6-2     SUCCESS               808465847.031000 (105.50%) [2 edit(s)] [cached] 
2024-08-19 15:55:24,149	[DEBUG]	patch(6-2)="SrcmlStmtDeletion(('src/main/java/weka/classifiers/trees/RandomForest.java.xml', 'stmt', 119)) | SrcmlStmtDeletion(('src/main/java/weka/classifiers/trees/RandomForest.java.xml', 'stmt', 119))"
2024-08-19 15:56:48,315	[DEBUG]	EXEC>  SUCCESS 855762488.55
2024-08-19 15:56:48,316	[INFO]	6-3     SUCCESS               855762488.550000 (111.67%) [3 edit(s)]  
2024-08-19 15:56:48,316	[DEBUG]	patch(6-3)="SrcmlStmtDeletion(('src/main/java/weka/classifiers/trees/RandomForest.java.xml', 'stmt', 119)) | SrcmlStmtInsertion(('src/main/java/weka/classifiers/trees/RandomForest.java.xml', '_inter_block', 20), ('src/main/java/weka/classifiers/trees/RandomForest.java.xml', 'stmt', 89)) | SrcmlStmtDeletion(('src/main/java/weka/classifiers/trees/RandomForest.java.xml', 'stmt', 57))"
2024-08-19 15:56:48,318	[INFO]	6-4     SUCCESS               731503583.136000 (95.46%) [1 edit(s)] [cached] 
2024-08-19 15:56:48,318	[DEBUG]	patch(6-4)="SrcmlStmtDeletion(('src/main/java/weka/classifiers/trees/RandomForest.java.xml', 'stmt', 57))"
2024-08-19 15:56:48,321	[INFO]	6-5     SUCCESS               685197941.102000 (89.41%) [3 edit(s)] [cached] 
2024-08-19 15:56:48,321	[DEBUG]	patch(6-5)="SrcmlStmtDeletion(('src/main/java/weka/classifiers/trees/RandomForest.java.xml', 'stmt', 57)) | SrcmlStmtDeletion(('src/main/java/weka/classifiers/trees/RandomForest.java.xml', 'stmt', 57)) | SrcmlStmtDeletion(('src/main/java/weka/classifiers/trees/RandomForest.java.xml', 'stmt', 119))"
2024-08-19 15:56:48,340	[INFO]	6-6     SUCCESS               808465847.031000 (105.50%) [1 edit(s)] [cached] 
2024-08-19 15:56:48,340	[DEBUG]	patch(6-6)="SrcmlStmtDeletion(('src/main/java/weka/classifiers/trees/RandomForest.java.xml', 'stmt', 119))"
2024-08-19 15:56:50,755	[INFO]	6-7     COMPILE_CODE_ERROR    None (--) [3 edit(s)]  
2024-08-19 15:56:50,755	[DEBUG]	patch(6-7)="SrcmlStmtInsertion(('src/main/java/weka/classifiers/trees/RandomForest.java.xml', '_inter_block', 20), ('src/main/java/weka/classifiers/trees/RandomForest.java.xml', 'stmt', 89)) | SrcmlStmtDeletion(('src/main/java/weka/classifiers/trees/RandomForest.java.xml', 'stmt', 57)) | SrcmlStmtReplacement(('src/main/java/weka/classifiers/trees/RandomForest.java.xml', 'stmt', 111), ('src/main/java/weka/classifiers/trees/RandomForest.java.xml', 'stmt', 114))"
2024-08-19 15:56:53,151	[INFO]	6-8     COMPILE_CODE_ERROR    None (--) [3 edit(s)]  
2024-08-19 15:56:53,151	[DEBUG]	patch(6-8)="SrcmlStmtDeletion(('src/main/java/weka/classifiers/trees/RandomForest.java.xml', 'stmt', 57)) | SrcmlStmtDeletion(('src/main/java/weka/classifiers/trees/RandomForest.java.xml', 'stmt', 57)) | SrcmlStmtReplacement(('src/main/java/weka/classifiers/trees/RandomForest.java.xml', 'stmt', 126), ('src/main/java/weka/classifiers/trees/RandomForest.java.xml', 'stmt', 77))"
2024-08-19 15:56:53,153	[INFO]	6-9     SUCCESS               766324006.700000 (100.00%) [0 edit(s)] [cached] 
2024-08-19 15:56:53,153	[DEBUG]	patch(6-9)=""
2024-08-19 15:56:55,478	[INFO]	6-10    COMPILE_CODE_ERROR    None (--) [1 edit(s)]  
2024-08-19 15:56:55,478	[DEBUG]	patch(6-10)="SrcmlStmtInsertion(('src/main/java/weka/classifiers/trees/RandomForest.java.xml', '_inter_block', 167), ('src/main/java/weka/classifiers/trees/RandomForest.java.xml', 'stmt', 119))"
2024-08-19 15:56:55,480	[INFO]	REF     SUCCESS               766324006.700000 (--) [0 edit(s)] [cached] 
2024-08-19 15:56:55,483	[INFO]	BEST    SUCCESS              *685197941.102000 (89.41%) [0 edit(s)] [cached] 
2024-08-19 15:56:55,486	[INFO]	7-1     SUCCESS              +685197941.102000 (89.41%) [3 edit(s)] [cached] 
2024-08-19 15:56:55,486	[DEBUG]	patch(7-1)="SrcmlStmtDeletion(('src/main/java/weka/classifiers/trees/RandomForest.java.xml', 'stmt', 57)) | SrcmlStmtDeletion(('src/main/java/weka/classifiers/trees/RandomForest.java.xml', 'stmt', 57)) | SrcmlStmtDeletion(('src/main/java/weka/classifiers/trees/RandomForest.java.xml', 'stmt', 119))"
2024-08-19 15:56:55,489	[INFO]	7-2     SUCCESS               731503583.136000 (95.46%) [1 edit(s)] [cached] 
2024-08-19 15:56:55,489	[DEBUG]	patch(7-2)="SrcmlStmtDeletion(('src/main/java/weka/classifiers/trees/RandomForest.java.xml', 'stmt', 57))"
2024-08-19 15:56:55,491	[INFO]	7-3     SUCCESS               808465847.031000 (105.50%) [1 edit(s)] [cached] 
2024-08-19 15:56:55,491	[DEBUG]	patch(7-3)="SrcmlStmtDeletion(('src/main/java/weka/classifiers/trees/RandomForest.java.xml', 'stmt', 119))"
2024-08-19 15:58:22,224	[DEBUG]	EXEC>  SUCCESS 767251883.525
2024-08-19 15:58:22,224	[INFO]	7-4     SUCCESS               767251883.525000 (100.12%) [2 edit(s)]  
2024-08-19 15:58:22,224	[DEBUG]	patch(7-4)="SrcmlStmtDeletion(('src/main/java/weka/classifiers/trees/RandomForest.java.xml', 'stmt', 119)) | SrcmlStmtInsertion(('src/main/java/weka/classifiers/trees/RandomForest.java.xml', '_inter_block', 20), ('src/main/java/weka/classifiers/trees/RandomForest.java.xml', 'stmt', 89))"
2024-08-19 15:58:22,226	[INFO]	7-5     SUCCESS               731503583.136000 (95.46%) [1 edit(s)] [cached] 
2024-08-19 15:58:22,227	[DEBUG]	patch(7-5)="SrcmlStmtDeletion(('src/main/java/weka/classifiers/trees/RandomForest.java.xml', 'stmt', 57))"
2024-08-19 15:58:22,230	[INFO]	7-6     SUCCESS               808465847.031000 (105.50%) [1 edit(s)] [cached] 
2024-08-19 15:58:22,230	[DEBUG]	patch(7-6)="SrcmlStmtDeletion(('src/main/java/weka/classifiers/trees/RandomForest.java.xml', 'stmt', 119))"
2024-08-19 15:58:22,232	[INFO]	7-7     SUCCESS               685197941.102000 (89.41%) [2 edit(s)] [cached] 
2024-08-19 15:58:22,232	[DEBUG]	patch(7-7)="SrcmlStmtDeletion(('src/main/java/weka/classifiers/trees/RandomForest.java.xml', 'stmt', 57)) | SrcmlStmtDeletion(('src/main/java/weka/classifiers/trees/RandomForest.java.xml', 'stmt', 119))"
2024-08-19 15:59:48,301	[DEBUG]	EXEC>  SUCCESS 775337093.348
2024-08-19 15:59:48,301	[INFO]	7-8     SUCCESS               775337093.348000 (101.18%) [3 edit(s)]  
2024-08-19 15:59:48,301	[DEBUG]	patch(7-8)="SrcmlStmtDeletion(('src/main/java/weka/classifiers/trees/RandomForest.java.xml', 'stmt', 119)) | SrcmlStmtDeletion(('src/main/java/weka/classifiers/trees/RandomForest.java.xml', 'stmt', 57)) | SrcmlStmtDeletion(('src/main/java/weka/classifiers/trees/RandomForest.java.xml', 'stmt', 33))"
2024-08-19 15:59:50,331	[INFO]	7-9     COMPILE_CODE_ERROR    None (--) [2 edit(s)]  
2024-08-19 15:59:50,331	[DEBUG]	patch(7-9)="SrcmlStmtDeletion(('src/main/java/weka/classifiers/trees/RandomForest.java.xml', 'stmt', 57)) | SrcmlStmtInsertion(('src/main/java/weka/classifiers/trees/RandomForest.java.xml', '_inter_block', 237), ('src/main/java/weka/classifiers/trees/RandomForest.java.xml', 'stmt', 1))"
2024-08-19 15:59:52,660	[INFO]	7-10    COMPILE_CODE_ERROR    None (--) [1 edit(s)]  
2024-08-19 15:59:52,660	[DEBUG]	patch(7-10)="SrcmlStmtInsertion(('src/main/java/weka/classifiers/trees/RandomForest.java.xml', '_inter_block', 173), ('src/main/java/weka/classifiers/trees/RandomForest.java.xml', 'stmt', 128))"
2024-08-19 15:59:52,663	[INFO]	REF     SUCCESS               766324006.700000 (--) [0 edit(s)] [cached] 
2024-08-19 15:59:52,665	[INFO]	BEST    SUCCESS              *685197941.102000 (89.41%) [0 edit(s)] [cached] 
2024-08-19 15:59:52,668	[INFO]	8-1     SUCCESS              +685197941.102000 (89.41%) [2 edit(s)] [cached] 
2024-08-19 15:59:52,668	[DEBUG]	patch(8-1)="SrcmlStmtDeletion(('src/main/java/weka/classifiers/trees/RandomForest.java.xml', 'stmt', 57)) | SrcmlStmtDeletion(('src/main/java/weka/classifiers/trees/RandomForest.java.xml', 'stmt', 119))"
2024-08-19 15:59:52,671	[INFO]	8-2     SUCCESS               685197941.102000 (89.41%) [3 edit(s)] [cached] 
2024-08-19 15:59:52,671	[DEBUG]	patch(8-2)="SrcmlStmtDeletion(('src/main/java/weka/classifiers/trees/RandomForest.java.xml', 'stmt', 57)) | SrcmlStmtDeletion(('src/main/java/weka/classifiers/trees/RandomForest.java.xml', 'stmt', 119)) | SrcmlStmtDeletion(('src/main/java/weka/classifiers/trees/RandomForest.java.xml', 'stmt', 57))"
2024-08-19 15:59:52,673	[INFO]	8-3     SUCCESS               685197941.102000 (89.41%) [2 edit(s)] [cached] 
2024-08-19 15:59:52,673	[DEBUG]	patch(8-3)="SrcmlStmtDeletion(('src/main/java/weka/classifiers/trees/RandomForest.java.xml', 'stmt', 57)) | SrcmlStmtDeletion(('src/main/java/weka/classifiers/trees/RandomForest.java.xml', 'stmt', 119))"
2024-08-19 15:59:52,675	[INFO]	8-4     SUCCESS               731503583.136000 (95.46%) [1 edit(s)] [cached] 
2024-08-19 15:59:52,675	[DEBUG]	patch(8-4)="SrcmlStmtDeletion(('src/main/java/weka/classifiers/trees/RandomForest.java.xml', 'stmt', 57))"
2024-08-19 15:59:52,678	[INFO]	8-5     SUCCESS               808465847.031000 (105.50%) [1 edit(s)] [cached] 
2024-08-19 15:59:52,678	[DEBUG]	patch(8-5)="SrcmlStmtDeletion(('src/main/java/weka/classifiers/trees/RandomForest.java.xml', 'stmt', 119))"
2024-08-19 16:01:18,857	[DEBUG]	EXEC>  SUCCESS 860723686.918
2024-08-19 16:01:18,858	[INFO]	8-6     SUCCESS               860723686.918000 (112.32%) [1 edit(s)]  
2024-08-19 16:01:18,858	[DEBUG]	patch(8-6)="SrcmlStmtDeletion(('src/main/java/weka/classifiers/trees/RandomForest.java.xml', 'stmt', 33))"
2024-08-19 16:01:21,191	[INFO]	8-7     COMPILE_CODE_ERROR    None (--) [3 edit(s)]  
2024-08-19 16:01:21,191	[DEBUG]	patch(8-7)="SrcmlStmtDeletion(('src/main/java/weka/classifiers/trees/RandomForest.java.xml', 'stmt', 57)) | SrcmlStmtDeletion(('src/main/java/weka/classifiers/trees/RandomForest.java.xml', 'stmt', 119)) | SrcmlStmtInsertion(('src/main/java/weka/classifiers/trees/RandomForest.java.xml', '_inter_block', 67), ('src/main/java/weka/classifiers/trees/RandomForest.java.xml', 'stmt', 113))"
2024-08-19 16:01:23,587	[INFO]	8-8     COMPILE_CODE_ERROR    None (--) [4 edit(s)]  
2024-08-19 16:01:23,588	[DEBUG]	patch(8-8)="SrcmlStmtDeletion(('src/main/java/weka/classifiers/trees/RandomForest.java.xml', 'stmt', 57)) | SrcmlStmtDeletion(('src/main/java/weka/classifiers/trees/RandomForest.java.xml', 'stmt', 57)) | SrcmlStmtDeletion(('src/main/java/weka/classifiers/trees/RandomForest.java.xml', 'stmt', 119)) | SrcmlStmtDeletion(('src/main/java/weka/classifiers/trees/RandomForest.java.xml', 'stmt', 14))"
2024-08-19 16:01:25,871	[INFO]	8-9     COMPILE_CODE_ERROR    None (--) [2 edit(s)]  
2024-08-19 16:01:25,871	[DEBUG]	patch(8-9)="SrcmlStmtDeletion(('src/main/java/weka/classifiers/trees/RandomForest.java.xml', 'stmt', 57)) | SrcmlStmtReplacement(('src/main/java/weka/classifiers/trees/RandomForest.java.xml', 'stmt', 107), ('src/main/java/weka/classifiers/trees/RandomForest.java.xml', 'stmt', 88))"
2024-08-19 16:01:25,873	[INFO]	8-10    SUCCESS               808465847.031000 (105.50%) [1 edit(s)] [cached] 
2024-08-19 16:01:25,873	[DEBUG]	patch(8-10)="SrcmlStmtDeletion(('src/main/java/weka/classifiers/trees/RandomForest.java.xml', 'stmt', 119))"
2024-08-19 16:01:25,875	[INFO]	REF     SUCCESS               766324006.700000 (--) [0 edit(s)] [cached] 
2024-08-19 16:01:25,878	[INFO]	BEST    SUCCESS              *685197941.102000 (89.41%) [0 edit(s)] [cached] 
2024-08-19 16:01:25,881	[INFO]	9-1     SUCCESS              +685197941.102000 (89.41%) [2 edit(s)] [cached] 
2024-08-19 16:01:25,881	[DEBUG]	patch(9-1)="SrcmlStmtDeletion(('src/main/java/weka/classifiers/trees/RandomForest.java.xml', 'stmt', 57)) | SrcmlStmtDeletion(('src/main/java/weka/classifiers/trees/RandomForest.java.xml', 'stmt', 119))"
2024-08-19 16:01:25,883	[INFO]	9-2     SUCCESS               685197941.102000 (89.41%) [3 edit(s)] [cached] 
2024-08-19 16:01:25,883	[DEBUG]	patch(9-2)="SrcmlStmtDeletion(('src/main/java/weka/classifiers/trees/RandomForest.java.xml', 'stmt', 57)) | SrcmlStmtDeletion(('src/main/java/weka/classifiers/trees/RandomForest.java.xml', 'stmt', 119)) | SrcmlStmtDeletion(('src/main/java/weka/classifiers/trees/RandomForest.java.xml', 'stmt', 57))"
2024-08-19 16:01:25,886	[INFO]	9-3     SUCCESS               685197941.102000 (89.41%) [3 edit(s)] [cached] 
2024-08-19 16:01:25,886	[DEBUG]	patch(9-3)="SrcmlStmtDeletion(('src/main/java/weka/classifiers/trees/RandomForest.java.xml', 'stmt', 57)) | SrcmlStmtDeletion(('src/main/java/weka/classifiers/trees/RandomForest.java.xml', 'stmt', 119)) | SrcmlStmtDeletion(('src/main/java/weka/classifiers/trees/RandomForest.java.xml', 'stmt', 57))"
2024-08-19 16:01:25,888	[INFO]	9-4     SUCCESS               731503583.136000 (95.46%) [1 edit(s)] [cached] 
2024-08-19 16:01:25,888	[DEBUG]	patch(9-4)="SrcmlStmtDeletion(('src/main/java/weka/classifiers/trees/RandomForest.java.xml', 'stmt', 57))"
2024-08-19 16:01:25,890	[INFO]	9-5     SUCCESS               860723686.918000 (112.32%) [1 edit(s)] [cached] 
2024-08-19 16:01:25,890	[DEBUG]	patch(9-5)="SrcmlStmtDeletion(('src/main/java/weka/classifiers/trees/RandomForest.java.xml', 'stmt', 33))"
2024-08-19 16:01:25,893	[INFO]	9-6     SUCCESS               775337093.348000 (101.18%) [3 edit(s)] [cached] 
2024-08-19 16:01:25,893	[DEBUG]	patch(9-6)="SrcmlStmtDeletion(('src/main/java/weka/classifiers/trees/RandomForest.java.xml', 'stmt', 33)) | SrcmlStmtDeletion(('src/main/java/weka/classifiers/trees/RandomForest.java.xml', 'stmt', 119)) | SrcmlStmtDeletion(('src/main/java/weka/classifiers/trees/RandomForest.java.xml', 'stmt', 57))"
2024-08-19 16:01:25,895	[INFO]	9-7     SUCCESS               731503583.136000 (95.46%) [1 edit(s)] [cached] 
2024-08-19 16:01:25,895	[DEBUG]	patch(9-7)="SrcmlStmtDeletion(('src/main/java/weka/classifiers/trees/RandomForest.java.xml', 'stmt', 57))"
2024-08-19 16:01:25,897	[INFO]	9-8     SUCCESS               685197941.102000 (89.41%) [2 edit(s)] [cached] 
2024-08-19 16:01:25,897	[DEBUG]	patch(9-8)="SrcmlStmtDeletion(('src/main/java/weka/classifiers/trees/RandomForest.java.xml', 'stmt', 57)) | SrcmlStmtDeletion(('src/main/java/weka/classifiers/trees/RandomForest.java.xml', 'stmt', 119))"
2024-08-19 16:01:25,899	[INFO]	9-9     SUCCESS               766324006.700000 (100.00%) [0 edit(s)] [cached] 
2024-08-19 16:01:25,900	[DEBUG]	patch(9-9)=""
2024-08-19 16:01:25,901	[INFO]	9-10    SUCCESS               766324006.700000 (100.00%) [0 edit(s)] [cached] 
2024-08-19 16:01:25,901	[DEBUG]	patch(9-10)=""
2024-08-19 16:01:25,903	[INFO]	REF     SUCCESS               766324006.700000 (--) [0 edit(s)] [cached] 
2024-08-19 16:01:25,906	[INFO]	BEST    SUCCESS              *685197941.102000 (89.41%) [0 edit(s)] [cached] 
2024-08-19 16:01:25,909	[INFO]	10-1    SUCCESS              +685197941.102000 (89.41%) [2 edit(s)] [cached] 
2024-08-19 16:01:25,909	[DEBUG]	patch(10-1)="SrcmlStmtDeletion(('src/main/java/weka/classifiers/trees/RandomForest.java.xml', 'stmt', 57)) | SrcmlStmtDeletion(('src/main/java/weka/classifiers/trees/RandomForest.java.xml', 'stmt', 119))"
2024-08-19 16:01:25,911	[INFO]	10-2    SUCCESS               808465847.031000 (105.50%) [1 edit(s)] [cached] 
2024-08-19 16:01:25,911	[DEBUG]	patch(10-2)="SrcmlStmtDeletion(('src/main/java/weka/classifiers/trees/RandomForest.java.xml', 'stmt', 119))"
2024-08-19 16:02:53,439	[DEBUG]	EXEC>  SUCCESS 802216040.379
2024-08-19 16:02:53,439	[INFO]	10-3    SUCCESS               802216040.379000 (104.68%) [2 edit(s)]  
2024-08-19 16:02:53,439	[DEBUG]	patch(10-3)="SrcmlStmtDeletion(('src/main/java/weka/classifiers/trees/RandomForest.java.xml', 'stmt', 119)) | SrcmlStmtDeletion(('src/main/java/weka/classifiers/trees/RandomForest.java.xml', 'stmt', 33))"
2024-08-19 16:02:53,442	[INFO]	10-4    SUCCESS               731503583.136000 (95.46%) [1 edit(s)] [cached] 
2024-08-19 16:02:53,442	[DEBUG]	patch(10-4)="SrcmlStmtDeletion(('src/main/java/weka/classifiers/trees/RandomForest.java.xml', 'stmt', 57))"
2024-08-19 16:02:53,451	[INFO]	10-5    SUCCESS               766324006.700000 (100.00%) [0 edit(s)] [cached] 
2024-08-19 16:02:53,451	[DEBUG]	patch(10-5)=""
2024-08-19 16:02:53,456	[INFO]	10-6    SUCCESS               802216040.379000 (104.68%) [3 edit(s)] [cached] 
2024-08-19 16:02:53,456	[DEBUG]	patch(10-6)="SrcmlStmtDeletion(('src/main/java/weka/classifiers/trees/RandomForest.java.xml', 'stmt', 33)) | SrcmlStmtDeletion(('src/main/java/weka/classifiers/trees/RandomForest.java.xml', 'stmt', 119)) | SrcmlStmtDeletion(('src/main/java/weka/classifiers/trees/RandomForest.java.xml', 'stmt', 33))"
2024-08-19 16:02:55,826	[INFO]	10-7    COMPILE_CODE_ERROR    None (--) [3 edit(s)]  
2024-08-19 16:02:55,827	[DEBUG]	patch(10-7)="SrcmlStmtDeletion(('src/main/java/weka/classifiers/trees/RandomForest.java.xml', 'stmt', 57)) | SrcmlStmtDeletion(('src/main/java/weka/classifiers/trees/RandomForest.java.xml', 'stmt', 119)) | SrcmlStmtInsertion(('src/main/java/weka/classifiers/trees/RandomForest.java.xml', '_inter_block', 208), ('src/main/java/weka/classifiers/trees/RandomForest.java.xml', 'stmt', 42))"
2024-08-19 16:02:55,829	[INFO]	10-8    SUCCESS               685197941.102000 (89.41%) [2 edit(s)] [cached] 
2024-08-19 16:02:55,829	[DEBUG]	patch(10-8)="SrcmlStmtDeletion(('src/main/java/weka/classifiers/trees/RandomForest.java.xml', 'stmt', 57)) | SrcmlStmtDeletion(('src/main/java/weka/classifiers/trees/RandomForest.java.xml', 'stmt', 119))"
2024-08-19 16:02:55,831	[INFO]	10-9    SUCCESS               766324006.700000 (100.00%) [0 edit(s)] [cached] 
2024-08-19 16:02:55,831	[DEBUG]	patch(10-9)=""
2024-08-19 16:04:23,663	[DEBUG]	EXEC>  SUCCESS 789616352.764
2024-08-19 16:04:23,663	[INFO]	10-10   SUCCESS               789616352.764000 (103.04%) [1 edit(s)]  
2024-08-19 16:04:23,663	[DEBUG]	patch(10-10)="SrcmlStmtReplacement(('src/main/java/weka/classifiers/trees/RandomForest.java.xml', 'stmt', 138), ('src/main/java/weka/classifiers/trees/RandomForest.java.xml', 'stmt', 133))"
2024-08-19 16:04:23,666	[INFO]	REF     SUCCESS               766324006.700000 (--) [0 edit(s)] [cached] 
2024-08-19 16:04:23,669	[INFO]	BEST    SUCCESS              *685197941.102000 (89.41%) [0 edit(s)] [cached] 
2024-08-19 16:04:23,673	[INFO]	11-1    SUCCESS              +685197941.102000 (89.41%) [2 edit(s)] [cached] 
2024-08-19 16:04:23,673	[DEBUG]	patch(11-1)="SrcmlStmtDeletion(('src/main/java/weka/classifiers/trees/RandomForest.java.xml', 'stmt', 57)) | SrcmlStmtDeletion(('src/main/java/weka/classifiers/trees/RandomForest.java.xml', 'stmt', 119))"
2024-08-19 16:04:23,675	[INFO]	11-2    SUCCESS               802216040.379000 (104.68%) [4 edit(s)] [cached] 
2024-08-19 16:04:23,675	[DEBUG]	patch(11-2)="SrcmlStmtDeletion(('src/main/java/weka/classifiers/trees/RandomForest.java.xml', 'stmt', 119)) | SrcmlStmtDeletion(('src/main/java/weka/classifiers/trees/RandomForest.java.xml', 'stmt', 33)) | SrcmlStmtDeletion(('src/main/java/weka/classifiers/trees/RandomForest.java.xml', 'stmt', 119)) | SrcmlStmtDeletion(('src/main/java/weka/classifiers/trees/RandomForest.java.xml', 'stmt', 33))"
2024-08-19 16:04:23,678	[INFO]	11-3    SUCCESS               731503583.136000 (95.46%) [1 edit(s)] [cached] 
2024-08-19 16:04:23,678	[DEBUG]	patch(11-3)="SrcmlStmtDeletion(('src/main/java/weka/classifiers/trees/RandomForest.java.xml', 'stmt', 57))"
2024-08-19 16:04:23,681	[INFO]	11-4    SUCCESS               808465847.031000 (105.50%) [1 edit(s)] [cached] 
2024-08-19 16:04:23,681	[DEBUG]	patch(11-4)="SrcmlStmtDeletion(('src/main/java/weka/classifiers/trees/RandomForest.java.xml', 'stmt', 119))"
2024-08-19 16:04:23,684	[INFO]	11-5    SUCCESS               789616352.764000 (103.04%) [1 edit(s)] [cached] 
2024-08-19 16:04:23,684	[DEBUG]	patch(11-5)="SrcmlStmtReplacement(('src/main/java/weka/classifiers/trees/RandomForest.java.xml', 'stmt', 138), ('src/main/java/weka/classifiers/trees/RandomForest.java.xml', 'stmt', 133))"
2024-08-19 16:04:23,687	[INFO]	11-6    SUCCESS               802216040.379000 (104.68%) [5 edit(s)] [cached] 
2024-08-19 16:04:23,687	[DEBUG]	patch(11-6)="SrcmlStmtDeletion(('src/main/java/weka/classifiers/trees/RandomForest.java.xml', 'stmt', 33)) | SrcmlStmtDeletion(('src/main/java/weka/classifiers/trees/RandomForest.java.xml', 'stmt', 33)) | SrcmlStmtDeletion(('src/main/java/weka/classifiers/trees/RandomForest.java.xml', 'stmt', 33)) | SrcmlStmtDeletion(('src/main/java/weka/classifiers/trees/RandomForest.java.xml', 'stmt', 119)) | SrcmlStmtDeletion(('src/main/java/weka/classifiers/trees/RandomForest.java.xml', 'stmt', 33))"
2024-08-19 16:04:23,689	[INFO]	11-7    SUCCESS               808465847.031000 (105.50%) [1 edit(s)] [cached] 
2024-08-19 16:04:23,689	[DEBUG]	patch(11-7)="SrcmlStmtDeletion(('src/main/java/weka/classifiers/trees/RandomForest.java.xml', 'stmt', 119))"
2024-08-19 16:04:23,691	[INFO]	11-8    SUCCESS               766324006.700000 (100.00%) [0 edit(s)] [cached] 
2024-08-19 16:04:23,691	[DEBUG]	patch(11-8)=""
2024-08-19 16:04:25,629	[INFO]	11-9    COMPILE_CODE_ERROR    None (--) [1 edit(s)]  
2024-08-19 16:04:25,629	[DEBUG]	patch(11-9)="SrcmlStmtDeletion(('src/main/java/weka/classifiers/trees/RandomForest.java.xml', 'stmt', 114))"
2024-08-19 16:04:27,994	[INFO]	11-10   COMPILE_CODE_ERROR    None (--) [2 edit(s)]  
2024-08-19 16:04:27,995	[DEBUG]	patch(11-10)="SrcmlStmtReplacement(('src/main/java/weka/classifiers/trees/RandomForest.java.xml', 'stmt', 138), ('src/main/java/weka/classifiers/trees/RandomForest.java.xml', 'stmt', 133)) | SrcmlStmtReplacement(('src/main/java/weka/classifiers/trees/RandomForest.java.xml', 'stmt', 32), ('src/main/java/weka/classifiers/trees/RandomForest.java.xml', 'stmt', 105))"
2024-08-19 16:04:27,997	[INFO]	REF     SUCCESS               766324006.700000 (--) [0 edit(s)] [cached] 
2024-08-19 16:04:27,999	[INFO]	BEST    SUCCESS              *685197941.102000 (89.41%) [0 edit(s)] [cached] 
2024-08-19 16:04:28,003	[INFO]	12-1    SUCCESS              +685197941.102000 (89.41%) [2 edit(s)] [cached] 
2024-08-19 16:04:28,003	[DEBUG]	patch(12-1)="SrcmlStmtDeletion(('src/main/java/weka/classifiers/trees/RandomForest.java.xml', 'stmt', 57)) | SrcmlStmtDeletion(('src/main/java/weka/classifiers/trees/RandomForest.java.xml', 'stmt', 119))"
2024-08-19 16:04:28,005	[INFO]	12-2    SUCCESS               685197941.102000 (89.41%) [2 edit(s)] [cached] 
2024-08-19 16:04:28,005	[DEBUG]	patch(12-2)="SrcmlStmtDeletion(('src/main/java/weka/classifiers/trees/RandomForest.java.xml', 'stmt', 57)) | SrcmlStmtDeletion(('src/main/java/weka/classifiers/trees/RandomForest.java.xml', 'stmt', 119))"
2024-08-19 16:04:28,008	[INFO]	12-3    SUCCESS               685197941.102000 (89.41%) [2 edit(s)] [cached] 
2024-08-19 16:04:28,008	[DEBUG]	patch(12-3)="SrcmlStmtDeletion(('src/main/java/weka/classifiers/trees/RandomForest.java.xml', 'stmt', 57)) | SrcmlStmtDeletion(('src/main/java/weka/classifiers/trees/RandomForest.java.xml', 'stmt', 119))"
2024-08-19 16:04:28,015	[INFO]	12-4    SUCCESS               802216040.379000 (104.68%) [2 edit(s)] [cached] 
2024-08-19 16:04:28,015	[DEBUG]	patch(12-4)="SrcmlStmtDeletion(('src/main/java/weka/classifiers/trees/RandomForest.java.xml', 'stmt', 119)) | SrcmlStmtDeletion(('src/main/java/weka/classifiers/trees/RandomForest.java.xml', 'stmt', 33))"
2024-08-19 16:05:53,235	[DEBUG]	EXEC>  SUCCESS 733008532.253
2024-08-19 16:05:53,235	[INFO]	12-5    SUCCESS               733008532.253000 (95.65%) [2 edit(s)]  
2024-08-19 16:05:53,236	[DEBUG]	patch(12-5)="SrcmlStmtDeletion(('src/main/java/weka/classifiers/trees/RandomForest.java.xml', 'stmt', 57)) | SrcmlStmtReplacement(('src/main/java/weka/classifiers/trees/RandomForest.java.xml', 'stmt', 138), ('src/main/java/weka/classifiers/trees/RandomForest.java.xml', 'stmt', 133))"
2024-08-19 16:05:53,238	[INFO]	12-6    SUCCESS               802216040.379000 (104.68%) [3 edit(s)] [cached] 
2024-08-19 16:05:53,239	[DEBUG]	patch(12-6)="SrcmlStmtDeletion(('src/main/java/weka/classifiers/trees/RandomForest.java.xml', 'stmt', 33)) | SrcmlStmtDeletion(('src/main/java/weka/classifiers/trees/RandomForest.java.xml', 'stmt', 119)) | SrcmlStmtDeletion(('src/main/java/weka/classifiers/trees/RandomForest.java.xml', 'stmt', 33))"
2024-08-19 16:05:53,241	[INFO]	12-7    SUCCESS               731503583.136000 (95.46%) [1 edit(s)] [cached] 
2024-08-19 16:05:53,241	[DEBUG]	patch(12-7)="SrcmlStmtDeletion(('src/main/java/weka/classifiers/trees/RandomForest.java.xml', 'stmt', 57))"
2024-08-19 16:05:53,243	[INFO]	12-8    SUCCESS               766324006.700000 (100.00%) [0 edit(s)] [cached] 
2024-08-19 16:05:53,243	[DEBUG]	patch(12-8)=""
2024-08-19 16:05:55,538	[INFO]	12-9    COMPILE_CODE_ERROR    None (--) [1 edit(s)]  
2024-08-19 16:05:55,538	[DEBUG]	patch(12-9)="SrcmlStmtInsertion(('src/main/java/weka/classifiers/trees/RandomForest.java.xml', '_inter_block', 182), ('src/main/java/weka/classifiers/trees/RandomForest.java.xml', 'stmt', 30))"
2024-08-19 16:05:57,875	[INFO]	12-10   COMPILE_CODE_ERROR    None (--) [2 edit(s)]  
2024-08-19 16:05:57,875	[DEBUG]	patch(12-10)="SrcmlStmtReplacement(('src/main/java/weka/classifiers/trees/RandomForest.java.xml', 'stmt', 138), ('src/main/java/weka/classifiers/trees/RandomForest.java.xml', 'stmt', 133)) | SrcmlStmtReplacement(('src/main/java/weka/classifiers/trees/RandomForest.java.xml', 'stmt', 16), ('src/main/java/weka/classifiers/trees/RandomForest.java.xml', 'stmt', 62))"
2024-08-19 16:05:57,877	[INFO]	REF     SUCCESS               766324006.700000 (--) [0 edit(s)] [cached] 
2024-08-19 16:05:57,880	[INFO]	BEST    SUCCESS              *685197941.102000 (89.41%) [0 edit(s)] [cached] 
2024-08-19 16:05:57,883	[INFO]	13-1    SUCCESS              +685197941.102000 (89.41%) [2 edit(s)] [cached] 
2024-08-19 16:05:57,883	[DEBUG]	patch(13-1)="SrcmlStmtDeletion(('src/main/java/weka/classifiers/trees/RandomForest.java.xml', 'stmt', 57)) | SrcmlStmtDeletion(('src/main/java/weka/classifiers/trees/RandomForest.java.xml', 'stmt', 119))"
2024-08-19 16:05:57,885	[INFO]	13-2    SUCCESS               731503583.136000 (95.46%) [2 edit(s)] [cached] 
2024-08-19 16:05:57,885	[DEBUG]	patch(13-2)="SrcmlStmtDeletion(('src/main/java/weka/classifiers/trees/RandomForest.java.xml', 'stmt', 57)) | SrcmlStmtDeletion(('src/main/java/weka/classifiers/trees/RandomForest.java.xml', 'stmt', 57))"
2024-08-19 16:05:57,888	[INFO]	13-3    SUCCESS               860723686.918000 (112.32%) [1 edit(s)] [cached] 
2024-08-19 16:05:57,888	[DEBUG]	patch(13-3)="SrcmlStmtDeletion(('src/main/java/weka/classifiers/trees/RandomForest.java.xml', 'stmt', 33))"
2024-08-19 16:05:57,891	[INFO]	13-4    SUCCESS               733008532.253000 (95.65%) [2 edit(s)] [cached] 
2024-08-19 16:05:57,891	[DEBUG]	patch(13-4)="SrcmlStmtReplacement(('src/main/java/weka/classifiers/trees/RandomForest.java.xml', 'stmt', 138), ('src/main/java/weka/classifiers/trees/RandomForest.java.xml', 'stmt', 133)) | SrcmlStmtDeletion(('src/main/java/weka/classifiers/trees/RandomForest.java.xml', 'stmt', 57))"
2024-08-19 16:05:57,893	[INFO]	13-5    SUCCESS               860723686.918000 (112.32%) [1 edit(s)] [cached] 
2024-08-19 16:05:57,893	[DEBUG]	patch(13-5)="SrcmlStmtDeletion(('src/main/java/weka/classifiers/trees/RandomForest.java.xml', 'stmt', 33))"
2024-08-19 16:05:57,895	[INFO]	13-6    SUCCESS               775337093.348000 (101.18%) [3 edit(s)] [cached] 
2024-08-19 16:05:57,895	[DEBUG]	patch(13-6)="SrcmlStmtDeletion(('src/main/java/weka/classifiers/trees/RandomForest.java.xml', 'stmt', 33)) | SrcmlStmtDeletion(('src/main/java/weka/classifiers/trees/RandomForest.java.xml', 'stmt', 119)) | SrcmlStmtDeletion(('src/main/java/weka/classifiers/trees/RandomForest.java.xml', 'stmt', 57))"
2024-08-19 16:06:00,188	[INFO]	13-7    COMPILE_CODE_ERROR    None (--) [3 edit(s)]  
2024-08-19 16:06:00,188	[DEBUG]	patch(13-7)="SrcmlStmtDeletion(('src/main/java/weka/classifiers/trees/RandomForest.java.xml', 'stmt', 57)) | SrcmlStmtDeletion(('src/main/java/weka/classifiers/trees/RandomForest.java.xml', 'stmt', 119)) | SrcmlStmtReplacement(('src/main/java/weka/classifiers/trees/RandomForest.java.xml', 'stmt', 107), ('src/main/java/weka/classifiers/trees/RandomForest.java.xml', 'stmt', 66))"
2024-08-19 16:07:28,064	[DEBUG]	EXEC>  SUCCESS 790212145.885
2024-08-19 16:07:28,064	[INFO]	13-8    SUCCESS               790212145.885000 (103.12%) [2 edit(s)]  
2024-08-19 16:07:28,064	[DEBUG]	patch(13-8)="SrcmlStmtDeletion(('src/main/java/weka/classifiers/trees/RandomForest.java.xml', 'stmt', 57)) | SrcmlStmtReplacement(('src/main/java/weka/classifiers/trees/RandomForest.java.xml', 'stmt', 85), ('src/main/java/weka/classifiers/trees/RandomForest.java.xml', 'stmt', 54))"
2024-08-19 16:07:28,068	[INFO]	13-9    SUCCESS               731503583.136000 (95.46%) [1 edit(s)] [cached] 
2024-08-19 16:07:28,068	[DEBUG]	patch(13-9)="SrcmlStmtDeletion(('src/main/java/weka/classifiers/trees/RandomForest.java.xml', 'stmt', 57))"
2024-08-19 16:08:55,525	[DEBUG]	EXEC>  SUCCESS 714213750.116
2024-08-19 16:08:55,526	[INFO]	13-10   SUCCESS               714213750.116000 (93.20%) [1 edit(s)]  
2024-08-19 16:08:55,526	[DEBUG]	patch(13-10)="SrcmlStmtDeletion(('src/main/java/weka/classifiers/trees/RandomForest.java.xml', 'stmt', 135))"
2024-08-19 16:08:55,528	[INFO]	REF     SUCCESS               766324006.700000 (--) [0 edit(s)] [cached] 
2024-08-19 16:08:55,532	[INFO]	BEST    SUCCESS              *685197941.102000 (89.41%) [0 edit(s)] [cached] 
2024-08-19 16:08:55,536	[INFO]	14-1    SUCCESS              +685197941.102000 (89.41%) [2 edit(s)] [cached] 
2024-08-19 16:08:55,536	[DEBUG]	patch(14-1)="SrcmlStmtDeletion(('src/main/java/weka/classifiers/trees/RandomForest.java.xml', 'stmt', 57)) | SrcmlStmtDeletion(('src/main/java/weka/classifiers/trees/RandomForest.java.xml', 'stmt', 119))"
2024-08-19 16:10:23,420	[DEBUG]	EXEC>  SUCCESS 751699871.371
2024-08-19 16:10:23,420	[INFO]	14-2    SUCCESS               751699871.371000 (98.09%) [2 edit(s)]  
2024-08-19 16:10:23,420	[DEBUG]	patch(14-2)="SrcmlStmtDeletion(('src/main/java/weka/classifiers/trees/RandomForest.java.xml', 'stmt', 33)) | SrcmlStmtDeletion(('src/main/java/weka/classifiers/trees/RandomForest.java.xml', 'stmt', 57))"
2024-08-19 16:10:23,423	[INFO]	14-3    SUCCESS               714213750.116000 (93.20%) [1 edit(s)] [cached] 
2024-08-19 16:10:23,423	[DEBUG]	patch(14-3)="SrcmlStmtDeletion(('src/main/java/weka/classifiers/trees/RandomForest.java.xml', 'stmt', 135))"
2024-08-19 16:10:23,426	[INFO]	14-4    SUCCESS               685197941.102000 (89.41%) [2 edit(s)] [cached] 
2024-08-19 16:10:23,426	[DEBUG]	patch(14-4)="SrcmlStmtDeletion(('src/main/java/weka/classifiers/trees/RandomForest.java.xml', 'stmt', 119)) | SrcmlStmtDeletion(('src/main/java/weka/classifiers/trees/RandomForest.java.xml', 'stmt', 57))"
2024-08-19 16:10:23,428	[INFO]	14-5    SUCCESS               731503583.136000 (95.46%) [1 edit(s)] [cached] 
2024-08-19 16:10:23,428	[DEBUG]	patch(14-5)="SrcmlStmtDeletion(('src/main/java/weka/classifiers/trees/RandomForest.java.xml', 'stmt', 57))"
2024-08-19 16:10:23,431	[INFO]	14-6    SUCCESS               733008532.253000 (95.65%) [2 edit(s)] [cached] 
2024-08-19 16:10:23,431	[DEBUG]	patch(14-6)="SrcmlStmtReplacement(('src/main/java/weka/classifiers/trees/RandomForest.java.xml', 'stmt', 138), ('src/main/java/weka/classifiers/trees/RandomForest.java.xml', 'stmt', 133)) | SrcmlStmtDeletion(('src/main/java/weka/classifiers/trees/RandomForest.java.xml', 'stmt', 57))"
2024-08-19 16:10:25,714	[INFO]	14-7    COMPILE_CODE_ERROR    None (--) [3 edit(s)]  
2024-08-19 16:10:25,714	[DEBUG]	patch(14-7)="SrcmlStmtDeletion(('src/main/java/weka/classifiers/trees/RandomForest.java.xml', 'stmt', 57)) | SrcmlStmtDeletion(('src/main/java/weka/classifiers/trees/RandomForest.java.xml', 'stmt', 119)) | SrcmlStmtReplacement(('src/main/java/weka/classifiers/trees/RandomForest.java.xml', 'stmt', 21), ('src/main/java/weka/classifiers/trees/RandomForest.java.xml', 'stmt', 60))"
2024-08-19 16:10:25,716	[INFO]	14-8    SUCCESS               766324006.700000 (100.00%) [0 edit(s)] [cached] 
2024-08-19 16:10:25,716	[DEBUG]	patch(14-8)=""
2024-08-19 16:10:28,135	[INFO]	14-9    COMPILE_CODE_ERROR    None (--) [3 edit(s)]  
2024-08-19 16:10:28,135	[DEBUG]	patch(14-9)="SrcmlStmtDeletion(('src/main/java/weka/classifiers/trees/RandomForest.java.xml', 'stmt', 57)) | SrcmlStmtDeletion(('src/main/java/weka/classifiers/trees/RandomForest.java.xml', 'stmt', 57)) | SrcmlStmtReplacement(('src/main/java/weka/classifiers/trees/RandomForest.java.xml', 'stmt', 69), ('src/main/java/weka/classifiers/trees/RandomForest.java.xml', 'stmt', 41))"
2024-08-19 16:10:28,138	[INFO]	14-10   SUCCESS               766324006.700000 (100.00%) [0 edit(s)] [cached] 
2024-08-19 16:10:28,138	[DEBUG]	patch(14-10)=""
2024-08-19 16:10:28,140	[INFO]	REF     SUCCESS               766324006.700000 (--) [0 edit(s)] [cached] 
2024-08-19 16:10:28,142	[INFO]	BEST    SUCCESS              *685197941.102000 (89.41%) [0 edit(s)] [cached] 
2024-08-19 16:10:28,146	[INFO]	15-1    SUCCESS              +685197941.102000 (89.41%) [2 edit(s)] [cached] 
2024-08-19 16:10:28,146	[DEBUG]	patch(15-1)="SrcmlStmtDeletion(('src/main/java/weka/classifiers/trees/RandomForest.java.xml', 'stmt', 57)) | SrcmlStmtDeletion(('src/main/java/weka/classifiers/trees/RandomForest.java.xml', 'stmt', 119))"
2024-08-19 16:10:28,149	[INFO]	15-2    SUCCESS               685197941.102000 (89.41%) [3 edit(s)] [cached] 
2024-08-19 16:10:28,149	[DEBUG]	patch(15-2)="SrcmlStmtDeletion(('src/main/java/weka/classifiers/trees/RandomForest.java.xml', 'stmt', 57)) | SrcmlStmtDeletion(('src/main/java/weka/classifiers/trees/RandomForest.java.xml', 'stmt', 119)) | SrcmlStmtDeletion(('src/main/java/weka/classifiers/trees/RandomForest.java.xml', 'stmt', 57))"
2024-08-19 16:10:28,151	[INFO]	15-3    SUCCESS               808465847.031000 (105.50%) [1 edit(s)] [cached] 
2024-08-19 16:10:28,151	[DEBUG]	patch(15-3)="SrcmlStmtDeletion(('src/main/java/weka/classifiers/trees/RandomForest.java.xml', 'stmt', 119))"
2024-08-19 16:10:28,154	[INFO]	15-4    SUCCESS               714213750.116000 (93.20%) [1 edit(s)] [cached] 
2024-08-19 16:10:28,154	[DEBUG]	patch(15-4)="SrcmlStmtDeletion(('src/main/java/weka/classifiers/trees/RandomForest.java.xml', 'stmt', 135))"
2024-08-19 16:10:28,156	[INFO]	15-5    SUCCESS               731503583.136000 (95.46%) [1 edit(s)] [cached] 
2024-08-19 16:10:28,156	[DEBUG]	patch(15-5)="SrcmlStmtDeletion(('src/main/java/weka/classifiers/trees/RandomForest.java.xml', 'stmt', 57))"
2024-08-19 16:10:28,159	[INFO]	15-6    SUCCESS               731503583.136000 (95.46%) [1 edit(s)] [cached] 
2024-08-19 16:10:28,159	[DEBUG]	patch(15-6)="SrcmlStmtDeletion(('src/main/java/weka/classifiers/trees/RandomForest.java.xml', 'stmt', 57))"
2024-08-19 16:10:28,161	[INFO]	15-7    SUCCESS               808465847.031000 (105.50%) [1 edit(s)] [cached] 
2024-08-19 16:10:28,161	[DEBUG]	patch(15-7)="SrcmlStmtDeletion(('src/main/java/weka/classifiers/trees/RandomForest.java.xml', 'stmt', 119))"
2024-08-19 16:10:30,551	[INFO]	15-8    COMPILE_CODE_ERROR    None (--) [3 edit(s)]  
2024-08-19 16:10:30,551	[DEBUG]	patch(15-8)="SrcmlStmtDeletion(('src/main/java/weka/classifiers/trees/RandomForest.java.xml', 'stmt', 119)) | SrcmlStmtDeletion(('src/main/java/weka/classifiers/trees/RandomForest.java.xml', 'stmt', 57)) | SrcmlStmtInsertion(('src/main/java/weka/classifiers/trees/RandomForest.java.xml', '_inter_block', 35), ('src/main/java/weka/classifiers/trees/RandomForest.java.xml', 'stmt', 126))"
2024-08-19 16:10:30,553	[INFO]	15-9    SUCCESS               766324006.700000 (100.00%) [0 edit(s)] [cached] 
2024-08-19 16:10:30,553	[DEBUG]	patch(15-9)=""
2024-08-19 16:10:30,555	[INFO]	15-10   SUCCESS               766324006.700000 (100.00%) [0 edit(s)] [cached] 
2024-08-19 16:10:30,555	[DEBUG]	patch(15-10)=""
2024-08-19 16:10:30,557	[INFO]	REF     SUCCESS               766324006.700000 (--) [0 edit(s)] [cached] 
2024-08-19 16:10:30,560	[INFO]	BEST    SUCCESS              *685197941.102000 (89.41%) [0 edit(s)] [cached] 
2024-08-19 16:10:30,563	[INFO]	16-1    SUCCESS              +685197941.102000 (89.41%) [2 edit(s)] [cached] 
2024-08-19 16:10:30,563	[DEBUG]	patch(16-1)="SrcmlStmtDeletion(('src/main/java/weka/classifiers/trees/RandomForest.java.xml', 'stmt', 57)) | SrcmlStmtDeletion(('src/main/java/weka/classifiers/trees/RandomForest.java.xml', 'stmt', 119))"
2024-08-19 16:10:30,565	[INFO]	16-2    SUCCESS               731503583.136000 (95.46%) [1 edit(s)] [cached] 
2024-08-19 16:10:30,565	[DEBUG]	patch(16-2)="SrcmlStmtDeletion(('src/main/java/weka/classifiers/trees/RandomForest.java.xml', 'stmt', 57))"
2024-08-19 16:10:30,568	[INFO]	16-3    SUCCESS               685197941.102000 (89.41%) [3 edit(s)] [cached] 
2024-08-19 16:10:30,568	[DEBUG]	patch(16-3)="SrcmlStmtDeletion(('src/main/java/weka/classifiers/trees/RandomForest.java.xml', 'stmt', 57)) | SrcmlStmtDeletion(('src/main/java/weka/classifiers/trees/RandomForest.java.xml', 'stmt', 57)) | SrcmlStmtDeletion(('src/main/java/weka/classifiers/trees/RandomForest.java.xml', 'stmt', 119))"
2024-08-19 16:11:59,226	[DEBUG]	EXEC>  SUCCESS 802902473.954
2024-08-19 16:11:59,226	[INFO]	16-4    SUCCESS               802902473.954000 (104.77%) [3 edit(s)]  
2024-08-19 16:11:59,226	[DEBUG]	patch(16-4)="SrcmlStmtDeletion(('src/main/java/weka/classifiers/trees/RandomForest.java.xml', 'stmt', 135)) | SrcmlStmtDeletion(('src/main/java/weka/classifiers/trees/RandomForest.java.xml', 'stmt', 119)) | SrcmlStmtDeletion(('src/main/java/weka/classifiers/trees/RandomForest.java.xml', 'stmt', 57))"
2024-08-19 16:11:59,229	[INFO]	16-5    SUCCESS               731503583.136000 (95.46%) [1 edit(s)] [cached] 
2024-08-19 16:11:59,229	[DEBUG]	patch(16-5)="SrcmlStmtDeletion(('src/main/java/weka/classifiers/trees/RandomForest.java.xml', 'stmt', 57))"
2024-08-19 16:11:59,232	[INFO]	16-6    SUCCESS               808465847.031000 (105.50%) [1 edit(s)] [cached] 
2024-08-19 16:11:59,232	[DEBUG]	patch(16-6)="SrcmlStmtDeletion(('src/main/java/weka/classifiers/trees/RandomForest.java.xml', 'stmt', 119))"
2024-08-19 16:11:59,234	[INFO]	16-7    SUCCESS               808465847.031000 (105.50%) [1 edit(s)] [cached] 
2024-08-19 16:11:59,234	[DEBUG]	patch(16-7)="SrcmlStmtDeletion(('src/main/java/weka/classifiers/trees/RandomForest.java.xml', 'stmt', 119))"
2024-08-19 16:12:01,516	[INFO]	16-8    COMPILE_CODE_ERROR    None (--) [4 edit(s)]  
2024-08-19 16:12:01,517	[DEBUG]	patch(16-8)="SrcmlStmtDeletion(('src/main/java/weka/classifiers/trees/RandomForest.java.xml', 'stmt', 57)) | SrcmlStmtDeletion(('src/main/java/weka/classifiers/trees/RandomForest.java.xml', 'stmt', 119)) | SrcmlStmtDeletion(('src/main/java/weka/classifiers/trees/RandomForest.java.xml', 'stmt', 57)) | SrcmlStmtDeletion(('src/main/java/weka/classifiers/trees/RandomForest.java.xml', 'stmt', 113))"
2024-08-19 16:12:01,519	[INFO]	16-9    SUCCESS               766324006.700000 (100.00%) [0 edit(s)] [cached] 
2024-08-19 16:12:01,519	[DEBUG]	patch(16-9)=""
2024-08-19 16:12:03,792	[INFO]	16-10   COMPILE_CODE_ERROR    None (--) [2 edit(s)]  
2024-08-19 16:12:03,792	[DEBUG]	patch(16-10)="SrcmlStmtDeletion(('src/main/java/weka/classifiers/trees/RandomForest.java.xml', 'stmt', 57)) | SrcmlStmtInsertion(('src/main/java/weka/classifiers/trees/RandomForest.java.xml', '_inter_block', 83), ('src/main/java/weka/classifiers/trees/RandomForest.java.xml', 'stmt', 53))"
2024-08-19 16:12:03,794	[INFO]	REF     SUCCESS               766324006.700000 (--) [0 edit(s)] [cached] 
2024-08-19 16:12:03,797	[INFO]	BEST    SUCCESS              *685197941.102000 (89.41%) [0 edit(s)] [cached] 
2024-08-19 16:12:03,800	[INFO]	17-1    SUCCESS              +685197941.102000 (89.41%) [2 edit(s)] [cached] 
2024-08-19 16:12:03,800	[DEBUG]	patch(17-1)="SrcmlStmtDeletion(('src/main/java/weka/classifiers/trees/RandomForest.java.xml', 'stmt', 57)) | SrcmlStmtDeletion(('src/main/java/weka/classifiers/trees/RandomForest.java.xml', 'stmt', 119))"
2024-08-19 16:12:03,803	[INFO]	17-2    SUCCESS               802902473.954000 (104.77%) [4 edit(s)] [cached] 
2024-08-19 16:12:03,803	[DEBUG]	patch(17-2)="SrcmlStmtDeletion(('src/main/java/weka/classifiers/trees/RandomForest.java.xml', 'stmt', 135)) | SrcmlStmtDeletion(('src/main/java/weka/classifiers/trees/RandomForest.java.xml', 'stmt', 119)) | SrcmlStmtDeletion(('src/main/java/weka/classifiers/trees/RandomForest.java.xml', 'stmt', 57)) | SrcmlStmtDeletion(('src/main/java/weka/classifiers/trees/RandomForest.java.xml', 'stmt', 119))"
2024-08-19 16:12:03,805	[INFO]	17-3    SUCCESS               685197941.102000 (89.41%) [2 edit(s)] [cached] 
2024-08-19 16:12:03,805	[DEBUG]	patch(17-3)="SrcmlStmtDeletion(('src/main/java/weka/classifiers/trees/RandomForest.java.xml', 'stmt', 57)) | SrcmlStmtDeletion(('src/main/java/weka/classifiers/trees/RandomForest.java.xml', 'stmt', 119))"
2024-08-19 16:12:03,807	[INFO]	17-4    SUCCESS               731503583.136000 (95.46%) [1 edit(s)] [cached] 
2024-08-19 16:12:03,807	[DEBUG]	patch(17-4)="SrcmlStmtDeletion(('src/main/java/weka/classifiers/trees/RandomForest.java.xml', 'stmt', 57))"
2024-08-19 16:12:03,809	[INFO]	17-5    SUCCESS               766324006.700000 (100.00%) [0 edit(s)] [cached] 
2024-08-19 16:12:03,809	[DEBUG]	patch(17-5)=""
2024-08-19 16:12:03,811	[INFO]	17-6    SUCCESS               714213750.116000 (93.20%) [1 edit(s)] [cached] 
2024-08-19 16:12:03,812	[DEBUG]	patch(17-6)="SrcmlStmtDeletion(('src/main/java/weka/classifiers/trees/RandomForest.java.xml', 'stmt', 135))"
2024-08-19 16:12:06,137	[INFO]	17-7    COMPILE_CODE_ERROR    None (--) [3 edit(s)]  
2024-08-19 16:12:06,137	[DEBUG]	patch(17-7)="SrcmlStmtDeletion(('src/main/java/weka/classifiers/trees/RandomForest.java.xml', 'stmt', 57)) | SrcmlStmtDeletion(('src/main/java/weka/classifiers/trees/RandomForest.java.xml', 'stmt', 119)) | SrcmlStmtReplacement(('src/main/java/weka/classifiers/trees/RandomForest.java.xml', 'stmt', 130), ('src/main/java/weka/classifiers/trees/RandomForest.java.xml', 'stmt', 33))"
2024-08-19 16:12:06,140	[INFO]	17-8    SUCCESS               685197941.102000 (89.41%) [2 edit(s)] [cached] 
2024-08-19 16:12:06,140	[DEBUG]	patch(17-8)="SrcmlStmtDeletion(('src/main/java/weka/classifiers/trees/RandomForest.java.xml', 'stmt', 57)) | SrcmlStmtDeletion(('src/main/java/weka/classifiers/trees/RandomForest.java.xml', 'stmt', 119))"
2024-08-19 16:12:08,484	[INFO]	17-9    COMPILE_CODE_ERROR    None (--) [2 edit(s)]  
2024-08-19 16:12:08,484	[DEBUG]	patch(17-9)="SrcmlStmtDeletion(('src/main/java/weka/classifiers/trees/RandomForest.java.xml', 'stmt', 57)) | SrcmlStmtInsertion(('src/main/java/weka/classifiers/trees/RandomForest.java.xml', '_inter_block', 119), ('src/main/java/weka/classifiers/trees/RandomForest.java.xml', 'stmt', 137))"
2024-08-19 16:12:10,395	[INFO]	17-10   COMPILE_CODE_ERROR    None (--) [1 edit(s)]  
2024-08-19 16:12:10,395	[DEBUG]	patch(17-10)="SrcmlStmtInsertion(('src/main/java/weka/classifiers/trees/RandomForest.java.xml', '_inter_block', 29), ('src/main/java/weka/classifiers/trees/RandomForest.java.xml', 'stmt', 24))"
2024-08-19 16:12:10,397	[INFO]	REF     SUCCESS               766324006.700000 (--) [0 edit(s)] [cached] 
2024-08-19 16:12:10,400	[INFO]	BEST    SUCCESS              *685197941.102000 (89.41%) [0 edit(s)] [cached] 
2024-08-19 16:12:10,403	[INFO]	18-1    SUCCESS              +685197941.102000 (89.41%) [2 edit(s)] [cached] 
2024-08-19 16:12:10,403	[DEBUG]	patch(18-1)="SrcmlStmtDeletion(('src/main/java/weka/classifiers/trees/RandomForest.java.xml', 'stmt', 57)) | SrcmlStmtDeletion(('src/main/java/weka/classifiers/trees/RandomForest.java.xml', 'stmt', 119))"
2024-08-19 16:13:37,234	[DEBUG]	EXEC>  SUCCESS 755329846.465
2024-08-19 16:13:37,234	[INFO]	18-2    SUCCESS               755329846.465000 (98.57%) [4 edit(s)]  
2024-08-19 16:13:37,234	[DEBUG]	patch(18-2)="SrcmlStmtDeletion(('src/main/java/weka/classifiers/trees/RandomForest.java.xml', 'stmt', 119)) | SrcmlStmtDeletion(('src/main/java/weka/classifiers/trees/RandomForest.java.xml', 'stmt', 135)) | SrcmlStmtDeletion(('src/main/java/weka/classifiers/trees/RandomForest.java.xml', 'stmt', 119)) | SrcmlStmtDeletion(('src/main/java/weka/classifiers/trees/RandomForest.java.xml', 'stmt', 119))"
2024-08-19 16:13:37,237	[INFO]	18-3    SUCCESS               714213750.116000 (93.20%) [1 edit(s)] [cached] 
2024-08-19 16:13:37,237	[DEBUG]	patch(18-3)="SrcmlStmtDeletion(('src/main/java/weka/classifiers/trees/RandomForest.java.xml', 'stmt', 135))"
2024-08-19 16:13:37,239	[INFO]	18-4    SUCCESS               731503583.136000 (95.46%) [2 edit(s)] [cached] 
2024-08-19 16:13:37,240	[DEBUG]	patch(18-4)="SrcmlStmtDeletion(('src/main/java/weka/classifiers/trees/RandomForest.java.xml', 'stmt', 57)) | SrcmlStmtDeletion(('src/main/java/weka/classifiers/trees/RandomForest.java.xml', 'stmt', 57))"
2024-08-19 16:13:37,242	[INFO]	18-5    SUCCESS               766324006.700000 (100.00%) [0 edit(s)] [cached] 
2024-08-19 16:13:37,242	[DEBUG]	patch(18-5)=""
2024-08-19 16:13:37,244	[INFO]	18-6    SUCCESS               685197941.102000 (89.41%) [3 edit(s)] [cached] 
2024-08-19 16:13:37,244	[DEBUG]	patch(18-6)="SrcmlStmtDeletion(('src/main/java/weka/classifiers/trees/RandomForest.java.xml', 'stmt', 57)) | SrcmlStmtDeletion(('src/main/java/weka/classifiers/trees/RandomForest.java.xml', 'stmt', 119)) | SrcmlStmtDeletion(('src/main/java/weka/classifiers/trees/RandomForest.java.xml', 'stmt', 57))"
2024-08-19 16:13:39,215	[INFO]	18-7    COMPILE_CODE_ERROR    None (--) [3 edit(s)]  
2024-08-19 16:13:39,215	[DEBUG]	patch(18-7)="SrcmlStmtDeletion(('src/main/java/weka/classifiers/trees/RandomForest.java.xml', 'stmt', 57)) | SrcmlStmtDeletion(('src/main/java/weka/classifiers/trees/RandomForest.java.xml', 'stmt', 119)) | SrcmlStmtInsertion(('src/main/java/weka/classifiers/trees/RandomForest.java.xml', '_inter_block', 0), ('src/main/java/weka/classifiers/trees/RandomForest.java.xml', 'stmt', 41))"
2024-08-19 16:15:05,051	[DEBUG]	EXEC>  SUCCESS 757100887.193
2024-08-19 16:15:05,051	[INFO]	18-8    SUCCESS               757100887.193000 (98.80%) [2 edit(s)]  
2024-08-19 16:15:05,051	[DEBUG]	patch(18-8)="SrcmlStmtDeletion(('src/main/java/weka/classifiers/trees/RandomForest.java.xml', 'stmt', 135)) | SrcmlStmtDeletion(('src/main/java/weka/classifiers/trees/RandomForest.java.xml', 'stmt', 44))"
2024-08-19 16:16:32,285	[DEBUG]	EXEC>  SUCCESS 863430467.067
2024-08-19 16:16:32,285	[INFO]	18-9    SUCCESS               863430467.067000 (112.67%) [2 edit(s)]  
2024-08-19 16:16:32,285	[DEBUG]	patch(18-9)="SrcmlStmtDeletion(('src/main/java/weka/classifiers/trees/RandomForest.java.xml', 'stmt', 57)) | SrcmlStmtDeletion(('src/main/java/weka/classifiers/trees/RandomForest.java.xml', 'stmt', 135))"
2024-08-19 16:16:32,288	[INFO]	~~~~ END ~~~~
2024-08-19 16:16:32,288	[INFO]	
2024-08-19 16:16:32,289	[INFO]	==== REPORT ====
2024-08-19 16:16:32,289	[INFO]	Termination: time budget
2024-08-19 16:16:32,289	[INFO]	Retries: 1
2024-08-19 16:16:32,289	[INFO]	Log file: /home/dbouras/magpie/_magpie_logs/weka_1724078099.log
2024-08-19 16:16:32,289	[INFO]	Patch file: _magpie_logs/weka_1724078099.patch
2024-08-19 16:16:32,289	[INFO]	Diff file: _magpie_logs/weka_1724078099.diff
2024-08-19 16:16:32,289	[INFO]	Reference fitness: 766324006.700000
2024-08-19 16:16:32,289	[INFO]	Best fitness: 685197941.102000
2024-08-19 16:16:32,289	[INFO]	
2024-08-19 16:16:32,290	[INFO]	==== BEST PATCH ====
SrcmlStmtDeletion(('src/main/java/weka/classifiers/trees/RandomForest.java.xml', 'stmt', 119)) | SrcmlStmtDeletion(('src/main/java/weka/classifiers/trees/RandomForest.java.xml', 'stmt', 57))
2024-08-19 16:16:32,290	[INFO]	
2024-08-19 16:16:32,290	[INFO]	==== DIFF ====
[1m--- before: src/main/java/weka/classifiers/trees/RandomForest.java[0m
[1m+++ after: src/main/java/weka/classifiers/trees/RandomForest.java[0m
[36m@@ -507,9 +507,7 @@[0m
         double[] impurityScores =
           computeAverageImpurityDecreasePerAttribute(nodeCounts);
         int[] sortedIndices = Utils.sort(impurityScores);
[31m-        buffer[0m
[31m-          .append("\n\nAttribute importance based on average impurity decrease "[0m
[31m-            + "(and number of nodes using that attribute)\n\n");[0m
[32m+        [0m
         for (int i = sortedIndices.length - 1; i >= 0; i--) {
           int index = sortedIndices[i];
           if (index != m_data.classIndex()) {
[36m@@ -813,8 +811,7 @@[0m
     setStoreOutOfBagPredictions(Utils.getFlag("store-out-of-bag-predictions",
       options));
 
[31m-    setOutputOutOfBagComplexityStatistics(Utils.getFlag([0m
[31m-      "output-out-of-bag-complexity-statistics", options));[0m
[32m+    [0m
 
     setPrintClassifiers(Utils.getFlag("print", options));
 

