2024-08-31 08:35:48,487	[DEBUG]	==== CONFIG ====
[magpie]
import = 
seed = 45
log_dir = _magpie_logs
work_dir = _magpie_work
local_original_copy = True
local_original_name = __original__
output_encoding = ascii
edit_retries = 10
default_timeout = 30
default_lengthout = 1e6
diff_method = unified
trust_local_filesystem = True

[magpie.log]
color_output = True
format_info = {counter:<7} {status:<20} {best}{fitness} ({ratio}) [{size}] {cached} {log}
format_debug = patch({counter})="{patch}"{diffifbest}
format_fitness = {:.6f}
format_ratio = {:.2%%}
format_patchif = 
	 --> {patch}
format_diffif = 
	{diff}

[software]
path = examples/zlib
target_files = zlib.params
software = BasicSoftware
model_rules = 
	*.params : ParamFileConfigModel
	*.xml : SrcmlModel
	* : LineModel
model_config = 
	*.params : [paramconfig]
	*.xml : [srcml]
init_cmd = 
init_timeout = 60
init_lengthout = -1
setup_cmd = 
setup_timeout = 
setup_lengthout = 
compile_cmd = 
compile_timeout = 
compile_lengthout = 
test_cmd = bash test.sh
test_timeout = 
test_lengthout = 
run_cmd = perf stat -e faults bash run_fixed.sh
run_timeout = 
run_lengthout = 
retries = 5
batch_timeout = 
batch_lengthout = 
batch_bin_fitness_strategy = aggregate
batch_fitness_strategy = sum
fitness = perf_faults

[srcml]
rename = 
	stmt: break continue decl_stmt do expr_stmt for goto if return switch while
	number: literal_number
focus = block stmt operator_comp operator_arith number
internodes = block
process_pseudo_blocks = True
process_literals = True
process_operators = True

[paramconfig]
timing = test run
cli_prefix = --
cli_glue = =
cli_boolean = show
cli_boolean_prefix_true = 
cli_boolean_prefix_false = no-
cli_none = hide
silent_prefix = @
silent_suffix = $

[search]
protocol = BasicProtocol
algorithm = GeneticProgrammingUniformConcat
possible_edits = ParamSetting
warmup = 3
warmup_strategy = last
max_steps = 1000
max_time = 1800
target_fitness = 
cache_maxsize = 100
cache_keep = 0.2
batch_instances = 
batch_shuffle = True
batch_bin_shuffle = False
batch_sample_size = 1

[search.ls]
delete_prob = 0.5
max_neighbours = 
when_trapped = continue
accept_fail = False
tabu_length = 10

[search.gp]
pop_size = 10
delete_prob = 0.5
offspring_elitism = 0.1
offspring_crossover = 0.5
offspring_mutation = 0.4
uniform_rate = 0.5
batch_reset = True

[search.minify]
do_cleanup = True
do_rebuild = True
do_simplify = True
round_robin_limit = 3


2024-08-31 08:35:48,487	[DEBUG]	
2024-08-31 08:35:48,488	[INFO]	==== SEARCH: GeneticProgrammingUniformConcat ====
2024-08-31 08:35:48,488	[INFO]	~~~~ WARMUP ~~~~
2024-08-31 08:36:45,089	[DEBUG]	EXEC>  SUCCESS 3196.2
2024-08-31 08:36:45,090	[INFO]	WARM    SUCCESS               3196.200000 (--) [0 edit(s)]  
2024-08-31 08:37:37,367	[DEBUG]	EXEC>  SUCCESS 3194.8
2024-08-31 08:37:37,367	[INFO]	WARM    SUCCESS               3194.800000 (--) [0 edit(s)]  
2024-08-31 08:38:29,615	[DEBUG]	EXEC>  SUCCESS 3193.8
2024-08-31 08:38:29,615	[INFO]	WARM    SUCCESS               3193.800000 (--) [0 edit(s)]  
2024-08-31 08:38:29,615	[INFO]	REF     SUCCESS               3193.800000 (--) [0 edit(s)]  
2024-08-31 08:38:29,615	[INFO]	
2024-08-31 08:38:29,615	[INFO]	~~~~ START ~~~~
2024-08-31 08:38:53,845	[DEBUG]	EXEC>  SUCCESS 3224.4
2024-08-31 08:38:53,845	[INFO]	0-1     SUCCESS              +3224.400000 (100.96%) [1 edit(s)]  
2024-08-31 08:38:53,846	[DEBUG]	patch(0-1)="ParamSetting(('zlib.params', 'param', 'strategy'), 2)"
2024-08-31 08:39:30,355	[DEBUG]	EXEC>  TIMEOUT None
2024-08-31 08:39:30,355	[INFO]	0-2     RUN_TIMEOUT           None (--) [1 edit(s)]  
2024-08-31 08:39:30,355	[DEBUG]	patch(0-2)="ParamSetting(('zlib.params', 'param', 'memLevel'), 1)"
2024-08-31 08:40:19,129	[DEBUG]	EXEC>  SUCCESS 3200.2
2024-08-31 08:40:19,129	[INFO]	0-3     SUCCESS              +3200.200000 (100.20%) [1 edit(s)]  
2024-08-31 08:40:19,129	[DEBUG]	patch(0-3)="ParamSetting(('zlib.params', 'param', 'level'), 2)"
2024-08-31 08:40:51,935	[DEBUG]	EXEC>  TIMEOUT None
2024-08-31 08:40:51,935	[INFO]	0-4     RUN_TIMEOUT           None (--) [1 edit(s)]  
2024-08-31 08:40:51,935	[DEBUG]	patch(0-4)="ParamSetting(('zlib.params', 'param', 'memLevel'), 3)"
2024-08-31 08:41:44,618	[DEBUG]	EXEC>  SUCCESS 3196.4
2024-08-31 08:41:44,618	[INFO]	0-5     SUCCESS              +3196.400000 (100.08%) [1 edit(s)]  
2024-08-31 08:41:44,618	[DEBUG]	patch(0-5)="ParamSetting(('zlib.params', 'param', 'level'), 7)"
2024-08-31 08:42:33,055	[DEBUG]	EXEC>  SUCCESS 3201.2
2024-08-31 08:42:33,055	[INFO]	0-6     SUCCESS               3201.200000 (100.23%) [1 edit(s)]  
2024-08-31 08:42:33,055	[DEBUG]	patch(0-6)="ParamSetting(('zlib.params', 'param', 'level'), 3)"
2024-08-31 08:43:59,294	[DEBUG]	EXEC>  SUCCESS 3139.4
2024-08-31 08:43:59,294	[INFO]	0-7     SUCCESS              *3139.400000 (98.30%) [1 edit(s)]  
2024-08-31 08:43:59,294	[DEBUG]	patch(0-7)="ParamSetting(('zlib.params', 'param', 'memLevel'), 6)"
--- before: zlib.params
+++ after: zlib.params
@@ -1,4 +1,4 @@
 level := 6
 wbits := '15'
-memLevel := 8
+memLevel := 6
 strategy := 0

2024-08-31 08:44:47,517	[DEBUG]	EXEC>  SUCCESS 3201.8
2024-08-31 08:44:47,517	[INFO]	0-8     SUCCESS               3201.800000 (100.25%) [1 edit(s)]  
2024-08-31 08:44:47,517	[DEBUG]	patch(0-8)="ParamSetting(('zlib.params', 'param', 'level'), 1)"
2024-08-31 08:45:40,382	[DEBUG]	EXEC>  SUCCESS 3200.0
2024-08-31 08:45:40,383	[INFO]	0-9     SUCCESS               3200.000000 (100.19%) [1 edit(s)]  
2024-08-31 08:45:40,383	[DEBUG]	patch(0-9)="ParamSetting(('zlib.params', 'param', 'strategy'), 4)"
2024-08-31 08:46:33,549	[DEBUG]	EXEC>  SUCCESS 3132.6
2024-08-31 08:46:33,549	[INFO]	0-10    SUCCESS              *3132.600000 (98.08%) [1 edit(s)]  
2024-08-31 08:46:33,550	[DEBUG]	patch(0-10)="ParamSetting(('zlib.params', 'param', 'wbits'), '27')"
--- before: zlib.params
+++ after: zlib.params
@@ -1,4 +1,4 @@
 level := 6
-wbits := '15'
+wbits := '27'
 memLevel := 8
 strategy := 0

2024-08-31 08:46:33,550	[INFO]	REF     SUCCESS               3193.800000 (--) [0 edit(s)] [cached] 
2024-08-31 08:46:33,551	[INFO]	BEST    SUCCESS              *3132.600000 (98.08%) [0 edit(s)] [cached] 
2024-08-31 08:46:33,552	[INFO]	1-1     SUCCESS              +3132.600000 (98.08%) [1 edit(s)] [cached] 
2024-08-31 08:46:33,552	[DEBUG]	patch(1-1)="ParamSetting(('zlib.params', 'param', 'wbits'), '27')"
2024-08-31 08:46:33,553	[INFO]	1-2     SUCCESS               3132.600000 (98.08%) [1 edit(s)] [cached] 
2024-08-31 08:46:33,553	[DEBUG]	patch(1-2)="ParamSetting(('zlib.params', 'param', 'wbits'), '27')"
2024-08-31 08:46:33,553	[INFO]	1-3     SUCCESS               3200.000000 (100.19%) [1 edit(s)] [cached] 
2024-08-31 08:46:33,553	[DEBUG]	patch(1-3)="ParamSetting(('zlib.params', 'param', 'strategy'), 4)"
2024-08-31 08:46:33,554	[INFO]	1-4     SUCCESS               3196.400000 (100.08%) [1 edit(s)] [cached] 
2024-08-31 08:46:33,554	[DEBUG]	patch(1-4)="ParamSetting(('zlib.params', 'param', 'level'), 7)"
2024-08-31 08:47:27,128	[DEBUG]	EXEC>  SUCCESS 3136.4
2024-08-31 08:47:27,129	[INFO]	1-5     SUCCESS               3136.400000 (98.20%) [2 edit(s)]  
2024-08-31 08:47:27,129	[DEBUG]	patch(1-5)="ParamSetting(('zlib.params', 'param', 'strategy'), 4) | ParamSetting(('zlib.params', 'param', 'wbits'), '27')"
2024-08-31 08:47:27,129	[INFO]	1-6     SUCCESS               3200.200000 (100.20%) [1 edit(s)] [cached] 
2024-08-31 08:47:27,129	[DEBUG]	patch(1-6)="ParamSetting(('zlib.params', 'param', 'level'), 2)"
2024-08-31 08:48:24,945	[DEBUG]	EXEC>  SUCCESS 3074.8
2024-08-31 08:48:24,945	[INFO]	1-7     SUCCESS              *3074.800000 (96.27%) [2 edit(s)]  
2024-08-31 08:48:24,946	[DEBUG]	patch(1-7)="ParamSetting(('zlib.params', 'param', 'wbits'), '27') | ParamSetting(('zlib.params', 'param', 'memLevel'), 5)"
--- before: zlib.params
+++ after: zlib.params
@@ -1,4 +1,4 @@
 level := 6
-wbits := '15'
-memLevel := 8
+wbits := '27'
+memLevel := 5
 strategy := 0

2024-08-31 08:48:24,946	[INFO]	1-8     SUCCESS               3193.800000 (100.00%) [0 edit(s)] [cached] 
2024-08-31 08:48:24,946	[DEBUG]	patch(1-8)=""
2024-08-31 08:48:24,947	[INFO]	1-9     SUCCESS               3193.800000 (100.00%) [0 edit(s)] [cached] 
2024-08-31 08:48:24,947	[DEBUG]	patch(1-9)=""
2024-08-31 08:49:13,461	[DEBUG]	EXEC>  SUCCESS 3201.8
2024-08-31 08:49:13,461	[INFO]	1-10    SUCCESS               3201.800000 (100.25%) [2 edit(s)]  
2024-08-31 08:49:13,461	[DEBUG]	patch(1-10)="ParamSetting(('zlib.params', 'param', 'strategy'), 4) | ParamSetting(('zlib.params', 'param', 'level'), 3)"
2024-08-31 08:49:13,462	[INFO]	REF     SUCCESS               3193.800000 (--) [0 edit(s)] [cached] 
2024-08-31 08:49:13,463	[INFO]	BEST    SUCCESS              *3074.800000 (96.27%) [0 edit(s)] [cached] 
2024-08-31 08:49:13,464	[INFO]	2-1     SUCCESS              +3074.800000 (96.27%) [2 edit(s)] [cached] 
2024-08-31 08:49:13,464	[DEBUG]	patch(2-1)="ParamSetting(('zlib.params', 'param', 'wbits'), '27') | ParamSetting(('zlib.params', 'param', 'memLevel'), 5)"
2024-08-31 08:49:13,464	[INFO]	2-2     SUCCESS               3132.600000 (98.08%) [1 edit(s)] [cached] 
2024-08-31 08:49:13,465	[DEBUG]	patch(2-2)="ParamSetting(('zlib.params', 'param', 'wbits'), '27')"
2024-08-31 08:49:13,465	[INFO]	2-3     SUCCESS               3132.600000 (98.08%) [2 edit(s)] [cached] 
2024-08-31 08:49:13,465	[DEBUG]	patch(2-3)="ParamSetting(('zlib.params', 'param', 'wbits'), '27') | ParamSetting(('zlib.params', 'param', 'wbits'), '27')"
2024-08-31 08:49:13,466	[INFO]	2-4     SUCCESS               3136.400000 (98.20%) [3 edit(s)] [cached] 
2024-08-31 08:49:13,466	[DEBUG]	patch(2-4)="ParamSetting(('zlib.params', 'param', 'strategy'), 4) | ParamSetting(('zlib.params', 'param', 'wbits'), '27') | ParamSetting(('zlib.params', 'param', 'wbits'), '27')"
2024-08-31 08:49:13,466	[INFO]	2-5     SUCCESS               3200.200000 (100.20%) [1 edit(s)] [cached] 
2024-08-31 08:49:13,466	[DEBUG]	patch(2-5)="ParamSetting(('zlib.params', 'param', 'level'), 2)"
2024-08-31 08:50:06,571	[DEBUG]	EXEC>  SUCCESS 3135.2
2024-08-31 08:50:06,571	[INFO]	2-6     SUCCESS               3135.200000 (98.17%) [2 edit(s)]  
2024-08-31 08:50:06,571	[DEBUG]	patch(2-6)="ParamSetting(('zlib.params', 'param', 'level'), 7) | ParamSetting(('zlib.params', 'param', 'wbits'), '27')"
2024-08-31 08:50:59,817	[DEBUG]	EXEC>  SUCCESS 3074.6
2024-08-31 08:50:59,817	[INFO]	2-7     SUCCESS              *3074.600000 (96.27%) [3 edit(s)]  
2024-08-31 08:50:59,817	[DEBUG]	patch(2-7)="ParamSetting(('zlib.params', 'param', 'wbits'), '27') | ParamSetting(('zlib.params', 'param', 'memLevel'), 5) | ParamSetting(('zlib.params', 'param', 'memLevel'), 6)"
--- before: zlib.params
+++ after: zlib.params
@@ -1,4 +1,4 @@
 level := 6
-wbits := '15'
-memLevel := 8
+wbits := '27'
+memLevel := 6
 strategy := 0

2024-08-31 08:50:59,818	[INFO]	2-8     SUCCESS               3193.800000 (100.00%) [0 edit(s)] [cached] 
2024-08-31 08:50:59,818	[DEBUG]	patch(2-8)=""
2024-08-31 08:50:59,818	[INFO]	2-9     SUCCESS               3136.400000 (98.20%) [3 edit(s)] [cached] 
2024-08-31 08:50:59,818	[DEBUG]	patch(2-9)="ParamSetting(('zlib.params', 'param', 'strategy'), 4) | ParamSetting(('zlib.params', 'param', 'wbits'), '27') | ParamSetting(('zlib.params', 'param', 'strategy'), 4)"
2024-08-31 08:51:52,537	[DEBUG]	EXEC>  SUCCESS 3196.4
2024-08-31 08:51:52,537	[INFO]	2-10    SUCCESS               3196.400000 (100.08%) [1 edit(s)]  
2024-08-31 08:51:52,537	[DEBUG]	patch(2-10)="ParamSetting(('zlib.params', 'param', 'level'), 4)"
2024-08-31 08:51:52,538	[INFO]	REF     SUCCESS               3193.800000 (--) [0 edit(s)] [cached] 
2024-08-31 08:51:52,539	[INFO]	BEST    SUCCESS              *3074.600000 (96.27%) [0 edit(s)] [cached] 
2024-08-31 08:51:52,540	[INFO]	3-1     SUCCESS              +3074.600000 (96.27%) [3 edit(s)] [cached] 
2024-08-31 08:51:52,540	[DEBUG]	patch(3-1)="ParamSetting(('zlib.params', 'param', 'wbits'), '27') | ParamSetting(('zlib.params', 'param', 'memLevel'), 5) | ParamSetting(('zlib.params', 'param', 'memLevel'), 6)"
2024-08-31 08:53:43,443	[DEBUG]	EXEC>  SUCCESS 3122.4
2024-08-31 08:53:43,443	[INFO]	3-2     SUCCESS               3122.400000 (97.76%) [1 edit(s)]  
2024-08-31 08:53:43,443	[DEBUG]	patch(3-2)="ParamSetting(('zlib.params', 'param', 'memLevel'), 5)"
2024-08-31 08:54:41,314	[DEBUG]	EXEC>  SUCCESS 3072.4
2024-08-31 08:54:41,314	[INFO]	3-3     SUCCESS              *3072.400000 (96.20%) [3 edit(s)]  
2024-08-31 08:54:41,314	[DEBUG]	patch(3-3)="ParamSetting(('zlib.params', 'param', 'wbits'), '27') | ParamSetting(('zlib.params', 'param', 'memLevel'), 5) | ParamSetting(('zlib.params', 'param', 'level'), 7)"
--- before: zlib.params
+++ after: zlib.params
@@ -1,4 +1,4 @@
-level := 6
-wbits := '15'
-memLevel := 8
+level := 7
+wbits := '27'
+memLevel := 5
 strategy := 0

2024-08-31 08:54:41,315	[INFO]	3-4     SUCCESS               3132.600000 (98.08%) [2 edit(s)] [cached] 
2024-08-31 08:54:41,315	[DEBUG]	patch(3-4)="ParamSetting(('zlib.params', 'param', 'wbits'), '27') | ParamSetting(('zlib.params', 'param', 'wbits'), '27')"
2024-08-31 08:54:41,316	[INFO]	3-5     SUCCESS               3132.600000 (98.08%) [1 edit(s)] [cached] 
2024-08-31 08:54:41,316	[DEBUG]	patch(3-5)="ParamSetting(('zlib.params', 'param', 'wbits'), '27')"
2024-08-31 08:54:41,316	[INFO]	3-6     SUCCESS               3196.400000 (100.08%) [1 edit(s)] [cached] 
2024-08-31 08:54:41,316	[DEBUG]	patch(3-6)="ParamSetting(('zlib.params', 'param', 'level'), 7)"
2024-08-31 08:54:41,317	[INFO]	3-7     SUCCESS               3074.600000 (96.27%) [4 edit(s)] [cached] 
2024-08-31 08:54:41,317	[DEBUG]	patch(3-7)="ParamSetting(('zlib.params', 'param', 'wbits'), '27') | ParamSetting(('zlib.params', 'param', 'memLevel'), 5) | ParamSetting(('zlib.params', 'param', 'memLevel'), 6) | ParamSetting(('zlib.params', 'param', 'wbits'), '27')"
2024-08-31 08:55:37,244	[DEBUG]	EXEC>  SUCCESS 3070.8
2024-08-31 08:55:37,244	[INFO]	3-8     SUCCESS              *3070.800000 (96.15%) [3 edit(s)]  
2024-08-31 08:55:37,244	[DEBUG]	patch(3-8)="ParamSetting(('zlib.params', 'param', 'wbits'), '27') | ParamSetting(('zlib.params', 'param', 'memLevel'), 5) | ParamSetting(('zlib.params', 'param', 'level'), 3)"
--- before: zlib.params
+++ after: zlib.params
@@ -1,4 +1,4 @@
-level := 6
-wbits := '15'
-memLevel := 8
+level := 3
+wbits := '27'
+memLevel := 5
 strategy := 0

2024-08-31 08:56:26,010	[DEBUG]	EXEC>  SUCCESS 3094.0
2024-08-31 08:56:26,010	[INFO]	3-9     SUCCESS               3094.000000 (96.88%) [3 edit(s)]  
2024-08-31 08:56:26,010	[DEBUG]	patch(3-9)="ParamSetting(('zlib.params', 'param', 'wbits'), '27') | ParamSetting(('zlib.params', 'param', 'wbits'), '27') | ParamSetting(('zlib.params', 'param', 'memLevel'), 7)"
2024-08-31 08:56:26,075	[INFO]	3-10    TEST_CODE_ERROR       None (--) [2 edit(s)]  
2024-08-31 08:56:26,075	[DEBUG]	patch(3-10)="ParamSetting(('zlib.params', 'param', 'wbits'), '27') | ParamSetting(('zlib.params', 'param', 'wbits'), '8')"
2024-08-31 08:56:26,076	[INFO]	REF     SUCCESS               3193.800000 (--) [0 edit(s)] [cached] 
2024-08-31 08:56:26,076	[INFO]	BEST    SUCCESS              *3070.800000 (96.15%) [0 edit(s)] [cached] 
2024-08-31 08:56:26,078	[INFO]	4-1     SUCCESS              +3070.800000 (96.15%) [3 edit(s)] [cached] 
2024-08-31 08:56:26,078	[DEBUG]	patch(4-1)="ParamSetting(('zlib.params', 'param', 'wbits'), '27') | ParamSetting(('zlib.params', 'param', 'memLevel'), 5) | ParamSetting(('zlib.params', 'param', 'level'), 3)"
2024-08-31 08:56:26,079	[INFO]	4-2     SUCCESS               3070.800000 (96.15%) [3 edit(s)] [cached] 
2024-08-31 08:56:26,079	[DEBUG]	patch(4-2)="ParamSetting(('zlib.params', 'param', 'wbits'), '27') | ParamSetting(('zlib.params', 'param', 'memLevel'), 5) | ParamSetting(('zlib.params', 'param', 'level'), 3)"
2024-08-31 08:56:26,079	[INFO]	4-3     SUCCESS               3122.400000 (97.76%) [1 edit(s)] [cached] 
2024-08-31 08:56:26,079	[DEBUG]	patch(4-3)="ParamSetting(('zlib.params', 'param', 'memLevel'), 5)"
2024-08-31 08:56:26,080	[INFO]	4-4     SUCCESS               3074.600000 (96.27%) [6 edit(s)] [cached] 
2024-08-31 08:56:26,080	[DEBUG]	patch(4-4)="ParamSetting(('zlib.params', 'param', 'wbits'), '27') | ParamSetting(('zlib.params', 'param', 'memLevel'), 6) | ParamSetting(('zlib.params', 'param', 'wbits'), '27') | ParamSetting(('zlib.params', 'param', 'memLevel'), 5) | ParamSetting(('zlib.params', 'param', 'memLevel'), 6) | ParamSetting(('zlib.params', 'param', 'wbits'), '27')"
2024-08-31 08:56:26,081	[INFO]	4-5     SUCCESS               3074.800000 (96.27%) [4 edit(s)] [cached] 
2024-08-31 08:56:26,081	[DEBUG]	patch(4-5)="ParamSetting(('zlib.params', 'param', 'wbits'), '27') | ParamSetting(('zlib.params', 'param', 'wbits'), '27') | ParamSetting(('zlib.params', 'param', 'wbits'), '27') | ParamSetting(('zlib.params', 'param', 'memLevel'), 5)"
2024-08-31 08:56:26,081	[INFO]	4-6     SUCCESS               3132.600000 (98.08%) [2 edit(s)] [cached] 
2024-08-31 08:56:26,081	[DEBUG]	patch(4-6)="ParamSetting(('zlib.params', 'param', 'wbits'), '27') | ParamSetting(('zlib.params', 'param', 'wbits'), '27')"
2024-08-31 08:56:26,082	[INFO]	4-7     SUCCESS               3074.800000 (96.27%) [2 edit(s)] [cached] 
2024-08-31 08:56:26,082	[DEBUG]	patch(4-7)="ParamSetting(('zlib.params', 'param', 'wbits'), '27') | ParamSetting(('zlib.params', 'param', 'memLevel'), 5)"
2024-08-31 08:58:15,731	[DEBUG]	EXEC>  SUCCESS 3127.2
2024-08-31 08:58:15,731	[INFO]	4-8     SUCCESS               3127.200000 (97.91%) [2 edit(s)]  
2024-08-31 08:58:15,731	[DEBUG]	patch(4-8)="ParamSetting(('zlib.params', 'param', 'memLevel'), 5) | ParamSetting(('zlib.params', 'param', 'level'), 7)"
2024-08-31 08:58:15,732	[INFO]	4-9     SUCCESS               3139.400000 (98.30%) [2 edit(s)] [cached] 
2024-08-31 08:58:15,732	[DEBUG]	patch(4-9)="ParamSetting(('zlib.params', 'param', 'memLevel'), 5) | ParamSetting(('zlib.params', 'param', 'memLevel'), 6)"
2024-08-31 08:59:58,505	[DEBUG]	EXEC>  SUCCESS 3072.0
2024-08-31 08:59:58,505	[INFO]	4-10    SUCCESS               3072.000000 (96.19%) [5 edit(s)]  
2024-08-31 08:59:58,505	[DEBUG]	patch(4-10)="ParamSetting(('zlib.params', 'param', 'wbits'), '27') | ParamSetting(('zlib.params', 'param', 'memLevel'), 5) | ParamSetting(('zlib.params', 'param', 'memLevel'), 6) | ParamSetting(('zlib.params', 'param', 'wbits'), '27') | ParamSetting(('zlib.params', 'param', 'memLevel'), 3)"
2024-08-31 08:59:58,506	[INFO]	REF     SUCCESS               3193.800000 (--) [0 edit(s)] [cached] 
2024-08-31 08:59:58,507	[INFO]	BEST    SUCCESS              *3070.800000 (96.15%) [0 edit(s)] [cached] 
2024-08-31 08:59:58,509	[INFO]	5-1     SUCCESS              +3070.800000 (96.15%) [3 edit(s)] [cached] 
2024-08-31 08:59:58,509	[DEBUG]	patch(5-1)="ParamSetting(('zlib.params', 'param', 'wbits'), '27') | ParamSetting(('zlib.params', 'param', 'memLevel'), 5) | ParamSetting(('zlib.params', 'param', 'level'), 3)"
2024-08-31 08:59:58,509	[INFO]	5-2     SUCCESS               3074.800000 (96.27%) [2 edit(s)] [cached] 
2024-08-31 08:59:58,509	[DEBUG]	patch(5-2)="ParamSetting(('zlib.params', 'param', 'memLevel'), 5) | ParamSetting(('zlib.params', 'param', 'wbits'), '27')"
2024-08-31 08:59:58,510	[INFO]	5-3     SUCCESS               3074.600000 (96.27%) [6 edit(s)] [cached] 
2024-08-31 08:59:58,510	[DEBUG]	patch(5-3)="ParamSetting(('zlib.params', 'param', 'wbits'), '27') | ParamSetting(('zlib.params', 'param', 'memLevel'), 5) | ParamSetting(('zlib.params', 'param', 'wbits'), '27') | ParamSetting(('zlib.params', 'param', 'memLevel'), 5) | ParamSetting(('zlib.params', 'param', 'memLevel'), 6) | ParamSetting(('zlib.params', 'param', 'wbits'), '27')"
2024-08-31 08:59:58,511	[INFO]	5-4     SUCCESS               3139.400000 (98.30%) [3 edit(s)] [cached] 
2024-08-31 08:59:58,511	[DEBUG]	patch(5-4)="ParamSetting(('zlib.params', 'param', 'memLevel'), 6) | ParamSetting(('zlib.params', 'param', 'memLevel'), 5) | ParamSetting(('zlib.params', 'param', 'memLevel'), 6)"
2024-08-31 08:59:58,511	[INFO]	5-5     SUCCESS               3074.800000 (96.27%) [6 edit(s)] [cached] 
2024-08-31 08:59:58,511	[DEBUG]	patch(5-5)="ParamSetting(('zlib.params', 'param', 'wbits'), '27') | ParamSetting(('zlib.params', 'param', 'memLevel'), 6) | ParamSetting(('zlib.params', 'param', 'memLevel'), 3) | ParamSetting(('zlib.params', 'param', 'wbits'), '27') | ParamSetting(('zlib.params', 'param', 'wbits'), '27') | ParamSetting(('zlib.params', 'param', 'memLevel'), 5)"
2024-08-31 08:59:58,512	[INFO]	5-6     SUCCESS               3132.600000 (98.08%) [1 edit(s)] [cached] 
2024-08-31 08:59:58,512	[DEBUG]	patch(5-6)="ParamSetting(('zlib.params', 'param', 'wbits'), '27')"
2024-08-31 09:01:40,341	[DEBUG]	EXEC>  SUCCESS 3125.0
2024-08-31 09:01:40,342	[INFO]	5-7     SUCCESS               3125.000000 (97.85%) [2 edit(s)]  
2024-08-31 09:01:40,342	[DEBUG]	patch(5-7)="ParamSetting(('zlib.params', 'param', 'memLevel'), 5) | ParamSetting(('zlib.params', 'param', 'level'), 3)"
2024-08-31 09:03:20,498	[DEBUG]	EXEC>  SUCCESS 3070.8
2024-08-31 09:03:20,498	[INFO]	5-8     SUCCESS               3070.800000 (96.15%) [6 edit(s)]  
2024-08-31 09:03:20,498	[DEBUG]	patch(5-8)="ParamSetting(('zlib.params', 'param', 'wbits'), '27') | ParamSetting(('zlib.params', 'param', 'memLevel'), 5) | ParamSetting(('zlib.params', 'param', 'memLevel'), 6) | ParamSetting(('zlib.params', 'param', 'wbits'), '27') | ParamSetting(('zlib.params', 'param', 'memLevel'), 3) | ParamSetting(('zlib.params', 'param', 'level'), 1)"
2024-08-31 09:03:20,498	[INFO]	5-9     SUCCESS               3074.600000 (96.27%) [5 edit(s)] [cached] 
2024-08-31 09:03:20,499	[DEBUG]	patch(5-9)="ParamSetting(('zlib.params', 'param', 'wbits'), '27') | ParamSetting(('zlib.params', 'param', 'memLevel'), 6) | ParamSetting(('zlib.params', 'param', 'wbits'), '27') | ParamSetting(('zlib.params', 'param', 'memLevel'), 5) | ParamSetting(('zlib.params', 'param', 'memLevel'), 6)"
2024-08-31 09:03:20,499	[INFO]	5-10    SUCCESS               3074.800000 (96.27%) [3 edit(s)] [cached] 
2024-08-31 09:03:20,499	[DEBUG]	patch(5-10)="ParamSetting(('zlib.params', 'param', 'wbits'), '27') | ParamSetting(('zlib.params', 'param', 'wbits'), '27') | ParamSetting(('zlib.params', 'param', 'memLevel'), 5)"
2024-08-31 09:03:20,500	[INFO]	REF     SUCCESS               3193.800000 (--) [0 edit(s)] [cached] 
2024-08-31 09:03:20,500	[INFO]	BEST    SUCCESS              *3070.800000 (96.15%) [0 edit(s)] [cached] 
2024-08-31 09:03:20,503	[INFO]	6-1     SUCCESS              +3070.800000 (96.15%) [6 edit(s)] [cached] 
2024-08-31 09:03:20,503	[DEBUG]	patch(6-1)="ParamSetting(('zlib.params', 'param', 'wbits'), '27') | ParamSetting(('zlib.params', 'param', 'memLevel'), 5) | ParamSetting(('zlib.params', 'param', 'memLevel'), 6) | ParamSetting(('zlib.params', 'param', 'wbits'), '27') | ParamSetting(('zlib.params', 'param', 'memLevel'), 3) | ParamSetting(('zlib.params', 'param', 'level'), 1)"
2024-08-31 09:03:20,503	[INFO]	6-2     SUCCESS               3074.800000 (96.27%) [4 edit(s)] [cached] 
2024-08-31 09:03:20,503	[DEBUG]	patch(6-2)="ParamSetting(('zlib.params', 'param', 'memLevel'), 5) | ParamSetting(('zlib.params', 'param', 'memLevel'), 6) | ParamSetting(('zlib.params', 'param', 'wbits'), '27') | ParamSetting(('zlib.params', 'param', 'memLevel'), 5)"
2024-08-31 09:03:20,504	[INFO]	6-3     SUCCESS               3122.400000 (97.76%) [4 edit(s)] [cached] 
2024-08-31 09:03:20,504	[DEBUG]	patch(6-3)="ParamSetting(('zlib.params', 'param', 'memLevel'), 6) | ParamSetting(('zlib.params', 'param', 'memLevel'), 3) | ParamSetting(('zlib.params', 'param', 'memLevel'), 5) | ParamSetting(('zlib.params', 'param', 'memLevel'), 5)"
2024-08-31 09:03:20,504	[INFO]	6-4     SUCCESS               3074.800000 (96.27%) [7 edit(s)] [cached] 
2024-08-31 09:03:20,505	[DEBUG]	patch(6-4)="ParamSetting(('zlib.params', 'param', 'wbits'), '27') | ParamSetting(('zlib.params', 'param', 'memLevel'), 5) | ParamSetting(('zlib.params', 'param', 'memLevel'), 5) | ParamSetting(('zlib.params', 'param', 'memLevel'), 6) | ParamSetting(('zlib.params', 'param', 'memLevel'), 3) | ParamSetting(('zlib.params', 'param', 'wbits'), '27') | ParamSetting(('zlib.params', 'param', 'memLevel'), 5)"
2024-08-31 09:03:20,505	[INFO]	6-5     SUCCESS               3074.800000 (96.27%) [4 edit(s)] [cached] 
2024-08-31 09:03:20,505	[DEBUG]	patch(6-5)="ParamSetting(('zlib.params', 'param', 'memLevel'), 5) | ParamSetting(('zlib.params', 'param', 'wbits'), '27') | ParamSetting(('zlib.params', 'param', 'wbits'), '27') | ParamSetting(('zlib.params', 'param', 'wbits'), '27')"
2024-08-31 09:03:20,506	[INFO]	6-6     SUCCESS               3122.400000 (97.76%) [1 edit(s)] [cached] 
2024-08-31 09:03:20,506	[DEBUG]	patch(6-6)="ParamSetting(('zlib.params', 'param', 'memLevel'), 5)"
2024-08-31 09:04:57,139	[DEBUG]	EXEC>  SUCCESS 3072.0
2024-08-31 09:04:57,140	[INFO]	6-7     SUCCESS               3072.000000 (96.19%) [7 edit(s)]  
2024-08-31 09:04:57,140	[DEBUG]	patch(6-7)="ParamSetting(('zlib.params', 'param', 'wbits'), '27') | ParamSetting(('zlib.params', 'param', 'memLevel'), 5) | ParamSetting(('zlib.params', 'param', 'memLevel'), 6) | ParamSetting(('zlib.params', 'param', 'wbits'), '27') | ParamSetting(('zlib.params', 'param', 'memLevel'), 3) | ParamSetting(('zlib.params', 'param', 'level'), 1) | ParamSetting(('zlib.params', 'param', 'strategy'), 4)"
2024-08-31 09:04:57,140	[INFO]	6-8     SUCCESS               3074.800000 (96.27%) [4 edit(s)] [cached] 
2024-08-31 09:04:57,140	[DEBUG]	patch(6-8)="ParamSetting(('zlib.params', 'param', 'wbits'), '27') | ParamSetting(('zlib.params', 'param', 'memLevel'), 5) | ParamSetting(('zlib.params', 'param', 'level'), 3) | ParamSetting(('zlib.params', 'param', 'level'), 6)"
2024-08-31 09:04:57,141	[INFO]	6-9     SUCCESS               3074.600000 (96.27%) [5 edit(s)] [cached] 
2024-08-31 09:04:57,141	[DEBUG]	patch(6-9)="ParamSetting(('zlib.params', 'param', 'wbits'), '27') | ParamSetting(('zlib.params', 'param', 'memLevel'), 5) | ParamSetting(('zlib.params', 'param', 'wbits'), '27') | ParamSetting(('zlib.params', 'param', 'memLevel'), 5) | ParamSetting(('zlib.params', 'param', 'memLevel'), 6)"
2024-08-31 09:05:50,753	[DEBUG]	EXEC>  SUCCESS 3075.4
2024-08-31 09:05:50,754	[INFO]	6-10    SUCCESS               3075.400000 (96.29%) [6 edit(s)]  
2024-08-31 09:05:50,754	[DEBUG]	patch(6-10)="ParamSetting(('zlib.params', 'param', 'wbits'), '27') | ParamSetting(('zlib.params', 'param', 'memLevel'), 6) | ParamSetting(('zlib.params', 'param', 'wbits'), '27') | ParamSetting(('zlib.params', 'param', 'memLevel'), 5) | ParamSetting(('zlib.params', 'param', 'memLevel'), 6) | ParamSetting(('zlib.params', 'param', 'level'), 4)"
2024-08-31 09:05:50,754	[INFO]	REF     SUCCESS               3193.800000 (--) [0 edit(s)] [cached] 
2024-08-31 09:05:50,755	[INFO]	BEST    SUCCESS              *3070.800000 (96.15%) [0 edit(s)] [cached] 
2024-08-31 09:05:50,759	[INFO]	7-1     SUCCESS              +3070.800000 (96.15%) [6 edit(s)] [cached] 
2024-08-31 09:05:50,759	[DEBUG]	patch(7-1)="ParamSetting(('zlib.params', 'param', 'wbits'), '27') | ParamSetting(('zlib.params', 'param', 'memLevel'), 5) | ParamSetting(('zlib.params', 'param', 'memLevel'), 6) | ParamSetting(('zlib.params', 'param', 'wbits'), '27') | ParamSetting(('zlib.params', 'param', 'memLevel'), 3) | ParamSetting(('zlib.params', 'param', 'level'), 1)"
2024-08-31 09:05:50,759	[INFO]	7-2     SUCCESS               3072.000000 (96.19%) [7 edit(s)] [cached] 
2024-08-31 09:05:50,759	[DEBUG]	patch(7-2)="ParamSetting(('zlib.params', 'param', 'wbits'), '27') | ParamSetting(('zlib.params', 'param', 'wbits'), '27') | ParamSetting(('zlib.params', 'param', 'memLevel'), 6) | ParamSetting(('zlib.params', 'param', 'wbits'), '27') | ParamSetting(('zlib.params', 'param', 'memLevel'), 5) | ParamSetting(('zlib.params', 'param', 'memLevel'), 6) | ParamSetting(('zlib.params', 'param', 'memLevel'), 3)"
2024-08-31 09:07:30,135	[DEBUG]	EXEC>  SUCCESS 3071.0
2024-08-31 09:07:30,135	[INFO]	7-3     SUCCESS               3071.000000 (96.16%) [4 edit(s)]  
2024-08-31 09:07:30,135	[DEBUG]	patch(7-3)="ParamSetting(('zlib.params', 'param', 'memLevel'), 6) | ParamSetting(('zlib.params', 'param', 'memLevel'), 3) | ParamSetting(('zlib.params', 'param', 'strategy'), 4) | ParamSetting(('zlib.params', 'param', 'wbits'), '27')"
2024-08-31 09:07:30,136	[INFO]	7-4     SUCCESS               3074.600000 (96.27%) [8 edit(s)] [cached] 
2024-08-31 09:07:30,136	[DEBUG]	patch(7-4)="ParamSetting(('zlib.params', 'param', 'wbits'), '27') | ParamSetting(('zlib.params', 'param', 'wbits'), '27') | ParamSetting(('zlib.params', 'param', 'memLevel'), 5) | ParamSetting(('zlib.params', 'param', 'memLevel'), 6) | ParamSetting(('zlib.params', 'param', 'wbits'), '27') | ParamSetting(('zlib.params', 'param', 'memLevel'), 6) | ParamSetting(('zlib.params', 'param', 'memLevel'), 5) | ParamSetting(('zlib.params', 'param', 'memLevel'), 6)"
2024-08-31 09:07:30,136	[INFO]	7-5     SUCCESS               3070.800000 (96.15%) [5 edit(s)] [cached] 
2024-08-31 09:07:30,136	[DEBUG]	patch(7-5)="ParamSetting(('zlib.params', 'param', 'wbits'), '27') | ParamSetting(('zlib.params', 'param', 'memLevel'), 5) | ParamSetting(('zlib.params', 'param', 'level'), 3) | ParamSetting(('zlib.params', 'param', 'memLevel'), 6) | ParamSetting(('zlib.params', 'param', 'memLevel'), 5)"
2024-08-31 09:07:30,137	[INFO]	7-6     SUCCESS               3074.800000 (96.27%) [6 edit(s)] [cached] 
2024-08-31 09:07:30,137	[DEBUG]	patch(7-6)="ParamSetting(('zlib.params', 'param', 'memLevel'), 6) | ParamSetting(('zlib.params', 'param', 'memLevel'), 5) | ParamSetting(('zlib.params', 'param', 'memLevel'), 5) | ParamSetting(('zlib.params', 'param', 'memLevel'), 5) | ParamSetting(('zlib.params', 'param', 'wbits'), '27') | ParamSetting(('zlib.params', 'param', 'wbits'), '27')"
2024-08-31 09:07:30,137	[INFO]	7-7     SUCCESS               3070.800000 (96.15%) [5 edit(s)] [cached] 
2024-08-31 09:07:30,138	[DEBUG]	patch(7-7)="ParamSetting(('zlib.params', 'param', 'wbits'), '27') | ParamSetting(('zlib.params', 'param', 'memLevel'), 6) | ParamSetting(('zlib.params', 'param', 'wbits'), '27') | ParamSetting(('zlib.params', 'param', 'memLevel'), 3) | ParamSetting(('zlib.params', 'param', 'level'), 1)"
2024-08-31 09:07:30,138	[INFO]	7-8     SUCCESS               3071.000000 (96.16%) [6 edit(s)] [cached] 
2024-08-31 09:07:30,138	[DEBUG]	patch(7-8)="ParamSetting(('zlib.params', 'param', 'wbits'), '27') | ParamSetting(('zlib.params', 'param', 'memLevel'), 5) | ParamSetting(('zlib.params', 'param', 'memLevel'), 6) | ParamSetting(('zlib.params', 'param', 'wbits'), '27') | ParamSetting(('zlib.params', 'param', 'memLevel'), 3) | ParamSetting(('zlib.params', 'param', 'strategy'), 4)"
2024-08-31 09:07:30,139	[INFO]	7-9     SUCCESS               3074.600000 (96.27%) [6 edit(s)] [cached] 
2024-08-31 09:07:30,139	[DEBUG]	patch(7-9)="ParamSetting(('zlib.params', 'param', 'wbits'), '27') | ParamSetting(('zlib.params', 'param', 'memLevel'), 5) | ParamSetting(('zlib.params', 'param', 'wbits'), '27') | ParamSetting(('zlib.params', 'param', 'memLevel'), 5) | ParamSetting(('zlib.params', 'param', 'memLevel'), 6) | ParamSetting(('zlib.params', 'param', 'memLevel'), 6)"
2024-08-31 09:07:30,139	[INFO]	7-10    SUCCESS               3132.600000 (98.08%) [3 edit(s)] [cached] 
2024-08-31 09:07:30,139	[DEBUG]	patch(7-10)="ParamSetting(('zlib.params', 'param', 'wbits'), '27') | ParamSetting(('zlib.params', 'param', 'level'), 3) | ParamSetting(('zlib.params', 'param', 'level'), 6)"
2024-08-31 09:07:30,140	[INFO]	REF     SUCCESS               3193.800000 (--) [0 edit(s)] [cached] 
2024-08-31 09:07:30,140	[INFO]	BEST    SUCCESS              *3070.800000 (96.15%) [0 edit(s)] [cached] 
2024-08-31 09:07:30,144	[INFO]	8-1     SUCCESS              +3070.800000 (96.15%) [6 edit(s)] [cached] 
2024-08-31 09:07:30,144	[DEBUG]	patch(8-1)="ParamSetting(('zlib.params', 'param', 'wbits'), '27') | ParamSetting(('zlib.params', 'param', 'memLevel'), 5) | ParamSetting(('zlib.params', 'param', 'memLevel'), 6) | ParamSetting(('zlib.params', 'param', 'wbits'), '27') | ParamSetting(('zlib.params', 'param', 'memLevel'), 3) | ParamSetting(('zlib.params', 'param', 'level'), 1)"
2024-08-31 09:07:30,144	[INFO]	8-2     SUCCESS               3072.000000 (96.19%) [6 edit(s)] [cached] 
2024-08-31 09:07:30,144	[DEBUG]	patch(8-2)="ParamSetting(('zlib.params', 'param', 'memLevel'), 5) | ParamSetting(('zlib.params', 'param', 'memLevel'), 6) | ParamSetting(('zlib.params', 'param', 'memLevel'), 6) | ParamSetting(('zlib.params', 'param', 'wbits'), '27') | ParamSetting(('zlib.params', 'param', 'memLevel'), 6) | ParamSetting(('zlib.params', 'param', 'memLevel'), 3)"
2024-08-31 09:07:30,164	[INFO]	8-3     SUCCESS               3070.800000 (96.15%) [7 edit(s)] [cached] 
2024-08-31 09:07:30,164	[DEBUG]	patch(8-3)="ParamSetting(('zlib.params', 'param', 'memLevel'), 6) | ParamSetting(('zlib.params', 'param', 'memLevel'), 3) | ParamSetting(('zlib.params', 'param', 'wbits'), '27') | ParamSetting(('zlib.params', 'param', 'memLevel'), 5) | ParamSetting(('zlib.params', 'param', 'memLevel'), 6) | ParamSetting(('zlib.params', 'param', 'memLevel'), 3) | ParamSetting(('zlib.params', 'param', 'level'), 1)"
2024-08-31 09:09:10,298	[DEBUG]	EXEC>  SUCCESS 3069.6
2024-08-31 09:09:10,298	[INFO]	8-4     SUCCESS              *3069.600000 (96.11%) [9 edit(s)]  
2024-08-31 09:09:10,298	[DEBUG]	patch(8-4)="ParamSetting(('zlib.params', 'param', 'wbits'), '27') | ParamSetting(('zlib.params', 'param', 'level'), 3) | ParamSetting(('zlib.params', 'param', 'memLevel'), 6) | ParamSetting(('zlib.params', 'param', 'wbits'), '27') | ParamSetting(('zlib.params', 'param', 'wbits'), '27') | ParamSetting(('zlib.params', 'param', 'memLevel'), 6) | ParamSetting(('zlib.params', 'param', 'wbits'), '27') | ParamSetting(('zlib.params', 'param', 'memLevel'), 5) | ParamSetting(('zlib.params', 'param', 'memLevel'), 3)"
--- before: zlib.params
+++ after: zlib.params
@@ -1,4 +1,4 @@
-level := 6
-wbits := '15'
-memLevel := 8
+level := 3
+wbits := '27'
+memLevel := 3
 strategy := 0

2024-08-31 09:09:10,299	[INFO]	~~~~ END ~~~~
2024-08-31 09:09:10,299	[INFO]	
2024-08-31 09:09:10,299	[INFO]	==== REPORT ====
2024-08-31 09:09:10,299	[INFO]	Termination: time budget
2024-08-31 09:09:10,299	[INFO]	Retries: 5
2024-08-31 09:09:10,299	[INFO]	Log file: /home/dbouras/magpie/_magpie_logs/zlib_1725089748.log
2024-08-31 09:09:10,299	[INFO]	Patch file: _magpie_logs/zlib_1725089748.patch
2024-08-31 09:09:10,299	[INFO]	Diff file: _magpie_logs/zlib_1725089748.diff
2024-08-31 09:09:10,300	[INFO]	Reference fitness: 3193.800000
2024-08-31 09:09:10,300	[INFO]	Best fitness: 3069.600000
2024-08-31 09:09:10,300	[INFO]	
2024-08-31 09:09:10,301	[INFO]	==== BEST PATCH ====
ParamSetting(('zlib.params', 'param', 'wbits'), '27') | ParamSetting(('zlib.params', 'param', 'level'), 3) | ParamSetting(('zlib.params', 'param', 'memLevel'), 6) | ParamSetting(('zlib.params', 'param', 'wbits'), '27') | ParamSetting(('zlib.params', 'param', 'wbits'), '27') | ParamSetting(('zlib.params', 'param', 'memLevel'), 6) | ParamSetting(('zlib.params', 'param', 'wbits'), '27') | ParamSetting(('zlib.params', 'param', 'memLevel'), 5) | ParamSetting(('zlib.params', 'param', 'memLevel'), 3)
2024-08-31 09:09:10,301	[INFO]	
2024-08-31 09:09:10,301	[INFO]	==== DIFF ====
[1m--- before: zlib.params[0m
[1m+++ after: zlib.params[0m
[36m@@ -1,4 +1,4 @@[0m
[31m-level := 6[0m
[31m-wbits := '15'[0m
[31m-memLevel := 8[0m
[32m+level := 3[0m
[32m+wbits := '27'[0m
[32m+memLevel := 3[0m
 strategy := 0

