2024-06-16 18:57:20,570	[DEBUG]	==== CONFIG ====
[magpie]
import = 
seed = 4159891693717474
log_dir = _magpie_logs
work_dir = _magpie_work
local_original_copy = True
local_original_name = __original__
output_encoding = ascii
edit_retries = 10
default_timeout = 30
default_lengthout = 1e6
diff_method = unified
trust_local_filesystem = True

[magpie.log]
color_output = True
format_info = {counter:<7} {status:<20} {best}{fitness} ({ratio}) [{size}] {cached} {log}
format_debug = patch({counter})="{patch}"{diffifbest}
format_fitness = {:.6f}
format_ratio = {:.2%%}
format_patchif = 
	 --> {patch}
format_diffif = 
	{diff}

[software]
path = examples/sat4j
target_files = org.sat4j.core/src/main/java/org/sat4j/minisat/core/Solver.java.xml
software = BasicSoftware
model_rules = 
	*.params : ParamFileConfigModel
	*.xml : SrcmlModel
	* : LineModel
model_config = 
	*.params : [paramconfig]
	*.xml : [srcml]
init_cmd = 
init_timeout = 60
init_lengthout = -1
setup_cmd = ant sat
setup_timeout = 
setup_lengthout = 
compile_cmd = ant sat
compile_timeout = 
compile_lengthout = 
test_cmd = bash test.sh
test_timeout = 
test_lengthout = 
run_cmd = perf stat  bash run_fixed.sh
run_timeout = 
run_lengthout = 
retries = 5
batch_timeout = 
batch_lengthout = 
batch_bin_fitness_strategy = aggregate
batch_fitness_strategy = sum
fitness = perf_time

[srcml]
rename = 
	stmt: break continue decl_stmt do expr_stmt for goto if return switch while
	number: literal_number
focus = block stmt operator_comp operator_arith number
internodes = block
process_pseudo_blocks = True
process_literals = True
process_operators = True

[paramconfig]
timing = test run
cli_prefix = --
cli_glue = =
cli_boolean = show
cli_boolean_prefix_true = 
cli_boolean_prefix_false = no-
cli_none = hide
silent_prefix = @
silent_suffix = $

[search]
protocol = BasicProtocol
algorithm = FirstImprovement
possible_edits = 
	SrcmlStmtReplacement
	SrcmlStmtInsertion
	SrcmlStmtDeletion
warmup = 3
warmup_strategy = last
max_steps = 1000
max_time = 1000
target_fitness = 
cache_maxsize = 100
cache_keep = 0.2
batch_instances = 
batch_shuffle = True
batch_bin_shuffle = False
batch_sample_size = 1

[search.ls]
delete_prob = 0.5
max_neighbours = 
when_trapped = continue
accept_fail = False
tabu_length = 10

[search.gp]
pop_size = 10
delete_prob = 0.5
offspring_elitism = 0.1
offspring_crossover = 0.5
offspring_mutation = 0.4
uniform_rate = 0.5
batch_reset = True

[search.minify]
do_cleanup = True
do_rebuild = True
do_simplify = True
round_robin_limit = 3


2024-06-16 18:57:20,571	[DEBUG]	
2024-06-16 18:57:20,571	[INFO]	==== SEARCH: FirstImprovement ====
2024-06-16 18:57:20,571	[INFO]	~~~~ WARMUP ~~~~
2024-06-16 18:58:11,712	[DEBUG]	EXEC>  SUCCESS 6.635417628000001
2024-06-16 18:58:11,713	[INFO]	WARM    SUCCESS               6.635418 (--) [0 edit(s)]  
2024-06-16 18:58:55,070	[DEBUG]	EXEC>  SUCCESS 6.603187151999999
2024-06-16 18:58:55,070	[INFO]	WARM    SUCCESS               6.603187 (--) [0 edit(s)]  
2024-06-16 18:59:38,657	[DEBUG]	EXEC>  SUCCESS 6.682181254
2024-06-16 18:59:38,657	[INFO]	WARM    SUCCESS               6.682181 (--) [0 edit(s)]  
2024-06-16 18:59:38,657	[INFO]	REF     SUCCESS               6.682181 (--) [0 edit(s)]  
2024-06-16 18:59:38,657	[INFO]	
2024-06-16 18:59:38,657	[INFO]	~~~~ START ~~~~
2024-06-16 19:00:22,135	[DEBUG]	EXEC>  SUCCESS 6.657258743999999
2024-06-16 19:00:22,136	[INFO]	1       SUCCESS              *6.657259 (99.63%) [1 edit(s)]  
2024-06-16 19:00:22,136	[DEBUG]	patch(1)="SrcmlStmtDeletion(('org.sat4j.core/src/main/java/org/sat4j/minisat/core/Solver.java.xml', 'stmt', 84))"
--- before: org.sat4j.core/src/main/java/org/sat4j/minisat/core/Solver.java
+++ after: org.sat4j.core/src/main/java/org/sat4j/minisat/core/Solver.java
@@ -367,10 +367,7 @@
     public void expireTimeout() {
         this.undertimeout = false;
         if (this.timeBasedTimeout) {
-            if (this.timer != null) {
-                this.timer.cancel();
-                this.timer = null;
-            }
+            
         } else {
             if (this.conflictCount != null) {
                 this.conflictCount = null;

2024-06-16 19:00:22,150	[INFO]	2       SUCCESS               6.682181 (100.00%) [0 edit(s)] [cached] 
2024-06-16 19:00:22,150	[DEBUG]	patch(2)=""
2024-06-16 19:01:05,478	[DEBUG]	EXEC>  SUCCESS 6.657196234
2024-06-16 19:01:05,479	[INFO]	3       SUCCESS              *6.657196 (99.63%) [2 edit(s)]  
2024-06-16 19:01:05,479	[DEBUG]	patch(3)="SrcmlStmtDeletion(('org.sat4j.core/src/main/java/org/sat4j/minisat/core/Solver.java.xml', 'stmt', 84)) | SrcmlStmtDeletion(('org.sat4j.core/src/main/java/org/sat4j/minisat/core/Solver.java.xml', 'stmt', 908))"
--- before: org.sat4j.core/src/main/java/org/sat4j/minisat/core/Solver.java
+++ after: org.sat4j.core/src/main/java/org/sat4j/minisat/core/Solver.java
@@ -367,10 +367,7 @@
     public void expireTimeout() {
         this.undertimeout = false;
         if (this.timeBasedTimeout) {
-            if (this.timer != null) {
-                this.timer.cancel();
-                this.timer = null;
-            }
+            
         } else {
             if (this.conflictCount != null) {
                 this.conflictCount = null;
@@ -2264,7 +2261,7 @@
         }
         undoOne();
         if (!trailLim.isEmpty() && trailLim.last() == trail.size()) {
-            trailLim.pop();
+            
         }
         this.qhead = this.trail.size();
     }

2024-06-16 19:01:52,068	[DEBUG]	EXEC>  SUCCESS 7.251724828
2024-06-16 19:01:52,068	[INFO]	4       SUCCESS               7.251725 (108.52%) [3 edit(s)]  
2024-06-16 19:01:52,068	[DEBUG]	patch(4)="SrcmlStmtDeletion(('org.sat4j.core/src/main/java/org/sat4j/minisat/core/Solver.java.xml', 'stmt', 84)) | SrcmlStmtDeletion(('org.sat4j.core/src/main/java/org/sat4j/minisat/core/Solver.java.xml', 'stmt', 908)) | SrcmlStmtDeletion(('org.sat4j.core/src/main/java/org/sat4j/minisat/core/Solver.java.xml', 'stmt', 313))"
2024-06-16 19:01:54,879	[INFO]	5       COMPILE_CODE_ERROR    None (--) [3 edit(s)]  
2024-06-16 19:01:54,879	[DEBUG]	patch(5)="SrcmlStmtDeletion(('org.sat4j.core/src/main/java/org/sat4j/minisat/core/Solver.java.xml', 'stmt', 84)) | SrcmlStmtDeletion(('org.sat4j.core/src/main/java/org/sat4j/minisat/core/Solver.java.xml', 'stmt', 908)) | SrcmlStmtInsertion(('org.sat4j.core/src/main/java/org/sat4j/minisat/core/Solver.java.xml', '_inter_block', 623), ('org.sat4j.core/src/main/java/org/sat4j/minisat/core/Solver.java.xml', 'stmt', 680))"
2024-06-16 19:02:38,529	[DEBUG]	EXEC>  SUCCESS 6.699773544
2024-06-16 19:02:38,529	[INFO]	6       SUCCESS               6.699774 (100.26%) [1 edit(s)]  
2024-06-16 19:02:38,529	[DEBUG]	patch(6)="SrcmlStmtDeletion(('org.sat4j.core/src/main/java/org/sat4j/minisat/core/Solver.java.xml', 'stmt', 908))"
2024-06-16 19:02:39,799	[INFO]	7       COMPILE_CODE_ERROR    None (--) [3 edit(s)]  
2024-06-16 19:02:39,800	[DEBUG]	patch(7)="SrcmlStmtDeletion(('org.sat4j.core/src/main/java/org/sat4j/minisat/core/Solver.java.xml', 'stmt', 84)) | SrcmlStmtDeletion(('org.sat4j.core/src/main/java/org/sat4j/minisat/core/Solver.java.xml', 'stmt', 908)) | SrcmlStmtInsertion(('org.sat4j.core/src/main/java/org/sat4j/minisat/core/Solver.java.xml', '_inter_block', 659), ('org.sat4j.core/src/main/java/org/sat4j/minisat/core/Solver.java.xml', 'stmt', 707))"
2024-06-16 19:03:22,769	[DEBUG]	EXEC>  SUCCESS 6.596236534000001
2024-06-16 19:03:22,769	[INFO]	8       SUCCESS              *6.596237 (98.71%) [3 edit(s)]  
2024-06-16 19:03:22,769	[DEBUG]	patch(8)="SrcmlStmtDeletion(('org.sat4j.core/src/main/java/org/sat4j/minisat/core/Solver.java.xml', 'stmt', 84)) | SrcmlStmtDeletion(('org.sat4j.core/src/main/java/org/sat4j/minisat/core/Solver.java.xml', 'stmt', 908)) | SrcmlStmtDeletion(('org.sat4j.core/src/main/java/org/sat4j/minisat/core/Solver.java.xml', 'stmt', 964))"
--- before: org.sat4j.core/src/main/java/org/sat4j/minisat/core/Solver.java
+++ after: org.sat4j.core/src/main/java/org/sat4j/minisat/core/Solver.java
@@ -367,10 +367,7 @@
     public void expireTimeout() {
         this.undertimeout = false;
         if (this.timeBasedTimeout) {
-            if (this.timer != null) {
-                this.timer.cancel();
-                this.timer = null;
-            }
+            
         } else {
             if (this.conflictCount != null) {
                 this.conflictCount = null;
@@ -2264,7 +2261,7 @@
         }
         undoOne();
         if (!trailLim.isEmpty() && trailLim.last() == trail.size()) {
-            trailLim.pop();
+            
         }
         this.qhead = this.trail.size();
     }
@@ -2460,8 +2457,7 @@
                     aTimer);
             break;
         case LBD:
-            this.learnedConstraintsDeletionStrategy = new GlucoseLCDS<D>(this,
-                    aTimer);
+            
             break;
         case LBD2:
             this.learnedConstraintsDeletionStrategy = new Glucose2LCDS<D>(this,

2024-06-16 19:04:06,402	[DEBUG]	EXEC>  SUCCESS 6.643345884
2024-06-16 19:04:06,403	[INFO]	9       SUCCESS               6.643346 (99.42%) [4 edit(s)]  
2024-06-16 19:04:06,403	[DEBUG]	patch(9)="SrcmlStmtDeletion(('org.sat4j.core/src/main/java/org/sat4j/minisat/core/Solver.java.xml', 'stmt', 84)) | SrcmlStmtDeletion(('org.sat4j.core/src/main/java/org/sat4j/minisat/core/Solver.java.xml', 'stmt', 908)) | SrcmlStmtDeletion(('org.sat4j.core/src/main/java/org/sat4j/minisat/core/Solver.java.xml', 'stmt', 964)) | SrcmlStmtDeletion(('org.sat4j.core/src/main/java/org/sat4j/minisat/core/Solver.java.xml', 'stmt', 706))"
2024-06-16 19:04:09,225	[INFO]	10      COMPILE_CODE_ERROR    None (--) [4 edit(s)]  
2024-06-16 19:04:09,225	[DEBUG]	patch(10)="SrcmlStmtDeletion(('org.sat4j.core/src/main/java/org/sat4j/minisat/core/Solver.java.xml', 'stmt', 84)) | SrcmlStmtDeletion(('org.sat4j.core/src/main/java/org/sat4j/minisat/core/Solver.java.xml', 'stmt', 908)) | SrcmlStmtDeletion(('org.sat4j.core/src/main/java/org/sat4j/minisat/core/Solver.java.xml', 'stmt', 964)) | SrcmlStmtInsertion(('org.sat4j.core/src/main/java/org/sat4j/minisat/core/Solver.java.xml', '_inter_block', 1106), ('org.sat4j.core/src/main/java/org/sat4j/minisat/core/Solver.java.xml', 'stmt', 888))"
2024-06-16 19:04:52,833	[DEBUG]	EXEC>  SUCCESS 6.624363542
2024-06-16 19:04:52,834	[INFO]	11      SUCCESS               6.624364 (99.13%) [2 edit(s)]  
2024-06-16 19:04:52,834	[DEBUG]	patch(11)="SrcmlStmtDeletion(('org.sat4j.core/src/main/java/org/sat4j/minisat/core/Solver.java.xml', 'stmt', 908)) | SrcmlStmtDeletion(('org.sat4j.core/src/main/java/org/sat4j/minisat/core/Solver.java.xml', 'stmt', 964))"
2024-06-16 19:05:36,024	[DEBUG]	EXEC>  SUCCESS 6.572444472000001
2024-06-16 19:05:36,025	[INFO]	12      SUCCESS              *6.572444 (98.36%) [4 edit(s)]  
2024-06-16 19:05:36,025	[DEBUG]	patch(12)="SrcmlStmtDeletion(('org.sat4j.core/src/main/java/org/sat4j/minisat/core/Solver.java.xml', 'stmt', 84)) | SrcmlStmtDeletion(('org.sat4j.core/src/main/java/org/sat4j/minisat/core/Solver.java.xml', 'stmt', 908)) | SrcmlStmtDeletion(('org.sat4j.core/src/main/java/org/sat4j/minisat/core/Solver.java.xml', 'stmt', 964)) | SrcmlStmtInsertion(('org.sat4j.core/src/main/java/org/sat4j/minisat/core/Solver.java.xml', '_inter_block', 414), ('org.sat4j.core/src/main/java/org/sat4j/minisat/core/Solver.java.xml', 'stmt', 183))"
--- before: org.sat4j.core/src/main/java/org/sat4j/minisat/core/Solver.java
+++ after: org.sat4j.core/src/main/java/org/sat4j/minisat/core/Solver.java
@@ -367,10 +367,7 @@
     public void expireTimeout() {
         this.undertimeout = false;
         if (this.timeBasedTimeout) {
-            if (this.timer != null) {
-                this.timer.cancel();
-                this.timer = null;
-            }
+            
         } else {
             if (this.conflictCount != null) {
                 this.conflictCount = null;
@@ -640,6 +637,7 @@
         } while (--counter > 0);
 
         outLearnt.set(0, p ^ 1);
+        preason.clear();
         this.simplifier.simplify(outLearnt);
 
         Constr c = this.dsfactory.createUnregisteredClause(outLearnt);
@@ -2264,7 +2262,7 @@
         }
         undoOne();
         if (!trailLim.isEmpty() && trailLim.last() == trail.size()) {
-            trailLim.pop();
+            
         }
         this.qhead = this.trail.size();
     }
@@ -2460,8 +2458,7 @@
                     aTimer);
             break;
         case LBD:
-            this.learnedConstraintsDeletionStrategy = new GlucoseLCDS<D>(this,
-                    aTimer);
+            
             break;
         case LBD2:
             this.learnedConstraintsDeletionStrategy = new Glucose2LCDS<D>(this,

2024-06-16 19:05:36,032	[INFO]	13      SUCCESS               6.596237 (98.71%) [3 edit(s)] [cached] 
2024-06-16 19:05:36,032	[DEBUG]	patch(13)="SrcmlStmtDeletion(('org.sat4j.core/src/main/java/org/sat4j/minisat/core/Solver.java.xml', 'stmt', 84)) | SrcmlStmtDeletion(('org.sat4j.core/src/main/java/org/sat4j/minisat/core/Solver.java.xml', 'stmt', 908)) | SrcmlStmtDeletion(('org.sat4j.core/src/main/java/org/sat4j/minisat/core/Solver.java.xml', 'stmt', 964))"
2024-06-16 19:06:19,330	[DEBUG]	EXEC>  SUCCESS 6.6288928060000005
2024-06-16 19:06:19,331	[INFO]	14      SUCCESS               6.628893 (99.20%) [5 edit(s)]  
2024-06-16 19:06:19,331	[DEBUG]	patch(14)="SrcmlStmtDeletion(('org.sat4j.core/src/main/java/org/sat4j/minisat/core/Solver.java.xml', 'stmt', 84)) | SrcmlStmtDeletion(('org.sat4j.core/src/main/java/org/sat4j/minisat/core/Solver.java.xml', 'stmt', 908)) | SrcmlStmtDeletion(('org.sat4j.core/src/main/java/org/sat4j/minisat/core/Solver.java.xml', 'stmt', 964)) | SrcmlStmtInsertion(('org.sat4j.core/src/main/java/org/sat4j/minisat/core/Solver.java.xml', '_inter_block', 414), ('org.sat4j.core/src/main/java/org/sat4j/minisat/core/Solver.java.xml', 'stmt', 183)) | SrcmlStmtDeletion(('org.sat4j.core/src/main/java/org/sat4j/minisat/core/Solver.java.xml', 'stmt', 350))"
2024-06-16 19:07:02,554	[DEBUG]	EXEC>  SUCCESS 6.58183131
2024-06-16 19:07:02,554	[INFO]	15      SUCCESS               6.581831 (98.50%) [3 edit(s)]  
2024-06-16 19:07:02,554	[DEBUG]	patch(15)="SrcmlStmtDeletion(('org.sat4j.core/src/main/java/org/sat4j/minisat/core/Solver.java.xml', 'stmt', 84)) | SrcmlStmtDeletion(('org.sat4j.core/src/main/java/org/sat4j/minisat/core/Solver.java.xml', 'stmt', 964)) | SrcmlStmtInsertion(('org.sat4j.core/src/main/java/org/sat4j/minisat/core/Solver.java.xml', '_inter_block', 414), ('org.sat4j.core/src/main/java/org/sat4j/minisat/core/Solver.java.xml', 'stmt', 183))"
2024-06-16 19:07:05,483	[INFO]	16      COMPILE_CODE_ERROR    None (--) [5 edit(s)]  
2024-06-16 19:07:05,483	[DEBUG]	patch(16)="SrcmlStmtDeletion(('org.sat4j.core/src/main/java/org/sat4j/minisat/core/Solver.java.xml', 'stmt', 84)) | SrcmlStmtDeletion(('org.sat4j.core/src/main/java/org/sat4j/minisat/core/Solver.java.xml', 'stmt', 908)) | SrcmlStmtDeletion(('org.sat4j.core/src/main/java/org/sat4j/minisat/core/Solver.java.xml', 'stmt', 964)) | SrcmlStmtInsertion(('org.sat4j.core/src/main/java/org/sat4j/minisat/core/Solver.java.xml', '_inter_block', 414), ('org.sat4j.core/src/main/java/org/sat4j/minisat/core/Solver.java.xml', 'stmt', 183)) | SrcmlStmtReplacement(('org.sat4j.core/src/main/java/org/sat4j/minisat/core/Solver.java.xml', 'stmt', 578), ('org.sat4j.core/src/main/java/org/sat4j/minisat/core/Solver.java.xml', 'stmt', 135))"
2024-06-16 19:07:48,935	[DEBUG]	EXEC>  SUCCESS 6.637184209999999
2024-06-16 19:07:48,936	[INFO]	17      SUCCESS               6.637184 (99.33%) [3 edit(s)]  
2024-06-16 19:07:48,936	[DEBUG]	patch(17)="SrcmlStmtDeletion(('org.sat4j.core/src/main/java/org/sat4j/minisat/core/Solver.java.xml', 'stmt', 908)) | SrcmlStmtDeletion(('org.sat4j.core/src/main/java/org/sat4j/minisat/core/Solver.java.xml', 'stmt', 964)) | SrcmlStmtInsertion(('org.sat4j.core/src/main/java/org/sat4j/minisat/core/Solver.java.xml', '_inter_block', 414), ('org.sat4j.core/src/main/java/org/sat4j/minisat/core/Solver.java.xml', 'stmt', 183))"
2024-06-16 19:08:32,372	[DEBUG]	EXEC>  SUCCESS 6.636391512
2024-06-16 19:08:32,372	[INFO]	18      SUCCESS               6.636392 (99.31%) [3 edit(s)]  
2024-06-16 19:08:32,372	[DEBUG]	patch(18)="SrcmlStmtDeletion(('org.sat4j.core/src/main/java/org/sat4j/minisat/core/Solver.java.xml', 'stmt', 84)) | SrcmlStmtDeletion(('org.sat4j.core/src/main/java/org/sat4j/minisat/core/Solver.java.xml', 'stmt', 908)) | SrcmlStmtInsertion(('org.sat4j.core/src/main/java/org/sat4j/minisat/core/Solver.java.xml', '_inter_block', 414), ('org.sat4j.core/src/main/java/org/sat4j/minisat/core/Solver.java.xml', 'stmt', 183))"
2024-06-16 19:08:35,266	[INFO]	19      COMPILE_CODE_ERROR    None (--) [5 edit(s)]  
2024-06-16 19:08:35,266	[DEBUG]	patch(19)="SrcmlStmtDeletion(('org.sat4j.core/src/main/java/org/sat4j/minisat/core/Solver.java.xml', 'stmt', 84)) | SrcmlStmtDeletion(('org.sat4j.core/src/main/java/org/sat4j/minisat/core/Solver.java.xml', 'stmt', 908)) | SrcmlStmtDeletion(('org.sat4j.core/src/main/java/org/sat4j/minisat/core/Solver.java.xml', 'stmt', 964)) | SrcmlStmtInsertion(('org.sat4j.core/src/main/java/org/sat4j/minisat/core/Solver.java.xml', '_inter_block', 414), ('org.sat4j.core/src/main/java/org/sat4j/minisat/core/Solver.java.xml', 'stmt', 183)) | SrcmlStmtReplacement(('org.sat4j.core/src/main/java/org/sat4j/minisat/core/Solver.java.xml', 'stmt', 960), ('org.sat4j.core/src/main/java/org/sat4j/minisat/core/Solver.java.xml', 'stmt', 610))"
2024-06-16 19:08:37,987	[INFO]	20      COMPILE_CODE_ERROR    None (--) [5 edit(s)]  
2024-06-16 19:08:37,988	[DEBUG]	patch(20)="SrcmlStmtDeletion(('org.sat4j.core/src/main/java/org/sat4j/minisat/core/Solver.java.xml', 'stmt', 84)) | SrcmlStmtDeletion(('org.sat4j.core/src/main/java/org/sat4j/minisat/core/Solver.java.xml', 'stmt', 908)) | SrcmlStmtDeletion(('org.sat4j.core/src/main/java/org/sat4j/minisat/core/Solver.java.xml', 'stmt', 964)) | SrcmlStmtInsertion(('org.sat4j.core/src/main/java/org/sat4j/minisat/core/Solver.java.xml', '_inter_block', 414), ('org.sat4j.core/src/main/java/org/sat4j/minisat/core/Solver.java.xml', 'stmt', 183)) | SrcmlStmtReplacement(('org.sat4j.core/src/main/java/org/sat4j/minisat/core/Solver.java.xml', 'stmt', 251), ('org.sat4j.core/src/main/java/org/sat4j/minisat/core/Solver.java.xml', 'stmt', 194))"
2024-06-16 19:08:40,864	[INFO]	21      COMPILE_CODE_ERROR    None (--) [5 edit(s)]  
2024-06-16 19:08:40,864	[DEBUG]	patch(21)="SrcmlStmtDeletion(('org.sat4j.core/src/main/java/org/sat4j/minisat/core/Solver.java.xml', 'stmt', 84)) | SrcmlStmtDeletion(('org.sat4j.core/src/main/java/org/sat4j/minisat/core/Solver.java.xml', 'stmt', 908)) | SrcmlStmtDeletion(('org.sat4j.core/src/main/java/org/sat4j/minisat/core/Solver.java.xml', 'stmt', 964)) | SrcmlStmtInsertion(('org.sat4j.core/src/main/java/org/sat4j/minisat/core/Solver.java.xml', '_inter_block', 414), ('org.sat4j.core/src/main/java/org/sat4j/minisat/core/Solver.java.xml', 'stmt', 183)) | SrcmlStmtReplacement(('org.sat4j.core/src/main/java/org/sat4j/minisat/core/Solver.java.xml', 'stmt', 796), ('org.sat4j.core/src/main/java/org/sat4j/minisat/core/Solver.java.xml', 'stmt', 957))"
2024-06-16 19:09:24,148	[DEBUG]	EXEC>  SUCCESS 6.6225418419999995
2024-06-16 19:09:24,148	[INFO]	22      SUCCESS               6.622542 (99.11%) [5 edit(s)]  
2024-06-16 19:09:24,148	[DEBUG]	patch(22)="SrcmlStmtDeletion(('org.sat4j.core/src/main/java/org/sat4j/minisat/core/Solver.java.xml', 'stmt', 84)) | SrcmlStmtDeletion(('org.sat4j.core/src/main/java/org/sat4j/minisat/core/Solver.java.xml', 'stmt', 908)) | SrcmlStmtDeletion(('org.sat4j.core/src/main/java/org/sat4j/minisat/core/Solver.java.xml', 'stmt', 964)) | SrcmlStmtInsertion(('org.sat4j.core/src/main/java/org/sat4j/minisat/core/Solver.java.xml', '_inter_block', 414), ('org.sat4j.core/src/main/java/org/sat4j/minisat/core/Solver.java.xml', 'stmt', 183)) | SrcmlStmtInsertion(('org.sat4j.core/src/main/java/org/sat4j/minisat/core/Solver.java.xml', '_inter_block', 850), ('org.sat4j.core/src/main/java/org/sat4j/minisat/core/Solver.java.xml', 'stmt', 478))"
2024-06-16 19:09:26,992	[INFO]	23      COMPILE_CODE_ERROR    None (--) [5 edit(s)]  
2024-06-16 19:09:26,992	[DEBUG]	patch(23)="SrcmlStmtDeletion(('org.sat4j.core/src/main/java/org/sat4j/minisat/core/Solver.java.xml', 'stmt', 84)) | SrcmlStmtDeletion(('org.sat4j.core/src/main/java/org/sat4j/minisat/core/Solver.java.xml', 'stmt', 908)) | SrcmlStmtDeletion(('org.sat4j.core/src/main/java/org/sat4j/minisat/core/Solver.java.xml', 'stmt', 964)) | SrcmlStmtInsertion(('org.sat4j.core/src/main/java/org/sat4j/minisat/core/Solver.java.xml', '_inter_block', 414), ('org.sat4j.core/src/main/java/org/sat4j/minisat/core/Solver.java.xml', 'stmt', 183)) | SrcmlStmtReplacement(('org.sat4j.core/src/main/java/org/sat4j/minisat/core/Solver.java.xml', 'stmt', 409), ('org.sat4j.core/src/main/java/org/sat4j/minisat/core/Solver.java.xml', 'stmt', 612))"
2024-06-16 19:09:29,767	[INFO]	24      COMPILE_CODE_ERROR    None (--) [5 edit(s)]  
2024-06-16 19:09:29,767	[DEBUG]	patch(24)="SrcmlStmtDeletion(('org.sat4j.core/src/main/java/org/sat4j/minisat/core/Solver.java.xml', 'stmt', 84)) | SrcmlStmtDeletion(('org.sat4j.core/src/main/java/org/sat4j/minisat/core/Solver.java.xml', 'stmt', 908)) | SrcmlStmtDeletion(('org.sat4j.core/src/main/java/org/sat4j/minisat/core/Solver.java.xml', 'stmt', 964)) | SrcmlStmtInsertion(('org.sat4j.core/src/main/java/org/sat4j/minisat/core/Solver.java.xml', '_inter_block', 414), ('org.sat4j.core/src/main/java/org/sat4j/minisat/core/Solver.java.xml', 'stmt', 183)) | SrcmlStmtInsertion(('org.sat4j.core/src/main/java/org/sat4j/minisat/core/Solver.java.xml', '_inter_block', 1630), ('org.sat4j.core/src/main/java/org/sat4j/minisat/core/Solver.java.xml', 'stmt', 941))"
2024-06-16 19:10:12,634	[DEBUG]	EXEC>  SUCCESS 6.579730986000001
2024-06-16 19:10:12,634	[INFO]	25      SUCCESS               6.579731 (98.47%) [5 edit(s)]  
2024-06-16 19:10:12,635	[DEBUG]	patch(25)="SrcmlStmtDeletion(('org.sat4j.core/src/main/java/org/sat4j/minisat/core/Solver.java.xml', 'stmt', 84)) | SrcmlStmtDeletion(('org.sat4j.core/src/main/java/org/sat4j/minisat/core/Solver.java.xml', 'stmt', 908)) | SrcmlStmtDeletion(('org.sat4j.core/src/main/java/org/sat4j/minisat/core/Solver.java.xml', 'stmt', 964)) | SrcmlStmtInsertion(('org.sat4j.core/src/main/java/org/sat4j/minisat/core/Solver.java.xml', '_inter_block', 414), ('org.sat4j.core/src/main/java/org/sat4j/minisat/core/Solver.java.xml', 'stmt', 183)) | SrcmlStmtDeletion(('org.sat4j.core/src/main/java/org/sat4j/minisat/core/Solver.java.xml', 'stmt', 430))"
2024-06-16 19:10:15,422	[INFO]	26      COMPILE_CODE_ERROR    None (--) [5 edit(s)]  
2024-06-16 19:10:15,423	[DEBUG]	patch(26)="SrcmlStmtDeletion(('org.sat4j.core/src/main/java/org/sat4j/minisat/core/Solver.java.xml', 'stmt', 84)) | SrcmlStmtDeletion(('org.sat4j.core/src/main/java/org/sat4j/minisat/core/Solver.java.xml', 'stmt', 908)) | SrcmlStmtDeletion(('org.sat4j.core/src/main/java/org/sat4j/minisat/core/Solver.java.xml', 'stmt', 964)) | SrcmlStmtInsertion(('org.sat4j.core/src/main/java/org/sat4j/minisat/core/Solver.java.xml', '_inter_block', 414), ('org.sat4j.core/src/main/java/org/sat4j/minisat/core/Solver.java.xml', 'stmt', 183)) | SrcmlStmtReplacement(('org.sat4j.core/src/main/java/org/sat4j/minisat/core/Solver.java.xml', 'stmt', 538), ('org.sat4j.core/src/main/java/org/sat4j/minisat/core/Solver.java.xml', 'stmt', 46))"
2024-06-16 19:10:18,262	[INFO]	27      COMPILE_CODE_ERROR    None (--) [5 edit(s)]  
2024-06-16 19:10:18,262	[DEBUG]	patch(27)="SrcmlStmtDeletion(('org.sat4j.core/src/main/java/org/sat4j/minisat/core/Solver.java.xml', 'stmt', 84)) | SrcmlStmtDeletion(('org.sat4j.core/src/main/java/org/sat4j/minisat/core/Solver.java.xml', 'stmt', 908)) | SrcmlStmtDeletion(('org.sat4j.core/src/main/java/org/sat4j/minisat/core/Solver.java.xml', 'stmt', 964)) | SrcmlStmtInsertion(('org.sat4j.core/src/main/java/org/sat4j/minisat/core/Solver.java.xml', '_inter_block', 414), ('org.sat4j.core/src/main/java/org/sat4j/minisat/core/Solver.java.xml', 'stmt', 183)) | SrcmlStmtInsertion(('org.sat4j.core/src/main/java/org/sat4j/minisat/core/Solver.java.xml', '_inter_block', 691), ('org.sat4j.core/src/main/java/org/sat4j/minisat/core/Solver.java.xml', 'stmt', 556))"
2024-06-16 19:10:21,145	[INFO]	28      COMPILE_CODE_ERROR    None (--) [5 edit(s)]  
2024-06-16 19:10:21,146	[DEBUG]	patch(28)="SrcmlStmtDeletion(('org.sat4j.core/src/main/java/org/sat4j/minisat/core/Solver.java.xml', 'stmt', 84)) | SrcmlStmtDeletion(('org.sat4j.core/src/main/java/org/sat4j/minisat/core/Solver.java.xml', 'stmt', 908)) | SrcmlStmtDeletion(('org.sat4j.core/src/main/java/org/sat4j/minisat/core/Solver.java.xml', 'stmt', 964)) | SrcmlStmtInsertion(('org.sat4j.core/src/main/java/org/sat4j/minisat/core/Solver.java.xml', '_inter_block', 414), ('org.sat4j.core/src/main/java/org/sat4j/minisat/core/Solver.java.xml', 'stmt', 183)) | SrcmlStmtInsertion(('org.sat4j.core/src/main/java/org/sat4j/minisat/core/Solver.java.xml', '_inter_block', 1407), ('org.sat4j.core/src/main/java/org/sat4j/minisat/core/Solver.java.xml', 'stmt', 403))"
2024-06-16 19:11:04,900	[DEBUG]	EXEC>  SUCCESS 6.719236664
2024-06-16 19:11:04,900	[INFO]	29      SUCCESS               6.719237 (100.55%) [5 edit(s)]  
2024-06-16 19:11:04,900	[DEBUG]	patch(29)="SrcmlStmtDeletion(('org.sat4j.core/src/main/java/org/sat4j/minisat/core/Solver.java.xml', 'stmt', 84)) | SrcmlStmtDeletion(('org.sat4j.core/src/main/java/org/sat4j/minisat/core/Solver.java.xml', 'stmt', 908)) | SrcmlStmtDeletion(('org.sat4j.core/src/main/java/org/sat4j/minisat/core/Solver.java.xml', 'stmt', 964)) | SrcmlStmtInsertion(('org.sat4j.core/src/main/java/org/sat4j/minisat/core/Solver.java.xml', '_inter_block', 414), ('org.sat4j.core/src/main/java/org/sat4j/minisat/core/Solver.java.xml', 'stmt', 183)) | SrcmlStmtDeletion(('org.sat4j.core/src/main/java/org/sat4j/minisat/core/Solver.java.xml', 'stmt', 851))"
2024-06-16 19:11:07,806	[INFO]	30      COMPILE_CODE_ERROR    None (--) [5 edit(s)]  
2024-06-16 19:11:07,806	[DEBUG]	patch(30)="SrcmlStmtDeletion(('org.sat4j.core/src/main/java/org/sat4j/minisat/core/Solver.java.xml', 'stmt', 84)) | SrcmlStmtDeletion(('org.sat4j.core/src/main/java/org/sat4j/minisat/core/Solver.java.xml', 'stmt', 908)) | SrcmlStmtDeletion(('org.sat4j.core/src/main/java/org/sat4j/minisat/core/Solver.java.xml', 'stmt', 964)) | SrcmlStmtInsertion(('org.sat4j.core/src/main/java/org/sat4j/minisat/core/Solver.java.xml', '_inter_block', 414), ('org.sat4j.core/src/main/java/org/sat4j/minisat/core/Solver.java.xml', 'stmt', 183)) | SrcmlStmtReplacement(('org.sat4j.core/src/main/java/org/sat4j/minisat/core/Solver.java.xml', 'stmt', 687), ('org.sat4j.core/src/main/java/org/sat4j/minisat/core/Solver.java.xml', 'stmt', 325))"
2024-06-16 19:11:10,670	[INFO]	31      COMPILE_CODE_ERROR    None (--) [5 edit(s)]  
2024-06-16 19:11:10,670	[DEBUG]	patch(31)="SrcmlStmtDeletion(('org.sat4j.core/src/main/java/org/sat4j/minisat/core/Solver.java.xml', 'stmt', 84)) | SrcmlStmtDeletion(('org.sat4j.core/src/main/java/org/sat4j/minisat/core/Solver.java.xml', 'stmt', 908)) | SrcmlStmtDeletion(('org.sat4j.core/src/main/java/org/sat4j/minisat/core/Solver.java.xml', 'stmt', 964)) | SrcmlStmtInsertion(('org.sat4j.core/src/main/java/org/sat4j/minisat/core/Solver.java.xml', '_inter_block', 414), ('org.sat4j.core/src/main/java/org/sat4j/minisat/core/Solver.java.xml', 'stmt', 183)) | SrcmlStmtReplacement(('org.sat4j.core/src/main/java/org/sat4j/minisat/core/Solver.java.xml', 'stmt', 74), ('org.sat4j.core/src/main/java/org/sat4j/minisat/core/Solver.java.xml', 'stmt', 240))"
2024-06-16 19:11:13,590	[INFO]	32      COMPILE_CODE_ERROR    None (--) [5 edit(s)]  
2024-06-16 19:11:13,590	[DEBUG]	patch(32)="SrcmlStmtDeletion(('org.sat4j.core/src/main/java/org/sat4j/minisat/core/Solver.java.xml', 'stmt', 84)) | SrcmlStmtDeletion(('org.sat4j.core/src/main/java/org/sat4j/minisat/core/Solver.java.xml', 'stmt', 908)) | SrcmlStmtDeletion(('org.sat4j.core/src/main/java/org/sat4j/minisat/core/Solver.java.xml', 'stmt', 964)) | SrcmlStmtInsertion(('org.sat4j.core/src/main/java/org/sat4j/minisat/core/Solver.java.xml', '_inter_block', 414), ('org.sat4j.core/src/main/java/org/sat4j/minisat/core/Solver.java.xml', 'stmt', 183)) | SrcmlStmtReplacement(('org.sat4j.core/src/main/java/org/sat4j/minisat/core/Solver.java.xml', 'stmt', 722), ('org.sat4j.core/src/main/java/org/sat4j/minisat/core/Solver.java.xml', 'stmt', 94))"
2024-06-16 19:11:16,374	[INFO]	33      COMPILE_CODE_ERROR    None (--) [5 edit(s)]  
2024-06-16 19:11:16,375	[DEBUG]	patch(33)="SrcmlStmtDeletion(('org.sat4j.core/src/main/java/org/sat4j/minisat/core/Solver.java.xml', 'stmt', 84)) | SrcmlStmtDeletion(('org.sat4j.core/src/main/java/org/sat4j/minisat/core/Solver.java.xml', 'stmt', 908)) | SrcmlStmtDeletion(('org.sat4j.core/src/main/java/org/sat4j/minisat/core/Solver.java.xml', 'stmt', 964)) | SrcmlStmtInsertion(('org.sat4j.core/src/main/java/org/sat4j/minisat/core/Solver.java.xml', '_inter_block', 414), ('org.sat4j.core/src/main/java/org/sat4j/minisat/core/Solver.java.xml', 'stmt', 183)) | SrcmlStmtReplacement(('org.sat4j.core/src/main/java/org/sat4j/minisat/core/Solver.java.xml', 'stmt', 112), ('org.sat4j.core/src/main/java/org/sat4j/minisat/core/Solver.java.xml', 'stmt', 569))"
2024-06-16 19:11:19,091	[INFO]	34      COMPILE_CODE_ERROR    None (--) [5 edit(s)]  
2024-06-16 19:11:19,091	[DEBUG]	patch(34)="SrcmlStmtDeletion(('org.sat4j.core/src/main/java/org/sat4j/minisat/core/Solver.java.xml', 'stmt', 84)) | SrcmlStmtDeletion(('org.sat4j.core/src/main/java/org/sat4j/minisat/core/Solver.java.xml', 'stmt', 908)) | SrcmlStmtDeletion(('org.sat4j.core/src/main/java/org/sat4j/minisat/core/Solver.java.xml', 'stmt', 964)) | SrcmlStmtInsertion(('org.sat4j.core/src/main/java/org/sat4j/minisat/core/Solver.java.xml', '_inter_block', 414), ('org.sat4j.core/src/main/java/org/sat4j/minisat/core/Solver.java.xml', 'stmt', 183)) | SrcmlStmtReplacement(('org.sat4j.core/src/main/java/org/sat4j/minisat/core/Solver.java.xml', 'stmt', 695), ('org.sat4j.core/src/main/java/org/sat4j/minisat/core/Solver.java.xml', 'stmt', 124))"
2024-06-16 19:11:21,870	[INFO]	35      COMPILE_CODE_ERROR    None (--) [5 edit(s)]  
2024-06-16 19:11:21,870	[DEBUG]	patch(35)="SrcmlStmtDeletion(('org.sat4j.core/src/main/java/org/sat4j/minisat/core/Solver.java.xml', 'stmt', 84)) | SrcmlStmtDeletion(('org.sat4j.core/src/main/java/org/sat4j/minisat/core/Solver.java.xml', 'stmt', 908)) | SrcmlStmtDeletion(('org.sat4j.core/src/main/java/org/sat4j/minisat/core/Solver.java.xml', 'stmt', 964)) | SrcmlStmtInsertion(('org.sat4j.core/src/main/java/org/sat4j/minisat/core/Solver.java.xml', '_inter_block', 414), ('org.sat4j.core/src/main/java/org/sat4j/minisat/core/Solver.java.xml', 'stmt', 183)) | SrcmlStmtDeletion(('org.sat4j.core/src/main/java/org/sat4j/minisat/core/Solver.java.xml', 'stmt', 690))"
2024-06-16 19:12:05,023	[DEBUG]	EXEC>  SUCCESS 6.594538772
2024-06-16 19:12:05,023	[INFO]	36      SUCCESS               6.594539 (98.69%) [5 edit(s)]  
2024-06-16 19:12:05,024	[DEBUG]	patch(36)="SrcmlStmtDeletion(('org.sat4j.core/src/main/java/org/sat4j/minisat/core/Solver.java.xml', 'stmt', 84)) | SrcmlStmtDeletion(('org.sat4j.core/src/main/java/org/sat4j/minisat/core/Solver.java.xml', 'stmt', 908)) | SrcmlStmtDeletion(('org.sat4j.core/src/main/java/org/sat4j/minisat/core/Solver.java.xml', 'stmt', 964)) | SrcmlStmtInsertion(('org.sat4j.core/src/main/java/org/sat4j/minisat/core/Solver.java.xml', '_inter_block', 414), ('org.sat4j.core/src/main/java/org/sat4j/minisat/core/Solver.java.xml', 'stmt', 183)) | SrcmlStmtDeletion(('org.sat4j.core/src/main/java/org/sat4j/minisat/core/Solver.java.xml', 'stmt', 708))"
2024-06-16 19:12:07,947	[INFO]	37      COMPILE_CODE_ERROR    None (--) [5 edit(s)]  
2024-06-16 19:12:07,947	[DEBUG]	patch(37)="SrcmlStmtDeletion(('org.sat4j.core/src/main/java/org/sat4j/minisat/core/Solver.java.xml', 'stmt', 84)) | SrcmlStmtDeletion(('org.sat4j.core/src/main/java/org/sat4j/minisat/core/Solver.java.xml', 'stmt', 908)) | SrcmlStmtDeletion(('org.sat4j.core/src/main/java/org/sat4j/minisat/core/Solver.java.xml', 'stmt', 964)) | SrcmlStmtInsertion(('org.sat4j.core/src/main/java/org/sat4j/minisat/core/Solver.java.xml', '_inter_block', 414), ('org.sat4j.core/src/main/java/org/sat4j/minisat/core/Solver.java.xml', 'stmt', 183)) | SrcmlStmtInsertion(('org.sat4j.core/src/main/java/org/sat4j/minisat/core/Solver.java.xml', '_inter_block', 532), ('org.sat4j.core/src/main/java/org/sat4j/minisat/core/Solver.java.xml', 'stmt', 47))"
2024-06-16 19:12:10,651	[INFO]	38      COMPILE_CODE_ERROR    None (--) [5 edit(s)]  
2024-06-16 19:12:10,651	[DEBUG]	patch(38)="SrcmlStmtDeletion(('org.sat4j.core/src/main/java/org/sat4j/minisat/core/Solver.java.xml', 'stmt', 84)) | SrcmlStmtDeletion(('org.sat4j.core/src/main/java/org/sat4j/minisat/core/Solver.java.xml', 'stmt', 908)) | SrcmlStmtDeletion(('org.sat4j.core/src/main/java/org/sat4j/minisat/core/Solver.java.xml', 'stmt', 964)) | SrcmlStmtInsertion(('org.sat4j.core/src/main/java/org/sat4j/minisat/core/Solver.java.xml', '_inter_block', 414), ('org.sat4j.core/src/main/java/org/sat4j/minisat/core/Solver.java.xml', 'stmt', 183)) | SrcmlStmtReplacement(('org.sat4j.core/src/main/java/org/sat4j/minisat/core/Solver.java.xml', 'stmt', 120), ('org.sat4j.core/src/main/java/org/sat4j/minisat/core/Solver.java.xml', 'stmt', 594))"
2024-06-16 19:12:13,512	[INFO]	39      COMPILE_CODE_ERROR    None (--) [5 edit(s)]  
2024-06-16 19:12:13,513	[DEBUG]	patch(39)="SrcmlStmtDeletion(('org.sat4j.core/src/main/java/org/sat4j/minisat/core/Solver.java.xml', 'stmt', 84)) | SrcmlStmtDeletion(('org.sat4j.core/src/main/java/org/sat4j/minisat/core/Solver.java.xml', 'stmt', 908)) | SrcmlStmtDeletion(('org.sat4j.core/src/main/java/org/sat4j/minisat/core/Solver.java.xml', 'stmt', 964)) | SrcmlStmtInsertion(('org.sat4j.core/src/main/java/org/sat4j/minisat/core/Solver.java.xml', '_inter_block', 414), ('org.sat4j.core/src/main/java/org/sat4j/minisat/core/Solver.java.xml', 'stmt', 183)) | SrcmlStmtReplacement(('org.sat4j.core/src/main/java/org/sat4j/minisat/core/Solver.java.xml', 'stmt', 774), ('org.sat4j.core/src/main/java/org/sat4j/minisat/core/Solver.java.xml', 'stmt', 311))"
2024-06-16 19:12:16,204	[INFO]	40      COMPILE_CODE_ERROR    None (--) [5 edit(s)]  
2024-06-16 19:12:16,204	[DEBUG]	patch(40)="SrcmlStmtDeletion(('org.sat4j.core/src/main/java/org/sat4j/minisat/core/Solver.java.xml', 'stmt', 84)) | SrcmlStmtDeletion(('org.sat4j.core/src/main/java/org/sat4j/minisat/core/Solver.java.xml', 'stmt', 908)) | SrcmlStmtDeletion(('org.sat4j.core/src/main/java/org/sat4j/minisat/core/Solver.java.xml', 'stmt', 964)) | SrcmlStmtInsertion(('org.sat4j.core/src/main/java/org/sat4j/minisat/core/Solver.java.xml', '_inter_block', 414), ('org.sat4j.core/src/main/java/org/sat4j/minisat/core/Solver.java.xml', 'stmt', 183)) | SrcmlStmtReplacement(('org.sat4j.core/src/main/java/org/sat4j/minisat/core/Solver.java.xml', 'stmt', 320), ('org.sat4j.core/src/main/java/org/sat4j/minisat/core/Solver.java.xml', 'stmt', 1015))"
2024-06-16 19:12:59,647	[DEBUG]	EXEC>  SUCCESS 6.62481712
2024-06-16 19:12:59,647	[INFO]	41      SUCCESS               6.624817 (99.14%) [5 edit(s)]  
2024-06-16 19:12:59,647	[DEBUG]	patch(41)="SrcmlStmtDeletion(('org.sat4j.core/src/main/java/org/sat4j/minisat/core/Solver.java.xml', 'stmt', 84)) | SrcmlStmtDeletion(('org.sat4j.core/src/main/java/org/sat4j/minisat/core/Solver.java.xml', 'stmt', 908)) | SrcmlStmtDeletion(('org.sat4j.core/src/main/java/org/sat4j/minisat/core/Solver.java.xml', 'stmt', 964)) | SrcmlStmtInsertion(('org.sat4j.core/src/main/java/org/sat4j/minisat/core/Solver.java.xml', '_inter_block', 414), ('org.sat4j.core/src/main/java/org/sat4j/minisat/core/Solver.java.xml', 'stmt', 183)) | SrcmlStmtDeletion(('org.sat4j.core/src/main/java/org/sat4j/minisat/core/Solver.java.xml', 'stmt', 371))"
2024-06-16 19:13:43,106	[DEBUG]	EXEC>  SUCCESS 6.64609692
2024-06-16 19:13:43,107	[INFO]	42      SUCCESS               6.646097 (99.46%) [5 edit(s)]  
2024-06-16 19:13:43,107	[DEBUG]	patch(42)="SrcmlStmtDeletion(('org.sat4j.core/src/main/java/org/sat4j/minisat/core/Solver.java.xml', 'stmt', 84)) | SrcmlStmtDeletion(('org.sat4j.core/src/main/java/org/sat4j/minisat/core/Solver.java.xml', 'stmt', 908)) | SrcmlStmtDeletion(('org.sat4j.core/src/main/java/org/sat4j/minisat/core/Solver.java.xml', 'stmt', 964)) | SrcmlStmtInsertion(('org.sat4j.core/src/main/java/org/sat4j/minisat/core/Solver.java.xml', '_inter_block', 414), ('org.sat4j.core/src/main/java/org/sat4j/minisat/core/Solver.java.xml', 'stmt', 183)) | SrcmlStmtDeletion(('org.sat4j.core/src/main/java/org/sat4j/minisat/core/Solver.java.xml', 'stmt', 339))"
2024-06-16 19:13:46,007	[INFO]	43      COMPILE_CODE_ERROR    None (--) [5 edit(s)]  
2024-06-16 19:13:46,007	[DEBUG]	patch(43)="SrcmlStmtDeletion(('org.sat4j.core/src/main/java/org/sat4j/minisat/core/Solver.java.xml', 'stmt', 84)) | SrcmlStmtDeletion(('org.sat4j.core/src/main/java/org/sat4j/minisat/core/Solver.java.xml', 'stmt', 908)) | SrcmlStmtDeletion(('org.sat4j.core/src/main/java/org/sat4j/minisat/core/Solver.java.xml', 'stmt', 964)) | SrcmlStmtInsertion(('org.sat4j.core/src/main/java/org/sat4j/minisat/core/Solver.java.xml', '_inter_block', 414), ('org.sat4j.core/src/main/java/org/sat4j/minisat/core/Solver.java.xml', 'stmt', 183)) | SrcmlStmtReplacement(('org.sat4j.core/src/main/java/org/sat4j/minisat/core/Solver.java.xml', 'stmt', 290), ('org.sat4j.core/src/main/java/org/sat4j/minisat/core/Solver.java.xml', 'stmt', 104))"
2024-06-16 19:14:29,242	[DEBUG]	EXEC>  SUCCESS 6.591026848
2024-06-16 19:14:29,243	[INFO]	44      SUCCESS               6.591027 (98.64%) [5 edit(s)]  
2024-06-16 19:14:29,243	[DEBUG]	patch(44)="SrcmlStmtDeletion(('org.sat4j.core/src/main/java/org/sat4j/minisat/core/Solver.java.xml', 'stmt', 84)) | SrcmlStmtDeletion(('org.sat4j.core/src/main/java/org/sat4j/minisat/core/Solver.java.xml', 'stmt', 908)) | SrcmlStmtDeletion(('org.sat4j.core/src/main/java/org/sat4j/minisat/core/Solver.java.xml', 'stmt', 964)) | SrcmlStmtInsertion(('org.sat4j.core/src/main/java/org/sat4j/minisat/core/Solver.java.xml', '_inter_block', 414), ('org.sat4j.core/src/main/java/org/sat4j/minisat/core/Solver.java.xml', 'stmt', 183)) | SrcmlStmtDeletion(('org.sat4j.core/src/main/java/org/sat4j/minisat/core/Solver.java.xml', 'stmt', 513))"
2024-06-16 19:15:20,405	[DEBUG]	EXEC>  SUCCESS 8.132050832000001
2024-06-16 19:15:20,405	[INFO]	45      SUCCESS               8.132051 (121.70%) [5 edit(s)]  
2024-06-16 19:15:20,405	[DEBUG]	patch(45)="SrcmlStmtDeletion(('org.sat4j.core/src/main/java/org/sat4j/minisat/core/Solver.java.xml', 'stmt', 84)) | SrcmlStmtDeletion(('org.sat4j.core/src/main/java/org/sat4j/minisat/core/Solver.java.xml', 'stmt', 908)) | SrcmlStmtDeletion(('org.sat4j.core/src/main/java/org/sat4j/minisat/core/Solver.java.xml', 'stmt', 964)) | SrcmlStmtInsertion(('org.sat4j.core/src/main/java/org/sat4j/minisat/core/Solver.java.xml', '_inter_block', 414), ('org.sat4j.core/src/main/java/org/sat4j/minisat/core/Solver.java.xml', 'stmt', 183)) | SrcmlStmtReplacement(('org.sat4j.core/src/main/java/org/sat4j/minisat/core/Solver.java.xml', 'stmt', 189), ('org.sat4j.core/src/main/java/org/sat4j/minisat/core/Solver.java.xml', 'stmt', 435))"
2024-06-16 19:15:23,325	[INFO]	46      COMPILE_CODE_ERROR    None (--) [5 edit(s)]  
2024-06-16 19:15:23,325	[DEBUG]	patch(46)="SrcmlStmtDeletion(('org.sat4j.core/src/main/java/org/sat4j/minisat/core/Solver.java.xml', 'stmt', 84)) | SrcmlStmtDeletion(('org.sat4j.core/src/main/java/org/sat4j/minisat/core/Solver.java.xml', 'stmt', 908)) | SrcmlStmtDeletion(('org.sat4j.core/src/main/java/org/sat4j/minisat/core/Solver.java.xml', 'stmt', 964)) | SrcmlStmtInsertion(('org.sat4j.core/src/main/java/org/sat4j/minisat/core/Solver.java.xml', '_inter_block', 414), ('org.sat4j.core/src/main/java/org/sat4j/minisat/core/Solver.java.xml', 'stmt', 183)) | SrcmlStmtInsertion(('org.sat4j.core/src/main/java/org/sat4j/minisat/core/Solver.java.xml', '_inter_block', 982), ('org.sat4j.core/src/main/java/org/sat4j/minisat/core/Solver.java.xml', 'stmt', 789))"
2024-06-16 19:16:07,151	[DEBUG]	EXEC>  SUCCESS 6.687763693999999
2024-06-16 19:16:07,151	[INFO]	47      SUCCESS               6.687764 (100.08%) [5 edit(s)]  
2024-06-16 19:16:07,151	[DEBUG]	patch(47)="SrcmlStmtDeletion(('org.sat4j.core/src/main/java/org/sat4j/minisat/core/Solver.java.xml', 'stmt', 84)) | SrcmlStmtDeletion(('org.sat4j.core/src/main/java/org/sat4j/minisat/core/Solver.java.xml', 'stmt', 908)) | SrcmlStmtDeletion(('org.sat4j.core/src/main/java/org/sat4j/minisat/core/Solver.java.xml', 'stmt', 964)) | SrcmlStmtInsertion(('org.sat4j.core/src/main/java/org/sat4j/minisat/core/Solver.java.xml', '_inter_block', 414), ('org.sat4j.core/src/main/java/org/sat4j/minisat/core/Solver.java.xml', 'stmt', 183)) | SrcmlStmtInsertion(('org.sat4j.core/src/main/java/org/sat4j/minisat/core/Solver.java.xml', '_inter_block', 1171), ('org.sat4j.core/src/main/java/org/sat4j/minisat/core/Solver.java.xml', 'stmt', 314))"
2024-06-16 19:16:50,342	[DEBUG]	EXEC>  SUCCESS 6.606959122000001
2024-06-16 19:16:50,342	[INFO]	48      SUCCESS               6.606959 (98.87%) [5 edit(s)]  
2024-06-16 19:16:50,342	[DEBUG]	patch(48)="SrcmlStmtDeletion(('org.sat4j.core/src/main/java/org/sat4j/minisat/core/Solver.java.xml', 'stmt', 84)) | SrcmlStmtDeletion(('org.sat4j.core/src/main/java/org/sat4j/minisat/core/Solver.java.xml', 'stmt', 908)) | SrcmlStmtDeletion(('org.sat4j.core/src/main/java/org/sat4j/minisat/core/Solver.java.xml', 'stmt', 964)) | SrcmlStmtInsertion(('org.sat4j.core/src/main/java/org/sat4j/minisat/core/Solver.java.xml', '_inter_block', 414), ('org.sat4j.core/src/main/java/org/sat4j/minisat/core/Solver.java.xml', 'stmt', 183)) | SrcmlStmtDeletion(('org.sat4j.core/src/main/java/org/sat4j/minisat/core/Solver.java.xml', 'stmt', 965))"
2024-06-16 19:16:50,366	[INFO]	~~~~ END ~~~~
2024-06-16 19:16:50,366	[INFO]	
2024-06-16 19:16:50,366	[INFO]	==== REPORT ====
2024-06-16 19:16:50,366	[INFO]	Termination: time budget
2024-06-16 19:16:50,366	[INFO]	Retries: 5
2024-06-16 19:16:50,367	[INFO]	Log file: /home/jim/magpie/_magpie_logs/sat4j_1718560640.log
2024-06-16 19:16:50,367	[INFO]	Patch file: _magpie_logs/sat4j_1718560640.patch
2024-06-16 19:16:50,367	[INFO]	Diff file: _magpie_logs/sat4j_1718560640.diff
2024-06-16 19:16:50,367	[INFO]	Reference fitness: 6.682181
2024-06-16 19:16:50,367	[INFO]	Best fitness: 6.572444
2024-06-16 19:16:50,367	[INFO]	
2024-06-16 19:16:50,368	[INFO]	==== BEST PATCH ====
SrcmlStmtDeletion(('org.sat4j.core/src/main/java/org/sat4j/minisat/core/Solver.java.xml', 'stmt', 84)) | SrcmlStmtDeletion(('org.sat4j.core/src/main/java/org/sat4j/minisat/core/Solver.java.xml', 'stmt', 908)) | SrcmlStmtDeletion(('org.sat4j.core/src/main/java/org/sat4j/minisat/core/Solver.java.xml', 'stmt', 964)) | SrcmlStmtInsertion(('org.sat4j.core/src/main/java/org/sat4j/minisat/core/Solver.java.xml', '_inter_block', 414), ('org.sat4j.core/src/main/java/org/sat4j/minisat/core/Solver.java.xml', 'stmt', 183))
2024-06-16 19:16:50,368	[INFO]	
2024-06-16 19:16:50,368	[INFO]	==== DIFF ====
[1m--- before: org.sat4j.core/src/main/java/org/sat4j/minisat/core/Solver.java[0m
[1m+++ after: org.sat4j.core/src/main/java/org/sat4j/minisat/core/Solver.java[0m
[36m@@ -367,10 +367,7 @@[0m
     public void expireTimeout() {
         this.undertimeout = false;
         if (this.timeBasedTimeout) {
[31m-            if (this.timer != null) {[0m
[31m-                this.timer.cancel();[0m
[31m-                this.timer = null;[0m
[31m-            }[0m
[32m+            [0m
         } else {
             if (this.conflictCount != null) {
                 this.conflictCount = null;
[36m@@ -640,6 +637,7 @@[0m
         } while (--counter > 0);
 
         outLearnt.set(0, p ^ 1);
[32m+        preason.clear();[0m
         this.simplifier.simplify(outLearnt);
 
         Constr c = this.dsfactory.createUnregisteredClause(outLearnt);
[36m@@ -2264,7 +2262,7 @@[0m
         }
         undoOne();
         if (!trailLim.isEmpty() && trailLim.last() == trail.size()) {
[31m-            trailLim.pop();[0m
[32m+            [0m
         }
         this.qhead = this.trail.size();
     }
[36m@@ -2460,8 +2458,7 @@[0m
                     aTimer);
             break;
         case LBD:
[31m-            this.learnedConstraintsDeletionStrategy = new GlucoseLCDS<D>(this,[0m
[31m-                    aTimer);[0m
[32m+            [0m
             break;
         case LBD2:
             this.learnedConstraintsDeletionStrategy = new Glucose2LCDS<D>(this,

