2024-06-12 10:56:15,362	[DEBUG]	==== CONFIG ====
[magpie]
import = 
seed = 4595025063529546
log_dir = _magpie_logs
work_dir = _magpie_work
local_original_copy = True
local_original_name = __original__
output_encoding = ascii
edit_retries = 10
default_timeout = 30
default_lengthout = 1e6
diff_method = unified
trust_local_filesystem = True

[magpie.log]
color_output = True
format_info = {counter:<7} {status:<20} {best}{fitness} ({ratio}) [{size}] {cached} {log}
format_debug = patch({counter})="{patch}"{diffifbest}
format_fitness = {:.6f}
format_ratio = {:.2%%}
format_patchif = 
	 --> {patch}
format_diffif = 
	{diff}

[software]
path = examples/minisat
target_files = minisat_simplified.params
software = BasicSoftware
model_rules = 
	*.params : ParamFileConfigModel
	*.xml : SrcmlModel
	* : LineModel
model_config = 
	*.params : [paramconfig]
	*.xml : [srcml]
init_cmd = bash init.sh
init_timeout = 60
init_lengthout = -1
setup_cmd = bash compile.sh
setup_timeout = 
setup_lengthout = 
compile_cmd = 
compile_timeout = 
compile_lengthout = 
test_cmd = bash test.sh
test_timeout = 
test_lengthout = 
run_cmd = ./run_custom.sh bash run_fixed.sh
run_timeout = 
run_lengthout = 
retries = 1
batch_timeout = 
batch_lengthout = 
batch_bin_fitness_strategy = aggregate
batch_fitness_strategy = sum
fitness = weights

[srcml]
rename = 
	stmt: break continue decl_stmt do expr_stmt for goto if return switch while
	number: literal_number
focus = block stmt operator_comp operator_arith number
internodes = block
process_pseudo_blocks = True
process_literals = True
process_operators = True

[paramconfig]
timing = test run
cli_prefix = --
cli_glue = =
cli_boolean = show
cli_boolean_prefix_true = 
cli_boolean_prefix_false = no-
cli_none = hide
silent_prefix = @
silent_suffix = $

[search]
protocol = BasicProtocol
algorithm = FirstImprovement
possible_edits = ParamSetting
warmup = 3
warmup_strategy = last
max_steps = 1000
max_time = 600
target_fitness = 
cache_maxsize = 100
cache_keep = 0.2
batch_instances = 
batch_shuffle = True
batch_bin_shuffle = False
batch_sample_size = 1

[search.ls]
delete_prob = 0.5
max_neighbours = 
when_trapped = continue
accept_fail = False
tabu_length = 10

[search.gp]
pop_size = 10
delete_prob = 0.5
offspring_elitism = 0.1
offspring_crossover = 0.5
offspring_mutation = 0.4
uniform_rate = 0.5
batch_reset = True

[search.minify]
do_cleanup = True
do_rebuild = True
do_simplify = True
round_robin_limit = 3


2024-06-12 10:56:15,363	[DEBUG]	
2024-06-12 10:56:15,363	[INFO]	==== SEARCH: FirstImprovement ====
2024-06-12 10:56:15,363	[INFO]	~~~~ WARMUP ~~~~
2024-06-12 10:56:36,883	[DEBUG]	EXEC>  SUCCESS 27623752155.48
2024-06-12 10:56:36,883	[INFO]	WARM    SUCCESS               27623752155.480000 (--) [0 edit(s)]  
2024-06-12 10:56:54,610	[DEBUG]	EXEC>  SUCCESS 27649697152.921
2024-06-12 10:56:54,610	[INFO]	WARM    SUCCESS               27649697152.921001 (--) [0 edit(s)]  
2024-06-12 10:57:12,642	[DEBUG]	EXEC>  SUCCESS 27599710053.943
2024-06-12 10:57:12,642	[INFO]	WARM    SUCCESS               27599710053.943001 (--) [0 edit(s)]  
2024-06-12 10:57:12,642	[INFO]	REF     SUCCESS               27599710053.943001 (--) [0 edit(s)]  
2024-06-12 10:57:12,642	[INFO]	
2024-06-12 10:57:12,642	[INFO]	~~~~ START ~~~~
2024-06-12 10:57:29,333	[DEBUG]	EXEC>  SUCCESS 25537519912.497
2024-06-12 10:57:29,333	[INFO]	1       SUCCESS              *25537519912.497002 (92.53%) [1 edit(s)]  
2024-06-12 10:57:29,333	[DEBUG]	patch(1)="ParamSetting(('minisat_simplified.params', 'param', 'pre'), 'False')"
--- before: minisat_simplified.params
+++ after: minisat_simplified.params
@@ -9,7 +9,7 @@
 phase-saving := 2
 ccmin-mode := 2
 rfirst := 100
-pre := 'True'
+pre := 'False'
 verb := '1'
 rcheck := 'False'
 asymm := 'False'

2024-06-12 10:57:29,334	[INFO]	2       SUCCESS               27599710053.943001 (100.00%) [0 edit(s)] [cached] 
2024-06-12 10:57:29,334	[DEBUG]	patch(2)=""
2024-06-12 10:57:45,805	[DEBUG]	EXEC>  SUCCESS 26005346054.028
2024-06-12 10:57:45,805	[INFO]	3       SUCCESS               26005346054.028000 (94.22%) [2 edit(s)]  
2024-06-12 10:57:45,805	[DEBUG]	patch(3)="ParamSetting(('minisat_simplified.params', 'param', 'pre'), 'False') | ParamSetting(('minisat_simplified.params', 'param', 'gc-frac'), 11808.012277180687)"
2024-06-12 10:58:02,126	[DEBUG]	EXEC>  SUCCESS 25542758907.249
2024-06-12 10:58:02,126	[INFO]	4       SUCCESS               25542758907.249001 (92.55%) [2 edit(s)]  
2024-06-12 10:58:02,126	[DEBUG]	patch(4)="ParamSetting(('minisat_simplified.params', 'param', 'pre'), 'False') | ParamSetting(('minisat_simplified.params', 'param', 'grow'), -2312)"
2024-06-12 10:58:02,127	[INFO]	5       SUCCESS              +25537519912.497002 (92.53%) [2 edit(s)] [cached] 
2024-06-12 10:58:02,127	[DEBUG]	patch(5)="ParamSetting(('minisat_simplified.params', 'param', 'pre'), 'False') | ParamSetting(('minisat_simplified.params', 'param', 'luby'), 'True')"
2024-06-12 10:58:40,327	[DEBUG]	EXEC>  SUCCESS 76689247060.192
2024-06-12 10:58:40,328	[INFO]	6       SUCCESS               76689247060.192001 (277.86%) [3 edit(s)]  
2024-06-12 10:58:40,328	[DEBUG]	patch(6)="ParamSetting(('minisat_simplified.params', 'param', 'pre'), 'False') | ParamSetting(('minisat_simplified.params', 'param', 'luby'), 'True') | ParamSetting(('minisat_simplified.params', 'param', 'var-decay'), 0.29302733312009877)"
2024-06-12 10:58:40,328	[INFO]	7       SUCCESS              +25537519912.497002 (92.53%) [3 edit(s)] [cached] 
2024-06-12 10:58:40,328	[DEBUG]	patch(7)="ParamSetting(('minisat_simplified.params', 'param', 'pre'), 'False') | ParamSetting(('minisat_simplified.params', 'param', 'luby'), 'True') | ParamSetting(('minisat_simplified.params', 'param', 'elim'), 'True')"
2024-06-12 10:58:40,328	[INFO]	8       SUCCESS              +25537519912.497002 (92.53%) [2 edit(s)] [cached] 
2024-06-12 10:58:40,329	[DEBUG]	patch(8)="ParamSetting(('minisat_simplified.params', 'param', 'pre'), 'False') | ParamSetting(('minisat_simplified.params', 'param', 'elim'), 'True')"
2024-06-12 10:58:40,329	[INFO]	9       SUCCESS              +25537519912.497002 (92.53%) [1 edit(s)] [cached] 
2024-06-12 10:58:40,329	[DEBUG]	patch(9)="ParamSetting(('minisat_simplified.params', 'param', 'pre'), 'False')"
2024-06-12 10:58:56,871	[DEBUG]	EXEC>  SUCCESS 25379716978.901
2024-06-12 10:58:56,871	[INFO]	10      SUCCESS              *25379716978.901001 (91.96%) [2 edit(s)]  
2024-06-12 10:58:56,871	[DEBUG]	patch(10)="ParamSetting(('minisat_simplified.params', 'param', 'pre'), 'False') | ParamSetting(('minisat_simplified.params', 'param', 'simp-gc-frac'), 322150202.00459814)"
--- before: minisat_simplified.params
+++ after: minisat_simplified.params
@@ -9,12 +9,12 @@
 phase-saving := 2
 ccmin-mode := 2
 rfirst := 100
-pre := 'True'
+pre := 'False'
 verb := '1'
 rcheck := 'False'
 asymm := 'False'
 elim := 'True'
-simp-gc-frac := 0.5
+simp-gc-frac := 322150202.00459814
 sub-lim := 1000
 cl-lim := 20
 grow := 0

2024-06-12 10:59:12,200	[DEBUG]	EXEC>  SUCCESS 23956541215.195
2024-06-12 10:59:12,200	[INFO]	11      SUCCESS              *23956541215.195000 (86.80%) [3 edit(s)]  
2024-06-12 10:59:12,200	[DEBUG]	patch(11)="ParamSetting(('minisat_simplified.params', 'param', 'pre'), 'False') | ParamSetting(('minisat_simplified.params', 'param', 'simp-gc-frac'), 322150202.00459814) | ParamSetting(('minisat_simplified.params', 'param', 'rnd-init'), 'True')"
--- before: minisat_simplified.params
+++ after: minisat_simplified.params
@@ -1,5 +1,5 @@
 luby := 'True'
-rnd-init := 'False'
+rnd-init := 'True'
 gc-frac := 0.2
 rinc := 2.0
 var-decay := 0.95
@@ -9,12 +9,12 @@
 phase-saving := 2
 ccmin-mode := 2
 rfirst := 100
-pre := 'True'
+pre := 'False'
 verb := '1'
 rcheck := 'False'
 asymm := 'False'
 elim := 'True'
-simp-gc-frac := 0.5
+simp-gc-frac := 322150202.00459814
 sub-lim := 1000
 cl-lim := 20
 grow := 0

2024-06-12 10:59:29,124	[DEBUG]	EXEC>  SUCCESS 26361699409.322
2024-06-12 10:59:29,124	[INFO]	12      SUCCESS               26361699409.321999 (95.51%) [2 edit(s)]  
2024-06-12 10:59:29,124	[DEBUG]	patch(12)="ParamSetting(('minisat_simplified.params', 'param', 'simp-gc-frac'), 322150202.00459814) | ParamSetting(('minisat_simplified.params', 'param', 'rnd-init'), 'True')"
2024-06-12 10:59:29,125	[INFO]	13      SUCCESS              +23956541215.195000 (86.80%) [4 edit(s)] [cached] 
2024-06-12 10:59:29,125	[DEBUG]	patch(13)="ParamSetting(('minisat_simplified.params', 'param', 'pre'), 'False') | ParamSetting(('minisat_simplified.params', 'param', 'simp-gc-frac'), 322150202.00459814) | ParamSetting(('minisat_simplified.params', 'param', 'rnd-init'), 'True') | ParamSetting(('minisat_simplified.params', 'param', 'pre'), 'False')"
2024-06-12 10:59:29,126	[INFO]	14      SUCCESS              +23956541215.195000 (86.80%) [3 edit(s)] [cached] 
2024-06-12 10:59:29,126	[DEBUG]	patch(14)="ParamSetting(('minisat_simplified.params', 'param', 'simp-gc-frac'), 322150202.00459814) | ParamSetting(('minisat_simplified.params', 'param', 'rnd-init'), 'True') | ParamSetting(('minisat_simplified.params', 'param', 'pre'), 'False')"
2024-06-12 10:59:29,127	[INFO]	15      SUCCESS              +23956541215.195000 (86.80%) [4 edit(s)] [cached] 
2024-06-12 10:59:29,127	[DEBUG]	patch(15)="ParamSetting(('minisat_simplified.params', 'param', 'simp-gc-frac'), 322150202.00459814) | ParamSetting(('minisat_simplified.params', 'param', 'rnd-init'), 'True') | ParamSetting(('minisat_simplified.params', 'param', 'pre'), 'False') | ParamSetting(('minisat_simplified.params', 'param', 'pre'), 'False')"
2024-06-12 10:59:29,127	[INFO]	16      SUCCESS               25379716978.901001 (91.96%) [3 edit(s)] [cached] 
2024-06-12 10:59:29,128	[DEBUG]	patch(16)="ParamSetting(('minisat_simplified.params', 'param', 'simp-gc-frac'), 322150202.00459814) | ParamSetting(('minisat_simplified.params', 'param', 'pre'), 'False') | ParamSetting(('minisat_simplified.params', 'param', 'pre'), 'False')"
2024-06-12 10:59:29,128	[INFO]	17      SUCCESS               26361699409.321999 (95.51%) [5 edit(s)] [cached] 
2024-06-12 10:59:29,128	[DEBUG]	patch(17)="ParamSetting(('minisat_simplified.params', 'param', 'simp-gc-frac'), 322150202.00459814) | ParamSetting(('minisat_simplified.params', 'param', 'rnd-init'), 'True') | ParamSetting(('minisat_simplified.params', 'param', 'pre'), 'False') | ParamSetting(('minisat_simplified.params', 'param', 'pre'), 'False') | ParamSetting(('minisat_simplified.params', 'param', 'pre'), 'True')"
2024-06-12 10:59:29,129	[INFO]	18      SUCCESS              +23956541215.195000 (86.80%) [3 edit(s)] [cached] 
2024-06-12 10:59:29,129	[DEBUG]	patch(18)="ParamSetting(('minisat_simplified.params', 'param', 'simp-gc-frac'), 322150202.00459814) | ParamSetting(('minisat_simplified.params', 'param', 'rnd-init'), 'True') | ParamSetting(('minisat_simplified.params', 'param', 'pre'), 'False')"
2024-06-12 10:59:44,235	[DEBUG]	EXEC>  SUCCESS 24084544517.748
2024-06-12 10:59:44,236	[INFO]	19      SUCCESS               24084544517.748001 (87.26%) [4 edit(s)]  
2024-06-12 10:59:44,236	[DEBUG]	patch(19)="ParamSetting(('minisat_simplified.params', 'param', 'simp-gc-frac'), 322150202.00459814) | ParamSetting(('minisat_simplified.params', 'param', 'rnd-init'), 'True') | ParamSetting(('minisat_simplified.params', 'param', 'pre'), 'False') | ParamSetting(('minisat_simplified.params', 'param', 'cl-lim'), 25772)"
2024-06-12 10:59:44,236	[INFO]	20      SUCCESS               25379716978.901001 (91.96%) [2 edit(s)] [cached] 
2024-06-12 10:59:44,237	[DEBUG]	patch(20)="ParamSetting(('minisat_simplified.params', 'param', 'simp-gc-frac'), 322150202.00459814) | ParamSetting(('minisat_simplified.params', 'param', 'pre'), 'False')"
2024-06-12 10:59:44,237	[INFO]	21      SUCCESS               26361699409.321999 (95.51%) [2 edit(s)] [cached] 
2024-06-12 10:59:44,237	[DEBUG]	patch(21)="ParamSetting(('minisat_simplified.params', 'param', 'simp-gc-frac'), 322150202.00459814) | ParamSetting(('minisat_simplified.params', 'param', 'rnd-init'), 'True')"
2024-06-12 10:59:59,260	[DEBUG]	EXEC>  SUCCESS 23891553050.48
2024-06-12 10:59:59,261	[INFO]	22      SUCCESS              *23891553050.480000 (86.56%) [4 edit(s)]  
2024-06-12 10:59:59,261	[DEBUG]	patch(22)="ParamSetting(('minisat_simplified.params', 'param', 'simp-gc-frac'), 322150202.00459814) | ParamSetting(('minisat_simplified.params', 'param', 'rnd-init'), 'True') | ParamSetting(('minisat_simplified.params', 'param', 'pre'), 'False') | ParamSetting(('minisat_simplified.params', 'param', 'simp-gc-frac'), 20103657.453191742)"
--- before: minisat_simplified.params
+++ after: minisat_simplified.params
@@ -1,5 +1,5 @@
 luby := 'True'
-rnd-init := 'False'
+rnd-init := 'True'
 gc-frac := 0.2
 rinc := 2.0
 var-decay := 0.95
@@ -9,12 +9,12 @@
 phase-saving := 2
 ccmin-mode := 2
 rfirst := 100
-pre := 'True'
+pre := 'False'
 verb := '1'
 rcheck := 'False'
 asymm := 'False'
 elim := 'True'
-simp-gc-frac := 0.5
+simp-gc-frac := 20103657.453191742
 sub-lim := 1000
 cl-lim := 20
 grow := 0

2024-06-12 10:59:59,261	[INFO]	23      SUCCESS               23956541215.195000 (86.80%) [3 edit(s)] [cached] 
2024-06-12 10:59:59,261	[DEBUG]	patch(23)="ParamSetting(('minisat_simplified.params', 'param', 'simp-gc-frac'), 322150202.00459814) | ParamSetting(('minisat_simplified.params', 'param', 'rnd-init'), 'True') | ParamSetting(('minisat_simplified.params', 'param', 'pre'), 'False')"
2024-06-12 10:59:59,262	[INFO]	24      SUCCESS              +23891553050.480000 (86.56%) [5 edit(s)] [cached] 
2024-06-12 10:59:59,263	[DEBUG]	patch(24)="ParamSetting(('minisat_simplified.params', 'param', 'simp-gc-frac'), 322150202.00459814) | ParamSetting(('minisat_simplified.params', 'param', 'rnd-init'), 'True') | ParamSetting(('minisat_simplified.params', 'param', 'pre'), 'False') | ParamSetting(('minisat_simplified.params', 'param', 'simp-gc-frac'), 20103657.453191742) | ParamSetting(('minisat_simplified.params', 'param', 'phase-saving'), 2)"
2024-06-12 11:00:15,236	[DEBUG]	EXEC>  SUCCESS 25730761793.525
2024-06-12 11:00:15,236	[INFO]	25      SUCCESS               25730761793.525002 (93.23%) [4 edit(s)]  
2024-06-12 11:00:15,236	[DEBUG]	patch(25)="ParamSetting(('minisat_simplified.params', 'param', 'simp-gc-frac'), 322150202.00459814) | ParamSetting(('minisat_simplified.params', 'param', 'pre'), 'False') | ParamSetting(('minisat_simplified.params', 'param', 'simp-gc-frac'), 20103657.453191742) | ParamSetting(('minisat_simplified.params', 'param', 'phase-saving'), 2)"
2024-06-12 11:00:23,133	[DEBUG]	EXEC>  SUCCESS 6109127714.277
2024-06-12 11:00:23,133	[INFO]	26      SUCCESS              *6109127714.277000 (22.13%) [6 edit(s)]  
2024-06-12 11:00:23,133	[DEBUG]	patch(26)="ParamSetting(('minisat_simplified.params', 'param', 'simp-gc-frac'), 322150202.00459814) | ParamSetting(('minisat_simplified.params', 'param', 'rnd-init'), 'True') | ParamSetting(('minisat_simplified.params', 'param', 'pre'), 'False') | ParamSetting(('minisat_simplified.params', 'param', 'simp-gc-frac'), 20103657.453191742) | ParamSetting(('minisat_simplified.params', 'param', 'phase-saving'), 2) | ParamSetting(('minisat_simplified.params', 'param', 'rinc'), 875.2317032698791)"
--- before: minisat_simplified.params
+++ after: minisat_simplified.params
@@ -1,7 +1,7 @@
 luby := 'True'
-rnd-init := 'False'
+rnd-init := 'True'
 gc-frac := 0.2
-rinc := 2.0
+rinc := 875.2317032698791
 var-decay := 0.95
 cla-decay := 0.999
 rnd-freq := 0.0
@@ -9,12 +9,12 @@
 phase-saving := 2
 ccmin-mode := 2
 rfirst := 100
-pre := 'True'
+pre := 'False'
 verb := '1'
 rcheck := 'False'
 asymm := 'False'
 elim := 'True'
-simp-gc-frac := 0.5
+simp-gc-frac := 20103657.453191742
 sub-lim := 1000
 cl-lim := 20
 grow := 0

2024-06-12 11:00:23,134	[INFO]	27      SUCCESS               23891553050.480000 (86.56%) [5 edit(s)] [cached] 
2024-06-12 11:00:23,134	[DEBUG]	patch(27)="ParamSetting(('minisat_simplified.params', 'param', 'simp-gc-frac'), 322150202.00459814) | ParamSetting(('minisat_simplified.params', 'param', 'rnd-init'), 'True') | ParamSetting(('minisat_simplified.params', 'param', 'pre'), 'False') | ParamSetting(('minisat_simplified.params', 'param', 'simp-gc-frac'), 20103657.453191742) | ParamSetting(('minisat_simplified.params', 'param', 'phase-saving'), 2)"
2024-06-12 11:00:30,970	[DEBUG]	EXEC>  SUCCESS 6071087755.101
2024-06-12 11:00:30,970	[INFO]	28      SUCCESS              *6071087755.101000 (22.00%) [5 edit(s)]  
2024-06-12 11:00:30,970	[DEBUG]	patch(28)="ParamSetting(('minisat_simplified.params', 'param', 'simp-gc-frac'), 322150202.00459814) | ParamSetting(('minisat_simplified.params', 'param', 'rnd-init'), 'True') | ParamSetting(('minisat_simplified.params', 'param', 'pre'), 'False') | ParamSetting(('minisat_simplified.params', 'param', 'phase-saving'), 2) | ParamSetting(('minisat_simplified.params', 'param', 'rinc'), 875.2317032698791)"
--- before: minisat_simplified.params
+++ after: minisat_simplified.params
@@ -1,7 +1,7 @@
 luby := 'True'
-rnd-init := 'False'
+rnd-init := 'True'
 gc-frac := 0.2
-rinc := 2.0
+rinc := 875.2317032698791
 var-decay := 0.95
 cla-decay := 0.999
 rnd-freq := 0.0
@@ -9,12 +9,12 @@
 phase-saving := 2
 ccmin-mode := 2
 rfirst := 100
-pre := 'True'
+pre := 'False'
 verb := '1'
 rcheck := 'False'
 asymm := 'False'
 elim := 'True'
-simp-gc-frac := 0.5
+simp-gc-frac := 322150202.00459814
 sub-lim := 1000
 cl-lim := 20
 grow := 0

2024-06-12 11:00:30,971	[INFO]	29      SUCCESS               23956541215.195000 (86.80%) [4 edit(s)] [cached] 
2024-06-12 11:00:30,971	[DEBUG]	patch(29)="ParamSetting(('minisat_simplified.params', 'param', 'simp-gc-frac'), 322150202.00459814) | ParamSetting(('minisat_simplified.params', 'param', 'rnd-init'), 'True') | ParamSetting(('minisat_simplified.params', 'param', 'pre'), 'False') | ParamSetting(('minisat_simplified.params', 'param', 'phase-saving'), 2)"
2024-06-12 11:00:38,003	[DEBUG]	EXEC>  SUCCESS 6126865002.625
2024-06-12 11:00:38,003	[INFO]	30      SUCCESS               6126865002.625000 (22.20%) [6 edit(s)]  
2024-06-12 11:00:38,003	[DEBUG]	patch(30)="ParamSetting(('minisat_simplified.params', 'param', 'simp-gc-frac'), 322150202.00459814) | ParamSetting(('minisat_simplified.params', 'param', 'rnd-init'), 'True') | ParamSetting(('minisat_simplified.params', 'param', 'pre'), 'False') | ParamSetting(('minisat_simplified.params', 'param', 'phase-saving'), 2) | ParamSetting(('minisat_simplified.params', 'param', 'rinc'), 875.2317032698791) | ParamSetting(('minisat_simplified.params', 'param', 'gc-frac'), 45371.8197931835)"
2024-06-12 11:00:38,004	[INFO]	31      SUCCESS              +6071087755.101000 (22.00%) [6 edit(s)] [cached] 
2024-06-12 11:00:38,004	[DEBUG]	patch(31)="ParamSetting(('minisat_simplified.params', 'param', 'simp-gc-frac'), 322150202.00459814) | ParamSetting(('minisat_simplified.params', 'param', 'rnd-init'), 'True') | ParamSetting(('minisat_simplified.params', 'param', 'pre'), 'False') | ParamSetting(('minisat_simplified.params', 'param', 'phase-saving'), 2) | ParamSetting(('minisat_simplified.params', 'param', 'rinc'), 875.2317032698791) | ParamSetting(('minisat_simplified.params', 'param', 'pre'), 'False')"
2024-06-12 11:00:38,005	[INFO]	32      SUCCESS              +6071087755.101000 (22.00%) [7 edit(s)] [cached] 
2024-06-12 11:00:38,005	[DEBUG]	patch(32)="ParamSetting(('minisat_simplified.params', 'param', 'simp-gc-frac'), 322150202.00459814) | ParamSetting(('minisat_simplified.params', 'param', 'rnd-init'), 'True') | ParamSetting(('minisat_simplified.params', 'param', 'pre'), 'False') | ParamSetting(('minisat_simplified.params', 'param', 'phase-saving'), 2) | ParamSetting(('minisat_simplified.params', 'param', 'rinc'), 875.2317032698791) | ParamSetting(('minisat_simplified.params', 'param', 'pre'), 'False') | ParamSetting(('minisat_simplified.params', 'param', 'rnd-init'), 'True')"
2024-06-12 11:00:38,006	[INFO]	33      SUCCESS               23956541215.195000 (86.80%) [6 edit(s)] [cached] 
2024-06-12 11:00:38,006	[DEBUG]	patch(33)="ParamSetting(('minisat_simplified.params', 'param', 'simp-gc-frac'), 322150202.00459814) | ParamSetting(('minisat_simplified.params', 'param', 'rnd-init'), 'True') | ParamSetting(('minisat_simplified.params', 'param', 'pre'), 'False') | ParamSetting(('minisat_simplified.params', 'param', 'phase-saving'), 2) | ParamSetting(('minisat_simplified.params', 'param', 'pre'), 'False') | ParamSetting(('minisat_simplified.params', 'param', 'rnd-init'), 'True')"
2024-06-12 11:00:38,007	[INFO]	34      SUCCESS              +6071087755.101000 (22.00%) [6 edit(s)] [cached] 
2024-06-12 11:00:38,007	[DEBUG]	patch(34)="ParamSetting(('minisat_simplified.params', 'param', 'simp-gc-frac'), 322150202.00459814) | ParamSetting(('minisat_simplified.params', 'param', 'rnd-init'), 'True') | ParamSetting(('minisat_simplified.params', 'param', 'pre'), 'False') | ParamSetting(('minisat_simplified.params', 'param', 'phase-saving'), 2) | ParamSetting(('minisat_simplified.params', 'param', 'rinc'), 875.2317032698791) | ParamSetting(('minisat_simplified.params', 'param', 'pre'), 'False')"
2024-06-12 11:00:38,007	[INFO]	35      SUCCESS              +6071087755.101000 (22.00%) [5 edit(s)] [cached] 
2024-06-12 11:00:38,008	[DEBUG]	patch(35)="ParamSetting(('minisat_simplified.params', 'param', 'simp-gc-frac'), 322150202.00459814) | ParamSetting(('minisat_simplified.params', 'param', 'rnd-init'), 'True') | ParamSetting(('minisat_simplified.params', 'param', 'pre'), 'False') | ParamSetting(('minisat_simplified.params', 'param', 'phase-saving'), 2) | ParamSetting(('minisat_simplified.params', 'param', 'rinc'), 875.2317032698791)"
2024-06-12 11:00:45,411	[DEBUG]	EXEC>  SUCCESS 6167344574.744
2024-06-12 11:00:45,411	[INFO]	36      SUCCESS               6167344574.744000 (22.35%) [6 edit(s)]  
2024-06-12 11:00:45,411	[DEBUG]	patch(36)="ParamSetting(('minisat_simplified.params', 'param', 'simp-gc-frac'), 322150202.00459814) | ParamSetting(('minisat_simplified.params', 'param', 'rnd-init'), 'True') | ParamSetting(('minisat_simplified.params', 'param', 'pre'), 'False') | ParamSetting(('minisat_simplified.params', 'param', 'phase-saving'), 2) | ParamSetting(('minisat_simplified.params', 'param', 'rinc'), 875.2317032698791) | ParamSetting(('minisat_simplified.params', 'param', 'simp-gc-frac'), 12965503.640179379)"
2024-06-12 11:00:45,411	[INFO]	37      SUCCESS              +6071087755.101000 (22.00%) [4 edit(s)] [cached] 
2024-06-12 11:00:45,411	[DEBUG]	patch(37)="ParamSetting(('minisat_simplified.params', 'param', 'simp-gc-frac'), 322150202.00459814) | ParamSetting(('minisat_simplified.params', 'param', 'rnd-init'), 'True') | ParamSetting(('minisat_simplified.params', 'param', 'pre'), 'False') | ParamSetting(('minisat_simplified.params', 'param', 'rinc'), 875.2317032698791)"
2024-06-12 11:00:45,412	[INFO]	38      SUCCESS               23956541215.195000 (86.80%) [3 edit(s)] [cached] 
2024-06-12 11:00:45,412	[DEBUG]	patch(38)="ParamSetting(('minisat_simplified.params', 'param', 'simp-gc-frac'), 322150202.00459814) | ParamSetting(('minisat_simplified.params', 'param', 'rnd-init'), 'True') | ParamSetting(('minisat_simplified.params', 'param', 'pre'), 'False')"
2024-06-12 11:00:51,763	[DEBUG]	EXEC>  SUCCESS 4726615720.805
2024-06-12 11:00:51,764	[INFO]	39      SUCCESS              *4726615720.805000 (17.13%) [3 edit(s)]  
2024-06-12 11:00:51,764	[DEBUG]	patch(39)="ParamSetting(('minisat_simplified.params', 'param', 'simp-gc-frac'), 322150202.00459814) | ParamSetting(('minisat_simplified.params', 'param', 'rnd-init'), 'True') | ParamSetting(('minisat_simplified.params', 'param', 'rinc'), 875.2317032698791)"
--- before: minisat_simplified.params
+++ after: minisat_simplified.params
@@ -1,7 +1,7 @@
 luby := 'True'
-rnd-init := 'False'
+rnd-init := 'True'
 gc-frac := 0.2
-rinc := 2.0
+rinc := 875.2317032698791
 var-decay := 0.95
 cla-decay := 0.999
 rnd-freq := 0.0
@@ -14,7 +14,7 @@
 rcheck := 'False'
 asymm := 'False'
 elim := 'True'
-simp-gc-frac := 0.5
+simp-gc-frac := 322150202.00459814
 sub-lim := 1000
 cl-lim := 20
 grow := 0

2024-06-12 11:00:58,578	[DEBUG]	EXEC>  SUCCESS 4471852935.458
2024-06-12 11:00:58,578	[INFO]	40      SUCCESS              *4471852935.458000 (16.20%) [2 edit(s)]  
2024-06-12 11:00:58,578	[DEBUG]	patch(40)="ParamSetting(('minisat_simplified.params', 'param', 'simp-gc-frac'), 322150202.00459814) | ParamSetting(('minisat_simplified.params', 'param', 'rinc'), 875.2317032698791)"
--- before: minisat_simplified.params
+++ after: minisat_simplified.params
@@ -1,7 +1,7 @@
 luby := 'True'
 rnd-init := 'False'
 gc-frac := 0.2
-rinc := 2.0
+rinc := 875.2317032698791
 var-decay := 0.95
 cla-decay := 0.999
 rnd-freq := 0.0
@@ -14,7 +14,7 @@
 rcheck := 'False'
 asymm := 'False'
 elim := 'True'
-simp-gc-frac := 0.5
+simp-gc-frac := 322150202.00459814
 sub-lim := 1000
 cl-lim := 20
 grow := 0

2024-06-12 11:01:05,671	[DEBUG]	EXEC>  SUCCESS 4572390278.552
2024-06-12 11:01:05,671	[INFO]	41      SUCCESS               4572390278.552000 (16.57%) [1 edit(s)]  
2024-06-12 11:01:05,671	[DEBUG]	patch(41)="ParamSetting(('minisat_simplified.params', 'param', 'rinc'), 875.2317032698791)"
2024-06-12 11:01:12,858	[DEBUG]	EXEC>  SUCCESS 4561288147.833
2024-06-12 11:01:12,859	[INFO]	42      SUCCESS               4561288147.833000 (16.53%) [3 edit(s)]  
2024-06-12 11:01:12,859	[DEBUG]	patch(42)="ParamSetting(('minisat_simplified.params', 'param', 'simp-gc-frac'), 322150202.00459814) | ParamSetting(('minisat_simplified.params', 'param', 'rinc'), 875.2317032698791) | ParamSetting(('minisat_simplified.params', 'param', 'simp-gc-frac'), 190205614.39417157)"
2024-06-12 11:01:30,121	[DEBUG]	EXEC>  SUCCESS 27627920033.5
2024-06-12 11:01:30,121	[INFO]	43      SUCCESS               27627920033.500000 (100.10%) [1 edit(s)]  
2024-06-12 11:01:30,121	[DEBUG]	patch(43)="ParamSetting(('minisat_simplified.params', 'param', 'simp-gc-frac'), 322150202.00459814)"
2024-06-12 11:01:42,551	[DEBUG]	EXEC>  SUCCESS 15926157944.759
2024-06-12 11:01:42,552	[INFO]	44      SUCCESS               15926157944.759001 (57.70%) [3 edit(s)]  
2024-06-12 11:01:42,552	[DEBUG]	patch(44)="ParamSetting(('minisat_simplified.params', 'param', 'simp-gc-frac'), 322150202.00459814) | ParamSetting(('minisat_simplified.params', 'param', 'rinc'), 875.2317032698791) | ParamSetting(('minisat_simplified.params', 'param', 'var-decay'), 0.20990450626467094)"
2024-06-12 11:01:49,211	[DEBUG]	EXEC>  SUCCESS 4407111560.22
2024-06-12 11:01:49,212	[INFO]	45      SUCCESS              *4407111560.220000 (15.97%) [3 edit(s)]  
2024-06-12 11:01:49,212	[DEBUG]	patch(45)="ParamSetting(('minisat_simplified.params', 'param', 'simp-gc-frac'), 322150202.00459814) | ParamSetting(('minisat_simplified.params', 'param', 'rinc'), 875.2317032698791) | ParamSetting(('minisat_simplified.params', 'param', 'asymm'), 'True')"
--- before: minisat_simplified.params
+++ after: minisat_simplified.params
@@ -1,7 +1,7 @@
 luby := 'True'
 rnd-init := 'False'
 gc-frac := 0.2
-rinc := 2.0
+rinc := 875.2317032698791
 var-decay := 0.95
 cla-decay := 0.999
 rnd-freq := 0.0
@@ -12,9 +12,9 @@
 pre := 'True'
 verb := '1'
 rcheck := 'False'
-asymm := 'False'
+asymm := 'True'
 elim := 'True'
-simp-gc-frac := 0.5
+simp-gc-frac := 322150202.00459814
 sub-lim := 1000
 cl-lim := 20
 grow := 0

2024-06-12 11:01:49,213	[INFO]	46      SUCCESS               4471852935.458000 (16.20%) [2 edit(s)] [cached] 
2024-06-12 11:01:49,213	[DEBUG]	patch(46)="ParamSetting(('minisat_simplified.params', 'param', 'simp-gc-frac'), 322150202.00459814) | ParamSetting(('minisat_simplified.params', 'param', 'rinc'), 875.2317032698791)"
2024-06-12 11:01:56,239	[DEBUG]	EXEC>  SUCCESS 4132265815.379
2024-06-12 11:01:56,239	[INFO]	47      SUCCESS              *4132265815.379000 (14.97%) [4 edit(s)]  
2024-06-12 11:01:56,239	[DEBUG]	patch(47)="ParamSetting(('minisat_simplified.params', 'param', 'simp-gc-frac'), 322150202.00459814) | ParamSetting(('minisat_simplified.params', 'param', 'rinc'), 875.2317032698791) | ParamSetting(('minisat_simplified.params', 'param', 'asymm'), 'True') | ParamSetting(('minisat_simplified.params', 'param', 'grow'), -3905)"
--- before: minisat_simplified.params
+++ after: minisat_simplified.params
@@ -1,7 +1,7 @@
 luby := 'True'
 rnd-init := 'False'
 gc-frac := 0.2
-rinc := 2.0
+rinc := 875.2317032698791
 var-decay := 0.95
 cla-decay := 0.999
 rnd-freq := 0.0
@@ -12,9 +12,9 @@
 pre := 'True'
 verb := '1'
 rcheck := 'False'
-asymm := 'False'
+asymm := 'True'
 elim := 'True'
-simp-gc-frac := 0.5
+simp-gc-frac := 322150202.00459814
 sub-lim := 1000
 cl-lim := 20
-grow := 0
+grow := -3905

2024-06-12 11:02:11,467	[DEBUG]	EXEC>  SUCCESS 24350009697.621
2024-06-12 11:02:11,467	[INFO]	48      SUCCESS               24350009697.620998 (88.23%) [3 edit(s)]  
2024-06-12 11:02:11,467	[DEBUG]	patch(48)="ParamSetting(('minisat_simplified.params', 'param', 'simp-gc-frac'), 322150202.00459814) | ParamSetting(('minisat_simplified.params', 'param', 'asymm'), 'True') | ParamSetting(('minisat_simplified.params', 'param', 'grow'), -3905)"
2024-06-12 11:02:18,272	[DEBUG]	EXEC>  SUCCESS 4175632197.738
2024-06-12 11:02:18,272	[INFO]	49      SUCCESS               4175632197.738000 (15.13%) [5 edit(s)]  
2024-06-12 11:02:18,272	[DEBUG]	patch(49)="ParamSetting(('minisat_simplified.params', 'param', 'simp-gc-frac'), 322150202.00459814) | ParamSetting(('minisat_simplified.params', 'param', 'rinc'), 875.2317032698791) | ParamSetting(('minisat_simplified.params', 'param', 'asymm'), 'True') | ParamSetting(('minisat_simplified.params', 'param', 'grow'), -3905) | ParamSetting(('minisat_simplified.params', 'param', 'rnd-seed'), 1909316019)"
2024-06-12 11:02:24,491	[DEBUG]	EXEC>  SUCCESS 4157943374.664
2024-06-12 11:02:24,491	[INFO]	50      SUCCESS               4157943374.664000 (15.07%) [3 edit(s)]  
2024-06-12 11:02:24,491	[DEBUG]	patch(50)="ParamSetting(('minisat_simplified.params', 'param', 'rinc'), 875.2317032698791) | ParamSetting(('minisat_simplified.params', 'param', 'asymm'), 'True') | ParamSetting(('minisat_simplified.params', 'param', 'grow'), -3905)"
2024-06-12 11:02:31,039	[DEBUG]	EXEC>  SUCCESS 4226762274.406
2024-06-12 11:02:31,039	[INFO]	51      SUCCESS               4226762274.406000 (15.31%) [5 edit(s)]  
2024-06-12 11:02:31,040	[DEBUG]	patch(51)="ParamSetting(('minisat_simplified.params', 'param', 'simp-gc-frac'), 322150202.00459814) | ParamSetting(('minisat_simplified.params', 'param', 'rinc'), 875.2317032698791) | ParamSetting(('minisat_simplified.params', 'param', 'asymm'), 'True') | ParamSetting(('minisat_simplified.params', 'param', 'grow'), -3905) | ParamSetting(('minisat_simplified.params', 'param', 'rnd-seed'), 688866462)"
2024-06-12 11:02:38,649	[DEBUG]	EXEC>  SUCCESS 4161967173.998
2024-06-12 11:02:38,649	[INFO]	52      SUCCESS               4161967173.998000 (15.08%) [5 edit(s)]  
2024-06-12 11:02:38,649	[DEBUG]	patch(52)="ParamSetting(('minisat_simplified.params', 'param', 'simp-gc-frac'), 322150202.00459814) | ParamSetting(('minisat_simplified.params', 'param', 'rinc'), 875.2317032698791) | ParamSetting(('minisat_simplified.params', 'param', 'asymm'), 'True') | ParamSetting(('minisat_simplified.params', 'param', 'grow'), -3905) | ParamSetting(('minisat_simplified.params', 'param', 'rcheck'), 'True')"
2024-06-12 11:02:38,650	[INFO]	53      SUCCESS              +4132265815.379000 (14.97%) [5 edit(s)] [cached] 
2024-06-12 11:02:38,650	[DEBUG]	patch(53)="ParamSetting(('minisat_simplified.params', 'param', 'simp-gc-frac'), 322150202.00459814) | ParamSetting(('minisat_simplified.params', 'param', 'rinc'), 875.2317032698791) | ParamSetting(('minisat_simplified.params', 'param', 'asymm'), 'True') | ParamSetting(('minisat_simplified.params', 'param', 'grow'), -3905) | ParamSetting(('minisat_simplified.params', 'param', 'pre'), 'True')"
2024-06-12 11:02:38,651	[INFO]	54      SUCCESS               4407111560.220000 (15.97%) [4 edit(s)] [cached] 
2024-06-12 11:02:38,651	[DEBUG]	patch(54)="ParamSetting(('minisat_simplified.params', 'param', 'simp-gc-frac'), 322150202.00459814) | ParamSetting(('minisat_simplified.params', 'param', 'rinc'), 875.2317032698791) | ParamSetting(('minisat_simplified.params', 'param', 'asymm'), 'True') | ParamSetting(('minisat_simplified.params', 'param', 'pre'), 'True')"
2024-06-12 11:02:46,689	[DEBUG]	EXEC>  SUCCESS 6836443029.665
2024-06-12 11:02:46,689	[INFO]	55      SUCCESS               6836443029.665000 (24.77%) [6 edit(s)]  
2024-06-12 11:02:46,689	[DEBUG]	patch(55)="ParamSetting(('minisat_simplified.params', 'param', 'simp-gc-frac'), 322150202.00459814) | ParamSetting(('minisat_simplified.params', 'param', 'rinc'), 875.2317032698791) | ParamSetting(('minisat_simplified.params', 'param', 'asymm'), 'True') | ParamSetting(('minisat_simplified.params', 'param', 'grow'), -3905) | ParamSetting(('minisat_simplified.params', 'param', 'pre'), 'True') | ParamSetting(('minisat_simplified.params', 'param', 'rnd-init'), 'True')"
2024-06-12 11:02:46,690	[INFO]	56      SUCCESS               6836443029.665000 (24.77%) [6 edit(s)] [cached] 
2024-06-12 11:02:46,690	[DEBUG]	patch(56)="ParamSetting(('minisat_simplified.params', 'param', 'simp-gc-frac'), 322150202.00459814) | ParamSetting(('minisat_simplified.params', 'param', 'rinc'), 875.2317032698791) | ParamSetting(('minisat_simplified.params', 'param', 'asymm'), 'True') | ParamSetting(('minisat_simplified.params', 'param', 'grow'), -3905) | ParamSetting(('minisat_simplified.params', 'param', 'pre'), 'True') | ParamSetting(('minisat_simplified.params', 'param', 'rnd-init'), 'True')"
2024-06-12 11:02:46,691	[INFO]	57      SUCCESS               24350009697.620998 (88.23%) [4 edit(s)] [cached] 
2024-06-12 11:02:46,691	[DEBUG]	patch(57)="ParamSetting(('minisat_simplified.params', 'param', 'simp-gc-frac'), 322150202.00459814) | ParamSetting(('minisat_simplified.params', 'param', 'asymm'), 'True') | ParamSetting(('minisat_simplified.params', 'param', 'grow'), -3905) | ParamSetting(('minisat_simplified.params', 'param', 'pre'), 'True')"
2024-06-12 11:02:46,692	[INFO]	58      SUCCESS              +4132265815.379000 (14.97%) [6 edit(s)] [cached] 
2024-06-12 11:02:46,692	[DEBUG]	patch(58)="ParamSetting(('minisat_simplified.params', 'param', 'simp-gc-frac'), 322150202.00459814) | ParamSetting(('minisat_simplified.params', 'param', 'rinc'), 875.2317032698791) | ParamSetting(('minisat_simplified.params', 'param', 'asymm'), 'True') | ParamSetting(('minisat_simplified.params', 'param', 'grow'), -3905) | ParamSetting(('minisat_simplified.params', 'param', 'pre'), 'True') | ParamSetting(('minisat_simplified.params', 'param', 'rcheck'), 'False')"
2024-06-12 11:02:46,693	[INFO]	59      SUCCESS               4157943374.664000 (15.07%) [5 edit(s)] [cached] 
2024-06-12 11:02:46,693	[DEBUG]	patch(59)="ParamSetting(('minisat_simplified.params', 'param', 'rinc'), 875.2317032698791) | ParamSetting(('minisat_simplified.params', 'param', 'asymm'), 'True') | ParamSetting(('minisat_simplified.params', 'param', 'grow'), -3905) | ParamSetting(('minisat_simplified.params', 'param', 'pre'), 'True') | ParamSetting(('minisat_simplified.params', 'param', 'rcheck'), 'False')"
2024-06-12 11:02:53,346	[DEBUG]	EXEC>  SUCCESS 4677443097.564
2024-06-12 11:02:53,346	[INFO]	60      SUCCESS               4677443097.564000 (16.95%) [7 edit(s)]  
2024-06-12 11:02:53,346	[DEBUG]	patch(60)="ParamSetting(('minisat_simplified.params', 'param', 'simp-gc-frac'), 322150202.00459814) | ParamSetting(('minisat_simplified.params', 'param', 'rinc'), 875.2317032698791) | ParamSetting(('minisat_simplified.params', 'param', 'asymm'), 'True') | ParamSetting(('minisat_simplified.params', 'param', 'grow'), -3905) | ParamSetting(('minisat_simplified.params', 'param', 'pre'), 'True') | ParamSetting(('minisat_simplified.params', 'param', 'rcheck'), 'False') | ParamSetting(('minisat_simplified.params', 'param', 'rfirst'), 3218)"
2024-06-12 11:02:53,347	[INFO]	61      SUCCESS               24350009697.620998 (88.23%) [5 edit(s)] [cached] 
2024-06-12 11:02:53,347	[DEBUG]	patch(61)="ParamSetting(('minisat_simplified.params', 'param', 'simp-gc-frac'), 322150202.00459814) | ParamSetting(('minisat_simplified.params', 'param', 'asymm'), 'True') | ParamSetting(('minisat_simplified.params', 'param', 'grow'), -3905) | ParamSetting(('minisat_simplified.params', 'param', 'pre'), 'True') | ParamSetting(('minisat_simplified.params', 'param', 'rcheck'), 'False')"
2024-06-12 11:02:53,347	[INFO]	62      SUCCESS               6836443029.665000 (24.77%) [7 edit(s)] [cached] 
2024-06-12 11:02:53,347	[DEBUG]	patch(62)="ParamSetting(('minisat_simplified.params', 'param', 'simp-gc-frac'), 322150202.00459814) | ParamSetting(('minisat_simplified.params', 'param', 'rinc'), 875.2317032698791) | ParamSetting(('minisat_simplified.params', 'param', 'asymm'), 'True') | ParamSetting(('minisat_simplified.params', 'param', 'grow'), -3905) | ParamSetting(('minisat_simplified.params', 'param', 'pre'), 'True') | ParamSetting(('minisat_simplified.params', 'param', 'rcheck'), 'False') | ParamSetting(('minisat_simplified.params', 'param', 'rnd-init'), 'True')"
2024-06-12 11:03:00,169	[DEBUG]	EXEC>  SUCCESS 4957511405.209
2024-06-12 11:03:00,169	[INFO]	63      SUCCESS               4957511405.209000 (17.96%) [7 edit(s)]  
2024-06-12 11:03:00,169	[DEBUG]	patch(63)="ParamSetting(('minisat_simplified.params', 'param', 'simp-gc-frac'), 322150202.00459814) | ParamSetting(('minisat_simplified.params', 'param', 'rinc'), 875.2317032698791) | ParamSetting(('minisat_simplified.params', 'param', 'asymm'), 'True') | ParamSetting(('minisat_simplified.params', 'param', 'grow'), -3905) | ParamSetting(('minisat_simplified.params', 'param', 'pre'), 'True') | ParamSetting(('minisat_simplified.params', 'param', 'rcheck'), 'False') | ParamSetting(('minisat_simplified.params', 'param', 'asymm'), 'False')"
2024-06-12 11:03:00,170	[INFO]	64      SUCCESS               4957511405.209000 (17.96%) [5 edit(s)] [cached] 
2024-06-12 11:03:00,170	[DEBUG]	patch(64)="ParamSetting(('minisat_simplified.params', 'param', 'simp-gc-frac'), 322150202.00459814) | ParamSetting(('minisat_simplified.params', 'param', 'rinc'), 875.2317032698791) | ParamSetting(('minisat_simplified.params', 'param', 'grow'), -3905) | ParamSetting(('minisat_simplified.params', 'param', 'pre'), 'True') | ParamSetting(('minisat_simplified.params', 'param', 'rcheck'), 'False')"
2024-06-12 11:03:00,171	[INFO]	65      SUCCESS              +4132265815.379000 (14.97%) [5 edit(s)] [cached] 
2024-06-12 11:03:00,171	[DEBUG]	patch(65)="ParamSetting(('minisat_simplified.params', 'param', 'simp-gc-frac'), 322150202.00459814) | ParamSetting(('minisat_simplified.params', 'param', 'rinc'), 875.2317032698791) | ParamSetting(('minisat_simplified.params', 'param', 'asymm'), 'True') | ParamSetting(('minisat_simplified.params', 'param', 'grow'), -3905) | ParamSetting(('minisat_simplified.params', 'param', 'rcheck'), 'False')"
2024-06-12 11:03:06,912	[DEBUG]	EXEC>  SUCCESS 4115444951.924
2024-06-12 11:03:06,913	[INFO]	66      SUCCESS              *4115444951.924000 (14.91%) [6 edit(s)]  
2024-06-12 11:03:06,913	[DEBUG]	patch(66)="ParamSetting(('minisat_simplified.params', 'param', 'simp-gc-frac'), 322150202.00459814) | ParamSetting(('minisat_simplified.params', 'param', 'rinc'), 875.2317032698791) | ParamSetting(('minisat_simplified.params', 'param', 'asymm'), 'True') | ParamSetting(('minisat_simplified.params', 'param', 'grow'), -3905) | ParamSetting(('minisat_simplified.params', 'param', 'rcheck'), 'False') | ParamSetting(('minisat_simplified.params', 'param', 'cl-lim'), 29889)"
--- before: minisat_simplified.params
+++ after: minisat_simplified.params
@@ -1,7 +1,7 @@
 luby := 'True'
 rnd-init := 'False'
 gc-frac := 0.2
-rinc := 2.0
+rinc := 875.2317032698791
 var-decay := 0.95
 cla-decay := 0.999
 rnd-freq := 0.0
@@ -12,9 +12,9 @@
 pre := 'True'
 verb := '1'
 rcheck := 'False'
-asymm := 'False'
+asymm := 'True'
 elim := 'True'
-simp-gc-frac := 0.5
+simp-gc-frac := 322150202.00459814
 sub-lim := 1000
-cl-lim := 20
-grow := 0
+cl-lim := 29889
+grow := -3905

2024-06-12 11:03:06,914	[INFO]	67      SUCCESS              +4115444951.924000 (14.91%) [5 edit(s)] [cached] 
2024-06-12 11:03:06,914	[DEBUG]	patch(67)="ParamSetting(('minisat_simplified.params', 'param', 'simp-gc-frac'), 322150202.00459814) | ParamSetting(('minisat_simplified.params', 'param', 'rinc'), 875.2317032698791) | ParamSetting(('minisat_simplified.params', 'param', 'asymm'), 'True') | ParamSetting(('minisat_simplified.params', 'param', 'grow'), -3905) | ParamSetting(('minisat_simplified.params', 'param', 'cl-lim'), 29889)"
2024-06-12 11:03:14,252	[DEBUG]	EXEC>  SUCCESS 5741717832.035
2024-06-12 11:03:14,252	[INFO]	68      SUCCESS               5741717832.035000 (20.80%) [6 edit(s)]  
2024-06-12 11:03:14,252	[DEBUG]	patch(68)="ParamSetting(('minisat_simplified.params', 'param', 'simp-gc-frac'), 322150202.00459814) | ParamSetting(('minisat_simplified.params', 'param', 'rinc'), 875.2317032698791) | ParamSetting(('minisat_simplified.params', 'param', 'asymm'), 'True') | ParamSetting(('minisat_simplified.params', 'param', 'grow'), -3905) | ParamSetting(('minisat_simplified.params', 'param', 'cl-lim'), 29889) | ParamSetting(('minisat_simplified.params', 'param', 'rfirst'), 6063)"
2024-06-12 11:03:30,236	[DEBUG]	EXEC>  SUCCESS 24287412996.129
2024-06-12 11:03:30,236	[INFO]	69      SUCCESS               24287412996.129002 (88.00%) [4 edit(s)]  
2024-06-12 11:03:30,236	[DEBUG]	patch(69)="ParamSetting(('minisat_simplified.params', 'param', 'simp-gc-frac'), 322150202.00459814) | ParamSetting(('minisat_simplified.params', 'param', 'asymm'), 'True') | ParamSetting(('minisat_simplified.params', 'param', 'grow'), -3905) | ParamSetting(('minisat_simplified.params', 'param', 'cl-lim'), 29889)"
2024-06-12 11:03:39,574	[DEBUG]	EXEC>  SUCCESS 9214306787.338
2024-06-12 11:03:39,575	[INFO]	70      SUCCESS               9214306787.337999 (33.39%) [6 edit(s)]  
2024-06-12 11:03:39,575	[DEBUG]	patch(70)="ParamSetting(('minisat_simplified.params', 'param', 'simp-gc-frac'), 322150202.00459814) | ParamSetting(('minisat_simplified.params', 'param', 'rinc'), 875.2317032698791) | ParamSetting(('minisat_simplified.params', 'param', 'asymm'), 'True') | ParamSetting(('minisat_simplified.params', 'param', 'grow'), -3905) | ParamSetting(('minisat_simplified.params', 'param', 'cl-lim'), 29889) | ParamSetting(('minisat_simplified.params', 'param', 'rnd-freq'), 0.16420261934892844)"
2024-06-12 11:03:46,186	[DEBUG]	EXEC>  SUCCESS 4162767124.357
2024-06-12 11:03:46,186	[INFO]	71      SUCCESS               4162767124.357000 (15.08%) [4 edit(s)]  
2024-06-12 11:03:46,187	[DEBUG]	patch(71)="ParamSetting(('minisat_simplified.params', 'param', 'rinc'), 875.2317032698791) | ParamSetting(('minisat_simplified.params', 'param', 'asymm'), 'True') | ParamSetting(('minisat_simplified.params', 'param', 'grow'), -3905) | ParamSetting(('minisat_simplified.params', 'param', 'cl-lim'), 29889)"
2024-06-12 11:03:53,227	[DEBUG]	EXEC>  SUCCESS 4157243241.596
2024-06-12 11:03:53,227	[INFO]	72      SUCCESS               4157243241.596000 (15.06%) [6 edit(s)]  
2024-06-12 11:03:53,227	[DEBUG]	patch(72)="ParamSetting(('minisat_simplified.params', 'param', 'simp-gc-frac'), 322150202.00459814) | ParamSetting(('minisat_simplified.params', 'param', 'rinc'), 875.2317032698791) | ParamSetting(('minisat_simplified.params', 'param', 'asymm'), 'True') | ParamSetting(('minisat_simplified.params', 'param', 'grow'), -3905) | ParamSetting(('minisat_simplified.params', 'param', 'cl-lim'), 29889) | ParamSetting(('minisat_simplified.params', 'param', 'simp-gc-frac'), 91646473.26660399)"
2024-06-12 11:04:00,573	[DEBUG]	EXEC>  SUCCESS 4347982801.913
2024-06-12 11:04:00,573	[INFO]	73      SUCCESS               4347982801.913000 (15.75%) [4 edit(s)]  
2024-06-12 11:04:00,573	[DEBUG]	patch(73)="ParamSetting(('minisat_simplified.params', 'param', 'simp-gc-frac'), 322150202.00459814) | ParamSetting(('minisat_simplified.params', 'param', 'rinc'), 875.2317032698791) | ParamSetting(('minisat_simplified.params', 'param', 'asymm'), 'True') | ParamSetting(('minisat_simplified.params', 'param', 'cl-lim'), 29889)"
2024-06-12 11:04:07,535	[DEBUG]	EXEC>  SUCCESS 4961730080.63
2024-06-12 11:04:07,535	[INFO]	74      SUCCESS               4961730080.630000 (17.98%) [4 edit(s)]  
2024-06-12 11:04:07,535	[DEBUG]	patch(74)="ParamSetting(('minisat_simplified.params', 'param', 'simp-gc-frac'), 322150202.00459814) | ParamSetting(('minisat_simplified.params', 'param', 'rinc'), 875.2317032698791) | ParamSetting(('minisat_simplified.params', 'param', 'grow'), -3905) | ParamSetting(('minisat_simplified.params', 'param', 'cl-lim'), 29889)"
2024-06-12 11:04:14,833	[DEBUG]	EXEC>  SUCCESS 4069390845.788
2024-06-12 11:04:14,833	[INFO]	75      SUCCESS              *4069390845.788000 (14.74%) [6 edit(s)]  
2024-06-12 11:04:14,833	[DEBUG]	patch(75)="ParamSetting(('minisat_simplified.params', 'param', 'simp-gc-frac'), 322150202.00459814) | ParamSetting(('minisat_simplified.params', 'param', 'rinc'), 875.2317032698791) | ParamSetting(('minisat_simplified.params', 'param', 'asymm'), 'True') | ParamSetting(('minisat_simplified.params', 'param', 'grow'), -3905) | ParamSetting(('minisat_simplified.params', 'param', 'cl-lim'), 29889) | ParamSetting(('minisat_simplified.params', 'param', 'verb'), '2')"
--- before: minisat_simplified.params
+++ after: minisat_simplified.params
@@ -1,7 +1,7 @@
 luby := 'True'
 rnd-init := 'False'
 gc-frac := 0.2
-rinc := 2.0
+rinc := 875.2317032698791
 var-decay := 0.95
 cla-decay := 0.999
 rnd-freq := 0.0
@@ -10,11 +10,11 @@
 ccmin-mode := 2
 rfirst := 100
 pre := 'True'
-verb := '1'
+verb := '2'
 rcheck := 'False'
-asymm := 'False'
+asymm := 'True'
 elim := 'True'
-simp-gc-frac := 0.5
+simp-gc-frac := 322150202.00459814
 sub-lim := 1000
-cl-lim := 20
-grow := 0
+cl-lim := 29889
+grow := -3905

2024-06-12 11:04:21,577	[DEBUG]	EXEC>  SUCCESS 5101874844.607
2024-06-12 11:04:21,577	[INFO]	76      SUCCESS               5101874844.607000 (18.49%) [5 edit(s)]  
2024-06-12 11:04:21,577	[DEBUG]	patch(76)="ParamSetting(('minisat_simplified.params', 'param', 'simp-gc-frac'), 322150202.00459814) | ParamSetting(('minisat_simplified.params', 'param', 'rinc'), 875.2317032698791) | ParamSetting(('minisat_simplified.params', 'param', 'grow'), -3905) | ParamSetting(('minisat_simplified.params', 'param', 'cl-lim'), 29889) | ParamSetting(('minisat_simplified.params', 'param', 'verb'), '2')"
2024-06-12 11:04:21,578	[INFO]	77      SUCCESS               4115444951.924000 (14.91%) [5 edit(s)] [cached] 
2024-06-12 11:04:21,578	[DEBUG]	patch(77)="ParamSetting(('minisat_simplified.params', 'param', 'simp-gc-frac'), 322150202.00459814) | ParamSetting(('minisat_simplified.params', 'param', 'rinc'), 875.2317032698791) | ParamSetting(('minisat_simplified.params', 'param', 'asymm'), 'True') | ParamSetting(('minisat_simplified.params', 'param', 'grow'), -3905) | ParamSetting(('minisat_simplified.params', 'param', 'cl-lim'), 29889)"
2024-06-12 11:04:21,579	[INFO]	78      SUCCESS               4115444951.924000 (14.91%) [7 edit(s)] [cached] 
2024-06-12 11:04:21,579	[DEBUG]	patch(78)="ParamSetting(('minisat_simplified.params', 'param', 'simp-gc-frac'), 322150202.00459814) | ParamSetting(('minisat_simplified.params', 'param', 'rinc'), 875.2317032698791) | ParamSetting(('minisat_simplified.params', 'param', 'asymm'), 'True') | ParamSetting(('minisat_simplified.params', 'param', 'grow'), -3905) | ParamSetting(('minisat_simplified.params', 'param', 'cl-lim'), 29889) | ParamSetting(('minisat_simplified.params', 'param', 'verb'), '2') | ParamSetting(('minisat_simplified.params', 'param', 'verb'), '1')"
2024-06-12 11:04:29,087	[DEBUG]	EXEC>  SUCCESS 4211335741.148
2024-06-12 11:04:29,087	[INFO]	79      SUCCESS               4211335741.148000 (15.26%) [7 edit(s)]  
2024-06-12 11:04:29,087	[DEBUG]	patch(79)="ParamSetting(('minisat_simplified.params', 'param', 'simp-gc-frac'), 322150202.00459814) | ParamSetting(('minisat_simplified.params', 'param', 'rinc'), 875.2317032698791) | ParamSetting(('minisat_simplified.params', 'param', 'asymm'), 'True') | ParamSetting(('minisat_simplified.params', 'param', 'grow'), -3905) | ParamSetting(('minisat_simplified.params', 'param', 'cl-lim'), 29889) | ParamSetting(('minisat_simplified.params', 'param', 'verb'), '2') | ParamSetting(('minisat_simplified.params', 'param', 'sub-lim'), 34443)"
2024-06-12 11:04:36,771	[DEBUG]	EXEC>  SUCCESS 4141396804.026
2024-06-12 11:04:36,772	[INFO]	80      SUCCESS               4141396804.026000 (15.01%) [5 edit(s)]  
2024-06-12 11:04:36,772	[DEBUG]	patch(80)="ParamSetting(('minisat_simplified.params', 'param', 'simp-gc-frac'), 322150202.00459814) | ParamSetting(('minisat_simplified.params', 'param', 'rinc'), 875.2317032698791) | ParamSetting(('minisat_simplified.params', 'param', 'asymm'), 'True') | ParamSetting(('minisat_simplified.params', 'param', 'grow'), -3905) | ParamSetting(('minisat_simplified.params', 'param', 'verb'), '2')"
2024-06-12 11:04:36,772	[INFO]	81      SUCCESS              +4069390845.788000 (14.74%) [7 edit(s)] [cached] 
2024-06-12 11:04:36,772	[DEBUG]	patch(81)="ParamSetting(('minisat_simplified.params', 'param', 'simp-gc-frac'), 322150202.00459814) | ParamSetting(('minisat_simplified.params', 'param', 'rinc'), 875.2317032698791) | ParamSetting(('minisat_simplified.params', 'param', 'asymm'), 'True') | ParamSetting(('minisat_simplified.params', 'param', 'grow'), -3905) | ParamSetting(('minisat_simplified.params', 'param', 'cl-lim'), 29889) | ParamSetting(('minisat_simplified.params', 'param', 'verb'), '2') | ParamSetting(('minisat_simplified.params', 'param', 'verb'), '2')"
2024-06-12 11:04:44,023	[DEBUG]	EXEC>  SUCCESS 4060207660.41
2024-06-12 11:04:44,023	[INFO]	82      SUCCESS              *4060207660.410000 (14.71%) [8 edit(s)]  
2024-06-12 11:04:44,023	[DEBUG]	patch(82)="ParamSetting(('minisat_simplified.params', 'param', 'simp-gc-frac'), 322150202.00459814) | ParamSetting(('minisat_simplified.params', 'param', 'rinc'), 875.2317032698791) | ParamSetting(('minisat_simplified.params', 'param', 'asymm'), 'True') | ParamSetting(('minisat_simplified.params', 'param', 'grow'), -3905) | ParamSetting(('minisat_simplified.params', 'param', 'cl-lim'), 29889) | ParamSetting(('minisat_simplified.params', 'param', 'verb'), '2') | ParamSetting(('minisat_simplified.params', 'param', 'verb'), '2') | ParamSetting(('minisat_simplified.params', 'param', 'simp-gc-frac'), 124492832.6291782)"
--- before: minisat_simplified.params
+++ after: minisat_simplified.params
@@ -1,7 +1,7 @@
 luby := 'True'
 rnd-init := 'False'
 gc-frac := 0.2
-rinc := 2.0
+rinc := 875.2317032698791
 var-decay := 0.95
 cla-decay := 0.999
 rnd-freq := 0.0
@@ -10,11 +10,11 @@
 ccmin-mode := 2
 rfirst := 100
 pre := 'True'
-verb := '1'
+verb := '2'
 rcheck := 'False'
-asymm := 'False'
+asymm := 'True'
 elim := 'True'
-simp-gc-frac := 0.5
+simp-gc-frac := 124492832.6291782
 sub-lim := 1000
-cl-lim := 20
-grow := 0
+cl-lim := 29889
+grow := -3905

2024-06-12 11:04:53,224	[DEBUG]	EXEC>  SUCCESS 8590256577.902
2024-06-12 11:04:53,224	[INFO]	83      SUCCESS               8590256577.902000 (31.12%) [9 edit(s)]  
2024-06-12 11:04:53,224	[DEBUG]	patch(83)="ParamSetting(('minisat_simplified.params', 'param', 'simp-gc-frac'), 322150202.00459814) | ParamSetting(('minisat_simplified.params', 'param', 'rinc'), 875.2317032698791) | ParamSetting(('minisat_simplified.params', 'param', 'asymm'), 'True') | ParamSetting(('minisat_simplified.params', 'param', 'grow'), -3905) | ParamSetting(('minisat_simplified.params', 'param', 'cl-lim'), 29889) | ParamSetting(('minisat_simplified.params', 'param', 'verb'), '2') | ParamSetting(('minisat_simplified.params', 'param', 'verb'), '2') | ParamSetting(('minisat_simplified.params', 'param', 'simp-gc-frac'), 124492832.6291782) | ParamSetting(('minisat_simplified.params', 'param', 'var-decay'), 0.7975911124736942)"
2024-06-12 11:05:00,665	[DEBUG]	EXEC>  SUCCESS 4155611815.352
2024-06-12 11:05:00,665	[INFO]	84      SUCCESS               4155611815.352000 (15.06%) [9 edit(s)]  
2024-06-12 11:05:00,665	[DEBUG]	patch(84)="ParamSetting(('minisat_simplified.params', 'param', 'simp-gc-frac'), 322150202.00459814) | ParamSetting(('minisat_simplified.params', 'param', 'rinc'), 875.2317032698791) | ParamSetting(('minisat_simplified.params', 'param', 'asymm'), 'True') | ParamSetting(('minisat_simplified.params', 'param', 'grow'), -3905) | ParamSetting(('minisat_simplified.params', 'param', 'cl-lim'), 29889) | ParamSetting(('minisat_simplified.params', 'param', 'verb'), '2') | ParamSetting(('minisat_simplified.params', 'param', 'verb'), '2') | ParamSetting(('minisat_simplified.params', 'param', 'simp-gc-frac'), 124492832.6291782) | ParamSetting(('minisat_simplified.params', 'param', 'simp-gc-frac'), 475732414.7844224)"
2024-06-12 11:05:17,555	[DEBUG]	EXEC>  SUCCESS 25052971305.35
2024-06-12 11:05:17,555	[INFO]	85      SUCCESS               25052971305.349998 (90.77%) [9 edit(s)]  
2024-06-12 11:05:17,555	[DEBUG]	patch(85)="ParamSetting(('minisat_simplified.params', 'param', 'simp-gc-frac'), 322150202.00459814) | ParamSetting(('minisat_simplified.params', 'param', 'rinc'), 875.2317032698791) | ParamSetting(('minisat_simplified.params', 'param', 'asymm'), 'True') | ParamSetting(('minisat_simplified.params', 'param', 'grow'), -3905) | ParamSetting(('minisat_simplified.params', 'param', 'cl-lim'), 29889) | ParamSetting(('minisat_simplified.params', 'param', 'verb'), '2') | ParamSetting(('minisat_simplified.params', 'param', 'verb'), '2') | ParamSetting(('minisat_simplified.params', 'param', 'simp-gc-frac'), 124492832.6291782) | ParamSetting(('minisat_simplified.params', 'param', 'rnd-freq'), 0.3320282061573163)"
2024-06-12 11:05:24,228	[DEBUG]	EXEC>  SUCCESS 4372811014.343
2024-06-12 11:05:24,229	[INFO]	86      SUCCESS               4372811014.343000 (15.84%) [7 edit(s)]  
2024-06-12 11:05:24,229	[DEBUG]	patch(86)="ParamSetting(('minisat_simplified.params', 'param', 'simp-gc-frac'), 322150202.00459814) | ParamSetting(('minisat_simplified.params', 'param', 'rinc'), 875.2317032698791) | ParamSetting(('minisat_simplified.params', 'param', 'asymm'), 'True') | ParamSetting(('minisat_simplified.params', 'param', 'cl-lim'), 29889) | ParamSetting(('minisat_simplified.params', 'param', 'verb'), '2') | ParamSetting(('minisat_simplified.params', 'param', 'verb'), '2') | ParamSetting(('minisat_simplified.params', 'param', 'simp-gc-frac'), 124492832.6291782)"
2024-06-12 11:05:31,449	[DEBUG]	EXEC>  SUCCESS 4263513014.531
2024-06-12 11:05:31,450	[INFO]	87      SUCCESS               4263513014.531000 (15.45%) [9 edit(s)]  
2024-06-12 11:05:31,450	[DEBUG]	patch(87)="ParamSetting(('minisat_simplified.params', 'param', 'simp-gc-frac'), 322150202.00459814) | ParamSetting(('minisat_simplified.params', 'param', 'rinc'), 875.2317032698791) | ParamSetting(('minisat_simplified.params', 'param', 'asymm'), 'True') | ParamSetting(('minisat_simplified.params', 'param', 'grow'), -3905) | ParamSetting(('minisat_simplified.params', 'param', 'cl-lim'), 29889) | ParamSetting(('minisat_simplified.params', 'param', 'verb'), '2') | ParamSetting(('minisat_simplified.params', 'param', 'verb'), '2') | ParamSetting(('minisat_simplified.params', 'param', 'simp-gc-frac'), 124492832.6291782) | ParamSetting(('minisat_simplified.params', 'param', 'simp-gc-frac'), 202940411.77394295)"
2024-06-12 11:05:40,645	[DEBUG]	EXEC>  SUCCESS 6304778994.874
2024-06-12 11:05:40,645	[INFO]	88      SUCCESS               6304778994.874000 (22.84%) [9 edit(s)]  
2024-06-12 11:05:40,645	[DEBUG]	patch(88)="ParamSetting(('minisat_simplified.params', 'param', 'simp-gc-frac'), 322150202.00459814) | ParamSetting(('minisat_simplified.params', 'param', 'rinc'), 875.2317032698791) | ParamSetting(('minisat_simplified.params', 'param', 'asymm'), 'True') | ParamSetting(('minisat_simplified.params', 'param', 'grow'), -3905) | ParamSetting(('minisat_simplified.params', 'param', 'cl-lim'), 29889) | ParamSetting(('minisat_simplified.params', 'param', 'verb'), '2') | ParamSetting(('minisat_simplified.params', 'param', 'verb'), '2') | ParamSetting(('minisat_simplified.params', 'param', 'simp-gc-frac'), 124492832.6291782) | ParamSetting(('minisat_simplified.params', 'param', 'cla-decay'), 0.14036413625553468)"
2024-06-12 11:05:54,522	[DEBUG]	EXEC>  SUCCESS 17408805437.511
2024-06-12 11:05:54,523	[INFO]	89      SUCCESS               17408805437.511002 (63.08%) [9 edit(s)]  
2024-06-12 11:05:54,523	[DEBUG]	patch(89)="ParamSetting(('minisat_simplified.params', 'param', 'simp-gc-frac'), 322150202.00459814) | ParamSetting(('minisat_simplified.params', 'param', 'rinc'), 875.2317032698791) | ParamSetting(('minisat_simplified.params', 'param', 'asymm'), 'True') | ParamSetting(('minisat_simplified.params', 'param', 'grow'), -3905) | ParamSetting(('minisat_simplified.params', 'param', 'cl-lim'), 29889) | ParamSetting(('minisat_simplified.params', 'param', 'verb'), '2') | ParamSetting(('minisat_simplified.params', 'param', 'verb'), '2') | ParamSetting(('minisat_simplified.params', 'param', 'simp-gc-frac'), 124492832.6291782) | ParamSetting(('minisat_simplified.params', 'param', 'rnd-freq'), 0.291662538585716)"
2024-06-12 11:06:01,765	[DEBUG]	EXEC>  SUCCESS 4152933799.004
2024-06-12 11:06:01,765	[INFO]	90      SUCCESS               4152933799.004000 (15.05%) [9 edit(s)]  
2024-06-12 11:06:01,765	[DEBUG]	patch(90)="ParamSetting(('minisat_simplified.params', 'param', 'simp-gc-frac'), 322150202.00459814) | ParamSetting(('minisat_simplified.params', 'param', 'rinc'), 875.2317032698791) | ParamSetting(('minisat_simplified.params', 'param', 'asymm'), 'True') | ParamSetting(('minisat_simplified.params', 'param', 'grow'), -3905) | ParamSetting(('minisat_simplified.params', 'param', 'cl-lim'), 29889) | ParamSetting(('minisat_simplified.params', 'param', 'verb'), '2') | ParamSetting(('minisat_simplified.params', 'param', 'verb'), '2') | ParamSetting(('minisat_simplified.params', 'param', 'simp-gc-frac'), 124492832.6291782) | ParamSetting(('minisat_simplified.params', 'param', 'simp-gc-frac'), 30997605.60154572)"
2024-06-12 11:06:01,766	[INFO]	91      SUCCESS              +4060207660.410000 (14.71%) [7 edit(s)] [cached] 
2024-06-12 11:06:01,767	[DEBUG]	patch(91)="ParamSetting(('minisat_simplified.params', 'param', 'rinc'), 875.2317032698791) | ParamSetting(('minisat_simplified.params', 'param', 'asymm'), 'True') | ParamSetting(('minisat_simplified.params', 'param', 'grow'), -3905) | ParamSetting(('minisat_simplified.params', 'param', 'cl-lim'), 29889) | ParamSetting(('minisat_simplified.params', 'param', 'verb'), '2') | ParamSetting(('minisat_simplified.params', 'param', 'verb'), '2') | ParamSetting(('minisat_simplified.params', 'param', 'simp-gc-frac'), 124492832.6291782)"
2024-06-12 11:06:09,131	[DEBUG]	EXEC>  SUCCESS 4099264518.353
2024-06-12 11:06:09,131	[INFO]	92      SUCCESS               4099264518.353000 (14.85%) [8 edit(s)]  
2024-06-12 11:06:09,132	[DEBUG]	patch(92)="ParamSetting(('minisat_simplified.params', 'param', 'rinc'), 875.2317032698791) | ParamSetting(('minisat_simplified.params', 'param', 'asymm'), 'True') | ParamSetting(('minisat_simplified.params', 'param', 'grow'), -3905) | ParamSetting(('minisat_simplified.params', 'param', 'cl-lim'), 29889) | ParamSetting(('minisat_simplified.params', 'param', 'verb'), '2') | ParamSetting(('minisat_simplified.params', 'param', 'verb'), '2') | ParamSetting(('minisat_simplified.params', 'param', 'simp-gc-frac'), 124492832.6291782) | ParamSetting(('minisat_simplified.params', 'param', 'sub-lim'), 12924)"
2024-06-12 11:06:24,586	[DEBUG]	EXEC>  SUCCESS 24475472037.359
2024-06-12 11:06:24,586	[INFO]	93      SUCCESS               24475472037.359001 (88.68%) [6 edit(s)]  
2024-06-12 11:06:24,586	[DEBUG]	patch(93)="ParamSetting(('minisat_simplified.params', 'param', 'asymm'), 'True') | ParamSetting(('minisat_simplified.params', 'param', 'grow'), -3905) | ParamSetting(('minisat_simplified.params', 'param', 'cl-lim'), 29889) | ParamSetting(('minisat_simplified.params', 'param', 'verb'), '2') | ParamSetting(('minisat_simplified.params', 'param', 'verb'), '2') | ParamSetting(('minisat_simplified.params', 'param', 'simp-gc-frac'), 124492832.6291782)"
2024-06-12 11:06:24,587	[INFO]	94      SUCCESS              +4060207660.410000 (14.71%) [6 edit(s)] [cached] 
2024-06-12 11:06:24,587	[DEBUG]	patch(94)="ParamSetting(('minisat_simplified.params', 'param', 'rinc'), 875.2317032698791) | ParamSetting(('minisat_simplified.params', 'param', 'asymm'), 'True') | ParamSetting(('minisat_simplified.params', 'param', 'grow'), -3905) | ParamSetting(('minisat_simplified.params', 'param', 'cl-lim'), 29889) | ParamSetting(('minisat_simplified.params', 'param', 'verb'), '2') | ParamSetting(('minisat_simplified.params', 'param', 'simp-gc-frac'), 124492832.6291782)"
2024-06-12 11:06:32,814	[DEBUG]	EXEC>  SUCCESS 5996533214.305
2024-06-12 11:06:32,815	[INFO]	95      SUCCESS               5996533214.305000 (21.73%) [7 edit(s)]  
2024-06-12 11:06:32,815	[DEBUG]	patch(95)="ParamSetting(('minisat_simplified.params', 'param', 'rinc'), 875.2317032698791) | ParamSetting(('minisat_simplified.params', 'param', 'asymm'), 'True') | ParamSetting(('minisat_simplified.params', 'param', 'grow'), -3905) | ParamSetting(('minisat_simplified.params', 'param', 'cl-lim'), 29889) | ParamSetting(('minisat_simplified.params', 'param', 'verb'), '2') | ParamSetting(('minisat_simplified.params', 'param', 'simp-gc-frac'), 124492832.6291782) | ParamSetting(('minisat_simplified.params', 'param', 'rfirst'), 4415)"
2024-06-12 11:06:32,816	[INFO]	96      SUCCESS              +4060207660.410000 (14.71%) [7 edit(s)] [cached] 
2024-06-12 11:06:32,816	[DEBUG]	patch(96)="ParamSetting(('minisat_simplified.params', 'param', 'rinc'), 875.2317032698791) | ParamSetting(('minisat_simplified.params', 'param', 'asymm'), 'True') | ParamSetting(('minisat_simplified.params', 'param', 'grow'), -3905) | ParamSetting(('minisat_simplified.params', 'param', 'cl-lim'), 29889) | ParamSetting(('minisat_simplified.params', 'param', 'verb'), '2') | ParamSetting(('minisat_simplified.params', 'param', 'simp-gc-frac'), 124492832.6291782) | ParamSetting(('minisat_simplified.params', 'param', 'rnd-init'), 'False')"
2024-06-12 11:06:39,730	[DEBUG]	EXEC>  SUCCESS 4129107824.88
2024-06-12 11:06:39,731	[INFO]	97      SUCCESS               4129107824.880000 (14.96%) [6 edit(s)]  
2024-06-12 11:06:39,731	[DEBUG]	patch(97)="ParamSetting(('minisat_simplified.params', 'param', 'rinc'), 875.2317032698791) | ParamSetting(('minisat_simplified.params', 'param', 'asymm'), 'True') | ParamSetting(('minisat_simplified.params', 'param', 'grow'), -3905) | ParamSetting(('minisat_simplified.params', 'param', 'cl-lim'), 29889) | ParamSetting(('minisat_simplified.params', 'param', 'simp-gc-frac'), 124492832.6291782) | ParamSetting(('minisat_simplified.params', 'param', 'rnd-init'), 'False')"
2024-06-12 11:06:46,697	[DEBUG]	EXEC>  SUCCESS 5445059288.959
2024-06-12 11:06:46,697	[INFO]	98      SUCCESS               5445059288.959000 (19.73%) [8 edit(s)]  
2024-06-12 11:06:46,697	[DEBUG]	patch(98)="ParamSetting(('minisat_simplified.params', 'param', 'rinc'), 875.2317032698791) | ParamSetting(('minisat_simplified.params', 'param', 'asymm'), 'True') | ParamSetting(('minisat_simplified.params', 'param', 'grow'), -3905) | ParamSetting(('minisat_simplified.params', 'param', 'cl-lim'), 29889) | ParamSetting(('minisat_simplified.params', 'param', 'verb'), '2') | ParamSetting(('minisat_simplified.params', 'param', 'simp-gc-frac'), 124492832.6291782) | ParamSetting(('minisat_simplified.params', 'param', 'rnd-init'), 'False') | ParamSetting(('minisat_simplified.params', 'param', 'ccmin-mode'), 0)"
2024-06-12 11:06:53,170	[DEBUG]	EXEC>  SUCCESS 4954176061.849
2024-06-12 11:06:53,171	[INFO]	99      SUCCESS               4954176061.849000 (17.95%) [8 edit(s)]  
2024-06-12 11:06:53,171	[DEBUG]	patch(99)="ParamSetting(('minisat_simplified.params', 'param', 'rinc'), 875.2317032698791) | ParamSetting(('minisat_simplified.params', 'param', 'asymm'), 'True') | ParamSetting(('minisat_simplified.params', 'param', 'grow'), -3905) | ParamSetting(('minisat_simplified.params', 'param', 'cl-lim'), 29889) | ParamSetting(('minisat_simplified.params', 'param', 'verb'), '2') | ParamSetting(('minisat_simplified.params', 'param', 'simp-gc-frac'), 124492832.6291782) | ParamSetting(('minisat_simplified.params', 'param', 'rnd-init'), 'False') | ParamSetting(('minisat_simplified.params', 'param', 'elim'), 'False')"
2024-06-12 11:07:02,444	[DEBUG]	EXEC>  SUCCESS 8854392613.637
2024-06-12 11:07:02,445	[INFO]	100     SUCCESS               8854392613.636999 (32.08%) [8 edit(s)]  
2024-06-12 11:07:02,445	[DEBUG]	patch(100)="ParamSetting(('minisat_simplified.params', 'param', 'rinc'), 875.2317032698791) | ParamSetting(('minisat_simplified.params', 'param', 'asymm'), 'True') | ParamSetting(('minisat_simplified.params', 'param', 'grow'), -3905) | ParamSetting(('minisat_simplified.params', 'param', 'cl-lim'), 29889) | ParamSetting(('minisat_simplified.params', 'param', 'verb'), '2') | ParamSetting(('minisat_simplified.params', 'param', 'simp-gc-frac'), 124492832.6291782) | ParamSetting(('minisat_simplified.params', 'param', 'rnd-init'), 'False') | ParamSetting(('minisat_simplified.params', 'param', 'var-decay'), 0.7934302773169177)"
2024-06-12 11:07:02,446	[INFO]	101     SUCCESS               24475472037.359001 (88.68%) [6 edit(s)] [cached] 
2024-06-12 11:07:02,446	[DEBUG]	patch(101)="ParamSetting(('minisat_simplified.params', 'param', 'asymm'), 'True') | ParamSetting(('minisat_simplified.params', 'param', 'grow'), -3905) | ParamSetting(('minisat_simplified.params', 'param', 'cl-lim'), 29889) | ParamSetting(('minisat_simplified.params', 'param', 'verb'), '2') | ParamSetting(('minisat_simplified.params', 'param', 'simp-gc-frac'), 124492832.6291782) | ParamSetting(('minisat_simplified.params', 'param', 'rnd-init'), 'False')"
2024-06-12 11:07:09,338	[DEBUG]	EXEC>  SUCCESS 4995274218.096
2024-06-12 11:07:09,338	[INFO]	102     SUCCESS               4995274218.096000 (18.10%) [6 edit(s)]  
2024-06-12 11:07:09,338	[DEBUG]	patch(102)="ParamSetting(('minisat_simplified.params', 'param', 'rinc'), 875.2317032698791) | ParamSetting(('minisat_simplified.params', 'param', 'grow'), -3905) | ParamSetting(('minisat_simplified.params', 'param', 'cl-lim'), 29889) | ParamSetting(('minisat_simplified.params', 'param', 'verb'), '2') | ParamSetting(('minisat_simplified.params', 'param', 'simp-gc-frac'), 124492832.6291782) | ParamSetting(('minisat_simplified.params', 'param', 'rnd-init'), 'False')"
2024-06-12 11:07:15,491	[DEBUG]	EXEC>  SUCCESS 4103767740.277
2024-06-12 11:07:15,492	[INFO]	103     SUCCESS               4103767740.277000 (14.87%) [6 edit(s)]  
2024-06-12 11:07:15,492	[DEBUG]	patch(103)="ParamSetting(('minisat_simplified.params', 'param', 'rinc'), 875.2317032698791) | ParamSetting(('minisat_simplified.params', 'param', 'asymm'), 'True') | ParamSetting(('minisat_simplified.params', 'param', 'grow'), -3905) | ParamSetting(('minisat_simplified.params', 'param', 'verb'), '2') | ParamSetting(('minisat_simplified.params', 'param', 'simp-gc-frac'), 124492832.6291782) | ParamSetting(('minisat_simplified.params', 'param', 'rnd-init'), 'False')"
2024-06-12 11:07:15,492	[INFO]	~~~~ END ~~~~
2024-06-12 11:07:15,492	[INFO]	
2024-06-12 11:07:15,493	[INFO]	==== REPORT ====
2024-06-12 11:07:15,493	[INFO]	Termination: time budget
2024-06-12 11:07:15,493	[INFO]	Retries: 1
2024-06-12 11:07:15,493	[INFO]	Log file: /home/jim/magpie/_magpie_logs/minisat_1718186175.log
2024-06-12 11:07:15,493	[INFO]	Patch file: _magpie_logs/minisat_1718186175.patch
2024-06-12 11:07:15,493	[INFO]	Diff file: _magpie_logs/minisat_1718186175.diff
2024-06-12 11:07:15,493	[INFO]	Reference fitness: 27599710053.943001
2024-06-12 11:07:15,493	[INFO]	Best fitness: 4060207660.410000
2024-06-12 11:07:15,493	[INFO]	
2024-06-12 11:07:15,494	[INFO]	==== BEST PATCH ====
ParamSetting(('minisat_simplified.params', 'param', 'simp-gc-frac'), 322150202.00459814) | ParamSetting(('minisat_simplified.params', 'param', 'rinc'), 875.2317032698791) | ParamSetting(('minisat_simplified.params', 'param', 'asymm'), 'True') | ParamSetting(('minisat_simplified.params', 'param', 'grow'), -3905) | ParamSetting(('minisat_simplified.params', 'param', 'cl-lim'), 29889) | ParamSetting(('minisat_simplified.params', 'param', 'verb'), '2') | ParamSetting(('minisat_simplified.params', 'param', 'verb'), '2') | ParamSetting(('minisat_simplified.params', 'param', 'simp-gc-frac'), 124492832.6291782)
2024-06-12 11:07:15,494	[INFO]	
2024-06-12 11:07:15,495	[INFO]	==== DIFF ====
[1m--- before: minisat_simplified.params[0m
[1m+++ after: minisat_simplified.params[0m
[36m@@ -1,7 +1,7 @@[0m
 luby := 'True'
 rnd-init := 'False'
 gc-frac := 0.2
[31m-rinc := 2.0[0m
[32m+rinc := 875.2317032698791[0m
 var-decay := 0.95
 cla-decay := 0.999
 rnd-freq := 0.0
[36m@@ -10,11 +10,11 @@[0m
 ccmin-mode := 2
 rfirst := 100
 pre := 'True'
[31m-verb := '1'[0m
[32m+verb := '2'[0m
 rcheck := 'False'
[31m-asymm := 'False'[0m
[32m+asymm := 'True'[0m
 elim := 'True'
[31m-simp-gc-frac := 0.5[0m
[32m+simp-gc-frac := 124492832.6291782[0m
 sub-lim := 1000
[31m-cl-lim := 20[0m
[31m-grow := 0[0m
[32m+cl-lim := 29889[0m
[32m+grow := -3905[0m

