2024-07-02 14:21:47,898	[DEBUG]	==== CONFIG ====
[magpie]
import = 
seed = 45
log_dir = _magpie_logs
work_dir = _magpie_work
local_original_copy = True
local_original_name = __original__
output_encoding = ascii
edit_retries = 10
default_timeout = 30
default_lengthout = 1e6
diff_method = unified
trust_local_filesystem = True

[magpie.log]
color_output = True
format_info = {counter:<7} {status:<20} {best}{fitness} ({ratio}) [{size}] {cached} {log}
format_debug = patch({counter})="{patch}"{diffifbest}
format_fitness = {:.6f}
format_ratio = {:.2%%}
format_patchif = 
	 --> {patch}
format_diffif = 
	{diff}

[software]
path = examples/minisat
target_files = minisat_simplified.params
software = BasicSoftware
model_rules = 
	*.params : ParamFileConfigModel
	*.xml : SrcmlModel
	* : LineModel
model_config = 
	*.params : [paramconfig]
	*.xml : [srcml]
init_cmd = bash init.sh
init_timeout = 60
init_lengthout = -1
setup_cmd = bash compile.sh
setup_timeout = 
setup_lengthout = 
compile_cmd = 
compile_timeout = 
compile_lengthout = 
test_cmd = bash test.sh
test_timeout = 
test_lengthout = 
run_cmd = ./run_rapl_energy.sh "bash run_fixed.sh"
run_timeout = 
run_lengthout = 
retries = 1
batch_timeout = 
batch_lengthout = 
batch_bin_fitness_strategy = aggregate
batch_fitness_strategy = sum
fitness = energy

[srcml]
rename = 
	stmt: break continue decl_stmt do expr_stmt for goto if return switch while
	number: literal_number
focus = block stmt operator_comp operator_arith number
internodes = block
process_pseudo_blocks = True
process_literals = True
process_operators = True

[paramconfig]
timing = test run
cli_prefix = --
cli_glue = =
cli_boolean = show
cli_boolean_prefix_true = 
cli_boolean_prefix_false = no-
cli_none = hide
silent_prefix = @
silent_suffix = $

[search]
protocol = BasicProtocol
algorithm = GeneticProgrammingUniformConcat
possible_edits = ParamSetting
warmup = 3
warmup_strategy = last
max_steps = 1000
max_time = 60
target_fitness = 
cache_maxsize = 100
cache_keep = 0.2
batch_instances = 
batch_shuffle = True
batch_bin_shuffle = False
batch_sample_size = 1

[search.ls]
delete_prob = 0.5
max_neighbours = 
when_trapped = continue
accept_fail = False
tabu_length = 10

[search.gp]
pop_size = 10
delete_prob = 0.5
offspring_elitism = 0.1
offspring_crossover = 0.5
offspring_mutation = 0.4
uniform_rate = 0.5
batch_reset = True

[search.minify]
do_cleanup = True
do_rebuild = True
do_simplify = True
round_robin_limit = 3


2024-07-02 14:21:47,899	[DEBUG]	
2024-07-02 14:21:47,899	[INFO]	==== SEARCH: GeneticProgrammingUniformConcat ====
2024-07-02 14:21:47,899	[INFO]	~~~~ WARMUP ~~~~
2024-07-02 14:22:08,517	[DEBUG]	EXEC>  SUCCESS 450969201.0
2024-07-02 14:22:08,518	[INFO]	WARM    SUCCESS               450969201.000000 (--) [0 edit(s)]  
2024-07-02 14:22:24,601	[DEBUG]	EXEC>  SUCCESS 486758808.0
2024-07-02 14:22:24,601	[INFO]	WARM    SUCCESS               486758808.000000 (--) [0 edit(s)]  
2024-07-02 14:22:40,561	[DEBUG]	EXEC>  SUCCESS 454109603.0
2024-07-02 14:22:40,561	[INFO]	WARM    SUCCESS               454109603.000000 (--) [0 edit(s)]  
2024-07-02 14:22:40,561	[INFO]	REF     SUCCESS               454109603.000000 (--) [0 edit(s)]  
2024-07-02 14:22:40,561	[INFO]	
2024-07-02 14:22:40,562	[INFO]	~~~~ START ~~~~
2024-07-02 14:22:55,985	[DEBUG]	EXEC>  SUCCESS 429027694.0
2024-07-02 14:22:55,985	[INFO]	0-1     SUCCESS              *429027694.000000 (94.48%) [1 edit(s)]  
2024-07-02 14:22:55,985	[DEBUG]	patch(0-1)="ParamSetting(('minisat_simplified.params', 'param', 'elim'), 'False')"
--- before: minisat_simplified.params
+++ after: minisat_simplified.params
@@ -13,7 +13,7 @@
 verb := '1'
 rcheck := 'False'
 asymm := 'False'
-elim := 'True'
+elim := 'False'
 simp-gc-frac := 0.5
 sub-lim := 1000
 cl-lim := 20

2024-07-02 14:23:07,154	[DEBUG]	EXEC>  SUCCESS 291721898.0
2024-07-02 14:23:07,154	[INFO]	0-2     SUCCESS              *291721898.000000 (64.24%) [1 edit(s)]  
2024-07-02 14:23:07,154	[DEBUG]	patch(0-2)="ParamSetting(('minisat_simplified.params', 'param', 'rfirst'), 144)"
--- before: minisat_simplified.params
+++ after: minisat_simplified.params
@@ -8,7 +8,7 @@
 rnd-seed := 91648253
 phase-saving := 2
 ccmin-mode := 2
-rfirst := 100
+rfirst := 144
 pre := 'True'
 verb := '1'
 rcheck := 'False'

2024-07-02 14:23:11,761	[DEBUG]	EXEC>  SUCCESS 79211541.0
2024-07-02 14:23:11,761	[INFO]	0-3     SUCCESS              *79211541.000000 (17.44%) [1 edit(s)]  
2024-07-02 14:23:11,761	[DEBUG]	patch(0-3)="ParamSetting(('minisat_simplified.params', 'param', 'rinc'), 2188.9577716520566)"
--- before: minisat_simplified.params
+++ after: minisat_simplified.params
@@ -1,7 +1,7 @@
 luby := 'True'
 rnd-init := 'False'
 gc-frac := 0.2
-rinc := 2.0
+rinc := 2188.9577716520566
 var-decay := 0.95
 cla-decay := 0.999
 rnd-freq := 0.0

2024-07-02 14:23:27,227	[DEBUG]	EXEC>  SUCCESS 433199780.0
2024-07-02 14:23:27,227	[INFO]	0-4     SUCCESS               433199780.000000 (95.40%) [1 edit(s)]  
2024-07-02 14:23:27,227	[DEBUG]	patch(0-4)="ParamSetting(('minisat_simplified.params', 'param', 'rnd-init'), 'True')"
2024-07-02 14:23:57,846	[DEBUG]	EXEC>  TIMEOUT None
2024-07-02 14:23:57,846	[INFO]	0-5     RUN_TIMEOUT           None (--) [1 edit(s)]  
2024-07-02 14:23:57,846	[DEBUG]	patch(0-5)="ParamSetting(('minisat_simplified.params', 'param', 'var-decay'), 0.21101029956774453)"
2024-07-02 14:24:10,824	[DEBUG]	EXEC>  SUCCESS 351945697.0
2024-07-02 14:24:10,824	[INFO]	0-6     SUCCESS               351945697.000000 (77.50%) [1 edit(s)]  
2024-07-02 14:24:10,824	[DEBUG]	patch(0-6)="ParamSetting(('minisat_simplified.params', 'param', 'grow'), -1009)"
2024-07-02 14:24:28,914	[DEBUG]	EXEC>  SUCCESS 516082991.0
2024-07-02 14:24:28,914	[INFO]	0-7     SUCCESS               516082991.000000 (113.65%) [1 edit(s)]  
2024-07-02 14:24:28,914	[DEBUG]	patch(0-7)="ParamSetting(('minisat_simplified.params', 'param', 'cla-decay'), 0.32066690364377937)"
2024-07-02 14:24:33,464	[DEBUG]	EXEC>  SUCCESS 76716965.0
2024-07-02 14:24:33,464	[INFO]	0-8     SUCCESS              *76716965.000000 (16.89%) [1 edit(s)]  
2024-07-02 14:24:33,464	[DEBUG]	patch(0-8)="ParamSetting(('minisat_simplified.params', 'param', 'rinc'), 3474.3136806071107)"
--- before: minisat_simplified.params
+++ after: minisat_simplified.params
@@ -1,7 +1,7 @@
 luby := 'True'
 rnd-init := 'False'
 gc-frac := 0.2
-rinc := 2.0
+rinc := 3474.3136806071107
 var-decay := 0.95
 cla-decay := 0.999
 rnd-freq := 0.0

2024-07-02 14:24:38,822	[DEBUG]	EXEC>  SUCCESS 102227120.0
2024-07-02 14:24:38,822	[INFO]	0-9     SUCCESS               102227120.000000 (22.51%) [1 edit(s)]  
2024-07-02 14:24:38,822	[DEBUG]	patch(0-9)="ParamSetting(('minisat_simplified.params', 'param', 'rfirst'), 10040)"
2024-07-02 14:25:09,258	[DEBUG]	EXEC>  TIMEOUT None
2024-07-02 14:25:09,259	[INFO]	0-10    RUN_TIMEOUT           None (--) [1 edit(s)]  
2024-07-02 14:25:09,259	[DEBUG]	patch(0-10)="ParamSetting(('minisat_simplified.params', 'param', 'var-decay'), 0.6263463928446534)"
2024-07-02 14:25:09,259	[INFO]	~~~~ END ~~~~
2024-07-02 14:25:09,260	[INFO]	
2024-07-02 14:25:09,260	[INFO]	==== REPORT ====
2024-07-02 14:25:09,260	[INFO]	Termination: time budget
2024-07-02 14:25:09,260	[INFO]	Retries: 1
2024-07-02 14:25:09,260	[INFO]	Log file: /home/dbouras/magpie/_magpie_logs/minisat_1719926507.log
2024-07-02 14:25:09,260	[INFO]	Patch file: _magpie_logs/minisat_1719926507.patch
2024-07-02 14:25:09,260	[INFO]	Diff file: _magpie_logs/minisat_1719926507.diff
2024-07-02 14:25:09,260	[INFO]	Reference fitness: 454109603.000000
2024-07-02 14:25:09,260	[INFO]	Best fitness: 76716965.000000
2024-07-02 14:25:09,260	[INFO]	
2024-07-02 14:25:09,261	[INFO]	==== BEST PATCH ====
ParamSetting(('minisat_simplified.params', 'param', 'rinc'), 3474.3136806071107)
2024-07-02 14:25:09,261	[INFO]	
2024-07-02 14:25:09,261	[INFO]	==== DIFF ====
[1m--- before: minisat_simplified.params[0m
[1m+++ after: minisat_simplified.params[0m
[36m@@ -1,7 +1,7 @@[0m
 luby := 'True'
 rnd-init := 'False'
 gc-frac := 0.2
[31m-rinc := 2.0[0m
[32m+rinc := 3474.3136806071107[0m
 var-decay := 0.95
 cla-decay := 0.999
 rnd-freq := 0.0

