2024-06-14 07:28:23,136	[DEBUG]	==== CONFIG ====
[magpie]
import = 
seed = 2206565094580619
log_dir = _magpie_logs
work_dir = _magpie_work
local_original_copy = True
local_original_name = __original__
output_encoding = ascii
edit_retries = 10
default_timeout = 100
default_lengthout = 1e6
diff_method = unified
trust_local_filesystem = True
run_timeout = 100

[magpie.log]
color_output = True
format_info = {counter:<7} {status:<20} {best}{fitness} ({ratio}) [{size}] {cached} {log}
format_debug = patch({counter})="{patch}"{diffifbest}
format_fitness = {:.6f}
format_ratio = {:.2%%}
format_patchif = 
	 --> {patch}
format_diffif = 
	{diff}

[software]
path = examples/minisat
target_files = 
	core/Solver.cc.xml
software = BasicSoftware
model_rules = 
	*.params : ParamFileConfigModel
	*.xml : SrcmlModel
	* : LineModel
model_config = 
	*.params : [paramconfig]
	*.xml : [srcml]
init_cmd = bash init.sh
init_timeout = 60
init_lengthout = -1
setup_cmd = bash compile.sh
setup_timeout = 
setup_lengthout = 
compile_cmd = bash compile.sh
compile_timeout = 
compile_lengthout = 
test_cmd = bash test.sh
test_timeout = 
test_lengthout = 
run_cmd = ./run_rapl_energy.sh "bash run_fixed.sh"
run_timeout = 
run_lengthout = 
retries = 1
batch_timeout = 
batch_lengthout = 
batch_bin_fitness_strategy = aggregate
batch_fitness_strategy = sum
fitness = energy

[srcml]
rename = 
	stmt: break continue decl_stmt do expr_stmt for goto if return switch while
	number: literal_number
focus = block stmt operator_comp operator_arith number
internodes = block
process_pseudo_blocks = True
process_literals = True
process_operators = True

[paramconfig]
timing = test run
cli_prefix = --
cli_glue = =
cli_boolean = show
cli_boolean_prefix_true = 
cli_boolean_prefix_false = no-
cli_none = hide
silent_prefix = @
silent_suffix = $

[search]
protocol = BasicProtocol
algorithm = FirstImprovement
possible_edits = 
	SrcmlStmtReplacement
	SrcmlStmtInsertion
	SrcmlStmtDeletion
warmup = 3
warmup_strategy = last
max_steps = 10000
max_time = 700
target_fitness = 
cache_maxsize = 100
cache_keep = 0.2
batch_instances = 
batch_shuffle = True
batch_bin_shuffle = False
batch_sample_size = 1

[search.ls]
delete_prob = 0.5
max_neighbours = 
when_trapped = continue
accept_fail = False
tabu_length = 10

[search.gp]
pop_size = 10
delete_prob = 0.5
offspring_elitism = 0.1
offspring_crossover = 0.5
offspring_mutation = 0.4
uniform_rate = 0.5
batch_reset = True

[search.minify]
do_cleanup = True
do_rebuild = True
do_simplify = True
round_robin_limit = 3


2024-06-14 07:28:23,136	[DEBUG]	
2024-06-14 07:28:23,136	[INFO]	==== SEARCH: FirstImprovement ====
2024-06-14 07:28:23,136	[INFO]	~~~~ WARMUP ~~~~
2024-06-14 07:28:40,437	[DEBUG]	EXEC>  SUCCESS 82282122.0
2024-06-14 07:28:40,437	[INFO]	WARM    SUCCESS               82282122.000000 (--) [0 edit(s)]  
2024-06-14 07:28:54,213	[DEBUG]	EXEC>  SUCCESS 82916763.0
2024-06-14 07:28:54,214	[INFO]	WARM    SUCCESS               82916763.000000 (--) [0 edit(s)]  
2024-06-14 07:29:07,982	[DEBUG]	EXEC>  SUCCESS 84771801.0
2024-06-14 07:29:07,982	[INFO]	WARM    SUCCESS               84771801.000000 (--) [0 edit(s)]  
2024-06-14 07:29:07,982	[INFO]	REF     SUCCESS               84771801.000000 (--) [0 edit(s)]  
2024-06-14 07:29:07,982	[INFO]	
2024-06-14 07:29:07,982	[INFO]	~~~~ START ~~~~
2024-06-14 07:29:08,204	[INFO]	1       COMPILE_CODE_ERROR    None (--) [1 edit(s)]  
2024-06-14 07:29:08,204	[DEBUG]	patch(1)="SrcmlStmtInsertion(('core/Solver.cc.xml', '_inter_block', 436), ('core/Solver.cc.xml', 'stmt', 180))"
2024-06-14 07:29:08,448	[INFO]	2       COMPILE_CODE_ERROR    None (--) [1 edit(s)]  
2024-06-14 07:29:08,448	[DEBUG]	patch(2)="SrcmlStmtInsertion(('core/Solver.cc.xml', '_inter_block', 276), ('core/Solver.cc.xml', 'stmt', 99))"
2024-06-14 07:29:08,700	[INFO]	3       COMPILE_CODE_ERROR    None (--) [1 edit(s)]  
2024-06-14 07:29:08,700	[DEBUG]	patch(3)="SrcmlStmtInsertion(('core/Solver.cc.xml', '_inter_block', 533), ('core/Solver.cc.xml', 'stmt', 133))"
2024-06-14 07:29:22,317	[DEBUG]	EXEC>  SUCCESS 71272651.0
2024-06-14 07:29:22,318	[INFO]	4       SUCCESS              *71272651.000000 (84.08%) [1 edit(s)]  
2024-06-14 07:29:22,318	[DEBUG]	patch(4)="SrcmlStmtDeletion(('core/Solver.cc.xml', 'stmt', 290))"
--- before: core/Solver.cc
+++ after: core/Solver.cc
@@ -738,7 +738,7 @@
                 CRef cr = ca.alloc(learnt_clause, true);
                 learnts.push(cr);
                 attachClause(cr);
-                claBumpActivity(ca[cr]);
+                
                 uncheckedEnqueue(learnt_clause[0], cr);
             }
 

2024-06-14 07:29:22,324	[INFO]	5       SUCCESS               84771801.000000 (100.00%) [0 edit(s)] [cached] 
2024-06-14 07:29:22,325	[DEBUG]	patch(5)=""
2024-06-14 07:29:22,588	[INFO]	6       COMPILE_CODE_ERROR    None (--) [2 edit(s)]  
2024-06-14 07:29:22,588	[DEBUG]	patch(6)="SrcmlStmtDeletion(('core/Solver.cc.xml', 'stmt', 290)) | SrcmlStmtDeletion(('core/Solver.cc.xml', 'stmt', 93))"
2024-06-14 07:29:23,956	[INFO]	7       TEST_CODE_ERROR       None (--) [2 edit(s)]  
2024-06-14 07:29:23,956	[DEBUG]	patch(7)="SrcmlStmtDeletion(('core/Solver.cc.xml', 'stmt', 290)) | SrcmlStmtDeletion(('core/Solver.cc.xml', 'stmt', 168))"
2024-06-14 07:29:37,454	[DEBUG]	EXEC>  SUCCESS 71467907.0
2024-06-14 07:29:37,454	[INFO]	8       SUCCESS               71467907.000000 (84.31%) [2 edit(s)]  
2024-06-14 07:29:37,454	[DEBUG]	patch(8)="SrcmlStmtDeletion(('core/Solver.cc.xml', 'stmt', 290)) | SrcmlStmtDeletion(('core/Solver.cc.xml', 'stmt', 357))"
2024-06-14 07:29:37,718	[INFO]	9       COMPILE_CODE_ERROR    None (--) [2 edit(s)]  
2024-06-14 07:29:37,718	[DEBUG]	patch(9)="SrcmlStmtDeletion(('core/Solver.cc.xml', 'stmt', 290)) | SrcmlStmtReplacement(('core/Solver.cc.xml', 'stmt', 62), ('core/Solver.cc.xml', 'stmt', 215))"
2024-06-14 07:29:51,280	[DEBUG]	EXEC>  SUCCESS 71818994.0
2024-06-14 07:29:51,281	[INFO]	10      SUCCESS               71818994.000000 (84.72%) [2 edit(s)]  
2024-06-14 07:29:51,281	[DEBUG]	patch(10)="SrcmlStmtDeletion(('core/Solver.cc.xml', 'stmt', 290)) | SrcmlStmtReplacement(('core/Solver.cc.xml', 'stmt', 259), ('core/Solver.cc.xml', 'stmt', 119))"
2024-06-14 07:29:51,506	[INFO]	11      COMPILE_CODE_ERROR    None (--) [2 edit(s)]  
2024-06-14 07:29:51,506	[DEBUG]	patch(11)="SrcmlStmtDeletion(('core/Solver.cc.xml', 'stmt', 290)) | SrcmlStmtInsertion(('core/Solver.cc.xml', '_inter_block', 515), ('core/Solver.cc.xml', 'stmt', 205))"
2024-06-14 07:30:05,220	[DEBUG]	EXEC>  SUCCESS 71088746.0
2024-06-14 07:30:05,220	[INFO]	12      SUCCESS              *71088746.000000 (83.86%) [2 edit(s)]  
2024-06-14 07:30:05,220	[DEBUG]	patch(12)="SrcmlStmtDeletion(('core/Solver.cc.xml', 'stmt', 290)) | SrcmlStmtDeletion(('core/Solver.cc.xml', 'stmt', 261))"
--- before: core/Solver.cc
+++ after: core/Solver.cc
@@ -679,7 +679,7 @@
 
     if (nAssigns() == simpDB_assigns || (simpDB_props > 0))
         /*auto*/{
-            return true;
+            
         }/*auto*/
 
     // Remove satisfied clauses:
@@ -738,7 +738,7 @@
                 CRef cr = ca.alloc(learnt_clause, true);
                 learnts.push(cr);
                 attachClause(cr);
-                claBumpActivity(ca[cr]);
+                
                 uncheckedEnqueue(learnt_clause[0], cr);
             }
 

2024-06-14 07:30:18,859	[DEBUG]	EXEC>  SUCCESS 71455854.0
2024-06-14 07:30:18,859	[INFO]	13      SUCCESS               71455854.000000 (84.29%) [3 edit(s)]  
2024-06-14 07:30:18,859	[DEBUG]	patch(13)="SrcmlStmtDeletion(('core/Solver.cc.xml', 'stmt', 290)) | SrcmlStmtDeletion(('core/Solver.cc.xml', 'stmt', 261)) | SrcmlStmtInsertion(('core/Solver.cc.xml', '_inter_block', 419), ('core/Solver.cc.xml', 'stmt', 313))"
2024-06-14 07:30:18,867	[INFO]	14      SUCCESS               71272651.000000 (84.08%) [1 edit(s)] [cached] 
2024-06-14 07:30:18,867	[DEBUG]	patch(14)="SrcmlStmtDeletion(('core/Solver.cc.xml', 'stmt', 290))"
2024-06-14 07:30:20,361	[INFO]	15      TEST_CODE_ERROR       None (--) [3 edit(s)]  
2024-06-14 07:30:20,361	[DEBUG]	patch(15)="SrcmlStmtDeletion(('core/Solver.cc.xml', 'stmt', 290)) | SrcmlStmtDeletion(('core/Solver.cc.xml', 'stmt', 261)) | SrcmlStmtDeletion(('core/Solver.cc.xml', 'stmt', 18))"
2024-06-14 07:30:35,639	[DEBUG]	EXEC>  SUCCESS 84261069.0
2024-06-14 07:30:35,639	[INFO]	16      SUCCESS               84261069.000000 (99.40%) [1 edit(s)]  
2024-06-14 07:30:35,640	[DEBUG]	patch(16)="SrcmlStmtDeletion(('core/Solver.cc.xml', 'stmt', 261))"
2024-06-14 07:30:49,170	[DEBUG]	EXEC>  SUCCESS 72610854.0
2024-06-14 07:30:49,170	[INFO]	17      SUCCESS               72610854.000000 (85.65%) [3 edit(s)]  
2024-06-14 07:30:49,170	[DEBUG]	patch(17)="SrcmlStmtDeletion(('core/Solver.cc.xml', 'stmt', 290)) | SrcmlStmtDeletion(('core/Solver.cc.xml', 'stmt', 261)) | SrcmlStmtDeletion(('core/Solver.cc.xml', 'stmt', 394))"
2024-06-14 07:30:49,421	[INFO]	18      COMPILE_CODE_ERROR    None (--) [3 edit(s)]  
2024-06-14 07:30:49,421	[DEBUG]	patch(18)="SrcmlStmtDeletion(('core/Solver.cc.xml', 'stmt', 290)) | SrcmlStmtDeletion(('core/Solver.cc.xml', 'stmt', 261)) | SrcmlStmtReplacement(('core/Solver.cc.xml', 'stmt', 122), ('core/Solver.cc.xml', 'stmt', 400))"
2024-06-14 07:30:50,952	[INFO]	19      TEST_CODE_ERROR       None (--) [3 edit(s)]  
2024-06-14 07:30:50,952	[DEBUG]	patch(19)="SrcmlStmtDeletion(('core/Solver.cc.xml', 'stmt', 290)) | SrcmlStmtDeletion(('core/Solver.cc.xml', 'stmt', 261)) | SrcmlStmtDeletion(('core/Solver.cc.xml', 'stmt', 215))"
2024-06-14 07:30:51,190	[INFO]	20      COMPILE_CODE_ERROR    None (--) [3 edit(s)]  
2024-06-14 07:30:51,190	[DEBUG]	patch(20)="SrcmlStmtDeletion(('core/Solver.cc.xml', 'stmt', 290)) | SrcmlStmtDeletion(('core/Solver.cc.xml', 'stmt', 261)) | SrcmlStmtReplacement(('core/Solver.cc.xml', 'stmt', 426), ('core/Solver.cc.xml', 'stmt', 80))"
2024-06-14 07:30:51,436	[INFO]	21      COMPILE_CODE_ERROR    None (--) [3 edit(s)]  
2024-06-14 07:30:51,436	[DEBUG]	patch(21)="SrcmlStmtDeletion(('core/Solver.cc.xml', 'stmt', 290)) | SrcmlStmtDeletion(('core/Solver.cc.xml', 'stmt', 261)) | SrcmlStmtReplacement(('core/Solver.cc.xml', 'stmt', 257), ('core/Solver.cc.xml', 'stmt', 393))"
2024-06-14 07:30:51,672	[INFO]	22      COMPILE_CODE_ERROR    None (--) [3 edit(s)]  
2024-06-14 07:30:51,672	[DEBUG]	patch(22)="SrcmlStmtDeletion(('core/Solver.cc.xml', 'stmt', 290)) | SrcmlStmtDeletion(('core/Solver.cc.xml', 'stmt', 261)) | SrcmlStmtReplacement(('core/Solver.cc.xml', 'stmt', 72), ('core/Solver.cc.xml', 'stmt', 408))"
2024-06-14 07:30:51,897	[INFO]	23      COMPILE_CODE_ERROR    None (--) [3 edit(s)]  
2024-06-14 07:30:51,897	[DEBUG]	patch(23)="SrcmlStmtDeletion(('core/Solver.cc.xml', 'stmt', 290)) | SrcmlStmtDeletion(('core/Solver.cc.xml', 'stmt', 261)) | SrcmlStmtReplacement(('core/Solver.cc.xml', 'stmt', 65), ('core/Solver.cc.xml', 'stmt', 420))"
2024-06-14 07:31:05,737	[DEBUG]	EXEC>  SUCCESS 71348528.0
2024-06-14 07:31:05,737	[INFO]	24      SUCCESS               71348528.000000 (84.17%) [3 edit(s)]  
2024-06-14 07:31:05,737	[DEBUG]	patch(24)="SrcmlStmtDeletion(('core/Solver.cc.xml', 'stmt', 290)) | SrcmlStmtDeletion(('core/Solver.cc.xml', 'stmt', 261)) | SrcmlStmtInsertion(('core/Solver.cc.xml', '_inter_block', 341), ('core/Solver.cc.xml', 'stmt', 361))"
2024-06-14 07:31:19,460	[DEBUG]	EXEC>  SUCCESS 73405719.0
2024-06-14 07:31:19,460	[INFO]	25      SUCCESS               73405719.000000 (86.59%) [3 edit(s)]  
2024-06-14 07:31:19,461	[DEBUG]	patch(25)="SrcmlStmtDeletion(('core/Solver.cc.xml', 'stmt', 290)) | SrcmlStmtDeletion(('core/Solver.cc.xml', 'stmt', 261)) | SrcmlStmtDeletion(('core/Solver.cc.xml', 'stmt', 409))"
2024-06-14 07:31:19,671	[INFO]	26      COMPILE_CODE_ERROR    None (--) [3 edit(s)]  
2024-06-14 07:31:19,671	[DEBUG]	patch(26)="SrcmlStmtDeletion(('core/Solver.cc.xml', 'stmt', 290)) | SrcmlStmtDeletion(('core/Solver.cc.xml', 'stmt', 261)) | SrcmlStmtReplacement(('core/Solver.cc.xml', 'stmt', 90), ('core/Solver.cc.xml', 'stmt', 269))"
2024-06-14 07:31:33,232	[DEBUG]	EXEC>  SUCCESS 71500697.0
2024-06-14 07:31:33,232	[INFO]	27      SUCCESS               71500697.000000 (84.34%) [3 edit(s)]  
2024-06-14 07:31:33,233	[DEBUG]	patch(27)="SrcmlStmtDeletion(('core/Solver.cc.xml', 'stmt', 290)) | SrcmlStmtDeletion(('core/Solver.cc.xml', 'stmt', 261)) | SrcmlStmtDeletion(('core/Solver.cc.xml', 'stmt', 361))"
2024-06-14 07:31:33,484	[INFO]	28      COMPILE_CODE_ERROR    None (--) [3 edit(s)]  
2024-06-14 07:31:33,485	[DEBUG]	patch(28)="SrcmlStmtDeletion(('core/Solver.cc.xml', 'stmt', 290)) | SrcmlStmtDeletion(('core/Solver.cc.xml', 'stmt', 261)) | SrcmlStmtInsertion(('core/Solver.cc.xml', '_inter_block', 449), ('core/Solver.cc.xml', 'stmt', 380))"
2024-06-14 07:31:47,120	[DEBUG]	EXEC>  SUCCESS 71448271.0
2024-06-14 07:31:47,120	[INFO]	29      SUCCESS               71448271.000000 (84.28%) [3 edit(s)]  
2024-06-14 07:31:47,120	[DEBUG]	patch(29)="SrcmlStmtDeletion(('core/Solver.cc.xml', 'stmt', 290)) | SrcmlStmtDeletion(('core/Solver.cc.xml', 'stmt', 261)) | SrcmlStmtReplacement(('core/Solver.cc.xml', 'stmt', 55), ('core/Solver.cc.xml', 'stmt', 96))"
2024-06-14 07:32:00,792	[DEBUG]	EXEC>  SUCCESS 71700669.0
2024-06-14 07:32:00,792	[INFO]	30      SUCCESS               71700669.000000 (84.58%) [3 edit(s)]  
2024-06-14 07:32:00,792	[DEBUG]	patch(30)="SrcmlStmtDeletion(('core/Solver.cc.xml', 'stmt', 290)) | SrcmlStmtDeletion(('core/Solver.cc.xml', 'stmt', 261)) | SrcmlStmtDeletion(('core/Solver.cc.xml', 'stmt', 25))"
2024-06-14 07:32:58,889	[DEBUG]	EXEC>  SUCCESS 388554857.0
2024-06-14 07:32:58,889	[INFO]	31      SUCCESS               388554857.000000 (458.35%) [3 edit(s)]  
2024-06-14 07:32:58,889	[DEBUG]	patch(31)="SrcmlStmtDeletion(('core/Solver.cc.xml', 'stmt', 290)) | SrcmlStmtDeletion(('core/Solver.cc.xml', 'stmt', 261)) | SrcmlStmtDeletion(('core/Solver.cc.xml', 'stmt', 225))"
2024-06-14 07:33:00,336	[INFO]	32      TEST_CODE_ERROR       None (--) [3 edit(s)]  
2024-06-14 07:33:00,336	[DEBUG]	patch(32)="SrcmlStmtDeletion(('core/Solver.cc.xml', 'stmt', 290)) | SrcmlStmtDeletion(('core/Solver.cc.xml', 'stmt', 261)) | SrcmlStmtDeletion(('core/Solver.cc.xml', 'stmt', 91))"
2024-06-14 07:33:14,085	[DEBUG]	EXEC>  SUCCESS 71077181.0
2024-06-14 07:33:14,085	[INFO]	33      SUCCESS              *71077181.000000 (83.85%) [3 edit(s)]  
2024-06-14 07:33:14,085	[DEBUG]	patch(33)="SrcmlStmtDeletion(('core/Solver.cc.xml', 'stmt', 290)) | SrcmlStmtDeletion(('core/Solver.cc.xml', 'stmt', 261)) | SrcmlStmtReplacement(('core/Solver.cc.xml', 'stmt', 132), ('core/Solver.cc.xml', 'stmt', 306))"
--- before: core/Solver.cc
+++ after: core/Solver.cc
@@ -378,9 +378,11 @@
                 Clause& c = ca[reason(var(out_learnt[i]))];
                 for (int k = 1; k < c.size(); k++)
                     /*auto*/{
-                        if (!seen[var(c[k])] && level(var(c[k])) > 0){
-                        out_learnt[j++] = out_learnt[i];
-                        break; }
+                        if (learnts.size()-nAssigns() >= max_learnts)
+                            // Reduce the set of learnt clauses:
+                            /*auto*/{
+                                reduceDB();
+                            }/*auto*/
                     }/*auto*/
             }
         }
@@ -679,7 +681,7 @@
 
     if (nAssigns() == simpDB_assigns || (simpDB_props > 0))
         /*auto*/{
-            return true;
+            
         }/*auto*/
 
     // Remove satisfied clauses:
@@ -738,7 +740,7 @@
                 CRef cr = ca.alloc(learnt_clause, true);
                 learnts.push(cr);
                 attachClause(cr);
-                claBumpActivity(ca[cr]);
+                
                 uncheckedEnqueue(learnt_clause[0], cr);
             }
 

2024-06-14 07:33:27,579	[DEBUG]	EXEC>  SUCCESS 72256212.0
2024-06-14 07:33:27,579	[INFO]	34      SUCCESS               72256212.000000 (85.24%) [4 edit(s)]  
2024-06-14 07:33:27,579	[DEBUG]	patch(34)="SrcmlStmtDeletion(('core/Solver.cc.xml', 'stmt', 290)) | SrcmlStmtDeletion(('core/Solver.cc.xml', 'stmt', 261)) | SrcmlStmtReplacement(('core/Solver.cc.xml', 'stmt', 132), ('core/Solver.cc.xml', 'stmt', 306)) | SrcmlStmtInsertion(('core/Solver.cc.xml', '_inter_block', 32), ('core/Solver.cc.xml', 'stmt', 308))"
2024-06-14 07:33:42,894	[DEBUG]	EXEC>  SUCCESS 83750933.0
2024-06-14 07:33:42,895	[INFO]	35      SUCCESS               83750933.000000 (98.80%) [2 edit(s)]  
2024-06-14 07:33:42,895	[DEBUG]	patch(35)="SrcmlStmtDeletion(('core/Solver.cc.xml', 'stmt', 261)) | SrcmlStmtReplacement(('core/Solver.cc.xml', 'stmt', 132), ('core/Solver.cc.xml', 'stmt', 306))"
2024-06-14 07:33:43,140	[INFO]	36      COMPILE_CODE_ERROR    None (--) [4 edit(s)]  
2024-06-14 07:33:43,140	[DEBUG]	patch(36)="SrcmlStmtDeletion(('core/Solver.cc.xml', 'stmt', 290)) | SrcmlStmtDeletion(('core/Solver.cc.xml', 'stmt', 261)) | SrcmlStmtReplacement(('core/Solver.cc.xml', 'stmt', 132), ('core/Solver.cc.xml', 'stmt', 306)) | SrcmlStmtDeletion(('core/Solver.cc.xml', 'stmt', 236))"
2024-06-14 07:33:56,806	[DEBUG]	EXEC>  SUCCESS 71099152.0
2024-06-14 07:33:56,806	[INFO]	37      SUCCESS               71099152.000000 (83.87%) [4 edit(s)]  
2024-06-14 07:33:56,807	[DEBUG]	patch(37)="SrcmlStmtDeletion(('core/Solver.cc.xml', 'stmt', 290)) | SrcmlStmtDeletion(('core/Solver.cc.xml', 'stmt', 261)) | SrcmlStmtReplacement(('core/Solver.cc.xml', 'stmt', 132), ('core/Solver.cc.xml', 'stmt', 306)) | SrcmlStmtDeletion(('core/Solver.cc.xml', 'stmt', 382))"
2024-06-14 07:34:10,147	[DEBUG]	EXEC>  SUCCESS 69701458.0
2024-06-14 07:34:10,147	[INFO]	38      SUCCESS              *69701458.000000 (82.22%) [4 edit(s)]  
2024-06-14 07:34:10,147	[DEBUG]	patch(38)="SrcmlStmtDeletion(('core/Solver.cc.xml', 'stmt', 290)) | SrcmlStmtDeletion(('core/Solver.cc.xml', 'stmt', 261)) | SrcmlStmtReplacement(('core/Solver.cc.xml', 'stmt', 132), ('core/Solver.cc.xml', 'stmt', 306)) | SrcmlStmtReplacement(('core/Solver.cc.xml', 'stmt', 120), ('core/Solver.cc.xml', 'stmt', 325))"
--- before: core/Solver.cc
+++ after: core/Solver.cc
@@ -353,10 +353,7 @@
     out_learnt.copyTo(analyze_toclear);
     if (ccmin_mode == 2){
         uint32_t abstract_level = 0;
-        for (i = 1; i < out_learnt.size(); i++)
-            /*auto*/{
-                abstract_level |= abstractLevel(var(out_learnt[i]));
-            }/*auto*/ // (maintain an abstraction of levels involved in conflict)
+        double  progress = 0; // (maintain an abstraction of levels involved in conflict)
 
         for (i = j = 1; i < out_learnt.size(); i++)
             /*auto*/{
@@ -378,9 +375,11 @@
                 Clause& c = ca[reason(var(out_learnt[i]))];
                 for (int k = 1; k < c.size(); k++)
                     /*auto*/{
-                        if (!seen[var(c[k])] && level(var(c[k])) > 0){
-                        out_learnt[j++] = out_learnt[i];
-                        break; }
+                        if (learnts.size()-nAssigns() >= max_learnts)
+                            // Reduce the set of learnt clauses:
+                            /*auto*/{
+                                reduceDB();
+                            }/*auto*/
                     }/*auto*/
             }
         }
@@ -679,7 +678,7 @@
 
     if (nAssigns() == simpDB_assigns || (simpDB_props > 0))
         /*auto*/{
-            return true;
+            
         }/*auto*/
 
     // Remove satisfied clauses:
@@ -738,7 +737,7 @@
                 CRef cr = ca.alloc(learnt_clause, true);
                 learnts.push(cr);
                 attachClause(cr);
-                claBumpActivity(ca[cr]);
+                
                 uncheckedEnqueue(learnt_clause[0], cr);
             }
 

2024-06-14 07:34:23,248	[DEBUG]	EXEC>  SUCCESS 68781950.0
2024-06-14 07:34:23,248	[INFO]	39      SUCCESS              *68781950.000000 (81.14%) [5 edit(s)]  
2024-06-14 07:34:23,249	[DEBUG]	patch(39)="SrcmlStmtDeletion(('core/Solver.cc.xml', 'stmt', 290)) | SrcmlStmtDeletion(('core/Solver.cc.xml', 'stmt', 261)) | SrcmlStmtReplacement(('core/Solver.cc.xml', 'stmt', 132), ('core/Solver.cc.xml', 'stmt', 306)) | SrcmlStmtReplacement(('core/Solver.cc.xml', 'stmt', 120), ('core/Solver.cc.xml', 'stmt', 325)) | SrcmlStmtDeletion(('core/Solver.cc.xml', 'stmt', 70))"
--- before: core/Solver.cc
+++ after: core/Solver.cc
@@ -224,7 +224,7 @@
         /*auto*/{
             if (value(c[i]) == l_True)
             /*auto*/{
-                return true;
+                
             }/*auto*/
         }/*auto*/
     return false; }
@@ -353,10 +353,7 @@
     out_learnt.copyTo(analyze_toclear);
     if (ccmin_mode == 2){
         uint32_t abstract_level = 0;
-        for (i = 1; i < out_learnt.size(); i++)
-            /*auto*/{
-                abstract_level |= abstractLevel(var(out_learnt[i]));
-            }/*auto*/ // (maintain an abstraction of levels involved in conflict)
+        double  progress = 0; // (maintain an abstraction of levels involved in conflict)
 
         for (i = j = 1; i < out_learnt.size(); i++)
             /*auto*/{
@@ -378,9 +375,11 @@
                 Clause& c = ca[reason(var(out_learnt[i]))];
                 for (int k = 1; k < c.size(); k++)
                     /*auto*/{
-                        if (!seen[var(c[k])] && level(var(c[k])) > 0){
-                        out_learnt[j++] = out_learnt[i];
-                        break; }
+                        if (learnts.size()-nAssigns() >= max_learnts)
+                            // Reduce the set of learnt clauses:
+                            /*auto*/{
+                                reduceDB();
+                            }/*auto*/
                     }/*auto*/
             }
         }
@@ -679,7 +678,7 @@
 
     if (nAssigns() == simpDB_assigns || (simpDB_props > 0))
         /*auto*/{
-            return true;
+            
         }/*auto*/
 
     // Remove satisfied clauses:
@@ -738,7 +737,7 @@
                 CRef cr = ca.alloc(learnt_clause, true);
                 learnts.push(cr);
                 attachClause(cr);
-                claBumpActivity(ca[cr]);
+                
                 uncheckedEnqueue(learnt_clause[0], cr);
             }
 

2024-06-14 07:34:24,536	[INFO]	40      TEST_CODE_ERROR       None (--) [6 edit(s)]  
2024-06-14 07:34:24,537	[DEBUG]	patch(40)="SrcmlStmtDeletion(('core/Solver.cc.xml', 'stmt', 290)) | SrcmlStmtDeletion(('core/Solver.cc.xml', 'stmt', 261)) | SrcmlStmtReplacement(('core/Solver.cc.xml', 'stmt', 132), ('core/Solver.cc.xml', 'stmt', 306)) | SrcmlStmtReplacement(('core/Solver.cc.xml', 'stmt', 120), ('core/Solver.cc.xml', 'stmt', 325)) | SrcmlStmtDeletion(('core/Solver.cc.xml', 'stmt', 70)) | SrcmlStmtDeletion(('core/Solver.cc.xml', 'stmt', 194))"
2024-06-14 07:34:37,754	[DEBUG]	EXEC>  SUCCESS 68080937.0
2024-06-14 07:34:37,754	[INFO]	41      SUCCESS              *68080937.000000 (80.31%) [6 edit(s)]  
2024-06-14 07:34:37,755	[DEBUG]	patch(41)="SrcmlStmtDeletion(('core/Solver.cc.xml', 'stmt', 290)) | SrcmlStmtDeletion(('core/Solver.cc.xml', 'stmt', 261)) | SrcmlStmtReplacement(('core/Solver.cc.xml', 'stmt', 132), ('core/Solver.cc.xml', 'stmt', 306)) | SrcmlStmtReplacement(('core/Solver.cc.xml', 'stmt', 120), ('core/Solver.cc.xml', 'stmt', 325)) | SrcmlStmtDeletion(('core/Solver.cc.xml', 'stmt', 70)) | SrcmlStmtDeletion(('core/Solver.cc.xml', 'stmt', 268))"
--- before: core/Solver.cc
+++ after: core/Solver.cc
@@ -224,7 +224,7 @@
         /*auto*/{
             if (value(c[i]) == l_True)
             /*auto*/{
-                return true;
+                
             }/*auto*/
         }/*auto*/
     return false; }
@@ -353,10 +353,7 @@
     out_learnt.copyTo(analyze_toclear);
     if (ccmin_mode == 2){
         uint32_t abstract_level = 0;
-        for (i = 1; i < out_learnt.size(); i++)
-            /*auto*/{
-                abstract_level |= abstractLevel(var(out_learnt[i]));
-            }/*auto*/ // (maintain an abstraction of levels involved in conflict)
+        double  progress = 0; // (maintain an abstraction of levels involved in conflict)
 
         for (i = j = 1; i < out_learnt.size(); i++)
             /*auto*/{
@@ -378,9 +375,11 @@
                 Clause& c = ca[reason(var(out_learnt[i]))];
                 for (int k = 1; k < c.size(); k++)
                     /*auto*/{
-                        if (!seen[var(c[k])] && level(var(c[k])) > 0){
-                        out_learnt[j++] = out_learnt[i];
-                        break; }
+                        if (learnts.size()-nAssigns() >= max_learnts)
+                            // Reduce the set of learnt clauses:
+                            /*auto*/{
+                                reduceDB();
+                            }/*auto*/
                     }/*auto*/
             }
         }
@@ -679,7 +678,7 @@
 
     if (nAssigns() == simpDB_assigns || (simpDB_props > 0))
         /*auto*/{
-            return true;
+            
         }/*auto*/
 
     // Remove satisfied clauses:
@@ -692,7 +691,7 @@
     rebuildOrderHeap();
 
     simpDB_assigns = nAssigns();
-    simpDB_props   = clauses_literals + learnts_literals;   // (shouldn't depend on stats really, but it will do for now)
+       // (shouldn't depend on stats really, but it will do for now)
 
     return true;
 }
@@ -738,7 +737,7 @@
                 CRef cr = ca.alloc(learnt_clause, true);
                 learnts.push(cr);
                 attachClause(cr);
-                claBumpActivity(ca[cr]);
+                
                 uncheckedEnqueue(learnt_clause[0], cr);
             }
 

2024-06-14 07:34:38,011	[INFO]	42      COMPILE_CODE_ERROR    None (--) [7 edit(s)]  
2024-06-14 07:34:38,011	[DEBUG]	patch(42)="SrcmlStmtDeletion(('core/Solver.cc.xml', 'stmt', 290)) | SrcmlStmtDeletion(('core/Solver.cc.xml', 'stmt', 261)) | SrcmlStmtReplacement(('core/Solver.cc.xml', 'stmt', 132), ('core/Solver.cc.xml', 'stmt', 306)) | SrcmlStmtReplacement(('core/Solver.cc.xml', 'stmt', 120), ('core/Solver.cc.xml', 'stmt', 325)) | SrcmlStmtDeletion(('core/Solver.cc.xml', 'stmt', 70)) | SrcmlStmtDeletion(('core/Solver.cc.xml', 'stmt', 268)) | SrcmlStmtInsertion(('core/Solver.cc.xml', '_inter_block', 130), ('core/Solver.cc.xml', 'stmt', 205))"
2024-06-14 07:34:52,037	[DEBUG]	EXEC>  SUCCESS 73228894.0
2024-06-14 07:34:52,037	[INFO]	43      SUCCESS               73228894.000000 (86.38%) [5 edit(s)]  
2024-06-14 07:34:52,037	[DEBUG]	patch(43)="SrcmlStmtDeletion(('core/Solver.cc.xml', 'stmt', 290)) | SrcmlStmtDeletion(('core/Solver.cc.xml', 'stmt', 261)) | SrcmlStmtReplacement(('core/Solver.cc.xml', 'stmt', 132), ('core/Solver.cc.xml', 'stmt', 306)) | SrcmlStmtDeletion(('core/Solver.cc.xml', 'stmt', 70)) | SrcmlStmtDeletion(('core/Solver.cc.xml', 'stmt', 268))"
2024-06-14 07:35:04,701	[DEBUG]	EXEC>  SUCCESS 64341857.0
2024-06-14 07:35:04,701	[INFO]	44      SUCCESS              *64341857.000000 (75.90%) [5 edit(s)]  
2024-06-14 07:35:04,701	[DEBUG]	patch(44)="SrcmlStmtDeletion(('core/Solver.cc.xml', 'stmt', 261)) | SrcmlStmtReplacement(('core/Solver.cc.xml', 'stmt', 132), ('core/Solver.cc.xml', 'stmt', 306)) | SrcmlStmtReplacement(('core/Solver.cc.xml', 'stmt', 120), ('core/Solver.cc.xml', 'stmt', 325)) | SrcmlStmtDeletion(('core/Solver.cc.xml', 'stmt', 70)) | SrcmlStmtDeletion(('core/Solver.cc.xml', 'stmt', 268))"
--- before: core/Solver.cc
+++ after: core/Solver.cc
@@ -224,7 +224,7 @@
         /*auto*/{
             if (value(c[i]) == l_True)
             /*auto*/{
-                return true;
+                
             }/*auto*/
         }/*auto*/
     return false; }
@@ -353,10 +353,7 @@
     out_learnt.copyTo(analyze_toclear);
     if (ccmin_mode == 2){
         uint32_t abstract_level = 0;
-        for (i = 1; i < out_learnt.size(); i++)
-            /*auto*/{
-                abstract_level |= abstractLevel(var(out_learnt[i]));
-            }/*auto*/ // (maintain an abstraction of levels involved in conflict)
+        double  progress = 0; // (maintain an abstraction of levels involved in conflict)
 
         for (i = j = 1; i < out_learnt.size(); i++)
             /*auto*/{
@@ -378,9 +375,11 @@
                 Clause& c = ca[reason(var(out_learnt[i]))];
                 for (int k = 1; k < c.size(); k++)
                     /*auto*/{
-                        if (!seen[var(c[k])] && level(var(c[k])) > 0){
-                        out_learnt[j++] = out_learnt[i];
-                        break; }
+                        if (learnts.size()-nAssigns() >= max_learnts)
+                            // Reduce the set of learnt clauses:
+                            /*auto*/{
+                                reduceDB();
+                            }/*auto*/
                     }/*auto*/
             }
         }
@@ -679,7 +678,7 @@
 
     if (nAssigns() == simpDB_assigns || (simpDB_props > 0))
         /*auto*/{
-            return true;
+            
         }/*auto*/
 
     // Remove satisfied clauses:
@@ -692,7 +691,7 @@
     rebuildOrderHeap();
 
     simpDB_assigns = nAssigns();
-    simpDB_props   = clauses_literals + learnts_literals;   // (shouldn't depend on stats really, but it will do for now)
+       // (shouldn't depend on stats really, but it will do for now)
 
     return true;
 }

2024-06-14 07:35:04,954	[INFO]	45      COMPILE_CODE_ERROR    None (--) [6 edit(s)]  
2024-06-14 07:35:04,954	[DEBUG]	patch(45)="SrcmlStmtDeletion(('core/Solver.cc.xml', 'stmt', 261)) | SrcmlStmtReplacement(('core/Solver.cc.xml', 'stmt', 132), ('core/Solver.cc.xml', 'stmt', 306)) | SrcmlStmtReplacement(('core/Solver.cc.xml', 'stmt', 120), ('core/Solver.cc.xml', 'stmt', 325)) | SrcmlStmtDeletion(('core/Solver.cc.xml', 'stmt', 70)) | SrcmlStmtDeletion(('core/Solver.cc.xml', 'stmt', 268)) | SrcmlStmtReplacement(('core/Solver.cc.xml', 'stmt', 377), ('core/Solver.cc.xml', 'stmt', 166))"
2024-06-14 07:35:06,409	[INFO]	46      TEST_CODE_ERROR       None (--) [6 edit(s)]  
2024-06-14 07:35:06,409	[DEBUG]	patch(46)="SrcmlStmtDeletion(('core/Solver.cc.xml', 'stmt', 261)) | SrcmlStmtReplacement(('core/Solver.cc.xml', 'stmt', 132), ('core/Solver.cc.xml', 'stmt', 306)) | SrcmlStmtReplacement(('core/Solver.cc.xml', 'stmt', 120), ('core/Solver.cc.xml', 'stmt', 325)) | SrcmlStmtDeletion(('core/Solver.cc.xml', 'stmt', 70)) | SrcmlStmtDeletion(('core/Solver.cc.xml', 'stmt', 268)) | SrcmlStmtDeletion(('core/Solver.cc.xml', 'stmt', 324))"
2024-06-14 07:36:47,905	[INFO]	47      TEST_TIMEOUT          None (--) [6 edit(s)]  
2024-06-14 07:36:47,905	[DEBUG]	patch(47)="SrcmlStmtDeletion(('core/Solver.cc.xml', 'stmt', 261)) | SrcmlStmtReplacement(('core/Solver.cc.xml', 'stmt', 132), ('core/Solver.cc.xml', 'stmt', 306)) | SrcmlStmtReplacement(('core/Solver.cc.xml', 'stmt', 120), ('core/Solver.cc.xml', 'stmt', 325)) | SrcmlStmtDeletion(('core/Solver.cc.xml', 'stmt', 70)) | SrcmlStmtDeletion(('core/Solver.cc.xml', 'stmt', 268)) | SrcmlStmtDeletion(('core/Solver.cc.xml', 'stmt', 369))"
2024-06-14 07:37:02,238	[DEBUG]	EXEC>  SUCCESS 77241764.0
2024-06-14 07:37:02,238	[INFO]	48      SUCCESS               77241764.000000 (91.12%) [4 edit(s)]  
2024-06-14 07:37:02,238	[DEBUG]	patch(48)="SrcmlStmtDeletion(('core/Solver.cc.xml', 'stmt', 261)) | SrcmlStmtReplacement(('core/Solver.cc.xml', 'stmt', 132), ('core/Solver.cc.xml', 'stmt', 306)) | SrcmlStmtDeletion(('core/Solver.cc.xml', 'stmt', 70)) | SrcmlStmtDeletion(('core/Solver.cc.xml', 'stmt', 268))"
2024-06-14 07:37:14,859	[DEBUG]	EXEC>  SUCCESS 65289455.0
2024-06-14 07:37:14,860	[INFO]	49      SUCCESS               65289455.000000 (77.02%) [6 edit(s)]  
2024-06-14 07:37:14,860	[DEBUG]	patch(49)="SrcmlStmtDeletion(('core/Solver.cc.xml', 'stmt', 261)) | SrcmlStmtReplacement(('core/Solver.cc.xml', 'stmt', 132), ('core/Solver.cc.xml', 'stmt', 306)) | SrcmlStmtReplacement(('core/Solver.cc.xml', 'stmt', 120), ('core/Solver.cc.xml', 'stmt', 325)) | SrcmlStmtDeletion(('core/Solver.cc.xml', 'stmt', 70)) | SrcmlStmtDeletion(('core/Solver.cc.xml', 'stmt', 268)) | SrcmlStmtDeletion(('core/Solver.cc.xml', 'stmt', 403))"
2024-06-14 07:37:26,636	[DEBUG]	EXEC>  SUCCESS 59119334.0
2024-06-14 07:37:26,636	[INFO]	50      SUCCESS              *59119334.000000 (69.74%) [4 edit(s)]  
2024-06-14 07:37:26,636	[DEBUG]	patch(50)="SrcmlStmtDeletion(('core/Solver.cc.xml', 'stmt', 261)) | SrcmlStmtReplacement(('core/Solver.cc.xml', 'stmt', 132), ('core/Solver.cc.xml', 'stmt', 306)) | SrcmlStmtReplacement(('core/Solver.cc.xml', 'stmt', 120), ('core/Solver.cc.xml', 'stmt', 325)) | SrcmlStmtDeletion(('core/Solver.cc.xml', 'stmt', 268))"
--- before: core/Solver.cc
+++ after: core/Solver.cc
@@ -353,10 +353,7 @@
     out_learnt.copyTo(analyze_toclear);
     if (ccmin_mode == 2){
         uint32_t abstract_level = 0;
-        for (i = 1; i < out_learnt.size(); i++)
-            /*auto*/{
-                abstract_level |= abstractLevel(var(out_learnt[i]));
-            }/*auto*/ // (maintain an abstraction of levels involved in conflict)
+        double  progress = 0; // (maintain an abstraction of levels involved in conflict)
 
         for (i = j = 1; i < out_learnt.size(); i++)
             /*auto*/{
@@ -378,9 +375,11 @@
                 Clause& c = ca[reason(var(out_learnt[i]))];
                 for (int k = 1; k < c.size(); k++)
                     /*auto*/{
-                        if (!seen[var(c[k])] && level(var(c[k])) > 0){
-                        out_learnt[j++] = out_learnt[i];
-                        break; }
+                        if (learnts.size()-nAssigns() >= max_learnts)
+                            // Reduce the set of learnt clauses:
+                            /*auto*/{
+                                reduceDB();
+                            }/*auto*/
                     }/*auto*/
             }
         }
@@ -679,7 +678,7 @@
 
     if (nAssigns() == simpDB_assigns || (simpDB_props > 0))
         /*auto*/{
-            return true;
+            
         }/*auto*/
 
     // Remove satisfied clauses:
@@ -692,7 +691,7 @@
     rebuildOrderHeap();
 
     simpDB_assigns = nAssigns();
-    simpDB_props   = clauses_literals + learnts_literals;   // (shouldn't depend on stats really, but it will do for now)
+       // (shouldn't depend on stats really, but it will do for now)
 
     return true;
 }

2024-06-14 07:37:38,418	[DEBUG]	EXEC>  SUCCESS 58724090.0
2024-06-14 07:37:38,418	[INFO]	51      SUCCESS              *58724090.000000 (69.27%) [3 edit(s)]  
2024-06-14 07:37:38,418	[DEBUG]	patch(51)="SrcmlStmtDeletion(('core/Solver.cc.xml', 'stmt', 261)) | SrcmlStmtReplacement(('core/Solver.cc.xml', 'stmt', 120), ('core/Solver.cc.xml', 'stmt', 325)) | SrcmlStmtDeletion(('core/Solver.cc.xml', 'stmt', 268))"
--- before: core/Solver.cc
+++ after: core/Solver.cc
@@ -353,10 +353,7 @@
     out_learnt.copyTo(analyze_toclear);
     if (ccmin_mode == 2){
         uint32_t abstract_level = 0;
-        for (i = 1; i < out_learnt.size(); i++)
-            /*auto*/{
-                abstract_level |= abstractLevel(var(out_learnt[i]));
-            }/*auto*/ // (maintain an abstraction of levels involved in conflict)
+        double  progress = 0; // (maintain an abstraction of levels involved in conflict)
 
         for (i = j = 1; i < out_learnt.size(); i++)
             /*auto*/{
@@ -679,7 +676,7 @@
 
     if (nAssigns() == simpDB_assigns || (simpDB_props > 0))
         /*auto*/{
-            return true;
+            
         }/*auto*/
 
     // Remove satisfied clauses:
@@ -692,7 +689,7 @@
     rebuildOrderHeap();
 
     simpDB_assigns = nAssigns();
-    simpDB_props   = clauses_literals + learnts_literals;   // (shouldn't depend on stats really, but it will do for now)
+       // (shouldn't depend on stats really, but it will do for now)
 
     return true;
 }

2024-06-14 07:37:53,718	[DEBUG]	EXEC>  SUCCESS 83559018.0
2024-06-14 07:37:53,719	[INFO]	52      SUCCESS               83559018.000000 (98.57%) [2 edit(s)]  
2024-06-14 07:37:53,719	[DEBUG]	patch(52)="SrcmlStmtDeletion(('core/Solver.cc.xml', 'stmt', 261)) | SrcmlStmtDeletion(('core/Solver.cc.xml', 'stmt', 268))"
2024-06-14 07:38:08,446	[DEBUG]	EXEC>  SUCCESS 79202615.0
2024-06-14 07:38:08,447	[INFO]	53      SUCCESS               79202615.000000 (93.43%) [4 edit(s)]  
2024-06-14 07:38:08,447	[DEBUG]	patch(53)="SrcmlStmtDeletion(('core/Solver.cc.xml', 'stmt', 261)) | SrcmlStmtReplacement(('core/Solver.cc.xml', 'stmt', 120), ('core/Solver.cc.xml', 'stmt', 325)) | SrcmlStmtDeletion(('core/Solver.cc.xml', 'stmt', 268)) | SrcmlStmtDeletion(('core/Solver.cc.xml', 'stmt', 118))"
2024-06-14 07:38:20,184	[DEBUG]	EXEC>  SUCCESS 58775861.0
2024-06-14 07:38:20,184	[INFO]	54      SUCCESS               58775861.000000 (69.33%) [2 edit(s)]  
2024-06-14 07:38:20,184	[DEBUG]	patch(54)="SrcmlStmtReplacement(('core/Solver.cc.xml', 'stmt', 120), ('core/Solver.cc.xml', 'stmt', 325)) | SrcmlStmtDeletion(('core/Solver.cc.xml', 'stmt', 268))"
2024-06-14 07:38:20,403	[INFO]	55      COMPILE_CODE_ERROR    None (--) [4 edit(s)]  
2024-06-14 07:38:20,404	[DEBUG]	patch(55)="SrcmlStmtDeletion(('core/Solver.cc.xml', 'stmt', 261)) | SrcmlStmtReplacement(('core/Solver.cc.xml', 'stmt', 120), ('core/Solver.cc.xml', 'stmt', 325)) | SrcmlStmtDeletion(('core/Solver.cc.xml', 'stmt', 268)) | SrcmlStmtReplacement(('core/Solver.cc.xml', 'stmt', 66), ('core/Solver.cc.xml', 'stmt', 62))"
2024-06-14 07:38:20,655	[INFO]	56      COMPILE_CODE_ERROR    None (--) [4 edit(s)]  
2024-06-14 07:38:20,655	[DEBUG]	patch(56)="SrcmlStmtDeletion(('core/Solver.cc.xml', 'stmt', 261)) | SrcmlStmtReplacement(('core/Solver.cc.xml', 'stmt', 120), ('core/Solver.cc.xml', 'stmt', 325)) | SrcmlStmtDeletion(('core/Solver.cc.xml', 'stmt', 268)) | SrcmlStmtReplacement(('core/Solver.cc.xml', 'stmt', 205), ('core/Solver.cc.xml', 'stmt', 253))"
2024-06-14 07:38:20,886	[INFO]	57      COMPILE_CODE_ERROR    None (--) [4 edit(s)]  
2024-06-14 07:38:20,886	[DEBUG]	patch(57)="SrcmlStmtDeletion(('core/Solver.cc.xml', 'stmt', 261)) | SrcmlStmtReplacement(('core/Solver.cc.xml', 'stmt', 120), ('core/Solver.cc.xml', 'stmt', 325)) | SrcmlStmtDeletion(('core/Solver.cc.xml', 'stmt', 268)) | SrcmlStmtReplacement(('core/Solver.cc.xml', 'stmt', 389), ('core/Solver.cc.xml', 'stmt', 390))"
2024-06-14 07:38:32,719	[DEBUG]	EXEC>  SUCCESS 58565712.0
2024-06-14 07:38:32,719	[INFO]	58      SUCCESS              *58565712.000000 (69.09%) [2 edit(s)]  
2024-06-14 07:38:32,719	[DEBUG]	patch(58)="SrcmlStmtDeletion(('core/Solver.cc.xml', 'stmt', 261)) | SrcmlStmtReplacement(('core/Solver.cc.xml', 'stmt', 120), ('core/Solver.cc.xml', 'stmt', 325))"
--- before: core/Solver.cc
+++ after: core/Solver.cc
@@ -353,10 +353,7 @@
     out_learnt.copyTo(analyze_toclear);
     if (ccmin_mode == 2){
         uint32_t abstract_level = 0;
-        for (i = 1; i < out_learnt.size(); i++)
-            /*auto*/{
-                abstract_level |= abstractLevel(var(out_learnt[i]));
-            }/*auto*/ // (maintain an abstraction of levels involved in conflict)
+        double  progress = 0; // (maintain an abstraction of levels involved in conflict)
 
         for (i = j = 1; i < out_learnt.size(); i++)
             /*auto*/{
@@ -679,7 +676,7 @@
 
     if (nAssigns() == simpDB_assigns || (simpDB_props > 0))
         /*auto*/{
-            return true;
+            
         }/*auto*/
 
     // Remove satisfied clauses:

2024-06-14 07:38:44,393	[DEBUG]	EXEC>  SUCCESS 58418396.0
2024-06-14 07:38:44,393	[INFO]	59      SUCCESS              *58418396.000000 (68.91%) [1 edit(s)]  
2024-06-14 07:38:44,393	[DEBUG]	patch(59)="SrcmlStmtReplacement(('core/Solver.cc.xml', 'stmt', 120), ('core/Solver.cc.xml', 'stmt', 325))"
--- before: core/Solver.cc
+++ after: core/Solver.cc
@@ -353,10 +353,7 @@
     out_learnt.copyTo(analyze_toclear);
     if (ccmin_mode == 2){
         uint32_t abstract_level = 0;
-        for (i = 1; i < out_learnt.size(); i++)
-            /*auto*/{
-                abstract_level |= abstractLevel(var(out_learnt[i]));
-            }/*auto*/ // (maintain an abstraction of levels involved in conflict)
+        double  progress = 0; // (maintain an abstraction of levels involved in conflict)
 
         for (i = j = 1; i < out_learnt.size(); i++)
             /*auto*/{

2024-06-14 07:38:44,399	[INFO]	60      SUCCESS               84771801.000000 (100.00%) [0 edit(s)] [cached] 
2024-06-14 07:38:44,399	[DEBUG]	patch(60)=""
2024-06-14 07:38:56,163	[DEBUG]	EXEC>  SUCCESS 59192770.0
2024-06-14 07:38:56,163	[INFO]	61      SUCCESS               59192770.000000 (69.83%) [2 edit(s)]  
2024-06-14 07:38:56,163	[DEBUG]	patch(61)="SrcmlStmtReplacement(('core/Solver.cc.xml', 'stmt', 120), ('core/Solver.cc.xml', 'stmt', 325)) | SrcmlStmtDeletion(('core/Solver.cc.xml', 'stmt', 394))"
2024-06-14 07:38:56,427	[INFO]	62      COMPILE_CODE_ERROR    None (--) [2 edit(s)]  
2024-06-14 07:38:56,427	[DEBUG]	patch(62)="SrcmlStmtReplacement(('core/Solver.cc.xml', 'stmt', 120), ('core/Solver.cc.xml', 'stmt', 325)) | SrcmlStmtInsertion(('core/Solver.cc.xml', '_inter_block', 455), ('core/Solver.cc.xml', 'stmt', 220))"
2024-06-14 07:38:56,678	[INFO]	63      COMPILE_CODE_ERROR    None (--) [2 edit(s)]  
2024-06-14 07:38:56,678	[DEBUG]	patch(63)="SrcmlStmtReplacement(('core/Solver.cc.xml', 'stmt', 120), ('core/Solver.cc.xml', 'stmt', 325)) | SrcmlStmtReplacement(('core/Solver.cc.xml', 'stmt', 287), ('core/Solver.cc.xml', 'stmt', 129))"
2024-06-14 07:38:56,907	[INFO]	64      COMPILE_CODE_ERROR    None (--) [2 edit(s)]  
2024-06-14 07:38:56,908	[DEBUG]	patch(64)="SrcmlStmtReplacement(('core/Solver.cc.xml', 'stmt', 120), ('core/Solver.cc.xml', 'stmt', 325)) | SrcmlStmtReplacement(('core/Solver.cc.xml', 'stmt', 9), ('core/Solver.cc.xml', 'stmt', 62))"
2024-06-14 07:38:58,440	[INFO]	65      TEST_CODE_ERROR       None (--) [2 edit(s)]  
2024-06-14 07:38:58,440	[DEBUG]	patch(65)="SrcmlStmtReplacement(('core/Solver.cc.xml', 'stmt', 120), ('core/Solver.cc.xml', 'stmt', 325)) | SrcmlStmtDeletion(('core/Solver.cc.xml', 'stmt', 418))"
2024-06-14 07:38:58,686	[INFO]	66      COMPILE_CODE_ERROR    None (--) [2 edit(s)]  
2024-06-14 07:38:58,686	[DEBUG]	patch(66)="SrcmlStmtReplacement(('core/Solver.cc.xml', 'stmt', 120), ('core/Solver.cc.xml', 'stmt', 325)) | SrcmlStmtInsertion(('core/Solver.cc.xml', '_inter_block', 296), ('core/Solver.cc.xml', 'stmt', 116))"
2024-06-14 07:39:10,394	[DEBUG]	EXEC>  SUCCESS 58615682.0
2024-06-14 07:39:10,395	[INFO]	67      SUCCESS               58615682.000000 (69.15%) [2 edit(s)]  
2024-06-14 07:39:10,395	[DEBUG]	patch(67)="SrcmlStmtReplacement(('core/Solver.cc.xml', 'stmt', 120), ('core/Solver.cc.xml', 'stmt', 325)) | SrcmlStmtReplacement(('core/Solver.cc.xml', 'stmt', 405), ('core/Solver.cc.xml', 'stmt', 312))"
2024-06-14 07:39:11,841	[INFO]	68      TEST_CODE_ERROR       None (--) [2 edit(s)]  
2024-06-14 07:39:11,841	[DEBUG]	patch(68)="SrcmlStmtReplacement(('core/Solver.cc.xml', 'stmt', 120), ('core/Solver.cc.xml', 'stmt', 325)) | SrcmlStmtDeletion(('core/Solver.cc.xml', 'stmt', 102))"
2024-06-14 07:39:12,075	[INFO]	69      COMPILE_CODE_ERROR    None (--) [2 edit(s)]  
2024-06-14 07:39:12,075	[DEBUG]	patch(69)="SrcmlStmtReplacement(('core/Solver.cc.xml', 'stmt', 120), ('core/Solver.cc.xml', 'stmt', 325)) | SrcmlStmtInsertion(('core/Solver.cc.xml', '_inter_block', 548), ('core/Solver.cc.xml', 'stmt', 290))"
2024-06-14 07:39:23,889	[DEBUG]	EXEC>  SUCCESS 58240366.0
2024-06-14 07:39:23,889	[INFO]	70      SUCCESS              *58240366.000000 (68.70%) [2 edit(s)]  
2024-06-14 07:39:23,889	[DEBUG]	patch(70)="SrcmlStmtReplacement(('core/Solver.cc.xml', 'stmt', 120), ('core/Solver.cc.xml', 'stmt', 325)) | SrcmlStmtInsertion(('core/Solver.cc.xml', '_inter_block', 32), ('core/Solver.cc.xml', 'stmt', 244))"
--- before: core/Solver.cc
+++ after: core/Solver.cc
@@ -155,6 +155,7 @@
     if (ps.size() == 0)
         /*auto*/{
             return ok = false;
+            checkGarbage();
         }/*auto*/
     else if (ps.size() == 1){
         uncheckedEnqueue(ps[0]);
@@ -353,10 +354,7 @@
     out_learnt.copyTo(analyze_toclear);
     if (ccmin_mode == 2){
         uint32_t abstract_level = 0;
-        for (i = 1; i < out_learnt.size(); i++)
-            /*auto*/{
-                abstract_level |= abstractLevel(var(out_learnt[i]));
-            }/*auto*/ // (maintain an abstraction of levels involved in conflict)
+        double  progress = 0; // (maintain an abstraction of levels involved in conflict)
 
         for (i = j = 1; i < out_learnt.size(); i++)
             /*auto*/{

2024-06-14 07:39:35,598	[DEBUG]	EXEC>  SUCCESS 59407878.0
2024-06-14 07:39:35,598	[INFO]	71      SUCCESS               59407878.000000 (70.08%) [3 edit(s)]  
2024-06-14 07:39:35,598	[DEBUG]	patch(71)="SrcmlStmtReplacement(('core/Solver.cc.xml', 'stmt', 120), ('core/Solver.cc.xml', 'stmt', 325)) | SrcmlStmtInsertion(('core/Solver.cc.xml', '_inter_block', 32), ('core/Solver.cc.xml', 'stmt', 244)) | SrcmlStmtDeletion(('core/Solver.cc.xml', 'stmt', 361))"
2024-06-14 07:39:35,822	[INFO]	72      COMPILE_CODE_ERROR    None (--) [3 edit(s)]  
2024-06-14 07:39:35,822	[DEBUG]	patch(72)="SrcmlStmtReplacement(('core/Solver.cc.xml', 'stmt', 120), ('core/Solver.cc.xml', 'stmt', 325)) | SrcmlStmtInsertion(('core/Solver.cc.xml', '_inter_block', 32), ('core/Solver.cc.xml', 'stmt', 244)) | SrcmlStmtInsertion(('core/Solver.cc.xml', '_inter_block', 409), ('core/Solver.cc.xml', 'stmt', 136))"
2024-06-14 07:39:47,574	[DEBUG]	EXEC>  SUCCESS 59440652.0
2024-06-14 07:39:47,574	[INFO]	73      SUCCESS               59440652.000000 (70.12%) [3 edit(s)]  
2024-06-14 07:39:47,575	[DEBUG]	patch(73)="SrcmlStmtReplacement(('core/Solver.cc.xml', 'stmt', 120), ('core/Solver.cc.xml', 'stmt', 325)) | SrcmlStmtInsertion(('core/Solver.cc.xml', '_inter_block', 32), ('core/Solver.cc.xml', 'stmt', 244)) | SrcmlStmtInsertion(('core/Solver.cc.xml', '_inter_block', 524), ('core/Solver.cc.xml', 'stmt', 157))"
2024-06-14 07:39:59,215	[DEBUG]	EXEC>  SUCCESS 58551248.0
2024-06-14 07:39:59,215	[INFO]	74      SUCCESS               58551248.000000 (69.07%) [3 edit(s)]  
2024-06-14 07:39:59,215	[DEBUG]	patch(74)="SrcmlStmtReplacement(('core/Solver.cc.xml', 'stmt', 120), ('core/Solver.cc.xml', 'stmt', 325)) | SrcmlStmtInsertion(('core/Solver.cc.xml', '_inter_block', 32), ('core/Solver.cc.xml', 'stmt', 244)) | SrcmlStmtInsertion(('core/Solver.cc.xml', '_inter_block', 197), ('core/Solver.cc.xml', 'stmt', 193))"
2024-06-14 07:39:59,439	[INFO]	75      COMPILE_CODE_ERROR    None (--) [3 edit(s)]  
2024-06-14 07:39:59,439	[DEBUG]	patch(75)="SrcmlStmtReplacement(('core/Solver.cc.xml', 'stmt', 120), ('core/Solver.cc.xml', 'stmt', 325)) | SrcmlStmtInsertion(('core/Solver.cc.xml', '_inter_block', 32), ('core/Solver.cc.xml', 'stmt', 244)) | SrcmlStmtInsertion(('core/Solver.cc.xml', '_inter_block', 31), ('core/Solver.cc.xml', 'stmt', 58))"
2024-06-14 07:39:59,448	[INFO]	76      SUCCESS               58418396.000000 (68.91%) [1 edit(s)] [cached] 
2024-06-14 07:39:59,448	[DEBUG]	patch(76)="SrcmlStmtReplacement(('core/Solver.cc.xml', 'stmt', 120), ('core/Solver.cc.xml', 'stmt', 325))"
2024-06-14 07:39:59,712	[INFO]	77      COMPILE_CODE_ERROR    None (--) [3 edit(s)]  
2024-06-14 07:39:59,712	[DEBUG]	patch(77)="SrcmlStmtReplacement(('core/Solver.cc.xml', 'stmt', 120), ('core/Solver.cc.xml', 'stmt', 325)) | SrcmlStmtInsertion(('core/Solver.cc.xml', '_inter_block', 32), ('core/Solver.cc.xml', 'stmt', 244)) | SrcmlStmtInsertion(('core/Solver.cc.xml', '_inter_block', 304), ('core/Solver.cc.xml', 'stmt', 105))"
2024-06-14 07:40:01,202	[INFO]	78      TEST_CODE_ERROR       None (--) [3 edit(s)]  
2024-06-14 07:40:01,202	[DEBUG]	patch(78)="SrcmlStmtReplacement(('core/Solver.cc.xml', 'stmt', 120), ('core/Solver.cc.xml', 'stmt', 325)) | SrcmlStmtInsertion(('core/Solver.cc.xml', '_inter_block', 32), ('core/Solver.cc.xml', 'stmt', 244)) | SrcmlStmtReplacement(('core/Solver.cc.xml', 'stmt', 139), ('core/Solver.cc.xml', 'stmt', 99))"
2024-06-14 07:40:02,600	[INFO]	79      TEST_CODE_ERROR       None (--) [3 edit(s)]  
2024-06-14 07:40:02,600	[DEBUG]	patch(79)="SrcmlStmtReplacement(('core/Solver.cc.xml', 'stmt', 120), ('core/Solver.cc.xml', 'stmt', 325)) | SrcmlStmtInsertion(('core/Solver.cc.xml', '_inter_block', 32), ('core/Solver.cc.xml', 'stmt', 244)) | SrcmlStmtDeletion(('core/Solver.cc.xml', 'stmt', 158))"
2024-06-14 07:40:17,800	[DEBUG]	EXEC>  SUCCESS 82799918.0
2024-06-14 07:40:17,800	[INFO]	80      SUCCESS               82799918.000000 (97.67%) [1 edit(s)]  
2024-06-14 07:40:17,800	[DEBUG]	patch(80)="SrcmlStmtInsertion(('core/Solver.cc.xml', '_inter_block', 32), ('core/Solver.cc.xml', 'stmt', 244))"
2024-06-14 07:40:18,025	[INFO]	81      COMPILE_CODE_ERROR    None (--) [3 edit(s)]  
2024-06-14 07:40:18,026	[DEBUG]	patch(81)="SrcmlStmtReplacement(('core/Solver.cc.xml', 'stmt', 120), ('core/Solver.cc.xml', 'stmt', 325)) | SrcmlStmtInsertion(('core/Solver.cc.xml', '_inter_block', 32), ('core/Solver.cc.xml', 'stmt', 244)) | SrcmlStmtDeletion(('core/Solver.cc.xml', 'stmt', 390))"
2024-06-14 07:40:18,272	[INFO]	82      COMPILE_CODE_ERROR    None (--) [3 edit(s)]  
2024-06-14 07:40:18,272	[DEBUG]	patch(82)="SrcmlStmtReplacement(('core/Solver.cc.xml', 'stmt', 120), ('core/Solver.cc.xml', 'stmt', 325)) | SrcmlStmtInsertion(('core/Solver.cc.xml', '_inter_block', 32), ('core/Solver.cc.xml', 'stmt', 244)) | SrcmlStmtInsertion(('core/Solver.cc.xml', '_inter_block', 113), ('core/Solver.cc.xml', 'stmt', 239))"
2024-06-14 07:40:18,515	[INFO]	83      COMPILE_CODE_ERROR    None (--) [3 edit(s)]  
2024-06-14 07:40:18,515	[DEBUG]	patch(83)="SrcmlStmtReplacement(('core/Solver.cc.xml', 'stmt', 120), ('core/Solver.cc.xml', 'stmt', 325)) | SrcmlStmtInsertion(('core/Solver.cc.xml', '_inter_block', 32), ('core/Solver.cc.xml', 'stmt', 244)) | SrcmlStmtInsertion(('core/Solver.cc.xml', '_inter_block', 474), ('core/Solver.cc.xml', 'stmt', 380))"
2024-06-14 07:40:30,328	[DEBUG]	EXEC>  SUCCESS 58218806.0
2024-06-14 07:40:30,329	[INFO]	84      SUCCESS              *58218806.000000 (68.68%) [3 edit(s)]  
2024-06-14 07:40:30,329	[DEBUG]	patch(84)="SrcmlStmtReplacement(('core/Solver.cc.xml', 'stmt', 120), ('core/Solver.cc.xml', 'stmt', 325)) | SrcmlStmtInsertion(('core/Solver.cc.xml', '_inter_block', 32), ('core/Solver.cc.xml', 'stmt', 244)) | SrcmlStmtInsertion(('core/Solver.cc.xml', '_inter_block', 15), ('core/Solver.cc.xml', 'stmt', 332))"
--- before: core/Solver.cc
+++ after: core/Solver.cc
@@ -135,6 +135,7 @@
     if (!ok) /*auto*/{
       return false;
     }/*auto*/
+    int size, seq;
 
     // Check if clause is satisfied and remove false/duplicate literals:
     sort(ps);
@@ -155,6 +156,7 @@
     if (ps.size() == 0)
         /*auto*/{
             return ok = false;
+            checkGarbage();
         }/*auto*/
     else if (ps.size() == 1){
         uncheckedEnqueue(ps[0]);
@@ -353,10 +355,7 @@
     out_learnt.copyTo(analyze_toclear);
     if (ccmin_mode == 2){
         uint32_t abstract_level = 0;
-        for (i = 1; i < out_learnt.size(); i++)
-            /*auto*/{
-                abstract_level |= abstractLevel(var(out_learnt[i]));
-            }/*auto*/ // (maintain an abstraction of levels involved in conflict)
+        double  progress = 0; // (maintain an abstraction of levels involved in conflict)
 
         for (i = j = 1; i < out_learnt.size(); i++)
             /*auto*/{

2024-06-14 07:40:42,081	[DEBUG]	EXEC>  SUCCESS 58569222.0
2024-06-14 07:40:42,082	[INFO]	85      SUCCESS               58569222.000000 (69.09%) [4 edit(s)]  
2024-06-14 07:40:42,082	[DEBUG]	patch(85)="SrcmlStmtReplacement(('core/Solver.cc.xml', 'stmt', 120), ('core/Solver.cc.xml', 'stmt', 325)) | SrcmlStmtInsertion(('core/Solver.cc.xml', '_inter_block', 32), ('core/Solver.cc.xml', 'stmt', 244)) | SrcmlStmtInsertion(('core/Solver.cc.xml', '_inter_block', 15), ('core/Solver.cc.xml', 'stmt', 332)) | SrcmlStmtDeletion(('core/Solver.cc.xml', 'stmt', 266))"
2024-06-14 07:40:54,852	[DEBUG]	EXEC>  SUCCESS 65543195.0
2024-06-14 07:40:54,852	[INFO]	86      SUCCESS               65543195.000000 (77.32%) [4 edit(s)]  
2024-06-14 07:40:54,852	[DEBUG]	patch(86)="SrcmlStmtReplacement(('core/Solver.cc.xml', 'stmt', 120), ('core/Solver.cc.xml', 'stmt', 325)) | SrcmlStmtInsertion(('core/Solver.cc.xml', '_inter_block', 32), ('core/Solver.cc.xml', 'stmt', 244)) | SrcmlStmtInsertion(('core/Solver.cc.xml', '_inter_block', 15), ('core/Solver.cc.xml', 'stmt', 332)) | SrcmlStmtDeletion(('core/Solver.cc.xml', 'stmt', 304))"
2024-06-14 07:40:54,871	[INFO]	~~~~ END ~~~~
2024-06-14 07:40:54,871	[INFO]	
2024-06-14 07:40:54,871	[INFO]	==== REPORT ====
2024-06-14 07:40:54,871	[INFO]	Termination: time budget
2024-06-14 07:40:54,871	[INFO]	Retries: 1
2024-06-14 07:40:54,872	[INFO]	Log file: /home/jim/magpie/_magpie_logs/minisat_1718346503.log
2024-06-14 07:40:54,872	[INFO]	Patch file: _magpie_logs/minisat_1718346503.patch
2024-06-14 07:40:54,872	[INFO]	Diff file: _magpie_logs/minisat_1718346503.diff
2024-06-14 07:40:54,872	[INFO]	Reference fitness: 84771801.000000
2024-06-14 07:40:54,872	[INFO]	Best fitness: 58218806.000000
2024-06-14 07:40:54,872	[INFO]	
2024-06-14 07:40:54,873	[INFO]	==== BEST PATCH ====
SrcmlStmtReplacement(('core/Solver.cc.xml', 'stmt', 120), ('core/Solver.cc.xml', 'stmt', 325)) | SrcmlStmtInsertion(('core/Solver.cc.xml', '_inter_block', 32), ('core/Solver.cc.xml', 'stmt', 244)) | SrcmlStmtInsertion(('core/Solver.cc.xml', '_inter_block', 15), ('core/Solver.cc.xml', 'stmt', 332))
2024-06-14 07:40:54,874	[INFO]	
2024-06-14 07:40:54,874	[INFO]	==== DIFF ====
[1m--- before: core/Solver.cc[0m
[1m+++ after: core/Solver.cc[0m
[36m@@ -135,6 +135,7 @@[0m
     if (!ok) /*auto*/{
       return false;
     }/*auto*/
[32m+    int size, seq;[0m
 
     // Check if clause is satisfied and remove false/duplicate literals:
     sort(ps);
[36m@@ -155,6 +156,7 @@[0m
     if (ps.size() == 0)
         /*auto*/{
             return ok = false;
[32m+            checkGarbage();[0m
         }/*auto*/
     else if (ps.size() == 1){
         uncheckedEnqueue(ps[0]);
[36m@@ -353,10 +355,7 @@[0m
     out_learnt.copyTo(analyze_toclear);
     if (ccmin_mode == 2){
         uint32_t abstract_level = 0;
[31m-        for (i = 1; i < out_learnt.size(); i++)[0m
[31m-            /*auto*/{[0m
[31m-                abstract_level |= abstractLevel(var(out_learnt[i]));[0m
[31m-            }/*auto*/ // (maintain an abstraction of levels involved in conflict)[0m
[32m+        double  progress = 0; // (maintain an abstraction of levels involved in conflict)[0m
 
         for (i = j = 1; i < out_learnt.size(); i++)
             /*auto*/{

