2024-06-12 14:06:19,887	[DEBUG]	==== CONFIG ====
[magpie]
import = 
seed = 9123935118952694
log_dir = _magpie_logs
work_dir = _magpie_work
local_original_copy = True
local_original_name = __original__
output_encoding = ascii
edit_retries = 10
default_timeout = 30
default_lengthout = 1e6
diff_method = unified
trust_local_filesystem = True

[magpie.log]
color_output = True
format_info = {counter:<7} {status:<20} {best}{fitness} ({ratio}) [{size}] {cached} {log}
format_debug = patch({counter})="{patch}"{diffifbest}
format_fitness = {:.6f}
format_ratio = {:.2%%}
format_patchif = 
	 --> {patch}
format_diffif = 
	{diff}

[software]
path = examples/minisat
target_files = minisat_simplified.params
software = BasicSoftware
model_rules = 
	*.params : ParamFileConfigModel
	*.xml : SrcmlModel
	* : LineModel
model_config = 
	*.params : [paramconfig]
	*.xml : [srcml]
init_cmd = bash init.sh
init_timeout = 60
init_lengthout = -1
setup_cmd = bash compile.sh
setup_timeout = 
setup_lengthout = 
compile_cmd = 
compile_timeout = 
compile_lengthout = 
test_cmd = bash test.sh
test_timeout = 
test_lengthout = 
run_cmd = perf stat  bash run_fixed.sh
run_timeout = 
run_lengthout = 
retries = 3
batch_timeout = 
batch_lengthout = 
batch_bin_fitness_strategy = aggregate
batch_fitness_strategy = sum
fitness = perf_time

[srcml]
rename = 
	stmt: break continue decl_stmt do expr_stmt for goto if return switch while
	number: literal_number
focus = block stmt operator_comp operator_arith number
internodes = block
process_pseudo_blocks = True
process_literals = True
process_operators = True

[paramconfig]
timing = test run
cli_prefix = --
cli_glue = =
cli_boolean = show
cli_boolean_prefix_true = 
cli_boolean_prefix_false = no-
cli_none = hide
silent_prefix = @
silent_suffix = $

[search]
protocol = BasicProtocol
algorithm = FirstImprovement
possible_edits = ParamSetting
warmup = 3
warmup_strategy = last
max_steps = 1000
max_time = 600
target_fitness = 
cache_maxsize = 100
cache_keep = 0.2
batch_instances = 
batch_shuffle = True
batch_bin_shuffle = False
batch_sample_size = 1

[search.ls]
delete_prob = 0.5
max_neighbours = 
when_trapped = continue
accept_fail = False
tabu_length = 10

[search.gp]
pop_size = 10
delete_prob = 0.5
offspring_elitism = 0.1
offspring_crossover = 0.5
offspring_mutation = 0.4
uniform_rate = 0.5
batch_reset = True

[search.minify]
do_cleanup = True
do_rebuild = True
do_simplify = True
round_robin_limit = 3


2024-06-12 14:06:19,888	[DEBUG]	
2024-06-12 14:06:19,888	[INFO]	==== SEARCH: FirstImprovement ====
2024-06-12 14:06:19,888	[INFO]	~~~~ WARMUP ~~~~
2024-06-12 14:06:58,456	[DEBUG]	EXEC>  SUCCESS 11.60338289
2024-06-12 14:06:58,456	[INFO]	WARM    SUCCESS               11.603383 (--) [0 edit(s)]  
2024-06-12 14:07:33,619	[DEBUG]	EXEC>  SUCCESS 11.6366809
2024-06-12 14:07:33,619	[INFO]	WARM    SUCCESS               11.636681 (--) [0 edit(s)]  
2024-06-12 14:08:08,956	[DEBUG]	EXEC>  SUCCESS 11.708521046666666
2024-06-12 14:08:08,956	[INFO]	WARM    SUCCESS               11.708521 (--) [0 edit(s)]  
2024-06-12 14:08:08,956	[INFO]	REF     SUCCESS               11.708521 (--) [0 edit(s)]  
2024-06-12 14:08:08,956	[INFO]	
2024-06-12 14:08:08,956	[INFO]	~~~~ START ~~~~
2024-06-12 14:08:38,534	[DEBUG]	EXEC>  SUCCESS 9.79127414
2024-06-12 14:08:38,535	[INFO]	1       SUCCESS              *9.791274 (83.63%) [1 edit(s)]  
2024-06-12 14:08:38,535	[DEBUG]	patch(1)="ParamSetting(('minisat_simplified.params', 'param', 'phase-saving'), 0)"
--- before: minisat_simplified.params
+++ after: minisat_simplified.params
@@ -6,7 +6,7 @@
 cla-decay := 0.999
 rnd-freq := 0.0
 rnd-seed := 91648253
-phase-saving := 2
+phase-saving := 0
 ccmin-mode := 2
 rfirst := 100
 pre := 'True'

2024-06-12 14:08:38,536	[INFO]	2       SUCCESS               11.708521 (100.00%) [0 edit(s)] [cached] 
2024-06-12 14:08:38,536	[DEBUG]	patch(2)=""
2024-06-12 14:08:48,283	[DEBUG]	EXEC>  SUCCESS 3.166953233333333
2024-06-12 14:08:48,283	[INFO]	3       SUCCESS              *3.166953 (27.05%) [2 edit(s)]  
2024-06-12 14:08:48,283	[DEBUG]	patch(3)="ParamSetting(('minisat_simplified.params', 'param', 'phase-saving'), 0) | ParamSetting(('minisat_simplified.params', 'param', 'luby'), 'False')"
--- before: minisat_simplified.params
+++ after: minisat_simplified.params
@@ -1,4 +1,4 @@
-luby := 'True'
+luby := 'False'
 rnd-init := 'False'
 gc-frac := 0.2
 rinc := 2.0
@@ -6,7 +6,7 @@
 cla-decay := 0.999
 rnd-freq := 0.0
 rnd-seed := 91648253
-phase-saving := 2
+phase-saving := 0
 ccmin-mode := 2
 rfirst := 100
 pre := 'True'

2024-06-12 14:08:57,826	[DEBUG]	EXEC>  SUCCESS 3.130772953333333
2024-06-12 14:08:57,827	[INFO]	4       SUCCESS              *3.130773 (26.74%) [3 edit(s)]  
2024-06-12 14:08:57,827	[DEBUG]	patch(4)="ParamSetting(('minisat_simplified.params', 'param', 'phase-saving'), 0) | ParamSetting(('minisat_simplified.params', 'param', 'luby'), 'False') | ParamSetting(('minisat_simplified.params', 'param', 'ccmin-mode'), 1)"
--- before: minisat_simplified.params
+++ after: minisat_simplified.params
@@ -1,4 +1,4 @@
-luby := 'True'
+luby := 'False'
 rnd-init := 'False'
 gc-frac := 0.2
 rinc := 2.0
@@ -6,8 +6,8 @@
 cla-decay := 0.999
 rnd-freq := 0.0
 rnd-seed := 91648253
-phase-saving := 2
-ccmin-mode := 2
+phase-saving := 0
+ccmin-mode := 1
 rfirst := 100
 pre := 'True'
 verb := '1'

2024-06-12 14:09:06,860	[DEBUG]	EXEC>  SUCCESS 2.9354039266666665
2024-06-12 14:09:06,860	[INFO]	5       SUCCESS              *2.935404 (25.07%) [4 edit(s)]  
2024-06-12 14:09:06,860	[DEBUG]	patch(5)="ParamSetting(('minisat_simplified.params', 'param', 'phase-saving'), 0) | ParamSetting(('minisat_simplified.params', 'param', 'luby'), 'False') | ParamSetting(('minisat_simplified.params', 'param', 'ccmin-mode'), 1) | ParamSetting(('minisat_simplified.params', 'param', 'rnd-init'), 'True')"
--- before: minisat_simplified.params
+++ after: minisat_simplified.params
@@ -1,13 +1,13 @@
-luby := 'True'
-rnd-init := 'False'
+luby := 'False'
+rnd-init := 'True'
 gc-frac := 0.2
 rinc := 2.0
 var-decay := 0.95
 cla-decay := 0.999
 rnd-freq := 0.0
 rnd-seed := 91648253
-phase-saving := 2
-ccmin-mode := 2
+phase-saving := 0
+ccmin-mode := 1
 rfirst := 100
 pre := 'True'
 verb := '1'

2024-06-12 14:09:16,428	[DEBUG]	EXEC>  SUCCESS 3.1137448133333336
2024-06-12 14:09:16,428	[INFO]	6       SUCCESS               3.113745 (26.59%) [3 edit(s)]  
2024-06-12 14:09:16,428	[DEBUG]	patch(6)="ParamSetting(('minisat_simplified.params', 'param', 'phase-saving'), 0) | ParamSetting(('minisat_simplified.params', 'param', 'luby'), 'False') | ParamSetting(('minisat_simplified.params', 'param', 'rnd-init'), 'True')"
2024-06-12 14:09:25,517	[DEBUG]	EXEC>  SUCCESS 2.9617084766666664
2024-06-12 14:09:25,517	[INFO]	7       SUCCESS               2.961708 (25.30%) [5 edit(s)]  
2024-06-12 14:09:25,517	[DEBUG]	patch(7)="ParamSetting(('minisat_simplified.params', 'param', 'phase-saving'), 0) | ParamSetting(('minisat_simplified.params', 'param', 'luby'), 'False') | ParamSetting(('minisat_simplified.params', 'param', 'ccmin-mode'), 1) | ParamSetting(('minisat_simplified.params', 'param', 'rnd-init'), 'True') | ParamSetting(('minisat_simplified.params', 'param', 'gc-frac'), 7044.86212269869)"
2024-06-12 14:09:55,909	[DEBUG]	EXEC>  SUCCESS 10.07938749
2024-06-12 14:09:55,909	[INFO]	8       SUCCESS               10.079387 (86.09%) [3 edit(s)]  
2024-06-12 14:09:55,909	[DEBUG]	patch(8)="ParamSetting(('minisat_simplified.params', 'param', 'phase-saving'), 0) | ParamSetting(('minisat_simplified.params', 'param', 'ccmin-mode'), 1) | ParamSetting(('minisat_simplified.params', 'param', 'rnd-init'), 'True')"
2024-06-12 14:10:07,568	[DEBUG]	EXEC>  SUCCESS 3.8081418633333333
2024-06-12 14:10:07,569	[INFO]	9       SUCCESS               3.808142 (32.52%) [5 edit(s)]  
2024-06-12 14:10:07,569	[DEBUG]	patch(9)="ParamSetting(('minisat_simplified.params', 'param', 'phase-saving'), 0) | ParamSetting(('minisat_simplified.params', 'param', 'luby'), 'False') | ParamSetting(('minisat_simplified.params', 'param', 'ccmin-mode'), 1) | ParamSetting(('minisat_simplified.params', 'param', 'rnd-init'), 'True') | ParamSetting(('minisat_simplified.params', 'param', 'var-decay'), 0.872216960358236)"
2024-06-12 14:10:17,190	[DEBUG]	EXEC>  SUCCESS 3.1326102633333335
2024-06-12 14:10:17,190	[INFO]	10      SUCCESS               3.132610 (26.75%) [5 edit(s)]  
2024-06-12 14:10:17,190	[DEBUG]	patch(10)="ParamSetting(('minisat_simplified.params', 'param', 'phase-saving'), 0) | ParamSetting(('minisat_simplified.params', 'param', 'luby'), 'False') | ParamSetting(('minisat_simplified.params', 'param', 'ccmin-mode'), 1) | ParamSetting(('minisat_simplified.params', 'param', 'rnd-init'), 'True') | ParamSetting(('minisat_simplified.params', 'param', 'phase-saving'), 1)"
2024-06-12 14:10:17,191	[INFO]	11      SUCCESS              +2.935404 (25.07%) [5 edit(s)] [cached] 
2024-06-12 14:10:17,191	[DEBUG]	patch(11)="ParamSetting(('minisat_simplified.params', 'param', 'phase-saving'), 0) | ParamSetting(('minisat_simplified.params', 'param', 'luby'), 'False') | ParamSetting(('minisat_simplified.params', 'param', 'ccmin-mode'), 1) | ParamSetting(('minisat_simplified.params', 'param', 'rnd-init'), 'True') | ParamSetting(('minisat_simplified.params', 'param', 'pre'), 'True')"
2024-06-12 14:10:25,782	[DEBUG]	EXEC>  SUCCESS 2.7750205766666673
2024-06-12 14:10:25,782	[INFO]	12      SUCCESS              *2.775021 (23.70%) [6 edit(s)]  
2024-06-12 14:10:25,782	[DEBUG]	patch(12)="ParamSetting(('minisat_simplified.params', 'param', 'phase-saving'), 0) | ParamSetting(('minisat_simplified.params', 'param', 'luby'), 'False') | ParamSetting(('minisat_simplified.params', 'param', 'ccmin-mode'), 1) | ParamSetting(('minisat_simplified.params', 'param', 'rnd-init'), 'True') | ParamSetting(('minisat_simplified.params', 'param', 'pre'), 'True') | ParamSetting(('minisat_simplified.params', 'param', 'rcheck'), 'True')"
--- before: minisat_simplified.params
+++ after: minisat_simplified.params
@@ -1,17 +1,17 @@
-luby := 'True'
-rnd-init := 'False'
+luby := 'False'
+rnd-init := 'True'
 gc-frac := 0.2
 rinc := 2.0
 var-decay := 0.95
 cla-decay := 0.999
 rnd-freq := 0.0
 rnd-seed := 91648253
-phase-saving := 2
-ccmin-mode := 2
+phase-saving := 0
+ccmin-mode := 1
 rfirst := 100
 pre := 'True'
 verb := '1'
-rcheck := 'False'
+rcheck := 'True'
 asymm := 'False'
 elim := 'True'
 simp-gc-frac := 0.5

2024-06-12 14:10:48,407	[DEBUG]	EXEC>  SUCCESS 7.468306030000001
2024-06-12 14:10:48,407	[INFO]	13      SUCCESS               7.468306 (63.79%) [5 edit(s)]  
2024-06-12 14:10:48,407	[DEBUG]	patch(13)="ParamSetting(('minisat_simplified.params', 'param', 'phase-saving'), 0) | ParamSetting(('minisat_simplified.params', 'param', 'ccmin-mode'), 1) | ParamSetting(('minisat_simplified.params', 'param', 'rnd-init'), 'True') | ParamSetting(('minisat_simplified.params', 'param', 'pre'), 'True') | ParamSetting(('minisat_simplified.params', 'param', 'rcheck'), 'True')"
2024-06-12 14:10:48,408	[INFO]	14      SUCCESS              +2.775021 (23.70%) [5 edit(s)] [cached] 
2024-06-12 14:10:48,408	[DEBUG]	patch(14)="ParamSetting(('minisat_simplified.params', 'param', 'phase-saving'), 0) | ParamSetting(('minisat_simplified.params', 'param', 'luby'), 'False') | ParamSetting(('minisat_simplified.params', 'param', 'ccmin-mode'), 1) | ParamSetting(('minisat_simplified.params', 'param', 'rnd-init'), 'True') | ParamSetting(('minisat_simplified.params', 'param', 'rcheck'), 'True')"
2024-06-12 14:10:56,908	[DEBUG]	EXEC>  SUCCESS 2.7793603233333335
2024-06-12 14:10:56,908	[INFO]	15      SUCCESS               2.779360 (23.74%) [6 edit(s)]  
2024-06-12 14:10:56,908	[DEBUG]	patch(15)="ParamSetting(('minisat_simplified.params', 'param', 'phase-saving'), 0) | ParamSetting(('minisat_simplified.params', 'param', 'luby'), 'False') | ParamSetting(('minisat_simplified.params', 'param', 'ccmin-mode'), 1) | ParamSetting(('minisat_simplified.params', 'param', 'rnd-init'), 'True') | ParamSetting(('minisat_simplified.params', 'param', 'rcheck'), 'True') | ParamSetting(('minisat_simplified.params', 'param', 'gc-frac'), 243.4432771629957)"
2024-06-12 14:10:56,909	[INFO]	16      SUCCESS               2.935404 (25.07%) [4 edit(s)] [cached] 
2024-06-12 14:10:56,909	[DEBUG]	patch(16)="ParamSetting(('minisat_simplified.params', 'param', 'phase-saving'), 0) | ParamSetting(('minisat_simplified.params', 'param', 'luby'), 'False') | ParamSetting(('minisat_simplified.params', 'param', 'ccmin-mode'), 1) | ParamSetting(('minisat_simplified.params', 'param', 'rnd-init'), 'True')"
2024-06-12 14:10:56,910	[INFO]	17      SUCCESS               7.468306 (63.79%) [4 edit(s)] [cached] 
2024-06-12 14:10:56,910	[DEBUG]	patch(17)="ParamSetting(('minisat_simplified.params', 'param', 'phase-saving'), 0) | ParamSetting(('minisat_simplified.params', 'param', 'ccmin-mode'), 1) | ParamSetting(('minisat_simplified.params', 'param', 'rnd-init'), 'True') | ParamSetting(('minisat_simplified.params', 'param', 'rcheck'), 'True')"
2024-06-12 14:10:56,911	[INFO]	18      SUCCESS              +2.775021 (23.70%) [6 edit(s)] [cached] 
2024-06-12 14:10:56,911	[DEBUG]	patch(18)="ParamSetting(('minisat_simplified.params', 'param', 'phase-saving'), 0) | ParamSetting(('minisat_simplified.params', 'param', 'luby'), 'False') | ParamSetting(('minisat_simplified.params', 'param', 'ccmin-mode'), 1) | ParamSetting(('minisat_simplified.params', 'param', 'rnd-init'), 'True') | ParamSetting(('minisat_simplified.params', 'param', 'rcheck'), 'True') | ParamSetting(('minisat_simplified.params', 'param', 'pre'), 'True')"
2024-06-12 14:11:06,443	[DEBUG]	EXEC>  SUCCESS 3.1184223766666666
2024-06-12 14:11:06,443	[INFO]	19      SUCCESS               3.118422 (26.63%) [7 edit(s)]  
2024-06-12 14:11:06,443	[DEBUG]	patch(19)="ParamSetting(('minisat_simplified.params', 'param', 'phase-saving'), 0) | ParamSetting(('minisat_simplified.params', 'param', 'luby'), 'False') | ParamSetting(('minisat_simplified.params', 'param', 'ccmin-mode'), 1) | ParamSetting(('minisat_simplified.params', 'param', 'rnd-init'), 'True') | ParamSetting(('minisat_simplified.params', 'param', 'rcheck'), 'True') | ParamSetting(('minisat_simplified.params', 'param', 'pre'), 'True') | ParamSetting(('minisat_simplified.params', 'param', 'rnd-seed'), 1042597032)"
2024-06-12 14:11:16,286	[DEBUG]	EXEC>  SUCCESS 3.2081446933333333
2024-06-12 14:11:16,287	[INFO]	20      SUCCESS               3.208145 (27.40%) [7 edit(s)]  
2024-06-12 14:11:16,287	[DEBUG]	patch(20)="ParamSetting(('minisat_simplified.params', 'param', 'phase-saving'), 0) | ParamSetting(('minisat_simplified.params', 'param', 'luby'), 'False') | ParamSetting(('minisat_simplified.params', 'param', 'ccmin-mode'), 1) | ParamSetting(('minisat_simplified.params', 'param', 'rnd-init'), 'True') | ParamSetting(('minisat_simplified.params', 'param', 'rcheck'), 'True') | ParamSetting(('minisat_simplified.params', 'param', 'pre'), 'True') | ParamSetting(('minisat_simplified.params', 'param', 'grow'), -4266)"
2024-06-12 14:11:24,594	[DEBUG]	EXEC>  SUCCESS 2.7018592766666667
2024-06-12 14:11:24,594	[INFO]	21      SUCCESS              *2.701859 (23.08%) [5 edit(s)]  
2024-06-12 14:11:24,594	[DEBUG]	patch(21)="ParamSetting(('minisat_simplified.params', 'param', 'phase-saving'), 0) | ParamSetting(('minisat_simplified.params', 'param', 'luby'), 'False') | ParamSetting(('minisat_simplified.params', 'param', 'rnd-init'), 'True') | ParamSetting(('minisat_simplified.params', 'param', 'rcheck'), 'True') | ParamSetting(('minisat_simplified.params', 'param', 'pre'), 'True')"
--- before: minisat_simplified.params
+++ after: minisat_simplified.params
@@ -1,17 +1,17 @@
-luby := 'True'
-rnd-init := 'False'
+luby := 'False'
+rnd-init := 'True'
 gc-frac := 0.2
 rinc := 2.0
 var-decay := 0.95
 cla-decay := 0.999
 rnd-freq := 0.0
 rnd-seed := 91648253
-phase-saving := 2
+phase-saving := 0
 ccmin-mode := 2
 rfirst := 100
 pre := 'True'
 verb := '1'
-rcheck := 'False'
+rcheck := 'True'
 asymm := 'False'
 elim := 'True'
 simp-gc-frac := 0.5

2024-06-12 14:11:32,830	[DEBUG]	EXEC>  SUCCESS 2.6557009033333334
2024-06-12 14:11:32,831	[INFO]	22      SUCCESS              *2.655701 (22.68%) [6 edit(s)]  
2024-06-12 14:11:32,831	[DEBUG]	patch(22)="ParamSetting(('minisat_simplified.params', 'param', 'phase-saving'), 0) | ParamSetting(('minisat_simplified.params', 'param', 'luby'), 'False') | ParamSetting(('minisat_simplified.params', 'param', 'rnd-init'), 'True') | ParamSetting(('minisat_simplified.params', 'param', 'rcheck'), 'True') | ParamSetting(('minisat_simplified.params', 'param', 'pre'), 'True') | ParamSetting(('minisat_simplified.params', 'param', 'sub-lim'), 18127)"
--- before: minisat_simplified.params
+++ after: minisat_simplified.params
@@ -1,20 +1,20 @@
-luby := 'True'
-rnd-init := 'False'
+luby := 'False'
+rnd-init := 'True'
 gc-frac := 0.2
 rinc := 2.0
 var-decay := 0.95
 cla-decay := 0.999
 rnd-freq := 0.0
 rnd-seed := 91648253
-phase-saving := 2
+phase-saving := 0
 ccmin-mode := 2
 rfirst := 100
 pre := 'True'
 verb := '1'
-rcheck := 'False'
+rcheck := 'True'
 asymm := 'False'
 elim := 'True'
 simp-gc-frac := 0.5
-sub-lim := 1000
+sub-lim := 18127
 cl-lim := 20
 grow := 0

2024-06-12 14:11:32,832	[INFO]	23      SUCCESS              +2.655701 (22.68%) [5 edit(s)] [cached] 
2024-06-12 14:11:32,832	[DEBUG]	patch(23)="ParamSetting(('minisat_simplified.params', 'param', 'phase-saving'), 0) | ParamSetting(('minisat_simplified.params', 'param', 'luby'), 'False') | ParamSetting(('minisat_simplified.params', 'param', 'rnd-init'), 'True') | ParamSetting(('minisat_simplified.params', 'param', 'rcheck'), 'True') | ParamSetting(('minisat_simplified.params', 'param', 'sub-lim'), 18127)"
2024-06-12 14:11:42,545	[DEBUG]	EXEC>  SUCCESS 3.16537675
2024-06-12 14:11:42,545	[INFO]	24      SUCCESS               3.165377 (27.03%) [4 edit(s)]  
2024-06-12 14:11:42,545	[DEBUG]	patch(24)="ParamSetting(('minisat_simplified.params', 'param', 'phase-saving'), 0) | ParamSetting(('minisat_simplified.params', 'param', 'luby'), 'False') | ParamSetting(('minisat_simplified.params', 'param', 'rnd-init'), 'True') | ParamSetting(('minisat_simplified.params', 'param', 'sub-lim'), 18127)"
2024-06-12 14:11:52,499	[DEBUG]	EXEC>  SUCCESS 3.24021697
2024-06-12 14:11:52,499	[INFO]	25      SUCCESS               3.240217 (27.67%) [6 edit(s)]  
2024-06-12 14:11:52,499	[DEBUG]	patch(25)="ParamSetting(('minisat_simplified.params', 'param', 'phase-saving'), 0) | ParamSetting(('minisat_simplified.params', 'param', 'luby'), 'False') | ParamSetting(('minisat_simplified.params', 'param', 'rnd-init'), 'True') | ParamSetting(('minisat_simplified.params', 'param', 'rcheck'), 'True') | ParamSetting(('minisat_simplified.params', 'param', 'sub-lim'), 18127) | ParamSetting(('minisat_simplified.params', 'param', 'rnd-seed'), 632296907)"
2024-06-12 14:12:00,509	[DEBUG]	EXEC>  SUCCESS 2.6077261533333336
2024-06-12 14:12:00,509	[INFO]	26      SUCCESS              *2.607726 (22.27%) [6 edit(s)]  
2024-06-12 14:12:00,510	[DEBUG]	patch(26)="ParamSetting(('minisat_simplified.params', 'param', 'phase-saving'), 0) | ParamSetting(('minisat_simplified.params', 'param', 'luby'), 'False') | ParamSetting(('minisat_simplified.params', 'param', 'rnd-init'), 'True') | ParamSetting(('minisat_simplified.params', 'param', 'rcheck'), 'True') | ParamSetting(('minisat_simplified.params', 'param', 'sub-lim'), 18127) | ParamSetting(('minisat_simplified.params', 'param', 'grow'), -4139)"
--- before: minisat_simplified.params
+++ after: minisat_simplified.params
@@ -1,20 +1,20 @@
-luby := 'True'
-rnd-init := 'False'
+luby := 'False'
+rnd-init := 'True'
 gc-frac := 0.2
 rinc := 2.0
 var-decay := 0.95
 cla-decay := 0.999
 rnd-freq := 0.0
 rnd-seed := 91648253
-phase-saving := 2
+phase-saving := 0
 ccmin-mode := 2
 rfirst := 100
 pre := 'True'
 verb := '1'
-rcheck := 'False'
+rcheck := 'True'
 asymm := 'False'
 elim := 'True'
 simp-gc-frac := 0.5
-sub-lim := 1000
+sub-lim := 18127
 cl-lim := 20
-grow := 0
+grow := -4139

2024-06-12 14:12:10,040	[DEBUG]	EXEC>  SUCCESS 3.1194434233333332
2024-06-12 14:12:10,041	[INFO]	27      SUCCESS               3.119443 (26.64%) [7 edit(s)]  
2024-06-12 14:12:10,041	[DEBUG]	patch(27)="ParamSetting(('minisat_simplified.params', 'param', 'phase-saving'), 0) | ParamSetting(('minisat_simplified.params', 'param', 'luby'), 'False') | ParamSetting(('minisat_simplified.params', 'param', 'rnd-init'), 'True') | ParamSetting(('minisat_simplified.params', 'param', 'rcheck'), 'True') | ParamSetting(('minisat_simplified.params', 'param', 'sub-lim'), 18127) | ParamSetting(('minisat_simplified.params', 'param', 'grow'), -4139) | ParamSetting(('minisat_simplified.params', 'param', 'rfirst'), 4263)"
2024-06-12 14:12:17,911	[DEBUG]	EXEC>  SUCCESS 2.57316372
2024-06-12 14:12:17,911	[INFO]	28      SUCCESS              *2.573164 (21.98%) [7 edit(s)]  
2024-06-12 14:12:17,912	[DEBUG]	patch(28)="ParamSetting(('minisat_simplified.params', 'param', 'phase-saving'), 0) | ParamSetting(('minisat_simplified.params', 'param', 'luby'), 'False') | ParamSetting(('minisat_simplified.params', 'param', 'rnd-init'), 'True') | ParamSetting(('minisat_simplified.params', 'param', 'rcheck'), 'True') | ParamSetting(('minisat_simplified.params', 'param', 'sub-lim'), 18127) | ParamSetting(('minisat_simplified.params', 'param', 'grow'), -4139) | ParamSetting(('minisat_simplified.params', 'param', 'simp-gc-frac'), 355755709.6698683)"
--- before: minisat_simplified.params
+++ after: minisat_simplified.params
@@ -1,20 +1,20 @@
-luby := 'True'
-rnd-init := 'False'
+luby := 'False'
+rnd-init := 'True'
 gc-frac := 0.2
 rinc := 2.0
 var-decay := 0.95
 cla-decay := 0.999
 rnd-freq := 0.0
 rnd-seed := 91648253
-phase-saving := 2
+phase-saving := 0
 ccmin-mode := 2
 rfirst := 100
 pre := 'True'
 verb := '1'
-rcheck := 'False'
+rcheck := 'True'
 asymm := 'False'
 elim := 'True'
-simp-gc-frac := 0.5
-sub-lim := 1000
+simp-gc-frac := 355755709.6698683
+sub-lim := 18127
 cl-lim := 20
-grow := 0
+grow := -4139

2024-06-12 14:12:17,913	[INFO]	29      SUCCESS              +2.573164 (21.98%) [8 edit(s)] [cached] 
2024-06-12 14:12:17,913	[DEBUG]	patch(29)="ParamSetting(('minisat_simplified.params', 'param', 'phase-saving'), 0) | ParamSetting(('minisat_simplified.params', 'param', 'luby'), 'False') | ParamSetting(('minisat_simplified.params', 'param', 'rnd-init'), 'True') | ParamSetting(('minisat_simplified.params', 'param', 'rcheck'), 'True') | ParamSetting(('minisat_simplified.params', 'param', 'sub-lim'), 18127) | ParamSetting(('minisat_simplified.params', 'param', 'grow'), -4139) | ParamSetting(('minisat_simplified.params', 'param', 'simp-gc-frac'), 355755709.6698683) | ParamSetting(('minisat_simplified.params', 'param', 'elim'), 'True')"
2024-06-12 14:12:26,470	[DEBUG]	EXEC>  SUCCESS 2.779079563333333
2024-06-12 14:12:26,470	[INFO]	30      SUCCESS               2.779080 (23.74%) [7 edit(s)]  
2024-06-12 14:12:26,471	[DEBUG]	patch(30)="ParamSetting(('minisat_simplified.params', 'param', 'phase-saving'), 0) | ParamSetting(('minisat_simplified.params', 'param', 'luby'), 'False') | ParamSetting(('minisat_simplified.params', 'param', 'rcheck'), 'True') | ParamSetting(('minisat_simplified.params', 'param', 'sub-lim'), 18127) | ParamSetting(('minisat_simplified.params', 'param', 'grow'), -4139) | ParamSetting(('minisat_simplified.params', 'param', 'simp-gc-frac'), 355755709.6698683) | ParamSetting(('minisat_simplified.params', 'param', 'elim'), 'True')"
2024-06-12 14:12:34,789	[DEBUG]	EXEC>  SUCCESS 2.6891534033333335
2024-06-12 14:12:34,790	[INFO]	31      SUCCESS               2.689153 (22.97%) [7 edit(s)]  
2024-06-12 14:12:34,790	[DEBUG]	patch(31)="ParamSetting(('minisat_simplified.params', 'param', 'phase-saving'), 0) | ParamSetting(('minisat_simplified.params', 'param', 'luby'), 'False') | ParamSetting(('minisat_simplified.params', 'param', 'rnd-init'), 'True') | ParamSetting(('minisat_simplified.params', 'param', 'rcheck'), 'True') | ParamSetting(('minisat_simplified.params', 'param', 'sub-lim'), 18127) | ParamSetting(('minisat_simplified.params', 'param', 'simp-gc-frac'), 355755709.6698683) | ParamSetting(('minisat_simplified.params', 'param', 'elim'), 'True')"
2024-06-12 14:12:40,982	[DEBUG]	EXEC>  SUCCESS 1.99453971
2024-06-12 14:12:40,982	[INFO]	32      SUCCESS              *1.994540 (17.03%) [9 edit(s)]  
2024-06-12 14:12:40,982	[DEBUG]	patch(32)="ParamSetting(('minisat_simplified.params', 'param', 'phase-saving'), 0) | ParamSetting(('minisat_simplified.params', 'param', 'luby'), 'False') | ParamSetting(('minisat_simplified.params', 'param', 'rnd-init'), 'True') | ParamSetting(('minisat_simplified.params', 'param', 'rcheck'), 'True') | ParamSetting(('minisat_simplified.params', 'param', 'sub-lim'), 18127) | ParamSetting(('minisat_simplified.params', 'param', 'grow'), -4139) | ParamSetting(('minisat_simplified.params', 'param', 'simp-gc-frac'), 355755709.6698683) | ParamSetting(('minisat_simplified.params', 'param', 'elim'), 'True') | ParamSetting(('minisat_simplified.params', 'param', 'rinc'), 9871.664746526643)"
--- before: minisat_simplified.params
+++ after: minisat_simplified.params
@@ -1,20 +1,20 @@
-luby := 'True'
-rnd-init := 'False'
+luby := 'False'
+rnd-init := 'True'
 gc-frac := 0.2
-rinc := 2.0
+rinc := 9871.664746526643
 var-decay := 0.95
 cla-decay := 0.999
 rnd-freq := 0.0
 rnd-seed := 91648253
-phase-saving := 2
+phase-saving := 0
 ccmin-mode := 2
 rfirst := 100
 pre := 'True'
 verb := '1'
-rcheck := 'False'
+rcheck := 'True'
 asymm := 'False'
 elim := 'True'
-simp-gc-frac := 0.5
-sub-lim := 1000
+simp-gc-frac := 355755709.6698683
+sub-lim := 18127
 cl-lim := 20
-grow := 0
+grow := -4139

2024-06-12 14:12:47,774	[DEBUG]	EXEC>  SUCCESS 2.1992437033333334
2024-06-12 14:12:47,774	[INFO]	33      SUCCESS               2.199244 (18.78%) [10 edit(s)]  
2024-06-12 14:12:47,774	[DEBUG]	patch(33)="ParamSetting(('minisat_simplified.params', 'param', 'phase-saving'), 0) | ParamSetting(('minisat_simplified.params', 'param', 'luby'), 'False') | ParamSetting(('minisat_simplified.params', 'param', 'rnd-init'), 'True') | ParamSetting(('minisat_simplified.params', 'param', 'rcheck'), 'True') | ParamSetting(('minisat_simplified.params', 'param', 'sub-lim'), 18127) | ParamSetting(('minisat_simplified.params', 'param', 'grow'), -4139) | ParamSetting(('minisat_simplified.params', 'param', 'simp-gc-frac'), 355755709.6698683) | ParamSetting(('minisat_simplified.params', 'param', 'elim'), 'True') | ParamSetting(('minisat_simplified.params', 'param', 'rinc'), 9871.664746526643) | ParamSetting(('minisat_simplified.params', 'param', 'cla-decay'), 0.2457323153545825)"
2024-06-12 14:12:56,790	[DEBUG]	EXEC>  SUCCESS 2.9318183700000002
2024-06-12 14:12:56,791	[INFO]	34      SUCCESS               2.931818 (25.04%) [10 edit(s)]  
2024-06-12 14:12:56,791	[DEBUG]	patch(34)="ParamSetting(('minisat_simplified.params', 'param', 'phase-saving'), 0) | ParamSetting(('minisat_simplified.params', 'param', 'luby'), 'False') | ParamSetting(('minisat_simplified.params', 'param', 'rnd-init'), 'True') | ParamSetting(('minisat_simplified.params', 'param', 'rcheck'), 'True') | ParamSetting(('minisat_simplified.params', 'param', 'sub-lim'), 18127) | ParamSetting(('minisat_simplified.params', 'param', 'grow'), -4139) | ParamSetting(('minisat_simplified.params', 'param', 'simp-gc-frac'), 355755709.6698683) | ParamSetting(('minisat_simplified.params', 'param', 'elim'), 'True') | ParamSetting(('minisat_simplified.params', 'param', 'rinc'), 9871.664746526643) | ParamSetting(('minisat_simplified.params', 'param', 'rnd-init'), 'False')"
2024-06-12 14:12:56,792	[INFO]	35      SUCCESS              +1.994540 (17.03%) [8 edit(s)] [cached] 
2024-06-12 14:12:56,792	[DEBUG]	patch(35)="ParamSetting(('minisat_simplified.params', 'param', 'phase-saving'), 0) | ParamSetting(('minisat_simplified.params', 'param', 'luby'), 'False') | ParamSetting(('minisat_simplified.params', 'param', 'rnd-init'), 'True') | ParamSetting(('minisat_simplified.params', 'param', 'rcheck'), 'True') | ParamSetting(('minisat_simplified.params', 'param', 'sub-lim'), 18127) | ParamSetting(('minisat_simplified.params', 'param', 'grow'), -4139) | ParamSetting(('minisat_simplified.params', 'param', 'simp-gc-frac'), 355755709.6698683) | ParamSetting(('minisat_simplified.params', 'param', 'rinc'), 9871.664746526643)"
2024-06-12 14:13:04,479	[DEBUG]	EXEC>  SUCCESS 2.4926103733333336
2024-06-12 14:13:04,479	[INFO]	36      SUCCESS               2.492610 (21.29%) [7 edit(s)]  
2024-06-12 14:13:04,479	[DEBUG]	patch(36)="ParamSetting(('minisat_simplified.params', 'param', 'phase-saving'), 0) | ParamSetting(('minisat_simplified.params', 'param', 'luby'), 'False') | ParamSetting(('minisat_simplified.params', 'param', 'rnd-init'), 'True') | ParamSetting(('minisat_simplified.params', 'param', 'sub-lim'), 18127) | ParamSetting(('minisat_simplified.params', 'param', 'grow'), -4139) | ParamSetting(('minisat_simplified.params', 'param', 'simp-gc-frac'), 355755709.6698683) | ParamSetting(('minisat_simplified.params', 'param', 'rinc'), 9871.664746526643)"
2024-06-12 14:13:12,398	[DEBUG]	EXEC>  SUCCESS 2.5872666466666665
2024-06-12 14:13:12,399	[INFO]	37      SUCCESS               2.587267 (22.10%) [7 edit(s)]  
2024-06-12 14:13:12,399	[DEBUG]	patch(37)="ParamSetting(('minisat_simplified.params', 'param', 'phase-saving'), 0) | ParamSetting(('minisat_simplified.params', 'param', 'rnd-init'), 'True') | ParamSetting(('minisat_simplified.params', 'param', 'rcheck'), 'True') | ParamSetting(('minisat_simplified.params', 'param', 'sub-lim'), 18127) | ParamSetting(('minisat_simplified.params', 'param', 'grow'), -4139) | ParamSetting(('minisat_simplified.params', 'param', 'simp-gc-frac'), 355755709.6698683) | ParamSetting(('minisat_simplified.params', 'param', 'rinc'), 9871.664746526643)"
2024-06-12 14:13:12,400	[INFO]	38      SUCCESS               2.492610 (21.29%) [9 edit(s)] [cached] 
2024-06-12 14:13:12,400	[DEBUG]	patch(38)="ParamSetting(('minisat_simplified.params', 'param', 'phase-saving'), 0) | ParamSetting(('minisat_simplified.params', 'param', 'luby'), 'False') | ParamSetting(('minisat_simplified.params', 'param', 'rnd-init'), 'True') | ParamSetting(('minisat_simplified.params', 'param', 'rcheck'), 'True') | ParamSetting(('minisat_simplified.params', 'param', 'sub-lim'), 18127) | ParamSetting(('minisat_simplified.params', 'param', 'grow'), -4139) | ParamSetting(('minisat_simplified.params', 'param', 'simp-gc-frac'), 355755709.6698683) | ParamSetting(('minisat_simplified.params', 'param', 'rinc'), 9871.664746526643) | ParamSetting(('minisat_simplified.params', 'param', 'rcheck'), 'False')"
2024-06-12 14:13:18,498	[DEBUG]	EXEC>  SUCCESS 1.9485702033333332
2024-06-12 14:13:18,498	[INFO]	39      SUCCESS              *1.948570 (16.64%) [9 edit(s)]  
2024-06-12 14:13:18,498	[DEBUG]	patch(39)="ParamSetting(('minisat_simplified.params', 'param', 'phase-saving'), 0) | ParamSetting(('minisat_simplified.params', 'param', 'luby'), 'False') | ParamSetting(('minisat_simplified.params', 'param', 'rnd-init'), 'True') | ParamSetting(('minisat_simplified.params', 'param', 'rcheck'), 'True') | ParamSetting(('minisat_simplified.params', 'param', 'sub-lim'), 18127) | ParamSetting(('minisat_simplified.params', 'param', 'grow'), -4139) | ParamSetting(('minisat_simplified.params', 'param', 'simp-gc-frac'), 355755709.6698683) | ParamSetting(('minisat_simplified.params', 'param', 'rinc'), 9871.664746526643) | ParamSetting(('minisat_simplified.params', 'param', 'verb'), '0')"
--- before: minisat_simplified.params
+++ after: minisat_simplified.params
@@ -1,20 +1,20 @@
-luby := 'True'
-rnd-init := 'False'
+luby := 'False'
+rnd-init := 'True'
 gc-frac := 0.2
-rinc := 2.0
+rinc := 9871.664746526643
 var-decay := 0.95
 cla-decay := 0.999
 rnd-freq := 0.0
 rnd-seed := 91648253
-phase-saving := 2
+phase-saving := 0
 ccmin-mode := 2
 rfirst := 100
 pre := 'True'
-verb := '1'
-rcheck := 'False'
+verb := '0'
+rcheck := 'True'
 asymm := 'False'
 elim := 'True'
-simp-gc-frac := 0.5
-sub-lim := 1000
+simp-gc-frac := 355755709.6698683
+sub-lim := 18127
 cl-lim := 20
-grow := 0
+grow := -4139

2024-06-12 14:13:52,560	[DEBUG]	EXEC>  TIMEOUT None
2024-06-12 14:13:52,560	[INFO]	40      RUN_TIMEOUT           None (--) [10 edit(s)]  
2024-06-12 14:13:52,560	[DEBUG]	patch(40)="ParamSetting(('minisat_simplified.params', 'param', 'phase-saving'), 0) | ParamSetting(('minisat_simplified.params', 'param', 'luby'), 'False') | ParamSetting(('minisat_simplified.params', 'param', 'rnd-init'), 'True') | ParamSetting(('minisat_simplified.params', 'param', 'rcheck'), 'True') | ParamSetting(('minisat_simplified.params', 'param', 'sub-lim'), 18127) | ParamSetting(('minisat_simplified.params', 'param', 'grow'), -4139) | ParamSetting(('minisat_simplified.params', 'param', 'simp-gc-frac'), 355755709.6698683) | ParamSetting(('minisat_simplified.params', 'param', 'rinc'), 9871.664746526643) | ParamSetting(('minisat_simplified.params', 'param', 'verb'), '0') | ParamSetting(('minisat_simplified.params', 'param', 'grow'), 15071)"
2024-06-12 14:13:52,561	[INFO]	41      SUCCESS               1.994540 (17.03%) [8 edit(s)] [cached] 
2024-06-12 14:13:52,561	[DEBUG]	patch(41)="ParamSetting(('minisat_simplified.params', 'param', 'phase-saving'), 0) | ParamSetting(('minisat_simplified.params', 'param', 'luby'), 'False') | ParamSetting(('minisat_simplified.params', 'param', 'rnd-init'), 'True') | ParamSetting(('minisat_simplified.params', 'param', 'rcheck'), 'True') | ParamSetting(('minisat_simplified.params', 'param', 'sub-lim'), 18127) | ParamSetting(('minisat_simplified.params', 'param', 'grow'), -4139) | ParamSetting(('minisat_simplified.params', 'param', 'simp-gc-frac'), 355755709.6698683) | ParamSetting(('minisat_simplified.params', 'param', 'rinc'), 9871.664746526643)"
2024-06-12 14:14:00,392	[DEBUG]	EXEC>  SUCCESS 2.51961597
2024-06-12 14:14:00,393	[INFO]	42      SUCCESS               2.519616 (21.52%) [10 edit(s)]  
2024-06-12 14:14:00,393	[DEBUG]	patch(42)="ParamSetting(('minisat_simplified.params', 'param', 'phase-saving'), 0) | ParamSetting(('minisat_simplified.params', 'param', 'luby'), 'False') | ParamSetting(('minisat_simplified.params', 'param', 'rnd-init'), 'True') | ParamSetting(('minisat_simplified.params', 'param', 'rcheck'), 'True') | ParamSetting(('minisat_simplified.params', 'param', 'sub-lim'), 18127) | ParamSetting(('minisat_simplified.params', 'param', 'grow'), -4139) | ParamSetting(('minisat_simplified.params', 'param', 'simp-gc-frac'), 355755709.6698683) | ParamSetting(('minisat_simplified.params', 'param', 'rinc'), 9871.664746526643) | ParamSetting(('minisat_simplified.params', 'param', 'verb'), '0') | ParamSetting(('minisat_simplified.params', 'param', 'rcheck'), 'False')"
2024-06-12 14:14:09,456	[DEBUG]	EXEC>  SUCCESS 2.9466733266666663
2024-06-12 14:14:09,456	[INFO]	43      SUCCESS               2.946673 (25.17%) [8 edit(s)]  
2024-06-12 14:14:09,456	[DEBUG]	patch(43)="ParamSetting(('minisat_simplified.params', 'param', 'luby'), 'False') | ParamSetting(('minisat_simplified.params', 'param', 'rnd-init'), 'True') | ParamSetting(('minisat_simplified.params', 'param', 'rcheck'), 'True') | ParamSetting(('minisat_simplified.params', 'param', 'sub-lim'), 18127) | ParamSetting(('minisat_simplified.params', 'param', 'grow'), -4139) | ParamSetting(('minisat_simplified.params', 'param', 'simp-gc-frac'), 355755709.6698683) | ParamSetting(('minisat_simplified.params', 'param', 'rinc'), 9871.664746526643) | ParamSetting(('minisat_simplified.params', 'param', 'verb'), '0')"
2024-06-12 14:14:17,284	[DEBUG]	EXEC>  SUCCESS 2.56059933
2024-06-12 14:14:17,284	[INFO]	44      SUCCESS               2.560599 (21.87%) [8 edit(s)]  
2024-06-12 14:14:17,284	[DEBUG]	patch(44)="ParamSetting(('minisat_simplified.params', 'param', 'phase-saving'), 0) | ParamSetting(('minisat_simplified.params', 'param', 'luby'), 'False') | ParamSetting(('minisat_simplified.params', 'param', 'rnd-init'), 'True') | ParamSetting(('minisat_simplified.params', 'param', 'rcheck'), 'True') | ParamSetting(('minisat_simplified.params', 'param', 'sub-lim'), 18127) | ParamSetting(('minisat_simplified.params', 'param', 'grow'), -4139) | ParamSetting(('minisat_simplified.params', 'param', 'simp-gc-frac'), 355755709.6698683) | ParamSetting(('minisat_simplified.params', 'param', 'verb'), '0')"
2024-06-12 14:14:26,173	[DEBUG]	EXEC>  SUCCESS 2.9101765366666665
2024-06-12 14:14:26,174	[INFO]	45      SUCCESS               2.910177 (24.86%) [8 edit(s)]  
2024-06-12 14:14:26,174	[DEBUG]	patch(45)="ParamSetting(('minisat_simplified.params', 'param', 'phase-saving'), 0) | ParamSetting(('minisat_simplified.params', 'param', 'luby'), 'False') | ParamSetting(('minisat_simplified.params', 'param', 'rcheck'), 'True') | ParamSetting(('minisat_simplified.params', 'param', 'sub-lim'), 18127) | ParamSetting(('minisat_simplified.params', 'param', 'grow'), -4139) | ParamSetting(('minisat_simplified.params', 'param', 'simp-gc-frac'), 355755709.6698683) | ParamSetting(('minisat_simplified.params', 'param', 'rinc'), 9871.664746526643) | ParamSetting(('minisat_simplified.params', 'param', 'verb'), '0')"
2024-06-12 14:14:35,269	[DEBUG]	EXEC>  SUCCESS 2.975745116666667
2024-06-12 14:14:35,270	[INFO]	46      SUCCESS               2.975745 (25.42%) [10 edit(s)]  
2024-06-12 14:14:35,270	[DEBUG]	patch(46)="ParamSetting(('minisat_simplified.params', 'param', 'phase-saving'), 0) | ParamSetting(('minisat_simplified.params', 'param', 'luby'), 'False') | ParamSetting(('minisat_simplified.params', 'param', 'rnd-init'), 'True') | ParamSetting(('minisat_simplified.params', 'param', 'rcheck'), 'True') | ParamSetting(('minisat_simplified.params', 'param', 'sub-lim'), 18127) | ParamSetting(('minisat_simplified.params', 'param', 'grow'), -4139) | ParamSetting(('minisat_simplified.params', 'param', 'simp-gc-frac'), 355755709.6698683) | ParamSetting(('minisat_simplified.params', 'param', 'rinc'), 9871.664746526643) | ParamSetting(('minisat_simplified.params', 'param', 'verb'), '0') | ParamSetting(('minisat_simplified.params', 'param', 'ccmin-mode'), 0)"
2024-06-12 14:14:41,011	[DEBUG]	EXEC>  SUCCESS 1.84184911
2024-06-12 14:14:41,011	[INFO]	47      SUCCESS              *1.841849 (15.73%) [10 edit(s)]  
2024-06-12 14:14:41,011	[DEBUG]	patch(47)="ParamSetting(('minisat_simplified.params', 'param', 'phase-saving'), 0) | ParamSetting(('minisat_simplified.params', 'param', 'luby'), 'False') | ParamSetting(('minisat_simplified.params', 'param', 'rnd-init'), 'True') | ParamSetting(('minisat_simplified.params', 'param', 'rcheck'), 'True') | ParamSetting(('minisat_simplified.params', 'param', 'sub-lim'), 18127) | ParamSetting(('minisat_simplified.params', 'param', 'grow'), -4139) | ParamSetting(('minisat_simplified.params', 'param', 'simp-gc-frac'), 355755709.6698683) | ParamSetting(('minisat_simplified.params', 'param', 'rinc'), 9871.664746526643) | ParamSetting(('minisat_simplified.params', 'param', 'verb'), '0') | ParamSetting(('minisat_simplified.params', 'param', 'pre'), 'False')"
--- before: minisat_simplified.params
+++ after: minisat_simplified.params
@@ -1,20 +1,20 @@
-luby := 'True'
-rnd-init := 'False'
+luby := 'False'
+rnd-init := 'True'
 gc-frac := 0.2
-rinc := 2.0
+rinc := 9871.664746526643
 var-decay := 0.95
 cla-decay := 0.999
 rnd-freq := 0.0
 rnd-seed := 91648253
-phase-saving := 2
+phase-saving := 0
 ccmin-mode := 2
 rfirst := 100
-pre := 'True'
-verb := '1'
-rcheck := 'False'
+pre := 'False'
+verb := '0'
+rcheck := 'True'
 asymm := 'False'
 elim := 'True'
-simp-gc-frac := 0.5
-sub-lim := 1000
+simp-gc-frac := 355755709.6698683
+sub-lim := 18127
 cl-lim := 20
-grow := 0
+grow := -4139

2024-06-12 14:14:46,768	[DEBUG]	EXEC>  SUCCESS 1.8629860066666666
2024-06-12 14:14:46,768	[INFO]	48      SUCCESS               1.862986 (15.91%) [11 edit(s)]  
2024-06-12 14:14:46,768	[DEBUG]	patch(48)="ParamSetting(('minisat_simplified.params', 'param', 'phase-saving'), 0) | ParamSetting(('minisat_simplified.params', 'param', 'luby'), 'False') | ParamSetting(('minisat_simplified.params', 'param', 'rnd-init'), 'True') | ParamSetting(('minisat_simplified.params', 'param', 'rcheck'), 'True') | ParamSetting(('minisat_simplified.params', 'param', 'sub-lim'), 18127) | ParamSetting(('minisat_simplified.params', 'param', 'grow'), -4139) | ParamSetting(('minisat_simplified.params', 'param', 'simp-gc-frac'), 355755709.6698683) | ParamSetting(('minisat_simplified.params', 'param', 'rinc'), 9871.664746526643) | ParamSetting(('minisat_simplified.params', 'param', 'verb'), '0') | ParamSetting(('minisat_simplified.params', 'param', 'pre'), 'False') | ParamSetting(('minisat_simplified.params', 'param', 'cl-lim'), 50735)"
2024-06-12 14:14:52,610	[DEBUG]	EXEC>  SUCCESS 1.88852065
2024-06-12 14:14:52,610	[INFO]	49      SUCCESS               1.888521 (16.13%) [11 edit(s)]  
2024-06-12 14:14:52,610	[DEBUG]	patch(49)="ParamSetting(('minisat_simplified.params', 'param', 'phase-saving'), 0) | ParamSetting(('minisat_simplified.params', 'param', 'luby'), 'False') | ParamSetting(('minisat_simplified.params', 'param', 'rnd-init'), 'True') | ParamSetting(('minisat_simplified.params', 'param', 'rcheck'), 'True') | ParamSetting(('minisat_simplified.params', 'param', 'sub-lim'), 18127) | ParamSetting(('minisat_simplified.params', 'param', 'grow'), -4139) | ParamSetting(('minisat_simplified.params', 'param', 'simp-gc-frac'), 355755709.6698683) | ParamSetting(('minisat_simplified.params', 'param', 'rinc'), 9871.664746526643) | ParamSetting(('minisat_simplified.params', 'param', 'verb'), '0') | ParamSetting(('minisat_simplified.params', 'param', 'pre'), 'False') | ParamSetting(('minisat_simplified.params', 'param', 'cl-lim'), 48912)"
2024-06-12 14:15:01,152	[DEBUG]	EXEC>  SUCCESS 2.770672513333333
2024-06-12 14:15:01,152	[INFO]	50      SUCCESS               2.770673 (23.66%) [9 edit(s)]  
2024-06-12 14:15:01,152	[DEBUG]	patch(50)="ParamSetting(('minisat_simplified.params', 'param', 'phase-saving'), 0) | ParamSetting(('minisat_simplified.params', 'param', 'luby'), 'False') | ParamSetting(('minisat_simplified.params', 'param', 'rcheck'), 'True') | ParamSetting(('minisat_simplified.params', 'param', 'sub-lim'), 18127) | ParamSetting(('minisat_simplified.params', 'param', 'grow'), -4139) | ParamSetting(('minisat_simplified.params', 'param', 'simp-gc-frac'), 355755709.6698683) | ParamSetting(('minisat_simplified.params', 'param', 'rinc'), 9871.664746526643) | ParamSetting(('minisat_simplified.params', 'param', 'verb'), '0') | ParamSetting(('minisat_simplified.params', 'param', 'pre'), 'False')"
2024-06-12 14:15:01,154	[INFO]	51      SUCCESS               1.948570 (16.64%) [9 edit(s)] [cached] 
2024-06-12 14:15:01,154	[DEBUG]	patch(51)="ParamSetting(('minisat_simplified.params', 'param', 'phase-saving'), 0) | ParamSetting(('minisat_simplified.params', 'param', 'luby'), 'False') | ParamSetting(('minisat_simplified.params', 'param', 'rnd-init'), 'True') | ParamSetting(('minisat_simplified.params', 'param', 'rcheck'), 'True') | ParamSetting(('minisat_simplified.params', 'param', 'sub-lim'), 18127) | ParamSetting(('minisat_simplified.params', 'param', 'grow'), -4139) | ParamSetting(('minisat_simplified.params', 'param', 'simp-gc-frac'), 355755709.6698683) | ParamSetting(('minisat_simplified.params', 'param', 'rinc'), 9871.664746526643) | ParamSetting(('minisat_simplified.params', 'param', 'verb'), '0')"
2024-06-12 14:15:26,643	[DEBUG]	EXEC>  SUCCESS 8.42092929
2024-06-12 14:15:26,643	[INFO]	52      SUCCESS               8.420929 (71.92%) [11 edit(s)]  
2024-06-12 14:15:26,643	[DEBUG]	patch(52)="ParamSetting(('minisat_simplified.params', 'param', 'phase-saving'), 0) | ParamSetting(('minisat_simplified.params', 'param', 'luby'), 'False') | ParamSetting(('minisat_simplified.params', 'param', 'rnd-init'), 'True') | ParamSetting(('minisat_simplified.params', 'param', 'rcheck'), 'True') | ParamSetting(('minisat_simplified.params', 'param', 'sub-lim'), 18127) | ParamSetting(('minisat_simplified.params', 'param', 'grow'), -4139) | ParamSetting(('minisat_simplified.params', 'param', 'simp-gc-frac'), 355755709.6698683) | ParamSetting(('minisat_simplified.params', 'param', 'rinc'), 9871.664746526643) | ParamSetting(('minisat_simplified.params', 'param', 'verb'), '0') | ParamSetting(('minisat_simplified.params', 'param', 'pre'), 'False') | ParamSetting(('minisat_simplified.params', 'param', 'rnd-freq'), 0.32977878104749025)"
2024-06-12 14:15:32,553	[DEBUG]	EXEC>  SUCCESS 1.8816550866666668
2024-06-12 14:15:32,553	[INFO]	53      SUCCESS               1.881655 (16.07%) [11 edit(s)]  
2024-06-12 14:15:32,553	[DEBUG]	patch(53)="ParamSetting(('minisat_simplified.params', 'param', 'phase-saving'), 0) | ParamSetting(('minisat_simplified.params', 'param', 'luby'), 'False') | ParamSetting(('minisat_simplified.params', 'param', 'rnd-init'), 'True') | ParamSetting(('minisat_simplified.params', 'param', 'rcheck'), 'True') | ParamSetting(('minisat_simplified.params', 'param', 'sub-lim'), 18127) | ParamSetting(('minisat_simplified.params', 'param', 'grow'), -4139) | ParamSetting(('minisat_simplified.params', 'param', 'simp-gc-frac'), 355755709.6698683) | ParamSetting(('minisat_simplified.params', 'param', 'rinc'), 9871.664746526643) | ParamSetting(('minisat_simplified.params', 'param', 'verb'), '0') | ParamSetting(('minisat_simplified.params', 'param', 'pre'), 'False') | ParamSetting(('minisat_simplified.params', 'param', 'cl-lim'), 24183)"
2024-06-12 14:15:42,185	[DEBUG]	EXEC>  SUCCESS 3.130557173333333
2024-06-12 14:15:42,186	[INFO]	54      SUCCESS               3.130557 (26.74%) [9 edit(s)]  
2024-06-12 14:15:42,186	[DEBUG]	patch(54)="ParamSetting(('minisat_simplified.params', 'param', 'luby'), 'False') | ParamSetting(('minisat_simplified.params', 'param', 'rnd-init'), 'True') | ParamSetting(('minisat_simplified.params', 'param', 'rcheck'), 'True') | ParamSetting(('minisat_simplified.params', 'param', 'sub-lim'), 18127) | ParamSetting(('minisat_simplified.params', 'param', 'grow'), -4139) | ParamSetting(('minisat_simplified.params', 'param', 'simp-gc-frac'), 355755709.6698683) | ParamSetting(('minisat_simplified.params', 'param', 'rinc'), 9871.664746526643) | ParamSetting(('minisat_simplified.params', 'param', 'verb'), '0') | ParamSetting(('minisat_simplified.params', 'param', 'pre'), 'False')"
2024-06-12 14:15:47,999	[DEBUG]	EXEC>  SUCCESS 1.87178967
2024-06-12 14:15:48,000	[INFO]	55      SUCCESS               1.871790 (15.99%) [9 edit(s)]  
2024-06-12 14:15:48,000	[DEBUG]	patch(55)="ParamSetting(('minisat_simplified.params', 'param', 'phase-saving'), 0) | ParamSetting(('minisat_simplified.params', 'param', 'luby'), 'False') | ParamSetting(('minisat_simplified.params', 'param', 'rnd-init'), 'True') | ParamSetting(('minisat_simplified.params', 'param', 'rcheck'), 'True') | ParamSetting(('minisat_simplified.params', 'param', 'grow'), -4139) | ParamSetting(('minisat_simplified.params', 'param', 'simp-gc-frac'), 355755709.6698683) | ParamSetting(('minisat_simplified.params', 'param', 'rinc'), 9871.664746526643) | ParamSetting(('minisat_simplified.params', 'param', 'verb'), '0') | ParamSetting(('minisat_simplified.params', 'param', 'pre'), 'False')"
2024-06-12 14:15:53,725	[DEBUG]	EXEC>  SUCCESS 1.8475469366666666
2024-06-12 14:15:53,725	[INFO]	56      SUCCESS               1.847547 (15.78%) [11 edit(s)]  
2024-06-12 14:15:53,725	[DEBUG]	patch(56)="ParamSetting(('minisat_simplified.params', 'param', 'phase-saving'), 0) | ParamSetting(('minisat_simplified.params', 'param', 'luby'), 'False') | ParamSetting(('minisat_simplified.params', 'param', 'rnd-init'), 'True') | ParamSetting(('minisat_simplified.params', 'param', 'rcheck'), 'True') | ParamSetting(('minisat_simplified.params', 'param', 'sub-lim'), 18127) | ParamSetting(('minisat_simplified.params', 'param', 'grow'), -4139) | ParamSetting(('minisat_simplified.params', 'param', 'simp-gc-frac'), 355755709.6698683) | ParamSetting(('minisat_simplified.params', 'param', 'rinc'), 9871.664746526643) | ParamSetting(('minisat_simplified.params', 'param', 'verb'), '0') | ParamSetting(('minisat_simplified.params', 'param', 'pre'), 'False') | ParamSetting(('minisat_simplified.params', 'param', 'grow'), 4817)"
2024-06-12 14:16:01,876	[DEBUG]	EXEC>  SUCCESS 2.645423206666667
2024-06-12 14:16:01,876	[INFO]	57      SUCCESS               2.645423 (22.59%) [9 edit(s)]  
2024-06-12 14:16:01,876	[DEBUG]	patch(57)="ParamSetting(('minisat_simplified.params', 'param', 'phase-saving'), 0) | ParamSetting(('minisat_simplified.params', 'param', 'rnd-init'), 'True') | ParamSetting(('minisat_simplified.params', 'param', 'rcheck'), 'True') | ParamSetting(('minisat_simplified.params', 'param', 'sub-lim'), 18127) | ParamSetting(('minisat_simplified.params', 'param', 'grow'), -4139) | ParamSetting(('minisat_simplified.params', 'param', 'simp-gc-frac'), 355755709.6698683) | ParamSetting(('minisat_simplified.params', 'param', 'rinc'), 9871.664746526643) | ParamSetting(('minisat_simplified.params', 'param', 'verb'), '0') | ParamSetting(('minisat_simplified.params', 'param', 'pre'), 'False')"
2024-06-12 14:16:07,719	[DEBUG]	EXEC>  SUCCESS 1.87751283
2024-06-12 14:16:07,719	[INFO]	58      SUCCESS               1.877513 (16.04%) [11 edit(s)]  
2024-06-12 14:16:07,719	[DEBUG]	patch(58)="ParamSetting(('minisat_simplified.params', 'param', 'phase-saving'), 0) | ParamSetting(('minisat_simplified.params', 'param', 'luby'), 'False') | ParamSetting(('minisat_simplified.params', 'param', 'rnd-init'), 'True') | ParamSetting(('minisat_simplified.params', 'param', 'rcheck'), 'True') | ParamSetting(('minisat_simplified.params', 'param', 'sub-lim'), 18127) | ParamSetting(('minisat_simplified.params', 'param', 'grow'), -4139) | ParamSetting(('minisat_simplified.params', 'param', 'simp-gc-frac'), 355755709.6698683) | ParamSetting(('minisat_simplified.params', 'param', 'rinc'), 9871.664746526643) | ParamSetting(('minisat_simplified.params', 'param', 'verb'), '0') | ParamSetting(('minisat_simplified.params', 'param', 'pre'), 'False') | ParamSetting(('minisat_simplified.params', 'param', 'elim'), 'False')"
2024-06-12 14:16:16,991	[DEBUG]	EXEC>  SUCCESS 3.023265306666666
2024-06-12 14:16:16,991	[INFO]	59      SUCCESS               3.023265 (25.82%) [11 edit(s)]  
2024-06-12 14:16:16,991	[DEBUG]	patch(59)="ParamSetting(('minisat_simplified.params', 'param', 'phase-saving'), 0) | ParamSetting(('minisat_simplified.params', 'param', 'luby'), 'False') | ParamSetting(('minisat_simplified.params', 'param', 'rnd-init'), 'True') | ParamSetting(('minisat_simplified.params', 'param', 'rcheck'), 'True') | ParamSetting(('minisat_simplified.params', 'param', 'sub-lim'), 18127) | ParamSetting(('minisat_simplified.params', 'param', 'grow'), -4139) | ParamSetting(('minisat_simplified.params', 'param', 'simp-gc-frac'), 355755709.6698683) | ParamSetting(('minisat_simplified.params', 'param', 'rinc'), 9871.664746526643) | ParamSetting(('minisat_simplified.params', 'param', 'verb'), '0') | ParamSetting(('minisat_simplified.params', 'param', 'pre'), 'False') | ParamSetting(('minisat_simplified.params', 'param', 'rfirst'), 4293)"
2024-06-12 14:16:22,700	[DEBUG]	EXEC>  SUCCESS 1.8300925900000002
2024-06-12 14:16:22,701	[INFO]	60      SUCCESS              *1.830093 (15.63%) [11 edit(s)]  
2024-06-12 14:16:22,701	[DEBUG]	patch(60)="ParamSetting(('minisat_simplified.params', 'param', 'phase-saving'), 0) | ParamSetting(('minisat_simplified.params', 'param', 'luby'), 'False') | ParamSetting(('minisat_simplified.params', 'param', 'rnd-init'), 'True') | ParamSetting(('minisat_simplified.params', 'param', 'rcheck'), 'True') | ParamSetting(('minisat_simplified.params', 'param', 'sub-lim'), 18127) | ParamSetting(('minisat_simplified.params', 'param', 'grow'), -4139) | ParamSetting(('minisat_simplified.params', 'param', 'simp-gc-frac'), 355755709.6698683) | ParamSetting(('minisat_simplified.params', 'param', 'rinc'), 9871.664746526643) | ParamSetting(('minisat_simplified.params', 'param', 'verb'), '0') | ParamSetting(('minisat_simplified.params', 'param', 'pre'), 'False') | ParamSetting(('minisat_simplified.params', 'param', 'grow'), 1723)"
--- before: minisat_simplified.params
+++ after: minisat_simplified.params
@@ -1,20 +1,20 @@
-luby := 'True'
-rnd-init := 'False'
+luby := 'False'
+rnd-init := 'True'
 gc-frac := 0.2
-rinc := 2.0
+rinc := 9871.664746526643
 var-decay := 0.95
 cla-decay := 0.999
 rnd-freq := 0.0
 rnd-seed := 91648253
-phase-saving := 2
+phase-saving := 0
 ccmin-mode := 2
 rfirst := 100
-pre := 'True'
-verb := '1'
-rcheck := 'False'
+pre := 'False'
+verb := '0'
+rcheck := 'True'
 asymm := 'False'
 elim := 'True'
-simp-gc-frac := 0.5
-sub-lim := 1000
+simp-gc-frac := 355755709.6698683
+sub-lim := 18127
 cl-lim := 20
-grow := 0
+grow := 1723

2024-06-12 14:16:47,696	[DEBUG]	EXEC>  SUCCESS 8.07383159
2024-06-12 14:16:47,697	[INFO]	61      SUCCESS               8.073832 (68.96%) [10 edit(s)]  
2024-06-12 14:16:47,697	[DEBUG]	patch(61)="ParamSetting(('minisat_simplified.params', 'param', 'phase-saving'), 0) | ParamSetting(('minisat_simplified.params', 'param', 'luby'), 'False') | ParamSetting(('minisat_simplified.params', 'param', 'rnd-init'), 'True') | ParamSetting(('minisat_simplified.params', 'param', 'rcheck'), 'True') | ParamSetting(('minisat_simplified.params', 'param', 'sub-lim'), 18127) | ParamSetting(('minisat_simplified.params', 'param', 'grow'), -4139) | ParamSetting(('minisat_simplified.params', 'param', 'simp-gc-frac'), 355755709.6698683) | ParamSetting(('minisat_simplified.params', 'param', 'rinc'), 9871.664746526643) | ParamSetting(('minisat_simplified.params', 'param', 'verb'), '0') | ParamSetting(('minisat_simplified.params', 'param', 'grow'), 1723)"
2024-06-12 14:16:53,888	[DEBUG]	EXEC>  SUCCESS 1.97492354
2024-06-12 14:16:53,888	[INFO]	62      SUCCESS               1.974924 (16.87%) [10 edit(s)]  
2024-06-12 14:16:53,888	[DEBUG]	patch(62)="ParamSetting(('minisat_simplified.params', 'param', 'phase-saving'), 0) | ParamSetting(('minisat_simplified.params', 'param', 'luby'), 'False') | ParamSetting(('minisat_simplified.params', 'param', 'rnd-init'), 'True') | ParamSetting(('minisat_simplified.params', 'param', 'rcheck'), 'True') | ParamSetting(('minisat_simplified.params', 'param', 'grow'), -4139) | ParamSetting(('minisat_simplified.params', 'param', 'simp-gc-frac'), 355755709.6698683) | ParamSetting(('minisat_simplified.params', 'param', 'rinc'), 9871.664746526643) | ParamSetting(('minisat_simplified.params', 'param', 'verb'), '0') | ParamSetting(('minisat_simplified.params', 'param', 'pre'), 'False') | ParamSetting(('minisat_simplified.params', 'param', 'grow'), 1723)"
2024-06-12 14:16:59,620	[DEBUG]	EXEC>  SUCCESS 1.8383774966666666
2024-06-12 14:16:59,620	[INFO]	63      SUCCESS               1.838377 (15.70%) [10 edit(s)]  
2024-06-12 14:16:59,620	[DEBUG]	patch(63)="ParamSetting(('minisat_simplified.params', 'param', 'phase-saving'), 0) | ParamSetting(('minisat_simplified.params', 'param', 'luby'), 'False') | ParamSetting(('minisat_simplified.params', 'param', 'rnd-init'), 'True') | ParamSetting(('minisat_simplified.params', 'param', 'rcheck'), 'True') | ParamSetting(('minisat_simplified.params', 'param', 'sub-lim'), 18127) | ParamSetting(('minisat_simplified.params', 'param', 'grow'), -4139) | ParamSetting(('minisat_simplified.params', 'param', 'simp-gc-frac'), 355755709.6698683) | ParamSetting(('minisat_simplified.params', 'param', 'rinc'), 9871.664746526643) | ParamSetting(('minisat_simplified.params', 'param', 'pre'), 'False') | ParamSetting(('minisat_simplified.params', 'param', 'grow'), 1723)"
2024-06-12 14:17:07,743	[DEBUG]	EXEC>  SUCCESS 2.62798816
2024-06-12 14:17:07,743	[INFO]	64      SUCCESS               2.627988 (22.45%) [12 edit(s)]  
2024-06-12 14:17:07,743	[DEBUG]	patch(64)="ParamSetting(('minisat_simplified.params', 'param', 'phase-saving'), 0) | ParamSetting(('minisat_simplified.params', 'param', 'luby'), 'False') | ParamSetting(('minisat_simplified.params', 'param', 'rnd-init'), 'True') | ParamSetting(('minisat_simplified.params', 'param', 'rcheck'), 'True') | ParamSetting(('minisat_simplified.params', 'param', 'sub-lim'), 18127) | ParamSetting(('minisat_simplified.params', 'param', 'grow'), -4139) | ParamSetting(('minisat_simplified.params', 'param', 'simp-gc-frac'), 355755709.6698683) | ParamSetting(('minisat_simplified.params', 'param', 'rinc'), 9871.664746526643) | ParamSetting(('minisat_simplified.params', 'param', 'verb'), '0') | ParamSetting(('minisat_simplified.params', 'param', 'pre'), 'False') | ParamSetting(('minisat_simplified.params', 'param', 'grow'), 1723) | ParamSetting(('minisat_simplified.params', 'param', 'luby'), 'True')"
2024-06-12 14:17:13,811	[DEBUG]	EXEC>  SUCCESS 1.94621351
2024-06-12 14:17:13,811	[INFO]	65      SUCCESS               1.946214 (16.62%) [12 edit(s)]  
2024-06-12 14:17:13,811	[DEBUG]	patch(65)="ParamSetting(('minisat_simplified.params', 'param', 'phase-saving'), 0) | ParamSetting(('minisat_simplified.params', 'param', 'luby'), 'False') | ParamSetting(('minisat_simplified.params', 'param', 'rnd-init'), 'True') | ParamSetting(('minisat_simplified.params', 'param', 'rcheck'), 'True') | ParamSetting(('minisat_simplified.params', 'param', 'sub-lim'), 18127) | ParamSetting(('minisat_simplified.params', 'param', 'grow'), -4139) | ParamSetting(('minisat_simplified.params', 'param', 'simp-gc-frac'), 355755709.6698683) | ParamSetting(('minisat_simplified.params', 'param', 'rinc'), 9871.664746526643) | ParamSetting(('minisat_simplified.params', 'param', 'verb'), '0') | ParamSetting(('minisat_simplified.params', 'param', 'pre'), 'False') | ParamSetting(('minisat_simplified.params', 'param', 'grow'), 1723) | ParamSetting(('minisat_simplified.params', 'param', 'simp-gc-frac'), 78129144.42777582)"
2024-06-12 14:17:23,305	[DEBUG]	EXEC>  SUCCESS 3.08497243
2024-06-12 14:17:23,305	[INFO]	66      SUCCESS               3.084972 (26.35%) [10 edit(s)]  
2024-06-12 14:17:23,305	[DEBUG]	patch(66)="ParamSetting(('minisat_simplified.params', 'param', 'luby'), 'False') | ParamSetting(('minisat_simplified.params', 'param', 'rnd-init'), 'True') | ParamSetting(('minisat_simplified.params', 'param', 'rcheck'), 'True') | ParamSetting(('minisat_simplified.params', 'param', 'sub-lim'), 18127) | ParamSetting(('minisat_simplified.params', 'param', 'grow'), -4139) | ParamSetting(('minisat_simplified.params', 'param', 'simp-gc-frac'), 355755709.6698683) | ParamSetting(('minisat_simplified.params', 'param', 'rinc'), 9871.664746526643) | ParamSetting(('minisat_simplified.params', 'param', 'verb'), '0') | ParamSetting(('minisat_simplified.params', 'param', 'pre'), 'False') | ParamSetting(('minisat_simplified.params', 'param', 'grow'), 1723)"
2024-06-12 14:17:29,540	[DEBUG]	EXEC>  SUCCESS 1.9865996933333332
2024-06-12 14:17:29,540	[INFO]	67      SUCCESS               1.986600 (16.97%) [12 edit(s)]  
2024-06-12 14:17:29,540	[DEBUG]	patch(67)="ParamSetting(('minisat_simplified.params', 'param', 'phase-saving'), 0) | ParamSetting(('minisat_simplified.params', 'param', 'luby'), 'False') | ParamSetting(('minisat_simplified.params', 'param', 'rnd-init'), 'True') | ParamSetting(('minisat_simplified.params', 'param', 'rcheck'), 'True') | ParamSetting(('minisat_simplified.params', 'param', 'sub-lim'), 18127) | ParamSetting(('minisat_simplified.params', 'param', 'grow'), -4139) | ParamSetting(('minisat_simplified.params', 'param', 'simp-gc-frac'), 355755709.6698683) | ParamSetting(('minisat_simplified.params', 'param', 'rinc'), 9871.664746526643) | ParamSetting(('minisat_simplified.params', 'param', 'verb'), '0') | ParamSetting(('minisat_simplified.params', 'param', 'pre'), 'False') | ParamSetting(('minisat_simplified.params', 'param', 'grow'), 1723) | ParamSetting(('minisat_simplified.params', 'param', 'simp-gc-frac'), 532663377.04364103)"
2024-06-12 14:17:29,541	[INFO]	68      SUCCESS               3.084972 (26.35%) [12 edit(s)] [cached] 
2024-06-12 14:17:29,542	[DEBUG]	patch(68)="ParamSetting(('minisat_simplified.params', 'param', 'phase-saving'), 0) | ParamSetting(('minisat_simplified.params', 'param', 'luby'), 'False') | ParamSetting(('minisat_simplified.params', 'param', 'rnd-init'), 'True') | ParamSetting(('minisat_simplified.params', 'param', 'rcheck'), 'True') | ParamSetting(('minisat_simplified.params', 'param', 'sub-lim'), 18127) | ParamSetting(('minisat_simplified.params', 'param', 'grow'), -4139) | ParamSetting(('minisat_simplified.params', 'param', 'simp-gc-frac'), 355755709.6698683) | ParamSetting(('minisat_simplified.params', 'param', 'rinc'), 9871.664746526643) | ParamSetting(('minisat_simplified.params', 'param', 'verb'), '0') | ParamSetting(('minisat_simplified.params', 'param', 'pre'), 'False') | ParamSetting(('minisat_simplified.params', 'param', 'grow'), 1723) | ParamSetting(('minisat_simplified.params', 'param', 'phase-saving'), 2)"
2024-06-12 14:17:29,543	[INFO]	69      SUCCESS              +1.830093 (15.63%) [10 edit(s)] [cached] 
2024-06-12 14:17:29,543	[DEBUG]	patch(69)="ParamSetting(('minisat_simplified.params', 'param', 'phase-saving'), 0) | ParamSetting(('minisat_simplified.params', 'param', 'luby'), 'False') | ParamSetting(('minisat_simplified.params', 'param', 'rnd-init'), 'True') | ParamSetting(('minisat_simplified.params', 'param', 'rcheck'), 'True') | ParamSetting(('minisat_simplified.params', 'param', 'sub-lim'), 18127) | ParamSetting(('minisat_simplified.params', 'param', 'simp-gc-frac'), 355755709.6698683) | ParamSetting(('minisat_simplified.params', 'param', 'rinc'), 9871.664746526643) | ParamSetting(('minisat_simplified.params', 'param', 'verb'), '0') | ParamSetting(('minisat_simplified.params', 'param', 'pre'), 'False') | ParamSetting(('minisat_simplified.params', 'param', 'grow'), 1723)"
2024-06-12 14:17:29,544	[INFO]	70      SUCCESS               3.084972 (26.35%) [9 edit(s)] [cached] 
2024-06-12 14:17:29,544	[DEBUG]	patch(70)="ParamSetting(('minisat_simplified.params', 'param', 'luby'), 'False') | ParamSetting(('minisat_simplified.params', 'param', 'rnd-init'), 'True') | ParamSetting(('minisat_simplified.params', 'param', 'rcheck'), 'True') | ParamSetting(('minisat_simplified.params', 'param', 'sub-lim'), 18127) | ParamSetting(('minisat_simplified.params', 'param', 'simp-gc-frac'), 355755709.6698683) | ParamSetting(('minisat_simplified.params', 'param', 'rinc'), 9871.664746526643) | ParamSetting(('minisat_simplified.params', 'param', 'verb'), '0') | ParamSetting(('minisat_simplified.params', 'param', 'pre'), 'False') | ParamSetting(('minisat_simplified.params', 'param', 'grow'), 1723)"
2024-06-12 14:17:37,047	[DEBUG]	EXEC>  SUCCESS 2.4238660833333334
2024-06-12 14:17:37,047	[INFO]	71      SUCCESS               2.423866 (20.70%) [11 edit(s)]  
2024-06-12 14:17:37,047	[DEBUG]	patch(71)="ParamSetting(('minisat_simplified.params', 'param', 'phase-saving'), 0) | ParamSetting(('minisat_simplified.params', 'param', 'luby'), 'False') | ParamSetting(('minisat_simplified.params', 'param', 'rnd-init'), 'True') | ParamSetting(('minisat_simplified.params', 'param', 'rcheck'), 'True') | ParamSetting(('minisat_simplified.params', 'param', 'sub-lim'), 18127) | ParamSetting(('minisat_simplified.params', 'param', 'simp-gc-frac'), 355755709.6698683) | ParamSetting(('minisat_simplified.params', 'param', 'rinc'), 9871.664746526643) | ParamSetting(('minisat_simplified.params', 'param', 'verb'), '0') | ParamSetting(('minisat_simplified.params', 'param', 'pre'), 'False') | ParamSetting(('minisat_simplified.params', 'param', 'grow'), 1723) | ParamSetting(('minisat_simplified.params', 'param', 'rcheck'), 'False')"
2024-06-12 14:17:44,629	[DEBUG]	EXEC>  SUCCESS 2.4659153133333334
2024-06-12 14:17:44,629	[INFO]	72      SUCCESS               2.465915 (21.06%) [9 edit(s)]  
2024-06-12 14:17:44,629	[DEBUG]	patch(72)="ParamSetting(('minisat_simplified.params', 'param', 'phase-saving'), 0) | ParamSetting(('minisat_simplified.params', 'param', 'luby'), 'False') | ParamSetting(('minisat_simplified.params', 'param', 'rnd-init'), 'True') | ParamSetting(('minisat_simplified.params', 'param', 'rcheck'), 'True') | ParamSetting(('minisat_simplified.params', 'param', 'sub-lim'), 18127) | ParamSetting(('minisat_simplified.params', 'param', 'simp-gc-frac'), 355755709.6698683) | ParamSetting(('minisat_simplified.params', 'param', 'verb'), '0') | ParamSetting(('minisat_simplified.params', 'param', 'pre'), 'False') | ParamSetting(('minisat_simplified.params', 'param', 'grow'), 1723)"
2024-06-12 14:17:51,994	[DEBUG]	EXEC>  SUCCESS 2.37526269
2024-06-12 14:17:51,994	[INFO]	73      SUCCESS               2.375263 (20.29%) [11 edit(s)]  
2024-06-12 14:17:51,995	[DEBUG]	patch(73)="ParamSetting(('minisat_simplified.params', 'param', 'phase-saving'), 0) | ParamSetting(('minisat_simplified.params', 'param', 'luby'), 'False') | ParamSetting(('minisat_simplified.params', 'param', 'rnd-init'), 'True') | ParamSetting(('minisat_simplified.params', 'param', 'rcheck'), 'True') | ParamSetting(('minisat_simplified.params', 'param', 'sub-lim'), 18127) | ParamSetting(('minisat_simplified.params', 'param', 'simp-gc-frac'), 355755709.6698683) | ParamSetting(('minisat_simplified.params', 'param', 'rinc'), 9871.664746526643) | ParamSetting(('minisat_simplified.params', 'param', 'verb'), '0') | ParamSetting(('minisat_simplified.params', 'param', 'pre'), 'False') | ParamSetting(('minisat_simplified.params', 'param', 'grow'), 1723) | ParamSetting(('minisat_simplified.params', 'param', 'cla-decay'), 9.733426951119561e-05)"
2024-06-12 14:17:51,996	[INFO]	74      SUCCESS               2.627988 (22.45%) [9 edit(s)] [cached] 
2024-06-12 14:17:51,996	[DEBUG]	patch(74)="ParamSetting(('minisat_simplified.params', 'param', 'phase-saving'), 0) | ParamSetting(('minisat_simplified.params', 'param', 'rnd-init'), 'True') | ParamSetting(('minisat_simplified.params', 'param', 'rcheck'), 'True') | ParamSetting(('minisat_simplified.params', 'param', 'sub-lim'), 18127) | ParamSetting(('minisat_simplified.params', 'param', 'simp-gc-frac'), 355755709.6698683) | ParamSetting(('minisat_simplified.params', 'param', 'rinc'), 9871.664746526643) | ParamSetting(('minisat_simplified.params', 'param', 'verb'), '0') | ParamSetting(('minisat_simplified.params', 'param', 'pre'), 'False') | ParamSetting(('minisat_simplified.params', 'param', 'grow'), 1723)"
2024-06-12 14:18:00,600	[DEBUG]	EXEC>  SUCCESS 2.797634543333333
2024-06-12 14:18:00,600	[INFO]	75      SUCCESS               2.797635 (23.89%) [11 edit(s)]  
2024-06-12 14:18:00,600	[DEBUG]	patch(75)="ParamSetting(('minisat_simplified.params', 'param', 'phase-saving'), 0) | ParamSetting(('minisat_simplified.params', 'param', 'luby'), 'False') | ParamSetting(('minisat_simplified.params', 'param', 'rnd-init'), 'True') | ParamSetting(('minisat_simplified.params', 'param', 'rcheck'), 'True') | ParamSetting(('minisat_simplified.params', 'param', 'sub-lim'), 18127) | ParamSetting(('minisat_simplified.params', 'param', 'simp-gc-frac'), 355755709.6698683) | ParamSetting(('minisat_simplified.params', 'param', 'rinc'), 9871.664746526643) | ParamSetting(('minisat_simplified.params', 'param', 'verb'), '0') | ParamSetting(('minisat_simplified.params', 'param', 'pre'), 'False') | ParamSetting(('minisat_simplified.params', 'param', 'grow'), 1723) | ParamSetting(('minisat_simplified.params', 'param', 'rnd-init'), 'False')"
2024-06-12 14:18:06,314	[DEBUG]	EXEC>  SUCCESS 1.8345320866666668
2024-06-12 14:18:06,314	[INFO]	76      SUCCESS               1.834532 (15.67%) [11 edit(s)]  
2024-06-12 14:18:06,314	[DEBUG]	patch(76)="ParamSetting(('minisat_simplified.params', 'param', 'phase-saving'), 0) | ParamSetting(('minisat_simplified.params', 'param', 'luby'), 'False') | ParamSetting(('minisat_simplified.params', 'param', 'rnd-init'), 'True') | ParamSetting(('minisat_simplified.params', 'param', 'rcheck'), 'True') | ParamSetting(('minisat_simplified.params', 'param', 'sub-lim'), 18127) | ParamSetting(('minisat_simplified.params', 'param', 'simp-gc-frac'), 355755709.6698683) | ParamSetting(('minisat_simplified.params', 'param', 'rinc'), 9871.664746526643) | ParamSetting(('minisat_simplified.params', 'param', 'verb'), '0') | ParamSetting(('minisat_simplified.params', 'param', 'pre'), 'False') | ParamSetting(('minisat_simplified.params', 'param', 'grow'), 1723) | ParamSetting(('minisat_simplified.params', 'param', 'sub-lim'), 44378)"
2024-06-12 14:18:12,196	[DEBUG]	EXEC>  SUCCESS 1.8765676000000002
2024-06-12 14:18:12,196	[INFO]	77      SUCCESS               1.876568 (16.03%) [11 edit(s)]  
2024-06-12 14:18:12,196	[DEBUG]	patch(77)="ParamSetting(('minisat_simplified.params', 'param', 'phase-saving'), 0) | ParamSetting(('minisat_simplified.params', 'param', 'luby'), 'False') | ParamSetting(('minisat_simplified.params', 'param', 'rnd-init'), 'True') | ParamSetting(('minisat_simplified.params', 'param', 'rcheck'), 'True') | ParamSetting(('minisat_simplified.params', 'param', 'sub-lim'), 18127) | ParamSetting(('minisat_simplified.params', 'param', 'simp-gc-frac'), 355755709.6698683) | ParamSetting(('minisat_simplified.params', 'param', 'rinc'), 9871.664746526643) | ParamSetting(('minisat_simplified.params', 'param', 'verb'), '0') | ParamSetting(('minisat_simplified.params', 'param', 'pre'), 'False') | ParamSetting(('minisat_simplified.params', 'param', 'grow'), 1723) | ParamSetting(('minisat_simplified.params', 'param', 'elim'), 'False')"
2024-06-12 14:18:12,197	[INFO]	~~~~ END ~~~~
2024-06-12 14:18:12,197	[INFO]	
2024-06-12 14:18:12,197	[INFO]	==== REPORT ====
2024-06-12 14:18:12,197	[INFO]	Termination: time budget
2024-06-12 14:18:12,197	[INFO]	Retries: 3
2024-06-12 14:18:12,197	[INFO]	Log file: /home/jim/magpie/_magpie_logs/minisat_1718197579.log
2024-06-12 14:18:12,197	[INFO]	Patch file: _magpie_logs/minisat_1718197579.patch
2024-06-12 14:18:12,197	[INFO]	Diff file: _magpie_logs/minisat_1718197579.diff
2024-06-12 14:18:12,197	[INFO]	Reference fitness: 11.708521
2024-06-12 14:18:12,198	[INFO]	Best fitness: 1.830093
2024-06-12 14:18:12,198	[INFO]	
2024-06-12 14:18:12,199	[INFO]	==== BEST PATCH ====
ParamSetting(('minisat_simplified.params', 'param', 'phase-saving'), 0) | ParamSetting(('minisat_simplified.params', 'param', 'luby'), 'False') | ParamSetting(('minisat_simplified.params', 'param', 'rnd-init'), 'True') | ParamSetting(('minisat_simplified.params', 'param', 'rcheck'), 'True') | ParamSetting(('minisat_simplified.params', 'param', 'sub-lim'), 18127) | ParamSetting(('minisat_simplified.params', 'param', 'grow'), -4139) | ParamSetting(('minisat_simplified.params', 'param', 'simp-gc-frac'), 355755709.6698683) | ParamSetting(('minisat_simplified.params', 'param', 'rinc'), 9871.664746526643) | ParamSetting(('minisat_simplified.params', 'param', 'verb'), '0') | ParamSetting(('minisat_simplified.params', 'param', 'pre'), 'False') | ParamSetting(('minisat_simplified.params', 'param', 'grow'), 1723)
2024-06-12 14:18:12,199	[INFO]	
2024-06-12 14:18:12,199	[INFO]	==== DIFF ====
[1m--- before: minisat_simplified.params[0m
[1m+++ after: minisat_simplified.params[0m
[36m@@ -1,20 +1,20 @@[0m
[31m-luby := 'True'[0m
[31m-rnd-init := 'False'[0m
[32m+luby := 'False'[0m
[32m+rnd-init := 'True'[0m
 gc-frac := 0.2
[31m-rinc := 2.0[0m
[32m+rinc := 9871.664746526643[0m
 var-decay := 0.95
 cla-decay := 0.999
 rnd-freq := 0.0
 rnd-seed := 91648253
[31m-phase-saving := 2[0m
[32m+phase-saving := 0[0m
 ccmin-mode := 2
 rfirst := 100
[31m-pre := 'True'[0m
[31m-verb := '1'[0m
[31m-rcheck := 'False'[0m
[32m+pre := 'False'[0m
[32m+verb := '0'[0m
[32m+rcheck := 'True'[0m
 asymm := 'False'
 elim := 'True'
[31m-simp-gc-frac := 0.5[0m
[31m-sub-lim := 1000[0m
[32m+simp-gc-frac := 355755709.6698683[0m
[32m+sub-lim := 18127[0m
 cl-lim := 20
[31m-grow := 0[0m
[32m+grow := 1723[0m

