2024-07-28 05:32:22,483	[DEBUG]	==== CONFIG ====
[magpie]
import = 
seed = 45
log_dir = _magpie_logs
work_dir = _magpie_work
local_original_copy = True
local_original_name = __original__
output_encoding = ascii
edit_retries = 10
default_timeout = 30
default_lengthout = 1e6
diff_method = unified
trust_local_filesystem = True

[magpie.log]
color_output = True
format_info = {counter:<7} {status:<20} {best}{fitness} ({ratio}) [{size}] {cached} {log}
format_debug = patch({counter})="{patch}"{diffifbest}
format_fitness = {:.6f}
format_ratio = {:.2%%}
format_patchif = 
	 --> {patch}
format_diffif = 
	{diff}

[software]
path = examples/scipy
target_files = scipy.params
software = BasicSoftware
model_rules = 
	*.params : ParamFileConfigModel
	*.xml : SrcmlModel
	* : LineModel
model_config = 
	*.params : [paramconfig]
	*.xml : [srcml]
init_cmd = 
init_timeout = 60
init_lengthout = -1
setup_cmd = 
setup_timeout = 
setup_lengthout = 
compile_cmd = 
compile_timeout = 
compile_lengthout = 
test_cmd = ./test.sh
test_timeout = 
test_lengthout = 
run_cmd = ./run_custom.sh "bash run_fixed.sh"
run_timeout = 
run_lengthout = 
retries = 4
batch_timeout = 
batch_lengthout = 
batch_bin_fitness_strategy = aggregate
batch_fitness_strategy = sum
fitness = weights

[srcml]
rename = 
	stmt: break continue decl_stmt do expr_stmt for goto if return switch while
	number: literal_number
focus = block stmt operator_comp operator_arith number
internodes = block
process_pseudo_blocks = True
process_literals = True
process_operators = True

[paramconfig]
timing = test run
cli_prefix = --
cli_glue = =
cli_boolean = show
cli_boolean_prefix_true = 
cli_boolean_prefix_false = no-
cli_none = hide
silent_prefix = @
silent_suffix = $

[search]
protocol = BasicProtocol
algorithm = FirstImprovement
possible_edits = ParamSetting
warmup = 3
warmup_strategy = last
max_steps = 1000
max_time = 2200
target_fitness = 
cache_maxsize = 100
cache_keep = 0.2
batch_instances = 
batch_shuffle = True
batch_bin_shuffle = False
batch_sample_size = 1

[search.ls]
delete_prob = 0.5
max_neighbours = 
when_trapped = continue
accept_fail = False
tabu_length = 10

[search.gp]
pop_size = 10
delete_prob = 0.5
offspring_elitism = 0.1
offspring_crossover = 0.5
offspring_mutation = 0.4
uniform_rate = 0.5
batch_reset = True

[search.minify]
do_cleanup = True
do_rebuild = True
do_simplify = True
round_robin_limit = 3


2024-07-28 05:32:22,483	[DEBUG]	
2024-07-28 05:32:22,484	[INFO]	==== SEARCH: FirstImprovement ====
2024-07-28 05:32:22,484	[INFO]	~~~~ WARMUP ~~~~
2024-07-28 05:35:07,499	[DEBUG]	EXEC>  SUCCESS 42256028396.949005
2024-07-28 05:35:07,499	[INFO]	WARM    SUCCESS               42256028396.949005 (--) [0 edit(s)]  
2024-07-28 05:37:40,210	[DEBUG]	EXEC>  SUCCESS 38307340632.7935
2024-07-28 05:37:40,210	[INFO]	WARM    SUCCESS               38307340632.793503 (--) [0 edit(s)]  
2024-07-28 05:40:12,918	[DEBUG]	EXEC>  SUCCESS 37705358630.08325
2024-07-28 05:40:12,918	[INFO]	WARM    SUCCESS               37705358630.083252 (--) [0 edit(s)]  
2024-07-28 05:40:12,918	[INFO]	REF     SUCCESS               37705358630.083252 (--) [0 edit(s)]  
2024-07-28 05:40:12,918	[INFO]	
2024-07-28 05:40:12,918	[INFO]	~~~~ START ~~~~
2024-07-28 05:40:12,919	[INFO]	1       SUCCESS              +37705358630.083252 (100.00%) [1 edit(s)] [cached] 
2024-07-28 05:40:12,919	[DEBUG]	patch(1)="ParamSetting(('scipy.params', 'param', 'disp'), 'False')"
2024-07-28 05:40:12,920	[INFO]	2       SUCCESS              +37705358630.083252 (100.00%) [0 edit(s)] [cached] 
2024-07-28 05:40:12,920	[DEBUG]	patch(2)=""
2024-07-28 05:40:13,416	[INFO]	3       TEST_CODE_ERROR       None (--) [1 edit(s)]  
2024-07-28 05:40:13,416	[DEBUG]	patch(3)="ParamSetting(('scipy.params', 'param', 'disp'), 'True')"
2024-07-28 05:42:37,853	[DEBUG]	EXEC>  SUCCESS 35400776415.48125
2024-07-28 05:42:37,853	[INFO]	4       SUCCESS              *35400776415.481247 (93.89%) [1 edit(s)]  
2024-07-28 05:42:37,853	[DEBUG]	patch(4)="ParamSetting(('scipy.params', 'param', 'method'), 'L-BFGS-B')"
--- before: scipy.params
+++ after: scipy.params
@@ -1,4 +1,4 @@
-method := 'None'
+method := 'L-BFGS-B'
 jac := 'None'
 tol := 0.0001
 disp := 'False'

2024-07-28 05:44:18,723	[DEBUG]	EXEC>  SUCCESS 18563803128.5335
2024-07-28 05:44:18,723	[INFO]	5       SUCCESS              *18563803128.533501 (49.23%) [2 edit(s)]  
2024-07-28 05:44:18,723	[DEBUG]	patch(5)="ParamSetting(('scipy.params', 'param', 'method'), 'L-BFGS-B') | ParamSetting(('scipy.params', 'param', 'jac'), 'cs')"
--- before: scipy.params
+++ after: scipy.params
@@ -1,5 +1,5 @@
-method := 'None'
-jac := 'None'
+method := 'L-BFGS-B'
+jac := 'cs'
 tol := 0.0001
 disp := 'False'
 maxiter := 100

2024-07-28 05:44:19,222	[INFO]	6       TEST_CODE_ERROR       None (--) [3 edit(s)]  
2024-07-28 05:44:19,222	[DEBUG]	patch(6)="ParamSetting(('scipy.params', 'param', 'method'), 'L-BFGS-B') | ParamSetting(('scipy.params', 'param', 'jac'), 'cs') | ParamSetting(('scipy.params', 'param', 'disp'), 'True')"
2024-07-28 05:46:28,389	[DEBUG]	EXEC>  SUCCESS 28833481442.18125
2024-07-28 05:46:28,389	[INFO]	7       SUCCESS               28833481442.181252 (76.47%) [3 edit(s)]  
2024-07-28 05:46:28,389	[DEBUG]	patch(7)="ParamSetting(('scipy.params', 'param', 'method'), 'L-BFGS-B') | ParamSetting(('scipy.params', 'param', 'jac'), 'cs') | ParamSetting(('scipy.params', 'param', 'method'), 'CG')"
2024-07-28 05:46:28,390	[INFO]	8       SUCCESS               35400776415.481247 (93.89%) [1 edit(s)] [cached] 
2024-07-28 05:46:28,390	[DEBUG]	patch(8)="ParamSetting(('scipy.params', 'param', 'method'), 'L-BFGS-B')"
2024-07-28 05:46:28,391	[INFO]	9       TEST_CODE_ERROR       None (--) [3 edit(s)] [cached] 
2024-07-28 05:46:28,391	[DEBUG]	patch(9)="ParamSetting(('scipy.params', 'param', 'method'), 'L-BFGS-B') | ParamSetting(('scipy.params', 'param', 'jac'), 'cs') | ParamSetting(('scipy.params', 'param', 'disp'), 'True')"
2024-07-28 05:46:28,392	[INFO]	10      SUCCESS              +18563803128.533501 (49.23%) [3 edit(s)] [cached] 
2024-07-28 05:46:28,392	[DEBUG]	patch(10)="ParamSetting(('scipy.params', 'param', 'method'), 'L-BFGS-B') | ParamSetting(('scipy.params', 'param', 'jac'), 'cs') | ParamSetting(('scipy.params', 'param', 'disp'), 'False')"
2024-07-28 05:49:26,223	[DEBUG]	EXEC>  CODE_ERROR None
2024-07-28 05:49:26,223	[INFO]	11      RUN_CODE_ERROR        None (--) [4 edit(s)]  
2024-07-28 05:49:26,224	[DEBUG]	patch(11)="ParamSetting(('scipy.params', 'param', 'method'), 'L-BFGS-B') | ParamSetting(('scipy.params', 'param', 'jac'), 'cs') | ParamSetting(('scipy.params', 'param', 'disp'), 'False') | ParamSetting(('scipy.params', 'param', 'method'), 'BFGS')"
2024-07-28 05:49:26,225	[INFO]	12      SUCCESS              +18563803128.533501 (49.23%) [2 edit(s)] [cached] 
2024-07-28 05:49:26,225	[DEBUG]	patch(12)="ParamSetting(('scipy.params', 'param', 'method'), 'L-BFGS-B') | ParamSetting(('scipy.params', 'param', 'jac'), 'cs')"
2024-07-28 05:49:26,250	[INFO]	13      TEST_CODE_ERROR       None (--) [1 edit(s)]  
2024-07-28 05:49:26,250	[DEBUG]	patch(13)="ParamSetting(('scipy.params', 'param', 'jac'), 'cs')"
2024-07-28 05:49:26,251	[INFO]	14      SUCCESS               35400776415.481247 (93.89%) [1 edit(s)] [cached] 
2024-07-28 05:49:26,251	[DEBUG]	patch(14)="ParamSetting(('scipy.params', 'param', 'method'), 'L-BFGS-B')"
2024-07-28 05:51:03,999	[DEBUG]	EXEC>  SUCCESS 17825968688.14325
2024-07-28 05:51:03,999	[INFO]	15      SUCCESS              *17825968688.143250 (47.28%) [3 edit(s)]  
2024-07-28 05:51:03,999	[DEBUG]	patch(15)="ParamSetting(('scipy.params', 'param', 'method'), 'L-BFGS-B') | ParamSetting(('scipy.params', 'param', 'jac'), 'cs') | ParamSetting(('scipy.params', 'param', 'maxiter'), 485)"
--- before: scipy.params
+++ after: scipy.params
@@ -1,5 +1,5 @@
-method := 'None'
-jac := 'None'
+method := 'L-BFGS-B'
+jac := 'cs'
 tol := 0.0001
 disp := 'False'
-maxiter := 100
+maxiter := 485

2024-07-28 05:52:43,273	[DEBUG]	EXEC>  SUCCESS 19144931400.628
2024-07-28 05:52:43,273	[INFO]	16      SUCCESS               19144931400.627998 (50.78%) [4 edit(s)]  
2024-07-28 05:52:43,273	[DEBUG]	patch(16)="ParamSetting(('scipy.params', 'param', 'method'), 'L-BFGS-B') | ParamSetting(('scipy.params', 'param', 'jac'), 'cs') | ParamSetting(('scipy.params', 'param', 'maxiter'), 485) | ParamSetting(('scipy.params', 'param', 'tol'), 0.018410241935634727)"
2024-07-28 05:55:17,291	[DEBUG]	EXEC>  SUCCESS 38699548050.145996
2024-07-28 05:55:17,292	[INFO]	17      SUCCESS               38699548050.145996 (102.64%) [2 edit(s)]  
2024-07-28 05:55:17,292	[DEBUG]	patch(17)="ParamSetting(('scipy.params', 'param', 'method'), 'L-BFGS-B') | ParamSetting(('scipy.params', 'param', 'maxiter'), 485)"
2024-07-28 05:55:17,311	[INFO]	18      TEST_CODE_ERROR       None (--) [2 edit(s)]  
2024-07-28 05:55:17,311	[DEBUG]	patch(18)="ParamSetting(('scipy.params', 'param', 'jac'), 'cs') | ParamSetting(('scipy.params', 'param', 'maxiter'), 485)"
2024-07-28 05:55:17,312	[INFO]	19      SUCCESS               18563803128.533501 (49.23%) [2 edit(s)] [cached] 
2024-07-28 05:55:17,312	[DEBUG]	patch(19)="ParamSetting(('scipy.params', 'param', 'method'), 'L-BFGS-B') | ParamSetting(('scipy.params', 'param', 'jac'), 'cs')"
2024-07-28 05:55:17,780	[INFO]	20      TEST_CODE_ERROR       None (--) [4 edit(s)]  
2024-07-28 05:55:17,781	[DEBUG]	patch(20)="ParamSetting(('scipy.params', 'param', 'method'), 'L-BFGS-B') | ParamSetting(('scipy.params', 'param', 'jac'), 'cs') | ParamSetting(('scipy.params', 'param', 'maxiter'), 485) | ParamSetting(('scipy.params', 'param', 'disp'), 'True')"
2024-07-28 05:57:34,122	[DEBUG]	EXEC>  SUCCESS 30566652270.514248
2024-07-28 05:57:34,122	[INFO]	21      SUCCESS               30566652270.514248 (81.07%) [4 edit(s)]  
2024-07-28 05:57:34,122	[DEBUG]	patch(21)="ParamSetting(('scipy.params', 'param', 'method'), 'L-BFGS-B') | ParamSetting(('scipy.params', 'param', 'jac'), 'cs') | ParamSetting(('scipy.params', 'param', 'maxiter'), 485) | ParamSetting(('scipy.params', 'param', 'method'), 'CG')"
2024-07-28 05:57:34,123	[INFO]	22      SUCCESS               30566652270.514248 (81.07%) [4 edit(s)] [cached] 
2024-07-28 05:57:34,123	[DEBUG]	patch(22)="ParamSetting(('scipy.params', 'param', 'method'), 'L-BFGS-B') | ParamSetting(('scipy.params', 'param', 'jac'), 'cs') | ParamSetting(('scipy.params', 'param', 'maxiter'), 485) | ParamSetting(('scipy.params', 'param', 'method'), 'CG')"
2024-07-28 05:57:34,124	[INFO]	23      SUCCESS               30566652270.514248 (81.07%) [4 edit(s)] [cached] 
2024-07-28 05:57:34,124	[DEBUG]	patch(23)="ParamSetting(('scipy.params', 'param', 'method'), 'L-BFGS-B') | ParamSetting(('scipy.params', 'param', 'jac'), 'cs') | ParamSetting(('scipy.params', 'param', 'maxiter'), 485) | ParamSetting(('scipy.params', 'param', 'method'), 'CG')"
2024-07-28 05:57:34,124	[INFO]	24      SUCCESS              +17825968688.143250 (47.28%) [4 edit(s)] [cached] 
2024-07-28 05:57:34,125	[DEBUG]	patch(24)="ParamSetting(('scipy.params', 'param', 'method'), 'L-BFGS-B') | ParamSetting(('scipy.params', 'param', 'jac'), 'cs') | ParamSetting(('scipy.params', 'param', 'maxiter'), 485) | ParamSetting(('scipy.params', 'param', 'disp'), 'False')"
2024-07-28 05:57:34,125	[INFO]	25      SUCCESS              +17825968688.143250 (47.28%) [5 edit(s)] [cached] 
2024-07-28 05:57:34,125	[DEBUG]	patch(25)="ParamSetting(('scipy.params', 'param', 'method'), 'L-BFGS-B') | ParamSetting(('scipy.params', 'param', 'jac'), 'cs') | ParamSetting(('scipy.params', 'param', 'maxiter'), 485) | ParamSetting(('scipy.params', 'param', 'disp'), 'False') | ParamSetting(('scipy.params', 'param', 'disp'), 'False')"
2024-07-28 05:57:34,126	[INFO]	26      SUCCESS              +17825968688.143250 (47.28%) [4 edit(s)] [cached] 
2024-07-28 05:57:34,126	[DEBUG]	patch(26)="ParamSetting(('scipy.params', 'param', 'method'), 'L-BFGS-B') | ParamSetting(('scipy.params', 'param', 'jac'), 'cs') | ParamSetting(('scipy.params', 'param', 'maxiter'), 485) | ParamSetting(('scipy.params', 'param', 'disp'), 'False')"
2024-07-28 05:59:31,466	[DEBUG]	EXEC>  SUCCESS 23364491718.266
2024-07-28 05:59:31,466	[INFO]	27      SUCCESS               23364491718.265999 (61.97%) [5 edit(s)]  
2024-07-28 05:59:31,466	[DEBUG]	patch(27)="ParamSetting(('scipy.params', 'param', 'method'), 'L-BFGS-B') | ParamSetting(('scipy.params', 'param', 'jac'), 'cs') | ParamSetting(('scipy.params', 'param', 'maxiter'), 485) | ParamSetting(('scipy.params', 'param', 'disp'), 'False') | ParamSetting(('scipy.params', 'param', 'maxiter'), 6807)"
2024-07-28 05:59:31,467	[INFO]	28      SUCCESS               18563803128.533501 (49.23%) [3 edit(s)] [cached] 
2024-07-28 05:59:31,467	[DEBUG]	patch(28)="ParamSetting(('scipy.params', 'param', 'method'), 'L-BFGS-B') | ParamSetting(('scipy.params', 'param', 'jac'), 'cs') | ParamSetting(('scipy.params', 'param', 'disp'), 'False')"
2024-07-28 05:59:31,468	[INFO]	29      SUCCESS               38699548050.145996 (102.64%) [3 edit(s)] [cached] 
2024-07-28 05:59:31,468	[DEBUG]	patch(29)="ParamSetting(('scipy.params', 'param', 'method'), 'L-BFGS-B') | ParamSetting(('scipy.params', 'param', 'maxiter'), 485) | ParamSetting(('scipy.params', 'param', 'disp'), 'False')"
2024-07-28 05:59:31,469	[INFO]	30      TEST_CODE_ERROR       None (--) [5 edit(s)] [cached] 
2024-07-28 05:59:31,469	[DEBUG]	patch(30)="ParamSetting(('scipy.params', 'param', 'method'), 'L-BFGS-B') | ParamSetting(('scipy.params', 'param', 'jac'), 'cs') | ParamSetting(('scipy.params', 'param', 'maxiter'), 485) | ParamSetting(('scipy.params', 'param', 'disp'), 'False') | ParamSetting(('scipy.params', 'param', 'disp'), 'True')"
2024-07-28 05:59:31,949	[INFO]	31      TEST_CODE_ERROR       None (--) [5 edit(s)]  
2024-07-28 05:59:31,949	[DEBUG]	patch(31)="ParamSetting(('scipy.params', 'param', 'method'), 'L-BFGS-B') | ParamSetting(('scipy.params', 'param', 'jac'), 'cs') | ParamSetting(('scipy.params', 'param', 'maxiter'), 485) | ParamSetting(('scipy.params', 'param', 'disp'), 'False') | ParamSetting(('scipy.params', 'param', 'jac'), 'True')"
2024-07-28 05:59:31,950	[INFO]	32      TEST_CODE_ERROR       None (--) [3 edit(s)] [cached] 
2024-07-28 05:59:31,950	[DEBUG]	patch(32)="ParamSetting(('scipy.params', 'param', 'jac'), 'cs') | ParamSetting(('scipy.params', 'param', 'maxiter'), 485) | ParamSetting(('scipy.params', 'param', 'disp'), 'False')"
2024-07-28 06:01:10,644	[DEBUG]	EXEC>  SUCCESS 17685680577.58525
2024-07-28 06:01:10,644	[INFO]	33      SUCCESS              *17685680577.585251 (46.90%) [5 edit(s)]  
2024-07-28 06:01:10,644	[DEBUG]	patch(33)="ParamSetting(('scipy.params', 'param', 'method'), 'L-BFGS-B') | ParamSetting(('scipy.params', 'param', 'jac'), 'cs') | ParamSetting(('scipy.params', 'param', 'maxiter'), 485) | ParamSetting(('scipy.params', 'param', 'disp'), 'False') | ParamSetting(('scipy.params', 'param', 'tol'), 0.2843422249654247)"
--- before: scipy.params
+++ after: scipy.params
@@ -1,5 +1,5 @@
-method := 'None'
-jac := 'None'
-tol := 0.0001
+method := 'L-BFGS-B'
+jac := 'cs'
+tol := 0.2843422249654247
 disp := 'False'
-maxiter := 100
+maxiter := 485

2024-07-28 06:01:10,645	[INFO]	34      SUCCESS              +17685680577.585251 (46.90%) [6 edit(s)] [cached] 
2024-07-28 06:01:10,645	[DEBUG]	patch(34)="ParamSetting(('scipy.params', 'param', 'method'), 'L-BFGS-B') | ParamSetting(('scipy.params', 'param', 'jac'), 'cs') | ParamSetting(('scipy.params', 'param', 'maxiter'), 485) | ParamSetting(('scipy.params', 'param', 'disp'), 'False') | ParamSetting(('scipy.params', 'param', 'tol'), 0.2843422249654247) | ParamSetting(('scipy.params', 'param', 'disp'), 'False')"
2024-07-28 06:01:11,147	[INFO]	35      TEST_CODE_ERROR       None (--) [7 edit(s)]  
2024-07-28 06:01:11,147	[DEBUG]	patch(35)="ParamSetting(('scipy.params', 'param', 'method'), 'L-BFGS-B') | ParamSetting(('scipy.params', 'param', 'jac'), 'cs') | ParamSetting(('scipy.params', 'param', 'maxiter'), 485) | ParamSetting(('scipy.params', 'param', 'disp'), 'False') | ParamSetting(('scipy.params', 'param', 'tol'), 0.2843422249654247) | ParamSetting(('scipy.params', 'param', 'disp'), 'False') | ParamSetting(('scipy.params', 'param', 'disp'), 'True')"
2024-07-28 06:02:43,234	[DEBUG]	EXEC>  SUCCESS 15863516466.40725
2024-07-28 06:02:43,234	[INFO]	36      SUCCESS              *15863516466.407249 (42.07%) [7 edit(s)]  
2024-07-28 06:02:43,234	[DEBUG]	patch(36)="ParamSetting(('scipy.params', 'param', 'method'), 'L-BFGS-B') | ParamSetting(('scipy.params', 'param', 'jac'), 'cs') | ParamSetting(('scipy.params', 'param', 'maxiter'), 485) | ParamSetting(('scipy.params', 'param', 'disp'), 'False') | ParamSetting(('scipy.params', 'param', 'tol'), 0.2843422249654247) | ParamSetting(('scipy.params', 'param', 'disp'), 'False') | ParamSetting(('scipy.params', 'param', 'tol'), 0.307115026144764)"
--- before: scipy.params
+++ after: scipy.params
@@ -1,5 +1,5 @@
-method := 'None'
-jac := 'None'
-tol := 0.0001
+method := 'L-BFGS-B'
+jac := 'cs'
+tol := 0.307115026144764
 disp := 'False'
-maxiter := 100
+maxiter := 485

2024-07-28 06:02:43,235	[INFO]	37      SUCCESS               17685680577.585251 (46.90%) [6 edit(s)] [cached] 
2024-07-28 06:02:43,235	[DEBUG]	patch(37)="ParamSetting(('scipy.params', 'param', 'method'), 'L-BFGS-B') | ParamSetting(('scipy.params', 'param', 'jac'), 'cs') | ParamSetting(('scipy.params', 'param', 'maxiter'), 485) | ParamSetting(('scipy.params', 'param', 'disp'), 'False') | ParamSetting(('scipy.params', 'param', 'tol'), 0.2843422249654247) | ParamSetting(('scipy.params', 'param', 'disp'), 'False')"
2024-07-28 06:04:36,356	[DEBUG]	EXEC>  SUCCESS 24162450463.15725
2024-07-28 06:04:36,357	[INFO]	38      SUCCESS               24162450463.157249 (64.08%) [8 edit(s)]  
2024-07-28 06:04:36,357	[DEBUG]	patch(38)="ParamSetting(('scipy.params', 'param', 'method'), 'L-BFGS-B') | ParamSetting(('scipy.params', 'param', 'jac'), 'cs') | ParamSetting(('scipy.params', 'param', 'maxiter'), 485) | ParamSetting(('scipy.params', 'param', 'disp'), 'False') | ParamSetting(('scipy.params', 'param', 'tol'), 0.2843422249654247) | ParamSetting(('scipy.params', 'param', 'disp'), 'False') | ParamSetting(('scipy.params', 'param', 'tol'), 0.307115026144764) | ParamSetting(('scipy.params', 'param', 'jac'), '2-point')"
2024-07-28 06:04:36,358	[INFO]	39      SUCCESS              +15863516466.407249 (42.07%) [6 edit(s)] [cached] 
2024-07-28 06:04:36,358	[DEBUG]	patch(39)="ParamSetting(('scipy.params', 'param', 'method'), 'L-BFGS-B') | ParamSetting(('scipy.params', 'param', 'jac'), 'cs') | ParamSetting(('scipy.params', 'param', 'maxiter'), 485) | ParamSetting(('scipy.params', 'param', 'disp'), 'False') | ParamSetting(('scipy.params', 'param', 'tol'), 0.2843422249654247) | ParamSetting(('scipy.params', 'param', 'tol'), 0.307115026144764)"
2024-07-28 06:04:36,377	[INFO]	40      TEST_CODE_ERROR       None (--) [5 edit(s)]  
2024-07-28 06:04:36,377	[DEBUG]	patch(40)="ParamSetting(('scipy.params', 'param', 'jac'), 'cs') | ParamSetting(('scipy.params', 'param', 'maxiter'), 485) | ParamSetting(('scipy.params', 'param', 'disp'), 'False') | ParamSetting(('scipy.params', 'param', 'tol'), 0.2843422249654247) | ParamSetting(('scipy.params', 'param', 'tol'), 0.307115026144764)"
2024-07-28 06:06:15,858	[DEBUG]	EXEC>  SUCCESS 17945246471.244
2024-07-28 06:06:15,859	[INFO]	41      SUCCESS               17945246471.243999 (47.59%) [7 edit(s)]  
2024-07-28 06:06:15,859	[DEBUG]	patch(41)="ParamSetting(('scipy.params', 'param', 'method'), 'L-BFGS-B') | ParamSetting(('scipy.params', 'param', 'jac'), 'cs') | ParamSetting(('scipy.params', 'param', 'maxiter'), 485) | ParamSetting(('scipy.params', 'param', 'disp'), 'False') | ParamSetting(('scipy.params', 'param', 'tol'), 0.2843422249654247) | ParamSetting(('scipy.params', 'param', 'tol'), 0.307115026144764) | ParamSetting(('scipy.params', 'param', 'maxiter'), 2227)"
2024-07-28 06:08:10,822	[DEBUG]	EXEC>  SUCCESS 24518798869.97475
2024-07-28 06:08:10,822	[INFO]	42      SUCCESS               24518798869.974751 (65.03%) [7 edit(s)]  
2024-07-28 06:08:10,822	[DEBUG]	patch(42)="ParamSetting(('scipy.params', 'param', 'method'), 'L-BFGS-B') | ParamSetting(('scipy.params', 'param', 'jac'), 'cs') | ParamSetting(('scipy.params', 'param', 'maxiter'), 485) | ParamSetting(('scipy.params', 'param', 'disp'), 'False') | ParamSetting(('scipy.params', 'param', 'tol'), 0.2843422249654247) | ParamSetting(('scipy.params', 'param', 'tol'), 0.307115026144764) | ParamSetting(('scipy.params', 'param', 'method'), 'CG')"
2024-07-28 06:09:38,147	[DEBUG]	EXEC>  SUCCESS 14973168956.28225
2024-07-28 06:09:38,147	[INFO]	43      SUCCESS              *14973168956.282249 (39.71%) [7 edit(s)]  
2024-07-28 06:09:38,148	[DEBUG]	patch(43)="ParamSetting(('scipy.params', 'param', 'method'), 'L-BFGS-B') | ParamSetting(('scipy.params', 'param', 'jac'), 'cs') | ParamSetting(('scipy.params', 'param', 'maxiter'), 485) | ParamSetting(('scipy.params', 'param', 'disp'), 'False') | ParamSetting(('scipy.params', 'param', 'tol'), 0.2843422249654247) | ParamSetting(('scipy.params', 'param', 'tol'), 0.307115026144764) | ParamSetting(('scipy.params', 'param', 'maxiter'), 9269)"
--- before: scipy.params
+++ after: scipy.params
@@ -1,5 +1,5 @@
-method := 'None'
-jac := 'None'
-tol := 0.0001
+method := 'L-BFGS-B'
+jac := 'cs'
+tol := 0.307115026144764
 disp := 'False'
-maxiter := 100
+maxiter := 9269

2024-07-28 06:09:38,635	[INFO]	44      TEST_CODE_ERROR       None (--) [8 edit(s)]  
2024-07-28 06:09:38,636	[DEBUG]	patch(44)="ParamSetting(('scipy.params', 'param', 'method'), 'L-BFGS-B') | ParamSetting(('scipy.params', 'param', 'jac'), 'cs') | ParamSetting(('scipy.params', 'param', 'maxiter'), 485) | ParamSetting(('scipy.params', 'param', 'disp'), 'False') | ParamSetting(('scipy.params', 'param', 'tol'), 0.2843422249654247) | ParamSetting(('scipy.params', 'param', 'tol'), 0.307115026144764) | ParamSetting(('scipy.params', 'param', 'maxiter'), 9269) | ParamSetting(('scipy.params', 'param', 'disp'), 'True')"
2024-07-28 06:09:38,653	[INFO]	45      TEST_CODE_ERROR       None (--) [6 edit(s)]  
2024-07-28 06:09:38,653	[DEBUG]	patch(45)="ParamSetting(('scipy.params', 'param', 'jac'), 'cs') | ParamSetting(('scipy.params', 'param', 'maxiter'), 485) | ParamSetting(('scipy.params', 'param', 'disp'), 'False') | ParamSetting(('scipy.params', 'param', 'tol'), 0.2843422249654247) | ParamSetting(('scipy.params', 'param', 'tol'), 0.307115026144764) | ParamSetting(('scipy.params', 'param', 'maxiter'), 9269)"
2024-07-28 06:11:04,578	[DEBUG]	EXEC>  SUCCESS 14566571090.97575
2024-07-28 06:11:04,579	[INFO]	46      SUCCESS              *14566571090.975750 (38.63%) [8 edit(s)]  
2024-07-28 06:11:04,579	[DEBUG]	patch(46)="ParamSetting(('scipy.params', 'param', 'method'), 'L-BFGS-B') | ParamSetting(('scipy.params', 'param', 'jac'), 'cs') | ParamSetting(('scipy.params', 'param', 'maxiter'), 485) | ParamSetting(('scipy.params', 'param', 'disp'), 'False') | ParamSetting(('scipy.params', 'param', 'tol'), 0.2843422249654247) | ParamSetting(('scipy.params', 'param', 'tol'), 0.307115026144764) | ParamSetting(('scipy.params', 'param', 'maxiter'), 9269) | ParamSetting(('scipy.params', 'param', 'maxiter'), 5562)"
--- before: scipy.params
+++ after: scipy.params
@@ -1,5 +1,5 @@
-method := 'None'
-jac := 'None'
-tol := 0.0001
+method := 'L-BFGS-B'
+jac := 'cs'
+tol := 0.307115026144764
 disp := 'False'
-maxiter := 100
+maxiter := 5562

2024-07-28 06:11:04,580	[INFO]	47      SUCCESS              +14566571090.975750 (38.63%) [7 edit(s)] [cached] 
2024-07-28 06:11:04,580	[DEBUG]	patch(47)="ParamSetting(('scipy.params', 'param', 'method'), 'L-BFGS-B') | ParamSetting(('scipy.params', 'param', 'jac'), 'cs') | ParamSetting(('scipy.params', 'param', 'maxiter'), 485) | ParamSetting(('scipy.params', 'param', 'disp'), 'False') | ParamSetting(('scipy.params', 'param', 'tol'), 0.307115026144764) | ParamSetting(('scipy.params', 'param', 'maxiter'), 9269) | ParamSetting(('scipy.params', 'param', 'maxiter'), 5562)"
2024-07-28 06:11:04,580	[INFO]	48      SUCCESS               14973168956.282249 (39.71%) [6 edit(s)] [cached] 
2024-07-28 06:11:04,581	[DEBUG]	patch(48)="ParamSetting(('scipy.params', 'param', 'method'), 'L-BFGS-B') | ParamSetting(('scipy.params', 'param', 'jac'), 'cs') | ParamSetting(('scipy.params', 'param', 'maxiter'), 485) | ParamSetting(('scipy.params', 'param', 'disp'), 'False') | ParamSetting(('scipy.params', 'param', 'tol'), 0.307115026144764) | ParamSetting(('scipy.params', 'param', 'maxiter'), 9269)"
2024-07-28 06:11:04,581	[INFO]	49      SUCCESS              +14566571090.975750 (38.63%) [6 edit(s)] [cached] 
2024-07-28 06:11:04,581	[DEBUG]	patch(49)="ParamSetting(('scipy.params', 'param', 'method'), 'L-BFGS-B') | ParamSetting(('scipy.params', 'param', 'jac'), 'cs') | ParamSetting(('scipy.params', 'param', 'maxiter'), 485) | ParamSetting(('scipy.params', 'param', 'tol'), 0.307115026144764) | ParamSetting(('scipy.params', 'param', 'maxiter'), 9269) | ParamSetting(('scipy.params', 'param', 'maxiter'), 5562)"
2024-07-28 06:12:34,286	[DEBUG]	EXEC>  SUCCESS 15639087650.45125
2024-07-28 06:12:34,286	[INFO]	50      SUCCESS               15639087650.451250 (41.48%) [7 edit(s)]  
2024-07-28 06:12:34,286	[DEBUG]	patch(50)="ParamSetting(('scipy.params', 'param', 'method'), 'L-BFGS-B') | ParamSetting(('scipy.params', 'param', 'jac'), 'cs') | ParamSetting(('scipy.params', 'param', 'maxiter'), 485) | ParamSetting(('scipy.params', 'param', 'tol'), 0.307115026144764) | ParamSetting(('scipy.params', 'param', 'maxiter'), 9269) | ParamSetting(('scipy.params', 'param', 'maxiter'), 5562) | ParamSetting(('scipy.params', 'param', 'maxiter'), 4644)"
2024-07-28 06:12:34,305	[INFO]	51      TEST_CODE_ERROR       None (--) [5 edit(s)]  
2024-07-28 06:12:34,305	[DEBUG]	patch(51)="ParamSetting(('scipy.params', 'param', 'jac'), 'cs') | ParamSetting(('scipy.params', 'param', 'maxiter'), 485) | ParamSetting(('scipy.params', 'param', 'tol'), 0.307115026144764) | ParamSetting(('scipy.params', 'param', 'maxiter'), 9269) | ParamSetting(('scipy.params', 'param', 'maxiter'), 5562)"
2024-07-28 06:14:00,471	[DEBUG]	EXEC>  SUCCESS 15280575723.886501
2024-07-28 06:14:00,472	[INFO]	52      SUCCESS               15280575723.886501 (40.53%) [7 edit(s)]  
2024-07-28 06:14:00,472	[DEBUG]	patch(52)="ParamSetting(('scipy.params', 'param', 'method'), 'L-BFGS-B') | ParamSetting(('scipy.params', 'param', 'jac'), 'cs') | ParamSetting(('scipy.params', 'param', 'maxiter'), 485) | ParamSetting(('scipy.params', 'param', 'tol'), 0.307115026144764) | ParamSetting(('scipy.params', 'param', 'maxiter'), 9269) | ParamSetting(('scipy.params', 'param', 'maxiter'), 5562) | ParamSetting(('scipy.params', 'param', 'maxiter'), 7641)"
2024-07-28 06:15:38,805	[DEBUG]	EXEC>  SUCCESS 19054288594.795
2024-07-28 06:15:38,805	[INFO]	53      SUCCESS               19054288594.794998 (50.53%) [7 edit(s)]  
2024-07-28 06:15:38,805	[DEBUG]	patch(53)="ParamSetting(('scipy.params', 'param', 'method'), 'L-BFGS-B') | ParamSetting(('scipy.params', 'param', 'jac'), 'cs') | ParamSetting(('scipy.params', 'param', 'maxiter'), 485) | ParamSetting(('scipy.params', 'param', 'tol'), 0.307115026144764) | ParamSetting(('scipy.params', 'param', 'maxiter'), 9269) | ParamSetting(('scipy.params', 'param', 'maxiter'), 5562) | ParamSetting(('scipy.params', 'param', 'tol'), 0.021545007455196087)"
2024-07-28 06:16:56,738	[DEBUG]	EXEC>  SUCCESS 11591748227.508999
2024-07-28 06:16:56,738	[INFO]	54      SUCCESS              *11591748227.508999 (30.74%) [7 edit(s)]  
2024-07-28 06:16:56,738	[DEBUG]	patch(54)="ParamSetting(('scipy.params', 'param', 'method'), 'L-BFGS-B') | ParamSetting(('scipy.params', 'param', 'jac'), 'cs') | ParamSetting(('scipy.params', 'param', 'maxiter'), 485) | ParamSetting(('scipy.params', 'param', 'tol'), 0.307115026144764) | ParamSetting(('scipy.params', 'param', 'maxiter'), 9269) | ParamSetting(('scipy.params', 'param', 'maxiter'), 5562) | ParamSetting(('scipy.params', 'param', 'method'), 'trust-constr')"
--- before: scipy.params
+++ after: scipy.params
@@ -1,5 +1,5 @@
-method := 'None'
-jac := 'None'
-tol := 0.0001
+method := 'trust-constr'
+jac := 'cs'
+tol := 0.307115026144764
 disp := 'False'
-maxiter := 100
+maxiter := 5562

2024-07-28 06:16:56,739	[INFO]	~~~~ END ~~~~
2024-07-28 06:16:56,739	[INFO]	
2024-07-28 06:16:56,739	[INFO]	==== REPORT ====
2024-07-28 06:16:56,739	[INFO]	Termination: time budget
2024-07-28 06:16:56,739	[INFO]	Retries: 4
2024-07-28 06:16:56,739	[INFO]	Log file: /home/dbouras/magpie/_magpie_logs/scipy_1722141142.log
2024-07-28 06:16:56,739	[INFO]	Patch file: _magpie_logs/scipy_1722141142.patch
2024-07-28 06:16:56,739	[INFO]	Diff file: _magpie_logs/scipy_1722141142.diff
2024-07-28 06:16:56,739	[INFO]	Reference fitness: 37705358630.083252
2024-07-28 06:16:56,739	[INFO]	Best fitness: 11591748227.508999
2024-07-28 06:16:56,739	[INFO]	
2024-07-28 06:16:56,740	[INFO]	==== BEST PATCH ====
ParamSetting(('scipy.params', 'param', 'method'), 'L-BFGS-B') | ParamSetting(('scipy.params', 'param', 'jac'), 'cs') | ParamSetting(('scipy.params', 'param', 'maxiter'), 485) | ParamSetting(('scipy.params', 'param', 'tol'), 0.307115026144764) | ParamSetting(('scipy.params', 'param', 'maxiter'), 9269) | ParamSetting(('scipy.params', 'param', 'maxiter'), 5562) | ParamSetting(('scipy.params', 'param', 'method'), 'trust-constr')
2024-07-28 06:16:56,741	[INFO]	
2024-07-28 06:16:56,741	[INFO]	==== DIFF ====
[1m--- before: scipy.params[0m
[1m+++ after: scipy.params[0m
[36m@@ -1,5 +1,5 @@[0m
[31m-method := 'None'[0m
[31m-jac := 'None'[0m
[31m-tol := 0.0001[0m
[32m+method := 'trust-constr'[0m
[32m+jac := 'cs'[0m
[32m+tol := 0.307115026144764[0m
 disp := 'False'
[31m-maxiter := 100[0m
[32m+maxiter := 5562[0m

