2024-06-13 04:56:54,035	[DEBUG]	==== CONFIG ====
[magpie]
import = 
seed = 6555384461349329
log_dir = _magpie_logs
work_dir = _magpie_work
local_original_copy = True
local_original_name = __original__
output_encoding = ascii
edit_retries = 10
default_timeout = 100
default_lengthout = 1e6
diff_method = unified
trust_local_filesystem = True
run_timeout = 100

[magpie.log]
color_output = True
format_info = {counter:<7} {status:<20} {best}{fitness} ({ratio}) [{size}] {cached} {log}
format_debug = patch({counter})="{patch}"{diffifbest}
format_fitness = {:.6f}
format_ratio = {:.2%%}
format_patchif = 
	 --> {patch}
format_diffif = 
	{diff}

[software]
path = examples/minisat
target_files = 
	core/Solver.cc.xml
software = BasicSoftware
model_rules = 
	*.params : ParamFileConfigModel
	*.xml : SrcmlModel
	* : LineModel
model_config = 
	*.params : [paramconfig]
	*.xml : [srcml]
init_cmd = bash init.sh
init_timeout = 60
init_lengthout = -1
setup_cmd = bash compile.sh
setup_timeout = 
setup_lengthout = 
compile_cmd = bash compile.sh
compile_timeout = 
compile_lengthout = 
test_cmd = bash test.sh
test_timeout = 
test_lengthout = 
run_cmd = perf stat -e instructions bash run_fixed.sh
run_timeout = 
run_lengthout = 
retries = 2
batch_timeout = 
batch_lengthout = 
batch_bin_fitness_strategy = aggregate
batch_fitness_strategy = sum
fitness = perf_instructions

[srcml]
rename = 
	stmt: break continue decl_stmt do expr_stmt for goto if return switch while
	number: literal_number
focus = block stmt operator_comp operator_arith number
internodes = block
process_pseudo_blocks = True
process_literals = True
process_operators = True

[paramconfig]
timing = test run
cli_prefix = --
cli_glue = =
cli_boolean = show
cli_boolean_prefix_true = 
cli_boolean_prefix_false = no-
cli_none = hide
silent_prefix = @
silent_suffix = $

[search]
protocol = BasicProtocol
algorithm = FirstImprovement
possible_edits = 
	SrcmlStmtReplacement
	SrcmlStmtInsertion
	SrcmlStmtDeletion
warmup = 3
warmup_strategy = last
max_steps = 10000
max_time = 700
target_fitness = 
cache_maxsize = 100
cache_keep = 0.2
batch_instances = 
batch_shuffle = True
batch_bin_shuffle = False
batch_sample_size = 1

[search.ls]
delete_prob = 0.5
max_neighbours = 
when_trapped = continue
accept_fail = False
tabu_length = 10

[search.gp]
pop_size = 10
delete_prob = 0.5
offspring_elitism = 0.1
offspring_crossover = 0.5
offspring_mutation = 0.4
uniform_rate = 0.5
batch_reset = True

[search.minify]
do_cleanup = True
do_rebuild = True
do_simplify = True
round_robin_limit = 3


2024-06-13 04:56:54,035	[DEBUG]	
2024-06-13 04:56:54,035	[INFO]	==== SEARCH: FirstImprovement ====
2024-06-13 04:56:54,036	[INFO]	~~~~ WARMUP ~~~~
2024-06-13 04:57:20,719	[DEBUG]	EXEC>  SUCCESS 52236500139.0
2024-06-13 04:57:20,720	[INFO]	WARM    SUCCESS               52236500139.000000 (--) [0 edit(s)]  
2024-06-13 04:57:44,209	[DEBUG]	EXEC>  SUCCESS 52236424420.0
2024-06-13 04:57:44,210	[INFO]	WARM    SUCCESS               52236424420.000000 (--) [0 edit(s)]  
2024-06-13 04:58:07,733	[DEBUG]	EXEC>  SUCCESS 52237274866.0
2024-06-13 04:58:07,733	[INFO]	WARM    SUCCESS               52237274866.000000 (--) [0 edit(s)]  
2024-06-13 04:58:07,734	[INFO]	REF     SUCCESS               52237274866.000000 (--) [0 edit(s)]  
2024-06-13 04:58:07,734	[INFO]	
2024-06-13 04:58:07,734	[INFO]	~~~~ START ~~~~
2024-06-13 04:58:07,983	[INFO]	1       COMPILE_CODE_ERROR    None (--) [1 edit(s)]  
2024-06-13 04:58:07,983	[DEBUG]	patch(1)="SrcmlStmtInsertion(('core/Solver.cc.xml', '_inter_block', 88), ('core/Solver.cc.xml', 'stmt', 386))"
2024-06-13 04:58:08,190	[INFO]	2       COMPILE_CODE_ERROR    None (--) [1 edit(s)]  
2024-06-13 04:58:08,190	[DEBUG]	patch(2)="SrcmlStmtInsertion(('core/Solver.cc.xml', '_inter_block', 295), ('core/Solver.cc.xml', 'stmt', 372))"
2024-06-13 04:58:08,435	[INFO]	3       COMPILE_CODE_ERROR    None (--) [1 edit(s)]  
2024-06-13 04:58:08,435	[DEBUG]	patch(3)="SrcmlStmtInsertion(('core/Solver.cc.xml', '_inter_block', 158), ('core/Solver.cc.xml', 'stmt', 419))"
2024-06-13 04:58:32,875	[DEBUG]	EXEC>  SUCCESS 52236302477.5
2024-06-13 04:58:32,875	[INFO]	4       SUCCESS              *52236302477.500000 (100.00%) [1 edit(s)]  
2024-06-13 04:58:32,876	[DEBUG]	patch(4)="SrcmlStmtDeletion(('core/Solver.cc.xml', 'stmt', 370))"
--- before: core/Solver.cc
+++ after: core/Solver.cc
@@ -921,10 +921,7 @@
 
 static Var mapVar(Var x, vec<Var>& map, Var& max)
 {
-    if (map.size() <= x || map[x] == -1){
-        map.growTo(x+1, -1);
-        map[x] = max++;
-    }
+    
     return map[x];
 }
 

2024-06-13 04:58:33,137	[INFO]	5       COMPILE_CODE_ERROR    None (--) [2 edit(s)]  
2024-06-13 04:58:33,137	[DEBUG]	patch(5)="SrcmlStmtDeletion(('core/Solver.cc.xml', 'stmt', 370)) | SrcmlStmtReplacement(('core/Solver.cc.xml', 'stmt', 363), ('core/Solver.cc.xml', 'stmt', 152))"
2024-06-13 04:58:33,143	[INFO]	6       SUCCESS               52237274866.000000 (100.00%) [0 edit(s)] [cached] 
2024-06-13 04:58:33,143	[DEBUG]	patch(6)=""
2024-06-13 04:58:33,382	[INFO]	7       COMPILE_CODE_ERROR    None (--) [2 edit(s)]  
2024-06-13 04:58:33,383	[DEBUG]	patch(7)="SrcmlStmtDeletion(('core/Solver.cc.xml', 'stmt', 370)) | SrcmlStmtReplacement(('core/Solver.cc.xml', 'stmt', 289), ('core/Solver.cc.xml', 'stmt', 241))"
2024-06-13 04:58:33,605	[INFO]	8       COMPILE_CODE_ERROR    None (--) [2 edit(s)]  
2024-06-13 04:58:33,605	[DEBUG]	patch(8)="SrcmlStmtDeletion(('core/Solver.cc.xml', 'stmt', 370)) | SrcmlStmtInsertion(('core/Solver.cc.xml', '_inter_block', 185), ('core/Solver.cc.xml', 'stmt', 428))"
2024-06-13 04:58:57,851	[DEBUG]	EXEC>  SUCCESS 52218234525.5
2024-06-13 04:58:57,851	[INFO]	9       SUCCESS              *52218234525.500000 (99.96%) [2 edit(s)]  
2024-06-13 04:58:57,851	[DEBUG]	patch(9)="SrcmlStmtDeletion(('core/Solver.cc.xml', 'stmt', 370)) | SrcmlStmtDeletion(('core/Solver.cc.xml', 'stmt', 311))"
--- before: core/Solver.cc
+++ after: core/Solver.cc
@@ -783,16 +783,7 @@
             while (decisionLevel() < assumptions.size()){
                 // Perform user provided assumption:
                 Lit p = assumptions[decisionLevel()];
-                if (value(p) == l_True){
-                    // Dummy decision level:
-                    newDecisionLevel();
-                }else if (value(p) == l_False){
-                    analyzeFinal(~p, conflict);
-                    return l_False;
-                }else{
-                    next = p;
-                    break;
-                }
+                
             }
 
             if (next == lit_Undef){
@@ -921,10 +912,7 @@
 
 static Var mapVar(Var x, vec<Var>& map, Var& max)
 {
-    if (map.size() <= x || map[x] == -1){
-        map.growTo(x+1, -1);
-        map[x] = max++;
-    }
+    
     return map[x];
 }
 

2024-06-13 04:58:57,857	[INFO]	10      SUCCESS               52236302477.500000 (100.00%) [1 edit(s)] [cached] 
2024-06-13 04:58:57,857	[DEBUG]	patch(10)="SrcmlStmtDeletion(('core/Solver.cc.xml', 'stmt', 370))"
2024-06-13 04:58:59,241	[INFO]	11      TEST_CODE_ERROR       None (--) [3 edit(s)]  
2024-06-13 04:58:59,241	[DEBUG]	patch(11)="SrcmlStmtDeletion(('core/Solver.cc.xml', 'stmt', 370)) | SrcmlStmtDeletion(('core/Solver.cc.xml', 'stmt', 311)) | SrcmlStmtDeletion(('core/Solver.cc.xml', 'stmt', 143))"
2024-06-13 04:58:59,484	[INFO]	12      COMPILE_CODE_ERROR    None (--) [3 edit(s)]  
2024-06-13 04:58:59,484	[DEBUG]	patch(12)="SrcmlStmtDeletion(('core/Solver.cc.xml', 'stmt', 370)) | SrcmlStmtDeletion(('core/Solver.cc.xml', 'stmt', 311)) | SrcmlStmtInsertion(('core/Solver.cc.xml', '_inter_block', 527), ('core/Solver.cc.xml', 'stmt', 85))"
2024-06-13 04:59:24,070	[DEBUG]	EXEC>  SUCCESS 52216823996.5
2024-06-13 04:59:24,070	[INFO]	13      SUCCESS              *52216823996.500000 (99.96%) [1 edit(s)]  
2024-06-13 04:59:24,070	[DEBUG]	patch(13)="SrcmlStmtDeletion(('core/Solver.cc.xml', 'stmt', 311))"
--- before: core/Solver.cc
+++ after: core/Solver.cc
@@ -783,16 +783,7 @@
             while (decisionLevel() < assumptions.size()){
                 // Perform user provided assumption:
                 Lit p = assumptions[decisionLevel()];
-                if (value(p) == l_True){
-                    // Dummy decision level:
-                    newDecisionLevel();
-                }else if (value(p) == l_False){
-                    analyzeFinal(~p, conflict);
-                    return l_False;
-                }else{
-                    next = p;
-                    break;
-                }
+                
             }
 
             if (next == lit_Undef){

2024-06-13 04:59:24,328	[INFO]	14      COMPILE_CODE_ERROR    None (--) [2 edit(s)]  
2024-06-13 04:59:24,328	[DEBUG]	patch(14)="SrcmlStmtDeletion(('core/Solver.cc.xml', 'stmt', 311)) | SrcmlStmtDeletion(('core/Solver.cc.xml', 'stmt', 192))"
2024-06-13 04:59:24,588	[INFO]	15      COMPILE_CODE_ERROR    None (--) [2 edit(s)]  
2024-06-13 04:59:24,588	[DEBUG]	patch(15)="SrcmlStmtDeletion(('core/Solver.cc.xml', 'stmt', 311)) | SrcmlStmtInsertion(('core/Solver.cc.xml', '_inter_block', 256), ('core/Solver.cc.xml', 'stmt', 402))"
2024-06-13 04:59:24,594	[INFO]	16      SUCCESS               52237274866.000000 (100.00%) [0 edit(s)] [cached] 
2024-06-13 04:59:24,594	[DEBUG]	patch(16)=""
2024-06-13 04:59:53,465	[DEBUG]	EXEC>  LENGTHOUT None
2024-06-13 04:59:53,465	[INFO]	17      RUN_LENGTHOUT         None (--) [2 edit(s)]  
2024-06-13 04:59:53,465	[DEBUG]	patch(17)="SrcmlStmtDeletion(('core/Solver.cc.xml', 'stmt', 311)) | SrcmlStmtInsertion(('core/Solver.cc.xml', '_inter_block', 19), ('core/Solver.cc.xml', 'stmt', 361))"
2024-06-13 04:59:53,667	[INFO]	18      COMPILE_CODE_ERROR    None (--) [2 edit(s)]  
2024-06-13 04:59:53,667	[DEBUG]	patch(18)="SrcmlStmtDeletion(('core/Solver.cc.xml', 'stmt', 311)) | SrcmlStmtInsertion(('core/Solver.cc.xml', '_inter_block', 176), ('core/Solver.cc.xml', 'stmt', 84))"
2024-06-13 04:59:54,963	[INFO]	19      TEST_CODE_ERROR       None (--) [2 edit(s)]  
2024-06-13 04:59:54,964	[DEBUG]	patch(19)="SrcmlStmtDeletion(('core/Solver.cc.xml', 'stmt', 311)) | SrcmlStmtDeletion(('core/Solver.cc.xml', 'stmt', 108))"
2024-06-13 05:00:19,592	[DEBUG]	EXEC>  SUCCESS 52225830263.5
2024-06-13 05:00:19,592	[INFO]	20      SUCCESS               52225830263.500000 (99.98%) [2 edit(s)]  
2024-06-13 05:00:19,592	[DEBUG]	patch(20)="SrcmlStmtDeletion(('core/Solver.cc.xml', 'stmt', 311)) | SrcmlStmtReplacement(('core/Solver.cc.xml', 'stmt', 264), ('core/Solver.cc.xml', 'stmt', 245))"
2024-06-13 05:00:44,156	[DEBUG]	EXEC>  SUCCESS 52216772272.0
2024-06-13 05:00:44,156	[INFO]	21      SUCCESS              *52216772272.000000 (99.96%) [2 edit(s)]  
2024-06-13 05:00:44,156	[DEBUG]	patch(21)="SrcmlStmtDeletion(('core/Solver.cc.xml', 'stmt', 311)) | SrcmlStmtInsertion(('core/Solver.cc.xml', '_inter_block', 328), ('core/Solver.cc.xml', 'stmt', 353))"
--- before: core/Solver.cc
+++ after: core/Solver.cc
@@ -636,6 +636,7 @@
         if (satisfied(c))
             /*auto*/{
                 removeClause(cs[i]);
+                int curr_restarts = 0;
             }/*auto*/
         else
             /*auto*/{
@@ -783,16 +784,7 @@
             while (decisionLevel() < assumptions.size()){
                 // Perform user provided assumption:
                 Lit p = assumptions[decisionLevel()];
-                if (value(p) == l_True){
-                    // Dummy decision level:
-                    newDecisionLevel();
-                }else if (value(p) == l_False){
-                    analyzeFinal(~p, conflict);
-                    return l_False;
-                }else{
-                    next = p;
-                    break;
-                }
+                
             }
 
             if (next == lit_Undef){

2024-06-13 05:00:45,417	[INFO]	22      TEST_CODE_ERROR       None (--) [3 edit(s)]  
2024-06-13 05:00:45,418	[DEBUG]	patch(22)="SrcmlStmtDeletion(('core/Solver.cc.xml', 'stmt', 311)) | SrcmlStmtInsertion(('core/Solver.cc.xml', '_inter_block', 328), ('core/Solver.cc.xml', 'stmt', 353)) | SrcmlStmtDeletion(('core/Solver.cc.xml', 'stmt', 36))"
2024-06-13 05:01:10,156	[DEBUG]	EXEC>  SUCCESS 52322057341.5
2024-06-13 05:01:10,156	[INFO]	23      SUCCESS               52322057341.500000 (100.16%) [3 edit(s)]  
2024-06-13 05:01:10,156	[DEBUG]	patch(23)="SrcmlStmtDeletion(('core/Solver.cc.xml', 'stmt', 311)) | SrcmlStmtInsertion(('core/Solver.cc.xml', '_inter_block', 328), ('core/Solver.cc.xml', 'stmt', 353)) | SrcmlStmtInsertion(('core/Solver.cc.xml', '_inter_block', 216), ('core/Solver.cc.xml', 'stmt', 19))"
2024-06-13 05:01:10,417	[INFO]	24      COMPILE_CODE_ERROR    None (--) [3 edit(s)]  
2024-06-13 05:01:10,418	[DEBUG]	patch(24)="SrcmlStmtDeletion(('core/Solver.cc.xml', 'stmt', 311)) | SrcmlStmtInsertion(('core/Solver.cc.xml', '_inter_block', 328), ('core/Solver.cc.xml', 'stmt', 353)) | SrcmlStmtInsertion(('core/Solver.cc.xml', '_inter_block', 318), ('core/Solver.cc.xml', 'stmt', 127))"
2024-06-13 05:01:10,679	[INFO]	25      COMPILE_CODE_ERROR    None (--) [3 edit(s)]  
2024-06-13 05:01:10,679	[DEBUG]	patch(25)="SrcmlStmtDeletion(('core/Solver.cc.xml', 'stmt', 311)) | SrcmlStmtInsertion(('core/Solver.cc.xml', '_inter_block', 328), ('core/Solver.cc.xml', 'stmt', 353)) | SrcmlStmtReplacement(('core/Solver.cc.xml', 'stmt', 47), ('core/Solver.cc.xml', 'stmt', 102))"
2024-06-13 05:01:35,291	[DEBUG]	EXEC>  SUCCESS 52235605866.0
2024-06-13 05:01:35,291	[INFO]	26      SUCCESS               52235605866.000000 (100.00%) [1 edit(s)]  
2024-06-13 05:01:35,291	[DEBUG]	patch(26)="SrcmlStmtInsertion(('core/Solver.cc.xml', '_inter_block', 328), ('core/Solver.cc.xml', 'stmt', 353))"
2024-06-13 05:01:35,552	[INFO]	27      COMPILE_CODE_ERROR    None (--) [3 edit(s)]  
2024-06-13 05:01:35,552	[DEBUG]	patch(27)="SrcmlStmtDeletion(('core/Solver.cc.xml', 'stmt', 311)) | SrcmlStmtInsertion(('core/Solver.cc.xml', '_inter_block', 328), ('core/Solver.cc.xml', 'stmt', 353)) | SrcmlStmtDeletion(('core/Solver.cc.xml', 'stmt', 380))"
2024-06-13 05:03:16,922	[INFO]	28      TEST_TIMEOUT          None (--) [3 edit(s)]  
2024-06-13 05:03:16,923	[DEBUG]	patch(28)="SrcmlStmtDeletion(('core/Solver.cc.xml', 'stmt', 311)) | SrcmlStmtInsertion(('core/Solver.cc.xml', '_inter_block', 328), ('core/Solver.cc.xml', 'stmt', 353)) | SrcmlStmtReplacement(('core/Solver.cc.xml', 'stmt', 209), ('core/Solver.cc.xml', 'stmt', 67))"
2024-06-13 05:03:16,930	[INFO]	29      SUCCESS               52216823996.500000 (99.96%) [1 edit(s)] [cached] 
2024-06-13 05:03:16,930	[DEBUG]	patch(29)="SrcmlStmtDeletion(('core/Solver.cc.xml', 'stmt', 311))"
2024-06-13 05:03:17,174	[INFO]	30      COMPILE_CODE_ERROR    None (--) [3 edit(s)]  
2024-06-13 05:03:17,175	[DEBUG]	patch(30)="SrcmlStmtDeletion(('core/Solver.cc.xml', 'stmt', 311)) | SrcmlStmtInsertion(('core/Solver.cc.xml', '_inter_block', 328), ('core/Solver.cc.xml', 'stmt', 353)) | SrcmlStmtDeletion(('core/Solver.cc.xml', 'stmt', 103))"
2024-06-13 05:04:58,532	[INFO]	31      TEST_TIMEOUT          None (--) [3 edit(s)]  
2024-06-13 05:04:58,532	[DEBUG]	patch(31)="SrcmlStmtDeletion(('core/Solver.cc.xml', 'stmt', 311)) | SrcmlStmtInsertion(('core/Solver.cc.xml', '_inter_block', 328), ('core/Solver.cc.xml', 'stmt', 353)) | SrcmlStmtReplacement(('core/Solver.cc.xml', 'stmt', 242), ('core/Solver.cc.xml', 'stmt', 281))"
2024-06-13 05:04:58,778	[INFO]	32      COMPILE_CODE_ERROR    None (--) [3 edit(s)]  
2024-06-13 05:04:58,778	[DEBUG]	patch(32)="SrcmlStmtDeletion(('core/Solver.cc.xml', 'stmt', 311)) | SrcmlStmtInsertion(('core/Solver.cc.xml', '_inter_block', 328), ('core/Solver.cc.xml', 'stmt', 353)) | SrcmlStmtDeletion(('core/Solver.cc.xml', 'stmt', 4))"
2024-06-13 05:05:00,111	[INFO]	33      TEST_CODE_ERROR       None (--) [3 edit(s)]  
2024-06-13 05:05:00,111	[DEBUG]	patch(33)="SrcmlStmtDeletion(('core/Solver.cc.xml', 'stmt', 311)) | SrcmlStmtInsertion(('core/Solver.cc.xml', '_inter_block', 328), ('core/Solver.cc.xml', 'stmt', 353)) | SrcmlStmtDeletion(('core/Solver.cc.xml', 'stmt', 87))"
2024-06-13 05:05:36,511	[DEBUG]	EXEC>  SUCCESS 75578677195.5
2024-06-13 05:05:36,511	[INFO]	34      SUCCESS               75578677195.500000 (144.68%) [3 edit(s)]  
2024-06-13 05:05:36,511	[DEBUG]	patch(34)="SrcmlStmtDeletion(('core/Solver.cc.xml', 'stmt', 311)) | SrcmlStmtInsertion(('core/Solver.cc.xml', '_inter_block', 328), ('core/Solver.cc.xml', 'stmt', 353)) | SrcmlStmtDeletion(('core/Solver.cc.xml', 'stmt', 306))"
2024-06-13 05:05:37,905	[INFO]	35      TEST_CODE_ERROR       None (--) [3 edit(s)]  
2024-06-13 05:05:37,905	[DEBUG]	patch(35)="SrcmlStmtDeletion(('core/Solver.cc.xml', 'stmt', 311)) | SrcmlStmtInsertion(('core/Solver.cc.xml', '_inter_block', 328), ('core/Solver.cc.xml', 'stmt', 353)) | SrcmlStmtDeletion(('core/Solver.cc.xml', 'stmt', 140))"
2024-06-13 05:05:38,144	[INFO]	36      COMPILE_CODE_ERROR    None (--) [3 edit(s)]  
2024-06-13 05:05:38,144	[DEBUG]	patch(36)="SrcmlStmtDeletion(('core/Solver.cc.xml', 'stmt', 311)) | SrcmlStmtInsertion(('core/Solver.cc.xml', '_inter_block', 328), ('core/Solver.cc.xml', 'stmt', 353)) | SrcmlStmtReplacement(('core/Solver.cc.xml', 'stmt', 285), ('core/Solver.cc.xml', 'stmt', 117))"
2024-06-13 05:05:38,401	[INFO]	37      COMPILE_CODE_ERROR    None (--) [3 edit(s)]  
2024-06-13 05:05:38,401	[DEBUG]	patch(37)="SrcmlStmtDeletion(('core/Solver.cc.xml', 'stmt', 311)) | SrcmlStmtInsertion(('core/Solver.cc.xml', '_inter_block', 328), ('core/Solver.cc.xml', 'stmt', 353)) | SrcmlStmtReplacement(('core/Solver.cc.xml', 'stmt', 274), ('core/Solver.cc.xml', 'stmt', 248))"
2024-06-13 05:06:03,112	[DEBUG]	EXEC>  SUCCESS 52219113506.0
2024-06-13 05:06:03,112	[INFO]	38      SUCCESS               52219113506.000000 (99.97%) [3 edit(s)]  
2024-06-13 05:06:03,112	[DEBUG]	patch(38)="SrcmlStmtDeletion(('core/Solver.cc.xml', 'stmt', 311)) | SrcmlStmtInsertion(('core/Solver.cc.xml', '_inter_block', 328), ('core/Solver.cc.xml', 'stmt', 353)) | SrcmlStmtInsertion(('core/Solver.cc.xml', '_inter_block', 27), ('core/Solver.cc.xml', 'stmt', 86))"
2024-06-13 05:06:03,384	[INFO]	39      COMPILE_CODE_ERROR    None (--) [3 edit(s)]  
2024-06-13 05:06:03,384	[DEBUG]	patch(39)="SrcmlStmtDeletion(('core/Solver.cc.xml', 'stmt', 311)) | SrcmlStmtInsertion(('core/Solver.cc.xml', '_inter_block', 328), ('core/Solver.cc.xml', 'stmt', 353)) | SrcmlStmtReplacement(('core/Solver.cc.xml', 'stmt', 335), ('core/Solver.cc.xml', 'stmt', 381))"
2024-06-13 05:06:03,395	[INFO]	40      COMPILE_CODE_ERROR    None (--) [3 edit(s)] [cached] 
2024-06-13 05:06:03,395	[DEBUG]	patch(40)="SrcmlStmtDeletion(('core/Solver.cc.xml', 'stmt', 311)) | SrcmlStmtInsertion(('core/Solver.cc.xml', '_inter_block', 328), ('core/Solver.cc.xml', 'stmt', 353)) | SrcmlStmtDeletion(('core/Solver.cc.xml', 'stmt', 103))"
2024-06-13 05:06:27,987	[DEBUG]	EXEC>  SUCCESS 52217659946.0
2024-06-13 05:06:27,987	[INFO]	41      SUCCESS               52217659946.000000 (99.96%) [3 edit(s)]  
2024-06-13 05:06:27,987	[DEBUG]	patch(41)="SrcmlStmtDeletion(('core/Solver.cc.xml', 'stmt', 311)) | SrcmlStmtInsertion(('core/Solver.cc.xml', '_inter_block', 328), ('core/Solver.cc.xml', 'stmt', 353)) | SrcmlStmtDeletion(('core/Solver.cc.xml', 'stmt', 305))"
2024-06-13 05:06:29,417	[INFO]	42      TEST_CODE_ERROR       None (--) [3 edit(s)]  
2024-06-13 05:06:29,418	[DEBUG]	patch(42)="SrcmlStmtDeletion(('core/Solver.cc.xml', 'stmt', 311)) | SrcmlStmtInsertion(('core/Solver.cc.xml', '_inter_block', 328), ('core/Solver.cc.xml', 'stmt', 353)) | SrcmlStmtDeletion(('core/Solver.cc.xml', 'stmt', 421))"
2024-06-13 05:06:29,663	[INFO]	43      COMPILE_CODE_ERROR    None (--) [3 edit(s)]  
2024-06-13 05:06:29,664	[DEBUG]	patch(43)="SrcmlStmtDeletion(('core/Solver.cc.xml', 'stmt', 311)) | SrcmlStmtInsertion(('core/Solver.cc.xml', '_inter_block', 328), ('core/Solver.cc.xml', 'stmt', 353)) | SrcmlStmtReplacement(('core/Solver.cc.xml', 'stmt', 187), ('core/Solver.cc.xml', 'stmt', 329))"
2024-06-13 05:06:54,324	[DEBUG]	EXEC>  SUCCESS 52218098847.5
2024-06-13 05:06:54,324	[INFO]	44      SUCCESS               52218098847.500000 (99.96%) [3 edit(s)]  
2024-06-13 05:06:54,324	[DEBUG]	patch(44)="SrcmlStmtDeletion(('core/Solver.cc.xml', 'stmt', 311)) | SrcmlStmtInsertion(('core/Solver.cc.xml', '_inter_block', 328), ('core/Solver.cc.xml', 'stmt', 353)) | SrcmlStmtDeletion(('core/Solver.cc.xml', 'stmt', 367))"
2024-06-13 05:07:18,860	[DEBUG]	EXEC>  SUCCESS 52238948888.5
2024-06-13 05:07:18,861	[INFO]	45      SUCCESS               52238948888.500000 (100.00%) [3 edit(s)]  
2024-06-13 05:07:18,861	[DEBUG]	patch(45)="SrcmlStmtDeletion(('core/Solver.cc.xml', 'stmt', 311)) | SrcmlStmtInsertion(('core/Solver.cc.xml', '_inter_block', 328), ('core/Solver.cc.xml', 'stmt', 353)) | SrcmlStmtDeletion(('core/Solver.cc.xml', 'stmt', 60))"
2024-06-13 05:07:19,127	[INFO]	46      COMPILE_CODE_ERROR    None (--) [3 edit(s)]  
2024-06-13 05:07:19,128	[DEBUG]	patch(46)="SrcmlStmtDeletion(('core/Solver.cc.xml', 'stmt', 311)) | SrcmlStmtInsertion(('core/Solver.cc.xml', '_inter_block', 328), ('core/Solver.cc.xml', 'stmt', 353)) | SrcmlStmtInsertion(('core/Solver.cc.xml', '_inter_block', 404), ('core/Solver.cc.xml', 'stmt', 354))"
2024-06-13 05:07:19,384	[INFO]	47      COMPILE_CODE_ERROR    None (--) [3 edit(s)]  
2024-06-13 05:07:19,384	[DEBUG]	patch(47)="SrcmlStmtDeletion(('core/Solver.cc.xml', 'stmt', 311)) | SrcmlStmtInsertion(('core/Solver.cc.xml', '_inter_block', 328), ('core/Solver.cc.xml', 'stmt', 353)) | SrcmlStmtReplacement(('core/Solver.cc.xml', 'stmt', 186), ('core/Solver.cc.xml', 'stmt', 369))"
2024-06-13 05:07:20,697	[INFO]	48      TEST_CODE_ERROR       None (--) [3 edit(s)]  
2024-06-13 05:07:20,698	[DEBUG]	patch(48)="SrcmlStmtDeletion(('core/Solver.cc.xml', 'stmt', 311)) | SrcmlStmtInsertion(('core/Solver.cc.xml', '_inter_block', 328), ('core/Solver.cc.xml', 'stmt', 353)) | SrcmlStmtReplacement(('core/Solver.cc.xml', 'stmt', 166), ('core/Solver.cc.xml', 'stmt', 162))"
2024-06-13 05:07:20,932	[INFO]	49      COMPILE_CODE_ERROR    None (--) [3 edit(s)]  
2024-06-13 05:07:20,932	[DEBUG]	patch(49)="SrcmlStmtDeletion(('core/Solver.cc.xml', 'stmt', 311)) | SrcmlStmtInsertion(('core/Solver.cc.xml', '_inter_block', 328), ('core/Solver.cc.xml', 'stmt', 353)) | SrcmlStmtReplacement(('core/Solver.cc.xml', 'stmt', 121), ('core/Solver.cc.xml', 'stmt', 72))"
2024-06-13 05:07:45,477	[DEBUG]	EXEC>  SUCCESS 52216383169.5
2024-06-13 05:07:45,477	[INFO]	50      SUCCESS              *52216383169.500000 (99.96%) [3 edit(s)]  
2024-06-13 05:07:45,478	[DEBUG]	patch(50)="SrcmlStmtDeletion(('core/Solver.cc.xml', 'stmt', 311)) | SrcmlStmtInsertion(('core/Solver.cc.xml', '_inter_block', 328), ('core/Solver.cc.xml', 'stmt', 353)) | SrcmlStmtDeletion(('core/Solver.cc.xml', 'stmt', 177))"
--- before: core/Solver.cc
+++ after: core/Solver.cc
@@ -478,22 +478,7 @@
 
     for (int i = trail.size()-1; i >= trail_lim[0]; i--){
         Var x = var(trail[i]);
-        if (seen[x]){
-            if (reason(x) == CRef_Undef){
-                assert(level(x) > 0);
-                out_conflict.push(~trail[i]);
-            }else{
-                Clause& c = ca[reason(x)];
-                for (int j = 1; j < c.size(); j++)
-                    /*auto*/{
-                        if (level(var(c[j])) > 0)
-                        /*auto*/{
-                            seen[var(c[j])] = 1;
-                        }/*auto*/
-                    }/*auto*/
-            }
-            seen[x] = 0;
-        }
+        
     }
 
     seen[var(p)] = 0;
@@ -636,6 +621,7 @@
         if (satisfied(c))
             /*auto*/{
                 removeClause(cs[i]);
+                int curr_restarts = 0;
             }/*auto*/
         else
             /*auto*/{
@@ -783,16 +769,7 @@
             while (decisionLevel() < assumptions.size()){
                 // Perform user provided assumption:
                 Lit p = assumptions[decisionLevel()];
-                if (value(p) == l_True){
-                    // Dummy decision level:
-                    newDecisionLevel();
-                }else if (value(p) == l_False){
-                    analyzeFinal(~p, conflict);
-                    return l_False;
-                }else{
-                    next = p;
-                    break;
-                }
+                
             }
 
             if (next == lit_Undef){

2024-06-13 05:07:45,744	[INFO]	51      COMPILE_CODE_ERROR    None (--) [4 edit(s)]  
2024-06-13 05:07:45,745	[DEBUG]	patch(51)="SrcmlStmtDeletion(('core/Solver.cc.xml', 'stmt', 311)) | SrcmlStmtInsertion(('core/Solver.cc.xml', '_inter_block', 328), ('core/Solver.cc.xml', 'stmt', 353)) | SrcmlStmtDeletion(('core/Solver.cc.xml', 'stmt', 177)) | SrcmlStmtReplacement(('core/Solver.cc.xml', 'stmt', 200), ('core/Solver.cc.xml', 'stmt', 130))"
2024-06-13 05:07:46,005	[INFO]	52      COMPILE_CODE_ERROR    None (--) [4 edit(s)]  
2024-06-13 05:07:46,005	[DEBUG]	patch(52)="SrcmlStmtDeletion(('core/Solver.cc.xml', 'stmt', 311)) | SrcmlStmtInsertion(('core/Solver.cc.xml', '_inter_block', 328), ('core/Solver.cc.xml', 'stmt', 353)) | SrcmlStmtDeletion(('core/Solver.cc.xml', 'stmt', 177)) | SrcmlStmtReplacement(('core/Solver.cc.xml', 'stmt', 74), ('core/Solver.cc.xml', 'stmt', 175))"
2024-06-13 05:08:22,572	[DEBUG]	EXEC>  SUCCESS 75581306346.5
2024-06-13 05:08:22,572	[INFO]	53      SUCCESS               75581306346.500000 (144.69%) [4 edit(s)]  
2024-06-13 05:08:22,572	[DEBUG]	patch(53)="SrcmlStmtDeletion(('core/Solver.cc.xml', 'stmt', 311)) | SrcmlStmtInsertion(('core/Solver.cc.xml', '_inter_block', 328), ('core/Solver.cc.xml', 'stmt', 353)) | SrcmlStmtDeletion(('core/Solver.cc.xml', 'stmt', 177)) | SrcmlStmtDeletion(('core/Solver.cc.xml', 'stmt', 306))"
2024-06-13 05:08:23,986	[INFO]	54      TEST_CODE_ERROR       None (--) [4 edit(s)]  
2024-06-13 05:08:23,986	[DEBUG]	patch(54)="SrcmlStmtDeletion(('core/Solver.cc.xml', 'stmt', 311)) | SrcmlStmtInsertion(('core/Solver.cc.xml', '_inter_block', 328), ('core/Solver.cc.xml', 'stmt', 353)) | SrcmlStmtDeletion(('core/Solver.cc.xml', 'stmt', 177)) | SrcmlStmtDeletion(('core/Solver.cc.xml', 'stmt', 115))"
2024-06-13 05:08:44,755	[DEBUG]	EXEC>  SUCCESS 43284325512.5
2024-06-13 05:08:44,755	[INFO]	55      SUCCESS              *43284325512.500000 (82.86%) [4 edit(s)]  
2024-06-13 05:08:44,756	[DEBUG]	patch(55)="SrcmlStmtDeletion(('core/Solver.cc.xml', 'stmt', 311)) | SrcmlStmtInsertion(('core/Solver.cc.xml', '_inter_block', 328), ('core/Solver.cc.xml', 'stmt', 353)) | SrcmlStmtDeletion(('core/Solver.cc.xml', 'stmt', 177)) | SrcmlStmtInsertion(('core/Solver.cc.xml', '_inter_block', 64), ('core/Solver.cc.xml', 'stmt', 182))"
--- before: core/Solver.cc
+++ after: core/Solver.cc
@@ -203,6 +203,13 @@
     else            /*auto*/{
     
            clauses_literals -= c.size();
+           for (int j = 1; j < c.size(); j++)
+               /*auto*/{
+                   if (level(var(c[j])) > 0)
+                   /*auto*/{
+                       seen[var(c[j])] = 1;
+                   }/*auto*/
+               }/*auto*/
     
     }/*auto*/ }
 
@@ -478,22 +485,7 @@
 
     for (int i = trail.size()-1; i >= trail_lim[0]; i--){
         Var x = var(trail[i]);
-        if (seen[x]){
-            if (reason(x) == CRef_Undef){
-                assert(level(x) > 0);
-                out_conflict.push(~trail[i]);
-            }else{
-                Clause& c = ca[reason(x)];
-                for (int j = 1; j < c.size(); j++)
-                    /*auto*/{
-                        if (level(var(c[j])) > 0)
-                        /*auto*/{
-                            seen[var(c[j])] = 1;
-                        }/*auto*/
-                    }/*auto*/
-            }
-            seen[x] = 0;
-        }
+        
     }
 
     seen[var(p)] = 0;
@@ -636,6 +628,7 @@
         if (satisfied(c))
             /*auto*/{
                 removeClause(cs[i]);
+                int curr_restarts = 0;
             }/*auto*/
         else
             /*auto*/{
@@ -783,16 +776,7 @@
             while (decisionLevel() < assumptions.size()){
                 // Perform user provided assumption:
                 Lit p = assumptions[decisionLevel()];
-                if (value(p) == l_True){
-                    // Dummy decision level:
-                    newDecisionLevel();
-                }else if (value(p) == l_False){
-                    analyzeFinal(~p, conflict);
-                    return l_False;
-                }else{
-                    next = p;
-                    break;
-                }
+                
             }
 
             if (next == lit_Undef){

2024-06-13 05:09:05,373	[DEBUG]	EXEC>  SUCCESS 43303157803.5
2024-06-13 05:09:05,374	[INFO]	56      SUCCESS               43303157803.500000 (82.90%) [3 edit(s)]  
2024-06-13 05:09:05,374	[DEBUG]	patch(56)="SrcmlStmtInsertion(('core/Solver.cc.xml', '_inter_block', 328), ('core/Solver.cc.xml', 'stmt', 353)) | SrcmlStmtDeletion(('core/Solver.cc.xml', 'stmt', 177)) | SrcmlStmtInsertion(('core/Solver.cc.xml', '_inter_block', 64), ('core/Solver.cc.xml', 'stmt', 182))"
2024-06-13 05:09:05,628	[INFO]	57      COMPILE_CODE_ERROR    None (--) [5 edit(s)]  
2024-06-13 05:09:05,628	[DEBUG]	patch(57)="SrcmlStmtDeletion(('core/Solver.cc.xml', 'stmt', 311)) | SrcmlStmtInsertion(('core/Solver.cc.xml', '_inter_block', 328), ('core/Solver.cc.xml', 'stmt', 353)) | SrcmlStmtDeletion(('core/Solver.cc.xml', 'stmt', 177)) | SrcmlStmtInsertion(('core/Solver.cc.xml', '_inter_block', 64), ('core/Solver.cc.xml', 'stmt', 182)) | SrcmlStmtReplacement(('core/Solver.cc.xml', 'stmt', 324), ('core/Solver.cc.xml', 'stmt', 107))"
2024-06-13 05:09:26,262	[DEBUG]	EXEC>  SUCCESS 43285346015.0
2024-06-13 05:09:26,262	[INFO]	58      SUCCESS               43285346015.000000 (82.86%) [3 edit(s)]  
2024-06-13 05:09:26,262	[DEBUG]	patch(58)="SrcmlStmtDeletion(('core/Solver.cc.xml', 'stmt', 311)) | SrcmlStmtDeletion(('core/Solver.cc.xml', 'stmt', 177)) | SrcmlStmtInsertion(('core/Solver.cc.xml', '_inter_block', 64), ('core/Solver.cc.xml', 'stmt', 182))"
2024-06-13 05:09:46,945	[DEBUG]	EXEC>  SUCCESS 43285512758.0
2024-06-13 05:09:46,945	[INFO]	59      SUCCESS               43285512758.000000 (82.86%) [5 edit(s)]  
2024-06-13 05:09:46,946	[DEBUG]	patch(59)="SrcmlStmtDeletion(('core/Solver.cc.xml', 'stmt', 311)) | SrcmlStmtInsertion(('core/Solver.cc.xml', '_inter_block', 328), ('core/Solver.cc.xml', 'stmt', 353)) | SrcmlStmtDeletion(('core/Solver.cc.xml', 'stmt', 177)) | SrcmlStmtInsertion(('core/Solver.cc.xml', '_inter_block', 64), ('core/Solver.cc.xml', 'stmt', 182)) | SrcmlStmtDeletion(('core/Solver.cc.xml', 'stmt', 386))"
2024-06-13 05:10:07,446	[DEBUG]	EXEC>  SUCCESS 43284919269.0
2024-06-13 05:10:07,446	[INFO]	60      SUCCESS               43284919269.000000 (82.86%) [3 edit(s)]  
2024-06-13 05:10:07,446	[DEBUG]	patch(60)="SrcmlStmtDeletion(('core/Solver.cc.xml', 'stmt', 311)) | SrcmlStmtInsertion(('core/Solver.cc.xml', '_inter_block', 328), ('core/Solver.cc.xml', 'stmt', 353)) | SrcmlStmtInsertion(('core/Solver.cc.xml', '_inter_block', 64), ('core/Solver.cc.xml', 'stmt', 182))"
2024-06-13 05:10:07,460	[INFO]	~~~~ END ~~~~
2024-06-13 05:10:07,460	[INFO]	
2024-06-13 05:10:07,460	[INFO]	==== REPORT ====
2024-06-13 05:10:07,460	[INFO]	Termination: time budget
2024-06-13 05:10:07,460	[INFO]	Retries: 2
2024-06-13 05:10:07,461	[INFO]	Log file: /home/jim/magpie/_magpie_logs/minisat_1718251013.log
2024-06-13 05:10:07,461	[INFO]	Patch file: _magpie_logs/minisat_1718251013.patch
2024-06-13 05:10:07,461	[INFO]	Diff file: _magpie_logs/minisat_1718251013.diff
2024-06-13 05:10:07,461	[INFO]	Reference fitness: 52237274866.000000
2024-06-13 05:10:07,461	[INFO]	Best fitness: 43284325512.500000
2024-06-13 05:10:07,461	[INFO]	
2024-06-13 05:10:07,463	[INFO]	==== BEST PATCH ====
SrcmlStmtDeletion(('core/Solver.cc.xml', 'stmt', 311)) | SrcmlStmtInsertion(('core/Solver.cc.xml', '_inter_block', 328), ('core/Solver.cc.xml', 'stmt', 353)) | SrcmlStmtDeletion(('core/Solver.cc.xml', 'stmt', 177)) | SrcmlStmtInsertion(('core/Solver.cc.xml', '_inter_block', 64), ('core/Solver.cc.xml', 'stmt', 182))
2024-06-13 05:10:07,463	[INFO]	
2024-06-13 05:10:07,463	[INFO]	==== DIFF ====
[1m--- before: core/Solver.cc[0m
[1m+++ after: core/Solver.cc[0m
[36m@@ -203,6 +203,13 @@[0m
     else            /*auto*/{
     
            clauses_literals -= c.size();
[32m+           for (int j = 1; j < c.size(); j++)[0m
[32m+               /*auto*/{[0m
[32m+                   if (level(var(c[j])) > 0)[0m
[32m+                   /*auto*/{[0m
[32m+                       seen[var(c[j])] = 1;[0m
[32m+                   }/*auto*/[0m
[32m+               }/*auto*/[0m
     
     }/*auto*/ }
 
[36m@@ -478,22 +485,7 @@[0m
 
     for (int i = trail.size()-1; i >= trail_lim[0]; i--){
         Var x = var(trail[i]);
[31m-        if (seen[x]){[0m
[31m-            if (reason(x) == CRef_Undef){[0m
[31m-                assert(level(x) > 0);[0m
[31m-                out_conflict.push(~trail[i]);[0m
[31m-            }else{[0m
[31m-                Clause& c = ca[reason(x)];[0m
[31m-                for (int j = 1; j < c.size(); j++)[0m
[31m-                    /*auto*/{[0m
[31m-                        if (level(var(c[j])) > 0)[0m
[31m-                        /*auto*/{[0m
[31m-                            seen[var(c[j])] = 1;[0m
[31m-                        }/*auto*/[0m
[31m-                    }/*auto*/[0m
[31m-            }[0m
[31m-            seen[x] = 0;[0m
[31m-        }[0m
[32m+        [0m
     }
 
     seen[var(p)] = 0;
[36m@@ -636,6 +628,7 @@[0m
         if (satisfied(c))
             /*auto*/{
                 removeClause(cs[i]);
[32m+                int curr_restarts = 0;[0m
             }/*auto*/
         else
             /*auto*/{
[36m@@ -783,16 +776,7 @@[0m
             while (decisionLevel() < assumptions.size()){
                 // Perform user provided assumption:
                 Lit p = assumptions[decisionLevel()];
[31m-                if (value(p) == l_True){[0m
[31m-                    // Dummy decision level:[0m
[31m-                    newDecisionLevel();[0m
[31m-                }else if (value(p) == l_False){[0m
[31m-                    analyzeFinal(~p, conflict);[0m
[31m-                    return l_False;[0m
[31m-                }else{[0m
[31m-                    next = p;[0m
[31m-                    break;[0m
[31m-                }[0m
[32m+                [0m
             }
 
             if (next == lit_Undef){

