2024-08-01 17:52:32,980	[DEBUG]	==== CONFIG ====
[magpie]
import = 
seed = 45
log_dir = _magpie_logs
work_dir = _magpie_work
local_original_copy = True
local_original_name = __original__
output_encoding = ascii
edit_retries = 10
default_timeout = 60
default_lengthout = 1e6
diff_method = unified
trust_local_filesystem = True

[magpie.log]
color_output = True
format_info = {counter:<7} {status:<20} {best}{fitness} ({ratio}) [{size}] {cached} {log}
format_debug = patch({counter})="{patch}"{diffifbest}
format_fitness = {:.6f}
format_ratio = {:.2%%}
format_patchif = 
	 --> {patch}
format_diffif = 
	{diff}

[software]
path = examples/weka
target_files = src/main/java/weka/classifiers/trees/RandomForest.java.xml
software = BasicSoftware
model_rules = 
	*.params : ParamFileConfigModel
	*.xml : SrcmlModel
	* : LineModel
model_config = 
	*.params : [paramconfig]
	*.xml : [srcml]
init_cmd = 
init_timeout = 60
init_lengthout = -1
setup_cmd = ant compile
setup_timeout = 
setup_lengthout = 
compile_cmd = ant compile
compile_timeout = 
compile_lengthout = 
test_cmd = bash test.sh
test_timeout = 
test_lengthout = 
run_cmd = perf stat  bash run_fixed.sh
run_timeout = 
run_lengthout = 
retries = 5
batch_timeout = 
batch_lengthout = 
batch_bin_fitness_strategy = aggregate
batch_fitness_strategy = sum
fitness = perf_time

[srcml]
rename = 
	stmt: break continue decl_stmt do expr_stmt for goto if return switch while
	number: literal_number
focus = block stmt operator_comp operator_arith number
internodes = block
process_pseudo_blocks = True
process_literals = True
process_operators = True

[paramconfig]
timing = test run
cli_prefix = --
cli_glue = =
cli_boolean = show
cli_boolean_prefix_true = 
cli_boolean_prefix_false = no-
cli_none = hide
silent_prefix = @
silent_suffix = $

[search]
protocol = BasicProtocol
algorithm = FirstImprovement
possible_edits = 
	SrcmlStmtReplacement
	SrcmlStmtInsertion
	SrcmlStmtDeletion
warmup = 3
warmup_strategy = last
max_steps = 1000
max_time = 1800
target_fitness = 
cache_maxsize = 100
cache_keep = 0.2
batch_instances = 
batch_shuffle = True
batch_bin_shuffle = False
batch_sample_size = 1

[search.ls]
delete_prob = 0.5
max_neighbours = 
when_trapped = continue
accept_fail = False
tabu_length = 10

[search.gp]
pop_size = 10
delete_prob = 0.5
offspring_elitism = 0.1
offspring_crossover = 0.5
offspring_mutation = 0.4
uniform_rate = 0.5
batch_reset = True

[search.minify]
do_cleanup = True
do_rebuild = True
do_simplify = True
round_robin_limit = 3


2024-08-01 17:52:32,981	[DEBUG]	
2024-08-01 17:52:32,981	[INFO]	==== SEARCH: FirstImprovement ====
2024-08-01 17:52:32,981	[INFO]	~~~~ WARMUP ~~~~
2024-08-01 17:53:47,025	[DEBUG]	EXEC>  SUCCESS 10343794205.6
2024-08-01 17:53:47,025	[INFO]	WARM    SUCCESS               10343794205.600000 (--) [0 edit(s)]  
2024-08-01 17:54:43,919	[DEBUG]	EXEC>  SUCCESS 10329447049.6
2024-08-01 17:54:43,919	[INFO]	WARM    SUCCESS               10329447049.600000 (--) [0 edit(s)]  
2024-08-01 17:55:41,576	[DEBUG]	EXEC>  SUCCESS 10364683945.2
2024-08-01 17:55:41,577	[INFO]	WARM    SUCCESS               10364683945.200001 (--) [0 edit(s)]  
2024-08-01 17:55:41,577	[INFO]	REF     SUCCESS               10364683945.200001 (--) [0 edit(s)]  
2024-08-01 17:55:41,577	[INFO]	
2024-08-01 17:55:41,577	[INFO]	~~~~ START ~~~~
2024-08-01 17:55:44,553	[INFO]	1       COMPILE_CODE_ERROR    None (--) [1 edit(s)]  
2024-08-01 17:55:44,553	[DEBUG]	patch(1)="SrcmlStmtInsertion(('src/main/java/weka/classifiers/trees/RandomForest.java.xml', '_inter_block', 65), ('src/main/java/weka/classifiers/trees/RandomForest.java.xml', 'stmt', 77))"
2024-08-01 17:55:47,464	[INFO]	2       COMPILE_CODE_ERROR    None (--) [1 edit(s)]  
2024-08-01 17:55:47,464	[DEBUG]	patch(2)="SrcmlStmtInsertion(('src/main/java/weka/classifiers/trees/RandomForest.java.xml', '_inter_block', 123), ('src/main/java/weka/classifiers/trees/RandomForest.java.xml', 'stmt', 29))"
2024-08-01 17:55:50,476	[INFO]	3       COMPILE_CODE_ERROR    None (--) [1 edit(s)]  
2024-08-01 17:55:50,476	[DEBUG]	patch(3)="SrcmlStmtInsertion(('src/main/java/weka/classifiers/trees/RandomForest.java.xml', '_inter_block', 218), ('src/main/java/weka/classifiers/trees/RandomForest.java.xml', 'stmt', 17))"
2024-08-01 17:55:53,300	[INFO]	4       COMPILE_CODE_ERROR    None (--) [1 edit(s)]  
2024-08-01 17:55:53,300	[DEBUG]	patch(4)="SrcmlStmtReplacement(('src/main/java/weka/classifiers/trees/RandomForest.java.xml', 'stmt', 54), ('src/main/java/weka/classifiers/trees/RandomForest.java.xml', 'stmt', 19))"
2024-08-01 17:55:56,164	[INFO]	5       COMPILE_CODE_ERROR    None (--) [1 edit(s)]  
2024-08-01 17:55:56,164	[DEBUG]	patch(5)="SrcmlStmtDeletion(('src/main/java/weka/classifiers/trees/RandomForest.java.xml', 'stmt', 36))"
2024-08-01 17:55:59,137	[INFO]	6       COMPILE_CODE_ERROR    None (--) [1 edit(s)]  
2024-08-01 17:55:59,138	[DEBUG]	patch(6)="SrcmlStmtDeletion(('src/main/java/weka/classifiers/trees/RandomForest.java.xml', 'stmt', 8))"
2024-08-01 17:56:02,050	[INFO]	7       COMPILE_CODE_ERROR    None (--) [1 edit(s)]  
2024-08-01 17:56:02,050	[DEBUG]	patch(7)="SrcmlStmtReplacement(('src/main/java/weka/classifiers/trees/RandomForest.java.xml', 'stmt', 91), ('src/main/java/weka/classifiers/trees/RandomForest.java.xml', 'stmt', 24))"
2024-08-01 17:56:04,925	[INFO]	8       COMPILE_CODE_ERROR    None (--) [1 edit(s)]  
2024-08-01 17:56:04,925	[DEBUG]	patch(8)="SrcmlStmtInsertion(('src/main/java/weka/classifiers/trees/RandomForest.java.xml', '_inter_block', 192), ('src/main/java/weka/classifiers/trees/RandomForest.java.xml', 'stmt', 81))"
2024-08-01 17:56:07,856	[INFO]	9       COMPILE_CODE_ERROR    None (--) [1 edit(s)]  
2024-08-01 17:56:07,856	[DEBUG]	patch(9)="SrcmlStmtInsertion(('src/main/java/weka/classifiers/trees/RandomForest.java.xml', '_inter_block', 126), ('src/main/java/weka/classifiers/trees/RandomForest.java.xml', 'stmt', 53))"
2024-08-01 17:56:10,855	[INFO]	10      COMPILE_CODE_ERROR    None (--) [1 edit(s)]  
2024-08-01 17:56:10,856	[DEBUG]	patch(10)="SrcmlStmtInsertion(('src/main/java/weka/classifiers/trees/RandomForest.java.xml', '_inter_block', 63), ('src/main/java/weka/classifiers/trees/RandomForest.java.xml', 'stmt', 108))"
2024-08-01 17:56:13,763	[INFO]	11      COMPILE_CODE_ERROR    None (--) [1 edit(s)]  
2024-08-01 17:56:13,763	[DEBUG]	patch(11)="SrcmlStmtInsertion(('src/main/java/weka/classifiers/trees/RandomForest.java.xml', '_inter_block', 98), ('src/main/java/weka/classifiers/trees/RandomForest.java.xml', 'stmt', 36))"
2024-08-01 17:56:17,809	[INFO]	12      TEST_CODE_ERROR       None (--) [1 edit(s)]  
2024-08-01 17:56:17,810	[DEBUG]	patch(12)="SrcmlStmtDeletion(('src/main/java/weka/classifiers/trees/RandomForest.java.xml', 'stmt', 141))"
2024-08-01 17:57:16,616	[DEBUG]	EXEC>  SUCCESS 10443551908.8
2024-08-01 17:57:16,616	[INFO]	13      SUCCESS               10443551908.799999 (100.76%) [1 edit(s)]  
2024-08-01 17:57:16,616	[DEBUG]	patch(13)="SrcmlStmtReplacement(('src/main/java/weka/classifiers/trees/RandomForest.java.xml', 'stmt', 131), ('src/main/java/weka/classifiers/trees/RandomForest.java.xml', 'stmt', 139))"
2024-08-01 17:58:14,772	[DEBUG]	EXEC>  SUCCESS 10321881137.2
2024-08-01 17:58:14,772	[INFO]	14      SUCCESS              *10321881137.200001 (99.59%) [1 edit(s)]  
2024-08-01 17:58:14,772	[DEBUG]	patch(14)="SrcmlStmtDeletion(('src/main/java/weka/classifiers/trees/RandomForest.java.xml', 'stmt', 81))"
--- before: src/main/java/weka/classifiers/trees/RandomForest.java
+++ after: src/main/java/weka/classifiers/trees/RandomForest.java
@@ -592,11 +592,7 @@
         "\tWhether to store out of bag predictions in internal evaluation object.",
         "store-out-of-bag-predictions", 0, "-store-out-of-bag-predictions"));
 
-    newVector
-      .addElement(new Option(
-        "\tWhether to output complexity-based statistics when out-of-bag evaluation is performed.",
-        "output-out-of-bag-complexity-statistics", 0,
-        "-output-out-of-bag-complexity-statistics"));
+    
 
     newVector
       .addElement(new Option(

2024-08-01 17:58:14,776	[INFO]	15      SUCCESS               10364683945.200001 (100.00%) [0 edit(s)] [cached] 
2024-08-01 17:58:14,776	[DEBUG]	patch(15)=""
2024-08-01 17:58:17,749	[INFO]	16      COMPILE_CODE_ERROR    None (--) [2 edit(s)]  
2024-08-01 17:58:17,749	[DEBUG]	patch(16)="SrcmlStmtDeletion(('src/main/java/weka/classifiers/trees/RandomForest.java.xml', 'stmt', 81)) | SrcmlStmtInsertion(('src/main/java/weka/classifiers/trees/RandomForest.java.xml', '_inter_block', 84), ('src/main/java/weka/classifiers/trees/RandomForest.java.xml', 'stmt', 62))"
2024-08-01 17:58:20,526	[INFO]	17      COMPILE_CODE_ERROR    None (--) [2 edit(s)]  
2024-08-01 17:58:20,526	[DEBUG]	patch(17)="SrcmlStmtDeletion(('src/main/java/weka/classifiers/trees/RandomForest.java.xml', 'stmt', 81)) | SrcmlStmtDeletion(('src/main/java/weka/classifiers/trees/RandomForest.java.xml', 'stmt', 126))"
2024-08-01 17:58:23,377	[INFO]	18      COMPILE_CODE_ERROR    None (--) [2 edit(s)]  
2024-08-01 17:58:23,377	[DEBUG]	patch(18)="SrcmlStmtDeletion(('src/main/java/weka/classifiers/trees/RandomForest.java.xml', 'stmt', 81)) | SrcmlStmtInsertion(('src/main/java/weka/classifiers/trees/RandomForest.java.xml', '_inter_block', 44), ('src/main/java/weka/classifiers/trees/RandomForest.java.xml', 'stmt', 16))"
2024-08-01 17:58:26,236	[INFO]	19      COMPILE_CODE_ERROR    None (--) [2 edit(s)]  
2024-08-01 17:58:26,237	[DEBUG]	patch(19)="SrcmlStmtDeletion(('src/main/java/weka/classifiers/trees/RandomForest.java.xml', 'stmt', 81)) | SrcmlStmtReplacement(('src/main/java/weka/classifiers/trees/RandomForest.java.xml', 'stmt', 41), ('src/main/java/weka/classifiers/trees/RandomForest.java.xml', 'stmt', 114))"
2024-08-01 17:59:24,977	[DEBUG]	EXEC>  SUCCESS 10388844178.8
2024-08-01 17:59:24,977	[INFO]	20      SUCCESS               10388844178.799999 (100.23%) [2 edit(s)]  
2024-08-01 17:59:24,977	[DEBUG]	patch(20)="SrcmlStmtDeletion(('src/main/java/weka/classifiers/trees/RandomForest.java.xml', 'stmt', 81)) | SrcmlStmtInsertion(('src/main/java/weka/classifiers/trees/RandomForest.java.xml', '_inter_block', 196), ('src/main/java/weka/classifiers/trees/RandomForest.java.xml', 'stmt', 96))"
2024-08-01 17:59:27,989	[INFO]	21      COMPILE_CODE_ERROR    None (--) [2 edit(s)]  
2024-08-01 17:59:27,989	[DEBUG]	patch(21)="SrcmlStmtDeletion(('src/main/java/weka/classifiers/trees/RandomForest.java.xml', 'stmt', 81)) | SrcmlStmtInsertion(('src/main/java/weka/classifiers/trees/RandomForest.java.xml', '_inter_block', 151), ('src/main/java/weka/classifiers/trees/RandomForest.java.xml', 'stmt', 119))"
2024-08-01 17:59:30,827	[INFO]	22      COMPILE_CODE_ERROR    None (--) [2 edit(s)]  
2024-08-01 17:59:30,827	[DEBUG]	patch(22)="SrcmlStmtDeletion(('src/main/java/weka/classifiers/trees/RandomForest.java.xml', 'stmt', 81)) | SrcmlStmtDeletion(('src/main/java/weka/classifiers/trees/RandomForest.java.xml', 'stmt', 59))"
2024-08-01 17:59:33,710	[INFO]	23      COMPILE_CODE_ERROR    None (--) [2 edit(s)]  
2024-08-01 17:59:33,711	[DEBUG]	patch(23)="SrcmlStmtDeletion(('src/main/java/weka/classifiers/trees/RandomForest.java.xml', 'stmt', 81)) | SrcmlStmtReplacement(('src/main/java/weka/classifiers/trees/RandomForest.java.xml', 'stmt', 12), ('src/main/java/weka/classifiers/trees/RandomForest.java.xml', 'stmt', 94))"
2024-08-01 18:00:32,676	[DEBUG]	EXEC>  SUCCESS 10376198553.4
2024-08-01 18:00:32,676	[INFO]	24      SUCCESS               10376198553.400000 (100.11%) [2 edit(s)]  
2024-08-01 18:00:32,676	[DEBUG]	patch(24)="SrcmlStmtDeletion(('src/main/java/weka/classifiers/trees/RandomForest.java.xml', 'stmt', 81)) | SrcmlStmtInsertion(('src/main/java/weka/classifiers/trees/RandomForest.java.xml', '_inter_block', 205), ('src/main/java/weka/classifiers/trees/RandomForest.java.xml', 'stmt', 13))"
2024-08-01 18:00:35,583	[INFO]	25      COMPILE_CODE_ERROR    None (--) [2 edit(s)]  
2024-08-01 18:00:35,584	[DEBUG]	patch(25)="SrcmlStmtDeletion(('src/main/java/weka/classifiers/trees/RandomForest.java.xml', 'stmt', 81)) | SrcmlStmtInsertion(('src/main/java/weka/classifiers/trees/RandomForest.java.xml', '_inter_block', 144), ('src/main/java/weka/classifiers/trees/RandomForest.java.xml', 'stmt', 98))"
2024-08-01 18:00:38,363	[INFO]	26      COMPILE_CODE_ERROR    None (--) [2 edit(s)]  
2024-08-01 18:00:38,363	[DEBUG]	patch(26)="SrcmlStmtDeletion(('src/main/java/weka/classifiers/trees/RandomForest.java.xml', 'stmt', 81)) | SrcmlStmtInsertion(('src/main/java/weka/classifiers/trees/RandomForest.java.xml', '_inter_block', 99), ('src/main/java/weka/classifiers/trees/RandomForest.java.xml', 'stmt', 56))"
2024-08-01 18:01:37,072	[DEBUG]	EXEC>  SUCCESS 10370665692.8
2024-08-01 18:01:37,072	[INFO]	27      SUCCESS               10370665692.799999 (100.06%) [2 edit(s)]  
2024-08-01 18:01:37,072	[DEBUG]	patch(27)="SrcmlStmtDeletion(('src/main/java/weka/classifiers/trees/RandomForest.java.xml', 'stmt', 81)) | SrcmlStmtDeletion(('src/main/java/weka/classifiers/trees/RandomForest.java.xml', 'stmt', 104))"
2024-08-01 18:01:40,000	[INFO]	28      COMPILE_CODE_ERROR    None (--) [2 edit(s)]  
2024-08-01 18:01:40,000	[DEBUG]	patch(28)="SrcmlStmtDeletion(('src/main/java/weka/classifiers/trees/RandomForest.java.xml', 'stmt', 81)) | SrcmlStmtReplacement(('src/main/java/weka/classifiers/trees/RandomForest.java.xml', 'stmt', 21), ('src/main/java/weka/classifiers/trees/RandomForest.java.xml', 'stmt', 33))"
2024-08-01 18:01:42,881	[INFO]	29      COMPILE_CODE_ERROR    None (--) [2 edit(s)]  
2024-08-01 18:01:42,881	[DEBUG]	patch(29)="SrcmlStmtDeletion(('src/main/java/weka/classifiers/trees/RandomForest.java.xml', 'stmt', 81)) | SrcmlStmtInsertion(('src/main/java/weka/classifiers/trees/RandomForest.java.xml', '_inter_block', 102), ('src/main/java/weka/classifiers/trees/RandomForest.java.xml', 'stmt', 97))"
2024-08-01 18:01:45,775	[INFO]	30      COMPILE_CODE_ERROR    None (--) [2 edit(s)]  
2024-08-01 18:01:45,776	[DEBUG]	patch(30)="SrcmlStmtDeletion(('src/main/java/weka/classifiers/trees/RandomForest.java.xml', 'stmt', 81)) | SrcmlStmtReplacement(('src/main/java/weka/classifiers/trees/RandomForest.java.xml', 'stmt', 84), ('src/main/java/weka/classifiers/trees/RandomForest.java.xml', 'stmt', 128))"
2024-08-01 18:01:48,704	[INFO]	31      COMPILE_CODE_ERROR    None (--) [2 edit(s)]  
2024-08-01 18:01:48,704	[DEBUG]	patch(31)="SrcmlStmtDeletion(('src/main/java/weka/classifiers/trees/RandomForest.java.xml', 'stmt', 81)) | SrcmlStmtInsertion(('src/main/java/weka/classifiers/trees/RandomForest.java.xml', '_inter_block', 123), ('src/main/java/weka/classifiers/trees/RandomForest.java.xml', 'stmt', 60))"
2024-08-01 18:02:47,356	[DEBUG]	EXEC>  SUCCESS 10385353254.6
2024-08-01 18:02:47,357	[INFO]	32      SUCCESS               10385353254.600000 (100.20%) [2 edit(s)]  
2024-08-01 18:02:47,357	[DEBUG]	patch(32)="SrcmlStmtDeletion(('src/main/java/weka/classifiers/trees/RandomForest.java.xml', 'stmt', 81)) | SrcmlStmtReplacement(('src/main/java/weka/classifiers/trees/RandomForest.java.xml', 'stmt', 27), ('src/main/java/weka/classifiers/trees/RandomForest.java.xml', 'stmt', 129))"
2024-08-01 18:02:50,251	[INFO]	33      COMPILE_CODE_ERROR    None (--) [2 edit(s)]  
2024-08-01 18:02:50,251	[DEBUG]	patch(33)="SrcmlStmtDeletion(('src/main/java/weka/classifiers/trees/RandomForest.java.xml', 'stmt', 81)) | SrcmlStmtInsertion(('src/main/java/weka/classifiers/trees/RandomForest.java.xml', '_inter_block', 222), ('src/main/java/weka/classifiers/trees/RandomForest.java.xml', 'stmt', 105))"
2024-08-01 18:03:48,694	[DEBUG]	EXEC>  SUCCESS 10405729430.8
2024-08-01 18:03:48,694	[INFO]	34      SUCCESS               10405729430.799999 (100.40%) [2 edit(s)]  
2024-08-01 18:03:48,695	[DEBUG]	patch(34)="SrcmlStmtDeletion(('src/main/java/weka/classifiers/trees/RandomForest.java.xml', 'stmt', 81)) | SrcmlStmtDeletion(('src/main/java/weka/classifiers/trees/RandomForest.java.xml', 'stmt', 48))"
2024-08-01 18:03:51,628	[INFO]	35      COMPILE_CODE_ERROR    None (--) [2 edit(s)]  
2024-08-01 18:03:51,628	[DEBUG]	patch(35)="SrcmlStmtDeletion(('src/main/java/weka/classifiers/trees/RandomForest.java.xml', 'stmt', 81)) | SrcmlStmtReplacement(('src/main/java/weka/classifiers/trees/RandomForest.java.xml', 'stmt', 26), ('src/main/java/weka/classifiers/trees/RandomForest.java.xml', 'stmt', 127))"
2024-08-01 18:03:54,582	[INFO]	36      COMPILE_CODE_ERROR    None (--) [2 edit(s)]  
2024-08-01 18:03:54,582	[DEBUG]	patch(36)="SrcmlStmtDeletion(('src/main/java/weka/classifiers/trees/RandomForest.java.xml', 'stmt', 81)) | SrcmlStmtInsertion(('src/main/java/weka/classifiers/trees/RandomForest.java.xml', '_inter_block', 93), ('src/main/java/weka/classifiers/trees/RandomForest.java.xml', 'stmt', 87))"
2024-08-01 18:04:53,022	[DEBUG]	EXEC>  SUCCESS 10384963295.8
2024-08-01 18:04:53,022	[INFO]	37      SUCCESS               10384963295.799999 (100.20%) [2 edit(s)]  
2024-08-01 18:04:53,022	[DEBUG]	patch(37)="SrcmlStmtDeletion(('src/main/java/weka/classifiers/trees/RandomForest.java.xml', 'stmt', 81)) | SrcmlStmtDeletion(('src/main/java/weka/classifiers/trees/RandomForest.java.xml', 'stmt', 40))"
2024-08-01 18:05:51,566	[DEBUG]	EXEC>  SUCCESS 10333918552.2
2024-08-01 18:05:51,567	[INFO]	38      SUCCESS               10333918552.200001 (99.70%) [2 edit(s)]  
2024-08-01 18:05:51,567	[DEBUG]	patch(38)="SrcmlStmtDeletion(('src/main/java/weka/classifiers/trees/RandomForest.java.xml', 'stmt', 81)) | SrcmlStmtReplacement(('src/main/java/weka/classifiers/trees/RandomForest.java.xml', 'stmt', 132), ('src/main/java/weka/classifiers/trees/RandomForest.java.xml', 'stmt', 86))"
2024-08-01 18:05:54,623	[INFO]	39      COMPILE_CODE_ERROR    None (--) [2 edit(s)]  
2024-08-01 18:05:54,623	[DEBUG]	patch(39)="SrcmlStmtDeletion(('src/main/java/weka/classifiers/trees/RandomForest.java.xml', 'stmt', 81)) | SrcmlStmtInsertion(('src/main/java/weka/classifiers/trees/RandomForest.java.xml', '_inter_block', 44), ('src/main/java/weka/classifiers/trees/RandomForest.java.xml', 'stmt', 27))"
2024-08-01 18:05:57,552	[INFO]	40      COMPILE_CODE_ERROR    None (--) [2 edit(s)]  
2024-08-01 18:05:57,552	[DEBUG]	patch(40)="SrcmlStmtDeletion(('src/main/java/weka/classifiers/trees/RandomForest.java.xml', 'stmt', 81)) | SrcmlStmtInsertion(('src/main/java/weka/classifiers/trees/RandomForest.java.xml', '_inter_block', 72), ('src/main/java/weka/classifiers/trees/RandomForest.java.xml', 'stmt', 45))"
2024-08-01 18:06:00,490	[INFO]	41      COMPILE_CODE_ERROR    None (--) [2 edit(s)]  
2024-08-01 18:06:00,490	[DEBUG]	patch(41)="SrcmlStmtDeletion(('src/main/java/weka/classifiers/trees/RandomForest.java.xml', 'stmt', 81)) | SrcmlStmtInsertion(('src/main/java/weka/classifiers/trees/RandomForest.java.xml', '_inter_block', 159), ('src/main/java/weka/classifiers/trees/RandomForest.java.xml', 'stmt', 113))"
2024-08-01 18:06:03,389	[INFO]	42      COMPILE_CODE_ERROR    None (--) [2 edit(s)]  
2024-08-01 18:06:03,389	[DEBUG]	patch(42)="SrcmlStmtDeletion(('src/main/java/weka/classifiers/trees/RandomForest.java.xml', 'stmt', 81)) | SrcmlStmtInsertion(('src/main/java/weka/classifiers/trees/RandomForest.java.xml', '_inter_block', 192), ('src/main/java/weka/classifiers/trees/RandomForest.java.xml', 'stmt', 5))"
2024-08-01 18:06:05,782	[INFO]	43      COMPILE_CODE_ERROR    None (--) [2 edit(s)]  
2024-08-01 18:06:05,783	[DEBUG]	patch(43)="SrcmlStmtDeletion(('src/main/java/weka/classifiers/trees/RandomForest.java.xml', 'stmt', 81)) | SrcmlStmtReplacement(('src/main/java/weka/classifiers/trees/RandomForest.java.xml', 'stmt', 9), ('src/main/java/weka/classifiers/trees/RandomForest.java.xml', 'stmt', 0))"
2024-08-01 18:06:08,725	[INFO]	44      COMPILE_CODE_ERROR    None (--) [2 edit(s)]  
2024-08-01 18:06:08,725	[DEBUG]	patch(44)="SrcmlStmtDeletion(('src/main/java/weka/classifiers/trees/RandomForest.java.xml', 'stmt', 81)) | SrcmlStmtReplacement(('src/main/java/weka/classifiers/trees/RandomForest.java.xml', 'stmt', 126), ('src/main/java/weka/classifiers/trees/RandomForest.java.xml', 'stmt', 77))"
2024-08-01 18:06:11,740	[INFO]	45      COMPILE_CODE_ERROR    None (--) [2 edit(s)]  
2024-08-01 18:06:11,741	[DEBUG]	patch(45)="SrcmlStmtDeletion(('src/main/java/weka/classifiers/trees/RandomForest.java.xml', 'stmt', 81)) | SrcmlStmtReplacement(('src/main/java/weka/classifiers/trees/RandomForest.java.xml', 'stmt', 87), ('src/main/java/weka/classifiers/trees/RandomForest.java.xml', 'stmt', 95))"
2024-08-01 18:06:14,264	[INFO]	46      COMPILE_CODE_ERROR    None (--) [2 edit(s)]  
2024-08-01 18:06:14,265	[DEBUG]	patch(46)="SrcmlStmtDeletion(('src/main/java/weka/classifiers/trees/RandomForest.java.xml', 'stmt', 81)) | SrcmlStmtInsertion(('src/main/java/weka/classifiers/trees/RandomForest.java.xml', '_inter_block', 167), ('src/main/java/weka/classifiers/trees/RandomForest.java.xml', 'stmt', 0))"
2024-08-01 18:06:17,083	[INFO]	47      COMPILE_CODE_ERROR    None (--) [2 edit(s)]  
2024-08-01 18:06:17,084	[DEBUG]	patch(47)="SrcmlStmtDeletion(('src/main/java/weka/classifiers/trees/RandomForest.java.xml', 'stmt', 81)) | SrcmlStmtReplacement(('src/main/java/weka/classifiers/trees/RandomForest.java.xml', 'stmt', 95), ('src/main/java/weka/classifiers/trees/RandomForest.java.xml', 'stmt', 114))"
2024-08-01 18:07:15,780	[DEBUG]	EXEC>  SUCCESS 10340386638.0
2024-08-01 18:07:15,780	[INFO]	48      SUCCESS               10340386638.000000 (99.77%) [2 edit(s)]  
2024-08-01 18:07:15,780	[DEBUG]	patch(48)="SrcmlStmtDeletion(('src/main/java/weka/classifiers/trees/RandomForest.java.xml', 'stmt', 81)) | SrcmlStmtDeletion(('src/main/java/weka/classifiers/trees/RandomForest.java.xml', 'stmt', 33))"
2024-08-01 18:07:18,299	[INFO]	49      COMPILE_CODE_ERROR    None (--) [2 edit(s)]  
2024-08-01 18:07:18,299	[DEBUG]	patch(49)="SrcmlStmtDeletion(('src/main/java/weka/classifiers/trees/RandomForest.java.xml', 'stmt', 81)) | SrcmlStmtInsertion(('src/main/java/weka/classifiers/trees/RandomForest.java.xml', '_inter_block', 237), ('src/main/java/weka/classifiers/trees/RandomForest.java.xml', 'stmt', 1))"
2024-08-01 18:07:20,991	[INFO]	50      COMPILE_CODE_ERROR    None (--) [2 edit(s)]  
2024-08-01 18:07:20,991	[DEBUG]	patch(50)="SrcmlStmtDeletion(('src/main/java/weka/classifiers/trees/RandomForest.java.xml', 'stmt', 81)) | SrcmlStmtInsertion(('src/main/java/weka/classifiers/trees/RandomForest.java.xml', '_inter_block', 222), ('src/main/java/weka/classifiers/trees/RandomForest.java.xml', 'stmt', 22))"
2024-08-01 18:07:23,863	[INFO]	51      COMPILE_CODE_ERROR    None (--) [2 edit(s)]  
2024-08-01 18:07:23,863	[DEBUG]	patch(51)="SrcmlStmtDeletion(('src/main/java/weka/classifiers/trees/RandomForest.java.xml', 'stmt', 81)) | SrcmlStmtInsertion(('src/main/java/weka/classifiers/trees/RandomForest.java.xml', '_inter_block', 58), ('src/main/java/weka/classifiers/trees/RandomForest.java.xml', 'stmt', 138))"
2024-08-01 18:07:26,150	[INFO]	52      COMPILE_CODE_ERROR    None (--) [2 edit(s)]  
2024-08-01 18:07:26,150	[DEBUG]	patch(52)="SrcmlStmtDeletion(('src/main/java/weka/classifiers/trees/RandomForest.java.xml', 'stmt', 81)) | SrcmlStmtReplacement(('src/main/java/weka/classifiers/trees/RandomForest.java.xml', 'stmt', 127), ('src/main/java/weka/classifiers/trees/RandomForest.java.xml', 'stmt', 59))"
2024-08-01 18:07:28,536	[INFO]	53      COMPILE_CODE_ERROR    None (--) [2 edit(s)]  
2024-08-01 18:07:28,536	[DEBUG]	patch(53)="SrcmlStmtDeletion(('src/main/java/weka/classifiers/trees/RandomForest.java.xml', 'stmt', 81)) | SrcmlStmtDeletion(('src/main/java/weka/classifiers/trees/RandomForest.java.xml', 'stmt', 123))"
2024-08-01 18:07:31,414	[INFO]	54      COMPILE_CODE_ERROR    None (--) [2 edit(s)]  
2024-08-01 18:07:31,414	[DEBUG]	patch(54)="SrcmlStmtDeletion(('src/main/java/weka/classifiers/trees/RandomForest.java.xml', 'stmt', 81)) | SrcmlStmtDeletion(('src/main/java/weka/classifiers/trees/RandomForest.java.xml', 'stmt', 14))"
2024-08-01 18:07:34,397	[INFO]	55      COMPILE_CODE_ERROR    None (--) [2 edit(s)]  
2024-08-01 18:07:34,397	[DEBUG]	patch(55)="SrcmlStmtDeletion(('src/main/java/weka/classifiers/trees/RandomForest.java.xml', 'stmt', 81)) | SrcmlStmtReplacement(('src/main/java/weka/classifiers/trees/RandomForest.java.xml', 'stmt', 107), ('src/main/java/weka/classifiers/trees/RandomForest.java.xml', 'stmt', 88))"
2024-08-01 18:08:33,012	[DEBUG]	EXEC>  SUCCESS 10413492949.6
2024-08-01 18:08:33,012	[INFO]	56      SUCCESS               10413492949.600000 (100.47%) [2 edit(s)]  
2024-08-01 18:08:33,012	[DEBUG]	patch(56)="SrcmlStmtDeletion(('src/main/java/weka/classifiers/trees/RandomForest.java.xml', 'stmt', 81)) | SrcmlStmtDeletion(('src/main/java/weka/classifiers/trees/RandomForest.java.xml', 'stmt', 106))"
2024-08-01 18:08:36,061	[INFO]	57      COMPILE_CODE_ERROR    None (--) [2 edit(s)]  
2024-08-01 18:08:36,062	[DEBUG]	patch(57)="SrcmlStmtDeletion(('src/main/java/weka/classifiers/trees/RandomForest.java.xml', 'stmt', 81)) | SrcmlStmtReplacement(('src/main/java/weka/classifiers/trees/RandomForest.java.xml', 'stmt', 97), ('src/main/java/weka/classifiers/trees/RandomForest.java.xml', 'stmt', 113))"
2024-08-01 18:08:38,911	[INFO]	58      COMPILE_CODE_ERROR    None (--) [2 edit(s)]  
2024-08-01 18:08:38,911	[DEBUG]	patch(58)="SrcmlStmtDeletion(('src/main/java/weka/classifiers/trees/RandomForest.java.xml', 'stmt', 81)) | SrcmlStmtInsertion(('src/main/java/weka/classifiers/trees/RandomForest.java.xml', '_inter_block', 216), ('src/main/java/weka/classifiers/trees/RandomForest.java.xml', 'stmt', 36))"
2024-08-01 18:09:39,449	[DEBUG]	EXEC>  SUCCESS 10393527407.6
2024-08-01 18:09:39,449	[INFO]	59      SUCCESS               10393527407.600000 (100.28%) [2 edit(s)]  
2024-08-01 18:09:39,450	[DEBUG]	patch(59)="SrcmlStmtDeletion(('src/main/java/weka/classifiers/trees/RandomForest.java.xml', 'stmt', 81)) | SrcmlStmtDeletion(('src/main/java/weka/classifiers/trees/RandomForest.java.xml', 'stmt', 57))"
2024-08-01 18:09:41,922	[INFO]	60      COMPILE_CODE_ERROR    None (--) [2 edit(s)]  
2024-08-01 18:09:41,923	[DEBUG]	patch(60)="SrcmlStmtDeletion(('src/main/java/weka/classifiers/trees/RandomForest.java.xml', 'stmt', 81)) | SrcmlStmtInsertion(('src/main/java/weka/classifiers/trees/RandomForest.java.xml', '_inter_block', 6), ('src/main/java/weka/classifiers/trees/RandomForest.java.xml', 'stmt', 117))"
2024-08-01 18:09:44,340	[INFO]	61      COMPILE_CODE_ERROR    None (--) [2 edit(s)]  
2024-08-01 18:09:44,340	[DEBUG]	patch(61)="SrcmlStmtDeletion(('src/main/java/weka/classifiers/trees/RandomForest.java.xml', 'stmt', 81)) | SrcmlStmtInsertion(('src/main/java/weka/classifiers/trees/RandomForest.java.xml', '_inter_block', 68), ('src/main/java/weka/classifiers/trees/RandomForest.java.xml', 'stmt', 1))"
2024-08-01 18:09:47,414	[INFO]	62      COMPILE_CODE_ERROR    None (--) [2 edit(s)]  
2024-08-01 18:09:47,414	[DEBUG]	patch(62)="SrcmlStmtDeletion(('src/main/java/weka/classifiers/trees/RandomForest.java.xml', 'stmt', 81)) | SrcmlStmtInsertion(('src/main/java/weka/classifiers/trees/RandomForest.java.xml', '_inter_block', 39), ('src/main/java/weka/classifiers/trees/RandomForest.java.xml', 'stmt', 99))"
2024-08-01 18:09:50,324	[INFO]	63      COMPILE_CODE_ERROR    None (--) [2 edit(s)]  
2024-08-01 18:09:50,324	[DEBUG]	patch(63)="SrcmlStmtDeletion(('src/main/java/weka/classifiers/trees/RandomForest.java.xml', 'stmt', 81)) | SrcmlStmtReplacement(('src/main/java/weka/classifiers/trees/RandomForest.java.xml', 'stmt', 44), ('src/main/java/weka/classifiers/trees/RandomForest.java.xml', 'stmt', 83))"
2024-08-01 18:10:49,190	[DEBUG]	EXEC>  SUCCESS 10424485813.2
2024-08-01 18:10:49,190	[INFO]	64      SUCCESS               10424485813.200001 (100.58%) [2 edit(s)]  
2024-08-01 18:10:49,190	[DEBUG]	patch(64)="SrcmlStmtDeletion(('src/main/java/weka/classifiers/trees/RandomForest.java.xml', 'stmt', 81)) | SrcmlStmtDeletion(('src/main/java/weka/classifiers/trees/RandomForest.java.xml', 'stmt', 120))"
2024-08-01 18:10:52,042	[INFO]	65      COMPILE_CODE_ERROR    None (--) [2 edit(s)]  
2024-08-01 18:10:52,043	[DEBUG]	patch(65)="SrcmlStmtDeletion(('src/main/java/weka/classifiers/trees/RandomForest.java.xml', 'stmt', 81)) | SrcmlStmtDeletion(('src/main/java/weka/classifiers/trees/RandomForest.java.xml', 'stmt', 86))"
2024-08-01 18:11:50,697	[DEBUG]	EXEC>  SUCCESS 10417744488.0
2024-08-01 18:11:50,697	[INFO]	66      SUCCESS               10417744488.000000 (100.51%) [2 edit(s)]  
2024-08-01 18:11:50,697	[DEBUG]	patch(66)="SrcmlStmtDeletion(('src/main/java/weka/classifiers/trees/RandomForest.java.xml', 'stmt', 81)) | SrcmlStmtReplacement(('src/main/java/weka/classifiers/trees/RandomForest.java.xml', 'stmt', 138), ('src/main/java/weka/classifiers/trees/RandomForest.java.xml', 'stmt', 133))"
2024-08-01 18:11:50,703	[INFO]	67      COMPILE_CODE_ERROR    None (--) [2 edit(s)] [cached] 
2024-08-01 18:11:50,703	[DEBUG]	patch(67)="SrcmlStmtDeletion(('src/main/java/weka/classifiers/trees/RandomForest.java.xml', 'stmt', 81)) | SrcmlStmtDeletion(('src/main/java/weka/classifiers/trees/RandomForest.java.xml', 'stmt', 59))"
2024-08-01 18:12:49,206	[DEBUG]	EXEC>  SUCCESS 10320390225.0
2024-08-01 18:12:49,206	[INFO]	68      SUCCESS              *10320390225.000000 (99.57%) [2 edit(s)]  
2024-08-01 18:12:49,206	[DEBUG]	patch(68)="SrcmlStmtDeletion(('src/main/java/weka/classifiers/trees/RandomForest.java.xml', 'stmt', 81)) | SrcmlStmtDeletion(('src/main/java/weka/classifiers/trees/RandomForest.java.xml', 'stmt', 50))"
--- before: src/main/java/weka/classifiers/trees/RandomForest.java
+++ after: src/main/java/weka/classifiers/trees/RandomForest.java
@@ -496,7 +496,7 @@
   public String toString() {
 
     if (m_Classifiers == null) {
-      return "RandomForest: No model built yet.";
+      
     }
     StringBuilder buffer = new StringBuilder("RandomForest\n\n");
     buffer.append(super.toString());
@@ -592,11 +592,7 @@
         "\tWhether to store out of bag predictions in internal evaluation object.",
         "store-out-of-bag-predictions", 0, "-store-out-of-bag-predictions"));
 
-    newVector
-      .addElement(new Option(
-        "\tWhether to output complexity-based statistics when out-of-bag evaluation is performed.",
-        "output-out-of-bag-complexity-statistics", 0,
-        "-output-out-of-bag-complexity-statistics"));
+    
 
     newVector
       .addElement(new Option(

2024-08-01 18:12:52,110	[INFO]	69      COMPILE_CODE_ERROR    None (--) [3 edit(s)]  
2024-08-01 18:12:52,110	[DEBUG]	patch(69)="SrcmlStmtDeletion(('src/main/java/weka/classifiers/trees/RandomForest.java.xml', 'stmt', 81)) | SrcmlStmtDeletion(('src/main/java/weka/classifiers/trees/RandomForest.java.xml', 'stmt', 50)) | SrcmlStmtReplacement(('src/main/java/weka/classifiers/trees/RandomForest.java.xml', 'stmt', 115), ('src/main/java/weka/classifiers/trees/RandomForest.java.xml', 'stmt', 5))"
2024-08-01 18:12:54,893	[INFO]	70      COMPILE_CODE_ERROR    None (--) [3 edit(s)]  
2024-08-01 18:12:54,894	[DEBUG]	patch(70)="SrcmlStmtDeletion(('src/main/java/weka/classifiers/trees/RandomForest.java.xml', 'stmt', 81)) | SrcmlStmtDeletion(('src/main/java/weka/classifiers/trees/RandomForest.java.xml', 'stmt', 50)) | SrcmlStmtInsertion(('src/main/java/weka/classifiers/trees/RandomForest.java.xml', '_inter_block', 87), ('src/main/java/weka/classifiers/trees/RandomForest.java.xml', 'stmt', 139))"
2024-08-01 18:12:54,897	[INFO]	71      SUCCESS               10321881137.200001 (99.59%) [1 edit(s)] [cached] 
2024-08-01 18:12:54,897	[DEBUG]	patch(71)="SrcmlStmtDeletion(('src/main/java/weka/classifiers/trees/RandomForest.java.xml', 'stmt', 81))"
2024-08-01 18:13:53,237	[DEBUG]	EXEC>  SUCCESS 10282696289.4
2024-08-01 18:13:53,237	[INFO]	72      SUCCESS              *10282696289.400000 (99.21%) [1 edit(s)]  
2024-08-01 18:13:53,237	[DEBUG]	patch(72)="SrcmlStmtDeletion(('src/main/java/weka/classifiers/trees/RandomForest.java.xml', 'stmt', 50))"
--- before: src/main/java/weka/classifiers/trees/RandomForest.java
+++ after: src/main/java/weka/classifiers/trees/RandomForest.java
@@ -496,7 +496,7 @@
   public String toString() {
 
     if (m_Classifiers == null) {
-      return "RandomForest: No model built yet.";
+      
     }
     StringBuilder buffer = new StringBuilder("RandomForest\n\n");
     buffer.append(super.toString());

2024-08-01 18:14:51,817	[DEBUG]	EXEC>  SUCCESS 10406813122.0
2024-08-01 18:14:51,817	[INFO]	73      SUCCESS               10406813122.000000 (100.41%) [2 edit(s)]  
2024-08-01 18:14:51,817	[DEBUG]	patch(73)="SrcmlStmtDeletion(('src/main/java/weka/classifiers/trees/RandomForest.java.xml', 'stmt', 50)) | SrcmlStmtDeletion(('src/main/java/weka/classifiers/trees/RandomForest.java.xml', 'stmt', 4))"
2024-08-01 18:14:54,831	[INFO]	74      COMPILE_CODE_ERROR    None (--) [2 edit(s)]  
2024-08-01 18:14:54,832	[DEBUG]	patch(74)="SrcmlStmtDeletion(('src/main/java/weka/classifiers/trees/RandomForest.java.xml', 'stmt', 50)) | SrcmlStmtReplacement(('src/main/java/weka/classifiers/trees/RandomForest.java.xml', 'stmt', 25), ('src/main/java/weka/classifiers/trees/RandomForest.java.xml', 'stmt', 114))"
2024-08-01 18:14:57,706	[INFO]	75      COMPILE_CODE_ERROR    None (--) [2 edit(s)]  
2024-08-01 18:14:57,707	[DEBUG]	patch(75)="SrcmlStmtDeletion(('src/main/java/weka/classifiers/trees/RandomForest.java.xml', 'stmt', 50)) | SrcmlStmtReplacement(('src/main/java/weka/classifiers/trees/RandomForest.java.xml', 'stmt', 32), ('src/main/java/weka/classifiers/trees/RandomForest.java.xml', 'stmt', 105))"
2024-08-01 18:15:00,629	[INFO]	76      COMPILE_CODE_ERROR    None (--) [2 edit(s)]  
2024-08-01 18:15:00,629	[DEBUG]	patch(76)="SrcmlStmtDeletion(('src/main/java/weka/classifiers/trees/RandomForest.java.xml', 'stmt', 50)) | SrcmlStmtReplacement(('src/main/java/weka/classifiers/trees/RandomForest.java.xml', 'stmt', 93), ('src/main/java/weka/classifiers/trees/RandomForest.java.xml', 'stmt', 132))"
2024-08-01 18:15:00,634	[INFO]	77      SUCCESS               10364683945.200001 (100.00%) [0 edit(s)] [cached] 
2024-08-01 18:15:00,634	[DEBUG]	patch(77)=""
2024-08-01 18:15:59,229	[DEBUG]	EXEC>  SUCCESS 10373825827.6
2024-08-01 18:15:59,229	[INFO]	78      SUCCESS               10373825827.600000 (100.09%) [2 edit(s)]  
2024-08-01 18:15:59,229	[DEBUG]	patch(78)="SrcmlStmtDeletion(('src/main/java/weka/classifiers/trees/RandomForest.java.xml', 'stmt', 50)) | SrcmlStmtDeletion(('src/main/java/weka/classifiers/trees/RandomForest.java.xml', 'stmt', 118))"
2024-08-01 18:16:58,088	[DEBUG]	EXEC>  SUCCESS 10432399739.4
2024-08-01 18:16:58,088	[INFO]	79      SUCCESS               10432399739.400000 (100.65%) [2 edit(s)]  
2024-08-01 18:16:58,088	[DEBUG]	patch(79)="SrcmlStmtDeletion(('src/main/java/weka/classifiers/trees/RandomForest.java.xml', 'stmt', 50)) | SrcmlStmtDeletion(('src/main/java/weka/classifiers/trees/RandomForest.java.xml', 'stmt', 49))"
2024-08-01 18:17:01,050	[INFO]	80      COMPILE_CODE_ERROR    None (--) [2 edit(s)]  
2024-08-01 18:17:01,051	[DEBUG]	patch(80)="SrcmlStmtDeletion(('src/main/java/weka/classifiers/trees/RandomForest.java.xml', 'stmt', 50)) | SrcmlStmtReplacement(('src/main/java/weka/classifiers/trees/RandomForest.java.xml', 'stmt', 124), ('src/main/java/weka/classifiers/trees/RandomForest.java.xml', 'stmt', 70))"
2024-08-01 18:17:59,997	[DEBUG]	EXEC>  SUCCESS 10425345103.4
2024-08-01 18:17:59,998	[INFO]	81      SUCCESS               10425345103.400000 (100.59%) [2 edit(s)]  
2024-08-01 18:17:59,998	[DEBUG]	patch(81)="SrcmlStmtDeletion(('src/main/java/weka/classifiers/trees/RandomForest.java.xml', 'stmt', 50)) | SrcmlStmtDeletion(('src/main/java/weka/classifiers/trees/RandomForest.java.xml', 'stmt', 120))"
2024-08-01 18:18:58,193	[DEBUG]	EXEC>  SUCCESS 10308595083.4
2024-08-01 18:18:58,193	[INFO]	82      SUCCESS               10308595083.400000 (99.46%) [2 edit(s)]  
2024-08-01 18:18:58,193	[DEBUG]	patch(82)="SrcmlStmtDeletion(('src/main/java/weka/classifiers/trees/RandomForest.java.xml', 'stmt', 50)) | SrcmlStmtDeletion(('src/main/java/weka/classifiers/trees/RandomForest.java.xml', 'stmt', 134))"
2024-08-01 18:19:00,560	[INFO]	83      COMPILE_CODE_ERROR    None (--) [2 edit(s)]  
2024-08-01 18:19:00,560	[DEBUG]	patch(83)="SrcmlStmtDeletion(('src/main/java/weka/classifiers/trees/RandomForest.java.xml', 'stmt', 50)) | SrcmlStmtInsertion(('src/main/java/weka/classifiers/trees/RandomForest.java.xml', '_inter_block', 26), ('src/main/java/weka/classifiers/trees/RandomForest.java.xml', 'stmt', 30))"
2024-08-01 18:19:03,416	[INFO]	84      COMPILE_CODE_ERROR    None (--) [2 edit(s)]  
2024-08-01 18:19:03,417	[DEBUG]	patch(84)="SrcmlStmtDeletion(('src/main/java/weka/classifiers/trees/RandomForest.java.xml', 'stmt', 50)) | SrcmlStmtReplacement(('src/main/java/weka/classifiers/trees/RandomForest.java.xml', 'stmt', 16), ('src/main/java/weka/classifiers/trees/RandomForest.java.xml', 'stmt', 62))"
2024-08-01 18:19:06,309	[INFO]	85      COMPILE_CODE_ERROR    None (--) [2 edit(s)]  
2024-08-01 18:19:06,310	[DEBUG]	patch(85)="SrcmlStmtDeletion(('src/main/java/weka/classifiers/trees/RandomForest.java.xml', 'stmt', 50)) | SrcmlStmtReplacement(('src/main/java/weka/classifiers/trees/RandomForest.java.xml', 'stmt', 118), ('src/main/java/weka/classifiers/trees/RandomForest.java.xml', 'stmt', 50))"
2024-08-01 18:19:09,143	[INFO]	86      COMPILE_CODE_ERROR    None (--) [2 edit(s)]  
2024-08-01 18:19:09,143	[DEBUG]	patch(86)="SrcmlStmtDeletion(('src/main/java/weka/classifiers/trees/RandomForest.java.xml', 'stmt', 50)) | SrcmlStmtInsertion(('src/main/java/weka/classifiers/trees/RandomForest.java.xml', '_inter_block', 51), ('src/main/java/weka/classifiers/trees/RandomForest.java.xml', 'stmt', 96))"
2024-08-01 18:20:07,762	[DEBUG]	EXEC>  SUCCESS 10442377250.8
2024-08-01 18:20:07,762	[INFO]	87      SUCCESS               10442377250.799999 (100.75%) [2 edit(s)]  
2024-08-01 18:20:07,763	[DEBUG]	patch(87)="SrcmlStmtDeletion(('src/main/java/weka/classifiers/trees/RandomForest.java.xml', 'stmt', 50)) | SrcmlStmtInsertion(('src/main/java/weka/classifiers/trees/RandomForest.java.xml', '_inter_block', 161), ('src/main/java/weka/classifiers/trees/RandomForest.java.xml', 'stmt', 10))"
2024-08-01 18:21:06,313	[DEBUG]	EXEC>  SUCCESS 10364349212.0
2024-08-01 18:21:06,314	[INFO]	88      SUCCESS               10364349212.000000 (100.00%) [2 edit(s)]  
2024-08-01 18:21:06,314	[DEBUG]	patch(88)="SrcmlStmtDeletion(('src/main/java/weka/classifiers/trees/RandomForest.java.xml', 'stmt', 50)) | SrcmlStmtReplacement(('src/main/java/weka/classifiers/trees/RandomForest.java.xml', 'stmt', 85), ('src/main/java/weka/classifiers/trees/RandomForest.java.xml', 'stmt', 54))"
2024-08-01 18:22:04,893	[DEBUG]	EXEC>  SUCCESS 10408715660.0
2024-08-01 18:22:04,893	[INFO]	89      SUCCESS               10408715660.000000 (100.42%) [2 edit(s)]  
2024-08-01 18:22:04,893	[DEBUG]	patch(89)="SrcmlStmtDeletion(('src/main/java/weka/classifiers/trees/RandomForest.java.xml', 'stmt', 50)) | SrcmlStmtDeletion(('src/main/java/weka/classifiers/trees/RandomForest.java.xml', 'stmt', 42))"
2024-08-01 18:22:07,878	[INFO]	90      COMPILE_CODE_ERROR    None (--) [2 edit(s)]  
2024-08-01 18:22:07,878	[DEBUG]	patch(90)="SrcmlStmtDeletion(('src/main/java/weka/classifiers/trees/RandomForest.java.xml', 'stmt', 50)) | SrcmlStmtReplacement(('src/main/java/weka/classifiers/trees/RandomForest.java.xml', 'stmt', 2), ('src/main/java/weka/classifiers/trees/RandomForest.java.xml', 'stmt', 46))"
2024-08-01 18:23:06,492	[DEBUG]	EXEC>  SUCCESS 10300768847.6
2024-08-01 18:23:06,492	[INFO]	91      SUCCESS               10300768847.600000 (99.38%) [2 edit(s)]  
2024-08-01 18:23:06,493	[DEBUG]	patch(91)="SrcmlStmtDeletion(('src/main/java/weka/classifiers/trees/RandomForest.java.xml', 'stmt', 50)) | SrcmlStmtDeletion(('src/main/java/weka/classifiers/trees/RandomForest.java.xml', 'stmt', 17))"
2024-08-01 18:23:09,395	[INFO]	92      COMPILE_CODE_ERROR    None (--) [2 edit(s)]  
2024-08-01 18:23:09,395	[DEBUG]	patch(92)="SrcmlStmtDeletion(('src/main/java/weka/classifiers/trees/RandomForest.java.xml', 'stmt', 50)) | SrcmlStmtReplacement(('src/main/java/weka/classifiers/trees/RandomForest.java.xml', 'stmt', 90), ('src/main/java/weka/classifiers/trees/RandomForest.java.xml', 'stmt', 26))"
2024-08-01 18:23:12,454	[INFO]	93      COMPILE_CODE_ERROR    None (--) [2 edit(s)]  
2024-08-01 18:23:12,454	[DEBUG]	patch(93)="SrcmlStmtDeletion(('src/main/java/weka/classifiers/trees/RandomForest.java.xml', 'stmt', 50)) | SrcmlStmtReplacement(('src/main/java/weka/classifiers/trees/RandomForest.java.xml', 'stmt', 56), ('src/main/java/weka/classifiers/trees/RandomForest.java.xml', 'stmt', 61))"
2024-08-01 18:23:15,346	[INFO]	94      COMPILE_CODE_ERROR    None (--) [2 edit(s)]  
2024-08-01 18:23:15,346	[DEBUG]	patch(94)="SrcmlStmtDeletion(('src/main/java/weka/classifiers/trees/RandomForest.java.xml', 'stmt', 50)) | SrcmlStmtReplacement(('src/main/java/weka/classifiers/trees/RandomForest.java.xml', 'stmt', 69), ('src/main/java/weka/classifiers/trees/RandomForest.java.xml', 'stmt', 41))"
2024-08-01 18:23:18,191	[INFO]	95      COMPILE_CODE_ERROR    None (--) [2 edit(s)]  
2024-08-01 18:23:18,191	[DEBUG]	patch(95)="SrcmlStmtDeletion(('src/main/java/weka/classifiers/trees/RandomForest.java.xml', 'stmt', 50)) | SrcmlStmtInsertion(('src/main/java/weka/classifiers/trees/RandomForest.java.xml', '_inter_block', 114), ('src/main/java/weka/classifiers/trees/RandomForest.java.xml', 'stmt', 50))"
2024-08-01 18:23:20,725	[INFO]	96      COMPILE_CODE_ERROR    None (--) [2 edit(s)]  
2024-08-01 18:23:20,725	[DEBUG]	patch(96)="SrcmlStmtDeletion(('src/main/java/weka/classifiers/trees/RandomForest.java.xml', 'stmt', 50)) | SrcmlStmtInsertion(('src/main/java/weka/classifiers/trees/RandomForest.java.xml', '_inter_block', 199), ('src/main/java/weka/classifiers/trees/RandomForest.java.xml', 'stmt', 55))"
2024-08-01 18:23:23,061	[INFO]	97      COMPILE_CODE_ERROR    None (--) [2 edit(s)]  
2024-08-01 18:23:23,061	[DEBUG]	patch(97)="SrcmlStmtDeletion(('src/main/java/weka/classifiers/trees/RandomForest.java.xml', 'stmt', 50)) | SrcmlStmtInsertion(('src/main/java/weka/classifiers/trees/RandomForest.java.xml', '_inter_block', 32), ('src/main/java/weka/classifiers/trees/RandomForest.java.xml', 'stmt', 4))"
2024-08-01 18:23:26,007	[INFO]	98      COMPILE_CODE_ERROR    None (--) [2 edit(s)]  
2024-08-01 18:23:26,007	[DEBUG]	patch(98)="SrcmlStmtDeletion(('src/main/java/weka/classifiers/trees/RandomForest.java.xml', 'stmt', 50)) | SrcmlStmtInsertion(('src/main/java/weka/classifiers/trees/RandomForest.java.xml', '_inter_block', 35), ('src/main/java/weka/classifiers/trees/RandomForest.java.xml', 'stmt', 126))"
2024-08-01 18:23:28,369	[INFO]	99      COMPILE_CODE_ERROR    None (--) [2 edit(s)]  
2024-08-01 18:23:28,369	[DEBUG]	patch(99)="SrcmlStmtDeletion(('src/main/java/weka/classifiers/trees/RandomForest.java.xml', 'stmt', 50)) | SrcmlStmtReplacement(('src/main/java/weka/classifiers/trees/RandomForest.java.xml', 'stmt', 114), ('src/main/java/weka/classifiers/trees/RandomForest.java.xml', 'stmt', 30))"
2024-08-01 18:24:27,073	[DEBUG]	EXEC>  SUCCESS 10376928368.0
2024-08-01 18:24:27,073	[INFO]	100     SUCCESS               10376928368.000000 (100.12%) [2 edit(s)]  
2024-08-01 18:24:27,074	[DEBUG]	patch(100)="SrcmlStmtDeletion(('src/main/java/weka/classifiers/trees/RandomForest.java.xml', 'stmt', 50)) | SrcmlStmtDeletion(('src/main/java/weka/classifiers/trees/RandomForest.java.xml', 'stmt', 136))"
2024-08-01 18:24:29,983	[INFO]	101     COMPILE_CODE_ERROR    None (--) [2 edit(s)]  
2024-08-01 18:24:29,983	[DEBUG]	patch(101)="SrcmlStmtDeletion(('src/main/java/weka/classifiers/trees/RandomForest.java.xml', 'stmt', 50)) | SrcmlStmtInsertion(('src/main/java/weka/classifiers/trees/RandomForest.java.xml', '_inter_block', 205), ('src/main/java/weka/classifiers/trees/RandomForest.java.xml', 'stmt', 83))"
2024-08-01 18:25:28,388	[DEBUG]	EXEC>  SUCCESS 10367394329.2
2024-08-01 18:25:28,389	[INFO]	102     SUCCESS               10367394329.200001 (100.03%) [2 edit(s)]  
2024-08-01 18:25:28,389	[DEBUG]	patch(102)="SrcmlStmtDeletion(('src/main/java/weka/classifiers/trees/RandomForest.java.xml', 'stmt', 50)) | SrcmlStmtReplacement(('src/main/java/weka/classifiers/trees/RandomForest.java.xml', 'stmt', 94), ('src/main/java/weka/classifiers/trees/RandomForest.java.xml', 'stmt', 54))"
2024-08-01 18:25:31,186	[INFO]	103     COMPILE_CODE_ERROR    None (--) [2 edit(s)]  
2024-08-01 18:25:31,186	[DEBUG]	patch(103)="SrcmlStmtDeletion(('src/main/java/weka/classifiers/trees/RandomForest.java.xml', 'stmt', 50)) | SrcmlStmtDeletion(('src/main/java/weka/classifiers/trees/RandomForest.java.xml', 'stmt', 113))"
2024-08-01 18:25:33,924	[INFO]	104     COMPILE_CODE_ERROR    None (--) [2 edit(s)]  
2024-08-01 18:25:33,924	[DEBUG]	patch(104)="SrcmlStmtDeletion(('src/main/java/weka/classifiers/trees/RandomForest.java.xml', 'stmt', 50)) | SrcmlStmtInsertion(('src/main/java/weka/classifiers/trees/RandomForest.java.xml', '_inter_block', 83), ('src/main/java/weka/classifiers/trees/RandomForest.java.xml', 'stmt', 53))"
2024-08-01 18:25:36,852	[INFO]	105     COMPILE_CODE_ERROR    None (--) [2 edit(s)]  
2024-08-01 18:25:36,853	[DEBUG]	patch(105)="SrcmlStmtDeletion(('src/main/java/weka/classifiers/trees/RandomForest.java.xml', 'stmt', 50)) | SrcmlStmtReplacement(('src/main/java/weka/classifiers/trees/RandomForest.java.xml', 'stmt', 5), ('src/main/java/weka/classifiers/trees/RandomForest.java.xml', 'stmt', 64))"
2024-08-01 18:26:36,016	[DEBUG]	EXEC>  SUCCESS 10475676795.6
2024-08-01 18:26:36,016	[INFO]	106     SUCCESS               10475676795.600000 (101.07%) [2 edit(s)]  
2024-08-01 18:26:36,016	[DEBUG]	patch(106)="SrcmlStmtDeletion(('src/main/java/weka/classifiers/trees/RandomForest.java.xml', 'stmt', 50)) | SrcmlStmtReplacement(('src/main/java/weka/classifiers/trees/RandomForest.java.xml', 'stmt', 50), ('src/main/java/weka/classifiers/trees/RandomForest.java.xml', 'stmt', 54))"
2024-08-01 18:26:36,019	[INFO]	~~~~ END ~~~~
2024-08-01 18:26:36,020	[INFO]	
2024-08-01 18:26:36,020	[INFO]	==== REPORT ====
2024-08-01 18:26:36,020	[INFO]	Termination: time budget
2024-08-01 18:26:36,020	[INFO]	Retries: 5
2024-08-01 18:26:36,020	[INFO]	Log file: /home/dbouras/magpie/_magpie_logs/weka_1722531150.log
2024-08-01 18:26:36,020	[INFO]	Patch file: _magpie_logs/weka_1722531150.patch
2024-08-01 18:26:36,020	[INFO]	Diff file: _magpie_logs/weka_1722531150.diff
2024-08-01 18:26:36,020	[INFO]	Reference fitness: 10364683945.200001
2024-08-01 18:26:36,020	[INFO]	Best fitness: 10282696289.400000
2024-08-01 18:26:36,020	[INFO]	
2024-08-01 18:26:36,021	[INFO]	==== BEST PATCH ====
SrcmlStmtDeletion(('src/main/java/weka/classifiers/trees/RandomForest.java.xml', 'stmt', 50))
2024-08-01 18:26:36,021	[INFO]	
2024-08-01 18:26:36,021	[INFO]	==== DIFF ====
[1m--- before: src/main/java/weka/classifiers/trees/RandomForest.java[0m
[1m+++ after: src/main/java/weka/classifiers/trees/RandomForest.java[0m
[36m@@ -496,7 +496,7 @@[0m
   public String toString() {
 
     if (m_Classifiers == null) {
[31m-      return "RandomForest: No model built yet.";[0m
[32m+      [0m
     }
     StringBuilder buffer = new StringBuilder("RandomForest\n\n");
     buffer.append(super.toString());

