2024-06-05 14:19:16,407	[DEBUG]	==== CONFIG ====
[magpie]
import = 
seed = 4040362071226732
log_dir = _magpie_logs
work_dir = _magpie_work
local_original_copy = False
local_original_name = __original__
output_encoding = ascii
edit_retries = 10
default_timeout = 30
default_lengthout = 10000.0
diff_method = unified
trust_local_filesystem = True

[magpie.log]
color_output = True
format_info = {counter:<7} {status:<20} {best}{fitness} ({ratio}) [{size}] {cached} {log}
format_debug = patch({counter})="{patch}"{diffifbest}
format_fitness = {:.6f}
format_ratio = {:.2%%}
format_patchif = 
	 --> {patch}
format_diffif = 
	{diff}

[software]
path = examples/triangle-c
target_files = 
	triangle.c.xml
software = BasicSoftware
model_rules = 
	*.params : ParamFileConfigModel
	*.xml : SrcmlModel
	* : LineModel
model_config = 
	*.params : [paramconfig]
	*.xml : [srcml]
init_cmd = bash init_slow.sh
init_timeout = 60
init_lengthout = -1
setup_cmd = 
setup_timeout = 
setup_lengthout = 
compile_cmd = make test_triangle run_triangle
compile_timeout = 
compile_lengthout = 
test_cmd = ./test_triangle
test_timeout = 
test_lengthout = 
run_cmd = perf stat -e branch-misses ./run_triangle
run_timeout = 1
run_lengthout = 
retries = 
batch_timeout = 
batch_lengthout = 
batch_bin_fitness_strategy = aggregate
batch_fitness_strategy = sum
fitness = perf_branch_misses

[srcml]
rename = 
	stmt: break continue decl_stmt do expr_stmt for goto if return switch while
	number: literal_number
focus = block stmt operator_comp operator_arith number
internodes = block
process_pseudo_blocks = True
process_literals = True
process_operators = True

[paramconfig]
timing = test run
cli_prefix = --
cli_glue = =
cli_boolean = show
cli_boolean_prefix_true = 
cli_boolean_prefix_false = no-
cli_none = hide
silent_prefix = @
silent_suffix = $

[search]
protocol = BasicProtocol
algorithm = FirstImprovement
possible_edits = 
	SrcmlStmtReplacement
	SrcmlStmtInsertion
	SrcmlStmtDeletion
warmup = 3
warmup_strategy = last
max_steps = 1000
max_time = 10
target_fitness = 
cache_maxsize = 100
cache_keep = 0.2
batch_instances = 
batch_shuffle = True
batch_bin_shuffle = False
batch_sample_size = 1

[search.ls]
delete_prob = 0.5
max_neighbours = 
when_trapped = continue
accept_fail = False
tabu_length = 10

[search.gp]
pop_size = 10
delete_prob = 0.5
offspring_elitism = 0.1
offspring_crossover = 0.5
offspring_mutation = 0.4
uniform_rate = 0.5
batch_reset = True

[search.minify]
do_cleanup = True
do_rebuild = True
do_simplify = True
round_robin_limit = 3


2024-06-05 14:19:16,407	[DEBUG]	
2024-06-05 14:19:16,407	[INFO]	==== SEARCH: FirstImprovement ====
2024-06-05 14:19:16,407	[INFO]	~~~~ WARMUP ~~~~
2024-06-05 14:19:16,685	[DEBUG]	EXEC>  SUCCESS 14788.0
2024-06-05 14:19:16,686	[INFO]	WARM    SUCCESS               14788.000000 (--) [0 edit(s)]  
2024-06-05 14:19:16,992	[DEBUG]	EXEC>  SUCCESS 14228.0
2024-06-05 14:19:16,992	[INFO]	WARM    SUCCESS               14228.000000 (--) [0 edit(s)]  
2024-06-05 14:19:17,327	[DEBUG]	EXEC>  SUCCESS 12947.0
2024-06-05 14:19:17,328	[INFO]	WARM    SUCCESS               12947.000000 (--) [0 edit(s)]  
2024-06-05 14:19:17,328	[INFO]	REF     SUCCESS               12947.000000 (--) [0 edit(s)]  
2024-06-05 14:19:17,328	[INFO]	
2024-06-05 14:19:17,328	[INFO]	~~~~ START ~~~~
2024-06-05 14:19:17,562	[INFO]	1       TEST_CODE_ERROR       None (--) [1 edit(s)]  
2024-06-05 14:19:17,562	[DEBUG]	patch(1)="SrcmlStmtReplacement(('triangle.c.xml', 'stmt', 9), ('triangle.c.xml', 'stmt', 7))"
2024-06-05 14:19:17,763	[INFO]	2       TEST_CODE_ERROR       None (--) [1 edit(s)]  
2024-06-05 14:19:17,763	[DEBUG]	patch(2)="SrcmlStmtDeletion(('triangle.c.xml', 'stmt', 12))"
2024-06-05 14:19:18,081	[DEBUG]	EXEC>  SUCCESS 15591.0
2024-06-05 14:19:18,081	[INFO]	3       SUCCESS               15591.000000 (120.42%) [1 edit(s)]  
2024-06-05 14:19:18,081	[DEBUG]	patch(3)="SrcmlStmtInsertion(('triangle.c.xml', '_inter_block', 18), ('triangle.c.xml', 'stmt', 18))"
2024-06-05 14:19:18,291	[INFO]	4       TEST_CODE_ERROR       None (--) [1 edit(s)]  
2024-06-05 14:19:18,291	[DEBUG]	patch(4)="SrcmlStmtDeletion(('triangle.c.xml', 'stmt', 13))"
2024-06-05 14:19:18,330	[INFO]	5       COMPILE_CODE_ERROR    None (--) [1 edit(s)]  
2024-06-05 14:19:18,330	[DEBUG]	patch(5)="SrcmlStmtInsertion(('triangle.c.xml', '_inter_block', 3), ('triangle.c.xml', 'stmt', 19))"
2024-06-05 14:19:18,362	[INFO]	6       COMPILE_CODE_ERROR    None (--) [1 edit(s)]  
2024-06-05 14:19:18,362	[DEBUG]	patch(6)="SrcmlStmtInsertion(('triangle.c.xml', '_inter_block', 5), ('triangle.c.xml', 'stmt', 4))"
2024-06-05 14:19:18,395	[INFO]	7       COMPILE_CODE_ERROR    None (--) [1 edit(s)]  
2024-06-05 14:19:18,395	[DEBUG]	patch(7)="SrcmlStmtInsertion(('triangle.c.xml', '_inter_block', 7), ('triangle.c.xml', 'stmt', 7))"
2024-06-05 14:19:18,590	[INFO]	8       TEST_CODE_ERROR       None (--) [1 edit(s)]  
2024-06-05 14:19:18,590	[DEBUG]	patch(8)="SrcmlStmtReplacement(('triangle.c.xml', 'stmt', 19), ('triangle.c.xml', 'stmt', 10))"
2024-06-05 14:19:18,802	[INFO]	9       TEST_CODE_ERROR       None (--) [1 edit(s)]  
2024-06-05 14:19:18,802	[DEBUG]	patch(9)="SrcmlStmtInsertion(('triangle.c.xml', '_inter_block', 34), ('triangle.c.xml', 'stmt', 19))"
2024-06-05 14:19:19,111	[DEBUG]	EXEC>  SUCCESS 14386.0
2024-06-05 14:19:19,111	[INFO]	10      SUCCESS               14386.000000 (111.11%) [1 edit(s)]  
2024-06-05 14:19:19,111	[DEBUG]	patch(10)="SrcmlStmtInsertion(('triangle.c.xml', '_inter_block', 15), ('triangle.c.xml', 'stmt', 18))"
2024-06-05 14:19:19,333	[INFO]	11      TEST_CODE_ERROR       None (--) [1 edit(s)]  
2024-06-05 14:19:19,333	[DEBUG]	patch(11)="SrcmlStmtReplacement(('triangle.c.xml', 'stmt', 15), ('triangle.c.xml', 'stmt', 2))"
2024-06-05 14:19:19,487	[INFO]	12      TEST_CODE_ERROR       None (--) [1 edit(s)]  
2024-06-05 14:19:19,487	[DEBUG]	patch(12)="SrcmlStmtReplacement(('triangle.c.xml', 'stmt', 10), ('triangle.c.xml', 'stmt', 11))"
2024-06-05 14:19:19,520	[INFO]	13      COMPILE_CODE_ERROR    None (--) [1 edit(s)]  
2024-06-05 14:19:19,520	[DEBUG]	patch(13)="SrcmlStmtReplacement(('triangle.c.xml', 'stmt', 1), ('triangle.c.xml', 'stmt', 6))"
2024-06-05 14:19:19,690	[DEBUG]	EXEC>  SUCCESS 6504.0
2024-06-05 14:19:19,690	[INFO]	14      SUCCESS              *6504.000000 (50.24%) [1 edit(s)]  
2024-06-05 14:19:19,690	[DEBUG]	patch(14)="SrcmlStmtDeletion(('triangle.c.xml', 'stmt', 3))"
--- before: triangle.c
+++ after: triangle.c
@@ -8,7 +8,7 @@
 int classify_triangle(double a, double b, double c) {
   double tmp;
 
-  delay();
+  
 
   // Sort the sides so that a <= b <= c
   if(a > b) {

2024-06-05 14:19:19,691	[INFO]	15      SUCCESS               12947.000000 (100.00%) [0 edit(s)] [cached] 
2024-06-05 14:19:19,691	[DEBUG]	patch(15)=""
2024-06-05 14:19:19,840	[INFO]	16      TEST_CODE_ERROR       None (--) [2 edit(s)]  
2024-06-05 14:19:19,840	[DEBUG]	patch(16)="SrcmlStmtDeletion(('triangle.c.xml', 'stmt', 3)) | SrcmlStmtDeletion(('triangle.c.xml', 'stmt', 10))"
2024-06-05 14:19:19,841	[INFO]	17      SUCCESS              +6504.000000 (50.24%) [2 edit(s)] [cached] 
2024-06-05 14:19:19,841	[DEBUG]	patch(17)="SrcmlStmtDeletion(('triangle.c.xml', 'stmt', 3)) | SrcmlStmtReplacement(('triangle.c.xml', 'stmt', 11), ('triangle.c.xml', 'stmt', 11))"
2024-06-05 14:19:19,842	[INFO]	18      SUCCESS               12947.000000 (100.00%) [1 edit(s)] [cached] 
2024-06-05 14:19:19,842	[DEBUG]	patch(18)="SrcmlStmtReplacement(('triangle.c.xml', 'stmt', 11), ('triangle.c.xml', 'stmt', 11))"
2024-06-05 14:19:19,979	[INFO]	19      TEST_CODE_ERROR       None (--) [3 edit(s)]  
2024-06-05 14:19:19,979	[DEBUG]	patch(19)="SrcmlStmtDeletion(('triangle.c.xml', 'stmt', 3)) | SrcmlStmtReplacement(('triangle.c.xml', 'stmt', 11), ('triangle.c.xml', 'stmt', 11)) | SrcmlStmtDeletion(('triangle.c.xml', 'stmt', 11))"
2024-06-05 14:19:19,979	[INFO]	20      SUCCESS              +6504.000000 (50.24%) [1 edit(s)] [cached] 
2024-06-05 14:19:19,979	[DEBUG]	patch(20)="SrcmlStmtDeletion(('triangle.c.xml', 'stmt', 3))"
2024-06-05 14:19:20,197	[DEBUG]	EXEC>  SUCCESS 6572.0
2024-06-05 14:19:20,197	[INFO]	21      SUCCESS               6572.000000 (50.76%) [2 edit(s)]  
2024-06-05 14:19:20,197	[DEBUG]	patch(21)="SrcmlStmtDeletion(('triangle.c.xml', 'stmt', 3)) | SrcmlStmtInsertion(('triangle.c.xml', '_inter_block', 9), ('triangle.c.xml', 'stmt', 5))"
2024-06-05 14:19:20,232	[INFO]	22      COMPILE_CODE_ERROR    None (--) [2 edit(s)]  
2024-06-05 14:19:20,232	[DEBUG]	patch(22)="SrcmlStmtDeletion(('triangle.c.xml', 'stmt', 3)) | SrcmlStmtInsertion(('triangle.c.xml', '_inter_block', 7), ('triangle.c.xml', 'stmt', 5))"
2024-06-05 14:19:20,233	[INFO]	23      SUCCESS               12947.000000 (100.00%) [0 edit(s)] [cached] 
2024-06-05 14:19:20,233	[DEBUG]	patch(23)=""
2024-06-05 14:19:20,403	[INFO]	24      TEST_CODE_ERROR       None (--) [2 edit(s)]  
2024-06-05 14:19:20,403	[DEBUG]	patch(24)="SrcmlStmtDeletion(('triangle.c.xml', 'stmt', 3)) | SrcmlStmtDeletion(('triangle.c.xml', 'stmt', 12))"
2024-06-05 14:19:20,591	[INFO]	25      TEST_CODE_ERROR       None (--) [2 edit(s)]  
2024-06-05 14:19:20,591	[DEBUG]	patch(25)="SrcmlStmtDeletion(('triangle.c.xml', 'stmt', 3)) | SrcmlStmtReplacement(('triangle.c.xml', 'stmt', 14), ('triangle.c.xml', 'stmt', 2))"
2024-06-05 14:19:20,751	[INFO]	26      TEST_CODE_ERROR       None (--) [2 edit(s)]  
2024-06-05 14:19:20,751	[DEBUG]	patch(26)="SrcmlStmtDeletion(('triangle.c.xml', 'stmt', 3)) | SrcmlStmtReplacement(('triangle.c.xml', 'stmt', 16), ('triangle.c.xml', 'stmt', 15))"
2024-06-05 14:19:20,887	[INFO]	27      TEST_CODE_ERROR       None (--) [2 edit(s)]  
2024-06-05 14:19:20,887	[DEBUG]	patch(27)="SrcmlStmtDeletion(('triangle.c.xml', 'stmt', 3)) | SrcmlStmtReplacement(('triangle.c.xml', 'stmt', 13), ('triangle.c.xml', 'stmt', 4))"
2024-06-05 14:19:20,908	[INFO]	28      COMPILE_CODE_ERROR    None (--) [2 edit(s)]  
2024-06-05 14:19:20,909	[DEBUG]	patch(28)="SrcmlStmtDeletion(('triangle.c.xml', 'stmt', 3)) | SrcmlStmtInsertion(('triangle.c.xml', '_inter_block', 17), ('triangle.c.xml', 'stmt', 2))"
2024-06-05 14:19:21,069	[INFO]	29      TEST_CODE_ERROR       None (--) [2 edit(s)]  
2024-06-05 14:19:21,069	[DEBUG]	patch(29)="SrcmlStmtDeletion(('triangle.c.xml', 'stmt', 3)) | SrcmlStmtReplacement(('triangle.c.xml', 'stmt', 13), ('triangle.c.xml', 'stmt', 19))"
2024-06-05 14:19:21,258	[INFO]	30      TEST_CODE_ERROR       None (--) [2 edit(s)]  
2024-06-05 14:19:21,258	[DEBUG]	patch(30)="SrcmlStmtDeletion(('triangle.c.xml', 'stmt', 3)) | SrcmlStmtDeletion(('triangle.c.xml', 'stmt', 19))"
2024-06-05 14:19:21,449	[INFO]	31      TEST_CODE_ERROR       None (--) [2 edit(s)]  
2024-06-05 14:19:21,449	[DEBUG]	patch(31)="SrcmlStmtDeletion(('triangle.c.xml', 'stmt', 3)) | SrcmlStmtDeletion(('triangle.c.xml', 'stmt', 6))"
2024-06-05 14:19:21,645	[INFO]	32      TEST_CODE_ERROR       None (--) [2 edit(s)]  
2024-06-05 14:19:21,645	[DEBUG]	patch(32)="SrcmlStmtDeletion(('triangle.c.xml', 'stmt', 3)) | SrcmlStmtInsertion(('triangle.c.xml', '_inter_block', 8), ('triangle.c.xml', 'stmt', 10))"
2024-06-05 14:19:21,834	[INFO]	33      TEST_CODE_ERROR       None (--) [2 edit(s)]  
2024-06-05 14:19:21,834	[DEBUG]	patch(33)="SrcmlStmtDeletion(('triangle.c.xml', 'stmt', 3)) | SrcmlStmtReplacement(('triangle.c.xml', 'stmt', 17), ('triangle.c.xml', 'stmt', 5))"
2024-06-05 14:19:21,999	[INFO]	34      TEST_CODE_ERROR       None (--) [2 edit(s)]  
2024-06-05 14:19:21,999	[DEBUG]	patch(34)="SrcmlStmtDeletion(('triangle.c.xml', 'stmt', 3)) | SrcmlStmtReplacement(('triangle.c.xml', 'stmt', 8), ('triangle.c.xml', 'stmt', 15))"
2024-06-05 14:19:22,193	[INFO]	35      TEST_CODE_ERROR       None (--) [2 edit(s)]  
2024-06-05 14:19:22,193	[DEBUG]	patch(35)="SrcmlStmtDeletion(('triangle.c.xml', 'stmt', 3)) | SrcmlStmtReplacement(('triangle.c.xml', 'stmt', 11), ('triangle.c.xml', 'stmt', 3))"
2024-06-05 14:19:22,354	[INFO]	36      TEST_CODE_ERROR       None (--) [2 edit(s)]  
2024-06-05 14:19:22,354	[DEBUG]	patch(36)="SrcmlStmtDeletion(('triangle.c.xml', 'stmt', 3)) | SrcmlStmtDeletion(('triangle.c.xml', 'stmt', 5))"
2024-06-05 14:19:22,623	[DEBUG]	EXEC>  SUCCESS 10522.0
2024-06-05 14:19:22,624	[INFO]	37      SUCCESS               10522.000000 (81.27%) [2 edit(s)]  
2024-06-05 14:19:22,624	[DEBUG]	patch(37)="SrcmlStmtDeletion(('triangle.c.xml', 'stmt', 3)) | SrcmlStmtInsertion(('triangle.c.xml', '_inter_block', 21), ('triangle.c.xml', 'stmt', 3))"
2024-06-05 14:19:22,805	[INFO]	38      TEST_CODE_ERROR       None (--) [2 edit(s)]  
2024-06-05 14:19:22,805	[DEBUG]	patch(38)="SrcmlStmtDeletion(('triangle.c.xml', 'stmt', 3)) | SrcmlStmtReplacement(('triangle.c.xml', 'stmt', 15), ('triangle.c.xml', 'stmt', 22))"
2024-06-05 14:19:22,913	[INFO]	39      TEST_CODE_ERROR       None (--) [2 edit(s)]  
2024-06-05 14:19:22,913	[DEBUG]	patch(39)="SrcmlStmtDeletion(('triangle.c.xml', 'stmt', 3)) | SrcmlStmtDeletion(('triangle.c.xml', 'stmt', 17))"
2024-06-05 14:19:23,010	[INFO]	40      TEST_CODE_ERROR       None (--) [2 edit(s)]  
2024-06-05 14:19:23,010	[DEBUG]	patch(40)="SrcmlStmtDeletion(('triangle.c.xml', 'stmt', 3)) | SrcmlStmtDeletion(('triangle.c.xml', 'stmt', 16))"
2024-06-05 14:19:23,128	[INFO]	41      TEST_CODE_ERROR       None (--) [2 edit(s)]  
2024-06-05 14:19:23,129	[DEBUG]	patch(41)="SrcmlStmtDeletion(('triangle.c.xml', 'stmt', 3)) | SrcmlStmtReplacement(('triangle.c.xml', 'stmt', 4), ('triangle.c.xml', 'stmt', 17))"
2024-06-05 14:19:23,257	[DEBUG]	EXEC>  SUCCESS 6503.0
2024-06-05 14:19:23,258	[INFO]	42      SUCCESS              *6503.000000 (50.23%) [2 edit(s)]  
2024-06-05 14:19:23,258	[DEBUG]	patch(42)="SrcmlStmtDeletion(('triangle.c.xml', 'stmt', 3)) | SrcmlStmtInsertion(('triangle.c.xml', '_inter_block', 18), ('triangle.c.xml', 'stmt', 18))"
--- before: triangle.c
+++ after: triangle.c
@@ -8,10 +8,14 @@
 int classify_triangle(double a, double b, double c) {
   double tmp;
 
-  delay();
+  
 
   // Sort the sides so that a <= b <= c
   if(a > b) {
+    if(a == b && b == c)/*auto*/{
+     
+      return EQUILATERAL;
+    }/*auto*/
     tmp = a;
     a = b;
     b = tmp;

2024-06-05 14:19:23,474	[DEBUG]	EXEC>  SUCCESS 11442.0
2024-06-05 14:19:23,474	[INFO]	43      SUCCESS               11442.000000 (88.38%) [3 edit(s)]  
2024-06-05 14:19:23,475	[DEBUG]	patch(43)="SrcmlStmtDeletion(('triangle.c.xml', 'stmt', 3)) | SrcmlStmtInsertion(('triangle.c.xml', '_inter_block', 18), ('triangle.c.xml', 'stmt', 18)) | SrcmlStmtReplacement(('triangle.c.xml', 'stmt', 8), ('triangle.c.xml', 'stmt', 3))"
2024-06-05 14:19:23,475	[INFO]	44      SUCCESS               6504.000000 (50.24%) [1 edit(s)] [cached] 
2024-06-05 14:19:23,475	[DEBUG]	patch(44)="SrcmlStmtDeletion(('triangle.c.xml', 'stmt', 3))"
2024-06-05 14:19:23,516	[INFO]	45      COMPILE_CODE_ERROR    None (--) [3 edit(s)]  
2024-06-05 14:19:23,516	[DEBUG]	patch(45)="SrcmlStmtDeletion(('triangle.c.xml', 'stmt', 3)) | SrcmlStmtInsertion(('triangle.c.xml', '_inter_block', 18), ('triangle.c.xml', 'stmt', 18)) | SrcmlStmtInsertion(('triangle.c.xml', '_inter_block', 3), ('triangle.c.xml', 'stmt', 18))"
2024-06-05 14:19:23,518	[INFO]	46      SUCCESS               15591.000000 (120.42%) [1 edit(s)] [cached] 
2024-06-05 14:19:23,518	[DEBUG]	patch(46)="SrcmlStmtInsertion(('triangle.c.xml', '_inter_block', 18), ('triangle.c.xml', 'stmt', 18))"
2024-06-05 14:19:23,656	[INFO]	47      TEST_CODE_ERROR       None (--) [3 edit(s)]  
2024-06-05 14:19:23,657	[DEBUG]	patch(47)="SrcmlStmtDeletion(('triangle.c.xml', 'stmt', 3)) | SrcmlStmtInsertion(('triangle.c.xml', '_inter_block', 18), ('triangle.c.xml', 'stmt', 18)) | SrcmlStmtDeletion(('triangle.c.xml', 'stmt', 9))"
2024-06-05 14:19:23,941	[DEBUG]	EXEC>  SUCCESS 6868.0
2024-06-05 14:19:23,941	[INFO]	48      SUCCESS               6868.000000 (53.05%) [3 edit(s)]  
2024-06-05 14:19:23,941	[DEBUG]	patch(48)="SrcmlStmtDeletion(('triangle.c.xml', 'stmt', 3)) | SrcmlStmtInsertion(('triangle.c.xml', '_inter_block', 18), ('triangle.c.xml', 'stmt', 18)) | SrcmlStmtInsertion(('triangle.c.xml', '_inter_block', 14), ('triangle.c.xml', 'stmt', 5))"
2024-06-05 14:19:24,136	[INFO]	49      TEST_CODE_ERROR       None (--) [3 edit(s)]  
2024-06-05 14:19:24,137	[DEBUG]	patch(49)="SrcmlStmtDeletion(('triangle.c.xml', 'stmt', 3)) | SrcmlStmtInsertion(('triangle.c.xml', '_inter_block', 18), ('triangle.c.xml', 'stmt', 18)) | SrcmlStmtDeletion(('triangle.c.xml', 'stmt', 12))"
2024-06-05 14:19:24,138	[INFO]	50      TEST_CODE_ERROR       None (--) [3 edit(s)] [cached] 
2024-06-05 14:19:24,138	[DEBUG]	patch(50)="SrcmlStmtDeletion(('triangle.c.xml', 'stmt', 3)) | SrcmlStmtInsertion(('triangle.c.xml', '_inter_block', 18), ('triangle.c.xml', 'stmt', 18)) | SrcmlStmtDeletion(('triangle.c.xml', 'stmt', 9))"
2024-06-05 14:19:24,337	[INFO]	51      TEST_CODE_ERROR       None (--) [3 edit(s)]  
2024-06-05 14:19:24,337	[DEBUG]	patch(51)="SrcmlStmtDeletion(('triangle.c.xml', 'stmt', 3)) | SrcmlStmtInsertion(('triangle.c.xml', '_inter_block', 18), ('triangle.c.xml', 'stmt', 18)) | SrcmlStmtReplacement(('triangle.c.xml', 'stmt', 5), ('triangle.c.xml', 'stmt', 2))"
2024-06-05 14:19:24,563	[DEBUG]	EXEC>  SUCCESS 6621.0
2024-06-05 14:19:24,563	[INFO]	52      SUCCESS               6621.000000 (51.14%) [3 edit(s)]  
2024-06-05 14:19:24,563	[DEBUG]	patch(52)="SrcmlStmtDeletion(('triangle.c.xml', 'stmt', 3)) | SrcmlStmtInsertion(('triangle.c.xml', '_inter_block', 18), ('triangle.c.xml', 'stmt', 18)) | SrcmlStmtReplacement(('triangle.c.xml', 'stmt', 3), ('triangle.c.xml', 'stmt', 8))"
2024-06-05 14:19:24,604	[INFO]	53      COMPILE_CODE_ERROR    None (--) [3 edit(s)]  
2024-06-05 14:19:24,604	[DEBUG]	patch(53)="SrcmlStmtDeletion(('triangle.c.xml', 'stmt', 3)) | SrcmlStmtInsertion(('triangle.c.xml', '_inter_block', 18), ('triangle.c.xml', 'stmt', 18)) | SrcmlStmtReplacement(('triangle.c.xml', 'stmt', 0), ('triangle.c.xml', 'stmt', 21))"
2024-06-05 14:19:24,848	[DEBUG]	EXEC>  SUCCESS 6580.0
2024-06-05 14:19:24,849	[INFO]	54      SUCCESS               6580.000000 (50.82%) [3 edit(s)]  
2024-06-05 14:19:24,849	[DEBUG]	patch(54)="SrcmlStmtDeletion(('triangle.c.xml', 'stmt', 3)) | SrcmlStmtInsertion(('triangle.c.xml', '_inter_block', 18), ('triangle.c.xml', 'stmt', 18)) | SrcmlStmtInsertion(('triangle.c.xml', '_inter_block', 15), ('triangle.c.xml', 'stmt', 5))"
2024-06-05 14:19:25,014	[INFO]	55      TEST_CODE_ERROR       None (--) [3 edit(s)]  
2024-06-05 14:19:25,014	[DEBUG]	patch(55)="SrcmlStmtDeletion(('triangle.c.xml', 'stmt', 3)) | SrcmlStmtInsertion(('triangle.c.xml', '_inter_block', 18), ('triangle.c.xml', 'stmt', 18)) | SrcmlStmtReplacement(('triangle.c.xml', 'stmt', 18), ('triangle.c.xml', 'stmt', 17))"
2024-06-05 14:19:25,285	[DEBUG]	EXEC>  SUCCESS 6563.0
2024-06-05 14:19:25,286	[INFO]	56      SUCCESS               6563.000000 (50.69%) [3 edit(s)]  
2024-06-05 14:19:25,286	[DEBUG]	patch(56)="SrcmlStmtDeletion(('triangle.c.xml', 'stmt', 3)) | SrcmlStmtInsertion(('triangle.c.xml', '_inter_block', 18), ('triangle.c.xml', 'stmt', 18)) | SrcmlStmtInsertion(('triangle.c.xml', '_inter_block', 21), ('triangle.c.xml', 'stmt', 5))"
2024-06-05 14:19:25,526	[DEBUG]	EXEC>  SUCCESS 6565.0
2024-06-05 14:19:25,526	[INFO]	57      SUCCESS               6565.000000 (50.71%) [3 edit(s)]  
2024-06-05 14:19:25,526	[DEBUG]	patch(57)="SrcmlStmtDeletion(('triangle.c.xml', 'stmt', 3)) | SrcmlStmtInsertion(('triangle.c.xml', '_inter_block', 18), ('triangle.c.xml', 'stmt', 18)) | SrcmlStmtInsertion(('triangle.c.xml', '_inter_block', 29), ('triangle.c.xml', 'stmt', 18))"
2024-06-05 14:19:25,735	[INFO]	58      TEST_CODE_ERROR       None (--) [3 edit(s)]  
2024-06-05 14:19:25,735	[DEBUG]	patch(58)="SrcmlStmtDeletion(('triangle.c.xml', 'stmt', 3)) | SrcmlStmtInsertion(('triangle.c.xml', '_inter_block', 18), ('triangle.c.xml', 'stmt', 18)) | SrcmlStmtReplacement(('triangle.c.xml', 'stmt', 17), ('triangle.c.xml', 'stmt', 3))"
2024-06-05 14:19:25,934	[INFO]	59      TEST_CODE_ERROR       None (--) [3 edit(s)]  
2024-06-05 14:19:25,934	[DEBUG]	patch(59)="SrcmlStmtDeletion(('triangle.c.xml', 'stmt', 3)) | SrcmlStmtInsertion(('triangle.c.xml', '_inter_block', 18), ('triangle.c.xml', 'stmt', 18)) | SrcmlStmtDeletion(('triangle.c.xml', 'stmt', 19))"
2024-06-05 14:19:26,133	[INFO]	60      TEST_CODE_ERROR       None (--) [3 edit(s)]  
2024-06-05 14:19:26,133	[DEBUG]	patch(60)="SrcmlStmtDeletion(('triangle.c.xml', 'stmt', 3)) | SrcmlStmtInsertion(('triangle.c.xml', '_inter_block', 18), ('triangle.c.xml', 'stmt', 18)) | SrcmlStmtReplacement(('triangle.c.xml', 'stmt', 7), ('triangle.c.xml', 'stmt', 17))"
2024-06-05 14:19:26,175	[INFO]	61      COMPILE_CODE_ERROR    None (--) [3 edit(s)]  
2024-06-05 14:19:26,175	[DEBUG]	patch(61)="SrcmlStmtDeletion(('triangle.c.xml', 'stmt', 3)) | SrcmlStmtInsertion(('triangle.c.xml', '_inter_block', 18), ('triangle.c.xml', 'stmt', 18)) | SrcmlStmtReplacement(('triangle.c.xml', 'stmt', 1), ('triangle.c.xml', 'stmt', 8))"
2024-06-05 14:19:26,177	[INFO]	62      SUCCESS              +6503.000000 (50.23%) [3 edit(s)] [cached] 
2024-06-05 14:19:26,177	[DEBUG]	patch(62)="SrcmlStmtDeletion(('triangle.c.xml', 'stmt', 3)) | SrcmlStmtInsertion(('triangle.c.xml', '_inter_block', 18), ('triangle.c.xml', 'stmt', 18)) | SrcmlStmtReplacement(('triangle.c.xml', 'stmt', 8), ('triangle.c.xml', 'stmt', 8))"
2024-06-05 14:19:26,178	[INFO]	63      SUCCESS               15591.000000 (120.42%) [2 edit(s)] [cached] 
2024-06-05 14:19:26,178	[DEBUG]	patch(63)="SrcmlStmtInsertion(('triangle.c.xml', '_inter_block', 18), ('triangle.c.xml', 'stmt', 18)) | SrcmlStmtReplacement(('triangle.c.xml', 'stmt', 8), ('triangle.c.xml', 'stmt', 8))"
2024-06-05 14:19:26,180	[INFO]	64      TEST_CODE_ERROR       None (--) [4 edit(s)] [cached] 
2024-06-05 14:19:26,180	[DEBUG]	patch(64)="SrcmlStmtDeletion(('triangle.c.xml', 'stmt', 3)) | SrcmlStmtInsertion(('triangle.c.xml', '_inter_block', 18), ('triangle.c.xml', 'stmt', 18)) | SrcmlStmtReplacement(('triangle.c.xml', 'stmt', 8), ('triangle.c.xml', 'stmt', 8)) | SrcmlStmtDeletion(('triangle.c.xml', 'stmt', 12))"
2024-06-05 14:19:26,181	[INFO]	65      SUCCESS              +6503.000000 (50.23%) [2 edit(s)] [cached] 
2024-06-05 14:19:26,181	[DEBUG]	patch(65)="SrcmlStmtDeletion(('triangle.c.xml', 'stmt', 3)) | SrcmlStmtInsertion(('triangle.c.xml', '_inter_block', 18), ('triangle.c.xml', 'stmt', 18))"
2024-06-05 14:19:26,182	[INFO]	66      SUCCESS               6504.000000 (50.24%) [1 edit(s)] [cached] 
2024-06-05 14:19:26,182	[DEBUG]	patch(66)="SrcmlStmtDeletion(('triangle.c.xml', 'stmt', 3))"
2024-06-05 14:19:26,183	[INFO]	67      TEST_CODE_ERROR       None (--) [3 edit(s)] [cached] 
2024-06-05 14:19:26,183	[DEBUG]	patch(67)="SrcmlStmtDeletion(('triangle.c.xml', 'stmt', 3)) | SrcmlStmtInsertion(('triangle.c.xml', '_inter_block', 18), ('triangle.c.xml', 'stmt', 18)) | SrcmlStmtDeletion(('triangle.c.xml', 'stmt', 12))"
2024-06-05 14:19:26,184	[INFO]	68      SUCCESS              +6503.000000 (50.23%) [3 edit(s)] [cached] 
2024-06-05 14:19:26,184	[DEBUG]	patch(68)="SrcmlStmtDeletion(('triangle.c.xml', 'stmt', 3)) | SrcmlStmtInsertion(('triangle.c.xml', '_inter_block', 18), ('triangle.c.xml', 'stmt', 18)) | SrcmlStmtDeletion(('triangle.c.xml', 'stmt', 3))"
2024-06-05 14:19:26,224	[INFO]	69      COMPILE_CODE_ERROR    None (--) [4 edit(s)]  
2024-06-05 14:19:26,224	[DEBUG]	patch(69)="SrcmlStmtDeletion(('triangle.c.xml', 'stmt', 3)) | SrcmlStmtInsertion(('triangle.c.xml', '_inter_block', 18), ('triangle.c.xml', 'stmt', 18)) | SrcmlStmtDeletion(('triangle.c.xml', 'stmt', 3)) | SrcmlStmtInsertion(('triangle.c.xml', '_inter_block', 21), ('triangle.c.xml', 'stmt', 1))"
2024-06-05 14:19:26,225	[INFO]	70      SUCCESS               6504.000000 (50.24%) [2 edit(s)] [cached] 
2024-06-05 14:19:26,225	[DEBUG]	patch(70)="SrcmlStmtDeletion(('triangle.c.xml', 'stmt', 3)) | SrcmlStmtDeletion(('triangle.c.xml', 'stmt', 3))"
2024-06-05 14:19:26,226	[INFO]	71      SUCCESS              +6503.000000 (50.23%) [2 edit(s)] [cached] 
2024-06-05 14:19:26,226	[DEBUG]	patch(71)="SrcmlStmtInsertion(('triangle.c.xml', '_inter_block', 18), ('triangle.c.xml', 'stmt', 18)) | SrcmlStmtDeletion(('triangle.c.xml', 'stmt', 3))"
2024-06-05 14:19:26,227	[INFO]	72      SUCCESS               15591.000000 (120.42%) [1 edit(s)] [cached] 
2024-06-05 14:19:26,228	[DEBUG]	patch(72)="SrcmlStmtInsertion(('triangle.c.xml', '_inter_block', 18), ('triangle.c.xml', 'stmt', 18))"
2024-06-05 14:19:26,414	[INFO]	73      TEST_CODE_ERROR       None (--) [3 edit(s)]  
2024-06-05 14:19:26,414	[DEBUG]	patch(73)="SrcmlStmtInsertion(('triangle.c.xml', '_inter_block', 18), ('triangle.c.xml', 'stmt', 18)) | SrcmlStmtDeletion(('triangle.c.xml', 'stmt', 3)) | SrcmlStmtReplacement(('triangle.c.xml', 'stmt', 14), ('triangle.c.xml', 'stmt', 3))"
2024-06-05 14:19:26,415	[INFO]	74      SUCCESS               6504.000000 (50.24%) [1 edit(s)] [cached] 
2024-06-05 14:19:26,415	[DEBUG]	patch(74)="SrcmlStmtDeletion(('triangle.c.xml', 'stmt', 3))"
2024-06-05 14:19:26,447	[INFO]	75      COMPILE_CODE_ERROR    None (--) [3 edit(s)]  
2024-06-05 14:19:26,447	[DEBUG]	patch(75)="SrcmlStmtInsertion(('triangle.c.xml', '_inter_block', 18), ('triangle.c.xml', 'stmt', 18)) | SrcmlStmtDeletion(('triangle.c.xml', 'stmt', 3)) | SrcmlStmtReplacement(('triangle.c.xml', 'stmt', 2), ('triangle.c.xml', 'stmt', 7))"
2024-06-05 14:19:26,487	[INFO]	76      COMPILE_CODE_ERROR    None (--) [3 edit(s)]  
2024-06-05 14:19:26,487	[DEBUG]	patch(76)="SrcmlStmtInsertion(('triangle.c.xml', '_inter_block', 18), ('triangle.c.xml', 'stmt', 18)) | SrcmlStmtDeletion(('triangle.c.xml', 'stmt', 3)) | SrcmlStmtInsertion(('triangle.c.xml', '_inter_block', 1), ('triangle.c.xml', 'stmt', 18))"
2024-06-05 14:19:26,644	[INFO]	77      TEST_CODE_ERROR       None (--) [3 edit(s)]  
2024-06-05 14:19:26,644	[DEBUG]	patch(77)="SrcmlStmtInsertion(('triangle.c.xml', '_inter_block', 18), ('triangle.c.xml', 'stmt', 18)) | SrcmlStmtDeletion(('triangle.c.xml', 'stmt', 3)) | SrcmlStmtReplacement(('triangle.c.xml', 'stmt', 11), ('triangle.c.xml', 'stmt', 20))"
2024-06-05 14:19:26,902	[DEBUG]	EXEC>  SUCCESS 6597.0
2024-06-05 14:19:26,902	[INFO]	78      SUCCESS               6597.000000 (50.95%) [3 edit(s)]  
2024-06-05 14:19:26,902	[DEBUG]	patch(78)="SrcmlStmtInsertion(('triangle.c.xml', '_inter_block', 18), ('triangle.c.xml', 'stmt', 18)) | SrcmlStmtDeletion(('triangle.c.xml', 'stmt', 3)) | SrcmlStmtInsertion(('triangle.c.xml', '_inter_block', 11), ('triangle.c.xml', 'stmt', 16))"
2024-06-05 14:19:27,107	[DEBUG]	EXEC>  SUCCESS 6701.0
2024-06-05 14:19:27,107	[INFO]	79      SUCCESS               6701.000000 (51.76%) [3 edit(s)]  
2024-06-05 14:19:27,108	[DEBUG]	patch(79)="SrcmlStmtInsertion(('triangle.c.xml', '_inter_block', 18), ('triangle.c.xml', 'stmt', 18)) | SrcmlStmtDeletion(('triangle.c.xml', 'stmt', 3)) | SrcmlStmtDeletion(('triangle.c.xml', 'stmt', 8))"
2024-06-05 14:19:27,141	[INFO]	80      COMPILE_CODE_ERROR    None (--) [3 edit(s)]  
2024-06-05 14:19:27,141	[DEBUG]	patch(80)="SrcmlStmtInsertion(('triangle.c.xml', '_inter_block', 18), ('triangle.c.xml', 'stmt', 18)) | SrcmlStmtDeletion(('triangle.c.xml', 'stmt', 3)) | SrcmlStmtInsertion(('triangle.c.xml', '_inter_block', 6), ('triangle.c.xml', 'stmt', 18))"
2024-06-05 14:19:27,143	[INFO]	81      SUCCESS              +6503.000000 (50.23%) [3 edit(s)] [cached] 
2024-06-05 14:19:27,143	[DEBUG]	patch(81)="SrcmlStmtInsertion(('triangle.c.xml', '_inter_block', 18), ('triangle.c.xml', 'stmt', 18)) | SrcmlStmtDeletion(('triangle.c.xml', 'stmt', 3)) | SrcmlStmtReplacement(('triangle.c.xml', 'stmt', 22), ('triangle.c.xml', 'stmt', 22))"
2024-06-05 14:19:27,388	[DEBUG]	EXEC>  SUCCESS 6533.0
2024-06-05 14:19:27,388	[INFO]	82      SUCCESS               6533.000000 (50.46%) [4 edit(s)]  
2024-06-05 14:19:27,389	[DEBUG]	patch(82)="SrcmlStmtInsertion(('triangle.c.xml', '_inter_block', 18), ('triangle.c.xml', 'stmt', 18)) | SrcmlStmtDeletion(('triangle.c.xml', 'stmt', 3)) | SrcmlStmtReplacement(('triangle.c.xml', 'stmt', 22), ('triangle.c.xml', 'stmt', 22)) | SrcmlStmtDeletion(('triangle.c.xml', 'stmt', 4))"
2024-06-05 14:19:27,390	[INFO]	~~~~ END ~~~~
2024-06-05 14:19:27,390	[INFO]	
2024-06-05 14:19:27,390	[INFO]	==== REPORT ====
2024-06-05 14:19:27,390	[INFO]	Termination: time budget
2024-06-05 14:19:27,390	[INFO]	Retries: 1
2024-06-05 14:19:27,390	[INFO]	Log file: /home/jim/magpie/_magpie_logs/triangle-c_1717593556.log
2024-06-05 14:19:27,390	[INFO]	Patch file: _magpie_logs/triangle-c_1717593556.patch
2024-06-05 14:19:27,390	[INFO]	Diff file: _magpie_logs/triangle-c_1717593556.diff
2024-06-05 14:19:27,390	[INFO]	Reference fitness: 12947.000000
2024-06-05 14:19:27,391	[INFO]	Best fitness: 6503.000000
2024-06-05 14:19:27,391	[INFO]	
2024-06-05 14:19:27,392	[INFO]	==== BEST PATCH ====
SrcmlStmtDeletion(('triangle.c.xml', 'stmt', 3)) | SrcmlStmtInsertion(('triangle.c.xml', '_inter_block', 18), ('triangle.c.xml', 'stmt', 18))
2024-06-05 14:19:27,392	[INFO]	
2024-06-05 14:19:27,392	[INFO]	==== DIFF ====
[1m--- before: triangle.c[0m
[1m+++ after: triangle.c[0m
[36m@@ -8,10 +8,14 @@[0m
 int classify_triangle(double a, double b, double c) {
   double tmp;
 
[31m-  delay();[0m
[32m+  [0m
 
   // Sort the sides so that a <= b <= c
   if(a > b) {
[32m+    if(a == b && b == c)/*auto*/{[0m
[32m+     [0m
[32m+      return EQUILATERAL;[0m
[32m+    }/*auto*/[0m
     tmp = a;
     a = b;
     b = tmp;

