2024-08-30 21:26:03,211	[DEBUG]	==== CONFIG ====
[magpie]
import = 
seed = 45
log_dir = _magpie_logs
work_dir = _magpie_work
local_original_copy = True
local_original_name = __original__
output_encoding = ascii
edit_retries = 10
default_timeout = 60
default_lengthout = 1e6
diff_method = unified
trust_local_filesystem = True

[magpie.log]
color_output = True
format_info = {counter:<7} {status:<20} {best}{fitness} ({ratio}) [{size}] {cached} {log}
format_debug = patch({counter})="{patch}"{diffifbest}
format_fitness = {:.6f}
format_ratio = {:.2%%}
format_patchif = 
	 --> {patch}
format_diffif = 
	{diff}

[software]
path = examples/weka
target_files = src/main/java/weka/classifiers/trees/RandomForest.java.xml
software = BasicSoftware
model_rules = 
	*.params : ParamFileConfigModel
	*.xml : SrcmlModel
	* : LineModel
model_config = 
	*.params : [paramconfig]
	*.xml : [srcml]
init_cmd = 
init_timeout = 60
init_lengthout = -1
setup_cmd = ant compile
setup_timeout = 
setup_lengthout = 
compile_cmd = ant compile
compile_timeout = 
compile_lengthout = 
test_cmd = bash test.sh
test_timeout = 
test_lengthout = 
run_cmd = perf stat -e faults bash run_fixed.sh
run_timeout = 
run_lengthout = 
retries = 5
batch_timeout = 
batch_lengthout = 
batch_bin_fitness_strategy = aggregate
batch_fitness_strategy = sum
fitness = perf_faults

[srcml]
rename = 
	stmt: break continue decl_stmt do expr_stmt for goto if return switch while
	number: literal_number
focus = block stmt operator_comp operator_arith number
internodes = block
process_pseudo_blocks = True
process_literals = True
process_operators = True

[paramconfig]
timing = test run
cli_prefix = --
cli_glue = =
cli_boolean = show
cli_boolean_prefix_true = 
cli_boolean_prefix_false = no-
cli_none = hide
silent_prefix = @
silent_suffix = $

[search]
protocol = BasicProtocol
algorithm = GeneticProgrammingUniformConcat
possible_edits = 
	SrcmlStmtReplacement
	SrcmlStmtInsertion
	SrcmlStmtDeletion
warmup = 3
warmup_strategy = last
max_steps = 1000
max_time = 1800
target_fitness = 
cache_maxsize = 100
cache_keep = 0.2
batch_instances = 
batch_shuffle = True
batch_bin_shuffle = False
batch_sample_size = 1

[search.ls]
delete_prob = 0.5
max_neighbours = 
when_trapped = continue
accept_fail = False
tabu_length = 10

[search.gp]
pop_size = 10
delete_prob = 0.5
offspring_elitism = 0.1
offspring_crossover = 0.5
offspring_mutation = 0.4
uniform_rate = 0.5
batch_reset = True

[search.minify]
do_cleanup = True
do_rebuild = True
do_simplify = True
round_robin_limit = 3


2024-08-30 21:26:03,211	[DEBUG]	
2024-08-30 21:26:03,211	[INFO]	==== SEARCH: GeneticProgrammingUniformConcat ====
2024-08-30 21:26:03,211	[INFO]	~~~~ WARMUP ~~~~
2024-08-30 21:27:05,053	[DEBUG]	EXEC>  SUCCESS 61403.0
2024-08-30 21:27:05,053	[INFO]	WARM    SUCCESS               61403.000000 (--) [0 edit(s)]  
2024-08-30 21:27:53,389	[DEBUG]	EXEC>  SUCCESS 63818.2
2024-08-30 21:27:53,389	[INFO]	WARM    SUCCESS               63818.200000 (--) [0 edit(s)]  
2024-08-30 21:28:42,211	[DEBUG]	EXEC>  SUCCESS 63311.4
2024-08-30 21:28:42,212	[INFO]	WARM    SUCCESS               63311.400000 (--) [0 edit(s)]  
2024-08-30 21:28:42,212	[INFO]	REF     SUCCESS               63311.400000 (--) [0 edit(s)]  
2024-08-30 21:28:42,212	[INFO]	
2024-08-30 21:28:42,212	[INFO]	~~~~ START ~~~~
2024-08-30 21:28:44,554	[INFO]	0-1     COMPILE_CODE_ERROR    None (--) [1 edit(s)]  
2024-08-30 21:28:44,554	[DEBUG]	patch(0-1)="SrcmlStmtInsertion(('src/main/java/weka/classifiers/trees/RandomForest.java.xml', '_inter_block', 65), ('src/main/java/weka/classifiers/trees/RandomForest.java.xml', 'stmt', 77))"
2024-08-30 21:28:46,961	[INFO]	0-2     COMPILE_CODE_ERROR    None (--) [1 edit(s)]  
2024-08-30 21:28:46,961	[DEBUG]	patch(0-2)="SrcmlStmtInsertion(('src/main/java/weka/classifiers/trees/RandomForest.java.xml', '_inter_block', 123), ('src/main/java/weka/classifiers/trees/RandomForest.java.xml', 'stmt', 29))"
2024-08-30 21:28:49,395	[INFO]	0-3     COMPILE_CODE_ERROR    None (--) [1 edit(s)]  
2024-08-30 21:28:49,395	[DEBUG]	patch(0-3)="SrcmlStmtInsertion(('src/main/java/weka/classifiers/trees/RandomForest.java.xml', '_inter_block', 218), ('src/main/java/weka/classifiers/trees/RandomForest.java.xml', 'stmt', 17))"
2024-08-30 21:28:51,701	[INFO]	0-4     COMPILE_CODE_ERROR    None (--) [1 edit(s)]  
2024-08-30 21:28:51,701	[DEBUG]	patch(0-4)="SrcmlStmtReplacement(('src/main/java/weka/classifiers/trees/RandomForest.java.xml', 'stmt', 54), ('src/main/java/weka/classifiers/trees/RandomForest.java.xml', 'stmt', 19))"
2024-08-30 21:28:54,129	[INFO]	0-5     COMPILE_CODE_ERROR    None (--) [1 edit(s)]  
2024-08-30 21:28:54,129	[DEBUG]	patch(0-5)="SrcmlStmtDeletion(('src/main/java/weka/classifiers/trees/RandomForest.java.xml', 'stmt', 36))"
2024-08-30 21:28:56,522	[INFO]	0-6     COMPILE_CODE_ERROR    None (--) [1 edit(s)]  
2024-08-30 21:28:56,522	[DEBUG]	patch(0-6)="SrcmlStmtDeletion(('src/main/java/weka/classifiers/trees/RandomForest.java.xml', 'stmt', 8))"
2024-08-30 21:28:59,026	[INFO]	0-7     COMPILE_CODE_ERROR    None (--) [1 edit(s)]  
2024-08-30 21:28:59,027	[DEBUG]	patch(0-7)="SrcmlStmtReplacement(('src/main/java/weka/classifiers/trees/RandomForest.java.xml', 'stmt', 91), ('src/main/java/weka/classifiers/trees/RandomForest.java.xml', 'stmt', 24))"
2024-08-30 21:29:01,449	[INFO]	0-8     COMPILE_CODE_ERROR    None (--) [1 edit(s)]  
2024-08-30 21:29:01,449	[DEBUG]	patch(0-8)="SrcmlStmtInsertion(('src/main/java/weka/classifiers/trees/RandomForest.java.xml', '_inter_block', 192), ('src/main/java/weka/classifiers/trees/RandomForest.java.xml', 'stmt', 81))"
2024-08-30 21:29:03,750	[INFO]	0-9     COMPILE_CODE_ERROR    None (--) [1 edit(s)]  
2024-08-30 21:29:03,751	[DEBUG]	patch(0-9)="SrcmlStmtInsertion(('src/main/java/weka/classifiers/trees/RandomForest.java.xml', '_inter_block', 126), ('src/main/java/weka/classifiers/trees/RandomForest.java.xml', 'stmt', 53))"
2024-08-30 21:29:06,063	[INFO]	0-10    COMPILE_CODE_ERROR    None (--) [1 edit(s)]  
2024-08-30 21:29:06,063	[DEBUG]	patch(0-10)="SrcmlStmtInsertion(('src/main/java/weka/classifiers/trees/RandomForest.java.xml', '_inter_block', 63), ('src/main/java/weka/classifiers/trees/RandomForest.java.xml', 'stmt', 108))"
2024-08-30 21:29:06,066	[INFO]	REF     SUCCESS               63311.400000 (--) [0 edit(s)] [cached] 
2024-08-30 21:29:08,434	[INFO]	1-1     COMPILE_CODE_ERROR    None (--) [1 edit(s)]  
2024-08-30 21:29:08,435	[DEBUG]	patch(1-1)="SrcmlStmtInsertion(('src/main/java/weka/classifiers/trees/RandomForest.java.xml', '_inter_block', 98), ('src/main/java/weka/classifiers/trees/RandomForest.java.xml', 'stmt', 36))"
2024-08-30 21:29:11,692	[INFO]	1-2     TEST_CODE_ERROR       None (--) [1 edit(s)]  
2024-08-30 21:29:11,692	[DEBUG]	patch(1-2)="SrcmlStmtDeletion(('src/main/java/weka/classifiers/trees/RandomForest.java.xml', 'stmt', 141))"
2024-08-30 21:30:01,247	[DEBUG]	EXEC>  SUCCESS 65865.8
2024-08-30 21:30:01,247	[INFO]	1-3     SUCCESS              +65865.800000 (104.03%) [1 edit(s)]  
2024-08-30 21:30:01,247	[DEBUG]	patch(1-3)="SrcmlStmtReplacement(('src/main/java/weka/classifiers/trees/RandomForest.java.xml', 'stmt', 131), ('src/main/java/weka/classifiers/trees/RandomForest.java.xml', 'stmt', 139))"
2024-08-30 21:30:50,206	[DEBUG]	EXEC>  SUCCESS 65003.8
2024-08-30 21:30:50,206	[INFO]	1-4     SUCCESS              +65003.800000 (102.67%) [1 edit(s)]  
2024-08-30 21:30:50,207	[DEBUG]	patch(1-4)="SrcmlStmtDeletion(('src/main/java/weka/classifiers/trees/RandomForest.java.xml', 'stmt', 81))"
2024-08-30 21:30:52,184	[INFO]	1-5     COMPILE_CODE_ERROR    None (--) [1 edit(s)]  
2024-08-30 21:30:52,185	[DEBUG]	patch(1-5)="SrcmlStmtInsertion(('src/main/java/weka/classifiers/trees/RandomForest.java.xml', '_inter_block', 2), ('src/main/java/weka/classifiers/trees/RandomForest.java.xml', 'stmt', 12))"
2024-08-30 21:30:54,487	[INFO]	1-6     COMPILE_CODE_ERROR    None (--) [1 edit(s)]  
2024-08-30 21:30:54,487	[DEBUG]	patch(1-6)="SrcmlStmtInsertion(('src/main/java/weka/classifiers/trees/RandomForest.java.xml', '_inter_block', 159), ('src/main/java/weka/classifiers/trees/RandomForest.java.xml', 'stmt', 71))"
2024-08-30 21:30:56,771	[INFO]	1-7     COMPILE_CODE_ERROR    None (--) [1 edit(s)]  
2024-08-30 21:30:56,771	[DEBUG]	patch(1-7)="SrcmlStmtInsertion(('src/main/java/weka/classifiers/trees/RandomForest.java.xml', '_inter_block', 84), ('src/main/java/weka/classifiers/trees/RandomForest.java.xml', 'stmt', 62))"
2024-08-30 21:30:59,179	[INFO]	1-8     COMPILE_CODE_ERROR    None (--) [1 edit(s)]  
2024-08-30 21:30:59,180	[DEBUG]	patch(1-8)="SrcmlStmtDeletion(('src/main/java/weka/classifiers/trees/RandomForest.java.xml', 'stmt', 126))"
2024-08-30 21:31:01,513	[INFO]	1-9     COMPILE_CODE_ERROR    None (--) [1 edit(s)]  
2024-08-30 21:31:01,513	[DEBUG]	patch(1-9)="SrcmlStmtReplacement(('src/main/java/weka/classifiers/trees/RandomForest.java.xml', 'stmt', 67), ('src/main/java/weka/classifiers/trees/RandomForest.java.xml', 'stmt', 24))"
2024-08-30 21:31:03,880	[INFO]	1-10    COMPILE_CODE_ERROR    None (--) [1 edit(s)]  
2024-08-30 21:31:03,880	[DEBUG]	patch(1-10)="SrcmlStmtReplacement(('src/main/java/weka/classifiers/trees/RandomForest.java.xml', 'stmt', 23), ('src/main/java/weka/classifiers/trees/RandomForest.java.xml', 'stmt', 33))"
2024-08-30 21:31:03,882	[INFO]	REF     SUCCESS               63311.400000 (--) [0 edit(s)] [cached] 
2024-08-30 21:31:03,885	[INFO]	2-1     SUCCESS              +65003.800000 (102.67%) [1 edit(s)] [cached] 
2024-08-30 21:31:03,885	[DEBUG]	patch(2-1)="SrcmlStmtDeletion(('src/main/java/weka/classifiers/trees/RandomForest.java.xml', 'stmt', 81))"
2024-08-30 21:31:03,888	[INFO]	2-2     SUCCESS               65865.800000 (104.03%) [1 edit(s)] [cached] 
2024-08-30 21:31:03,888	[DEBUG]	patch(2-2)="SrcmlStmtReplacement(('src/main/java/weka/classifiers/trees/RandomForest.java.xml', 'stmt', 131), ('src/main/java/weka/classifiers/trees/RandomForest.java.xml', 'stmt', 139))"
2024-08-30 21:31:03,891	[INFO]	2-3     SUCCESS               65865.800000 (104.03%) [2 edit(s)] [cached] 
2024-08-30 21:31:03,891	[DEBUG]	patch(2-3)="SrcmlStmtReplacement(('src/main/java/weka/classifiers/trees/RandomForest.java.xml', 'stmt', 131), ('src/main/java/weka/classifiers/trees/RandomForest.java.xml', 'stmt', 139)) | SrcmlStmtReplacement(('src/main/java/weka/classifiers/trees/RandomForest.java.xml', 'stmt', 131), ('src/main/java/weka/classifiers/trees/RandomForest.java.xml', 'stmt', 139))"
2024-08-30 21:31:03,893	[INFO]	2-4     SUCCESS              +63311.400000 (100.00%) [0 edit(s)] [cached] 
2024-08-30 21:31:03,893	[DEBUG]	patch(2-4)=""
2024-08-30 21:31:06,255	[INFO]	2-5     COMPILE_CODE_ERROR    None (--) [2 edit(s)]  
2024-08-30 21:31:06,256	[DEBUG]	patch(2-5)="SrcmlStmtReplacement(('src/main/java/weka/classifiers/trees/RandomForest.java.xml', 'stmt', 131), ('src/main/java/weka/classifiers/trees/RandomForest.java.xml', 'stmt', 139)) | SrcmlStmtReplacement(('src/main/java/weka/classifiers/trees/RandomForest.java.xml', 'stmt', 82), ('src/main/java/weka/classifiers/trees/RandomForest.java.xml', 'stmt', 59))"
2024-08-30 21:31:08,607	[INFO]	2-6     COMPILE_CODE_ERROR    None (--) [1 edit(s)]  
2024-08-30 21:31:08,607	[DEBUG]	patch(2-6)="SrcmlStmtInsertion(('src/main/java/weka/classifiers/trees/RandomForest.java.xml', '_inter_block', 226), ('src/main/java/weka/classifiers/trees/RandomForest.java.xml', 'stmt', 100))"
2024-08-30 21:31:57,401	[DEBUG]	EXEC>  SUCCESS 65914.0
2024-08-30 21:31:57,401	[INFO]	2-7     SUCCESS               65914.000000 (104.11%) [1 edit(s)]  
2024-08-30 21:31:57,402	[DEBUG]	patch(2-7)="SrcmlStmtDeletion(('src/main/java/weka/classifiers/trees/RandomForest.java.xml', 'stmt', 105))"
2024-08-30 21:32:47,537	[DEBUG]	EXEC>  SUCCESS 67253.2
2024-08-30 21:32:47,537	[INFO]	2-8     SUCCESS               67253.200000 (106.23%) [1 edit(s)]  
2024-08-30 21:32:47,537	[DEBUG]	patch(2-8)="SrcmlStmtDeletion(('src/main/java/weka/classifiers/trees/RandomForest.java.xml', 'stmt', 119))"
2024-08-30 21:32:49,862	[INFO]	2-9     COMPILE_CODE_ERROR    None (--) [1 edit(s)]  
2024-08-30 21:32:49,862	[DEBUG]	patch(2-9)="SrcmlStmtDeletion(('src/main/java/weka/classifiers/trees/RandomForest.java.xml', 'stmt', 59))"
2024-08-30 21:33:39,129	[DEBUG]	EXEC>  SUCCESS 66316.6
2024-08-30 21:33:39,129	[INFO]	2-10    SUCCESS               66316.600000 (104.75%) [1 edit(s)]  
2024-08-30 21:33:39,130	[DEBUG]	patch(2-10)="SrcmlStmtDeletion(('src/main/java/weka/classifiers/trees/RandomForest.java.xml', 'stmt', 57))"
2024-08-30 21:33:39,132	[INFO]	REF     SUCCESS               63311.400000 (--) [0 edit(s)] [cached] 
2024-08-30 21:33:39,135	[INFO]	3-1     SUCCESS              +63311.400000 (100.00%) [0 edit(s)] [cached] 
2024-08-30 21:33:39,135	[DEBUG]	patch(3-1)=""
2024-08-30 21:33:39,137	[INFO]	3-2     SUCCESS               63311.400000 (100.00%) [0 edit(s)] [cached] 
2024-08-30 21:33:39,137	[DEBUG]	patch(3-2)=""
2024-08-30 21:33:39,139	[INFO]	3-3     SUCCESS               65865.800000 (104.03%) [1 edit(s)] [cached] 
2024-08-30 21:33:39,139	[DEBUG]	patch(3-3)="SrcmlStmtReplacement(('src/main/java/weka/classifiers/trees/RandomForest.java.xml', 'stmt', 131), ('src/main/java/weka/classifiers/trees/RandomForest.java.xml', 'stmt', 139))"
2024-08-30 21:34:28,167	[DEBUG]	EXEC>  SUCCESS 64625.4
2024-08-30 21:34:28,168	[INFO]	3-4     SUCCESS               64625.400000 (102.08%) [2 edit(s)]  
2024-08-30 21:34:28,168	[DEBUG]	patch(3-4)="SrcmlStmtDeletion(('src/main/java/weka/classifiers/trees/RandomForest.java.xml', 'stmt', 105)) | SrcmlStmtReplacement(('src/main/java/weka/classifiers/trees/RandomForest.java.xml', 'stmt', 131), ('src/main/java/weka/classifiers/trees/RandomForest.java.xml', 'stmt', 139))"
2024-08-30 21:34:28,171	[INFO]	3-5     SUCCESS               65865.800000 (104.03%) [1 edit(s)] [cached] 
2024-08-30 21:34:28,171	[DEBUG]	patch(3-5)="SrcmlStmtReplacement(('src/main/java/weka/classifiers/trees/RandomForest.java.xml', 'stmt', 131), ('src/main/java/weka/classifiers/trees/RandomForest.java.xml', 'stmt', 139))"
2024-08-30 21:34:28,173	[INFO]	3-6     SUCCESS               65914.000000 (104.11%) [1 edit(s)] [cached] 
2024-08-30 21:34:28,173	[DEBUG]	patch(3-6)="SrcmlStmtDeletion(('src/main/java/weka/classifiers/trees/RandomForest.java.xml', 'stmt', 105))"
2024-08-30 21:35:17,341	[DEBUG]	EXEC>  SUCCESS 64897.8
2024-08-30 21:35:17,341	[INFO]	3-7     SUCCESS               64897.800000 (102.51%) [1 edit(s)]  
2024-08-30 21:35:17,341	[DEBUG]	patch(3-7)="SrcmlStmtInsertion(('src/main/java/weka/classifiers/trees/RandomForest.java.xml', '_inter_block', 171), ('src/main/java/weka/classifiers/trees/RandomForest.java.xml', 'stmt', 104))"
2024-08-30 21:35:19,681	[INFO]	3-8     COMPILE_CODE_ERROR    None (--) [2 edit(s)]  
2024-08-30 21:35:19,681	[DEBUG]	patch(3-8)="SrcmlStmtDeletion(('src/main/java/weka/classifiers/trees/RandomForest.java.xml', 'stmt', 81)) | SrcmlStmtReplacement(('src/main/java/weka/classifiers/trees/RandomForest.java.xml', 'stmt', 21), ('src/main/java/weka/classifiers/trees/RandomForest.java.xml', 'stmt', 33))"
2024-08-30 21:35:22,016	[INFO]	3-9     COMPILE_CODE_ERROR    None (--) [2 edit(s)]  
2024-08-30 21:35:22,016	[DEBUG]	patch(3-9)="SrcmlStmtReplacement(('src/main/java/weka/classifiers/trees/RandomForest.java.xml', 'stmt', 131), ('src/main/java/weka/classifiers/trees/RandomForest.java.xml', 'stmt', 139)) | SrcmlStmtInsertion(('src/main/java/weka/classifiers/trees/RandomForest.java.xml', '_inter_block', 102), ('src/main/java/weka/classifiers/trees/RandomForest.java.xml', 'stmt', 97))"
2024-08-30 21:35:22,019	[INFO]	3-10    SUCCESS               65865.800000 (104.03%) [1 edit(s)] [cached] 
2024-08-30 21:35:22,019	[DEBUG]	patch(3-10)="SrcmlStmtReplacement(('src/main/java/weka/classifiers/trees/RandomForest.java.xml', 'stmt', 131), ('src/main/java/weka/classifiers/trees/RandomForest.java.xml', 'stmt', 139))"
2024-08-30 21:35:22,021	[INFO]	REF     SUCCESS               63311.400000 (--) [0 edit(s)] [cached] 
2024-08-30 21:35:22,024	[INFO]	4-1     SUCCESS              +63311.400000 (100.00%) [0 edit(s)] [cached] 
2024-08-30 21:35:22,024	[DEBUG]	patch(4-1)=""
2024-08-30 21:35:22,026	[INFO]	4-2     SUCCESS               63311.400000 (100.00%) [0 edit(s)] [cached] 
2024-08-30 21:35:22,026	[DEBUG]	patch(4-2)=""
2024-08-30 21:35:22,029	[INFO]	4-3     SUCCESS               65865.800000 (104.03%) [1 edit(s)] [cached] 
2024-08-30 21:35:22,029	[DEBUG]	patch(4-3)="SrcmlStmtReplacement(('src/main/java/weka/classifiers/trees/RandomForest.java.xml', 'stmt', 131), ('src/main/java/weka/classifiers/trees/RandomForest.java.xml', 'stmt', 139))"
2024-08-30 21:35:22,032	[INFO]	4-4     SUCCESS               64897.800000 (102.51%) [1 edit(s)] [cached] 
2024-08-30 21:35:22,032	[DEBUG]	patch(4-4)="SrcmlStmtInsertion(('src/main/java/weka/classifiers/trees/RandomForest.java.xml', '_inter_block', 171), ('src/main/java/weka/classifiers/trees/RandomForest.java.xml', 'stmt', 104))"
2024-08-30 21:35:22,035	[INFO]	4-5     SUCCESS               64625.400000 (102.08%) [2 edit(s)] [cached] 
2024-08-30 21:35:22,035	[DEBUG]	patch(4-5)="SrcmlStmtDeletion(('src/main/java/weka/classifiers/trees/RandomForest.java.xml', 'stmt', 105)) | SrcmlStmtReplacement(('src/main/java/weka/classifiers/trees/RandomForest.java.xml', 'stmt', 131), ('src/main/java/weka/classifiers/trees/RandomForest.java.xml', 'stmt', 139))"
2024-08-30 21:35:22,038	[INFO]	4-6     SUCCESS               64625.400000 (102.08%) [2 edit(s)] [cached] 
2024-08-30 21:35:22,038	[DEBUG]	patch(4-6)="SrcmlStmtDeletion(('src/main/java/weka/classifiers/trees/RandomForest.java.xml', 'stmt', 105)) | SrcmlStmtReplacement(('src/main/java/weka/classifiers/trees/RandomForest.java.xml', 'stmt', 131), ('src/main/java/weka/classifiers/trees/RandomForest.java.xml', 'stmt', 139))"
2024-08-30 21:36:11,159	[DEBUG]	EXEC>  SUCCESS 64021.6
2024-08-30 21:36:11,159	[INFO]	4-7     SUCCESS               64021.600000 (101.12%) [1 edit(s)]  
2024-08-30 21:36:11,160	[DEBUG]	patch(4-7)="SrcmlStmtInsertion(('src/main/java/weka/classifiers/trees/RandomForest.java.xml', '_inter_block', 230), ('src/main/java/weka/classifiers/trees/RandomForest.java.xml', 'stmt', 89))"
2024-08-30 21:36:11,162	[INFO]	4-8     SUCCESS               65914.000000 (104.11%) [1 edit(s)] [cached] 
2024-08-30 21:36:11,162	[DEBUG]	patch(4-8)="SrcmlStmtDeletion(('src/main/java/weka/classifiers/trees/RandomForest.java.xml', 'stmt', 105))"
2024-08-30 21:36:13,497	[INFO]	4-9     COMPILE_CODE_ERROR    None (--) [2 edit(s)]  
2024-08-30 21:36:13,497	[DEBUG]	patch(4-9)="SrcmlStmtInsertion(('src/main/java/weka/classifiers/trees/RandomForest.java.xml', '_inter_block', 171), ('src/main/java/weka/classifiers/trees/RandomForest.java.xml', 'stmt', 104)) | SrcmlStmtReplacement(('src/main/java/weka/classifiers/trees/RandomForest.java.xml', 'stmt', 133), ('src/main/java/weka/classifiers/trees/RandomForest.java.xml', 'stmt', 39))"
2024-08-30 21:36:15,810	[INFO]	4-10    COMPILE_CODE_ERROR    None (--) [2 edit(s)]  
2024-08-30 21:36:15,810	[DEBUG]	patch(4-10)="SrcmlStmtReplacement(('src/main/java/weka/classifiers/trees/RandomForest.java.xml', 'stmt', 131), ('src/main/java/weka/classifiers/trees/RandomForest.java.xml', 'stmt', 139)) | SrcmlStmtInsertion(('src/main/java/weka/classifiers/trees/RandomForest.java.xml', '_inter_block', 45), ('src/main/java/weka/classifiers/trees/RandomForest.java.xml', 'stmt', 5))"
2024-08-30 21:36:15,813	[INFO]	REF     SUCCESS               63311.400000 (--) [0 edit(s)] [cached] 
2024-08-30 21:36:15,815	[INFO]	5-1     SUCCESS              +63311.400000 (100.00%) [0 edit(s)] [cached] 
2024-08-30 21:36:15,815	[DEBUG]	patch(5-1)=""
2024-08-30 21:36:15,818	[INFO]	5-2     SUCCESS               64625.400000 (102.08%) [2 edit(s)] [cached] 
2024-08-30 21:36:15,818	[DEBUG]	patch(5-2)="SrcmlStmtDeletion(('src/main/java/weka/classifiers/trees/RandomForest.java.xml', 'stmt', 105)) | SrcmlStmtReplacement(('src/main/java/weka/classifiers/trees/RandomForest.java.xml', 'stmt', 131), ('src/main/java/weka/classifiers/trees/RandomForest.java.xml', 'stmt', 139))"
2024-08-30 21:36:15,821	[INFO]	5-3     SUCCESS               64021.600000 (101.12%) [1 edit(s)] [cached] 
2024-08-30 21:36:15,821	[DEBUG]	patch(5-3)="SrcmlStmtInsertion(('src/main/java/weka/classifiers/trees/RandomForest.java.xml', '_inter_block', 230), ('src/main/java/weka/classifiers/trees/RandomForest.java.xml', 'stmt', 89))"
2024-08-30 21:36:15,824	[INFO]	5-4     SUCCESS               65865.800000 (104.03%) [1 edit(s)] [cached] 
2024-08-30 21:36:15,824	[DEBUG]	patch(5-4)="SrcmlStmtReplacement(('src/main/java/weka/classifiers/trees/RandomForest.java.xml', 'stmt', 131), ('src/main/java/weka/classifiers/trees/RandomForest.java.xml', 'stmt', 139))"
2024-08-30 21:36:15,826	[INFO]	5-5     SUCCESS               64021.600000 (101.12%) [1 edit(s)] [cached] 
2024-08-30 21:36:15,827	[DEBUG]	patch(5-5)="SrcmlStmtInsertion(('src/main/java/weka/classifiers/trees/RandomForest.java.xml', '_inter_block', 230), ('src/main/java/weka/classifiers/trees/RandomForest.java.xml', 'stmt', 89))"
2024-08-30 21:36:15,829	[INFO]	5-6     SUCCESS               64625.400000 (102.08%) [2 edit(s)] [cached] 
2024-08-30 21:36:15,829	[DEBUG]	patch(5-6)="SrcmlStmtReplacement(('src/main/java/weka/classifiers/trees/RandomForest.java.xml', 'stmt', 131), ('src/main/java/weka/classifiers/trees/RandomForest.java.xml', 'stmt', 139)) | SrcmlStmtDeletion(('src/main/java/weka/classifiers/trees/RandomForest.java.xml', 'stmt', 105))"
2024-08-30 21:36:18,155	[INFO]	5-7     COMPILE_CODE_ERROR    None (--) [1 edit(s)]  
2024-08-30 21:36:18,155	[DEBUG]	patch(5-7)="SrcmlStmtReplacement(('src/main/java/weka/classifiers/trees/RandomForest.java.xml', 'stmt', 108), ('src/main/java/weka/classifiers/trees/RandomForest.java.xml', 'stmt', 44))"
2024-08-30 21:36:20,502	[INFO]	5-8     COMPILE_CODE_ERROR    None (--) [2 edit(s)]  
2024-08-30 21:36:20,502	[DEBUG]	patch(5-8)="SrcmlStmtInsertion(('src/main/java/weka/classifiers/trees/RandomForest.java.xml', '_inter_block', 230), ('src/main/java/weka/classifiers/trees/RandomForest.java.xml', 'stmt', 89)) | SrcmlStmtReplacement(('src/main/java/weka/classifiers/trees/RandomForest.java.xml', 'stmt', 71), ('src/main/java/weka/classifiers/trees/RandomForest.java.xml', 'stmt', 26))"
2024-08-30 21:36:20,505	[INFO]	5-9     SUCCESS               65914.000000 (104.11%) [1 edit(s)] [cached] 
2024-08-30 21:36:20,505	[DEBUG]	patch(5-9)="SrcmlStmtDeletion(('src/main/java/weka/classifiers/trees/RandomForest.java.xml', 'stmt', 105))"
2024-08-30 21:36:20,507	[INFO]	5-10    SUCCESS               63311.400000 (100.00%) [0 edit(s)] [cached] 
2024-08-30 21:36:20,507	[DEBUG]	patch(5-10)=""
2024-08-30 21:36:20,510	[INFO]	REF     SUCCESS               63311.400000 (--) [0 edit(s)] [cached] 
2024-08-30 21:36:20,513	[INFO]	6-1     SUCCESS              +63311.400000 (100.00%) [0 edit(s)] [cached] 
2024-08-30 21:36:20,513	[DEBUG]	patch(6-1)=""
2024-08-30 21:36:20,516	[INFO]	6-2     SUCCESS               65865.800000 (104.03%) [1 edit(s)] [cached] 
2024-08-30 21:36:20,516	[DEBUG]	patch(6-2)="SrcmlStmtReplacement(('src/main/java/weka/classifiers/trees/RandomForest.java.xml', 'stmt', 131), ('src/main/java/weka/classifiers/trees/RandomForest.java.xml', 'stmt', 139))"
2024-08-30 21:36:20,519	[INFO]	6-3     SUCCESS               64021.600000 (101.12%) [1 edit(s)] [cached] 
2024-08-30 21:36:20,519	[DEBUG]	patch(6-3)="SrcmlStmtInsertion(('src/main/java/weka/classifiers/trees/RandomForest.java.xml', '_inter_block', 230), ('src/main/java/weka/classifiers/trees/RandomForest.java.xml', 'stmt', 89))"
2024-08-30 21:36:20,522	[INFO]	6-4     SUCCESS               64625.400000 (102.08%) [2 edit(s)] [cached] 
2024-08-30 21:36:20,522	[DEBUG]	patch(6-4)="SrcmlStmtDeletion(('src/main/java/weka/classifiers/trees/RandomForest.java.xml', 'stmt', 105)) | SrcmlStmtReplacement(('src/main/java/weka/classifiers/trees/RandomForest.java.xml', 'stmt', 131), ('src/main/java/weka/classifiers/trees/RandomForest.java.xml', 'stmt', 139))"
2024-08-30 21:36:20,525	[INFO]	6-5     SUCCESS               65865.800000 (104.03%) [1 edit(s)] [cached] 
2024-08-30 21:36:20,525	[DEBUG]	patch(6-5)="SrcmlStmtReplacement(('src/main/java/weka/classifiers/trees/RandomForest.java.xml', 'stmt', 131), ('src/main/java/weka/classifiers/trees/RandomForest.java.xml', 'stmt', 139))"
2024-08-30 21:36:20,528	[INFO]	6-6     SUCCESS               65865.800000 (104.03%) [1 edit(s)] [cached] 
2024-08-30 21:36:20,528	[DEBUG]	patch(6-6)="SrcmlStmtReplacement(('src/main/java/weka/classifiers/trees/RandomForest.java.xml', 'stmt', 131), ('src/main/java/weka/classifiers/trees/RandomForest.java.xml', 'stmt', 139))"
2024-08-30 21:37:09,956	[DEBUG]	EXEC>  SUCCESS 65538.6
2024-08-30 21:37:09,956	[INFO]	6-7     SUCCESS               65538.600000 (103.52%) [1 edit(s)]  
2024-08-30 21:37:09,956	[DEBUG]	patch(6-7)="SrcmlStmtDeletion(('src/main/java/weka/classifiers/trees/RandomForest.java.xml', 'stmt', 91))"
2024-08-30 21:37:09,958	[INFO]	6-8     SUCCESS               63311.400000 (100.00%) [0 edit(s)] [cached] 
2024-08-30 21:37:09,959	[DEBUG]	patch(6-8)=""
2024-08-30 21:37:09,961	[INFO]	6-9     SUCCESS               65914.000000 (104.11%) [1 edit(s)] [cached] 
2024-08-30 21:37:09,961	[DEBUG]	patch(6-9)="SrcmlStmtDeletion(('src/main/java/weka/classifiers/trees/RandomForest.java.xml', 'stmt', 105))"
2024-08-30 21:37:09,963	[INFO]	6-10    SUCCESS               65865.800000 (104.03%) [1 edit(s)] [cached] 
2024-08-30 21:37:09,964	[DEBUG]	patch(6-10)="SrcmlStmtReplacement(('src/main/java/weka/classifiers/trees/RandomForest.java.xml', 'stmt', 131), ('src/main/java/weka/classifiers/trees/RandomForest.java.xml', 'stmt', 139))"
2024-08-30 21:37:09,966	[INFO]	REF     SUCCESS               63311.400000 (--) [0 edit(s)] [cached] 
2024-08-30 21:37:09,968	[INFO]	7-1     SUCCESS              +63311.400000 (100.00%) [0 edit(s)] [cached] 
2024-08-30 21:37:09,968	[DEBUG]	patch(7-1)=""
2024-08-30 21:37:09,971	[INFO]	7-2     SUCCESS               65865.800000 (104.03%) [1 edit(s)] [cached] 
2024-08-30 21:37:09,971	[DEBUG]	patch(7-2)="SrcmlStmtReplacement(('src/main/java/weka/classifiers/trees/RandomForest.java.xml', 'stmt', 131), ('src/main/java/weka/classifiers/trees/RandomForest.java.xml', 'stmt', 139))"
2024-08-30 21:37:09,974	[INFO]	7-3     SUCCESS               64021.600000 (101.12%) [1 edit(s)] [cached] 
2024-08-30 21:37:09,974	[DEBUG]	patch(7-3)="SrcmlStmtInsertion(('src/main/java/weka/classifiers/trees/RandomForest.java.xml', '_inter_block', 230), ('src/main/java/weka/classifiers/trees/RandomForest.java.xml', 'stmt', 89))"
2024-08-30 21:37:09,976	[INFO]	7-4     SUCCESS               65914.000000 (104.11%) [1 edit(s)] [cached] 
2024-08-30 21:37:09,976	[DEBUG]	patch(7-4)="SrcmlStmtDeletion(('src/main/java/weka/classifiers/trees/RandomForest.java.xml', 'stmt', 105))"
2024-08-30 21:37:59,376	[DEBUG]	EXEC>  SUCCESS 64156.2
2024-08-30 21:37:59,376	[INFO]	7-5     SUCCESS               64156.200000 (101.33%) [2 edit(s)]  
2024-08-30 21:37:59,376	[DEBUG]	patch(7-5)="SrcmlStmtDeletion(('src/main/java/weka/classifiers/trees/RandomForest.java.xml', 'stmt', 91)) | SrcmlStmtInsertion(('src/main/java/weka/classifiers/trees/RandomForest.java.xml', '_inter_block', 230), ('src/main/java/weka/classifiers/trees/RandomForest.java.xml', 'stmt', 89))"
2024-08-30 21:38:48,453	[DEBUG]	EXEC>  SUCCESS 64064.8
2024-08-30 21:38:48,453	[INFO]	7-6     SUCCESS               64064.800000 (101.19%) [2 edit(s)]  
2024-08-30 21:38:48,453	[DEBUG]	patch(7-6)="SrcmlStmtInsertion(('src/main/java/weka/classifiers/trees/RandomForest.java.xml', '_inter_block', 230), ('src/main/java/weka/classifiers/trees/RandomForest.java.xml', 'stmt', 89)) | SrcmlStmtReplacement(('src/main/java/weka/classifiers/trees/RandomForest.java.xml', 'stmt', 131), ('src/main/java/weka/classifiers/trees/RandomForest.java.xml', 'stmt', 139))"
2024-08-30 21:38:50,822	[INFO]	7-7     COMPILE_CODE_ERROR    None (--) [1 edit(s)]  
2024-08-30 21:38:50,822	[DEBUG]	patch(7-7)="SrcmlStmtInsertion(('src/main/java/weka/classifiers/trees/RandomForest.java.xml', '_inter_block', 27), ('src/main/java/weka/classifiers/trees/RandomForest.java.xml', 'stmt', 55))"
2024-08-30 21:38:53,121	[INFO]	7-8     COMPILE_CODE_ERROR    None (--) [2 edit(s)]  
2024-08-30 21:38:53,121	[DEBUG]	patch(7-8)="SrcmlStmtInsertion(('src/main/java/weka/classifiers/trees/RandomForest.java.xml', '_inter_block', 230), ('src/main/java/weka/classifiers/trees/RandomForest.java.xml', 'stmt', 89)) | SrcmlStmtInsertion(('src/main/java/weka/classifiers/trees/RandomForest.java.xml', '_inter_block', 65), ('src/main/java/weka/classifiers/trees/RandomForest.java.xml', 'stmt', 47))"
2024-08-30 21:38:53,124	[INFO]	7-9     SUCCESS               65865.800000 (104.03%) [1 edit(s)] [cached] 
2024-08-30 21:38:53,124	[DEBUG]	patch(7-9)="SrcmlStmtReplacement(('src/main/java/weka/classifiers/trees/RandomForest.java.xml', 'stmt', 131), ('src/main/java/weka/classifiers/trees/RandomForest.java.xml', 'stmt', 139))"
2024-08-30 21:39:42,406	[DEBUG]	EXEC>  SUCCESS 63602.2
2024-08-30 21:39:42,406	[INFO]	7-10    SUCCESS               63602.200000 (100.46%) [2 edit(s)]  
2024-08-30 21:39:42,406	[DEBUG]	patch(7-10)="SrcmlStmtDeletion(('src/main/java/weka/classifiers/trees/RandomForest.java.xml', 'stmt', 91)) | SrcmlStmtDeletion(('src/main/java/weka/classifiers/trees/RandomForest.java.xml', 'stmt', 33))"
2024-08-30 21:39:42,409	[INFO]	REF     SUCCESS               63311.400000 (--) [0 edit(s)] [cached] 
2024-08-30 21:39:42,412	[INFO]	8-1     SUCCESS              +63311.400000 (100.00%) [0 edit(s)] [cached] 
2024-08-30 21:39:42,412	[DEBUG]	patch(8-1)=""
2024-08-30 21:39:42,414	[INFO]	8-2     SUCCESS               65865.800000 (104.03%) [1 edit(s)] [cached] 
2024-08-30 21:39:42,414	[DEBUG]	patch(8-2)="SrcmlStmtReplacement(('src/main/java/weka/classifiers/trees/RandomForest.java.xml', 'stmt', 131), ('src/main/java/weka/classifiers/trees/RandomForest.java.xml', 'stmt', 139))"
2024-08-30 21:40:31,609	[DEBUG]	EXEC>  SUCCESS 63321.8
2024-08-30 21:40:31,609	[INFO]	8-3     SUCCESS               63321.800000 (100.02%) [2 edit(s)]  
2024-08-30 21:40:31,609	[DEBUG]	patch(8-3)="SrcmlStmtDeletion(('src/main/java/weka/classifiers/trees/RandomForest.java.xml', 'stmt', 105)) | SrcmlStmtDeletion(('src/main/java/weka/classifiers/trees/RandomForest.java.xml', 'stmt', 91))"
2024-08-30 21:40:31,613	[INFO]	8-4     SUCCESS               64064.800000 (101.19%) [2 edit(s)] [cached] 
2024-08-30 21:40:31,613	[DEBUG]	patch(8-4)="SrcmlStmtInsertion(('src/main/java/weka/classifiers/trees/RandomForest.java.xml', '_inter_block', 230), ('src/main/java/weka/classifiers/trees/RandomForest.java.xml', 'stmt', 89)) | SrcmlStmtReplacement(('src/main/java/weka/classifiers/trees/RandomForest.java.xml', 'stmt', 131), ('src/main/java/weka/classifiers/trees/RandomForest.java.xml', 'stmt', 139))"
2024-08-30 21:40:31,616	[INFO]	8-5     SUCCESS               64021.600000 (101.12%) [1 edit(s)] [cached] 
2024-08-30 21:40:31,616	[DEBUG]	patch(8-5)="SrcmlStmtInsertion(('src/main/java/weka/classifiers/trees/RandomForest.java.xml', '_inter_block', 230), ('src/main/java/weka/classifiers/trees/RandomForest.java.xml', 'stmt', 89))"
2024-08-30 21:41:21,359	[DEBUG]	EXEC>  SUCCESS 64131.0
2024-08-30 21:41:21,360	[INFO]	8-6     SUCCESS               64131.000000 (101.29%) [3 edit(s)]  
2024-08-30 21:41:21,360	[DEBUG]	patch(8-6)="SrcmlStmtDeletion(('src/main/java/weka/classifiers/trees/RandomForest.java.xml', 'stmt', 91)) | SrcmlStmtDeletion(('src/main/java/weka/classifiers/trees/RandomForest.java.xml', 'stmt', 33)) | SrcmlStmtInsertion(('src/main/java/weka/classifiers/trees/RandomForest.java.xml', '_inter_block', 230), ('src/main/java/weka/classifiers/trees/RandomForest.java.xml', 'stmt', 89))"
2024-08-30 21:41:21,362	[INFO]	8-7     SUCCESS               66316.600000 (104.75%) [1 edit(s)] [cached] 
2024-08-30 21:41:21,362	[DEBUG]	patch(8-7)="SrcmlStmtDeletion(('src/main/java/weka/classifiers/trees/RandomForest.java.xml', 'stmt', 57))"
2024-08-30 21:42:10,588	[DEBUG]	EXEC>  SUCCESS 60852.8
2024-08-30 21:42:10,589	[INFO]	8-8     SUCCESS              *60852.800000 (96.12%) [3 edit(s)]  
2024-08-30 21:42:10,589	[DEBUG]	patch(8-8)="SrcmlStmtDeletion(('src/main/java/weka/classifiers/trees/RandomForest.java.xml', 'stmt', 91)) | SrcmlStmtDeletion(('src/main/java/weka/classifiers/trees/RandomForest.java.xml', 'stmt', 33)) | SrcmlStmtDeletion(('src/main/java/weka/classifiers/trees/RandomForest.java.xml', 'stmt', 42))"
--- before: src/main/java/weka/classifiers/trees/RandomForest.java
+++ after: src/main/java/weka/classifiers/trees/RandomForest.java
@@ -374,7 +374,7 @@
    */
   public void setComputeAttributeImportance(boolean computeAttributeImportance) {
     m_computeAttributeImportance = computeAttributeImportance;
-    ((RandomTree)m_Classifier).setComputeImpurityDecreases(computeAttributeImportance);
+    
   }
 
   /**
@@ -452,7 +452,7 @@
   public void setDebug(boolean debug) {
 
     super.setDebug(debug);
-    ((RandomTree) getClassifier()).setDebug(debug);
+    
   }
 
   /**
@@ -633,7 +633,7 @@
     Vector<String> result = new Vector<String>();
 
     result.add("-P");
-    result.add("" + getBagSizePercent());
+    
 
     if (getCalcOutOfBag()) {
       result.add("-O");

2024-08-30 21:42:10,591	[INFO]	8-9     SUCCESS               63311.400000 (100.00%) [0 edit(s)] [cached] 
2024-08-30 21:42:10,591	[DEBUG]	patch(8-9)=""
2024-08-30 21:42:10,594	[INFO]	8-10    SUCCESS               64021.600000 (101.12%) [1 edit(s)] [cached] 
2024-08-30 21:42:10,594	[DEBUG]	patch(8-10)="SrcmlStmtInsertion(('src/main/java/weka/classifiers/trees/RandomForest.java.xml', '_inter_block', 230), ('src/main/java/weka/classifiers/trees/RandomForest.java.xml', 'stmt', 89))"
2024-08-30 21:42:10,596	[INFO]	REF     SUCCESS               63311.400000 (--) [0 edit(s)] [cached] 
2024-08-30 21:42:10,598	[INFO]	BEST    SUCCESS              *60852.800000 (96.12%) [0 edit(s)] [cached] 
2024-08-30 21:42:10,602	[INFO]	9-1     SUCCESS              +60852.800000 (96.12%) [3 edit(s)] [cached] 
2024-08-30 21:42:10,602	[DEBUG]	patch(9-1)="SrcmlStmtDeletion(('src/main/java/weka/classifiers/trees/RandomForest.java.xml', 'stmt', 91)) | SrcmlStmtDeletion(('src/main/java/weka/classifiers/trees/RandomForest.java.xml', 'stmt', 33)) | SrcmlStmtDeletion(('src/main/java/weka/classifiers/trees/RandomForest.java.xml', 'stmt', 42))"
2024-08-30 21:43:00,067	[DEBUG]	EXEC>  SUCCESS 64270.0
2024-08-30 21:43:00,067	[INFO]	9-2     SUCCESS               64270.000000 (101.51%) [2 edit(s)]  
2024-08-30 21:43:00,067	[DEBUG]	patch(9-2)="SrcmlStmtDeletion(('src/main/java/weka/classifiers/trees/RandomForest.java.xml', 'stmt', 57)) | SrcmlStmtDeletion(('src/main/java/weka/classifiers/trees/RandomForest.java.xml', 'stmt', 33))"
2024-08-30 21:43:00,071	[INFO]	9-3     SUCCESS               64021.600000 (101.12%) [1 edit(s)] [cached] 
2024-08-30 21:43:00,071	[DEBUG]	patch(9-3)="SrcmlStmtInsertion(('src/main/java/weka/classifiers/trees/RandomForest.java.xml', '_inter_block', 230), ('src/main/java/weka/classifiers/trees/RandomForest.java.xml', 'stmt', 89))"
2024-08-30 21:43:49,275	[DEBUG]	EXEC>  SUCCESS 63080.6
2024-08-30 21:43:49,275	[INFO]	9-4     SUCCESS               63080.600000 (99.64%) [2 edit(s)]  
2024-08-30 21:43:49,275	[DEBUG]	patch(9-4)="SrcmlStmtDeletion(('src/main/java/weka/classifiers/trees/RandomForest.java.xml', 'stmt', 105)) | SrcmlStmtDeletion(('src/main/java/weka/classifiers/trees/RandomForest.java.xml', 'stmt', 57))"
2024-08-30 21:44:37,986	[DEBUG]	EXEC>  SUCCESS 63865.2
2024-08-30 21:44:37,986	[INFO]	9-5     SUCCESS               63865.200000 (100.87%) [2 edit(s)]  
2024-08-30 21:44:37,986	[DEBUG]	patch(9-5)="SrcmlStmtDeletion(('src/main/java/weka/classifiers/trees/RandomForest.java.xml', 'stmt', 57)) | SrcmlStmtInsertion(('src/main/java/weka/classifiers/trees/RandomForest.java.xml', '_inter_block', 230), ('src/main/java/weka/classifiers/trees/RandomForest.java.xml', 'stmt', 89))"
2024-08-30 21:44:37,989	[INFO]	9-6     SUCCESS               65865.800000 (104.03%) [1 edit(s)] [cached] 
2024-08-30 21:44:37,989	[DEBUG]	patch(9-6)="SrcmlStmtReplacement(('src/main/java/weka/classifiers/trees/RandomForest.java.xml', 'stmt', 131), ('src/main/java/weka/classifiers/trees/RandomForest.java.xml', 'stmt', 139))"
2024-08-30 21:44:40,387	[INFO]	9-7     COMPILE_CODE_ERROR    None (--) [4 edit(s)]  
2024-08-30 21:44:40,387	[DEBUG]	patch(9-7)="SrcmlStmtDeletion(('src/main/java/weka/classifiers/trees/RandomForest.java.xml', 'stmt', 91)) | SrcmlStmtDeletion(('src/main/java/weka/classifiers/trees/RandomForest.java.xml', 'stmt', 33)) | SrcmlStmtDeletion(('src/main/java/weka/classifiers/trees/RandomForest.java.xml', 'stmt', 42)) | SrcmlStmtReplacement(('src/main/java/weka/classifiers/trees/RandomForest.java.xml', 'stmt', 102), ('src/main/java/weka/classifiers/trees/RandomForest.java.xml', 'stmt', 133))"
2024-08-30 21:44:42,789	[INFO]	9-8     COMPILE_CODE_ERROR    None (--) [1 edit(s)]  
2024-08-30 21:44:42,789	[DEBUG]	patch(9-8)="SrcmlStmtReplacement(('src/main/java/weka/classifiers/trees/RandomForest.java.xml', 'stmt', 97), ('src/main/java/weka/classifiers/trees/RandomForest.java.xml', 'stmt', 113))"
2024-08-30 21:44:45,239	[INFO]	9-9     COMPILE_CODE_ERROR    None (--) [3 edit(s)]  
2024-08-30 21:44:45,239	[DEBUG]	patch(9-9)="SrcmlStmtDeletion(('src/main/java/weka/classifiers/trees/RandomForest.java.xml', 'stmt', 105)) | SrcmlStmtDeletion(('src/main/java/weka/classifiers/trees/RandomForest.java.xml', 'stmt', 91)) | SrcmlStmtInsertion(('src/main/java/weka/classifiers/trees/RandomForest.java.xml', '_inter_block', 216), ('src/main/java/weka/classifiers/trees/RandomForest.java.xml', 'stmt', 36))"
2024-08-30 21:44:45,242	[INFO]	9-10    SUCCESS               63865.200000 (100.87%) [2 edit(s)] [cached] 
2024-08-30 21:44:45,242	[DEBUG]	patch(9-10)="SrcmlStmtInsertion(('src/main/java/weka/classifiers/trees/RandomForest.java.xml', '_inter_block', 230), ('src/main/java/weka/classifiers/trees/RandomForest.java.xml', 'stmt', 89)) | SrcmlStmtDeletion(('src/main/java/weka/classifiers/trees/RandomForest.java.xml', 'stmt', 57))"
2024-08-30 21:44:45,244	[INFO]	REF     SUCCESS               63311.400000 (--) [0 edit(s)] [cached] 
2024-08-30 21:44:45,247	[INFO]	BEST    SUCCESS              *60852.800000 (96.12%) [0 edit(s)] [cached] 
2024-08-30 21:44:45,250	[INFO]	10-1    SUCCESS              +60852.800000 (96.12%) [3 edit(s)] [cached] 
2024-08-30 21:44:45,250	[DEBUG]	patch(10-1)="SrcmlStmtDeletion(('src/main/java/weka/classifiers/trees/RandomForest.java.xml', 'stmt', 91)) | SrcmlStmtDeletion(('src/main/java/weka/classifiers/trees/RandomForest.java.xml', 'stmt', 33)) | SrcmlStmtDeletion(('src/main/java/weka/classifiers/trees/RandomForest.java.xml', 'stmt', 42))"
2024-08-30 21:45:34,093	[DEBUG]	EXEC>  SUCCESS 63043.0
2024-08-30 21:45:34,093	[INFO]	10-2    SUCCESS               63043.000000 (99.58%) [2 edit(s)]  
2024-08-30 21:45:34,093	[DEBUG]	patch(10-2)="SrcmlStmtDeletion(('src/main/java/weka/classifiers/trees/RandomForest.java.xml', 'stmt', 33)) | SrcmlStmtDeletion(('src/main/java/weka/classifiers/trees/RandomForest.java.xml', 'stmt', 42))"
2024-08-30 21:45:34,096	[INFO]	10-3    SUCCESS               63865.200000 (100.87%) [3 edit(s)] [cached] 
2024-08-30 21:45:34,097	[DEBUG]	patch(10-3)="SrcmlStmtDeletion(('src/main/java/weka/classifiers/trees/RandomForest.java.xml', 'stmt', 57)) | SrcmlStmtDeletion(('src/main/java/weka/classifiers/trees/RandomForest.java.xml', 'stmt', 57)) | SrcmlStmtInsertion(('src/main/java/weka/classifiers/trees/RandomForest.java.xml', '_inter_block', 230), ('src/main/java/weka/classifiers/trees/RandomForest.java.xml', 'stmt', 89))"
2024-08-30 21:45:34,099	[INFO]	10-4    SUCCESS               66316.600000 (104.75%) [1 edit(s)] [cached] 
2024-08-30 21:45:34,099	[DEBUG]	patch(10-4)="SrcmlStmtDeletion(('src/main/java/weka/classifiers/trees/RandomForest.java.xml', 'stmt', 57))"
2024-08-30 21:45:34,117	[INFO]	10-5    SUCCESS               63865.200000 (100.87%) [2 edit(s)] [cached] 
2024-08-30 21:45:34,117	[DEBUG]	patch(10-5)="SrcmlStmtInsertion(('src/main/java/weka/classifiers/trees/RandomForest.java.xml', '_inter_block', 230), ('src/main/java/weka/classifiers/trees/RandomForest.java.xml', 'stmt', 89)) | SrcmlStmtDeletion(('src/main/java/weka/classifiers/trees/RandomForest.java.xml', 'stmt', 57))"
2024-08-30 21:45:34,120	[INFO]	10-6    SUCCESS               64021.600000 (101.12%) [1 edit(s)] [cached] 
2024-08-30 21:45:34,120	[DEBUG]	patch(10-6)="SrcmlStmtInsertion(('src/main/java/weka/classifiers/trees/RandomForest.java.xml', '_inter_block', 230), ('src/main/java/weka/classifiers/trees/RandomForest.java.xml', 'stmt', 89))"
2024-08-30 21:46:23,254	[DEBUG]	EXEC>  SUCCESS 63181.6
2024-08-30 21:46:23,255	[INFO]	10-7    SUCCESS               63181.600000 (99.79%) [2 edit(s)]  
2024-08-30 21:46:23,255	[DEBUG]	patch(10-7)="SrcmlStmtDeletion(('src/main/java/weka/classifiers/trees/RandomForest.java.xml', 'stmt', 91)) | SrcmlStmtDeletion(('src/main/java/weka/classifiers/trees/RandomForest.java.xml', 'stmt', 42))"
2024-08-30 21:47:12,503	[DEBUG]	EXEC>  SUCCESS 63803.8
2024-08-30 21:47:12,503	[INFO]	10-8    SUCCESS               63803.800000 (100.78%) [3 edit(s)]  
2024-08-30 21:47:12,504	[DEBUG]	patch(10-8)="SrcmlStmtDeletion(('src/main/java/weka/classifiers/trees/RandomForest.java.xml', 'stmt', 105)) | SrcmlStmtDeletion(('src/main/java/weka/classifiers/trees/RandomForest.java.xml', 'stmt', 57)) | SrcmlStmtDeletion(('src/main/java/weka/classifiers/trees/RandomForest.java.xml', 'stmt', 120))"
2024-08-30 21:47:14,866	[INFO]	10-9    COMPILE_CODE_ERROR    None (--) [3 edit(s)]  
2024-08-30 21:47:14,866	[DEBUG]	patch(10-9)="SrcmlStmtInsertion(('src/main/java/weka/classifiers/trees/RandomForest.java.xml', '_inter_block', 230), ('src/main/java/weka/classifiers/trees/RandomForest.java.xml', 'stmt', 89)) | SrcmlStmtDeletion(('src/main/java/weka/classifiers/trees/RandomForest.java.xml', 'stmt', 57)) | SrcmlStmtDeletion(('src/main/java/weka/classifiers/trees/RandomForest.java.xml', 'stmt', 86))"
2024-08-30 21:47:14,869	[INFO]	10-10   SUCCESS               66316.600000 (104.75%) [1 edit(s)] [cached] 
2024-08-30 21:47:14,869	[DEBUG]	patch(10-10)="SrcmlStmtDeletion(('src/main/java/weka/classifiers/trees/RandomForest.java.xml', 'stmt', 57))"
2024-08-30 21:47:14,871	[INFO]	REF     SUCCESS               63311.400000 (--) [0 edit(s)] [cached] 
2024-08-30 21:47:14,873	[INFO]	BEST    SUCCESS              *60852.800000 (96.12%) [0 edit(s)] [cached] 
2024-08-30 21:47:14,877	[INFO]	11-1    SUCCESS              +60852.800000 (96.12%) [3 edit(s)] [cached] 
2024-08-30 21:47:14,877	[DEBUG]	patch(11-1)="SrcmlStmtDeletion(('src/main/java/weka/classifiers/trees/RandomForest.java.xml', 'stmt', 91)) | SrcmlStmtDeletion(('src/main/java/weka/classifiers/trees/RandomForest.java.xml', 'stmt', 33)) | SrcmlStmtDeletion(('src/main/java/weka/classifiers/trees/RandomForest.java.xml', 'stmt', 42))"
2024-08-30 21:47:14,880	[INFO]	11-2    SUCCESS               60852.800000 (96.12%) [5 edit(s)] [cached] 
2024-08-30 21:47:14,880	[DEBUG]	patch(11-2)="SrcmlStmtDeletion(('src/main/java/weka/classifiers/trees/RandomForest.java.xml', 'stmt', 91)) | SrcmlStmtDeletion(('src/main/java/weka/classifiers/trees/RandomForest.java.xml', 'stmt', 33)) | SrcmlStmtDeletion(('src/main/java/weka/classifiers/trees/RandomForest.java.xml', 'stmt', 91)) | SrcmlStmtDeletion(('src/main/java/weka/classifiers/trees/RandomForest.java.xml', 'stmt', 33)) | SrcmlStmtDeletion(('src/main/java/weka/classifiers/trees/RandomForest.java.xml', 'stmt', 42))"
2024-08-30 21:47:14,882	[INFO]	11-3    SUCCESS               60852.800000 (96.12%) [3 edit(s)] [cached] 
2024-08-30 21:47:14,882	[DEBUG]	patch(11-3)="SrcmlStmtDeletion(('src/main/java/weka/classifiers/trees/RandomForest.java.xml', 'stmt', 33)) | SrcmlStmtDeletion(('src/main/java/weka/classifiers/trees/RandomForest.java.xml', 'stmt', 91)) | SrcmlStmtDeletion(('src/main/java/weka/classifiers/trees/RandomForest.java.xml', 'stmt', 42))"
2024-08-30 21:48:04,332	[DEBUG]	EXEC>  SUCCESS 62916.2
2024-08-30 21:48:04,332	[INFO]	11-4    SUCCESS               62916.200000 (99.38%) [3 edit(s)]  
2024-08-30 21:48:04,332	[DEBUG]	patch(11-4)="SrcmlStmtDeletion(('src/main/java/weka/classifiers/trees/RandomForest.java.xml', 'stmt', 42)) | SrcmlStmtDeletion(('src/main/java/weka/classifiers/trees/RandomForest.java.xml', 'stmt', 57)) | SrcmlStmtDeletion(('src/main/java/weka/classifiers/trees/RandomForest.java.xml', 'stmt', 57))"
2024-08-30 21:48:53,291	[DEBUG]	EXEC>  SUCCESS 62943.6
2024-08-30 21:48:53,291	[INFO]	11-5    SUCCESS               62943.600000 (99.42%) [3 edit(s)]  
2024-08-30 21:48:53,291	[DEBUG]	patch(11-5)="SrcmlStmtDeletion(('src/main/java/weka/classifiers/trees/RandomForest.java.xml', 'stmt', 105)) | SrcmlStmtDeletion(('src/main/java/weka/classifiers/trees/RandomForest.java.xml', 'stmt', 57)) | SrcmlStmtInsertion(('src/main/java/weka/classifiers/trees/RandomForest.java.xml', '_inter_block', 230), ('src/main/java/weka/classifiers/trees/RandomForest.java.xml', 'stmt', 89))"
2024-08-30 21:48:53,298	[INFO]	11-6    SUCCESS               64021.600000 (101.12%) [1 edit(s)] [cached] 
2024-08-30 21:48:53,299	[DEBUG]	patch(11-6)="SrcmlStmtInsertion(('src/main/java/weka/classifiers/trees/RandomForest.java.xml', '_inter_block', 230), ('src/main/java/weka/classifiers/trees/RandomForest.java.xml', 'stmt', 89))"
2024-08-30 21:49:43,130	[DEBUG]	EXEC>  SUCCESS 63582.0
2024-08-30 21:49:43,130	[INFO]	11-7    SUCCESS               63582.000000 (100.43%) [4 edit(s)]  
2024-08-30 21:49:43,130	[DEBUG]	patch(11-7)="SrcmlStmtDeletion(('src/main/java/weka/classifiers/trees/RandomForest.java.xml', 'stmt', 91)) | SrcmlStmtDeletion(('src/main/java/weka/classifiers/trees/RandomForest.java.xml', 'stmt', 33)) | SrcmlStmtDeletion(('src/main/java/weka/classifiers/trees/RandomForest.java.xml', 'stmt', 42)) | SrcmlStmtDeletion(('src/main/java/weka/classifiers/trees/RandomForest.java.xml', 'stmt', 87))"
2024-08-30 21:50:32,738	[DEBUG]	EXEC>  SUCCESS 67440.4
2024-08-30 21:50:32,739	[INFO]	11-8    SUCCESS               67440.400000 (106.52%) [1 edit(s)]  
2024-08-30 21:50:32,739	[DEBUG]	patch(11-8)="SrcmlStmtDeletion(('src/main/java/weka/classifiers/trees/RandomForest.java.xml', 'stmt', 42))"
2024-08-30 21:50:34,722	[INFO]	11-9    COMPILE_CODE_ERROR    None (--) [3 edit(s)]  
2024-08-30 21:50:34,723	[DEBUG]	patch(11-9)="SrcmlStmtDeletion(('src/main/java/weka/classifiers/trees/RandomForest.java.xml', 'stmt', 91)) | SrcmlStmtDeletion(('src/main/java/weka/classifiers/trees/RandomForest.java.xml', 'stmt', 42)) | SrcmlStmtDeletion(('src/main/java/weka/classifiers/trees/RandomForest.java.xml', 'stmt', 114))"
2024-08-30 21:50:37,052	[INFO]	11-10   COMPILE_CODE_ERROR    None (--) [4 edit(s)]  
2024-08-30 21:50:37,052	[DEBUG]	patch(11-10)="SrcmlStmtDeletion(('src/main/java/weka/classifiers/trees/RandomForest.java.xml', 'stmt', 105)) | SrcmlStmtDeletion(('src/main/java/weka/classifiers/trees/RandomForest.java.xml', 'stmt', 57)) | SrcmlStmtDeletion(('src/main/java/weka/classifiers/trees/RandomForest.java.xml', 'stmt', 120)) | SrcmlStmtReplacement(('src/main/java/weka/classifiers/trees/RandomForest.java.xml', 'stmt', 32), ('src/main/java/weka/classifiers/trees/RandomForest.java.xml', 'stmt', 105))"
2024-08-30 21:50:37,054	[INFO]	REF     SUCCESS               63311.400000 (--) [0 edit(s)] [cached] 
2024-08-30 21:50:37,057	[INFO]	BEST    SUCCESS              *60852.800000 (96.12%) [0 edit(s)] [cached] 
2024-08-30 21:50:37,061	[INFO]	12-1    SUCCESS              +60852.800000 (96.12%) [5 edit(s)] [cached] 
2024-08-30 21:50:37,061	[DEBUG]	patch(12-1)="SrcmlStmtDeletion(('src/main/java/weka/classifiers/trees/RandomForest.java.xml', 'stmt', 91)) | SrcmlStmtDeletion(('src/main/java/weka/classifiers/trees/RandomForest.java.xml', 'stmt', 33)) | SrcmlStmtDeletion(('src/main/java/weka/classifiers/trees/RandomForest.java.xml', 'stmt', 91)) | SrcmlStmtDeletion(('src/main/java/weka/classifiers/trees/RandomForest.java.xml', 'stmt', 33)) | SrcmlStmtDeletion(('src/main/java/weka/classifiers/trees/RandomForest.java.xml', 'stmt', 42))"
2024-08-30 21:50:37,063	[INFO]	12-2    SUCCESS               63602.200000 (100.46%) [3 edit(s)] [cached] 
2024-08-30 21:50:37,063	[DEBUG]	patch(12-2)="SrcmlStmtDeletion(('src/main/java/weka/classifiers/trees/RandomForest.java.xml', 'stmt', 33)) | SrcmlStmtDeletion(('src/main/java/weka/classifiers/trees/RandomForest.java.xml', 'stmt', 33)) | SrcmlStmtDeletion(('src/main/java/weka/classifiers/trees/RandomForest.java.xml', 'stmt', 91))"
2024-08-30 21:50:37,066	[INFO]	12-3    SUCCESS               62916.200000 (99.38%) [3 edit(s)] [cached] 
2024-08-30 21:50:37,066	[DEBUG]	patch(12-3)="SrcmlStmtDeletion(('src/main/java/weka/classifiers/trees/RandomForest.java.xml', 'stmt', 42)) | SrcmlStmtDeletion(('src/main/java/weka/classifiers/trees/RandomForest.java.xml', 'stmt', 42)) | SrcmlStmtDeletion(('src/main/java/weka/classifiers/trees/RandomForest.java.xml', 'stmt', 57))"
2024-08-30 21:51:26,425	[DEBUG]	EXEC>  SUCCESS 66427.6
2024-08-30 21:51:26,425	[INFO]	12-4    SUCCESS               66427.600000 (104.92%) [3 edit(s)]  
2024-08-30 21:51:26,425	[DEBUG]	patch(12-4)="SrcmlStmtInsertion(('src/main/java/weka/classifiers/trees/RandomForest.java.xml', '_inter_block', 230), ('src/main/java/weka/classifiers/trees/RandomForest.java.xml', 'stmt', 89)) | SrcmlStmtDeletion(('src/main/java/weka/classifiers/trees/RandomForest.java.xml', 'stmt', 33)) | SrcmlStmtDeletion(('src/main/java/weka/classifiers/trees/RandomForest.java.xml', 'stmt', 42))"
2024-08-30 21:51:26,428	[INFO]	12-5    SUCCESS               66316.600000 (104.75%) [2 edit(s)] [cached] 
2024-08-30 21:51:26,428	[DEBUG]	patch(12-5)="SrcmlStmtDeletion(('src/main/java/weka/classifiers/trees/RandomForest.java.xml', 'stmt', 57)) | SrcmlStmtDeletion(('src/main/java/weka/classifiers/trees/RandomForest.java.xml', 'stmt', 57))"
2024-08-30 21:51:26,430	[INFO]	12-6    SUCCESS               62916.200000 (99.38%) [2 edit(s)] [cached] 
2024-08-30 21:51:26,430	[DEBUG]	patch(12-6)="SrcmlStmtDeletion(('src/main/java/weka/classifiers/trees/RandomForest.java.xml', 'stmt', 42)) | SrcmlStmtDeletion(('src/main/java/weka/classifiers/trees/RandomForest.java.xml', 'stmt', 57))"
2024-08-30 21:51:26,433	[INFO]	12-7    SUCCESS               60852.800000 (96.12%) [4 edit(s)] [cached] 
2024-08-30 21:51:26,433	[DEBUG]	patch(12-7)="SrcmlStmtDeletion(('src/main/java/weka/classifiers/trees/RandomForest.java.xml', 'stmt', 91)) | SrcmlStmtDeletion(('src/main/java/weka/classifiers/trees/RandomForest.java.xml', 'stmt', 33)) | SrcmlStmtDeletion(('src/main/java/weka/classifiers/trees/RandomForest.java.xml', 'stmt', 91)) | SrcmlStmtDeletion(('src/main/java/weka/classifiers/trees/RandomForest.java.xml', 'stmt', 42))"
2024-08-30 21:51:26,435	[INFO]	12-8    SUCCESS               63602.200000 (100.46%) [2 edit(s)] [cached] 
2024-08-30 21:51:26,435	[DEBUG]	patch(12-8)="SrcmlStmtDeletion(('src/main/java/weka/classifiers/trees/RandomForest.java.xml', 'stmt', 33)) | SrcmlStmtDeletion(('src/main/java/weka/classifiers/trees/RandomForest.java.xml', 'stmt', 91))"
2024-08-30 21:51:26,438	[INFO]	12-9    SUCCESS               63043.000000 (99.58%) [2 edit(s)] [cached] 
2024-08-30 21:51:26,438	[DEBUG]	patch(12-9)="SrcmlStmtDeletion(('src/main/java/weka/classifiers/trees/RandomForest.java.xml', 'stmt', 33)) | SrcmlStmtDeletion(('src/main/java/weka/classifiers/trees/RandomForest.java.xml', 'stmt', 42))"
2024-08-30 21:51:26,455	[INFO]	12-10   SUCCESS               66316.600000 (104.75%) [2 edit(s)] [cached] 
2024-08-30 21:51:26,455	[DEBUG]	patch(12-10)="SrcmlStmtDeletion(('src/main/java/weka/classifiers/trees/RandomForest.java.xml', 'stmt', 57)) | SrcmlStmtDeletion(('src/main/java/weka/classifiers/trees/RandomForest.java.xml', 'stmt', 57))"
2024-08-30 21:51:26,457	[INFO]	REF     SUCCESS               63311.400000 (--) [0 edit(s)] [cached] 
2024-08-30 21:51:26,459	[INFO]	BEST    SUCCESS              *60852.800000 (96.12%) [0 edit(s)] [cached] 
2024-08-30 21:51:26,463	[INFO]	13-1    SUCCESS              +60852.800000 (96.12%) [5 edit(s)] [cached] 
2024-08-30 21:51:26,463	[DEBUG]	patch(13-1)="SrcmlStmtDeletion(('src/main/java/weka/classifiers/trees/RandomForest.java.xml', 'stmt', 91)) | SrcmlStmtDeletion(('src/main/java/weka/classifiers/trees/RandomForest.java.xml', 'stmt', 33)) | SrcmlStmtDeletion(('src/main/java/weka/classifiers/trees/RandomForest.java.xml', 'stmt', 91)) | SrcmlStmtDeletion(('src/main/java/weka/classifiers/trees/RandomForest.java.xml', 'stmt', 33)) | SrcmlStmtDeletion(('src/main/java/weka/classifiers/trees/RandomForest.java.xml', 'stmt', 42))"
2024-08-30 21:51:26,466	[INFO]	13-2    SUCCESS               63181.600000 (99.79%) [4 edit(s)] [cached] 
2024-08-30 21:51:26,466	[DEBUG]	patch(13-2)="SrcmlStmtDeletion(('src/main/java/weka/classifiers/trees/RandomForest.java.xml', 'stmt', 91)) | SrcmlStmtDeletion(('src/main/java/weka/classifiers/trees/RandomForest.java.xml', 'stmt', 91)) | SrcmlStmtDeletion(('src/main/java/weka/classifiers/trees/RandomForest.java.xml', 'stmt', 42)) | SrcmlStmtDeletion(('src/main/java/weka/classifiers/trees/RandomForest.java.xml', 'stmt', 42))"
2024-08-30 21:52:15,837	[DEBUG]	EXEC>  SUCCESS 66488.4
2024-08-30 21:52:15,837	[INFO]	13-3    SUCCESS               66488.400000 (105.02%) [2 edit(s)]  
2024-08-30 21:52:15,837	[DEBUG]	patch(13-3)="SrcmlStmtDeletion(('src/main/java/weka/classifiers/trees/RandomForest.java.xml', 'stmt', 33)) | SrcmlStmtDeletion(('src/main/java/weka/classifiers/trees/RandomForest.java.xml', 'stmt', 33))"
2024-08-30 21:53:04,982	[DEBUG]	EXEC>  SUCCESS 63964.2
2024-08-30 21:53:04,982	[INFO]	13-4    SUCCESS               63964.200000 (101.03%) [4 edit(s)]  
2024-08-30 21:53:04,982	[DEBUG]	patch(13-4)="SrcmlStmtDeletion(('src/main/java/weka/classifiers/trees/RandomForest.java.xml', 'stmt', 42)) | SrcmlStmtDeletion(('src/main/java/weka/classifiers/trees/RandomForest.java.xml', 'stmt', 42)) | SrcmlStmtDeletion(('src/main/java/weka/classifiers/trees/RandomForest.java.xml', 'stmt', 57)) | SrcmlStmtDeletion(('src/main/java/weka/classifiers/trees/RandomForest.java.xml', 'stmt', 33))"
2024-08-30 21:53:04,985	[INFO]	13-5    SUCCESS               62916.200000 (99.38%) [3 edit(s)] [cached] 
2024-08-30 21:53:04,985	[DEBUG]	patch(13-5)="SrcmlStmtDeletion(('src/main/java/weka/classifiers/trees/RandomForest.java.xml', 'stmt', 57)) | SrcmlStmtDeletion(('src/main/java/weka/classifiers/trees/RandomForest.java.xml', 'stmt', 42)) | SrcmlStmtDeletion(('src/main/java/weka/classifiers/trees/RandomForest.java.xml', 'stmt', 57))"
2024-08-30 21:53:04,987	[INFO]	13-6    SUCCESS               66316.600000 (104.75%) [1 edit(s)] [cached] 
2024-08-30 21:53:04,987	[DEBUG]	patch(13-6)="SrcmlStmtDeletion(('src/main/java/weka/classifiers/trees/RandomForest.java.xml', 'stmt', 57))"
2024-08-30 21:53:04,990	[INFO]	13-7    SUCCESS               60852.800000 (96.12%) [4 edit(s)] [cached] 
2024-08-30 21:53:04,990	[DEBUG]	patch(13-7)="SrcmlStmtDeletion(('src/main/java/weka/classifiers/trees/RandomForest.java.xml', 'stmt', 91)) | SrcmlStmtDeletion(('src/main/java/weka/classifiers/trees/RandomForest.java.xml', 'stmt', 33)) | SrcmlStmtDeletion(('src/main/java/weka/classifiers/trees/RandomForest.java.xml', 'stmt', 91)) | SrcmlStmtDeletion(('src/main/java/weka/classifiers/trees/RandomForest.java.xml', 'stmt', 42))"
2024-08-30 21:53:54,469	[DEBUG]	EXEC>  SUCCESS 63528.6
2024-08-30 21:53:54,469	[INFO]	13-8    SUCCESS               63528.600000 (100.34%) [5 edit(s)]  
2024-08-30 21:53:54,470	[DEBUG]	patch(13-8)="SrcmlStmtDeletion(('src/main/java/weka/classifiers/trees/RandomForest.java.xml', 'stmt', 91)) | SrcmlStmtDeletion(('src/main/java/weka/classifiers/trees/RandomForest.java.xml', 'stmt', 33)) | SrcmlStmtDeletion(('src/main/java/weka/classifiers/trees/RandomForest.java.xml', 'stmt', 91)) | SrcmlStmtDeletion(('src/main/java/weka/classifiers/trees/RandomForest.java.xml', 'stmt', 42)) | SrcmlStmtDeletion(('src/main/java/weka/classifiers/trees/RandomForest.java.xml', 'stmt', 41))"
2024-08-30 21:54:43,985	[DEBUG]	EXEC>  SUCCESS 66982.2
2024-08-30 21:54:43,985	[INFO]	13-9    SUCCESS               66982.200000 (105.80%) [4 edit(s)]  
2024-08-30 21:54:43,985	[DEBUG]	patch(13-9)="SrcmlStmtDeletion(('src/main/java/weka/classifiers/trees/RandomForest.java.xml', 'stmt', 42)) | SrcmlStmtDeletion(('src/main/java/weka/classifiers/trees/RandomForest.java.xml', 'stmt', 42)) | SrcmlStmtDeletion(('src/main/java/weka/classifiers/trees/RandomForest.java.xml', 'stmt', 57)) | SrcmlStmtDeletion(('src/main/java/weka/classifiers/trees/RandomForest.java.xml', 'stmt', 105))"
2024-08-30 21:54:43,988	[INFO]	13-10   SUCCESS               67440.400000 (106.52%) [1 edit(s)] [cached] 
2024-08-30 21:54:43,988	[DEBUG]	patch(13-10)="SrcmlStmtDeletion(('src/main/java/weka/classifiers/trees/RandomForest.java.xml', 'stmt', 42))"
2024-08-30 21:54:43,990	[INFO]	REF     SUCCESS               63311.400000 (--) [0 edit(s)] [cached] 
2024-08-30 21:54:43,992	[INFO]	BEST    SUCCESS              *60852.800000 (96.12%) [0 edit(s)] [cached] 
2024-08-30 21:54:43,997	[INFO]	14-1    SUCCESS              +60852.800000 (96.12%) [5 edit(s)] [cached] 
2024-08-30 21:54:43,997	[DEBUG]	patch(14-1)="SrcmlStmtDeletion(('src/main/java/weka/classifiers/trees/RandomForest.java.xml', 'stmt', 91)) | SrcmlStmtDeletion(('src/main/java/weka/classifiers/trees/RandomForest.java.xml', 'stmt', 33)) | SrcmlStmtDeletion(('src/main/java/weka/classifiers/trees/RandomForest.java.xml', 'stmt', 91)) | SrcmlStmtDeletion(('src/main/java/weka/classifiers/trees/RandomForest.java.xml', 'stmt', 33)) | SrcmlStmtDeletion(('src/main/java/weka/classifiers/trees/RandomForest.java.xml', 'stmt', 42))"
2024-08-30 21:54:43,999	[INFO]	14-2    SUCCESS               63181.600000 (99.79%) [2 edit(s)] [cached] 
2024-08-30 21:54:43,999	[DEBUG]	patch(14-2)="SrcmlStmtDeletion(('src/main/java/weka/classifiers/trees/RandomForest.java.xml', 'stmt', 91)) | SrcmlStmtDeletion(('src/main/java/weka/classifiers/trees/RandomForest.java.xml', 'stmt', 42))"
2024-08-30 21:54:44,002	[INFO]	14-3    SUCCESS               65538.600000 (103.52%) [2 edit(s)] [cached] 
2024-08-30 21:54:44,002	[DEBUG]	patch(14-3)="SrcmlStmtDeletion(('src/main/java/weka/classifiers/trees/RandomForest.java.xml', 'stmt', 91)) | SrcmlStmtDeletion(('src/main/java/weka/classifiers/trees/RandomForest.java.xml', 'stmt', 91))"
2024-08-30 21:54:44,004	[INFO]	14-4    SUCCESS               62916.200000 (99.38%) [4 edit(s)] [cached] 
2024-08-30 21:54:44,004	[DEBUG]	patch(14-4)="SrcmlStmtDeletion(('src/main/java/weka/classifiers/trees/RandomForest.java.xml', 'stmt', 57)) | SrcmlStmtDeletion(('src/main/java/weka/classifiers/trees/RandomForest.java.xml', 'stmt', 42)) | SrcmlStmtDeletion(('src/main/java/weka/classifiers/trees/RandomForest.java.xml', 'stmt', 57)) | SrcmlStmtDeletion(('src/main/java/weka/classifiers/trees/RandomForest.java.xml', 'stmt', 42))"
2024-08-30 21:54:44,007	[INFO]	14-5    SUCCESS               67440.400000 (106.52%) [1 edit(s)] [cached] 
2024-08-30 21:54:44,007	[DEBUG]	patch(14-5)="SrcmlStmtDeletion(('src/main/java/weka/classifiers/trees/RandomForest.java.xml', 'stmt', 42))"
2024-08-30 21:55:33,426	[DEBUG]	EXEC>  SUCCESS 64410.2
2024-08-30 21:55:33,427	[INFO]	14-6    SUCCESS               64410.200000 (101.74%) [6 edit(s)]  
2024-08-30 21:55:33,427	[DEBUG]	patch(14-6)="SrcmlStmtDeletion(('src/main/java/weka/classifiers/trees/RandomForest.java.xml', 'stmt', 57)) | SrcmlStmtDeletion(('src/main/java/weka/classifiers/trees/RandomForest.java.xml', 'stmt', 42)) | SrcmlStmtDeletion(('src/main/java/weka/classifiers/trees/RandomForest.java.xml', 'stmt', 57)) | SrcmlStmtDeletion(('src/main/java/weka/classifiers/trees/RandomForest.java.xml', 'stmt', 33)) | SrcmlStmtDeletion(('src/main/java/weka/classifiers/trees/RandomForest.java.xml', 'stmt', 91)) | SrcmlStmtDeletion(('src/main/java/weka/classifiers/trees/RandomForest.java.xml', 'stmt', 42))"
2024-08-30 21:55:33,430	[INFO]	14-7    SUCCESS               60852.800000 (96.12%) [4 edit(s)] [cached] 
2024-08-30 21:55:33,430	[DEBUG]	patch(14-7)="SrcmlStmtDeletion(('src/main/java/weka/classifiers/trees/RandomForest.java.xml', 'stmt', 91)) | SrcmlStmtDeletion(('src/main/java/weka/classifiers/trees/RandomForest.java.xml', 'stmt', 33)) | SrcmlStmtDeletion(('src/main/java/weka/classifiers/trees/RandomForest.java.xml', 'stmt', 33)) | SrcmlStmtDeletion(('src/main/java/weka/classifiers/trees/RandomForest.java.xml', 'stmt', 42))"
2024-08-30 21:55:33,432	[INFO]	14-8    SUCCESS               63181.600000 (99.79%) [3 edit(s)] [cached] 
2024-08-30 21:55:33,432	[DEBUG]	patch(14-8)="SrcmlStmtDeletion(('src/main/java/weka/classifiers/trees/RandomForest.java.xml', 'stmt', 91)) | SrcmlStmtDeletion(('src/main/java/weka/classifiers/trees/RandomForest.java.xml', 'stmt', 91)) | SrcmlStmtDeletion(('src/main/java/weka/classifiers/trees/RandomForest.java.xml', 'stmt', 42))"
2024-08-30 21:55:35,384	[INFO]	14-9    COMPILE_CODE_ERROR    None (--) [4 edit(s)]  
2024-08-30 21:55:35,384	[DEBUG]	patch(14-9)="SrcmlStmtDeletion(('src/main/java/weka/classifiers/trees/RandomForest.java.xml', 'stmt', 57)) | SrcmlStmtDeletion(('src/main/java/weka/classifiers/trees/RandomForest.java.xml', 'stmt', 42)) | SrcmlStmtDeletion(('src/main/java/weka/classifiers/trees/RandomForest.java.xml', 'stmt', 57)) | SrcmlStmtInsertion(('src/main/java/weka/classifiers/trees/RandomForest.java.xml', '_inter_block', 199), ('src/main/java/weka/classifiers/trees/RandomForest.java.xml', 'stmt', 55))"
2024-08-30 21:55:35,387	[INFO]	14-10   SUCCESS               63181.600000 (99.79%) [3 edit(s)] [cached] 
2024-08-30 21:55:35,387	[DEBUG]	patch(14-10)="SrcmlStmtDeletion(('src/main/java/weka/classifiers/trees/RandomForest.java.xml', 'stmt', 91)) | SrcmlStmtDeletion(('src/main/java/weka/classifiers/trees/RandomForest.java.xml', 'stmt', 42)) | SrcmlStmtDeletion(('src/main/java/weka/classifiers/trees/RandomForest.java.xml', 'stmt', 42))"
2024-08-30 21:55:35,389	[INFO]	REF     SUCCESS               63311.400000 (--) [0 edit(s)] [cached] 
2024-08-30 21:55:35,392	[INFO]	BEST    SUCCESS              *60852.800000 (96.12%) [0 edit(s)] [cached] 
2024-08-30 21:55:35,397	[INFO]	15-1    SUCCESS              +60852.800000 (96.12%) [5 edit(s)] [cached] 
2024-08-30 21:55:35,397	[DEBUG]	patch(15-1)="SrcmlStmtDeletion(('src/main/java/weka/classifiers/trees/RandomForest.java.xml', 'stmt', 91)) | SrcmlStmtDeletion(('src/main/java/weka/classifiers/trees/RandomForest.java.xml', 'stmt', 33)) | SrcmlStmtDeletion(('src/main/java/weka/classifiers/trees/RandomForest.java.xml', 'stmt', 91)) | SrcmlStmtDeletion(('src/main/java/weka/classifiers/trees/RandomForest.java.xml', 'stmt', 33)) | SrcmlStmtDeletion(('src/main/java/weka/classifiers/trees/RandomForest.java.xml', 'stmt', 42))"
2024-08-30 21:56:24,612	[DEBUG]	EXEC>  SUCCESS 64438.2
2024-08-30 21:56:24,612	[INFO]	15-2    SUCCESS               64438.200000 (101.78%) [5 edit(s)]  
2024-08-30 21:56:24,612	[DEBUG]	patch(15-2)="SrcmlStmtDeletion(('src/main/java/weka/classifiers/trees/RandomForest.java.xml', 'stmt', 57)) | SrcmlStmtDeletion(('src/main/java/weka/classifiers/trees/RandomForest.java.xml', 'stmt', 57)) | SrcmlStmtDeletion(('src/main/java/weka/classifiers/trees/RandomForest.java.xml', 'stmt', 91)) | SrcmlStmtDeletion(('src/main/java/weka/classifiers/trees/RandomForest.java.xml', 'stmt', 33)) | SrcmlStmtDeletion(('src/main/java/weka/classifiers/trees/RandomForest.java.xml', 'stmt', 91))"
2024-08-30 21:56:24,615	[INFO]	15-3    SUCCESS               65538.600000 (103.52%) [2 edit(s)] [cached] 
2024-08-30 21:56:24,615	[DEBUG]	patch(15-3)="SrcmlStmtDeletion(('src/main/java/weka/classifiers/trees/RandomForest.java.xml', 'stmt', 91)) | SrcmlStmtDeletion(('src/main/java/weka/classifiers/trees/RandomForest.java.xml', 'stmt', 91))"
2024-08-30 21:56:24,617	[INFO]	15-4    SUCCESS               63181.600000 (99.79%) [2 edit(s)] [cached] 
2024-08-30 21:56:24,617	[DEBUG]	patch(15-4)="SrcmlStmtDeletion(('src/main/java/weka/classifiers/trees/RandomForest.java.xml', 'stmt', 91)) | SrcmlStmtDeletion(('src/main/java/weka/classifiers/trees/RandomForest.java.xml', 'stmt', 42))"
2024-08-30 21:56:24,636	[INFO]	15-5    SUCCESS               63181.600000 (99.79%) [2 edit(s)] [cached] 
2024-08-30 21:56:24,636	[DEBUG]	patch(15-5)="SrcmlStmtDeletion(('src/main/java/weka/classifiers/trees/RandomForest.java.xml', 'stmt', 91)) | SrcmlStmtDeletion(('src/main/java/weka/classifiers/trees/RandomForest.java.xml', 'stmt', 42))"
2024-08-30 21:56:24,638	[INFO]	15-6    SUCCESS               63181.600000 (99.79%) [3 edit(s)] [cached] 
2024-08-30 21:56:24,638	[DEBUG]	patch(15-6)="SrcmlStmtDeletion(('src/main/java/weka/classifiers/trees/RandomForest.java.xml', 'stmt', 42)) | SrcmlStmtDeletion(('src/main/java/weka/classifiers/trees/RandomForest.java.xml', 'stmt', 91)) | SrcmlStmtDeletion(('src/main/java/weka/classifiers/trees/RandomForest.java.xml', 'stmt', 91))"
2024-08-30 21:56:26,638	[INFO]	15-7    COMPILE_CODE_ERROR    None (--) [6 edit(s)]  
2024-08-30 21:56:26,638	[DEBUG]	patch(15-7)="SrcmlStmtDeletion(('src/main/java/weka/classifiers/trees/RandomForest.java.xml', 'stmt', 91)) | SrcmlStmtDeletion(('src/main/java/weka/classifiers/trees/RandomForest.java.xml', 'stmt', 33)) | SrcmlStmtDeletion(('src/main/java/weka/classifiers/trees/RandomForest.java.xml', 'stmt', 91)) | SrcmlStmtDeletion(('src/main/java/weka/classifiers/trees/RandomForest.java.xml', 'stmt', 33)) | SrcmlStmtDeletion(('src/main/java/weka/classifiers/trees/RandomForest.java.xml', 'stmt', 42)) | SrcmlStmtInsertion(('src/main/java/weka/classifiers/trees/RandomForest.java.xml', '_inter_block', 13), ('src/main/java/weka/classifiers/trees/RandomForest.java.xml', 'stmt', 47))"
2024-08-30 21:56:29,003	[INFO]	15-8    COMPILE_CODE_ERROR    None (--) [5 edit(s)]  
2024-08-30 21:56:29,003	[DEBUG]	patch(15-8)="SrcmlStmtDeletion(('src/main/java/weka/classifiers/trees/RandomForest.java.xml', 'stmt', 91)) | SrcmlStmtDeletion(('src/main/java/weka/classifiers/trees/RandomForest.java.xml', 'stmt', 33)) | SrcmlStmtDeletion(('src/main/java/weka/classifiers/trees/RandomForest.java.xml', 'stmt', 33)) | SrcmlStmtDeletion(('src/main/java/weka/classifiers/trees/RandomForest.java.xml', 'stmt', 42)) | SrcmlStmtInsertion(('src/main/java/weka/classifiers/trees/RandomForest.java.xml', '_inter_block', 167), ('src/main/java/weka/classifiers/trees/RandomForest.java.xml', 'stmt', 56))"
2024-08-30 21:56:29,006	[INFO]	15-9    SUCCESS               62916.200000 (99.38%) [3 edit(s)] [cached] 
2024-08-30 21:56:29,006	[DEBUG]	patch(15-9)="SrcmlStmtDeletion(('src/main/java/weka/classifiers/trees/RandomForest.java.xml', 'stmt', 57)) | SrcmlStmtDeletion(('src/main/java/weka/classifiers/trees/RandomForest.java.xml', 'stmt', 57)) | SrcmlStmtDeletion(('src/main/java/weka/classifiers/trees/RandomForest.java.xml', 'stmt', 42))"
2024-08-30 21:56:31,429	[INFO]	15-10   COMPILE_CODE_ERROR    None (--) [4 edit(s)]  
2024-08-30 21:56:31,430	[DEBUG]	patch(15-10)="SrcmlStmtDeletion(('src/main/java/weka/classifiers/trees/RandomForest.java.xml', 'stmt', 91)) | SrcmlStmtDeletion(('src/main/java/weka/classifiers/trees/RandomForest.java.xml', 'stmt', 91)) | SrcmlStmtDeletion(('src/main/java/weka/classifiers/trees/RandomForest.java.xml', 'stmt', 42)) | SrcmlStmtInsertion(('src/main/java/weka/classifiers/trees/RandomForest.java.xml', '_inter_block', 83), ('src/main/java/weka/classifiers/trees/RandomForest.java.xml', 'stmt', 53))"
2024-08-30 21:56:31,432	[INFO]	REF     SUCCESS               63311.400000 (--) [0 edit(s)] [cached] 
2024-08-30 21:56:31,435	[INFO]	BEST    SUCCESS              *60852.800000 (96.12%) [0 edit(s)] [cached] 
2024-08-30 21:56:31,439	[INFO]	16-1    SUCCESS              +60852.800000 (96.12%) [5 edit(s)] [cached] 
2024-08-30 21:56:31,439	[DEBUG]	patch(16-1)="SrcmlStmtDeletion(('src/main/java/weka/classifiers/trees/RandomForest.java.xml', 'stmt', 91)) | SrcmlStmtDeletion(('src/main/java/weka/classifiers/trees/RandomForest.java.xml', 'stmt', 33)) | SrcmlStmtDeletion(('src/main/java/weka/classifiers/trees/RandomForest.java.xml', 'stmt', 91)) | SrcmlStmtDeletion(('src/main/java/weka/classifiers/trees/RandomForest.java.xml', 'stmt', 33)) | SrcmlStmtDeletion(('src/main/java/weka/classifiers/trees/RandomForest.java.xml', 'stmt', 42))"
2024-08-30 21:56:31,442	[INFO]	16-2    SUCCESS               64410.200000 (101.74%) [8 edit(s)] [cached] 
2024-08-30 21:56:31,442	[DEBUG]	patch(16-2)="SrcmlStmtDeletion(('src/main/java/weka/classifiers/trees/RandomForest.java.xml', 'stmt', 57)) | SrcmlStmtDeletion(('src/main/java/weka/classifiers/trees/RandomForest.java.xml', 'stmt', 57)) | SrcmlStmtDeletion(('src/main/java/weka/classifiers/trees/RandomForest.java.xml', 'stmt', 91)) | SrcmlStmtDeletion(('src/main/java/weka/classifiers/trees/RandomForest.java.xml', 'stmt', 91)) | SrcmlStmtDeletion(('src/main/java/weka/classifiers/trees/RandomForest.java.xml', 'stmt', 33)) | SrcmlStmtDeletion(('src/main/java/weka/classifiers/trees/RandomForest.java.xml', 'stmt', 91)) | SrcmlStmtDeletion(('src/main/java/weka/classifiers/trees/RandomForest.java.xml', 'stmt', 33)) | SrcmlStmtDeletion(('src/main/java/weka/classifiers/trees/RandomForest.java.xml', 'stmt', 42))"
2024-08-30 21:56:31,444	[INFO]	16-3    SUCCESS               62916.200000 (99.38%) [3 edit(s)] [cached] 
2024-08-30 21:56:31,444	[DEBUG]	patch(16-3)="SrcmlStmtDeletion(('src/main/java/weka/classifiers/trees/RandomForest.java.xml', 'stmt', 57)) | SrcmlStmtDeletion(('src/main/java/weka/classifiers/trees/RandomForest.java.xml', 'stmt', 57)) | SrcmlStmtDeletion(('src/main/java/weka/classifiers/trees/RandomForest.java.xml', 'stmt', 42))"
2024-08-30 21:56:31,447	[INFO]	16-4    SUCCESS               67440.400000 (106.52%) [1 edit(s)] [cached] 
2024-08-30 21:56:31,447	[DEBUG]	patch(16-4)="SrcmlStmtDeletion(('src/main/java/weka/classifiers/trees/RandomForest.java.xml', 'stmt', 42))"
2024-08-30 21:56:31,449	[INFO]	16-5    SUCCESS               62916.200000 (99.38%) [2 edit(s)] [cached] 
2024-08-30 21:56:31,449	[DEBUG]	patch(16-5)="SrcmlStmtDeletion(('src/main/java/weka/classifiers/trees/RandomForest.java.xml', 'stmt', 42)) | SrcmlStmtDeletion(('src/main/java/weka/classifiers/trees/RandomForest.java.xml', 'stmt', 57))"
2024-08-30 21:56:31,452	[INFO]	16-6    SUCCESS               64410.200000 (101.74%) [4 edit(s)] [cached] 
2024-08-30 21:56:31,452	[DEBUG]	patch(16-6)="SrcmlStmtDeletion(('src/main/java/weka/classifiers/trees/RandomForest.java.xml', 'stmt', 57)) | SrcmlStmtDeletion(('src/main/java/weka/classifiers/trees/RandomForest.java.xml', 'stmt', 91)) | SrcmlStmtDeletion(('src/main/java/weka/classifiers/trees/RandomForest.java.xml', 'stmt', 33)) | SrcmlStmtDeletion(('src/main/java/weka/classifiers/trees/RandomForest.java.xml', 'stmt', 42))"
2024-08-30 21:56:33,469	[INFO]	16-7    COMPILE_CODE_ERROR    None (--) [6 edit(s)]  
2024-08-30 21:56:33,469	[DEBUG]	patch(16-7)="SrcmlStmtDeletion(('src/main/java/weka/classifiers/trees/RandomForest.java.xml', 'stmt', 91)) | SrcmlStmtDeletion(('src/main/java/weka/classifiers/trees/RandomForest.java.xml', 'stmt', 33)) | SrcmlStmtDeletion(('src/main/java/weka/classifiers/trees/RandomForest.java.xml', 'stmt', 91)) | SrcmlStmtDeletion(('src/main/java/weka/classifiers/trees/RandomForest.java.xml', 'stmt', 33)) | SrcmlStmtDeletion(('src/main/java/weka/classifiers/trees/RandomForest.java.xml', 'stmt', 42)) | SrcmlStmtInsertion(('src/main/java/weka/classifiers/trees/RandomForest.java.xml', '_inter_block', 29), ('src/main/java/weka/classifiers/trees/RandomForest.java.xml', 'stmt', 24))"
2024-08-30 21:56:35,946	[INFO]	16-8    COMPILE_CODE_ERROR    None (--) [4 edit(s)]  
2024-08-30 21:56:35,946	[DEBUG]	patch(16-8)="SrcmlStmtDeletion(('src/main/java/weka/classifiers/trees/RandomForest.java.xml', 'stmt', 57)) | SrcmlStmtDeletion(('src/main/java/weka/classifiers/trees/RandomForest.java.xml', 'stmt', 57)) | SrcmlStmtDeletion(('src/main/java/weka/classifiers/trees/RandomForest.java.xml', 'stmt', 42)) | SrcmlStmtReplacement(('src/main/java/weka/classifiers/trees/RandomForest.java.xml', 'stmt', 27), ('src/main/java/weka/classifiers/trees/RandomForest.java.xml', 'stmt', 40))"
2024-08-30 21:56:37,915	[INFO]	16-9    COMPILE_CODE_ERROR    None (--) [4 edit(s)]  
2024-08-30 21:56:37,916	[DEBUG]	patch(16-9)="SrcmlStmtDeletion(('src/main/java/weka/classifiers/trees/RandomForest.java.xml', 'stmt', 42)) | SrcmlStmtDeletion(('src/main/java/weka/classifiers/trees/RandomForest.java.xml', 'stmt', 91)) | SrcmlStmtDeletion(('src/main/java/weka/classifiers/trees/RandomForest.java.xml', 'stmt', 91)) | SrcmlStmtInsertion(('src/main/java/weka/classifiers/trees/RandomForest.java.xml', '_inter_block', 25), ('src/main/java/weka/classifiers/trees/RandomForest.java.xml', 'stmt', 93))"
2024-08-30 21:56:40,252	[INFO]	16-10   COMPILE_CODE_ERROR    None (--) [3 edit(s)]  
2024-08-30 21:56:40,253	[DEBUG]	patch(16-10)="SrcmlStmtDeletion(('src/main/java/weka/classifiers/trees/RandomForest.java.xml', 'stmt', 91)) | SrcmlStmtDeletion(('src/main/java/weka/classifiers/trees/RandomForest.java.xml', 'stmt', 42)) | SrcmlStmtDeletion(('src/main/java/weka/classifiers/trees/RandomForest.java.xml', 'stmt', 59))"
2024-08-30 21:56:40,255	[INFO]	REF     SUCCESS               63311.400000 (--) [0 edit(s)] [cached] 
2024-08-30 21:56:40,257	[INFO]	BEST    SUCCESS              *60852.800000 (96.12%) [0 edit(s)] [cached] 
2024-08-30 21:56:40,262	[INFO]	17-1    SUCCESS              +60852.800000 (96.12%) [5 edit(s)] [cached] 
2024-08-30 21:56:40,262	[DEBUG]	patch(17-1)="SrcmlStmtDeletion(('src/main/java/weka/classifiers/trees/RandomForest.java.xml', 'stmt', 91)) | SrcmlStmtDeletion(('src/main/java/weka/classifiers/trees/RandomForest.java.xml', 'stmt', 33)) | SrcmlStmtDeletion(('src/main/java/weka/classifiers/trees/RandomForest.java.xml', 'stmt', 91)) | SrcmlStmtDeletion(('src/main/java/weka/classifiers/trees/RandomForest.java.xml', 'stmt', 33)) | SrcmlStmtDeletion(('src/main/java/weka/classifiers/trees/RandomForest.java.xml', 'stmt', 42))"
2024-08-30 21:56:40,264	[INFO]	17-2    SUCCESS               63043.000000 (99.58%) [3 edit(s)] [cached] 
2024-08-30 21:56:40,264	[DEBUG]	patch(17-2)="SrcmlStmtDeletion(('src/main/java/weka/classifiers/trees/RandomForest.java.xml', 'stmt', 33)) | SrcmlStmtDeletion(('src/main/java/weka/classifiers/trees/RandomForest.java.xml', 'stmt', 42)) | SrcmlStmtDeletion(('src/main/java/weka/classifiers/trees/RandomForest.java.xml', 'stmt', 42))"
2024-08-30 21:56:40,266	[INFO]	17-3    SUCCESS               62916.200000 (99.38%) [2 edit(s)] [cached] 
2024-08-30 21:56:40,266	[DEBUG]	patch(17-3)="SrcmlStmtDeletion(('src/main/java/weka/classifiers/trees/RandomForest.java.xml', 'stmt', 42)) | SrcmlStmtDeletion(('src/main/java/weka/classifiers/trees/RandomForest.java.xml', 'stmt', 57))"
2024-08-30 21:57:30,080	[DEBUG]	EXEC>  SUCCESS 65870.8
2024-08-30 21:57:30,080	[INFO]	17-4    SUCCESS               65870.800000 (104.04%) [4 edit(s)]  
2024-08-30 21:57:30,080	[DEBUG]	patch(17-4)="SrcmlStmtDeletion(('src/main/java/weka/classifiers/trees/RandomForest.java.xml', 'stmt', 57)) | SrcmlStmtDeletion(('src/main/java/weka/classifiers/trees/RandomForest.java.xml', 'stmt', 57)) | SrcmlStmtDeletion(('src/main/java/weka/classifiers/trees/RandomForest.java.xml', 'stmt', 42)) | SrcmlStmtDeletion(('src/main/java/weka/classifiers/trees/RandomForest.java.xml', 'stmt', 91))"
2024-08-30 21:57:30,083	[INFO]	17-5    SUCCESS               64438.200000 (101.78%) [6 edit(s)] [cached] 
2024-08-30 21:57:30,083	[DEBUG]	patch(17-5)="SrcmlStmtDeletion(('src/main/java/weka/classifiers/trees/RandomForest.java.xml', 'stmt', 33)) | SrcmlStmtDeletion(('src/main/java/weka/classifiers/trees/RandomForest.java.xml', 'stmt', 57)) | SrcmlStmtDeletion(('src/main/java/weka/classifiers/trees/RandomForest.java.xml', 'stmt', 57)) | SrcmlStmtDeletion(('src/main/java/weka/classifiers/trees/RandomForest.java.xml', 'stmt', 33)) | SrcmlStmtDeletion(('src/main/java/weka/classifiers/trees/RandomForest.java.xml', 'stmt', 91)) | SrcmlStmtDeletion(('src/main/java/weka/classifiers/trees/RandomForest.java.xml', 'stmt', 33))"
2024-08-30 21:57:30,085	[INFO]	17-6    SUCCESS               66488.400000 (105.02%) [1 edit(s)] [cached] 
2024-08-30 21:57:30,085	[DEBUG]	patch(17-6)="SrcmlStmtDeletion(('src/main/java/weka/classifiers/trees/RandomForest.java.xml', 'stmt', 33))"
2024-08-30 21:57:30,088	[INFO]	17-7    SUCCESS               60852.800000 (96.12%) [4 edit(s)] [cached] 
2024-08-30 21:57:30,088	[DEBUG]	patch(17-7)="SrcmlStmtDeletion(('src/main/java/weka/classifiers/trees/RandomForest.java.xml', 'stmt', 33)) | SrcmlStmtDeletion(('src/main/java/weka/classifiers/trees/RandomForest.java.xml', 'stmt', 91)) | SrcmlStmtDeletion(('src/main/java/weka/classifiers/trees/RandomForest.java.xml', 'stmt', 33)) | SrcmlStmtDeletion(('src/main/java/weka/classifiers/trees/RandomForest.java.xml', 'stmt', 42))"
2024-08-30 21:57:32,410	[INFO]	17-8    COMPILE_CODE_ERROR    None (--) [3 edit(s)]  
2024-08-30 21:57:32,410	[DEBUG]	patch(17-8)="SrcmlStmtDeletion(('src/main/java/weka/classifiers/trees/RandomForest.java.xml', 'stmt', 42)) | SrcmlStmtDeletion(('src/main/java/weka/classifiers/trees/RandomForest.java.xml', 'stmt', 57)) | SrcmlStmtReplacement(('src/main/java/weka/classifiers/trees/RandomForest.java.xml', 'stmt', 4), ('src/main/java/weka/classifiers/trees/RandomForest.java.xml', 'stmt', 121))"
2024-08-30 21:57:34,772	[INFO]	17-9    COMPILE_CODE_ERROR    None (--) [4 edit(s)]  
2024-08-30 21:57:34,772	[DEBUG]	patch(17-9)="SrcmlStmtDeletion(('src/main/java/weka/classifiers/trees/RandomForest.java.xml', 'stmt', 57)) | SrcmlStmtDeletion(('src/main/java/weka/classifiers/trees/RandomForest.java.xml', 'stmt', 57)) | SrcmlStmtDeletion(('src/main/java/weka/classifiers/trees/RandomForest.java.xml', 'stmt', 42)) | SrcmlStmtInsertion(('src/main/java/weka/classifiers/trees/RandomForest.java.xml', '_inter_block', 93), ('src/main/java/weka/classifiers/trees/RandomForest.java.xml', 'stmt', 62))"
2024-08-30 21:57:34,775	[INFO]	17-10   SUCCESS               64410.200000 (101.74%) [7 edit(s)] [cached] 
2024-08-30 21:57:34,775	[DEBUG]	patch(17-10)="SrcmlStmtDeletion(('src/main/java/weka/classifiers/trees/RandomForest.java.xml', 'stmt', 57)) | SrcmlStmtDeletion(('src/main/java/weka/classifiers/trees/RandomForest.java.xml', 'stmt', 91)) | SrcmlStmtDeletion(('src/main/java/weka/classifiers/trees/RandomForest.java.xml', 'stmt', 91)) | SrcmlStmtDeletion(('src/main/java/weka/classifiers/trees/RandomForest.java.xml', 'stmt', 33)) | SrcmlStmtDeletion(('src/main/java/weka/classifiers/trees/RandomForest.java.xml', 'stmt', 91)) | SrcmlStmtDeletion(('src/main/java/weka/classifiers/trees/RandomForest.java.xml', 'stmt', 33)) | SrcmlStmtDeletion(('src/main/java/weka/classifiers/trees/RandomForest.java.xml', 'stmt', 42))"
2024-08-30 21:57:34,777	[INFO]	REF     SUCCESS               63311.400000 (--) [0 edit(s)] [cached] 
2024-08-30 21:57:34,780	[INFO]	BEST    SUCCESS              *60852.800000 (96.12%) [0 edit(s)] [cached] 
2024-08-30 21:57:34,784	[INFO]	18-1    SUCCESS              +60852.800000 (96.12%) [5 edit(s)] [cached] 
2024-08-30 21:57:34,784	[DEBUG]	patch(18-1)="SrcmlStmtDeletion(('src/main/java/weka/classifiers/trees/RandomForest.java.xml', 'stmt', 91)) | SrcmlStmtDeletion(('src/main/java/weka/classifiers/trees/RandomForest.java.xml', 'stmt', 33)) | SrcmlStmtDeletion(('src/main/java/weka/classifiers/trees/RandomForest.java.xml', 'stmt', 91)) | SrcmlStmtDeletion(('src/main/java/weka/classifiers/trees/RandomForest.java.xml', 'stmt', 33)) | SrcmlStmtDeletion(('src/main/java/weka/classifiers/trees/RandomForest.java.xml', 'stmt', 42))"
2024-08-30 21:57:34,787	[INFO]	18-2    SUCCESS               60852.800000 (96.12%) [5 edit(s)] [cached] 
2024-08-30 21:57:34,787	[DEBUG]	patch(18-2)="SrcmlStmtDeletion(('src/main/java/weka/classifiers/trees/RandomForest.java.xml', 'stmt', 33)) | SrcmlStmtDeletion(('src/main/java/weka/classifiers/trees/RandomForest.java.xml', 'stmt', 91)) | SrcmlStmtDeletion(('src/main/java/weka/classifiers/trees/RandomForest.java.xml', 'stmt', 91)) | SrcmlStmtDeletion(('src/main/java/weka/classifiers/trees/RandomForest.java.xml', 'stmt', 33)) | SrcmlStmtDeletion(('src/main/java/weka/classifiers/trees/RandomForest.java.xml', 'stmt', 42))"
2024-08-30 21:57:34,789	[INFO]	18-3    SUCCESS               63602.200000 (100.46%) [3 edit(s)] [cached] 
2024-08-30 21:57:34,790	[DEBUG]	patch(18-3)="SrcmlStmtDeletion(('src/main/java/weka/classifiers/trees/RandomForest.java.xml', 'stmt', 33)) | SrcmlStmtDeletion(('src/main/java/weka/classifiers/trees/RandomForest.java.xml', 'stmt', 91)) | SrcmlStmtDeletion(('src/main/java/weka/classifiers/trees/RandomForest.java.xml', 'stmt', 33))"
2024-08-30 21:57:34,792	[INFO]	18-4    SUCCESS               66316.600000 (104.75%) [2 edit(s)] [cached] 
2024-08-30 21:57:34,792	[DEBUG]	patch(18-4)="SrcmlStmtDeletion(('src/main/java/weka/classifiers/trees/RandomForest.java.xml', 'stmt', 57)) | SrcmlStmtDeletion(('src/main/java/weka/classifiers/trees/RandomForest.java.xml', 'stmt', 57))"
2024-08-30 21:57:34,795	[INFO]	18-5    SUCCESS               64410.200000 (101.74%) [6 edit(s)] [cached] 
2024-08-30 21:57:34,795	[DEBUG]	patch(18-5)="SrcmlStmtDeletion(('src/main/java/weka/classifiers/trees/RandomForest.java.xml', 'stmt', 42)) | SrcmlStmtDeletion(('src/main/java/weka/classifiers/trees/RandomForest.java.xml', 'stmt', 42)) | SrcmlStmtDeletion(('src/main/java/weka/classifiers/trees/RandomForest.java.xml', 'stmt', 57)) | SrcmlStmtDeletion(('src/main/java/weka/classifiers/trees/RandomForest.java.xml', 'stmt', 33)) | SrcmlStmtDeletion(('src/main/java/weka/classifiers/trees/RandomForest.java.xml', 'stmt', 91)) | SrcmlStmtDeletion(('src/main/java/weka/classifiers/trees/RandomForest.java.xml', 'stmt', 42))"
2024-08-30 21:57:34,797	[INFO]	18-6    SUCCESS               63602.200000 (100.46%) [2 edit(s)] [cached] 
2024-08-30 21:57:34,797	[DEBUG]	patch(18-6)="SrcmlStmtDeletion(('src/main/java/weka/classifiers/trees/RandomForest.java.xml', 'stmt', 33)) | SrcmlStmtDeletion(('src/main/java/weka/classifiers/trees/RandomForest.java.xml', 'stmt', 91))"
2024-08-30 21:57:34,800	[INFO]	18-7    SUCCESS               60852.800000 (96.12%) [4 edit(s)] [cached] 
2024-08-30 21:57:34,800	[DEBUG]	patch(18-7)="SrcmlStmtDeletion(('src/main/java/weka/classifiers/trees/RandomForest.java.xml', 'stmt', 91)) | SrcmlStmtDeletion(('src/main/java/weka/classifiers/trees/RandomForest.java.xml', 'stmt', 33)) | SrcmlStmtDeletion(('src/main/java/weka/classifiers/trees/RandomForest.java.xml', 'stmt', 91)) | SrcmlStmtDeletion(('src/main/java/weka/classifiers/trees/RandomForest.java.xml', 'stmt', 42))"
2024-08-30 21:57:37,254	[INFO]	18-8    COMPILE_CODE_ERROR    None (--) [5 edit(s)]  
2024-08-30 21:57:37,255	[DEBUG]	patch(18-8)="SrcmlStmtDeletion(('src/main/java/weka/classifiers/trees/RandomForest.java.xml', 'stmt', 33)) | SrcmlStmtDeletion(('src/main/java/weka/classifiers/trees/RandomForest.java.xml', 'stmt', 91)) | SrcmlStmtDeletion(('src/main/java/weka/classifiers/trees/RandomForest.java.xml', 'stmt', 33)) | SrcmlStmtDeletion(('src/main/java/weka/classifiers/trees/RandomForest.java.xml', 'stmt', 42)) | SrcmlStmtReplacement(('src/main/java/weka/classifiers/trees/RandomForest.java.xml', 'stmt', 133), ('src/main/java/weka/classifiers/trees/RandomForest.java.xml', 'stmt', 9))"
2024-08-30 21:57:39,530	[INFO]	18-9    COMPILE_CODE_ERROR    None (--) [3 edit(s)]  
2024-08-30 21:57:39,530	[DEBUG]	patch(18-9)="SrcmlStmtDeletion(('src/main/java/weka/classifiers/trees/RandomForest.java.xml', 'stmt', 42)) | SrcmlStmtDeletion(('src/main/java/weka/classifiers/trees/RandomForest.java.xml', 'stmt', 57)) | SrcmlStmtReplacement(('src/main/java/weka/classifiers/trees/RandomForest.java.xml', 'stmt', 92), ('src/main/java/weka/classifiers/trees/RandomForest.java.xml', 'stmt', 74))"
2024-08-30 21:57:39,533	[INFO]	18-10   SUCCESS               63043.000000 (99.58%) [2 edit(s)] [cached] 
2024-08-30 21:57:39,533	[DEBUG]	patch(18-10)="SrcmlStmtDeletion(('src/main/java/weka/classifiers/trees/RandomForest.java.xml', 'stmt', 33)) | SrcmlStmtDeletion(('src/main/java/weka/classifiers/trees/RandomForest.java.xml', 'stmt', 42))"
2024-08-30 21:57:39,535	[INFO]	REF     SUCCESS               63311.400000 (--) [0 edit(s)] [cached] 
2024-08-30 21:57:39,538	[INFO]	BEST    SUCCESS              *60852.800000 (96.12%) [0 edit(s)] [cached] 
2024-08-30 21:57:39,543	[INFO]	19-1    SUCCESS              +60852.800000 (96.12%) [5 edit(s)] [cached] 
2024-08-30 21:57:39,543	[DEBUG]	patch(19-1)="SrcmlStmtDeletion(('src/main/java/weka/classifiers/trees/RandomForest.java.xml', 'stmt', 91)) | SrcmlStmtDeletion(('src/main/java/weka/classifiers/trees/RandomForest.java.xml', 'stmt', 33)) | SrcmlStmtDeletion(('src/main/java/weka/classifiers/trees/RandomForest.java.xml', 'stmt', 91)) | SrcmlStmtDeletion(('src/main/java/weka/classifiers/trees/RandomForest.java.xml', 'stmt', 33)) | SrcmlStmtDeletion(('src/main/java/weka/classifiers/trees/RandomForest.java.xml', 'stmt', 42))"
2024-08-30 21:57:39,545	[INFO]	19-2    SUCCESS               64438.200000 (101.78%) [4 edit(s)] [cached] 
2024-08-30 21:57:39,545	[DEBUG]	patch(19-2)="SrcmlStmtDeletion(('src/main/java/weka/classifiers/trees/RandomForest.java.xml', 'stmt', 57)) | SrcmlStmtDeletion(('src/main/java/weka/classifiers/trees/RandomForest.java.xml', 'stmt', 91)) | SrcmlStmtDeletion(('src/main/java/weka/classifiers/trees/RandomForest.java.xml', 'stmt', 91)) | SrcmlStmtDeletion(('src/main/java/weka/classifiers/trees/RandomForest.java.xml', 'stmt', 33))"
2024-08-30 21:57:39,548	[INFO]	19-3    SUCCESS               63043.000000 (99.58%) [2 edit(s)] [cached] 
2024-08-30 21:57:39,548	[DEBUG]	patch(19-3)="SrcmlStmtDeletion(('src/main/java/weka/classifiers/trees/RandomForest.java.xml', 'stmt', 33)) | SrcmlStmtDeletion(('src/main/java/weka/classifiers/trees/RandomForest.java.xml', 'stmt', 42))"
2024-08-30 21:57:39,550	[INFO]	19-4    SUCCESS               63181.600000 (99.79%) [3 edit(s)] [cached] 
2024-08-30 21:57:39,550	[DEBUG]	patch(19-4)="SrcmlStmtDeletion(('src/main/java/weka/classifiers/trees/RandomForest.java.xml', 'stmt', 91)) | SrcmlStmtDeletion(('src/main/java/weka/classifiers/trees/RandomForest.java.xml', 'stmt', 91)) | SrcmlStmtDeletion(('src/main/java/weka/classifiers/trees/RandomForest.java.xml', 'stmt', 42))"
2024-08-30 21:57:39,553	[INFO]	19-5    SUCCESS               63043.000000 (99.58%) [3 edit(s)] [cached] 
2024-08-30 21:57:39,553	[DEBUG]	patch(19-5)="SrcmlStmtDeletion(('src/main/java/weka/classifiers/trees/RandomForest.java.xml', 'stmt', 33)) | SrcmlStmtDeletion(('src/main/java/weka/classifiers/trees/RandomForest.java.xml', 'stmt', 42)) | SrcmlStmtDeletion(('src/main/java/weka/classifiers/trees/RandomForest.java.xml', 'stmt', 42))"
2024-08-30 21:57:39,555	[INFO]	19-6    SUCCESS               60852.800000 (96.12%) [4 edit(s)] [cached] 
2024-08-30 21:57:39,555	[DEBUG]	patch(19-6)="SrcmlStmtDeletion(('src/main/java/weka/classifiers/trees/RandomForest.java.xml', 'stmt', 33)) | SrcmlStmtDeletion(('src/main/java/weka/classifiers/trees/RandomForest.java.xml', 'stmt', 91)) | SrcmlStmtDeletion(('src/main/java/weka/classifiers/trees/RandomForest.java.xml', 'stmt', 91)) | SrcmlStmtDeletion(('src/main/java/weka/classifiers/trees/RandomForest.java.xml', 'stmt', 42))"
2024-08-30 21:57:39,559	[INFO]	19-7    SUCCESS               60852.800000 (96.12%) [4 edit(s)] [cached] 
2024-08-30 21:57:39,559	[DEBUG]	patch(19-7)="SrcmlStmtDeletion(('src/main/java/weka/classifiers/trees/RandomForest.java.xml', 'stmt', 91)) | SrcmlStmtDeletion(('src/main/java/weka/classifiers/trees/RandomForest.java.xml', 'stmt', 91)) | SrcmlStmtDeletion(('src/main/java/weka/classifiers/trees/RandomForest.java.xml', 'stmt', 33)) | SrcmlStmtDeletion(('src/main/java/weka/classifiers/trees/RandomForest.java.xml', 'stmt', 42))"
2024-08-30 21:57:39,562	[INFO]	19-8    SUCCESS               60852.800000 (96.12%) [4 edit(s)] [cached] 
2024-08-30 21:57:39,562	[DEBUG]	patch(19-8)="SrcmlStmtDeletion(('src/main/java/weka/classifiers/trees/RandomForest.java.xml', 'stmt', 33)) | SrcmlStmtDeletion(('src/main/java/weka/classifiers/trees/RandomForest.java.xml', 'stmt', 91)) | SrcmlStmtDeletion(('src/main/java/weka/classifiers/trees/RandomForest.java.xml', 'stmt', 33)) | SrcmlStmtDeletion(('src/main/java/weka/classifiers/trees/RandomForest.java.xml', 'stmt', 42))"
2024-08-30 21:57:39,564	[INFO]	19-9    SUCCESS               60852.800000 (96.12%) [3 edit(s)] [cached] 
2024-08-30 21:57:39,564	[DEBUG]	patch(19-9)="SrcmlStmtDeletion(('src/main/java/weka/classifiers/trees/RandomForest.java.xml', 'stmt', 91)) | SrcmlStmtDeletion(('src/main/java/weka/classifiers/trees/RandomForest.java.xml', 'stmt', 33)) | SrcmlStmtDeletion(('src/main/java/weka/classifiers/trees/RandomForest.java.xml', 'stmt', 42))"
2024-08-30 21:57:41,959	[INFO]	19-10   COMPILE_CODE_ERROR    None (--) [3 edit(s)]  
2024-08-30 21:57:41,959	[DEBUG]	patch(19-10)="SrcmlStmtDeletion(('src/main/java/weka/classifiers/trees/RandomForest.java.xml', 'stmt', 33)) | SrcmlStmtDeletion(('src/main/java/weka/classifiers/trees/RandomForest.java.xml', 'stmt', 42)) | SrcmlStmtInsertion(('src/main/java/weka/classifiers/trees/RandomForest.java.xml', '_inter_block', 188), ('src/main/java/weka/classifiers/trees/RandomForest.java.xml', 'stmt', 121))"
2024-08-30 21:57:41,961	[INFO]	REF     SUCCESS               63311.400000 (--) [0 edit(s)] [cached] 
2024-08-30 21:57:41,964	[INFO]	BEST    SUCCESS              *60852.800000 (96.12%) [0 edit(s)] [cached] 
2024-08-30 21:57:41,969	[INFO]	20-1    SUCCESS              +60852.800000 (96.12%) [5 edit(s)] [cached] 
2024-08-30 21:57:41,969	[DEBUG]	patch(20-1)="SrcmlStmtDeletion(('src/main/java/weka/classifiers/trees/RandomForest.java.xml', 'stmt', 91)) | SrcmlStmtDeletion(('src/main/java/weka/classifiers/trees/RandomForest.java.xml', 'stmt', 33)) | SrcmlStmtDeletion(('src/main/java/weka/classifiers/trees/RandomForest.java.xml', 'stmt', 91)) | SrcmlStmtDeletion(('src/main/java/weka/classifiers/trees/RandomForest.java.xml', 'stmt', 33)) | SrcmlStmtDeletion(('src/main/java/weka/classifiers/trees/RandomForest.java.xml', 'stmt', 42))"
2024-08-30 21:57:41,971	[INFO]	20-2    SUCCESS               60852.800000 (96.12%) [4 edit(s)] [cached] 
2024-08-30 21:57:41,971	[DEBUG]	patch(20-2)="SrcmlStmtDeletion(('src/main/java/weka/classifiers/trees/RandomForest.java.xml', 'stmt', 91)) | SrcmlStmtDeletion(('src/main/java/weka/classifiers/trees/RandomForest.java.xml', 'stmt', 33)) | SrcmlStmtDeletion(('src/main/java/weka/classifiers/trees/RandomForest.java.xml', 'stmt', 42)) | SrcmlStmtDeletion(('src/main/java/weka/classifiers/trees/RandomForest.java.xml', 'stmt', 33))"
2024-08-30 21:57:41,974	[INFO]	20-3    SUCCESS               60852.800000 (96.12%) [6 edit(s)] [cached] 
2024-08-30 21:57:41,974	[DEBUG]	patch(20-3)="SrcmlStmtDeletion(('src/main/java/weka/classifiers/trees/RandomForest.java.xml', 'stmt', 33)) | SrcmlStmtDeletion(('src/main/java/weka/classifiers/trees/RandomForest.java.xml', 'stmt', 91)) | SrcmlStmtDeletion(('src/main/java/weka/classifiers/trees/RandomForest.java.xml', 'stmt', 33)) | SrcmlStmtDeletion(('src/main/java/weka/classifiers/trees/RandomForest.java.xml', 'stmt', 42)) | SrcmlStmtDeletion(('src/main/java/weka/classifiers/trees/RandomForest.java.xml', 'stmt', 91)) | SrcmlStmtDeletion(('src/main/java/weka/classifiers/trees/RandomForest.java.xml', 'stmt', 33))"
2024-08-30 21:57:41,976	[INFO]	20-4    SUCCESS               64270.000000 (101.51%) [2 edit(s)] [cached] 
2024-08-30 21:57:41,977	[DEBUG]	patch(20-4)="SrcmlStmtDeletion(('src/main/java/weka/classifiers/trees/RandomForest.java.xml', 'stmt', 33)) | SrcmlStmtDeletion(('src/main/java/weka/classifiers/trees/RandomForest.java.xml', 'stmt', 57))"
2024-08-30 21:57:41,979	[INFO]	20-5    SUCCESS               67440.400000 (106.52%) [1 edit(s)] [cached] 
2024-08-30 21:57:41,979	[DEBUG]	patch(20-5)="SrcmlStmtDeletion(('src/main/java/weka/classifiers/trees/RandomForest.java.xml', 'stmt', 42))"
2024-08-30 21:57:41,981	[INFO]	20-6    SUCCESS               66488.400000 (105.02%) [2 edit(s)] [cached] 
2024-08-30 21:57:41,981	[DEBUG]	patch(20-6)="SrcmlStmtDeletion(('src/main/java/weka/classifiers/trees/RandomForest.java.xml', 'stmt', 33)) | SrcmlStmtDeletion(('src/main/java/weka/classifiers/trees/RandomForest.java.xml', 'stmt', 33))"
2024-08-30 21:57:41,984	[INFO]	20-7    SUCCESS               63602.200000 (100.46%) [4 edit(s)] [cached] 
2024-08-30 21:57:41,984	[DEBUG]	patch(20-7)="SrcmlStmtDeletion(('src/main/java/weka/classifiers/trees/RandomForest.java.xml', 'stmt', 91)) | SrcmlStmtDeletion(('src/main/java/weka/classifiers/trees/RandomForest.java.xml', 'stmt', 33)) | SrcmlStmtDeletion(('src/main/java/weka/classifiers/trees/RandomForest.java.xml', 'stmt', 91)) | SrcmlStmtDeletion(('src/main/java/weka/classifiers/trees/RandomForest.java.xml', 'stmt', 33))"
2024-08-30 21:58:31,684	[DEBUG]	EXEC>  SUCCESS 65390.8
2024-08-30 21:58:31,685	[INFO]	20-8    SUCCESS               65390.800000 (103.28%) [5 edit(s)]  
2024-08-30 21:58:31,685	[DEBUG]	patch(20-8)="SrcmlStmtDeletion(('src/main/java/weka/classifiers/trees/RandomForest.java.xml', 'stmt', 91)) | SrcmlStmtDeletion(('src/main/java/weka/classifiers/trees/RandomForest.java.xml', 'stmt', 91)) | SrcmlStmtDeletion(('src/main/java/weka/classifiers/trees/RandomForest.java.xml', 'stmt', 33)) | SrcmlStmtDeletion(('src/main/java/weka/classifiers/trees/RandomForest.java.xml', 'stmt', 42)) | SrcmlStmtDeletion(('src/main/java/weka/classifiers/trees/RandomForest.java.xml', 'stmt', 61))"
2024-08-30 21:59:20,691	[DEBUG]	EXEC>  SUCCESS 62602.8
2024-08-30 21:59:20,692	[INFO]	20-9    SUCCESS               62602.800000 (98.88%) [5 edit(s)]  
2024-08-30 21:59:20,692	[DEBUG]	patch(20-9)="SrcmlStmtDeletion(('src/main/java/weka/classifiers/trees/RandomForest.java.xml', 'stmt', 33)) | SrcmlStmtDeletion(('src/main/java/weka/classifiers/trees/RandomForest.java.xml', 'stmt', 91)) | SrcmlStmtDeletion(('src/main/java/weka/classifiers/trees/RandomForest.java.xml', 'stmt', 33)) | SrcmlStmtDeletion(('src/main/java/weka/classifiers/trees/RandomForest.java.xml', 'stmt', 42)) | SrcmlStmtDeletion(('src/main/java/weka/classifiers/trees/RandomForest.java.xml', 'stmt', 27))"
2024-08-30 21:59:20,695	[INFO]	~~~~ END ~~~~
2024-08-30 21:59:20,695	[INFO]	
2024-08-30 21:59:20,695	[INFO]	==== REPORT ====
2024-08-30 21:59:20,695	[INFO]	Termination: time budget
2024-08-30 21:59:20,695	[INFO]	Retries: 5
2024-08-30 21:59:20,695	[INFO]	Log file: /home/dbouras/magpie/_magpie_logs/weka_1725049561.log
2024-08-30 21:59:20,695	[INFO]	Patch file: _magpie_logs/weka_1725049561.patch
2024-08-30 21:59:20,695	[INFO]	Diff file: _magpie_logs/weka_1725049561.diff
2024-08-30 21:59:20,695	[INFO]	Reference fitness: 63311.400000
2024-08-30 21:59:20,695	[INFO]	Best fitness: 60852.800000
2024-08-30 21:59:20,695	[INFO]	
2024-08-30 21:59:20,696	[INFO]	==== BEST PATCH ====
SrcmlStmtDeletion(('src/main/java/weka/classifiers/trees/RandomForest.java.xml', 'stmt', 91)) | SrcmlStmtDeletion(('src/main/java/weka/classifiers/trees/RandomForest.java.xml', 'stmt', 33)) | SrcmlStmtDeletion(('src/main/java/weka/classifiers/trees/RandomForest.java.xml', 'stmt', 42))
2024-08-30 21:59:20,696	[INFO]	
2024-08-30 21:59:20,696	[INFO]	==== DIFF ====
[1m--- before: src/main/java/weka/classifiers/trees/RandomForest.java[0m
[1m+++ after: src/main/java/weka/classifiers/trees/RandomForest.java[0m
[36m@@ -374,7 +374,7 @@[0m
    */
   public void setComputeAttributeImportance(boolean computeAttributeImportance) {
     m_computeAttributeImportance = computeAttributeImportance;
[31m-    ((RandomTree)m_Classifier).setComputeImpurityDecreases(computeAttributeImportance);[0m
[32m+    [0m
   }
 
   /**
[36m@@ -452,7 +452,7 @@[0m
   public void setDebug(boolean debug) {
 
     super.setDebug(debug);
[31m-    ((RandomTree) getClassifier()).setDebug(debug);[0m
[32m+    [0m
   }
 
   /**
[36m@@ -633,7 +633,7 @@[0m
     Vector<String> result = new Vector<String>();
 
     result.add("-P");
[31m-    result.add("" + getBagSizePercent());[0m
[32m+    [0m
 
     if (getCalcOutOfBag()) {
       result.add("-O");

