2024-06-05 12:15:16,163	[DEBUG]	==== CONFIG ====
[magpie]
import = 
seed = 1754782187134143
log_dir = _magpie_logs
work_dir = _magpie_work
local_original_copy = False
local_original_name = __original__
output_encoding = ascii
edit_retries = 10
default_timeout = 30
default_lengthout = 10000.0
diff_method = unified
trust_local_filesystem = True

[magpie.log]
color_output = True
format_info = {counter:<7} {status:<20} {best}{fitness} ({ratio}) [{size}] {cached} {log}
format_debug = patch({counter})="{patch}"{diffifbest}
format_fitness = {:.6f}
format_ratio = {:.2%%}
format_patchif = 
	 --> {patch}
format_diffif = 
	{diff}

[software]
path = examples/triangle-c
target_files = 
	triangle.c.xml
software = BasicSoftware
model_rules = 
	*.params : ParamFileConfigModel
	*.xml : SrcmlModel
	* : LineModel
model_config = 
	*.params : [paramconfig]
	*.xml : [srcml]
init_cmd = bash init_slow.sh
init_timeout = 60
init_lengthout = -1
setup_cmd = 
setup_timeout = 
setup_lengthout = 
compile_cmd = make test_triangle run_triangle
compile_timeout = 
compile_lengthout = 
test_cmd = ./test_triangle
test_timeout = 
test_lengthout = 
run_cmd = ./run_triangle
run_timeout = 1
run_lengthout = 
retries = 2
batch_timeout = 
batch_lengthout = 
batch_bin_fitness_strategy = aggregate
batch_fitness_strategy = sum
fitness = time

[srcml]
rename = 
	stmt: break continue decl_stmt do expr_stmt for goto if return switch while
	number: literal_number
focus = block stmt operator_comp operator_arith number
internodes = block
process_pseudo_blocks = True
process_literals = True
process_operators = True

[paramconfig]
timing = test run
cli_prefix = --
cli_glue = =
cli_boolean = show
cli_boolean_prefix_true = 
cli_boolean_prefix_false = no-
cli_none = hide
silent_prefix = @
silent_suffix = $

[search]
protocol = BasicProtocol
algorithm = FirstImprovement
possible_edits = 
	SrcmlStmtReplacement
	SrcmlStmtInsertion
	SrcmlStmtDeletion
warmup = 3
warmup_strategy = last
max_steps = 100
max_time = 60
target_fitness = 
cache_maxsize = 100
cache_keep = 0.2
batch_instances = 
batch_shuffle = True
batch_bin_shuffle = False
batch_sample_size = 1

[search.ls]
delete_prob = 0.5
max_neighbours = 
when_trapped = continue
accept_fail = False
tabu_length = 10

[search.gp]
pop_size = 10
delete_prob = 0.5
offspring_elitism = 0.1
offspring_crossover = 0.5
offspring_mutation = 0.4
uniform_rate = 0.5
batch_reset = True

[search.minify]
do_cleanup = True
do_rebuild = True
do_simplify = True
round_robin_limit = 3


2024-06-05 12:15:16,164	[DEBUG]	
2024-06-05 12:15:16,164	[INFO]	==== SEARCH: FirstImprovement ====
2024-06-05 12:15:16,164	[INFO]	~~~~ WARMUP ~~~~
2024-06-05 12:15:16,449	[DEBUG]	EXEC>  SUCCESS 0.0782
2024-06-05 12:15:16,449	[INFO]	WARM    SUCCESS               0.078200 (--) [0 edit(s)]  
2024-06-05 12:15:16,828	[DEBUG]	EXEC>  SUCCESS 0.0793
2024-06-05 12:15:16,828	[INFO]	WARM    SUCCESS               0.079300 (--) [0 edit(s)]  
2024-06-05 12:15:17,151	[DEBUG]	EXEC>  SUCCESS 0.0782
2024-06-05 12:15:17,151	[INFO]	WARM    SUCCESS               0.078200 (--) [0 edit(s)]  
2024-06-05 12:15:17,151	[INFO]	REF     SUCCESS               0.078200 (--) [0 edit(s)]  
2024-06-05 12:15:17,151	[INFO]	
2024-06-05 12:15:17,151	[INFO]	~~~~ START ~~~~
2024-06-05 12:15:17,293	[INFO]	1       TEST_CODE_ERROR       None (--) [1 edit(s)]  
2024-06-05 12:15:17,294	[DEBUG]	patch(1)="SrcmlStmtReplacement(('triangle.c.xml', 'stmt', 7), ('triangle.c.xml', 'stmt', 0))"
2024-06-05 12:15:17,501	[INFO]	2       TEST_CODE_ERROR       None (--) [1 edit(s)]  
2024-06-05 12:15:17,501	[DEBUG]	patch(2)="SrcmlStmtReplacement(('triangle.c.xml', 'stmt', 6), ('triangle.c.xml', 'stmt', 0))"
2024-06-05 12:15:17,640	[INFO]	3       TEST_CODE_ERROR       None (--) [1 edit(s)]  
2024-06-05 12:15:17,641	[DEBUG]	patch(3)="SrcmlStmtDeletion(('triangle.c.xml', 'stmt', 15))"
2024-06-05 12:15:17,781	[INFO]	4       TEST_CODE_ERROR       None (--) [1 edit(s)]  
2024-06-05 12:15:17,781	[DEBUG]	patch(4)="SrcmlStmtDeletion(('triangle.c.xml', 'stmt', 13))"
2024-06-05 12:15:18,099	[DEBUG]	EXEC>  SUCCESS 0.0805
2024-06-05 12:15:18,099	[INFO]	5       SUCCESS               0.080500 (102.94%) [1 edit(s)]  
2024-06-05 12:15:18,099	[DEBUG]	patch(5)="SrcmlStmtInsertion(('triangle.c.xml', '_inter_block', 32), ('triangle.c.xml', 'stmt', 6))"
2024-06-05 12:15:18,120	[INFO]	6       COMPILE_CODE_ERROR    None (--) [1 edit(s)]  
2024-06-05 12:15:18,120	[DEBUG]	patch(6)="SrcmlStmtDeletion(('triangle.c.xml', 'stmt', 2))"
2024-06-05 12:15:18,257	[INFO]	7       TEST_CODE_ERROR       None (--) [1 edit(s)]  
2024-06-05 12:15:18,257	[DEBUG]	patch(7)="SrcmlStmtReplacement(('triangle.c.xml', 'stmt', 19), ('triangle.c.xml', 'stmt', 3))"
2024-06-05 12:15:18,408	[INFO]	8       TEST_CODE_ERROR       None (--) [1 edit(s)]  
2024-06-05 12:15:18,408	[DEBUG]	patch(8)="SrcmlStmtDeletion(('triangle.c.xml', 'stmt', 10))"
2024-06-05 12:15:18,509	[INFO]	9       TEST_CODE_ERROR       None (--) [1 edit(s)]  
2024-06-05 12:15:18,509	[DEBUG]	patch(9)="SrcmlStmtReplacement(('triangle.c.xml', 'stmt', 3), ('triangle.c.xml', 'stmt', 21))"
2024-06-05 12:15:18,510	[INFO]	10      TEST_CODE_ERROR       None (--) [1 edit(s)] [cached] 
2024-06-05 12:15:18,510	[DEBUG]	patch(10)="SrcmlStmtDeletion(('triangle.c.xml', 'stmt', 10))"
2024-06-05 12:15:18,655	[INFO]	11      TEST_CODE_ERROR       None (--) [1 edit(s)]  
2024-06-05 12:15:18,655	[DEBUG]	patch(11)="SrcmlStmtReplacement(('triangle.c.xml', 'stmt', 8), ('triangle.c.xml', 'stmt', 11))"
2024-06-05 12:15:18,936	[DEBUG]	EXEC>  SUCCESS 0.0786
2024-06-05 12:15:18,936	[INFO]	12      SUCCESS               0.078600 (100.51%) [1 edit(s)]  
2024-06-05 12:15:18,936	[DEBUG]	patch(12)="SrcmlStmtInsertion(('triangle.c.xml', '_inter_block', 12), ('triangle.c.xml', 'stmt', 16))"
2024-06-05 12:15:19,101	[INFO]	13      TEST_CODE_ERROR       None (--) [1 edit(s)]  
2024-06-05 12:15:19,101	[DEBUG]	patch(13)="SrcmlStmtDeletion(('triangle.c.xml', 'stmt', 9))"
2024-06-05 12:15:19,419	[DEBUG]	EXEC>  SUCCESS 0.0858
2024-06-05 12:15:19,419	[INFO]	14      SUCCESS               0.085800 (109.72%) [1 edit(s)]  
2024-06-05 12:15:19,419	[DEBUG]	patch(14)="SrcmlStmtInsertion(('triangle.c.xml', '_inter_block', 31), ('triangle.c.xml', 'stmt', 8))"
2024-06-05 12:15:19,551	[INFO]	15      TEST_CODE_ERROR       None (--) [1 edit(s)]  
2024-06-05 12:15:19,551	[DEBUG]	patch(15)="SrcmlStmtDeletion(('triangle.c.xml', 'stmt', 6))"
2024-06-05 12:15:19,677	[INFO]	16      TEST_CODE_ERROR       None (--) [1 edit(s)]  
2024-06-05 12:15:19,677	[DEBUG]	patch(16)="SrcmlStmtReplacement(('triangle.c.xml', 'stmt', 8), ('triangle.c.xml', 'stmt', 21))"
2024-06-05 12:15:19,844	[DEBUG]	EXEC>  SUCCESS 0.0084
2024-06-05 12:15:19,844	[INFO]	17      SUCCESS              *0.008400 (10.74%) [1 edit(s)]  
2024-06-05 12:15:19,844	[DEBUG]	patch(17)="SrcmlStmtReplacement(('triangle.c.xml', 'stmt', 3), ('triangle.c.xml', 'stmt', 8))"
--- before: triangle.c
+++ after: triangle.c
@@ -8,7 +8,11 @@
 int classify_triangle(double a, double b, double c) {
   double tmp;
 
-  delay();
+  if(a > c) {
+    tmp = a;
+    a = c;
+    c = tmp;
+  }
 
   // Sort the sides so that a <= b <= c
   if(a > b) {

2024-06-05 12:15:20,025	[INFO]	18      TEST_CODE_ERROR       None (--) [2 edit(s)]  
2024-06-05 12:15:20,025	[DEBUG]	patch(18)="SrcmlStmtReplacement(('triangle.c.xml', 'stmt', 3), ('triangle.c.xml', 'stmt', 8)) | SrcmlStmtDeletion(('triangle.c.xml', 'stmt', 18))"
2024-06-05 12:15:20,177	[INFO]	19      TEST_CODE_ERROR       None (--) [2 edit(s)]  
2024-06-05 12:15:20,178	[DEBUG]	patch(19)="SrcmlStmtReplacement(('triangle.c.xml', 'stmt', 3), ('triangle.c.xml', 'stmt', 8)) | SrcmlStmtReplacement(('triangle.c.xml', 'stmt', 13), ('triangle.c.xml', 'stmt', 18))"
2024-06-05 12:15:20,390	[DEBUG]	EXEC>  SUCCESS 0.0147
2024-06-05 12:15:20,390	[INFO]	20      SUCCESS               0.014700 (18.80%) [2 edit(s)]  
2024-06-05 12:15:20,390	[DEBUG]	patch(20)="SrcmlStmtReplacement(('triangle.c.xml', 'stmt', 3), ('triangle.c.xml', 'stmt', 8)) | SrcmlStmtInsertion(('triangle.c.xml', '_inter_block', 0), ('triangle.c.xml', 'stmt', 17))"
2024-06-05 12:15:20,585	[INFO]	21      TEST_CODE_ERROR       None (--) [2 edit(s)]  
2024-06-05 12:15:20,585	[DEBUG]	patch(21)="SrcmlStmtReplacement(('triangle.c.xml', 'stmt', 3), ('triangle.c.xml', 'stmt', 8)) | SrcmlStmtInsertion(('triangle.c.xml', '_inter_block', 8), ('triangle.c.xml', 'stmt', 6))"
2024-06-05 12:15:20,765	[INFO]	22      TEST_CODE_ERROR       None (--) [2 edit(s)]  
2024-06-05 12:15:20,765	[DEBUG]	patch(22)="SrcmlStmtReplacement(('triangle.c.xml', 'stmt', 3), ('triangle.c.xml', 'stmt', 8)) | SrcmlStmtReplacement(('triangle.c.xml', 'stmt', 6), ('triangle.c.xml', 'stmt', 3))"
2024-06-05 12:15:20,879	[DEBUG]	EXEC>  SUCCESS 0.0079
2024-06-05 12:15:20,879	[INFO]	23      SUCCESS              *0.007900 (10.10%) [2 edit(s)]  
2024-06-05 12:15:20,879	[DEBUG]	patch(23)="SrcmlStmtReplacement(('triangle.c.xml', 'stmt', 3), ('triangle.c.xml', 'stmt', 8)) | SrcmlStmtInsertion(('triangle.c.xml', '_inter_block', 2), ('triangle.c.xml', 'stmt', 19))"
--- before: triangle.c
+++ after: triangle.c
@@ -2,13 +2,18 @@
 
 void delay() {
   const struct timespec ms = {0, 0.001*1e9}; //tv_sec=0, tv_nsec (0.001 seconds)
-  nanosleep(&ms,NULL); /*ignores possible errors*/
+  nanosleep(&ms,NULL);
+  return EQUILATERAL; /*ignores possible errors*/
 }
 
 int classify_triangle(double a, double b, double c) {
   double tmp;
 
-  delay();
+  if(a > c) {
+    tmp = a;
+    a = c;
+    c = tmp;
+  }
 
   // Sort the sides so that a <= b <= c
   if(a > b) {

2024-06-05 12:15:20,879	[INFO]	24      SUCCESS               0.008400 (10.74%) [1 edit(s)] [cached] 
2024-06-05 12:15:20,879	[DEBUG]	patch(24)="SrcmlStmtReplacement(('triangle.c.xml', 'stmt', 3), ('triangle.c.xml', 'stmt', 8))"
2024-06-05 12:15:21,197	[DEBUG]	EXEC>  SUCCESS 0.0841
2024-06-05 12:15:21,198	[INFO]	25      SUCCESS               0.084100 (107.54%) [1 edit(s)]  
2024-06-05 12:15:21,198	[DEBUG]	patch(25)="SrcmlStmtInsertion(('triangle.c.xml', '_inter_block', 2), ('triangle.c.xml', 'stmt', 19))"
2024-06-05 12:15:21,399	[DEBUG]	EXEC>  SUCCESS 0.0147
2024-06-05 12:15:21,399	[INFO]	26      SUCCESS               0.014700 (18.80%) [3 edit(s)]  
2024-06-05 12:15:21,399	[DEBUG]	patch(26)="SrcmlStmtReplacement(('triangle.c.xml', 'stmt', 3), ('triangle.c.xml', 'stmt', 8)) | SrcmlStmtInsertion(('triangle.c.xml', '_inter_block', 2), ('triangle.c.xml', 'stmt', 19)) | SrcmlStmtInsertion(('triangle.c.xml', '_inter_block', 33), ('triangle.c.xml', 'stmt', 11))"
2024-06-05 12:15:21,592	[INFO]	27      TEST_CODE_ERROR       None (--) [3 edit(s)]  
2024-06-05 12:15:21,592	[DEBUG]	patch(27)="SrcmlStmtReplacement(('triangle.c.xml', 'stmt', 3), ('triangle.c.xml', 'stmt', 8)) | SrcmlStmtInsertion(('triangle.c.xml', '_inter_block', 2), ('triangle.c.xml', 'stmt', 19)) | SrcmlStmtDeletion(('triangle.c.xml', 'stmt', 13))"
2024-06-05 12:15:21,622	[INFO]	28      COMPILE_CODE_ERROR    None (--) [3 edit(s)]  
2024-06-05 12:15:21,622	[DEBUG]	patch(28)="SrcmlStmtReplacement(('triangle.c.xml', 'stmt', 3), ('triangle.c.xml', 'stmt', 8)) | SrcmlStmtInsertion(('triangle.c.xml', '_inter_block', 2), ('triangle.c.xml', 'stmt', 19)) | SrcmlStmtInsertion(('triangle.c.xml', '_inter_block', 14), ('triangle.c.xml', 'stmt', 2))"
2024-06-05 12:15:21,794	[INFO]	29      TEST_CODE_ERROR       None (--) [3 edit(s)]  
2024-06-05 12:15:21,794	[DEBUG]	patch(29)="SrcmlStmtReplacement(('triangle.c.xml', 'stmt', 3), ('triangle.c.xml', 'stmt', 8)) | SrcmlStmtInsertion(('triangle.c.xml', '_inter_block', 2), ('triangle.c.xml', 'stmt', 19)) | SrcmlStmtReplacement(('triangle.c.xml', 'stmt', 6), ('triangle.c.xml', 'stmt', 18))"
2024-06-05 12:15:21,976	[INFO]	30      TEST_CODE_ERROR       None (--) [3 edit(s)]  
2024-06-05 12:15:21,976	[DEBUG]	patch(30)="SrcmlStmtReplacement(('triangle.c.xml', 'stmt', 3), ('triangle.c.xml', 'stmt', 8)) | SrcmlStmtInsertion(('triangle.c.xml', '_inter_block', 2), ('triangle.c.xml', 'stmt', 19)) | SrcmlStmtReplacement(('triangle.c.xml', 'stmt', 7), ('triangle.c.xml', 'stmt', 0))"
2024-06-05 12:15:22,177	[INFO]	31      TEST_CODE_ERROR       None (--) [3 edit(s)]  
2024-06-05 12:15:22,177	[DEBUG]	patch(31)="SrcmlStmtReplacement(('triangle.c.xml', 'stmt', 3), ('triangle.c.xml', 'stmt', 8)) | SrcmlStmtInsertion(('triangle.c.xml', '_inter_block', 2), ('triangle.c.xml', 'stmt', 19)) | SrcmlStmtReplacement(('triangle.c.xml', 'stmt', 14), ('triangle.c.xml', 'stmt', 0))"
2024-06-05 12:15:22,371	[INFO]	32      TEST_CODE_ERROR       None (--) [3 edit(s)]  
2024-06-05 12:15:22,371	[DEBUG]	patch(32)="SrcmlStmtReplacement(('triangle.c.xml', 'stmt', 3), ('triangle.c.xml', 'stmt', 8)) | SrcmlStmtInsertion(('triangle.c.xml', '_inter_block', 2), ('triangle.c.xml', 'stmt', 19)) | SrcmlStmtDeletion(('triangle.c.xml', 'stmt', 17))"
2024-06-05 12:15:22,575	[INFO]	33      TEST_CODE_ERROR       None (--) [3 edit(s)]  
2024-06-05 12:15:22,575	[DEBUG]	patch(33)="SrcmlStmtReplacement(('triangle.c.xml', 'stmt', 3), ('triangle.c.xml', 'stmt', 8)) | SrcmlStmtInsertion(('triangle.c.xml', '_inter_block', 2), ('triangle.c.xml', 'stmt', 19)) | SrcmlStmtReplacement(('triangle.c.xml', 'stmt', 5), ('triangle.c.xml', 'stmt', 7))"
2024-06-05 12:15:22,776	[INFO]	34      TEST_CODE_ERROR       None (--) [3 edit(s)]  
2024-06-05 12:15:22,776	[DEBUG]	patch(34)="SrcmlStmtReplacement(('triangle.c.xml', 'stmt', 3), ('triangle.c.xml', 'stmt', 8)) | SrcmlStmtInsertion(('triangle.c.xml', '_inter_block', 2), ('triangle.c.xml', 'stmt', 19)) | SrcmlStmtDeletion(('triangle.c.xml', 'stmt', 5))"
2024-06-05 12:15:23,013	[DEBUG]	EXEC>  SUCCESS 0.0147
2024-06-05 12:15:23,013	[INFO]	35      SUCCESS               0.014700 (18.80%) [3 edit(s)]  
2024-06-05 12:15:23,013	[DEBUG]	patch(35)="SrcmlStmtReplacement(('triangle.c.xml', 'stmt', 3), ('triangle.c.xml', 'stmt', 8)) | SrcmlStmtInsertion(('triangle.c.xml', '_inter_block', 2), ('triangle.c.xml', 'stmt', 19)) | SrcmlStmtInsertion(('triangle.c.xml', '_inter_block', 31), ('triangle.c.xml', 'stmt', 18))"
2024-06-05 12:15:23,238	[DEBUG]	EXEC>  SUCCESS 0.0147
2024-06-05 12:15:23,239	[INFO]	36      SUCCESS               0.014700 (18.80%) [3 edit(s)]  
2024-06-05 12:15:23,239	[DEBUG]	patch(36)="SrcmlStmtReplacement(('triangle.c.xml', 'stmt', 3), ('triangle.c.xml', 'stmt', 8)) | SrcmlStmtInsertion(('triangle.c.xml', '_inter_block', 2), ('triangle.c.xml', 'stmt', 19)) | SrcmlStmtDeletion(('triangle.c.xml', 'stmt', 8))"
2024-06-05 12:15:23,382	[INFO]	37      TEST_CODE_ERROR       None (--) [3 edit(s)]  
2024-06-05 12:15:23,383	[DEBUG]	patch(37)="SrcmlStmtReplacement(('triangle.c.xml', 'stmt', 3), ('triangle.c.xml', 'stmt', 8)) | SrcmlStmtInsertion(('triangle.c.xml', '_inter_block', 2), ('triangle.c.xml', 'stmt', 19)) | SrcmlStmtReplacement(('triangle.c.xml', 'stmt', 13), ('triangle.c.xml', 'stmt', 20))"
2024-06-05 12:15:23,384	[INFO]	38      SUCCESS               0.014700 (18.80%) [3 edit(s)] [cached] 
2024-06-05 12:15:23,384	[DEBUG]	patch(38)="SrcmlStmtReplacement(('triangle.c.xml', 'stmt', 3), ('triangle.c.xml', 'stmt', 8)) | SrcmlStmtInsertion(('triangle.c.xml', '_inter_block', 2), ('triangle.c.xml', 'stmt', 19)) | SrcmlStmtDeletion(('triangle.c.xml', 'stmt', 8))"
2024-06-05 12:15:23,386	[INFO]	39      TEST_CODE_ERROR       None (--) [3 edit(s)] [cached] 
2024-06-05 12:15:23,386	[DEBUG]	patch(39)="SrcmlStmtReplacement(('triangle.c.xml', 'stmt', 3), ('triangle.c.xml', 'stmt', 8)) | SrcmlStmtInsertion(('triangle.c.xml', '_inter_block', 2), ('triangle.c.xml', 'stmt', 19)) | SrcmlStmtDeletion(('triangle.c.xml', 'stmt', 17))"
2024-06-05 12:15:23,530	[INFO]	40      TEST_CODE_ERROR       None (--) [3 edit(s)]  
2024-06-05 12:15:23,530	[DEBUG]	patch(40)="SrcmlStmtReplacement(('triangle.c.xml', 'stmt', 3), ('triangle.c.xml', 'stmt', 8)) | SrcmlStmtInsertion(('triangle.c.xml', '_inter_block', 2), ('triangle.c.xml', 'stmt', 19)) | SrcmlStmtDeletion(('triangle.c.xml', 'stmt', 18))"
2024-06-05 12:15:23,686	[INFO]	41      TEST_CODE_ERROR       None (--) [3 edit(s)]  
2024-06-05 12:15:23,686	[DEBUG]	patch(41)="SrcmlStmtReplacement(('triangle.c.xml', 'stmt', 3), ('triangle.c.xml', 'stmt', 8)) | SrcmlStmtInsertion(('triangle.c.xml', '_inter_block', 2), ('triangle.c.xml', 'stmt', 19)) | SrcmlStmtReplacement(('triangle.c.xml', 'stmt', 16), ('triangle.c.xml', 'stmt', 14))"
2024-06-05 12:15:23,857	[INFO]	42      TEST_CODE_ERROR       None (--) [3 edit(s)]  
2024-06-05 12:15:23,857	[DEBUG]	patch(42)="SrcmlStmtReplacement(('triangle.c.xml', 'stmt', 3), ('triangle.c.xml', 'stmt', 8)) | SrcmlStmtInsertion(('triangle.c.xml', '_inter_block', 2), ('triangle.c.xml', 'stmt', 19)) | SrcmlStmtDeletion(('triangle.c.xml', 'stmt', 12))"
2024-06-05 12:15:24,022	[INFO]	43      TEST_CODE_ERROR       None (--) [3 edit(s)]  
2024-06-05 12:15:24,022	[DEBUG]	patch(43)="SrcmlStmtReplacement(('triangle.c.xml', 'stmt', 3), ('triangle.c.xml', 'stmt', 8)) | SrcmlStmtInsertion(('triangle.c.xml', '_inter_block', 2), ('triangle.c.xml', 'stmt', 19)) | SrcmlStmtInsertion(('triangle.c.xml', '_inter_block', 12), ('triangle.c.xml', 'stmt', 20))"
2024-06-05 12:15:24,024	[INFO]	44      TEST_CODE_ERROR       None (--) [3 edit(s)] [cached] 
2024-06-05 12:15:24,024	[DEBUG]	patch(44)="SrcmlStmtReplacement(('triangle.c.xml', 'stmt', 3), ('triangle.c.xml', 'stmt', 8)) | SrcmlStmtInsertion(('triangle.c.xml', '_inter_block', 2), ('triangle.c.xml', 'stmt', 19)) | SrcmlStmtDeletion(('triangle.c.xml', 'stmt', 18))"
2024-06-05 12:15:24,065	[INFO]	45      COMPILE_CODE_ERROR    None (--) [3 edit(s)]  
2024-06-05 12:15:24,065	[DEBUG]	patch(45)="SrcmlStmtReplacement(('triangle.c.xml', 'stmt', 3), ('triangle.c.xml', 'stmt', 8)) | SrcmlStmtInsertion(('triangle.c.xml', '_inter_block', 2), ('triangle.c.xml', 'stmt', 19)) | SrcmlStmtReplacement(('triangle.c.xml', 'stmt', 16), ('triangle.c.xml', 'stmt', 2))"
2024-06-05 12:15:24,263	[INFO]	46      TEST_CODE_ERROR       None (--) [3 edit(s)]  
2024-06-05 12:15:24,263	[DEBUG]	patch(46)="SrcmlStmtReplacement(('triangle.c.xml', 'stmt', 3), ('triangle.c.xml', 'stmt', 8)) | SrcmlStmtInsertion(('triangle.c.xml', '_inter_block', 2), ('triangle.c.xml', 'stmt', 19)) | SrcmlStmtReplacement(('triangle.c.xml', 'stmt', 3), ('triangle.c.xml', 'stmt', 17))"
2024-06-05 12:15:24,455	[INFO]	47      TEST_CODE_ERROR       None (--) [3 edit(s)]  
2024-06-05 12:15:24,455	[DEBUG]	patch(47)="SrcmlStmtReplacement(('triangle.c.xml', 'stmt', 3), ('triangle.c.xml', 'stmt', 8)) | SrcmlStmtInsertion(('triangle.c.xml', '_inter_block', 2), ('triangle.c.xml', 'stmt', 19)) | SrcmlStmtReplacement(('triangle.c.xml', 'stmt', 19), ('triangle.c.xml', 'stmt', 21))"
2024-06-05 12:15:24,490	[INFO]	48      COMPILE_CODE_ERROR    None (--) [3 edit(s)]  
2024-06-05 12:15:24,490	[DEBUG]	patch(48)="SrcmlStmtReplacement(('triangle.c.xml', 'stmt', 3), ('triangle.c.xml', 'stmt', 8)) | SrcmlStmtInsertion(('triangle.c.xml', '_inter_block', 2), ('triangle.c.xml', 'stmt', 19)) | SrcmlStmtReplacement(('triangle.c.xml', 'stmt', 2), ('triangle.c.xml', 'stmt', 8))"
2024-06-05 12:15:24,680	[INFO]	49      TEST_CODE_ERROR       None (--) [3 edit(s)]  
2024-06-05 12:15:24,680	[DEBUG]	patch(49)="SrcmlStmtReplacement(('triangle.c.xml', 'stmt', 3), ('triangle.c.xml', 'stmt', 8)) | SrcmlStmtInsertion(('triangle.c.xml', '_inter_block', 2), ('triangle.c.xml', 'stmt', 19)) | SrcmlStmtReplacement(('triangle.c.xml', 'stmt', 5), ('triangle.c.xml', 'stmt', 19))"
2024-06-05 12:15:24,682	[INFO]	50      TEST_CODE_ERROR       None (--) [3 edit(s)] [cached] 
2024-06-05 12:15:24,682	[DEBUG]	patch(50)="SrcmlStmtReplacement(('triangle.c.xml', 'stmt', 3), ('triangle.c.xml', 'stmt', 8)) | SrcmlStmtInsertion(('triangle.c.xml', '_inter_block', 2), ('triangle.c.xml', 'stmt', 19)) | SrcmlStmtDeletion(('triangle.c.xml', 'stmt', 5))"
2024-06-05 12:15:24,882	[INFO]	51      TEST_CODE_ERROR       None (--) [3 edit(s)]  
2024-06-05 12:15:24,882	[DEBUG]	patch(51)="SrcmlStmtReplacement(('triangle.c.xml', 'stmt', 3), ('triangle.c.xml', 'stmt', 8)) | SrcmlStmtInsertion(('triangle.c.xml', '_inter_block', 2), ('triangle.c.xml', 'stmt', 19)) | SrcmlStmtReplacement(('triangle.c.xml', 'stmt', 13), ('triangle.c.xml', 'stmt', 4))"
2024-06-05 12:15:25,103	[DEBUG]	EXEC>  SUCCESS 0.0143
2024-06-05 12:15:25,104	[INFO]	52      SUCCESS               0.014300 (18.29%) [3 edit(s)]  
2024-06-05 12:15:25,104	[DEBUG]	patch(52)="SrcmlStmtReplacement(('triangle.c.xml', 'stmt', 3), ('triangle.c.xml', 'stmt', 8)) | SrcmlStmtInsertion(('triangle.c.xml', '_inter_block', 2), ('triangle.c.xml', 'stmt', 19)) | SrcmlStmtInsertion(('triangle.c.xml', '_inter_block', 32), ('triangle.c.xml', 'stmt', 5))"
2024-06-05 12:15:25,257	[INFO]	53      TEST_CODE_ERROR       None (--) [3 edit(s)]  
2024-06-05 12:15:25,257	[DEBUG]	patch(53)="SrcmlStmtReplacement(('triangle.c.xml', 'stmt', 3), ('triangle.c.xml', 'stmt', 8)) | SrcmlStmtInsertion(('triangle.c.xml', '_inter_block', 2), ('triangle.c.xml', 'stmt', 19)) | SrcmlStmtReplacement(('triangle.c.xml', 'stmt', 22), ('triangle.c.xml', 'stmt', 9))"
2024-06-05 12:15:25,381	[INFO]	54      TEST_CODE_ERROR       None (--) [3 edit(s)]  
2024-06-05 12:15:25,382	[DEBUG]	patch(54)="SrcmlStmtReplacement(('triangle.c.xml', 'stmt', 3), ('triangle.c.xml', 'stmt', 8)) | SrcmlStmtInsertion(('triangle.c.xml', '_inter_block', 2), ('triangle.c.xml', 'stmt', 19)) | SrcmlStmtInsertion(('triangle.c.xml', '_inter_block', 21), ('triangle.c.xml', 'stmt', 20))"
2024-06-05 12:15:25,496	[INFO]	55      TEST_CODE_ERROR       None (--) [3 edit(s)]  
2024-06-05 12:15:25,496	[DEBUG]	patch(55)="SrcmlStmtReplacement(('triangle.c.xml', 'stmt', 3), ('triangle.c.xml', 'stmt', 8)) | SrcmlStmtInsertion(('triangle.c.xml', '_inter_block', 2), ('triangle.c.xml', 'stmt', 19)) | SrcmlStmtInsertion(('triangle.c.xml', '_inter_block', 19), ('triangle.c.xml', 'stmt', 7))"
2024-06-05 12:15:25,661	[DEBUG]	EXEC>  SUCCESS 0.0107
2024-06-05 12:15:25,661	[INFO]	56      SUCCESS               0.010700 (13.68%) [3 edit(s)]  
2024-06-05 12:15:25,662	[DEBUG]	patch(56)="SrcmlStmtReplacement(('triangle.c.xml', 'stmt', 3), ('triangle.c.xml', 'stmt', 8)) | SrcmlStmtInsertion(('triangle.c.xml', '_inter_block', 2), ('triangle.c.xml', 'stmt', 19)) | SrcmlStmtReplacement(('triangle.c.xml', 'stmt', 11), ('triangle.c.xml', 'stmt', 13))"
2024-06-05 12:15:25,798	[DEBUG]	EXEC>  SUCCESS 0.0136
2024-06-05 12:15:25,799	[INFO]	57      SUCCESS               0.013600 (17.39%) [3 edit(s)]  
2024-06-05 12:15:25,799	[DEBUG]	patch(57)="SrcmlStmtReplacement(('triangle.c.xml', 'stmt', 3), ('triangle.c.xml', 'stmt', 8)) | SrcmlStmtInsertion(('triangle.c.xml', '_inter_block', 2), ('triangle.c.xml', 'stmt', 19)) | SrcmlStmtInsertion(('triangle.c.xml', '_inter_block', 35), ('triangle.c.xml', 'stmt', 3))"
2024-06-05 12:15:25,947	[DEBUG]	EXEC>  SUCCESS 0.0083
2024-06-05 12:15:25,948	[INFO]	58      SUCCESS               0.008300 (10.61%) [3 edit(s)]  
2024-06-05 12:15:25,948	[DEBUG]	patch(58)="SrcmlStmtReplacement(('triangle.c.xml', 'stmt', 3), ('triangle.c.xml', 'stmt', 8)) | SrcmlStmtInsertion(('triangle.c.xml', '_inter_block', 2), ('triangle.c.xml', 'stmt', 19)) | SrcmlStmtDeletion(('triangle.c.xml', 'stmt', 3))"
2024-06-05 12:15:26,087	[INFO]	59      TEST_CODE_ERROR       None (--) [3 edit(s)]  
2024-06-05 12:15:26,087	[DEBUG]	patch(59)="SrcmlStmtReplacement(('triangle.c.xml', 'stmt', 3), ('triangle.c.xml', 'stmt', 8)) | SrcmlStmtInsertion(('triangle.c.xml', '_inter_block', 2), ('triangle.c.xml', 'stmt', 19)) | SrcmlStmtDeletion(('triangle.c.xml', 'stmt', 19))"
2024-06-05 12:15:26,263	[DEBUG]	EXEC>  SUCCESS 0.0146
2024-06-05 12:15:26,263	[INFO]	60      SUCCESS               0.014600 (18.67%) [3 edit(s)]  
2024-06-05 12:15:26,263	[DEBUG]	patch(60)="SrcmlStmtReplacement(('triangle.c.xml', 'stmt', 3), ('triangle.c.xml', 'stmt', 8)) | SrcmlStmtInsertion(('triangle.c.xml', '_inter_block', 2), ('triangle.c.xml', 'stmt', 19)) | SrcmlStmtDeletion(('triangle.c.xml', 'stmt', 1))"
2024-06-05 12:15:26,294	[INFO]	61      COMPILE_CODE_ERROR    None (--) [3 edit(s)]  
2024-06-05 12:15:26,294	[DEBUG]	patch(61)="SrcmlStmtReplacement(('triangle.c.xml', 'stmt', 3), ('triangle.c.xml', 'stmt', 8)) | SrcmlStmtInsertion(('triangle.c.xml', '_inter_block', 2), ('triangle.c.xml', 'stmt', 19)) | SrcmlStmtReplacement(('triangle.c.xml', 'stmt', 0), ('triangle.c.xml', 'stmt', 1))"
2024-06-05 12:15:26,326	[INFO]	62      COMPILE_CODE_ERROR    None (--) [3 edit(s)]  
2024-06-05 12:15:26,327	[DEBUG]	patch(62)="SrcmlStmtReplacement(('triangle.c.xml', 'stmt', 3), ('triangle.c.xml', 'stmt', 8)) | SrcmlStmtInsertion(('triangle.c.xml', '_inter_block', 2), ('triangle.c.xml', 'stmt', 19)) | SrcmlStmtInsertion(('triangle.c.xml', '_inter_block', 31), ('triangle.c.xml', 'stmt', 1))"
2024-06-05 12:15:26,440	[DEBUG]	EXEC>  SUCCESS 0.0084
2024-06-05 12:15:26,440	[INFO]	63      SUCCESS               0.008400 (10.74%) [3 edit(s)]  
2024-06-05 12:15:26,440	[DEBUG]	patch(63)="SrcmlStmtReplacement(('triangle.c.xml', 'stmt', 3), ('triangle.c.xml', 'stmt', 8)) | SrcmlStmtInsertion(('triangle.c.xml', '_inter_block', 2), ('triangle.c.xml', 'stmt', 19)) | SrcmlStmtDeletion(('triangle.c.xml', 'stmt', 4))"
2024-06-05 12:15:26,544	[INFO]	64      TEST_CODE_ERROR       None (--) [3 edit(s)]  
2024-06-05 12:15:26,544	[DEBUG]	patch(64)="SrcmlStmtReplacement(('triangle.c.xml', 'stmt', 3), ('triangle.c.xml', 'stmt', 8)) | SrcmlStmtInsertion(('triangle.c.xml', '_inter_block', 2), ('triangle.c.xml', 'stmt', 19)) | SrcmlStmtReplacement(('triangle.c.xml', 'stmt', 5), ('triangle.c.xml', 'stmt', 3))"
2024-06-05 12:15:26,653	[INFO]	65      TEST_CODE_ERROR       None (--) [3 edit(s)]  
2024-06-05 12:15:26,653	[DEBUG]	patch(65)="SrcmlStmtReplacement(('triangle.c.xml', 'stmt', 3), ('triangle.c.xml', 'stmt', 8)) | SrcmlStmtInsertion(('triangle.c.xml', '_inter_block', 2), ('triangle.c.xml', 'stmt', 19)) | SrcmlStmtDeletion(('triangle.c.xml', 'stmt', 14))"
2024-06-05 12:15:26,757	[INFO]	66      TEST_CODE_ERROR       None (--) [3 edit(s)]  
2024-06-05 12:15:26,757	[DEBUG]	patch(66)="SrcmlStmtReplacement(('triangle.c.xml', 'stmt', 3), ('triangle.c.xml', 'stmt', 8)) | SrcmlStmtInsertion(('triangle.c.xml', '_inter_block', 2), ('triangle.c.xml', 'stmt', 19)) | SrcmlStmtReplacement(('triangle.c.xml', 'stmt', 4), ('triangle.c.xml', 'stmt', 21))"
2024-06-05 12:15:26,776	[INFO]	67      COMPILE_CODE_ERROR    None (--) [3 edit(s)]  
2024-06-05 12:15:26,776	[DEBUG]	patch(67)="SrcmlStmtReplacement(('triangle.c.xml', 'stmt', 3), ('triangle.c.xml', 'stmt', 8)) | SrcmlStmtInsertion(('triangle.c.xml', '_inter_block', 2), ('triangle.c.xml', 'stmt', 19)) | SrcmlStmtInsertion(('triangle.c.xml', '_inter_block', 7), ('triangle.c.xml', 'stmt', 21))"
2024-06-05 12:15:26,879	[INFO]	68      TEST_CODE_ERROR       None (--) [3 edit(s)]  
2024-06-05 12:15:26,879	[DEBUG]	patch(68)="SrcmlStmtReplacement(('triangle.c.xml', 'stmt', 3), ('triangle.c.xml', 'stmt', 8)) | SrcmlStmtInsertion(('triangle.c.xml', '_inter_block', 2), ('triangle.c.xml', 'stmt', 19)) | SrcmlStmtReplacement(('triangle.c.xml', 'stmt', 13), ('triangle.c.xml', 'stmt', 17))"
2024-06-05 12:15:27,031	[DEBUG]	EXEC>  SUCCESS 0.0084
2024-06-05 12:15:27,031	[INFO]	69      SUCCESS               0.008400 (10.74%) [3 edit(s)]  
2024-06-05 12:15:27,031	[DEBUG]	patch(69)="SrcmlStmtReplacement(('triangle.c.xml', 'stmt', 3), ('triangle.c.xml', 'stmt', 8)) | SrcmlStmtInsertion(('triangle.c.xml', '_inter_block', 2), ('triangle.c.xml', 'stmt', 19)) | SrcmlStmtInsertion(('triangle.c.xml', '_inter_block', 18), ('triangle.c.xml', 'stmt', 20))"
2024-06-05 12:15:27,200	[DEBUG]	EXEC>  SUCCESS 0.0085
2024-06-05 12:15:27,200	[INFO]	70      SUCCESS               0.008500 (10.87%) [3 edit(s)]  
2024-06-05 12:15:27,200	[DEBUG]	patch(70)="SrcmlStmtReplacement(('triangle.c.xml', 'stmt', 3), ('triangle.c.xml', 'stmt', 8)) | SrcmlStmtInsertion(('triangle.c.xml', '_inter_block', 2), ('triangle.c.xml', 'stmt', 19)) | SrcmlStmtInsertion(('triangle.c.xml', '_inter_block', 23), ('triangle.c.xml', 'stmt', 12))"
2024-06-05 12:15:27,362	[DEBUG]	EXEC>  SUCCESS 0.0085
2024-06-05 12:15:27,362	[INFO]	71      SUCCESS               0.008500 (10.87%) [3 edit(s)]  
2024-06-05 12:15:27,362	[DEBUG]	patch(71)="SrcmlStmtReplacement(('triangle.c.xml', 'stmt', 3), ('triangle.c.xml', 'stmt', 8)) | SrcmlStmtInsertion(('triangle.c.xml', '_inter_block', 2), ('triangle.c.xml', 'stmt', 19)) | SrcmlStmtInsertion(('triangle.c.xml', '_inter_block', 12), ('triangle.c.xml', 'stmt', 5))"
2024-06-05 12:15:27,533	[INFO]	72      TEST_CODE_ERROR       None (--) [3 edit(s)]  
2024-06-05 12:15:27,534	[DEBUG]	patch(72)="SrcmlStmtReplacement(('triangle.c.xml', 'stmt', 3), ('triangle.c.xml', 'stmt', 8)) | SrcmlStmtInsertion(('triangle.c.xml', '_inter_block', 2), ('triangle.c.xml', 'stmt', 19)) | SrcmlStmtDeletion(('triangle.c.xml', 'stmt', 16))"
2024-06-05 12:15:27,740	[DEBUG]	EXEC>  SUCCESS 0.0146
2024-06-05 12:15:27,740	[INFO]	73      SUCCESS               0.014600 (18.67%) [3 edit(s)]  
2024-06-05 12:15:27,740	[DEBUG]	patch(73)="SrcmlStmtReplacement(('triangle.c.xml', 'stmt', 3), ('triangle.c.xml', 'stmt', 8)) | SrcmlStmtInsertion(('triangle.c.xml', '_inter_block', 2), ('triangle.c.xml', 'stmt', 19)) | SrcmlStmtReplacement(('triangle.c.xml', 'stmt', 11), ('triangle.c.xml', 'stmt', 17))"
2024-06-05 12:15:27,743	[INFO]	74      SUCCESS               0.014300 (18.29%) [3 edit(s)] [cached] 
2024-06-05 12:15:27,743	[DEBUG]	patch(74)="SrcmlStmtReplacement(('triangle.c.xml', 'stmt', 3), ('triangle.c.xml', 'stmt', 8)) | SrcmlStmtInsertion(('triangle.c.xml', '_inter_block', 2), ('triangle.c.xml', 'stmt', 19)) | SrcmlStmtInsertion(('triangle.c.xml', '_inter_block', 32), ('triangle.c.xml', 'stmt', 5))"
2024-06-05 12:15:27,980	[DEBUG]	EXEC>  SUCCESS 0.0146
2024-06-05 12:15:27,980	[INFO]	75      SUCCESS               0.014600 (18.67%) [3 edit(s)]  
2024-06-05 12:15:27,980	[DEBUG]	patch(75)="SrcmlStmtReplacement(('triangle.c.xml', 'stmt', 3), ('triangle.c.xml', 'stmt', 8)) | SrcmlStmtInsertion(('triangle.c.xml', '_inter_block', 2), ('triangle.c.xml', 'stmt', 19)) | SrcmlStmtReplacement(('triangle.c.xml', 'stmt', 10), ('triangle.c.xml', 'stmt', 3))"
2024-06-05 12:15:28,210	[DEBUG]	EXEC>  SUCCESS 0.0144
2024-06-05 12:15:28,210	[INFO]	76      SUCCESS               0.014400 (18.41%) [3 edit(s)]  
2024-06-05 12:15:28,210	[DEBUG]	patch(76)="SrcmlStmtReplacement(('triangle.c.xml', 'stmt', 3), ('triangle.c.xml', 'stmt', 8)) | SrcmlStmtInsertion(('triangle.c.xml', '_inter_block', 2), ('triangle.c.xml', 'stmt', 19)) | SrcmlStmtReplacement(('triangle.c.xml', 'stmt', 3), ('triangle.c.xml', 'stmt', 16))"
2024-06-05 12:15:28,447	[DEBUG]	EXEC>  SUCCESS 0.0147
2024-06-05 12:15:28,448	[INFO]	77      SUCCESS               0.014700 (18.80%) [3 edit(s)]  
2024-06-05 12:15:28,448	[DEBUG]	patch(77)="SrcmlStmtReplacement(('triangle.c.xml', 'stmt', 3), ('triangle.c.xml', 'stmt', 8)) | SrcmlStmtInsertion(('triangle.c.xml', '_inter_block', 2), ('triangle.c.xml', 'stmt', 19)) | SrcmlStmtInsertion(('triangle.c.xml', '_inter_block', 28), ('triangle.c.xml', 'stmt', 15))"
2024-06-05 12:15:28,450	[INFO]	78      TEST_CODE_ERROR       None (--) [3 edit(s)] [cached] 
2024-06-05 12:15:28,450	[DEBUG]	patch(78)="SrcmlStmtReplacement(('triangle.c.xml', 'stmt', 3), ('triangle.c.xml', 'stmt', 8)) | SrcmlStmtInsertion(('triangle.c.xml', '_inter_block', 2), ('triangle.c.xml', 'stmt', 19)) | SrcmlStmtDeletion(('triangle.c.xml', 'stmt', 5))"
2024-06-05 12:15:28,639	[DEBUG]	EXEC>  SUCCESS 0.0147
2024-06-05 12:15:28,639	[INFO]	79      SUCCESS               0.014700 (18.80%) [3 edit(s)]  
2024-06-05 12:15:28,639	[DEBUG]	patch(79)="SrcmlStmtReplacement(('triangle.c.xml', 'stmt', 3), ('triangle.c.xml', 'stmt', 8)) | SrcmlStmtInsertion(('triangle.c.xml', '_inter_block', 2), ('triangle.c.xml', 'stmt', 19)) | SrcmlStmtReplacement(('triangle.c.xml', 'stmt', 1), ('triangle.c.xml', 'stmt', 2))"
2024-06-05 12:15:28,670	[INFO]	80      COMPILE_CODE_ERROR    None (--) [3 edit(s)]  
2024-06-05 12:15:28,671	[DEBUG]	patch(80)="SrcmlStmtReplacement(('triangle.c.xml', 'stmt', 3), ('triangle.c.xml', 'stmt', 8)) | SrcmlStmtInsertion(('triangle.c.xml', '_inter_block', 2), ('triangle.c.xml', 'stmt', 19)) | SrcmlStmtInsertion(('triangle.c.xml', '_inter_block', 3), ('triangle.c.xml', 'stmt', 5))"
2024-06-05 12:15:28,817	[INFO]	81      TEST_CODE_ERROR       None (--) [3 edit(s)]  
2024-06-05 12:15:28,818	[DEBUG]	patch(81)="SrcmlStmtReplacement(('triangle.c.xml', 'stmt', 3), ('triangle.c.xml', 'stmt', 8)) | SrcmlStmtInsertion(('triangle.c.xml', '_inter_block', 2), ('triangle.c.xml', 'stmt', 19)) | SrcmlStmtReplacement(('triangle.c.xml', 'stmt', 15), ('triangle.c.xml', 'stmt', 0))"
2024-06-05 12:15:28,858	[INFO]	82      COMPILE_CODE_ERROR    None (--) [3 edit(s)]  
2024-06-05 12:15:28,858	[DEBUG]	patch(82)="SrcmlStmtReplacement(('triangle.c.xml', 'stmt', 3), ('triangle.c.xml', 'stmt', 8)) | SrcmlStmtInsertion(('triangle.c.xml', '_inter_block', 2), ('triangle.c.xml', 'stmt', 19)) | SrcmlStmtInsertion(('triangle.c.xml', '_inter_block', 5), ('triangle.c.xml', 'stmt', 16))"
2024-06-05 12:15:29,000	[INFO]	83      TEST_CODE_ERROR       None (--) [3 edit(s)]  
2024-06-05 12:15:29,000	[DEBUG]	patch(83)="SrcmlStmtReplacement(('triangle.c.xml', 'stmt', 3), ('triangle.c.xml', 'stmt', 8)) | SrcmlStmtInsertion(('triangle.c.xml', '_inter_block', 2), ('triangle.c.xml', 'stmt', 19)) | SrcmlStmtReplacement(('triangle.c.xml', 'stmt', 4), ('triangle.c.xml', 'stmt', 6))"
2024-06-05 12:15:29,124	[INFO]	84      TEST_CODE_ERROR       None (--) [3 edit(s)]  
2024-06-05 12:15:29,125	[DEBUG]	patch(84)="SrcmlStmtReplacement(('triangle.c.xml', 'stmt', 3), ('triangle.c.xml', 'stmt', 8)) | SrcmlStmtInsertion(('triangle.c.xml', '_inter_block', 2), ('triangle.c.xml', 'stmt', 19)) | SrcmlStmtReplacement(('triangle.c.xml', 'stmt', 7), ('triangle.c.xml', 'stmt', 9))"
2024-06-05 12:15:29,308	[DEBUG]	EXEC>  SUCCESS 0.0149
2024-06-05 12:15:29,308	[INFO]	85      SUCCESS               0.014900 (19.05%) [3 edit(s)]  
2024-06-05 12:15:29,309	[DEBUG]	patch(85)="SrcmlStmtReplacement(('triangle.c.xml', 'stmt', 3), ('triangle.c.xml', 'stmt', 8)) | SrcmlStmtInsertion(('triangle.c.xml', '_inter_block', 2), ('triangle.c.xml', 'stmt', 19)) | SrcmlStmtReplacement(('triangle.c.xml', 'stmt', 11), ('triangle.c.xml', 'stmt', 5))"
2024-06-05 12:15:29,349	[INFO]	86      COMPILE_CODE_ERROR    None (--) [3 edit(s)]  
2024-06-05 12:15:29,349	[DEBUG]	patch(86)="SrcmlStmtReplacement(('triangle.c.xml', 'stmt', 3), ('triangle.c.xml', 'stmt', 8)) | SrcmlStmtInsertion(('triangle.c.xml', '_inter_block', 2), ('triangle.c.xml', 'stmt', 19)) | SrcmlStmtDeletion(('triangle.c.xml', 'stmt', 0))"
2024-06-05 12:15:29,351	[INFO]	87      TEST_CODE_ERROR       None (--) [3 edit(s)] [cached] 
2024-06-05 12:15:29,351	[DEBUG]	patch(87)="SrcmlStmtReplacement(('triangle.c.xml', 'stmt', 3), ('triangle.c.xml', 'stmt', 8)) | SrcmlStmtInsertion(('triangle.c.xml', '_inter_block', 2), ('triangle.c.xml', 'stmt', 19)) | SrcmlStmtDeletion(('triangle.c.xml', 'stmt', 16))"
2024-06-05 12:15:29,543	[INFO]	88      TEST_CODE_ERROR       None (--) [3 edit(s)]  
2024-06-05 12:15:29,543	[DEBUG]	patch(88)="SrcmlStmtReplacement(('triangle.c.xml', 'stmt', 3), ('triangle.c.xml', 'stmt', 8)) | SrcmlStmtInsertion(('triangle.c.xml', '_inter_block', 2), ('triangle.c.xml', 'stmt', 19)) | SrcmlStmtInsertion(('triangle.c.xml', '_inter_block', 12), ('triangle.c.xml', 'stmt', 21))"
2024-06-05 12:15:29,685	[INFO]	89      TEST_CODE_ERROR       None (--) [3 edit(s)]  
2024-06-05 12:15:29,685	[DEBUG]	patch(89)="SrcmlStmtReplacement(('triangle.c.xml', 'stmt', 3), ('triangle.c.xml', 'stmt', 8)) | SrcmlStmtInsertion(('triangle.c.xml', '_inter_block', 2), ('triangle.c.xml', 'stmt', 19)) | SrcmlStmtReplacement(('triangle.c.xml', 'stmt', 16), ('triangle.c.xml', 'stmt', 5))"
2024-06-05 12:15:29,855	[DEBUG]	EXEC>  SUCCESS 0.0146
2024-06-05 12:15:29,855	[INFO]	90      SUCCESS               0.014600 (18.67%) [3 edit(s)]  
2024-06-05 12:15:29,855	[DEBUG]	patch(90)="SrcmlStmtReplacement(('triangle.c.xml', 'stmt', 3), ('triangle.c.xml', 'stmt', 8)) | SrcmlStmtInsertion(('triangle.c.xml', '_inter_block', 2), ('triangle.c.xml', 'stmt', 19)) | SrcmlStmtInsertion(('triangle.c.xml', '_inter_block', 8), ('triangle.c.xml', 'stmt', 16))"
2024-06-05 12:15:30,051	[DEBUG]	EXEC>  SUCCESS 0.0146
2024-06-05 12:15:30,052	[INFO]	91      SUCCESS               0.014600 (18.67%) [3 edit(s)]  
2024-06-05 12:15:30,052	[DEBUG]	patch(91)="SrcmlStmtReplacement(('triangle.c.xml', 'stmt', 3), ('triangle.c.xml', 'stmt', 8)) | SrcmlStmtInsertion(('triangle.c.xml', '_inter_block', 2), ('triangle.c.xml', 'stmt', 19)) | SrcmlStmtInsertion(('triangle.c.xml', '_inter_block', 16), ('triangle.c.xml', 'stmt', 22))"
2024-06-05 12:15:30,239	[DEBUG]	EXEC>  SUCCESS 0.0146
2024-06-05 12:15:30,239	[INFO]	92      SUCCESS               0.014600 (18.67%) [3 edit(s)]  
2024-06-05 12:15:30,239	[DEBUG]	patch(92)="SrcmlStmtReplacement(('triangle.c.xml', 'stmt', 3), ('triangle.c.xml', 'stmt', 8)) | SrcmlStmtInsertion(('triangle.c.xml', '_inter_block', 2), ('triangle.c.xml', 'stmt', 19)) | SrcmlStmtInsertion(('triangle.c.xml', '_inter_block', 23), ('triangle.c.xml', 'stmt', 7))"
2024-06-05 12:15:30,240	[INFO]	93      TEST_CODE_ERROR       None (--) [3 edit(s)] [cached] 
2024-06-05 12:15:30,240	[DEBUG]	patch(93)="SrcmlStmtReplacement(('triangle.c.xml', 'stmt', 3), ('triangle.c.xml', 'stmt', 8)) | SrcmlStmtInsertion(('triangle.c.xml', '_inter_block', 2), ('triangle.c.xml', 'stmt', 19)) | SrcmlStmtReplacement(('triangle.c.xml', 'stmt', 6), ('triangle.c.xml', 'stmt', 18))"
2024-06-05 12:15:30,240	[INFO]	94      TEST_CODE_ERROR       None (--) [3 edit(s)] [cached] 
2024-06-05 12:15:30,240	[DEBUG]	patch(94)="SrcmlStmtReplacement(('triangle.c.xml', 'stmt', 3), ('triangle.c.xml', 'stmt', 8)) | SrcmlStmtInsertion(('triangle.c.xml', '_inter_block', 2), ('triangle.c.xml', 'stmt', 19)) | SrcmlStmtDeletion(('triangle.c.xml', 'stmt', 5))"
2024-06-05 12:15:30,241	[INFO]	95      TEST_CODE_ERROR       None (--) [3 edit(s)] [cached] 
2024-06-05 12:15:30,241	[DEBUG]	patch(95)="SrcmlStmtReplacement(('triangle.c.xml', 'stmt', 3), ('triangle.c.xml', 'stmt', 8)) | SrcmlStmtInsertion(('triangle.c.xml', '_inter_block', 2), ('triangle.c.xml', 'stmt', 19)) | SrcmlStmtDeletion(('triangle.c.xml', 'stmt', 12))"
2024-06-05 12:15:30,397	[INFO]	96      TEST_CODE_ERROR       None (--) [3 edit(s)]  
2024-06-05 12:15:30,397	[DEBUG]	patch(96)="SrcmlStmtReplacement(('triangle.c.xml', 'stmt', 3), ('triangle.c.xml', 'stmt', 8)) | SrcmlStmtInsertion(('triangle.c.xml', '_inter_block', 2), ('triangle.c.xml', 'stmt', 19)) | SrcmlStmtReplacement(('triangle.c.xml', 'stmt', 12), ('triangle.c.xml', 'stmt', 15))"
2024-06-05 12:15:30,604	[DEBUG]	EXEC>  SUCCESS 0.0147
2024-06-05 12:15:30,604	[INFO]	97      SUCCESS               0.014700 (18.80%) [3 edit(s)]  
2024-06-05 12:15:30,604	[DEBUG]	patch(97)="SrcmlStmtReplacement(('triangle.c.xml', 'stmt', 3), ('triangle.c.xml', 'stmt', 8)) | SrcmlStmtInsertion(('triangle.c.xml', '_inter_block', 2), ('triangle.c.xml', 'stmt', 19)) | SrcmlStmtInsertion(('triangle.c.xml', '_inter_block', 22), ('triangle.c.xml', 'stmt', 14))"
2024-06-05 12:15:30,646	[INFO]	98      COMPILE_CODE_ERROR    None (--) [3 edit(s)]  
2024-06-05 12:15:30,646	[DEBUG]	patch(98)="SrcmlStmtReplacement(('triangle.c.xml', 'stmt', 3), ('triangle.c.xml', 'stmt', 8)) | SrcmlStmtInsertion(('triangle.c.xml', '_inter_block', 2), ('triangle.c.xml', 'stmt', 19)) | SrcmlStmtReplacement(('triangle.c.xml', 'stmt', 2), ('triangle.c.xml', 'stmt', 15))"
2024-06-05 12:15:30,648	[INFO]	99      SUCCESS               0.014600 (18.67%) [3 edit(s)] [cached] 
2024-06-05 12:15:30,648	[DEBUG]	patch(99)="SrcmlStmtReplacement(('triangle.c.xml', 'stmt', 3), ('triangle.c.xml', 'stmt', 8)) | SrcmlStmtInsertion(('triangle.c.xml', '_inter_block', 2), ('triangle.c.xml', 'stmt', 19)) | SrcmlStmtDeletion(('triangle.c.xml', 'stmt', 1))"
2024-06-05 12:15:30,650	[INFO]	100     TEST_CODE_ERROR       None (--) [3 edit(s)] [cached] 
2024-06-05 12:15:30,650	[DEBUG]	patch(100)="SrcmlStmtReplacement(('triangle.c.xml', 'stmt', 3), ('triangle.c.xml', 'stmt', 8)) | SrcmlStmtInsertion(('triangle.c.xml', '_inter_block', 2), ('triangle.c.xml', 'stmt', 19)) | SrcmlStmtReplacement(('triangle.c.xml', 'stmt', 12), ('triangle.c.xml', 'stmt', 11))"
2024-06-05 12:15:30,651	[INFO]	~~~~ END ~~~~
2024-06-05 12:15:30,651	[INFO]	
2024-06-05 12:15:30,651	[INFO]	==== REPORT ====
2024-06-05 12:15:30,651	[INFO]	Termination: step budget
2024-06-05 12:15:30,651	[INFO]	Retries: 2
2024-06-05 12:15:30,651	[INFO]	Log file: /home/jim/magpie/_magpie_logs/triangle-c_1717586116.log
2024-06-05 12:15:30,652	[INFO]	Patch file: _magpie_logs/triangle-c_1717586116.patch
2024-06-05 12:15:30,652	[INFO]	Diff file: _magpie_logs/triangle-c_1717586116.diff
2024-06-05 12:15:30,652	[INFO]	Reference fitness: 0.078200
2024-06-05 12:15:30,652	[INFO]	Best fitness: 0.007900
2024-06-05 12:15:30,652	[INFO]	
2024-06-05 12:15:30,653	[INFO]	==== BEST PATCH ====
SrcmlStmtReplacement(('triangle.c.xml', 'stmt', 3), ('triangle.c.xml', 'stmt', 8)) | SrcmlStmtInsertion(('triangle.c.xml', '_inter_block', 2), ('triangle.c.xml', 'stmt', 19))
2024-06-05 12:15:30,653	[INFO]	
2024-06-05 12:15:30,654	[INFO]	==== DIFF ====
[1m--- before: triangle.c[0m
[1m+++ after: triangle.c[0m
[36m@@ -2,13 +2,18 @@[0m
 
 void delay() {
   const struct timespec ms = {0, 0.001*1e9}; //tv_sec=0, tv_nsec (0.001 seconds)
[31m-  nanosleep(&ms,NULL); /*ignores possible errors*/[0m
[32m+  nanosleep(&ms,NULL);[0m
[32m+  return EQUILATERAL; /*ignores possible errors*/[0m
 }
 
 int classify_triangle(double a, double b, double c) {
   double tmp;
 
[31m-  delay();[0m
[32m+  if(a > c) {[0m
[32m+    tmp = a;[0m
[32m+    a = c;[0m
[32m+    c = tmp;[0m
[32m+  }[0m
 
   // Sort the sides so that a <= b <= c
   if(a > b) {

