2024-08-15 09:25:32,671	[DEBUG]	==== CONFIG ====
[magpie]
import = 
seed = 45
log_dir = _magpie_logs
work_dir = _magpie_work
local_original_copy = True
local_original_name = __original__
output_encoding = ascii
edit_retries = 10
default_timeout = 30
default_lengthout = 1e6
diff_method = unified
trust_local_filesystem = True

[magpie.log]
color_output = True
format_info = {counter:<7} {status:<20} {best}{fitness} ({ratio}) [{size}] {cached} {log}
format_debug = patch({counter})="{patch}"{diffifbest}
format_fitness = {:.6f}
format_ratio = {:.2%%}
format_patchif = 
	 --> {patch}
format_diffif = 
	{diff}

[software]
path = examples/sat4j
target_files = test.params
software = BasicSoftware
model_rules = 
	*.params : ParamFileConfigModel
	*.xml : SrcmlModel
	* : LineModel
model_config = 
	*.params : [paramconfig]
	*.xml : [srcml]
init_cmd = 
init_timeout = 60
init_lengthout = -1
setup_cmd = ant sat
setup_timeout = 
setup_lengthout = 
compile_cmd = 
compile_timeout = 
compile_lengthout = 
test_cmd = bash test.sh
test_timeout = 
test_lengthout = 
run_cmd = perf stat -e L1-dcache-loads bash run_fixed.sh
run_timeout = 
run_lengthout = 
retries = 4
batch_timeout = 
batch_lengthout = 
batch_bin_fitness_strategy = aggregate
batch_fitness_strategy = sum
fitness = perf_L1_dcache_loads

[srcml]
rename = 
	stmt: break continue decl_stmt do expr_stmt for goto if return switch while
	number: literal_number
focus = block stmt operator_comp operator_arith number
internodes = block
process_pseudo_blocks = True
process_literals = True
process_operators = True

[paramconfig]
timing = test run
cli_prefix = --
cli_glue = =
cli_boolean = show
cli_boolean_prefix_true = 
cli_boolean_prefix_false = no-
cli_none = hide
silent_prefix = @
silent_suffix = $

[search]
protocol = BasicProtocol
algorithm = GeneticProgrammingUniformConcat
possible_edits = ParamSetting
warmup = 3
warmup_strategy = last
max_steps = 10000
max_time = 1800
target_fitness = 
cache_maxsize = 100
cache_keep = 0.2
batch_instances = 
batch_shuffle = True
batch_bin_shuffle = False
batch_sample_size = 1

[search.ls]
delete_prob = 0.5
max_neighbours = 
when_trapped = continue
accept_fail = False
tabu_length = 10

[search.gp]
pop_size = 10
delete_prob = 0.5
offspring_elitism = 0.1
offspring_crossover = 0.5
offspring_mutation = 0.4
uniform_rate = 0.5
batch_reset = True

[search.minify]
do_cleanup = True
do_rebuild = True
do_simplify = True
round_robin_limit = 3


2024-08-15 09:25:32,671	[DEBUG]	
2024-08-15 09:25:32,671	[INFO]	==== SEARCH: GeneticProgrammingUniformConcat ====
2024-08-15 09:25:32,671	[INFO]	~~~~ WARMUP ~~~~
2024-08-15 09:26:25,105	[DEBUG]	EXEC>  SUCCESS 26425397038.25
2024-08-15 09:26:25,105	[INFO]	WARM    SUCCESS               26425397038.250000 (--) [0 edit(s)]  
2024-08-15 09:27:00,291	[DEBUG]	EXEC>  SUCCESS 27072048613.5
2024-08-15 09:27:00,291	[INFO]	WARM    SUCCESS               27072048613.500000 (--) [0 edit(s)]  
2024-08-15 09:27:35,028	[DEBUG]	EXEC>  SUCCESS 26670188237.25
2024-08-15 09:27:35,028	[INFO]	WARM    SUCCESS               26670188237.250000 (--) [0 edit(s)]  
2024-08-15 09:27:35,028	[INFO]	REF     SUCCESS               26670188237.250000 (--) [0 edit(s)]  
2024-08-15 09:27:35,028	[INFO]	
2024-08-15 09:27:35,028	[INFO]	~~~~ START ~~~~
2024-08-15 09:28:09,681	[DEBUG]	EXEC>  SUCCESS 26544418321.75
2024-08-15 09:28:09,681	[INFO]	0-1     SUCCESS              *26544418321.750000 (99.53%) [1 edit(s)]  
2024-08-15 09:28:09,681	[DEBUG]	patch(0-1)="ParamSetting(('test.params', 'param', 'CONFLICTBOUNDINCFACTOR'), 2.1441515513114506)"
--- before: test.params
+++ after: test.params
@@ -5,6 +5,6 @@
 CLADECAY := 0.999
 INITCONFLICTBOUND := 100
 VARDECAY := 0.95
-CONFLICTBOUNDINCFACTOR := 2.0
+CONFLICTBOUNDINCFACTOR := 2.1441515513114506
 SIMP := 'EXPENSIVE_SIMPLIFICATION'
 CLEANING := 'LBD2'

2024-08-15 09:28:09,682	[INFO]	0-2     SUCCESS               26670188237.250000 (100.00%) [1 edit(s)] [cached] 
2024-08-15 09:28:09,682	[DEBUG]	patch(0-2)="ParamSetting(('test.params', 'param', 'RESTARTS'), 'Glucose21Restarts')"
2024-08-15 09:28:44,397	[DEBUG]	EXEC>  SUCCESS 26745678934.25
2024-08-15 09:28:44,397	[INFO]	0-3     SUCCESS               26745678934.250000 (100.28%) [1 edit(s)]  
2024-08-15 09:28:44,397	[DEBUG]	patch(0-3)="ParamSetting(('test.params', 'param', 'LUBYFACTOR'), 83)"
2024-08-15 09:29:19,357	[DEBUG]	EXEC>  SUCCESS 27036093009.0
2024-08-15 09:29:19,357	[INFO]	0-4     SUCCESS               27036093009.000000 (101.37%) [1 edit(s)]  
2024-08-15 09:29:19,357	[DEBUG]	patch(0-4)="ParamSetting(('test.params', 'param', 'RESTARTS'), 'NoRestarts')"
2024-08-15 09:29:54,188	[DEBUG]	EXEC>  SUCCESS 26918729757.75
2024-08-15 09:29:54,188	[INFO]	0-5     SUCCESS               26918729757.750000 (100.93%) [1 edit(s)]  
2024-08-15 09:29:54,188	[DEBUG]	patch(0-5)="ParamSetting(('test.params', 'param', 'CLADECAY'), 0.7950712434655829)"
2024-08-15 09:30:28,910	[DEBUG]	EXEC>  SUCCESS 26832519357.25
2024-08-15 09:30:28,910	[INFO]	0-6     SUCCESS               26832519357.250000 (100.61%) [1 edit(s)]  
2024-08-15 09:30:28,910	[DEBUG]	patch(0-6)="ParamSetting(('test.params', 'param', 'VARDECAY'), 0.07495132545320449)"
2024-08-15 09:31:03,820	[DEBUG]	EXEC>  SUCCESS 26714314590.75
2024-08-15 09:31:03,820	[INFO]	0-7     SUCCESS               26714314590.750000 (100.17%) [1 edit(s)]  
2024-08-15 09:31:03,820	[DEBUG]	patch(0-7)="ParamSetting(('test.params', 'param', 'CLADECAY'), 0.3565385250381603)"
2024-08-15 09:31:38,736	[DEBUG]	EXEC>  SUCCESS 26952909651.75
2024-08-15 09:31:38,736	[INFO]	0-8     SUCCESS               26952909651.750000 (101.06%) [1 edit(s)]  
2024-08-15 09:31:38,736	[DEBUG]	patch(0-8)="ParamSetting(('test.params', 'param', 'VARDECAY'), 0.08982827530229975)"
2024-08-15 09:32:13,713	[DEBUG]	EXEC>  SUCCESS 26985065532.75
2024-08-15 09:32:13,714	[INFO]	0-9     SUCCESS               26985065532.750000 (101.18%) [1 edit(s)]  
2024-08-15 09:32:13,714	[DEBUG]	patch(0-9)="ParamSetting(('test.params', 'param', 'VARDECAY'), 0.6991828298295443)"
2024-08-15 09:32:48,642	[DEBUG]	EXEC>  SUCCESS 26962177887.5
2024-08-15 09:32:48,642	[INFO]	0-10    SUCCESS               26962177887.500000 (101.09%) [1 edit(s)]  
2024-08-15 09:32:48,642	[DEBUG]	patch(0-10)="ParamSetting(('test.params', 'param', 'CONFLICTBOUNDINCFACTOR'), 3.7740290197297948)"
2024-08-15 09:32:48,643	[INFO]	REF     SUCCESS               26670188237.250000 (--) [0 edit(s)] [cached] 
2024-08-15 09:32:48,644	[INFO]	BEST    SUCCESS              *26544418321.750000 (99.53%) [0 edit(s)] [cached] 
2024-08-15 09:32:48,645	[INFO]	1-1     SUCCESS              +26544418321.750000 (99.53%) [1 edit(s)] [cached] 
2024-08-15 09:32:48,645	[DEBUG]	patch(1-1)="ParamSetting(('test.params', 'param', 'CONFLICTBOUNDINCFACTOR'), 2.1441515513114506)"
2024-08-15 09:32:48,646	[INFO]	1-2     SUCCESS               26745678934.250000 (100.28%) [1 edit(s)] [cached] 
2024-08-15 09:32:48,646	[DEBUG]	patch(1-2)="ParamSetting(('test.params', 'param', 'LUBYFACTOR'), 83)"
2024-08-15 09:32:48,646	[INFO]	1-3     SUCCESS               26962177887.500000 (101.09%) [1 edit(s)] [cached] 
2024-08-15 09:32:48,647	[DEBUG]	patch(1-3)="ParamSetting(('test.params', 'param', 'CONFLICTBOUNDINCFACTOR'), 3.7740290197297948)"
2024-08-15 09:32:48,647	[INFO]	1-4     SUCCESS               26714314590.750000 (100.17%) [2 edit(s)] [cached] 
2024-08-15 09:32:48,647	[DEBUG]	patch(1-4)="ParamSetting(('test.params', 'param', 'CLADECAY'), 0.3565385250381603) | ParamSetting(('test.params', 'param', 'CLADECAY'), 0.3565385250381603)"
2024-08-15 09:32:48,648	[INFO]	1-5     SUCCESS               26745678934.250000 (100.28%) [1 edit(s)] [cached] 
2024-08-15 09:32:48,648	[DEBUG]	patch(1-5)="ParamSetting(('test.params', 'param', 'LUBYFACTOR'), 83)"
2024-08-15 09:32:48,648	[INFO]	1-6     SUCCESS               26832519357.250000 (100.61%) [1 edit(s)] [cached] 
2024-08-15 09:32:48,648	[DEBUG]	patch(1-6)="ParamSetting(('test.params', 'param', 'VARDECAY'), 0.07495132545320449)"
2024-08-15 09:32:48,649	[INFO]	1-7     SUCCESS               26670188237.250000 (100.00%) [0 edit(s)] [cached] 
2024-08-15 09:32:48,649	[DEBUG]	patch(1-7)=""
2024-08-15 09:32:48,649	[INFO]	1-8     SUCCESS               26670188237.250000 (100.00%) [0 edit(s)] [cached] 
2024-08-15 09:32:48,649	[DEBUG]	patch(1-8)=""
2024-08-15 09:32:48,650	[INFO]	1-9     SUCCESS               26670188237.250000 (100.00%) [0 edit(s)] [cached] 
2024-08-15 09:32:48,650	[DEBUG]	patch(1-9)=""
2024-08-15 09:32:48,651	[INFO]	1-10    SUCCESS               26670188237.250000 (100.00%) [0 edit(s)] [cached] 
2024-08-15 09:32:48,651	[DEBUG]	patch(1-10)=""
2024-08-15 09:32:48,651	[INFO]	REF     SUCCESS               26670188237.250000 (--) [0 edit(s)] [cached] 
2024-08-15 09:32:48,652	[INFO]	BEST    SUCCESS              *26544418321.750000 (99.53%) [0 edit(s)] [cached] 
2024-08-15 09:32:48,653	[INFO]	2-1     SUCCESS              +26544418321.750000 (99.53%) [1 edit(s)] [cached] 
2024-08-15 09:32:48,653	[DEBUG]	patch(2-1)="ParamSetting(('test.params', 'param', 'CONFLICTBOUNDINCFACTOR'), 2.1441515513114506)"
2024-08-15 09:32:48,654	[INFO]	2-2     SUCCESS               26832519357.250000 (100.61%) [1 edit(s)] [cached] 
2024-08-15 09:32:48,654	[DEBUG]	patch(2-2)="ParamSetting(('test.params', 'param', 'VARDECAY'), 0.07495132545320449)"
2024-08-15 09:32:48,654	[INFO]	2-3     SUCCESS               26745678934.250000 (100.28%) [1 edit(s)] [cached] 
2024-08-15 09:32:48,654	[DEBUG]	patch(2-3)="ParamSetting(('test.params', 'param', 'LUBYFACTOR'), 83)"
2024-08-15 09:33:23,337	[DEBUG]	EXEC>  SUCCESS 26609265814.25
2024-08-15 09:33:23,338	[INFO]	2-4     SUCCESS               26609265814.250000 (99.77%) [2 edit(s)]  
2024-08-15 09:33:23,338	[DEBUG]	patch(2-4)="ParamSetting(('test.params', 'param', 'CLADECAY'), 0.3565385250381603) | ParamSetting(('test.params', 'param', 'VARDECAY'), 0.07495132545320449)"
2024-08-15 09:33:23,338	[INFO]	2-5     SUCCESS               26544418321.750000 (99.53%) [1 edit(s)] [cached] 
2024-08-15 09:33:23,338	[DEBUG]	patch(2-5)="ParamSetting(('test.params', 'param', 'CONFLICTBOUNDINCFACTOR'), 2.1441515513114506)"
2024-08-15 09:33:58,263	[DEBUG]	EXEC>  SUCCESS 27102805477.75
2024-08-15 09:33:58,263	[INFO]	2-6     SUCCESS               27102805477.750000 (101.62%) [2 edit(s)]  
2024-08-15 09:33:58,263	[DEBUG]	patch(2-6)="ParamSetting(('test.params', 'param', 'VARDECAY'), 0.07495132545320449) | ParamSetting(('test.params', 'param', 'CONFLICTBOUNDINCFACTOR'), 2.1441515513114506)"
2024-08-15 09:34:33,520	[DEBUG]	EXEC>  SUCCESS 26748421819.75
2024-08-15 09:34:33,520	[INFO]	2-7     SUCCESS               26748421819.750000 (100.29%) [2 edit(s)]  
2024-08-15 09:34:33,521	[DEBUG]	patch(2-7)="ParamSetting(('test.params', 'param', 'CONFLICTBOUNDINCFACTOR'), 2.1441515513114506) | ParamSetting(('test.params', 'param', 'VARDECAY'), 0.7665559902953729)"
2024-08-15 09:35:08,379	[DEBUG]	EXEC>  SUCCESS 26946093993.25
2024-08-15 09:35:08,379	[INFO]	2-8     SUCCESS               26946093993.250000 (101.03%) [1 edit(s)]  
2024-08-15 09:35:08,379	[DEBUG]	patch(2-8)="ParamSetting(('test.params', 'param', 'SIMP'), 'NO_SIMPLIFICATION')"
2024-08-15 09:35:08,380	[INFO]	2-9     SUCCESS               26714314590.750000 (100.17%) [1 edit(s)] [cached] 
2024-08-15 09:35:08,380	[DEBUG]	patch(2-9)="ParamSetting(('test.params', 'param', 'CLADECAY'), 0.3565385250381603)"
2024-08-15 09:35:08,380	[INFO]	2-10    SUCCESS               26670188237.250000 (100.00%) [0 edit(s)] [cached] 
2024-08-15 09:35:08,380	[DEBUG]	patch(2-10)=""
2024-08-15 09:35:08,381	[INFO]	REF     SUCCESS               26670188237.250000 (--) [0 edit(s)] [cached] 
2024-08-15 09:35:08,382	[INFO]	BEST    SUCCESS              *26544418321.750000 (99.53%) [0 edit(s)] [cached] 
2024-08-15 09:35:08,383	[INFO]	3-1     SUCCESS              +26544418321.750000 (99.53%) [1 edit(s)] [cached] 
2024-08-15 09:35:08,383	[DEBUG]	patch(3-1)="ParamSetting(('test.params', 'param', 'CONFLICTBOUNDINCFACTOR'), 2.1441515513114506)"
2024-08-15 09:35:08,384	[INFO]	3-2     SUCCESS               26946093993.250000 (101.03%) [1 edit(s)] [cached] 
2024-08-15 09:35:08,384	[DEBUG]	patch(3-2)="ParamSetting(('test.params', 'param', 'SIMP'), 'NO_SIMPLIFICATION')"
2024-08-15 09:35:08,384	[INFO]	3-3     SUCCESS               26714314590.750000 (100.17%) [1 edit(s)] [cached] 
2024-08-15 09:35:08,384	[DEBUG]	patch(3-3)="ParamSetting(('test.params', 'param', 'CLADECAY'), 0.3565385250381603)"
2024-08-15 09:35:08,385	[INFO]	3-4     SUCCESS               26544418321.750000 (99.53%) [1 edit(s)] [cached] 
2024-08-15 09:35:08,385	[DEBUG]	patch(3-4)="ParamSetting(('test.params', 'param', 'CONFLICTBOUNDINCFACTOR'), 2.1441515513114506)"
2024-08-15 09:35:08,385	[INFO]	3-5     SUCCESS               26714314590.750000 (100.17%) [1 edit(s)] [cached] 
2024-08-15 09:35:08,386	[DEBUG]	patch(3-5)="ParamSetting(('test.params', 'param', 'CLADECAY'), 0.3565385250381603)"
2024-08-15 09:35:08,386	[INFO]	3-6     SUCCESS               26745678934.250000 (100.28%) [1 edit(s)] [cached] 
2024-08-15 09:35:08,386	[DEBUG]	patch(3-6)="ParamSetting(('test.params', 'param', 'LUBYFACTOR'), 83)"
2024-08-15 09:35:43,663	[DEBUG]	EXEC>  SUCCESS 27243608256.5
2024-08-15 09:35:43,663	[INFO]	3-7     SUCCESS               27243608256.500000 (102.15%) [2 edit(s)]  
2024-08-15 09:35:43,663	[DEBUG]	patch(3-7)="ParamSetting(('test.params', 'param', 'CONFLICTBOUNDINCFACTOR'), 2.1441515513114506) | ParamSetting(('test.params', 'param', 'CLEANING'), 'ACTIVITY')"
2024-08-15 09:36:18,481	[DEBUG]	EXEC>  SUCCESS 26786923473.25
2024-08-15 09:36:18,481	[INFO]	3-8     SUCCESS               26786923473.250000 (100.44%) [3 edit(s)]  
2024-08-15 09:36:18,482	[DEBUG]	patch(3-8)="ParamSetting(('test.params', 'param', 'CLADECAY'), 0.3565385250381603) | ParamSetting(('test.params', 'param', 'VARDECAY'), 0.07495132545320449) | ParamSetting(('test.params', 'param', 'VARDECAY'), 0.5657316002511463)"
2024-08-15 09:36:53,334	[DEBUG]	EXEC>  SUCCESS 26653175204.25
2024-08-15 09:36:53,334	[INFO]	3-9     SUCCESS               26653175204.250000 (99.94%) [1 edit(s)]  
2024-08-15 09:36:53,334	[DEBUG]	patch(3-9)="ParamSetting(('test.params', 'param', 'VARDECAY'), 0.06236214997832701)"
2024-08-15 09:36:53,335	[INFO]	3-10    SUCCESS               26670188237.250000 (100.00%) [0 edit(s)] [cached] 
2024-08-15 09:36:53,335	[DEBUG]	patch(3-10)=""
2024-08-15 09:36:53,336	[INFO]	REF     SUCCESS               26670188237.250000 (--) [0 edit(s)] [cached] 
2024-08-15 09:36:53,336	[INFO]	BEST    SUCCESS              *26544418321.750000 (99.53%) [0 edit(s)] [cached] 
2024-08-15 09:36:53,338	[INFO]	4-1     SUCCESS              +26544418321.750000 (99.53%) [1 edit(s)] [cached] 
2024-08-15 09:36:53,338	[DEBUG]	patch(4-1)="ParamSetting(('test.params', 'param', 'CONFLICTBOUNDINCFACTOR'), 2.1441515513114506)"
2024-08-15 09:36:53,338	[INFO]	4-2     SUCCESS               26653175204.250000 (99.94%) [1 edit(s)] [cached] 
2024-08-15 09:36:53,338	[DEBUG]	patch(4-2)="ParamSetting(('test.params', 'param', 'VARDECAY'), 0.06236214997832701)"
2024-08-15 09:36:53,339	[INFO]	4-3     SUCCESS               26653175204.250000 (99.94%) [1 edit(s)] [cached] 
2024-08-15 09:36:53,339	[DEBUG]	patch(4-3)="ParamSetting(('test.params', 'param', 'VARDECAY'), 0.06236214997832701)"
2024-08-15 09:36:53,340	[INFO]	4-4     SUCCESS               26946093993.250000 (101.03%) [1 edit(s)] [cached] 
2024-08-15 09:36:53,340	[DEBUG]	patch(4-4)="ParamSetting(('test.params', 'param', 'SIMP'), 'NO_SIMPLIFICATION')"
2024-08-15 09:36:53,340	[INFO]	4-5     SUCCESS               26714314590.750000 (100.17%) [1 edit(s)] [cached] 
2024-08-15 09:36:53,340	[DEBUG]	patch(4-5)="ParamSetting(('test.params', 'param', 'CLADECAY'), 0.3565385250381603)"
2024-08-15 09:37:28,226	[DEBUG]	EXEC>  SUCCESS 27119152442.0
2024-08-15 09:37:28,226	[INFO]	4-6     SUCCESS               27119152442.000000 (101.68%) [2 edit(s)]  
2024-08-15 09:37:28,226	[DEBUG]	patch(4-6)="ParamSetting(('test.params', 'param', 'LUBYFACTOR'), 83) | ParamSetting(('test.params', 'param', 'VARDECAY'), 0.06236214997832701)"
2024-08-15 09:37:28,227	[INFO]	4-7     SUCCESS               26670188237.250000 (100.00%) [0 edit(s)] [cached] 
2024-08-15 09:37:28,227	[DEBUG]	patch(4-7)=""
2024-08-15 09:38:02,850	[DEBUG]	EXEC>  SUCCESS 26655832682.0
2024-08-15 09:38:02,850	[INFO]	4-8     SUCCESS               26655832682.000000 (99.95%) [2 edit(s)]  
2024-08-15 09:38:02,851	[DEBUG]	patch(4-8)="ParamSetting(('test.params', 'param', 'VARDECAY'), 0.06236214997832701) | ParamSetting(('test.params', 'param', 'CLEANING'), 'LBD')"
2024-08-15 09:38:37,722	[DEBUG]	EXEC>  SUCCESS 27008731267.5
2024-08-15 09:38:37,722	[INFO]	4-9     SUCCESS               27008731267.500000 (101.27%) [1 edit(s)]  
2024-08-15 09:38:37,722	[DEBUG]	patch(4-9)="ParamSetting(('test.params', 'param', 'RESTARTS'), 'ArminRestarts')"
2024-08-15 09:38:37,723	[INFO]	4-10    SUCCESS               26670188237.250000 (100.00%) [0 edit(s)] [cached] 
2024-08-15 09:38:37,723	[DEBUG]	patch(4-10)=""
2024-08-15 09:38:37,724	[INFO]	REF     SUCCESS               26670188237.250000 (--) [0 edit(s)] [cached] 
2024-08-15 09:38:37,724	[INFO]	BEST    SUCCESS              *26544418321.750000 (99.53%) [0 edit(s)] [cached] 
2024-08-15 09:38:37,726	[INFO]	5-1     SUCCESS              +26544418321.750000 (99.53%) [1 edit(s)] [cached] 
2024-08-15 09:38:37,726	[DEBUG]	patch(5-1)="ParamSetting(('test.params', 'param', 'CONFLICTBOUNDINCFACTOR'), 2.1441515513114506)"
2024-08-15 09:38:37,726	[INFO]	5-2     SUCCESS               26653175204.250000 (99.94%) [1 edit(s)] [cached] 
2024-08-15 09:38:37,726	[DEBUG]	patch(5-2)="ParamSetting(('test.params', 'param', 'VARDECAY'), 0.06236214997832701)"
2024-08-15 09:38:37,727	[INFO]	5-3     SUCCESS               26653175204.250000 (99.94%) [1 edit(s)] [cached] 
2024-08-15 09:38:37,727	[DEBUG]	patch(5-3)="ParamSetting(('test.params', 'param', 'VARDECAY'), 0.06236214997832701)"
2024-08-15 09:38:37,727	[INFO]	5-4     SUCCESS               26655832682.000000 (99.95%) [2 edit(s)] [cached] 
2024-08-15 09:38:37,727	[DEBUG]	patch(5-4)="ParamSetting(('test.params', 'param', 'VARDECAY'), 0.06236214997832701) | ParamSetting(('test.params', 'param', 'CLEANING'), 'LBD')"
2024-08-15 09:38:37,728	[INFO]	5-5     SUCCESS               27119152442.000000 (101.68%) [2 edit(s)] [cached] 
2024-08-15 09:38:37,728	[DEBUG]	patch(5-5)="ParamSetting(('test.params', 'param', 'LUBYFACTOR'), 83) | ParamSetting(('test.params', 'param', 'VARDECAY'), 0.06236214997832701)"
2024-08-15 09:39:13,179	[DEBUG]	EXEC>  SUCCESS 26748788896.75
2024-08-15 09:39:13,180	[INFO]	5-6     SUCCESS               26748788896.750000 (100.29%) [2 edit(s)]  
2024-08-15 09:39:13,180	[DEBUG]	patch(5-6)="ParamSetting(('test.params', 'param', 'VARDECAY'), 0.06236214997832701) | ParamSetting(('test.params', 'param', 'CLADECAY'), 0.3565385250381603)"
2024-08-15 09:39:13,180	[INFO]	5-7     SUCCESS               26670188237.250000 (100.00%) [0 edit(s)] [cached] 
2024-08-15 09:39:13,180	[DEBUG]	patch(5-7)=""
2024-08-15 09:39:48,490	[DEBUG]	EXEC>  SUCCESS 26676484480.0
2024-08-15 09:39:48,490	[INFO]	5-8     SUCCESS               26676484480.000000 (100.02%) [2 edit(s)]  
2024-08-15 09:39:48,491	[DEBUG]	patch(5-8)="ParamSetting(('test.params', 'param', 'VARDECAY'), 0.06236214997832701) | ParamSetting(('test.params', 'param', 'LUBYFACTOR'), 303)"
2024-08-15 09:40:23,667	[DEBUG]	EXEC>  SUCCESS 26980763898.75
2024-08-15 09:40:23,668	[INFO]	5-9     SUCCESS               26980763898.750000 (101.16%) [3 edit(s)]  
2024-08-15 09:40:23,668	[DEBUG]	patch(5-9)="ParamSetting(('test.params', 'param', 'VARDECAY'), 0.06236214997832701) | ParamSetting(('test.params', 'param', 'CLEANING'), 'LBD') | ParamSetting(('test.params', 'param', 'VARDECAY'), 0.19019228513931807)"
2024-08-15 09:40:23,669	[INFO]	5-10    SUCCESS               26670188237.250000 (100.00%) [1 edit(s)] [cached] 
2024-08-15 09:40:23,669	[DEBUG]	patch(5-10)="ParamSetting(('test.params', 'param', 'CLEANING'), 'LBD2')"
2024-08-15 09:40:23,670	[INFO]	REF     SUCCESS               26670188237.250000 (--) [0 edit(s)] [cached] 
2024-08-15 09:40:23,670	[INFO]	BEST    SUCCESS              *26544418321.750000 (99.53%) [0 edit(s)] [cached] 
2024-08-15 09:40:23,672	[INFO]	6-1     SUCCESS              +26544418321.750000 (99.53%) [1 edit(s)] [cached] 
2024-08-15 09:40:23,672	[DEBUG]	patch(6-1)="ParamSetting(('test.params', 'param', 'CONFLICTBOUNDINCFACTOR'), 2.1441515513114506)"
2024-08-15 09:40:23,673	[INFO]	6-2     SUCCESS               26544418321.750000 (99.53%) [1 edit(s)] [cached] 
2024-08-15 09:40:23,673	[DEBUG]	patch(6-2)="ParamSetting(('test.params', 'param', 'CONFLICTBOUNDINCFACTOR'), 2.1441515513114506)"
2024-08-15 09:40:23,673	[INFO]	6-3     SUCCESS               26745678934.250000 (100.28%) [1 edit(s)] [cached] 
2024-08-15 09:40:23,673	[DEBUG]	patch(6-3)="ParamSetting(('test.params', 'param', 'LUBYFACTOR'), 83)"
2024-08-15 09:40:23,674	[INFO]	6-4     SUCCESS               26655832682.000000 (99.95%) [3 edit(s)] [cached] 
2024-08-15 09:40:23,674	[DEBUG]	patch(6-4)="ParamSetting(('test.params', 'param', 'CLEANING'), 'LBD') | ParamSetting(('test.params', 'param', 'VARDECAY'), 0.06236214997832701) | ParamSetting(('test.params', 'param', 'CLEANING'), 'LBD')"
2024-08-15 09:40:23,674	[INFO]	6-5     SUCCESS               26745678934.250000 (100.28%) [1 edit(s)] [cached] 
2024-08-15 09:40:23,674	[DEBUG]	patch(6-5)="ParamSetting(('test.params', 'param', 'LUBYFACTOR'), 83)"
2024-08-15 09:40:23,675	[INFO]	6-6     SUCCESS               26670188237.250000 (100.00%) [1 edit(s)] [cached] 
2024-08-15 09:40:23,675	[DEBUG]	patch(6-6)="ParamSetting(('test.params', 'param', 'CLEANING'), 'LBD2')"
2024-08-15 09:40:23,676	[INFO]	6-7     SUCCESS               26670188237.250000 (100.00%) [0 edit(s)] [cached] 
2024-08-15 09:40:23,676	[DEBUG]	patch(6-7)=""
2024-08-15 09:40:23,677	[INFO]	6-8     SUCCESS               26670188237.250000 (100.00%) [0 edit(s)] [cached] 
2024-08-15 09:40:23,677	[DEBUG]	patch(6-8)=""
2024-08-15 09:40:23,677	[INFO]	6-9     SUCCESS               26653175204.250000 (99.94%) [1 edit(s)] [cached] 
2024-08-15 09:40:23,677	[DEBUG]	patch(6-9)="ParamSetting(('test.params', 'param', 'VARDECAY'), 0.06236214997832701)"
2024-08-15 09:40:58,486	[DEBUG]	EXEC>  SUCCESS 26987132462.75
2024-08-15 09:40:58,486	[INFO]	6-10    SUCCESS               26987132462.750000 (101.19%) [1 edit(s)]  
2024-08-15 09:40:58,486	[DEBUG]	patch(6-10)="ParamSetting(('test.params', 'param', 'CLEANING'), 'LBD')"
2024-08-15 09:40:58,487	[INFO]	REF     SUCCESS               26670188237.250000 (--) [0 edit(s)] [cached] 
2024-08-15 09:40:58,487	[INFO]	BEST    SUCCESS              *26544418321.750000 (99.53%) [0 edit(s)] [cached] 
2024-08-15 09:40:58,489	[INFO]	7-1     SUCCESS              +26544418321.750000 (99.53%) [1 edit(s)] [cached] 
2024-08-15 09:40:58,489	[DEBUG]	patch(7-1)="ParamSetting(('test.params', 'param', 'CONFLICTBOUNDINCFACTOR'), 2.1441515513114506)"
2024-08-15 09:41:33,307	[DEBUG]	EXEC>  SUCCESS 26670793803.0
2024-08-15 09:41:33,307	[INFO]	7-2     SUCCESS               26670793803.000000 (100.00%) [2 edit(s)]  
2024-08-15 09:41:33,307	[DEBUG]	patch(7-2)="ParamSetting(('test.params', 'param', 'LUBYFACTOR'), 83) | ParamSetting(('test.params', 'param', 'CONFLICTBOUNDINCFACTOR'), 2.1441515513114506)"
2024-08-15 09:41:33,308	[INFO]	7-3     SUCCESS               26745678934.250000 (100.28%) [1 edit(s)] [cached] 
2024-08-15 09:41:33,308	[DEBUG]	patch(7-3)="ParamSetting(('test.params', 'param', 'LUBYFACTOR'), 83)"
2024-08-15 09:41:33,309	[INFO]	7-4     SUCCESS               26987132462.750000 (101.19%) [1 edit(s)] [cached] 
2024-08-15 09:41:33,309	[DEBUG]	patch(7-4)="ParamSetting(('test.params', 'param', 'CLEANING'), 'LBD')"
2024-08-15 09:41:33,309	[INFO]	7-5     SUCCESS               26745678934.250000 (100.28%) [1 edit(s)] [cached] 
2024-08-15 09:41:33,309	[DEBUG]	patch(7-5)="ParamSetting(('test.params', 'param', 'LUBYFACTOR'), 83)"
2024-08-15 09:41:33,310	[INFO]	7-6     SUCCESS               26544418321.750000 (99.53%) [1 edit(s)] [cached] 
2024-08-15 09:41:33,310	[DEBUG]	patch(7-6)="ParamSetting(('test.params', 'param', 'CONFLICTBOUNDINCFACTOR'), 2.1441515513114506)"
2024-08-15 09:41:33,311	[INFO]	7-7     SUCCESS               26544418321.750000 (99.53%) [2 edit(s)] [cached] 
2024-08-15 09:41:33,311	[DEBUG]	patch(7-7)="ParamSetting(('test.params', 'param', 'CONFLICTBOUNDINCFACTOR'), 2.1441515513114506) | ParamSetting(('test.params', 'param', 'SIMP'), 'EXPENSIVE_SIMPLIFICATION')"
2024-08-15 09:42:08,135	[DEBUG]	EXEC>  SUCCESS 26850745392.75
2024-08-15 09:42:08,135	[INFO]	7-8     SUCCESS               26850745392.750000 (100.68%) [2 edit(s)]  
2024-08-15 09:42:08,135	[DEBUG]	patch(7-8)="ParamSetting(('test.params', 'param', 'VARDECAY'), 0.06236214997832701) | ParamSetting(('test.params', 'param', 'RESTARTS'), 'FixedPeriodRestarts')"
2024-08-15 09:42:08,136	[INFO]	7-9     SUCCESS               26987132462.750000 (101.19%) [2 edit(s)] [cached] 
2024-08-15 09:42:08,136	[DEBUG]	patch(7-9)="ParamSetting(('test.params', 'param', 'CLEANING'), 'LBD') | ParamSetting(('test.params', 'param', 'CLEANING'), 'LBD')"
2024-08-15 09:42:08,137	[INFO]	7-10    SUCCESS               26946093993.250000 (101.03%) [1 edit(s)] [cached] 
2024-08-15 09:42:08,137	[DEBUG]	patch(7-10)="ParamSetting(('test.params', 'param', 'SIMP'), 'NO_SIMPLIFICATION')"
2024-08-15 09:42:08,138	[INFO]	REF     SUCCESS               26670188237.250000 (--) [0 edit(s)] [cached] 
2024-08-15 09:42:08,138	[INFO]	BEST    SUCCESS              *26544418321.750000 (99.53%) [0 edit(s)] [cached] 
2024-08-15 09:42:08,140	[INFO]	8-1     SUCCESS              +26544418321.750000 (99.53%) [2 edit(s)] [cached] 
2024-08-15 09:42:08,140	[DEBUG]	patch(8-1)="ParamSetting(('test.params', 'param', 'CONFLICTBOUNDINCFACTOR'), 2.1441515513114506) | ParamSetting(('test.params', 'param', 'SIMP'), 'EXPENSIVE_SIMPLIFICATION')"
2024-08-15 09:42:08,140	[INFO]	8-2     SUCCESS               26670793803.000000 (100.00%) [2 edit(s)] [cached] 
2024-08-15 09:42:08,141	[DEBUG]	patch(8-2)="ParamSetting(('test.params', 'param', 'CONFLICTBOUNDINCFACTOR'), 2.1441515513114506) | ParamSetting(('test.params', 'param', 'LUBYFACTOR'), 83)"
2024-08-15 09:42:08,141	[INFO]	8-3     SUCCESS               26544418321.750000 (99.53%) [1 edit(s)] [cached] 
2024-08-15 09:42:08,141	[DEBUG]	patch(8-3)="ParamSetting(('test.params', 'param', 'CONFLICTBOUNDINCFACTOR'), 2.1441515513114506)"
2024-08-15 09:42:08,142	[INFO]	8-4     SUCCESS               26544418321.750000 (99.53%) [3 edit(s)] [cached] 
2024-08-15 09:42:08,142	[DEBUG]	patch(8-4)="ParamSetting(('test.params', 'param', 'CONFLICTBOUNDINCFACTOR'), 2.1441515513114506) | ParamSetting(('test.params', 'param', 'SIMP'), 'EXPENSIVE_SIMPLIFICATION') | ParamSetting(('test.params', 'param', 'CONFLICTBOUNDINCFACTOR'), 2.1441515513114506)"
2024-08-15 09:42:08,142	[INFO]	8-5     SUCCESS               26946093993.250000 (101.03%) [1 edit(s)] [cached] 
2024-08-15 09:42:08,142	[DEBUG]	patch(8-5)="ParamSetting(('test.params', 'param', 'SIMP'), 'NO_SIMPLIFICATION')"
2024-08-15 09:42:08,143	[INFO]	8-6     SUCCESS               26946093993.250000 (101.03%) [1 edit(s)] [cached] 
2024-08-15 09:42:08,143	[DEBUG]	patch(8-6)="ParamSetting(('test.params', 'param', 'SIMP'), 'NO_SIMPLIFICATION')"
2024-08-15 09:42:43,085	[DEBUG]	EXEC>  SUCCESS 27119275341.5
2024-08-15 09:42:43,085	[INFO]	8-7     SUCCESS               27119275341.500000 (101.68%) [3 edit(s)]  
2024-08-15 09:42:43,085	[DEBUG]	patch(8-7)="ParamSetting(('test.params', 'param', 'CONFLICTBOUNDINCFACTOR'), 2.1441515513114506) | ParamSetting(('test.params', 'param', 'SIMP'), 'EXPENSIVE_SIMPLIFICATION') | ParamSetting(('test.params', 'param', 'FIXEDPERIOD'), 13352)"
2024-08-15 09:43:18,023	[DEBUG]	EXEC>  SUCCESS 27067997251.75
2024-08-15 09:43:18,023	[INFO]	8-8     SUCCESS               27067997251.750000 (101.49%) [2 edit(s)]  
2024-08-15 09:43:18,023	[DEBUG]	patch(8-8)="ParamSetting(('test.params', 'param', 'CONFLICTBOUNDINCFACTOR'), 2.1441515513114506) | ParamSetting(('test.params', 'param', 'INITCONFLICTBOUND'), 180)"
2024-08-15 09:43:18,024	[INFO]	8-9     SUCCESS               26544418321.750000 (99.53%) [1 edit(s)] [cached] 
2024-08-15 09:43:18,024	[DEBUG]	patch(8-9)="ParamSetting(('test.params', 'param', 'CONFLICTBOUNDINCFACTOR'), 2.1441515513114506)"
2024-08-15 09:43:18,025	[INFO]	8-10    SUCCESS               26670188237.250000 (100.00%) [0 edit(s)] [cached] 
2024-08-15 09:43:18,025	[DEBUG]	patch(8-10)=""
2024-08-15 09:43:18,025	[INFO]	REF     SUCCESS               26670188237.250000 (--) [0 edit(s)] [cached] 
2024-08-15 09:43:18,026	[INFO]	BEST    SUCCESS              *26544418321.750000 (99.53%) [0 edit(s)] [cached] 
2024-08-15 09:43:18,027	[INFO]	9-1     SUCCESS              +26544418321.750000 (99.53%) [3 edit(s)] [cached] 
2024-08-15 09:43:18,027	[DEBUG]	patch(9-1)="ParamSetting(('test.params', 'param', 'CONFLICTBOUNDINCFACTOR'), 2.1441515513114506) | ParamSetting(('test.params', 'param', 'SIMP'), 'EXPENSIVE_SIMPLIFICATION') | ParamSetting(('test.params', 'param', 'CONFLICTBOUNDINCFACTOR'), 2.1441515513114506)"
2024-08-15 09:43:18,028	[INFO]	9-2     SUCCESS               26544418321.750000 (99.53%) [5 edit(s)] [cached] 
2024-08-15 09:43:18,028	[DEBUG]	patch(9-2)="ParamSetting(('test.params', 'param', 'CONFLICTBOUNDINCFACTOR'), 2.1441515513114506) | ParamSetting(('test.params', 'param', 'SIMP'), 'EXPENSIVE_SIMPLIFICATION') | ParamSetting(('test.params', 'param', 'CONFLICTBOUNDINCFACTOR'), 2.1441515513114506) | ParamSetting(('test.params', 'param', 'SIMP'), 'EXPENSIVE_SIMPLIFICATION') | ParamSetting(('test.params', 'param', 'CONFLICTBOUNDINCFACTOR'), 2.1441515513114506)"
2024-08-15 09:43:18,028	[INFO]	9-3     SUCCESS               26544418321.750000 (99.53%) [2 edit(s)] [cached] 
2024-08-15 09:43:18,029	[DEBUG]	patch(9-3)="ParamSetting(('test.params', 'param', 'CONFLICTBOUNDINCFACTOR'), 2.1441515513114506) | ParamSetting(('test.params', 'param', 'SIMP'), 'EXPENSIVE_SIMPLIFICATION')"
2024-08-15 09:43:18,029	[INFO]	9-4     SUCCESS               26544418321.750000 (99.53%) [1 edit(s)] [cached] 
2024-08-15 09:43:18,029	[DEBUG]	patch(9-4)="ParamSetting(('test.params', 'param', 'CONFLICTBOUNDINCFACTOR'), 2.1441515513114506)"
2024-08-15 09:43:18,030	[INFO]	9-5     SUCCESS               26544418321.750000 (99.53%) [1 edit(s)] [cached] 
2024-08-15 09:43:18,030	[DEBUG]	patch(9-5)="ParamSetting(('test.params', 'param', 'CONFLICTBOUNDINCFACTOR'), 2.1441515513114506)"
2024-08-15 09:43:18,031	[INFO]	9-6     SUCCESS               26544418321.750000 (99.53%) [1 edit(s)] [cached] 
2024-08-15 09:43:18,031	[DEBUG]	patch(9-6)="ParamSetting(('test.params', 'param', 'CONFLICTBOUNDINCFACTOR'), 2.1441515513114506)"
2024-08-15 09:43:52,979	[DEBUG]	EXEC>  SUCCESS 27063817878.5
2024-08-15 09:43:52,980	[INFO]	9-7     SUCCESS               27063817878.500000 (101.48%) [4 edit(s)]  
2024-08-15 09:43:52,980	[DEBUG]	patch(9-7)="ParamSetting(('test.params', 'param', 'CONFLICTBOUNDINCFACTOR'), 2.1441515513114506) | ParamSetting(('test.params', 'param', 'SIMP'), 'EXPENSIVE_SIMPLIFICATION') | ParamSetting(('test.params', 'param', 'CONFLICTBOUNDINCFACTOR'), 2.1441515513114506) | ParamSetting(('test.params', 'param', 'VARDECAY'), 0.2621865645380208)"
2024-08-15 09:44:27,810	[DEBUG]	EXEC>  SUCCESS 26772179871.75
2024-08-15 09:44:27,810	[INFO]	9-8     SUCCESS               26772179871.750000 (100.38%) [3 edit(s)]  
2024-08-15 09:44:27,810	[DEBUG]	patch(9-8)="ParamSetting(('test.params', 'param', 'CONFLICTBOUNDINCFACTOR'), 2.1441515513114506) | ParamSetting(('test.params', 'param', 'SIMP'), 'EXPENSIVE_SIMPLIFICATION') | ParamSetting(('test.params', 'param', 'CONFLICTBOUNDINCFACTOR'), 2.10785510237997)"
2024-08-15 09:45:02,658	[DEBUG]	EXEC>  SUCCESS 26757195353.5
2024-08-15 09:45:02,658	[INFO]	9-9     SUCCESS               26757195353.500000 (100.33%) [2 edit(s)]  
2024-08-15 09:45:02,659	[DEBUG]	patch(9-9)="ParamSetting(('test.params', 'param', 'CONFLICTBOUNDINCFACTOR'), 2.1441515513114506) | ParamSetting(('test.params', 'param', 'FIXEDPERIOD'), 13584)"
2024-08-15 09:45:37,455	[DEBUG]	EXEC>  SUCCESS 26958916298.25
2024-08-15 09:45:37,455	[INFO]	9-10    SUCCESS               26958916298.250000 (101.08%) [1 edit(s)]  
2024-08-15 09:45:37,455	[DEBUG]	patch(9-10)="ParamSetting(('test.params', 'param', 'PHASE'), 'NegativeLiteralSelectionStrategy')"
2024-08-15 09:45:37,456	[INFO]	REF     SUCCESS               26670188237.250000 (--) [0 edit(s)] [cached] 
2024-08-15 09:45:37,457	[INFO]	BEST    SUCCESS              *26544418321.750000 (99.53%) [0 edit(s)] [cached] 
2024-08-15 09:45:37,459	[INFO]	10-1    SUCCESS              +26544418321.750000 (99.53%) [5 edit(s)] [cached] 
2024-08-15 09:45:37,459	[DEBUG]	patch(10-1)="ParamSetting(('test.params', 'param', 'CONFLICTBOUNDINCFACTOR'), 2.1441515513114506) | ParamSetting(('test.params', 'param', 'SIMP'), 'EXPENSIVE_SIMPLIFICATION') | ParamSetting(('test.params', 'param', 'CONFLICTBOUNDINCFACTOR'), 2.1441515513114506) | ParamSetting(('test.params', 'param', 'SIMP'), 'EXPENSIVE_SIMPLIFICATION') | ParamSetting(('test.params', 'param', 'CONFLICTBOUNDINCFACTOR'), 2.1441515513114506)"
2024-08-15 09:45:37,459	[INFO]	10-2    SUCCESS               26544418321.750000 (99.53%) [4 edit(s)] [cached] 
2024-08-15 09:45:37,459	[DEBUG]	patch(10-2)="ParamSetting(('test.params', 'param', 'CONFLICTBOUNDINCFACTOR'), 2.1441515513114506) | ParamSetting(('test.params', 'param', 'SIMP'), 'EXPENSIVE_SIMPLIFICATION') | ParamSetting(('test.params', 'param', 'CONFLICTBOUNDINCFACTOR'), 2.1441515513114506) | ParamSetting(('test.params', 'param', 'SIMP'), 'EXPENSIVE_SIMPLIFICATION')"
2024-08-15 09:46:12,627	[DEBUG]	EXEC>  SUCCESS 27115459732.5
2024-08-15 09:46:12,627	[INFO]	10-3    SUCCESS               27115459732.500000 (101.67%) [2 edit(s)]  
2024-08-15 09:46:12,627	[DEBUG]	patch(10-3)="ParamSetting(('test.params', 'param', 'PHASE'), 'NegativeLiteralSelectionStrategy') | ParamSetting(('test.params', 'param', 'CONFLICTBOUNDINCFACTOR'), 2.1441515513114506)"
2024-08-15 09:46:12,628	[INFO]	10-4    SUCCESS               27063817878.500000 (101.48%) [4 edit(s)] [cached] 
2024-08-15 09:46:12,628	[DEBUG]	patch(10-4)="ParamSetting(('test.params', 'param', 'CONFLICTBOUNDINCFACTOR'), 2.1441515513114506) | ParamSetting(('test.params', 'param', 'CONFLICTBOUNDINCFACTOR'), 2.1441515513114506) | ParamSetting(('test.params', 'param', 'VARDECAY'), 0.2621865645380208) | ParamSetting(('test.params', 'param', 'CONFLICTBOUNDINCFACTOR'), 2.1441515513114506)"
2024-08-15 09:46:12,629	[INFO]	10-5    SUCCESS               26670188237.250000 (100.00%) [1 edit(s)] [cached] 
2024-08-15 09:46:12,629	[DEBUG]	patch(10-5)="ParamSetting(('test.params', 'param', 'SIMP'), 'EXPENSIVE_SIMPLIFICATION')"
2024-08-15 09:46:12,629	[INFO]	10-6    SUCCESS               26757195353.500000 (100.33%) [3 edit(s)] [cached] 
2024-08-15 09:46:12,629	[DEBUG]	patch(10-6)="ParamSetting(('test.params', 'param', 'FIXEDPERIOD'), 13584) | ParamSetting(('test.params', 'param', 'SIMP'), 'EXPENSIVE_SIMPLIFICATION') | ParamSetting(('test.params', 'param', 'CONFLICTBOUNDINCFACTOR'), 2.1441515513114506)"
2024-08-15 09:46:47,451	[DEBUG]	EXEC>  SUCCESS 26920283026.5
2024-08-15 09:46:47,451	[INFO]	10-7    SUCCESS               26920283026.500000 (100.94%) [6 edit(s)]  
2024-08-15 09:46:47,451	[DEBUG]	patch(10-7)="ParamSetting(('test.params', 'param', 'CONFLICTBOUNDINCFACTOR'), 2.1441515513114506) | ParamSetting(('test.params', 'param', 'SIMP'), 'EXPENSIVE_SIMPLIFICATION') | ParamSetting(('test.params', 'param', 'CONFLICTBOUNDINCFACTOR'), 2.1441515513114506) | ParamSetting(('test.params', 'param', 'SIMP'), 'EXPENSIVE_SIMPLIFICATION') | ParamSetting(('test.params', 'param', 'CONFLICTBOUNDINCFACTOR'), 2.1441515513114506) | ParamSetting(('test.params', 'param', 'PHASE'), 'PositiveLiteralSelectionStrategy')"
2024-08-15 09:46:47,452	[INFO]	10-8    SUCCESS               26544418321.750000 (99.53%) [2 edit(s)] [cached] 
2024-08-15 09:46:47,452	[DEBUG]	patch(10-8)="ParamSetting(('test.params', 'param', 'CONFLICTBOUNDINCFACTOR'), 2.1441515513114506) | ParamSetting(('test.params', 'param', 'CONFLICTBOUNDINCFACTOR'), 2.1441515513114506)"
2024-08-15 09:46:47,452	[INFO]	10-9    SUCCESS               26670188237.250000 (100.00%) [1 edit(s)] [cached] 
2024-08-15 09:46:47,453	[DEBUG]	patch(10-9)="ParamSetting(('test.params', 'param', 'SIMP'), 'EXPENSIVE_SIMPLIFICATION')"
2024-08-15 09:46:47,453	[INFO]	10-10   SUCCESS               26670188237.250000 (100.00%) [0 edit(s)] [cached] 
2024-08-15 09:46:47,453	[DEBUG]	patch(10-10)=""
2024-08-15 09:46:47,454	[INFO]	REF     SUCCESS               26670188237.250000 (--) [0 edit(s)] [cached] 
2024-08-15 09:46:47,454	[INFO]	BEST    SUCCESS              *26544418321.750000 (99.53%) [0 edit(s)] [cached] 
2024-08-15 09:46:47,457	[INFO]	11-1    SUCCESS              +26544418321.750000 (99.53%) [5 edit(s)] [cached] 
2024-08-15 09:46:47,457	[DEBUG]	patch(11-1)="ParamSetting(('test.params', 'param', 'CONFLICTBOUNDINCFACTOR'), 2.1441515513114506) | ParamSetting(('test.params', 'param', 'SIMP'), 'EXPENSIVE_SIMPLIFICATION') | ParamSetting(('test.params', 'param', 'CONFLICTBOUNDINCFACTOR'), 2.1441515513114506) | ParamSetting(('test.params', 'param', 'SIMP'), 'EXPENSIVE_SIMPLIFICATION') | ParamSetting(('test.params', 'param', 'CONFLICTBOUNDINCFACTOR'), 2.1441515513114506)"
2024-08-15 09:46:47,457	[INFO]	11-2    SUCCESS               26544418321.750000 (99.53%) [7 edit(s)] [cached] 
2024-08-15 09:46:47,457	[DEBUG]	patch(11-2)="ParamSetting(('test.params', 'param', 'CONFLICTBOUNDINCFACTOR'), 2.1441515513114506) | ParamSetting(('test.params', 'param', 'CONFLICTBOUNDINCFACTOR'), 2.1441515513114506) | ParamSetting(('test.params', 'param', 'SIMP'), 'EXPENSIVE_SIMPLIFICATION') | ParamSetting(('test.params', 'param', 'CONFLICTBOUNDINCFACTOR'), 2.1441515513114506) | ParamSetting(('test.params', 'param', 'CONFLICTBOUNDINCFACTOR'), 2.1441515513114506) | ParamSetting(('test.params', 'param', 'SIMP'), 'EXPENSIVE_SIMPLIFICATION') | ParamSetting(('test.params', 'param', 'SIMP'), 'EXPENSIVE_SIMPLIFICATION')"
2024-08-15 09:46:47,458	[INFO]	11-3    SUCCESS               26544418321.750000 (99.53%) [5 edit(s)] [cached] 
2024-08-15 09:46:47,458	[DEBUG]	patch(11-3)="ParamSetting(('test.params', 'param', 'CONFLICTBOUNDINCFACTOR'), 2.1441515513114506) | ParamSetting(('test.params', 'param', 'SIMP'), 'EXPENSIVE_SIMPLIFICATION') | ParamSetting(('test.params', 'param', 'CONFLICTBOUNDINCFACTOR'), 2.1441515513114506) | ParamSetting(('test.params', 'param', 'SIMP'), 'EXPENSIVE_SIMPLIFICATION') | ParamSetting(('test.params', 'param', 'CONFLICTBOUNDINCFACTOR'), 2.1441515513114506)"
2024-08-15 09:46:47,459	[INFO]	11-4    SUCCESS               26544418321.750000 (99.53%) [5 edit(s)] [cached] 
2024-08-15 09:46:47,459	[DEBUG]	patch(11-4)="ParamSetting(('test.params', 'param', 'CONFLICTBOUNDINCFACTOR'), 2.1441515513114506) | ParamSetting(('test.params', 'param', 'SIMP'), 'EXPENSIVE_SIMPLIFICATION') | ParamSetting(('test.params', 'param', 'CONFLICTBOUNDINCFACTOR'), 2.1441515513114506) | ParamSetting(('test.params', 'param', 'SIMP'), 'EXPENSIVE_SIMPLIFICATION') | ParamSetting(('test.params', 'param', 'CONFLICTBOUNDINCFACTOR'), 2.1441515513114506)"
2024-08-15 09:46:47,459	[INFO]	11-5    SUCCESS               26544418321.750000 (99.53%) [1 edit(s)] [cached] 
2024-08-15 09:46:47,459	[DEBUG]	patch(11-5)="ParamSetting(('test.params', 'param', 'CONFLICTBOUNDINCFACTOR'), 2.1441515513114506)"
2024-08-15 09:46:47,460	[INFO]	11-6    SUCCESS               26544418321.750000 (99.53%) [4 edit(s)] [cached] 
2024-08-15 09:46:47,460	[DEBUG]	patch(11-6)="ParamSetting(('test.params', 'param', 'SIMP'), 'EXPENSIVE_SIMPLIFICATION') | ParamSetting(('test.params', 'param', 'SIMP'), 'EXPENSIVE_SIMPLIFICATION') | ParamSetting(('test.params', 'param', 'CONFLICTBOUNDINCFACTOR'), 2.1441515513114506) | ParamSetting(('test.params', 'param', 'SIMP'), 'EXPENSIVE_SIMPLIFICATION')"
2024-08-15 09:46:47,461	[INFO]	11-7    SUCCESS               26544418321.750000 (99.53%) [4 edit(s)] [cached] 
2024-08-15 09:46:47,461	[DEBUG]	patch(11-7)="ParamSetting(('test.params', 'param', 'CONFLICTBOUNDINCFACTOR'), 2.1441515513114506) | ParamSetting(('test.params', 'param', 'SIMP'), 'EXPENSIVE_SIMPLIFICATION') | ParamSetting(('test.params', 'param', 'SIMP'), 'EXPENSIVE_SIMPLIFICATION') | ParamSetting(('test.params', 'param', 'CONFLICTBOUNDINCFACTOR'), 2.1441515513114506)"
2024-08-15 09:46:47,462	[INFO]	11-8    SUCCESS               27115459732.500000 (101.67%) [3 edit(s)] [cached] 
2024-08-15 09:46:47,462	[DEBUG]	patch(11-8)="ParamSetting(('test.params', 'param', 'CONFLICTBOUNDINCFACTOR'), 2.1441515513114506) | ParamSetting(('test.params', 'param', 'CONFLICTBOUNDINCFACTOR'), 2.1441515513114506) | ParamSetting(('test.params', 'param', 'PHASE'), 'NegativeLiteralSelectionStrategy')"
2024-08-15 09:46:47,462	[INFO]	11-9    SUCCESS               27243608256.500000 (102.15%) [5 edit(s)] [cached] 
2024-08-15 09:46:47,462	[DEBUG]	patch(11-9)="ParamSetting(('test.params', 'param', 'CONFLICTBOUNDINCFACTOR'), 2.1441515513114506) | ParamSetting(('test.params', 'param', 'SIMP'), 'EXPENSIVE_SIMPLIFICATION') | ParamSetting(('test.params', 'param', 'CONFLICTBOUNDINCFACTOR'), 2.1441515513114506) | ParamSetting(('test.params', 'param', 'SIMP'), 'EXPENSIVE_SIMPLIFICATION') | ParamSetting(('test.params', 'param', 'CLEANING'), 'ACTIVITY')"
2024-08-15 09:46:47,463	[INFO]	11-10   SUCCESS               26670188237.250000 (100.00%) [1 edit(s)] [cached] 
2024-08-15 09:46:47,463	[DEBUG]	patch(11-10)="ParamSetting(('test.params', 'param', 'CLEANING'), 'LBD2')"
2024-08-15 09:46:47,463	[INFO]	REF     SUCCESS               26670188237.250000 (--) [0 edit(s)] [cached] 
2024-08-15 09:46:47,464	[INFO]	BEST    SUCCESS              *26544418321.750000 (99.53%) [0 edit(s)] [cached] 
2024-08-15 09:46:47,467	[INFO]	12-1    SUCCESS              +26544418321.750000 (99.53%) [4 edit(s)] [cached] 
2024-08-15 09:46:47,467	[DEBUG]	patch(12-1)="ParamSetting(('test.params', 'param', 'SIMP'), 'EXPENSIVE_SIMPLIFICATION') | ParamSetting(('test.params', 'param', 'SIMP'), 'EXPENSIVE_SIMPLIFICATION') | ParamSetting(('test.params', 'param', 'CONFLICTBOUNDINCFACTOR'), 2.1441515513114506) | ParamSetting(('test.params', 'param', 'SIMP'), 'EXPENSIVE_SIMPLIFICATION')"
2024-08-15 09:46:47,467	[INFO]	12-2    SUCCESS               26544418321.750000 (99.53%) [5 edit(s)] [cached] 
2024-08-15 09:46:47,467	[DEBUG]	patch(12-2)="ParamSetting(('test.params', 'param', 'SIMP'), 'EXPENSIVE_SIMPLIFICATION') | ParamSetting(('test.params', 'param', 'SIMP'), 'EXPENSIVE_SIMPLIFICATION') | ParamSetting(('test.params', 'param', 'SIMP'), 'EXPENSIVE_SIMPLIFICATION') | ParamSetting(('test.params', 'param', 'CONFLICTBOUNDINCFACTOR'), 2.1441515513114506) | ParamSetting(('test.params', 'param', 'CONFLICTBOUNDINCFACTOR'), 2.1441515513114506)"
2024-08-15 09:46:47,468	[INFO]	12-3    SUCCESS               26544418321.750000 (99.53%) [6 edit(s)] [cached] 
2024-08-15 09:46:47,468	[DEBUG]	patch(12-3)="ParamSetting(('test.params', 'param', 'CONFLICTBOUNDINCFACTOR'), 2.1441515513114506) | ParamSetting(('test.params', 'param', 'SIMP'), 'EXPENSIVE_SIMPLIFICATION') | ParamSetting(('test.params', 'param', 'CONFLICTBOUNDINCFACTOR'), 2.1441515513114506) | ParamSetting(('test.params', 'param', 'CONFLICTBOUNDINCFACTOR'), 2.1441515513114506) | ParamSetting(('test.params', 'param', 'SIMP'), 'EXPENSIVE_SIMPLIFICATION') | ParamSetting(('test.params', 'param', 'SIMP'), 'EXPENSIVE_SIMPLIFICATION')"
2024-08-15 09:46:47,469	[INFO]	12-4    SUCCESS               26544418321.750000 (99.53%) [4 edit(s)] [cached] 
2024-08-15 09:46:47,469	[DEBUG]	patch(12-4)="ParamSetting(('test.params', 'param', 'SIMP'), 'EXPENSIVE_SIMPLIFICATION') | ParamSetting(('test.params', 'param', 'CONFLICTBOUNDINCFACTOR'), 2.1441515513114506) | ParamSetting(('test.params', 'param', 'SIMP'), 'EXPENSIVE_SIMPLIFICATION') | ParamSetting(('test.params', 'param', 'CONFLICTBOUNDINCFACTOR'), 2.1441515513114506)"
2024-08-15 09:46:47,469	[INFO]	12-5    SUCCESS               27243608256.500000 (102.15%) [6 edit(s)] [cached] 
2024-08-15 09:46:47,469	[DEBUG]	patch(12-5)="ParamSetting(('test.params', 'param', 'CONFLICTBOUNDINCFACTOR'), 2.1441515513114506) | ParamSetting(('test.params', 'param', 'SIMP'), 'EXPENSIVE_SIMPLIFICATION') | ParamSetting(('test.params', 'param', 'CLEANING'), 'ACTIVITY') | ParamSetting(('test.params', 'param', 'CONFLICTBOUNDINCFACTOR'), 2.1441515513114506) | ParamSetting(('test.params', 'param', 'CONFLICTBOUNDINCFACTOR'), 2.1441515513114506) | ParamSetting(('test.params', 'param', 'SIMP'), 'EXPENSIVE_SIMPLIFICATION')"
2024-08-15 09:46:47,483	[INFO]	12-6    SUCCESS               26544418321.750000 (99.53%) [2 edit(s)] [cached] 
2024-08-15 09:46:47,483	[DEBUG]	patch(12-6)="ParamSetting(('test.params', 'param', 'SIMP'), 'EXPENSIVE_SIMPLIFICATION') | ParamSetting(('test.params', 'param', 'CONFLICTBOUNDINCFACTOR'), 2.1441515513114506)"
2024-08-15 09:47:22,240	[DEBUG]	EXEC>  SUCCESS 26649544772.5
2024-08-15 09:47:22,240	[INFO]	12-7    SUCCESS               26649544772.500000 (99.92%) [5 edit(s)]  
2024-08-15 09:47:22,240	[DEBUG]	patch(12-7)="ParamSetting(('test.params', 'param', 'SIMP'), 'EXPENSIVE_SIMPLIFICATION') | ParamSetting(('test.params', 'param', 'SIMP'), 'EXPENSIVE_SIMPLIFICATION') | ParamSetting(('test.params', 'param', 'CONFLICTBOUNDINCFACTOR'), 2.1441515513114506) | ParamSetting(('test.params', 'param', 'SIMP'), 'EXPENSIVE_SIMPLIFICATION') | ParamSetting(('test.params', 'param', 'CONFLICTBOUNDINCFACTOR'), 3.4901364949332505)"
2024-08-15 09:47:56,848	[DEBUG]	EXEC>  SUCCESS 26694924259.75
2024-08-15 09:47:56,849	[INFO]	12-8    SUCCESS               26694924259.750000 (100.09%) [6 edit(s)]  
2024-08-15 09:47:56,849	[DEBUG]	patch(12-8)="ParamSetting(('test.params', 'param', 'CONFLICTBOUNDINCFACTOR'), 2.1441515513114506) | ParamSetting(('test.params', 'param', 'SIMP'), 'EXPENSIVE_SIMPLIFICATION') | ParamSetting(('test.params', 'param', 'CONFLICTBOUNDINCFACTOR'), 2.1441515513114506) | ParamSetting(('test.params', 'param', 'SIMP'), 'EXPENSIVE_SIMPLIFICATION') | ParamSetting(('test.params', 'param', 'CONFLICTBOUNDINCFACTOR'), 2.1441515513114506) | ParamSetting(('test.params', 'param', 'RESTARTS'), 'FixedPeriodRestarts')"
2024-08-15 09:47:56,849	[INFO]	12-9    SUCCESS               26544418321.750000 (99.53%) [3 edit(s)] [cached] 
2024-08-15 09:47:56,849	[DEBUG]	patch(12-9)="ParamSetting(('test.params', 'param', 'CONFLICTBOUNDINCFACTOR'), 2.1441515513114506) | ParamSetting(('test.params', 'param', 'SIMP'), 'EXPENSIVE_SIMPLIFICATION') | ParamSetting(('test.params', 'param', 'CONFLICTBOUNDINCFACTOR'), 2.1441515513114506)"
2024-08-15 09:48:31,710	[DEBUG]	EXEC>  SUCCESS 26718527032.0
2024-08-15 09:48:31,710	[INFO]	12-10   SUCCESS               26718527032.000000 (100.18%) [8 edit(s)]  
2024-08-15 09:48:31,710	[DEBUG]	patch(12-10)="ParamSetting(('test.params', 'param', 'CONFLICTBOUNDINCFACTOR'), 2.1441515513114506) | ParamSetting(('test.params', 'param', 'CONFLICTBOUNDINCFACTOR'), 2.1441515513114506) | ParamSetting(('test.params', 'param', 'SIMP'), 'EXPENSIVE_SIMPLIFICATION') | ParamSetting(('test.params', 'param', 'CONFLICTBOUNDINCFACTOR'), 2.1441515513114506) | ParamSetting(('test.params', 'param', 'CONFLICTBOUNDINCFACTOR'), 2.1441515513114506) | ParamSetting(('test.params', 'param', 'SIMP'), 'EXPENSIVE_SIMPLIFICATION') | ParamSetting(('test.params', 'param', 'SIMP'), 'EXPENSIVE_SIMPLIFICATION') | ParamSetting(('test.params', 'param', 'FIXEDPERIOD'), 2241)"
2024-08-15 09:48:31,711	[INFO]	REF     SUCCESS               26670188237.250000 (--) [0 edit(s)] [cached] 
2024-08-15 09:48:31,712	[INFO]	BEST    SUCCESS              *26544418321.750000 (99.53%) [0 edit(s)] [cached] 
2024-08-15 09:48:31,715	[INFO]	13-1    SUCCESS              +26544418321.750000 (99.53%) [4 edit(s)] [cached] 
2024-08-15 09:48:31,715	[DEBUG]	patch(13-1)="ParamSetting(('test.params', 'param', 'SIMP'), 'EXPENSIVE_SIMPLIFICATION') | ParamSetting(('test.params', 'param', 'SIMP'), 'EXPENSIVE_SIMPLIFICATION') | ParamSetting(('test.params', 'param', 'CONFLICTBOUNDINCFACTOR'), 2.1441515513114506) | ParamSetting(('test.params', 'param', 'SIMP'), 'EXPENSIVE_SIMPLIFICATION')"
2024-08-15 09:48:31,716	[INFO]	13-2    SUCCESS               26718527032.000000 (100.18%) [5 edit(s)] [cached] 
2024-08-15 09:48:31,716	[DEBUG]	patch(13-2)="ParamSetting(('test.params', 'param', 'CONFLICTBOUNDINCFACTOR'), 2.1441515513114506) | ParamSetting(('test.params', 'param', 'CONFLICTBOUNDINCFACTOR'), 2.1441515513114506) | ParamSetting(('test.params', 'param', 'SIMP'), 'EXPENSIVE_SIMPLIFICATION') | ParamSetting(('test.params', 'param', 'FIXEDPERIOD'), 2241) | ParamSetting(('test.params', 'param', 'SIMP'), 'EXPENSIVE_SIMPLIFICATION')"
2024-08-15 09:48:31,717	[INFO]	13-3    SUCCESS               26544418321.750000 (99.53%) [5 edit(s)] [cached] 
2024-08-15 09:48:31,717	[DEBUG]	patch(13-3)="ParamSetting(('test.params', 'param', 'CONFLICTBOUNDINCFACTOR'), 2.1441515513114506) | ParamSetting(('test.params', 'param', 'CONFLICTBOUNDINCFACTOR'), 2.1441515513114506) | ParamSetting(('test.params', 'param', 'SIMP'), 'EXPENSIVE_SIMPLIFICATION') | ParamSetting(('test.params', 'param', 'SIMP'), 'EXPENSIVE_SIMPLIFICATION') | ParamSetting(('test.params', 'param', 'CONFLICTBOUNDINCFACTOR'), 2.1441515513114506)"
2024-08-15 09:48:31,717	[INFO]	13-4    SUCCESS               27243608256.500000 (102.15%) [7 edit(s)] [cached] 
2024-08-15 09:48:31,717	[DEBUG]	patch(13-4)="ParamSetting(('test.params', 'param', 'CLEANING'), 'ACTIVITY') | ParamSetting(('test.params', 'param', 'CONFLICTBOUNDINCFACTOR'), 2.1441515513114506) | ParamSetting(('test.params', 'param', 'SIMP'), 'EXPENSIVE_SIMPLIFICATION') | ParamSetting(('test.params', 'param', 'CONFLICTBOUNDINCFACTOR'), 2.1441515513114506) | ParamSetting(('test.params', 'param', 'SIMP'), 'EXPENSIVE_SIMPLIFICATION') | ParamSetting(('test.params', 'param', 'CONFLICTBOUNDINCFACTOR'), 2.1441515513114506) | ParamSetting(('test.params', 'param', 'SIMP'), 'EXPENSIVE_SIMPLIFICATION')"
2024-08-15 09:48:31,718	[INFO]	13-5    SUCCESS               26544418321.750000 (99.53%) [3 edit(s)] [cached] 
2024-08-15 09:48:31,718	[DEBUG]	patch(13-5)="ParamSetting(('test.params', 'param', 'CONFLICTBOUNDINCFACTOR'), 2.1441515513114506) | ParamSetting(('test.params', 'param', 'SIMP'), 'EXPENSIVE_SIMPLIFICATION') | ParamSetting(('test.params', 'param', 'SIMP'), 'EXPENSIVE_SIMPLIFICATION')"
2024-08-15 09:48:31,719	[INFO]	13-6    SUCCESS               26544418321.750000 (99.53%) [5 edit(s)] [cached] 
2024-08-15 09:48:31,719	[DEBUG]	patch(13-6)="ParamSetting(('test.params', 'param', 'CONFLICTBOUNDINCFACTOR'), 2.1441515513114506) | ParamSetting(('test.params', 'param', 'SIMP'), 'EXPENSIVE_SIMPLIFICATION') | ParamSetting(('test.params', 'param', 'SIMP'), 'EXPENSIVE_SIMPLIFICATION') | ParamSetting(('test.params', 'param', 'SIMP'), 'EXPENSIVE_SIMPLIFICATION') | ParamSetting(('test.params', 'param', 'CONFLICTBOUNDINCFACTOR'), 2.1441515513114506)"
2024-08-15 09:48:31,719	[INFO]	13-7    SUCCESS               26544418321.750000 (99.53%) [3 edit(s)] [cached] 
2024-08-15 09:48:31,719	[DEBUG]	patch(13-7)="ParamSetting(('test.params', 'param', 'SIMP'), 'EXPENSIVE_SIMPLIFICATION') | ParamSetting(('test.params', 'param', 'CONFLICTBOUNDINCFACTOR'), 2.1441515513114506) | ParamSetting(('test.params', 'param', 'SIMP'), 'EXPENSIVE_SIMPLIFICATION')"
2024-08-15 09:48:31,720	[INFO]	13-8    SUCCESS               26544418321.750000 (99.53%) [3 edit(s)] [cached] 
2024-08-15 09:48:31,720	[DEBUG]	patch(13-8)="ParamSetting(('test.params', 'param', 'SIMP'), 'EXPENSIVE_SIMPLIFICATION') | ParamSetting(('test.params', 'param', 'CONFLICTBOUNDINCFACTOR'), 2.1441515513114506) | ParamSetting(('test.params', 'param', 'CONFLICTBOUNDINCFACTOR'), 2.1441515513114506)"
2024-08-15 09:49:06,632	[DEBUG]	EXEC>  SUCCESS 26989569371.75
2024-08-15 09:49:06,632	[INFO]	13-9    SUCCESS               26989569371.750000 (101.20%) [7 edit(s)]  
2024-08-15 09:49:06,632	[DEBUG]	patch(13-9)="ParamSetting(('test.params', 'param', 'CONFLICTBOUNDINCFACTOR'), 2.1441515513114506) | ParamSetting(('test.params', 'param', 'SIMP'), 'EXPENSIVE_SIMPLIFICATION') | ParamSetting(('test.params', 'param', 'CONFLICTBOUNDINCFACTOR'), 2.1441515513114506) | ParamSetting(('test.params', 'param', 'CONFLICTBOUNDINCFACTOR'), 2.1441515513114506) | ParamSetting(('test.params', 'param', 'SIMP'), 'EXPENSIVE_SIMPLIFICATION') | ParamSetting(('test.params', 'param', 'SIMP'), 'EXPENSIVE_SIMPLIFICATION') | ParamSetting(('test.params', 'param', 'CLADECAY'), 0.12165665828268757)"
2024-08-15 09:49:06,633	[INFO]	13-10   SUCCESS               26544418321.750000 (99.53%) [4 edit(s)] [cached] 
2024-08-15 09:49:06,633	[DEBUG]	patch(13-10)="ParamSetting(('test.params', 'param', 'CONFLICTBOUNDINCFACTOR'), 2.1441515513114506) | ParamSetting(('test.params', 'param', 'SIMP'), 'EXPENSIVE_SIMPLIFICATION') | ParamSetting(('test.params', 'param', 'CONFLICTBOUNDINCFACTOR'), 2.1441515513114506) | ParamSetting(('test.params', 'param', 'SIMP'), 'EXPENSIVE_SIMPLIFICATION')"
2024-08-15 09:49:06,634	[INFO]	REF     SUCCESS               26670188237.250000 (--) [0 edit(s)] [cached] 
2024-08-15 09:49:06,634	[INFO]	BEST    SUCCESS              *26544418321.750000 (99.53%) [0 edit(s)] [cached] 
2024-08-15 09:49:06,638	[INFO]	14-1    SUCCESS              +26544418321.750000 (99.53%) [4 edit(s)] [cached] 
2024-08-15 09:49:06,638	[DEBUG]	patch(14-1)="ParamSetting(('test.params', 'param', 'SIMP'), 'EXPENSIVE_SIMPLIFICATION') | ParamSetting(('test.params', 'param', 'SIMP'), 'EXPENSIVE_SIMPLIFICATION') | ParamSetting(('test.params', 'param', 'CONFLICTBOUNDINCFACTOR'), 2.1441515513114506) | ParamSetting(('test.params', 'param', 'SIMP'), 'EXPENSIVE_SIMPLIFICATION')"
2024-08-15 09:49:06,638	[INFO]	14-2    SUCCESS               26544418321.750000 (99.53%) [3 edit(s)] [cached] 
2024-08-15 09:49:06,638	[DEBUG]	patch(14-2)="ParamSetting(('test.params', 'param', 'SIMP'), 'EXPENSIVE_SIMPLIFICATION') | ParamSetting(('test.params', 'param', 'CONFLICTBOUNDINCFACTOR'), 2.1441515513114506) | ParamSetting(('test.params', 'param', 'SIMP'), 'EXPENSIVE_SIMPLIFICATION')"
2024-08-15 09:49:06,639	[INFO]	14-3    SUCCESS               26544418321.750000 (99.53%) [4 edit(s)] [cached] 
2024-08-15 09:49:06,639	[DEBUG]	patch(14-3)="ParamSetting(('test.params', 'param', 'CONFLICTBOUNDINCFACTOR'), 2.1441515513114506) | ParamSetting(('test.params', 'param', 'CONFLICTBOUNDINCFACTOR'), 2.1441515513114506) | ParamSetting(('test.params', 'param', 'SIMP'), 'EXPENSIVE_SIMPLIFICATION') | ParamSetting(('test.params', 'param', 'CONFLICTBOUNDINCFACTOR'), 2.1441515513114506)"
2024-08-15 09:49:06,640	[INFO]	14-4    SUCCESS               26544418321.750000 (99.53%) [4 edit(s)] [cached] 
2024-08-15 09:49:06,640	[DEBUG]	patch(14-4)="ParamSetting(('test.params', 'param', 'SIMP'), 'EXPENSIVE_SIMPLIFICATION') | ParamSetting(('test.params', 'param', 'CONFLICTBOUNDINCFACTOR'), 2.1441515513114506) | ParamSetting(('test.params', 'param', 'SIMP'), 'EXPENSIVE_SIMPLIFICATION') | ParamSetting(('test.params', 'param', 'SIMP'), 'EXPENSIVE_SIMPLIFICATION')"
2024-08-15 09:49:06,640	[INFO]	14-5    SUCCESS               26544418321.750000 (99.53%) [2 edit(s)] [cached] 
2024-08-15 09:49:06,640	[DEBUG]	patch(14-5)="ParamSetting(('test.params', 'param', 'CONFLICTBOUNDINCFACTOR'), 2.1441515513114506) | ParamSetting(('test.params', 'param', 'SIMP'), 'EXPENSIVE_SIMPLIFICATION')"
2024-08-15 09:49:06,641	[INFO]	14-6    SUCCESS               26544418321.750000 (99.53%) [4 edit(s)] [cached] 
2024-08-15 09:49:06,641	[DEBUG]	patch(14-6)="ParamSetting(('test.params', 'param', 'SIMP'), 'EXPENSIVE_SIMPLIFICATION') | ParamSetting(('test.params', 'param', 'CONFLICTBOUNDINCFACTOR'), 2.1441515513114506) | ParamSetting(('test.params', 'param', 'SIMP'), 'EXPENSIVE_SIMPLIFICATION') | ParamSetting(('test.params', 'param', 'SIMP'), 'EXPENSIVE_SIMPLIFICATION')"
2024-08-15 09:49:41,357	[DEBUG]	EXEC>  SUCCESS 26511356736.5
2024-08-15 09:49:41,357	[INFO]	14-7    SUCCESS              *26511356736.500000 (99.40%) [5 edit(s)]  
2024-08-15 09:49:41,357	[DEBUG]	patch(14-7)="ParamSetting(('test.params', 'param', 'SIMP'), 'EXPENSIVE_SIMPLIFICATION') | ParamSetting(('test.params', 'param', 'SIMP'), 'EXPENSIVE_SIMPLIFICATION') | ParamSetting(('test.params', 'param', 'CONFLICTBOUNDINCFACTOR'), 2.1441515513114506) | ParamSetting(('test.params', 'param', 'SIMP'), 'EXPENSIVE_SIMPLIFICATION') | ParamSetting(('test.params', 'param', 'CONFLICTBOUNDINCFACTOR'), 2.3160483118507615)"
--- before: test.params
+++ after: test.params
@@ -5,6 +5,6 @@
 CLADECAY := 0.999
 INITCONFLICTBOUND := 100
 VARDECAY := 0.95
-CONFLICTBOUNDINCFACTOR := 2.0
+CONFLICTBOUNDINCFACTOR := 2.3160483118507615
 SIMP := 'EXPENSIVE_SIMPLIFICATION'
 CLEANING := 'LBD2'

2024-08-15 09:50:16,353	[DEBUG]	EXEC>  SUCCESS 27040320018.0
2024-08-15 09:50:16,353	[INFO]	14-8    SUCCESS               27040320018.000000 (101.39%) [6 edit(s)]  
2024-08-15 09:50:16,353	[DEBUG]	patch(14-8)="ParamSetting(('test.params', 'param', 'CONFLICTBOUNDINCFACTOR'), 2.1441515513114506) | ParamSetting(('test.params', 'param', 'CONFLICTBOUNDINCFACTOR'), 2.1441515513114506) | ParamSetting(('test.params', 'param', 'SIMP'), 'EXPENSIVE_SIMPLIFICATION') | ParamSetting(('test.params', 'param', 'SIMP'), 'EXPENSIVE_SIMPLIFICATION') | ParamSetting(('test.params', 'param', 'CONFLICTBOUNDINCFACTOR'), 2.1441515513114506) | ParamSetting(('test.params', 'param', 'VARDECAY'), 0.8075281130993056)"
2024-08-15 09:50:16,354	[INFO]	14-9    SUCCESS               26544418321.750000 (99.53%) [4 edit(s)] [cached] 
2024-08-15 09:50:16,354	[DEBUG]	patch(14-9)="ParamSetting(('test.params', 'param', 'SIMP'), 'EXPENSIVE_SIMPLIFICATION') | ParamSetting(('test.params', 'param', 'SIMP'), 'EXPENSIVE_SIMPLIFICATION') | ParamSetting(('test.params', 'param', 'SIMP'), 'EXPENSIVE_SIMPLIFICATION') | ParamSetting(('test.params', 'param', 'CONFLICTBOUNDINCFACTOR'), 2.1441515513114506)"
2024-08-15 09:50:51,423	[DEBUG]	EXEC>  SUCCESS 27185600417.75
2024-08-15 09:50:51,424	[INFO]	14-10   SUCCESS               27185600417.750000 (101.93%) [5 edit(s)]  
2024-08-15 09:50:51,424	[DEBUG]	patch(14-10)="ParamSetting(('test.params', 'param', 'CONFLICTBOUNDINCFACTOR'), 2.1441515513114506) | ParamSetting(('test.params', 'param', 'SIMP'), 'EXPENSIVE_SIMPLIFICATION') | ParamSetting(('test.params', 'param', 'CONFLICTBOUNDINCFACTOR'), 2.1441515513114506) | ParamSetting(('test.params', 'param', 'SIMP'), 'EXPENSIVE_SIMPLIFICATION') | ParamSetting(('test.params', 'param', 'CLADECAY'), 0.9256147963505972)"
2024-08-15 09:50:51,424	[INFO]	REF     SUCCESS               26670188237.250000 (--) [0 edit(s)] [cached] 
2024-08-15 09:50:51,425	[INFO]	BEST    SUCCESS              *26511356736.500000 (99.40%) [0 edit(s)] [cached] 
2024-08-15 09:50:51,428	[INFO]	15-1    SUCCESS              +26511356736.500000 (99.40%) [5 edit(s)] [cached] 
2024-08-15 09:50:51,428	[DEBUG]	patch(15-1)="ParamSetting(('test.params', 'param', 'SIMP'), 'EXPENSIVE_SIMPLIFICATION') | ParamSetting(('test.params', 'param', 'SIMP'), 'EXPENSIVE_SIMPLIFICATION') | ParamSetting(('test.params', 'param', 'CONFLICTBOUNDINCFACTOR'), 2.1441515513114506) | ParamSetting(('test.params', 'param', 'SIMP'), 'EXPENSIVE_SIMPLIFICATION') | ParamSetting(('test.params', 'param', 'CONFLICTBOUNDINCFACTOR'), 2.3160483118507615)"
2024-08-15 09:50:51,428	[INFO]	15-2    SUCCESS               26670188237.250000 (100.00%) [1 edit(s)] [cached] 
2024-08-15 09:50:51,429	[DEBUG]	patch(15-2)="ParamSetting(('test.params', 'param', 'SIMP'), 'EXPENSIVE_SIMPLIFICATION')"
2024-08-15 09:50:51,429	[INFO]	15-3    SUCCESS               26544418321.750000 (99.53%) [4 edit(s)] [cached] 
2024-08-15 09:50:51,429	[DEBUG]	patch(15-3)="ParamSetting(('test.params', 'param', 'CONFLICTBOUNDINCFACTOR'), 2.1441515513114506) | ParamSetting(('test.params', 'param', 'SIMP'), 'EXPENSIVE_SIMPLIFICATION') | ParamSetting(('test.params', 'param', 'SIMP'), 'EXPENSIVE_SIMPLIFICATION') | ParamSetting(('test.params', 'param', 'SIMP'), 'EXPENSIVE_SIMPLIFICATION')"
2024-08-15 09:50:51,430	[INFO]	15-4    SUCCESS               26670188237.250000 (100.00%) [2 edit(s)] [cached] 
2024-08-15 09:50:51,430	[DEBUG]	patch(15-4)="ParamSetting(('test.params', 'param', 'SIMP'), 'EXPENSIVE_SIMPLIFICATION') | ParamSetting(('test.params', 'param', 'SIMP'), 'EXPENSIVE_SIMPLIFICATION')"
2024-08-15 09:50:51,430	[INFO]	15-5    SUCCESS               26544418321.750000 (99.53%) [2 edit(s)] [cached] 
2024-08-15 09:50:51,430	[DEBUG]	patch(15-5)="ParamSetting(('test.params', 'param', 'CONFLICTBOUNDINCFACTOR'), 2.1441515513114506) | ParamSetting(('test.params', 'param', 'SIMP'), 'EXPENSIVE_SIMPLIFICATION')"
2024-08-15 09:50:51,431	[INFO]	15-6    SUCCESS               26544418321.750000 (99.53%) [4 edit(s)] [cached] 
2024-08-15 09:50:51,431	[DEBUG]	patch(15-6)="ParamSetting(('test.params', 'param', 'CONFLICTBOUNDINCFACTOR'), 2.1441515513114506) | ParamSetting(('test.params', 'param', 'SIMP'), 'EXPENSIVE_SIMPLIFICATION') | ParamSetting(('test.params', 'param', 'SIMP'), 'EXPENSIVE_SIMPLIFICATION') | ParamSetting(('test.params', 'param', 'SIMP'), 'EXPENSIVE_SIMPLIFICATION')"
2024-08-15 09:51:26,344	[DEBUG]	EXEC>  SUCCESS 27065817881.0
2024-08-15 09:51:26,344	[INFO]	15-7    SUCCESS               27065817881.000000 (101.48%) [6 edit(s)]  
2024-08-15 09:51:26,344	[DEBUG]	patch(15-7)="ParamSetting(('test.params', 'param', 'SIMP'), 'EXPENSIVE_SIMPLIFICATION') | ParamSetting(('test.params', 'param', 'SIMP'), 'EXPENSIVE_SIMPLIFICATION') | ParamSetting(('test.params', 'param', 'CONFLICTBOUNDINCFACTOR'), 2.1441515513114506) | ParamSetting(('test.params', 'param', 'SIMP'), 'EXPENSIVE_SIMPLIFICATION') | ParamSetting(('test.params', 'param', 'CONFLICTBOUNDINCFACTOR'), 2.3160483118507615) | ParamSetting(('test.params', 'param', 'CLADECAY'), 0.7868333858052828)"
2024-08-15 09:52:01,188	[DEBUG]	EXEC>  SUCCESS 26812163386.25
2024-08-15 09:52:01,188	[INFO]	15-8    SUCCESS               26812163386.250000 (100.53%) [5 edit(s)]  
2024-08-15 09:52:01,188	[DEBUG]	patch(15-8)="ParamSetting(('test.params', 'param', 'SIMP'), 'EXPENSIVE_SIMPLIFICATION') | ParamSetting(('test.params', 'param', 'SIMP'), 'EXPENSIVE_SIMPLIFICATION') | ParamSetting(('test.params', 'param', 'CONFLICTBOUNDINCFACTOR'), 2.1441515513114506) | ParamSetting(('test.params', 'param', 'SIMP'), 'EXPENSIVE_SIMPLIFICATION') | ParamSetting(('test.params', 'param', 'CONFLICTBOUNDINCFACTOR'), 3.3252686535869325)"
2024-08-15 09:52:01,189	[INFO]	15-9    SUCCESS               26544418321.750000 (99.53%) [3 edit(s)] [cached] 
2024-08-15 09:52:01,189	[DEBUG]	patch(15-9)="ParamSetting(('test.params', 'param', 'SIMP'), 'EXPENSIVE_SIMPLIFICATION') | ParamSetting(('test.params', 'param', 'SIMP'), 'EXPENSIVE_SIMPLIFICATION') | ParamSetting(('test.params', 'param', 'CONFLICTBOUNDINCFACTOR'), 2.1441515513114506)"
2024-08-15 09:52:01,190	[INFO]	15-10   SUCCESS               26544418321.750000 (99.53%) [3 edit(s)] [cached] 
2024-08-15 09:52:01,190	[DEBUG]	patch(15-10)="ParamSetting(('test.params', 'param', 'SIMP'), 'EXPENSIVE_SIMPLIFICATION') | ParamSetting(('test.params', 'param', 'CONFLICTBOUNDINCFACTOR'), 2.1441515513114506) | ParamSetting(('test.params', 'param', 'SIMP'), 'EXPENSIVE_SIMPLIFICATION')"
2024-08-15 09:52:01,191	[INFO]	REF     SUCCESS               26670188237.250000 (--) [0 edit(s)] [cached] 
2024-08-15 09:52:01,191	[INFO]	BEST    SUCCESS              *26511356736.500000 (99.40%) [0 edit(s)] [cached] 
2024-08-15 09:52:01,194	[INFO]	16-1    SUCCESS              +26511356736.500000 (99.40%) [5 edit(s)] [cached] 
2024-08-15 09:52:01,194	[DEBUG]	patch(16-1)="ParamSetting(('test.params', 'param', 'SIMP'), 'EXPENSIVE_SIMPLIFICATION') | ParamSetting(('test.params', 'param', 'SIMP'), 'EXPENSIVE_SIMPLIFICATION') | ParamSetting(('test.params', 'param', 'CONFLICTBOUNDINCFACTOR'), 2.1441515513114506) | ParamSetting(('test.params', 'param', 'SIMP'), 'EXPENSIVE_SIMPLIFICATION') | ParamSetting(('test.params', 'param', 'CONFLICTBOUNDINCFACTOR'), 2.3160483118507615)"
2024-08-15 09:52:01,194	[INFO]	16-2    SUCCESS               26670188237.250000 (100.00%) [5 edit(s)] [cached] 
2024-08-15 09:52:01,194	[DEBUG]	patch(16-2)="ParamSetting(('test.params', 'param', 'SIMP'), 'EXPENSIVE_SIMPLIFICATION') | ParamSetting(('test.params', 'param', 'SIMP'), 'EXPENSIVE_SIMPLIFICATION') | ParamSetting(('test.params', 'param', 'SIMP'), 'EXPENSIVE_SIMPLIFICATION') | ParamSetting(('test.params', 'param', 'SIMP'), 'EXPENSIVE_SIMPLIFICATION') | ParamSetting(('test.params', 'param', 'SIMP'), 'EXPENSIVE_SIMPLIFICATION')"
2024-08-15 09:52:01,195	[INFO]	16-3    SUCCESS               26544418321.750000 (99.53%) [4 edit(s)] [cached] 
2024-08-15 09:52:01,195	[DEBUG]	patch(16-3)="ParamSetting(('test.params', 'param', 'CONFLICTBOUNDINCFACTOR'), 2.1441515513114506) | ParamSetting(('test.params', 'param', 'SIMP'), 'EXPENSIVE_SIMPLIFICATION') | ParamSetting(('test.params', 'param', 'SIMP'), 'EXPENSIVE_SIMPLIFICATION') | ParamSetting(('test.params', 'param', 'SIMP'), 'EXPENSIVE_SIMPLIFICATION')"
2024-08-15 09:52:01,195	[INFO]	16-4    SUCCESS               26544418321.750000 (99.53%) [2 edit(s)] [cached] 
2024-08-15 09:52:01,196	[DEBUG]	patch(16-4)="ParamSetting(('test.params', 'param', 'CONFLICTBOUNDINCFACTOR'), 2.1441515513114506) | ParamSetting(('test.params', 'param', 'SIMP'), 'EXPENSIVE_SIMPLIFICATION')"
2024-08-15 09:52:01,196	[INFO]	16-5    SUCCESS               26670188237.250000 (100.00%) [3 edit(s)] [cached] 
2024-08-15 09:52:01,196	[DEBUG]	patch(16-5)="ParamSetting(('test.params', 'param', 'SIMP'), 'EXPENSIVE_SIMPLIFICATION') | ParamSetting(('test.params', 'param', 'SIMP'), 'EXPENSIVE_SIMPLIFICATION') | ParamSetting(('test.params', 'param', 'SIMP'), 'EXPENSIVE_SIMPLIFICATION')"
2024-08-15 09:52:01,197	[INFO]	16-6    SUCCESS               26670188237.250000 (100.00%) [1 edit(s)] [cached] 
2024-08-15 09:52:01,197	[DEBUG]	patch(16-6)="ParamSetting(('test.params', 'param', 'SIMP'), 'EXPENSIVE_SIMPLIFICATION')"
2024-08-15 09:52:01,197	[INFO]	16-7    SUCCESS               26511356736.500000 (99.40%) [4 edit(s)] [cached] 
2024-08-15 09:52:01,197	[DEBUG]	patch(16-7)="ParamSetting(('test.params', 'param', 'SIMP'), 'EXPENSIVE_SIMPLIFICATION') | ParamSetting(('test.params', 'param', 'CONFLICTBOUNDINCFACTOR'), 2.1441515513114506) | ParamSetting(('test.params', 'param', 'SIMP'), 'EXPENSIVE_SIMPLIFICATION') | ParamSetting(('test.params', 'param', 'CONFLICTBOUNDINCFACTOR'), 2.3160483118507615)"
2024-08-15 09:52:35,976	[DEBUG]	EXEC>  SUCCESS 27018606210.5
2024-08-15 09:52:35,976	[INFO]	16-8    SUCCESS               27018606210.500000 (101.31%) [5 edit(s)]  
2024-08-15 09:52:35,976	[DEBUG]	patch(16-8)="ParamSetting(('test.params', 'param', 'CONFLICTBOUNDINCFACTOR'), 2.1441515513114506) | ParamSetting(('test.params', 'param', 'SIMP'), 'EXPENSIVE_SIMPLIFICATION') | ParamSetting(('test.params', 'param', 'SIMP'), 'EXPENSIVE_SIMPLIFICATION') | ParamSetting(('test.params', 'param', 'SIMP'), 'EXPENSIVE_SIMPLIFICATION') | ParamSetting(('test.params', 'param', 'SIMP'), 'NO_SIMPLIFICATION')"
2024-08-15 09:52:35,977	[INFO]	16-9    SUCCESS               26544418321.750000 (99.53%) [2 edit(s)] [cached] 
2024-08-15 09:52:35,977	[DEBUG]	patch(16-9)="ParamSetting(('test.params', 'param', 'CONFLICTBOUNDINCFACTOR'), 2.1441515513114506) | ParamSetting(('test.params', 'param', 'SIMP'), 'EXPENSIVE_SIMPLIFICATION')"
2024-08-15 09:52:35,977	[INFO]	16-10   SUCCESS               26670188237.250000 (100.00%) [1 edit(s)] [cached] 
2024-08-15 09:52:35,977	[DEBUG]	patch(16-10)="ParamSetting(('test.params', 'param', 'SIMP'), 'EXPENSIVE_SIMPLIFICATION')"
2024-08-15 09:52:35,978	[INFO]	REF     SUCCESS               26670188237.250000 (--) [0 edit(s)] [cached] 
2024-08-15 09:52:35,979	[INFO]	BEST    SUCCESS              *26511356736.500000 (99.40%) [0 edit(s)] [cached] 
2024-08-15 09:52:35,981	[INFO]	17-1    SUCCESS              +26511356736.500000 (99.40%) [4 edit(s)] [cached] 
2024-08-15 09:52:35,981	[DEBUG]	patch(17-1)="ParamSetting(('test.params', 'param', 'SIMP'), 'EXPENSIVE_SIMPLIFICATION') | ParamSetting(('test.params', 'param', 'CONFLICTBOUNDINCFACTOR'), 2.1441515513114506) | ParamSetting(('test.params', 'param', 'SIMP'), 'EXPENSIVE_SIMPLIFICATION') | ParamSetting(('test.params', 'param', 'CONFLICTBOUNDINCFACTOR'), 2.3160483118507615)"
2024-08-15 09:52:35,982	[INFO]	17-2    SUCCESS               26511356736.500000 (99.40%) [4 edit(s)] [cached] 
2024-08-15 09:52:35,982	[DEBUG]	patch(17-2)="ParamSetting(('test.params', 'param', 'SIMP'), 'EXPENSIVE_SIMPLIFICATION') | ParamSetting(('test.params', 'param', 'CONFLICTBOUNDINCFACTOR'), 2.3160483118507615) | ParamSetting(('test.params', 'param', 'SIMP'), 'EXPENSIVE_SIMPLIFICATION') | ParamSetting(('test.params', 'param', 'SIMP'), 'EXPENSIVE_SIMPLIFICATION')"
2024-08-15 09:52:35,982	[INFO]	17-3    SUCCESS               26670188237.250000 (100.00%) [1 edit(s)] [cached] 
2024-08-15 09:52:35,982	[DEBUG]	patch(17-3)="ParamSetting(('test.params', 'param', 'SIMP'), 'EXPENSIVE_SIMPLIFICATION')"
2024-08-15 09:52:35,983	[INFO]	17-4    SUCCESS               26544418321.750000 (99.53%) [5 edit(s)] [cached] 
2024-08-15 09:52:35,983	[DEBUG]	patch(17-4)="ParamSetting(('test.params', 'param', 'CONFLICTBOUNDINCFACTOR'), 2.1441515513114506) | ParamSetting(('test.params', 'param', 'SIMP'), 'EXPENSIVE_SIMPLIFICATION') | ParamSetting(('test.params', 'param', 'SIMP'), 'EXPENSIVE_SIMPLIFICATION') | ParamSetting(('test.params', 'param', 'SIMP'), 'EXPENSIVE_SIMPLIFICATION') | ParamSetting(('test.params', 'param', 'SIMP'), 'EXPENSIVE_SIMPLIFICATION')"
2024-08-15 09:52:35,984	[INFO]	17-5    SUCCESS               26670188237.250000 (100.00%) [5 edit(s)] [cached] 
2024-08-15 09:52:35,984	[DEBUG]	patch(17-5)="ParamSetting(('test.params', 'param', 'SIMP'), 'EXPENSIVE_SIMPLIFICATION') | ParamSetting(('test.params', 'param', 'SIMP'), 'EXPENSIVE_SIMPLIFICATION') | ParamSetting(('test.params', 'param', 'SIMP'), 'EXPENSIVE_SIMPLIFICATION') | ParamSetting(('test.params', 'param', 'SIMP'), 'EXPENSIVE_SIMPLIFICATION') | ParamSetting(('test.params', 'param', 'SIMP'), 'EXPENSIVE_SIMPLIFICATION')"
2024-08-15 09:52:35,984	[INFO]	17-6    SUCCESS               26544418321.750000 (99.53%) [6 edit(s)] [cached] 
2024-08-15 09:52:35,984	[DEBUG]	patch(17-6)="ParamSetting(('test.params', 'param', 'CONFLICTBOUNDINCFACTOR'), 2.1441515513114506) | ParamSetting(('test.params', 'param', 'SIMP'), 'EXPENSIVE_SIMPLIFICATION') | ParamSetting(('test.params', 'param', 'SIMP'), 'EXPENSIVE_SIMPLIFICATION') | ParamSetting(('test.params', 'param', 'SIMP'), 'EXPENSIVE_SIMPLIFICATION') | ParamSetting(('test.params', 'param', 'SIMP'), 'NO_SIMPLIFICATION') | ParamSetting(('test.params', 'param', 'SIMP'), 'EXPENSIVE_SIMPLIFICATION')"
2024-08-15 09:52:35,985	[INFO]	17-7    SUCCESS               26511356736.500000 (99.40%) [3 edit(s)] [cached] 
2024-08-15 09:52:35,985	[DEBUG]	patch(17-7)="ParamSetting(('test.params', 'param', 'CONFLICTBOUNDINCFACTOR'), 2.1441515513114506) | ParamSetting(('test.params', 'param', 'SIMP'), 'EXPENSIVE_SIMPLIFICATION') | ParamSetting(('test.params', 'param', 'CONFLICTBOUNDINCFACTOR'), 2.3160483118507615)"
2024-08-15 09:53:10,845	[DEBUG]	EXEC>  SUCCESS 26900254781.75
2024-08-15 09:53:10,845	[INFO]	17-8    SUCCESS               26900254781.750000 (100.86%) [6 edit(s)]  
2024-08-15 09:53:10,845	[DEBUG]	patch(17-8)="ParamSetting(('test.params', 'param', 'SIMP'), 'EXPENSIVE_SIMPLIFICATION') | ParamSetting(('test.params', 'param', 'SIMP'), 'EXPENSIVE_SIMPLIFICATION') | ParamSetting(('test.params', 'param', 'CONFLICTBOUNDINCFACTOR'), 2.1441515513114506) | ParamSetting(('test.params', 'param', 'SIMP'), 'EXPENSIVE_SIMPLIFICATION') | ParamSetting(('test.params', 'param', 'CONFLICTBOUNDINCFACTOR'), 2.3160483118507615) | ParamSetting(('test.params', 'param', 'CONFLICTBOUNDINCFACTOR'), 2.8107792617701346)"
2024-08-15 09:53:45,650	[DEBUG]	EXEC>  SUCCESS 26738764862.75
2024-08-15 09:53:45,650	[INFO]	17-9    SUCCESS               26738764862.750000 (100.26%) [5 edit(s)]  
2024-08-15 09:53:45,650	[DEBUG]	patch(17-9)="ParamSetting(('test.params', 'param', 'CONFLICTBOUNDINCFACTOR'), 2.1441515513114506) | ParamSetting(('test.params', 'param', 'SIMP'), 'EXPENSIVE_SIMPLIFICATION') | ParamSetting(('test.params', 'param', 'SIMP'), 'EXPENSIVE_SIMPLIFICATION') | ParamSetting(('test.params', 'param', 'SIMP'), 'EXPENSIVE_SIMPLIFICATION') | ParamSetting(('test.params', 'param', 'VARDECAY'), 0.4032492698778116)"
2024-08-15 09:54:20,431	[DEBUG]	EXEC>  SUCCESS 26763970134.5
2024-08-15 09:54:20,431	[INFO]	17-10   SUCCESS               26763970134.500000 (100.35%) [3 edit(s)]  
2024-08-15 09:54:20,431	[DEBUG]	patch(17-10)="ParamSetting(('test.params', 'param', 'CONFLICTBOUNDINCFACTOR'), 2.1441515513114506) | ParamSetting(('test.params', 'param', 'SIMP'), 'EXPENSIVE_SIMPLIFICATION') | ParamSetting(('test.params', 'param', 'PHASE'), 'PhaseInLastLearnedClauseSelectionStrategy')"
2024-08-15 09:54:20,432	[INFO]	REF     SUCCESS               26670188237.250000 (--) [0 edit(s)] [cached] 
2024-08-15 09:54:20,433	[INFO]	BEST    SUCCESS              *26511356736.500000 (99.40%) [0 edit(s)] [cached] 
2024-08-15 09:54:20,436	[INFO]	18-1    SUCCESS              +26511356736.500000 (99.40%) [4 edit(s)] [cached] 
2024-08-15 09:54:20,436	[DEBUG]	patch(18-1)="ParamSetting(('test.params', 'param', 'SIMP'), 'EXPENSIVE_SIMPLIFICATION') | ParamSetting(('test.params', 'param', 'CONFLICTBOUNDINCFACTOR'), 2.3160483118507615) | ParamSetting(('test.params', 'param', 'SIMP'), 'EXPENSIVE_SIMPLIFICATION') | ParamSetting(('test.params', 'param', 'SIMP'), 'EXPENSIVE_SIMPLIFICATION')"
2024-08-15 09:54:20,437	[INFO]	18-2    SUCCESS               26544418321.750000 (99.53%) [6 edit(s)] [cached] 
2024-08-15 09:54:20,437	[DEBUG]	patch(18-2)="ParamSetting(('test.params', 'param', 'SIMP'), 'EXPENSIVE_SIMPLIFICATION') | ParamSetting(('test.params', 'param', 'CONFLICTBOUNDINCFACTOR'), 2.3160483118507615) | ParamSetting(('test.params', 'param', 'CONFLICTBOUNDINCFACTOR'), 2.1441515513114506) | ParamSetting(('test.params', 'param', 'SIMP'), 'EXPENSIVE_SIMPLIFICATION') | ParamSetting(('test.params', 'param', 'SIMP'), 'EXPENSIVE_SIMPLIFICATION') | ParamSetting(('test.params', 'param', 'SIMP'), 'EXPENSIVE_SIMPLIFICATION')"
2024-08-15 09:54:20,437	[INFO]	18-3    SUCCESS               26511356736.500000 (99.40%) [7 edit(s)] [cached] 
2024-08-15 09:54:20,437	[DEBUG]	patch(18-3)="ParamSetting(('test.params', 'param', 'SIMP'), 'EXPENSIVE_SIMPLIFICATION') | ParamSetting(('test.params', 'param', 'SIMP'), 'EXPENSIVE_SIMPLIFICATION') | ParamSetting(('test.params', 'param', 'CONFLICTBOUNDINCFACTOR'), 2.3160483118507615) | ParamSetting(('test.params', 'param', 'SIMP'), 'EXPENSIVE_SIMPLIFICATION') | ParamSetting(('test.params', 'param', 'SIMP'), 'EXPENSIVE_SIMPLIFICATION') | ParamSetting(('test.params', 'param', 'SIMP'), 'EXPENSIVE_SIMPLIFICATION') | ParamSetting(('test.params', 'param', 'SIMP'), 'EXPENSIVE_SIMPLIFICATION')"
2024-08-15 09:54:20,438	[INFO]	18-4    SUCCESS               26670188237.250000 (100.00%) [1 edit(s)] [cached] 
2024-08-15 09:54:20,438	[DEBUG]	patch(18-4)="ParamSetting(('test.params', 'param', 'SIMP'), 'EXPENSIVE_SIMPLIFICATION')"
2024-08-15 09:54:20,438	[INFO]	18-5    SUCCESS               26544418321.750000 (99.53%) [4 edit(s)] [cached] 
2024-08-15 09:54:20,439	[DEBUG]	patch(18-5)="ParamSetting(('test.params', 'param', 'CONFLICTBOUNDINCFACTOR'), 2.1441515513114506) | ParamSetting(('test.params', 'param', 'SIMP'), 'EXPENSIVE_SIMPLIFICATION') | ParamSetting(('test.params', 'param', 'SIMP'), 'EXPENSIVE_SIMPLIFICATION') | ParamSetting(('test.params', 'param', 'SIMP'), 'EXPENSIVE_SIMPLIFICATION')"
2024-08-15 09:54:20,439	[INFO]	18-6    SUCCESS               26544418321.750000 (99.53%) [5 edit(s)] [cached] 
2024-08-15 09:54:20,439	[DEBUG]	patch(18-6)="ParamSetting(('test.params', 'param', 'SIMP'), 'EXPENSIVE_SIMPLIFICATION') | ParamSetting(('test.params', 'param', 'CONFLICTBOUNDINCFACTOR'), 2.1441515513114506) | ParamSetting(('test.params', 'param', 'SIMP'), 'EXPENSIVE_SIMPLIFICATION') | ParamSetting(('test.params', 'param', 'SIMP'), 'EXPENSIVE_SIMPLIFICATION') | ParamSetting(('test.params', 'param', 'SIMP'), 'EXPENSIVE_SIMPLIFICATION')"
2024-08-15 09:54:20,440	[INFO]	18-7    SUCCESS               26511356736.500000 (99.40%) [3 edit(s)] [cached] 
2024-08-15 09:54:20,440	[DEBUG]	patch(18-7)="ParamSetting(('test.params', 'param', 'SIMP'), 'EXPENSIVE_SIMPLIFICATION') | ParamSetting(('test.params', 'param', 'CONFLICTBOUNDINCFACTOR'), 2.3160483118507615) | ParamSetting(('test.params', 'param', 'SIMP'), 'EXPENSIVE_SIMPLIFICATION')"
2024-08-15 09:54:55,292	[DEBUG]	EXEC>  SUCCESS 26701319838.0
2024-08-15 09:54:55,292	[INFO]	18-8    SUCCESS               26701319838.000000 (100.12%) [5 edit(s)]  
2024-08-15 09:54:55,292	[DEBUG]	patch(18-8)="ParamSetting(('test.params', 'param', 'SIMP'), 'EXPENSIVE_SIMPLIFICATION') | ParamSetting(('test.params', 'param', 'CONFLICTBOUNDINCFACTOR'), 2.1441515513114506) | ParamSetting(('test.params', 'param', 'SIMP'), 'EXPENSIVE_SIMPLIFICATION') | ParamSetting(('test.params', 'param', 'CONFLICTBOUNDINCFACTOR'), 2.3160483118507615) | ParamSetting(('test.params', 'param', 'LUBYFACTOR'), 147)"
2024-08-15 09:54:55,293	[INFO]	18-9    SUCCESS               26511356736.500000 (99.40%) [2 edit(s)] [cached] 
2024-08-15 09:54:55,293	[DEBUG]	patch(18-9)="ParamSetting(('test.params', 'param', 'SIMP'), 'EXPENSIVE_SIMPLIFICATION') | ParamSetting(('test.params', 'param', 'CONFLICTBOUNDINCFACTOR'), 2.3160483118507615)"
2024-08-15 09:55:30,233	[DEBUG]	EXEC>  SUCCESS 26857358268.25
2024-08-15 09:55:30,233	[INFO]	18-10   SUCCESS               26857358268.250000 (100.70%) [6 edit(s)]  
2024-08-15 09:55:30,233	[DEBUG]	patch(18-10)="ParamSetting(('test.params', 'param', 'CONFLICTBOUNDINCFACTOR'), 2.1441515513114506) | ParamSetting(('test.params', 'param', 'SIMP'), 'EXPENSIVE_SIMPLIFICATION') | ParamSetting(('test.params', 'param', 'SIMP'), 'EXPENSIVE_SIMPLIFICATION') | ParamSetting(('test.params', 'param', 'SIMP'), 'EXPENSIVE_SIMPLIFICATION') | ParamSetting(('test.params', 'param', 'SIMP'), 'EXPENSIVE_SIMPLIFICATION') | ParamSetting(('test.params', 'param', 'FIXEDPERIOD'), 4948)"
2024-08-15 09:55:30,234	[INFO]	REF     SUCCESS               26670188237.250000 (--) [0 edit(s)] [cached] 
2024-08-15 09:55:30,235	[INFO]	BEST    SUCCESS              *26511356736.500000 (99.40%) [0 edit(s)] [cached] 
2024-08-15 09:55:30,238	[INFO]	19-1    SUCCESS              +26511356736.500000 (99.40%) [4 edit(s)] [cached] 
2024-08-15 09:55:30,238	[DEBUG]	patch(19-1)="ParamSetting(('test.params', 'param', 'SIMP'), 'EXPENSIVE_SIMPLIFICATION') | ParamSetting(('test.params', 'param', 'CONFLICTBOUNDINCFACTOR'), 2.3160483118507615) | ParamSetting(('test.params', 'param', 'SIMP'), 'EXPENSIVE_SIMPLIFICATION') | ParamSetting(('test.params', 'param', 'SIMP'), 'EXPENSIVE_SIMPLIFICATION')"
2024-08-15 09:55:30,238	[INFO]	19-2    SUCCESS               26511356736.500000 (99.40%) [4 edit(s)] [cached] 
2024-08-15 09:55:30,238	[DEBUG]	patch(19-2)="ParamSetting(('test.params', 'param', 'CONFLICTBOUNDINCFACTOR'), 2.3160483118507615) | ParamSetting(('test.params', 'param', 'SIMP'), 'EXPENSIVE_SIMPLIFICATION') | ParamSetting(('test.params', 'param', 'SIMP'), 'EXPENSIVE_SIMPLIFICATION') | ParamSetting(('test.params', 'param', 'SIMP'), 'EXPENSIVE_SIMPLIFICATION')"
2024-08-15 09:55:30,239	[INFO]	19-3    SUCCESS               26670188237.250000 (100.00%) [4 edit(s)] [cached] 
2024-08-15 09:55:30,239	[DEBUG]	patch(19-3)="ParamSetting(('test.params', 'param', 'SIMP'), 'EXPENSIVE_SIMPLIFICATION') | ParamSetting(('test.params', 'param', 'SIMP'), 'EXPENSIVE_SIMPLIFICATION') | ParamSetting(('test.params', 'param', 'SIMP'), 'EXPENSIVE_SIMPLIFICATION') | ParamSetting(('test.params', 'param', 'SIMP'), 'EXPENSIVE_SIMPLIFICATION')"
2024-08-15 09:55:30,239	[INFO]	19-4    SUCCESS               26511356736.500000 (99.40%) [2 edit(s)] [cached] 
2024-08-15 09:55:30,240	[DEBUG]	patch(19-4)="ParamSetting(('test.params', 'param', 'CONFLICTBOUNDINCFACTOR'), 2.3160483118507615) | ParamSetting(('test.params', 'param', 'SIMP'), 'EXPENSIVE_SIMPLIFICATION')"
2024-08-15 09:56:05,285	[DEBUG]	EXEC>  SUCCESS 27258789742.0
2024-08-15 09:56:05,285	[INFO]	19-5    SUCCESS               27258789742.000000 (102.21%) [1 edit(s)]  
2024-08-15 09:56:05,286	[DEBUG]	patch(19-5)="ParamSetting(('test.params', 'param', 'LUBYFACTOR'), 147)"
2024-08-15 09:56:05,286	[INFO]	19-6    SUCCESS               26544418321.750000 (99.53%) [5 edit(s)] [cached] 
2024-08-15 09:56:05,286	[DEBUG]	patch(19-6)="ParamSetting(('test.params', 'param', 'CONFLICTBOUNDINCFACTOR'), 2.1441515513114506) | ParamSetting(('test.params', 'param', 'SIMP'), 'EXPENSIVE_SIMPLIFICATION') | ParamSetting(('test.params', 'param', 'SIMP'), 'EXPENSIVE_SIMPLIFICATION') | ParamSetting(('test.params', 'param', 'SIMP'), 'EXPENSIVE_SIMPLIFICATION') | ParamSetting(('test.params', 'param', 'SIMP'), 'EXPENSIVE_SIMPLIFICATION')"
2024-08-15 09:56:05,287	[INFO]	19-7    SUCCESS               26511356736.500000 (99.40%) [3 edit(s)] [cached] 
2024-08-15 09:56:05,287	[DEBUG]	patch(19-7)="ParamSetting(('test.params', 'param', 'CONFLICTBOUNDINCFACTOR'), 2.3160483118507615) | ParamSetting(('test.params', 'param', 'SIMP'), 'EXPENSIVE_SIMPLIFICATION') | ParamSetting(('test.params', 'param', 'SIMP'), 'EXPENSIVE_SIMPLIFICATION')"
2024-08-15 09:56:05,288	[INFO]	19-8    SUCCESS               26511356736.500000 (99.40%) [6 edit(s)] [cached] 
2024-08-15 09:56:05,288	[DEBUG]	patch(19-8)="ParamSetting(('test.params', 'param', 'SIMP'), 'EXPENSIVE_SIMPLIFICATION') | ParamSetting(('test.params', 'param', 'SIMP'), 'EXPENSIVE_SIMPLIFICATION') | ParamSetting(('test.params', 'param', 'CONFLICTBOUNDINCFACTOR'), 2.3160483118507615) | ParamSetting(('test.params', 'param', 'SIMP'), 'EXPENSIVE_SIMPLIFICATION') | ParamSetting(('test.params', 'param', 'SIMP'), 'EXPENSIVE_SIMPLIFICATION') | ParamSetting(('test.params', 'param', 'SIMP'), 'EXPENSIVE_SIMPLIFICATION')"
2024-08-15 09:56:05,289	[INFO]	19-9    SUCCESS               26670188237.250000 (100.00%) [1 edit(s)] [cached] 
2024-08-15 09:56:05,289	[DEBUG]	patch(19-9)="ParamSetting(('test.params', 'param', 'SIMP'), 'EXPENSIVE_SIMPLIFICATION')"
2024-08-15 09:56:05,289	[INFO]	19-10   SUCCESS               26511356736.500000 (99.40%) [2 edit(s)] [cached] 
2024-08-15 09:56:05,289	[DEBUG]	patch(19-10)="ParamSetting(('test.params', 'param', 'CONFLICTBOUNDINCFACTOR'), 2.3160483118507615) | ParamSetting(('test.params', 'param', 'SIMP'), 'EXPENSIVE_SIMPLIFICATION')"
2024-08-15 09:56:05,290	[INFO]	REF     SUCCESS               26670188237.250000 (--) [0 edit(s)] [cached] 
2024-08-15 09:56:05,290	[INFO]	BEST    SUCCESS              *26511356736.500000 (99.40%) [0 edit(s)] [cached] 
2024-08-15 09:56:05,293	[INFO]	20-1    SUCCESS              +26511356736.500000 (99.40%) [6 edit(s)] [cached] 
2024-08-15 09:56:05,293	[DEBUG]	patch(20-1)="ParamSetting(('test.params', 'param', 'SIMP'), 'EXPENSIVE_SIMPLIFICATION') | ParamSetting(('test.params', 'param', 'SIMP'), 'EXPENSIVE_SIMPLIFICATION') | ParamSetting(('test.params', 'param', 'CONFLICTBOUNDINCFACTOR'), 2.3160483118507615) | ParamSetting(('test.params', 'param', 'SIMP'), 'EXPENSIVE_SIMPLIFICATION') | ParamSetting(('test.params', 'param', 'SIMP'), 'EXPENSIVE_SIMPLIFICATION') | ParamSetting(('test.params', 'param', 'SIMP'), 'EXPENSIVE_SIMPLIFICATION')"
2024-08-15 09:56:05,294	[INFO]	20-2    SUCCESS               26670188237.250000 (100.00%) [4 edit(s)] [cached] 
2024-08-15 09:56:05,294	[DEBUG]	patch(20-2)="ParamSetting(('test.params', 'param', 'SIMP'), 'EXPENSIVE_SIMPLIFICATION') | ParamSetting(('test.params', 'param', 'SIMP'), 'EXPENSIVE_SIMPLIFICATION') | ParamSetting(('test.params', 'param', 'SIMP'), 'EXPENSIVE_SIMPLIFICATION') | ParamSetting(('test.params', 'param', 'SIMP'), 'EXPENSIVE_SIMPLIFICATION')"
2024-08-15 09:56:05,294	[INFO]	20-3    SUCCESS               26511356736.500000 (99.40%) [4 edit(s)] [cached] 
2024-08-15 09:56:05,294	[DEBUG]	patch(20-3)="ParamSetting(('test.params', 'param', 'CONFLICTBOUNDINCFACTOR'), 2.3160483118507615) | ParamSetting(('test.params', 'param', 'SIMP'), 'EXPENSIVE_SIMPLIFICATION') | ParamSetting(('test.params', 'param', 'CONFLICTBOUNDINCFACTOR'), 2.3160483118507615) | ParamSetting(('test.params', 'param', 'SIMP'), 'EXPENSIVE_SIMPLIFICATION')"
2024-08-15 09:56:05,295	[INFO]	20-4    SUCCESS               26670188237.250000 (100.00%) [1 edit(s)] [cached] 
2024-08-15 09:56:05,295	[DEBUG]	patch(20-4)="ParamSetting(('test.params', 'param', 'SIMP'), 'EXPENSIVE_SIMPLIFICATION')"
2024-08-15 09:56:05,296	[INFO]	20-5    SUCCESS               26511356736.500000 (99.40%) [6 edit(s)] [cached] 
2024-08-15 09:56:05,296	[DEBUG]	patch(20-5)="ParamSetting(('test.params', 'param', 'SIMP'), 'EXPENSIVE_SIMPLIFICATION') | ParamSetting(('test.params', 'param', 'SIMP'), 'EXPENSIVE_SIMPLIFICATION') | ParamSetting(('test.params', 'param', 'CONFLICTBOUNDINCFACTOR'), 2.3160483118507615) | ParamSetting(('test.params', 'param', 'SIMP'), 'EXPENSIVE_SIMPLIFICATION') | ParamSetting(('test.params', 'param', 'SIMP'), 'EXPENSIVE_SIMPLIFICATION') | ParamSetting(('test.params', 'param', 'SIMP'), 'EXPENSIVE_SIMPLIFICATION')"
2024-08-15 09:56:05,296	[INFO]	20-6    SUCCESS               26511356736.500000 (99.40%) [1 edit(s)] [cached] 
2024-08-15 09:56:05,296	[DEBUG]	patch(20-6)="ParamSetting(('test.params', 'param', 'CONFLICTBOUNDINCFACTOR'), 2.3160483118507615)"
2024-08-15 09:56:05,297	[INFO]	20-7    SUCCESS               26670188237.250000 (100.00%) [5 edit(s)] [cached] 
2024-08-15 09:56:05,297	[DEBUG]	patch(20-7)="ParamSetting(('test.params', 'param', 'SIMP'), 'EXPENSIVE_SIMPLIFICATION') | ParamSetting(('test.params', 'param', 'SIMP'), 'EXPENSIVE_SIMPLIFICATION') | ParamSetting(('test.params', 'param', 'SIMP'), 'EXPENSIVE_SIMPLIFICATION') | ParamSetting(('test.params', 'param', 'SIMP'), 'EXPENSIVE_SIMPLIFICATION') | ParamSetting(('test.params', 'param', 'SIMP'), 'EXPENSIVE_SIMPLIFICATION')"
2024-08-15 09:56:40,345	[DEBUG]	EXEC>  SUCCESS 27183927144.75
2024-08-15 09:56:40,345	[INFO]	20-8    SUCCESS               27183927144.750000 (101.93%) [4 edit(s)]  
2024-08-15 09:56:40,345	[DEBUG]	patch(20-8)="ParamSetting(('test.params', 'param', 'CONFLICTBOUNDINCFACTOR'), 2.3160483118507615) | ParamSetting(('test.params', 'param', 'SIMP'), 'EXPENSIVE_SIMPLIFICATION') | ParamSetting(('test.params', 'param', 'SIMP'), 'EXPENSIVE_SIMPLIFICATION') | ParamSetting(('test.params', 'param', 'LUBYFACTOR'), 433)"
2024-08-15 09:57:14,919	[DEBUG]	EXEC>  SUCCESS 26762034977.75
2024-08-15 09:57:14,919	[INFO]	20-9    SUCCESS               26762034977.750000 (100.34%) [5 edit(s)]  
2024-08-15 09:57:14,919	[DEBUG]	patch(20-9)="ParamSetting(('test.params', 'param', 'SIMP'), 'EXPENSIVE_SIMPLIFICATION') | ParamSetting(('test.params', 'param', 'CONFLICTBOUNDINCFACTOR'), 2.3160483118507615) | ParamSetting(('test.params', 'param', 'SIMP'), 'EXPENSIVE_SIMPLIFICATION') | ParamSetting(('test.params', 'param', 'SIMP'), 'EXPENSIVE_SIMPLIFICATION') | ParamSetting(('test.params', 'param', 'LUBYFACTOR'), 59)"
2024-08-15 09:57:14,920	[INFO]	20-10   SUCCESS               26511356736.500000 (99.40%) [5 edit(s)] [cached] 
2024-08-15 09:57:14,920	[DEBUG]	patch(20-10)="ParamSetting(('test.params', 'param', 'CONFLICTBOUNDINCFACTOR'), 2.3160483118507615) | ParamSetting(('test.params', 'param', 'SIMP'), 'EXPENSIVE_SIMPLIFICATION') | ParamSetting(('test.params', 'param', 'SIMP'), 'EXPENSIVE_SIMPLIFICATION') | ParamSetting(('test.params', 'param', 'SIMP'), 'EXPENSIVE_SIMPLIFICATION') | ParamSetting(('test.params', 'param', 'SIMP'), 'EXPENSIVE_SIMPLIFICATION')"
2024-08-15 09:57:14,921	[INFO]	REF     SUCCESS               26670188237.250000 (--) [0 edit(s)] [cached] 
2024-08-15 09:57:14,921	[INFO]	BEST    SUCCESS              *26511356736.500000 (99.40%) [0 edit(s)] [cached] 
2024-08-15 09:57:14,924	[INFO]	21-1    SUCCESS              +26511356736.500000 (99.40%) [6 edit(s)] [cached] 
2024-08-15 09:57:14,924	[DEBUG]	patch(21-1)="ParamSetting(('test.params', 'param', 'SIMP'), 'EXPENSIVE_SIMPLIFICATION') | ParamSetting(('test.params', 'param', 'SIMP'), 'EXPENSIVE_SIMPLIFICATION') | ParamSetting(('test.params', 'param', 'CONFLICTBOUNDINCFACTOR'), 2.3160483118507615) | ParamSetting(('test.params', 'param', 'SIMP'), 'EXPENSIVE_SIMPLIFICATION') | ParamSetting(('test.params', 'param', 'SIMP'), 'EXPENSIVE_SIMPLIFICATION') | ParamSetting(('test.params', 'param', 'SIMP'), 'EXPENSIVE_SIMPLIFICATION')"
2024-08-15 09:57:14,925	[INFO]	21-2    SUCCESS               26511356736.500000 (99.40%) [6 edit(s)] [cached] 
2024-08-15 09:57:14,925	[DEBUG]	patch(21-2)="ParamSetting(('test.params', 'param', 'SIMP'), 'EXPENSIVE_SIMPLIFICATION') | ParamSetting(('test.params', 'param', 'CONFLICTBOUNDINCFACTOR'), 2.3160483118507615) | ParamSetting(('test.params', 'param', 'SIMP'), 'EXPENSIVE_SIMPLIFICATION') | ParamSetting(('test.params', 'param', 'SIMP'), 'EXPENSIVE_SIMPLIFICATION') | ParamSetting(('test.params', 'param', 'SIMP'), 'EXPENSIVE_SIMPLIFICATION') | ParamSetting(('test.params', 'param', 'SIMP'), 'EXPENSIVE_SIMPLIFICATION')"
2024-08-15 09:57:14,926	[INFO]	21-3    SUCCESS               26511356736.500000 (99.40%) [4 edit(s)] [cached] 
2024-08-15 09:57:14,926	[DEBUG]	patch(21-3)="ParamSetting(('test.params', 'param', 'CONFLICTBOUNDINCFACTOR'), 2.3160483118507615) | ParamSetting(('test.params', 'param', 'SIMP'), 'EXPENSIVE_SIMPLIFICATION') | ParamSetting(('test.params', 'param', 'SIMP'), 'EXPENSIVE_SIMPLIFICATION') | ParamSetting(('test.params', 'param', 'SIMP'), 'EXPENSIVE_SIMPLIFICATION')"
2024-08-15 09:57:14,926	[INFO]	21-4    SUCCESS               26511356736.500000 (99.40%) [2 edit(s)] [cached] 
2024-08-15 09:57:14,926	[DEBUG]	patch(21-4)="ParamSetting(('test.params', 'param', 'SIMP'), 'EXPENSIVE_SIMPLIFICATION') | ParamSetting(('test.params', 'param', 'CONFLICTBOUNDINCFACTOR'), 2.3160483118507615)"
2024-08-15 09:57:14,927	[INFO]	21-5    SUCCESS               26511356736.500000 (99.40%) [3 edit(s)] [cached] 
2024-08-15 09:57:14,927	[DEBUG]	patch(21-5)="ParamSetting(('test.params', 'param', 'CONFLICTBOUNDINCFACTOR'), 2.3160483118507615) | ParamSetting(('test.params', 'param', 'SIMP'), 'EXPENSIVE_SIMPLIFICATION') | ParamSetting(('test.params', 'param', 'SIMP'), 'EXPENSIVE_SIMPLIFICATION')"
2024-08-15 09:57:14,927	[INFO]	21-6    SUCCESS               26670188237.250000 (100.00%) [1 edit(s)] [cached] 
2024-08-15 09:57:14,928	[DEBUG]	patch(21-6)="ParamSetting(('test.params', 'param', 'SIMP'), 'EXPENSIVE_SIMPLIFICATION')"
2024-08-15 09:57:14,928	[INFO]	21-7    SUCCESS               26511356736.500000 (99.40%) [5 edit(s)] [cached] 
2024-08-15 09:57:14,928	[DEBUG]	patch(21-7)="ParamSetting(('test.params', 'param', 'SIMP'), 'EXPENSIVE_SIMPLIFICATION') | ParamSetting(('test.params', 'param', 'SIMP'), 'EXPENSIVE_SIMPLIFICATION') | ParamSetting(('test.params', 'param', 'CONFLICTBOUNDINCFACTOR'), 2.3160483118507615) | ParamSetting(('test.params', 'param', 'SIMP'), 'EXPENSIVE_SIMPLIFICATION') | ParamSetting(('test.params', 'param', 'SIMP'), 'EXPENSIVE_SIMPLIFICATION')"
2024-08-15 09:57:14,929	[INFO]	21-8    SUCCESS               26511356736.500000 (99.40%) [4 edit(s)] [cached] 
2024-08-15 09:57:14,929	[DEBUG]	patch(21-8)="ParamSetting(('test.params', 'param', 'CONFLICTBOUNDINCFACTOR'), 2.3160483118507615) | ParamSetting(('test.params', 'param', 'SIMP'), 'EXPENSIVE_SIMPLIFICATION') | ParamSetting(('test.params', 'param', 'SIMP'), 'EXPENSIVE_SIMPLIFICATION') | ParamSetting(('test.params', 'param', 'SIMP'), 'EXPENSIVE_SIMPLIFICATION')"
2024-08-15 09:57:14,929	[INFO]	21-9    SUCCESS               26511356736.500000 (99.40%) [3 edit(s)] [cached] 
2024-08-15 09:57:14,929	[DEBUG]	patch(21-9)="ParamSetting(('test.params', 'param', 'CONFLICTBOUNDINCFACTOR'), 2.3160483118507615) | ParamSetting(('test.params', 'param', 'SIMP'), 'EXPENSIVE_SIMPLIFICATION') | ParamSetting(('test.params', 'param', 'SIMP'), 'EXPENSIVE_SIMPLIFICATION')"
2024-08-15 09:57:14,930	[INFO]	21-10   SUCCESS               26670188237.250000 (100.00%) [0 edit(s)] [cached] 
2024-08-15 09:57:14,930	[DEBUG]	patch(21-10)=""
2024-08-15 09:57:14,931	[INFO]	REF     SUCCESS               26670188237.250000 (--) [0 edit(s)] [cached] 
2024-08-15 09:57:14,931	[INFO]	BEST    SUCCESS              *26511356736.500000 (99.40%) [0 edit(s)] [cached] 
2024-08-15 09:57:14,933	[INFO]	22-1    SUCCESS              +26511356736.500000 (99.40%) [6 edit(s)] [cached] 
2024-08-15 09:57:14,933	[DEBUG]	patch(22-1)="ParamSetting(('test.params', 'param', 'SIMP'), 'EXPENSIVE_SIMPLIFICATION') | ParamSetting(('test.params', 'param', 'SIMP'), 'EXPENSIVE_SIMPLIFICATION') | ParamSetting(('test.params', 'param', 'CONFLICTBOUNDINCFACTOR'), 2.3160483118507615) | ParamSetting(('test.params', 'param', 'SIMP'), 'EXPENSIVE_SIMPLIFICATION') | ParamSetting(('test.params', 'param', 'SIMP'), 'EXPENSIVE_SIMPLIFICATION') | ParamSetting(('test.params', 'param', 'SIMP'), 'EXPENSIVE_SIMPLIFICATION')"
2024-08-15 09:57:14,934	[INFO]	22-2    SUCCESS               26511356736.500000 (99.40%) [4 edit(s)] [cached] 
2024-08-15 09:57:14,934	[DEBUG]	patch(22-2)="ParamSetting(('test.params', 'param', 'SIMP'), 'EXPENSIVE_SIMPLIFICATION') | ParamSetting(('test.params', 'param', 'CONFLICTBOUNDINCFACTOR'), 2.3160483118507615) | ParamSetting(('test.params', 'param', 'SIMP'), 'EXPENSIVE_SIMPLIFICATION') | ParamSetting(('test.params', 'param', 'SIMP'), 'EXPENSIVE_SIMPLIFICATION')"
2024-08-15 09:57:14,935	[INFO]	22-3    SUCCESS               26670188237.250000 (100.00%) [1 edit(s)] [cached] 
2024-08-15 09:57:14,935	[DEBUG]	patch(22-3)="ParamSetting(('test.params', 'param', 'SIMP'), 'EXPENSIVE_SIMPLIFICATION')"
2024-08-15 09:57:14,935	[INFO]	22-4    SUCCESS               26511356736.500000 (99.40%) [3 edit(s)] [cached] 
2024-08-15 09:57:14,935	[DEBUG]	patch(22-4)="ParamSetting(('test.params', 'param', 'SIMP'), 'EXPENSIVE_SIMPLIFICATION') | ParamSetting(('test.params', 'param', 'CONFLICTBOUNDINCFACTOR'), 2.3160483118507615) | ParamSetting(('test.params', 'param', 'SIMP'), 'EXPENSIVE_SIMPLIFICATION')"
2024-08-15 09:57:14,936	[INFO]	22-5    SUCCESS               26511356736.500000 (99.40%) [4 edit(s)] [cached] 
2024-08-15 09:57:14,936	[DEBUG]	patch(22-5)="ParamSetting(('test.params', 'param', 'CONFLICTBOUNDINCFACTOR'), 2.3160483118507615) | ParamSetting(('test.params', 'param', 'SIMP'), 'EXPENSIVE_SIMPLIFICATION') | ParamSetting(('test.params', 'param', 'CONFLICTBOUNDINCFACTOR'), 2.3160483118507615) | ParamSetting(('test.params', 'param', 'SIMP'), 'EXPENSIVE_SIMPLIFICATION')"
2024-08-15 09:57:14,937	[INFO]	22-6    SUCCESS               26670188237.250000 (100.00%) [3 edit(s)] [cached] 
2024-08-15 09:57:14,937	[DEBUG]	patch(22-6)="ParamSetting(('test.params', 'param', 'SIMP'), 'EXPENSIVE_SIMPLIFICATION') | ParamSetting(('test.params', 'param', 'SIMP'), 'EXPENSIVE_SIMPLIFICATION') | ParamSetting(('test.params', 'param', 'SIMP'), 'EXPENSIVE_SIMPLIFICATION')"
2024-08-15 09:57:14,937	[INFO]	22-7    SUCCESS               26670188237.250000 (100.00%) [5 edit(s)] [cached] 
2024-08-15 09:57:14,937	[DEBUG]	patch(22-7)="ParamSetting(('test.params', 'param', 'SIMP'), 'EXPENSIVE_SIMPLIFICATION') | ParamSetting(('test.params', 'param', 'SIMP'), 'EXPENSIVE_SIMPLIFICATION') | ParamSetting(('test.params', 'param', 'SIMP'), 'EXPENSIVE_SIMPLIFICATION') | ParamSetting(('test.params', 'param', 'SIMP'), 'EXPENSIVE_SIMPLIFICATION') | ParamSetting(('test.params', 'param', 'SIMP'), 'EXPENSIVE_SIMPLIFICATION')"
2024-08-15 09:57:14,938	[INFO]	22-8    SUCCESS               26670188237.250000 (100.00%) [2 edit(s)] [cached] 
2024-08-15 09:57:14,938	[DEBUG]	patch(22-8)="ParamSetting(('test.params', 'param', 'SIMP'), 'EXPENSIVE_SIMPLIFICATION') | ParamSetting(('test.params', 'param', 'SIMP'), 'EXPENSIVE_SIMPLIFICATION')"
2024-08-15 09:57:49,970	[DEBUG]	EXEC>  SUCCESS 26878445276.25
2024-08-15 09:57:49,970	[INFO]	22-9    SUCCESS               26878445276.250000 (100.78%) [3 edit(s)]  
2024-08-15 09:57:49,970	[DEBUG]	patch(22-9)="ParamSetting(('test.params', 'param', 'SIMP'), 'EXPENSIVE_SIMPLIFICATION') | ParamSetting(('test.params', 'param', 'CONFLICTBOUNDINCFACTOR'), 2.3160483118507615) | ParamSetting(('test.params', 'param', 'PHASE'), 'RSATLastLearnedClausesPhaseSelectionStrategy')"
2024-08-15 09:57:49,971	[INFO]	~~~~ END ~~~~
2024-08-15 09:57:49,971	[INFO]	
2024-08-15 09:57:49,971	[INFO]	==== REPORT ====
2024-08-15 09:57:49,971	[INFO]	Termination: time budget
2024-08-15 09:57:49,971	[INFO]	Retries: 4
2024-08-15 09:57:49,971	[INFO]	Log file: /home/dbouras/magpie/_magpie_logs/sat4j_1723710332.log
2024-08-15 09:57:49,971	[INFO]	Patch file: _magpie_logs/sat4j_1723710332.patch
2024-08-15 09:57:49,971	[INFO]	Diff file: _magpie_logs/sat4j_1723710332.diff
2024-08-15 09:57:49,972	[INFO]	Reference fitness: 26670188237.250000
2024-08-15 09:57:49,972	[INFO]	Best fitness: 26511356736.500000
2024-08-15 09:57:49,972	[INFO]	
2024-08-15 09:57:49,972	[INFO]	==== BEST PATCH ====
ParamSetting(('test.params', 'param', 'SIMP'), 'EXPENSIVE_SIMPLIFICATION') | ParamSetting(('test.params', 'param', 'SIMP'), 'EXPENSIVE_SIMPLIFICATION') | ParamSetting(('test.params', 'param', 'CONFLICTBOUNDINCFACTOR'), 2.1441515513114506) | ParamSetting(('test.params', 'param', 'SIMP'), 'EXPENSIVE_SIMPLIFICATION') | ParamSetting(('test.params', 'param', 'CONFLICTBOUNDINCFACTOR'), 2.3160483118507615)
2024-08-15 09:57:49,973	[INFO]	
2024-08-15 09:57:49,973	[INFO]	==== DIFF ====
[1m--- before: test.params[0m
[1m+++ after: test.params[0m
[36m@@ -5,6 +5,6 @@[0m
 CLADECAY := 0.999
 INITCONFLICTBOUND := 100
 VARDECAY := 0.95
[31m-CONFLICTBOUNDINCFACTOR := 2.0[0m
[32m+CONFLICTBOUNDINCFACTOR := 2.3160483118507615[0m
 SIMP := 'EXPENSIVE_SIMPLIFICATION'
 CLEANING := 'LBD2'

