2024-06-11 17:02:11,227	[DEBUG]	==== CONFIG ====
[magpie]
import = 
seed = 3330974623516178
log_dir = _magpie_logs
work_dir = _magpie_work
local_original_copy = True
local_original_name = __original__
output_encoding = ascii
edit_retries = 10
default_timeout = 30
default_lengthout = 1e6
diff_method = unified
trust_local_filesystem = True

[magpie.log]
color_output = True
format_info = {counter:<7} {status:<20} {best}{fitness} ({ratio}) [{size}] {cached} {log}
format_debug = patch({counter})="{patch}"{diffifbest}
format_fitness = {:.6f}
format_ratio = {:.2%%}
format_patchif = 
	 --> {patch}
format_diffif = 
	{diff}

[software]
path = examples/minisat
target_files = minisat_simplified.params
software = BasicSoftware
model_rules = 
	*.params : ParamFileConfigModel
	*.xml : SrcmlModel
	* : LineModel
model_config = 
	*.params : [paramconfig]
	*.xml : [srcml]
init_cmd = bash init.sh
init_timeout = 60
init_lengthout = -1
setup_cmd = bash compile.sh
setup_timeout = 
setup_lengthout = 
compile_cmd = 
compile_timeout = 
compile_lengthout = 
test_cmd = bash test.sh
test_timeout = 
test_lengthout = 
run_cmd = perf stat  bash run_fixed.sh
run_timeout = 
run_lengthout = 
retries = 
batch_timeout = 
batch_lengthout = 
batch_bin_fitness_strategy = aggregate
batch_fitness_strategy = sum
fitness = perf_time

[srcml]
rename = 
	stmt: break continue decl_stmt do expr_stmt for goto if return switch while
	number: literal_number
focus = block stmt operator_comp operator_arith number
internodes = block
process_pseudo_blocks = True
process_literals = True
process_operators = True

[paramconfig]
timing = test run
cli_prefix = --
cli_glue = =
cli_boolean = show
cli_boolean_prefix_true = 
cli_boolean_prefix_false = no-
cli_none = hide
silent_prefix = @
silent_suffix = $

[search]
protocol = BasicProtocol
algorithm = FirstImprovement
possible_edits = ParamSetting
warmup = 3
warmup_strategy = last
max_steps = 1000
max_time = 60
target_fitness = 
cache_maxsize = 100
cache_keep = 0.2
batch_instances = 
batch_shuffle = True
batch_bin_shuffle = False
batch_sample_size = 1

[search.ls]
delete_prob = 0.5
max_neighbours = 
when_trapped = continue
accept_fail = False
tabu_length = 10

[search.gp]
pop_size = 10
delete_prob = 0.5
offspring_elitism = 0.1
offspring_crossover = 0.5
offspring_mutation = 0.4
uniform_rate = 0.5
batch_reset = True

[search.minify]
do_cleanup = True
do_rebuild = True
do_simplify = True
round_robin_limit = 3


2024-06-11 17:02:11,227	[DEBUG]	
2024-06-11 17:02:11,227	[INFO]	==== SEARCH: FirstImprovement ====
2024-06-11 17:02:11,227	[INFO]	~~~~ WARMUP ~~~~
2024-06-11 17:02:26,423	[DEBUG]	EXEC>  SUCCESS 11.66177899
2024-06-11 17:02:26,424	[INFO]	WARM    SUCCESS               11.661779 (--) [0 edit(s)]  
2024-06-11 17:02:38,223	[DEBUG]	EXEC>  SUCCESS 11.60387893
2024-06-11 17:02:38,223	[INFO]	WARM    SUCCESS               11.603879 (--) [0 edit(s)]  
2024-06-11 17:02:50,163	[DEBUG]	EXEC>  SUCCESS 11.69215415
2024-06-11 17:02:50,164	[INFO]	WARM    SUCCESS               11.692154 (--) [0 edit(s)]  
2024-06-11 17:02:50,164	[INFO]	REF     SUCCESS               11.692154 (--) [0 edit(s)]  
2024-06-11 17:02:50,164	[INFO]	
2024-06-11 17:02:50,164	[INFO]	~~~~ START ~~~~
2024-06-11 17:03:21,449	[DEBUG]	EXEC>  TIMEOUT None
2024-06-11 17:03:21,450	[INFO]	1       RUN_TIMEOUT           None (--) [1 edit(s)]  
2024-06-11 17:03:21,450	[DEBUG]	patch(1)="ParamSetting(('minisat_simplified.params', 'param', 'var-decay'), 0.41655973849971906)"
2024-06-11 17:03:33,442	[DEBUG]	EXEC>  SUCCESS 11.74933666
2024-06-11 17:03:33,443	[INFO]	2       SUCCESS               11.749337 (100.49%) [1 edit(s)]  
2024-06-11 17:03:33,443	[DEBUG]	patch(2)="ParamSetting(('minisat_simplified.params', 'param', 'cl-lim'), 14944)"
2024-06-11 17:03:33,443	[INFO]	3       SUCCESS              +11.692154 (100.00%) [1 edit(s)] [cached] 
2024-06-11 17:03:33,443	[DEBUG]	patch(3)="ParamSetting(('minisat_simplified.params', 'param', 'asymm'), 'False')"
2024-06-11 17:03:41,355	[DEBUG]	EXEC>  SUCCESS 7.78752905
2024-06-11 17:03:41,356	[INFO]	4       SUCCESS              *7.787529 (66.60%) [2 edit(s)]  
2024-06-11 17:03:41,356	[DEBUG]	patch(4)="ParamSetting(('minisat_simplified.params', 'param', 'asymm'), 'False') | ParamSetting(('minisat_simplified.params', 'param', 'asymm'), 'True')"
--- before: minisat_simplified.params
+++ after: minisat_simplified.params
@@ -12,7 +12,7 @@
 pre := 'True'
 verb := '1'
 rcheck := 'False'
-asymm := 'False'
+asymm := 'True'
 elim := 'True'
 simp-gc-frac := 0.5
 sub-lim := 1000

2024-06-11 17:04:11,400	[INFO]	5       TEST_TIMEOUT          None (--) [3 edit(s)]  
2024-06-11 17:04:11,400	[DEBUG]	patch(5)="ParamSetting(('minisat_simplified.params', 'param', 'asymm'), 'False') | ParamSetting(('minisat_simplified.params', 'param', 'asymm'), 'True') | ParamSetting(('minisat_simplified.params', 'param', 'grow'), 5699)"
2024-06-11 17:04:11,401	[INFO]	~~~~ END ~~~~
2024-06-11 17:04:11,401	[INFO]	
2024-06-11 17:04:11,401	[INFO]	==== REPORT ====
2024-06-11 17:04:11,401	[INFO]	Termination: time budget
2024-06-11 17:04:11,401	[INFO]	Retries: 1
2024-06-11 17:04:11,401	[INFO]	Log file: /home/jim/magpie/_magpie_logs/minisat_1718121731.log
2024-06-11 17:04:11,401	[INFO]	Patch file: _magpie_logs/minisat_1718121731.patch
2024-06-11 17:04:11,401	[INFO]	Diff file: _magpie_logs/minisat_1718121731.diff
2024-06-11 17:04:11,401	[INFO]	Reference fitness: 11.692154
2024-06-11 17:04:11,401	[INFO]	Best fitness: 7.787529
2024-06-11 17:04:11,402	[INFO]	
2024-06-11 17:04:11,403	[INFO]	==== BEST PATCH ====
ParamSetting(('minisat_simplified.params', 'param', 'asymm'), 'False') | ParamSetting(('minisat_simplified.params', 'param', 'asymm'), 'True')
2024-06-11 17:04:11,403	[INFO]	
2024-06-11 17:04:11,403	[INFO]	==== DIFF ====
[1m--- before: minisat_simplified.params[0m
[1m+++ after: minisat_simplified.params[0m
[36m@@ -12,7 +12,7 @@[0m
 pre := 'True'
 verb := '1'
 rcheck := 'False'
[31m-asymm := 'False'[0m
[32m+asymm := 'True'[0m
 elim := 'True'
 simp-gc-frac := 0.5
 sub-lim := 1000

