2024-06-13 04:40:33,006	[DEBUG]	==== CONFIG ====
[magpie]
import = 
seed = 5781696698329261
log_dir = _magpie_logs
work_dir = _magpie_work
local_original_copy = True
local_original_name = __original__
output_encoding = ascii
edit_retries = 10
default_timeout = 100
default_lengthout = 1e6
diff_method = unified
trust_local_filesystem = True
run_timeout = 100

[magpie.log]
color_output = True
format_info = {counter:<7} {status:<20} {best}{fitness} ({ratio}) [{size}] {cached} {log}
format_debug = patch({counter})="{patch}"{diffifbest}
format_fitness = {:.6f}
format_ratio = {:.2%%}
format_patchif = 
	 --> {patch}
format_diffif = 
	{diff}

[software]
path = examples/minisat
target_files = 
	core/Solver.cc.xml
software = BasicSoftware
model_rules = 
	*.params : ParamFileConfigModel
	*.xml : SrcmlModel
	* : LineModel
model_config = 
	*.params : [paramconfig]
	*.xml : [srcml]
init_cmd = bash init.sh
init_timeout = 60
init_lengthout = -1
setup_cmd = bash compile.sh
setup_timeout = 
setup_lengthout = 
compile_cmd = bash compile.sh
compile_timeout = 
compile_lengthout = 
test_cmd = bash test.sh
test_timeout = 
test_lengthout = 
run_cmd = perf stat -e instructions bash run_fixed.sh
run_timeout = 
run_lengthout = 
retries = 1
batch_timeout = 
batch_lengthout = 
batch_bin_fitness_strategy = aggregate
batch_fitness_strategy = sum
fitness = perf_instructions

[srcml]
rename = 
	stmt: break continue decl_stmt do expr_stmt for goto if return switch while
	number: literal_number
focus = block stmt operator_comp operator_arith number
internodes = block
process_pseudo_blocks = True
process_literals = True
process_operators = True

[paramconfig]
timing = test run
cli_prefix = --
cli_glue = =
cli_boolean = show
cli_boolean_prefix_true = 
cli_boolean_prefix_false = no-
cli_none = hide
silent_prefix = @
silent_suffix = $

[search]
protocol = BasicProtocol
algorithm = FirstImprovement
possible_edits = 
	SrcmlStmtReplacement
	SrcmlStmtInsertion
	SrcmlStmtDeletion
warmup = 3
warmup_strategy = last
max_steps = 10000
max_time = 700
target_fitness = 
cache_maxsize = 100
cache_keep = 0.2
batch_instances = 
batch_shuffle = True
batch_bin_shuffle = False
batch_sample_size = 1

[search.ls]
delete_prob = 0.5
max_neighbours = 
when_trapped = continue
accept_fail = False
tabu_length = 10

[search.gp]
pop_size = 10
delete_prob = 0.5
offspring_elitism = 0.1
offspring_crossover = 0.5
offspring_mutation = 0.4
uniform_rate = 0.5
batch_reset = True

[search.minify]
do_cleanup = True
do_rebuild = True
do_simplify = True
round_robin_limit = 3


2024-06-13 04:40:33,006	[DEBUG]	
2024-06-13 04:40:33,006	[INFO]	==== SEARCH: FirstImprovement ====
2024-06-13 04:40:33,006	[INFO]	~~~~ WARMUP ~~~~
2024-06-13 04:40:48,150	[DEBUG]	EXEC>  SUCCESS 52238391725.0
2024-06-13 04:40:48,150	[INFO]	WARM    SUCCESS               52238391725.000000 (--) [0 edit(s)]  
2024-06-13 04:40:59,970	[DEBUG]	EXEC>  SUCCESS 52235504050.0
2024-06-13 04:40:59,970	[INFO]	WARM    SUCCESS               52235504050.000000 (--) [0 edit(s)]  
2024-06-13 04:41:11,741	[DEBUG]	EXEC>  SUCCESS 52235467949.0
2024-06-13 04:41:11,741	[INFO]	WARM    SUCCESS               52235467949.000000 (--) [0 edit(s)]  
2024-06-13 04:41:11,742	[INFO]	REF     SUCCESS               52235467949.000000 (--) [0 edit(s)]  
2024-06-13 04:41:11,742	[INFO]	
2024-06-13 04:41:11,742	[INFO]	~~~~ START ~~~~
2024-06-13 04:41:11,974	[INFO]	1       COMPILE_CODE_ERROR    None (--) [1 edit(s)]  
2024-06-13 04:41:11,975	[DEBUG]	patch(1)="SrcmlStmtReplacement(('core/Solver.cc.xml', 'stmt', 387), ('core/Solver.cc.xml', 'stmt', 97))"
2024-06-13 04:41:13,295	[INFO]	2       TEST_CODE_ERROR       None (--) [1 edit(s)]  
2024-06-13 04:41:13,296	[DEBUG]	patch(2)="SrcmlStmtDeletion(('core/Solver.cc.xml', 'stmt', 152))"
2024-06-13 04:41:14,597	[INFO]	3       TEST_CODE_ERROR       None (--) [1 edit(s)]  
2024-06-13 04:41:14,598	[DEBUG]	patch(3)="SrcmlStmtReplacement(('core/Solver.cc.xml', 'stmt', 232), ('core/Solver.cc.xml', 'stmt', 193))"
2024-06-13 04:41:14,840	[INFO]	4       COMPILE_CODE_ERROR    None (--) [1 edit(s)]  
2024-06-13 04:41:14,840	[DEBUG]	patch(4)="SrcmlStmtReplacement(('core/Solver.cc.xml', 'stmt', 74), ('core/Solver.cc.xml', 'stmt', 191))"
2024-06-13 04:41:15,072	[INFO]	5       COMPILE_CODE_ERROR    None (--) [1 edit(s)]  
2024-06-13 04:41:15,072	[DEBUG]	patch(5)="SrcmlStmtInsertion(('core/Solver.cc.xml', '_inter_block', 335), ('core/Solver.cc.xml', 'stmt', 79))"
2024-06-13 04:41:16,497	[INFO]	6       TEST_CODE_ERROR       None (--) [1 edit(s)]  
2024-06-13 04:41:16,497	[DEBUG]	patch(6)="SrcmlStmtDeletion(('core/Solver.cc.xml', 'stmt', 281))"
2024-06-13 04:41:16,734	[INFO]	7       COMPILE_CODE_ERROR    None (--) [1 edit(s)]  
2024-06-13 04:41:16,735	[DEBUG]	patch(7)="SrcmlStmtInsertion(('core/Solver.cc.xml', '_inter_block', 349), ('core/Solver.cc.xml', 'stmt', 202))"
2024-06-13 04:41:16,988	[INFO]	8       COMPILE_CODE_ERROR    None (--) [1 edit(s)]  
2024-06-13 04:41:16,988	[DEBUG]	patch(8)="SrcmlStmtInsertion(('core/Solver.cc.xml', '_inter_block', 349), ('core/Solver.cc.xml', 'stmt', 183))"
2024-06-13 04:41:17,231	[INFO]	9       COMPILE_CODE_ERROR    None (--) [1 edit(s)]  
2024-06-13 04:41:17,232	[DEBUG]	patch(9)="SrcmlStmtReplacement(('core/Solver.cc.xml', 'stmt', 341), ('core/Solver.cc.xml', 'stmt', 371))"
2024-06-13 04:41:17,452	[INFO]	10      COMPILE_CODE_ERROR    None (--) [1 edit(s)]  
2024-06-13 04:41:17,452	[DEBUG]	patch(10)="SrcmlStmtReplacement(('core/Solver.cc.xml', 'stmt', 360), ('core/Solver.cc.xml', 'stmt', 357))"
2024-06-13 04:41:17,700	[INFO]	11      COMPILE_CODE_ERROR    None (--) [1 edit(s)]  
2024-06-13 04:41:17,700	[DEBUG]	patch(11)="SrcmlStmtReplacement(('core/Solver.cc.xml', 'stmt', 44), ('core/Solver.cc.xml', 'stmt', 60))"
2024-06-13 04:42:23,524	[DEBUG]	EXEC>  SUCCESS 281706226357.0
2024-06-13 04:42:23,524	[INFO]	12      SUCCESS               281706226357.000000 (539.30%) [1 edit(s)]  
2024-06-13 04:42:23,524	[DEBUG]	patch(12)="SrcmlStmtDeletion(('core/Solver.cc.xml', 'stmt', 225))"
2024-06-13 04:42:51,081	[DEBUG]	EXEC>  LENGTHOUT None
2024-06-13 04:42:51,082	[INFO]	13      RUN_LENGTHOUT         None (--) [1 edit(s)]  
2024-06-13 04:42:51,082	[DEBUG]	patch(13)="SrcmlStmtReplacement(('core/Solver.cc.xml', 'stmt', 27), ('core/Solver.cc.xml', 'stmt', 361))"
2024-06-13 04:42:51,320	[INFO]	14      COMPILE_CODE_ERROR    None (--) [1 edit(s)]  
2024-06-13 04:42:51,320	[DEBUG]	patch(14)="SrcmlStmtReplacement(('core/Solver.cc.xml', 'stmt', 333), ('core/Solver.cc.xml', 'stmt', 237))"
2024-06-13 04:42:52,765	[INFO]	15      TEST_CODE_ERROR       None (--) [1 edit(s)]  
2024-06-13 04:42:52,765	[DEBUG]	patch(15)="SrcmlStmtDeletion(('core/Solver.cc.xml', 'stmt', 363))"
2024-06-13 04:42:54,118	[INFO]	16      TEST_CODE_ERROR       None (--) [1 edit(s)]  
2024-06-13 04:42:54,118	[DEBUG]	patch(16)="SrcmlStmtDeletion(('core/Solver.cc.xml', 'stmt', 114))"
2024-06-13 04:43:13,743	[DEBUG]	EXEC>  SUCCESS 77647469689.0
2024-06-13 04:43:13,743	[INFO]	17      SUCCESS               77647469689.000000 (148.65%) [1 edit(s)]  
2024-06-13 04:43:13,743	[DEBUG]	patch(17)="SrcmlStmtReplacement(('core/Solver.cc.xml', 'stmt', 288), ('core/Solver.cc.xml', 'stmt', 424))"
2024-06-13 04:43:30,258	[DEBUG]	EXEC>  LENGTHOUT None
2024-06-13 04:43:30,259	[INFO]	18      RUN_LENGTHOUT         None (--) [1 edit(s)]  
2024-06-13 04:43:30,259	[DEBUG]	patch(18)="SrcmlStmtInsertion(('core/Solver.cc.xml', '_inter_block', 138), ('core/Solver.cc.xml', 'stmt', 360))"
2024-06-13 04:43:43,216	[DEBUG]	EXEC>  SUCCESS 52338918986.0
2024-06-13 04:43:43,216	[INFO]	19      SUCCESS               52338918986.000000 (100.20%) [1 edit(s)]  
2024-06-13 04:43:43,216	[DEBUG]	patch(19)="SrcmlStmtInsertion(('core/Solver.cc.xml', '_inter_block', 186), ('core/Solver.cc.xml', 'stmt', 243))"
2024-06-13 04:43:43,442	[INFO]	20      COMPILE_CODE_ERROR    None (--) [1 edit(s)]  
2024-06-13 04:43:43,442	[DEBUG]	patch(20)="SrcmlStmtReplacement(('core/Solver.cc.xml', 'stmt', 218), ('core/Solver.cc.xml', 'stmt', 425))"
2024-06-13 04:43:43,698	[INFO]	21      COMPILE_CODE_ERROR    None (--) [1 edit(s)]  
2024-06-13 04:43:43,698	[DEBUG]	patch(21)="SrcmlStmtReplacement(('core/Solver.cc.xml', 'stmt', 280), ('core/Solver.cc.xml', 'stmt', 411))"
2024-06-13 04:43:43,933	[INFO]	22      COMPILE_CODE_ERROR    None (--) [1 edit(s)]  
2024-06-13 04:43:43,933	[DEBUG]	patch(22)="SrcmlStmtReplacement(('core/Solver.cc.xml', 'stmt', 85), ('core/Solver.cc.xml', 'stmt', 280))"
2024-06-13 04:43:56,945	[DEBUG]	EXEC>  SUCCESS 52239185070.0
2024-06-13 04:43:56,945	[INFO]	23      SUCCESS               52239185070.000000 (100.01%) [1 edit(s)]  
2024-06-13 04:43:56,945	[DEBUG]	patch(23)="SrcmlStmtDeletion(('core/Solver.cc.xml', 'stmt', 126))"
2024-06-13 04:43:57,211	[INFO]	24      COMPILE_CODE_ERROR    None (--) [1 edit(s)]  
2024-06-13 04:43:57,212	[DEBUG]	patch(24)="SrcmlStmtInsertion(('core/Solver.cc.xml', '_inter_block', 370), ('core/Solver.cc.xml', 'stmt', 81))"
2024-06-13 04:44:10,283	[DEBUG]	EXEC>  SUCCESS 52386990213.0
2024-06-13 04:44:10,283	[INFO]	25      SUCCESS               52386990213.000000 (100.29%) [1 edit(s)]  
2024-06-13 04:44:10,283	[DEBUG]	patch(25)="SrcmlStmtInsertion(('core/Solver.cc.xml', '_inter_block', 181), ('core/Solver.cc.xml', 'stmt', 409))"
2024-06-13 04:44:10,550	[INFO]	26      COMPILE_CODE_ERROR    None (--) [1 edit(s)]  
2024-06-13 04:44:10,550	[DEBUG]	patch(26)="SrcmlStmtInsertion(('core/Solver.cc.xml', '_inter_block', 484), ('core/Solver.cc.xml', 'stmt', 242))"
2024-06-13 04:44:11,956	[INFO]	27      TEST_CODE_ERROR       None (--) [1 edit(s)]  
2024-06-13 04:44:11,956	[DEBUG]	patch(27)="SrcmlStmtDeletion(('core/Solver.cc.xml', 'stmt', 92))"
2024-06-13 04:44:25,127	[DEBUG]	EXEC>  SUCCESS 52237187042.0
2024-06-13 04:44:25,127	[INFO]	28      SUCCESS               52237187042.000000 (100.00%) [1 edit(s)]  
2024-06-13 04:44:25,127	[DEBUG]	patch(28)="SrcmlStmtInsertion(('core/Solver.cc.xml', '_inter_block', 75), ('core/Solver.cc.xml', 'stmt', 387))"
2024-06-13 04:44:25,359	[INFO]	29      COMPILE_CODE_ERROR    None (--) [1 edit(s)]  
2024-06-13 04:44:25,360	[DEBUG]	patch(29)="SrcmlStmtReplacement(('core/Solver.cc.xml', 'stmt', 18), ('core/Solver.cc.xml', 'stmt', 54))"
2024-06-13 04:44:25,596	[INFO]	30      COMPILE_CODE_ERROR    None (--) [1 edit(s)]  
2024-06-13 04:44:25,596	[DEBUG]	patch(30)="SrcmlStmtReplacement(('core/Solver.cc.xml', 'stmt', 391), ('core/Solver.cc.xml', 'stmt', 148))"
2024-06-13 04:44:25,826	[INFO]	31      COMPILE_CODE_ERROR    None (--) [1 edit(s)]  
2024-06-13 04:44:25,827	[DEBUG]	patch(31)="SrcmlStmtInsertion(('core/Solver.cc.xml', '_inter_block', 287), ('core/Solver.cc.xml', 'stmt', 324))"
2024-06-13 04:44:26,064	[INFO]	32      COMPILE_CODE_ERROR    None (--) [1 edit(s)]  
2024-06-13 04:44:26,064	[DEBUG]	patch(32)="SrcmlStmtReplacement(('core/Solver.cc.xml', 'stmt', 42), ('core/Solver.cc.xml', 'stmt', 215))"
2024-06-13 04:44:26,306	[INFO]	33      COMPILE_CODE_ERROR    None (--) [1 edit(s)]  
2024-06-13 04:44:26,306	[DEBUG]	patch(33)="SrcmlStmtInsertion(('core/Solver.cc.xml', '_inter_block', 492), ('core/Solver.cc.xml', 'stmt', 381))"
2024-06-13 04:44:39,149	[DEBUG]	EXEC>  SUCCESS 52234979959.0
2024-06-13 04:44:39,150	[INFO]	34      SUCCESS              *52234979959.000000 (100.00%) [1 edit(s)]  
2024-06-13 04:44:39,150	[DEBUG]	patch(34)="SrcmlStmtInsertion(('core/Solver.cc.xml', '_inter_block', 353), ('core/Solver.cc.xml', 'stmt', 156))"
--- before: core/Solver.cc
+++ after: core/Solver.cc
@@ -680,6 +680,7 @@
     if (nAssigns() == simpDB_assigns || (simpDB_props > 0))
         /*auto*/{
             return true;
+            Clause& c = ca[reason(var(analyze_stack.last()))];
         }/*auto*/
 
     // Remove satisfied clauses:

2024-06-13 04:44:39,156	[INFO]	35      SUCCESS               52235467949.000000 (100.00%) [0 edit(s)] [cached] 
2024-06-13 04:44:39,156	[DEBUG]	patch(35)=""
2024-06-13 04:44:39,419	[INFO]	36      COMPILE_CODE_ERROR    None (--) [2 edit(s)]  
2024-06-13 04:44:39,419	[DEBUG]	patch(36)="SrcmlStmtInsertion(('core/Solver.cc.xml', '_inter_block', 353), ('core/Solver.cc.xml', 'stmt', 156)) | SrcmlStmtInsertion(('core/Solver.cc.xml', '_inter_block', 473), ('core/Solver.cc.xml', 'stmt', 404))"
2024-06-13 04:44:52,370	[DEBUG]	EXEC>  SUCCESS 52235725535.0
2024-06-13 04:44:52,370	[INFO]	37      SUCCESS               52235725535.000000 (100.00%) [2 edit(s)]  
2024-06-13 04:44:52,370	[DEBUG]	patch(37)="SrcmlStmtInsertion(('core/Solver.cc.xml', '_inter_block', 353), ('core/Solver.cc.xml', 'stmt', 156)) | SrcmlStmtInsertion(('core/Solver.cc.xml', '_inter_block', 389), ('core/Solver.cc.xml', 'stmt', 244))"
2024-06-13 04:44:52,595	[INFO]	38      COMPILE_CODE_ERROR    None (--) [2 edit(s)]  
2024-06-13 04:44:52,595	[DEBUG]	patch(38)="SrcmlStmtInsertion(('core/Solver.cc.xml', '_inter_block', 353), ('core/Solver.cc.xml', 'stmt', 156)) | SrcmlStmtReplacement(('core/Solver.cc.xml', 'stmt', 79), ('core/Solver.cc.xml', 'stmt', 89))"
2024-06-13 04:45:05,859	[DEBUG]	EXEC>  SUCCESS 54110468324.0
2024-06-13 04:45:05,859	[INFO]	39      SUCCESS               54110468324.000000 (103.59%) [2 edit(s)]  
2024-06-13 04:45:05,860	[DEBUG]	patch(39)="SrcmlStmtInsertion(('core/Solver.cc.xml', '_inter_block', 353), ('core/Solver.cc.xml', 'stmt', 156)) | SrcmlStmtInsertion(('core/Solver.cc.xml', '_inter_block', 286), ('core/Solver.cc.xml', 'stmt', 113))"
2024-06-13 04:45:18,930	[DEBUG]	EXEC>  SUCCESS 52234858208.0
2024-06-13 04:45:18,931	[INFO]	40      SUCCESS              *52234858208.000000 (100.00%) [2 edit(s)]  
2024-06-13 04:45:18,931	[DEBUG]	patch(40)="SrcmlStmtInsertion(('core/Solver.cc.xml', '_inter_block', 353), ('core/Solver.cc.xml', 'stmt', 156)) | SrcmlStmtInsertion(('core/Solver.cc.xml', '_inter_block', 87), ('core/Solver.cc.xml', 'stmt', 273))"
--- before: core/Solver.cc
+++ after: core/Solver.cc
@@ -235,6 +235,7 @@
 void Solver::cancelUntil(int level) {
     if (decisionLevel() > level){
         for (int c = trail.size()-1; c >= trail_lim[level]; c--){
+            vec<Lit>    learnt_clause;
             Var      x  = var(trail[c]);
             assigns [x] = l_Undef;
             if (phase_saving > 1 || (phase_saving == 1) && c > trail_lim.last())
@@ -680,6 +681,7 @@
     if (nAssigns() == simpDB_assigns || (simpDB_props > 0))
         /*auto*/{
             return true;
+            Clause& c = ca[reason(var(analyze_stack.last()))];
         }/*auto*/
 
     // Remove satisfied clauses:

2024-06-13 04:45:18,940	[INFO]	41      SUCCESS               52234979959.000000 (100.00%) [1 edit(s)] [cached] 
2024-06-13 04:45:18,940	[DEBUG]	patch(41)="SrcmlStmtInsertion(('core/Solver.cc.xml', '_inter_block', 353), ('core/Solver.cc.xml', 'stmt', 156))"
2024-06-13 04:45:19,211	[INFO]	42      COMPILE_CODE_ERROR    None (--) [3 edit(s)]  
2024-06-13 04:45:19,211	[DEBUG]	patch(42)="SrcmlStmtInsertion(('core/Solver.cc.xml', '_inter_block', 353), ('core/Solver.cc.xml', 'stmt', 156)) | SrcmlStmtInsertion(('core/Solver.cc.xml', '_inter_block', 87), ('core/Solver.cc.xml', 'stmt', 273)) | SrcmlStmtInsertion(('core/Solver.cc.xml', '_inter_block', 469), ('core/Solver.cc.xml', 'stmt', 160))"
2024-06-13 04:45:32,296	[DEBUG]	EXEC>  SUCCESS 51655633404.0
2024-06-13 04:45:32,297	[INFO]	43      SUCCESS              *51655633404.000000 (98.89%) [3 edit(s)]  
2024-06-13 04:45:32,297	[DEBUG]	patch(43)="SrcmlStmtInsertion(('core/Solver.cc.xml', '_inter_block', 353), ('core/Solver.cc.xml', 'stmt', 156)) | SrcmlStmtInsertion(('core/Solver.cc.xml', '_inter_block', 87), ('core/Solver.cc.xml', 'stmt', 273)) | SrcmlStmtInsertion(('core/Solver.cc.xml', '_inter_block', 311), ('core/Solver.cc.xml', 'stmt', 70))"
--- before: core/Solver.cc
+++ after: core/Solver.cc
@@ -235,6 +235,7 @@
 void Solver::cancelUntil(int level) {
     if (decisionLevel() > level){
         for (int c = trail.size()-1; c >= trail_lim[level]; c--){
+            vec<Lit>    learnt_clause;
             Var      x  = var(trail[c]);
             assigns [x] = l_Undef;
             if (phase_saving > 1 || (phase_saving == 1) && c > trail_lim.last())
@@ -624,6 +625,7 @@
             }/*auto*/
     }
     learnts.shrink(i - j);
+    return true;
     checkGarbage();
 }
 
@@ -680,6 +682,7 @@
     if (nAssigns() == simpDB_assigns || (simpDB_props > 0))
         /*auto*/{
             return true;
+            Clause& c = ca[reason(var(analyze_stack.last()))];
         }/*auto*/
 
     // Remove satisfied clauses:

2024-06-13 04:45:32,575	[INFO]	44      COMPILE_CODE_ERROR    None (--) [4 edit(s)]  
2024-06-13 04:45:32,575	[DEBUG]	patch(44)="SrcmlStmtInsertion(('core/Solver.cc.xml', '_inter_block', 353), ('core/Solver.cc.xml', 'stmt', 156)) | SrcmlStmtInsertion(('core/Solver.cc.xml', '_inter_block', 87), ('core/Solver.cc.xml', 'stmt', 273)) | SrcmlStmtInsertion(('core/Solver.cc.xml', '_inter_block', 311), ('core/Solver.cc.xml', 'stmt', 70)) | SrcmlStmtDeletion(('core/Solver.cc.xml', 'stmt', 116))"
2024-06-13 04:45:45,449	[DEBUG]	EXEC>  SUCCESS 51651665922.0
2024-06-13 04:45:45,449	[INFO]	45      SUCCESS              *51651665922.000000 (98.88%) [4 edit(s)]  
2024-06-13 04:45:45,450	[DEBUG]	patch(45)="SrcmlStmtInsertion(('core/Solver.cc.xml', '_inter_block', 353), ('core/Solver.cc.xml', 'stmt', 156)) | SrcmlStmtInsertion(('core/Solver.cc.xml', '_inter_block', 87), ('core/Solver.cc.xml', 'stmt', 273)) | SrcmlStmtInsertion(('core/Solver.cc.xml', '_inter_block', 311), ('core/Solver.cc.xml', 'stmt', 70)) | SrcmlStmtInsertion(('core/Solver.cc.xml', '_inter_block', 106), ('core/Solver.cc.xml', 'stmt', 345))"
--- before: core/Solver.cc
+++ after: core/Solver.cc
@@ -235,6 +235,7 @@
 void Solver::cancelUntil(int level) {
     if (decisionLevel() > level){
         for (int c = trail.size()-1; c >= trail_lim[level]; c--){
+            vec<Lit>    learnt_clause;
             Var      x  = var(trail[c]);
             assigns [x] = l_Undef;
             if (phase_saving > 1 || (phase_saving == 1) && c > trail_lim.last())
@@ -268,6 +269,7 @@
     while (next == var_Undef || value(next) != l_Undef || !decision[next])
         /*auto*/{
             if (order_heap.empty()){
+            learntsize_adjust_confl   = learntsize_adjust_start_confl;
             next = var_Undef;
             break;
         }else
@@ -624,6 +626,7 @@
             }/*auto*/
     }
     learnts.shrink(i - j);
+    return true;
     checkGarbage();
 }
 
@@ -680,6 +683,7 @@
     if (nAssigns() == simpDB_assigns || (simpDB_props > 0))
         /*auto*/{
             return true;
+            Clause& c = ca[reason(var(analyze_stack.last()))];
         }/*auto*/
 
     // Remove satisfied clauses:

2024-06-13 04:45:58,582	[DEBUG]	EXEC>  SUCCESS 51652019479.0
2024-06-13 04:45:58,582	[INFO]	46      SUCCESS               51652019479.000000 (98.88%) [3 edit(s)]  
2024-06-13 04:45:58,582	[DEBUG]	patch(46)="SrcmlStmtInsertion(('core/Solver.cc.xml', '_inter_block', 353), ('core/Solver.cc.xml', 'stmt', 156)) | SrcmlStmtInsertion(('core/Solver.cc.xml', '_inter_block', 311), ('core/Solver.cc.xml', 'stmt', 70)) | SrcmlStmtInsertion(('core/Solver.cc.xml', '_inter_block', 106), ('core/Solver.cc.xml', 'stmt', 345))"
2024-06-13 04:46:11,684	[DEBUG]	EXEC>  SUCCESS 51660460854.0
2024-06-13 04:46:11,685	[INFO]	47      SUCCESS               51660460854.000000 (98.90%) [5 edit(s)]  
2024-06-13 04:46:11,685	[DEBUG]	patch(47)="SrcmlStmtInsertion(('core/Solver.cc.xml', '_inter_block', 353), ('core/Solver.cc.xml', 'stmt', 156)) | SrcmlStmtInsertion(('core/Solver.cc.xml', '_inter_block', 87), ('core/Solver.cc.xml', 'stmt', 273)) | SrcmlStmtInsertion(('core/Solver.cc.xml', '_inter_block', 311), ('core/Solver.cc.xml', 'stmt', 70)) | SrcmlStmtInsertion(('core/Solver.cc.xml', '_inter_block', 106), ('core/Solver.cc.xml', 'stmt', 345)) | SrcmlStmtInsertion(('core/Solver.cc.xml', '_inter_block', 372), ('core/Solver.cc.xml', 'stmt', 1))"
2024-06-13 04:46:24,690	[DEBUG]	EXEC>  SUCCESS 51655540907.0
2024-06-13 04:46:24,690	[INFO]	48      SUCCESS               51655540907.000000 (98.89%) [5 edit(s)]  
2024-06-13 04:46:24,690	[DEBUG]	patch(48)="SrcmlStmtInsertion(('core/Solver.cc.xml', '_inter_block', 353), ('core/Solver.cc.xml', 'stmt', 156)) | SrcmlStmtInsertion(('core/Solver.cc.xml', '_inter_block', 87), ('core/Solver.cc.xml', 'stmt', 273)) | SrcmlStmtInsertion(('core/Solver.cc.xml', '_inter_block', 311), ('core/Solver.cc.xml', 'stmt', 70)) | SrcmlStmtInsertion(('core/Solver.cc.xml', '_inter_block', 106), ('core/Solver.cc.xml', 'stmt', 345)) | SrcmlStmtDeletion(('core/Solver.cc.xml', 'stmt', 257))"
2024-06-13 04:46:37,775	[DEBUG]	EXEC>  SUCCESS 51653614124.0
2024-06-13 04:46:37,775	[INFO]	49      SUCCESS               51653614124.000000 (98.89%) [5 edit(s)]  
2024-06-13 04:46:37,775	[DEBUG]	patch(49)="SrcmlStmtInsertion(('core/Solver.cc.xml', '_inter_block', 353), ('core/Solver.cc.xml', 'stmt', 156)) | SrcmlStmtInsertion(('core/Solver.cc.xml', '_inter_block', 87), ('core/Solver.cc.xml', 'stmt', 273)) | SrcmlStmtInsertion(('core/Solver.cc.xml', '_inter_block', 311), ('core/Solver.cc.xml', 'stmt', 70)) | SrcmlStmtInsertion(('core/Solver.cc.xml', '_inter_block', 106), ('core/Solver.cc.xml', 'stmt', 345)) | SrcmlStmtDeletion(('core/Solver.cc.xml', 'stmt', 419))"
2024-06-13 04:46:50,854	[DEBUG]	EXEC>  SUCCESS 51652363144.0
2024-06-13 04:46:50,854	[INFO]	50      SUCCESS               51652363144.000000 (98.88%) [3 edit(s)]  
2024-06-13 04:46:50,854	[DEBUG]	patch(50)="SrcmlStmtInsertion(('core/Solver.cc.xml', '_inter_block', 87), ('core/Solver.cc.xml', 'stmt', 273)) | SrcmlStmtInsertion(('core/Solver.cc.xml', '_inter_block', 311), ('core/Solver.cc.xml', 'stmt', 70)) | SrcmlStmtInsertion(('core/Solver.cc.xml', '_inter_block', 106), ('core/Solver.cc.xml', 'stmt', 345))"
2024-06-13 04:47:03,878	[DEBUG]	EXEC>  SUCCESS 51650583305.0
2024-06-13 04:47:03,878	[INFO]	51      SUCCESS              *51650583305.000000 (98.88%) [5 edit(s)]  
2024-06-13 04:47:03,878	[DEBUG]	patch(51)="SrcmlStmtInsertion(('core/Solver.cc.xml', '_inter_block', 353), ('core/Solver.cc.xml', 'stmt', 156)) | SrcmlStmtInsertion(('core/Solver.cc.xml', '_inter_block', 87), ('core/Solver.cc.xml', 'stmt', 273)) | SrcmlStmtInsertion(('core/Solver.cc.xml', '_inter_block', 311), ('core/Solver.cc.xml', 'stmt', 70)) | SrcmlStmtInsertion(('core/Solver.cc.xml', '_inter_block', 106), ('core/Solver.cc.xml', 'stmt', 345)) | SrcmlStmtReplacement(('core/Solver.cc.xml', 'stmt', 401), ('core/Solver.cc.xml', 'stmt', 346))"
--- before: core/Solver.cc
+++ after: core/Solver.cc
@@ -235,6 +235,7 @@
 void Solver::cancelUntil(int level) {
     if (decisionLevel() > level){
         for (int c = trail.size()-1; c >= trail_lim[level]; c--){
+            vec<Lit>    learnt_clause;
             Var      x  = var(trail[c]);
             assigns [x] = l_Undef;
             if (phase_saving > 1 || (phase_saving == 1) && c > trail_lim.last())
@@ -268,6 +269,7 @@
     while (next == var_Undef || value(next) != l_Undef || !decision[next])
         /*auto*/{
             if (order_heap.empty()){
+            learntsize_adjust_confl   = learntsize_adjust_start_confl;
             next = var_Undef;
             break;
         }else
@@ -624,6 +626,7 @@
             }/*auto*/
     }
     learnts.shrink(i - j);
+    return true;
     checkGarbage();
 }
 
@@ -680,6 +683,7 @@
     if (nAssigns() == simpDB_assigns || (simpDB_props > 0))
         /*auto*/{
             return true;
+            Clause& c = ca[reason(var(analyze_stack.last()))];
         }/*auto*/
 
     // Remove satisfied clauses:
@@ -997,7 +1001,7 @@
     // Assumptions are added as unit clauses:
     cnt += assumptions.size();
 
-    fprintf(f, "p cnf %d %d\n", max, cnt);
+    learntsize_adjust_cnt     = (int)learntsize_adjust_confl;
 
     for (int i = 0; i < assumptions.size(); i++){
         assert(value(assumptions[i]) != l_False);

2024-06-13 04:47:05,194	[INFO]	52      TEST_CODE_ERROR       None (--) [6 edit(s)]  
2024-06-13 04:47:05,194	[DEBUG]	patch(52)="SrcmlStmtInsertion(('core/Solver.cc.xml', '_inter_block', 353), ('core/Solver.cc.xml', 'stmt', 156)) | SrcmlStmtInsertion(('core/Solver.cc.xml', '_inter_block', 87), ('core/Solver.cc.xml', 'stmt', 273)) | SrcmlStmtInsertion(('core/Solver.cc.xml', '_inter_block', 311), ('core/Solver.cc.xml', 'stmt', 70)) | SrcmlStmtInsertion(('core/Solver.cc.xml', '_inter_block', 106), ('core/Solver.cc.xml', 'stmt', 345)) | SrcmlStmtReplacement(('core/Solver.cc.xml', 'stmt', 401), ('core/Solver.cc.xml', 'stmt', 346)) | SrcmlStmtReplacement(('core/Solver.cc.xml', 'stmt', 154), ('core/Solver.cc.xml', 'stmt', 347))"
2024-06-13 04:47:05,449	[INFO]	53      COMPILE_CODE_ERROR    None (--) [6 edit(s)]  
2024-06-13 04:47:05,449	[DEBUG]	patch(53)="SrcmlStmtInsertion(('core/Solver.cc.xml', '_inter_block', 353), ('core/Solver.cc.xml', 'stmt', 156)) | SrcmlStmtInsertion(('core/Solver.cc.xml', '_inter_block', 87), ('core/Solver.cc.xml', 'stmt', 273)) | SrcmlStmtInsertion(('core/Solver.cc.xml', '_inter_block', 311), ('core/Solver.cc.xml', 'stmt', 70)) | SrcmlStmtInsertion(('core/Solver.cc.xml', '_inter_block', 106), ('core/Solver.cc.xml', 'stmt', 345)) | SrcmlStmtReplacement(('core/Solver.cc.xml', 'stmt', 401), ('core/Solver.cc.xml', 'stmt', 346)) | SrcmlStmtReplacement(('core/Solver.cc.xml', 'stmt', 158), ('core/Solver.cc.xml', 'stmt', 226))"
2024-06-13 04:47:18,427	[DEBUG]	EXEC>  SUCCESS 51651342768.0
2024-06-13 04:47:18,427	[INFO]	54      SUCCESS               51651342768.000000 (98.88%) [4 edit(s)]  
2024-06-13 04:47:18,427	[DEBUG]	patch(54)="SrcmlStmtInsertion(('core/Solver.cc.xml', '_inter_block', 87), ('core/Solver.cc.xml', 'stmt', 273)) | SrcmlStmtInsertion(('core/Solver.cc.xml', '_inter_block', 311), ('core/Solver.cc.xml', 'stmt', 70)) | SrcmlStmtInsertion(('core/Solver.cc.xml', '_inter_block', 106), ('core/Solver.cc.xml', 'stmt', 345)) | SrcmlStmtReplacement(('core/Solver.cc.xml', 'stmt', 401), ('core/Solver.cc.xml', 'stmt', 346))"
2024-06-13 04:47:18,669	[INFO]	55      COMPILE_CODE_ERROR    None (--) [6 edit(s)]  
2024-06-13 04:47:18,669	[DEBUG]	patch(55)="SrcmlStmtInsertion(('core/Solver.cc.xml', '_inter_block', 353), ('core/Solver.cc.xml', 'stmt', 156)) | SrcmlStmtInsertion(('core/Solver.cc.xml', '_inter_block', 87), ('core/Solver.cc.xml', 'stmt', 273)) | SrcmlStmtInsertion(('core/Solver.cc.xml', '_inter_block', 311), ('core/Solver.cc.xml', 'stmt', 70)) | SrcmlStmtInsertion(('core/Solver.cc.xml', '_inter_block', 106), ('core/Solver.cc.xml', 'stmt', 345)) | SrcmlStmtReplacement(('core/Solver.cc.xml', 'stmt', 401), ('core/Solver.cc.xml', 'stmt', 346)) | SrcmlStmtDeletion(('core/Solver.cc.xml', 'stmt', 388))"
2024-06-13 04:47:18,948	[INFO]	56      COMPILE_CODE_ERROR    None (--) [6 edit(s)]  
2024-06-13 04:47:18,948	[DEBUG]	patch(56)="SrcmlStmtInsertion(('core/Solver.cc.xml', '_inter_block', 353), ('core/Solver.cc.xml', 'stmt', 156)) | SrcmlStmtInsertion(('core/Solver.cc.xml', '_inter_block', 87), ('core/Solver.cc.xml', 'stmt', 273)) | SrcmlStmtInsertion(('core/Solver.cc.xml', '_inter_block', 311), ('core/Solver.cc.xml', 'stmt', 70)) | SrcmlStmtInsertion(('core/Solver.cc.xml', '_inter_block', 106), ('core/Solver.cc.xml', 'stmt', 345)) | SrcmlStmtReplacement(('core/Solver.cc.xml', 'stmt', 401), ('core/Solver.cc.xml', 'stmt', 346)) | SrcmlStmtReplacement(('core/Solver.cc.xml', 'stmt', 358), ('core/Solver.cc.xml', 'stmt', 33))"
2024-06-13 04:47:32,047	[DEBUG]	EXEC>  SUCCESS 51652852138.0
2024-06-13 04:47:32,047	[INFO]	57      SUCCESS               51652852138.000000 (98.88%) [4 edit(s)]  
2024-06-13 04:47:32,047	[DEBUG]	patch(57)="SrcmlStmtInsertion(('core/Solver.cc.xml', '_inter_block', 353), ('core/Solver.cc.xml', 'stmt', 156)) | SrcmlStmtInsertion(('core/Solver.cc.xml', '_inter_block', 311), ('core/Solver.cc.xml', 'stmt', 70)) | SrcmlStmtInsertion(('core/Solver.cc.xml', '_inter_block', 106), ('core/Solver.cc.xml', 'stmt', 345)) | SrcmlStmtReplacement(('core/Solver.cc.xml', 'stmt', 401), ('core/Solver.cc.xml', 'stmt', 346))"
2024-06-13 04:47:33,477	[INFO]	58      TEST_CODE_ERROR       None (--) [6 edit(s)]  
2024-06-13 04:47:33,477	[DEBUG]	patch(58)="SrcmlStmtInsertion(('core/Solver.cc.xml', '_inter_block', 353), ('core/Solver.cc.xml', 'stmt', 156)) | SrcmlStmtInsertion(('core/Solver.cc.xml', '_inter_block', 87), ('core/Solver.cc.xml', 'stmt', 273)) | SrcmlStmtInsertion(('core/Solver.cc.xml', '_inter_block', 311), ('core/Solver.cc.xml', 'stmt', 70)) | SrcmlStmtInsertion(('core/Solver.cc.xml', '_inter_block', 106), ('core/Solver.cc.xml', 'stmt', 345)) | SrcmlStmtReplacement(('core/Solver.cc.xml', 'stmt', 401), ('core/Solver.cc.xml', 'stmt', 346)) | SrcmlStmtInsertion(('core/Solver.cc.xml', '_inter_block', 178), ('core/Solver.cc.xml', 'stmt', 187))"
2024-06-13 04:47:46,480	[DEBUG]	EXEC>  SUCCESS 52236333963.0
2024-06-13 04:47:46,480	[INFO]	59      SUCCESS               52236333963.000000 (100.00%) [4 edit(s)]  
2024-06-13 04:47:46,480	[DEBUG]	patch(59)="SrcmlStmtInsertion(('core/Solver.cc.xml', '_inter_block', 353), ('core/Solver.cc.xml', 'stmt', 156)) | SrcmlStmtInsertion(('core/Solver.cc.xml', '_inter_block', 87), ('core/Solver.cc.xml', 'stmt', 273)) | SrcmlStmtInsertion(('core/Solver.cc.xml', '_inter_block', 106), ('core/Solver.cc.xml', 'stmt', 345)) | SrcmlStmtReplacement(('core/Solver.cc.xml', 'stmt', 401), ('core/Solver.cc.xml', 'stmt', 346))"
2024-06-13 04:47:46,499	[INFO]	60      SUCCESS               51651665922.000000 (98.88%) [4 edit(s)] [cached] 
2024-06-13 04:47:46,499	[DEBUG]	patch(60)="SrcmlStmtInsertion(('core/Solver.cc.xml', '_inter_block', 353), ('core/Solver.cc.xml', 'stmt', 156)) | SrcmlStmtInsertion(('core/Solver.cc.xml', '_inter_block', 87), ('core/Solver.cc.xml', 'stmt', 273)) | SrcmlStmtInsertion(('core/Solver.cc.xml', '_inter_block', 311), ('core/Solver.cc.xml', 'stmt', 70)) | SrcmlStmtInsertion(('core/Solver.cc.xml', '_inter_block', 106), ('core/Solver.cc.xml', 'stmt', 345))"
2024-06-13 04:47:46,781	[INFO]	61      COMPILE_CODE_ERROR    None (--) [6 edit(s)]  
2024-06-13 04:47:46,781	[DEBUG]	patch(61)="SrcmlStmtInsertion(('core/Solver.cc.xml', '_inter_block', 353), ('core/Solver.cc.xml', 'stmt', 156)) | SrcmlStmtInsertion(('core/Solver.cc.xml', '_inter_block', 87), ('core/Solver.cc.xml', 'stmt', 273)) | SrcmlStmtInsertion(('core/Solver.cc.xml', '_inter_block', 311), ('core/Solver.cc.xml', 'stmt', 70)) | SrcmlStmtInsertion(('core/Solver.cc.xml', '_inter_block', 106), ('core/Solver.cc.xml', 'stmt', 345)) | SrcmlStmtReplacement(('core/Solver.cc.xml', 'stmt', 401), ('core/Solver.cc.xml', 'stmt', 346)) | SrcmlStmtReplacement(('core/Solver.cc.xml', 'stmt', 206), ('core/Solver.cc.xml', 'stmt', 158))"
2024-06-13 04:47:59,780	[DEBUG]	EXEC>  SUCCESS 51696494438.0
2024-06-13 04:47:59,781	[INFO]	62      SUCCESS               51696494438.000000 (98.97%) [6 edit(s)]  
2024-06-13 04:47:59,781	[DEBUG]	patch(62)="SrcmlStmtInsertion(('core/Solver.cc.xml', '_inter_block', 353), ('core/Solver.cc.xml', 'stmt', 156)) | SrcmlStmtInsertion(('core/Solver.cc.xml', '_inter_block', 87), ('core/Solver.cc.xml', 'stmt', 273)) | SrcmlStmtInsertion(('core/Solver.cc.xml', '_inter_block', 311), ('core/Solver.cc.xml', 'stmt', 70)) | SrcmlStmtInsertion(('core/Solver.cc.xml', '_inter_block', 106), ('core/Solver.cc.xml', 'stmt', 345)) | SrcmlStmtReplacement(('core/Solver.cc.xml', 'stmt', 401), ('core/Solver.cc.xml', 'stmt', 346)) | SrcmlStmtDeletion(('core/Solver.cc.xml', 'stmt', 162))"
2024-06-13 04:48:00,054	[INFO]	63      COMPILE_CODE_ERROR    None (--) [6 edit(s)]  
2024-06-13 04:48:00,054	[DEBUG]	patch(63)="SrcmlStmtInsertion(('core/Solver.cc.xml', '_inter_block', 353), ('core/Solver.cc.xml', 'stmt', 156)) | SrcmlStmtInsertion(('core/Solver.cc.xml', '_inter_block', 87), ('core/Solver.cc.xml', 'stmt', 273)) | SrcmlStmtInsertion(('core/Solver.cc.xml', '_inter_block', 311), ('core/Solver.cc.xml', 'stmt', 70)) | SrcmlStmtInsertion(('core/Solver.cc.xml', '_inter_block', 106), ('core/Solver.cc.xml', 'stmt', 345)) | SrcmlStmtReplacement(('core/Solver.cc.xml', 'stmt', 401), ('core/Solver.cc.xml', 'stmt', 346)) | SrcmlStmtReplacement(('core/Solver.cc.xml', 'stmt', 237), ('core/Solver.cc.xml', 'stmt', 289))"
2024-06-13 04:48:00,327	[INFO]	64      COMPILE_CODE_ERROR    None (--) [6 edit(s)]  
2024-06-13 04:48:00,327	[DEBUG]	patch(64)="SrcmlStmtInsertion(('core/Solver.cc.xml', '_inter_block', 353), ('core/Solver.cc.xml', 'stmt', 156)) | SrcmlStmtInsertion(('core/Solver.cc.xml', '_inter_block', 87), ('core/Solver.cc.xml', 'stmt', 273)) | SrcmlStmtInsertion(('core/Solver.cc.xml', '_inter_block', 311), ('core/Solver.cc.xml', 'stmt', 70)) | SrcmlStmtInsertion(('core/Solver.cc.xml', '_inter_block', 106), ('core/Solver.cc.xml', 'stmt', 345)) | SrcmlStmtReplacement(('core/Solver.cc.xml', 'stmt', 401), ('core/Solver.cc.xml', 'stmt', 346)) | SrcmlStmtReplacement(('core/Solver.cc.xml', 'stmt', 183), ('core/Solver.cc.xml', 'stmt', 414))"
2024-06-13 04:48:00,591	[INFO]	65      COMPILE_CODE_ERROR    None (--) [6 edit(s)]  
2024-06-13 04:48:00,591	[DEBUG]	patch(65)="SrcmlStmtInsertion(('core/Solver.cc.xml', '_inter_block', 353), ('core/Solver.cc.xml', 'stmt', 156)) | SrcmlStmtInsertion(('core/Solver.cc.xml', '_inter_block', 87), ('core/Solver.cc.xml', 'stmt', 273)) | SrcmlStmtInsertion(('core/Solver.cc.xml', '_inter_block', 311), ('core/Solver.cc.xml', 'stmt', 70)) | SrcmlStmtInsertion(('core/Solver.cc.xml', '_inter_block', 106), ('core/Solver.cc.xml', 'stmt', 345)) | SrcmlStmtReplacement(('core/Solver.cc.xml', 'stmt', 401), ('core/Solver.cc.xml', 'stmt', 346)) | SrcmlStmtReplacement(('core/Solver.cc.xml', 'stmt', 133), ('core/Solver.cc.xml', 'stmt', 406))"
2024-06-13 04:48:00,861	[INFO]	66      COMPILE_CODE_ERROR    None (--) [6 edit(s)]  
2024-06-13 04:48:00,861	[DEBUG]	patch(66)="SrcmlStmtInsertion(('core/Solver.cc.xml', '_inter_block', 353), ('core/Solver.cc.xml', 'stmt', 156)) | SrcmlStmtInsertion(('core/Solver.cc.xml', '_inter_block', 87), ('core/Solver.cc.xml', 'stmt', 273)) | SrcmlStmtInsertion(('core/Solver.cc.xml', '_inter_block', 311), ('core/Solver.cc.xml', 'stmt', 70)) | SrcmlStmtInsertion(('core/Solver.cc.xml', '_inter_block', 106), ('core/Solver.cc.xml', 'stmt', 345)) | SrcmlStmtReplacement(('core/Solver.cc.xml', 'stmt', 401), ('core/Solver.cc.xml', 'stmt', 346)) | SrcmlStmtInsertion(('core/Solver.cc.xml', '_inter_block', 177), ('core/Solver.cc.xml', 'stmt', 47))"
2024-06-13 04:48:13,869	[DEBUG]	EXEC>  SUCCESS 51651773842.0
2024-06-13 04:48:13,869	[INFO]	67      SUCCESS               51651773842.000000 (98.88%) [6 edit(s)]  
2024-06-13 04:48:13,869	[DEBUG]	patch(67)="SrcmlStmtInsertion(('core/Solver.cc.xml', '_inter_block', 353), ('core/Solver.cc.xml', 'stmt', 156)) | SrcmlStmtInsertion(('core/Solver.cc.xml', '_inter_block', 87), ('core/Solver.cc.xml', 'stmt', 273)) | SrcmlStmtInsertion(('core/Solver.cc.xml', '_inter_block', 311), ('core/Solver.cc.xml', 'stmt', 70)) | SrcmlStmtInsertion(('core/Solver.cc.xml', '_inter_block', 106), ('core/Solver.cc.xml', 'stmt', 345)) | SrcmlStmtReplacement(('core/Solver.cc.xml', 'stmt', 401), ('core/Solver.cc.xml', 'stmt', 346)) | SrcmlStmtInsertion(('core/Solver.cc.xml', '_inter_block', 503), ('core/Solver.cc.xml', 'stmt', 156))"
2024-06-13 04:48:26,951	[DEBUG]	EXEC>  SUCCESS 51659641517.0
2024-06-13 04:48:26,951	[INFO]	68      SUCCESS               51659641517.000000 (98.90%) [6 edit(s)]  
2024-06-13 04:48:26,951	[DEBUG]	patch(68)="SrcmlStmtInsertion(('core/Solver.cc.xml', '_inter_block', 353), ('core/Solver.cc.xml', 'stmt', 156)) | SrcmlStmtInsertion(('core/Solver.cc.xml', '_inter_block', 87), ('core/Solver.cc.xml', 'stmt', 273)) | SrcmlStmtInsertion(('core/Solver.cc.xml', '_inter_block', 311), ('core/Solver.cc.xml', 'stmt', 70)) | SrcmlStmtInsertion(('core/Solver.cc.xml', '_inter_block', 106), ('core/Solver.cc.xml', 'stmt', 345)) | SrcmlStmtReplacement(('core/Solver.cc.xml', 'stmt', 401), ('core/Solver.cc.xml', 'stmt', 346)) | SrcmlStmtDeletion(('core/Solver.cc.xml', 'stmt', 263))"
2024-06-13 04:48:27,227	[INFO]	69      COMPILE_CODE_ERROR    None (--) [6 edit(s)]  
2024-06-13 04:48:27,227	[DEBUG]	patch(69)="SrcmlStmtInsertion(('core/Solver.cc.xml', '_inter_block', 353), ('core/Solver.cc.xml', 'stmt', 156)) | SrcmlStmtInsertion(('core/Solver.cc.xml', '_inter_block', 87), ('core/Solver.cc.xml', 'stmt', 273)) | SrcmlStmtInsertion(('core/Solver.cc.xml', '_inter_block', 311), ('core/Solver.cc.xml', 'stmt', 70)) | SrcmlStmtInsertion(('core/Solver.cc.xml', '_inter_block', 106), ('core/Solver.cc.xml', 'stmt', 345)) | SrcmlStmtReplacement(('core/Solver.cc.xml', 'stmt', 401), ('core/Solver.cc.xml', 'stmt', 346)) | SrcmlStmtInsertion(('core/Solver.cc.xml', '_inter_block', 415), ('core/Solver.cc.xml', 'stmt', 404))"
2024-06-13 04:48:28,597	[INFO]	70      TEST_CODE_ERROR       None (--) [6 edit(s)]  
2024-06-13 04:48:28,597	[DEBUG]	patch(70)="SrcmlStmtInsertion(('core/Solver.cc.xml', '_inter_block', 353), ('core/Solver.cc.xml', 'stmt', 156)) | SrcmlStmtInsertion(('core/Solver.cc.xml', '_inter_block', 87), ('core/Solver.cc.xml', 'stmt', 273)) | SrcmlStmtInsertion(('core/Solver.cc.xml', '_inter_block', 311), ('core/Solver.cc.xml', 'stmt', 70)) | SrcmlStmtInsertion(('core/Solver.cc.xml', '_inter_block', 106), ('core/Solver.cc.xml', 'stmt', 345)) | SrcmlStmtReplacement(('core/Solver.cc.xml', 'stmt', 401), ('core/Solver.cc.xml', 'stmt', 346)) | SrcmlStmtDeletion(('core/Solver.cc.xml', 'stmt', 410))"
2024-06-13 04:48:28,852	[INFO]	71      COMPILE_CODE_ERROR    None (--) [6 edit(s)]  
2024-06-13 04:48:28,853	[DEBUG]	patch(71)="SrcmlStmtInsertion(('core/Solver.cc.xml', '_inter_block', 353), ('core/Solver.cc.xml', 'stmt', 156)) | SrcmlStmtInsertion(('core/Solver.cc.xml', '_inter_block', 87), ('core/Solver.cc.xml', 'stmt', 273)) | SrcmlStmtInsertion(('core/Solver.cc.xml', '_inter_block', 311), ('core/Solver.cc.xml', 'stmt', 70)) | SrcmlStmtInsertion(('core/Solver.cc.xml', '_inter_block', 106), ('core/Solver.cc.xml', 'stmt', 345)) | SrcmlStmtReplacement(('core/Solver.cc.xml', 'stmt', 401), ('core/Solver.cc.xml', 'stmt', 346)) | SrcmlStmtDeletion(('core/Solver.cc.xml', 'stmt', 308))"
2024-06-13 04:48:30,149	[INFO]	72      TEST_CODE_ERROR       None (--) [6 edit(s)]  
2024-06-13 04:48:30,149	[DEBUG]	patch(72)="SrcmlStmtInsertion(('core/Solver.cc.xml', '_inter_block', 353), ('core/Solver.cc.xml', 'stmt', 156)) | SrcmlStmtInsertion(('core/Solver.cc.xml', '_inter_block', 87), ('core/Solver.cc.xml', 'stmt', 273)) | SrcmlStmtInsertion(('core/Solver.cc.xml', '_inter_block', 311), ('core/Solver.cc.xml', 'stmt', 70)) | SrcmlStmtInsertion(('core/Solver.cc.xml', '_inter_block', 106), ('core/Solver.cc.xml', 'stmt', 345)) | SrcmlStmtReplacement(('core/Solver.cc.xml', 'stmt', 401), ('core/Solver.cc.xml', 'stmt', 346)) | SrcmlStmtInsertion(('core/Solver.cc.xml', '_inter_block', 211), ('core/Solver.cc.xml', 'stmt', 90))"
2024-06-13 04:48:43,228	[DEBUG]	EXEC>  SUCCESS 51653850650.0
2024-06-13 04:48:43,228	[INFO]	73      SUCCESS               51653850650.000000 (98.89%) [4 edit(s)]  
2024-06-13 04:48:43,228	[DEBUG]	patch(73)="SrcmlStmtInsertion(('core/Solver.cc.xml', '_inter_block', 353), ('core/Solver.cc.xml', 'stmt', 156)) | SrcmlStmtInsertion(('core/Solver.cc.xml', '_inter_block', 87), ('core/Solver.cc.xml', 'stmt', 273)) | SrcmlStmtInsertion(('core/Solver.cc.xml', '_inter_block', 311), ('core/Solver.cc.xml', 'stmt', 70)) | SrcmlStmtReplacement(('core/Solver.cc.xml', 'stmt', 401), ('core/Solver.cc.xml', 'stmt', 346))"
2024-06-13 04:48:43,513	[INFO]	74      COMPILE_CODE_ERROR    None (--) [6 edit(s)]  
2024-06-13 04:48:43,513	[DEBUG]	patch(74)="SrcmlStmtInsertion(('core/Solver.cc.xml', '_inter_block', 353), ('core/Solver.cc.xml', 'stmt', 156)) | SrcmlStmtInsertion(('core/Solver.cc.xml', '_inter_block', 87), ('core/Solver.cc.xml', 'stmt', 273)) | SrcmlStmtInsertion(('core/Solver.cc.xml', '_inter_block', 311), ('core/Solver.cc.xml', 'stmt', 70)) | SrcmlStmtInsertion(('core/Solver.cc.xml', '_inter_block', 106), ('core/Solver.cc.xml', 'stmt', 345)) | SrcmlStmtReplacement(('core/Solver.cc.xml', 'stmt', 401), ('core/Solver.cc.xml', 'stmt', 346)) | SrcmlStmtReplacement(('core/Solver.cc.xml', 'stmt', 285), ('core/Solver.cc.xml', 'stmt', 421))"
2024-06-13 04:48:43,721	[INFO]	75      COMPILE_CODE_ERROR    None (--) [6 edit(s)]  
2024-06-13 04:48:43,721	[DEBUG]	patch(75)="SrcmlStmtInsertion(('core/Solver.cc.xml', '_inter_block', 353), ('core/Solver.cc.xml', 'stmt', 156)) | SrcmlStmtInsertion(('core/Solver.cc.xml', '_inter_block', 87), ('core/Solver.cc.xml', 'stmt', 273)) | SrcmlStmtInsertion(('core/Solver.cc.xml', '_inter_block', 311), ('core/Solver.cc.xml', 'stmt', 70)) | SrcmlStmtInsertion(('core/Solver.cc.xml', '_inter_block', 106), ('core/Solver.cc.xml', 'stmt', 345)) | SrcmlStmtReplacement(('core/Solver.cc.xml', 'stmt', 401), ('core/Solver.cc.xml', 'stmt', 346)) | SrcmlStmtDeletion(('core/Solver.cc.xml', 'stmt', 12))"
2024-06-13 04:48:45,077	[INFO]	76      TEST_CODE_ERROR       None (--) [6 edit(s)]  
2024-06-13 04:48:45,077	[DEBUG]	patch(76)="SrcmlStmtInsertion(('core/Solver.cc.xml', '_inter_block', 353), ('core/Solver.cc.xml', 'stmt', 156)) | SrcmlStmtInsertion(('core/Solver.cc.xml', '_inter_block', 87), ('core/Solver.cc.xml', 'stmt', 273)) | SrcmlStmtInsertion(('core/Solver.cc.xml', '_inter_block', 311), ('core/Solver.cc.xml', 'stmt', 70)) | SrcmlStmtInsertion(('core/Solver.cc.xml', '_inter_block', 106), ('core/Solver.cc.xml', 'stmt', 345)) | SrcmlStmtReplacement(('core/Solver.cc.xml', 'stmt', 401), ('core/Solver.cc.xml', 'stmt', 346)) | SrcmlStmtReplacement(('core/Solver.cc.xml', 'stmt', 114), ('core/Solver.cc.xml', 'stmt', 100))"
2024-06-13 04:48:58,151	[DEBUG]	EXEC>  SUCCESS 51654507150.0
2024-06-13 04:48:58,152	[INFO]	77      SUCCESS               51654507150.000000 (98.89%) [6 edit(s)]  
2024-06-13 04:48:58,152	[DEBUG]	patch(77)="SrcmlStmtInsertion(('core/Solver.cc.xml', '_inter_block', 353), ('core/Solver.cc.xml', 'stmt', 156)) | SrcmlStmtInsertion(('core/Solver.cc.xml', '_inter_block', 87), ('core/Solver.cc.xml', 'stmt', 273)) | SrcmlStmtInsertion(('core/Solver.cc.xml', '_inter_block', 311), ('core/Solver.cc.xml', 'stmt', 70)) | SrcmlStmtInsertion(('core/Solver.cc.xml', '_inter_block', 106), ('core/Solver.cc.xml', 'stmt', 345)) | SrcmlStmtReplacement(('core/Solver.cc.xml', 'stmt', 401), ('core/Solver.cc.xml', 'stmt', 346)) | SrcmlStmtDeletion(('core/Solver.cc.xml', 'stmt', 175))"
2024-06-13 04:48:58,430	[INFO]	78      COMPILE_CODE_ERROR    None (--) [6 edit(s)]  
2024-06-13 04:48:58,430	[DEBUG]	patch(78)="SrcmlStmtInsertion(('core/Solver.cc.xml', '_inter_block', 353), ('core/Solver.cc.xml', 'stmt', 156)) | SrcmlStmtInsertion(('core/Solver.cc.xml', '_inter_block', 87), ('core/Solver.cc.xml', 'stmt', 273)) | SrcmlStmtInsertion(('core/Solver.cc.xml', '_inter_block', 311), ('core/Solver.cc.xml', 'stmt', 70)) | SrcmlStmtInsertion(('core/Solver.cc.xml', '_inter_block', 106), ('core/Solver.cc.xml', 'stmt', 345)) | SrcmlStmtReplacement(('core/Solver.cc.xml', 'stmt', 401), ('core/Solver.cc.xml', 'stmt', 346)) | SrcmlStmtInsertion(('core/Solver.cc.xml', '_inter_block', 49), ('core/Solver.cc.xml', 'stmt', 255))"
2024-06-13 04:49:17,357	[DEBUG]	EXEC>  SUCCESS 75581841835.0
2024-06-13 04:49:17,357	[INFO]	79      SUCCESS               75581841835.000000 (144.69%) [6 edit(s)]  
2024-06-13 04:49:17,357	[DEBUG]	patch(79)="SrcmlStmtInsertion(('core/Solver.cc.xml', '_inter_block', 353), ('core/Solver.cc.xml', 'stmt', 156)) | SrcmlStmtInsertion(('core/Solver.cc.xml', '_inter_block', 87), ('core/Solver.cc.xml', 'stmt', 273)) | SrcmlStmtInsertion(('core/Solver.cc.xml', '_inter_block', 311), ('core/Solver.cc.xml', 'stmt', 70)) | SrcmlStmtInsertion(('core/Solver.cc.xml', '_inter_block', 106), ('core/Solver.cc.xml', 'stmt', 345)) | SrcmlStmtReplacement(('core/Solver.cc.xml', 'stmt', 401), ('core/Solver.cc.xml', 'stmt', 346)) | SrcmlStmtDeletion(('core/Solver.cc.xml', 'stmt', 307))"
2024-06-13 04:49:18,666	[INFO]	80      TEST_CODE_ERROR       None (--) [6 edit(s)]  
2024-06-13 04:49:18,666	[DEBUG]	patch(80)="SrcmlStmtInsertion(('core/Solver.cc.xml', '_inter_block', 353), ('core/Solver.cc.xml', 'stmt', 156)) | SrcmlStmtInsertion(('core/Solver.cc.xml', '_inter_block', 87), ('core/Solver.cc.xml', 'stmt', 273)) | SrcmlStmtInsertion(('core/Solver.cc.xml', '_inter_block', 311), ('core/Solver.cc.xml', 'stmt', 70)) | SrcmlStmtInsertion(('core/Solver.cc.xml', '_inter_block', 106), ('core/Solver.cc.xml', 'stmt', 345)) | SrcmlStmtReplacement(('core/Solver.cc.xml', 'stmt', 401), ('core/Solver.cc.xml', 'stmt', 346)) | SrcmlStmtInsertion(('core/Solver.cc.xml', '_inter_block', 287), ('core/Solver.cc.xml', 'stmt', 215))"
2024-06-13 04:49:18,872	[INFO]	81      COMPILE_CODE_ERROR    None (--) [6 edit(s)]  
2024-06-13 04:49:18,872	[DEBUG]	patch(81)="SrcmlStmtInsertion(('core/Solver.cc.xml', '_inter_block', 353), ('core/Solver.cc.xml', 'stmt', 156)) | SrcmlStmtInsertion(('core/Solver.cc.xml', '_inter_block', 87), ('core/Solver.cc.xml', 'stmt', 273)) | SrcmlStmtInsertion(('core/Solver.cc.xml', '_inter_block', 311), ('core/Solver.cc.xml', 'stmt', 70)) | SrcmlStmtInsertion(('core/Solver.cc.xml', '_inter_block', 106), ('core/Solver.cc.xml', 'stmt', 345)) | SrcmlStmtReplacement(('core/Solver.cc.xml', 'stmt', 401), ('core/Solver.cc.xml', 'stmt', 346)) | SrcmlStmtDeletion(('core/Solver.cc.xml', 'stmt', 205))"
2024-06-13 04:49:32,038	[DEBUG]	EXEC>  SUCCESS 51651663680.0
2024-06-13 04:49:32,038	[INFO]	82      SUCCESS               51651663680.000000 (98.88%) [6 edit(s)]  
2024-06-13 04:49:32,038	[DEBUG]	patch(82)="SrcmlStmtInsertion(('core/Solver.cc.xml', '_inter_block', 353), ('core/Solver.cc.xml', 'stmt', 156)) | SrcmlStmtInsertion(('core/Solver.cc.xml', '_inter_block', 87), ('core/Solver.cc.xml', 'stmt', 273)) | SrcmlStmtInsertion(('core/Solver.cc.xml', '_inter_block', 311), ('core/Solver.cc.xml', 'stmt', 70)) | SrcmlStmtInsertion(('core/Solver.cc.xml', '_inter_block', 106), ('core/Solver.cc.xml', 'stmt', 345)) | SrcmlStmtReplacement(('core/Solver.cc.xml', 'stmt', 401), ('core/Solver.cc.xml', 'stmt', 346)) | SrcmlStmtDeletion(('core/Solver.cc.xml', 'stmt', 132))"
2024-06-13 04:49:32,312	[INFO]	83      COMPILE_CODE_ERROR    None (--) [6 edit(s)]  
2024-06-13 04:49:32,312	[DEBUG]	patch(83)="SrcmlStmtInsertion(('core/Solver.cc.xml', '_inter_block', 353), ('core/Solver.cc.xml', 'stmt', 156)) | SrcmlStmtInsertion(('core/Solver.cc.xml', '_inter_block', 87), ('core/Solver.cc.xml', 'stmt', 273)) | SrcmlStmtInsertion(('core/Solver.cc.xml', '_inter_block', 311), ('core/Solver.cc.xml', 'stmt', 70)) | SrcmlStmtInsertion(('core/Solver.cc.xml', '_inter_block', 106), ('core/Solver.cc.xml', 'stmt', 345)) | SrcmlStmtReplacement(('core/Solver.cc.xml', 'stmt', 401), ('core/Solver.cc.xml', 'stmt', 346)) | SrcmlStmtReplacement(('core/Solver.cc.xml', 'stmt', 84), ('core/Solver.cc.xml', 'stmt', 198))"
2024-06-13 04:49:45,410	[DEBUG]	EXEC>  SUCCESS 51653563661.0
2024-06-13 04:49:45,410	[INFO]	84      SUCCESS               51653563661.000000 (98.89%) [6 edit(s)]  
2024-06-13 04:49:45,410	[DEBUG]	patch(84)="SrcmlStmtInsertion(('core/Solver.cc.xml', '_inter_block', 353), ('core/Solver.cc.xml', 'stmt', 156)) | SrcmlStmtInsertion(('core/Solver.cc.xml', '_inter_block', 87), ('core/Solver.cc.xml', 'stmt', 273)) | SrcmlStmtInsertion(('core/Solver.cc.xml', '_inter_block', 311), ('core/Solver.cc.xml', 'stmt', 70)) | SrcmlStmtInsertion(('core/Solver.cc.xml', '_inter_block', 106), ('core/Solver.cc.xml', 'stmt', 345)) | SrcmlStmtReplacement(('core/Solver.cc.xml', 'stmt', 401), ('core/Solver.cc.xml', 'stmt', 346)) | SrcmlStmtInsertion(('core/Solver.cc.xml', '_inter_block', 329), ('core/Solver.cc.xml', 'stmt', 119))"
2024-06-13 04:49:46,691	[INFO]	85      TEST_CODE_ERROR       None (--) [6 edit(s)]  
2024-06-13 04:49:46,691	[DEBUG]	patch(85)="SrcmlStmtInsertion(('core/Solver.cc.xml', '_inter_block', 353), ('core/Solver.cc.xml', 'stmt', 156)) | SrcmlStmtInsertion(('core/Solver.cc.xml', '_inter_block', 87), ('core/Solver.cc.xml', 'stmt', 273)) | SrcmlStmtInsertion(('core/Solver.cc.xml', '_inter_block', 311), ('core/Solver.cc.xml', 'stmt', 70)) | SrcmlStmtInsertion(('core/Solver.cc.xml', '_inter_block', 106), ('core/Solver.cc.xml', 'stmt', 345)) | SrcmlStmtReplacement(('core/Solver.cc.xml', 'stmt', 401), ('core/Solver.cc.xml', 'stmt', 346)) | SrcmlStmtDeletion(('core/Solver.cc.xml', 'stmt', 154))"
2024-06-13 04:50:02,237	[DEBUG]	EXEC>  SUCCESS 65839857782.0
2024-06-13 04:50:02,237	[INFO]	86      SUCCESS               65839857782.000000 (126.04%) [6 edit(s)]  
2024-06-13 04:50:02,237	[DEBUG]	patch(86)="SrcmlStmtInsertion(('core/Solver.cc.xml', '_inter_block', 353), ('core/Solver.cc.xml', 'stmt', 156)) | SrcmlStmtInsertion(('core/Solver.cc.xml', '_inter_block', 87), ('core/Solver.cc.xml', 'stmt', 273)) | SrcmlStmtInsertion(('core/Solver.cc.xml', '_inter_block', 311), ('core/Solver.cc.xml', 'stmt', 70)) | SrcmlStmtInsertion(('core/Solver.cc.xml', '_inter_block', 106), ('core/Solver.cc.xml', 'stmt', 345)) | SrcmlStmtReplacement(('core/Solver.cc.xml', 'stmt', 401), ('core/Solver.cc.xml', 'stmt', 346)) | SrcmlStmtDeletion(('core/Solver.cc.xml', 'stmt', 242))"
2024-06-13 04:50:02,481	[INFO]	87      COMPILE_CODE_ERROR    None (--) [6 edit(s)]  
2024-06-13 04:50:02,481	[DEBUG]	patch(87)="SrcmlStmtInsertion(('core/Solver.cc.xml', '_inter_block', 353), ('core/Solver.cc.xml', 'stmt', 156)) | SrcmlStmtInsertion(('core/Solver.cc.xml', '_inter_block', 87), ('core/Solver.cc.xml', 'stmt', 273)) | SrcmlStmtInsertion(('core/Solver.cc.xml', '_inter_block', 311), ('core/Solver.cc.xml', 'stmt', 70)) | SrcmlStmtInsertion(('core/Solver.cc.xml', '_inter_block', 106), ('core/Solver.cc.xml', 'stmt', 345)) | SrcmlStmtReplacement(('core/Solver.cc.xml', 'stmt', 401), ('core/Solver.cc.xml', 'stmt', 346)) | SrcmlStmtReplacement(('core/Solver.cc.xml', 'stmt', 101), ('core/Solver.cc.xml', 'stmt', 282))"
2024-06-13 04:50:02,727	[INFO]	88      COMPILE_CODE_ERROR    None (--) [6 edit(s)]  
2024-06-13 04:50:02,727	[DEBUG]	patch(88)="SrcmlStmtInsertion(('core/Solver.cc.xml', '_inter_block', 353), ('core/Solver.cc.xml', 'stmt', 156)) | SrcmlStmtInsertion(('core/Solver.cc.xml', '_inter_block', 87), ('core/Solver.cc.xml', 'stmt', 273)) | SrcmlStmtInsertion(('core/Solver.cc.xml', '_inter_block', 311), ('core/Solver.cc.xml', 'stmt', 70)) | SrcmlStmtInsertion(('core/Solver.cc.xml', '_inter_block', 106), ('core/Solver.cc.xml', 'stmt', 345)) | SrcmlStmtReplacement(('core/Solver.cc.xml', 'stmt', 401), ('core/Solver.cc.xml', 'stmt', 346)) | SrcmlStmtInsertion(('core/Solver.cc.xml', '_inter_block', 110), ('core/Solver.cc.xml', 'stmt', 277))"
2024-06-13 04:50:02,750	[INFO]	89      TEST_CODE_ERROR       None (--) [6 edit(s)] [cached] 
2024-06-13 04:50:02,750	[DEBUG]	patch(89)="SrcmlStmtInsertion(('core/Solver.cc.xml', '_inter_block', 353), ('core/Solver.cc.xml', 'stmt', 156)) | SrcmlStmtInsertion(('core/Solver.cc.xml', '_inter_block', 87), ('core/Solver.cc.xml', 'stmt', 273)) | SrcmlStmtInsertion(('core/Solver.cc.xml', '_inter_block', 311), ('core/Solver.cc.xml', 'stmt', 70)) | SrcmlStmtInsertion(('core/Solver.cc.xml', '_inter_block', 106), ('core/Solver.cc.xml', 'stmt', 345)) | SrcmlStmtReplacement(('core/Solver.cc.xml', 'stmt', 401), ('core/Solver.cc.xml', 'stmt', 346)) | SrcmlStmtDeletion(('core/Solver.cc.xml', 'stmt', 154))"
2024-06-13 04:50:04,103	[INFO]	90      TEST_CODE_ERROR       None (--) [6 edit(s)]  
2024-06-13 04:50:04,103	[DEBUG]	patch(90)="SrcmlStmtInsertion(('core/Solver.cc.xml', '_inter_block', 353), ('core/Solver.cc.xml', 'stmt', 156)) | SrcmlStmtInsertion(('core/Solver.cc.xml', '_inter_block', 87), ('core/Solver.cc.xml', 'stmt', 273)) | SrcmlStmtInsertion(('core/Solver.cc.xml', '_inter_block', 311), ('core/Solver.cc.xml', 'stmt', 70)) | SrcmlStmtInsertion(('core/Solver.cc.xml', '_inter_block', 106), ('core/Solver.cc.xml', 'stmt', 345)) | SrcmlStmtReplacement(('core/Solver.cc.xml', 'stmt', 401), ('core/Solver.cc.xml', 'stmt', 346)) | SrcmlStmtReplacement(('core/Solver.cc.xml', 'stmt', 151), ('core/Solver.cc.xml', 'stmt', 349))"
2024-06-13 04:50:04,377	[INFO]	91      COMPILE_CODE_ERROR    None (--) [6 edit(s)]  
2024-06-13 04:50:04,377	[DEBUG]	patch(91)="SrcmlStmtInsertion(('core/Solver.cc.xml', '_inter_block', 353), ('core/Solver.cc.xml', 'stmt', 156)) | SrcmlStmtInsertion(('core/Solver.cc.xml', '_inter_block', 87), ('core/Solver.cc.xml', 'stmt', 273)) | SrcmlStmtInsertion(('core/Solver.cc.xml', '_inter_block', 311), ('core/Solver.cc.xml', 'stmt', 70)) | SrcmlStmtInsertion(('core/Solver.cc.xml', '_inter_block', 106), ('core/Solver.cc.xml', 'stmt', 345)) | SrcmlStmtReplacement(('core/Solver.cc.xml', 'stmt', 401), ('core/Solver.cc.xml', 'stmt', 346)) | SrcmlStmtInsertion(('core/Solver.cc.xml', '_inter_block', 100), ('core/Solver.cc.xml', 'stmt', 49))"
2024-06-13 04:50:05,612	[INFO]	92      TEST_CODE_ERROR       None (--) [6 edit(s)]  
2024-06-13 04:50:05,612	[DEBUG]	patch(92)="SrcmlStmtInsertion(('core/Solver.cc.xml', '_inter_block', 353), ('core/Solver.cc.xml', 'stmt', 156)) | SrcmlStmtInsertion(('core/Solver.cc.xml', '_inter_block', 87), ('core/Solver.cc.xml', 'stmt', 273)) | SrcmlStmtInsertion(('core/Solver.cc.xml', '_inter_block', 311), ('core/Solver.cc.xml', 'stmt', 70)) | SrcmlStmtInsertion(('core/Solver.cc.xml', '_inter_block', 106), ('core/Solver.cc.xml', 'stmt', 345)) | SrcmlStmtReplacement(('core/Solver.cc.xml', 'stmt', 401), ('core/Solver.cc.xml', 'stmt', 346)) | SrcmlStmtInsertion(('core/Solver.cc.xml', '_inter_block', 245), ('core/Solver.cc.xml', 'stmt', 368))"
2024-06-13 04:50:18,660	[DEBUG]	EXEC>  SUCCESS 51654023785.0
2024-06-13 04:50:18,661	[INFO]	93      SUCCESS               51654023785.000000 (98.89%) [6 edit(s)]  
2024-06-13 04:50:18,661	[DEBUG]	patch(93)="SrcmlStmtInsertion(('core/Solver.cc.xml', '_inter_block', 353), ('core/Solver.cc.xml', 'stmt', 156)) | SrcmlStmtInsertion(('core/Solver.cc.xml', '_inter_block', 87), ('core/Solver.cc.xml', 'stmt', 273)) | SrcmlStmtInsertion(('core/Solver.cc.xml', '_inter_block', 311), ('core/Solver.cc.xml', 'stmt', 70)) | SrcmlStmtInsertion(('core/Solver.cc.xml', '_inter_block', 106), ('core/Solver.cc.xml', 'stmt', 345)) | SrcmlStmtReplacement(('core/Solver.cc.xml', 'stmt', 401), ('core/Solver.cc.xml', 'stmt', 346)) | SrcmlStmtDeletion(('core/Solver.cc.xml', 'stmt', 383))"
2024-06-13 04:50:31,750	[DEBUG]	EXEC>  SUCCESS 51651854178.0
2024-06-13 04:50:31,751	[INFO]	94      SUCCESS               51651854178.000000 (98.88%) [6 edit(s)]  
2024-06-13 04:50:31,751	[DEBUG]	patch(94)="SrcmlStmtInsertion(('core/Solver.cc.xml', '_inter_block', 353), ('core/Solver.cc.xml', 'stmt', 156)) | SrcmlStmtInsertion(('core/Solver.cc.xml', '_inter_block', 87), ('core/Solver.cc.xml', 'stmt', 273)) | SrcmlStmtInsertion(('core/Solver.cc.xml', '_inter_block', 311), ('core/Solver.cc.xml', 'stmt', 70)) | SrcmlStmtInsertion(('core/Solver.cc.xml', '_inter_block', 106), ('core/Solver.cc.xml', 'stmt', 345)) | SrcmlStmtReplacement(('core/Solver.cc.xml', 'stmt', 401), ('core/Solver.cc.xml', 'stmt', 346)) | SrcmlStmtInsertion(('core/Solver.cc.xml', '_inter_block', 25), ('core/Solver.cc.xml', 'stmt', 339))"
2024-06-13 04:50:44,786	[DEBUG]	EXEC>  SUCCESS 51652006461.0
2024-06-13 04:50:44,787	[INFO]	95      SUCCESS               51652006461.000000 (98.88%) [6 edit(s)]  
2024-06-13 04:50:44,787	[DEBUG]	patch(95)="SrcmlStmtInsertion(('core/Solver.cc.xml', '_inter_block', 353), ('core/Solver.cc.xml', 'stmt', 156)) | SrcmlStmtInsertion(('core/Solver.cc.xml', '_inter_block', 87), ('core/Solver.cc.xml', 'stmt', 273)) | SrcmlStmtInsertion(('core/Solver.cc.xml', '_inter_block', 311), ('core/Solver.cc.xml', 'stmt', 70)) | SrcmlStmtInsertion(('core/Solver.cc.xml', '_inter_block', 106), ('core/Solver.cc.xml', 'stmt', 345)) | SrcmlStmtReplacement(('core/Solver.cc.xml', 'stmt', 401), ('core/Solver.cc.xml', 'stmt', 346)) | SrcmlStmtInsertion(('core/Solver.cc.xml', '_inter_block', 53), ('core/Solver.cc.xml', 'stmt', 332))"
2024-06-13 04:50:46,093	[INFO]	96      TEST_CODE_ERROR       None (--) [6 edit(s)]  
2024-06-13 04:50:46,093	[DEBUG]	patch(96)="SrcmlStmtInsertion(('core/Solver.cc.xml', '_inter_block', 353), ('core/Solver.cc.xml', 'stmt', 156)) | SrcmlStmtInsertion(('core/Solver.cc.xml', '_inter_block', 87), ('core/Solver.cc.xml', 'stmt', 273)) | SrcmlStmtInsertion(('core/Solver.cc.xml', '_inter_block', 311), ('core/Solver.cc.xml', 'stmt', 70)) | SrcmlStmtInsertion(('core/Solver.cc.xml', '_inter_block', 106), ('core/Solver.cc.xml', 'stmt', 345)) | SrcmlStmtReplacement(('core/Solver.cc.xml', 'stmt', 401), ('core/Solver.cc.xml', 'stmt', 346)) | SrcmlStmtDeletion(('core/Solver.cc.xml', 'stmt', 31))"
2024-06-13 04:50:58,946	[DEBUG]	EXEC>  SUCCESS 51597293703.0
2024-06-13 04:50:58,947	[INFO]	97      SUCCESS              *51597293703.000000 (98.78%) [6 edit(s)]  
2024-06-13 04:50:58,947	[DEBUG]	patch(97)="SrcmlStmtInsertion(('core/Solver.cc.xml', '_inter_block', 353), ('core/Solver.cc.xml', 'stmt', 156)) | SrcmlStmtInsertion(('core/Solver.cc.xml', '_inter_block', 87), ('core/Solver.cc.xml', 'stmt', 273)) | SrcmlStmtInsertion(('core/Solver.cc.xml', '_inter_block', 311), ('core/Solver.cc.xml', 'stmt', 70)) | SrcmlStmtInsertion(('core/Solver.cc.xml', '_inter_block', 106), ('core/Solver.cc.xml', 'stmt', 345)) | SrcmlStmtReplacement(('core/Solver.cc.xml', 'stmt', 401), ('core/Solver.cc.xml', 'stmt', 346)) | SrcmlStmtDeletion(('core/Solver.cc.xml', 'stmt', 298))"
--- before: core/Solver.cc
+++ after: core/Solver.cc
@@ -235,6 +235,7 @@
 void Solver::cancelUntil(int level) {
     if (decisionLevel() > level){
         for (int c = trail.size()-1; c >= trail_lim[level]; c--){
+            vec<Lit>    learnt_clause;
             Var      x  = var(trail[c]);
             assigns [x] = l_Undef;
             if (phase_saving > 1 || (phase_saving == 1) && c > trail_lim.last())
@@ -268,6 +269,7 @@
     while (next == var_Undef || value(next) != l_Undef || !decision[next])
         /*auto*/{
             if (order_heap.empty()){
+            learntsize_adjust_confl   = learntsize_adjust_start_confl;
             next = var_Undef;
             break;
         }else
@@ -624,6 +626,7 @@
             }/*auto*/
     }
     learnts.shrink(i - j);
+    return true;
     checkGarbage();
 }
 
@@ -680,6 +683,7 @@
     if (nAssigns() == simpDB_assigns || (simpDB_props > 0))
         /*auto*/{
             return true;
+            Clause& c = ca[reason(var(analyze_stack.last()))];
         }/*auto*/
 
     // Remove satisfied clauses:
@@ -750,13 +754,7 @@
                 learntsize_adjust_cnt    = (int)learntsize_adjust_confl;
                 max_learnts             *= learntsize_inc;
 
-                if (verbosity >= 1)
-                    /*auto*/{
-                        printf("| %9d | %7d %8d %8d | %8d %8d %6.0f | %6.3f %% |\n", 
-                           (int)conflicts, 
-                           (int)dec_vars - (trail_lim.size() == 0 ? trail.size() : trail_lim[0]), nClauses(), (int)clauses_literals, 
-                           (int)max_learnts, nLearnts(), (double)learnts_literals/nLearnts(), progressEstimate()*100);
-                    }/*auto*/
+                
             }
 
         }else{
@@ -997,7 +995,7 @@
     // Assumptions are added as unit clauses:
     cnt += assumptions.size();
 
-    fprintf(f, "p cnf %d %d\n", max, cnt);
+    learntsize_adjust_cnt     = (int)learntsize_adjust_confl;
 
     for (int i = 0; i < assumptions.size(); i++){
         assert(value(assumptions[i]) != l_False);

2024-06-13 04:51:12,030	[DEBUG]	EXEC>  SUCCESS 51596351195.0
2024-06-13 04:51:12,030	[INFO]	98      SUCCESS              *51596351195.000000 (98.78%) [5 edit(s)]  
2024-06-13 04:51:12,030	[DEBUG]	patch(98)="SrcmlStmtInsertion(('core/Solver.cc.xml', '_inter_block', 87), ('core/Solver.cc.xml', 'stmt', 273)) | SrcmlStmtInsertion(('core/Solver.cc.xml', '_inter_block', 311), ('core/Solver.cc.xml', 'stmt', 70)) | SrcmlStmtInsertion(('core/Solver.cc.xml', '_inter_block', 106), ('core/Solver.cc.xml', 'stmt', 345)) | SrcmlStmtReplacement(('core/Solver.cc.xml', 'stmt', 401), ('core/Solver.cc.xml', 'stmt', 346)) | SrcmlStmtDeletion(('core/Solver.cc.xml', 'stmt', 298))"
--- before: core/Solver.cc
+++ after: core/Solver.cc
@@ -235,6 +235,7 @@
 void Solver::cancelUntil(int level) {
     if (decisionLevel() > level){
         for (int c = trail.size()-1; c >= trail_lim[level]; c--){
+            vec<Lit>    learnt_clause;
             Var      x  = var(trail[c]);
             assigns [x] = l_Undef;
             if (phase_saving > 1 || (phase_saving == 1) && c > trail_lim.last())
@@ -268,6 +269,7 @@
     while (next == var_Undef || value(next) != l_Undef || !decision[next])
         /*auto*/{
             if (order_heap.empty()){
+            learntsize_adjust_confl   = learntsize_adjust_start_confl;
             next = var_Undef;
             break;
         }else
@@ -624,6 +626,7 @@
             }/*auto*/
     }
     learnts.shrink(i - j);
+    return true;
     checkGarbage();
 }
 
@@ -750,13 +753,7 @@
                 learntsize_adjust_cnt    = (int)learntsize_adjust_confl;
                 max_learnts             *= learntsize_inc;
 
-                if (verbosity >= 1)
-                    /*auto*/{
-                        printf("| %9d | %7d %8d %8d | %8d %8d %6.0f | %6.3f %% |\n", 
-                           (int)conflicts, 
-                           (int)dec_vars - (trail_lim.size() == 0 ? trail.size() : trail_lim[0]), nClauses(), (int)clauses_literals, 
-                           (int)max_learnts, nLearnts(), (double)learnts_literals/nLearnts(), progressEstimate()*100);
-                    }/*auto*/
+                
             }
 
         }else{
@@ -997,7 +994,7 @@
     // Assumptions are added as unit clauses:
     cnt += assumptions.size();
 
-    fprintf(f, "p cnf %d %d\n", max, cnt);
+    learntsize_adjust_cnt     = (int)learntsize_adjust_confl;
 
     for (int i = 0; i < assumptions.size(); i++){
         assert(value(assumptions[i]) != l_False);

2024-06-13 04:51:12,308	[INFO]	99      COMPILE_CODE_ERROR    None (--) [6 edit(s)]  
2024-06-13 04:51:12,308	[DEBUG]	patch(99)="SrcmlStmtInsertion(('core/Solver.cc.xml', '_inter_block', 87), ('core/Solver.cc.xml', 'stmt', 273)) | SrcmlStmtInsertion(('core/Solver.cc.xml', '_inter_block', 311), ('core/Solver.cc.xml', 'stmt', 70)) | SrcmlStmtInsertion(('core/Solver.cc.xml', '_inter_block', 106), ('core/Solver.cc.xml', 'stmt', 345)) | SrcmlStmtReplacement(('core/Solver.cc.xml', 'stmt', 401), ('core/Solver.cc.xml', 'stmt', 346)) | SrcmlStmtDeletion(('core/Solver.cc.xml', 'stmt', 298)) | SrcmlStmtReplacement(('core/Solver.cc.xml', 'stmt', 40), ('core/Solver.cc.xml', 'stmt', 399))"
2024-06-13 04:51:25,313	[DEBUG]	EXEC>  SUCCESS 51596909092.0
2024-06-13 04:51:25,313	[INFO]	100     SUCCESS               51596909092.000000 (98.78%) [4 edit(s)]  
2024-06-13 04:51:25,314	[DEBUG]	patch(100)="SrcmlStmtInsertion(('core/Solver.cc.xml', '_inter_block', 87), ('core/Solver.cc.xml', 'stmt', 273)) | SrcmlStmtInsertion(('core/Solver.cc.xml', '_inter_block', 311), ('core/Solver.cc.xml', 'stmt', 70)) | SrcmlStmtInsertion(('core/Solver.cc.xml', '_inter_block', 106), ('core/Solver.cc.xml', 'stmt', 345)) | SrcmlStmtDeletion(('core/Solver.cc.xml', 'stmt', 298))"
2024-06-13 04:51:26,702	[INFO]	101     TEST_CODE_ERROR       None (--) [6 edit(s)]  
2024-06-13 04:51:26,702	[DEBUG]	patch(101)="SrcmlStmtInsertion(('core/Solver.cc.xml', '_inter_block', 87), ('core/Solver.cc.xml', 'stmt', 273)) | SrcmlStmtInsertion(('core/Solver.cc.xml', '_inter_block', 311), ('core/Solver.cc.xml', 'stmt', 70)) | SrcmlStmtInsertion(('core/Solver.cc.xml', '_inter_block', 106), ('core/Solver.cc.xml', 'stmt', 345)) | SrcmlStmtReplacement(('core/Solver.cc.xml', 'stmt', 401), ('core/Solver.cc.xml', 'stmt', 346)) | SrcmlStmtDeletion(('core/Solver.cc.xml', 'stmt', 298)) | SrcmlStmtDeletion(('core/Solver.cc.xml', 'stmt', 207))"
2024-06-13 04:51:39,796	[DEBUG]	EXEC>  SUCCESS 51595826208.0
2024-06-13 04:51:39,796	[INFO]	102     SUCCESS              *51595826208.000000 (98.78%) [4 edit(s)]  
2024-06-13 04:51:39,796	[DEBUG]	patch(102)="SrcmlStmtInsertion(('core/Solver.cc.xml', '_inter_block', 87), ('core/Solver.cc.xml', 'stmt', 273)) | SrcmlStmtInsertion(('core/Solver.cc.xml', '_inter_block', 311), ('core/Solver.cc.xml', 'stmt', 70)) | SrcmlStmtReplacement(('core/Solver.cc.xml', 'stmt', 401), ('core/Solver.cc.xml', 'stmt', 346)) | SrcmlStmtDeletion(('core/Solver.cc.xml', 'stmt', 298))"
--- before: core/Solver.cc
+++ after: core/Solver.cc
@@ -235,6 +235,7 @@
 void Solver::cancelUntil(int level) {
     if (decisionLevel() > level){
         for (int c = trail.size()-1; c >= trail_lim[level]; c--){
+            vec<Lit>    learnt_clause;
             Var      x  = var(trail[c]);
             assigns [x] = l_Undef;
             if (phase_saving > 1 || (phase_saving == 1) && c > trail_lim.last())
@@ -624,6 +625,7 @@
             }/*auto*/
     }
     learnts.shrink(i - j);
+    return true;
     checkGarbage();
 }
 
@@ -750,13 +752,7 @@
                 learntsize_adjust_cnt    = (int)learntsize_adjust_confl;
                 max_learnts             *= learntsize_inc;
 
-                if (verbosity >= 1)
-                    /*auto*/{
-                        printf("| %9d | %7d %8d %8d | %8d %8d %6.0f | %6.3f %% |\n", 
-                           (int)conflicts, 
-                           (int)dec_vars - (trail_lim.size() == 0 ? trail.size() : trail_lim[0]), nClauses(), (int)clauses_literals, 
-                           (int)max_learnts, nLearnts(), (double)learnts_literals/nLearnts(), progressEstimate()*100);
-                    }/*auto*/
+                
             }
 
         }else{
@@ -997,7 +993,7 @@
     // Assumptions are added as unit clauses:
     cnt += assumptions.size();
 
-    fprintf(f, "p cnf %d %d\n", max, cnt);
+    learntsize_adjust_cnt     = (int)learntsize_adjust_confl;
 
     for (int i = 0; i < assumptions.size(); i++){
         assert(value(assumptions[i]) != l_False);

2024-06-13 04:51:40,065	[INFO]	103     COMPILE_CODE_ERROR    None (--) [5 edit(s)]  
2024-06-13 04:51:40,065	[DEBUG]	patch(103)="SrcmlStmtInsertion(('core/Solver.cc.xml', '_inter_block', 87), ('core/Solver.cc.xml', 'stmt', 273)) | SrcmlStmtInsertion(('core/Solver.cc.xml', '_inter_block', 311), ('core/Solver.cc.xml', 'stmt', 70)) | SrcmlStmtReplacement(('core/Solver.cc.xml', 'stmt', 401), ('core/Solver.cc.xml', 'stmt', 346)) | SrcmlStmtDeletion(('core/Solver.cc.xml', 'stmt', 298)) | SrcmlStmtDeletion(('core/Solver.cc.xml', 'stmt', 347))"
2024-06-13 04:51:53,252	[DEBUG]	EXEC>  SUCCESS 51597623010.0
2024-06-13 04:51:53,252	[INFO]	104     SUCCESS               51597623010.000000 (98.78%) [3 edit(s)]  
2024-06-13 04:51:53,253	[DEBUG]	patch(104)="SrcmlStmtInsertion(('core/Solver.cc.xml', '_inter_block', 87), ('core/Solver.cc.xml', 'stmt', 273)) | SrcmlStmtInsertion(('core/Solver.cc.xml', '_inter_block', 311), ('core/Solver.cc.xml', 'stmt', 70)) | SrcmlStmtDeletion(('core/Solver.cc.xml', 'stmt', 298))"
2024-06-13 04:52:06,358	[DEBUG]	EXEC>  SUCCESS 51596532539.0
2024-06-13 04:52:06,367	[INFO]	105     SUCCESS               51596532539.000000 (98.78%) [3 edit(s)]  
2024-06-13 04:52:06,367	[DEBUG]	patch(105)="SrcmlStmtInsertion(('core/Solver.cc.xml', '_inter_block', 311), ('core/Solver.cc.xml', 'stmt', 70)) | SrcmlStmtReplacement(('core/Solver.cc.xml', 'stmt', 401), ('core/Solver.cc.xml', 'stmt', 346)) | SrcmlStmtDeletion(('core/Solver.cc.xml', 'stmt', 298))"
2024-06-13 04:52:06,635	[INFO]	106     COMPILE_CODE_ERROR    None (--) [5 edit(s)]  
2024-06-13 04:52:06,635	[DEBUG]	patch(106)="SrcmlStmtInsertion(('core/Solver.cc.xml', '_inter_block', 87), ('core/Solver.cc.xml', 'stmt', 273)) | SrcmlStmtInsertion(('core/Solver.cc.xml', '_inter_block', 311), ('core/Solver.cc.xml', 'stmt', 70)) | SrcmlStmtReplacement(('core/Solver.cc.xml', 'stmt', 401), ('core/Solver.cc.xml', 'stmt', 346)) | SrcmlStmtDeletion(('core/Solver.cc.xml', 'stmt', 298)) | SrcmlStmtInsertion(('core/Solver.cc.xml', '_inter_block', 504), ('core/Solver.cc.xml', 'stmt', 284))"
2024-06-13 04:52:19,719	[DEBUG]	EXEC>  SUCCESS 52183157077.0
2024-06-13 04:52:19,719	[INFO]	107     SUCCESS               52183157077.000000 (99.90%) [3 edit(s)]  
2024-06-13 04:52:19,719	[DEBUG]	patch(107)="SrcmlStmtInsertion(('core/Solver.cc.xml', '_inter_block', 87), ('core/Solver.cc.xml', 'stmt', 273)) | SrcmlStmtReplacement(('core/Solver.cc.xml', 'stmt', 401), ('core/Solver.cc.xml', 'stmt', 346)) | SrcmlStmtDeletion(('core/Solver.cc.xml', 'stmt', 298))"
2024-06-13 04:52:19,736	[INFO]	108     COMPILE_CODE_ERROR    None (--) [5 edit(s)] [cached] 
2024-06-13 04:52:19,736	[DEBUG]	patch(108)="SrcmlStmtInsertion(('core/Solver.cc.xml', '_inter_block', 87), ('core/Solver.cc.xml', 'stmt', 273)) | SrcmlStmtInsertion(('core/Solver.cc.xml', '_inter_block', 311), ('core/Solver.cc.xml', 'stmt', 70)) | SrcmlStmtReplacement(('core/Solver.cc.xml', 'stmt', 401), ('core/Solver.cc.xml', 'stmt', 346)) | SrcmlStmtDeletion(('core/Solver.cc.xml', 'stmt', 298)) | SrcmlStmtDeletion(('core/Solver.cc.xml', 'stmt', 347))"
2024-06-13 04:52:21,134	[INFO]	109     TEST_CODE_ERROR       None (--) [5 edit(s)]  
2024-06-13 04:52:21,134	[DEBUG]	patch(109)="SrcmlStmtInsertion(('core/Solver.cc.xml', '_inter_block', 87), ('core/Solver.cc.xml', 'stmt', 273)) | SrcmlStmtInsertion(('core/Solver.cc.xml', '_inter_block', 311), ('core/Solver.cc.xml', 'stmt', 70)) | SrcmlStmtReplacement(('core/Solver.cc.xml', 'stmt', 401), ('core/Solver.cc.xml', 'stmt', 346)) | SrcmlStmtDeletion(('core/Solver.cc.xml', 'stmt', 298)) | SrcmlStmtReplacement(('core/Solver.cc.xml', 'stmt', 80), ('core/Solver.cc.xml', 'stmt', 361))"
2024-06-13 04:52:21,370	[INFO]	110     COMPILE_CODE_ERROR    None (--) [5 edit(s)]  
2024-06-13 04:52:21,370	[DEBUG]	patch(110)="SrcmlStmtInsertion(('core/Solver.cc.xml', '_inter_block', 87), ('core/Solver.cc.xml', 'stmt', 273)) | SrcmlStmtInsertion(('core/Solver.cc.xml', '_inter_block', 311), ('core/Solver.cc.xml', 'stmt', 70)) | SrcmlStmtReplacement(('core/Solver.cc.xml', 'stmt', 401), ('core/Solver.cc.xml', 'stmt', 346)) | SrcmlStmtDeletion(('core/Solver.cc.xml', 'stmt', 298)) | SrcmlStmtInsertion(('core/Solver.cc.xml', '_inter_block', 263), ('core/Solver.cc.xml', 'stmt', 87))"
2024-06-13 04:52:22,688	[INFO]	111     TEST_CODE_ERROR       None (--) [5 edit(s)]  
2024-06-13 04:52:22,689	[DEBUG]	patch(111)="SrcmlStmtInsertion(('core/Solver.cc.xml', '_inter_block', 87), ('core/Solver.cc.xml', 'stmt', 273)) | SrcmlStmtInsertion(('core/Solver.cc.xml', '_inter_block', 311), ('core/Solver.cc.xml', 'stmt', 70)) | SrcmlStmtReplacement(('core/Solver.cc.xml', 'stmt', 401), ('core/Solver.cc.xml', 'stmt', 346)) | SrcmlStmtDeletion(('core/Solver.cc.xml', 'stmt', 298)) | SrcmlStmtDeletion(('core/Solver.cc.xml', 'stmt', 324))"
2024-06-13 04:52:35,833	[DEBUG]	EXEC>  SUCCESS 51651691799.0
2024-06-13 04:52:35,834	[INFO]	112     SUCCESS               51651691799.000000 (98.88%) [3 edit(s)]  
2024-06-13 04:52:35,834	[DEBUG]	patch(112)="SrcmlStmtInsertion(('core/Solver.cc.xml', '_inter_block', 87), ('core/Solver.cc.xml', 'stmt', 273)) | SrcmlStmtInsertion(('core/Solver.cc.xml', '_inter_block', 311), ('core/Solver.cc.xml', 'stmt', 70)) | SrcmlStmtReplacement(('core/Solver.cc.xml', 'stmt', 401), ('core/Solver.cc.xml', 'stmt', 346))"
2024-06-13 04:52:49,816	[DEBUG]	EXEC>  LENGTHOUT None
2024-06-13 04:52:49,816	[INFO]	113     RUN_LENGTHOUT         None (--) [5 edit(s)]  
2024-06-13 04:52:49,816	[DEBUG]	patch(113)="SrcmlStmtInsertion(('core/Solver.cc.xml', '_inter_block', 87), ('core/Solver.cc.xml', 'stmt', 273)) | SrcmlStmtInsertion(('core/Solver.cc.xml', '_inter_block', 311), ('core/Solver.cc.xml', 'stmt', 70)) | SrcmlStmtReplacement(('core/Solver.cc.xml', 'stmt', 401), ('core/Solver.cc.xml', 'stmt', 346)) | SrcmlStmtDeletion(('core/Solver.cc.xml', 'stmt', 298)) | SrcmlStmtInsertion(('core/Solver.cc.xml', '_inter_block', 363), ('core/Solver.cc.xml', 'stmt', 361))"
2024-06-13 04:52:51,061	[INFO]	114     TEST_CODE_ERROR       None (--) [5 edit(s)]  
2024-06-13 04:52:51,061	[DEBUG]	patch(114)="SrcmlStmtInsertion(('core/Solver.cc.xml', '_inter_block', 87), ('core/Solver.cc.xml', 'stmt', 273)) | SrcmlStmtInsertion(('core/Solver.cc.xml', '_inter_block', 311), ('core/Solver.cc.xml', 'stmt', 70)) | SrcmlStmtReplacement(('core/Solver.cc.xml', 'stmt', 401), ('core/Solver.cc.xml', 'stmt', 346)) | SrcmlStmtDeletion(('core/Solver.cc.xml', 'stmt', 298)) | SrcmlStmtDeletion(('core/Solver.cc.xml', 'stmt', 124))"
2024-06-13 04:53:04,057	[DEBUG]	EXEC>  SUCCESS 51595687941.0
2024-06-13 04:53:04,058	[INFO]	115     SUCCESS              *51595687941.000000 (98.78%) [5 edit(s)]  
2024-06-13 04:53:04,058	[DEBUG]	patch(115)="SrcmlStmtInsertion(('core/Solver.cc.xml', '_inter_block', 87), ('core/Solver.cc.xml', 'stmt', 273)) | SrcmlStmtInsertion(('core/Solver.cc.xml', '_inter_block', 311), ('core/Solver.cc.xml', 'stmt', 70)) | SrcmlStmtReplacement(('core/Solver.cc.xml', 'stmt', 401), ('core/Solver.cc.xml', 'stmt', 346)) | SrcmlStmtDeletion(('core/Solver.cc.xml', 'stmt', 298)) | SrcmlStmtDeletion(('core/Solver.cc.xml', 'stmt', 378))"
--- before: core/Solver.cc
+++ after: core/Solver.cc
@@ -235,6 +235,7 @@
 void Solver::cancelUntil(int level) {
     if (decisionLevel() > level){
         for (int c = trail.size()-1; c >= trail_lim[level]; c--){
+            vec<Lit>    learnt_clause;
             Var      x  = var(trail[c]);
             assigns [x] = l_Undef;
             if (phase_saving > 1 || (phase_saving == 1) && c > trail_lim.last())
@@ -624,6 +625,7 @@
             }/*auto*/
     }
     learnts.shrink(i - j);
+    return true;
     checkGarbage();
 }
 
@@ -750,13 +752,7 @@
                 learntsize_adjust_cnt    = (int)learntsize_adjust_confl;
                 max_learnts             *= learntsize_inc;
 
-                if (verbosity >= 1)
-                    /*auto*/{
-                        printf("| %9d | %7d %8d %8d | %8d %8d %6.0f | %6.3f %% |\n", 
-                           (int)conflicts, 
-                           (int)dec_vars - (trail_lim.size() == 0 ? trail.size() : trail_lim[0]), nClauses(), (int)clauses_literals, 
-                           (int)max_learnts, nLearnts(), (double)learnts_literals/nLearnts(), progressEstimate()*100);
-                    }/*auto*/
+                
             }
 
         }else{
@@ -939,7 +935,7 @@
         /*auto*/{
             if (value(c[i]) != l_False)
             /*auto*/{
-                fprintf(f, "%s%d ", sign(c[i]) ? "-" : "", mapVar(var(c[i]), map, max)+1);
+                
             }/*auto*/
         }/*auto*/
     fprintf(f, "0\n");
@@ -997,7 +993,7 @@
     // Assumptions are added as unit clauses:
     cnt += assumptions.size();
 
-    fprintf(f, "p cnf %d %d\n", max, cnt);
+    learntsize_adjust_cnt     = (int)learntsize_adjust_confl;
 
     for (int i = 0; i < assumptions.size(); i++){
         assert(value(assumptions[i]) != l_False);

2024-06-13 04:53:04,074	[INFO]	~~~~ END ~~~~
2024-06-13 04:53:04,074	[INFO]	
2024-06-13 04:53:04,075	[INFO]	==== REPORT ====
2024-06-13 04:53:04,075	[INFO]	Termination: time budget
2024-06-13 04:53:04,075	[INFO]	Retries: 1
2024-06-13 04:53:04,075	[INFO]	Log file: /home/jim/magpie/_magpie_logs/minisat_1718250032.log
2024-06-13 04:53:04,075	[INFO]	Patch file: _magpie_logs/minisat_1718250032.patch
2024-06-13 04:53:04,075	[INFO]	Diff file: _magpie_logs/minisat_1718250032.diff
2024-06-13 04:53:04,075	[INFO]	Reference fitness: 52235467949.000000
2024-06-13 04:53:04,075	[INFO]	Best fitness: 51595687941.000000
2024-06-13 04:53:04,075	[INFO]	
2024-06-13 04:53:04,077	[INFO]	==== BEST PATCH ====
SrcmlStmtInsertion(('core/Solver.cc.xml', '_inter_block', 87), ('core/Solver.cc.xml', 'stmt', 273)) | SrcmlStmtInsertion(('core/Solver.cc.xml', '_inter_block', 311), ('core/Solver.cc.xml', 'stmt', 70)) | SrcmlStmtReplacement(('core/Solver.cc.xml', 'stmt', 401), ('core/Solver.cc.xml', 'stmt', 346)) | SrcmlStmtDeletion(('core/Solver.cc.xml', 'stmt', 298)) | SrcmlStmtDeletion(('core/Solver.cc.xml', 'stmt', 378))
2024-06-13 04:53:04,077	[INFO]	
2024-06-13 04:53:04,077	[INFO]	==== DIFF ====
[1m--- before: core/Solver.cc[0m
[1m+++ after: core/Solver.cc[0m
[36m@@ -235,6 +235,7 @@[0m
 void Solver::cancelUntil(int level) {
     if (decisionLevel() > level){
         for (int c = trail.size()-1; c >= trail_lim[level]; c--){
[32m+            vec<Lit>    learnt_clause;[0m
             Var      x  = var(trail[c]);
             assigns [x] = l_Undef;
             if (phase_saving > 1 || (phase_saving == 1) && c > trail_lim.last())
[36m@@ -624,6 +625,7 @@[0m
             }/*auto*/
     }
     learnts.shrink(i - j);
[32m+    return true;[0m
     checkGarbage();
 }
 
[36m@@ -750,13 +752,7 @@[0m
                 learntsize_adjust_cnt    = (int)learntsize_adjust_confl;
                 max_learnts             *= learntsize_inc;
 
[31m-                if (verbosity >= 1)[0m
[31m-                    /*auto*/{[0m
[31m-                        printf("| %9d | %7d %8d %8d | %8d %8d %6.0f | %6.3f %% |\n", [0m
[31m-                           (int)conflicts, [0m
[31m-                           (int)dec_vars - (trail_lim.size() == 0 ? trail.size() : trail_lim[0]), nClauses(), (int)clauses_literals, [0m
[31m-                           (int)max_learnts, nLearnts(), (double)learnts_literals/nLearnts(), progressEstimate()*100);[0m
[31m-                    }/*auto*/[0m
[32m+                [0m
             }
 
         }else{
[36m@@ -939,7 +935,7 @@[0m
         /*auto*/{
             if (value(c[i]) != l_False)
             /*auto*/{
[31m-                fprintf(f, "%s%d ", sign(c[i]) ? "-" : "", mapVar(var(c[i]), map, max)+1);[0m
[32m+                [0m
             }/*auto*/
         }/*auto*/
     fprintf(f, "0\n");
[36m@@ -997,7 +993,7 @@[0m
     // Assumptions are added as unit clauses:
     cnt += assumptions.size();
 
[31m-    fprintf(f, "p cnf %d %d\n", max, cnt);[0m
[32m+    learntsize_adjust_cnt     = (int)learntsize_adjust_confl;[0m
 
     for (int i = 0; i < assumptions.size(); i++){
         assert(value(assumptions[i]) != l_False);

