2024-07-20 17:30:35,021	[DEBUG]	==== CONFIG ====
[magpie]
import = 
seed = 45
log_dir = _magpie_logs
work_dir = _magpie_work
local_original_copy = True
local_original_name = __original__
output_encoding = ascii
edit_retries = 10
default_timeout = 30
default_lengthout = 1e6
diff_method = unified
trust_local_filesystem = True

[magpie.log]
color_output = True
format_info = {counter:<7} {status:<20} {best}{fitness} ({ratio}) [{size}] {cached} {log}
format_debug = patch({counter})="{patch}"{diffifbest}
format_fitness = {:.6f}
format_ratio = {:.2%%}
format_patchif = 
	 --> {patch}
format_diffif = 
	{diff}

[software]
path = examples/sat4j
target_files = org.sat4j.core/src/main/java/org/sat4j/minisat/core/Solver.java.xml
software = BasicSoftware
model_rules = 
	*.params : ParamFileConfigModel
	*.xml : SrcmlModel
	* : LineModel
model_config = 
	*.params : [paramconfig]
	*.xml : [srcml]
init_cmd = 
init_timeout = 60
init_lengthout = -1
setup_cmd = ant sat
setup_timeout = 
setup_lengthout = 
compile_cmd = ant sat
compile_timeout = 
compile_lengthout = 
test_cmd = bash test.sh
test_timeout = 
test_lengthout = 
run_cmd = perf stat -e cpu-clock bash run_fixed.sh
run_timeout = 
run_lengthout = 
retries = 5
batch_timeout = 
batch_lengthout = 
batch_bin_fitness_strategy = aggregate
batch_fitness_strategy = sum
fitness = perf_cpu_clock

[srcml]
rename = 
	stmt: break continue decl_stmt do expr_stmt for goto if return switch while
	number: literal_number
focus = block stmt operator_comp operator_arith number
internodes = block
process_pseudo_blocks = True
process_literals = True
process_operators = True

[paramconfig]
timing = test run
cli_prefix = --
cli_glue = =
cli_boolean = show
cli_boolean_prefix_true = 
cli_boolean_prefix_false = no-
cli_none = hide
silent_prefix = @
silent_suffix = $

[search]
protocol = BasicProtocol
algorithm = FirstImprovement
possible_edits = 
	SrcmlStmtReplacement
	SrcmlStmtInsertion
	SrcmlStmtDeletion
warmup = 3
warmup_strategy = last
max_steps = 10000
max_time = 1800
target_fitness = 
cache_maxsize = 100
cache_keep = 0.2
batch_instances = 
batch_shuffle = True
batch_bin_shuffle = False
batch_sample_size = 1

[search.ls]
delete_prob = 0.5
max_neighbours = 
when_trapped = continue
accept_fail = False
tabu_length = 10

[search.gp]
pop_size = 10
delete_prob = 0.5
offspring_elitism = 0.1
offspring_crossover = 0.5
offspring_mutation = 0.4
uniform_rate = 0.5
batch_reset = True

[search.minify]
do_cleanup = True
do_rebuild = True
do_simplify = True
round_robin_limit = 3


2024-07-20 17:30:35,022	[DEBUG]	
2024-07-20 17:30:35,022	[INFO]	==== SEARCH: FirstImprovement ====
2024-07-20 17:30:35,022	[INFO]	~~~~ WARMUP ~~~~
2024-07-20 17:31:47,237	[DEBUG]	EXEC>  SUCCESS 44.8
2024-07-20 17:31:47,237	[INFO]	WARM    SUCCESS               44.800000 (--) [0 edit(s)]  
2024-07-20 17:32:48,863	[DEBUG]	EXEC>  SUCCESS 47.8
2024-07-20 17:32:48,863	[INFO]	WARM    SUCCESS               47.800000 (--) [0 edit(s)]  
2024-07-20 17:33:50,261	[DEBUG]	EXEC>  SUCCESS 63.0
2024-07-20 17:33:50,261	[INFO]	WARM    SUCCESS               63.000000 (--) [0 edit(s)]  
2024-07-20 17:33:50,261	[INFO]	REF     SUCCESS               63.000000 (--) [0 edit(s)]  
2024-07-20 17:33:50,261	[INFO]	
2024-07-20 17:33:50,261	[INFO]	~~~~ START ~~~~
2024-07-20 17:33:54,958	[INFO]	1       COMPILE_CODE_ERROR    None (--) [1 edit(s)]  
2024-07-20 17:33:54,958	[DEBUG]	patch(1)="SrcmlStmtInsertion(('org.sat4j.core/src/main/java/org/sat4j/minisat/core/Solver.java.xml', '_inter_block', 527), ('org.sat4j.core/src/main/java/org/sat4j/minisat/core/Solver.java.xml', 'stmt', 310))"
2024-07-20 17:33:56,788	[INFO]	2       COMPILE_CODE_ERROR    None (--) [1 edit(s)]  
2024-07-20 17:33:56,788	[DEBUG]	patch(2)="SrcmlStmtInsertion(('org.sat4j.core/src/main/java/org/sat4j/minisat/core/Solver.java.xml', '_inter_block', 991), ('org.sat4j.core/src/main/java/org/sat4j/minisat/core/Solver.java.xml', 'stmt', 117))"
2024-07-20 17:34:01,275	[INFO]	3       COMPILE_CODE_ERROR    None (--) [1 edit(s)]  
2024-07-20 17:34:01,275	[DEBUG]	patch(3)="SrcmlStmtInsertion(('org.sat4j.core/src/main/java/org/sat4j/minisat/core/Solver.java.xml', '_inter_block', 1522), ('org.sat4j.core/src/main/java/org/sat4j/minisat/core/Solver.java.xml', 'stmt', 920))"
2024-07-20 17:34:05,501	[INFO]	4       COMPILE_CODE_ERROR    None (--) [1 edit(s)]  
2024-07-20 17:34:05,502	[DEBUG]	patch(4)="SrcmlStmtDeletion(('org.sat4j.core/src/main/java/org/sat4j/minisat/core/Solver.java.xml', 'stmt', 138))"
2024-07-20 17:35:07,744	[DEBUG]	EXEC>  SUCCESS 74.2
2024-07-20 17:35:07,745	[INFO]	5       SUCCESS               74.200000 (117.78%) [1 edit(s)]  
2024-07-20 17:35:07,745	[DEBUG]	patch(5)="SrcmlStmtInsertion(('org.sat4j.core/src/main/java/org/sat4j/minisat/core/Solver.java.xml', '_inter_block', 1557), ('org.sat4j.core/src/main/java/org/sat4j/minisat/core/Solver.java.xml', 'stmt', 76))"
2024-07-20 17:36:09,729	[DEBUG]	EXEC>  SUCCESS 65.2
2024-07-20 17:36:09,729	[INFO]	6       SUCCESS               65.200000 (103.49%) [1 edit(s)]  
2024-07-20 17:36:09,729	[DEBUG]	patch(6)="SrcmlStmtDeletion(('org.sat4j.core/src/main/java/org/sat4j/minisat/core/Solver.java.xml', 'stmt', 146))"
2024-07-20 17:36:14,209	[INFO]	7       COMPILE_CODE_ERROR    None (--) [1 edit(s)]  
2024-07-20 17:36:14,209	[DEBUG]	patch(7)="SrcmlStmtDeletion(('org.sat4j.core/src/main/java/org/sat4j/minisat/core/Solver.java.xml', 'stmt', 945))"
2024-07-20 17:36:16,075	[INFO]	8       COMPILE_CODE_ERROR    None (--) [1 edit(s)]  
2024-07-20 17:36:16,075	[DEBUG]	patch(8)="SrcmlStmtReplacement(('org.sat4j.core/src/main/java/org/sat4j/minisat/core/Solver.java.xml', 'stmt', 257), ('org.sat4j.core/src/main/java/org/sat4j/minisat/core/Solver.java.xml', 'stmt', 793))"
2024-07-20 17:37:17,893	[DEBUG]	EXEC>  SUCCESS 63.2
2024-07-20 17:37:17,893	[INFO]	9       SUCCESS               63.200000 (100.32%) [1 edit(s)]  
2024-07-20 17:37:17,893	[DEBUG]	patch(9)="SrcmlStmtDeletion(('org.sat4j.core/src/main/java/org/sat4j/minisat/core/Solver.java.xml', 'stmt', 96))"
2024-07-20 17:37:22,419	[INFO]	10      COMPILE_CODE_ERROR    None (--) [1 edit(s)]  
2024-07-20 17:37:22,420	[DEBUG]	patch(10)="SrcmlStmtInsertion(('org.sat4j.core/src/main/java/org/sat4j/minisat/core/Solver.java.xml', '_inter_block', 1538), ('org.sat4j.core/src/main/java/org/sat4j/minisat/core/Solver.java.xml', 'stmt', 324))"
2024-07-20 17:38:23,740	[DEBUG]	EXEC>  SUCCESS 53.0
2024-07-20 17:38:23,740	[INFO]	11      SUCCESS              *53.000000 (84.13%) [1 edit(s)]  
2024-07-20 17:38:23,741	[DEBUG]	patch(11)="SrcmlStmtInsertion(('org.sat4j.core/src/main/java/org/sat4j/minisat/core/Solver.java.xml', '_inter_block', 1009), ('org.sat4j.core/src/main/java/org/sat4j/minisat/core/Solver.java.xml', 'stmt', 933))"
--- before: org.sat4j.core/src/main/java/org/sat4j/minisat/core/Solver.java
+++ after: org.sat4j.core/src/main/java/org/sat4j/minisat/core/Solver.java
@@ -1486,6 +1486,7 @@
                                 this.assignmentOrigins[i
                                         - 1] = AssignmentOrigin.PROPAGATED_LEARNED;
                             } else {
+                                learn(this.sharedConflict);
                                 this.assignmentOrigins[i
                                         - 1] = AssignmentOrigin.PROPAGATED_ORIGINAL;
                             }

2024-07-20 17:38:23,750	[INFO]	12      SUCCESS               63.000000 (100.00%) [0 edit(s)] [cached] 
2024-07-20 17:38:23,750	[DEBUG]	patch(12)=""
2024-07-20 17:38:25,855	[INFO]	13      COMPILE_CODE_ERROR    None (--) [2 edit(s)]  
2024-07-20 17:38:25,855	[DEBUG]	patch(13)="SrcmlStmtInsertion(('org.sat4j.core/src/main/java/org/sat4j/minisat/core/Solver.java.xml', '_inter_block', 1009), ('org.sat4j.core/src/main/java/org/sat4j/minisat/core/Solver.java.xml', 'stmt', 933)) | SrcmlStmtReplacement(('org.sat4j.core/src/main/java/org/sat4j/minisat/core/Solver.java.xml', 'stmt', 728), ('org.sat4j.core/src/main/java/org/sat4j/minisat/core/Solver.java.xml', 'stmt', 300))"
2024-07-20 17:38:36,692	[INFO]	14      TEST_CODE_ERROR       None (--) [2 edit(s)]  
2024-07-20 17:38:36,692	[DEBUG]	patch(14)="SrcmlStmtInsertion(('org.sat4j.core/src/main/java/org/sat4j/minisat/core/Solver.java.xml', '_inter_block', 1009), ('org.sat4j.core/src/main/java/org/sat4j/minisat/core/Solver.java.xml', 'stmt', 933)) | SrcmlStmtReplacement(('org.sat4j.core/src/main/java/org/sat4j/minisat/core/Solver.java.xml', 'stmt', 573), ('org.sat4j.core/src/main/java/org/sat4j/minisat/core/Solver.java.xml', 'stmt', 63))"
2024-07-20 17:38:41,490	[INFO]	15      COMPILE_CODE_ERROR    None (--) [2 edit(s)]  
2024-07-20 17:38:41,490	[DEBUG]	patch(15)="SrcmlStmtInsertion(('org.sat4j.core/src/main/java/org/sat4j/minisat/core/Solver.java.xml', '_inter_block', 1009), ('org.sat4j.core/src/main/java/org/sat4j/minisat/core/Solver.java.xml', 'stmt', 933)) | SrcmlStmtDeletion(('org.sat4j.core/src/main/java/org/sat4j/minisat/core/Solver.java.xml', 'stmt', 639))"
2024-07-20 17:39:43,902	[DEBUG]	EXEC>  SUCCESS 59.0
2024-07-20 17:39:43,902	[INFO]	16      SUCCESS               59.000000 (93.65%) [2 edit(s)]  
2024-07-20 17:39:43,902	[DEBUG]	patch(16)="SrcmlStmtInsertion(('org.sat4j.core/src/main/java/org/sat4j/minisat/core/Solver.java.xml', '_inter_block', 1009), ('org.sat4j.core/src/main/java/org/sat4j/minisat/core/Solver.java.xml', 'stmt', 933)) | SrcmlStmtDeletion(('org.sat4j.core/src/main/java/org/sat4j/minisat/core/Solver.java.xml', 'stmt', 325))"
2024-07-20 17:39:45,868	[INFO]	17      COMPILE_CODE_ERROR    None (--) [2 edit(s)]  
2024-07-20 17:39:45,868	[DEBUG]	patch(17)="SrcmlStmtInsertion(('org.sat4j.core/src/main/java/org/sat4j/minisat/core/Solver.java.xml', '_inter_block', 1009), ('org.sat4j.core/src/main/java/org/sat4j/minisat/core/Solver.java.xml', 'stmt', 933)) | SrcmlStmtInsertion(('org.sat4j.core/src/main/java/org/sat4j/minisat/core/Solver.java.xml', '_inter_block', 674), ('org.sat4j.core/src/main/java/org/sat4j/minisat/core/Solver.java.xml', 'stmt', 994))"
2024-07-20 17:40:49,226	[DEBUG]	EXEC>  SUCCESS 58.6
2024-07-20 17:40:49,226	[INFO]	18      SUCCESS               58.600000 (93.02%) [2 edit(s)]  
2024-07-20 17:40:49,226	[DEBUG]	patch(18)="SrcmlStmtInsertion(('org.sat4j.core/src/main/java/org/sat4j/minisat/core/Solver.java.xml', '_inter_block', 1009), ('org.sat4j.core/src/main/java/org/sat4j/minisat/core/Solver.java.xml', 'stmt', 933)) | SrcmlStmtDeletion(('org.sat4j.core/src/main/java/org/sat4j/minisat/core/Solver.java.xml', 'stmt', 864))"
2024-07-20 17:40:53,645	[INFO]	19      COMPILE_CODE_ERROR    None (--) [2 edit(s)]  
2024-07-20 17:40:53,645	[DEBUG]	patch(19)="SrcmlStmtInsertion(('org.sat4j.core/src/main/java/org/sat4j/minisat/core/Solver.java.xml', '_inter_block', 1009), ('org.sat4j.core/src/main/java/org/sat4j/minisat/core/Solver.java.xml', 'stmt', 933)) | SrcmlStmtReplacement(('org.sat4j.core/src/main/java/org/sat4j/minisat/core/Solver.java.xml', 'stmt', 709), ('org.sat4j.core/src/main/java/org/sat4j/minisat/core/Solver.java.xml', 'stmt', 1001))"
2024-07-20 17:40:58,123	[INFO]	20      COMPILE_CODE_ERROR    None (--) [2 edit(s)]  
2024-07-20 17:40:58,123	[DEBUG]	patch(20)="SrcmlStmtInsertion(('org.sat4j.core/src/main/java/org/sat4j/minisat/core/Solver.java.xml', '_inter_block', 1009), ('org.sat4j.core/src/main/java/org/sat4j/minisat/core/Solver.java.xml', 'stmt', 933)) | SrcmlStmtInsertion(('org.sat4j.core/src/main/java/org/sat4j/minisat/core/Solver.java.xml', '_inter_block', 1569), ('org.sat4j.core/src/main/java/org/sat4j/minisat/core/Solver.java.xml', 'stmt', 905))"
2024-07-20 17:41:02,209	[INFO]	21      COMPILE_CODE_ERROR    None (--) [2 edit(s)]  
2024-07-20 17:41:02,209	[DEBUG]	patch(21)="SrcmlStmtInsertion(('org.sat4j.core/src/main/java/org/sat4j/minisat/core/Solver.java.xml', '_inter_block', 1009), ('org.sat4j.core/src/main/java/org/sat4j/minisat/core/Solver.java.xml', 'stmt', 933)) | SrcmlStmtInsertion(('org.sat4j.core/src/main/java/org/sat4j/minisat/core/Solver.java.xml', '_inter_block', 1209), ('org.sat4j.core/src/main/java/org/sat4j/minisat/core/Solver.java.xml', 'stmt', 888))"
2024-07-20 17:41:06,804	[INFO]	22      COMPILE_CODE_ERROR    None (--) [2 edit(s)]  
2024-07-20 17:41:06,804	[DEBUG]	patch(22)="SrcmlStmtInsertion(('org.sat4j.core/src/main/java/org/sat4j/minisat/core/Solver.java.xml', '_inter_block', 1009), ('org.sat4j.core/src/main/java/org/sat4j/minisat/core/Solver.java.xml', 'stmt', 933)) | SrcmlStmtInsertion(('org.sat4j.core/src/main/java/org/sat4j/minisat/core/Solver.java.xml', '_inter_block', 1176), ('org.sat4j.core/src/main/java/org/sat4j/minisat/core/Solver.java.xml', 'stmt', 916))"
2024-07-20 17:41:11,562	[INFO]	23      COMPILE_CODE_ERROR    None (--) [2 edit(s)]  
2024-07-20 17:41:11,563	[DEBUG]	patch(23)="SrcmlStmtInsertion(('org.sat4j.core/src/main/java/org/sat4j/minisat/core/Solver.java.xml', '_inter_block', 1009), ('org.sat4j.core/src/main/java/org/sat4j/minisat/core/Solver.java.xml', 'stmt', 933)) | SrcmlStmtInsertion(('org.sat4j.core/src/main/java/org/sat4j/minisat/core/Solver.java.xml', '_inter_block', 1077), ('org.sat4j.core/src/main/java/org/sat4j/minisat/core/Solver.java.xml', 'stmt', 607))"
2024-07-20 17:41:16,246	[INFO]	24      COMPILE_CODE_ERROR    None (--) [2 edit(s)]  
2024-07-20 17:41:16,246	[DEBUG]	patch(24)="SrcmlStmtInsertion(('org.sat4j.core/src/main/java/org/sat4j/minisat/core/Solver.java.xml', '_inter_block', 1009), ('org.sat4j.core/src/main/java/org/sat4j/minisat/core/Solver.java.xml', 'stmt', 933)) | SrcmlStmtInsertion(('org.sat4j.core/src/main/java/org/sat4j/minisat/core/Solver.java.xml', '_inter_block', 789), ('org.sat4j.core/src/main/java/org/sat4j/minisat/core/Solver.java.xml', 'stmt', 852))"
2024-07-20 17:41:20,516	[INFO]	25      COMPILE_CODE_ERROR    None (--) [2 edit(s)]  
2024-07-20 17:41:20,516	[DEBUG]	patch(25)="SrcmlStmtInsertion(('org.sat4j.core/src/main/java/org/sat4j/minisat/core/Solver.java.xml', '_inter_block', 1009), ('org.sat4j.core/src/main/java/org/sat4j/minisat/core/Solver.java.xml', 'stmt', 933)) | SrcmlStmtDeletion(('org.sat4j.core/src/main/java/org/sat4j/minisat/core/Solver.java.xml', 'stmt', 605))"
2024-07-20 17:42:23,879	[DEBUG]	EXEC>  SUCCESS 40.4
2024-07-20 17:42:23,879	[INFO]	26      SUCCESS              *40.400000 (64.13%) [2 edit(s)]  
2024-07-20 17:42:23,879	[DEBUG]	patch(26)="SrcmlStmtInsertion(('org.sat4j.core/src/main/java/org/sat4j/minisat/core/Solver.java.xml', '_inter_block', 1009), ('org.sat4j.core/src/main/java/org/sat4j/minisat/core/Solver.java.xml', 'stmt', 933)) | SrcmlStmtDeletion(('org.sat4j.core/src/main/java/org/sat4j/minisat/core/Solver.java.xml', 'stmt', 622))"
--- before: org.sat4j.core/src/main/java/org/sat4j/minisat/core/Solver.java
+++ after: org.sat4j.core/src/main/java/org/sat4j/minisat/core/Solver.java
@@ -1486,6 +1486,7 @@
                                 this.assignmentOrigins[i
                                         - 1] = AssignmentOrigin.PROPAGATED_LEARNED;
                             } else {
+                                learn(this.sharedConflict);
                                 this.assignmentOrigins[i
                                         - 1] = AssignmentOrigin.PROPAGATED_ORIGINAL;
                             }
@@ -1578,7 +1579,7 @@
     protected final void reduceDB() {
         this.stats.incReduceddb();
         this.slistener.cleaning();
-        this.learnedConstraintsDeletionStrategy.reduce(this.learnts);
+        
     }
 
     protected ActivityComparator getActivityComparator() {

2024-07-20 17:42:28,401	[INFO]	27      COMPILE_CODE_ERROR    None (--) [3 edit(s)]  
2024-07-20 17:42:28,401	[DEBUG]	patch(27)="SrcmlStmtInsertion(('org.sat4j.core/src/main/java/org/sat4j/minisat/core/Solver.java.xml', '_inter_block', 1009), ('org.sat4j.core/src/main/java/org/sat4j/minisat/core/Solver.java.xml', 'stmt', 933)) | SrcmlStmtDeletion(('org.sat4j.core/src/main/java/org/sat4j/minisat/core/Solver.java.xml', 'stmt', 622)) | SrcmlStmtReplacement(('org.sat4j.core/src/main/java/org/sat4j/minisat/core/Solver.java.xml', 'stmt', 1008), ('org.sat4j.core/src/main/java/org/sat4j/minisat/core/Solver.java.xml', 'stmt', 740))"
2024-07-20 17:43:30,688	[DEBUG]	EXEC>  SUCCESS 35.8
2024-07-20 17:43:30,688	[INFO]	28      SUCCESS              *35.800000 (56.83%) [1 edit(s)]  
2024-07-20 17:43:30,689	[DEBUG]	patch(28)="SrcmlStmtDeletion(('org.sat4j.core/src/main/java/org/sat4j/minisat/core/Solver.java.xml', 'stmt', 622))"
--- before: org.sat4j.core/src/main/java/org/sat4j/minisat/core/Solver.java
+++ after: org.sat4j.core/src/main/java/org/sat4j/minisat/core/Solver.java
@@ -1578,7 +1578,7 @@
     protected final void reduceDB() {
         this.stats.incReduceddb();
         this.slistener.cleaning();
-        this.learnedConstraintsDeletionStrategy.reduce(this.learnts);
+        
     }
 
     protected ActivityComparator getActivityComparator() {

2024-07-20 17:43:35,592	[INFO]	29      COMPILE_CODE_ERROR    None (--) [2 edit(s)]  
2024-07-20 17:43:35,592	[DEBUG]	patch(29)="SrcmlStmtDeletion(('org.sat4j.core/src/main/java/org/sat4j/minisat/core/Solver.java.xml', 'stmt', 622)) | SrcmlStmtInsertion(('org.sat4j.core/src/main/java/org/sat4j/minisat/core/Solver.java.xml', '_inter_block', 818), ('org.sat4j.core/src/main/java/org/sat4j/minisat/core/Solver.java.xml', 'stmt', 390))"
2024-07-20 17:43:35,610	[INFO]	30      SUCCESS               63.000000 (100.00%) [0 edit(s)] [cached] 
2024-07-20 17:43:35,610	[DEBUG]	patch(30)=""
2024-07-20 17:43:40,140	[INFO]	31      COMPILE_CODE_ERROR    None (--) [2 edit(s)]  
2024-07-20 17:43:40,140	[DEBUG]	patch(31)="SrcmlStmtDeletion(('org.sat4j.core/src/main/java/org/sat4j/minisat/core/Solver.java.xml', 'stmt', 622)) | SrcmlStmtReplacement(('org.sat4j.core/src/main/java/org/sat4j/minisat/core/Solver.java.xml', 'stmt', 338), ('org.sat4j.core/src/main/java/org/sat4j/minisat/core/Solver.java.xml', 'stmt', 932))"
2024-07-20 17:44:43,148	[DEBUG]	EXEC>  SUCCESS 64.2
2024-07-20 17:44:43,149	[INFO]	32      SUCCESS               64.200000 (101.90%) [2 edit(s)]  
2024-07-20 17:44:43,149	[DEBUG]	patch(32)="SrcmlStmtDeletion(('org.sat4j.core/src/main/java/org/sat4j/minisat/core/Solver.java.xml', 'stmt', 622)) | SrcmlStmtDeletion(('org.sat4j.core/src/main/java/org/sat4j/minisat/core/Solver.java.xml', 'stmt', 278))"
2024-07-20 17:44:47,286	[INFO]	33      COMPILE_CODE_ERROR    None (--) [2 edit(s)]  
2024-07-20 17:44:47,286	[DEBUG]	patch(33)="SrcmlStmtDeletion(('org.sat4j.core/src/main/java/org/sat4j/minisat/core/Solver.java.xml', 'stmt', 622)) | SrcmlStmtInsertion(('org.sat4j.core/src/main/java/org/sat4j/minisat/core/Solver.java.xml', '_inter_block', 1095), ('org.sat4j.core/src/main/java/org/sat4j/minisat/core/Solver.java.xml', 'stmt', 241))"
2024-07-20 17:44:51,567	[INFO]	34      COMPILE_CODE_ERROR    None (--) [2 edit(s)]  
2024-07-20 17:44:51,567	[DEBUG]	patch(34)="SrcmlStmtDeletion(('org.sat4j.core/src/main/java/org/sat4j/minisat/core/Solver.java.xml', 'stmt', 622)) | SrcmlStmtReplacement(('org.sat4j.core/src/main/java/org/sat4j/minisat/core/Solver.java.xml', 'stmt', 979), ('org.sat4j.core/src/main/java/org/sat4j/minisat/core/Solver.java.xml', 'stmt', 82))"
2024-07-20 17:44:56,003	[INFO]	35      COMPILE_CODE_ERROR    None (--) [2 edit(s)]  
2024-07-20 17:44:56,004	[DEBUG]	patch(35)="SrcmlStmtDeletion(('org.sat4j.core/src/main/java/org/sat4j/minisat/core/Solver.java.xml', 'stmt', 622)) | SrcmlStmtDeletion(('org.sat4j.core/src/main/java/org/sat4j/minisat/core/Solver.java.xml', 'stmt', 356))"
2024-07-20 17:45:00,798	[INFO]	36      COMPILE_CODE_ERROR    None (--) [2 edit(s)]  
2024-07-20 17:45:00,799	[DEBUG]	patch(36)="SrcmlStmtDeletion(('org.sat4j.core/src/main/java/org/sat4j/minisat/core/Solver.java.xml', 'stmt', 622)) | SrcmlStmtReplacement(('org.sat4j.core/src/main/java/org/sat4j/minisat/core/Solver.java.xml', 'stmt', 774), ('org.sat4j.core/src/main/java/org/sat4j/minisat/core/Solver.java.xml', 'stmt', 649))"
2024-07-20 17:46:03,442	[DEBUG]	EXEC>  SUCCESS 43.8
2024-07-20 17:46:03,442	[INFO]	37      SUCCESS               43.800000 (69.52%) [2 edit(s)]  
2024-07-20 17:46:03,442	[DEBUG]	patch(37)="SrcmlStmtDeletion(('org.sat4j.core/src/main/java/org/sat4j/minisat/core/Solver.java.xml', 'stmt', 622)) | SrcmlStmtDeletion(('org.sat4j.core/src/main/java/org/sat4j/minisat/core/Solver.java.xml', 'stmt', 362))"
2024-07-20 17:47:06,031	[DEBUG]	EXEC>  SUCCESS 49.8
2024-07-20 17:47:06,031	[INFO]	38      SUCCESS               49.800000 (79.05%) [2 edit(s)]  
2024-07-20 17:47:06,031	[DEBUG]	patch(38)="SrcmlStmtDeletion(('org.sat4j.core/src/main/java/org/sat4j/minisat/core/Solver.java.xml', 'stmt', 622)) | SrcmlStmtDeletion(('org.sat4j.core/src/main/java/org/sat4j/minisat/core/Solver.java.xml', 'stmt', 536))"
2024-07-20 17:47:07,884	[INFO]	39      COMPILE_CODE_ERROR    None (--) [2 edit(s)]  
2024-07-20 17:47:07,884	[DEBUG]	patch(39)="SrcmlStmtDeletion(('org.sat4j.core/src/main/java/org/sat4j/minisat/core/Solver.java.xml', 'stmt', 622)) | SrcmlStmtInsertion(('org.sat4j.core/src/main/java/org/sat4j/minisat/core/Solver.java.xml', '_inter_block', 89), ('org.sat4j.core/src/main/java/org/sat4j/minisat/core/Solver.java.xml', 'stmt', 739))"
2024-07-20 17:47:19,876	[INFO]	40      TEST_CODE_ERROR       None (--) [2 edit(s)]  
2024-07-20 17:47:19,876	[DEBUG]	patch(40)="SrcmlStmtDeletion(('org.sat4j.core/src/main/java/org/sat4j/minisat/core/Solver.java.xml', 'stmt', 622)) | SrcmlStmtDeletion(('org.sat4j.core/src/main/java/org/sat4j/minisat/core/Solver.java.xml', 'stmt', 43))"
2024-07-20 17:47:24,633	[INFO]	41      COMPILE_CODE_ERROR    None (--) [2 edit(s)]  
2024-07-20 17:47:24,633	[DEBUG]	patch(41)="SrcmlStmtDeletion(('org.sat4j.core/src/main/java/org/sat4j/minisat/core/Solver.java.xml', 'stmt', 622)) | SrcmlStmtDeletion(('org.sat4j.core/src/main/java/org/sat4j/minisat/core/Solver.java.xml', 'stmt', 345))"
2024-07-20 17:48:27,549	[DEBUG]	EXEC>  SUCCESS 56.8
2024-07-20 17:48:27,549	[INFO]	42      SUCCESS               56.800000 (90.16%) [2 edit(s)]  
2024-07-20 17:48:27,549	[DEBUG]	patch(42)="SrcmlStmtDeletion(('org.sat4j.core/src/main/java/org/sat4j/minisat/core/Solver.java.xml', 'stmt', 622)) | SrcmlStmtInsertion(('org.sat4j.core/src/main/java/org/sat4j/minisat/core/Solver.java.xml', '_inter_block', 356), ('org.sat4j.core/src/main/java/org/sat4j/minisat/core/Solver.java.xml', 'stmt', 799))"
2024-07-20 17:48:32,792	[INFO]	43      COMPILE_CODE_ERROR    None (--) [2 edit(s)]  
2024-07-20 17:48:32,792	[DEBUG]	patch(43)="SrcmlStmtDeletion(('org.sat4j.core/src/main/java/org/sat4j/minisat/core/Solver.java.xml', 'stmt', 622)) | SrcmlStmtInsertion(('org.sat4j.core/src/main/java/org/sat4j/minisat/core/Solver.java.xml', '_inter_block', 1264), ('org.sat4j.core/src/main/java/org/sat4j/minisat/core/Solver.java.xml', 'stmt', 147))"
2024-07-20 17:48:32,806	[INFO]	44      SUCCESS              +35.800000 (56.83%) [2 edit(s)] [cached] 
2024-07-20 17:48:32,807	[DEBUG]	patch(44)="SrcmlStmtDeletion(('org.sat4j.core/src/main/java/org/sat4j/minisat/core/Solver.java.xml', 'stmt', 622)) | SrcmlStmtReplacement(('org.sat4j.core/src/main/java/org/sat4j/minisat/core/Solver.java.xml', 'stmt', 967), ('org.sat4j.core/src/main/java/org/sat4j/minisat/core/Solver.java.xml', 'stmt', 955))"
2024-07-20 17:48:32,820	[INFO]	45      SUCCESS               63.000000 (100.00%) [1 edit(s)] [cached] 
2024-07-20 17:48:32,821	[DEBUG]	patch(45)="SrcmlStmtReplacement(('org.sat4j.core/src/main/java/org/sat4j/minisat/core/Solver.java.xml', 'stmt', 967), ('org.sat4j.core/src/main/java/org/sat4j/minisat/core/Solver.java.xml', 'stmt', 955))"
2024-07-20 17:48:32,832	[INFO]	46      SUCCESS              +35.800000 (56.83%) [1 edit(s)] [cached] 
2024-07-20 17:48:32,832	[DEBUG]	patch(46)="SrcmlStmtDeletion(('org.sat4j.core/src/main/java/org/sat4j/minisat/core/Solver.java.xml', 'stmt', 622))"
2024-07-20 17:48:37,557	[INFO]	47      COMPILE_CODE_ERROR    None (--) [2 edit(s)]  
2024-07-20 17:48:37,557	[DEBUG]	patch(47)="SrcmlStmtDeletion(('org.sat4j.core/src/main/java/org/sat4j/minisat/core/Solver.java.xml', 'stmt', 622)) | SrcmlStmtReplacement(('org.sat4j.core/src/main/java/org/sat4j/minisat/core/Solver.java.xml', 'stmt', 506), ('org.sat4j.core/src/main/java/org/sat4j/minisat/core/Solver.java.xml', 'stmt', 308))"
2024-07-20 17:48:37,568	[INFO]	48      SUCCESS               63.000000 (100.00%) [0 edit(s)] [cached] 
2024-07-20 17:48:37,568	[DEBUG]	patch(48)=""
2024-07-20 17:48:42,544	[INFO]	49      COMPILE_CODE_ERROR    None (--) [2 edit(s)]  
2024-07-20 17:48:42,544	[DEBUG]	patch(49)="SrcmlStmtDeletion(('org.sat4j.core/src/main/java/org/sat4j/minisat/core/Solver.java.xml', 'stmt', 622)) | SrcmlStmtReplacement(('org.sat4j.core/src/main/java/org/sat4j/minisat/core/Solver.java.xml', 'stmt', 807), ('org.sat4j.core/src/main/java/org/sat4j/minisat/core/Solver.java.xml', 'stmt', 358))"
2024-07-20 17:48:46,729	[INFO]	50      COMPILE_CODE_ERROR    None (--) [2 edit(s)]  
2024-07-20 17:48:46,730	[DEBUG]	patch(50)="SrcmlStmtDeletion(('org.sat4j.core/src/main/java/org/sat4j/minisat/core/Solver.java.xml', 'stmt', 622)) | SrcmlStmtInsertion(('org.sat4j.core/src/main/java/org/sat4j/minisat/core/Solver.java.xml', '_inter_block', 809), ('org.sat4j.core/src/main/java/org/sat4j/minisat/core/Solver.java.xml', 'stmt', 951))"
2024-07-20 17:48:50,876	[INFO]	51      COMPILE_CODE_ERROR    None (--) [2 edit(s)]  
2024-07-20 17:48:50,877	[DEBUG]	patch(51)="SrcmlStmtDeletion(('org.sat4j.core/src/main/java/org/sat4j/minisat/core/Solver.java.xml', 'stmt', 622)) | SrcmlStmtReplacement(('org.sat4j.core/src/main/java/org/sat4j/minisat/core/Solver.java.xml', 'stmt', 484), ('org.sat4j.core/src/main/java/org/sat4j/minisat/core/Solver.java.xml', 'stmt', 884))"
2024-07-20 17:48:55,396	[INFO]	52      COMPILE_CODE_ERROR    None (--) [2 edit(s)]  
2024-07-20 17:48:55,396	[DEBUG]	patch(52)="SrcmlStmtDeletion(('org.sat4j.core/src/main/java/org/sat4j/minisat/core/Solver.java.xml', 'stmt', 622)) | SrcmlStmtInsertion(('org.sat4j.core/src/main/java/org/sat4j/minisat/core/Solver.java.xml', '_inter_block', 526), ('org.sat4j.core/src/main/java/org/sat4j/minisat/core/Solver.java.xml', 'stmt', 191))"
2024-07-20 17:49:51,991	[DEBUG]	EXEC>  SUCCESS 63.6
2024-07-20 17:49:51,991	[INFO]	53      SUCCESS               63.600000 (100.95%) [2 edit(s)]  
2024-07-20 17:49:51,991	[DEBUG]	patch(53)="SrcmlStmtDeletion(('org.sat4j.core/src/main/java/org/sat4j/minisat/core/Solver.java.xml', 'stmt', 622)) | SrcmlStmtDeletion(('org.sat4j.core/src/main/java/org/sat4j/minisat/core/Solver.java.xml', 'stmt', 955))"
2024-07-20 17:49:56,921	[INFO]	54      COMPILE_CODE_ERROR    None (--) [2 edit(s)]  
2024-07-20 17:49:56,921	[DEBUG]	patch(54)="SrcmlStmtDeletion(('org.sat4j.core/src/main/java/org/sat4j/minisat/core/Solver.java.xml', 'stmt', 622)) | SrcmlStmtInsertion(('org.sat4j.core/src/main/java/org/sat4j/minisat/core/Solver.java.xml', '_inter_block', 1371), ('org.sat4j.core/src/main/java/org/sat4j/minisat/core/Solver.java.xml', 'stmt', 176))"
2024-07-20 17:50:01,587	[INFO]	55      COMPILE_CODE_ERROR    None (--) [2 edit(s)]  
2024-07-20 17:50:01,587	[DEBUG]	patch(55)="SrcmlStmtDeletion(('org.sat4j.core/src/main/java/org/sat4j/minisat/core/Solver.java.xml', 'stmt', 622)) | SrcmlStmtDeletion(('org.sat4j.core/src/main/java/org/sat4j/minisat/core/Solver.java.xml', 'stmt', 349))"
2024-07-20 17:50:58,330	[DEBUG]	EXEC>  SUCCESS 58.4
2024-07-20 17:50:58,330	[INFO]	56      SUCCESS               58.400000 (92.70%) [2 edit(s)]  
2024-07-20 17:50:58,330	[DEBUG]	patch(56)="SrcmlStmtDeletion(('org.sat4j.core/src/main/java/org/sat4j/minisat/core/Solver.java.xml', 'stmt', 622)) | SrcmlStmtInsertion(('org.sat4j.core/src/main/java/org/sat4j/minisat/core/Solver.java.xml', '_inter_block', 997), ('org.sat4j.core/src/main/java/org/sat4j/minisat/core/Solver.java.xml', 'stmt', 733))"
2024-07-20 17:51:02,572	[INFO]	57      COMPILE_CODE_ERROR    None (--) [2 edit(s)]  
2024-07-20 17:51:02,573	[DEBUG]	patch(57)="SrcmlStmtDeletion(('org.sat4j.core/src/main/java/org/sat4j/minisat/core/Solver.java.xml', 'stmt', 622)) | SrcmlStmtInsertion(('org.sat4j.core/src/main/java/org/sat4j/minisat/core/Solver.java.xml', '_inter_block', 1105), ('org.sat4j.core/src/main/java/org/sat4j/minisat/core/Solver.java.xml', 'stmt', 228))"
2024-07-20 17:51:59,515	[DEBUG]	EXEC>  SUCCESS 20.0
2024-07-20 17:51:59,515	[INFO]	58      SUCCESS              *20.000000 (31.75%) [2 edit(s)]  
2024-07-20 17:51:59,516	[DEBUG]	patch(58)="SrcmlStmtDeletion(('org.sat4j.core/src/main/java/org/sat4j/minisat/core/Solver.java.xml', 'stmt', 622)) | SrcmlStmtDeletion(('org.sat4j.core/src/main/java/org/sat4j/minisat/core/Solver.java.xml', 'stmt', 583))"
--- before: org.sat4j.core/src/main/java/org/sat4j/minisat/core/Solver.java
+++ after: org.sat4j.core/src/main/java/org/sat4j/minisat/core/Solver.java
@@ -1479,7 +1479,7 @@
                         tempmodel.push(this.voc.isSatisfied(p) ? i : -i);
                         this.userbooleanmodel[i - 1] = this.voc.isSatisfied(p);
                         if (this.voc.getReason(p) == null) {
-                            this.decisions.push(tempmodel.last());
+                            
                         } else {
                             this.implied.push(tempmodel.last());
                             if (this.voc.getReason(p).learnt()) {
@@ -1578,7 +1578,7 @@
     protected final void reduceDB() {
         this.stats.incReduceddb();
         this.slistener.cleaning();
-        this.learnedConstraintsDeletionStrategy.reduce(this.learnts);
+        
     }
 
     protected ActivityComparator getActivityComparator() {

2024-07-20 17:52:55,751	[DEBUG]	EXEC>  SUCCESS 52.0
2024-07-20 17:52:55,751	[INFO]	59      SUCCESS               52.000000 (82.54%) [1 edit(s)]  
2024-07-20 17:52:55,751	[DEBUG]	patch(59)="SrcmlStmtDeletion(('org.sat4j.core/src/main/java/org/sat4j/minisat/core/Solver.java.xml', 'stmt', 583))"
2024-07-20 17:52:55,772	[INFO]	60      SUCCESS               35.800000 (56.83%) [1 edit(s)] [cached] 
2024-07-20 17:52:55,772	[DEBUG]	patch(60)="SrcmlStmtDeletion(('org.sat4j.core/src/main/java/org/sat4j/minisat/core/Solver.java.xml', 'stmt', 622))"
2024-07-20 17:53:00,083	[INFO]	61      COMPILE_CODE_ERROR    None (--) [3 edit(s)]  
2024-07-20 17:53:00,084	[DEBUG]	patch(61)="SrcmlStmtDeletion(('org.sat4j.core/src/main/java/org/sat4j/minisat/core/Solver.java.xml', 'stmt', 622)) | SrcmlStmtDeletion(('org.sat4j.core/src/main/java/org/sat4j/minisat/core/Solver.java.xml', 'stmt', 583)) | SrcmlStmtInsertion(('org.sat4j.core/src/main/java/org/sat4j/minisat/core/Solver.java.xml', '_inter_block', 773), ('org.sat4j.core/src/main/java/org/sat4j/minisat/core/Solver.java.xml', 'stmt', 515))"
2024-07-20 17:53:04,565	[INFO]	62      COMPILE_CODE_ERROR    None (--) [3 edit(s)]  
2024-07-20 17:53:04,565	[DEBUG]	patch(62)="SrcmlStmtDeletion(('org.sat4j.core/src/main/java/org/sat4j/minisat/core/Solver.java.xml', 'stmt', 622)) | SrcmlStmtDeletion(('org.sat4j.core/src/main/java/org/sat4j/minisat/core/Solver.java.xml', 'stmt', 583)) | SrcmlStmtInsertion(('org.sat4j.core/src/main/java/org/sat4j/minisat/core/Solver.java.xml', '_inter_block', 536), ('org.sat4j.core/src/main/java/org/sat4j/minisat/core/Solver.java.xml', 'stmt', 960))"
2024-07-20 17:54:01,663	[DEBUG]	EXEC>  SUCCESS 48.6
2024-07-20 17:54:01,663	[INFO]	63      SUCCESS               48.600000 (77.14%) [3 edit(s)]  
2024-07-20 17:54:01,663	[DEBUG]	patch(63)="SrcmlStmtDeletion(('org.sat4j.core/src/main/java/org/sat4j/minisat/core/Solver.java.xml', 'stmt', 622)) | SrcmlStmtDeletion(('org.sat4j.core/src/main/java/org/sat4j/minisat/core/Solver.java.xml', 'stmt', 583)) | SrcmlStmtInsertion(('org.sat4j.core/src/main/java/org/sat4j/minisat/core/Solver.java.xml', '_inter_block', 1296), ('org.sat4j.core/src/main/java/org/sat4j/minisat/core/Solver.java.xml', 'stmt', 429))"
2024-07-20 17:54:56,189	[DEBUG]	EXEC>  SUCCESS 42.2
2024-07-20 17:54:56,189	[INFO]	64      SUCCESS               42.200000 (66.98%) [3 edit(s)]  
2024-07-20 17:54:56,189	[DEBUG]	patch(64)="SrcmlStmtDeletion(('org.sat4j.core/src/main/java/org/sat4j/minisat/core/Solver.java.xml', 'stmt', 622)) | SrcmlStmtDeletion(('org.sat4j.core/src/main/java/org/sat4j/minisat/core/Solver.java.xml', 'stmt', 583)) | SrcmlStmtReplacement(('org.sat4j.core/src/main/java/org/sat4j/minisat/core/Solver.java.xml', 'stmt', 837), ('org.sat4j.core/src/main/java/org/sat4j/minisat/core/Solver.java.xml', 'stmt', 903))"
2024-07-20 17:55:00,808	[INFO]	65      COMPILE_CODE_ERROR    None (--) [3 edit(s)]  
2024-07-20 17:55:00,809	[DEBUG]	patch(65)="SrcmlStmtDeletion(('org.sat4j.core/src/main/java/org/sat4j/minisat/core/Solver.java.xml', 'stmt', 622)) | SrcmlStmtDeletion(('org.sat4j.core/src/main/java/org/sat4j/minisat/core/Solver.java.xml', 'stmt', 583)) | SrcmlStmtDeletion(('org.sat4j.core/src/main/java/org/sat4j/minisat/core/Solver.java.xml', 'stmt', 256))"
2024-07-20 17:55:05,339	[INFO]	66      COMPILE_CODE_ERROR    None (--) [3 edit(s)]  
2024-07-20 17:55:05,339	[DEBUG]	patch(66)="SrcmlStmtDeletion(('org.sat4j.core/src/main/java/org/sat4j/minisat/core/Solver.java.xml', 'stmt', 622)) | SrcmlStmtDeletion(('org.sat4j.core/src/main/java/org/sat4j/minisat/core/Solver.java.xml', 'stmt', 583)) | SrcmlStmtInsertion(('org.sat4j.core/src/main/java/org/sat4j/minisat/core/Solver.java.xml', '_inter_block', 1541), ('org.sat4j.core/src/main/java/org/sat4j/minisat/core/Solver.java.xml', 'stmt', 860))"
2024-07-20 17:55:09,505	[INFO]	67      COMPILE_CODE_ERROR    None (--) [3 edit(s)]  
2024-07-20 17:55:09,505	[DEBUG]	patch(67)="SrcmlStmtDeletion(('org.sat4j.core/src/main/java/org/sat4j/minisat/core/Solver.java.xml', 'stmt', 622)) | SrcmlStmtDeletion(('org.sat4j.core/src/main/java/org/sat4j/minisat/core/Solver.java.xml', 'stmt', 583)) | SrcmlStmtDeletion(('org.sat4j.core/src/main/java/org/sat4j/minisat/core/Solver.java.xml', 'stmt', 282))"
2024-07-20 17:55:13,662	[INFO]	68      COMPILE_CODE_ERROR    None (--) [3 edit(s)]  
2024-07-20 17:55:13,662	[DEBUG]	patch(68)="SrcmlStmtDeletion(('org.sat4j.core/src/main/java/org/sat4j/minisat/core/Solver.java.xml', 'stmt', 622)) | SrcmlStmtDeletion(('org.sat4j.core/src/main/java/org/sat4j/minisat/core/Solver.java.xml', 'stmt', 583)) | SrcmlStmtReplacement(('org.sat4j.core/src/main/java/org/sat4j/minisat/core/Solver.java.xml', 'stmt', 787), ('org.sat4j.core/src/main/java/org/sat4j/minisat/core/Solver.java.xml', 'stmt', 922))"
2024-07-20 17:55:15,595	[INFO]	69      COMPILE_CODE_ERROR    None (--) [3 edit(s)]  
2024-07-20 17:55:15,595	[DEBUG]	patch(69)="SrcmlStmtDeletion(('org.sat4j.core/src/main/java/org/sat4j/minisat/core/Solver.java.xml', 'stmt', 622)) | SrcmlStmtDeletion(('org.sat4j.core/src/main/java/org/sat4j/minisat/core/Solver.java.xml', 'stmt', 583)) | SrcmlStmtReplacement(('org.sat4j.core/src/main/java/org/sat4j/minisat/core/Solver.java.xml', 'stmt', 47), ('org.sat4j.core/src/main/java/org/sat4j/minisat/core/Solver.java.xml', 'stmt', 355))"
2024-07-20 17:55:17,317	[INFO]	70      COMPILE_CODE_ERROR    None (--) [3 edit(s)]  
2024-07-20 17:55:17,317	[DEBUG]	patch(70)="SrcmlStmtDeletion(('org.sat4j.core/src/main/java/org/sat4j/minisat/core/Solver.java.xml', 'stmt', 622)) | SrcmlStmtDeletion(('org.sat4j.core/src/main/java/org/sat4j/minisat/core/Solver.java.xml', 'stmt', 583)) | SrcmlStmtReplacement(('org.sat4j.core/src/main/java/org/sat4j/minisat/core/Solver.java.xml', 'stmt', 957), ('org.sat4j.core/src/main/java/org/sat4j/minisat/core/Solver.java.xml', 'stmt', 658))"
2024-07-20 17:56:14,136	[DEBUG]	EXEC>  SUCCESS 73.6
2024-07-20 17:56:14,136	[INFO]	71      SUCCESS               73.600000 (116.83%) [3 edit(s)]  
2024-07-20 17:56:14,136	[DEBUG]	patch(71)="SrcmlStmtDeletion(('org.sat4j.core/src/main/java/org/sat4j/minisat/core/Solver.java.xml', 'stmt', 622)) | SrcmlStmtDeletion(('org.sat4j.core/src/main/java/org/sat4j/minisat/core/Solver.java.xml', 'stmt', 583)) | SrcmlStmtDeletion(('org.sat4j.core/src/main/java/org/sat4j/minisat/core/Solver.java.xml', 'stmt', 480))"
2024-07-20 17:56:18,544	[INFO]	72      COMPILE_CODE_ERROR    None (--) [3 edit(s)]  
2024-07-20 17:56:18,544	[DEBUG]	patch(72)="SrcmlStmtDeletion(('org.sat4j.core/src/main/java/org/sat4j/minisat/core/Solver.java.xml', 'stmt', 622)) | SrcmlStmtDeletion(('org.sat4j.core/src/main/java/org/sat4j/minisat/core/Solver.java.xml', 'stmt', 583)) | SrcmlStmtDeletion(('org.sat4j.core/src/main/java/org/sat4j/minisat/core/Solver.java.xml', 'stmt', 345))"
2024-07-20 17:56:23,210	[INFO]	73      COMPILE_CODE_ERROR    None (--) [3 edit(s)]  
2024-07-20 17:56:23,210	[DEBUG]	patch(73)="SrcmlStmtDeletion(('org.sat4j.core/src/main/java/org/sat4j/minisat/core/Solver.java.xml', 'stmt', 622)) | SrcmlStmtDeletion(('org.sat4j.core/src/main/java/org/sat4j/minisat/core/Solver.java.xml', 'stmt', 583)) | SrcmlStmtReplacement(('org.sat4j.core/src/main/java/org/sat4j/minisat/core/Solver.java.xml', 'stmt', 553), ('org.sat4j.core/src/main/java/org/sat4j/minisat/core/Solver.java.xml', 'stmt', 533))"
2024-07-20 17:57:20,393	[DEBUG]	EXEC>  SUCCESS 62.6
2024-07-20 17:57:20,393	[INFO]	74      SUCCESS               62.600000 (99.37%) [3 edit(s)]  
2024-07-20 17:57:20,394	[DEBUG]	patch(74)="SrcmlStmtDeletion(('org.sat4j.core/src/main/java/org/sat4j/minisat/core/Solver.java.xml', 'stmt', 622)) | SrcmlStmtDeletion(('org.sat4j.core/src/main/java/org/sat4j/minisat/core/Solver.java.xml', 'stmt', 583)) | SrcmlStmtDeletion(('org.sat4j.core/src/main/java/org/sat4j/minisat/core/Solver.java.xml', 'stmt', 236))"
2024-07-20 17:58:17,078	[DEBUG]	EXEC>  SUCCESS 44.0
2024-07-20 17:58:17,078	[INFO]	75      SUCCESS               44.000000 (69.84%) [3 edit(s)]  
2024-07-20 17:58:17,078	[DEBUG]	patch(75)="SrcmlStmtDeletion(('org.sat4j.core/src/main/java/org/sat4j/minisat/core/Solver.java.xml', 'stmt', 622)) | SrcmlStmtDeletion(('org.sat4j.core/src/main/java/org/sat4j/minisat/core/Solver.java.xml', 'stmt', 583)) | SrcmlStmtDeletion(('org.sat4j.core/src/main/java/org/sat4j/minisat/core/Solver.java.xml', 'stmt', 980))"
2024-07-20 17:59:02,633	[DEBUG]	EXEC>  TIMEOUT None
2024-07-20 17:59:02,633	[INFO]	76      RUN_TIMEOUT           None (--) [3 edit(s)]  
2024-07-20 17:59:02,633	[DEBUG]	patch(76)="SrcmlStmtDeletion(('org.sat4j.core/src/main/java/org/sat4j/minisat/core/Solver.java.xml', 'stmt', 622)) | SrcmlStmtDeletion(('org.sat4j.core/src/main/java/org/sat4j/minisat/core/Solver.java.xml', 'stmt', 583)) | SrcmlStmtReplacement(('org.sat4j.core/src/main/java/org/sat4j/minisat/core/Solver.java.xml', 'stmt', 462), ('org.sat4j.core/src/main/java/org/sat4j/minisat/core/Solver.java.xml', 'stmt', 763))"
2024-07-20 17:59:04,357	[INFO]	77      COMPILE_CODE_ERROR    None (--) [3 edit(s)]  
2024-07-20 17:59:04,357	[DEBUG]	patch(77)="SrcmlStmtDeletion(('org.sat4j.core/src/main/java/org/sat4j/minisat/core/Solver.java.xml', 'stmt', 622)) | SrcmlStmtDeletion(('org.sat4j.core/src/main/java/org/sat4j/minisat/core/Solver.java.xml', 'stmt', 583)) | SrcmlStmtInsertion(('org.sat4j.core/src/main/java/org/sat4j/minisat/core/Solver.java.xml', '_inter_block', 75), ('org.sat4j.core/src/main/java/org/sat4j/minisat/core/Solver.java.xml', 'stmt', 875))"
2024-07-20 17:59:08,673	[INFO]	78      COMPILE_CODE_ERROR    None (--) [3 edit(s)]  
2024-07-20 17:59:08,673	[DEBUG]	patch(78)="SrcmlStmtDeletion(('org.sat4j.core/src/main/java/org/sat4j/minisat/core/Solver.java.xml', 'stmt', 622)) | SrcmlStmtDeletion(('org.sat4j.core/src/main/java/org/sat4j/minisat/core/Solver.java.xml', 'stmt', 583)) | SrcmlStmtDeletion(('org.sat4j.core/src/main/java/org/sat4j/minisat/core/Solver.java.xml', 'stmt', 348))"
2024-07-20 17:59:12,987	[INFO]	79      COMPILE_CODE_ERROR    None (--) [3 edit(s)]  
2024-07-20 17:59:12,987	[DEBUG]	patch(79)="SrcmlStmtDeletion(('org.sat4j.core/src/main/java/org/sat4j/minisat/core/Solver.java.xml', 'stmt', 622)) | SrcmlStmtDeletion(('org.sat4j.core/src/main/java/org/sat4j/minisat/core/Solver.java.xml', 'stmt', 583)) | SrcmlStmtDeletion(('org.sat4j.core/src/main/java/org/sat4j/minisat/core/Solver.java.xml', 'stmt', 600))"
2024-07-20 17:59:17,591	[INFO]	80      COMPILE_CODE_ERROR    None (--) [3 edit(s)]  
2024-07-20 17:59:17,591	[DEBUG]	patch(80)="SrcmlStmtDeletion(('org.sat4j.core/src/main/java/org/sat4j/minisat/core/Solver.java.xml', 'stmt', 622)) | SrcmlStmtDeletion(('org.sat4j.core/src/main/java/org/sat4j/minisat/core/Solver.java.xml', 'stmt', 583)) | SrcmlStmtDeletion(('org.sat4j.core/src/main/java/org/sat4j/minisat/core/Solver.java.xml', 'stmt', 153))"
2024-07-20 17:59:22,169	[INFO]	81      COMPILE_CODE_ERROR    None (--) [3 edit(s)]  
2024-07-20 17:59:22,170	[DEBUG]	patch(81)="SrcmlStmtDeletion(('org.sat4j.core/src/main/java/org/sat4j/minisat/core/Solver.java.xml', 'stmt', 622)) | SrcmlStmtDeletion(('org.sat4j.core/src/main/java/org/sat4j/minisat/core/Solver.java.xml', 'stmt', 583)) | SrcmlStmtReplacement(('org.sat4j.core/src/main/java/org/sat4j/minisat/core/Solver.java.xml', 'stmt', 685), ('org.sat4j.core/src/main/java/org/sat4j/minisat/core/Solver.java.xml', 'stmt', 882))"
2024-07-20 17:59:26,678	[INFO]	82      COMPILE_CODE_ERROR    None (--) [3 edit(s)]  
2024-07-20 17:59:26,678	[DEBUG]	patch(82)="SrcmlStmtDeletion(('org.sat4j.core/src/main/java/org/sat4j/minisat/core/Solver.java.xml', 'stmt', 622)) | SrcmlStmtDeletion(('org.sat4j.core/src/main/java/org/sat4j/minisat/core/Solver.java.xml', 'stmt', 583)) | SrcmlStmtDeletion(('org.sat4j.core/src/main/java/org/sat4j/minisat/core/Solver.java.xml', 'stmt', 690))"
2024-07-20 18:00:23,464	[DEBUG]	EXEC>  SUCCESS 33.0
2024-07-20 18:00:23,464	[INFO]	83      SUCCESS               33.000000 (52.38%) [3 edit(s)]  
2024-07-20 18:00:23,464	[DEBUG]	patch(83)="SrcmlStmtDeletion(('org.sat4j.core/src/main/java/org/sat4j/minisat/core/Solver.java.xml', 'stmt', 622)) | SrcmlStmtDeletion(('org.sat4j.core/src/main/java/org/sat4j/minisat/core/Solver.java.xml', 'stmt', 583)) | SrcmlStmtDeletion(('org.sat4j.core/src/main/java/org/sat4j/minisat/core/Solver.java.xml', 'stmt', 474))"
2024-07-20 18:01:20,746	[DEBUG]	EXEC>  SUCCESS 69.4
2024-07-20 18:01:20,747	[INFO]	84      SUCCESS               69.400000 (110.16%) [3 edit(s)]  
2024-07-20 18:01:20,747	[DEBUG]	patch(84)="SrcmlStmtDeletion(('org.sat4j.core/src/main/java/org/sat4j/minisat/core/Solver.java.xml', 'stmt', 622)) | SrcmlStmtDeletion(('org.sat4j.core/src/main/java/org/sat4j/minisat/core/Solver.java.xml', 'stmt', 583)) | SrcmlStmtDeletion(('org.sat4j.core/src/main/java/org/sat4j/minisat/core/Solver.java.xml', 'stmt', 955))"
2024-07-20 18:01:25,336	[INFO]	85      COMPILE_CODE_ERROR    None (--) [3 edit(s)]  
2024-07-20 18:01:25,336	[DEBUG]	patch(85)="SrcmlStmtDeletion(('org.sat4j.core/src/main/java/org/sat4j/minisat/core/Solver.java.xml', 'stmt', 622)) | SrcmlStmtDeletion(('org.sat4j.core/src/main/java/org/sat4j/minisat/core/Solver.java.xml', 'stmt', 583)) | SrcmlStmtInsertion(('org.sat4j.core/src/main/java/org/sat4j/minisat/core/Solver.java.xml', '_inter_block', 905), ('org.sat4j.core/src/main/java/org/sat4j/minisat/core/Solver.java.xml', 'stmt', 1015))"
2024-07-20 18:01:29,633	[INFO]	86      COMPILE_CODE_ERROR    None (--) [3 edit(s)]  
2024-07-20 18:01:29,634	[DEBUG]	patch(86)="SrcmlStmtDeletion(('org.sat4j.core/src/main/java/org/sat4j/minisat/core/Solver.java.xml', 'stmt', 622)) | SrcmlStmtDeletion(('org.sat4j.core/src/main/java/org/sat4j/minisat/core/Solver.java.xml', 'stmt', 583)) | SrcmlStmtInsertion(('org.sat4j.core/src/main/java/org/sat4j/minisat/core/Solver.java.xml', '_inter_block', 1504), ('org.sat4j.core/src/main/java/org/sat4j/minisat/core/Solver.java.xml', 'stmt', 262))"
2024-07-20 18:01:31,456	[INFO]	87      COMPILE_CODE_ERROR    None (--) [3 edit(s)]  
2024-07-20 18:01:31,456	[DEBUG]	patch(87)="SrcmlStmtDeletion(('org.sat4j.core/src/main/java/org/sat4j/minisat/core/Solver.java.xml', 'stmt', 622)) | SrcmlStmtDeletion(('org.sat4j.core/src/main/java/org/sat4j/minisat/core/Solver.java.xml', 'stmt', 583)) | SrcmlStmtReplacement(('org.sat4j.core/src/main/java/org/sat4j/minisat/core/Solver.java.xml', 'stmt', 935), ('org.sat4j.core/src/main/java/org/sat4j/minisat/core/Solver.java.xml', 'stmt', 35))"
2024-07-20 18:01:33,240	[INFO]	88      COMPILE_CODE_ERROR    None (--) [3 edit(s)]  
2024-07-20 18:01:33,241	[DEBUG]	patch(88)="SrcmlStmtDeletion(('org.sat4j.core/src/main/java/org/sat4j/minisat/core/Solver.java.xml', 'stmt', 622)) | SrcmlStmtDeletion(('org.sat4j.core/src/main/java/org/sat4j/minisat/core/Solver.java.xml', 'stmt', 583)) | SrcmlStmtReplacement(('org.sat4j.core/src/main/java/org/sat4j/minisat/core/Solver.java.xml', 'stmt', 968), ('org.sat4j.core/src/main/java/org/sat4j/minisat/core/Solver.java.xml', 'stmt', 22))"
2024-07-20 18:01:37,168	[INFO]	89      COMPILE_CODE_ERROR    None (--) [3 edit(s)]  
2024-07-20 18:01:37,168	[DEBUG]	patch(89)="SrcmlStmtDeletion(('org.sat4j.core/src/main/java/org/sat4j/minisat/core/Solver.java.xml', 'stmt', 622)) | SrcmlStmtDeletion(('org.sat4j.core/src/main/java/org/sat4j/minisat/core/Solver.java.xml', 'stmt', 583)) | SrcmlStmtDeletion(('org.sat4j.core/src/main/java/org/sat4j/minisat/core/Solver.java.xml', 'stmt', 960))"
2024-07-20 18:01:41,411	[INFO]	90      COMPILE_CODE_ERROR    None (--) [3 edit(s)]  
2024-07-20 18:01:41,411	[DEBUG]	patch(90)="SrcmlStmtDeletion(('org.sat4j.core/src/main/java/org/sat4j/minisat/core/Solver.java.xml', 'stmt', 622)) | SrcmlStmtDeletion(('org.sat4j.core/src/main/java/org/sat4j/minisat/core/Solver.java.xml', 'stmt', 583)) | SrcmlStmtReplacement(('org.sat4j.core/src/main/java/org/sat4j/minisat/core/Solver.java.xml', 'stmt', 817), ('org.sat4j.core/src/main/java/org/sat4j/minisat/core/Solver.java.xml', 'stmt', 300))"
2024-07-20 18:01:45,989	[INFO]	91      COMPILE_CODE_ERROR    None (--) [3 edit(s)]  
2024-07-20 18:01:45,989	[DEBUG]	patch(91)="SrcmlStmtDeletion(('org.sat4j.core/src/main/java/org/sat4j/minisat/core/Solver.java.xml', 'stmt', 622)) | SrcmlStmtDeletion(('org.sat4j.core/src/main/java/org/sat4j/minisat/core/Solver.java.xml', 'stmt', 583)) | SrcmlStmtInsertion(('org.sat4j.core/src/main/java/org/sat4j/minisat/core/Solver.java.xml', '_inter_block', 1293), ('org.sat4j.core/src/main/java/org/sat4j/minisat/core/Solver.java.xml', 'stmt', 42))"
2024-07-20 18:01:50,430	[INFO]	92      COMPILE_CODE_ERROR    None (--) [3 edit(s)]  
2024-07-20 18:01:50,430	[DEBUG]	patch(92)="SrcmlStmtDeletion(('org.sat4j.core/src/main/java/org/sat4j/minisat/core/Solver.java.xml', 'stmt', 622)) | SrcmlStmtDeletion(('org.sat4j.core/src/main/java/org/sat4j/minisat/core/Solver.java.xml', 'stmt', 583)) | SrcmlStmtReplacement(('org.sat4j.core/src/main/java/org/sat4j/minisat/core/Solver.java.xml', 'stmt', 343), ('org.sat4j.core/src/main/java/org/sat4j/minisat/core/Solver.java.xml', 'stmt', 722))"
2024-07-20 18:01:54,767	[INFO]	93      COMPILE_CODE_ERROR    None (--) [3 edit(s)]  
2024-07-20 18:01:54,767	[DEBUG]	patch(93)="SrcmlStmtDeletion(('org.sat4j.core/src/main/java/org/sat4j/minisat/core/Solver.java.xml', 'stmt', 622)) | SrcmlStmtDeletion(('org.sat4j.core/src/main/java/org/sat4j/minisat/core/Solver.java.xml', 'stmt', 583)) | SrcmlStmtDeletion(('org.sat4j.core/src/main/java/org/sat4j/minisat/core/Solver.java.xml', 'stmt', 169))"
2024-07-20 18:01:56,524	[INFO]	94      COMPILE_CODE_ERROR    None (--) [3 edit(s)]  
2024-07-20 18:01:56,524	[DEBUG]	patch(94)="SrcmlStmtDeletion(('org.sat4j.core/src/main/java/org/sat4j/minisat/core/Solver.java.xml', 'stmt', 622)) | SrcmlStmtDeletion(('org.sat4j.core/src/main/java/org/sat4j/minisat/core/Solver.java.xml', 'stmt', 583)) | SrcmlStmtReplacement(('org.sat4j.core/src/main/java/org/sat4j/minisat/core/Solver.java.xml', 'stmt', 632), ('org.sat4j.core/src/main/java/org/sat4j/minisat/core/Solver.java.xml', 'stmt', 584))"
2024-07-20 18:02:01,076	[INFO]	95      COMPILE_CODE_ERROR    None (--) [3 edit(s)]  
2024-07-20 18:02:01,076	[DEBUG]	patch(95)="SrcmlStmtDeletion(('org.sat4j.core/src/main/java/org/sat4j/minisat/core/Solver.java.xml', 'stmt', 622)) | SrcmlStmtDeletion(('org.sat4j.core/src/main/java/org/sat4j/minisat/core/Solver.java.xml', 'stmt', 583)) | SrcmlStmtDeletion(('org.sat4j.core/src/main/java/org/sat4j/minisat/core/Solver.java.xml', 'stmt', 44))"
2024-07-20 18:02:05,952	[INFO]	96      COMPILE_CODE_ERROR    None (--) [3 edit(s)]  
2024-07-20 18:02:05,952	[DEBUG]	patch(96)="SrcmlStmtDeletion(('org.sat4j.core/src/main/java/org/sat4j/minisat/core/Solver.java.xml', 'stmt', 622)) | SrcmlStmtDeletion(('org.sat4j.core/src/main/java/org/sat4j/minisat/core/Solver.java.xml', 'stmt', 583)) | SrcmlStmtReplacement(('org.sat4j.core/src/main/java/org/sat4j/minisat/core/Solver.java.xml', 'stmt', 971), ('org.sat4j.core/src/main/java/org/sat4j/minisat/core/Solver.java.xml', 'stmt', 225))"
2024-07-20 18:02:07,657	[INFO]	97      COMPILE_CODE_ERROR    None (--) [3 edit(s)]  
2024-07-20 18:02:07,657	[DEBUG]	patch(97)="SrcmlStmtDeletion(('org.sat4j.core/src/main/java/org/sat4j/minisat/core/Solver.java.xml', 'stmt', 622)) | SrcmlStmtDeletion(('org.sat4j.core/src/main/java/org/sat4j/minisat/core/Solver.java.xml', 'stmt', 583)) | SrcmlStmtReplacement(('org.sat4j.core/src/main/java/org/sat4j/minisat/core/Solver.java.xml', 'stmt', 277), ('org.sat4j.core/src/main/java/org/sat4j/minisat/core/Solver.java.xml', 'stmt', 890))"
2024-07-20 18:02:09,266	[INFO]	98      COMPILE_CODE_ERROR    None (--) [3 edit(s)]  
2024-07-20 18:02:09,266	[DEBUG]	patch(98)="SrcmlStmtDeletion(('org.sat4j.core/src/main/java/org/sat4j/minisat/core/Solver.java.xml', 'stmt', 622)) | SrcmlStmtDeletion(('org.sat4j.core/src/main/java/org/sat4j/minisat/core/Solver.java.xml', 'stmt', 583)) | SrcmlStmtReplacement(('org.sat4j.core/src/main/java/org/sat4j/minisat/core/Solver.java.xml', 'stmt', 1004), ('org.sat4j.core/src/main/java/org/sat4j/minisat/core/Solver.java.xml', 'stmt', 519))"
2024-07-20 18:02:13,911	[INFO]	99      COMPILE_CODE_ERROR    None (--) [3 edit(s)]  
2024-07-20 18:02:13,911	[DEBUG]	patch(99)="SrcmlStmtDeletion(('org.sat4j.core/src/main/java/org/sat4j/minisat/core/Solver.java.xml', 'stmt', 622)) | SrcmlStmtDeletion(('org.sat4j.core/src/main/java/org/sat4j/minisat/core/Solver.java.xml', 'stmt', 583)) | SrcmlStmtDeletion(('org.sat4j.core/src/main/java/org/sat4j/minisat/core/Solver.java.xml', 'stmt', 533))"
2024-07-20 18:02:17,926	[INFO]	100     COMPILE_CODE_ERROR    None (--) [3 edit(s)]  
2024-07-20 18:02:17,927	[DEBUG]	patch(100)="SrcmlStmtDeletion(('org.sat4j.core/src/main/java/org/sat4j/minisat/core/Solver.java.xml', 'stmt', 622)) | SrcmlStmtDeletion(('org.sat4j.core/src/main/java/org/sat4j/minisat/core/Solver.java.xml', 'stmt', 583)) | SrcmlStmtInsertion(('org.sat4j.core/src/main/java/org/sat4j/minisat/core/Solver.java.xml', '_inter_block', 1597), ('org.sat4j.core/src/main/java/org/sat4j/minisat/core/Solver.java.xml', 'stmt', 674))"
2024-07-20 18:02:19,636	[INFO]	101     COMPILE_CODE_ERROR    None (--) [3 edit(s)]  
2024-07-20 18:02:19,636	[DEBUG]	patch(101)="SrcmlStmtDeletion(('org.sat4j.core/src/main/java/org/sat4j/minisat/core/Solver.java.xml', 'stmt', 622)) | SrcmlStmtDeletion(('org.sat4j.core/src/main/java/org/sat4j/minisat/core/Solver.java.xml', 'stmt', 583)) | SrcmlStmtInsertion(('org.sat4j.core/src/main/java/org/sat4j/minisat/core/Solver.java.xml', '_inter_block', 262), ('org.sat4j.core/src/main/java/org/sat4j/minisat/core/Solver.java.xml', 'stmt', 16))"
2024-07-20 18:02:23,774	[INFO]	102     COMPILE_CODE_ERROR    None (--) [3 edit(s)]  
2024-07-20 18:02:23,774	[DEBUG]	patch(102)="SrcmlStmtDeletion(('org.sat4j.core/src/main/java/org/sat4j/minisat/core/Solver.java.xml', 'stmt', 622)) | SrcmlStmtDeletion(('org.sat4j.core/src/main/java/org/sat4j/minisat/core/Solver.java.xml', 'stmt', 583)) | SrcmlStmtInsertion(('org.sat4j.core/src/main/java/org/sat4j/minisat/core/Solver.java.xml', '_inter_block', 286), ('org.sat4j.core/src/main/java/org/sat4j/minisat/core/Solver.java.xml', 'stmt', 826))"
2024-07-20 18:02:28,366	[INFO]	103     COMPILE_CODE_ERROR    None (--) [3 edit(s)]  
2024-07-20 18:02:28,366	[DEBUG]	patch(103)="SrcmlStmtDeletion(('org.sat4j.core/src/main/java/org/sat4j/minisat/core/Solver.java.xml', 'stmt', 622)) | SrcmlStmtDeletion(('org.sat4j.core/src/main/java/org/sat4j/minisat/core/Solver.java.xml', 'stmt', 583)) | SrcmlStmtReplacement(('org.sat4j.core/src/main/java/org/sat4j/minisat/core/Solver.java.xml', 'stmt', 215), ('org.sat4j.core/src/main/java/org/sat4j/minisat/core/Solver.java.xml', 'stmt', 479))"
2024-07-20 18:02:32,479	[INFO]	104     COMPILE_CODE_ERROR    None (--) [3 edit(s)]  
2024-07-20 18:02:32,480	[DEBUG]	patch(104)="SrcmlStmtDeletion(('org.sat4j.core/src/main/java/org/sat4j/minisat/core/Solver.java.xml', 'stmt', 622)) | SrcmlStmtDeletion(('org.sat4j.core/src/main/java/org/sat4j/minisat/core/Solver.java.xml', 'stmt', 583)) | SrcmlStmtReplacement(('org.sat4j.core/src/main/java/org/sat4j/minisat/core/Solver.java.xml', 'stmt', 456), ('org.sat4j.core/src/main/java/org/sat4j/minisat/core/Solver.java.xml', 'stmt', 121))"
2024-07-20 18:02:36,969	[INFO]	105     COMPILE_CODE_ERROR    None (--) [3 edit(s)]  
2024-07-20 18:02:36,970	[DEBUG]	patch(105)="SrcmlStmtDeletion(('org.sat4j.core/src/main/java/org/sat4j/minisat/core/Solver.java.xml', 'stmt', 622)) | SrcmlStmtDeletion(('org.sat4j.core/src/main/java/org/sat4j/minisat/core/Solver.java.xml', 'stmt', 583)) | SrcmlStmtDeletion(('org.sat4j.core/src/main/java/org/sat4j/minisat/core/Solver.java.xml', 'stmt', 546))"
2024-07-20 18:02:41,516	[INFO]	106     COMPILE_CODE_ERROR    None (--) [3 edit(s)]  
2024-07-20 18:02:41,517	[DEBUG]	patch(106)="SrcmlStmtDeletion(('org.sat4j.core/src/main/java/org/sat4j/minisat/core/Solver.java.xml', 'stmt', 622)) | SrcmlStmtDeletion(('org.sat4j.core/src/main/java/org/sat4j/minisat/core/Solver.java.xml', 'stmt', 583)) | SrcmlStmtInsertion(('org.sat4j.core/src/main/java/org/sat4j/minisat/core/Solver.java.xml', '_inter_block', 897), ('org.sat4j.core/src/main/java/org/sat4j/minisat/core/Solver.java.xml', 'stmt', 145))"
2024-07-20 18:02:45,331	[INFO]	107     COMPILE_CODE_ERROR    None (--) [3 edit(s)]  
2024-07-20 18:02:45,331	[DEBUG]	patch(107)="SrcmlStmtDeletion(('org.sat4j.core/src/main/java/org/sat4j/minisat/core/Solver.java.xml', 'stmt', 622)) | SrcmlStmtDeletion(('org.sat4j.core/src/main/java/org/sat4j/minisat/core/Solver.java.xml', 'stmt', 583)) | SrcmlStmtDeletion(('org.sat4j.core/src/main/java/org/sat4j/minisat/core/Solver.java.xml', 'stmt', 886))"
2024-07-20 18:02:49,132	[INFO]	108     COMPILE_CODE_ERROR    None (--) [3 edit(s)]  
2024-07-20 18:02:49,132	[DEBUG]	patch(108)="SrcmlStmtDeletion(('org.sat4j.core/src/main/java/org/sat4j/minisat/core/Solver.java.xml', 'stmt', 622)) | SrcmlStmtDeletion(('org.sat4j.core/src/main/java/org/sat4j/minisat/core/Solver.java.xml', 'stmt', 583)) | SrcmlStmtReplacement(('org.sat4j.core/src/main/java/org/sat4j/minisat/core/Solver.java.xml', 'stmt', 601), ('org.sat4j.core/src/main/java/org/sat4j/minisat/core/Solver.java.xml', 'stmt', 188))"
2024-07-20 18:02:53,410	[INFO]	109     COMPILE_CODE_ERROR    None (--) [3 edit(s)]  
2024-07-20 18:02:53,410	[DEBUG]	patch(109)="SrcmlStmtDeletion(('org.sat4j.core/src/main/java/org/sat4j/minisat/core/Solver.java.xml', 'stmt', 622)) | SrcmlStmtDeletion(('org.sat4j.core/src/main/java/org/sat4j/minisat/core/Solver.java.xml', 'stmt', 583)) | SrcmlStmtInsertion(('org.sat4j.core/src/main/java/org/sat4j/minisat/core/Solver.java.xml', '_inter_block', 1340), ('org.sat4j.core/src/main/java/org/sat4j/minisat/core/Solver.java.xml', 'stmt', 227))"
2024-07-20 18:03:49,558	[DEBUG]	EXEC>  SUCCESS 57.8
2024-07-20 18:03:49,558	[INFO]	110     SUCCESS               57.800000 (91.75%) [3 edit(s)]  
2024-07-20 18:03:49,558	[DEBUG]	patch(110)="SrcmlStmtDeletion(('org.sat4j.core/src/main/java/org/sat4j/minisat/core/Solver.java.xml', 'stmt', 622)) | SrcmlStmtDeletion(('org.sat4j.core/src/main/java/org/sat4j/minisat/core/Solver.java.xml', 'stmt', 583)) | SrcmlStmtInsertion(('org.sat4j.core/src/main/java/org/sat4j/minisat/core/Solver.java.xml', '_inter_block', 664), ('org.sat4j.core/src/main/java/org/sat4j/minisat/core/Solver.java.xml', 'stmt', 616))"
2024-07-20 18:04:45,867	[DEBUG]	EXEC>  SUCCESS 43.2
2024-07-20 18:04:45,868	[INFO]	111     SUCCESS               43.200000 (68.57%) [3 edit(s)]  
2024-07-20 18:04:45,868	[DEBUG]	patch(111)="SrcmlStmtDeletion(('org.sat4j.core/src/main/java/org/sat4j/minisat/core/Solver.java.xml', 'stmt', 622)) | SrcmlStmtDeletion(('org.sat4j.core/src/main/java/org/sat4j/minisat/core/Solver.java.xml', 'stmt', 583)) | SrcmlStmtDeletion(('org.sat4j.core/src/main/java/org/sat4j/minisat/core/Solver.java.xml', 'stmt', 112))"
2024-07-20 18:04:45,911	[INFO]	~~~~ END ~~~~
2024-07-20 18:04:45,911	[INFO]	
2024-07-20 18:04:45,911	[INFO]	==== REPORT ====
2024-07-20 18:04:45,911	[INFO]	Termination: time budget
2024-07-20 18:04:45,911	[INFO]	Retries: 5
2024-07-20 18:04:45,911	[INFO]	Log file: /home/dbouras/magpie/_magpie_logs/sat4j_1721493034.log
2024-07-20 18:04:45,911	[INFO]	Patch file: _magpie_logs/sat4j_1721493034.patch
2024-07-20 18:04:45,911	[INFO]	Diff file: _magpie_logs/sat4j_1721493034.diff
2024-07-20 18:04:45,911	[INFO]	Reference fitness: 63.000000
2024-07-20 18:04:45,912	[INFO]	Best fitness: 20.000000
2024-07-20 18:04:45,912	[INFO]	
2024-07-20 18:04:45,912	[INFO]	==== BEST PATCH ====
SrcmlStmtDeletion(('org.sat4j.core/src/main/java/org/sat4j/minisat/core/Solver.java.xml', 'stmt', 622)) | SrcmlStmtDeletion(('org.sat4j.core/src/main/java/org/sat4j/minisat/core/Solver.java.xml', 'stmt', 583))
2024-07-20 18:04:45,913	[INFO]	
2024-07-20 18:04:45,913	[INFO]	==== DIFF ====
[1m--- before: org.sat4j.core/src/main/java/org/sat4j/minisat/core/Solver.java[0m
[1m+++ after: org.sat4j.core/src/main/java/org/sat4j/minisat/core/Solver.java[0m
[36m@@ -1479,7 +1479,7 @@[0m
                         tempmodel.push(this.voc.isSatisfied(p) ? i : -i);
                         this.userbooleanmodel[i - 1] = this.voc.isSatisfied(p);
                         if (this.voc.getReason(p) == null) {
[31m-                            this.decisions.push(tempmodel.last());[0m
[32m+                            [0m
                         } else {
                             this.implied.push(tempmodel.last());
                             if (this.voc.getReason(p).learnt()) {
[36m@@ -1578,7 +1578,7 @@[0m
     protected final void reduceDB() {
         this.stats.incReduceddb();
         this.slistener.cleaning();
[31m-        this.learnedConstraintsDeletionStrategy.reduce(this.learnts);[0m
[32m+        [0m
     }
 
     protected ActivityComparator getActivityComparator() {

