2024-08-14 09:24:06,889	[DEBUG]	==== CONFIG ====
[magpie]
import = 
seed = 45
log_dir = _magpie_logs
work_dir = _magpie_work
local_original_copy = True
local_original_name = __original__
output_encoding = ascii
edit_retries = 10
default_timeout = 100
default_lengthout = 1e6
diff_method = unified
trust_local_filesystem = True
run_timeout = 100

[magpie.log]
color_output = True
format_info = {counter:<7} {status:<20} {best}{fitness} ({ratio}) [{size}] {cached} {log}
format_debug = patch({counter})="{patch}"{diffifbest}
format_fitness = {:.6f}
format_ratio = {:.2%%}
format_patchif = 
	 --> {patch}
format_diffif = 
	{diff}

[software]
path = examples/minisat
target_files = 
	core/Solver.cc.xml
software = BasicSoftware
model_rules = 
	*.params : ParamFileConfigModel
	*.xml : SrcmlModel
	* : LineModel
model_config = 
	*.params : [paramconfig]
	*.xml : [srcml]
init_cmd = bash init.sh
init_timeout = 60
init_lengthout = -1
setup_cmd = bash compile.sh
setup_timeout = 
setup_lengthout = 
compile_cmd = bash compile.sh
compile_timeout = 
compile_lengthout = 
test_cmd = bash test.sh
test_timeout = 
test_lengthout = 
run_cmd = perf stat -e L1-dcache-loads bash run_fixed.sh
run_timeout = 
run_lengthout = 
retries = 3
batch_timeout = 
batch_lengthout = 
batch_bin_fitness_strategy = aggregate
batch_fitness_strategy = sum
fitness = perf_L1_dcache_loads

[srcml]
rename = 
	stmt: break continue decl_stmt do expr_stmt for goto if return switch while
	number: literal_number
focus = block stmt operator_comp operator_arith number
internodes = block
process_pseudo_blocks = True
process_literals = True
process_operators = True

[paramconfig]
timing = test run
cli_prefix = --
cli_glue = =
cli_boolean = show
cli_boolean_prefix_true = 
cli_boolean_prefix_false = no-
cli_none = hide
silent_prefix = @
silent_suffix = $

[search]
protocol = BasicProtocol
algorithm = GeneticProgrammingUniformConcat
possible_edits = 
	SrcmlStmtReplacement
	SrcmlStmtInsertion
	SrcmlStmtDeletion
warmup = 3
warmup_strategy = last
max_steps = 10000
max_time = 1800
target_fitness = 
cache_maxsize = 100
cache_keep = 0.2
batch_instances = 
batch_shuffle = True
batch_bin_shuffle = False
batch_sample_size = 1

[search.ls]
delete_prob = 0.5
max_neighbours = 
when_trapped = continue
accept_fail = False
tabu_length = 10

[search.gp]
pop_size = 10
delete_prob = 0.5
offspring_elitism = 0.1
offspring_crossover = 0.5
offspring_mutation = 0.4
uniform_rate = 0.5
batch_reset = True

[search.minify]
do_cleanup = True
do_rebuild = True
do_simplify = True
round_robin_limit = 3


2024-08-14 09:24:06,890	[DEBUG]	
2024-08-14 09:24:06,890	[INFO]	==== SEARCH: GeneticProgrammingUniformConcat ====
2024-08-14 09:24:06,890	[INFO]	~~~~ WARMUP ~~~~
2024-08-14 09:24:54,182	[DEBUG]	EXEC>  SUCCESS 14516312802.0
2024-08-14 09:24:54,183	[INFO]	WARM    SUCCESS               14516312802.000000 (--) [0 edit(s)]  
2024-08-14 09:25:35,897	[DEBUG]	EXEC>  SUCCESS 14524974823.333334
2024-08-14 09:25:35,897	[INFO]	WARM    SUCCESS               14524974823.333334 (--) [0 edit(s)]  
2024-08-14 09:26:17,439	[DEBUG]	EXEC>  SUCCESS 14525589450.333334
2024-08-14 09:26:17,439	[INFO]	WARM    SUCCESS               14525589450.333334 (--) [0 edit(s)]  
2024-08-14 09:26:17,439	[INFO]	REF     SUCCESS               14525589450.333334 (--) [0 edit(s)]  
2024-08-14 09:26:17,439	[INFO]	
2024-08-14 09:26:17,439	[INFO]	~~~~ START ~~~~
2024-08-14 09:26:19,321	[INFO]	0-1     TEST_CODE_ERROR       None (--) [1 edit(s)]  
2024-08-14 09:26:19,321	[DEBUG]	patch(0-1)="SrcmlStmtInsertion(('core/Solver.cc.xml', '_inter_block', 263), ('core/Solver.cc.xml', 'stmt', 155))"
2024-08-14 09:27:02,105	[DEBUG]	EXEC>  SUCCESS 14525124761.333334
2024-08-14 09:27:02,105	[INFO]	0-2     SUCCESS              *14525124761.333334 (100.00%) [1 edit(s)]  
2024-08-14 09:27:02,105	[DEBUG]	patch(0-2)="SrcmlStmtInsertion(('core/Solver.cc.xml', '_inter_block', 495), ('core/Solver.cc.xml', 'stmt', 58))"
--- before: core/Solver.cc
+++ after: core/Solver.cc
@@ -932,6 +932,7 @@
 void Solver::toDimacs(FILE* f, Clause& c, vec<Var>& map, Var& max)
 {
     if (satisfied(c)) /*auto*/{
+      watches.smudge(~c[1]);
       return;
     }/*auto*/
 

2024-08-14 09:27:02,534	[INFO]	0-3     COMPILE_CODE_ERROR    None (--) [1 edit(s)]  
2024-08-14 09:27:02,534	[DEBUG]	patch(0-3)="SrcmlStmtInsertion(('core/Solver.cc.xml', '_inter_block', 36), ('core/Solver.cc.xml', 'stmt', 69))"
2024-08-14 09:27:02,977	[INFO]	0-4     COMPILE_CODE_ERROR    None (--) [1 edit(s)]  
2024-08-14 09:27:02,977	[DEBUG]	patch(0-4)="SrcmlStmtInsertion(('core/Solver.cc.xml', '_inter_block', 438), ('core/Solver.cc.xml', 'stmt', 313))"
2024-08-14 09:27:45,899	[DEBUG]	EXEC>  SUCCESS 14525189424.666666
2024-08-14 09:27:45,899	[INFO]	0-5     SUCCESS               14525189424.666666 (100.00%) [1 edit(s)]  
2024-08-14 09:27:45,899	[DEBUG]	patch(0-5)="SrcmlStmtInsertion(('core/Solver.cc.xml', '_inter_block', 32), ('core/Solver.cc.xml', 'stmt', 164))"
2024-08-14 09:27:46,338	[INFO]	0-6     COMPILE_CODE_ERROR    None (--) [1 edit(s)]  
2024-08-14 09:27:46,338	[DEBUG]	patch(0-6)="SrcmlStmtInsertion(('core/Solver.cc.xml', '_inter_block', 96), ('core/Solver.cc.xml', 'stmt', 45))"
2024-08-14 09:27:46,767	[INFO]	0-7     COMPILE_CODE_ERROR    None (--) [1 edit(s)]  
2024-08-14 09:27:46,767	[DEBUG]	patch(0-7)="SrcmlStmtReplacement(('core/Solver.cc.xml', 'stmt', 401), ('core/Solver.cc.xml', 'stmt', 357))"
2024-08-14 09:29:28,713	[INFO]	0-8     TEST_TIMEOUT          None (--) [1 edit(s)]  
2024-08-14 09:29:28,713	[DEBUG]	patch(0-8)="SrcmlStmtDeletion(('core/Solver.cc.xml', 'stmt', 303))"
2024-08-14 09:29:29,151	[INFO]	0-9     COMPILE_CODE_ERROR    None (--) [1 edit(s)]  
2024-08-14 09:29:29,151	[DEBUG]	patch(0-9)="SrcmlStmtDeletion(('core/Solver.cc.xml', 'stmt', 252))"
2024-08-14 09:30:12,472	[DEBUG]	EXEC>  SUCCESS 14525035375.0
2024-08-14 09:30:12,472	[INFO]	0-10    SUCCESS              *14525035375.000000 (100.00%) [1 edit(s)]  
2024-08-14 09:30:12,472	[DEBUG]	patch(0-10)="SrcmlStmtInsertion(('core/Solver.cc.xml', '_inter_block', 159), ('core/Solver.cc.xml', 'stmt', 127))"
--- before: core/Solver.cc
+++ after: core/Solver.cc
@@ -367,6 +367,7 @@
             }/*auto*/
         
     }else if (ccmin_mode == 1){
+        Var x = var(out_learnt[i]);
         for (i = j = 1; i < out_learnt.size(); i++){
             Var x = var(out_learnt[i]);
 

2024-08-14 09:30:12,476	[INFO]	REF     SUCCESS               14525589450.333334 (--) [0 edit(s)] [cached] 
2024-08-14 09:30:12,482	[INFO]	BEST    SUCCESS              *14525035375.000000 (100.00%) [0 edit(s)] [cached] 
2024-08-14 09:30:12,489	[INFO]	1-1     SUCCESS              +14525035375.000000 (100.00%) [1 edit(s)] [cached] 
2024-08-14 09:30:12,489	[DEBUG]	patch(1-1)="SrcmlStmtInsertion(('core/Solver.cc.xml', '_inter_block', 159), ('core/Solver.cc.xml', 'stmt', 127))"
2024-08-14 09:30:12,494	[INFO]	1-2     SUCCESS               14525124761.333334 (100.00%) [1 edit(s)] [cached] 
2024-08-14 09:30:12,495	[DEBUG]	patch(1-2)="SrcmlStmtInsertion(('core/Solver.cc.xml', '_inter_block', 495), ('core/Solver.cc.xml', 'stmt', 58))"
2024-08-14 09:30:55,829	[DEBUG]	EXEC>  SUCCESS 14525637936.666666
2024-08-14 09:30:55,830	[INFO]	1-3     SUCCESS               14525637936.666666 (100.00%) [2 edit(s)]  
2024-08-14 09:30:55,830	[DEBUG]	patch(1-3)="SrcmlStmtInsertion(('core/Solver.cc.xml', '_inter_block', 495), ('core/Solver.cc.xml', 'stmt', 58)) | SrcmlStmtInsertion(('core/Solver.cc.xml', '_inter_block', 159), ('core/Solver.cc.xml', 'stmt', 127))"
2024-08-14 09:30:55,835	[INFO]	1-4     SUCCESS               14525189424.666666 (100.00%) [1 edit(s)] [cached] 
2024-08-14 09:30:55,836	[DEBUG]	patch(1-4)="SrcmlStmtInsertion(('core/Solver.cc.xml', '_inter_block', 32), ('core/Solver.cc.xml', 'stmt', 164))"
2024-08-14 09:31:38,805	[DEBUG]	EXEC>  SUCCESS 14562402701.666666
2024-08-14 09:31:38,805	[INFO]	1-5     SUCCESS               14562402701.666666 (100.25%) [2 edit(s)]  
2024-08-14 09:31:38,805	[DEBUG]	patch(1-5)="SrcmlStmtInsertion(('core/Solver.cc.xml', '_inter_block', 159), ('core/Solver.cc.xml', 'stmt', 127)) | SrcmlStmtDeletion(('core/Solver.cc.xml', 'stmt', 162))"
2024-08-14 09:31:38,809	[INFO]	1-6     SUCCESS               14525589450.333334 (100.00%) [0 edit(s)] [cached] 
2024-08-14 09:31:38,809	[DEBUG]	patch(1-6)=""
2024-08-14 09:31:38,812	[INFO]	1-7     SUCCESS               14525589450.333334 (100.00%) [0 edit(s)] [cached] 
2024-08-14 09:31:38,813	[DEBUG]	patch(1-7)=""
2024-08-14 09:31:39,253	[INFO]	1-8     COMPILE_CODE_ERROR    None (--) [1 edit(s)]  
2024-08-14 09:31:39,253	[DEBUG]	patch(1-8)="SrcmlStmtReplacement(('core/Solver.cc.xml', 'stmt', 1), ('core/Solver.cc.xml', 'stmt', 317))"
2024-08-14 09:31:39,691	[INFO]	1-9     COMPILE_CODE_ERROR    None (--) [1 edit(s)]  
2024-08-14 09:31:39,691	[DEBUG]	patch(1-9)="SrcmlStmtInsertion(('core/Solver.cc.xml', '_inter_block', 205), ('core/Solver.cc.xml', 'stmt', 138))"
2024-08-14 09:32:22,978	[DEBUG]	EXEC>  SUCCESS 14524948051.333334
2024-08-14 09:32:22,978	[INFO]	1-10    SUCCESS              *14524948051.333334 (100.00%) [1 edit(s)]  
2024-08-14 09:32:22,979	[DEBUG]	patch(1-10)="SrcmlStmtReplacement(('core/Solver.cc.xml', 'stmt', 14), ('core/Solver.cc.xml', 'stmt', 11))"
--- before: core/Solver.cc
+++ after: core/Solver.cc
@@ -115,7 +115,7 @@
 {
     int v = nVars();
     watches  .init(mkLit(v, false));
-    watches  .init(mkLit(v, true ));
+    static DoubleOption  opt_garbage_frac      (_cat, "gc-frac",     "The fraction of wasted memory allowed before a garbage collection is triggered",  0.20, DoubleRange(0, false, HUGE_VAL, false));
     assigns  .push(l_Undef);
     vardata  .push(mkVarData(CRef_Undef, 0));
     //activity .push(0);

2024-08-14 09:32:22,982	[INFO]	REF     SUCCESS               14525589450.333334 (--) [0 edit(s)] [cached] 
2024-08-14 09:32:22,987	[INFO]	BEST    SUCCESS              *14524948051.333334 (100.00%) [0 edit(s)] [cached] 
2024-08-14 09:32:22,993	[INFO]	2-1     SUCCESS              +14524948051.333334 (100.00%) [1 edit(s)] [cached] 
2024-08-14 09:32:22,993	[DEBUG]	patch(2-1)="SrcmlStmtReplacement(('core/Solver.cc.xml', 'stmt', 14), ('core/Solver.cc.xml', 'stmt', 11))"
2024-08-14 09:32:22,998	[INFO]	2-2     SUCCESS               14524948051.333334 (100.00%) [1 edit(s)] [cached] 
2024-08-14 09:32:22,998	[DEBUG]	patch(2-2)="SrcmlStmtReplacement(('core/Solver.cc.xml', 'stmt', 14), ('core/Solver.cc.xml', 'stmt', 11))"
2024-08-14 09:32:23,004	[INFO]	2-3     SUCCESS               14525035375.000000 (100.00%) [1 edit(s)] [cached] 
2024-08-14 09:32:23,004	[DEBUG]	patch(2-3)="SrcmlStmtInsertion(('core/Solver.cc.xml', '_inter_block', 159), ('core/Solver.cc.xml', 'stmt', 127))"
2024-08-14 09:32:23,009	[INFO]	2-4     SUCCESS               14525189424.666666 (100.00%) [1 edit(s)] [cached] 
2024-08-14 09:32:23,009	[DEBUG]	patch(2-4)="SrcmlStmtInsertion(('core/Solver.cc.xml', '_inter_block', 32), ('core/Solver.cc.xml', 'stmt', 164))"
2024-08-14 09:32:23,014	[INFO]	2-5     SUCCESS               14525124761.333334 (100.00%) [1 edit(s)] [cached] 
2024-08-14 09:32:23,014	[DEBUG]	patch(2-5)="SrcmlStmtInsertion(('core/Solver.cc.xml', '_inter_block', 495), ('core/Solver.cc.xml', 'stmt', 58))"
2024-08-14 09:32:23,020	[INFO]	2-6     SUCCESS               14562402701.666666 (100.25%) [2 edit(s)] [cached] 
2024-08-14 09:32:23,020	[DEBUG]	patch(2-6)="SrcmlStmtInsertion(('core/Solver.cc.xml', '_inter_block', 159), ('core/Solver.cc.xml', 'stmt', 127)) | SrcmlStmtDeletion(('core/Solver.cc.xml', 'stmt', 162))"
2024-08-14 09:32:23,024	[INFO]	2-7     SUCCESS               14525589450.333334 (100.00%) [0 edit(s)] [cached] 
2024-08-14 09:32:23,024	[DEBUG]	patch(2-7)=""
2024-08-14 09:32:23,027	[INFO]	2-8     SUCCESS               14525589450.333334 (100.00%) [0 edit(s)] [cached] 
2024-08-14 09:32:23,027	[DEBUG]	patch(2-8)=""
2024-08-14 09:32:23,031	[INFO]	2-9     SUCCESS               14525589450.333334 (100.00%) [0 edit(s)] [cached] 
2024-08-14 09:32:23,031	[DEBUG]	patch(2-9)=""
2024-08-14 09:32:23,034	[INFO]	2-10    SUCCESS               14525589450.333334 (100.00%) [0 edit(s)] [cached] 
2024-08-14 09:32:23,034	[DEBUG]	patch(2-10)=""
2024-08-14 09:32:23,038	[INFO]	REF     SUCCESS               14525589450.333334 (--) [0 edit(s)] [cached] 
2024-08-14 09:32:23,042	[INFO]	BEST    SUCCESS              *14524948051.333334 (100.00%) [0 edit(s)] [cached] 
2024-08-14 09:32:23,048	[INFO]	3-1     SUCCESS              +14524948051.333334 (100.00%) [1 edit(s)] [cached] 
2024-08-14 09:32:23,048	[DEBUG]	patch(3-1)="SrcmlStmtReplacement(('core/Solver.cc.xml', 'stmt', 14), ('core/Solver.cc.xml', 'stmt', 11))"
2024-08-14 09:32:23,053	[INFO]	3-2     SUCCESS               14524948051.333334 (100.00%) [1 edit(s)] [cached] 
2024-08-14 09:32:23,053	[DEBUG]	patch(3-2)="SrcmlStmtReplacement(('core/Solver.cc.xml', 'stmt', 14), ('core/Solver.cc.xml', 'stmt', 11))"
2024-08-14 09:33:06,151	[DEBUG]	EXEC>  SUCCESS 14525047409.333334
2024-08-14 09:33:06,151	[INFO]	3-3     SUCCESS               14525047409.333334 (100.00%) [2 edit(s)]  
2024-08-14 09:33:06,151	[DEBUG]	patch(3-3)="SrcmlStmtInsertion(('core/Solver.cc.xml', '_inter_block', 159), ('core/Solver.cc.xml', 'stmt', 127)) | SrcmlStmtInsertion(('core/Solver.cc.xml', '_inter_block', 32), ('core/Solver.cc.xml', 'stmt', 164))"
2024-08-14 09:33:06,157	[INFO]	3-4     SUCCESS               14525124761.333334 (100.00%) [1 edit(s)] [cached] 
2024-08-14 09:33:06,157	[DEBUG]	patch(3-4)="SrcmlStmtInsertion(('core/Solver.cc.xml', '_inter_block', 495), ('core/Solver.cc.xml', 'stmt', 58))"
2024-08-14 09:33:06,162	[INFO]	3-5     SUCCESS               14525189424.666666 (100.00%) [1 edit(s)] [cached] 
2024-08-14 09:33:06,162	[DEBUG]	patch(3-5)="SrcmlStmtInsertion(('core/Solver.cc.xml', '_inter_block', 32), ('core/Solver.cc.xml', 'stmt', 164))"
2024-08-14 09:33:06,166	[INFO]	3-6     SUCCESS               14525589450.333334 (100.00%) [0 edit(s)] [cached] 
2024-08-14 09:33:06,166	[DEBUG]	patch(3-6)=""
2024-08-14 09:34:48,113	[INFO]	3-7     TEST_TIMEOUT          None (--) [2 edit(s)]  
2024-08-14 09:34:48,113	[DEBUG]	patch(3-7)="SrcmlStmtReplacement(('core/Solver.cc.xml', 'stmt', 14), ('core/Solver.cc.xml', 'stmt', 11)) | SrcmlStmtDeletion(('core/Solver.cc.xml', 'stmt', 303))"
2024-08-14 09:34:48,122	[INFO]	3-8     SUCCESS               14525589450.333334 (100.00%) [0 edit(s)] [cached] 
2024-08-14 09:34:48,122	[DEBUG]	patch(3-8)=""
2024-08-14 09:34:48,564	[INFO]	3-9     COMPILE_CODE_ERROR    None (--) [2 edit(s)]  
2024-08-14 09:34:48,564	[DEBUG]	patch(3-9)="SrcmlStmtInsertion(('core/Solver.cc.xml', '_inter_block', 495), ('core/Solver.cc.xml', 'stmt', 58)) | SrcmlStmtInsertion(('core/Solver.cc.xml', '_inter_block', 394), ('core/Solver.cc.xml', 'stmt', 426))"
2024-08-14 09:34:48,568	[INFO]	3-10    SUCCESS               14525589450.333334 (100.00%) [0 edit(s)] [cached] 
2024-08-14 09:34:48,568	[DEBUG]	patch(3-10)=""
2024-08-14 09:34:48,572	[INFO]	REF     SUCCESS               14525589450.333334 (--) [0 edit(s)] [cached] 
2024-08-14 09:34:48,577	[INFO]	BEST    SUCCESS              *14524948051.333334 (100.00%) [0 edit(s)] [cached] 
2024-08-14 09:34:48,583	[INFO]	4-1     SUCCESS              +14524948051.333334 (100.00%) [1 edit(s)] [cached] 
2024-08-14 09:34:48,583	[DEBUG]	patch(4-1)="SrcmlStmtReplacement(('core/Solver.cc.xml', 'stmt', 14), ('core/Solver.cc.xml', 'stmt', 11))"
2024-08-14 09:34:48,589	[INFO]	4-2     SUCCESS               14525124761.333334 (100.00%) [1 edit(s)] [cached] 
2024-08-14 09:34:48,589	[DEBUG]	patch(4-2)="SrcmlStmtInsertion(('core/Solver.cc.xml', '_inter_block', 495), ('core/Solver.cc.xml', 'stmt', 58))"
2024-08-14 09:34:48,597	[INFO]	4-3     SUCCESS               14525047409.333334 (100.00%) [2 edit(s)] [cached] 
2024-08-14 09:34:48,597	[DEBUG]	patch(4-3)="SrcmlStmtInsertion(('core/Solver.cc.xml', '_inter_block', 159), ('core/Solver.cc.xml', 'stmt', 127)) | SrcmlStmtInsertion(('core/Solver.cc.xml', '_inter_block', 32), ('core/Solver.cc.xml', 'stmt', 164))"
2024-08-14 09:34:48,603	[INFO]	4-4     SUCCESS               14525124761.333334 (100.00%) [1 edit(s)] [cached] 
2024-08-14 09:34:48,603	[DEBUG]	patch(4-4)="SrcmlStmtInsertion(('core/Solver.cc.xml', '_inter_block', 495), ('core/Solver.cc.xml', 'stmt', 58))"
2024-08-14 09:34:48,608	[INFO]	4-5     SUCCESS               14525189424.666666 (100.00%) [1 edit(s)] [cached] 
2024-08-14 09:34:48,608	[DEBUG]	patch(4-5)="SrcmlStmtInsertion(('core/Solver.cc.xml', '_inter_block', 32), ('core/Solver.cc.xml', 'stmt', 164))"
2024-08-14 09:34:48,616	[INFO]	4-6     SUCCESS               14525047409.333334 (100.00%) [2 edit(s)] [cached] 
2024-08-14 09:34:48,616	[DEBUG]	patch(4-6)="SrcmlStmtInsertion(('core/Solver.cc.xml', '_inter_block', 159), ('core/Solver.cc.xml', 'stmt', 127)) | SrcmlStmtInsertion(('core/Solver.cc.xml', '_inter_block', 32), ('core/Solver.cc.xml', 'stmt', 164))"
2024-08-14 09:35:19,771	[DEBUG]	EXEC>  SUCCESS 10318089222.333334
2024-08-14 09:35:19,771	[INFO]	4-7     SUCCESS              *10318089222.333334 (71.03%) [2 edit(s)]  
2024-08-14 09:35:19,771	[DEBUG]	patch(4-7)="SrcmlStmtReplacement(('core/Solver.cc.xml', 'stmt', 14), ('core/Solver.cc.xml', 'stmt', 11)) | SrcmlStmtInsertion(('core/Solver.cc.xml', '_inter_block', 409), ('core/Solver.cc.xml', 'stmt', 195))"
--- before: core/Solver.cc
+++ after: core/Solver.cc
@@ -115,7 +115,7 @@
 {
     int v = nVars();
     watches  .init(mkLit(v, false));
-    watches  .init(mkLit(v, true ));
+    static DoubleOption  opt_garbage_frac      (_cat, "gc-frac",     "The fraction of wasted memory allowed before a garbage collection is triggered",  0.20, DoubleRange(0, false, HUGE_VAL, false));
     assigns  .push(l_Undef);
     vardata  .push(mkVarData(CRef_Undef, 0));
     //activity .push(0);
@@ -776,6 +776,7 @@
             if (learnts.size()-nAssigns() >= max_learnts)
                 // Reduce the set of learnt clauses:
                 /*auto*/{
+                    Lit            p   = trail[qhead++];
                     reduceDB();
                 }/*auto*/
 

2024-08-14 09:35:19,777	[INFO]	4-8     SUCCESS               14525189424.666666 (100.00%) [1 edit(s)] [cached] 
2024-08-14 09:35:19,777	[DEBUG]	patch(4-8)="SrcmlStmtInsertion(('core/Solver.cc.xml', '_inter_block', 32), ('core/Solver.cc.xml', 'stmt', 164))"
2024-08-14 09:35:19,781	[INFO]	4-9     SUCCESS               14525589450.333334 (100.00%) [0 edit(s)] [cached] 
2024-08-14 09:35:19,781	[DEBUG]	patch(4-9)=""
2024-08-14 09:35:20,219	[INFO]	4-10    COMPILE_CODE_ERROR    None (--) [2 edit(s)]  
2024-08-14 09:35:20,220	[DEBUG]	patch(4-10)="SrcmlStmtInsertion(('core/Solver.cc.xml', '_inter_block', 32), ('core/Solver.cc.xml', 'stmt', 164)) | SrcmlStmtReplacement(('core/Solver.cc.xml', 'stmt', 169), ('core/Solver.cc.xml', 'stmt', 321))"
2024-08-14 09:35:20,224	[INFO]	REF     SUCCESS               14525589450.333334 (--) [0 edit(s)] [cached] 
2024-08-14 09:35:20,231	[INFO]	BEST    SUCCESS              *10318089222.333334 (71.03%) [0 edit(s)] [cached] 
2024-08-14 09:35:20,239	[INFO]	5-1     SUCCESS              +10318089222.333334 (71.03%) [2 edit(s)] [cached] 
2024-08-14 09:35:20,239	[DEBUG]	patch(5-1)="SrcmlStmtReplacement(('core/Solver.cc.xml', 'stmt', 14), ('core/Solver.cc.xml', 'stmt', 11)) | SrcmlStmtInsertion(('core/Solver.cc.xml', '_inter_block', 409), ('core/Solver.cc.xml', 'stmt', 195))"
2024-08-14 09:35:51,442	[DEBUG]	EXEC>  SUCCESS 10318126137.666666
2024-08-14 09:35:51,442	[INFO]	5-2     SUCCESS               10318126137.666666 (71.03%) [1 edit(s)]  
2024-08-14 09:35:51,442	[DEBUG]	patch(5-2)="SrcmlStmtInsertion(('core/Solver.cc.xml', '_inter_block', 409), ('core/Solver.cc.xml', 'stmt', 195))"
2024-08-14 09:36:34,512	[DEBUG]	EXEC>  SUCCESS 14525078372.333334
2024-08-14 09:36:34,512	[INFO]	5-3     SUCCESS               14525078372.333334 (100.00%) [2 edit(s)]  
2024-08-14 09:36:34,512	[DEBUG]	patch(5-3)="SrcmlStmtInsertion(('core/Solver.cc.xml', '_inter_block', 32), ('core/Solver.cc.xml', 'stmt', 164)) | SrcmlStmtReplacement(('core/Solver.cc.xml', 'stmt', 14), ('core/Solver.cc.xml', 'stmt', 11))"
2024-08-14 09:36:34,519	[INFO]	5-4     SUCCESS               14525078372.333334 (100.00%) [2 edit(s)] [cached] 
2024-08-14 09:36:34,519	[DEBUG]	patch(5-4)="SrcmlStmtInsertion(('core/Solver.cc.xml', '_inter_block', 32), ('core/Solver.cc.xml', 'stmt', 164)) | SrcmlStmtReplacement(('core/Solver.cc.xml', 'stmt', 14), ('core/Solver.cc.xml', 'stmt', 11))"
2024-08-14 09:36:34,525	[INFO]	5-5     SUCCESS               14525124761.333334 (100.00%) [1 edit(s)] [cached] 
2024-08-14 09:36:34,525	[DEBUG]	patch(5-5)="SrcmlStmtInsertion(('core/Solver.cc.xml', '_inter_block', 495), ('core/Solver.cc.xml', 'stmt', 58))"
2024-08-14 09:36:34,530	[INFO]	5-6     SUCCESS               14525124761.333334 (100.00%) [1 edit(s)] [cached] 
2024-08-14 09:36:34,530	[DEBUG]	patch(5-6)="SrcmlStmtInsertion(('core/Solver.cc.xml', '_inter_block', 495), ('core/Solver.cc.xml', 'stmt', 58))"
2024-08-14 09:36:34,968	[INFO]	5-7     COMPILE_CODE_ERROR    None (--) [3 edit(s)]  
2024-08-14 09:36:34,968	[DEBUG]	patch(5-7)="SrcmlStmtReplacement(('core/Solver.cc.xml', 'stmt', 14), ('core/Solver.cc.xml', 'stmt', 11)) | SrcmlStmtInsertion(('core/Solver.cc.xml', '_inter_block', 409), ('core/Solver.cc.xml', 'stmt', 195)) | SrcmlStmtReplacement(('core/Solver.cc.xml', 'stmt', 387), ('core/Solver.cc.xml', 'stmt', 324))"
2024-08-14 09:36:34,973	[INFO]	5-8     SUCCESS               14525589450.333334 (100.00%) [0 edit(s)] [cached] 
2024-08-14 09:36:34,973	[DEBUG]	patch(5-8)=""
2024-08-14 09:36:34,978	[INFO]	5-9     SUCCESS               14525189424.666666 (100.00%) [1 edit(s)] [cached] 
2024-08-14 09:36:34,978	[DEBUG]	patch(5-9)="SrcmlStmtInsertion(('core/Solver.cc.xml', '_inter_block', 32), ('core/Solver.cc.xml', 'stmt', 164))"
2024-08-14 09:36:35,413	[INFO]	5-10    COMPILE_CODE_ERROR    None (--) [2 edit(s)]  
2024-08-14 09:36:35,414	[DEBUG]	patch(5-10)="SrcmlStmtInsertion(('core/Solver.cc.xml', '_inter_block', 495), ('core/Solver.cc.xml', 'stmt', 58)) | SrcmlStmtDeletion(('core/Solver.cc.xml', 'stmt', 181))"
2024-08-14 09:36:35,418	[INFO]	REF     SUCCESS               14525589450.333334 (--) [0 edit(s)] [cached] 
2024-08-14 09:36:35,426	[INFO]	BEST    SUCCESS              *10318089222.333334 (71.03%) [0 edit(s)] [cached] 
2024-08-14 09:36:35,439	[INFO]	6-1     SUCCESS              +10318089222.333334 (71.03%) [2 edit(s)] [cached] 
2024-08-14 09:36:35,439	[DEBUG]	patch(6-1)="SrcmlStmtReplacement(('core/Solver.cc.xml', 'stmt', 14), ('core/Solver.cc.xml', 'stmt', 11)) | SrcmlStmtInsertion(('core/Solver.cc.xml', '_inter_block', 409), ('core/Solver.cc.xml', 'stmt', 195))"
2024-08-14 09:36:35,876	[INFO]	6-2     COMPILE_CODE_ERROR    None (--) [3 edit(s)]  
2024-08-14 09:36:35,876	[DEBUG]	patch(6-2)="SrcmlStmtInsertion(('core/Solver.cc.xml', '_inter_block', 409), ('core/Solver.cc.xml', 'stmt', 195)) | SrcmlStmtReplacement(('core/Solver.cc.xml', 'stmt', 14), ('core/Solver.cc.xml', 'stmt', 11)) | SrcmlStmtInsertion(('core/Solver.cc.xml', '_inter_block', 409), ('core/Solver.cc.xml', 'stmt', 195))"
2024-08-14 09:36:35,882	[INFO]	6-3     SUCCESS               10318126137.666666 (71.03%) [1 edit(s)] [cached] 
2024-08-14 09:36:35,882	[DEBUG]	patch(6-3)="SrcmlStmtInsertion(('core/Solver.cc.xml', '_inter_block', 409), ('core/Solver.cc.xml', 'stmt', 195))"
2024-08-14 09:36:35,889	[INFO]	6-4     SUCCESS               10318089222.333334 (71.03%) [2 edit(s)] [cached] 
2024-08-14 09:36:35,889	[DEBUG]	patch(6-4)="SrcmlStmtReplacement(('core/Solver.cc.xml', 'stmt', 14), ('core/Solver.cc.xml', 'stmt', 11)) | SrcmlStmtInsertion(('core/Solver.cc.xml', '_inter_block', 409), ('core/Solver.cc.xml', 'stmt', 195))"
2024-08-14 09:36:35,895	[INFO]	6-5     SUCCESS               14525124761.333334 (100.00%) [1 edit(s)] [cached] 
2024-08-14 09:36:35,895	[DEBUG]	patch(6-5)="SrcmlStmtInsertion(('core/Solver.cc.xml', '_inter_block', 495), ('core/Solver.cc.xml', 'stmt', 58))"
2024-08-14 09:36:35,900	[INFO]	6-6     SUCCESS               14525189424.666666 (100.00%) [1 edit(s)] [cached] 
2024-08-14 09:36:35,900	[DEBUG]	patch(6-6)="SrcmlStmtInsertion(('core/Solver.cc.xml', '_inter_block', 32), ('core/Solver.cc.xml', 'stmt', 164))"
2024-08-14 09:36:35,906	[INFO]	6-7     SUCCESS               10318126137.666666 (71.03%) [1 edit(s)] [cached] 
2024-08-14 09:36:35,906	[DEBUG]	patch(6-7)="SrcmlStmtInsertion(('core/Solver.cc.xml', '_inter_block', 409), ('core/Solver.cc.xml', 'stmt', 195))"
2024-08-14 09:36:36,348	[INFO]	6-8     COMPILE_CODE_ERROR    None (--) [2 edit(s)]  
2024-08-14 09:36:36,348	[DEBUG]	patch(6-8)="SrcmlStmtInsertion(('core/Solver.cc.xml', '_inter_block', 409), ('core/Solver.cc.xml', 'stmt', 195)) | SrcmlStmtDeletion(('core/Solver.cc.xml', 'stmt', 192))"
2024-08-14 09:36:38,178	[INFO]	6-9     TEST_CODE_ERROR       None (--) [3 edit(s)]  
2024-08-14 09:36:38,178	[DEBUG]	patch(6-9)="SrcmlStmtInsertion(('core/Solver.cc.xml', '_inter_block', 32), ('core/Solver.cc.xml', 'stmt', 164)) | SrcmlStmtReplacement(('core/Solver.cc.xml', 'stmt', 14), ('core/Solver.cc.xml', 'stmt', 11)) | SrcmlStmtInsertion(('core/Solver.cc.xml', '_inter_block', 182), ('core/Solver.cc.xml', 'stmt', 188))"
2024-08-14 09:36:38,620	[INFO]	6-10    COMPILE_CODE_ERROR    None (--) [2 edit(s)]  
2024-08-14 09:36:38,620	[DEBUG]	patch(6-10)="SrcmlStmtInsertion(('core/Solver.cc.xml', '_inter_block', 495), ('core/Solver.cc.xml', 'stmt', 58)) | SrcmlStmtReplacement(('core/Solver.cc.xml', 'stmt', 195), ('core/Solver.cc.xml', 'stmt', 73))"
2024-08-14 09:36:38,624	[INFO]	REF     SUCCESS               14525589450.333334 (--) [0 edit(s)] [cached] 
2024-08-14 09:36:38,631	[INFO]	BEST    SUCCESS              *10318089222.333334 (71.03%) [0 edit(s)] [cached] 
2024-08-14 09:36:38,638	[INFO]	7-1     SUCCESS              +10318089222.333334 (71.03%) [2 edit(s)] [cached] 
2024-08-14 09:36:38,638	[DEBUG]	patch(7-1)="SrcmlStmtReplacement(('core/Solver.cc.xml', 'stmt', 14), ('core/Solver.cc.xml', 'stmt', 11)) | SrcmlStmtInsertion(('core/Solver.cc.xml', '_inter_block', 409), ('core/Solver.cc.xml', 'stmt', 195))"
2024-08-14 09:36:38,644	[INFO]	7-2     SUCCESS               14524948051.333334 (100.00%) [1 edit(s)] [cached] 
2024-08-14 09:36:38,644	[DEBUG]	patch(7-2)="SrcmlStmtReplacement(('core/Solver.cc.xml', 'stmt', 14), ('core/Solver.cc.xml', 'stmt', 11))"
2024-08-14 09:36:38,650	[INFO]	7-3     SUCCESS               10318089222.333334 (71.03%) [2 edit(s)] [cached] 
2024-08-14 09:36:38,651	[DEBUG]	patch(7-3)="SrcmlStmtInsertion(('core/Solver.cc.xml', '_inter_block', 409), ('core/Solver.cc.xml', 'stmt', 195)) | SrcmlStmtReplacement(('core/Solver.cc.xml', 'stmt', 14), ('core/Solver.cc.xml', 'stmt', 11))"
2024-08-14 09:36:38,656	[INFO]	7-4     SUCCESS               14525124761.333334 (100.00%) [1 edit(s)] [cached] 
2024-08-14 09:36:38,656	[DEBUG]	patch(7-4)="SrcmlStmtInsertion(('core/Solver.cc.xml', '_inter_block', 495), ('core/Solver.cc.xml', 'stmt', 58))"
2024-08-14 09:36:38,663	[INFO]	7-5     SUCCESS               10318089222.333334 (71.03%) [2 edit(s)] [cached] 
2024-08-14 09:36:38,663	[DEBUG]	patch(7-5)="SrcmlStmtReplacement(('core/Solver.cc.xml', 'stmt', 14), ('core/Solver.cc.xml', 'stmt', 11)) | SrcmlStmtInsertion(('core/Solver.cc.xml', '_inter_block', 409), ('core/Solver.cc.xml', 'stmt', 195))"
2024-08-14 09:37:09,835	[DEBUG]	EXEC>  SUCCESS 10318186669.666666
2024-08-14 09:37:09,835	[INFO]	7-6     SUCCESS               10318186669.666666 (71.03%) [3 edit(s)]  
2024-08-14 09:37:09,835	[DEBUG]	patch(7-6)="SrcmlStmtReplacement(('core/Solver.cc.xml', 'stmt', 14), ('core/Solver.cc.xml', 'stmt', 11)) | SrcmlStmtInsertion(('core/Solver.cc.xml', '_inter_block', 409), ('core/Solver.cc.xml', 'stmt', 195)) | SrcmlStmtDeletion(('core/Solver.cc.xml', 'stmt', 182))"
2024-08-14 09:37:09,839	[INFO]	7-7     SUCCESS               14525589450.333334 (100.00%) [0 edit(s)] [cached] 
2024-08-14 09:37:09,839	[DEBUG]	patch(7-7)=""
2024-08-14 09:37:09,843	[INFO]	7-8     SUCCESS               14525589450.333334 (100.00%) [0 edit(s)] [cached] 
2024-08-14 09:37:09,843	[DEBUG]	patch(7-8)=""
2024-08-14 09:37:09,846	[INFO]	7-9     SUCCESS               14525589450.333334 (100.00%) [0 edit(s)] [cached] 
2024-08-14 09:37:09,846	[DEBUG]	patch(7-9)=""
2024-08-14 09:37:57,967	[DEBUG]	EXEC>  SUCCESS 16252815366.333334
2024-08-14 09:37:57,967	[INFO]	7-10    SUCCESS               16252815366.333334 (111.89%) [1 edit(s)]  
2024-08-14 09:37:57,968	[DEBUG]	patch(7-10)="SrcmlStmtDeletion(('core/Solver.cc.xml', 'stmt', 334))"
2024-08-14 09:37:57,971	[INFO]	REF     SUCCESS               14525589450.333334 (--) [0 edit(s)] [cached] 
2024-08-14 09:37:57,978	[INFO]	BEST    SUCCESS              *10318089222.333334 (71.03%) [0 edit(s)] [cached] 
2024-08-14 09:37:57,986	[INFO]	8-1     SUCCESS              +10318089222.333334 (71.03%) [2 edit(s)] [cached] 
2024-08-14 09:37:57,986	[DEBUG]	patch(8-1)="SrcmlStmtReplacement(('core/Solver.cc.xml', 'stmt', 14), ('core/Solver.cc.xml', 'stmt', 11)) | SrcmlStmtInsertion(('core/Solver.cc.xml', '_inter_block', 409), ('core/Solver.cc.xml', 'stmt', 195))"
2024-08-14 09:37:58,001	[INFO]	8-2     SUCCESS               14524948051.333334 (100.00%) [1 edit(s)] [cached] 
2024-08-14 09:37:58,001	[DEBUG]	patch(8-2)="SrcmlStmtReplacement(('core/Solver.cc.xml', 'stmt', 14), ('core/Solver.cc.xml', 'stmt', 11))"
2024-08-14 09:37:58,006	[INFO]	8-3     SUCCESS               14524948051.333334 (100.00%) [1 edit(s)] [cached] 
2024-08-14 09:37:58,006	[DEBUG]	patch(8-3)="SrcmlStmtReplacement(('core/Solver.cc.xml', 'stmt', 14), ('core/Solver.cc.xml', 'stmt', 11))"
2024-08-14 09:38:41,187	[DEBUG]	EXEC>  SUCCESS 14525396618.0
2024-08-14 09:38:41,187	[INFO]	8-4     SUCCESS               14525396618.000000 (100.00%) [1 edit(s)]  
2024-08-14 09:38:41,188	[DEBUG]	patch(8-4)="SrcmlStmtDeletion(('core/Solver.cc.xml', 'stmt', 182))"
2024-08-14 09:38:41,193	[INFO]	8-5     SUCCESS               14524948051.333334 (100.00%) [1 edit(s)] [cached] 
2024-08-14 09:38:41,193	[DEBUG]	patch(8-5)="SrcmlStmtReplacement(('core/Solver.cc.xml', 'stmt', 14), ('core/Solver.cc.xml', 'stmt', 11))"
2024-08-14 09:38:41,199	[INFO]	8-6     SUCCESS               14525124761.333334 (100.00%) [1 edit(s)] [cached] 
2024-08-14 09:38:41,199	[DEBUG]	patch(8-6)="SrcmlStmtInsertion(('core/Solver.cc.xml', '_inter_block', 495), ('core/Solver.cc.xml', 'stmt', 58))"
2024-08-14 09:38:41,641	[INFO]	8-7     COMPILE_CODE_ERROR    None (--) [3 edit(s)]  
2024-08-14 09:38:41,641	[DEBUG]	patch(8-7)="SrcmlStmtReplacement(('core/Solver.cc.xml', 'stmt', 14), ('core/Solver.cc.xml', 'stmt', 11)) | SrcmlStmtInsertion(('core/Solver.cc.xml', '_inter_block', 409), ('core/Solver.cc.xml', 'stmt', 195)) | SrcmlStmtInsertion(('core/Solver.cc.xml', '_inter_block', 263), ('core/Solver.cc.xml', 'stmt', 95))"
2024-08-14 09:38:41,647	[INFO]	8-8     SUCCESS               14524948051.333334 (100.00%) [1 edit(s)] [cached] 
2024-08-14 09:38:41,647	[DEBUG]	patch(8-8)="SrcmlStmtReplacement(('core/Solver.cc.xml', 'stmt', 14), ('core/Solver.cc.xml', 'stmt', 11))"
2024-08-14 09:38:43,528	[INFO]	8-9     TEST_CODE_ERROR       None (--) [4 edit(s)]  
2024-08-14 09:38:43,528	[DEBUG]	patch(8-9)="SrcmlStmtReplacement(('core/Solver.cc.xml', 'stmt', 14), ('core/Solver.cc.xml', 'stmt', 11)) | SrcmlStmtInsertion(('core/Solver.cc.xml', '_inter_block', 409), ('core/Solver.cc.xml', 'stmt', 195)) | SrcmlStmtDeletion(('core/Solver.cc.xml', 'stmt', 182)) | SrcmlStmtDeletion(('core/Solver.cc.xml', 'stmt', 66))"
2024-08-14 09:38:43,974	[INFO]	8-10    COMPILE_CODE_ERROR    None (--) [2 edit(s)]  
2024-08-14 09:38:43,974	[DEBUG]	patch(8-10)="SrcmlStmtReplacement(('core/Solver.cc.xml', 'stmt', 14), ('core/Solver.cc.xml', 'stmt', 11)) | SrcmlStmtInsertion(('core/Solver.cc.xml', '_inter_block', 376), ('core/Solver.cc.xml', 'stmt', 254))"
2024-08-14 09:38:43,978	[INFO]	REF     SUCCESS               14525589450.333334 (--) [0 edit(s)] [cached] 
2024-08-14 09:38:43,985	[INFO]	BEST    SUCCESS              *10318089222.333334 (71.03%) [0 edit(s)] [cached] 
2024-08-14 09:38:43,993	[INFO]	9-1     SUCCESS              +10318089222.333334 (71.03%) [2 edit(s)] [cached] 
2024-08-14 09:38:43,993	[DEBUG]	patch(9-1)="SrcmlStmtReplacement(('core/Solver.cc.xml', 'stmt', 14), ('core/Solver.cc.xml', 'stmt', 11)) | SrcmlStmtInsertion(('core/Solver.cc.xml', '_inter_block', 409), ('core/Solver.cc.xml', 'stmt', 195))"
2024-08-14 09:38:43,999	[INFO]	9-2     SUCCESS               10318126137.666666 (71.03%) [1 edit(s)] [cached] 
2024-08-14 09:38:43,999	[DEBUG]	patch(9-2)="SrcmlStmtInsertion(('core/Solver.cc.xml', '_inter_block', 409), ('core/Solver.cc.xml', 'stmt', 195))"
2024-08-14 09:38:44,013	[INFO]	9-3     SUCCESS               14525124761.333334 (100.00%) [1 edit(s)] [cached] 
2024-08-14 09:38:44,013	[DEBUG]	patch(9-3)="SrcmlStmtInsertion(('core/Solver.cc.xml', '_inter_block', 495), ('core/Solver.cc.xml', 'stmt', 58))"
2024-08-14 09:39:26,802	[DEBUG]	EXEC>  SUCCESS 14524881865.0
2024-08-14 09:39:26,802	[INFO]	9-4     SUCCESS               14524881865.000000 (100.00%) [2 edit(s)]  
2024-08-14 09:39:26,803	[DEBUG]	patch(9-4)="SrcmlStmtDeletion(('core/Solver.cc.xml', 'stmt', 182)) | SrcmlStmtInsertion(('core/Solver.cc.xml', '_inter_block', 495), ('core/Solver.cc.xml', 'stmt', 58))"
2024-08-14 09:40:09,922	[DEBUG]	EXEC>  SUCCESS 14525071154.0
2024-08-14 09:40:09,922	[INFO]	9-5     SUCCESS               14525071154.000000 (100.00%) [2 edit(s)]  
2024-08-14 09:40:09,922	[DEBUG]	patch(9-5)="SrcmlStmtReplacement(('core/Solver.cc.xml', 'stmt', 14), ('core/Solver.cc.xml', 'stmt', 11)) | SrcmlStmtDeletion(('core/Solver.cc.xml', 'stmt', 182))"
2024-08-14 09:40:10,364	[INFO]	9-6     COMPILE_CODE_ERROR    None (--) [3 edit(s)]  
2024-08-14 09:40:10,364	[DEBUG]	patch(9-6)="SrcmlStmtReplacement(('core/Solver.cc.xml', 'stmt', 14), ('core/Solver.cc.xml', 'stmt', 11)) | SrcmlStmtInsertion(('core/Solver.cc.xml', '_inter_block', 409), ('core/Solver.cc.xml', 'stmt', 195)) | SrcmlStmtInsertion(('core/Solver.cc.xml', '_inter_block', 293), ('core/Solver.cc.xml', 'stmt', 247))"
2024-08-14 09:40:10,368	[INFO]	9-7     SUCCESS               14525589450.333334 (100.00%) [0 edit(s)] [cached] 
2024-08-14 09:40:10,368	[DEBUG]	patch(9-7)=""
2024-08-14 09:40:10,372	[INFO]	9-8     SUCCESS               14525589450.333334 (100.00%) [0 edit(s)] [cached] 
2024-08-14 09:40:10,372	[DEBUG]	patch(9-8)=""
2024-08-14 09:40:10,376	[INFO]	9-9     SUCCESS               14525589450.333334 (100.00%) [0 edit(s)] [cached] 
2024-08-14 09:40:10,376	[DEBUG]	patch(9-9)=""
2024-08-14 09:40:53,983	[DEBUG]	EXEC>  SUCCESS 14524720522.333334
2024-08-14 09:40:53,984	[INFO]	9-10    SUCCESS               14524720522.333334 (99.99%) [1 edit(s)]  
2024-08-14 09:40:53,984	[DEBUG]	patch(9-10)="SrcmlStmtInsertion(('core/Solver.cc.xml', '_inter_block', 557), ('core/Solver.cc.xml', 'stmt', 325))"
2024-08-14 09:40:53,988	[INFO]	REF     SUCCESS               14525589450.333334 (--) [0 edit(s)] [cached] 
2024-08-14 09:40:53,995	[INFO]	BEST    SUCCESS              *10318089222.333334 (71.03%) [0 edit(s)] [cached] 
2024-08-14 09:40:54,002	[INFO]	10-1    SUCCESS              +10318089222.333334 (71.03%) [2 edit(s)] [cached] 
2024-08-14 09:40:54,002	[DEBUG]	patch(10-1)="SrcmlStmtReplacement(('core/Solver.cc.xml', 'stmt', 14), ('core/Solver.cc.xml', 'stmt', 11)) | SrcmlStmtInsertion(('core/Solver.cc.xml', '_inter_block', 409), ('core/Solver.cc.xml', 'stmt', 195))"
2024-08-14 09:40:54,011	[INFO]	10-2    COMPILE_CODE_ERROR    None (--) [3 edit(s)] [cached] 
2024-08-14 09:40:54,011	[DEBUG]	patch(10-2)="SrcmlStmtInsertion(('core/Solver.cc.xml', '_inter_block', 409), ('core/Solver.cc.xml', 'stmt', 195)) | SrcmlStmtReplacement(('core/Solver.cc.xml', 'stmt', 14), ('core/Solver.cc.xml', 'stmt', 11)) | SrcmlStmtInsertion(('core/Solver.cc.xml', '_inter_block', 409), ('core/Solver.cc.xml', 'stmt', 195))"
2024-08-14 09:40:54,017	[INFO]	10-3    SUCCESS               10318126137.666666 (71.03%) [1 edit(s)] [cached] 
2024-08-14 09:40:54,017	[DEBUG]	patch(10-3)="SrcmlStmtInsertion(('core/Solver.cc.xml', '_inter_block', 409), ('core/Solver.cc.xml', 'stmt', 195))"
2024-08-14 09:40:54,022	[INFO]	10-4    SUCCESS               14525124761.333334 (100.00%) [1 edit(s)] [cached] 
2024-08-14 09:40:54,022	[DEBUG]	patch(10-4)="SrcmlStmtInsertion(('core/Solver.cc.xml', '_inter_block', 495), ('core/Solver.cc.xml', 'stmt', 58))"
2024-08-14 09:40:54,028	[INFO]	10-5    SUCCESS               14524881865.000000 (100.00%) [2 edit(s)] [cached] 
2024-08-14 09:40:54,028	[DEBUG]	patch(10-5)="SrcmlStmtDeletion(('core/Solver.cc.xml', 'stmt', 182)) | SrcmlStmtInsertion(('core/Solver.cc.xml', '_inter_block', 495), ('core/Solver.cc.xml', 'stmt', 58))"
2024-08-14 09:41:36,763	[DEBUG]	EXEC>  SUCCESS 14524840704.666666
2024-08-14 09:41:36,763	[INFO]	10-6    SUCCESS               14524840704.666666 (99.99%) [4 edit(s)]  
2024-08-14 09:41:36,763	[DEBUG]	patch(10-6)="SrcmlStmtDeletion(('core/Solver.cc.xml', 'stmt', 182)) | SrcmlStmtInsertion(('core/Solver.cc.xml', '_inter_block', 495), ('core/Solver.cc.xml', 'stmt', 58)) | SrcmlStmtReplacement(('core/Solver.cc.xml', 'stmt', 14), ('core/Solver.cc.xml', 'stmt', 11)) | SrcmlStmtDeletion(('core/Solver.cc.xml', 'stmt', 182))"
2024-08-14 09:41:36,768	[INFO]	10-7    SUCCESS               14524948051.333334 (100.00%) [1 edit(s)] [cached] 
2024-08-14 09:41:36,768	[DEBUG]	patch(10-7)="SrcmlStmtReplacement(('core/Solver.cc.xml', 'stmt', 14), ('core/Solver.cc.xml', 'stmt', 11))"
2024-08-14 09:41:36,772	[INFO]	10-8    SUCCESS               14525589450.333334 (100.00%) [0 edit(s)] [cached] 
2024-08-14 09:41:36,772	[DEBUG]	patch(10-8)=""
2024-08-14 09:42:19,896	[DEBUG]	EXEC>  SUCCESS 14525060464.333334
2024-08-14 09:42:19,896	[INFO]	10-9    SUCCESS               14525060464.333334 (100.00%) [2 edit(s)]  
2024-08-14 09:42:19,896	[DEBUG]	patch(10-9)="SrcmlStmtInsertion(('core/Solver.cc.xml', '_inter_block', 557), ('core/Solver.cc.xml', 'stmt', 325)) | SrcmlStmtInsertion(('core/Solver.cc.xml', '_inter_block', 219), ('core/Solver.cc.xml', 'stmt', 368))"
2024-08-14 09:42:21,782	[INFO]	10-10   TEST_CODE_ERROR       None (--) [3 edit(s)]  
2024-08-14 09:42:21,783	[DEBUG]	patch(10-10)="SrcmlStmtDeletion(('core/Solver.cc.xml', 'stmt', 182)) | SrcmlStmtInsertion(('core/Solver.cc.xml', '_inter_block', 495), ('core/Solver.cc.xml', 'stmt', 58)) | SrcmlStmtInsertion(('core/Solver.cc.xml', '_inter_block', 263), ('core/Solver.cc.xml', 'stmt', 166))"
2024-08-14 09:42:21,786	[INFO]	REF     SUCCESS               14525589450.333334 (--) [0 edit(s)] [cached] 
2024-08-14 09:42:21,793	[INFO]	BEST    SUCCESS              *10318089222.333334 (71.03%) [0 edit(s)] [cached] 
2024-08-14 09:42:21,801	[INFO]	11-1    SUCCESS              +10318089222.333334 (71.03%) [2 edit(s)] [cached] 
2024-08-14 09:42:21,801	[DEBUG]	patch(11-1)="SrcmlStmtReplacement(('core/Solver.cc.xml', 'stmt', 14), ('core/Solver.cc.xml', 'stmt', 11)) | SrcmlStmtInsertion(('core/Solver.cc.xml', '_inter_block', 409), ('core/Solver.cc.xml', 'stmt', 195))"
2024-08-14 09:42:21,807	[INFO]	11-2    SUCCESS               10318126137.666666 (71.03%) [1 edit(s)] [cached] 
2024-08-14 09:42:21,807	[DEBUG]	patch(11-2)="SrcmlStmtInsertion(('core/Solver.cc.xml', '_inter_block', 409), ('core/Solver.cc.xml', 'stmt', 195))"
2024-08-14 09:42:21,812	[INFO]	11-3    SUCCESS               10318126137.666666 (71.03%) [1 edit(s)] [cached] 
2024-08-14 09:42:21,813	[DEBUG]	patch(11-3)="SrcmlStmtInsertion(('core/Solver.cc.xml', '_inter_block', 409), ('core/Solver.cc.xml', 'stmt', 195))"
2024-08-14 09:42:21,818	[INFO]	11-4    SUCCESS               14525124761.333334 (100.00%) [1 edit(s)] [cached] 
2024-08-14 09:42:21,818	[DEBUG]	patch(11-4)="SrcmlStmtInsertion(('core/Solver.cc.xml', '_inter_block', 495), ('core/Solver.cc.xml', 'stmt', 58))"
2024-08-14 09:42:21,824	[INFO]	11-5    SUCCESS               14525071154.000000 (100.00%) [4 edit(s)] [cached] 
2024-08-14 09:42:21,824	[DEBUG]	patch(11-5)="SrcmlStmtDeletion(('core/Solver.cc.xml', 'stmt', 182)) | SrcmlStmtReplacement(('core/Solver.cc.xml', 'stmt', 14), ('core/Solver.cc.xml', 'stmt', 11)) | SrcmlStmtDeletion(('core/Solver.cc.xml', 'stmt', 182)) | SrcmlStmtDeletion(('core/Solver.cc.xml', 'stmt', 182))"
2024-08-14 09:42:21,831	[INFO]	11-6    SUCCESS               14524840704.666666 (99.99%) [4 edit(s)] [cached] 
2024-08-14 09:42:21,831	[DEBUG]	patch(11-6)="SrcmlStmtReplacement(('core/Solver.cc.xml', 'stmt', 14), ('core/Solver.cc.xml', 'stmt', 11)) | SrcmlStmtDeletion(('core/Solver.cc.xml', 'stmt', 182)) | SrcmlStmtInsertion(('core/Solver.cc.xml', '_inter_block', 495), ('core/Solver.cc.xml', 'stmt', 58)) | SrcmlStmtDeletion(('core/Solver.cc.xml', 'stmt', 182))"
2024-08-14 09:42:22,266	[INFO]	11-7    COMPILE_CODE_ERROR    None (--) [3 edit(s)]  
2024-08-14 09:42:22,267	[DEBUG]	patch(11-7)="SrcmlStmtReplacement(('core/Solver.cc.xml', 'stmt', 14), ('core/Solver.cc.xml', 'stmt', 11)) | SrcmlStmtInsertion(('core/Solver.cc.xml', '_inter_block', 409), ('core/Solver.cc.xml', 'stmt', 195)) | SrcmlStmtInsertion(('core/Solver.cc.xml', '_inter_block', 12), ('core/Solver.cc.xml', 'stmt', 287))"
2024-08-14 09:42:24,068	[INFO]	11-8    TEST_CODE_ERROR       None (--) [2 edit(s)]  
2024-08-14 09:42:24,068	[DEBUG]	patch(11-8)="SrcmlStmtInsertion(('core/Solver.cc.xml', '_inter_block', 409), ('core/Solver.cc.xml', 'stmt', 195)) | SrcmlStmtDeletion(('core/Solver.cc.xml', 'stmt', 254))"
2024-08-14 09:43:07,379	[DEBUG]	EXEC>  SUCCESS 14524893174.666666
2024-08-14 09:43:07,379	[INFO]	11-9    SUCCESS               14524893174.666666 (100.00%) [5 edit(s)]  
2024-08-14 09:43:07,379	[DEBUG]	patch(11-9)="SrcmlStmtDeletion(('core/Solver.cc.xml', 'stmt', 182)) | SrcmlStmtInsertion(('core/Solver.cc.xml', '_inter_block', 495), ('core/Solver.cc.xml', 'stmt', 58)) | SrcmlStmtReplacement(('core/Solver.cc.xml', 'stmt', 14), ('core/Solver.cc.xml', 'stmt', 11)) | SrcmlStmtDeletion(('core/Solver.cc.xml', 'stmt', 182)) | SrcmlStmtDeletion(('core/Solver.cc.xml', 'stmt', 266))"
2024-08-14 09:43:48,899	[DEBUG]	EXEC>  SUCCESS 13854569608.0
2024-08-14 09:43:48,899	[INFO]	11-10   SUCCESS               13854569608.000000 (95.38%) [3 edit(s)]  
2024-08-14 09:43:48,899	[DEBUG]	patch(11-10)="SrcmlStmtDeletion(('core/Solver.cc.xml', 'stmt', 182)) | SrcmlStmtInsertion(('core/Solver.cc.xml', '_inter_block', 495), ('core/Solver.cc.xml', 'stmt', 58)) | SrcmlStmtDeletion(('core/Solver.cc.xml', 'stmt', 118))"
2024-08-14 09:43:48,903	[INFO]	REF     SUCCESS               14525589450.333334 (--) [0 edit(s)] [cached] 
2024-08-14 09:43:48,910	[INFO]	BEST    SUCCESS              *10318089222.333334 (71.03%) [0 edit(s)] [cached] 
2024-08-14 09:43:48,918	[INFO]	12-1    SUCCESS              +10318089222.333334 (71.03%) [2 edit(s)] [cached] 
2024-08-14 09:43:48,918	[DEBUG]	patch(12-1)="SrcmlStmtReplacement(('core/Solver.cc.xml', 'stmt', 14), ('core/Solver.cc.xml', 'stmt', 11)) | SrcmlStmtInsertion(('core/Solver.cc.xml', '_inter_block', 409), ('core/Solver.cc.xml', 'stmt', 195))"
2024-08-14 09:44:31,671	[DEBUG]	EXEC>  SUCCESS 14525039063.333334
2024-08-14 09:44:31,671	[INFO]	12-2    SUCCESS               14525039063.333334 (100.00%) [2 edit(s)]  
2024-08-14 09:44:31,671	[DEBUG]	patch(12-2)="SrcmlStmtReplacement(('core/Solver.cc.xml', 'stmt', 14), ('core/Solver.cc.xml', 'stmt', 11)) | SrcmlStmtInsertion(('core/Solver.cc.xml', '_inter_block', 495), ('core/Solver.cc.xml', 'stmt', 58))"
2024-08-14 09:45:02,354	[DEBUG]	EXEC>  SUCCESS 10318003912.0
2024-08-14 09:45:02,354	[INFO]	12-3    SUCCESS              *10318003912.000000 (71.03%) [2 edit(s)]  
2024-08-14 09:45:02,354	[DEBUG]	patch(12-3)="SrcmlStmtInsertion(('core/Solver.cc.xml', '_inter_block', 409), ('core/Solver.cc.xml', 'stmt', 195)) | SrcmlStmtInsertion(('core/Solver.cc.xml', '_inter_block', 495), ('core/Solver.cc.xml', 'stmt', 58))"
--- before: core/Solver.cc
+++ after: core/Solver.cc
@@ -776,6 +776,7 @@
             if (learnts.size()-nAssigns() >= max_learnts)
                 // Reduce the set of learnt clauses:
                 /*auto*/{
+                    Lit            p   = trail[qhead++];
                     reduceDB();
                 }/*auto*/
 
@@ -932,6 +933,7 @@
 void Solver::toDimacs(FILE* f, Clause& c, vec<Var>& map, Var& max)
 {
     if (satisfied(c)) /*auto*/{
+      watches.smudge(~c[1]);
       return;
     }/*auto*/
 

2024-08-14 09:45:02,360	[INFO]	12-4    SUCCESS               10318126137.666666 (71.03%) [1 edit(s)] [cached] 
2024-08-14 09:45:02,360	[DEBUG]	patch(12-4)="SrcmlStmtInsertion(('core/Solver.cc.xml', '_inter_block', 409), ('core/Solver.cc.xml', 'stmt', 195))"
2024-08-14 09:45:45,923	[DEBUG]	EXEC>  SUCCESS 14525384242.333334
2024-08-14 09:45:45,923	[INFO]	12-5    SUCCESS               14525384242.333334 (100.00%) [2 edit(s)]  
2024-08-14 09:45:45,923	[DEBUG]	patch(12-5)="SrcmlStmtInsertion(('core/Solver.cc.xml', '_inter_block', 495), ('core/Solver.cc.xml', 'stmt', 58)) | SrcmlStmtInsertion(('core/Solver.cc.xml', '_inter_block', 495), ('core/Solver.cc.xml', 'stmt', 58))"
2024-08-14 09:46:29,601	[DEBUG]	EXEC>  SUCCESS 14525127380.666666
2024-08-14 09:46:29,601	[INFO]	12-6    SUCCESS               14525127380.666666 (100.00%) [5 edit(s)]  
2024-08-14 09:46:29,601	[DEBUG]	patch(12-6)="SrcmlStmtReplacement(('core/Solver.cc.xml', 'stmt', 14), ('core/Solver.cc.xml', 'stmt', 11)) | SrcmlStmtDeletion(('core/Solver.cc.xml', 'stmt', 182)) | SrcmlStmtDeletion(('core/Solver.cc.xml', 'stmt', 266)) | SrcmlStmtDeletion(('core/Solver.cc.xml', 'stmt', 182)) | SrcmlStmtReplacement(('core/Solver.cc.xml', 'stmt', 14), ('core/Solver.cc.xml', 'stmt', 11))"
2024-08-14 09:46:30,042	[INFO]	12-7    COMPILE_CODE_ERROR    None (--) [3 edit(s)]  
2024-08-14 09:46:30,042	[DEBUG]	patch(12-7)="SrcmlStmtReplacement(('core/Solver.cc.xml', 'stmt', 14), ('core/Solver.cc.xml', 'stmt', 11)) | SrcmlStmtInsertion(('core/Solver.cc.xml', '_inter_block', 409), ('core/Solver.cc.xml', 'stmt', 195)) | SrcmlStmtInsertion(('core/Solver.cc.xml', '_inter_block', 251), ('core/Solver.cc.xml', 'stmt', 165))"
2024-08-14 09:47:01,149	[DEBUG]	EXEC>  SUCCESS 10318223092.333334
2024-08-14 09:47:01,149	[INFO]	12-8    SUCCESS               10318223092.333334 (71.03%) [2 edit(s)]  
2024-08-14 09:47:01,149	[DEBUG]	patch(12-8)="SrcmlStmtInsertion(('core/Solver.cc.xml', '_inter_block', 409), ('core/Solver.cc.xml', 'stmt', 195)) | SrcmlStmtReplacement(('core/Solver.cc.xml', 'stmt', 382), ('core/Solver.cc.xml', 'stmt', 237))"
2024-08-14 09:47:42,253	[DEBUG]	EXEC>  SUCCESS 13854187097.666666
2024-08-14 09:47:42,253	[INFO]	12-9    SUCCESS               13854187097.666666 (95.38%) [4 edit(s)]  
2024-08-14 09:47:42,253	[DEBUG]	patch(12-9)="SrcmlStmtDeletion(('core/Solver.cc.xml', 'stmt', 182)) | SrcmlStmtInsertion(('core/Solver.cc.xml', '_inter_block', 495), ('core/Solver.cc.xml', 'stmt', 58)) | SrcmlStmtDeletion(('core/Solver.cc.xml', 'stmt', 118)) | SrcmlStmtDeletion(('core/Solver.cc.xml', 'stmt', 98))"
2024-08-14 09:47:42,697	[INFO]	12-10   COMPILE_CODE_ERROR    None (--) [5 edit(s)]  
2024-08-14 09:47:42,697	[DEBUG]	patch(12-10)="SrcmlStmtReplacement(('core/Solver.cc.xml', 'stmt', 14), ('core/Solver.cc.xml', 'stmt', 11)) | SrcmlStmtDeletion(('core/Solver.cc.xml', 'stmt', 182)) | SrcmlStmtInsertion(('core/Solver.cc.xml', '_inter_block', 495), ('core/Solver.cc.xml', 'stmt', 58)) | SrcmlStmtDeletion(('core/Solver.cc.xml', 'stmt', 182)) | SrcmlStmtReplacement(('core/Solver.cc.xml', 'stmt', 249), ('core/Solver.cc.xml', 'stmt', 140))"
2024-08-14 09:47:42,701	[INFO]	REF     SUCCESS               14525589450.333334 (--) [0 edit(s)] [cached] 
2024-08-14 09:47:42,708	[INFO]	BEST    SUCCESS              *10318003912.000000 (71.03%) [0 edit(s)] [cached] 
2024-08-14 09:47:42,717	[INFO]	13-1    SUCCESS              +10318003912.000000 (71.03%) [2 edit(s)] [cached] 
2024-08-14 09:47:42,717	[DEBUG]	patch(13-1)="SrcmlStmtInsertion(('core/Solver.cc.xml', '_inter_block', 409), ('core/Solver.cc.xml', 'stmt', 195)) | SrcmlStmtInsertion(('core/Solver.cc.xml', '_inter_block', 495), ('core/Solver.cc.xml', 'stmt', 58))"
2024-08-14 09:47:42,723	[INFO]	13-2    SUCCESS               10318126137.666666 (71.03%) [1 edit(s)] [cached] 
2024-08-14 09:47:42,723	[DEBUG]	patch(13-2)="SrcmlStmtInsertion(('core/Solver.cc.xml', '_inter_block', 409), ('core/Solver.cc.xml', 'stmt', 195))"
2024-08-14 09:47:42,730	[INFO]	13-3    SUCCESS               10318089222.333334 (71.03%) [2 edit(s)] [cached] 
2024-08-14 09:47:42,730	[DEBUG]	patch(13-3)="SrcmlStmtReplacement(('core/Solver.cc.xml', 'stmt', 14), ('core/Solver.cc.xml', 'stmt', 11)) | SrcmlStmtInsertion(('core/Solver.cc.xml', '_inter_block', 409), ('core/Solver.cc.xml', 'stmt', 195))"
2024-08-14 09:47:42,736	[INFO]	13-4    SUCCESS               14525124761.333334 (100.00%) [1 edit(s)] [cached] 
2024-08-14 09:47:42,736	[DEBUG]	patch(13-4)="SrcmlStmtInsertion(('core/Solver.cc.xml', '_inter_block', 495), ('core/Solver.cc.xml', 'stmt', 58))"
2024-08-14 09:47:42,743	[INFO]	13-5    SUCCESS               10318223092.333334 (71.03%) [2 edit(s)] [cached] 
2024-08-14 09:47:42,743	[DEBUG]	patch(13-5)="SrcmlStmtReplacement(('core/Solver.cc.xml', 'stmt', 382), ('core/Solver.cc.xml', 'stmt', 237)) | SrcmlStmtInsertion(('core/Solver.cc.xml', '_inter_block', 409), ('core/Solver.cc.xml', 'stmt', 195))"
2024-08-14 09:48:26,468	[DEBUG]	EXEC>  SUCCESS 14525225130.666666
2024-08-14 09:48:26,468	[INFO]	13-6    SUCCESS               14525225130.666666 (100.00%) [2 edit(s)]  
2024-08-14 09:48:26,468	[DEBUG]	patch(13-6)="SrcmlStmtInsertion(('core/Solver.cc.xml', '_inter_block', 495), ('core/Solver.cc.xml', 'stmt', 58)) | SrcmlStmtDeletion(('core/Solver.cc.xml', 'stmt', 98))"
2024-08-14 09:48:26,474	[INFO]	13-7    SUCCESS               14525124761.333334 (100.00%) [1 edit(s)] [cached] 
2024-08-14 09:48:26,474	[DEBUG]	patch(13-7)="SrcmlStmtInsertion(('core/Solver.cc.xml', '_inter_block', 495), ('core/Solver.cc.xml', 'stmt', 58))"
2024-08-14 09:48:26,479	[INFO]	13-8    SUCCESS               14524948051.333334 (100.00%) [1 edit(s)] [cached] 
2024-08-14 09:48:26,479	[DEBUG]	patch(13-8)="SrcmlStmtReplacement(('core/Solver.cc.xml', 'stmt', 14), ('core/Solver.cc.xml', 'stmt', 11))"
2024-08-14 09:48:26,483	[INFO]	13-9    SUCCESS               14525589450.333334 (100.00%) [0 edit(s)] [cached] 
2024-08-14 09:48:26,483	[DEBUG]	patch(13-9)=""
2024-08-14 09:48:26,488	[INFO]	13-10   SUCCESS               10318126137.666666 (71.03%) [1 edit(s)] [cached] 
2024-08-14 09:48:26,488	[DEBUG]	patch(13-10)="SrcmlStmtInsertion(('core/Solver.cc.xml', '_inter_block', 409), ('core/Solver.cc.xml', 'stmt', 195))"
2024-08-14 09:48:26,492	[INFO]	REF     SUCCESS               14525589450.333334 (--) [0 edit(s)] [cached] 
2024-08-14 09:48:26,499	[INFO]	BEST    SUCCESS              *10318003912.000000 (71.03%) [0 edit(s)] [cached] 
2024-08-14 09:48:26,507	[INFO]	14-1    SUCCESS              +10318003912.000000 (71.03%) [2 edit(s)] [cached] 
2024-08-14 09:48:26,508	[DEBUG]	patch(14-1)="SrcmlStmtInsertion(('core/Solver.cc.xml', '_inter_block', 409), ('core/Solver.cc.xml', 'stmt', 195)) | SrcmlStmtInsertion(('core/Solver.cc.xml', '_inter_block', 495), ('core/Solver.cc.xml', 'stmt', 58))"
2024-08-14 09:48:26,515	[INFO]	14-2    SUCCESS               14525384242.333334 (100.00%) [2 edit(s)] [cached] 
2024-08-14 09:48:26,515	[DEBUG]	patch(14-2)="SrcmlStmtInsertion(('core/Solver.cc.xml', '_inter_block', 495), ('core/Solver.cc.xml', 'stmt', 58)) | SrcmlStmtInsertion(('core/Solver.cc.xml', '_inter_block', 495), ('core/Solver.cc.xml', 'stmt', 58))"
2024-08-14 09:48:26,522	[INFO]	14-3    SUCCESS               10318089222.333334 (71.03%) [2 edit(s)] [cached] 
2024-08-14 09:48:26,522	[DEBUG]	patch(14-3)="SrcmlStmtReplacement(('core/Solver.cc.xml', 'stmt', 14), ('core/Solver.cc.xml', 'stmt', 11)) | SrcmlStmtInsertion(('core/Solver.cc.xml', '_inter_block', 409), ('core/Solver.cc.xml', 'stmt', 195))"
2024-08-14 09:48:26,526	[INFO]	14-4    SUCCESS               14524948051.333334 (100.00%) [1 edit(s)] [cached] 
2024-08-14 09:48:26,527	[DEBUG]	patch(14-4)="SrcmlStmtReplacement(('core/Solver.cc.xml', 'stmt', 14), ('core/Solver.cc.xml', 'stmt', 11))"
2024-08-14 09:48:26,532	[INFO]	14-5    SUCCESS               10318126137.666666 (71.03%) [1 edit(s)] [cached] 
2024-08-14 09:48:26,532	[DEBUG]	patch(14-5)="SrcmlStmtInsertion(('core/Solver.cc.xml', '_inter_block', 409), ('core/Solver.cc.xml', 'stmt', 195))"
2024-08-14 09:48:26,537	[INFO]	14-6    SUCCESS               14524948051.333334 (100.00%) [1 edit(s)] [cached] 
2024-08-14 09:48:26,537	[DEBUG]	patch(14-6)="SrcmlStmtReplacement(('core/Solver.cc.xml', 'stmt', 14), ('core/Solver.cc.xml', 'stmt', 11))"
2024-08-14 09:48:57,833	[DEBUG]	EXEC>  SUCCESS 10321009173.333334
2024-08-14 09:48:57,833	[INFO]	14-7    SUCCESS               10321009173.333334 (71.05%) [3 edit(s)]  
2024-08-14 09:48:57,833	[DEBUG]	patch(14-7)="SrcmlStmtInsertion(('core/Solver.cc.xml', '_inter_block', 409), ('core/Solver.cc.xml', 'stmt', 195)) | SrcmlStmtInsertion(('core/Solver.cc.xml', '_inter_block', 495), ('core/Solver.cc.xml', 'stmt', 58)) | SrcmlStmtDeletion(('core/Solver.cc.xml', 'stmt', 84))"
2024-08-14 09:48:57,839	[INFO]	14-8    SUCCESS               10318126137.666666 (71.03%) [1 edit(s)] [cached] 
2024-08-14 09:48:57,839	[DEBUG]	patch(14-8)="SrcmlStmtInsertion(('core/Solver.cc.xml', '_inter_block', 409), ('core/Solver.cc.xml', 'stmt', 195))"
2024-08-14 09:48:57,843	[INFO]	14-9    SUCCESS               14525589450.333334 (100.00%) [0 edit(s)] [cached] 
2024-08-14 09:48:57,843	[DEBUG]	patch(14-9)=""
2024-08-14 09:49:29,198	[DEBUG]	EXEC>  SUCCESS 10314795595.666666
2024-08-14 09:49:29,199	[INFO]	14-10   SUCCESS              *10314795595.666666 (71.01%) [3 edit(s)]  
2024-08-14 09:49:29,199	[DEBUG]	patch(14-10)="SrcmlStmtReplacement(('core/Solver.cc.xml', 'stmt', 382), ('core/Solver.cc.xml', 'stmt', 237)) | SrcmlStmtInsertion(('core/Solver.cc.xml', '_inter_block', 409), ('core/Solver.cc.xml', 'stmt', 195)) | SrcmlStmtReplacement(('core/Solver.cc.xml', 'stmt', 316), ('core/Solver.cc.xml', 'stmt', 292))"
--- before: core/Solver.cc
+++ after: core/Solver.cc
@@ -776,6 +776,7 @@
             if (learnts.size()-nAssigns() >= max_learnts)
                 // Reduce the set of learnt clauses:
                 /*auto*/{
+                    Lit            p   = trail[qhead++];
                     reduceDB();
                 }/*auto*/
 
@@ -790,7 +791,7 @@
                     analyzeFinal(~p, conflict);
                     return l_False;
                 }else{
-                    next = p;
+                    varDecayActivity();
                     break;
                 }
             }
@@ -951,7 +952,7 @@
     FILE* f = fopen(file, "wr");
     if (f == NULL)
         /*auto*/{
-            fprintf(stderr, "could not open file %s\n", file), exit(1);
+            sort(learnts, reduceDB_lt(ca));
         }/*auto*/
     toDimacs(f, assumps);
     fclose(f);

2024-08-14 09:49:29,203	[INFO]	REF     SUCCESS               14525589450.333334 (--) [0 edit(s)] [cached] 
2024-08-14 09:49:29,212	[INFO]	BEST    SUCCESS              *10314795595.666666 (71.01%) [0 edit(s)] [cached] 
2024-08-14 09:49:29,233	[INFO]	15-1    SUCCESS              +10314795595.666666 (71.01%) [3 edit(s)] [cached] 
2024-08-14 09:49:29,233	[DEBUG]	patch(15-1)="SrcmlStmtReplacement(('core/Solver.cc.xml', 'stmt', 382), ('core/Solver.cc.xml', 'stmt', 237)) | SrcmlStmtInsertion(('core/Solver.cc.xml', '_inter_block', 409), ('core/Solver.cc.xml', 'stmt', 195)) | SrcmlStmtReplacement(('core/Solver.cc.xml', 'stmt', 316), ('core/Solver.cc.xml', 'stmt', 292))"
2024-08-14 09:49:29,240	[INFO]	15-2    SUCCESS               10318223092.333334 (71.03%) [2 edit(s)] [cached] 
2024-08-14 09:49:29,240	[DEBUG]	patch(15-2)="SrcmlStmtReplacement(('core/Solver.cc.xml', 'stmt', 382), ('core/Solver.cc.xml', 'stmt', 237)) | SrcmlStmtInsertion(('core/Solver.cc.xml', '_inter_block', 409), ('core/Solver.cc.xml', 'stmt', 195))"
2024-08-14 09:49:29,246	[INFO]	15-3    SUCCESS               10318126137.666666 (71.03%) [1 edit(s)] [cached] 
2024-08-14 09:49:29,246	[DEBUG]	patch(15-3)="SrcmlStmtInsertion(('core/Solver.cc.xml', '_inter_block', 409), ('core/Solver.cc.xml', 'stmt', 195))"
2024-08-14 09:50:12,399	[DEBUG]	EXEC>  SUCCESS 14524383536.0
2024-08-14 09:50:12,399	[INFO]	15-4    SUCCESS               14524383536.000000 (99.99%) [1 edit(s)]  
2024-08-14 09:50:12,399	[DEBUG]	patch(15-4)="SrcmlStmtReplacement(('core/Solver.cc.xml', 'stmt', 382), ('core/Solver.cc.xml', 'stmt', 237))"
2024-08-14 09:50:12,407	[INFO]	15-5    SUCCESS               10318003912.000000 (71.03%) [2 edit(s)] [cached] 
2024-08-14 09:50:12,407	[DEBUG]	patch(15-5)="SrcmlStmtInsertion(('core/Solver.cc.xml', '_inter_block', 495), ('core/Solver.cc.xml', 'stmt', 58)) | SrcmlStmtInsertion(('core/Solver.cc.xml', '_inter_block', 409), ('core/Solver.cc.xml', 'stmt', 195))"
2024-08-14 09:50:12,841	[INFO]	15-6    COMPILE_CODE_ERROR    None (--) [4 edit(s)]  
2024-08-14 09:50:12,841	[DEBUG]	patch(15-6)="SrcmlStmtReplacement(('core/Solver.cc.xml', 'stmt', 14), ('core/Solver.cc.xml', 'stmt', 11)) | SrcmlStmtInsertion(('core/Solver.cc.xml', '_inter_block', 409), ('core/Solver.cc.xml', 'stmt', 195)) | SrcmlStmtInsertion(('core/Solver.cc.xml', '_inter_block', 409), ('core/Solver.cc.xml', 'stmt', 195)) | SrcmlStmtDeletion(('core/Solver.cc.xml', 'stmt', 84))"
2024-08-14 09:50:44,069	[DEBUG]	EXEC>  SUCCESS 10314956760.666666
2024-08-14 09:50:44,070	[INFO]	15-7    SUCCESS               10314956760.666666 (71.01%) [4 edit(s)]  
2024-08-14 09:50:44,070	[DEBUG]	patch(15-7)="SrcmlStmtReplacement(('core/Solver.cc.xml', 'stmt', 382), ('core/Solver.cc.xml', 'stmt', 237)) | SrcmlStmtInsertion(('core/Solver.cc.xml', '_inter_block', 409), ('core/Solver.cc.xml', 'stmt', 195)) | SrcmlStmtReplacement(('core/Solver.cc.xml', 'stmt', 316), ('core/Solver.cc.xml', 'stmt', 292)) | SrcmlStmtDeletion(('core/Solver.cc.xml', 'stmt', 266))"
2024-08-14 09:50:44,076	[INFO]	15-8    SUCCESS               10318126137.666666 (71.03%) [1 edit(s)] [cached] 
2024-08-14 09:50:44,076	[DEBUG]	patch(15-8)="SrcmlStmtInsertion(('core/Solver.cc.xml', '_inter_block', 409), ('core/Solver.cc.xml', 'stmt', 195))"
2024-08-14 09:50:44,082	[INFO]	15-9    SUCCESS               10318126137.666666 (71.03%) [1 edit(s)] [cached] 
2024-08-14 09:50:44,082	[DEBUG]	patch(15-9)="SrcmlStmtInsertion(('core/Solver.cc.xml', '_inter_block', 409), ('core/Solver.cc.xml', 'stmt', 195))"
2024-08-14 09:50:44,528	[INFO]	15-10   COMPILE_CODE_ERROR    None (--) [2 edit(s)]  
2024-08-14 09:50:44,528	[DEBUG]	patch(15-10)="SrcmlStmtInsertion(('core/Solver.cc.xml', '_inter_block', 409), ('core/Solver.cc.xml', 'stmt', 195)) | SrcmlStmtInsertion(('core/Solver.cc.xml', '_inter_block', 408), ('core/Solver.cc.xml', 'stmt', 190))"
2024-08-14 09:50:44,532	[INFO]	REF     SUCCESS               14525589450.333334 (--) [0 edit(s)] [cached] 
2024-08-14 09:50:44,542	[INFO]	BEST    SUCCESS              *10314795595.666666 (71.01%) [0 edit(s)] [cached] 
2024-08-14 09:50:44,552	[INFO]	16-1    SUCCESS              +10314795595.666666 (71.01%) [3 edit(s)] [cached] 
2024-08-14 09:50:44,552	[DEBUG]	patch(16-1)="SrcmlStmtReplacement(('core/Solver.cc.xml', 'stmt', 382), ('core/Solver.cc.xml', 'stmt', 237)) | SrcmlStmtInsertion(('core/Solver.cc.xml', '_inter_block', 409), ('core/Solver.cc.xml', 'stmt', 195)) | SrcmlStmtReplacement(('core/Solver.cc.xml', 'stmt', 316), ('core/Solver.cc.xml', 'stmt', 292))"
2024-08-14 09:50:44,559	[INFO]	16-2    SUCCESS               10318223092.333334 (71.03%) [2 edit(s)] [cached] 
2024-08-14 09:50:44,559	[DEBUG]	patch(16-2)="SrcmlStmtReplacement(('core/Solver.cc.xml', 'stmt', 382), ('core/Solver.cc.xml', 'stmt', 237)) | SrcmlStmtInsertion(('core/Solver.cc.xml', '_inter_block', 409), ('core/Solver.cc.xml', 'stmt', 195))"
2024-08-14 09:51:15,631	[DEBUG]	EXEC>  SUCCESS 10315118213.333334
2024-08-14 09:51:15,632	[INFO]	16-3    SUCCESS               10315118213.333334 (71.01%) [3 edit(s)]  
2024-08-14 09:51:15,632	[DEBUG]	patch(16-3)="SrcmlStmtInsertion(('core/Solver.cc.xml', '_inter_block', 409), ('core/Solver.cc.xml', 'stmt', 195)) | SrcmlStmtReplacement(('core/Solver.cc.xml', 'stmt', 316), ('core/Solver.cc.xml', 'stmt', 292)) | SrcmlStmtDeletion(('core/Solver.cc.xml', 'stmt', 266))"
2024-08-14 09:51:15,638	[INFO]	16-4    SUCCESS               10318126137.666666 (71.03%) [1 edit(s)] [cached] 
2024-08-14 09:51:15,638	[DEBUG]	patch(16-4)="SrcmlStmtInsertion(('core/Solver.cc.xml', '_inter_block', 409), ('core/Solver.cc.xml', 'stmt', 195))"
2024-08-14 09:51:16,075	[INFO]	16-5    COMPILE_CODE_ERROR    None (--) [2 edit(s)]  
2024-08-14 09:51:16,076	[DEBUG]	patch(16-5)="SrcmlStmtInsertion(('core/Solver.cc.xml', '_inter_block', 409), ('core/Solver.cc.xml', 'stmt', 195)) | SrcmlStmtInsertion(('core/Solver.cc.xml', '_inter_block', 409), ('core/Solver.cc.xml', 'stmt', 195))"
2024-08-14 09:51:16,082	[INFO]	16-6    SUCCESS               10318126137.666666 (71.03%) [1 edit(s)] [cached] 
2024-08-14 09:51:16,082	[DEBUG]	patch(16-6)="SrcmlStmtInsertion(('core/Solver.cc.xml', '_inter_block', 409), ('core/Solver.cc.xml', 'stmt', 195))"
2024-08-14 09:51:46,998	[DEBUG]	EXEC>  SUCCESS 10314881753.0
2024-08-14 09:51:46,999	[INFO]	16-7    SUCCESS               10314881753.000000 (71.01%) [2 edit(s)]  
2024-08-14 09:51:46,999	[DEBUG]	patch(16-7)="SrcmlStmtInsertion(('core/Solver.cc.xml', '_inter_block', 409), ('core/Solver.cc.xml', 'stmt', 195)) | SrcmlStmtReplacement(('core/Solver.cc.xml', 'stmt', 316), ('core/Solver.cc.xml', 'stmt', 292))"
2024-08-14 09:51:47,448	[INFO]	16-8    COMPILE_CODE_ERROR    None (--) [5 edit(s)]  
2024-08-14 09:51:47,448	[DEBUG]	patch(16-8)="SrcmlStmtReplacement(('core/Solver.cc.xml', 'stmt', 382), ('core/Solver.cc.xml', 'stmt', 237)) | SrcmlStmtInsertion(('core/Solver.cc.xml', '_inter_block', 409), ('core/Solver.cc.xml', 'stmt', 195)) | SrcmlStmtReplacement(('core/Solver.cc.xml', 'stmt', 316), ('core/Solver.cc.xml', 'stmt', 292)) | SrcmlStmtDeletion(('core/Solver.cc.xml', 'stmt', 266)) | SrcmlStmtDeletion(('core/Solver.cc.xml', 'stmt', 273))"
2024-08-14 09:51:47,887	[INFO]	16-9    COMPILE_CODE_ERROR    None (--) [3 edit(s)]  
2024-08-14 09:51:47,887	[DEBUG]	patch(16-9)="SrcmlStmtInsertion(('core/Solver.cc.xml', '_inter_block', 495), ('core/Solver.cc.xml', 'stmt', 58)) | SrcmlStmtInsertion(('core/Solver.cc.xml', '_inter_block', 409), ('core/Solver.cc.xml', 'stmt', 195)) | SrcmlStmtInsertion(('core/Solver.cc.xml', '_inter_block', 448), ('core/Solver.cc.xml', 'stmt', 72))"
2024-08-14 09:51:49,772	[INFO]	16-10   TEST_CODE_ERROR       None (--) [2 edit(s)]  
2024-08-14 09:51:49,773	[DEBUG]	patch(16-10)="SrcmlStmtInsertion(('core/Solver.cc.xml', '_inter_block', 409), ('core/Solver.cc.xml', 'stmt', 195)) | SrcmlStmtDeletion(('core/Solver.cc.xml', 'stmt', 110))"
2024-08-14 09:51:49,777	[INFO]	REF     SUCCESS               14525589450.333334 (--) [0 edit(s)] [cached] 
2024-08-14 09:51:49,786	[INFO]	BEST    SUCCESS              *10314795595.666666 (71.01%) [0 edit(s)] [cached] 
2024-08-14 09:51:49,796	[INFO]	17-1    SUCCESS              +10314795595.666666 (71.01%) [3 edit(s)] [cached] 
2024-08-14 09:51:49,796	[DEBUG]	patch(17-1)="SrcmlStmtReplacement(('core/Solver.cc.xml', 'stmt', 382), ('core/Solver.cc.xml', 'stmt', 237)) | SrcmlStmtInsertion(('core/Solver.cc.xml', '_inter_block', 409), ('core/Solver.cc.xml', 'stmt', 195)) | SrcmlStmtReplacement(('core/Solver.cc.xml', 'stmt', 316), ('core/Solver.cc.xml', 'stmt', 292))"
2024-08-14 09:51:49,802	[INFO]	17-2    SUCCESS               10318126137.666666 (71.03%) [1 edit(s)] [cached] 
2024-08-14 09:51:49,802	[DEBUG]	patch(17-2)="SrcmlStmtInsertion(('core/Solver.cc.xml', '_inter_block', 409), ('core/Solver.cc.xml', 'stmt', 195))"
2024-08-14 09:51:49,810	[INFO]	17-3    SUCCESS               10314881753.000000 (71.01%) [3 edit(s)] [cached] 
2024-08-14 09:51:49,810	[DEBUG]	patch(17-3)="SrcmlStmtReplacement(('core/Solver.cc.xml', 'stmt', 316), ('core/Solver.cc.xml', 'stmt', 292)) | SrcmlStmtInsertion(('core/Solver.cc.xml', '_inter_block', 409), ('core/Solver.cc.xml', 'stmt', 195)) | SrcmlStmtReplacement(('core/Solver.cc.xml', 'stmt', 316), ('core/Solver.cc.xml', 'stmt', 292))"
2024-08-14 09:51:50,263	[INFO]	17-4    COMPILE_CODE_ERROR    None (--) [4 edit(s)]  
2024-08-14 09:51:50,263	[DEBUG]	patch(17-4)="SrcmlStmtInsertion(('core/Solver.cc.xml', '_inter_block', 409), ('core/Solver.cc.xml', 'stmt', 195)) | SrcmlStmtReplacement(('core/Solver.cc.xml', 'stmt', 316), ('core/Solver.cc.xml', 'stmt', 292)) | SrcmlStmtInsertion(('core/Solver.cc.xml', '_inter_block', 409), ('core/Solver.cc.xml', 'stmt', 195)) | SrcmlStmtReplacement(('core/Solver.cc.xml', 'stmt', 316), ('core/Solver.cc.xml', 'stmt', 292))"
2024-08-14 09:52:33,859	[DEBUG]	EXEC>  SUCCESS 14520729772.0
2024-08-14 09:52:33,859	[INFO]	17-5    SUCCESS               14520729772.000000 (99.97%) [1 edit(s)]  
2024-08-14 09:52:33,859	[DEBUG]	patch(17-5)="SrcmlStmtReplacement(('core/Solver.cc.xml', 'stmt', 316), ('core/Solver.cc.xml', 'stmt', 292))"
2024-08-14 09:52:34,300	[INFO]	17-6    COMPILE_CODE_ERROR    None (--) [4 edit(s)]  
2024-08-14 09:52:34,300	[DEBUG]	patch(17-6)="SrcmlStmtInsertion(('core/Solver.cc.xml', '_inter_block', 409), ('core/Solver.cc.xml', 'stmt', 195)) | SrcmlStmtReplacement(('core/Solver.cc.xml', 'stmt', 316), ('core/Solver.cc.xml', 'stmt', 292)) | SrcmlStmtReplacement(('core/Solver.cc.xml', 'stmt', 382), ('core/Solver.cc.xml', 'stmt', 237)) | SrcmlStmtInsertion(('core/Solver.cc.xml', '_inter_block', 409), ('core/Solver.cc.xml', 'stmt', 195))"
2024-08-14 09:52:34,307	[INFO]	17-7    SUCCESS               10314881753.000000 (71.01%) [2 edit(s)] [cached] 
2024-08-14 09:52:34,307	[DEBUG]	patch(17-7)="SrcmlStmtInsertion(('core/Solver.cc.xml', '_inter_block', 409), ('core/Solver.cc.xml', 'stmt', 195)) | SrcmlStmtReplacement(('core/Solver.cc.xml', 'stmt', 316), ('core/Solver.cc.xml', 'stmt', 292))"
2024-08-14 09:52:34,747	[INFO]	17-8    COMPILE_CODE_ERROR    None (--) [3 edit(s)]  
2024-08-14 09:52:34,747	[DEBUG]	patch(17-8)="SrcmlStmtInsertion(('core/Solver.cc.xml', '_inter_block', 409), ('core/Solver.cc.xml', 'stmt', 195)) | SrcmlStmtReplacement(('core/Solver.cc.xml', 'stmt', 316), ('core/Solver.cc.xml', 'stmt', 292)) | SrcmlStmtInsertion(('core/Solver.cc.xml', '_inter_block', 220), ('core/Solver.cc.xml', 'stmt', 426))"
2024-08-14 09:53:17,875	[DEBUG]	EXEC>  SUCCESS 14520795853.333334
2024-08-14 09:53:17,875	[INFO]	17-9    SUCCESS               14520795853.333334 (99.97%) [2 edit(s)]  
2024-08-14 09:53:17,876	[DEBUG]	patch(17-9)="SrcmlStmtReplacement(('core/Solver.cc.xml', 'stmt', 316), ('core/Solver.cc.xml', 'stmt', 292)) | SrcmlStmtDeletion(('core/Solver.cc.xml', 'stmt', 266))"
2024-08-14 09:53:17,880	[INFO]	17-10   SUCCESS               14525589450.333334 (100.00%) [0 edit(s)] [cached] 
2024-08-14 09:53:17,880	[DEBUG]	patch(17-10)=""
2024-08-14 09:53:17,884	[INFO]	REF     SUCCESS               14525589450.333334 (--) [0 edit(s)] [cached] 
2024-08-14 09:53:17,893	[INFO]	BEST    SUCCESS              *10314795595.666666 (71.01%) [0 edit(s)] [cached] 
2024-08-14 09:53:17,904	[INFO]	18-1    SUCCESS              +10314795595.666666 (71.01%) [3 edit(s)] [cached] 
2024-08-14 09:53:17,904	[DEBUG]	patch(18-1)="SrcmlStmtReplacement(('core/Solver.cc.xml', 'stmt', 382), ('core/Solver.cc.xml', 'stmt', 237)) | SrcmlStmtInsertion(('core/Solver.cc.xml', '_inter_block', 409), ('core/Solver.cc.xml', 'stmt', 195)) | SrcmlStmtReplacement(('core/Solver.cc.xml', 'stmt', 316), ('core/Solver.cc.xml', 'stmt', 292))"
2024-08-14 09:53:18,343	[INFO]	18-2    COMPILE_CODE_ERROR    None (--) [3 edit(s)]  
2024-08-14 09:53:18,344	[DEBUG]	patch(18-2)="SrcmlStmtInsertion(('core/Solver.cc.xml', '_inter_block', 409), ('core/Solver.cc.xml', 'stmt', 195)) | SrcmlStmtReplacement(('core/Solver.cc.xml', 'stmt', 382), ('core/Solver.cc.xml', 'stmt', 237)) | SrcmlStmtInsertion(('core/Solver.cc.xml', '_inter_block', 409), ('core/Solver.cc.xml', 'stmt', 195))"
2024-08-14 09:53:18,351	[INFO]	18-3    SUCCESS               14520729772.000000 (99.97%) [3 edit(s)] [cached] 
2024-08-14 09:53:18,351	[DEBUG]	patch(18-3)="SrcmlStmtReplacement(('core/Solver.cc.xml', 'stmt', 316), ('core/Solver.cc.xml', 'stmt', 292)) | SrcmlStmtReplacement(('core/Solver.cc.xml', 'stmt', 316), ('core/Solver.cc.xml', 'stmt', 292)) | SrcmlStmtReplacement(('core/Solver.cc.xml', 'stmt', 316), ('core/Solver.cc.xml', 'stmt', 292))"
2024-08-14 09:53:18,358	[INFO]	18-4    SUCCESS               10314881753.000000 (71.01%) [2 edit(s)] [cached] 
2024-08-14 09:53:18,359	[DEBUG]	patch(18-4)="SrcmlStmtReplacement(('core/Solver.cc.xml', 'stmt', 316), ('core/Solver.cc.xml', 'stmt', 292)) | SrcmlStmtInsertion(('core/Solver.cc.xml', '_inter_block', 409), ('core/Solver.cc.xml', 'stmt', 195))"
2024-08-14 09:53:18,364	[INFO]	18-5    SUCCESS               14520795853.333334 (99.97%) [2 edit(s)] [cached] 
2024-08-14 09:53:18,365	[DEBUG]	patch(18-5)="SrcmlStmtReplacement(('core/Solver.cc.xml', 'stmt', 316), ('core/Solver.cc.xml', 'stmt', 292)) | SrcmlStmtDeletion(('core/Solver.cc.xml', 'stmt', 266))"
2024-08-14 09:53:18,373	[INFO]	18-6    SUCCESS               10314881753.000000 (71.01%) [3 edit(s)] [cached] 
2024-08-14 09:53:18,373	[DEBUG]	patch(18-6)="SrcmlStmtReplacement(('core/Solver.cc.xml', 'stmt', 316), ('core/Solver.cc.xml', 'stmt', 292)) | SrcmlStmtInsertion(('core/Solver.cc.xml', '_inter_block', 409), ('core/Solver.cc.xml', 'stmt', 195)) | SrcmlStmtReplacement(('core/Solver.cc.xml', 'stmt', 316), ('core/Solver.cc.xml', 'stmt', 292))"
2024-08-14 09:53:18,814	[INFO]	18-7    COMPILE_CODE_ERROR    None (--) [4 edit(s)]  
2024-08-14 09:53:18,814	[DEBUG]	patch(18-7)="SrcmlStmtReplacement(('core/Solver.cc.xml', 'stmt', 382), ('core/Solver.cc.xml', 'stmt', 237)) | SrcmlStmtInsertion(('core/Solver.cc.xml', '_inter_block', 409), ('core/Solver.cc.xml', 'stmt', 195)) | SrcmlStmtReplacement(('core/Solver.cc.xml', 'stmt', 316), ('core/Solver.cc.xml', 'stmt', 292)) | SrcmlStmtReplacement(('core/Solver.cc.xml', 'stmt', 393), ('core/Solver.cc.xml', 'stmt', 50))"
2024-08-14 09:53:50,014	[DEBUG]	EXEC>  SUCCESS 10315100999.333334
2024-08-14 09:53:50,014	[INFO]	18-8    SUCCESS               10315100999.333334 (71.01%) [4 edit(s)]  
2024-08-14 09:53:50,014	[DEBUG]	patch(18-8)="SrcmlStmtReplacement(('core/Solver.cc.xml', 'stmt', 316), ('core/Solver.cc.xml', 'stmt', 292)) | SrcmlStmtInsertion(('core/Solver.cc.xml', '_inter_block', 409), ('core/Solver.cc.xml', 'stmt', 195)) | SrcmlStmtReplacement(('core/Solver.cc.xml', 'stmt', 316), ('core/Solver.cc.xml', 'stmt', 292)) | SrcmlStmtInsertion(('core/Solver.cc.xml', '_inter_block', 238), ('core/Solver.cc.xml', 'stmt', 360))"
2024-08-14 09:53:50,020	[INFO]	18-9    SUCCESS               14520729772.000000 (99.97%) [1 edit(s)] [cached] 
2024-08-14 09:53:50,020	[DEBUG]	patch(18-9)="SrcmlStmtReplacement(('core/Solver.cc.xml', 'stmt', 316), ('core/Solver.cc.xml', 'stmt', 292))"
2024-08-14 09:53:50,464	[INFO]	18-10   COMPILE_CODE_ERROR    None (--) [2 edit(s)]  
2024-08-14 09:53:50,464	[DEBUG]	patch(18-10)="SrcmlStmtInsertion(('core/Solver.cc.xml', '_inter_block', 409), ('core/Solver.cc.xml', 'stmt', 195)) | SrcmlStmtInsertion(('core/Solver.cc.xml', '_inter_block', 509), ('core/Solver.cc.xml', 'stmt', 374))"
2024-08-14 09:53:50,468	[INFO]	REF     SUCCESS               14525589450.333334 (--) [0 edit(s)] [cached] 
2024-08-14 09:53:50,477	[INFO]	BEST    SUCCESS              *10314795595.666666 (71.01%) [0 edit(s)] [cached] 
2024-08-14 09:53:50,487	[INFO]	19-1    SUCCESS              +10314795595.666666 (71.01%) [3 edit(s)] [cached] 
2024-08-14 09:53:50,487	[DEBUG]	patch(19-1)="SrcmlStmtReplacement(('core/Solver.cc.xml', 'stmt', 382), ('core/Solver.cc.xml', 'stmt', 237)) | SrcmlStmtInsertion(('core/Solver.cc.xml', '_inter_block', 409), ('core/Solver.cc.xml', 'stmt', 195)) | SrcmlStmtReplacement(('core/Solver.cc.xml', 'stmt', 316), ('core/Solver.cc.xml', 'stmt', 292))"
2024-08-14 09:53:50,498	[INFO]	19-2    COMPILE_CODE_ERROR    None (--) [4 edit(s)] [cached] 
2024-08-14 09:53:50,498	[DEBUG]	patch(19-2)="SrcmlStmtInsertion(('core/Solver.cc.xml', '_inter_block', 409), ('core/Solver.cc.xml', 'stmt', 195)) | SrcmlStmtReplacement(('core/Solver.cc.xml', 'stmt', 382), ('core/Solver.cc.xml', 'stmt', 237)) | SrcmlStmtInsertion(('core/Solver.cc.xml', '_inter_block', 409), ('core/Solver.cc.xml', 'stmt', 195)) | SrcmlStmtReplacement(('core/Solver.cc.xml', 'stmt', 316), ('core/Solver.cc.xml', 'stmt', 292))"
2024-08-14 09:53:50,504	[INFO]	19-3    SUCCESS               14520729772.000000 (99.97%) [3 edit(s)] [cached] 
2024-08-14 09:53:50,504	[DEBUG]	patch(19-3)="SrcmlStmtReplacement(('core/Solver.cc.xml', 'stmt', 316), ('core/Solver.cc.xml', 'stmt', 292)) | SrcmlStmtReplacement(('core/Solver.cc.xml', 'stmt', 316), ('core/Solver.cc.xml', 'stmt', 292)) | SrcmlStmtReplacement(('core/Solver.cc.xml', 'stmt', 316), ('core/Solver.cc.xml', 'stmt', 292))"
2024-08-14 09:53:50,512	[INFO]	19-4    SUCCESS               10314881753.000000 (71.01%) [3 edit(s)] [cached] 
2024-08-14 09:53:50,512	[DEBUG]	patch(19-4)="SrcmlStmtReplacement(('core/Solver.cc.xml', 'stmt', 316), ('core/Solver.cc.xml', 'stmt', 292)) | SrcmlStmtInsertion(('core/Solver.cc.xml', '_inter_block', 409), ('core/Solver.cc.xml', 'stmt', 195)) | SrcmlStmtReplacement(('core/Solver.cc.xml', 'stmt', 316), ('core/Solver.cc.xml', 'stmt', 292))"
2024-08-14 09:53:50,518	[INFO]	19-5    SUCCESS               14520795853.333334 (99.97%) [4 edit(s)] [cached] 
2024-08-14 09:53:50,519	[DEBUG]	patch(19-5)="SrcmlStmtReplacement(('core/Solver.cc.xml', 'stmt', 316), ('core/Solver.cc.xml', 'stmt', 292)) | SrcmlStmtDeletion(('core/Solver.cc.xml', 'stmt', 266)) | SrcmlStmtReplacement(('core/Solver.cc.xml', 'stmt', 316), ('core/Solver.cc.xml', 'stmt', 292)) | SrcmlStmtReplacement(('core/Solver.cc.xml', 'stmt', 316), ('core/Solver.cc.xml', 'stmt', 292))"
2024-08-14 09:53:50,524	[INFO]	19-6    SUCCESS               14520729772.000000 (99.97%) [1 edit(s)] [cached] 
2024-08-14 09:53:50,524	[DEBUG]	patch(19-6)="SrcmlStmtReplacement(('core/Solver.cc.xml', 'stmt', 316), ('core/Solver.cc.xml', 'stmt', 292))"
2024-08-14 09:53:50,531	[INFO]	19-7    SUCCESS               10314881753.000000 (71.01%) [2 edit(s)] [cached] 
2024-08-14 09:53:50,531	[DEBUG]	patch(19-7)="SrcmlStmtInsertion(('core/Solver.cc.xml', '_inter_block', 409), ('core/Solver.cc.xml', 'stmt', 195)) | SrcmlStmtReplacement(('core/Solver.cc.xml', 'stmt', 316), ('core/Solver.cc.xml', 'stmt', 292))"
2024-08-14 09:54:21,720	[DEBUG]	EXEC>  SUCCESS 10314886491.333334
2024-08-14 09:54:21,721	[INFO]	19-8    SUCCESS               10314886491.333334 (71.01%) [4 edit(s)]  
2024-08-14 09:54:21,721	[DEBUG]	patch(19-8)="SrcmlStmtReplacement(('core/Solver.cc.xml', 'stmt', 316), ('core/Solver.cc.xml', 'stmt', 292)) | SrcmlStmtInsertion(('core/Solver.cc.xml', '_inter_block', 409), ('core/Solver.cc.xml', 'stmt', 195)) | SrcmlStmtReplacement(('core/Solver.cc.xml', 'stmt', 316), ('core/Solver.cc.xml', 'stmt', 292)) | SrcmlStmtDeletion(('core/Solver.cc.xml', 'stmt', 32))"
2024-08-14 09:54:22,161	[INFO]	19-9    COMPILE_CODE_ERROR    None (--) [3 edit(s)]  
2024-08-14 09:54:22,161	[DEBUG]	patch(19-9)="SrcmlStmtReplacement(('core/Solver.cc.xml', 'stmt', 316), ('core/Solver.cc.xml', 'stmt', 292)) | SrcmlStmtInsertion(('core/Solver.cc.xml', '_inter_block', 409), ('core/Solver.cc.xml', 'stmt', 195)) | SrcmlStmtDeletion(('core/Solver.cc.xml', 'stmt', 8))"
2024-08-14 09:54:53,370	[DEBUG]	EXEC>  SUCCESS 10325704103.0
2024-08-14 09:54:53,370	[INFO]	19-10   SUCCESS               10325704103.000000 (71.09%) [5 edit(s)]  
2024-08-14 09:54:53,370	[DEBUG]	patch(19-10)="SrcmlStmtReplacement(('core/Solver.cc.xml', 'stmt', 316), ('core/Solver.cc.xml', 'stmt', 292)) | SrcmlStmtInsertion(('core/Solver.cc.xml', '_inter_block', 409), ('core/Solver.cc.xml', 'stmt', 195)) | SrcmlStmtReplacement(('core/Solver.cc.xml', 'stmt', 316), ('core/Solver.cc.xml', 'stmt', 292)) | SrcmlStmtInsertion(('core/Solver.cc.xml', '_inter_block', 238), ('core/Solver.cc.xml', 'stmt', 360)) | SrcmlStmtInsertion(('core/Solver.cc.xml', '_inter_block', 212), ('core/Solver.cc.xml', 'stmt', 186))"
2024-08-14 09:54:53,374	[INFO]	REF     SUCCESS               14525589450.333334 (--) [0 edit(s)] [cached] 
2024-08-14 09:54:53,383	[INFO]	BEST    SUCCESS              *10314795595.666666 (71.01%) [0 edit(s)] [cached] 
2024-08-14 09:54:53,394	[INFO]	20-1    SUCCESS              +10314795595.666666 (71.01%) [3 edit(s)] [cached] 
2024-08-14 09:54:53,394	[DEBUG]	patch(20-1)="SrcmlStmtReplacement(('core/Solver.cc.xml', 'stmt', 382), ('core/Solver.cc.xml', 'stmt', 237)) | SrcmlStmtInsertion(('core/Solver.cc.xml', '_inter_block', 409), ('core/Solver.cc.xml', 'stmt', 195)) | SrcmlStmtReplacement(('core/Solver.cc.xml', 'stmt', 316), ('core/Solver.cc.xml', 'stmt', 292))"
2024-08-14 09:54:53,832	[INFO]	20-2    COMPILE_CODE_ERROR    None (--) [4 edit(s)]  
2024-08-14 09:54:53,832	[DEBUG]	patch(20-2)="SrcmlStmtReplacement(('core/Solver.cc.xml', 'stmt', 316), ('core/Solver.cc.xml', 'stmt', 292)) | SrcmlStmtInsertion(('core/Solver.cc.xml', '_inter_block', 409), ('core/Solver.cc.xml', 'stmt', 195)) | SrcmlStmtDeletion(('core/Solver.cc.xml', 'stmt', 32)) | SrcmlStmtInsertion(('core/Solver.cc.xml', '_inter_block', 409), ('core/Solver.cc.xml', 'stmt', 195))"
2024-08-14 09:54:53,841	[INFO]	20-3    SUCCESS               10315118213.333334 (71.01%) [4 edit(s)] [cached] 
2024-08-14 09:54:53,841	[DEBUG]	patch(20-3)="SrcmlStmtDeletion(('core/Solver.cc.xml', 'stmt', 266)) | SrcmlStmtReplacement(('core/Solver.cc.xml', 'stmt', 316), ('core/Solver.cc.xml', 'stmt', 292)) | SrcmlStmtReplacement(('core/Solver.cc.xml', 'stmt', 316), ('core/Solver.cc.xml', 'stmt', 292)) | SrcmlStmtInsertion(('core/Solver.cc.xml', '_inter_block', 409), ('core/Solver.cc.xml', 'stmt', 195))"
2024-08-14 09:54:54,300	[INFO]	20-4    COMPILE_CODE_ERROR    None (--) [4 edit(s)]  
2024-08-14 09:54:54,300	[DEBUG]	patch(20-4)="SrcmlStmtReplacement(('core/Solver.cc.xml', 'stmt', 316), ('core/Solver.cc.xml', 'stmt', 292)) | SrcmlStmtInsertion(('core/Solver.cc.xml', '_inter_block', 409), ('core/Solver.cc.xml', 'stmt', 195)) | SrcmlStmtInsertion(('core/Solver.cc.xml', '_inter_block', 212), ('core/Solver.cc.xml', 'stmt', 186)) | SrcmlStmtInsertion(('core/Solver.cc.xml', '_inter_block', 409), ('core/Solver.cc.xml', 'stmt', 195))"
2024-08-14 09:55:37,997	[DEBUG]	EXEC>  SUCCESS 14520894827.333334
2024-08-14 09:55:37,997	[INFO]	20-5    SUCCESS               14520894827.333334 (99.97%) [3 edit(s)]  
2024-08-14 09:55:37,997	[DEBUG]	patch(20-5)="SrcmlStmtReplacement(('core/Solver.cc.xml', 'stmt', 316), ('core/Solver.cc.xml', 'stmt', 292)) | SrcmlStmtReplacement(('core/Solver.cc.xml', 'stmt', 316), ('core/Solver.cc.xml', 'stmt', 292)) | SrcmlStmtDeletion(('core/Solver.cc.xml', 'stmt', 32))"
2024-08-14 09:56:09,162	[DEBUG]	EXEC>  SUCCESS 10315005220.666666
2024-08-14 09:56:09,163	[INFO]	20-6    SUCCESS               10315005220.666666 (71.01%) [5 edit(s)]  
2024-08-14 09:56:09,163	[DEBUG]	patch(20-6)="SrcmlStmtReplacement(('core/Solver.cc.xml', 'stmt', 382), ('core/Solver.cc.xml', 'stmt', 237)) | SrcmlStmtInsertion(('core/Solver.cc.xml', '_inter_block', 409), ('core/Solver.cc.xml', 'stmt', 195)) | SrcmlStmtReplacement(('core/Solver.cc.xml', 'stmt', 316), ('core/Solver.cc.xml', 'stmt', 292)) | SrcmlStmtReplacement(('core/Solver.cc.xml', 'stmt', 316), ('core/Solver.cc.xml', 'stmt', 292)) | SrcmlStmtInsertion(('core/Solver.cc.xml', '_inter_block', 238), ('core/Solver.cc.xml', 'stmt', 360))"
2024-08-14 09:56:11,001	[INFO]	20-7    TEST_CODE_ERROR       None (--) [4 edit(s)]  
2024-08-14 09:56:11,001	[DEBUG]	patch(20-7)="SrcmlStmtReplacement(('core/Solver.cc.xml', 'stmt', 382), ('core/Solver.cc.xml', 'stmt', 237)) | SrcmlStmtInsertion(('core/Solver.cc.xml', '_inter_block', 409), ('core/Solver.cc.xml', 'stmt', 195)) | SrcmlStmtReplacement(('core/Solver.cc.xml', 'stmt', 316), ('core/Solver.cc.xml', 'stmt', 292)) | SrcmlStmtDeletion(('core/Solver.cc.xml', 'stmt', 224))"
2024-08-14 09:57:52,898	[INFO]	20-8    TEST_TIMEOUT          None (--) [4 edit(s)]  
2024-08-14 09:57:52,898	[DEBUG]	patch(20-8)="SrcmlStmtReplacement(('core/Solver.cc.xml', 'stmt', 316), ('core/Solver.cc.xml', 'stmt', 292)) | SrcmlStmtInsertion(('core/Solver.cc.xml', '_inter_block', 409), ('core/Solver.cc.xml', 'stmt', 195)) | SrcmlStmtReplacement(('core/Solver.cc.xml', 'stmt', 316), ('core/Solver.cc.xml', 'stmt', 292)) | SrcmlStmtDeletion(('core/Solver.cc.xml', 'stmt', 356))"
2024-08-14 09:57:52,908	[INFO]	~~~~ END ~~~~
2024-08-14 09:57:52,909	[INFO]	
2024-08-14 09:57:52,909	[INFO]	==== REPORT ====
2024-08-14 09:57:52,909	[INFO]	Termination: time budget
2024-08-14 09:57:52,909	[INFO]	Retries: 3
2024-08-14 09:57:52,909	[INFO]	Log file: /home/dbouras/magpie/_magpie_logs/minisat_1723623846.log
2024-08-14 09:57:52,909	[INFO]	Patch file: _magpie_logs/minisat_1723623846.patch
2024-08-14 09:57:52,909	[INFO]	Diff file: _magpie_logs/minisat_1723623846.diff
2024-08-14 09:57:52,909	[INFO]	Reference fitness: 14525589450.333334
2024-08-14 09:57:52,909	[INFO]	Best fitness: 10314795595.666666
2024-08-14 09:57:52,909	[INFO]	
2024-08-14 09:57:52,910	[INFO]	==== BEST PATCH ====
SrcmlStmtReplacement(('core/Solver.cc.xml', 'stmt', 382), ('core/Solver.cc.xml', 'stmt', 237)) | SrcmlStmtInsertion(('core/Solver.cc.xml', '_inter_block', 409), ('core/Solver.cc.xml', 'stmt', 195)) | SrcmlStmtReplacement(('core/Solver.cc.xml', 'stmt', 316), ('core/Solver.cc.xml', 'stmt', 292))
2024-08-14 09:57:52,910	[INFO]	
2024-08-14 09:57:52,910	[INFO]	==== DIFF ====
[1m--- before: core/Solver.cc[0m
[1m+++ after: core/Solver.cc[0m
[36m@@ -776,6 +776,7 @@[0m
             if (learnts.size()-nAssigns() >= max_learnts)
                 // Reduce the set of learnt clauses:
                 /*auto*/{
[32m+                    Lit            p   = trail[qhead++];[0m
                     reduceDB();
                 }/*auto*/
 
[36m@@ -790,7 +791,7 @@[0m
                     analyzeFinal(~p, conflict);
                     return l_False;
                 }else{
[31m-                    next = p;[0m
[32m+                    varDecayActivity();[0m
                     break;
                 }
             }
[36m@@ -951,7 +952,7 @@[0m
     FILE* f = fopen(file, "wr");
     if (f == NULL)
         /*auto*/{
[31m-            fprintf(stderr, "could not open file %s\n", file), exit(1);[0m
[32m+            sort(learnts, reduceDB_lt(ca));[0m
         }/*auto*/
     toDimacs(f, assumps);
     fclose(f);

