2024-06-06 14:26:40,050	[DEBUG]	==== CONFIG ====
[magpie]
import = 
seed = 7586409506559950
log_dir = _magpie_logs
work_dir = _magpie_work
local_original_copy = True
local_original_name = __original__
output_encoding = ascii
edit_retries = 10
default_timeout = 30
default_lengthout = 10000.0
diff_method = unified
trust_local_filesystem = True

[magpie.log]
color_output = True
format_info = {counter:<7} {status:<20} {best}{fitness} ({ratio}) [{size}] {cached} {log}
format_debug = patch({counter})="{patch}"{diffifbest}
format_fitness = {:.6f}
format_ratio = {:.2%%}
format_patchif = 
	 --> {patch}
format_diffif = 
	{diff}

[software]
path = examples/triangle-cpp
target_files = 
	triangle.cpp.xml
software = BasicSoftware
model_rules = 
	*.params : ParamFileConfigModel
	*.xml : SrcmlModel
	* : LineModel
model_config = 
	*.params : [paramconfig]
	*.xml : [srcml]
init_cmd = bash init_slow.sh
init_timeout = 60
init_lengthout = -1
setup_cmd = bash setup.sh
setup_timeout = 
setup_lengthout = 
compile_cmd = bash compile.sh
compile_timeout = 
compile_lengthout = 
test_cmd = ./build/test_triangle
test_timeout = 
test_lengthout = 
run_cmd = perf stat  ./build/run_triangle
run_timeout = 1
run_lengthout = 
retries = 1
batch_timeout = 
batch_lengthout = 
batch_bin_fitness_strategy = aggregate
batch_fitness_strategy = sum
fitness = perf_time

[srcml]
rename = 
	stmt: break continue decl_stmt do expr_stmt for goto if return switch while
	number: literal_number
focus = block stmt operator_comp operator_arith number
internodes = block
process_pseudo_blocks = True
process_literals = True
process_operators = True

[paramconfig]
timing = test run
cli_prefix = --
cli_glue = =
cli_boolean = show
cli_boolean_prefix_true = 
cli_boolean_prefix_false = no-
cli_none = hide
silent_prefix = @
silent_suffix = $

[search]
protocol = BasicProtocol
algorithm = FirstImprovement
possible_edits = 
	SrcmlStmtReplacement
	SrcmlStmtInsertion
	SrcmlStmtDeletion
warmup = 3
warmup_strategy = last
max_steps = 100
max_time = 60
target_fitness = 
cache_maxsize = 100
cache_keep = 0.2
batch_instances = 
batch_shuffle = True
batch_bin_shuffle = False
batch_sample_size = 1

[search.ls]
delete_prob = 0.5
max_neighbours = 
when_trapped = continue
accept_fail = False
tabu_length = 10

[search.gp]
pop_size = 10
delete_prob = 0.5
offspring_elitism = 0.1
offspring_crossover = 0.5
offspring_mutation = 0.4
uniform_rate = 0.5
batch_reset = True

[search.minify]
do_cleanup = True
do_rebuild = True
do_simplify = True
round_robin_limit = 3


2024-06-06 14:26:40,050	[DEBUG]	
2024-06-06 14:26:40,050	[INFO]	==== SEARCH: FirstImprovement ====
2024-06-06 14:26:40,050	[INFO]	~~~~ WARMUP ~~~~
2024-06-06 14:26:41,284	[DEBUG]	EXEC>  SUCCESS 0.07087844
2024-06-06 14:26:41,284	[INFO]	WARM    SUCCESS               0.070878 (--) [0 edit(s)]  
2024-06-06 14:26:42,066	[DEBUG]	EXEC>  SUCCESS 0.07068911
2024-06-06 14:26:42,066	[INFO]	WARM    SUCCESS               0.070689 (--) [0 edit(s)]  
2024-06-06 14:26:42,962	[DEBUG]	EXEC>  SUCCESS 0.07060957
2024-06-06 14:26:42,962	[INFO]	WARM    SUCCESS               0.070610 (--) [0 edit(s)]  
2024-06-06 14:26:42,962	[INFO]	REF     SUCCESS               0.070610 (--) [0 edit(s)]  
2024-06-06 14:26:42,962	[INFO]	
2024-06-06 14:26:42,962	[INFO]	~~~~ START ~~~~
2024-06-06 14:26:43,847	[DEBUG]	EXEC>  SUCCESS 0.07046284
2024-06-06 14:26:43,847	[INFO]	1       SUCCESS              *0.070463 (99.79%) [1 edit(s)]  
2024-06-06 14:26:43,847	[DEBUG]	patch(1)="SrcmlStmtInsertion(('triangle.cpp.xml', '_inter_block', 11), ('triangle.cpp.xml', 'stmt', 5))"
--- before: triangle.cpp
+++ after: triangle.cpp
@@ -16,6 +16,7 @@
     a = b;
     b = tmp;
   }
+  tmp = a;
 
   if(a > c) {
     tmp = a;

2024-06-06 14:26:44,631	[INFO]	2       TEST_CODE_ERROR       None (--) [2 edit(s)]  
2024-06-06 14:26:44,632	[DEBUG]	patch(2)="SrcmlStmtInsertion(('triangle.cpp.xml', '_inter_block', 11), ('triangle.cpp.xml', 'stmt', 5)) | SrcmlStmtDeletion(('triangle.cpp.xml', 'stmt', 14))"
2024-06-06 14:26:45,324	[INFO]	3       TEST_CODE_ERROR       None (--) [2 edit(s)]  
2024-06-06 14:26:45,324	[DEBUG]	patch(3)="SrcmlStmtInsertion(('triangle.cpp.xml', '_inter_block', 11), ('triangle.cpp.xml', 'stmt', 5)) | SrcmlStmtReplacement(('triangle.cpp.xml', 'stmt', 22), ('triangle.cpp.xml', 'stmt', 12))"
2024-06-06 14:26:45,325	[INFO]	4       SUCCESS               0.070610 (100.00%) [0 edit(s)] [cached] 
2024-06-06 14:26:45,325	[DEBUG]	patch(4)=""
2024-06-06 14:26:45,425	[INFO]	5       COMPILE_CODE_ERROR    None (--) [2 edit(s)]  
2024-06-06 14:26:45,425	[DEBUG]	patch(5)="SrcmlStmtInsertion(('triangle.cpp.xml', '_inter_block', 11), ('triangle.cpp.xml', 'stmt', 5)) | SrcmlStmtReplacement(('triangle.cpp.xml', 'stmt', 1), ('triangle.cpp.xml', 'stmt', 11))"
2024-06-06 14:26:46,160	[INFO]	6       TEST_CODE_ERROR       None (--) [2 edit(s)]  
2024-06-06 14:26:46,160	[DEBUG]	patch(6)="SrcmlStmtInsertion(('triangle.cpp.xml', '_inter_block', 11), ('triangle.cpp.xml', 'stmt', 5)) | SrcmlStmtReplacement(('triangle.cpp.xml', 'stmt', 4), ('triangle.cpp.xml', 'stmt', 6))"
2024-06-06 14:26:46,853	[INFO]	7       TEST_CODE_ERROR       None (--) [2 edit(s)]  
2024-06-06 14:26:46,853	[DEBUG]	patch(7)="SrcmlStmtInsertion(('triangle.cpp.xml', '_inter_block', 11), ('triangle.cpp.xml', 'stmt', 5)) | SrcmlStmtReplacement(('triangle.cpp.xml', 'stmt', 21), ('triangle.cpp.xml', 'stmt', 19))"
2024-06-06 14:26:46,943	[INFO]	8       COMPILE_CODE_ERROR    None (--) [2 edit(s)]  
2024-06-06 14:26:46,943	[DEBUG]	patch(8)="SrcmlStmtInsertion(('triangle.cpp.xml', '_inter_block', 11), ('triangle.cpp.xml', 'stmt', 5)) | SrcmlStmtInsertion(('triangle.cpp.xml', '_inter_block', 13), ('triangle.cpp.xml', 'stmt', 2))"
2024-06-06 14:26:47,622	[INFO]	9       TEST_CODE_ERROR       None (--) [2 edit(s)]  
2024-06-06 14:26:47,622	[DEBUG]	patch(9)="SrcmlStmtInsertion(('triangle.cpp.xml', '_inter_block', 11), ('triangle.cpp.xml', 'stmt', 5)) | SrcmlStmtDeletion(('triangle.cpp.xml', 'stmt', 22))"
2024-06-06 14:26:48,363	[INFO]	10      TEST_CODE_ERROR       None (--) [2 edit(s)]  
2024-06-06 14:26:48,363	[DEBUG]	patch(10)="SrcmlStmtInsertion(('triangle.cpp.xml', '_inter_block', 11), ('triangle.cpp.xml', 'stmt', 5)) | SrcmlStmtReplacement(('triangle.cpp.xml', 'stmt', 4), ('triangle.cpp.xml', 'stmt', 7))"
2024-06-06 14:26:48,365	[INFO]	11      SUCCESS              +0.070463 (99.79%) [2 edit(s)] [cached] 
2024-06-06 14:26:48,365	[DEBUG]	patch(11)="SrcmlStmtInsertion(('triangle.cpp.xml', '_inter_block', 11), ('triangle.cpp.xml', 'stmt', 5)) | SrcmlStmtInsertion(('triangle.cpp.xml', '_inter_block', 24), ('triangle.cpp.xml', 'stmt', 10))"
2024-06-06 14:26:48,366	[INFO]	12      SUCCESS              +0.070463 (99.79%) [1 edit(s)] [cached] 
2024-06-06 14:26:48,366	[DEBUG]	patch(12)="SrcmlStmtInsertion(('triangle.cpp.xml', '_inter_block', 11), ('triangle.cpp.xml', 'stmt', 5))"
2024-06-06 14:26:48,367	[INFO]	13      SUCCESS               0.070610 (100.00%) [0 edit(s)] [cached] 
2024-06-06 14:26:48,367	[DEBUG]	patch(13)=""
2024-06-06 14:26:49,257	[DEBUG]	EXEC>  SUCCESS 0.06966514
2024-06-06 14:26:49,257	[INFO]	14      SUCCESS              *0.069665 (98.66%) [2 edit(s)]  
2024-06-06 14:26:49,257	[DEBUG]	patch(14)="SrcmlStmtInsertion(('triangle.cpp.xml', '_inter_block', 11), ('triangle.cpp.xml', 'stmt', 5)) | SrcmlStmtInsertion(('triangle.cpp.xml', '_inter_block', 29), ('triangle.cpp.xml', 'stmt', 18))"
--- before: triangle.cpp
+++ after: triangle.cpp
@@ -16,11 +16,16 @@
     a = b;
     b = tmp;
   }
+  tmp = a;
 
   if(a > c) {
     tmp = a;
     a = c;
     c = tmp;
+    if(a == b && b == c)/*auto*/{
+     
+      return EQUILATERAL;
+    }/*auto*/
   }
 
   if(b > c) {

2024-06-06 14:26:50,001	[DEBUG]	EXEC>  SUCCESS 0.0698234
2024-06-06 14:26:50,001	[INFO]	15      SUCCESS               0.069823 (98.89%) [1 edit(s)]  
2024-06-06 14:26:50,002	[DEBUG]	patch(15)="SrcmlStmtInsertion(('triangle.cpp.xml', '_inter_block', 29), ('triangle.cpp.xml', 'stmt', 18))"
2024-06-06 14:26:50,603	[INFO]	16      TEST_CODE_ERROR       None (--) [3 edit(s)]  
2024-06-06 14:26:50,603	[DEBUG]	patch(16)="SrcmlStmtInsertion(('triangle.cpp.xml', '_inter_block', 11), ('triangle.cpp.xml', 'stmt', 5)) | SrcmlStmtInsertion(('triangle.cpp.xml', '_inter_block', 29), ('triangle.cpp.xml', 'stmt', 18)) | SrcmlStmtDeletion(('triangle.cpp.xml', 'stmt', 15))"
2024-06-06 14:26:50,603	[INFO]	17      SUCCESS               0.070463 (99.79%) [1 edit(s)] [cached] 
2024-06-06 14:26:50,603	[DEBUG]	patch(17)="SrcmlStmtInsertion(('triangle.cpp.xml', '_inter_block', 11), ('triangle.cpp.xml', 'stmt', 5))"
2024-06-06 14:26:51,378	[INFO]	18      TEST_CODE_ERROR       None (--) [3 edit(s)]  
2024-06-06 14:26:51,378	[DEBUG]	patch(18)="SrcmlStmtInsertion(('triangle.cpp.xml', '_inter_block', 11), ('triangle.cpp.xml', 'stmt', 5)) | SrcmlStmtInsertion(('triangle.cpp.xml', '_inter_block', 29), ('triangle.cpp.xml', 'stmt', 18)) | SrcmlStmtInsertion(('triangle.cpp.xml', '_inter_block', 0), ('triangle.cpp.xml', 'stmt', 3))"
2024-06-06 14:26:52,030	[INFO]	19      TEST_CODE_ERROR       None (--) [3 edit(s)]  
2024-06-06 14:26:52,030	[DEBUG]	patch(19)="SrcmlStmtInsertion(('triangle.cpp.xml', '_inter_block', 11), ('triangle.cpp.xml', 'stmt', 5)) | SrcmlStmtInsertion(('triangle.cpp.xml', '_inter_block', 29), ('triangle.cpp.xml', 'stmt', 18)) | SrcmlStmtReplacement(('triangle.cpp.xml', 'stmt', 15), ('triangle.cpp.xml', 'stmt', 8))"
2024-06-06 14:26:52,628	[INFO]	20      TEST_CODE_ERROR       None (--) [3 edit(s)]  
2024-06-06 14:26:52,628	[DEBUG]	patch(20)="SrcmlStmtInsertion(('triangle.cpp.xml', '_inter_block', 11), ('triangle.cpp.xml', 'stmt', 5)) | SrcmlStmtInsertion(('triangle.cpp.xml', '_inter_block', 29), ('triangle.cpp.xml', 'stmt', 18)) | SrcmlStmtDeletion(('triangle.cpp.xml', 'stmt', 12))"
2024-06-06 14:26:53,316	[DEBUG]	EXEC>  SUCCESS 0.06991161
2024-06-06 14:26:53,317	[INFO]	21      SUCCESS               0.069912 (99.01%) [3 edit(s)]  
2024-06-06 14:26:53,317	[DEBUG]	patch(21)="SrcmlStmtInsertion(('triangle.cpp.xml', '_inter_block', 11), ('triangle.cpp.xml', 'stmt', 5)) | SrcmlStmtInsertion(('triangle.cpp.xml', '_inter_block', 29), ('triangle.cpp.xml', 'stmt', 18)) | SrcmlStmtInsertion(('triangle.cpp.xml', '_inter_block', 18), ('triangle.cpp.xml', 'stmt', 4))"
2024-06-06 14:26:54,094	[DEBUG]	EXEC>  SUCCESS 0.07209881
2024-06-06 14:26:54,094	[INFO]	22      SUCCESS               0.072099 (102.11%) [3 edit(s)]  
2024-06-06 14:26:54,095	[DEBUG]	patch(22)="SrcmlStmtInsertion(('triangle.cpp.xml', '_inter_block', 11), ('triangle.cpp.xml', 'stmt', 5)) | SrcmlStmtInsertion(('triangle.cpp.xml', '_inter_block', 29), ('triangle.cpp.xml', 'stmt', 18)) | SrcmlStmtInsertion(('triangle.cpp.xml', '_inter_block', 35), ('triangle.cpp.xml', 'stmt', 18))"
2024-06-06 14:26:54,694	[INFO]	23      TEST_CODE_ERROR       None (--) [3 edit(s)]  
2024-06-06 14:26:54,694	[DEBUG]	patch(23)="SrcmlStmtInsertion(('triangle.cpp.xml', '_inter_block', 11), ('triangle.cpp.xml', 'stmt', 5)) | SrcmlStmtInsertion(('triangle.cpp.xml', '_inter_block', 29), ('triangle.cpp.xml', 'stmt', 18)) | SrcmlStmtReplacement(('triangle.cpp.xml', 'stmt', 10), ('triangle.cpp.xml', 'stmt', 0))"
2024-06-06 14:26:54,786	[INFO]	24      COMPILE_CODE_ERROR    None (--) [3 edit(s)]  
2024-06-06 14:26:54,786	[DEBUG]	patch(24)="SrcmlStmtInsertion(('triangle.cpp.xml', '_inter_block', 11), ('triangle.cpp.xml', 'stmt', 5)) | SrcmlStmtInsertion(('triangle.cpp.xml', '_inter_block', 29), ('triangle.cpp.xml', 'stmt', 18)) | SrcmlStmtDeletion(('triangle.cpp.xml', 'stmt', 0))"
2024-06-06 14:26:54,883	[INFO]	25      COMPILE_CODE_ERROR    None (--) [3 edit(s)]  
2024-06-06 14:26:54,883	[DEBUG]	patch(25)="SrcmlStmtInsertion(('triangle.cpp.xml', '_inter_block', 11), ('triangle.cpp.xml', 'stmt', 5)) | SrcmlStmtInsertion(('triangle.cpp.xml', '_inter_block', 29), ('triangle.cpp.xml', 'stmt', 18)) | SrcmlStmtInsertion(('triangle.cpp.xml', '_inter_block', 8), ('triangle.cpp.xml', 'stmt', 7))"
2024-06-06 14:26:55,741	[DEBUG]	EXEC>  SUCCESS 0.07727017
2024-06-06 14:26:55,741	[INFO]	26      SUCCESS               0.077270 (109.43%) [3 edit(s)]  
2024-06-06 14:26:55,741	[DEBUG]	patch(26)="SrcmlStmtInsertion(('triangle.cpp.xml', '_inter_block', 11), ('triangle.cpp.xml', 'stmt', 5)) | SrcmlStmtInsertion(('triangle.cpp.xml', '_inter_block', 29), ('triangle.cpp.xml', 'stmt', 18)) | SrcmlStmtDeletion(('triangle.cpp.xml', 'stmt', 11))"
2024-06-06 14:26:56,324	[INFO]	27      TEST_CODE_ERROR       None (--) [3 edit(s)]  
2024-06-06 14:26:56,324	[DEBUG]	patch(27)="SrcmlStmtInsertion(('triangle.cpp.xml', '_inter_block', 11), ('triangle.cpp.xml', 'stmt', 5)) | SrcmlStmtInsertion(('triangle.cpp.xml', '_inter_block', 29), ('triangle.cpp.xml', 'stmt', 18)) | SrcmlStmtDeletion(('triangle.cpp.xml', 'stmt', 20))"
2024-06-06 14:26:56,996	[INFO]	28      TEST_CODE_ERROR       None (--) [3 edit(s)]  
2024-06-06 14:26:56,997	[DEBUG]	patch(28)="SrcmlStmtInsertion(('triangle.cpp.xml', '_inter_block', 11), ('triangle.cpp.xml', 'stmt', 5)) | SrcmlStmtInsertion(('triangle.cpp.xml', '_inter_block', 29), ('triangle.cpp.xml', 'stmt', 18)) | SrcmlStmtDeletion(('triangle.cpp.xml', 'stmt', 10))"
2024-06-06 14:26:57,095	[INFO]	29      COMPILE_CODE_ERROR    None (--) [3 edit(s)]  
2024-06-06 14:26:57,095	[DEBUG]	patch(29)="SrcmlStmtInsertion(('triangle.cpp.xml', '_inter_block', 11), ('triangle.cpp.xml', 'stmt', 5)) | SrcmlStmtInsertion(('triangle.cpp.xml', '_inter_block', 29), ('triangle.cpp.xml', 'stmt', 18)) | SrcmlStmtInsertion(('triangle.cpp.xml', '_inter_block', 6), ('triangle.cpp.xml', 'stmt', 14))"
2024-06-06 14:26:57,097	[INFO]	30      SUCCESS              +0.069665 (98.66%) [3 edit(s)] [cached] 
2024-06-06 14:26:57,097	[DEBUG]	patch(30)="SrcmlStmtInsertion(('triangle.cpp.xml', '_inter_block', 11), ('triangle.cpp.xml', 'stmt', 5)) | SrcmlStmtInsertion(('triangle.cpp.xml', '_inter_block', 29), ('triangle.cpp.xml', 'stmt', 18)) | SrcmlStmtInsertion(('triangle.cpp.xml', '_inter_block', 22), ('triangle.cpp.xml', 'stmt', 21))"
2024-06-06 14:26:57,884	[INFO]	31      TEST_CODE_ERROR       None (--) [2 edit(s)]  
2024-06-06 14:26:57,885	[DEBUG]	patch(31)="SrcmlStmtInsertion(('triangle.cpp.xml', '_inter_block', 29), ('triangle.cpp.xml', 'stmt', 18)) | SrcmlStmtInsertion(('triangle.cpp.xml', '_inter_block', 22), ('triangle.cpp.xml', 'stmt', 21))"
2024-06-06 14:26:57,886	[INFO]	32      SUCCESS               0.070463 (99.79%) [2 edit(s)] [cached] 
2024-06-06 14:26:57,886	[DEBUG]	patch(32)="SrcmlStmtInsertion(('triangle.cpp.xml', '_inter_block', 11), ('triangle.cpp.xml', 'stmt', 5)) | SrcmlStmtInsertion(('triangle.cpp.xml', '_inter_block', 22), ('triangle.cpp.xml', 'stmt', 21))"
2024-06-06 14:26:58,016	[INFO]	33      COMPILE_CODE_ERROR    None (--) [4 edit(s)]  
2024-06-06 14:26:58,016	[DEBUG]	patch(33)="SrcmlStmtInsertion(('triangle.cpp.xml', '_inter_block', 11), ('triangle.cpp.xml', 'stmt', 5)) | SrcmlStmtInsertion(('triangle.cpp.xml', '_inter_block', 29), ('triangle.cpp.xml', 'stmt', 18)) | SrcmlStmtInsertion(('triangle.cpp.xml', '_inter_block', 22), ('triangle.cpp.xml', 'stmt', 21)) | SrcmlStmtInsertion(('triangle.cpp.xml', '_inter_block', 2), ('triangle.cpp.xml', 'stmt', 15))"
2024-06-06 14:26:58,859	[DEBUG]	EXEC>  SUCCESS 0.07106849
2024-06-06 14:26:58,859	[INFO]	34      SUCCESS               0.071068 (100.65%) [4 edit(s)]  
2024-06-06 14:26:58,859	[DEBUG]	patch(34)="SrcmlStmtInsertion(('triangle.cpp.xml', '_inter_block', 11), ('triangle.cpp.xml', 'stmt', 5)) | SrcmlStmtInsertion(('triangle.cpp.xml', '_inter_block', 29), ('triangle.cpp.xml', 'stmt', 18)) | SrcmlStmtInsertion(('triangle.cpp.xml', '_inter_block', 22), ('triangle.cpp.xml', 'stmt', 21)) | SrcmlStmtInsertion(('triangle.cpp.xml', '_inter_block', 34), ('triangle.cpp.xml', 'stmt', 7))"
2024-06-06 14:26:58,970	[INFO]	35      COMPILE_CODE_ERROR    None (--) [4 edit(s)]  
2024-06-06 14:26:58,970	[DEBUG]	patch(35)="SrcmlStmtInsertion(('triangle.cpp.xml', '_inter_block', 11), ('triangle.cpp.xml', 'stmt', 5)) | SrcmlStmtInsertion(('triangle.cpp.xml', '_inter_block', 29), ('triangle.cpp.xml', 'stmt', 18)) | SrcmlStmtInsertion(('triangle.cpp.xml', '_inter_block', 22), ('triangle.cpp.xml', 'stmt', 21)) | SrcmlStmtInsertion(('triangle.cpp.xml', '_inter_block', 7), ('triangle.cpp.xml', 'stmt', 17))"
2024-06-06 14:26:59,821	[DEBUG]	EXEC>  SUCCESS 0.09112163
2024-06-06 14:26:59,821	[INFO]	36      SUCCESS               0.091122 (129.05%) [4 edit(s)]  
2024-06-06 14:26:59,821	[DEBUG]	patch(36)="SrcmlStmtInsertion(('triangle.cpp.xml', '_inter_block', 11), ('triangle.cpp.xml', 'stmt', 5)) | SrcmlStmtInsertion(('triangle.cpp.xml', '_inter_block', 29), ('triangle.cpp.xml', 'stmt', 18)) | SrcmlStmtInsertion(('triangle.cpp.xml', '_inter_block', 22), ('triangle.cpp.xml', 'stmt', 21)) | SrcmlStmtReplacement(('triangle.cpp.xml', 'stmt', 9), ('triangle.cpp.xml', 'stmt', 3))"
2024-06-06 14:27:00,683	[DEBUG]	EXEC>  SUCCESS 0.07076785
2024-06-06 14:27:00,683	[INFO]	37      SUCCESS               0.070768 (100.22%) [4 edit(s)]  
2024-06-06 14:27:00,683	[DEBUG]	patch(37)="SrcmlStmtInsertion(('triangle.cpp.xml', '_inter_block', 11), ('triangle.cpp.xml', 'stmt', 5)) | SrcmlStmtInsertion(('triangle.cpp.xml', '_inter_block', 29), ('triangle.cpp.xml', 'stmt', 18)) | SrcmlStmtInsertion(('triangle.cpp.xml', '_inter_block', 22), ('triangle.cpp.xml', 'stmt', 21)) | SrcmlStmtInsertion(('triangle.cpp.xml', '_inter_block', 28), ('triangle.cpp.xml', 'stmt', 8))"
2024-06-06 14:27:01,491	[DEBUG]	EXEC>  SUCCESS 0.07211212
2024-06-06 14:27:01,491	[INFO]	38      SUCCESS               0.072112 (102.13%) [4 edit(s)]  
2024-06-06 14:27:01,491	[DEBUG]	patch(38)="SrcmlStmtInsertion(('triangle.cpp.xml', '_inter_block', 11), ('triangle.cpp.xml', 'stmt', 5)) | SrcmlStmtInsertion(('triangle.cpp.xml', '_inter_block', 29), ('triangle.cpp.xml', 'stmt', 18)) | SrcmlStmtInsertion(('triangle.cpp.xml', '_inter_block', 22), ('triangle.cpp.xml', 'stmt', 21)) | SrcmlStmtReplacement(('triangle.cpp.xml', 'stmt', 4), ('triangle.cpp.xml', 'stmt', 13))"
2024-06-06 14:27:02,222	[INFO]	39      TEST_CODE_ERROR       None (--) [4 edit(s)]  
2024-06-06 14:27:02,222	[DEBUG]	patch(39)="SrcmlStmtInsertion(('triangle.cpp.xml', '_inter_block', 11), ('triangle.cpp.xml', 'stmt', 5)) | SrcmlStmtInsertion(('triangle.cpp.xml', '_inter_block', 29), ('triangle.cpp.xml', 'stmt', 18)) | SrcmlStmtInsertion(('triangle.cpp.xml', '_inter_block', 22), ('triangle.cpp.xml', 'stmt', 21)) | SrcmlStmtDeletion(('triangle.cpp.xml', 'stmt', 14))"
2024-06-06 14:27:02,955	[INFO]	40      TEST_CODE_ERROR       None (--) [4 edit(s)]  
2024-06-06 14:27:02,955	[DEBUG]	patch(40)="SrcmlStmtInsertion(('triangle.cpp.xml', '_inter_block', 11), ('triangle.cpp.xml', 'stmt', 5)) | SrcmlStmtInsertion(('triangle.cpp.xml', '_inter_block', 29), ('triangle.cpp.xml', 'stmt', 18)) | SrcmlStmtInsertion(('triangle.cpp.xml', '_inter_block', 22), ('triangle.cpp.xml', 'stmt', 21)) | SrcmlStmtDeletion(('triangle.cpp.xml', 'stmt', 19))"
2024-06-06 14:27:03,632	[INFO]	41      TEST_CODE_ERROR       None (--) [4 edit(s)]  
2024-06-06 14:27:03,632	[DEBUG]	patch(41)="SrcmlStmtInsertion(('triangle.cpp.xml', '_inter_block', 11), ('triangle.cpp.xml', 'stmt', 5)) | SrcmlStmtInsertion(('triangle.cpp.xml', '_inter_block', 29), ('triangle.cpp.xml', 'stmt', 18)) | SrcmlStmtInsertion(('triangle.cpp.xml', '_inter_block', 22), ('triangle.cpp.xml', 'stmt', 21)) | SrcmlStmtReplacement(('triangle.cpp.xml', 'stmt', 8), ('triangle.cpp.xml', 'stmt', 22))"
2024-06-06 14:27:03,633	[INFO]	42      SUCCESS              +0.069665 (98.66%) [4 edit(s)] [cached] 
2024-06-06 14:27:03,633	[DEBUG]	patch(42)="SrcmlStmtInsertion(('triangle.cpp.xml', '_inter_block', 11), ('triangle.cpp.xml', 'stmt', 5)) | SrcmlStmtInsertion(('triangle.cpp.xml', '_inter_block', 29), ('triangle.cpp.xml', 'stmt', 18)) | SrcmlStmtInsertion(('triangle.cpp.xml', '_inter_block', 22), ('triangle.cpp.xml', 'stmt', 21)) | SrcmlStmtDeletion(('triangle.cpp.xml', 'stmt', 6))"
2024-06-06 14:27:03,634	[INFO]	43      SUCCESS              +0.069665 (98.66%) [3 edit(s)] [cached] 
2024-06-06 14:27:03,634	[DEBUG]	patch(43)="SrcmlStmtInsertion(('triangle.cpp.xml', '_inter_block', 11), ('triangle.cpp.xml', 'stmt', 5)) | SrcmlStmtInsertion(('triangle.cpp.xml', '_inter_block', 29), ('triangle.cpp.xml', 'stmt', 18)) | SrcmlStmtDeletion(('triangle.cpp.xml', 'stmt', 6))"
2024-06-06 14:27:03,635	[INFO]	44      SUCCESS               0.070463 (99.79%) [2 edit(s)] [cached] 
2024-06-06 14:27:03,635	[DEBUG]	patch(44)="SrcmlStmtInsertion(('triangle.cpp.xml', '_inter_block', 11), ('triangle.cpp.xml', 'stmt', 5)) | SrcmlStmtDeletion(('triangle.cpp.xml', 'stmt', 6))"
2024-06-06 14:27:04,507	[DEBUG]	EXEC>  SUCCESS 0.08739095
2024-06-06 14:27:04,507	[INFO]	45      SUCCESS               0.087391 (123.77%) [4 edit(s)]  
2024-06-06 14:27:04,507	[DEBUG]	patch(45)="SrcmlStmtInsertion(('triangle.cpp.xml', '_inter_block', 11), ('triangle.cpp.xml', 'stmt', 5)) | SrcmlStmtInsertion(('triangle.cpp.xml', '_inter_block', 29), ('triangle.cpp.xml', 'stmt', 18)) | SrcmlStmtDeletion(('triangle.cpp.xml', 'stmt', 6)) | SrcmlStmtInsertion(('triangle.cpp.xml', '_inter_block', 27), ('triangle.cpp.xml', 'stmt', 3))"
2024-06-06 14:27:05,160	[INFO]	46      TEST_CODE_ERROR       None (--) [2 edit(s)]  
2024-06-06 14:27:05,160	[DEBUG]	patch(46)="SrcmlStmtInsertion(('triangle.cpp.xml', '_inter_block', 29), ('triangle.cpp.xml', 'stmt', 18)) | SrcmlStmtDeletion(('triangle.cpp.xml', 'stmt', 6))"
2024-06-06 14:27:05,924	[INFO]	47      TEST_CODE_ERROR       None (--) [4 edit(s)]  
2024-06-06 14:27:05,924	[DEBUG]	patch(47)="SrcmlStmtInsertion(('triangle.cpp.xml', '_inter_block', 11), ('triangle.cpp.xml', 'stmt', 5)) | SrcmlStmtInsertion(('triangle.cpp.xml', '_inter_block', 29), ('triangle.cpp.xml', 'stmt', 18)) | SrcmlStmtDeletion(('triangle.cpp.xml', 'stmt', 6)) | SrcmlStmtReplacement(('triangle.cpp.xml', 'stmt', 4), ('triangle.cpp.xml', 'stmt', 19))"
2024-06-06 14:27:05,926	[INFO]	48      TEST_CODE_ERROR       None (--) [4 edit(s)] [cached] 
2024-06-06 14:27:05,926	[DEBUG]	patch(48)="SrcmlStmtInsertion(('triangle.cpp.xml', '_inter_block', 11), ('triangle.cpp.xml', 'stmt', 5)) | SrcmlStmtInsertion(('triangle.cpp.xml', '_inter_block', 29), ('triangle.cpp.xml', 'stmt', 18)) | SrcmlStmtDeletion(('triangle.cpp.xml', 'stmt', 6)) | SrcmlStmtDeletion(('triangle.cpp.xml', 'stmt', 14))"
2024-06-06 14:27:06,822	[DEBUG]	EXEC>  SUCCESS 0.07062875
2024-06-06 14:27:06,822	[INFO]	49      SUCCESS               0.070629 (100.03%) [4 edit(s)]  
2024-06-06 14:27:06,822	[DEBUG]	patch(49)="SrcmlStmtInsertion(('triangle.cpp.xml', '_inter_block', 11), ('triangle.cpp.xml', 'stmt', 5)) | SrcmlStmtInsertion(('triangle.cpp.xml', '_inter_block', 29), ('triangle.cpp.xml', 'stmt', 18)) | SrcmlStmtDeletion(('triangle.cpp.xml', 'stmt', 6)) | SrcmlStmtDeletion(('triangle.cpp.xml', 'stmt', 9))"
2024-06-06 14:27:06,824	[INFO]	50      TEST_CODE_ERROR       None (--) [4 edit(s)] [cached] 
2024-06-06 14:27:06,824	[DEBUG]	patch(50)="SrcmlStmtInsertion(('triangle.cpp.xml', '_inter_block', 11), ('triangle.cpp.xml', 'stmt', 5)) | SrcmlStmtInsertion(('triangle.cpp.xml', '_inter_block', 29), ('triangle.cpp.xml', 'stmt', 18)) | SrcmlStmtDeletion(('triangle.cpp.xml', 'stmt', 6)) | SrcmlStmtDeletion(('triangle.cpp.xml', 'stmt', 10))"
2024-06-06 14:27:06,826	[INFO]	51      SUCCESS              +0.069665 (98.66%) [2 edit(s)] [cached] 
2024-06-06 14:27:06,826	[DEBUG]	patch(51)="SrcmlStmtInsertion(('triangle.cpp.xml', '_inter_block', 11), ('triangle.cpp.xml', 'stmt', 5)) | SrcmlStmtInsertion(('triangle.cpp.xml', '_inter_block', 29), ('triangle.cpp.xml', 'stmt', 18))"
2024-06-06 14:27:06,828	[INFO]	52      SUCCESS              +0.069665 (98.66%) [3 edit(s)] [cached] 
2024-06-06 14:27:06,828	[DEBUG]	patch(52)="SrcmlStmtInsertion(('triangle.cpp.xml', '_inter_block', 11), ('triangle.cpp.xml', 'stmt', 5)) | SrcmlStmtInsertion(('triangle.cpp.xml', '_inter_block', 29), ('triangle.cpp.xml', 'stmt', 18)) | SrcmlStmtReplacement(('triangle.cpp.xml', 'stmt', 17), ('triangle.cpp.xml', 'stmt', 17))"
2024-06-06 14:27:07,581	[INFO]	53      TEST_CODE_ERROR       None (--) [4 edit(s)]  
2024-06-06 14:27:07,581	[DEBUG]	patch(53)="SrcmlStmtInsertion(('triangle.cpp.xml', '_inter_block', 11), ('triangle.cpp.xml', 'stmt', 5)) | SrcmlStmtInsertion(('triangle.cpp.xml', '_inter_block', 29), ('triangle.cpp.xml', 'stmt', 18)) | SrcmlStmtReplacement(('triangle.cpp.xml', 'stmt', 17), ('triangle.cpp.xml', 'stmt', 17)) | SrcmlStmtReplacement(('triangle.cpp.xml', 'stmt', 12), ('triangle.cpp.xml', 'stmt', 16))"
2024-06-06 14:27:07,583	[INFO]	54      SUCCESS               0.070463 (99.79%) [2 edit(s)] [cached] 
2024-06-06 14:27:07,583	[DEBUG]	patch(54)="SrcmlStmtInsertion(('triangle.cpp.xml', '_inter_block', 11), ('triangle.cpp.xml', 'stmt', 5)) | SrcmlStmtReplacement(('triangle.cpp.xml', 'stmt', 17), ('triangle.cpp.xml', 'stmt', 17))"
2024-06-06 14:27:07,585	[INFO]	55      SUCCESS              +0.069665 (98.66%) [4 edit(s)] [cached] 
2024-06-06 14:27:07,585	[DEBUG]	patch(55)="SrcmlStmtInsertion(('triangle.cpp.xml', '_inter_block', 11), ('triangle.cpp.xml', 'stmt', 5)) | SrcmlStmtInsertion(('triangle.cpp.xml', '_inter_block', 29), ('triangle.cpp.xml', 'stmt', 18)) | SrcmlStmtReplacement(('triangle.cpp.xml', 'stmt', 17), ('triangle.cpp.xml', 'stmt', 17)) | SrcmlStmtInsertion(('triangle.cpp.xml', '_inter_block', 23), ('triangle.cpp.xml', 'stmt', 12))"
2024-06-06 14:27:07,717	[INFO]	56      COMPILE_CODE_ERROR    None (--) [5 edit(s)]  
2024-06-06 14:27:07,717	[DEBUG]	patch(56)="SrcmlStmtInsertion(('triangle.cpp.xml', '_inter_block', 11), ('triangle.cpp.xml', 'stmt', 5)) | SrcmlStmtInsertion(('triangle.cpp.xml', '_inter_block', 29), ('triangle.cpp.xml', 'stmt', 18)) | SrcmlStmtReplacement(('triangle.cpp.xml', 'stmt', 17), ('triangle.cpp.xml', 'stmt', 17)) | SrcmlStmtInsertion(('triangle.cpp.xml', '_inter_block', 23), ('triangle.cpp.xml', 'stmt', 12)) | SrcmlStmtReplacement(('triangle.cpp.xml', 'stmt', 0), ('triangle.cpp.xml', 'stmt', 20))"
2024-06-06 14:27:07,839	[INFO]	57      COMPILE_CODE_ERROR    None (--) [5 edit(s)]  
2024-06-06 14:27:07,839	[DEBUG]	patch(57)="SrcmlStmtInsertion(('triangle.cpp.xml', '_inter_block', 11), ('triangle.cpp.xml', 'stmt', 5)) | SrcmlStmtInsertion(('triangle.cpp.xml', '_inter_block', 29), ('triangle.cpp.xml', 'stmt', 18)) | SrcmlStmtReplacement(('triangle.cpp.xml', 'stmt', 17), ('triangle.cpp.xml', 'stmt', 17)) | SrcmlStmtInsertion(('triangle.cpp.xml', '_inter_block', 23), ('triangle.cpp.xml', 'stmt', 12)) | SrcmlStmtInsertion(('triangle.cpp.xml', '_inter_block', 17), ('triangle.cpp.xml', 'stmt', 2))"
2024-06-06 14:27:07,944	[INFO]	58      COMPILE_CODE_ERROR    None (--) [5 edit(s)]  
2024-06-06 14:27:07,945	[DEBUG]	patch(58)="SrcmlStmtInsertion(('triangle.cpp.xml', '_inter_block', 11), ('triangle.cpp.xml', 'stmt', 5)) | SrcmlStmtInsertion(('triangle.cpp.xml', '_inter_block', 29), ('triangle.cpp.xml', 'stmt', 18)) | SrcmlStmtReplacement(('triangle.cpp.xml', 'stmt', 17), ('triangle.cpp.xml', 'stmt', 17)) | SrcmlStmtInsertion(('triangle.cpp.xml', '_inter_block', 23), ('triangle.cpp.xml', 'stmt', 12)) | SrcmlStmtReplacement(('triangle.cpp.xml', 'stmt', 0), ('triangle.cpp.xml', 'stmt', 21))"
2024-06-06 14:27:08,883	[DEBUG]	EXEC>  SUCCESS 0.07127098
2024-06-06 14:27:08,883	[INFO]	59      SUCCESS               0.071271 (100.94%) [5 edit(s)]  
2024-06-06 14:27:08,883	[DEBUG]	patch(59)="SrcmlStmtInsertion(('triangle.cpp.xml', '_inter_block', 11), ('triangle.cpp.xml', 'stmt', 5)) | SrcmlStmtInsertion(('triangle.cpp.xml', '_inter_block', 29), ('triangle.cpp.xml', 'stmt', 18)) | SrcmlStmtReplacement(('triangle.cpp.xml', 'stmt', 17), ('triangle.cpp.xml', 'stmt', 17)) | SrcmlStmtInsertion(('triangle.cpp.xml', '_inter_block', 23), ('triangle.cpp.xml', 'stmt', 12)) | SrcmlStmtInsertion(('triangle.cpp.xml', '_inter_block', 35), ('triangle.cpp.xml', 'stmt', 7))"
2024-06-06 14:27:09,717	[INFO]	60      TEST_CODE_ERROR       None (--) [3 edit(s)]  
2024-06-06 14:27:09,717	[DEBUG]	patch(60)="SrcmlStmtInsertion(('triangle.cpp.xml', '_inter_block', 29), ('triangle.cpp.xml', 'stmt', 18)) | SrcmlStmtReplacement(('triangle.cpp.xml', 'stmt', 17), ('triangle.cpp.xml', 'stmt', 17)) | SrcmlStmtInsertion(('triangle.cpp.xml', '_inter_block', 23), ('triangle.cpp.xml', 'stmt', 12))"
2024-06-06 14:27:09,719	[INFO]	61      TEST_CODE_ERROR       None (--) [5 edit(s)] [cached] 
2024-06-06 14:27:09,719	[DEBUG]	patch(61)="SrcmlStmtInsertion(('triangle.cpp.xml', '_inter_block', 11), ('triangle.cpp.xml', 'stmt', 5)) | SrcmlStmtInsertion(('triangle.cpp.xml', '_inter_block', 29), ('triangle.cpp.xml', 'stmt', 18)) | SrcmlStmtReplacement(('triangle.cpp.xml', 'stmt', 17), ('triangle.cpp.xml', 'stmt', 17)) | SrcmlStmtInsertion(('triangle.cpp.xml', '_inter_block', 23), ('triangle.cpp.xml', 'stmt', 12)) | SrcmlStmtDeletion(('triangle.cpp.xml', 'stmt', 12))"
2024-06-06 14:27:09,721	[INFO]	62      SUCCESS              +0.069665 (98.66%) [3 edit(s)] [cached] 
2024-06-06 14:27:09,721	[DEBUG]	patch(62)="SrcmlStmtInsertion(('triangle.cpp.xml', '_inter_block', 11), ('triangle.cpp.xml', 'stmt', 5)) | SrcmlStmtInsertion(('triangle.cpp.xml', '_inter_block', 29), ('triangle.cpp.xml', 'stmt', 18)) | SrcmlStmtInsertion(('triangle.cpp.xml', '_inter_block', 23), ('triangle.cpp.xml', 'stmt', 12))"
2024-06-06 14:27:09,722	[INFO]	63      SUCCESS               0.070463 (99.79%) [2 edit(s)] [cached] 
2024-06-06 14:27:09,722	[DEBUG]	patch(63)="SrcmlStmtInsertion(('triangle.cpp.xml', '_inter_block', 11), ('triangle.cpp.xml', 'stmt', 5)) | SrcmlStmtInsertion(('triangle.cpp.xml', '_inter_block', 23), ('triangle.cpp.xml', 'stmt', 12))"
2024-06-06 14:27:09,723	[INFO]	64      TEST_CODE_ERROR       None (--) [2 edit(s)] [cached] 
2024-06-06 14:27:09,724	[DEBUG]	patch(64)="SrcmlStmtInsertion(('triangle.cpp.xml', '_inter_block', 29), ('triangle.cpp.xml', 'stmt', 18)) | SrcmlStmtInsertion(('triangle.cpp.xml', '_inter_block', 23), ('triangle.cpp.xml', 'stmt', 12))"
2024-06-06 14:27:10,513	[INFO]	65      TEST_CODE_ERROR       None (--) [4 edit(s)]  
2024-06-06 14:27:10,513	[DEBUG]	patch(65)="SrcmlStmtInsertion(('triangle.cpp.xml', '_inter_block', 11), ('triangle.cpp.xml', 'stmt', 5)) | SrcmlStmtInsertion(('triangle.cpp.xml', '_inter_block', 29), ('triangle.cpp.xml', 'stmt', 18)) | SrcmlStmtInsertion(('triangle.cpp.xml', '_inter_block', 23), ('triangle.cpp.xml', 'stmt', 12)) | SrcmlStmtDeletion(('triangle.cpp.xml', 'stmt', 18))"
2024-06-06 14:27:11,295	[INFO]	66      TEST_CODE_ERROR       None (--) [4 edit(s)]  
2024-06-06 14:27:11,295	[DEBUG]	patch(66)="SrcmlStmtInsertion(('triangle.cpp.xml', '_inter_block', 11), ('triangle.cpp.xml', 'stmt', 5)) | SrcmlStmtInsertion(('triangle.cpp.xml', '_inter_block', 29), ('triangle.cpp.xml', 'stmt', 18)) | SrcmlStmtInsertion(('triangle.cpp.xml', '_inter_block', 23), ('triangle.cpp.xml', 'stmt', 12)) | SrcmlStmtReplacement(('triangle.cpp.xml', 'stmt', 4), ('triangle.cpp.xml', 'stmt', 15))"
2024-06-06 14:27:11,983	[INFO]	67      TEST_CODE_ERROR       None (--) [4 edit(s)]  
2024-06-06 14:27:11,984	[DEBUG]	patch(67)="SrcmlStmtInsertion(('triangle.cpp.xml', '_inter_block', 11), ('triangle.cpp.xml', 'stmt', 5)) | SrcmlStmtInsertion(('triangle.cpp.xml', '_inter_block', 29), ('triangle.cpp.xml', 'stmt', 18)) | SrcmlStmtInsertion(('triangle.cpp.xml', '_inter_block', 23), ('triangle.cpp.xml', 'stmt', 12)) | SrcmlStmtReplacement(('triangle.cpp.xml', 'stmt', 18), ('triangle.cpp.xml', 'stmt', 10))"
2024-06-06 14:27:11,985	[INFO]	68      TEST_CODE_ERROR       None (--) [4 edit(s)] [cached] 
2024-06-06 14:27:11,986	[DEBUG]	patch(68)="SrcmlStmtInsertion(('triangle.cpp.xml', '_inter_block', 11), ('triangle.cpp.xml', 'stmt', 5)) | SrcmlStmtInsertion(('triangle.cpp.xml', '_inter_block', 29), ('triangle.cpp.xml', 'stmt', 18)) | SrcmlStmtInsertion(('triangle.cpp.xml', '_inter_block', 23), ('triangle.cpp.xml', 'stmt', 12)) | SrcmlStmtDeletion(('triangle.cpp.xml', 'stmt', 20))"
2024-06-06 14:27:11,987	[INFO]	69      TEST_CODE_ERROR       None (--) [4 edit(s)] [cached] 
2024-06-06 14:27:11,987	[DEBUG]	patch(69)="SrcmlStmtInsertion(('triangle.cpp.xml', '_inter_block', 11), ('triangle.cpp.xml', 'stmt', 5)) | SrcmlStmtInsertion(('triangle.cpp.xml', '_inter_block', 29), ('triangle.cpp.xml', 'stmt', 18)) | SrcmlStmtInsertion(('triangle.cpp.xml', '_inter_block', 23), ('triangle.cpp.xml', 'stmt', 12)) | SrcmlStmtDeletion(('triangle.cpp.xml', 'stmt', 15))"
2024-06-06 14:27:11,989	[INFO]	70      SUCCESS              +0.069665 (98.66%) [2 edit(s)] [cached] 
2024-06-06 14:27:11,989	[DEBUG]	patch(70)="SrcmlStmtInsertion(('triangle.cpp.xml', '_inter_block', 11), ('triangle.cpp.xml', 'stmt', 5)) | SrcmlStmtInsertion(('triangle.cpp.xml', '_inter_block', 29), ('triangle.cpp.xml', 'stmt', 18))"
2024-06-06 14:27:11,990	[INFO]	71      SUCCESS               0.069823 (98.89%) [1 edit(s)] [cached] 
2024-06-06 14:27:11,990	[DEBUG]	patch(71)="SrcmlStmtInsertion(('triangle.cpp.xml', '_inter_block', 29), ('triangle.cpp.xml', 'stmt', 18))"
2024-06-06 14:27:11,991	[INFO]	72      SUCCESS               0.070463 (99.79%) [1 edit(s)] [cached] 
2024-06-06 14:27:11,991	[DEBUG]	patch(72)="SrcmlStmtInsertion(('triangle.cpp.xml', '_inter_block', 11), ('triangle.cpp.xml', 'stmt', 5))"
2024-06-06 14:27:12,720	[INFO]	73      TEST_CODE_ERROR       None (--) [3 edit(s)]  
2024-06-06 14:27:12,720	[DEBUG]	patch(73)="SrcmlStmtInsertion(('triangle.cpp.xml', '_inter_block', 11), ('triangle.cpp.xml', 'stmt', 5)) | SrcmlStmtInsertion(('triangle.cpp.xml', '_inter_block', 29), ('triangle.cpp.xml', 'stmt', 18)) | SrcmlStmtReplacement(('triangle.cpp.xml', 'stmt', 22), ('triangle.cpp.xml', 'stmt', 12))"
2024-06-06 14:27:12,721	[INFO]	74      SUCCESS               0.070463 (99.79%) [3 edit(s)] [cached] 
2024-06-06 14:27:12,721	[DEBUG]	patch(74)="SrcmlStmtInsertion(('triangle.cpp.xml', '_inter_block', 11), ('triangle.cpp.xml', 'stmt', 5)) | SrcmlStmtInsertion(('triangle.cpp.xml', '_inter_block', 29), ('triangle.cpp.xml', 'stmt', 18)) | SrcmlStmtReplacement(('triangle.cpp.xml', 'stmt', 8), ('triangle.cpp.xml', 'stmt', 8))"
2024-06-06 14:27:13,446	[DEBUG]	EXEC>  SUCCESS 0.07080199
2024-06-06 14:27:13,447	[INFO]	75      SUCCESS               0.070802 (100.27%) [3 edit(s)]  
2024-06-06 14:27:13,447	[DEBUG]	patch(75)="SrcmlStmtInsertion(('triangle.cpp.xml', '_inter_block', 11), ('triangle.cpp.xml', 'stmt', 5)) | SrcmlStmtInsertion(('triangle.cpp.xml', '_inter_block', 29), ('triangle.cpp.xml', 'stmt', 18)) | SrcmlStmtInsertion(('triangle.cpp.xml', '_inter_block', 10), ('triangle.cpp.xml', 'stmt', 12))"
2024-06-06 14:27:13,556	[INFO]	76      COMPILE_CODE_ERROR    None (--) [3 edit(s)]  
2024-06-06 14:27:13,556	[DEBUG]	patch(76)="SrcmlStmtInsertion(('triangle.cpp.xml', '_inter_block', 11), ('triangle.cpp.xml', 'stmt', 5)) | SrcmlStmtInsertion(('triangle.cpp.xml', '_inter_block', 29), ('triangle.cpp.xml', 'stmt', 18)) | SrcmlStmtInsertion(('triangle.cpp.xml', '_inter_block', 18), ('triangle.cpp.xml', 'stmt', 1))"
2024-06-06 14:27:13,558	[INFO]	77      SUCCESS              +0.069665 (98.66%) [3 edit(s)] [cached] 
2024-06-06 14:27:13,558	[DEBUG]	patch(77)="SrcmlStmtInsertion(('triangle.cpp.xml', '_inter_block', 11), ('triangle.cpp.xml', 'stmt', 5)) | SrcmlStmtInsertion(('triangle.cpp.xml', '_inter_block', 29), ('triangle.cpp.xml', 'stmt', 18)) | SrcmlStmtInsertion(('triangle.cpp.xml', '_inter_block', 23), ('triangle.cpp.xml', 'stmt', 5))"
2024-06-06 14:27:13,560	[INFO]	78      TEST_CODE_ERROR       None (--) [4 edit(s)] [cached] 
2024-06-06 14:27:13,560	[DEBUG]	patch(78)="SrcmlStmtInsertion(('triangle.cpp.xml', '_inter_block', 11), ('triangle.cpp.xml', 'stmt', 5)) | SrcmlStmtInsertion(('triangle.cpp.xml', '_inter_block', 29), ('triangle.cpp.xml', 'stmt', 18)) | SrcmlStmtInsertion(('triangle.cpp.xml', '_inter_block', 23), ('triangle.cpp.xml', 'stmt', 5)) | SrcmlStmtDeletion(('triangle.cpp.xml', 'stmt', 12))"
2024-06-06 14:27:13,562	[INFO]	79      SUCCESS              +0.069665 (98.66%) [4 edit(s)] [cached] 
2024-06-06 14:27:13,562	[DEBUG]	patch(79)="SrcmlStmtInsertion(('triangle.cpp.xml', '_inter_block', 11), ('triangle.cpp.xml', 'stmt', 5)) | SrcmlStmtInsertion(('triangle.cpp.xml', '_inter_block', 29), ('triangle.cpp.xml', 'stmt', 18)) | SrcmlStmtInsertion(('triangle.cpp.xml', '_inter_block', 23), ('triangle.cpp.xml', 'stmt', 5)) | SrcmlStmtReplacement(('triangle.cpp.xml', 'stmt', 12), ('triangle.cpp.xml', 'stmt', 12))"
2024-06-06 14:27:13,564	[INFO]	80      SUCCESS               0.070463 (99.79%) [3 edit(s)] [cached] 
2024-06-06 14:27:13,564	[DEBUG]	patch(80)="SrcmlStmtInsertion(('triangle.cpp.xml', '_inter_block', 11), ('triangle.cpp.xml', 'stmt', 5)) | SrcmlStmtInsertion(('triangle.cpp.xml', '_inter_block', 23), ('triangle.cpp.xml', 'stmt', 5)) | SrcmlStmtReplacement(('triangle.cpp.xml', 'stmt', 12), ('triangle.cpp.xml', 'stmt', 12))"
2024-06-06 14:27:13,566	[INFO]	81      SUCCESS              +0.069665 (98.66%) [5 edit(s)] [cached] 
2024-06-06 14:27:13,566	[DEBUG]	patch(81)="SrcmlStmtInsertion(('triangle.cpp.xml', '_inter_block', 11), ('triangle.cpp.xml', 'stmt', 5)) | SrcmlStmtInsertion(('triangle.cpp.xml', '_inter_block', 29), ('triangle.cpp.xml', 'stmt', 18)) | SrcmlStmtInsertion(('triangle.cpp.xml', '_inter_block', 23), ('triangle.cpp.xml', 'stmt', 5)) | SrcmlStmtReplacement(('triangle.cpp.xml', 'stmt', 12), ('triangle.cpp.xml', 'stmt', 12)) | SrcmlStmtDeletion(('triangle.cpp.xml', 'stmt', 7))"
2024-06-06 14:27:13,567	[INFO]	82      SUCCESS               0.070463 (99.79%) [4 edit(s)] [cached] 
2024-06-06 14:27:13,567	[DEBUG]	patch(82)="SrcmlStmtInsertion(('triangle.cpp.xml', '_inter_block', 11), ('triangle.cpp.xml', 'stmt', 5)) | SrcmlStmtInsertion(('triangle.cpp.xml', '_inter_block', 23), ('triangle.cpp.xml', 'stmt', 5)) | SrcmlStmtReplacement(('triangle.cpp.xml', 'stmt', 12), ('triangle.cpp.xml', 'stmt', 12)) | SrcmlStmtDeletion(('triangle.cpp.xml', 'stmt', 7))"
2024-06-06 14:27:14,273	[INFO]	83      TEST_CODE_ERROR       None (--) [6 edit(s)]  
2024-06-06 14:27:14,273	[DEBUG]	patch(83)="SrcmlStmtInsertion(('triangle.cpp.xml', '_inter_block', 11), ('triangle.cpp.xml', 'stmt', 5)) | SrcmlStmtInsertion(('triangle.cpp.xml', '_inter_block', 29), ('triangle.cpp.xml', 'stmt', 18)) | SrcmlStmtInsertion(('triangle.cpp.xml', '_inter_block', 23), ('triangle.cpp.xml', 'stmt', 5)) | SrcmlStmtReplacement(('triangle.cpp.xml', 'stmt', 12), ('triangle.cpp.xml', 'stmt', 12)) | SrcmlStmtDeletion(('triangle.cpp.xml', 'stmt', 7)) | SrcmlStmtDeletion(('triangle.cpp.xml', 'stmt', 17))"
2024-06-06 14:27:14,945	[INFO]	84      TEST_CODE_ERROR       None (--) [4 edit(s)]  
2024-06-06 14:27:14,945	[DEBUG]	patch(84)="SrcmlStmtInsertion(('triangle.cpp.xml', '_inter_block', 29), ('triangle.cpp.xml', 'stmt', 18)) | SrcmlStmtInsertion(('triangle.cpp.xml', '_inter_block', 23), ('triangle.cpp.xml', 'stmt', 5)) | SrcmlStmtReplacement(('triangle.cpp.xml', 'stmt', 12), ('triangle.cpp.xml', 'stmt', 12)) | SrcmlStmtDeletion(('triangle.cpp.xml', 'stmt', 7))"
2024-06-06 14:27:14,946	[INFO]	85      SUCCESS              +0.069665 (98.66%) [4 edit(s)] [cached] 
2024-06-06 14:27:14,946	[DEBUG]	patch(85)="SrcmlStmtInsertion(('triangle.cpp.xml', '_inter_block', 11), ('triangle.cpp.xml', 'stmt', 5)) | SrcmlStmtInsertion(('triangle.cpp.xml', '_inter_block', 29), ('triangle.cpp.xml', 'stmt', 18)) | SrcmlStmtInsertion(('triangle.cpp.xml', '_inter_block', 23), ('triangle.cpp.xml', 'stmt', 5)) | SrcmlStmtDeletion(('triangle.cpp.xml', 'stmt', 7))"
2024-06-06 14:27:14,947	[INFO]	86      SUCCESS              +0.069665 (98.66%) [3 edit(s)] [cached] 
2024-06-06 14:27:14,947	[DEBUG]	patch(86)="SrcmlStmtInsertion(('triangle.cpp.xml', '_inter_block', 11), ('triangle.cpp.xml', 'stmt', 5)) | SrcmlStmtInsertion(('triangle.cpp.xml', '_inter_block', 29), ('triangle.cpp.xml', 'stmt', 18)) | SrcmlStmtInsertion(('triangle.cpp.xml', '_inter_block', 23), ('triangle.cpp.xml', 'stmt', 5))"
2024-06-06 14:27:15,659	[DEBUG]	EXEC>  SUCCESS 0.07158657
2024-06-06 14:27:15,659	[INFO]	87      SUCCESS               0.071587 (101.38%) [4 edit(s)]  
2024-06-06 14:27:15,659	[DEBUG]	patch(87)="SrcmlStmtInsertion(('triangle.cpp.xml', '_inter_block', 11), ('triangle.cpp.xml', 'stmt', 5)) | SrcmlStmtInsertion(('triangle.cpp.xml', '_inter_block', 29), ('triangle.cpp.xml', 'stmt', 18)) | SrcmlStmtInsertion(('triangle.cpp.xml', '_inter_block', 23), ('triangle.cpp.xml', 'stmt', 5)) | SrcmlStmtReplacement(('triangle.cpp.xml', 'stmt', 4), ('triangle.cpp.xml', 'stmt', 12))"
2024-06-06 14:27:15,661	[INFO]	88      COMPILE_CODE_ERROR    None (--) [4 edit(s)] [cached] 
2024-06-06 14:27:15,661	[DEBUG]	patch(88)="SrcmlStmtInsertion(('triangle.cpp.xml', '_inter_block', 11), ('triangle.cpp.xml', 'stmt', 5)) | SrcmlStmtInsertion(('triangle.cpp.xml', '_inter_block', 29), ('triangle.cpp.xml', 'stmt', 18)) | SrcmlStmtInsertion(('triangle.cpp.xml', '_inter_block', 23), ('triangle.cpp.xml', 'stmt', 5)) | SrcmlStmtDeletion(('triangle.cpp.xml', 'stmt', 0))"
2024-06-06 14:27:15,663	[INFO]	89      TEST_CODE_ERROR       None (--) [4 edit(s)] [cached] 
2024-06-06 14:27:15,663	[DEBUG]	patch(89)="SrcmlStmtInsertion(('triangle.cpp.xml', '_inter_block', 11), ('triangle.cpp.xml', 'stmt', 5)) | SrcmlStmtInsertion(('triangle.cpp.xml', '_inter_block', 29), ('triangle.cpp.xml', 'stmt', 18)) | SrcmlStmtInsertion(('triangle.cpp.xml', '_inter_block', 23), ('triangle.cpp.xml', 'stmt', 5)) | SrcmlStmtDeletion(('triangle.cpp.xml', 'stmt', 20))"
2024-06-06 14:27:16,403	[INFO]	90      TEST_CODE_ERROR       None (--) [4 edit(s)]  
2024-06-06 14:27:16,403	[DEBUG]	patch(90)="SrcmlStmtInsertion(('triangle.cpp.xml', '_inter_block', 11), ('triangle.cpp.xml', 'stmt', 5)) | SrcmlStmtInsertion(('triangle.cpp.xml', '_inter_block', 29), ('triangle.cpp.xml', 'stmt', 18)) | SrcmlStmtInsertion(('triangle.cpp.xml', '_inter_block', 23), ('triangle.cpp.xml', 'stmt', 5)) | SrcmlStmtDeletion(('triangle.cpp.xml', 'stmt', 22))"
2024-06-06 14:27:16,491	[INFO]	91      COMPILE_CODE_ERROR    None (--) [4 edit(s)]  
2024-06-06 14:27:16,491	[DEBUG]	patch(91)="SrcmlStmtInsertion(('triangle.cpp.xml', '_inter_block', 11), ('triangle.cpp.xml', 'stmt', 5)) | SrcmlStmtInsertion(('triangle.cpp.xml', '_inter_block', 29), ('triangle.cpp.xml', 'stmt', 18)) | SrcmlStmtInsertion(('triangle.cpp.xml', '_inter_block', 23), ('triangle.cpp.xml', 'stmt', 5)) | SrcmlStmtInsertion(('triangle.cpp.xml', '_inter_block', 5), ('triangle.cpp.xml', 'stmt', 8))"
2024-06-06 14:27:17,318	[DEBUG]	EXEC>  SUCCESS 0.0706785
2024-06-06 14:27:17,318	[INFO]	92      SUCCESS               0.070679 (100.10%) [2 edit(s)]  
2024-06-06 14:27:17,318	[DEBUG]	patch(92)="SrcmlStmtInsertion(('triangle.cpp.xml', '_inter_block', 29), ('triangle.cpp.xml', 'stmt', 18)) | SrcmlStmtInsertion(('triangle.cpp.xml', '_inter_block', 23), ('triangle.cpp.xml', 'stmt', 5))"
2024-06-06 14:27:18,083	[INFO]	93      TEST_CODE_ERROR       None (--) [4 edit(s)]  
2024-06-06 14:27:18,083	[DEBUG]	patch(93)="SrcmlStmtInsertion(('triangle.cpp.xml', '_inter_block', 11), ('triangle.cpp.xml', 'stmt', 5)) | SrcmlStmtInsertion(('triangle.cpp.xml', '_inter_block', 29), ('triangle.cpp.xml', 'stmt', 18)) | SrcmlStmtInsertion(('triangle.cpp.xml', '_inter_block', 23), ('triangle.cpp.xml', 'stmt', 5)) | SrcmlStmtDeletion(('triangle.cpp.xml', 'stmt', 16))"
2024-06-06 14:27:18,180	[INFO]	94      COMPILE_CODE_ERROR    None (--) [4 edit(s)]  
2024-06-06 14:27:18,180	[DEBUG]	patch(94)="SrcmlStmtInsertion(('triangle.cpp.xml', '_inter_block', 11), ('triangle.cpp.xml', 'stmt', 5)) | SrcmlStmtInsertion(('triangle.cpp.xml', '_inter_block', 29), ('triangle.cpp.xml', 'stmt', 18)) | SrcmlStmtInsertion(('triangle.cpp.xml', '_inter_block', 23), ('triangle.cpp.xml', 'stmt', 5)) | SrcmlStmtReplacement(('triangle.cpp.xml', 'stmt', 12), ('triangle.cpp.xml', 'stmt', 2))"
2024-06-06 14:27:18,182	[INFO]	95      SUCCESS               0.077270 (109.43%) [4 edit(s)] [cached] 
2024-06-06 14:27:18,182	[DEBUG]	patch(95)="SrcmlStmtInsertion(('triangle.cpp.xml', '_inter_block', 11), ('triangle.cpp.xml', 'stmt', 5)) | SrcmlStmtInsertion(('triangle.cpp.xml', '_inter_block', 29), ('triangle.cpp.xml', 'stmt', 18)) | SrcmlStmtInsertion(('triangle.cpp.xml', '_inter_block', 23), ('triangle.cpp.xml', 'stmt', 5)) | SrcmlStmtDeletion(('triangle.cpp.xml', 'stmt', 11))"
2024-06-06 14:27:18,184	[INFO]	96      TEST_CODE_ERROR       None (--) [4 edit(s)] [cached] 
2024-06-06 14:27:18,184	[DEBUG]	patch(96)="SrcmlStmtInsertion(('triangle.cpp.xml', '_inter_block', 11), ('triangle.cpp.xml', 'stmt', 5)) | SrcmlStmtInsertion(('triangle.cpp.xml', '_inter_block', 29), ('triangle.cpp.xml', 'stmt', 18)) | SrcmlStmtInsertion(('triangle.cpp.xml', '_inter_block', 23), ('triangle.cpp.xml', 'stmt', 5)) | SrcmlStmtReplacement(('triangle.cpp.xml', 'stmt', 8), ('triangle.cpp.xml', 'stmt', 22))"
2024-06-06 14:27:18,186	[INFO]	97      SUCCESS               0.070463 (99.79%) [2 edit(s)] [cached] 
2024-06-06 14:27:18,186	[DEBUG]	patch(97)="SrcmlStmtInsertion(('triangle.cpp.xml', '_inter_block', 11), ('triangle.cpp.xml', 'stmt', 5)) | SrcmlStmtInsertion(('triangle.cpp.xml', '_inter_block', 23), ('triangle.cpp.xml', 'stmt', 5))"
2024-06-06 14:27:18,188	[INFO]	98      SUCCESS               0.077270 (109.43%) [4 edit(s)] [cached] 
2024-06-06 14:27:18,188	[DEBUG]	patch(98)="SrcmlStmtInsertion(('triangle.cpp.xml', '_inter_block', 11), ('triangle.cpp.xml', 'stmt', 5)) | SrcmlStmtInsertion(('triangle.cpp.xml', '_inter_block', 29), ('triangle.cpp.xml', 'stmt', 18)) | SrcmlStmtInsertion(('triangle.cpp.xml', '_inter_block', 23), ('triangle.cpp.xml', 'stmt', 5)) | SrcmlStmtDeletion(('triangle.cpp.xml', 'stmt', 11))"
2024-06-06 14:27:18,970	[INFO]	99      TEST_CODE_ERROR       None (--) [4 edit(s)]  
2024-06-06 14:27:18,970	[DEBUG]	patch(99)="SrcmlStmtInsertion(('triangle.cpp.xml', '_inter_block', 11), ('triangle.cpp.xml', 'stmt', 5)) | SrcmlStmtInsertion(('triangle.cpp.xml', '_inter_block', 29), ('triangle.cpp.xml', 'stmt', 18)) | SrcmlStmtInsertion(('triangle.cpp.xml', '_inter_block', 23), ('triangle.cpp.xml', 'stmt', 5)) | SrcmlStmtDeletion(('triangle.cpp.xml', 'stmt', 13))"
2024-06-06 14:27:18,972	[INFO]	100     SUCCESS              +0.069665 (98.66%) [2 edit(s)] [cached] 
2024-06-06 14:27:18,973	[DEBUG]	patch(100)="SrcmlStmtInsertion(('triangle.cpp.xml', '_inter_block', 11), ('triangle.cpp.xml', 'stmt', 5)) | SrcmlStmtInsertion(('triangle.cpp.xml', '_inter_block', 29), ('triangle.cpp.xml', 'stmt', 18))"
2024-06-06 14:27:18,974	[INFO]	~~~~ END ~~~~
2024-06-06 14:27:18,974	[INFO]	
2024-06-06 14:27:18,974	[INFO]	==== REPORT ====
2024-06-06 14:27:18,974	[INFO]	Termination: step budget
2024-06-06 14:27:18,975	[INFO]	Retries: 1
2024-06-06 14:27:18,975	[INFO]	Log file: /home/jim/magpie/_magpie_logs/triangle-cpp_1717680400.log
2024-06-06 14:27:18,975	[INFO]	Patch file: _magpie_logs/triangle-cpp_1717680400.patch
2024-06-06 14:27:18,975	[INFO]	Diff file: _magpie_logs/triangle-cpp_1717680400.diff
2024-06-06 14:27:18,975	[INFO]	Reference fitness: 0.070610
2024-06-06 14:27:18,975	[INFO]	Best fitness: 0.069665
2024-06-06 14:27:18,975	[INFO]	
2024-06-06 14:27:18,977	[INFO]	==== BEST PATCH ====
SrcmlStmtInsertion(('triangle.cpp.xml', '_inter_block', 11), ('triangle.cpp.xml', 'stmt', 5)) | SrcmlStmtInsertion(('triangle.cpp.xml', '_inter_block', 29), ('triangle.cpp.xml', 'stmt', 18))
2024-06-06 14:27:18,977	[INFO]	
2024-06-06 14:27:18,977	[INFO]	==== DIFF ====
[1m--- before: triangle.cpp[0m
[1m+++ after: triangle.cpp[0m
[36m@@ -16,11 +16,16 @@[0m
     a = b;
     b = tmp;
   }
[32m+  tmp = a;[0m
 
   if(a > c) {
     tmp = a;
     a = c;
     c = tmp;
[32m+    if(a == b && b == c)/*auto*/{[0m
[32m+     [0m
[32m+      return EQUILATERAL;[0m
[32m+    }/*auto*/[0m
   }
 
   if(b > c) {

