2024-06-05 14:12:33,682	[DEBUG]	==== CONFIG ====
[magpie]
import = 
seed = 7663595059543789
log_dir = _magpie_logs
work_dir = _magpie_work
local_original_copy = False
local_original_name = __original__
output_encoding = ascii
edit_retries = 10
default_timeout = 30
default_lengthout = 10000.0
diff_method = unified
trust_local_filesystem = True

[magpie.log]
color_output = True
format_info = {counter:<7} {status:<20} {best}{fitness} ({ratio}) [{size}] {cached} {log}
format_debug = patch({counter})="{patch}"{diffifbest}
format_fitness = {:.6f}
format_ratio = {:.2%%}
format_patchif = 
	 --> {patch}
format_diffif = 
	{diff}

[software]
path = examples/triangle-c
target_files = 
	triangle.c.xml
software = BasicSoftware
model_rules = 
	*.params : ParamFileConfigModel
	*.xml : SrcmlModel
	* : LineModel
model_config = 
	*.params : [paramconfig]
	*.xml : [srcml]
init_cmd = bash init_slow.sh
init_timeout = 60
init_lengthout = -1
setup_cmd = 
setup_timeout = 
setup_lengthout = 
compile_cmd = make test_triangle run_triangle
compile_timeout = 
compile_lengthout = 
test_cmd = ./test_triangle
test_timeout = 
test_lengthout = 
run_cmd = ./run_triangle
run_timeout = 1
run_lengthout = 
retries = 
batch_timeout = 
batch_lengthout = 
batch_bin_fitness_strategy = aggregate
batch_fitness_strategy = sum
fitness = time

[srcml]
rename = 
	stmt: break continue decl_stmt do expr_stmt for goto if return switch while
	number: literal_number
focus = block stmt operator_comp operator_arith number
internodes = block
process_pseudo_blocks = True
process_literals = True
process_operators = True

[paramconfig]
timing = test run
cli_prefix = --
cli_glue = =
cli_boolean = show
cli_boolean_prefix_true = 
cli_boolean_prefix_false = no-
cli_none = hide
silent_prefix = @
silent_suffix = $

[search]
protocol = BasicProtocol
algorithm = FirstImprovement
possible_edits = 
	SrcmlStmtReplacement
	SrcmlStmtInsertion
	SrcmlStmtDeletion
warmup = 3
warmup_strategy = last
max_steps = 1000
max_time = 10
target_fitness = 
cache_maxsize = 100
cache_keep = 0.2
batch_instances = 
batch_shuffle = True
batch_bin_shuffle = False
batch_sample_size = 1

[search.ls]
delete_prob = 0.5
max_neighbours = 
when_trapped = continue
accept_fail = False
tabu_length = 10

[search.gp]
pop_size = 10
delete_prob = 0.5
offspring_elitism = 0.1
offspring_crossover = 0.5
offspring_mutation = 0.4
uniform_rate = 0.5
batch_reset = True

[search.minify]
do_cleanup = True
do_rebuild = True
do_simplify = True
round_robin_limit = 3


2024-06-05 14:12:33,682	[DEBUG]	
2024-06-05 14:12:33,683	[INFO]	==== SEARCH: FirstImprovement ====
2024-06-05 14:12:33,683	[INFO]	~~~~ WARMUP ~~~~
2024-06-05 14:12:33,984	[DEBUG]	EXEC>  SUCCESS 0.0814
2024-06-05 14:12:33,984	[INFO]	WARM    SUCCESS               0.081400 (--) [0 edit(s)]  
2024-06-05 14:12:34,285	[DEBUG]	EXEC>  SUCCESS 0.085
2024-06-05 14:12:34,285	[INFO]	WARM    SUCCESS               0.085000 (--) [0 edit(s)]  
2024-06-05 14:12:34,615	[DEBUG]	EXEC>  SUCCESS 0.0815
2024-06-05 14:12:34,615	[INFO]	WARM    SUCCESS               0.081500 (--) [0 edit(s)]  
2024-06-05 14:12:34,615	[INFO]	REF     SUCCESS               0.081500 (--) [0 edit(s)]  
2024-06-05 14:12:34,616	[INFO]	
2024-06-05 14:12:34,616	[INFO]	~~~~ START ~~~~
2024-06-05 14:12:34,916	[DEBUG]	EXEC>  SUCCESS 0.0838
2024-06-05 14:12:34,916	[INFO]	1       SUCCESS               0.083800 (102.82%) [1 edit(s)]  
2024-06-05 14:12:34,916	[DEBUG]	patch(1)="SrcmlStmtInsertion(('triangle.c.xml', '_inter_block', 31), ('triangle.c.xml', 'stmt', 9))"
2024-06-05 14:12:34,947	[INFO]	2       COMPILE_CODE_ERROR    None (--) [1 edit(s)]  
2024-06-05 14:12:34,947	[DEBUG]	patch(2)="SrcmlStmtDeletion(('triangle.c.xml', 'stmt', 0))"
2024-06-05 14:12:35,159	[INFO]	3       TEST_CODE_ERROR       None (--) [1 edit(s)]  
2024-06-05 14:12:35,159	[DEBUG]	patch(3)="SrcmlStmtDeletion(('triangle.c.xml', 'stmt', 10))"
2024-06-05 14:12:35,354	[INFO]	4       TEST_CODE_ERROR       None (--) [1 edit(s)]  
2024-06-05 14:12:35,355	[DEBUG]	patch(4)="SrcmlStmtDeletion(('triangle.c.xml', 'stmt', 11))"
2024-06-05 14:12:35,709	[DEBUG]	EXEC>  SUCCESS 0.1497
2024-06-05 14:12:35,709	[INFO]	5       SUCCESS               0.149700 (183.68%) [1 edit(s)]  
2024-06-05 14:12:35,709	[DEBUG]	patch(5)="SrcmlStmtReplacement(('triangle.c.xml', 'stmt', 4), ('triangle.c.xml', 'stmt', 3))"
2024-06-05 14:12:35,743	[INFO]	6       COMPILE_CODE_ERROR    None (--) [1 edit(s)]  
2024-06-05 14:12:35,743	[DEBUG]	patch(6)="SrcmlStmtReplacement(('triangle.c.xml', 'stmt', 3), ('triangle.c.xml', 'stmt', 1))"
2024-06-05 14:12:35,923	[INFO]	7       TEST_CODE_ERROR       None (--) [1 edit(s)]  
2024-06-05 14:12:35,923	[DEBUG]	patch(7)="SrcmlStmtReplacement(('triangle.c.xml', 'stmt', 17), ('triangle.c.xml', 'stmt', 13))"
2024-06-05 14:12:36,129	[INFO]	8       TEST_CODE_ERROR       None (--) [1 edit(s)]  
2024-06-05 14:12:36,129	[DEBUG]	patch(8)="SrcmlStmtReplacement(('triangle.c.xml', 'stmt', 15), ('triangle.c.xml', 'stmt', 8))"
2024-06-05 14:12:36,335	[DEBUG]	EXEC>  SUCCESS 0.0152
2024-06-05 14:12:36,335	[INFO]	9       SUCCESS              *0.015200 (18.65%) [1 edit(s)]  
2024-06-05 14:12:36,335	[DEBUG]	patch(9)="SrcmlStmtDeletion(('triangle.c.xml', 'stmt', 3))"
--- before: triangle.c
+++ after: triangle.c
@@ -8,7 +8,7 @@
 int classify_triangle(double a, double b, double c) {
   double tmp;
 
-  delay();
+  
 
   // Sort the sides so that a <= b <= c
   if(a > b) {

2024-06-05 14:12:36,378	[INFO]	10      COMPILE_CODE_ERROR    None (--) [2 edit(s)]  
2024-06-05 14:12:36,378	[DEBUG]	patch(10)="SrcmlStmtDeletion(('triangle.c.xml', 'stmt', 3)) | SrcmlStmtInsertion(('triangle.c.xml', '_inter_block', 3), ('triangle.c.xml', 'stmt', 17))"
2024-06-05 14:12:36,378	[INFO]	11      SUCCESS               0.081500 (100.00%) [0 edit(s)] [cached] 
2024-06-05 14:12:36,378	[DEBUG]	patch(11)=""
2024-06-05 14:12:36,415	[INFO]	12      COMPILE_CODE_ERROR    None (--) [2 edit(s)]  
2024-06-05 14:12:36,416	[DEBUG]	patch(12)="SrcmlStmtDeletion(('triangle.c.xml', 'stmt', 3)) | SrcmlStmtReplacement(('triangle.c.xml', 'stmt', 21), ('triangle.c.xml', 'stmt', 1))"
2024-06-05 14:12:36,565	[DEBUG]	EXEC>  SUCCESS 0.0108
2024-06-05 14:12:36,565	[INFO]	13      SUCCESS              *0.010800 (13.25%) [2 edit(s)]  
2024-06-05 14:12:36,566	[DEBUG]	patch(13)="SrcmlStmtDeletion(('triangle.c.xml', 'stmt', 3)) | SrcmlStmtDeletion(('triangle.c.xml', 'stmt', 8))"
--- before: triangle.c
+++ after: triangle.c
@@ -8,7 +8,7 @@
 int classify_triangle(double a, double b, double c) {
   double tmp;
 
-  delay();
+  
 
   // Sort the sides so that a <= b <= c
   if(a > b) {
@@ -17,11 +17,7 @@
     b = tmp;
   }
 
-  if(a > c) {
-    tmp = a;
-    a = c;
-    c = tmp;
-  }
+  
 
   if(b > c) {
     tmp = b;

2024-06-05 14:12:36,566	[INFO]	14      SUCCESS              +0.010800 (13.25%) [3 edit(s)] [cached] 
2024-06-05 14:12:36,566	[DEBUG]	patch(14)="SrcmlStmtDeletion(('triangle.c.xml', 'stmt', 3)) | SrcmlStmtDeletion(('triangle.c.xml', 'stmt', 8)) | SrcmlStmtReplacement(('triangle.c.xml', 'stmt', 10), ('triangle.c.xml', 'stmt', 20))"
2024-06-05 14:12:36,567	[INFO]	15      SUCCESS              +0.010800 (13.25%) [2 edit(s)] [cached] 
2024-06-05 14:12:36,567	[DEBUG]	patch(15)="SrcmlStmtDeletion(('triangle.c.xml', 'stmt', 3)) | SrcmlStmtDeletion(('triangle.c.xml', 'stmt', 8))"
2024-06-05 14:12:36,817	[DEBUG]	EXEC>  SUCCESS 0.0824
2024-06-05 14:12:36,817	[INFO]	16      SUCCESS               0.082400 (101.10%) [1 edit(s)]  
2024-06-05 14:12:36,818	[DEBUG]	patch(16)="SrcmlStmtDeletion(('triangle.c.xml', 'stmt', 8))"
2024-06-05 14:12:36,819	[INFO]	17      SUCCESS               0.015200 (18.65%) [1 edit(s)] [cached] 
2024-06-05 14:12:36,819	[DEBUG]	patch(17)="SrcmlStmtDeletion(('triangle.c.xml', 'stmt', 3))"
2024-06-05 14:12:37,024	[INFO]	18      TEST_CODE_ERROR       None (--) [3 edit(s)]  
2024-06-05 14:12:37,024	[DEBUG]	patch(18)="SrcmlStmtDeletion(('triangle.c.xml', 'stmt', 3)) | SrcmlStmtDeletion(('triangle.c.xml', 'stmt', 8)) | SrcmlStmtInsertion(('triangle.c.xml', '_inter_block', 15), ('triangle.c.xml', 'stmt', 11))"
2024-06-05 14:12:37,208	[INFO]	19      TEST_CODE_ERROR       None (--) [3 edit(s)]  
2024-06-05 14:12:37,208	[DEBUG]	patch(19)="SrcmlStmtDeletion(('triangle.c.xml', 'stmt', 3)) | SrcmlStmtDeletion(('triangle.c.xml', 'stmt', 8)) | SrcmlStmtDeletion(('triangle.c.xml', 'stmt', 15))"
2024-06-05 14:12:37,209	[INFO]	20      SUCCESS              +0.010800 (13.25%) [3 edit(s)] [cached] 
2024-06-05 14:12:37,209	[DEBUG]	patch(20)="SrcmlStmtDeletion(('triangle.c.xml', 'stmt', 3)) | SrcmlStmtDeletion(('triangle.c.xml', 'stmt', 8)) | SrcmlStmtDeletion(('triangle.c.xml', 'stmt', 10))"
2024-06-05 14:12:37,242	[INFO]	21      COMPILE_CODE_ERROR    None (--) [4 edit(s)]  
2024-06-05 14:12:37,242	[DEBUG]	patch(21)="SrcmlStmtDeletion(('triangle.c.xml', 'stmt', 3)) | SrcmlStmtDeletion(('triangle.c.xml', 'stmt', 8)) | SrcmlStmtDeletion(('triangle.c.xml', 'stmt', 10)) | SrcmlStmtReplacement(('triangle.c.xml', 'stmt', 2), ('triangle.c.xml', 'stmt', 20))"
2024-06-05 14:12:37,243	[INFO]	22      SUCCESS              +0.010800 (13.25%) [4 edit(s)] [cached] 
2024-06-05 14:12:37,244	[DEBUG]	patch(22)="SrcmlStmtDeletion(('triangle.c.xml', 'stmt', 3)) | SrcmlStmtDeletion(('triangle.c.xml', 'stmt', 8)) | SrcmlStmtDeletion(('triangle.c.xml', 'stmt', 10)) | SrcmlStmtDeletion(('triangle.c.xml', 'stmt', 8))"
2024-06-05 14:12:37,412	[DEBUG]	EXEC>  SUCCESS 0.0108
2024-06-05 14:12:37,412	[INFO]	23      SUCCESS              +0.010800 (13.25%) [5 edit(s)]  
2024-06-05 14:12:37,412	[DEBUG]	patch(23)="SrcmlStmtDeletion(('triangle.c.xml', 'stmt', 3)) | SrcmlStmtDeletion(('triangle.c.xml', 'stmt', 8)) | SrcmlStmtDeletion(('triangle.c.xml', 'stmt', 10)) | SrcmlStmtDeletion(('triangle.c.xml', 'stmt', 8)) | SrcmlStmtInsertion(('triangle.c.xml', '_inter_block', 17), ('triangle.c.xml', 'stmt', 3))"
2024-06-05 14:12:37,443	[INFO]	24      COMPILE_CODE_ERROR    None (--) [6 edit(s)]  
2024-06-05 14:12:37,443	[DEBUG]	patch(24)="SrcmlStmtDeletion(('triangle.c.xml', 'stmt', 3)) | SrcmlStmtDeletion(('triangle.c.xml', 'stmt', 8)) | SrcmlStmtDeletion(('triangle.c.xml', 'stmt', 10)) | SrcmlStmtDeletion(('triangle.c.xml', 'stmt', 8)) | SrcmlStmtInsertion(('triangle.c.xml', '_inter_block', 17), ('triangle.c.xml', 'stmt', 3)) | SrcmlStmtInsertion(('triangle.c.xml', '_inter_block', 4), ('triangle.c.xml', 'stmt', 16))"
2024-06-05 14:12:37,687	[DEBUG]	EXEC>  SUCCESS 0.0785
2024-06-05 14:12:37,687	[INFO]	25      SUCCESS               0.078500 (96.32%) [4 edit(s)]  
2024-06-05 14:12:37,687	[DEBUG]	patch(25)="SrcmlStmtDeletion(('triangle.c.xml', 'stmt', 8)) | SrcmlStmtDeletion(('triangle.c.xml', 'stmt', 10)) | SrcmlStmtDeletion(('triangle.c.xml', 'stmt', 8)) | SrcmlStmtInsertion(('triangle.c.xml', '_inter_block', 17), ('triangle.c.xml', 'stmt', 3))"
2024-06-05 14:12:37,845	[INFO]	26      TEST_CODE_ERROR       None (--) [6 edit(s)]  
2024-06-05 14:12:37,846	[DEBUG]	patch(26)="SrcmlStmtDeletion(('triangle.c.xml', 'stmt', 3)) | SrcmlStmtDeletion(('triangle.c.xml', 'stmt', 8)) | SrcmlStmtDeletion(('triangle.c.xml', 'stmt', 10)) | SrcmlStmtDeletion(('triangle.c.xml', 'stmt', 8)) | SrcmlStmtInsertion(('triangle.c.xml', '_inter_block', 17), ('triangle.c.xml', 'stmt', 3)) | SrcmlStmtDeletion(('triangle.c.xml', 'stmt', 5))"
2024-06-05 14:12:38,032	[INFO]	27      TEST_CODE_ERROR       None (--) [6 edit(s)]  
2024-06-05 14:12:38,032	[DEBUG]	patch(27)="SrcmlStmtDeletion(('triangle.c.xml', 'stmt', 3)) | SrcmlStmtDeletion(('triangle.c.xml', 'stmt', 8)) | SrcmlStmtDeletion(('triangle.c.xml', 'stmt', 10)) | SrcmlStmtDeletion(('triangle.c.xml', 'stmt', 8)) | SrcmlStmtInsertion(('triangle.c.xml', '_inter_block', 17), ('triangle.c.xml', 'stmt', 3)) | SrcmlStmtInsertion(('triangle.c.xml', '_inter_block', 20), ('triangle.c.xml', 'stmt', 2))"
2024-06-05 14:12:38,033	[INFO]	28      SUCCESS              +0.010800 (13.25%) [4 edit(s)] [cached] 
2024-06-05 14:12:38,033	[DEBUG]	patch(28)="SrcmlStmtDeletion(('triangle.c.xml', 'stmt', 3)) | SrcmlStmtDeletion(('triangle.c.xml', 'stmt', 10)) | SrcmlStmtDeletion(('triangle.c.xml', 'stmt', 8)) | SrcmlStmtInsertion(('triangle.c.xml', '_inter_block', 17), ('triangle.c.xml', 'stmt', 3))"
2024-06-05 14:12:38,183	[INFO]	29      TEST_CODE_ERROR       None (--) [5 edit(s)]  
2024-06-05 14:12:38,183	[DEBUG]	patch(29)="SrcmlStmtDeletion(('triangle.c.xml', 'stmt', 3)) | SrcmlStmtDeletion(('triangle.c.xml', 'stmt', 10)) | SrcmlStmtDeletion(('triangle.c.xml', 'stmt', 8)) | SrcmlStmtInsertion(('triangle.c.xml', '_inter_block', 17), ('triangle.c.xml', 'stmt', 3)) | SrcmlStmtReplacement(('triangle.c.xml', 'stmt', 14), ('triangle.c.xml', 'stmt', 0))"
2024-06-05 14:12:38,184	[INFO]	30      SUCCESS               0.078500 (96.32%) [3 edit(s)] [cached] 
2024-06-05 14:12:38,184	[DEBUG]	patch(30)="SrcmlStmtDeletion(('triangle.c.xml', 'stmt', 10)) | SrcmlStmtDeletion(('triangle.c.xml', 'stmt', 8)) | SrcmlStmtInsertion(('triangle.c.xml', '_inter_block', 17), ('triangle.c.xml', 'stmt', 3))"
2024-06-05 14:12:38,185	[INFO]	31      TEST_CODE_ERROR       None (--) [5 edit(s)] [cached] 
2024-06-05 14:12:38,185	[DEBUG]	patch(31)="SrcmlStmtDeletion(('triangle.c.xml', 'stmt', 3)) | SrcmlStmtDeletion(('triangle.c.xml', 'stmt', 10)) | SrcmlStmtDeletion(('triangle.c.xml', 'stmt', 8)) | SrcmlStmtInsertion(('triangle.c.xml', '_inter_block', 17), ('triangle.c.xml', 'stmt', 3)) | SrcmlStmtDeletion(('triangle.c.xml', 'stmt', 5))"
2024-06-05 14:12:38,328	[INFO]	32      TEST_CODE_ERROR       None (--) [5 edit(s)]  
2024-06-05 14:12:38,328	[DEBUG]	patch(32)="SrcmlStmtDeletion(('triangle.c.xml', 'stmt', 3)) | SrcmlStmtDeletion(('triangle.c.xml', 'stmt', 10)) | SrcmlStmtDeletion(('triangle.c.xml', 'stmt', 8)) | SrcmlStmtInsertion(('triangle.c.xml', '_inter_block', 17), ('triangle.c.xml', 'stmt', 3)) | SrcmlStmtDeletion(('triangle.c.xml', 'stmt', 14))"
2024-06-05 14:12:38,471	[INFO]	33      TEST_CODE_ERROR       None (--) [5 edit(s)]  
2024-06-05 14:12:38,471	[DEBUG]	patch(33)="SrcmlStmtDeletion(('triangle.c.xml', 'stmt', 3)) | SrcmlStmtDeletion(('triangle.c.xml', 'stmt', 10)) | SrcmlStmtDeletion(('triangle.c.xml', 'stmt', 8)) | SrcmlStmtInsertion(('triangle.c.xml', '_inter_block', 17), ('triangle.c.xml', 'stmt', 3)) | SrcmlStmtReplacement(('triangle.c.xml', 'stmt', 16), ('triangle.c.xml', 'stmt', 20))"
2024-06-05 14:12:38,472	[INFO]	34      SUCCESS              +0.010800 (13.25%) [5 edit(s)] [cached] 
2024-06-05 14:12:38,472	[DEBUG]	patch(34)="SrcmlStmtDeletion(('triangle.c.xml', 'stmt', 3)) | SrcmlStmtDeletion(('triangle.c.xml', 'stmt', 10)) | SrcmlStmtDeletion(('triangle.c.xml', 'stmt', 8)) | SrcmlStmtInsertion(('triangle.c.xml', '_inter_block', 17), ('triangle.c.xml', 'stmt', 3)) | SrcmlStmtReplacement(('triangle.c.xml', 'stmt', 10), ('triangle.c.xml', 'stmt', 16))"
2024-06-05 14:12:38,473	[INFO]	35      SUCCESS              +0.010800 (13.25%) [6 edit(s)] [cached] 
2024-06-05 14:12:38,473	[DEBUG]	patch(35)="SrcmlStmtDeletion(('triangle.c.xml', 'stmt', 3)) | SrcmlStmtDeletion(('triangle.c.xml', 'stmt', 10)) | SrcmlStmtDeletion(('triangle.c.xml', 'stmt', 8)) | SrcmlStmtInsertion(('triangle.c.xml', '_inter_block', 17), ('triangle.c.xml', 'stmt', 3)) | SrcmlStmtReplacement(('triangle.c.xml', 'stmt', 10), ('triangle.c.xml', 'stmt', 16)) | SrcmlStmtDeletion(('triangle.c.xml', 'stmt', 8))"
2024-06-05 14:12:38,621	[INFO]	36      TEST_CODE_ERROR       None (--) [7 edit(s)]  
2024-06-05 14:12:38,622	[DEBUG]	patch(36)="SrcmlStmtDeletion(('triangle.c.xml', 'stmt', 3)) | SrcmlStmtDeletion(('triangle.c.xml', 'stmt', 10)) | SrcmlStmtDeletion(('triangle.c.xml', 'stmt', 8)) | SrcmlStmtInsertion(('triangle.c.xml', '_inter_block', 17), ('triangle.c.xml', 'stmt', 3)) | SrcmlStmtReplacement(('triangle.c.xml', 'stmt', 10), ('triangle.c.xml', 'stmt', 16)) | SrcmlStmtDeletion(('triangle.c.xml', 'stmt', 8)) | SrcmlStmtReplacement(('triangle.c.xml', 'stmt', 19), ('triangle.c.xml', 'stmt', 9))"
2024-06-05 14:12:38,623	[INFO]	37      SUCCESS              +0.010800 (13.25%) [5 edit(s)] [cached] 
2024-06-05 14:12:38,624	[DEBUG]	patch(37)="SrcmlStmtDeletion(('triangle.c.xml', 'stmt', 3)) | SrcmlStmtDeletion(('triangle.c.xml', 'stmt', 8)) | SrcmlStmtInsertion(('triangle.c.xml', '_inter_block', 17), ('triangle.c.xml', 'stmt', 3)) | SrcmlStmtReplacement(('triangle.c.xml', 'stmt', 10), ('triangle.c.xml', 'stmt', 16)) | SrcmlStmtDeletion(('triangle.c.xml', 'stmt', 8))"
2024-06-05 14:12:38,648	[INFO]	38      COMPILE_CODE_ERROR    None (--) [6 edit(s)]  
2024-06-05 14:12:38,648	[DEBUG]	patch(38)="SrcmlStmtDeletion(('triangle.c.xml', 'stmt', 3)) | SrcmlStmtDeletion(('triangle.c.xml', 'stmt', 8)) | SrcmlStmtInsertion(('triangle.c.xml', '_inter_block', 17), ('triangle.c.xml', 'stmt', 3)) | SrcmlStmtReplacement(('triangle.c.xml', 'stmt', 10), ('triangle.c.xml', 'stmt', 16)) | SrcmlStmtDeletion(('triangle.c.xml', 'stmt', 8)) | SrcmlStmtReplacement(('triangle.c.xml', 'stmt', 2), ('triangle.c.xml', 'stmt', 9))"
2024-06-05 14:12:38,649	[INFO]	39      SUCCESS              +0.010800 (13.25%) [4 edit(s)] [cached] 
2024-06-05 14:12:38,649	[DEBUG]	patch(39)="SrcmlStmtDeletion(('triangle.c.xml', 'stmt', 3)) | SrcmlStmtDeletion(('triangle.c.xml', 'stmt', 8)) | SrcmlStmtReplacement(('triangle.c.xml', 'stmt', 10), ('triangle.c.xml', 'stmt', 16)) | SrcmlStmtDeletion(('triangle.c.xml', 'stmt', 8))"
2024-06-05 14:12:38,650	[INFO]	40      SUCCESS              +0.010800 (13.25%) [3 edit(s)] [cached] 
2024-06-05 14:12:38,650	[DEBUG]	patch(40)="SrcmlStmtDeletion(('triangle.c.xml', 'stmt', 3)) | SrcmlStmtReplacement(('triangle.c.xml', 'stmt', 10), ('triangle.c.xml', 'stmt', 16)) | SrcmlStmtDeletion(('triangle.c.xml', 'stmt', 8))"
2024-06-05 14:12:38,792	[INFO]	41      TEST_CODE_ERROR       None (--) [2 edit(s)]  
2024-06-05 14:12:38,792	[DEBUG]	patch(41)="SrcmlStmtDeletion(('triangle.c.xml', 'stmt', 3)) | SrcmlStmtReplacement(('triangle.c.xml', 'stmt', 10), ('triangle.c.xml', 'stmt', 16))"
2024-06-05 14:12:38,793	[INFO]	42      SUCCESS              +0.010800 (13.25%) [2 edit(s)] [cached] 
2024-06-05 14:12:38,793	[DEBUG]	patch(42)="SrcmlStmtDeletion(('triangle.c.xml', 'stmt', 3)) | SrcmlStmtDeletion(('triangle.c.xml', 'stmt', 8))"
2024-06-05 14:12:38,950	[INFO]	43      TEST_CODE_ERROR       None (--) [3 edit(s)]  
2024-06-05 14:12:38,950	[DEBUG]	patch(43)="SrcmlStmtDeletion(('triangle.c.xml', 'stmt', 3)) | SrcmlStmtDeletion(('triangle.c.xml', 'stmt', 8)) | SrcmlStmtReplacement(('triangle.c.xml', 'stmt', 19), ('triangle.c.xml', 'stmt', 2))"
2024-06-05 14:12:38,950	[INFO]	44      SUCCESS               0.082400 (101.10%) [1 edit(s)] [cached] 
2024-06-05 14:12:38,951	[DEBUG]	patch(44)="SrcmlStmtDeletion(('triangle.c.xml', 'stmt', 8))"
2024-06-05 14:12:38,951	[INFO]	45      SUCCESS              +0.010800 (13.25%) [3 edit(s)] [cached] 
2024-06-05 14:12:38,951	[DEBUG]	patch(45)="SrcmlStmtDeletion(('triangle.c.xml', 'stmt', 3)) | SrcmlStmtDeletion(('triangle.c.xml', 'stmt', 8)) | SrcmlStmtInsertion(('triangle.c.xml', '_inter_block', 23), ('triangle.c.xml', 'stmt', 15))"
2024-06-05 14:12:38,952	[INFO]	46      SUCCESS               0.082400 (101.10%) [2 edit(s)] [cached] 
2024-06-05 14:12:38,952	[DEBUG]	patch(46)="SrcmlStmtDeletion(('triangle.c.xml', 'stmt', 8)) | SrcmlStmtInsertion(('triangle.c.xml', '_inter_block', 23), ('triangle.c.xml', 'stmt', 15))"
2024-06-05 14:12:39,121	[INFO]	47      TEST_CODE_ERROR       None (--) [4 edit(s)]  
2024-06-05 14:12:39,121	[DEBUG]	patch(47)="SrcmlStmtDeletion(('triangle.c.xml', 'stmt', 3)) | SrcmlStmtDeletion(('triangle.c.xml', 'stmt', 8)) | SrcmlStmtInsertion(('triangle.c.xml', '_inter_block', 23), ('triangle.c.xml', 'stmt', 15)) | SrcmlStmtDeletion(('triangle.c.xml', 'stmt', 4))"
2024-06-05 14:12:39,281	[INFO]	48      TEST_CODE_ERROR       None (--) [2 edit(s)]  
2024-06-05 14:12:39,282	[DEBUG]	patch(48)="SrcmlStmtDeletion(('triangle.c.xml', 'stmt', 3)) | SrcmlStmtInsertion(('triangle.c.xml', '_inter_block', 23), ('triangle.c.xml', 'stmt', 15))"
2024-06-05 14:12:39,282	[INFO]	49      SUCCESS              +0.010800 (13.25%) [2 edit(s)] [cached] 
2024-06-05 14:12:39,282	[DEBUG]	patch(49)="SrcmlStmtDeletion(('triangle.c.xml', 'stmt', 3)) | SrcmlStmtDeletion(('triangle.c.xml', 'stmt', 8))"
2024-06-05 14:12:39,283	[INFO]	50      SUCCESS               0.015200 (18.65%) [1 edit(s)] [cached] 
2024-06-05 14:12:39,283	[DEBUG]	patch(50)="SrcmlStmtDeletion(('triangle.c.xml', 'stmt', 3))"
2024-06-05 14:12:39,284	[INFO]	51      SUCCESS               0.082400 (101.10%) [1 edit(s)] [cached] 
2024-06-05 14:12:39,284	[DEBUG]	patch(51)="SrcmlStmtDeletion(('triangle.c.xml', 'stmt', 8))"
2024-06-05 14:12:39,467	[DEBUG]	EXEC>  SUCCESS 0.0152
2024-06-05 14:12:39,468	[INFO]	52      SUCCESS               0.015200 (18.65%) [3 edit(s)]  
2024-06-05 14:12:39,468	[DEBUG]	patch(52)="SrcmlStmtDeletion(('triangle.c.xml', 'stmt', 3)) | SrcmlStmtDeletion(('triangle.c.xml', 'stmt', 8)) | SrcmlStmtInsertion(('triangle.c.xml', '_inter_block', 35), ('triangle.c.xml', 'stmt', 5))"
2024-06-05 14:12:39,469	[INFO]	53      SUCCESS              +0.010800 (13.25%) [3 edit(s)] [cached] 
2024-06-05 14:12:39,469	[DEBUG]	patch(53)="SrcmlStmtDeletion(('triangle.c.xml', 'stmt', 3)) | SrcmlStmtDeletion(('triangle.c.xml', 'stmt', 8)) | SrcmlStmtDeletion(('triangle.c.xml', 'stmt', 8))"
2024-06-05 14:12:39,470	[INFO]	54      SUCCESS              +0.010800 (13.25%) [2 edit(s)] [cached] 
2024-06-05 14:12:39,470	[DEBUG]	patch(54)="SrcmlStmtDeletion(('triangle.c.xml', 'stmt', 3)) | SrcmlStmtDeletion(('triangle.c.xml', 'stmt', 8))"
2024-06-05 14:12:39,661	[INFO]	55      TEST_CODE_ERROR       None (--) [3 edit(s)]  
2024-06-05 14:12:39,661	[DEBUG]	patch(55)="SrcmlStmtDeletion(('triangle.c.xml', 'stmt', 3)) | SrcmlStmtDeletion(('triangle.c.xml', 'stmt', 8)) | SrcmlStmtInsertion(('triangle.c.xml', '_inter_block', 26), ('triangle.c.xml', 'stmt', 19))"
2024-06-05 14:12:39,867	[DEBUG]	EXEC>  SUCCESS 0.0146
2024-06-05 14:12:39,867	[INFO]	56      SUCCESS               0.014600 (17.91%) [3 edit(s)]  
2024-06-05 14:12:39,867	[DEBUG]	patch(56)="SrcmlStmtDeletion(('triangle.c.xml', 'stmt', 3)) | SrcmlStmtDeletion(('triangle.c.xml', 'stmt', 8)) | SrcmlStmtInsertion(('triangle.c.xml', '_inter_block', 33), ('triangle.c.xml', 'stmt', 20))"
2024-06-05 14:12:39,903	[INFO]	57      COMPILE_CODE_ERROR    None (--) [3 edit(s)]  
2024-06-05 14:12:39,903	[DEBUG]	patch(57)="SrcmlStmtDeletion(('triangle.c.xml', 'stmt', 3)) | SrcmlStmtDeletion(('triangle.c.xml', 'stmt', 8)) | SrcmlStmtReplacement(('triangle.c.xml', 'stmt', 1), ('triangle.c.xml', 'stmt', 16))"
2024-06-05 14:12:39,944	[INFO]	58      COMPILE_CODE_ERROR    None (--) [3 edit(s)]  
2024-06-05 14:12:39,944	[DEBUG]	patch(58)="SrcmlStmtDeletion(('triangle.c.xml', 'stmt', 3)) | SrcmlStmtDeletion(('triangle.c.xml', 'stmt', 8)) | SrcmlStmtInsertion(('triangle.c.xml', '_inter_block', 2), ('triangle.c.xml', 'stmt', 7))"
2024-06-05 14:12:39,981	[INFO]	59      COMPILE_CODE_ERROR    None (--) [3 edit(s)]  
2024-06-05 14:12:39,981	[DEBUG]	patch(59)="SrcmlStmtDeletion(('triangle.c.xml', 'stmt', 3)) | SrcmlStmtDeletion(('triangle.c.xml', 'stmt', 8)) | SrcmlStmtDeletion(('triangle.c.xml', 'stmt', 0))"
2024-06-05 14:12:39,982	[INFO]	60      SUCCESS               0.015200 (18.65%) [1 edit(s)] [cached] 
2024-06-05 14:12:39,982	[DEBUG]	patch(60)="SrcmlStmtDeletion(('triangle.c.xml', 'stmt', 3))"
2024-06-05 14:12:40,139	[DEBUG]	EXEC>  SUCCESS 0.0133
2024-06-05 14:12:40,140	[INFO]	61      SUCCESS               0.013300 (16.32%) [3 edit(s)]  
2024-06-05 14:12:40,140	[DEBUG]	patch(61)="SrcmlStmtDeletion(('triangle.c.xml', 'stmt', 3)) | SrcmlStmtDeletion(('triangle.c.xml', 'stmt', 8)) | SrcmlStmtInsertion(('triangle.c.xml', '_inter_block', 28), ('triangle.c.xml', 'stmt', 12))"
2024-06-05 14:12:40,140	[INFO]	62      SUCCESS               0.082400 (101.10%) [1 edit(s)] [cached] 
2024-06-05 14:12:40,140	[DEBUG]	patch(62)="SrcmlStmtDeletion(('triangle.c.xml', 'stmt', 8))"
2024-06-05 14:12:40,329	[INFO]	63      TEST_CODE_ERROR       None (--) [3 edit(s)]  
2024-06-05 14:12:40,329	[DEBUG]	patch(63)="SrcmlStmtDeletion(('triangle.c.xml', 'stmt', 3)) | SrcmlStmtDeletion(('triangle.c.xml', 'stmt', 8)) | SrcmlStmtDeletion(('triangle.c.xml', 'stmt', 19))"
2024-06-05 14:12:40,359	[INFO]	64      COMPILE_CODE_ERROR    None (--) [3 edit(s)]  
2024-06-05 14:12:40,359	[DEBUG]	patch(64)="SrcmlStmtDeletion(('triangle.c.xml', 'stmt', 3)) | SrcmlStmtDeletion(('triangle.c.xml', 'stmt', 8)) | SrcmlStmtDeletion(('triangle.c.xml', 'stmt', 2))"
2024-06-05 14:12:40,534	[INFO]	65      TEST_CODE_ERROR       None (--) [3 edit(s)]  
2024-06-05 14:12:40,535	[DEBUG]	patch(65)="SrcmlStmtDeletion(('triangle.c.xml', 'stmt', 3)) | SrcmlStmtDeletion(('triangle.c.xml', 'stmt', 8)) | SrcmlStmtReplacement(('triangle.c.xml', 'stmt', 17), ('triangle.c.xml', 'stmt', 14))"
2024-06-05 14:12:40,703	[INFO]	66      TEST_CODE_ERROR       None (--) [3 edit(s)]  
2024-06-05 14:12:40,703	[DEBUG]	patch(66)="SrcmlStmtDeletion(('triangle.c.xml', 'stmt', 3)) | SrcmlStmtDeletion(('triangle.c.xml', 'stmt', 8)) | SrcmlStmtInsertion(('triangle.c.xml', '_inter_block', 13), ('triangle.c.xml', 'stmt', 10))"
2024-06-05 14:12:40,704	[INFO]	67      SUCCESS              +0.010800 (13.25%) [3 edit(s)] [cached] 
2024-06-05 14:12:40,704	[DEBUG]	patch(67)="SrcmlStmtDeletion(('triangle.c.xml', 'stmt', 3)) | SrcmlStmtDeletion(('triangle.c.xml', 'stmt', 8)) | SrcmlStmtInsertion(('triangle.c.xml', '_inter_block', 25), ('triangle.c.xml', 'stmt', 0))"
2024-06-05 14:12:40,874	[INFO]	68      TEST_CODE_ERROR       None (--) [4 edit(s)]  
2024-06-05 14:12:40,874	[DEBUG]	patch(68)="SrcmlStmtDeletion(('triangle.c.xml', 'stmt', 3)) | SrcmlStmtDeletion(('triangle.c.xml', 'stmt', 8)) | SrcmlStmtInsertion(('triangle.c.xml', '_inter_block', 25), ('triangle.c.xml', 'stmt', 0)) | SrcmlStmtDeletion(('triangle.c.xml', 'stmt', 5))"
2024-06-05 14:12:41,061	[DEBUG]	EXEC>  SUCCESS 0.0149
2024-06-05 14:12:41,062	[INFO]	69      SUCCESS               0.014900 (18.28%) [4 edit(s)]  
2024-06-05 14:12:41,062	[DEBUG]	patch(69)="SrcmlStmtDeletion(('triangle.c.xml', 'stmt', 3)) | SrcmlStmtDeletion(('triangle.c.xml', 'stmt', 8)) | SrcmlStmtInsertion(('triangle.c.xml', '_inter_block', 25), ('triangle.c.xml', 'stmt', 0)) | SrcmlStmtInsertion(('triangle.c.xml', '_inter_block', 33), ('triangle.c.xml', 'stmt', 0))"
2024-06-05 14:12:41,090	[INFO]	70      COMPILE_CODE_ERROR    None (--) [4 edit(s)]  
2024-06-05 14:12:41,090	[DEBUG]	patch(70)="SrcmlStmtDeletion(('triangle.c.xml', 'stmt', 3)) | SrcmlStmtDeletion(('triangle.c.xml', 'stmt', 8)) | SrcmlStmtInsertion(('triangle.c.xml', '_inter_block', 25), ('triangle.c.xml', 'stmt', 0)) | SrcmlStmtInsertion(('triangle.c.xml', '_inter_block', 7), ('triangle.c.xml', 'stmt', 21))"
2024-06-05 14:12:41,091	[INFO]	71      TEST_CODE_ERROR       None (--) [4 edit(s)] [cached] 
2024-06-05 14:12:41,091	[DEBUG]	patch(71)="SrcmlStmtDeletion(('triangle.c.xml', 'stmt', 3)) | SrcmlStmtDeletion(('triangle.c.xml', 'stmt', 8)) | SrcmlStmtInsertion(('triangle.c.xml', '_inter_block', 25), ('triangle.c.xml', 'stmt', 0)) | SrcmlStmtDeletion(('triangle.c.xml', 'stmt', 19))"
2024-06-05 14:12:41,092	[INFO]	72      SUCCESS               0.082400 (101.10%) [2 edit(s)] [cached] 
2024-06-05 14:12:41,093	[DEBUG]	patch(72)="SrcmlStmtDeletion(('triangle.c.xml', 'stmt', 8)) | SrcmlStmtInsertion(('triangle.c.xml', '_inter_block', 25), ('triangle.c.xml', 'stmt', 0))"
2024-06-05 14:12:41,256	[DEBUG]	EXEC>  SUCCESS 0.0131
2024-06-05 14:12:41,256	[INFO]	73      SUCCESS               0.013100 (16.07%) [2 edit(s)]  
2024-06-05 14:12:41,257	[DEBUG]	patch(73)="SrcmlStmtDeletion(('triangle.c.xml', 'stmt', 3)) | SrcmlStmtInsertion(('triangle.c.xml', '_inter_block', 25), ('triangle.c.xml', 'stmt', 0))"
2024-06-05 14:12:41,257	[INFO]	74      SUCCESS              +0.010800 (13.25%) [2 edit(s)] [cached] 
2024-06-05 14:12:41,257	[DEBUG]	patch(74)="SrcmlStmtDeletion(('triangle.c.xml', 'stmt', 3)) | SrcmlStmtDeletion(('triangle.c.xml', 'stmt', 8))"
2024-06-05 14:12:41,258	[INFO]	75      SUCCESS               0.082400 (101.10%) [1 edit(s)] [cached] 
2024-06-05 14:12:41,258	[DEBUG]	patch(75)="SrcmlStmtDeletion(('triangle.c.xml', 'stmt', 8))"
2024-06-05 14:12:41,259	[INFO]	76      SUCCESS               0.015200 (18.65%) [1 edit(s)] [cached] 
2024-06-05 14:12:41,259	[DEBUG]	patch(76)="SrcmlStmtDeletion(('triangle.c.xml', 'stmt', 3))"
2024-06-05 14:12:41,421	[INFO]	77      TEST_CODE_ERROR       None (--) [3 edit(s)]  
2024-06-05 14:12:41,421	[DEBUG]	patch(77)="SrcmlStmtDeletion(('triangle.c.xml', 'stmt', 3)) | SrcmlStmtDeletion(('triangle.c.xml', 'stmt', 8)) | SrcmlStmtReplacement(('triangle.c.xml', 'stmt', 7), ('triangle.c.xml', 'stmt', 6))"
2024-06-05 14:12:41,582	[INFO]	78      TEST_CODE_ERROR       None (--) [3 edit(s)]  
2024-06-05 14:12:41,583	[DEBUG]	patch(78)="SrcmlStmtDeletion(('triangle.c.xml', 'stmt', 3)) | SrcmlStmtDeletion(('triangle.c.xml', 'stmt', 8)) | SrcmlStmtDeletion(('triangle.c.xml', 'stmt', 18))"
2024-06-05 14:12:41,749	[INFO]	79      TEST_CODE_ERROR       None (--) [3 edit(s)]  
2024-06-05 14:12:41,749	[DEBUG]	patch(79)="SrcmlStmtDeletion(('triangle.c.xml', 'stmt', 3)) | SrcmlStmtDeletion(('triangle.c.xml', 'stmt', 8)) | SrcmlStmtInsertion(('triangle.c.xml', '_inter_block', 16), ('triangle.c.xml', 'stmt', 21))"
2024-06-05 14:12:41,960	[INFO]	80      TEST_CODE_ERROR       None (--) [3 edit(s)]  
2024-06-05 14:12:41,961	[DEBUG]	patch(80)="SrcmlStmtDeletion(('triangle.c.xml', 'stmt', 3)) | SrcmlStmtDeletion(('triangle.c.xml', 'stmt', 8)) | SrcmlStmtReplacement(('triangle.c.xml', 'stmt', 15), ('triangle.c.xml', 'stmt', 8))"
2024-06-05 14:12:42,136	[INFO]	81      TEST_CODE_ERROR       None (--) [3 edit(s)]  
2024-06-05 14:12:42,136	[DEBUG]	patch(81)="SrcmlStmtDeletion(('triangle.c.xml', 'stmt', 3)) | SrcmlStmtDeletion(('triangle.c.xml', 'stmt', 8)) | SrcmlStmtDeletion(('triangle.c.xml', 'stmt', 12))"
2024-06-05 14:12:42,138	[INFO]	82      TEST_CODE_ERROR       None (--) [3 edit(s)] [cached] 
2024-06-05 14:12:42,138	[DEBUG]	patch(82)="SrcmlStmtDeletion(('triangle.c.xml', 'stmt', 3)) | SrcmlStmtDeletion(('triangle.c.xml', 'stmt', 8)) | SrcmlStmtDeletion(('triangle.c.xml', 'stmt', 19))"
2024-06-05 14:12:42,139	[INFO]	83      TEST_CODE_ERROR       None (--) [3 edit(s)] [cached] 
2024-06-05 14:12:42,139	[DEBUG]	patch(83)="SrcmlStmtDeletion(('triangle.c.xml', 'stmt', 3)) | SrcmlStmtDeletion(('triangle.c.xml', 'stmt', 8)) | SrcmlStmtDeletion(('triangle.c.xml', 'stmt', 5))"
2024-06-05 14:12:42,175	[INFO]	84      COMPILE_CODE_ERROR    None (--) [3 edit(s)]  
2024-06-05 14:12:42,175	[DEBUG]	patch(84)="SrcmlStmtDeletion(('triangle.c.xml', 'stmt', 3)) | SrcmlStmtDeletion(('triangle.c.xml', 'stmt', 8)) | SrcmlStmtInsertion(('triangle.c.xml', '_inter_block', 7), ('triangle.c.xml', 'stmt', 2))"
2024-06-05 14:12:42,317	[INFO]	85      TEST_CODE_ERROR       None (--) [3 edit(s)]  
2024-06-05 14:12:42,317	[DEBUG]	patch(85)="SrcmlStmtDeletion(('triangle.c.xml', 'stmt', 3)) | SrcmlStmtDeletion(('triangle.c.xml', 'stmt', 8)) | SrcmlStmtReplacement(('triangle.c.xml', 'stmt', 21), ('triangle.c.xml', 'stmt', 19))"
2024-06-05 14:12:42,479	[INFO]	86      TEST_CODE_ERROR       None (--) [3 edit(s)]  
2024-06-05 14:12:42,479	[DEBUG]	patch(86)="SrcmlStmtDeletion(('triangle.c.xml', 'stmt', 3)) | SrcmlStmtDeletion(('triangle.c.xml', 'stmt', 8)) | SrcmlStmtReplacement(('triangle.c.xml', 'stmt', 5), ('triangle.c.xml', 'stmt', 3))"
2024-06-05 14:12:42,665	[INFO]	87      TEST_CODE_ERROR       None (--) [3 edit(s)]  
2024-06-05 14:12:42,665	[DEBUG]	patch(87)="SrcmlStmtDeletion(('triangle.c.xml', 'stmt', 3)) | SrcmlStmtDeletion(('triangle.c.xml', 'stmt', 8)) | SrcmlStmtReplacement(('triangle.c.xml', 'stmt', 5), ('triangle.c.xml', 'stmt', 15))"
2024-06-05 14:12:42,852	[INFO]	88      TEST_CODE_ERROR       None (--) [3 edit(s)]  
2024-06-05 14:12:42,852	[DEBUG]	patch(88)="SrcmlStmtDeletion(('triangle.c.xml', 'stmt', 3)) | SrcmlStmtDeletion(('triangle.c.xml', 'stmt', 8)) | SrcmlStmtReplacement(('triangle.c.xml', 'stmt', 12), ('triangle.c.xml', 'stmt', 14))"
2024-06-05 14:12:43,032	[DEBUG]	EXEC>  SUCCESS 0.0147
2024-06-05 14:12:43,032	[INFO]	89      SUCCESS               0.014700 (18.04%) [3 edit(s)]  
2024-06-05 14:12:43,032	[DEBUG]	patch(89)="SrcmlStmtDeletion(('triangle.c.xml', 'stmt', 3)) | SrcmlStmtDeletion(('triangle.c.xml', 'stmt', 8)) | SrcmlStmtInsertion(('triangle.c.xml', '_inter_block', 11), ('triangle.c.xml', 'stmt', 5))"
2024-06-05 14:12:43,073	[INFO]	90      COMPILE_CODE_ERROR    None (--) [3 edit(s)]  
2024-06-05 14:12:43,073	[DEBUG]	patch(90)="SrcmlStmtDeletion(('triangle.c.xml', 'stmt', 3)) | SrcmlStmtDeletion(('triangle.c.xml', 'stmt', 8)) | SrcmlStmtInsertion(('triangle.c.xml', '_inter_block', 0), ('triangle.c.xml', 'stmt', 4))"
2024-06-05 14:12:43,227	[INFO]	91      TEST_CODE_ERROR       None (--) [3 edit(s)]  
2024-06-05 14:12:43,227	[DEBUG]	patch(91)="SrcmlStmtDeletion(('triangle.c.xml', 'stmt', 3)) | SrcmlStmtDeletion(('triangle.c.xml', 'stmt', 8)) | SrcmlStmtDeletion(('triangle.c.xml', 'stmt', 13))"
2024-06-05 14:12:43,228	[INFO]	92      SUCCESS              +0.010800 (13.25%) [3 edit(s)] [cached] 
2024-06-05 14:12:43,228	[DEBUG]	patch(92)="SrcmlStmtDeletion(('triangle.c.xml', 'stmt', 3)) | SrcmlStmtDeletion(('triangle.c.xml', 'stmt', 8)) | SrcmlStmtReplacement(('triangle.c.xml', 'stmt', 10), ('triangle.c.xml', 'stmt', 13))"
2024-06-05 14:12:43,228	[INFO]	93      SUCCESS              +0.010800 (13.25%) [2 edit(s)] [cached] 
2024-06-05 14:12:43,228	[DEBUG]	patch(93)="SrcmlStmtDeletion(('triangle.c.xml', 'stmt', 3)) | SrcmlStmtDeletion(('triangle.c.xml', 'stmt', 8))"
2024-06-05 14:12:43,229	[INFO]	94      SUCCESS              +0.010800 (13.25%) [3 edit(s)] [cached] 
2024-06-05 14:12:43,229	[DEBUG]	patch(94)="SrcmlStmtDeletion(('triangle.c.xml', 'stmt', 3)) | SrcmlStmtDeletion(('triangle.c.xml', 'stmt', 8)) | SrcmlStmtDeletion(('triangle.c.xml', 'stmt', 11))"
2024-06-05 14:12:43,229	[INFO]	95      SUCCESS              +0.010800 (13.25%) [2 edit(s)] [cached] 
2024-06-05 14:12:43,229	[DEBUG]	patch(95)="SrcmlStmtDeletion(('triangle.c.xml', 'stmt', 3)) | SrcmlStmtDeletion(('triangle.c.xml', 'stmt', 8))"
2024-06-05 14:12:43,230	[INFO]	96      SUCCESS               0.082400 (101.10%) [1 edit(s)] [cached] 
2024-06-05 14:12:43,230	[DEBUG]	patch(96)="SrcmlStmtDeletion(('triangle.c.xml', 'stmt', 8))"
2024-06-05 14:12:43,230	[INFO]	97      SUCCESS               0.015200 (18.65%) [1 edit(s)] [cached] 
2024-06-05 14:12:43,230	[DEBUG]	patch(97)="SrcmlStmtDeletion(('triangle.c.xml', 'stmt', 3))"
2024-06-05 14:12:43,398	[INFO]	98      TEST_CODE_ERROR       None (--) [3 edit(s)]  
2024-06-05 14:12:43,398	[DEBUG]	patch(98)="SrcmlStmtDeletion(('triangle.c.xml', 'stmt', 3)) | SrcmlStmtDeletion(('triangle.c.xml', 'stmt', 8)) | SrcmlStmtInsertion(('triangle.c.xml', '_inter_block', 15), ('triangle.c.xml', 'stmt', 21))"
2024-06-05 14:12:43,562	[INFO]	99      TEST_CODE_ERROR       None (--) [3 edit(s)]  
2024-06-05 14:12:43,562	[DEBUG]	patch(99)="SrcmlStmtDeletion(('triangle.c.xml', 'stmt', 3)) | SrcmlStmtDeletion(('triangle.c.xml', 'stmt', 8)) | SrcmlStmtReplacement(('triangle.c.xml', 'stmt', 15), ('triangle.c.xml', 'stmt', 0))"
2024-06-05 14:12:43,732	[INFO]	100     TEST_CODE_ERROR       None (--) [3 edit(s)]  
2024-06-05 14:12:43,732	[DEBUG]	patch(100)="SrcmlStmtDeletion(('triangle.c.xml', 'stmt', 3)) | SrcmlStmtDeletion(('triangle.c.xml', 'stmt', 8)) | SrcmlStmtReplacement(('triangle.c.xml', 'stmt', 13), ('triangle.c.xml', 'stmt', 3))"
2024-06-05 14:12:43,920	[INFO]	101     TEST_CODE_ERROR       None (--) [3 edit(s)]  
2024-06-05 14:12:43,920	[DEBUG]	patch(101)="SrcmlStmtDeletion(('triangle.c.xml', 'stmt', 3)) | SrcmlStmtDeletion(('triangle.c.xml', 'stmt', 8)) | SrcmlStmtInsertion(('triangle.c.xml', '_inter_block', 32), ('triangle.c.xml', 'stmt', 22))"
2024-06-05 14:12:44,136	[INFO]	102     TEST_CODE_ERROR       None (--) [3 edit(s)]  
2024-06-05 14:12:44,136	[DEBUG]	patch(102)="SrcmlStmtDeletion(('triangle.c.xml', 'stmt', 3)) | SrcmlStmtDeletion(('triangle.c.xml', 'stmt', 8)) | SrcmlStmtReplacement(('triangle.c.xml', 'stmt', 14), ('triangle.c.xml', 'stmt', 8))"
2024-06-05 14:12:44,171	[INFO]	103     COMPILE_CODE_ERROR    None (--) [3 edit(s)]  
2024-06-05 14:12:44,171	[DEBUG]	patch(103)="SrcmlStmtDeletion(('triangle.c.xml', 'stmt', 3)) | SrcmlStmtDeletion(('triangle.c.xml', 'stmt', 8)) | SrcmlStmtReplacement(('triangle.c.xml', 'stmt', 1), ('triangle.c.xml', 'stmt', 9))"
2024-06-05 14:12:44,347	[DEBUG]	EXEC>  SUCCESS 0.0108
2024-06-05 14:12:44,347	[INFO]	104     SUCCESS              +0.010800 (13.25%) [3 edit(s)]  
2024-06-05 14:12:44,347	[DEBUG]	patch(104)="SrcmlStmtDeletion(('triangle.c.xml', 'stmt', 3)) | SrcmlStmtDeletion(('triangle.c.xml', 'stmt', 8)) | SrcmlStmtInsertion(('triangle.c.xml', '_inter_block', 17), ('triangle.c.xml', 'stmt', 17))"
2024-06-05 14:12:44,629	[DEBUG]	EXEC>  SUCCESS 0.0832
2024-06-05 14:12:44,630	[INFO]	105     SUCCESS               0.083200 (102.09%) [2 edit(s)]  
2024-06-05 14:12:44,630	[DEBUG]	patch(105)="SrcmlStmtDeletion(('triangle.c.xml', 'stmt', 8)) | SrcmlStmtInsertion(('triangle.c.xml', '_inter_block', 17), ('triangle.c.xml', 'stmt', 17))"
2024-06-05 14:12:44,630	[INFO]	~~~~ END ~~~~
2024-06-05 14:12:44,631	[INFO]	
2024-06-05 14:12:44,631	[INFO]	==== REPORT ====
2024-06-05 14:12:44,631	[INFO]	Termination: time budget
2024-06-05 14:12:44,631	[INFO]	Retries: 1
2024-06-05 14:12:44,631	[INFO]	Log file: /home/jim/magpie/_magpie_logs/triangle-c_1717593153.log
2024-06-05 14:12:44,631	[INFO]	Patch file: _magpie_logs/triangle-c_1717593153.patch
2024-06-05 14:12:44,631	[INFO]	Diff file: _magpie_logs/triangle-c_1717593153.diff
2024-06-05 14:12:44,631	[INFO]	Reference fitness: 0.081500
2024-06-05 14:12:44,631	[INFO]	Best fitness: 0.010800
2024-06-05 14:12:44,631	[INFO]	
2024-06-05 14:12:44,633	[INFO]	==== BEST PATCH ====
SrcmlStmtDeletion(('triangle.c.xml', 'stmt', 3)) | SrcmlStmtDeletion(('triangle.c.xml', 'stmt', 8))
2024-06-05 14:12:44,633	[INFO]	
2024-06-05 14:12:44,633	[INFO]	==== DIFF ====
[1m--- before: triangle.c[0m
[1m+++ after: triangle.c[0m
[36m@@ -8,7 +8,7 @@[0m
 int classify_triangle(double a, double b, double c) {
   double tmp;
 
[31m-  delay();[0m
[32m+  [0m
 
   // Sort the sides so that a <= b <= c
   if(a > b) {
[36m@@ -17,11 +17,7 @@[0m
     b = tmp;
   }
 
[31m-  if(a > c) {[0m
[31m-    tmp = a;[0m
[31m-    a = c;[0m
[31m-    c = tmp;[0m
[31m-  }[0m
[32m+  [0m
 
   if(b > c) {
     tmp = b;

