2024-08-15 03:35:35,022	[DEBUG]	==== CONFIG ====
[magpie]
import = 
seed = 45
log_dir = _magpie_logs
work_dir = _magpie_work
local_original_copy = True
local_original_name = __original__
output_encoding = ascii
edit_retries = 10
default_timeout = 30
default_lengthout = 1e6
diff_method = unified
trust_local_filesystem = True

[magpie.log]
color_output = True
format_info = {counter:<7} {status:<20} {best}{fitness} ({ratio}) [{size}] {cached} {log}
format_debug = patch({counter})="{patch}"{diffifbest}
format_fitness = {:.6f}
format_ratio = {:.2%%}
format_patchif = 
	 --> {patch}
format_diffif = 
	{diff}

[software]
path = examples/sat4j
target_files = test.params
software = BasicSoftware
model_rules = 
	*.params : ParamFileConfigModel
	*.xml : SrcmlModel
	* : LineModel
model_config = 
	*.params : [paramconfig]
	*.xml : [srcml]
init_cmd = 
init_timeout = 60
init_lengthout = -1
setup_cmd = ant sat
setup_timeout = 
setup_lengthout = 
compile_cmd = 
compile_timeout = 
compile_lengthout = 
test_cmd = bash test.sh
test_timeout = 
test_lengthout = 
run_cmd = perf stat -e branches bash run_fixed.sh
run_timeout = 
run_lengthout = 
retries = 5
batch_timeout = 
batch_lengthout = 
batch_bin_fitness_strategy = aggregate
batch_fitness_strategy = sum
fitness = perf_branches

[srcml]
rename = 
	stmt: break continue decl_stmt do expr_stmt for goto if return switch while
	number: literal_number
focus = block stmt operator_comp operator_arith number
internodes = block
process_pseudo_blocks = True
process_literals = True
process_operators = True

[paramconfig]
timing = test run
cli_prefix = --
cli_glue = =
cli_boolean = show
cli_boolean_prefix_true = 
cli_boolean_prefix_false = no-
cli_none = hide
silent_prefix = @
silent_suffix = $

[search]
protocol = BasicProtocol
algorithm = GeneticProgrammingUniformConcat
possible_edits = ParamSetting
warmup = 3
warmup_strategy = last
max_steps = 10000
max_time = 1800
target_fitness = 
cache_maxsize = 100
cache_keep = 0.2
batch_instances = 
batch_shuffle = True
batch_bin_shuffle = False
batch_sample_size = 1

[search.ls]
delete_prob = 0.5
max_neighbours = 
when_trapped = continue
accept_fail = False
tabu_length = 10

[search.gp]
pop_size = 10
delete_prob = 0.5
offspring_elitism = 0.1
offspring_crossover = 0.5
offspring_mutation = 0.4
uniform_rate = 0.5
batch_reset = True

[search.minify]
do_cleanup = True
do_rebuild = True
do_simplify = True
round_robin_limit = 3


2024-08-15 03:35:35,023	[DEBUG]	
2024-08-15 03:35:35,023	[INFO]	==== SEARCH: GeneticProgrammingUniformConcat ====
2024-08-15 03:35:35,023	[INFO]	~~~~ WARMUP ~~~~
2024-08-15 03:36:34,658	[DEBUG]	EXEC>  SUCCESS 15837287701.0
2024-08-15 03:36:34,658	[INFO]	WARM    SUCCESS               15837287701.000000 (--) [0 edit(s)]  
2024-08-15 03:37:17,233	[DEBUG]	EXEC>  SUCCESS 15638546872.2
2024-08-15 03:37:17,234	[INFO]	WARM    SUCCESS               15638546872.200001 (--) [0 edit(s)]  
2024-08-15 03:37:59,491	[DEBUG]	EXEC>  SUCCESS 15556626141.8
2024-08-15 03:37:59,491	[INFO]	WARM    SUCCESS               15556626141.799999 (--) [0 edit(s)]  
2024-08-15 03:37:59,491	[INFO]	REF     SUCCESS               15556626141.799999 (--) [0 edit(s)]  
2024-08-15 03:37:59,491	[INFO]	
2024-08-15 03:37:59,491	[INFO]	~~~~ START ~~~~
2024-08-15 03:38:41,857	[DEBUG]	EXEC>  SUCCESS 15682449182.6
2024-08-15 03:38:41,857	[INFO]	0-1     SUCCESS              +15682449182.600000 (100.81%) [1 edit(s)]  
2024-08-15 03:38:41,857	[DEBUG]	patch(0-1)="ParamSetting(('test.params', 'param', 'CONFLICTBOUNDINCFACTOR'), 2.1441515513114506)"
2024-08-15 03:38:41,858	[INFO]	0-2     SUCCESS              +15556626141.799999 (100.00%) [1 edit(s)] [cached] 
2024-08-15 03:38:41,858	[DEBUG]	patch(0-2)="ParamSetting(('test.params', 'param', 'RESTARTS'), 'Glucose21Restarts')"
2024-08-15 03:39:24,276	[DEBUG]	EXEC>  SUCCESS 15653337404.0
2024-08-15 03:39:24,276	[INFO]	0-3     SUCCESS               15653337404.000000 (100.62%) [1 edit(s)]  
2024-08-15 03:39:24,276	[DEBUG]	patch(0-3)="ParamSetting(('test.params', 'param', 'LUBYFACTOR'), 83)"
2024-08-15 03:40:06,662	[DEBUG]	EXEC>  SUCCESS 15623206842.0
2024-08-15 03:40:06,662	[INFO]	0-4     SUCCESS               15623206842.000000 (100.43%) [1 edit(s)]  
2024-08-15 03:40:06,663	[DEBUG]	patch(0-4)="ParamSetting(('test.params', 'param', 'RESTARTS'), 'NoRestarts')"
2024-08-15 03:40:49,328	[DEBUG]	EXEC>  SUCCESS 15647217017.6
2024-08-15 03:40:49,328	[INFO]	0-5     SUCCESS               15647217017.600000 (100.58%) [1 edit(s)]  
2024-08-15 03:40:49,328	[DEBUG]	patch(0-5)="ParamSetting(('test.params', 'param', 'CLADECAY'), 0.7950712434655829)"
2024-08-15 03:41:31,653	[DEBUG]	EXEC>  SUCCESS 15510607853.6
2024-08-15 03:41:31,653	[INFO]	0-6     SUCCESS              *15510607853.600000 (99.70%) [1 edit(s)]  
2024-08-15 03:41:31,653	[DEBUG]	patch(0-6)="ParamSetting(('test.params', 'param', 'VARDECAY'), 0.07495132545320449)"
--- before: test.params
+++ after: test.params
@@ -4,7 +4,7 @@
 PHASE := 'RSATPhaseSelectionStrategy'
 CLADECAY := 0.999
 INITCONFLICTBOUND := 100
-VARDECAY := 0.95
+VARDECAY := 0.07495132545320449
 CONFLICTBOUNDINCFACTOR := 2.0
 SIMP := 'EXPENSIVE_SIMPLIFICATION'
 CLEANING := 'LBD2'

2024-08-15 03:42:14,017	[DEBUG]	EXEC>  SUCCESS 15616759887.0
2024-08-15 03:42:14,017	[INFO]	0-7     SUCCESS               15616759887.000000 (100.39%) [1 edit(s)]  
2024-08-15 03:42:14,017	[DEBUG]	patch(0-7)="ParamSetting(('test.params', 'param', 'CLADECAY'), 0.3565385250381603)"
2024-08-15 03:42:56,313	[DEBUG]	EXEC>  SUCCESS 15605161396.8
2024-08-15 03:42:56,313	[INFO]	0-8     SUCCESS               15605161396.799999 (100.31%) [1 edit(s)]  
2024-08-15 03:42:56,313	[DEBUG]	patch(0-8)="ParamSetting(('test.params', 'param', 'VARDECAY'), 0.08982827530229975)"
2024-08-15 03:43:38,749	[DEBUG]	EXEC>  SUCCESS 15554634416.0
2024-08-15 03:43:38,749	[INFO]	0-9     SUCCESS               15554634416.000000 (99.99%) [1 edit(s)]  
2024-08-15 03:43:38,749	[DEBUG]	patch(0-9)="ParamSetting(('test.params', 'param', 'VARDECAY'), 0.6991828298295443)"
2024-08-15 03:44:21,002	[DEBUG]	EXEC>  SUCCESS 15618174179.0
2024-08-15 03:44:21,002	[INFO]	0-10    SUCCESS               15618174179.000000 (100.40%) [1 edit(s)]  
2024-08-15 03:44:21,002	[DEBUG]	patch(0-10)="ParamSetting(('test.params', 'param', 'CONFLICTBOUNDINCFACTOR'), 3.7740290197297948)"
2024-08-15 03:44:21,003	[INFO]	REF     SUCCESS               15556626141.799999 (--) [0 edit(s)] [cached] 
2024-08-15 03:44:21,004	[INFO]	BEST    SUCCESS              *15510607853.600000 (99.70%) [0 edit(s)] [cached] 
2024-08-15 03:44:21,006	[INFO]	1-1     SUCCESS              +15510607853.600000 (99.70%) [1 edit(s)] [cached] 
2024-08-15 03:44:21,006	[DEBUG]	patch(1-1)="ParamSetting(('test.params', 'param', 'VARDECAY'), 0.07495132545320449)"
2024-08-15 03:44:21,007	[INFO]	1-2     SUCCESS               15605161396.799999 (100.31%) [1 edit(s)] [cached] 
2024-08-15 03:44:21,007	[DEBUG]	patch(1-2)="ParamSetting(('test.params', 'param', 'VARDECAY'), 0.08982827530229975)"
2024-08-15 03:44:21,008	[INFO]	1-3     SUCCESS               15647217017.600000 (100.58%) [1 edit(s)] [cached] 
2024-08-15 03:44:21,008	[DEBUG]	patch(1-3)="ParamSetting(('test.params', 'param', 'CLADECAY'), 0.7950712434655829)"
2024-08-15 03:44:21,008	[INFO]	1-4     SUCCESS               15556626141.799999 (100.00%) [2 edit(s)] [cached] 
2024-08-15 03:44:21,008	[DEBUG]	patch(1-4)="ParamSetting(('test.params', 'param', 'RESTARTS'), 'Glucose21Restarts') | ParamSetting(('test.params', 'param', 'RESTARTS'), 'Glucose21Restarts')"
2024-08-15 03:44:21,009	[INFO]	1-5     SUCCESS               15605161396.799999 (100.31%) [1 edit(s)] [cached] 
2024-08-15 03:44:21,009	[DEBUG]	patch(1-5)="ParamSetting(('test.params', 'param', 'VARDECAY'), 0.08982827530229975)"
2024-08-15 03:44:21,010	[INFO]	1-6     SUCCESS               15616759887.000000 (100.39%) [1 edit(s)] [cached] 
2024-08-15 03:44:21,010	[DEBUG]	patch(1-6)="ParamSetting(('test.params', 'param', 'CLADECAY'), 0.3565385250381603)"
2024-08-15 03:44:21,011	[INFO]	1-7     SUCCESS               15556626141.799999 (100.00%) [0 edit(s)] [cached] 
2024-08-15 03:44:21,011	[DEBUG]	patch(1-7)=""
2024-08-15 03:44:21,012	[INFO]	1-8     SUCCESS               15556626141.799999 (100.00%) [0 edit(s)] [cached] 
2024-08-15 03:44:21,012	[DEBUG]	patch(1-8)=""
2024-08-15 03:44:21,012	[INFO]	1-9     SUCCESS               15556626141.799999 (100.00%) [0 edit(s)] [cached] 
2024-08-15 03:44:21,012	[DEBUG]	patch(1-9)=""
2024-08-15 03:44:21,013	[INFO]	1-10    SUCCESS               15556626141.799999 (100.00%) [0 edit(s)] [cached] 
2024-08-15 03:44:21,013	[DEBUG]	patch(1-10)=""
2024-08-15 03:44:21,014	[INFO]	REF     SUCCESS               15556626141.799999 (--) [0 edit(s)] [cached] 
2024-08-15 03:44:21,015	[INFO]	BEST    SUCCESS              *15510607853.600000 (99.70%) [0 edit(s)] [cached] 
2024-08-15 03:44:21,016	[INFO]	2-1     SUCCESS              +15510607853.600000 (99.70%) [1 edit(s)] [cached] 
2024-08-15 03:44:21,016	[DEBUG]	patch(2-1)="ParamSetting(('test.params', 'param', 'VARDECAY'), 0.07495132545320449)"
2024-08-15 03:44:21,017	[INFO]	2-2     SUCCESS               15616759887.000000 (100.39%) [1 edit(s)] [cached] 
2024-08-15 03:44:21,017	[DEBUG]	patch(2-2)="ParamSetting(('test.params', 'param', 'CLADECAY'), 0.3565385250381603)"
2024-08-15 03:44:21,018	[INFO]	2-3     SUCCESS               15605161396.799999 (100.31%) [1 edit(s)] [cached] 
2024-08-15 03:44:21,018	[DEBUG]	patch(2-3)="ParamSetting(('test.params', 'param', 'VARDECAY'), 0.08982827530229975)"
2024-08-15 03:44:21,019	[INFO]	2-4     SUCCESS               15616759887.000000 (100.39%) [2 edit(s)] [cached] 
2024-08-15 03:44:21,019	[DEBUG]	patch(2-4)="ParamSetting(('test.params', 'param', 'RESTARTS'), 'Glucose21Restarts') | ParamSetting(('test.params', 'param', 'CLADECAY'), 0.3565385250381603)"
2024-08-15 03:44:21,019	[INFO]	2-5     SUCCESS               15510607853.600000 (99.70%) [1 edit(s)] [cached] 
2024-08-15 03:44:21,019	[DEBUG]	patch(2-5)="ParamSetting(('test.params', 'param', 'VARDECAY'), 0.07495132545320449)"
2024-08-15 03:45:03,178	[DEBUG]	EXEC>  SUCCESS 15451614639.8
2024-08-15 03:45:03,178	[INFO]	2-6     SUCCESS              *15451614639.799999 (99.32%) [2 edit(s)]  
2024-08-15 03:45:03,178	[DEBUG]	patch(2-6)="ParamSetting(('test.params', 'param', 'CLADECAY'), 0.3565385250381603) | ParamSetting(('test.params', 'param', 'VARDECAY'), 0.07495132545320449)"
--- before: test.params
+++ after: test.params
@@ -2,9 +2,9 @@
 LUBYFACTOR := 512
 FIXEDPERIOD := 100
 PHASE := 'RSATPhaseSelectionStrategy'
-CLADECAY := 0.999
+CLADECAY := 0.3565385250381603
 INITCONFLICTBOUND := 100
-VARDECAY := 0.95
+VARDECAY := 0.07495132545320449
 CONFLICTBOUNDINCFACTOR := 2.0
 SIMP := 'EXPENSIVE_SIMPLIFICATION'
 CLEANING := 'LBD2'

2024-08-15 03:45:45,691	[DEBUG]	EXEC>  SUCCESS 15647094443.4
2024-08-15 03:45:45,691	[INFO]	2-7     SUCCESS               15647094443.400000 (100.58%) [2 edit(s)]  
2024-08-15 03:45:45,692	[DEBUG]	patch(2-7)="ParamSetting(('test.params', 'param', 'VARDECAY'), 0.07495132545320449) | ParamSetting(('test.params', 'param', 'VARDECAY'), 0.7665559902953729)"
2024-08-15 03:46:28,265	[DEBUG]	EXEC>  SUCCESS 15672921347.6
2024-08-15 03:46:28,265	[INFO]	2-8     SUCCESS               15672921347.600000 (100.75%) [1 edit(s)]  
2024-08-15 03:46:28,265	[DEBUG]	patch(2-8)="ParamSetting(('test.params', 'param', 'SIMP'), 'NO_SIMPLIFICATION')"
2024-08-15 03:46:28,266	[INFO]	2-9     SUCCESS               15556626141.799999 (100.00%) [1 edit(s)] [cached] 
2024-08-15 03:46:28,266	[DEBUG]	patch(2-9)="ParamSetting(('test.params', 'param', 'RESTARTS'), 'Glucose21Restarts')"
2024-08-15 03:46:28,267	[INFO]	2-10    SUCCESS               15556626141.799999 (100.00%) [0 edit(s)] [cached] 
2024-08-15 03:46:28,267	[DEBUG]	patch(2-10)=""
2024-08-15 03:46:28,267	[INFO]	REF     SUCCESS               15556626141.799999 (--) [0 edit(s)] [cached] 
2024-08-15 03:46:28,268	[INFO]	BEST    SUCCESS              *15451614639.799999 (99.32%) [0 edit(s)] [cached] 
2024-08-15 03:46:28,270	[INFO]	3-1     SUCCESS              +15451614639.799999 (99.32%) [2 edit(s)] [cached] 
2024-08-15 03:46:28,270	[DEBUG]	patch(3-1)="ParamSetting(('test.params', 'param', 'CLADECAY'), 0.3565385250381603) | ParamSetting(('test.params', 'param', 'VARDECAY'), 0.07495132545320449)"
2024-08-15 03:46:28,271	[INFO]	3-2     SUCCESS               15647094443.400000 (100.58%) [2 edit(s)] [cached] 
2024-08-15 03:46:28,271	[DEBUG]	patch(3-2)="ParamSetting(('test.params', 'param', 'VARDECAY'), 0.07495132545320449) | ParamSetting(('test.params', 'param', 'VARDECAY'), 0.7665559902953729)"
2024-08-15 03:46:28,271	[INFO]	3-3     SUCCESS               15451614639.799999 (99.32%) [3 edit(s)] [cached] 
2024-08-15 03:46:28,271	[DEBUG]	patch(3-3)="ParamSetting(('test.params', 'param', 'VARDECAY'), 0.07495132545320449) | ParamSetting(('test.params', 'param', 'CLADECAY'), 0.3565385250381603) | ParamSetting(('test.params', 'param', 'VARDECAY'), 0.07495132545320449)"
2024-08-15 03:46:28,272	[INFO]	3-4     SUCCESS               15510607853.600000 (99.70%) [1 edit(s)] [cached] 
2024-08-15 03:46:28,272	[DEBUG]	patch(3-4)="ParamSetting(('test.params', 'param', 'VARDECAY'), 0.07495132545320449)"
2024-08-15 03:46:28,273	[INFO]	3-5     SUCCESS               15556626141.799999 (100.00%) [1 edit(s)] [cached] 
2024-08-15 03:46:28,273	[DEBUG]	patch(3-5)="ParamSetting(('test.params', 'param', 'RESTARTS'), 'Glucose21Restarts')"
2024-08-15 03:46:28,274	[INFO]	3-6     SUCCESS               15605161396.799999 (100.31%) [2 edit(s)] [cached] 
2024-08-15 03:46:28,274	[DEBUG]	patch(3-6)="ParamSetting(('test.params', 'param', 'VARDECAY'), 0.08982827530229975) | ParamSetting(('test.params', 'param', 'RESTARTS'), 'Glucose21Restarts')"
2024-08-15 03:46:28,274	[INFO]	3-7     SUCCESS               15616759887.000000 (100.39%) [1 edit(s)] [cached] 
2024-08-15 03:46:28,275	[DEBUG]	patch(3-7)="ParamSetting(('test.params', 'param', 'CLADECAY'), 0.3565385250381603)"
2024-08-15 03:47:10,759	[DEBUG]	EXEC>  SUCCESS 15766345436.4
2024-08-15 03:47:10,759	[INFO]	3-8     SUCCESS               15766345436.400000 (101.35%) [2 edit(s)]  
2024-08-15 03:47:10,759	[DEBUG]	patch(3-8)="ParamSetting(('test.params', 'param', 'VARDECAY'), 0.07495132545320449) | ParamSetting(('test.params', 'param', 'CLEANING'), 'ACTIVITY')"
2024-08-15 03:47:53,338	[DEBUG]	EXEC>  SUCCESS 15679463178.8
2024-08-15 03:47:53,338	[INFO]	3-9     SUCCESS               15679463178.799999 (100.79%) [1 edit(s)]  
2024-08-15 03:47:53,338	[DEBUG]	patch(3-9)="ParamSetting(('test.params', 'param', 'VARDECAY'), 0.06236214997832701)"
2024-08-15 03:47:53,339	[INFO]	3-10    SUCCESS               15556626141.799999 (100.00%) [0 edit(s)] [cached] 
2024-08-15 03:47:53,339	[DEBUG]	patch(3-10)=""
2024-08-15 03:47:53,339	[INFO]	REF     SUCCESS               15556626141.799999 (--) [0 edit(s)] [cached] 
2024-08-15 03:47:53,340	[INFO]	BEST    SUCCESS              *15451614639.799999 (99.32%) [0 edit(s)] [cached] 
2024-08-15 03:47:53,342	[INFO]	4-1     SUCCESS              +15451614639.799999 (99.32%) [3 edit(s)] [cached] 
2024-08-15 03:47:53,342	[DEBUG]	patch(4-1)="ParamSetting(('test.params', 'param', 'VARDECAY'), 0.07495132545320449) | ParamSetting(('test.params', 'param', 'CLADECAY'), 0.3565385250381603) | ParamSetting(('test.params', 'param', 'VARDECAY'), 0.07495132545320449)"
2024-08-15 03:47:53,342	[INFO]	4-2     SUCCESS               15510607853.600000 (99.70%) [1 edit(s)] [cached] 
2024-08-15 03:47:53,342	[DEBUG]	patch(4-2)="ParamSetting(('test.params', 'param', 'VARDECAY'), 0.07495132545320449)"
2024-08-15 03:47:53,343	[INFO]	4-3     SUCCESS               15766345436.400000 (101.35%) [3 edit(s)] [cached] 
2024-08-15 03:47:53,343	[DEBUG]	patch(4-3)="ParamSetting(('test.params', 'param', 'VARDECAY'), 0.07495132545320449) | ParamSetting(('test.params', 'param', 'VARDECAY'), 0.07495132545320449) | ParamSetting(('test.params', 'param', 'CLEANING'), 'ACTIVITY')"
2024-08-15 03:47:53,344	[INFO]	4-4     SUCCESS               15510607853.600000 (99.70%) [1 edit(s)] [cached] 
2024-08-15 03:47:53,344	[DEBUG]	patch(4-4)="ParamSetting(('test.params', 'param', 'VARDECAY'), 0.07495132545320449)"
2024-08-15 03:47:53,344	[INFO]	4-5     SUCCESS               15510607853.600000 (99.70%) [1 edit(s)] [cached] 
2024-08-15 03:47:53,344	[DEBUG]	patch(4-5)="ParamSetting(('test.params', 'param', 'VARDECAY'), 0.07495132545320449)"
2024-08-15 03:47:53,345	[INFO]	4-6     SUCCESS               15766345436.400000 (101.35%) [2 edit(s)] [cached] 
2024-08-15 03:47:53,345	[DEBUG]	patch(4-6)="ParamSetting(('test.params', 'param', 'VARDECAY'), 0.07495132545320449) | ParamSetting(('test.params', 'param', 'CLEANING'), 'ACTIVITY')"
2024-08-15 03:47:53,345	[INFO]	4-7     SUCCESS               15451614639.799999 (99.32%) [2 edit(s)] [cached] 
2024-08-15 03:47:53,345	[DEBUG]	patch(4-7)="ParamSetting(('test.params', 'param', 'CLADECAY'), 0.3565385250381603) | ParamSetting(('test.params', 'param', 'VARDECAY'), 0.07495132545320449)"
2024-08-15 03:47:53,346	[INFO]	4-8     SUCCESS               15510607853.600000 (99.70%) [1 edit(s)] [cached] 
2024-08-15 03:47:53,346	[DEBUG]	patch(4-8)="ParamSetting(('test.params', 'param', 'VARDECAY'), 0.07495132545320449)"
2024-08-15 03:48:36,027	[DEBUG]	EXEC>  SUCCESS 15730093356.0
2024-08-15 03:48:36,027	[INFO]	4-9     SUCCESS               15730093356.000000 (101.12%) [2 edit(s)]  
2024-08-15 03:48:36,027	[DEBUG]	patch(4-9)="ParamSetting(('test.params', 'param', 'VARDECAY'), 0.07495132545320449) | ParamSetting(('test.params', 'param', 'CLEANING'), 'LBD')"
2024-08-15 03:49:18,453	[DEBUG]	EXEC>  SUCCESS 15579385579.4
2024-08-15 03:49:18,453	[INFO]	4-10    SUCCESS               15579385579.400000 (100.15%) [1 edit(s)]  
2024-08-15 03:49:18,453	[DEBUG]	patch(4-10)="ParamSetting(('test.params', 'param', 'CONFLICTBOUNDINCFACTOR'), 3.77726062065592)"
2024-08-15 03:49:18,454	[INFO]	REF     SUCCESS               15556626141.799999 (--) [0 edit(s)] [cached] 
2024-08-15 03:49:18,454	[INFO]	BEST    SUCCESS              *15451614639.799999 (99.32%) [0 edit(s)] [cached] 
2024-08-15 03:49:18,456	[INFO]	5-1     SUCCESS              +15451614639.799999 (99.32%) [3 edit(s)] [cached] 
2024-08-15 03:49:18,456	[DEBUG]	patch(5-1)="ParamSetting(('test.params', 'param', 'VARDECAY'), 0.07495132545320449) | ParamSetting(('test.params', 'param', 'CLADECAY'), 0.3565385250381603) | ParamSetting(('test.params', 'param', 'VARDECAY'), 0.07495132545320449)"
2024-08-15 03:49:18,457	[INFO]	5-2     SUCCESS               15451614639.799999 (99.32%) [3 edit(s)] [cached] 
2024-08-15 03:49:18,457	[DEBUG]	patch(5-2)="ParamSetting(('test.params', 'param', 'CLADECAY'), 0.3565385250381603) | ParamSetting(('test.params', 'param', 'VARDECAY'), 0.07495132545320449) | ParamSetting(('test.params', 'param', 'VARDECAY'), 0.07495132545320449)"
2024-08-15 03:49:18,458	[INFO]	5-3     SUCCESS               15730093356.000000 (101.12%) [3 edit(s)] [cached] 
2024-08-15 03:49:18,458	[DEBUG]	patch(5-3)="ParamSetting(('test.params', 'param', 'VARDECAY'), 0.07495132545320449) | ParamSetting(('test.params', 'param', 'CLEANING'), 'LBD') | ParamSetting(('test.params', 'param', 'VARDECAY'), 0.07495132545320449)"
2024-08-15 03:49:18,459	[INFO]	5-4     SUCCESS               15510607853.600000 (99.70%) [1 edit(s)] [cached] 
2024-08-15 03:49:18,459	[DEBUG]	patch(5-4)="ParamSetting(('test.params', 'param', 'VARDECAY'), 0.07495132545320449)"
2024-08-15 03:50:01,216	[DEBUG]	EXEC>  SUCCESS 15852031837.4
2024-08-15 03:50:01,216	[INFO]	5-5     SUCCESS               15852031837.400000 (101.90%) [1 edit(s)]  
2024-08-15 03:50:01,216	[DEBUG]	patch(5-5)="ParamSetting(('test.params', 'param', 'CLEANING'), 'LBD')"
2024-08-15 03:50:01,217	[INFO]	5-6     SUCCESS               15766345436.400000 (101.35%) [3 edit(s)] [cached] 
2024-08-15 03:50:01,217	[DEBUG]	patch(5-6)="ParamSetting(('test.params', 'param', 'VARDECAY'), 0.07495132545320449) | ParamSetting(('test.params', 'param', 'VARDECAY'), 0.07495132545320449) | ParamSetting(('test.params', 'param', 'CLEANING'), 'ACTIVITY')"
2024-08-15 03:50:01,217	[INFO]	5-7     SUCCESS               15451614639.799999 (99.32%) [2 edit(s)] [cached] 
2024-08-15 03:50:01,217	[DEBUG]	patch(5-7)="ParamSetting(('test.params', 'param', 'CLADECAY'), 0.3565385250381603) | ParamSetting(('test.params', 'param', 'VARDECAY'), 0.07495132545320449)"
2024-08-15 03:50:43,837	[DEBUG]	EXEC>  SUCCESS 15643179507.0
2024-08-15 03:50:43,838	[INFO]	5-8     SUCCESS               15643179507.000000 (100.56%) [3 edit(s)]  
2024-08-15 03:50:43,838	[DEBUG]	patch(5-8)="ParamSetting(('test.params', 'param', 'CLADECAY'), 0.3565385250381603) | ParamSetting(('test.params', 'param', 'VARDECAY'), 0.07495132545320449) | ParamSetting(('test.params', 'param', 'VARDECAY'), 0.17736938499695565)"
2024-08-15 03:50:43,838	[INFO]	5-9     SUCCESS               15556626141.799999 (100.00%) [0 edit(s)] [cached] 
2024-08-15 03:50:43,838	[DEBUG]	patch(5-9)=""
2024-08-15 03:50:43,839	[INFO]	5-10    SUCCESS               15556626141.799999 (100.00%) [0 edit(s)] [cached] 
2024-08-15 03:50:43,839	[DEBUG]	patch(5-10)=""
2024-08-15 03:50:43,840	[INFO]	REF     SUCCESS               15556626141.799999 (--) [0 edit(s)] [cached] 
2024-08-15 03:50:43,840	[INFO]	BEST    SUCCESS              *15451614639.799999 (99.32%) [0 edit(s)] [cached] 
2024-08-15 03:50:43,843	[INFO]	6-1     SUCCESS              +15451614639.799999 (99.32%) [3 edit(s)] [cached] 
2024-08-15 03:50:43,843	[DEBUG]	patch(6-1)="ParamSetting(('test.params', 'param', 'CLADECAY'), 0.3565385250381603) | ParamSetting(('test.params', 'param', 'VARDECAY'), 0.07495132545320449) | ParamSetting(('test.params', 'param', 'VARDECAY'), 0.07495132545320449)"
2024-08-15 03:50:43,843	[INFO]	6-2     SUCCESS               15451614639.799999 (99.32%) [2 edit(s)] [cached] 
2024-08-15 03:50:43,843	[DEBUG]	patch(6-2)="ParamSetting(('test.params', 'param', 'CLADECAY'), 0.3565385250381603) | ParamSetting(('test.params', 'param', 'VARDECAY'), 0.07495132545320449)"
2024-08-15 03:50:43,844	[INFO]	6-3     SUCCESS               15451614639.799999 (99.32%) [2 edit(s)] [cached] 
2024-08-15 03:50:43,844	[DEBUG]	patch(6-3)="ParamSetting(('test.params', 'param', 'CLADECAY'), 0.3565385250381603) | ParamSetting(('test.params', 'param', 'VARDECAY'), 0.07495132545320449)"
2024-08-15 03:50:43,845	[INFO]	6-4     SUCCESS               15451614639.799999 (99.32%) [4 edit(s)] [cached] 
2024-08-15 03:50:43,845	[DEBUG]	patch(6-4)="ParamSetting(('test.params', 'param', 'CLADECAY'), 0.3565385250381603) | ParamSetting(('test.params', 'param', 'VARDECAY'), 0.07495132545320449) | ParamSetting(('test.params', 'param', 'VARDECAY'), 0.07495132545320449) | ParamSetting(('test.params', 'param', 'VARDECAY'), 0.07495132545320449)"
2024-08-15 03:50:43,845	[INFO]	6-5     SUCCESS               15510607853.600000 (99.70%) [1 edit(s)] [cached] 
2024-08-15 03:50:43,845	[DEBUG]	patch(6-5)="ParamSetting(('test.params', 'param', 'VARDECAY'), 0.07495132545320449)"
2024-08-15 03:50:43,846	[INFO]	6-6     SUCCESS               15730093356.000000 (101.12%) [2 edit(s)] [cached] 
2024-08-15 03:50:43,846	[DEBUG]	patch(6-6)="ParamSetting(('test.params', 'param', 'VARDECAY'), 0.07495132545320449) | ParamSetting(('test.params', 'param', 'CLEANING'), 'LBD')"
2024-08-15 03:50:43,846	[INFO]	6-7     SUCCESS               15451614639.799999 (99.32%) [2 edit(s)] [cached] 
2024-08-15 03:50:43,846	[DEBUG]	patch(6-7)="ParamSetting(('test.params', 'param', 'CLADECAY'), 0.3565385250381603) | ParamSetting(('test.params', 'param', 'VARDECAY'), 0.07495132545320449)"
2024-08-15 03:50:43,847	[INFO]	6-8     SUCCESS               15451614639.799999 (99.32%) [2 edit(s)] [cached] 
2024-08-15 03:50:43,847	[DEBUG]	patch(6-8)="ParamSetting(('test.params', 'param', 'CLADECAY'), 0.3565385250381603) | ParamSetting(('test.params', 'param', 'VARDECAY'), 0.07495132545320449)"
2024-08-15 03:51:26,547	[DEBUG]	EXEC>  SUCCESS 15808814814.4
2024-08-15 03:51:26,547	[INFO]	6-9     SUCCESS               15808814814.400000 (101.62%) [3 edit(s)]  
2024-08-15 03:51:26,547	[DEBUG]	patch(6-9)="ParamSetting(('test.params', 'param', 'CLADECAY'), 0.3565385250381603) | ParamSetting(('test.params', 'param', 'VARDECAY'), 0.07495132545320449) | ParamSetting(('test.params', 'param', 'VARDECAY'), 0.6173021831480162)"
2024-08-15 03:52:09,008	[DEBUG]	EXEC>  SUCCESS 15676225600.8
2024-08-15 03:52:09,008	[INFO]	6-10    SUCCESS               15676225600.799999 (100.77%) [2 edit(s)]  
2024-08-15 03:52:09,008	[DEBUG]	patch(6-10)="ParamSetting(('test.params', 'param', 'VARDECAY'), 0.07495132545320449) | ParamSetting(('test.params', 'param', 'CONFLICTBOUNDINCFACTOR'), 1.737100036424909)"
2024-08-15 03:52:09,009	[INFO]	REF     SUCCESS               15556626141.799999 (--) [0 edit(s)] [cached] 
2024-08-15 03:52:09,009	[INFO]	BEST    SUCCESS              *15451614639.799999 (99.32%) [0 edit(s)] [cached] 
2024-08-15 03:52:09,011	[INFO]	7-1     SUCCESS              +15451614639.799999 (99.32%) [3 edit(s)] [cached] 
2024-08-15 03:52:09,011	[DEBUG]	patch(7-1)="ParamSetting(('test.params', 'param', 'CLADECAY'), 0.3565385250381603) | ParamSetting(('test.params', 'param', 'VARDECAY'), 0.07495132545320449) | ParamSetting(('test.params', 'param', 'VARDECAY'), 0.07495132545320449)"
2024-08-15 03:52:09,012	[INFO]	7-2     SUCCESS               15451614639.799999 (99.32%) [3 edit(s)] [cached] 
2024-08-15 03:52:09,012	[DEBUG]	patch(7-2)="ParamSetting(('test.params', 'param', 'VARDECAY'), 0.07495132545320449) | ParamSetting(('test.params', 'param', 'CLADECAY'), 0.3565385250381603) | ParamSetting(('test.params', 'param', 'VARDECAY'), 0.07495132545320449)"
2024-08-15 03:52:51,525	[DEBUG]	EXEC>  SUCCESS 15623571870.8
2024-08-15 03:52:51,526	[INFO]	7-3     SUCCESS               15623571870.799999 (100.43%) [1 edit(s)]  
2024-08-15 03:52:51,526	[DEBUG]	patch(7-3)="ParamSetting(('test.params', 'param', 'VARDECAY'), 0.6173021831480162)"
2024-08-15 03:52:51,526	[INFO]	7-4     SUCCESS               15510607853.600000 (99.70%) [1 edit(s)] [cached] 
2024-08-15 03:52:51,527	[DEBUG]	patch(7-4)="ParamSetting(('test.params', 'param', 'VARDECAY'), 0.07495132545320449)"
2024-08-15 03:52:51,527	[INFO]	7-5     SUCCESS               15451614639.799999 (99.32%) [3 edit(s)] [cached] 
2024-08-15 03:52:51,527	[DEBUG]	patch(7-5)="ParamSetting(('test.params', 'param', 'CLADECAY'), 0.3565385250381603) | ParamSetting(('test.params', 'param', 'VARDECAY'), 0.07495132545320449) | ParamSetting(('test.params', 'param', 'VARDECAY'), 0.07495132545320449)"
2024-08-15 03:53:34,032	[DEBUG]	EXEC>  SUCCESS 15666733795.6
2024-08-15 03:53:34,032	[INFO]	7-6     SUCCESS               15666733795.600000 (100.71%) [1 edit(s)]  
2024-08-15 03:53:34,032	[DEBUG]	patch(7-6)="ParamSetting(('test.params', 'param', 'CONFLICTBOUNDINCFACTOR'), 1.737100036424909)"
2024-08-15 03:53:34,033	[INFO]	7-7     SUCCESS               15451614639.799999 (99.32%) [2 edit(s)] [cached] 
2024-08-15 03:53:34,033	[DEBUG]	patch(7-7)="ParamSetting(('test.params', 'param', 'CLADECAY'), 0.3565385250381603) | ParamSetting(('test.params', 'param', 'VARDECAY'), 0.07495132545320449)"
2024-08-15 03:53:34,034	[INFO]	7-8     SUCCESS               15451614639.799999 (99.32%) [3 edit(s)] [cached] 
2024-08-15 03:53:34,034	[DEBUG]	patch(7-8)="ParamSetting(('test.params', 'param', 'CLADECAY'), 0.3565385250381603) | ParamSetting(('test.params', 'param', 'VARDECAY'), 0.07495132545320449) | ParamSetting(('test.params', 'param', 'VARDECAY'), 0.07495132545320449)"
2024-08-15 03:54:16,593	[DEBUG]	EXEC>  SUCCESS 15696006604.2
2024-08-15 03:54:16,593	[INFO]	7-9     SUCCESS               15696006604.200001 (100.90%) [3 edit(s)]  
2024-08-15 03:54:16,593	[DEBUG]	patch(7-9)="ParamSetting(('test.params', 'param', 'CLADECAY'), 0.3565385250381603) | ParamSetting(('test.params', 'param', 'VARDECAY'), 0.07495132545320449) | ParamSetting(('test.params', 'param', 'RESTARTS'), 'ArminRestarts')"
2024-08-15 03:54:16,594	[INFO]	7-10    SUCCESS               15556626141.799999 (100.00%) [0 edit(s)] [cached] 
2024-08-15 03:54:16,594	[DEBUG]	patch(7-10)=""
2024-08-15 03:54:16,595	[INFO]	REF     SUCCESS               15556626141.799999 (--) [0 edit(s)] [cached] 
2024-08-15 03:54:16,595	[INFO]	BEST    SUCCESS              *15451614639.799999 (99.32%) [0 edit(s)] [cached] 
2024-08-15 03:54:16,597	[INFO]	8-1     SUCCESS              +15451614639.799999 (99.32%) [3 edit(s)] [cached] 
2024-08-15 03:54:16,597	[DEBUG]	patch(8-1)="ParamSetting(('test.params', 'param', 'CLADECAY'), 0.3565385250381603) | ParamSetting(('test.params', 'param', 'VARDECAY'), 0.07495132545320449) | ParamSetting(('test.params', 'param', 'VARDECAY'), 0.07495132545320449)"
2024-08-15 03:54:59,331	[DEBUG]	EXEC>  SUCCESS 15763675247.8
2024-08-15 03:54:59,331	[INFO]	8-2     SUCCESS               15763675247.799999 (101.33%) [2 edit(s)]  
2024-08-15 03:54:59,331	[DEBUG]	patch(8-2)="ParamSetting(('test.params', 'param', 'CLADECAY'), 0.3565385250381603) | ParamSetting(('test.params', 'param', 'RESTARTS'), 'ArminRestarts')"
2024-08-15 03:54:59,332	[INFO]	8-3     SUCCESS               15510607853.600000 (99.70%) [2 edit(s)] [cached] 
2024-08-15 03:54:59,332	[DEBUG]	patch(8-3)="ParamSetting(('test.params', 'param', 'VARDECAY'), 0.6173021831480162) | ParamSetting(('test.params', 'param', 'VARDECAY'), 0.07495132545320449)"
2024-08-15 03:55:41,671	[DEBUG]	EXEC>  SUCCESS 15583548648.0
2024-08-15 03:55:41,671	[INFO]	8-4     SUCCESS               15583548648.000000 (100.17%) [3 edit(s)]  
2024-08-15 03:55:41,671	[DEBUG]	patch(8-4)="ParamSetting(('test.params', 'param', 'CLADECAY'), 0.3565385250381603) | ParamSetting(('test.params', 'param', 'VARDECAY'), 0.07495132545320449) | ParamSetting(('test.params', 'param', 'CONFLICTBOUNDINCFACTOR'), 1.737100036424909)"
2024-08-15 03:55:41,672	[INFO]	8-5     SUCCESS               15510607853.600000 (99.70%) [1 edit(s)] [cached] 
2024-08-15 03:55:41,672	[DEBUG]	patch(8-5)="ParamSetting(('test.params', 'param', 'VARDECAY'), 0.07495132545320449)"
2024-08-15 03:55:41,672	[INFO]	8-6     SUCCESS               15623571870.799999 (100.43%) [1 edit(s)] [cached] 
2024-08-15 03:55:41,672	[DEBUG]	patch(8-6)="ParamSetting(('test.params', 'param', 'VARDECAY'), 0.6173021831480162)"
2024-08-15 03:55:41,673	[INFO]	8-7     SUCCESS               15451614639.799999 (99.32%) [2 edit(s)] [cached] 
2024-08-15 03:55:41,673	[DEBUG]	patch(8-7)="ParamSetting(('test.params', 'param', 'CLADECAY'), 0.3565385250381603) | ParamSetting(('test.params', 'param', 'VARDECAY'), 0.07495132545320449)"
2024-08-15 03:56:24,046	[DEBUG]	EXEC>  SUCCESS 15569063902.8
2024-08-15 03:56:24,046	[INFO]	8-8     SUCCESS               15569063902.799999 (100.08%) [4 edit(s)]  
2024-08-15 03:56:24,046	[DEBUG]	patch(8-8)="ParamSetting(('test.params', 'param', 'VARDECAY'), 0.07495132545320449) | ParamSetting(('test.params', 'param', 'CLADECAY'), 0.3565385250381603) | ParamSetting(('test.params', 'param', 'VARDECAY'), 0.07495132545320449) | ParamSetting(('test.params', 'param', 'INITCONFLICTBOUND'), 204)"
2024-08-15 03:56:24,047	[INFO]	8-9     SUCCESS               15510607853.600000 (99.70%) [1 edit(s)] [cached] 
2024-08-15 03:56:24,047	[DEBUG]	patch(8-9)="ParamSetting(('test.params', 'param', 'VARDECAY'), 0.07495132545320449)"
2024-08-15 03:56:24,048	[INFO]	8-10    SUCCESS               15730093356.000000 (101.12%) [2 edit(s)] [cached] 
2024-08-15 03:56:24,048	[DEBUG]	patch(8-10)="ParamSetting(('test.params', 'param', 'VARDECAY'), 0.07495132545320449) | ParamSetting(('test.params', 'param', 'CLEANING'), 'LBD')"
2024-08-15 03:56:24,048	[INFO]	REF     SUCCESS               15556626141.799999 (--) [0 edit(s)] [cached] 
2024-08-15 03:56:24,049	[INFO]	BEST    SUCCESS              *15451614639.799999 (99.32%) [0 edit(s)] [cached] 
2024-08-15 03:56:24,051	[INFO]	9-1     SUCCESS              +15451614639.799999 (99.32%) [3 edit(s)] [cached] 
2024-08-15 03:56:24,051	[DEBUG]	patch(9-1)="ParamSetting(('test.params', 'param', 'CLADECAY'), 0.3565385250381603) | ParamSetting(('test.params', 'param', 'VARDECAY'), 0.07495132545320449) | ParamSetting(('test.params', 'param', 'VARDECAY'), 0.07495132545320449)"
2024-08-15 03:56:24,051	[INFO]	9-2     SUCCESS               15510607853.600000 (99.70%) [2 edit(s)] [cached] 
2024-08-15 03:56:24,051	[DEBUG]	patch(9-2)="ParamSetting(('test.params', 'param', 'VARDECAY'), 0.07495132545320449) | ParamSetting(('test.params', 'param', 'VARDECAY'), 0.07495132545320449)"
2024-08-15 03:56:24,052	[INFO]	9-3     SUCCESS               15510607853.600000 (99.70%) [1 edit(s)] [cached] 
2024-08-15 03:56:24,052	[DEBUG]	patch(9-3)="ParamSetting(('test.params', 'param', 'VARDECAY'), 0.07495132545320449)"
2024-08-15 03:56:24,053	[INFO]	9-4     SUCCESS               15623571870.799999 (100.43%) [2 edit(s)] [cached] 
2024-08-15 03:56:24,053	[DEBUG]	patch(9-4)="ParamSetting(('test.params', 'param', 'VARDECAY'), 0.07495132545320449) | ParamSetting(('test.params', 'param', 'VARDECAY'), 0.6173021831480162)"
2024-08-15 03:56:24,053	[INFO]	9-5     SUCCESS               15510607853.600000 (99.70%) [1 edit(s)] [cached] 
2024-08-15 03:56:24,053	[DEBUG]	patch(9-5)="ParamSetting(('test.params', 'param', 'VARDECAY'), 0.07495132545320449)"
2024-08-15 03:56:24,054	[INFO]	9-6     SUCCESS               15569063902.799999 (100.08%) [5 edit(s)] [cached] 
2024-08-15 03:56:24,054	[DEBUG]	patch(9-6)="ParamSetting(('test.params', 'param', 'CLADECAY'), 0.3565385250381603) | ParamSetting(('test.params', 'param', 'VARDECAY'), 0.07495132545320449) | ParamSetting(('test.params', 'param', 'INITCONFLICTBOUND'), 204) | ParamSetting(('test.params', 'param', 'CLADECAY'), 0.3565385250381603) | ParamSetting(('test.params', 'param', 'VARDECAY'), 0.07495132545320449)"
2024-08-15 03:57:06,281	[DEBUG]	EXEC>  SUCCESS 15637468812.8
2024-08-15 03:57:06,281	[INFO]	9-7     SUCCESS               15637468812.799999 (100.52%) [4 edit(s)]  
2024-08-15 03:57:06,281	[DEBUG]	patch(9-7)="ParamSetting(('test.params', 'param', 'CLADECAY'), 0.3565385250381603) | ParamSetting(('test.params', 'param', 'VARDECAY'), 0.07495132545320449) | ParamSetting(('test.params', 'param', 'VARDECAY'), 0.07495132545320449) | ParamSetting(('test.params', 'param', 'INITCONFLICTBOUND'), 214)"
2024-08-15 03:57:48,742	[DEBUG]	EXEC>  SUCCESS 15649796343.2
2024-08-15 03:57:48,742	[INFO]	9-8     SUCCESS               15649796343.200001 (100.60%) [3 edit(s)]  
2024-08-15 03:57:48,742	[DEBUG]	patch(9-8)="ParamSetting(('test.params', 'param', 'CLADECAY'), 0.3565385250381603) | ParamSetting(('test.params', 'param', 'VARDECAY'), 0.07495132545320449) | ParamSetting(('test.params', 'param', 'PHASE'), 'PhaseCachingAutoEraseStrategy')"
2024-08-15 03:57:48,743	[INFO]	9-9     SUCCESS               15510607853.600000 (99.70%) [1 edit(s)] [cached] 
2024-08-15 03:57:48,743	[DEBUG]	patch(9-9)="ParamSetting(('test.params', 'param', 'VARDECAY'), 0.07495132545320449)"
2024-08-15 03:57:48,744	[INFO]	9-10    SUCCESS               15730093356.000000 (101.12%) [2 edit(s)] [cached] 
2024-08-15 03:57:48,744	[DEBUG]	patch(9-10)="ParamSetting(('test.params', 'param', 'VARDECAY'), 0.07495132545320449) | ParamSetting(('test.params', 'param', 'CLEANING'), 'LBD')"
2024-08-15 03:57:48,744	[INFO]	REF     SUCCESS               15556626141.799999 (--) [0 edit(s)] [cached] 
2024-08-15 03:57:48,745	[INFO]	BEST    SUCCESS              *15451614639.799999 (99.32%) [0 edit(s)] [cached] 
2024-08-15 03:57:48,747	[INFO]	10-1    SUCCESS              +15451614639.799999 (99.32%) [3 edit(s)] [cached] 
2024-08-15 03:57:48,747	[DEBUG]	patch(10-1)="ParamSetting(('test.params', 'param', 'CLADECAY'), 0.3565385250381603) | ParamSetting(('test.params', 'param', 'VARDECAY'), 0.07495132545320449) | ParamSetting(('test.params', 'param', 'VARDECAY'), 0.07495132545320449)"
2024-08-15 03:57:48,748	[INFO]	10-2    SUCCESS               15637468812.799999 (100.52%) [5 edit(s)] [cached] 
2024-08-15 03:57:48,748	[DEBUG]	patch(10-2)="ParamSetting(('test.params', 'param', 'CLADECAY'), 0.3565385250381603) | ParamSetting(('test.params', 'param', 'VARDECAY'), 0.07495132545320449) | ParamSetting(('test.params', 'param', 'VARDECAY'), 0.07495132545320449) | ParamSetting(('test.params', 'param', 'VARDECAY'), 0.07495132545320449) | ParamSetting(('test.params', 'param', 'INITCONFLICTBOUND'), 214)"
2024-08-15 03:57:48,748	[INFO]	10-3    SUCCESS               15569063902.799999 (100.08%) [3 edit(s)] [cached] 
2024-08-15 03:57:48,748	[DEBUG]	patch(10-3)="ParamSetting(('test.params', 'param', 'CLADECAY'), 0.3565385250381603) | ParamSetting(('test.params', 'param', 'VARDECAY'), 0.07495132545320449) | ParamSetting(('test.params', 'param', 'INITCONFLICTBOUND'), 204)"
2024-08-15 03:57:48,749	[INFO]	10-4    SUCCESS               15510607853.600000 (99.70%) [1 edit(s)] [cached] 
2024-08-15 03:57:48,749	[DEBUG]	patch(10-4)="ParamSetting(('test.params', 'param', 'VARDECAY'), 0.07495132545320449)"
2024-08-15 03:58:31,027	[DEBUG]	EXEC>  SUCCESS 15473832308.0
2024-08-15 03:58:31,028	[INFO]	10-5    SUCCESS               15473832308.000000 (99.47%) [4 edit(s)]  
2024-08-15 03:58:31,028	[DEBUG]	patch(10-5)="ParamSetting(('test.params', 'param', 'CLEANING'), 'LBD') | ParamSetting(('test.params', 'param', 'CLADECAY'), 0.3565385250381603) | ParamSetting(('test.params', 'param', 'VARDECAY'), 0.07495132545320449) | ParamSetting(('test.params', 'param', 'CLADECAY'), 0.3565385250381603)"
2024-08-15 03:58:31,028	[INFO]	10-6    SUCCESS               15623571870.799999 (100.43%) [3 edit(s)] [cached] 
2024-08-15 03:58:31,029	[DEBUG]	patch(10-6)="ParamSetting(('test.params', 'param', 'VARDECAY'), 0.07495132545320449) | ParamSetting(('test.params', 'param', 'VARDECAY'), 0.07495132545320449) | ParamSetting(('test.params', 'param', 'VARDECAY'), 0.6173021831480162)"
2024-08-15 03:58:31,029	[INFO]	10-7    SUCCESS               15451614639.799999 (99.32%) [2 edit(s)] [cached] 
2024-08-15 03:58:31,029	[DEBUG]	patch(10-7)="ParamSetting(('test.params', 'param', 'CLADECAY'), 0.3565385250381603) | ParamSetting(('test.params', 'param', 'VARDECAY'), 0.07495132545320449)"
2024-08-15 03:59:13,478	[DEBUG]	EXEC>  SUCCESS 15698708068.4
2024-08-15 03:59:13,478	[INFO]	10-8    SUCCESS               15698708068.400000 (100.91%) [3 edit(s)]  
2024-08-15 03:59:13,478	[DEBUG]	patch(10-8)="ParamSetting(('test.params', 'param', 'VARDECAY'), 0.07495132545320449) | ParamSetting(('test.params', 'param', 'VARDECAY'), 0.07495132545320449) | ParamSetting(('test.params', 'param', 'FIXEDPERIOD'), 10310)"
2024-08-15 03:59:56,136	[DEBUG]	EXEC>  SUCCESS 15675162170.4
2024-08-15 03:59:56,136	[INFO]	10-9    SUCCESS               15675162170.400000 (100.76%) [2 edit(s)]  
2024-08-15 03:59:56,136	[DEBUG]	patch(10-9)="ParamSetting(('test.params', 'param', 'VARDECAY'), 0.07495132545320449) | ParamSetting(('test.params', 'param', 'VARDECAY'), 0.5792518568583219)"
2024-08-15 03:59:56,137	[INFO]	10-10   SUCCESS               15569063902.799999 (100.08%) [4 edit(s)] [cached] 
2024-08-15 03:59:56,137	[DEBUG]	patch(10-10)="ParamSetting(('test.params', 'param', 'CLADECAY'), 0.3565385250381603) | ParamSetting(('test.params', 'param', 'VARDECAY'), 0.07495132545320449) | ParamSetting(('test.params', 'param', 'INITCONFLICTBOUND'), 204) | ParamSetting(('test.params', 'param', 'CLADECAY'), 0.3565385250381603)"
2024-08-15 03:59:56,138	[INFO]	REF     SUCCESS               15556626141.799999 (--) [0 edit(s)] [cached] 
2024-08-15 03:59:56,138	[INFO]	BEST    SUCCESS              *15451614639.799999 (99.32%) [0 edit(s)] [cached] 
2024-08-15 03:59:56,141	[INFO]	11-1    SUCCESS              +15451614639.799999 (99.32%) [3 edit(s)] [cached] 
2024-08-15 03:59:56,141	[DEBUG]	patch(11-1)="ParamSetting(('test.params', 'param', 'CLADECAY'), 0.3565385250381603) | ParamSetting(('test.params', 'param', 'VARDECAY'), 0.07495132545320449) | ParamSetting(('test.params', 'param', 'VARDECAY'), 0.07495132545320449)"
2024-08-15 03:59:56,142	[INFO]	11-2    SUCCESS               15569063902.799999 (100.08%) [5 edit(s)] [cached] 
2024-08-15 03:59:56,142	[DEBUG]	patch(11-2)="ParamSetting(('test.params', 'param', 'CLADECAY'), 0.3565385250381603) | ParamSetting(('test.params', 'param', 'VARDECAY'), 0.07495132545320449) | ParamSetting(('test.params', 'param', 'VARDECAY'), 0.07495132545320449) | ParamSetting(('test.params', 'param', 'VARDECAY'), 0.07495132545320449) | ParamSetting(('test.params', 'param', 'INITCONFLICTBOUND'), 204)"
2024-08-15 03:59:56,142	[INFO]	11-3    SUCCESS               15473832308.000000 (99.47%) [5 edit(s)] [cached] 
2024-08-15 03:59:56,142	[DEBUG]	patch(11-3)="ParamSetting(('test.params', 'param', 'CLADECAY'), 0.3565385250381603) | ParamSetting(('test.params', 'param', 'CLEANING'), 'LBD') | ParamSetting(('test.params', 'param', 'CLADECAY'), 0.3565385250381603) | ParamSetting(('test.params', 'param', 'VARDECAY'), 0.07495132545320449) | ParamSetting(('test.params', 'param', 'CLADECAY'), 0.3565385250381603)"
2024-08-15 03:59:56,143	[INFO]	11-4    SUCCESS               15510607853.600000 (99.70%) [1 edit(s)] [cached] 
2024-08-15 03:59:56,143	[DEBUG]	patch(11-4)="ParamSetting(('test.params', 'param', 'VARDECAY'), 0.07495132545320449)"
2024-08-15 03:59:56,144	[INFO]	11-5    SUCCESS               15510607853.600000 (99.70%) [1 edit(s)] [cached] 
2024-08-15 03:59:56,144	[DEBUG]	patch(11-5)="ParamSetting(('test.params', 'param', 'VARDECAY'), 0.07495132545320449)"
2024-08-15 03:59:56,144	[INFO]	11-6    SUCCESS               15510607853.600000 (99.70%) [2 edit(s)] [cached] 
2024-08-15 03:59:56,144	[DEBUG]	patch(11-6)="ParamSetting(('test.params', 'param', 'VARDECAY'), 0.07495132545320449) | ParamSetting(('test.params', 'param', 'VARDECAY'), 0.07495132545320449)"
2024-08-15 04:00:38,581	[DEBUG]	EXEC>  SUCCESS 15733589007.8
2024-08-15 04:00:38,581	[INFO]	11-7    SUCCESS               15733589007.799999 (101.14%) [4 edit(s)]  
2024-08-15 04:00:38,581	[DEBUG]	patch(11-7)="ParamSetting(('test.params', 'param', 'CLADECAY'), 0.3565385250381603) | ParamSetting(('test.params', 'param', 'VARDECAY'), 0.07495132545320449) | ParamSetting(('test.params', 'param', 'VARDECAY'), 0.07495132545320449) | ParamSetting(('test.params', 'param', 'RESTARTS'), 'NoRestarts')"
2024-08-15 04:00:38,582	[INFO]	11-8    SUCCESS               15451614639.799999 (99.32%) [3 edit(s)] [cached] 
2024-08-15 04:00:38,582	[DEBUG]	patch(11-8)="ParamSetting(('test.params', 'param', 'CLADECAY'), 0.3565385250381603) | ParamSetting(('test.params', 'param', 'VARDECAY'), 0.07495132545320449) | ParamSetting(('test.params', 'param', 'CLEANING'), 'LBD2')"
2024-08-15 04:00:38,583	[INFO]	11-9    SUCCESS               15473832308.000000 (99.47%) [3 edit(s)] [cached] 
2024-08-15 04:00:38,583	[DEBUG]	patch(11-9)="ParamSetting(('test.params', 'param', 'CLEANING'), 'LBD') | ParamSetting(('test.params', 'param', 'VARDECAY'), 0.07495132545320449) | ParamSetting(('test.params', 'param', 'CLADECAY'), 0.3565385250381603)"
2024-08-15 04:00:38,583	[INFO]	11-10   SUCCESS               15556626141.799999 (100.00%) [0 edit(s)] [cached] 
2024-08-15 04:00:38,583	[DEBUG]	patch(11-10)=""
2024-08-15 04:00:38,584	[INFO]	REF     SUCCESS               15556626141.799999 (--) [0 edit(s)] [cached] 
2024-08-15 04:00:38,584	[INFO]	BEST    SUCCESS              *15451614639.799999 (99.32%) [0 edit(s)] [cached] 
2024-08-15 04:00:38,587	[INFO]	12-1    SUCCESS              +15451614639.799999 (99.32%) [3 edit(s)] [cached] 
2024-08-15 04:00:38,587	[DEBUG]	patch(12-1)="ParamSetting(('test.params', 'param', 'CLADECAY'), 0.3565385250381603) | ParamSetting(('test.params', 'param', 'VARDECAY'), 0.07495132545320449) | ParamSetting(('test.params', 'param', 'VARDECAY'), 0.07495132545320449)"
2024-08-15 04:00:38,587	[INFO]	12-2    SUCCESS               15510607853.600000 (99.70%) [2 edit(s)] [cached] 
2024-08-15 04:00:38,587	[DEBUG]	patch(12-2)="ParamSetting(('test.params', 'param', 'VARDECAY'), 0.07495132545320449) | ParamSetting(('test.params', 'param', 'VARDECAY'), 0.07495132545320449)"
2024-08-15 04:00:38,588	[INFO]	12-3    SUCCESS               15451614639.799999 (99.32%) [3 edit(s)] [cached] 
2024-08-15 04:00:38,588	[DEBUG]	patch(12-3)="ParamSetting(('test.params', 'param', 'CLADECAY'), 0.3565385250381603) | ParamSetting(('test.params', 'param', 'VARDECAY'), 0.07495132545320449) | ParamSetting(('test.params', 'param', 'CLEANING'), 'LBD2')"
2024-08-15 04:00:38,589	[INFO]	12-4    SUCCESS               15451614639.799999 (99.32%) [5 edit(s)] [cached] 
2024-08-15 04:00:38,589	[DEBUG]	patch(12-4)="ParamSetting(('test.params', 'param', 'CLADECAY'), 0.3565385250381603) | ParamSetting(('test.params', 'param', 'VARDECAY'), 0.07495132545320449) | ParamSetting(('test.params', 'param', 'CLADECAY'), 0.3565385250381603) | ParamSetting(('test.params', 'param', 'VARDECAY'), 0.07495132545320449) | ParamSetting(('test.params', 'param', 'CLADECAY'), 0.3565385250381603)"
2024-08-15 04:01:21,155	[DEBUG]	EXEC>  SUCCESS 15721233922.6
2024-08-15 04:01:21,156	[INFO]	12-5    SUCCESS               15721233922.600000 (101.06%) [4 edit(s)]  
2024-08-15 04:01:21,156	[DEBUG]	patch(12-5)="ParamSetting(('test.params', 'param', 'CLEANING'), 'LBD') | ParamSetting(('test.params', 'param', 'VARDECAY'), 0.07495132545320449) | ParamSetting(('test.params', 'param', 'VARDECAY'), 0.07495132545320449) | ParamSetting(('test.params', 'param', 'INITCONFLICTBOUND'), 204)"
2024-08-15 04:01:21,156	[INFO]	12-6    SUCCESS               15451614639.799999 (99.32%) [3 edit(s)] [cached] 
2024-08-15 04:01:21,157	[DEBUG]	patch(12-6)="ParamSetting(('test.params', 'param', 'VARDECAY'), 0.07495132545320449) | ParamSetting(('test.params', 'param', 'CLADECAY'), 0.3565385250381603) | ParamSetting(('test.params', 'param', 'CLADECAY'), 0.3565385250381603)"
2024-08-15 04:02:03,658	[DEBUG]	EXEC>  SUCCESS 15679918097.6
2024-08-15 04:02:03,658	[INFO]	12-7    SUCCESS               15679918097.600000 (100.79%) [4 edit(s)]  
2024-08-15 04:02:03,658	[DEBUG]	patch(12-7)="ParamSetting(('test.params', 'param', 'CLADECAY'), 0.3565385250381603) | ParamSetting(('test.params', 'param', 'VARDECAY'), 0.07495132545320449) | ParamSetting(('test.params', 'param', 'VARDECAY'), 0.07495132545320449) | ParamSetting(('test.params', 'param', 'CLEANING'), 'ACTIVITY')"
2024-08-15 04:02:46,048	[DEBUG]	EXEC>  SUCCESS 15723446934.6
2024-08-15 04:02:46,049	[INFO]	12-8    SUCCESS               15723446934.600000 (101.07%) [4 edit(s)]  
2024-08-15 04:02:46,049	[DEBUG]	patch(12-8)="ParamSetting(('test.params', 'param', 'CLADECAY'), 0.3565385250381603) | ParamSetting(('test.params', 'param', 'VARDECAY'), 0.07495132545320449) | ParamSetting(('test.params', 'param', 'CLEANING'), 'LBD2') | ParamSetting(('test.params', 'param', 'PHASE'), 'NegativeLiteralSelectionStrategy')"
2024-08-15 04:03:28,393	[DEBUG]	EXEC>  SUCCESS 15641543276.4
2024-08-15 04:03:28,394	[INFO]	12-9    SUCCESS               15641543276.400000 (100.55%) [4 edit(s)]  
2024-08-15 04:03:28,394	[DEBUG]	patch(12-9)="ParamSetting(('test.params', 'param', 'CLADECAY'), 0.3565385250381603) | ParamSetting(('test.params', 'param', 'CLEANING'), 'LBD') | ParamSetting(('test.params', 'param', 'CLADECAY'), 0.3565385250381603) | ParamSetting(('test.params', 'param', 'CLADECAY'), 0.3565385250381603)"
2024-08-15 04:04:10,644	[DEBUG]	EXEC>  SUCCESS 15530427141.0
2024-08-15 04:04:10,645	[INFO]	12-10   SUCCESS               15530427141.000000 (99.83%) [4 edit(s)]  
2024-08-15 04:04:10,645	[DEBUG]	patch(12-10)="ParamSetting(('test.params', 'param', 'CLEANING'), 'LBD') | ParamSetting(('test.params', 'param', 'VARDECAY'), 0.07495132545320449) | ParamSetting(('test.params', 'param', 'CLADECAY'), 0.3565385250381603) | ParamSetting(('test.params', 'param', 'PHASE'), 'NegativeLiteralSelectionStrategy')"
2024-08-15 04:04:10,645	[INFO]	REF     SUCCESS               15556626141.799999 (--) [0 edit(s)] [cached] 
2024-08-15 04:04:10,646	[INFO]	BEST    SUCCESS              *15451614639.799999 (99.32%) [0 edit(s)] [cached] 
2024-08-15 04:04:10,649	[INFO]	13-1    SUCCESS              +15451614639.799999 (99.32%) [3 edit(s)] [cached] 
2024-08-15 04:04:10,649	[DEBUG]	patch(13-1)="ParamSetting(('test.params', 'param', 'CLADECAY'), 0.3565385250381603) | ParamSetting(('test.params', 'param', 'VARDECAY'), 0.07495132545320449) | ParamSetting(('test.params', 'param', 'CLEANING'), 'LBD2')"
2024-08-15 04:04:10,650	[INFO]	13-2    SUCCESS               15616759887.000000 (100.39%) [1 edit(s)] [cached] 
2024-08-15 04:04:10,650	[DEBUG]	patch(13-2)="ParamSetting(('test.params', 'param', 'CLADECAY'), 0.3565385250381603)"
2024-08-15 04:04:10,650	[INFO]	13-3    SUCCESS               15451614639.799999 (99.32%) [5 edit(s)] [cached] 
2024-08-15 04:04:10,650	[DEBUG]	patch(13-3)="ParamSetting(('test.params', 'param', 'VARDECAY'), 0.07495132545320449) | ParamSetting(('test.params', 'param', 'CLADECAY'), 0.3565385250381603) | ParamSetting(('test.params', 'param', 'VARDECAY'), 0.07495132545320449) | ParamSetting(('test.params', 'param', 'CLADECAY'), 0.3565385250381603) | ParamSetting(('test.params', 'param', 'VARDECAY'), 0.07495132545320449)"
2024-08-15 04:04:10,651	[INFO]	13-4    SUCCESS               15451614639.799999 (99.32%) [5 edit(s)] [cached] 
2024-08-15 04:04:10,651	[DEBUG]	patch(13-4)="ParamSetting(('test.params', 'param', 'CLADECAY'), 0.3565385250381603) | ParamSetting(('test.params', 'param', 'VARDECAY'), 0.07495132545320449) | ParamSetting(('test.params', 'param', 'CLADECAY'), 0.3565385250381603) | ParamSetting(('test.params', 'param', 'CLADECAY'), 0.3565385250381603) | ParamSetting(('test.params', 'param', 'CLADECAY'), 0.3565385250381603)"
2024-08-15 04:04:10,652	[INFO]	13-5    SUCCESS               15451614639.799999 (99.32%) [4 edit(s)] [cached] 
2024-08-15 04:04:10,652	[DEBUG]	patch(13-5)="ParamSetting(('test.params', 'param', 'CLEANING'), 'LBD2') | ParamSetting(('test.params', 'param', 'VARDECAY'), 0.07495132545320449) | ParamSetting(('test.params', 'param', 'CLADECAY'), 0.3565385250381603) | ParamSetting(('test.params', 'param', 'CLADECAY'), 0.3565385250381603)"
2024-08-15 04:04:10,652	[INFO]	13-6    SUCCESS               15451614639.799999 (99.32%) [2 edit(s)] [cached] 
2024-08-15 04:04:10,652	[DEBUG]	patch(13-6)="ParamSetting(('test.params', 'param', 'VARDECAY'), 0.07495132545320449) | ParamSetting(('test.params', 'param', 'CLADECAY'), 0.3565385250381603)"
2024-08-15 04:04:10,653	[INFO]	13-7    SUCCESS               15510607853.600000 (99.70%) [2 edit(s)] [cached] 
2024-08-15 04:04:10,653	[DEBUG]	patch(13-7)="ParamSetting(('test.params', 'param', 'VARDECAY'), 0.07495132545320449) | ParamSetting(('test.params', 'param', 'CLEANING'), 'LBD2')"
2024-08-15 04:04:10,654	[INFO]	13-8    SUCCESS               15451614639.799999 (99.32%) [2 edit(s)] [cached] 
2024-08-15 04:04:10,654	[DEBUG]	patch(13-8)="ParamSetting(('test.params', 'param', 'CLADECAY'), 0.3565385250381603) | ParamSetting(('test.params', 'param', 'VARDECAY'), 0.07495132545320449)"
2024-08-15 04:04:10,654	[INFO]	13-9    SUCCESS               15451614639.799999 (99.32%) [4 edit(s)] [cached] 
2024-08-15 04:04:10,654	[DEBUG]	patch(13-9)="ParamSetting(('test.params', 'param', 'VARDECAY'), 0.07495132545320449) | ParamSetting(('test.params', 'param', 'CLADECAY'), 0.3565385250381603) | ParamSetting(('test.params', 'param', 'VARDECAY'), 0.07495132545320449) | ParamSetting(('test.params', 'param', 'CLADECAY'), 0.3565385250381603)"
2024-08-15 04:04:53,225	[DEBUG]	EXEC>  SUCCESS 15793967761.2
2024-08-15 04:04:53,225	[INFO]	13-10   SUCCESS               15793967761.200001 (101.53%) [4 edit(s)]  
2024-08-15 04:04:53,226	[DEBUG]	patch(13-10)="ParamSetting(('test.params', 'param', 'VARDECAY'), 0.07495132545320449) | ParamSetting(('test.params', 'param', 'CLADECAY'), 0.3565385250381603) | ParamSetting(('test.params', 'param', 'CLADECAY'), 0.3565385250381603) | ParamSetting(('test.params', 'param', 'CLADECAY'), 0.7989894774034444)"
2024-08-15 04:04:53,226	[INFO]	REF     SUCCESS               15556626141.799999 (--) [0 edit(s)] [cached] 
2024-08-15 04:04:53,227	[INFO]	BEST    SUCCESS              *15451614639.799999 (99.32%) [0 edit(s)] [cached] 
2024-08-15 04:04:53,230	[INFO]	14-1    SUCCESS              +15451614639.799999 (99.32%) [2 edit(s)] [cached] 
2024-08-15 04:04:53,230	[DEBUG]	patch(14-1)="ParamSetting(('test.params', 'param', 'VARDECAY'), 0.07495132545320449) | ParamSetting(('test.params', 'param', 'CLADECAY'), 0.3565385250381603)"
2024-08-15 04:04:53,231	[INFO]	14-2    SUCCESS               15451614639.799999 (99.32%) [5 edit(s)] [cached] 
2024-08-15 04:04:53,231	[DEBUG]	patch(14-2)="ParamSetting(('test.params', 'param', 'VARDECAY'), 0.07495132545320449) | ParamSetting(('test.params', 'param', 'CLADECAY'), 0.3565385250381603) | ParamSetting(('test.params', 'param', 'VARDECAY'), 0.07495132545320449) | ParamSetting(('test.params', 'param', 'VARDECAY'), 0.07495132545320449) | ParamSetting(('test.params', 'param', 'VARDECAY'), 0.07495132545320449)"
2024-08-15 04:04:53,231	[INFO]	14-3    SUCCESS               15510607853.600000 (99.70%) [1 edit(s)] [cached] 
2024-08-15 04:04:53,231	[DEBUG]	patch(14-3)="ParamSetting(('test.params', 'param', 'VARDECAY'), 0.07495132545320449)"
2024-08-15 04:04:53,232	[INFO]	14-4    SUCCESS               15451614639.799999 (99.32%) [6 edit(s)] [cached] 
2024-08-15 04:04:53,232	[DEBUG]	patch(14-4)="ParamSetting(('test.params', 'param', 'VARDECAY'), 0.07495132545320449) | ParamSetting(('test.params', 'param', 'VARDECAY'), 0.07495132545320449) | ParamSetting(('test.params', 'param', 'CLADECAY'), 0.3565385250381603) | ParamSetting(('test.params', 'param', 'VARDECAY'), 0.07495132545320449) | ParamSetting(('test.params', 'param', 'CLADECAY'), 0.3565385250381603) | ParamSetting(('test.params', 'param', 'VARDECAY'), 0.07495132545320449)"
2024-08-15 04:04:53,233	[INFO]	14-5    SUCCESS               15510607853.600000 (99.70%) [1 edit(s)] [cached] 
2024-08-15 04:04:53,233	[DEBUG]	patch(14-5)="ParamSetting(('test.params', 'param', 'VARDECAY'), 0.07495132545320449)"
2024-08-15 04:04:53,234	[INFO]	14-6    SUCCESS               15451614639.799999 (99.32%) [2 edit(s)] [cached] 
2024-08-15 04:04:53,234	[DEBUG]	patch(14-6)="ParamSetting(('test.params', 'param', 'CLADECAY'), 0.3565385250381603) | ParamSetting(('test.params', 'param', 'VARDECAY'), 0.07495132545320449)"
2024-08-15 04:04:53,235	[INFO]	14-7    SUCCESS               15616759887.000000 (100.39%) [1 edit(s)] [cached] 
2024-08-15 04:04:53,235	[DEBUG]	patch(14-7)="ParamSetting(('test.params', 'param', 'CLADECAY'), 0.3565385250381603)"
2024-08-15 04:04:53,235	[INFO]	14-8    SUCCESS               15616759887.000000 (100.39%) [2 edit(s)] [cached] 
2024-08-15 04:04:53,235	[DEBUG]	patch(14-8)="ParamSetting(('test.params', 'param', 'CLADECAY'), 0.3565385250381603) | ParamSetting(('test.params', 'param', 'CLEANING'), 'LBD2')"
2024-08-15 04:04:53,236	[INFO]	14-9    SUCCESS               15451614639.799999 (99.32%) [4 edit(s)] [cached] 
2024-08-15 04:04:53,236	[DEBUG]	patch(14-9)="ParamSetting(('test.params', 'param', 'VARDECAY'), 0.07495132545320449) | ParamSetting(('test.params', 'param', 'CLADECAY'), 0.3565385250381603) | ParamSetting(('test.params', 'param', 'VARDECAY'), 0.07495132545320449) | ParamSetting(('test.params', 'param', 'CLADECAY'), 0.3565385250381603)"
2024-08-15 04:04:53,237	[INFO]	14-10   SUCCESS               15451614639.799999 (99.32%) [3 edit(s)] [cached] 
2024-08-15 04:04:53,237	[DEBUG]	patch(14-10)="ParamSetting(('test.params', 'param', 'VARDECAY'), 0.07495132545320449) | ParamSetting(('test.params', 'param', 'CLADECAY'), 0.3565385250381603) | ParamSetting(('test.params', 'param', 'CLADECAY'), 0.3565385250381603)"
2024-08-15 04:04:53,238	[INFO]	REF     SUCCESS               15556626141.799999 (--) [0 edit(s)] [cached] 
2024-08-15 04:04:53,238	[INFO]	BEST    SUCCESS              *15451614639.799999 (99.32%) [0 edit(s)] [cached] 
2024-08-15 04:04:53,241	[INFO]	15-1    SUCCESS              +15451614639.799999 (99.32%) [5 edit(s)] [cached] 
2024-08-15 04:04:53,241	[DEBUG]	patch(15-1)="ParamSetting(('test.params', 'param', 'VARDECAY'), 0.07495132545320449) | ParamSetting(('test.params', 'param', 'CLADECAY'), 0.3565385250381603) | ParamSetting(('test.params', 'param', 'VARDECAY'), 0.07495132545320449) | ParamSetting(('test.params', 'param', 'VARDECAY'), 0.07495132545320449) | ParamSetting(('test.params', 'param', 'VARDECAY'), 0.07495132545320449)"
2024-08-15 04:04:53,242	[INFO]	15-2    SUCCESS               15510607853.600000 (99.70%) [1 edit(s)] [cached] 
2024-08-15 04:04:53,242	[DEBUG]	patch(15-2)="ParamSetting(('test.params', 'param', 'VARDECAY'), 0.07495132545320449)"
2024-08-15 04:04:53,242	[INFO]	15-3    SUCCESS               15616759887.000000 (100.39%) [1 edit(s)] [cached] 
2024-08-15 04:04:53,242	[DEBUG]	patch(15-3)="ParamSetting(('test.params', 'param', 'CLADECAY'), 0.3565385250381603)"
2024-08-15 04:04:53,243	[INFO]	15-4    SUCCESS               15451614639.799999 (99.32%) [3 edit(s)] [cached] 
2024-08-15 04:04:53,243	[DEBUG]	patch(15-4)="ParamSetting(('test.params', 'param', 'CLEANING'), 'LBD2') | ParamSetting(('test.params', 'param', 'VARDECAY'), 0.07495132545320449) | ParamSetting(('test.params', 'param', 'CLADECAY'), 0.3565385250381603)"
2024-08-15 04:04:53,244	[INFO]	15-5    SUCCESS               15451614639.799999 (99.32%) [2 edit(s)] [cached] 
2024-08-15 04:04:53,244	[DEBUG]	patch(15-5)="ParamSetting(('test.params', 'param', 'CLADECAY'), 0.3565385250381603) | ParamSetting(('test.params', 'param', 'VARDECAY'), 0.07495132545320449)"
2024-08-15 04:04:53,245	[INFO]	15-6    SUCCESS               15451614639.799999 (99.32%) [6 edit(s)] [cached] 
2024-08-15 04:04:53,245	[DEBUG]	patch(15-6)="ParamSetting(('test.params', 'param', 'VARDECAY'), 0.07495132545320449) | ParamSetting(('test.params', 'param', 'CLADECAY'), 0.3565385250381603) | ParamSetting(('test.params', 'param', 'VARDECAY'), 0.07495132545320449) | ParamSetting(('test.params', 'param', 'CLADECAY'), 0.3565385250381603) | ParamSetting(('test.params', 'param', 'VARDECAY'), 0.07495132545320449) | ParamSetting(('test.params', 'param', 'VARDECAY'), 0.07495132545320449)"
2024-08-15 04:05:35,528	[DEBUG]	EXEC>  SUCCESS 15665275677.6
2024-08-15 04:05:35,528	[INFO]	15-7    SUCCESS               15665275677.600000 (100.70%) [6 edit(s)]  
2024-08-15 04:05:35,528	[DEBUG]	patch(15-7)="ParamSetting(('test.params', 'param', 'VARDECAY'), 0.07495132545320449) | ParamSetting(('test.params', 'param', 'CLADECAY'), 0.3565385250381603) | ParamSetting(('test.params', 'param', 'VARDECAY'), 0.07495132545320449) | ParamSetting(('test.params', 'param', 'VARDECAY'), 0.07495132545320449) | ParamSetting(('test.params', 'param', 'VARDECAY'), 0.07495132545320449) | ParamSetting(('test.params', 'param', 'CONFLICTBOUNDINCFACTOR'), 2.3109711292097836)"
2024-08-15 04:05:35,529	[INFO]	15-8    SUCCESS               15451614639.799999 (99.32%) [3 edit(s)] [cached] 
2024-08-15 04:05:35,529	[DEBUG]	patch(15-8)="ParamSetting(('test.params', 'param', 'VARDECAY'), 0.07495132545320449) | ParamSetting(('test.params', 'param', 'VARDECAY'), 0.07495132545320449) | ParamSetting(('test.params', 'param', 'CLADECAY'), 0.3565385250381603)"
2024-08-15 04:06:17,934	[DEBUG]	EXEC>  SUCCESS 15712978603.6
2024-08-15 04:06:17,934	[INFO]	15-9    SUCCESS               15712978603.600000 (101.01%) [4 edit(s)]  
2024-08-15 04:06:17,934	[DEBUG]	patch(15-9)="ParamSetting(('test.params', 'param', 'VARDECAY'), 0.07495132545320449) | ParamSetting(('test.params', 'param', 'CLADECAY'), 0.3565385250381603) | ParamSetting(('test.params', 'param', 'CLADECAY'), 0.3565385250381603) | ParamSetting(('test.params', 'param', 'INITCONFLICTBOUND'), 96)"
2024-08-15 04:06:17,935	[INFO]	15-10   SUCCESS               15510607853.600000 (99.70%) [1 edit(s)] [cached] 
2024-08-15 04:06:17,935	[DEBUG]	patch(15-10)="ParamSetting(('test.params', 'param', 'VARDECAY'), 0.07495132545320449)"
2024-08-15 04:06:17,935	[INFO]	REF     SUCCESS               15556626141.799999 (--) [0 edit(s)] [cached] 
2024-08-15 04:06:17,936	[INFO]	BEST    SUCCESS              *15451614639.799999 (99.32%) [0 edit(s)] [cached] 
2024-08-15 04:06:17,939	[INFO]	16-1    SUCCESS              +15451614639.799999 (99.32%) [3 edit(s)] [cached] 
2024-08-15 04:06:17,939	[DEBUG]	patch(16-1)="ParamSetting(('test.params', 'param', 'VARDECAY'), 0.07495132545320449) | ParamSetting(('test.params', 'param', 'VARDECAY'), 0.07495132545320449) | ParamSetting(('test.params', 'param', 'CLADECAY'), 0.3565385250381603)"
2024-08-15 04:06:17,939	[INFO]	16-2    SUCCESS               15616759887.000000 (100.39%) [1 edit(s)] [cached] 
2024-08-15 04:06:17,939	[DEBUG]	patch(16-2)="ParamSetting(('test.params', 'param', 'CLADECAY'), 0.3565385250381603)"
2024-08-15 04:06:17,940	[INFO]	16-3    SUCCESS               15451614639.799999 (99.32%) [5 edit(s)] [cached] 
2024-08-15 04:06:17,940	[DEBUG]	patch(16-3)="ParamSetting(('test.params', 'param', 'VARDECAY'), 0.07495132545320449) | ParamSetting(('test.params', 'param', 'CLADECAY'), 0.3565385250381603) | ParamSetting(('test.params', 'param', 'VARDECAY'), 0.07495132545320449) | ParamSetting(('test.params', 'param', 'VARDECAY'), 0.07495132545320449) | ParamSetting(('test.params', 'param', 'CLADECAY'), 0.3565385250381603)"
2024-08-15 04:06:17,940	[INFO]	16-4    SUCCESS               15451614639.799999 (99.32%) [4 edit(s)] [cached] 
2024-08-15 04:06:17,940	[DEBUG]	patch(16-4)="ParamSetting(('test.params', 'param', 'CLADECAY'), 0.3565385250381603) | ParamSetting(('test.params', 'param', 'CLADECAY'), 0.3565385250381603) | ParamSetting(('test.params', 'param', 'VARDECAY'), 0.07495132545320449) | ParamSetting(('test.params', 'param', 'VARDECAY'), 0.07495132545320449)"
2024-08-15 04:06:17,941	[INFO]	16-5    SUCCESS               15510607853.600000 (99.70%) [1 edit(s)] [cached] 
2024-08-15 04:06:17,941	[DEBUG]	patch(16-5)="ParamSetting(('test.params', 'param', 'VARDECAY'), 0.07495132545320449)"
2024-08-15 04:06:17,942	[INFO]	16-6    SUCCESS               15510607853.600000 (99.70%) [3 edit(s)] [cached] 
2024-08-15 04:06:17,942	[DEBUG]	patch(16-6)="ParamSetting(('test.params', 'param', 'CLEANING'), 'LBD2') | ParamSetting(('test.params', 'param', 'CLEANING'), 'LBD2') | ParamSetting(('test.params', 'param', 'VARDECAY'), 0.07495132545320449)"
2024-08-15 04:07:00,079	[DEBUG]	EXEC>  SUCCESS 15537879874.2
2024-08-15 04:07:00,079	[INFO]	16-7    SUCCESS               15537879874.200001 (99.88%) [4 edit(s)]  
2024-08-15 04:07:00,079	[DEBUG]	patch(16-7)="ParamSetting(('test.params', 'param', 'VARDECAY'), 0.07495132545320449) | ParamSetting(('test.params', 'param', 'VARDECAY'), 0.07495132545320449) | ParamSetting(('test.params', 'param', 'CLADECAY'), 0.3565385250381603) | ParamSetting(('test.params', 'param', 'LUBYFACTOR'), 308)"
2024-08-15 04:07:42,438	[DEBUG]	EXEC>  SUCCESS 15691625731.2
2024-08-15 04:07:42,438	[INFO]	16-8    SUCCESS               15691625731.200001 (100.87%) [6 edit(s)]  
2024-08-15 04:07:42,439	[DEBUG]	patch(16-8)="ParamSetting(('test.params', 'param', 'VARDECAY'), 0.07495132545320449) | ParamSetting(('test.params', 'param', 'CLADECAY'), 0.3565385250381603) | ParamSetting(('test.params', 'param', 'VARDECAY'), 0.07495132545320449) | ParamSetting(('test.params', 'param', 'VARDECAY'), 0.07495132545320449) | ParamSetting(('test.params', 'param', 'VARDECAY'), 0.07495132545320449) | ParamSetting(('test.params', 'param', 'INITCONFLICTBOUND'), 196)"
2024-08-15 04:07:42,439	[INFO]	16-9    SUCCESS               15473832308.000000 (99.47%) [7 edit(s)] [cached] 
2024-08-15 04:07:42,439	[DEBUG]	patch(16-9)="ParamSetting(('test.params', 'param', 'VARDECAY'), 0.07495132545320449) | ParamSetting(('test.params', 'param', 'CLADECAY'), 0.3565385250381603) | ParamSetting(('test.params', 'param', 'VARDECAY'), 0.07495132545320449) | ParamSetting(('test.params', 'param', 'CLADECAY'), 0.3565385250381603) | ParamSetting(('test.params', 'param', 'VARDECAY'), 0.07495132545320449) | ParamSetting(('test.params', 'param', 'VARDECAY'), 0.07495132545320449) | ParamSetting(('test.params', 'param', 'CLEANING'), 'LBD')"
2024-08-15 04:08:24,905	[DEBUG]	EXEC>  SUCCESS 15557535251.0
2024-08-15 04:08:24,906	[INFO]	16-10   SUCCESS               15557535251.000000 (100.01%) [3 edit(s)]  
2024-08-15 04:08:24,906	[DEBUG]	patch(16-10)="ParamSetting(('test.params', 'param', 'CLADECAY'), 0.3565385250381603) | ParamSetting(('test.params', 'param', 'VARDECAY'), 0.07495132545320449) | ParamSetting(('test.params', 'param', 'FIXEDPERIOD'), 4575)"
2024-08-15 04:08:24,906	[INFO]	~~~~ END ~~~~
2024-08-15 04:08:24,907	[INFO]	
2024-08-15 04:08:24,907	[INFO]	==== REPORT ====
2024-08-15 04:08:24,907	[INFO]	Termination: time budget
2024-08-15 04:08:24,907	[INFO]	Retries: 5
2024-08-15 04:08:24,907	[INFO]	Log file: /home/dbouras/magpie/_magpie_logs/sat4j_1723689334.log
2024-08-15 04:08:24,907	[INFO]	Patch file: _magpie_logs/sat4j_1723689334.patch
2024-08-15 04:08:24,907	[INFO]	Diff file: _magpie_logs/sat4j_1723689334.diff
2024-08-15 04:08:24,907	[INFO]	Reference fitness: 15556626141.799999
2024-08-15 04:08:24,907	[INFO]	Best fitness: 15451614639.799999
2024-08-15 04:08:24,907	[INFO]	
2024-08-15 04:08:24,908	[INFO]	==== BEST PATCH ====
ParamSetting(('test.params', 'param', 'CLADECAY'), 0.3565385250381603) | ParamSetting(('test.params', 'param', 'VARDECAY'), 0.07495132545320449)
2024-08-15 04:08:24,908	[INFO]	
2024-08-15 04:08:24,908	[INFO]	==== DIFF ====
[1m--- before: test.params[0m
[1m+++ after: test.params[0m
[36m@@ -2,9 +2,9 @@[0m
 LUBYFACTOR := 512
 FIXEDPERIOD := 100
 PHASE := 'RSATPhaseSelectionStrategy'
[31m-CLADECAY := 0.999[0m
[32m+CLADECAY := 0.3565385250381603[0m
 INITCONFLICTBOUND := 100
[31m-VARDECAY := 0.95[0m
[32m+VARDECAY := 0.07495132545320449[0m
 CONFLICTBOUNDINCFACTOR := 2.0
 SIMP := 'EXPENSIVE_SIMPLIFICATION'
 CLEANING := 'LBD2'

