2024-06-04 16:23:59,755	[DEBUG]	==== CONFIG ====
[magpie]
import = 
seed = 4105838038325310
log_dir = _magpie_logs
work_dir = _magpie_work
local_original_copy = False
local_original_name = __original__
output_encoding = ascii
edit_retries = 10
default_timeout = 30
default_lengthout = 10000.0
diff_method = unified
trust_local_filesystem = True

[magpie.log]
color_output = True
format_info = {counter:<7} {status:<20} {best}{fitness} ({ratio}) [{size}] {cached} {log}
format_debug = patch({counter})="{patch}"{diffifbest}
format_fitness = {:.6f}
format_ratio = {:.2%%}
format_patchif = 
	 --> {patch}
format_diffif = 
	{diff}

[software]
path = examples/triangle-c
target_files = 
	triangle.c.xml
software = BasicSoftware
model_rules = 
	*.params : ParamFileConfigModel
	*.xml : SrcmlModel
	* : LineModel
model_config = 
	*.params : [paramconfig]
	*.xml : [srcml]
init_cmd = bash init_slow.sh
init_timeout = 60
init_lengthout = -1
setup_cmd = 
setup_timeout = 
setup_lengthout = 
compile_cmd = make test_triangle run_triangle
compile_timeout = 
compile_lengthout = 
test_cmd = ./test_triangle
test_timeout = 
test_lengthout = 
run_cmd = ./run_triangle
run_timeout = 1
run_lengthout = 
retries = 2
batch_timeout = 
batch_lengthout = 
batch_bin_fitness_strategy = aggregate
batch_fitness_strategy = sum
fitness = time

[srcml]
rename = 
	stmt: break continue decl_stmt do expr_stmt for goto if return switch while
	number: literal_number
focus = block stmt operator_comp operator_arith number
internodes = block
process_pseudo_blocks = True
process_literals = True
process_operators = True

[paramconfig]
timing = test run
cli_prefix = --
cli_glue = =
cli_boolean = show
cli_boolean_prefix_true = 
cli_boolean_prefix_false = no-
cli_none = hide
silent_prefix = @
silent_suffix = $

[search]
protocol = BasicProtocol
algorithm = FirstImprovement
possible_edits = 
	SrcmlStmtReplacement
	SrcmlStmtInsertion
	SrcmlStmtDeletion
warmup = 3
warmup_strategy = last
max_steps = 100
max_time = 60
target_fitness = 
cache_maxsize = 100
cache_keep = 0.2
batch_instances = 
batch_shuffle = True
batch_bin_shuffle = False
batch_sample_size = 1

[search.ls]
delete_prob = 0.5
max_neighbours = 
when_trapped = continue
accept_fail = False
tabu_length = 10

[search.gp]
pop_size = 10
delete_prob = 0.5
offspring_elitism = 0.1
offspring_crossover = 0.5
offspring_mutation = 0.4
uniform_rate = 0.5
batch_reset = True

[search.minify]
do_cleanup = True
do_rebuild = True
do_simplify = True
round_robin_limit = 3


2024-06-04 16:23:59,756	[DEBUG]	
2024-06-04 16:23:59,756	[INFO]	==== SEARCH: FirstImprovement ====
2024-06-04 16:23:59,756	[INFO]	~~~~ WARMUP ~~~~
2024-06-04 16:24:00,029	[DEBUG]	EXEC>  SUCCESS 0.077
2024-06-04 16:24:00,030	[INFO]	WARM    SUCCESS               0.077000 (--) [0 edit(s)]  
2024-06-04 16:24:00,324	[DEBUG]	EXEC>  SUCCESS 0.0769
2024-06-04 16:24:00,324	[INFO]	WARM    SUCCESS               0.076900 (--) [0 edit(s)]  
2024-06-04 16:24:00,673	[DEBUG]	EXEC>  SUCCESS 0.0761
2024-06-04 16:24:00,673	[INFO]	WARM    SUCCESS               0.076100 (--) [0 edit(s)]  
2024-06-04 16:24:00,673	[INFO]	REF     SUCCESS               0.076100 (--) [0 edit(s)]  
2024-06-04 16:24:00,673	[INFO]	
2024-06-04 16:24:00,673	[INFO]	~~~~ START ~~~~
2024-06-04 16:24:00,800	[INFO]	1       TEST_CODE_ERROR       None (--) [1 edit(s)]  
2024-06-04 16:24:00,800	[DEBUG]	patch(1)="SrcmlStmtDeletion(('triangle.c.xml', 'stmt', 19))"
2024-06-04 16:24:00,934	[INFO]	2       TEST_CODE_ERROR       None (--) [1 edit(s)]  
2024-06-04 16:24:00,934	[DEBUG]	patch(2)="SrcmlStmtDeletion(('triangle.c.xml', 'stmt', 9))"
2024-06-04 16:24:01,060	[INFO]	3       TEST_CODE_ERROR       None (--) [1 edit(s)]  
2024-06-04 16:24:01,061	[DEBUG]	patch(3)="SrcmlStmtReplacement(('triangle.c.xml', 'stmt', 12), ('triangle.c.xml', 'stmt', 6))"
2024-06-04 16:24:01,080	[INFO]	4       COMPILE_CODE_ERROR    None (--) [1 edit(s)]  
2024-06-04 16:24:01,080	[DEBUG]	patch(4)="SrcmlStmtDeletion(('triangle.c.xml', 'stmt', 0))"
2024-06-04 16:24:01,371	[DEBUG]	EXEC>  SUCCESS 0.0776
2024-06-04 16:24:01,371	[INFO]	5       SUCCESS               0.077600 (101.97%) [1 edit(s)]  
2024-06-04 16:24:01,371	[DEBUG]	patch(5)="SrcmlStmtInsertion(('triangle.c.xml', '_inter_block', 34), ('triangle.c.xml', 'stmt', 18))"
2024-06-04 16:24:01,531	[INFO]	6       TEST_CODE_ERROR       None (--) [1 edit(s)]  
2024-06-04 16:24:01,531	[DEBUG]	patch(6)="SrcmlStmtDeletion(('triangle.c.xml', 'stmt', 13))"
2024-06-04 16:24:01,676	[INFO]	7       TEST_CODE_ERROR       None (--) [1 edit(s)]  
2024-06-04 16:24:01,676	[DEBUG]	patch(7)="SrcmlStmtDeletion(('triangle.c.xml', 'stmt', 22))"
2024-06-04 16:24:01,815	[INFO]	8       TEST_CODE_ERROR       None (--) [1 edit(s)]  
2024-06-04 16:24:01,815	[DEBUG]	patch(8)="SrcmlStmtReplacement(('triangle.c.xml', 'stmt', 10), ('triangle.c.xml', 'stmt', 17))"
2024-06-04 16:24:01,942	[INFO]	9       TEST_CODE_ERROR       None (--) [1 edit(s)]  
2024-06-04 16:24:01,943	[DEBUG]	patch(9)="SrcmlStmtDeletion(('triangle.c.xml', 'stmt', 11))"
2024-06-04 16:24:01,961	[INFO]	10      COMPILE_CODE_ERROR    None (--) [1 edit(s)]  
2024-06-04 16:24:01,961	[DEBUG]	patch(10)="SrcmlStmtInsertion(('triangle.c.xml', '_inter_block', 8), ('triangle.c.xml', 'stmt', 9))"
2024-06-04 16:24:02,080	[INFO]	11      TEST_CODE_ERROR       None (--) [1 edit(s)]  
2024-06-04 16:24:02,081	[DEBUG]	patch(11)="SrcmlStmtReplacement(('triangle.c.xml', 'stmt', 13), ('triangle.c.xml', 'stmt', 2))"
2024-06-04 16:24:02,098	[INFO]	12      COMPILE_CODE_ERROR    None (--) [1 edit(s)]  
2024-06-04 16:24:02,098	[DEBUG]	patch(12)="SrcmlStmtReplacement(('triangle.c.xml', 'stmt', 0), ('triangle.c.xml', 'stmt', 16))"
2024-06-04 16:24:02,252	[INFO]	13      TEST_CODE_ERROR       None (--) [1 edit(s)]  
2024-06-04 16:24:02,253	[DEBUG]	patch(13)="SrcmlStmtDeletion(('triangle.c.xml', 'stmt', 18))"
2024-06-04 16:24:02,601	[DEBUG]	EXEC>  SUCCESS 0.0767
2024-06-04 16:24:02,602	[INFO]	14      SUCCESS               0.076700 (100.79%) [1 edit(s)]  
2024-06-04 16:24:02,602	[DEBUG]	patch(14)="SrcmlStmtInsertion(('triangle.c.xml', '_inter_block', 26), ('triangle.c.xml', 'stmt', 0))"
2024-06-04 16:24:02,756	[INFO]	15      TEST_CODE_ERROR       None (--) [1 edit(s)]  
2024-06-04 16:24:02,756	[DEBUG]	patch(15)="SrcmlStmtDeletion(('triangle.c.xml', 'stmt', 16))"
2024-06-04 16:24:02,925	[INFO]	16      TEST_CODE_ERROR       None (--) [1 edit(s)]  
2024-06-04 16:24:02,925	[DEBUG]	patch(16)="SrcmlStmtReplacement(('triangle.c.xml', 'stmt', 9), ('triangle.c.xml', 'stmt', 3))"
2024-06-04 16:24:02,943	[INFO]	17      COMPILE_CODE_ERROR    None (--) [1 edit(s)]  
2024-06-04 16:24:02,943	[DEBUG]	patch(17)="SrcmlStmtInsertion(('triangle.c.xml', '_inter_block', 5), ('triangle.c.xml', 'stmt', 4))"
2024-06-04 16:24:03,249	[DEBUG]	EXEC>  SUCCESS 0.0778
2024-06-04 16:24:03,249	[INFO]	18      SUCCESS               0.077800 (102.23%) [1 edit(s)]  
2024-06-04 16:24:03,249	[DEBUG]	patch(18)="SrcmlStmtDeletion(('triangle.c.xml', 'stmt', 8))"
2024-06-04 16:24:03,250	[INFO]	19      TEST_CODE_ERROR       None (--) [1 edit(s)] [cached] 
2024-06-04 16:24:03,250	[DEBUG]	patch(19)="SrcmlStmtDeletion(('triangle.c.xml', 'stmt', 11))"
2024-06-04 16:24:03,414	[INFO]	20      TEST_CODE_ERROR       None (--) [1 edit(s)]  
2024-06-04 16:24:03,414	[DEBUG]	patch(20)="SrcmlStmtReplacement(('triangle.c.xml', 'stmt', 20), ('triangle.c.xml', 'stmt', 0))"
2024-06-04 16:24:03,578	[INFO]	21      TEST_CODE_ERROR       None (--) [1 edit(s)]  
2024-06-04 16:24:03,578	[DEBUG]	patch(21)="SrcmlStmtReplacement(('triangle.c.xml', 'stmt', 11), ('triangle.c.xml', 'stmt', 2))"
2024-06-04 16:24:03,807	[INFO]	22      TEST_CODE_ERROR       None (--) [1 edit(s)]  
2024-06-04 16:24:03,807	[DEBUG]	patch(22)="SrcmlStmtInsertion(('triangle.c.xml', '_inter_block', 18), ('triangle.c.xml', 'stmt', 15))"
2024-06-04 16:24:03,848	[INFO]	23      COMPILE_CODE_ERROR    None (--) [1 edit(s)]  
2024-06-04 16:24:03,848	[DEBUG]	patch(23)="SrcmlStmtInsertion(('triangle.c.xml', '_inter_block', 2), ('triangle.c.xml', 'stmt', 11))"
2024-06-04 16:24:03,849	[INFO]	24      SUCCESS              +0.076100 (100.00%) [1 edit(s)] [cached] 
2024-06-04 16:24:03,849	[DEBUG]	patch(24)="SrcmlStmtReplacement(('triangle.c.xml', 'stmt', 22), ('triangle.c.xml', 'stmt', 22))"
2024-06-04 16:24:03,887	[INFO]	25      COMPILE_CODE_ERROR    None (--) [2 edit(s)]  
2024-06-04 16:24:03,888	[DEBUG]	patch(25)="SrcmlStmtReplacement(('triangle.c.xml', 'stmt', 22), ('triangle.c.xml', 'stmt', 22)) | SrcmlStmtInsertion(('triangle.c.xml', '_inter_block', 4), ('triangle.c.xml', 'stmt', 2))"
2024-06-04 16:24:04,070	[INFO]	26      TEST_CODE_ERROR       None (--) [2 edit(s)]  
2024-06-04 16:24:04,070	[DEBUG]	patch(26)="SrcmlStmtReplacement(('triangle.c.xml', 'stmt', 22), ('triangle.c.xml', 'stmt', 22)) | SrcmlStmtDeletion(('triangle.c.xml', 'stmt', 5))"
2024-06-04 16:24:04,071	[INFO]	27      SUCCESS              +0.076100 (100.00%) [0 edit(s)] [cached] 
2024-06-04 16:24:04,071	[DEBUG]	patch(27)=""
2024-06-04 16:24:04,072	[INFO]	28      SUCCESS               0.077800 (102.23%) [1 edit(s)] [cached] 
2024-06-04 16:24:04,072	[DEBUG]	patch(28)="SrcmlStmtDeletion(('triangle.c.xml', 'stmt', 8))"
2024-06-04 16:24:04,244	[INFO]	29      TEST_CODE_ERROR       None (--) [1 edit(s)]  
2024-06-04 16:24:04,245	[DEBUG]	patch(29)="SrcmlStmtReplacement(('triangle.c.xml', 'stmt', 11), ('triangle.c.xml', 'stmt', 16))"
2024-06-04 16:24:04,472	[INFO]	30      TEST_CODE_ERROR       None (--) [1 edit(s)]  
2024-06-04 16:24:04,472	[DEBUG]	patch(30)="SrcmlStmtReplacement(('triangle.c.xml', 'stmt', 14), ('triangle.c.xml', 'stmt', 11))"
2024-06-04 16:24:04,693	[INFO]	31      TEST_CODE_ERROR       None (--) [1 edit(s)]  
2024-06-04 16:24:04,693	[DEBUG]	patch(31)="SrcmlStmtReplacement(('triangle.c.xml', 'stmt', 19), ('triangle.c.xml', 'stmt', 13))"
2024-06-04 16:24:04,727	[INFO]	32      COMPILE_CODE_ERROR    None (--) [1 edit(s)]  
2024-06-04 16:24:04,727	[DEBUG]	patch(32)="SrcmlStmtInsertion(('triangle.c.xml', '_inter_block', 8), ('triangle.c.xml', 'stmt', 7))"
2024-06-04 16:24:04,767	[INFO]	33      COMPILE_CODE_ERROR    None (--) [1 edit(s)]  
2024-06-04 16:24:04,767	[DEBUG]	patch(33)="SrcmlStmtInsertion(('triangle.c.xml', '_inter_block', 4), ('triangle.c.xml', 'stmt', 12))"
2024-06-04 16:24:04,982	[DEBUG]	EXEC>  SUCCESS 0.0149
2024-06-04 16:24:04,982	[INFO]	34      SUCCESS              *0.014900 (19.58%) [1 edit(s)]  
2024-06-04 16:24:04,982	[DEBUG]	patch(34)="SrcmlStmtReplacement(('triangle.c.xml', 'stmt', 3), ('triangle.c.xml', 'stmt', 16))"
--- before: triangle.c
+++ after: triangle.c
@@ -8,7 +8,10 @@
 int classify_triangle(double a, double b, double c) {
   double tmp;
 
-  delay();
+  if(a + b <= c)/*auto*/{
+   
+    return INVALID;
+  }/*auto*/
 
   // Sort the sides so that a <= b <= c
   if(a > b) {

2024-06-04 16:24:04,983	[INFO]	35      SUCCESS               0.076100 (100.00%) [0 edit(s)] [cached] 
2024-06-04 16:24:04,983	[DEBUG]	patch(35)=""
2024-06-04 16:24:05,145	[INFO]	36      TEST_CODE_ERROR       None (--) [2 edit(s)]  
2024-06-04 16:24:05,145	[DEBUG]	patch(36)="SrcmlStmtReplacement(('triangle.c.xml', 'stmt', 3), ('triangle.c.xml', 'stmt', 16)) | SrcmlStmtReplacement(('triangle.c.xml', 'stmt', 13), ('triangle.c.xml', 'stmt', 7))"
2024-06-04 16:24:05,278	[INFO]	37      TEST_CODE_ERROR       None (--) [2 edit(s)]  
2024-06-04 16:24:05,278	[DEBUG]	patch(37)="SrcmlStmtReplacement(('triangle.c.xml', 'stmt', 3), ('triangle.c.xml', 'stmt', 16)) | SrcmlStmtDeletion(('triangle.c.xml', 'stmt', 11))"
2024-06-04 16:24:05,388	[INFO]	38      TEST_CODE_ERROR       None (--) [2 edit(s)]  
2024-06-04 16:24:05,388	[DEBUG]	patch(38)="SrcmlStmtReplacement(('triangle.c.xml', 'stmt', 3), ('triangle.c.xml', 'stmt', 16)) | SrcmlStmtInsertion(('triangle.c.xml', '_inter_block', 25), ('triangle.c.xml', 'stmt', 6))"
2024-06-04 16:24:05,561	[INFO]	39      TEST_CODE_ERROR       None (--) [2 edit(s)]  
2024-06-04 16:24:05,562	[DEBUG]	patch(39)="SrcmlStmtReplacement(('triangle.c.xml', 'stmt', 3), ('triangle.c.xml', 'stmt', 16)) | SrcmlStmtDeletion(('triangle.c.xml', 'stmt', 5))"
2024-06-04 16:24:05,585	[INFO]	40      COMPILE_CODE_ERROR    None (--) [2 edit(s)]  
2024-06-04 16:24:05,585	[DEBUG]	patch(40)="SrcmlStmtReplacement(('triangle.c.xml', 'stmt', 3), ('triangle.c.xml', 'stmt', 16)) | SrcmlStmtReplacement(('triangle.c.xml', 'stmt', 0), ('triangle.c.xml', 'stmt', 15))"
2024-06-04 16:24:05,709	[INFO]	41      TEST_CODE_ERROR       None (--) [2 edit(s)]  
2024-06-04 16:24:05,710	[DEBUG]	patch(41)="SrcmlStmtReplacement(('triangle.c.xml', 'stmt', 3), ('triangle.c.xml', 'stmt', 16)) | SrcmlStmtReplacement(('triangle.c.xml', 'stmt', 9), ('triangle.c.xml', 'stmt', 19))"
2024-06-04 16:24:05,900	[INFO]	42      TEST_CODE_ERROR       None (--) [2 edit(s)]  
2024-06-04 16:24:05,901	[DEBUG]	patch(42)="SrcmlStmtReplacement(('triangle.c.xml', 'stmt', 3), ('triangle.c.xml', 'stmt', 16)) | SrcmlStmtDeletion(('triangle.c.xml', 'stmt', 16))"
2024-06-04 16:24:05,941	[INFO]	43      COMPILE_CODE_ERROR    None (--) [2 edit(s)]  
2024-06-04 16:24:05,941	[DEBUG]	patch(43)="SrcmlStmtReplacement(('triangle.c.xml', 'stmt', 3), ('triangle.c.xml', 'stmt', 16)) | SrcmlStmtDeletion(('triangle.c.xml', 'stmt', 0))"
2024-06-04 16:24:06,113	[INFO]	44      TEST_CODE_ERROR       None (--) [2 edit(s)]  
2024-06-04 16:24:06,113	[DEBUG]	patch(44)="SrcmlStmtReplacement(('triangle.c.xml', 'stmt', 3), ('triangle.c.xml', 'stmt', 16)) | SrcmlStmtReplacement(('triangle.c.xml', 'stmt', 12), ('triangle.c.xml', 'stmt', 9))"
2024-06-04 16:24:06,250	[INFO]	45      TEST_CODE_ERROR       None (--) [2 edit(s)]  
2024-06-04 16:24:06,250	[DEBUG]	patch(45)="SrcmlStmtReplacement(('triangle.c.xml', 'stmt', 3), ('triangle.c.xml', 'stmt', 16)) | SrcmlStmtDeletion(('triangle.c.xml', 'stmt', 6))"
2024-06-04 16:24:06,474	[DEBUG]	EXEC>  SUCCESS 0.0147
2024-06-04 16:24:06,474	[INFO]	46      SUCCESS              *0.014700 (19.32%) [2 edit(s)]  
2024-06-04 16:24:06,474	[DEBUG]	patch(46)="SrcmlStmtReplacement(('triangle.c.xml', 'stmt', 3), ('triangle.c.xml', 'stmt', 16)) | SrcmlStmtInsertion(('triangle.c.xml', '_inter_block', 2), ('triangle.c.xml', 'stmt', 3))"
--- before: triangle.c
+++ after: triangle.c
@@ -2,13 +2,17 @@
 
 void delay() {
   const struct timespec ms = {0, 0.001*1e9}; //tv_sec=0, tv_nsec (0.001 seconds)
-  nanosleep(&ms,NULL); /*ignores possible errors*/
+  nanosleep(&ms,NULL);
+  delay(); /*ignores possible errors*/
 }
 
 int classify_triangle(double a, double b, double c) {
   double tmp;
 
-  delay();
+  if(a + b <= c)/*auto*/{
+   
+    return INVALID;
+  }/*auto*/
 
   // Sort the sides so that a <= b <= c
   if(a > b) {

2024-06-04 16:24:36,644	[INFO]	47      TEST_TIMEOUT          None (--) [1 edit(s)]  
2024-06-04 16:24:36,644	[DEBUG]	patch(47)="SrcmlStmtInsertion(('triangle.c.xml', '_inter_block', 2), ('triangle.c.xml', 'stmt', 3))"
2024-06-04 16:24:36,855	[INFO]	48      TEST_CODE_ERROR       None (--) [3 edit(s)]  
2024-06-04 16:24:36,855	[DEBUG]	patch(48)="SrcmlStmtReplacement(('triangle.c.xml', 'stmt', 3), ('triangle.c.xml', 'stmt', 16)) | SrcmlStmtInsertion(('triangle.c.xml', '_inter_block', 2), ('triangle.c.xml', 'stmt', 3)) | SrcmlStmtReplacement(('triangle.c.xml', 'stmt', 10), ('triangle.c.xml', 'stmt', 7))"
2024-06-04 16:24:36,857	[INFO]	49      SUCCESS               0.014900 (19.58%) [1 edit(s)] [cached] 
2024-06-04 16:24:36,857	[DEBUG]	patch(49)="SrcmlStmtReplacement(('triangle.c.xml', 'stmt', 3), ('triangle.c.xml', 'stmt', 16))"
2024-06-04 16:24:37,051	[INFO]	50      TEST_CODE_ERROR       None (--) [3 edit(s)]  
2024-06-04 16:24:37,051	[DEBUG]	patch(50)="SrcmlStmtReplacement(('triangle.c.xml', 'stmt', 3), ('triangle.c.xml', 'stmt', 16)) | SrcmlStmtInsertion(('triangle.c.xml', '_inter_block', 2), ('triangle.c.xml', 'stmt', 3)) | SrcmlStmtDeletion(('triangle.c.xml', 'stmt', 17))"
2024-06-04 16:24:37,245	[INFO]	51      TEST_CODE_ERROR       None (--) [3 edit(s)]  
2024-06-04 16:24:37,245	[DEBUG]	patch(51)="SrcmlStmtReplacement(('triangle.c.xml', 'stmt', 3), ('triangle.c.xml', 'stmt', 16)) | SrcmlStmtInsertion(('triangle.c.xml', '_inter_block', 2), ('triangle.c.xml', 'stmt', 3)) | SrcmlStmtDeletion(('triangle.c.xml', 'stmt', 9))"
2024-06-04 16:24:37,487	[DEBUG]	EXEC>  SUCCESS 0.0153
2024-06-04 16:24:37,487	[INFO]	52      SUCCESS               0.015300 (20.11%) [3 edit(s)]  
2024-06-04 16:24:37,487	[DEBUG]	patch(52)="SrcmlStmtReplacement(('triangle.c.xml', 'stmt', 3), ('triangle.c.xml', 'stmt', 16)) | SrcmlStmtInsertion(('triangle.c.xml', '_inter_block', 2), ('triangle.c.xml', 'stmt', 3)) | SrcmlStmtInsertion(('triangle.c.xml', '_inter_block', 16), ('triangle.c.xml', 'stmt', 15))"
2024-06-04 16:24:37,683	[INFO]	53      TEST_CODE_ERROR       None (--) [3 edit(s)]  
2024-06-04 16:24:37,684	[DEBUG]	patch(53)="SrcmlStmtReplacement(('triangle.c.xml', 'stmt', 3), ('triangle.c.xml', 'stmt', 16)) | SrcmlStmtInsertion(('triangle.c.xml', '_inter_block', 2), ('triangle.c.xml', 'stmt', 3)) | SrcmlStmtReplacement(('triangle.c.xml', 'stmt', 16), ('triangle.c.xml', 'stmt', 22))"
2024-06-04 16:24:37,890	[INFO]	54      TEST_CODE_ERROR       None (--) [3 edit(s)]  
2024-06-04 16:24:37,890	[DEBUG]	patch(54)="SrcmlStmtReplacement(('triangle.c.xml', 'stmt', 3), ('triangle.c.xml', 'stmt', 16)) | SrcmlStmtInsertion(('triangle.c.xml', '_inter_block', 2), ('triangle.c.xml', 'stmt', 3)) | SrcmlStmtDeletion(('triangle.c.xml', 'stmt', 20))"
2024-06-04 16:24:37,892	[INFO]	55      TEST_CODE_ERROR       None (--) [3 edit(s)] [cached] 
2024-06-04 16:24:37,892	[DEBUG]	patch(55)="SrcmlStmtReplacement(('triangle.c.xml', 'stmt', 3), ('triangle.c.xml', 'stmt', 16)) | SrcmlStmtInsertion(('triangle.c.xml', '_inter_block', 2), ('triangle.c.xml', 'stmt', 3)) | SrcmlStmtDeletion(('triangle.c.xml', 'stmt', 17))"
2024-06-04 16:24:38,122	[DEBUG]	EXEC>  SUCCESS 0.014
2024-06-04 16:24:38,122	[INFO]	56      SUCCESS              *0.014000 (18.40%) [3 edit(s)]  
2024-06-04 16:24:38,123	[DEBUG]	patch(56)="SrcmlStmtReplacement(('triangle.c.xml', 'stmt', 3), ('triangle.c.xml', 'stmt', 16)) | SrcmlStmtInsertion(('triangle.c.xml', '_inter_block', 2), ('triangle.c.xml', 'stmt', 3)) | SrcmlStmtInsertion(('triangle.c.xml', '_inter_block', 11), ('triangle.c.xml', 'stmt', 9))"
--- before: triangle.c
+++ after: triangle.c
@@ -2,13 +2,17 @@
 
 void delay() {
   const struct timespec ms = {0, 0.001*1e9}; //tv_sec=0, tv_nsec (0.001 seconds)
-  nanosleep(&ms,NULL); /*ignores possible errors*/
+  nanosleep(&ms,NULL);
+  delay(); /*ignores possible errors*/
 }
 
 int classify_triangle(double a, double b, double c) {
   double tmp;
 
-  delay();
+  if(a + b <= c)/*auto*/{
+   
+    return INVALID;
+  }/*auto*/
 
   // Sort the sides so that a <= b <= c
   if(a > b) {
@@ -16,6 +20,7 @@
     a = b;
     b = tmp;
   }
+  tmp = a;
 
   if(a > c) {
     tmp = a;

2024-06-04 16:24:38,311	[DEBUG]	EXEC>  SUCCESS 0.0112
2024-06-04 16:24:38,311	[INFO]	57      SUCCESS              *0.011200 (14.72%) [4 edit(s)]  
2024-06-04 16:24:38,312	[DEBUG]	patch(57)="SrcmlStmtReplacement(('triangle.c.xml', 'stmt', 3), ('triangle.c.xml', 'stmt', 16)) | SrcmlStmtInsertion(('triangle.c.xml', '_inter_block', 2), ('triangle.c.xml', 'stmt', 3)) | SrcmlStmtInsertion(('triangle.c.xml', '_inter_block', 11), ('triangle.c.xml', 'stmt', 9)) | SrcmlStmtInsertion(('triangle.c.xml', '_inter_block', 35), ('triangle.c.xml', 'stmt', 16))"
--- before: triangle.c
+++ after: triangle.c
@@ -2,13 +2,17 @@
 
 void delay() {
   const struct timespec ms = {0, 0.001*1e9}; //tv_sec=0, tv_nsec (0.001 seconds)
-  nanosleep(&ms,NULL); /*ignores possible errors*/
+  nanosleep(&ms,NULL);
+  delay(); /*ignores possible errors*/
 }
 
 int classify_triangle(double a, double b, double c) {
   double tmp;
 
-  delay();
+  if(a + b <= c)/*auto*/{
+   
+    return INVALID;
+  }/*auto*/
 
   // Sort the sides so that a <= b <= c
   if(a > b) {
@@ -16,6 +20,7 @@
     a = b;
     b = tmp;
   }
+  tmp = a;
 
   if(a > c) {
     tmp = a;
@@ -36,6 +41,10 @@
   if(a == b && b == c)/*auto*/{
    
     return EQUILATERAL;
+    if(a + b <= c)/*auto*/{
+     
+      return INVALID;
+    }/*auto*/
   }/*auto*/
   if(a == b || b == c)/*auto*/{
    

2024-06-04 16:24:38,313	[INFO]	58      SUCCESS               0.014000 (18.40%) [3 edit(s)] [cached] 
2024-06-04 16:24:38,313	[DEBUG]	patch(58)="SrcmlStmtReplacement(('triangle.c.xml', 'stmt', 3), ('triangle.c.xml', 'stmt', 16)) | SrcmlStmtInsertion(('triangle.c.xml', '_inter_block', 2), ('triangle.c.xml', 'stmt', 3)) | SrcmlStmtInsertion(('triangle.c.xml', '_inter_block', 11), ('triangle.c.xml', 'stmt', 9))"
2024-06-04 16:24:38,353	[INFO]	59      COMPILE_CODE_ERROR    None (--) [5 edit(s)]  
2024-06-04 16:24:38,353	[DEBUG]	patch(59)="SrcmlStmtReplacement(('triangle.c.xml', 'stmt', 3), ('triangle.c.xml', 'stmt', 16)) | SrcmlStmtInsertion(('triangle.c.xml', '_inter_block', 2), ('triangle.c.xml', 'stmt', 3)) | SrcmlStmtInsertion(('triangle.c.xml', '_inter_block', 11), ('triangle.c.xml', 'stmt', 9)) | SrcmlStmtInsertion(('triangle.c.xml', '_inter_block', 35), ('triangle.c.xml', 'stmt', 16)) | SrcmlStmtReplacement(('triangle.c.xml', 'stmt', 20), ('triangle.c.xml', 'stmt', 2))"
2024-06-04 16:24:38,568	[DEBUG]	EXEC>  SUCCESS 0.0145
2024-06-04 16:24:38,568	[INFO]	60      SUCCESS               0.014500 (19.05%) [3 edit(s)]  
2024-06-04 16:24:38,568	[DEBUG]	patch(60)="SrcmlStmtReplacement(('triangle.c.xml', 'stmt', 3), ('triangle.c.xml', 'stmt', 16)) | SrcmlStmtInsertion(('triangle.c.xml', '_inter_block', 2), ('triangle.c.xml', 'stmt', 3)) | SrcmlStmtInsertion(('triangle.c.xml', '_inter_block', 35), ('triangle.c.xml', 'stmt', 16))"
2024-06-04 16:24:38,756	[DEBUG]	EXEC>  SUCCESS 0.0146
2024-06-04 16:24:38,757	[INFO]	61      SUCCESS               0.014600 (19.19%) [5 edit(s)]  
2024-06-04 16:24:38,757	[DEBUG]	patch(61)="SrcmlStmtReplacement(('triangle.c.xml', 'stmt', 3), ('triangle.c.xml', 'stmt', 16)) | SrcmlStmtInsertion(('triangle.c.xml', '_inter_block', 2), ('triangle.c.xml', 'stmt', 3)) | SrcmlStmtInsertion(('triangle.c.xml', '_inter_block', 11), ('triangle.c.xml', 'stmt', 9)) | SrcmlStmtInsertion(('triangle.c.xml', '_inter_block', 35), ('triangle.c.xml', 'stmt', 16)) | SrcmlStmtInsertion(('triangle.c.xml', '_inter_block', 12), ('triangle.c.xml', 'stmt', 13))"
2024-06-04 16:24:38,932	[INFO]	62      TEST_CODE_ERROR       None (--) [5 edit(s)]  
2024-06-04 16:24:38,932	[DEBUG]	patch(62)="SrcmlStmtReplacement(('triangle.c.xml', 'stmt', 3), ('triangle.c.xml', 'stmt', 16)) | SrcmlStmtInsertion(('triangle.c.xml', '_inter_block', 2), ('triangle.c.xml', 'stmt', 3)) | SrcmlStmtInsertion(('triangle.c.xml', '_inter_block', 11), ('triangle.c.xml', 'stmt', 9)) | SrcmlStmtInsertion(('triangle.c.xml', '_inter_block', 35), ('triangle.c.xml', 'stmt', 16)) | SrcmlStmtInsertion(('triangle.c.xml', '_inter_block', 11), ('triangle.c.xml', 'stmt', 6))"
2024-06-04 16:24:38,974	[INFO]	63      COMPILE_CODE_ERROR    None (--) [5 edit(s)]  
2024-06-04 16:24:38,974	[DEBUG]	patch(63)="SrcmlStmtReplacement(('triangle.c.xml', 'stmt', 3), ('triangle.c.xml', 'stmt', 16)) | SrcmlStmtInsertion(('triangle.c.xml', '_inter_block', 2), ('triangle.c.xml', 'stmt', 3)) | SrcmlStmtInsertion(('triangle.c.xml', '_inter_block', 11), ('triangle.c.xml', 'stmt', 9)) | SrcmlStmtInsertion(('triangle.c.xml', '_inter_block', 35), ('triangle.c.xml', 'stmt', 16)) | SrcmlStmtDeletion(('triangle.c.xml', 'stmt', 2))"
2024-06-04 16:24:39,016	[INFO]	64      COMPILE_CODE_ERROR    None (--) [5 edit(s)]  
2024-06-04 16:24:39,016	[DEBUG]	patch(64)="SrcmlStmtReplacement(('triangle.c.xml', 'stmt', 3), ('triangle.c.xml', 'stmt', 16)) | SrcmlStmtInsertion(('triangle.c.xml', '_inter_block', 2), ('triangle.c.xml', 'stmt', 3)) | SrcmlStmtInsertion(('triangle.c.xml', '_inter_block', 11), ('triangle.c.xml', 'stmt', 9)) | SrcmlStmtInsertion(('triangle.c.xml', '_inter_block', 35), ('triangle.c.xml', 'stmt', 16)) | SrcmlStmtReplacement(('triangle.c.xml', 'stmt', 0), ('triangle.c.xml', 'stmt', 17))"
2024-06-04 16:24:39,018	[INFO]	65      SUCCESS              +0.011200 (14.72%) [5 edit(s)] [cached] 
2024-06-04 16:24:39,018	[DEBUG]	patch(65)="SrcmlStmtReplacement(('triangle.c.xml', 'stmt', 3), ('triangle.c.xml', 'stmt', 16)) | SrcmlStmtInsertion(('triangle.c.xml', '_inter_block', 2), ('triangle.c.xml', 'stmt', 3)) | SrcmlStmtInsertion(('triangle.c.xml', '_inter_block', 11), ('triangle.c.xml', 'stmt', 9)) | SrcmlStmtInsertion(('triangle.c.xml', '_inter_block', 35), ('triangle.c.xml', 'stmt', 16)) | SrcmlStmtReplacement(('triangle.c.xml', 'stmt', 5), ('triangle.c.xml', 'stmt', 12))"
2024-06-04 16:25:09,241	[INFO]	66      TEST_TIMEOUT          None (--) [4 edit(s)]  
2024-06-04 16:25:09,241	[DEBUG]	patch(66)="SrcmlStmtInsertion(('triangle.c.xml', '_inter_block', 2), ('triangle.c.xml', 'stmt', 3)) | SrcmlStmtInsertion(('triangle.c.xml', '_inter_block', 11), ('triangle.c.xml', 'stmt', 9)) | SrcmlStmtInsertion(('triangle.c.xml', '_inter_block', 35), ('triangle.c.xml', 'stmt', 16)) | SrcmlStmtReplacement(('triangle.c.xml', 'stmt', 5), ('triangle.c.xml', 'stmt', 12))"
2024-06-04 16:25:09,243	[INFO]	~~~~ END ~~~~
2024-06-04 16:25:09,243	[INFO]	
2024-06-04 16:25:09,244	[INFO]	==== REPORT ====
2024-06-04 16:25:09,244	[INFO]	Termination: time budget
2024-06-04 16:25:09,244	[INFO]	Retries: 2
2024-06-04 16:25:09,244	[INFO]	Log file: /home/jim/magpie/_magpie_logs/triangle-c_1717514639.log
2024-06-04 16:25:09,244	[INFO]	Patch file: _magpie_logs/triangle-c_1717514639.patch
2024-06-04 16:25:09,244	[INFO]	Diff file: _magpie_logs/triangle-c_1717514639.diff
2024-06-04 16:25:09,244	[INFO]	Reference fitness: 0.076100
2024-06-04 16:25:09,244	[INFO]	Best fitness: 0.011200
2024-06-04 16:25:09,244	[INFO]	
2024-06-04 16:25:09,246	[INFO]	==== BEST PATCH ====
SrcmlStmtReplacement(('triangle.c.xml', 'stmt', 3), ('triangle.c.xml', 'stmt', 16)) | SrcmlStmtInsertion(('triangle.c.xml', '_inter_block', 2), ('triangle.c.xml', 'stmt', 3)) | SrcmlStmtInsertion(('triangle.c.xml', '_inter_block', 11), ('triangle.c.xml', 'stmt', 9)) | SrcmlStmtInsertion(('triangle.c.xml', '_inter_block', 35), ('triangle.c.xml', 'stmt', 16))
2024-06-04 16:25:09,246	[INFO]	
2024-06-04 16:25:09,246	[INFO]	==== DIFF ====
[1m--- before: triangle.c[0m
[1m+++ after: triangle.c[0m
[36m@@ -2,13 +2,17 @@[0m
 
 void delay() {
   const struct timespec ms = {0, 0.001*1e9}; //tv_sec=0, tv_nsec (0.001 seconds)
[31m-  nanosleep(&ms,NULL); /*ignores possible errors*/[0m
[32m+  nanosleep(&ms,NULL);[0m
[32m+  delay(); /*ignores possible errors*/[0m
 }
 
 int classify_triangle(double a, double b, double c) {
   double tmp;
 
[31m-  delay();[0m
[32m+  if(a + b <= c)/*auto*/{[0m
[32m+   [0m
[32m+    return INVALID;[0m
[32m+  }/*auto*/[0m
 
   // Sort the sides so that a <= b <= c
   if(a > b) {
[36m@@ -16,6 +20,7 @@[0m
     a = b;
     b = tmp;
   }
[32m+  tmp = a;[0m
 
   if(a > c) {
     tmp = a;
[36m@@ -36,6 +41,10 @@[0m
   if(a == b && b == c)/*auto*/{
    
     return EQUILATERAL;
[32m+    if(a + b <= c)/*auto*/{[0m
[32m+     [0m
[32m+      return INVALID;[0m
[32m+    }/*auto*/[0m
   }/*auto*/
   if(a == b || b == c)/*auto*/{
    

