2024-06-05 14:56:54,783	[DEBUG]	==== CONFIG ====
[magpie]
import = 
seed = 4105269384922763
log_dir = _magpie_logs
work_dir = _magpie_work
local_original_copy = False
local_original_name = __original__
output_encoding = ascii
edit_retries = 10
default_timeout = 30
default_lengthout = 10000.0
diff_method = unified
trust_local_filesystem = True

[magpie.log]
color_output = True
format_info = {counter:<7} {status:<20} {best}{fitness} ({ratio}) [{size}] {cached} {log}
format_debug = patch({counter})="{patch}"{diffifbest}
format_fitness = {:.6f}
format_ratio = {:.2%%}
format_patchif = 
	 --> {patch}
format_diffif = 
	{diff}

[software]
path = examples/triangle-c
target_files = 
	triangle.c.xml
software = BasicSoftware
model_rules = 
	*.params : ParamFileConfigModel
	*.xml : SrcmlModel
	* : LineModel
model_config = 
	*.params : [paramconfig]
	*.xml : [srcml]
init_cmd = bash init_slow.sh
init_timeout = 60
init_lengthout = -1
setup_cmd = 
setup_timeout = 
setup_lengthout = 
compile_cmd = make test_triangle run_triangle
compile_timeout = 
compile_lengthout = 
test_cmd = ./test_triangle
test_timeout = 
test_lengthout = 
run_cmd = ./run_rapl_energy.sh ./run_triangle
run_timeout = 10000
run_lengthout = 
retries = 1
batch_timeout = 
batch_lengthout = 
batch_bin_fitness_strategy = aggregate
batch_fitness_strategy = sum
fitness = energy

[srcml]
rename = 
	stmt: break continue decl_stmt do expr_stmt for goto if return switch while
	number: literal_number
focus = block stmt operator_comp operator_arith number
internodes = block
process_pseudo_blocks = True
process_literals = True
process_operators = True

[paramconfig]
timing = test run
cli_prefix = --
cli_glue = =
cli_boolean = show
cli_boolean_prefix_true = 
cli_boolean_prefix_false = no-
cli_none = hide
silent_prefix = @
silent_suffix = $

[search]
protocol = BasicProtocol
algorithm = FirstImprovement
possible_edits = 
	SrcmlStmtReplacement
	SrcmlStmtInsertion
	SrcmlStmtDeletion
warmup = 3
warmup_strategy = last
max_steps = 1000
max_time = 10
target_fitness = 
cache_maxsize = 100
cache_keep = 0.2
batch_instances = 
batch_shuffle = True
batch_bin_shuffle = False
batch_sample_size = 1

[search.ls]
delete_prob = 0.5
max_neighbours = 
when_trapped = continue
accept_fail = False
tabu_length = 10

[search.gp]
pop_size = 10
delete_prob = 0.5
offspring_elitism = 0.1
offspring_crossover = 0.5
offspring_mutation = 0.4
uniform_rate = 0.5
batch_reset = True

[search.minify]
do_cleanup = True
do_rebuild = True
do_simplify = True
round_robin_limit = 3


2024-06-05 14:56:54,784	[DEBUG]	
2024-06-05 14:56:54,784	[INFO]	==== SEARCH: FirstImprovement ====
2024-06-05 14:56:54,784	[INFO]	~~~~ WARMUP ~~~~
2024-06-05 14:56:57,102	[DEBUG]	EXEC>  SUCCESS 7401.0
2024-06-05 14:56:57,102	[INFO]	WARM    SUCCESS               7401.000000 (--) [0 edit(s)]  
2024-06-05 14:56:59,411	[DEBUG]	EXEC>  SUCCESS 4151.0
2024-06-05 14:56:59,411	[INFO]	WARM    SUCCESS               4151.000000 (--) [0 edit(s)]  
2024-06-05 14:57:01,710	[DEBUG]	EXEC>  SUCCESS 2304.0
2024-06-05 14:57:01,710	[INFO]	WARM    SUCCESS               2304.000000 (--) [0 edit(s)]  
2024-06-05 14:57:01,710	[INFO]	REF     SUCCESS               2304.000000 (--) [0 edit(s)]  
2024-06-05 14:57:01,710	[INFO]	
2024-06-05 14:57:01,710	[INFO]	~~~~ START ~~~~
2024-06-05 14:57:04,052	[DEBUG]	EXEC>  SUCCESS 1450.0
2024-06-05 14:57:04,052	[INFO]	1       SUCCESS              *1450.000000 (62.93%) [1 edit(s)]  
2024-06-05 14:57:04,052	[DEBUG]	patch(1)="SrcmlStmtInsertion(('triangle.c.xml', '_inter_block', 16), ('triangle.c.xml', 'stmt', 8))"
--- before: triangle.c
+++ after: triangle.c
@@ -41,5 +41,10 @@
    
     return ISOSCELES;
   }/*auto*/
+  if(a > c) {
+    tmp = a;
+    a = c;
+    c = tmp;
+  }
   return SCALENE;
 }

2024-06-05 14:57:04,053	[INFO]	2       SUCCESS               2304.000000 (100.00%) [0 edit(s)] [cached] 
2024-06-05 14:57:04,053	[DEBUG]	patch(2)=""
2024-06-05 14:57:06,384	[DEBUG]	EXEC>  SUCCESS 4928.0
2024-06-05 14:57:06,384	[INFO]	3       SUCCESS               4928.000000 (213.89%) [2 edit(s)]  
2024-06-05 14:57:06,385	[DEBUG]	patch(3)="SrcmlStmtInsertion(('triangle.c.xml', '_inter_block', 16), ('triangle.c.xml', 'stmt', 8)) | SrcmlStmtDeletion(('triangle.c.xml', 'stmt', 4))"
2024-06-05 14:57:06,427	[INFO]	4       COMPILE_CODE_ERROR    None (--) [2 edit(s)]  
2024-06-05 14:57:06,427	[DEBUG]	patch(4)="SrcmlStmtInsertion(('triangle.c.xml', '_inter_block', 16), ('triangle.c.xml', 'stmt', 8)) | SrcmlStmtInsertion(('triangle.c.xml', '_inter_block', 27), ('triangle.c.xml', 'stmt', 1))"
2024-06-05 14:57:06,639	[INFO]	5       TEST_CODE_ERROR       None (--) [2 edit(s)]  
2024-06-05 14:57:06,639	[DEBUG]	patch(5)="SrcmlStmtInsertion(('triangle.c.xml', '_inter_block', 16), ('triangle.c.xml', 'stmt', 8)) | SrcmlStmtDeletion(('triangle.c.xml', 'stmt', 11))"
2024-06-05 14:57:06,671	[INFO]	6       COMPILE_CODE_ERROR    None (--) [2 edit(s)]  
2024-06-05 14:57:06,671	[DEBUG]	patch(6)="SrcmlStmtInsertion(('triangle.c.xml', '_inter_block', 16), ('triangle.c.xml', 'stmt', 8)) | SrcmlStmtInsertion(('triangle.c.xml', '_inter_block', 6), ('triangle.c.xml', 'stmt', 4))"
2024-06-05 14:57:06,702	[INFO]	7       COMPILE_CODE_ERROR    None (--) [2 edit(s)]  
2024-06-05 14:57:06,702	[DEBUG]	patch(7)="SrcmlStmtInsertion(('triangle.c.xml', '_inter_block', 16), ('triangle.c.xml', 'stmt', 8)) | SrcmlStmtDeletion(('triangle.c.xml', 'stmt', 2))"
2024-06-05 14:57:08,902	[DEBUG]	EXEC>  SUCCESS 763.0
2024-06-05 14:57:08,903	[INFO]	8       SUCCESS              *763.000000 (33.12%) [2 edit(s)]  
2024-06-05 14:57:08,903	[DEBUG]	patch(8)="SrcmlStmtInsertion(('triangle.c.xml', '_inter_block', 16), ('triangle.c.xml', 'stmt', 8)) | SrcmlStmtDeletion(('triangle.c.xml', 'stmt', 3))"
--- before: triangle.c
+++ after: triangle.c
@@ -8,7 +8,7 @@
 int classify_triangle(double a, double b, double c) {
   double tmp;
 
-  delay();
+  
 
   // Sort the sides so that a <= b <= c
   if(a > b) {
@@ -41,5 +41,10 @@
    
     return ISOSCELES;
   }/*auto*/
+  if(a > c) {
+    tmp = a;
+    a = c;
+    c = tmp;
+  }
   return SCALENE;
 }

2024-06-05 14:57:09,127	[INFO]	9       TEST_CODE_ERROR       None (--) [3 edit(s)]  
2024-06-05 14:57:09,128	[DEBUG]	patch(9)="SrcmlStmtInsertion(('triangle.c.xml', '_inter_block', 16), ('triangle.c.xml', 'stmt', 8)) | SrcmlStmtDeletion(('triangle.c.xml', 'stmt', 3)) | SrcmlStmtDeletion(('triangle.c.xml', 'stmt', 13))"
2024-06-05 14:57:11,329	[DEBUG]	EXEC>  SUCCESS 1846.0
2024-06-05 14:57:11,329	[INFO]	10      SUCCESS               1846.000000 (80.12%) [1 edit(s)]  
2024-06-05 14:57:11,329	[DEBUG]	patch(10)="SrcmlStmtDeletion(('triangle.c.xml', 'stmt', 3))"
2024-06-05 14:57:11,371	[INFO]	11      COMPILE_CODE_ERROR    None (--) [3 edit(s)]  
2024-06-05 14:57:11,372	[DEBUG]	patch(11)="SrcmlStmtInsertion(('triangle.c.xml', '_inter_block', 16), ('triangle.c.xml', 'stmt', 8)) | SrcmlStmtDeletion(('triangle.c.xml', 'stmt', 3)) | SrcmlStmtReplacement(('triangle.c.xml', 'stmt', 1), ('triangle.c.xml', 'stmt', 8))"
2024-06-05 14:57:11,564	[INFO]	12      TEST_CODE_ERROR       None (--) [3 edit(s)]  
2024-06-05 14:57:11,565	[DEBUG]	patch(12)="SrcmlStmtInsertion(('triangle.c.xml', '_inter_block', 16), ('triangle.c.xml', 'stmt', 8)) | SrcmlStmtDeletion(('triangle.c.xml', 'stmt', 3)) | SrcmlStmtInsertion(('triangle.c.xml', '_inter_block', 9), ('triangle.c.xml', 'stmt', 21))"
2024-06-05 14:57:13,760	[DEBUG]	EXEC>  SUCCESS 732.0
2024-06-05 14:57:13,760	[INFO]	13      SUCCESS              *732.000000 (31.77%) [3 edit(s)]  
2024-06-05 14:57:13,760	[DEBUG]	patch(13)="SrcmlStmtInsertion(('triangle.c.xml', '_inter_block', 16), ('triangle.c.xml', 'stmt', 8)) | SrcmlStmtDeletion(('triangle.c.xml', 'stmt', 3)) | SrcmlStmtInsertion(('triangle.c.xml', '_inter_block', 11), ('triangle.c.xml', 'stmt', 9))"
--- before: triangle.c
+++ after: triangle.c
@@ -8,7 +8,7 @@
 int classify_triangle(double a, double b, double c) {
   double tmp;
 
-  delay();
+  
 
   // Sort the sides so that a <= b <= c
   if(a > b) {
@@ -16,6 +16,7 @@
     a = b;
     b = tmp;
   }
+  tmp = a;
 
   if(a > c) {
     tmp = a;
@@ -41,5 +42,10 @@
    
     return ISOSCELES;
   }/*auto*/
+  if(a > c) {
+    tmp = a;
+    a = c;
+    c = tmp;
+  }
   return SCALENE;
 }

2024-06-05 14:57:13,762	[INFO]	~~~~ END ~~~~
2024-06-05 14:57:13,762	[INFO]	
2024-06-05 14:57:13,762	[INFO]	==== REPORT ====
2024-06-05 14:57:13,762	[INFO]	Termination: time budget
2024-06-05 14:57:13,762	[INFO]	Retries: 1
2024-06-05 14:57:13,763	[INFO]	Log file: /home/jim/magpie/_magpie_logs/triangle-c_1717595814.log
2024-06-05 14:57:13,763	[INFO]	Patch file: _magpie_logs/triangle-c_1717595814.patch
2024-06-05 14:57:13,763	[INFO]	Diff file: _magpie_logs/triangle-c_1717595814.diff
2024-06-05 14:57:13,763	[INFO]	Reference fitness: 2304.000000
2024-06-05 14:57:13,763	[INFO]	Best fitness: 732.000000
2024-06-05 14:57:13,763	[INFO]	
2024-06-05 14:57:13,764	[INFO]	==== BEST PATCH ====
SrcmlStmtInsertion(('triangle.c.xml', '_inter_block', 16), ('triangle.c.xml', 'stmt', 8)) | SrcmlStmtDeletion(('triangle.c.xml', 'stmt', 3)) | SrcmlStmtInsertion(('triangle.c.xml', '_inter_block', 11), ('triangle.c.xml', 'stmt', 9))
2024-06-05 14:57:13,764	[INFO]	
2024-06-05 14:57:13,765	[INFO]	==== DIFF ====
[1m--- before: triangle.c[0m
[1m+++ after: triangle.c[0m
[36m@@ -8,7 +8,7 @@[0m
 int classify_triangle(double a, double b, double c) {
   double tmp;
 
[31m-  delay();[0m
[32m+  [0m
 
   // Sort the sides so that a <= b <= c
   if(a > b) {
[36m@@ -16,6 +16,7 @@[0m
     a = b;
     b = tmp;
   }
[32m+  tmp = a;[0m
 
   if(a > c) {
     tmp = a;
[36m@@ -41,5 +42,10 @@[0m
    
     return ISOSCELES;
   }/*auto*/
[32m+  if(a > c) {[0m
[32m+    tmp = a;[0m
[32m+    a = c;[0m
[32m+    c = tmp;[0m
[32m+  }[0m
   return SCALENE;
 }

