2024-06-04 16:16:31,879	[DEBUG]	==== CONFIG ====
[magpie]
import = 
seed = 1431672738336393
log_dir = _magpie_logs
work_dir = _magpie_work
local_original_copy = False
local_original_name = __original__
output_encoding = ascii
edit_retries = 10
default_timeout = 30
default_lengthout = 10000.0
diff_method = unified
trust_local_filesystem = True

[magpie.log]
color_output = True
format_info = {counter:<7} {status:<20} {best}{fitness} ({ratio}) [{size}] {cached} {log}
format_debug = patch({counter})="{patch}"{diffifbest}
format_fitness = {:.6f}
format_ratio = {:.2%%}
format_patchif = 
	 --> {patch}
format_diffif = 
	{diff}

[software]
path = examples/triangle-c
target_files = 
	triangle.c.xml
software = BasicSoftware
model_rules = 
	*.params : ParamFileConfigModel
	*.xml : SrcmlModel
	* : LineModel
model_config = 
	*.params : [paramconfig]
	*.xml : [srcml]
init_cmd = bash init_slow.sh
init_timeout = 60
init_lengthout = -1
setup_cmd = 
setup_timeout = 
setup_lengthout = 
compile_cmd = make test_triangle run_triangle
compile_timeout = 
compile_lengthout = 
test_cmd = ./test_triangle
test_timeout = 
test_lengthout = 
run_cmd = perf stat  ./run_triangle
run_timeout = 1
run_lengthout = 
retries = 2
batch_timeout = 
batch_lengthout = 
batch_bin_fitness_strategy = aggregate
batch_fitness_strategy = sum
fitness = perf_time

[srcml]
rename = 
	stmt: break continue decl_stmt do expr_stmt for goto if return switch while
	number: literal_number
focus = block stmt operator_comp operator_arith number
internodes = block
process_pseudo_blocks = True
process_literals = True
process_operators = True

[paramconfig]
timing = test run
cli_prefix = --
cli_glue = =
cli_boolean = show
cli_boolean_prefix_true = 
cli_boolean_prefix_false = no-
cli_none = hide
silent_prefix = @
silent_suffix = $

[search]
protocol = BasicProtocol
algorithm = FirstImprovement
possible_edits = 
	SrcmlStmtReplacement
	SrcmlStmtInsertion
	SrcmlStmtDeletion
warmup = 3
warmup_strategy = last
max_steps = 100
max_time = 60
target_fitness = 
cache_maxsize = 100
cache_keep = 0.2
batch_instances = 
batch_shuffle = True
batch_bin_shuffle = False
batch_sample_size = 1

[search.ls]
delete_prob = 0.5
max_neighbours = 
when_trapped = continue
accept_fail = False
tabu_length = 10

[search.gp]
pop_size = 10
delete_prob = 0.5
offspring_elitism = 0.1
offspring_crossover = 0.5
offspring_mutation = 0.4
uniform_rate = 0.5
batch_reset = True

[search.minify]
do_cleanup = True
do_rebuild = True
do_simplify = True
round_robin_limit = 3


2024-06-04 16:16:31,879	[DEBUG]	
2024-06-04 16:16:31,879	[INFO]	==== SEARCH: FirstImprovement ====
2024-06-04 16:16:31,879	[INFO]	~~~~ WARMUP ~~~~
2024-06-04 16:16:32,280	[DEBUG]	EXEC>  SUCCESS 0.071144855
2024-06-04 16:16:32,280	[INFO]	WARM    SUCCESS               0.071145 (--) [0 edit(s)]  
2024-06-04 16:16:32,684	[DEBUG]	EXEC>  SUCCESS 0.070200625
2024-06-04 16:16:32,685	[INFO]	WARM    SUCCESS               0.070201 (--) [0 edit(s)]  
2024-06-04 16:16:33,003	[DEBUG]	EXEC>  SUCCESS 0.070288485
2024-06-04 16:16:33,003	[INFO]	WARM    SUCCESS               0.070288 (--) [0 edit(s)]  
2024-06-04 16:16:33,003	[INFO]	REF     SUCCESS               0.070288 (--) [0 edit(s)]  
2024-06-04 16:16:33,003	[INFO]	
2024-06-04 16:16:33,003	[INFO]	~~~~ START ~~~~
2024-06-04 16:16:33,029	[INFO]	1       COMPILE_CODE_ERROR    None (--) [1 edit(s)]  
2024-06-04 16:16:33,029	[DEBUG]	patch(1)="SrcmlStmtReplacement(('triangle.c.xml', 'stmt', 1), ('triangle.c.xml', 'stmt', 8))"
2024-06-04 16:16:33,050	[INFO]	2       COMPILE_CODE_ERROR    None (--) [1 edit(s)]  
2024-06-04 16:16:33,050	[DEBUG]	patch(2)="SrcmlStmtInsertion(('triangle.c.xml', '_inter_block', 3), ('triangle.c.xml', 'stmt', 13))"
2024-06-04 16:16:33,466	[DEBUG]	EXEC>  SUCCESS 0.07009153
2024-06-04 16:16:33,466	[INFO]	3       SUCCESS              *0.070092 (99.72%) [1 edit(s)]  
2024-06-04 16:16:33,466	[DEBUG]	patch(3)="SrcmlStmtInsertion(('triangle.c.xml', '_inter_block', 34), ('triangle.c.xml', 'stmt', 8))"
--- before: triangle.c
+++ after: triangle.c
@@ -39,6 +39,11 @@
   }/*auto*/
   if(a == b || b == c)/*auto*/{
    
+    if(a > c) {
+      tmp = a;
+      a = c;
+      c = tmp;
+    }
     return ISOSCELES;
   }/*auto*/
   return SCALENE;

2024-06-04 16:16:33,643	[DEBUG]	EXEC>  SUCCESS 0.0008391200000000001
2024-06-04 16:16:33,644	[INFO]	4       SUCCESS              *0.000839 (1.19%) [2 edit(s)]  
2024-06-04 16:16:33,644	[DEBUG]	patch(4)="SrcmlStmtInsertion(('triangle.c.xml', '_inter_block', 34), ('triangle.c.xml', 'stmt', 8)) | SrcmlStmtReplacement(('triangle.c.xml', 'stmt', 3), ('triangle.c.xml', 'stmt', 13))"
--- before: triangle.c
+++ after: triangle.c
@@ -8,7 +8,7 @@
 int classify_triangle(double a, double b, double c) {
   double tmp;
 
-  delay();
+  tmp = b;
 
   // Sort the sides so that a <= b <= c
   if(a > b) {
@@ -39,6 +39,11 @@
   }/*auto*/
   if(a == b || b == c)/*auto*/{
    
+    if(a > c) {
+      tmp = a;
+      a = c;
+      c = tmp;
+    }
     return ISOSCELES;
   }/*auto*/
   return SCALENE;

2024-06-04 16:16:33,660	[INFO]	5       COMPILE_CODE_ERROR    None (--) [3 edit(s)]  
2024-06-04 16:16:33,660	[DEBUG]	patch(5)="SrcmlStmtInsertion(('triangle.c.xml', '_inter_block', 34), ('triangle.c.xml', 'stmt', 8)) | SrcmlStmtReplacement(('triangle.c.xml', 'stmt', 3), ('triangle.c.xml', 'stmt', 13)) | SrcmlStmtReplacement(('triangle.c.xml', 'stmt', 2), ('triangle.c.xml', 'stmt', 14))"
2024-06-04 16:16:33,682	[INFO]	6       COMPILE_CODE_ERROR    None (--) [3 edit(s)]  
2024-06-04 16:16:33,682	[DEBUG]	patch(6)="SrcmlStmtInsertion(('triangle.c.xml', '_inter_block', 34), ('triangle.c.xml', 'stmt', 8)) | SrcmlStmtReplacement(('triangle.c.xml', 'stmt', 3), ('triangle.c.xml', 'stmt', 13)) | SrcmlStmtInsertion(('triangle.c.xml', '_inter_block', 6), ('triangle.c.xml', 'stmt', 21))"
2024-06-04 16:16:33,808	[DEBUG]	EXEC>  SUCCESS 0.00091483
2024-06-04 16:16:33,808	[INFO]	7       SUCCESS               0.000915 (1.30%) [1 edit(s)]  
2024-06-04 16:16:33,808	[DEBUG]	patch(7)="SrcmlStmtReplacement(('triangle.c.xml', 'stmt', 3), ('triangle.c.xml', 'stmt', 13))"
2024-06-04 16:16:33,936	[DEBUG]	EXEC>  SUCCESS 0.00103548
2024-06-04 16:16:33,936	[INFO]	8       SUCCESS               0.001035 (1.47%) [3 edit(s)]  
2024-06-04 16:16:33,936	[DEBUG]	patch(8)="SrcmlStmtInsertion(('triangle.c.xml', '_inter_block', 34), ('triangle.c.xml', 'stmt', 8)) | SrcmlStmtReplacement(('triangle.c.xml', 'stmt', 3), ('triangle.c.xml', 'stmt', 13)) | SrcmlStmtReplacement(('triangle.c.xml', 'stmt', 17), ('triangle.c.xml', 'stmt', 16))"
2024-06-04 16:16:34,029	[INFO]	9       TEST_CODE_ERROR       None (--) [3 edit(s)]  
2024-06-04 16:16:34,029	[DEBUG]	patch(9)="SrcmlStmtInsertion(('triangle.c.xml', '_inter_block', 34), ('triangle.c.xml', 'stmt', 8)) | SrcmlStmtReplacement(('triangle.c.xml', 'stmt', 3), ('triangle.c.xml', 'stmt', 13)) | SrcmlStmtDeletion(('triangle.c.xml', 'stmt', 19))"
2024-06-04 16:16:34,030	[INFO]	10      SUCCESS               0.070092 (99.72%) [1 edit(s)] [cached] 
2024-06-04 16:16:34,030	[DEBUG]	patch(10)="SrcmlStmtInsertion(('triangle.c.xml', '_inter_block', 34), ('triangle.c.xml', 'stmt', 8))"
2024-06-04 16:16:34,162	[DEBUG]	EXEC>  SUCCESS 0.001052005
2024-06-04 16:16:34,162	[INFO]	11      SUCCESS               0.001052 (1.50%) [3 edit(s)]  
2024-06-04 16:16:34,162	[DEBUG]	patch(11)="SrcmlStmtInsertion(('triangle.c.xml', '_inter_block', 34), ('triangle.c.xml', 'stmt', 8)) | SrcmlStmtReplacement(('triangle.c.xml', 'stmt', 3), ('triangle.c.xml', 'stmt', 13)) | SrcmlStmtInsertion(('triangle.c.xml', '_inter_block', 13), ('triangle.c.xml', 'stmt', 16))"
2024-06-04 16:16:34,256	[INFO]	12      TEST_CODE_ERROR       None (--) [3 edit(s)]  
2024-06-04 16:16:34,256	[DEBUG]	patch(12)="SrcmlStmtInsertion(('triangle.c.xml', '_inter_block', 34), ('triangle.c.xml', 'stmt', 8)) | SrcmlStmtReplacement(('triangle.c.xml', 'stmt', 3), ('triangle.c.xml', 'stmt', 13)) | SrcmlStmtReplacement(('triangle.c.xml', 'stmt', 8), ('triangle.c.xml', 'stmt', 10))"
2024-06-04 16:16:34,386	[DEBUG]	EXEC>  SUCCESS 0.0009284849999999999
2024-06-04 16:16:34,386	[INFO]	13      SUCCESS               0.000928 (1.32%) [3 edit(s)]  
2024-06-04 16:16:34,386	[DEBUG]	patch(13)="SrcmlStmtInsertion(('triangle.c.xml', '_inter_block', 34), ('triangle.c.xml', 'stmt', 8)) | SrcmlStmtReplacement(('triangle.c.xml', 'stmt', 3), ('triangle.c.xml', 'stmt', 13)) | SrcmlStmtInsertion(('triangle.c.xml', '_inter_block', 31), ('triangle.c.xml', 'stmt', 4))"
2024-06-04 16:16:34,403	[INFO]	14      COMPILE_CODE_ERROR    None (--) [3 edit(s)]  
2024-06-04 16:16:34,403	[DEBUG]	patch(14)="SrcmlStmtInsertion(('triangle.c.xml', '_inter_block', 34), ('triangle.c.xml', 'stmt', 8)) | SrcmlStmtReplacement(('triangle.c.xml', 'stmt', 3), ('triangle.c.xml', 'stmt', 13)) | SrcmlStmtInsertion(('triangle.c.xml', '_inter_block', 25), ('triangle.c.xml', 'stmt', 1))"
2024-06-04 16:16:34,420	[INFO]	15      COMPILE_CODE_ERROR    None (--) [3 edit(s)]  
2024-06-04 16:16:34,421	[DEBUG]	patch(15)="SrcmlStmtInsertion(('triangle.c.xml', '_inter_block', 34), ('triangle.c.xml', 'stmt', 8)) | SrcmlStmtReplacement(('triangle.c.xml', 'stmt', 3), ('triangle.c.xml', 'stmt', 13)) | SrcmlStmtReplacement(('triangle.c.xml', 'stmt', 2), ('triangle.c.xml', 'stmt', 13))"
2024-06-04 16:16:34,519	[INFO]	16      TEST_CODE_ERROR       None (--) [3 edit(s)]  
2024-06-04 16:16:34,519	[DEBUG]	patch(16)="SrcmlStmtInsertion(('triangle.c.xml', '_inter_block', 34), ('triangle.c.xml', 'stmt', 8)) | SrcmlStmtReplacement(('triangle.c.xml', 'stmt', 3), ('triangle.c.xml', 'stmt', 13)) | SrcmlStmtReplacement(('triangle.c.xml', 'stmt', 15), ('triangle.c.xml', 'stmt', 19))"
2024-06-04 16:16:34,622	[INFO]	17      TEST_CODE_ERROR       None (--) [3 edit(s)]  
2024-06-04 16:16:34,622	[DEBUG]	patch(17)="SrcmlStmtInsertion(('triangle.c.xml', '_inter_block', 34), ('triangle.c.xml', 'stmt', 8)) | SrcmlStmtReplacement(('triangle.c.xml', 'stmt', 3), ('triangle.c.xml', 'stmt', 13)) | SrcmlStmtReplacement(('triangle.c.xml', 'stmt', 9), ('triangle.c.xml', 'stmt', 10))"
2024-06-04 16:16:34,639	[INFO]	18      COMPILE_CODE_ERROR    None (--) [3 edit(s)]  
2024-06-04 16:16:34,639	[DEBUG]	patch(18)="SrcmlStmtInsertion(('triangle.c.xml', '_inter_block', 34), ('triangle.c.xml', 'stmt', 8)) | SrcmlStmtReplacement(('triangle.c.xml', 'stmt', 3), ('triangle.c.xml', 'stmt', 13)) | SrcmlStmtInsertion(('triangle.c.xml', '_inter_block', 2), ('triangle.c.xml', 'stmt', 10))"
2024-06-04 16:16:34,751	[INFO]	19      TEST_CODE_ERROR       None (--) [3 edit(s)]  
2024-06-04 16:16:34,751	[DEBUG]	patch(19)="SrcmlStmtInsertion(('triangle.c.xml', '_inter_block', 34), ('triangle.c.xml', 'stmt', 8)) | SrcmlStmtReplacement(('triangle.c.xml', 'stmt', 3), ('triangle.c.xml', 'stmt', 13)) | SrcmlStmtReplacement(('triangle.c.xml', 'stmt', 9), ('triangle.c.xml', 'stmt', 18))"
2024-06-04 16:16:34,879	[INFO]	20      TEST_CODE_ERROR       None (--) [3 edit(s)]  
2024-06-04 16:16:34,879	[DEBUG]	patch(20)="SrcmlStmtInsertion(('triangle.c.xml', '_inter_block', 34), ('triangle.c.xml', 'stmt', 8)) | SrcmlStmtReplacement(('triangle.c.xml', 'stmt', 3), ('triangle.c.xml', 'stmt', 13)) | SrcmlStmtReplacement(('triangle.c.xml', 'stmt', 6), ('triangle.c.xml', 'stmt', 7))"
2024-06-04 16:16:34,881	[INFO]	21      TEST_CODE_ERROR       None (--) [3 edit(s)] [cached] 
2024-06-04 16:16:34,881	[DEBUG]	patch(21)="SrcmlStmtInsertion(('triangle.c.xml', '_inter_block', 34), ('triangle.c.xml', 'stmt', 8)) | SrcmlStmtReplacement(('triangle.c.xml', 'stmt', 3), ('triangle.c.xml', 'stmt', 13)) | SrcmlStmtReplacement(('triangle.c.xml', 'stmt', 8), ('triangle.c.xml', 'stmt', 10))"
2024-06-04 16:16:35,026	[INFO]	22      TEST_CODE_ERROR       None (--) [3 edit(s)]  
2024-06-04 16:16:35,026	[DEBUG]	patch(22)="SrcmlStmtInsertion(('triangle.c.xml', '_inter_block', 34), ('triangle.c.xml', 'stmt', 8)) | SrcmlStmtReplacement(('triangle.c.xml', 'stmt', 3), ('triangle.c.xml', 'stmt', 13)) | SrcmlStmtDeletion(('triangle.c.xml', 'stmt', 14))"
2024-06-04 16:16:35,186	[INFO]	23      TEST_CODE_ERROR       None (--) [3 edit(s)]  
2024-06-04 16:16:35,186	[DEBUG]	patch(23)="SrcmlStmtInsertion(('triangle.c.xml', '_inter_block', 34), ('triangle.c.xml', 'stmt', 8)) | SrcmlStmtReplacement(('triangle.c.xml', 'stmt', 3), ('triangle.c.xml', 'stmt', 13)) | SrcmlStmtInsertion(('triangle.c.xml', '_inter_block', 10), ('triangle.c.xml', 'stmt', 21))"
2024-06-04 16:16:35,324	[INFO]	24      TEST_CODE_ERROR       None (--) [3 edit(s)]  
2024-06-04 16:16:35,324	[DEBUG]	patch(24)="SrcmlStmtInsertion(('triangle.c.xml', '_inter_block', 34), ('triangle.c.xml', 'stmt', 8)) | SrcmlStmtReplacement(('triangle.c.xml', 'stmt', 3), ('triangle.c.xml', 'stmt', 13)) | SrcmlStmtReplacement(('triangle.c.xml', 'stmt', 11), ('triangle.c.xml', 'stmt', 7))"
2024-06-04 16:16:35,513	[INFO]	25      TEST_CODE_ERROR       None (--) [3 edit(s)]  
2024-06-04 16:16:35,513	[DEBUG]	patch(25)="SrcmlStmtInsertion(('triangle.c.xml', '_inter_block', 34), ('triangle.c.xml', 'stmt', 8)) | SrcmlStmtReplacement(('triangle.c.xml', 'stmt', 3), ('triangle.c.xml', 'stmt', 13)) | SrcmlStmtReplacement(('triangle.c.xml', 'stmt', 12), ('triangle.c.xml', 'stmt', 20))"
2024-06-04 16:16:35,673	[INFO]	26      TEST_CODE_ERROR       None (--) [3 edit(s)]  
2024-06-04 16:16:35,673	[DEBUG]	patch(26)="SrcmlStmtInsertion(('triangle.c.xml', '_inter_block', 34), ('triangle.c.xml', 'stmt', 8)) | SrcmlStmtReplacement(('triangle.c.xml', 'stmt', 3), ('triangle.c.xml', 'stmt', 13)) | SrcmlStmtReplacement(('triangle.c.xml', 'stmt', 19), ('triangle.c.xml', 'stmt', 3))"
2024-06-04 16:16:35,775	[INFO]	27      TEST_CODE_ERROR       None (--) [3 edit(s)]  
2024-06-04 16:16:35,775	[DEBUG]	patch(27)="SrcmlStmtInsertion(('triangle.c.xml', '_inter_block', 34), ('triangle.c.xml', 'stmt', 8)) | SrcmlStmtReplacement(('triangle.c.xml', 'stmt', 3), ('triangle.c.xml', 'stmt', 13)) | SrcmlStmtReplacement(('triangle.c.xml', 'stmt', 4), ('triangle.c.xml', 'stmt', 21))"
2024-06-04 16:16:35,871	[INFO]	28      TEST_CODE_ERROR       None (--) [3 edit(s)]  
2024-06-04 16:16:35,871	[DEBUG]	patch(28)="SrcmlStmtInsertion(('triangle.c.xml', '_inter_block', 34), ('triangle.c.xml', 'stmt', 8)) | SrcmlStmtReplacement(('triangle.c.xml', 'stmt', 3), ('triangle.c.xml', 'stmt', 13)) | SrcmlStmtReplacement(('triangle.c.xml', 'stmt', 21), ('triangle.c.xml', 'stmt', 19))"
2024-06-04 16:16:35,962	[INFO]	29      TEST_CODE_ERROR       None (--) [3 edit(s)]  
2024-06-04 16:16:35,962	[DEBUG]	patch(29)="SrcmlStmtInsertion(('triangle.c.xml', '_inter_block', 34), ('triangle.c.xml', 'stmt', 8)) | SrcmlStmtReplacement(('triangle.c.xml', 'stmt', 3), ('triangle.c.xml', 'stmt', 13)) | SrcmlStmtInsertion(('triangle.c.xml', '_inter_block', 11), ('triangle.c.xml', 'stmt', 19))"
2024-06-04 16:16:36,054	[INFO]	30      TEST_CODE_ERROR       None (--) [3 edit(s)]  
2024-06-04 16:16:36,055	[DEBUG]	patch(30)="SrcmlStmtInsertion(('triangle.c.xml', '_inter_block', 34), ('triangle.c.xml', 'stmt', 8)) | SrcmlStmtReplacement(('triangle.c.xml', 'stmt', 3), ('triangle.c.xml', 'stmt', 13)) | SrcmlStmtReplacement(('triangle.c.xml', 'stmt', 15), ('triangle.c.xml', 'stmt', 14))"
2024-06-04 16:16:36,257	[DEBUG]	EXEC>  SUCCESS 0.0010682
2024-06-04 16:16:36,257	[INFO]	31      SUCCESS               0.001068 (1.52%) [3 edit(s)]  
2024-06-04 16:16:36,257	[DEBUG]	patch(31)="SrcmlStmtInsertion(('triangle.c.xml', '_inter_block', 34), ('triangle.c.xml', 'stmt', 8)) | SrcmlStmtReplacement(('triangle.c.xml', 'stmt', 3), ('triangle.c.xml', 'stmt', 13)) | SrcmlStmtInsertion(('triangle.c.xml', '_inter_block', 28), ('triangle.c.xml', 'stmt', 15))"
2024-06-04 16:16:36,429	[DEBUG]	EXEC>  SUCCESS 0.0007230100000000001
2024-06-04 16:16:36,430	[INFO]	32      SUCCESS              *0.000723 (1.03%) [3 edit(s)]  
2024-06-04 16:16:36,430	[DEBUG]	patch(32)="SrcmlStmtInsertion(('triangle.c.xml', '_inter_block', 34), ('triangle.c.xml', 'stmt', 8)) | SrcmlStmtReplacement(('triangle.c.xml', 'stmt', 3), ('triangle.c.xml', 'stmt', 13)) | SrcmlStmtInsertion(('triangle.c.xml', '_inter_block', 13), ('triangle.c.xml', 'stmt', 18))"
--- before: triangle.c
+++ after: triangle.c
@@ -8,7 +8,7 @@
 int classify_triangle(double a, double b, double c) {
   double tmp;
 
-  delay();
+  tmp = b;
 
   // Sort the sides so that a <= b <= c
   if(a > b) {
@@ -28,6 +28,10 @@
     b = c;
     c = tmp;
   }
+  if(a == b && b == c)/*auto*/{
+   
+    return EQUILATERAL;
+  }/*auto*/
 
   if(a + b <= c)/*auto*/{
    
@@ -39,6 +43,11 @@
   }/*auto*/
   if(a == b || b == c)/*auto*/{
    
+    if(a > c) {
+      tmp = a;
+      a = c;
+      c = tmp;
+    }
     return ISOSCELES;
   }/*auto*/
   return SCALENE;

2024-06-04 16:16:36,665	[DEBUG]	EXEC>  SUCCESS 0.00141668
2024-06-04 16:16:36,665	[INFO]	33      SUCCESS               0.001417 (2.02%) [4 edit(s)]  
2024-06-04 16:16:36,665	[DEBUG]	patch(33)="SrcmlStmtInsertion(('triangle.c.xml', '_inter_block', 34), ('triangle.c.xml', 'stmt', 8)) | SrcmlStmtReplacement(('triangle.c.xml', 'stmt', 3), ('triangle.c.xml', 'stmt', 13)) | SrcmlStmtInsertion(('triangle.c.xml', '_inter_block', 13), ('triangle.c.xml', 'stmt', 18)) | SrcmlStmtInsertion(('triangle.c.xml', '_inter_block', 32), ('triangle.c.xml', 'stmt', 5))"
2024-06-04 16:16:36,667	[INFO]	34      SUCCESS              +0.000723 (1.03%) [4 edit(s)] [cached] 
2024-06-04 16:16:36,667	[DEBUG]	patch(34)="SrcmlStmtInsertion(('triangle.c.xml', '_inter_block', 34), ('triangle.c.xml', 'stmt', 8)) | SrcmlStmtReplacement(('triangle.c.xml', 'stmt', 3), ('triangle.c.xml', 'stmt', 13)) | SrcmlStmtInsertion(('triangle.c.xml', '_inter_block', 13), ('triangle.c.xml', 'stmt', 18)) | SrcmlStmtReplacement(('triangle.c.xml', 'stmt', 14), ('triangle.c.xml', 'stmt', 14))"
2024-06-04 16:16:36,669	[INFO]	35      SUCCESS              +0.000723 (1.03%) [3 edit(s)] [cached] 
2024-06-04 16:16:36,669	[DEBUG]	patch(35)="SrcmlStmtInsertion(('triangle.c.xml', '_inter_block', 34), ('triangle.c.xml', 'stmt', 8)) | SrcmlStmtReplacement(('triangle.c.xml', 'stmt', 3), ('triangle.c.xml', 'stmt', 13)) | SrcmlStmtInsertion(('triangle.c.xml', '_inter_block', 13), ('triangle.c.xml', 'stmt', 18))"
2024-06-04 16:16:36,671	[INFO]	36      SUCCESS               0.000839 (1.19%) [2 edit(s)] [cached] 
2024-06-04 16:16:36,671	[DEBUG]	patch(36)="SrcmlStmtInsertion(('triangle.c.xml', '_inter_block', 34), ('triangle.c.xml', 'stmt', 8)) | SrcmlStmtReplacement(('triangle.c.xml', 'stmt', 3), ('triangle.c.xml', 'stmt', 13))"
2024-06-04 16:16:37,095	[DEBUG]	EXEC>  SUCCESS 0.06996996999999999
2024-06-04 16:16:37,095	[INFO]	37      SUCCESS               0.069970 (99.55%) [2 edit(s)]  
2024-06-04 16:16:37,095	[DEBUG]	patch(37)="SrcmlStmtInsertion(('triangle.c.xml', '_inter_block', 34), ('triangle.c.xml', 'stmt', 8)) | SrcmlStmtInsertion(('triangle.c.xml', '_inter_block', 13), ('triangle.c.xml', 'stmt', 18))"
2024-06-04 16:16:37,384	[DEBUG]	EXEC>  SUCCESS 0.001572535
2024-06-04 16:16:37,384	[INFO]	38      SUCCESS               0.001573 (2.24%) [4 edit(s)]  
2024-06-04 16:16:37,384	[DEBUG]	patch(38)="SrcmlStmtInsertion(('triangle.c.xml', '_inter_block', 34), ('triangle.c.xml', 'stmt', 8)) | SrcmlStmtReplacement(('triangle.c.xml', 'stmt', 3), ('triangle.c.xml', 'stmt', 13)) | SrcmlStmtInsertion(('triangle.c.xml', '_inter_block', 13), ('triangle.c.xml', 'stmt', 18)) | SrcmlStmtReplacement(('triangle.c.xml', 'stmt', 13), ('triangle.c.xml', 'stmt', 15))"
2024-06-04 16:16:37,558	[INFO]	39      TEST_CODE_ERROR       None (--) [4 edit(s)]  
2024-06-04 16:16:37,558	[DEBUG]	patch(39)="SrcmlStmtInsertion(('triangle.c.xml', '_inter_block', 34), ('triangle.c.xml', 'stmt', 8)) | SrcmlStmtReplacement(('triangle.c.xml', 'stmt', 3), ('triangle.c.xml', 'stmt', 13)) | SrcmlStmtInsertion(('triangle.c.xml', '_inter_block', 13), ('triangle.c.xml', 'stmt', 18)) | SrcmlStmtInsertion(('triangle.c.xml', '_inter_block', 19), ('triangle.c.xml', 'stmt', 4))"
2024-06-04 16:16:37,747	[DEBUG]	EXEC>  SUCCESS 0.001153445
2024-06-04 16:16:37,747	[INFO]	40      SUCCESS               0.001153 (1.64%) [2 edit(s)]  
2024-06-04 16:16:37,747	[DEBUG]	patch(40)="SrcmlStmtReplacement(('triangle.c.xml', 'stmt', 3), ('triangle.c.xml', 'stmt', 13)) | SrcmlStmtInsertion(('triangle.c.xml', '_inter_block', 13), ('triangle.c.xml', 'stmt', 18))"
2024-06-04 16:16:37,869	[INFO]	41      TEST_CODE_ERROR       None (--) [4 edit(s)]  
2024-06-04 16:16:37,869	[DEBUG]	patch(41)="SrcmlStmtInsertion(('triangle.c.xml', '_inter_block', 34), ('triangle.c.xml', 'stmt', 8)) | SrcmlStmtReplacement(('triangle.c.xml', 'stmt', 3), ('triangle.c.xml', 'stmt', 13)) | SrcmlStmtInsertion(('triangle.c.xml', '_inter_block', 13), ('triangle.c.xml', 'stmt', 18)) | SrcmlStmtReplacement(('triangle.c.xml', 'stmt', 22), ('triangle.c.xml', 'stmt', 8))"
2024-06-04 16:16:38,066	[DEBUG]	EXEC>  SUCCESS 0.00145723
2024-06-04 16:16:38,066	[INFO]	42      SUCCESS               0.001457 (2.07%) [4 edit(s)]  
2024-06-04 16:16:38,066	[DEBUG]	patch(42)="SrcmlStmtInsertion(('triangle.c.xml', '_inter_block', 34), ('triangle.c.xml', 'stmt', 8)) | SrcmlStmtReplacement(('triangle.c.xml', 'stmt', 3), ('triangle.c.xml', 'stmt', 13)) | SrcmlStmtInsertion(('triangle.c.xml', '_inter_block', 13), ('triangle.c.xml', 'stmt', 18)) | SrcmlStmtInsertion(('triangle.c.xml', '_inter_block', 26), ('triangle.c.xml', 'stmt', 9))"
2024-06-04 16:16:38,288	[DEBUG]	EXEC>  SUCCESS 0.001138675
2024-06-04 16:16:38,289	[INFO]	43      SUCCESS               0.001139 (1.62%) [4 edit(s)]  
2024-06-04 16:16:38,289	[DEBUG]	patch(43)="SrcmlStmtInsertion(('triangle.c.xml', '_inter_block', 34), ('triangle.c.xml', 'stmt', 8)) | SrcmlStmtReplacement(('triangle.c.xml', 'stmt', 3), ('triangle.c.xml', 'stmt', 13)) | SrcmlStmtInsertion(('triangle.c.xml', '_inter_block', 13), ('triangle.c.xml', 'stmt', 18)) | SrcmlStmtReplacement(('triangle.c.xml', 'stmt', 3), ('triangle.c.xml', 'stmt', 8))"
2024-06-04 16:16:38,330	[INFO]	44      COMPILE_CODE_ERROR    None (--) [4 edit(s)]  
2024-06-04 16:16:38,330	[DEBUG]	patch(44)="SrcmlStmtInsertion(('triangle.c.xml', '_inter_block', 34), ('triangle.c.xml', 'stmt', 8)) | SrcmlStmtReplacement(('triangle.c.xml', 'stmt', 3), ('triangle.c.xml', 'stmt', 13)) | SrcmlStmtInsertion(('triangle.c.xml', '_inter_block', 13), ('triangle.c.xml', 'stmt', 18)) | SrcmlStmtDeletion(('triangle.c.xml', 'stmt', 2))"
2024-06-04 16:16:38,463	[INFO]	45      TEST_CODE_ERROR       None (--) [4 edit(s)]  
2024-06-04 16:16:38,463	[DEBUG]	patch(45)="SrcmlStmtInsertion(('triangle.c.xml', '_inter_block', 34), ('triangle.c.xml', 'stmt', 8)) | SrcmlStmtReplacement(('triangle.c.xml', 'stmt', 3), ('triangle.c.xml', 'stmt', 13)) | SrcmlStmtInsertion(('triangle.c.xml', '_inter_block', 13), ('triangle.c.xml', 'stmt', 18)) | SrcmlStmtInsertion(('triangle.c.xml', '_inter_block', 27), ('triangle.c.xml', 'stmt', 10))"
2024-06-04 16:16:38,600	[INFO]	46      TEST_CODE_ERROR       None (--) [4 edit(s)]  
2024-06-04 16:16:38,600	[DEBUG]	patch(46)="SrcmlStmtInsertion(('triangle.c.xml', '_inter_block', 34), ('triangle.c.xml', 'stmt', 8)) | SrcmlStmtReplacement(('triangle.c.xml', 'stmt', 3), ('triangle.c.xml', 'stmt', 13)) | SrcmlStmtInsertion(('triangle.c.xml', '_inter_block', 13), ('triangle.c.xml', 'stmt', 18)) | SrcmlStmtDeletion(('triangle.c.xml', 'stmt', 17))"
2024-06-04 16:16:38,847	[DEBUG]	EXEC>  SUCCESS 0.001377955
2024-06-04 16:16:38,847	[INFO]	47      SUCCESS               0.001378 (1.96%) [4 edit(s)]  
2024-06-04 16:16:38,847	[DEBUG]	patch(47)="SrcmlStmtInsertion(('triangle.c.xml', '_inter_block', 34), ('triangle.c.xml', 'stmt', 8)) | SrcmlStmtReplacement(('triangle.c.xml', 'stmt', 3), ('triangle.c.xml', 'stmt', 13)) | SrcmlStmtInsertion(('triangle.c.xml', '_inter_block', 13), ('triangle.c.xml', 'stmt', 18)) | SrcmlStmtDeletion(('triangle.c.xml', 'stmt', 8))"
2024-06-04 16:16:38,994	[INFO]	48      TEST_CODE_ERROR       None (--) [4 edit(s)]  
2024-06-04 16:16:38,994	[DEBUG]	patch(48)="SrcmlStmtInsertion(('triangle.c.xml', '_inter_block', 34), ('triangle.c.xml', 'stmt', 8)) | SrcmlStmtReplacement(('triangle.c.xml', 'stmt', 3), ('triangle.c.xml', 'stmt', 13)) | SrcmlStmtInsertion(('triangle.c.xml', '_inter_block', 13), ('triangle.c.xml', 'stmt', 18)) | SrcmlStmtReplacement(('triangle.c.xml', 'stmt', 3), ('triangle.c.xml', 'stmt', 6))"
2024-06-04 16:16:39,123	[INFO]	49      TEST_CODE_ERROR       None (--) [4 edit(s)]  
2024-06-04 16:16:39,123	[DEBUG]	patch(49)="SrcmlStmtInsertion(('triangle.c.xml', '_inter_block', 34), ('triangle.c.xml', 'stmt', 8)) | SrcmlStmtReplacement(('triangle.c.xml', 'stmt', 3), ('triangle.c.xml', 'stmt', 13)) | SrcmlStmtInsertion(('triangle.c.xml', '_inter_block', 13), ('triangle.c.xml', 'stmt', 18)) | SrcmlStmtReplacement(('triangle.c.xml', 'stmt', 3), ('triangle.c.xml', 'stmt', 7))"
2024-06-04 16:16:39,313	[DEBUG]	EXEC>  SUCCESS 0.00107547
2024-06-04 16:16:39,313	[INFO]	50      SUCCESS               0.001075 (1.53%) [4 edit(s)]  
2024-06-04 16:16:39,314	[DEBUG]	patch(50)="SrcmlStmtInsertion(('triangle.c.xml', '_inter_block', 34), ('triangle.c.xml', 'stmt', 8)) | SrcmlStmtReplacement(('triangle.c.xml', 'stmt', 3), ('triangle.c.xml', 'stmt', 13)) | SrcmlStmtInsertion(('triangle.c.xml', '_inter_block', 13), ('triangle.c.xml', 'stmt', 18)) | SrcmlStmtInsertion(('triangle.c.xml', '_inter_block', 27), ('triangle.c.xml', 'stmt', 20))"
2024-06-04 16:16:39,473	[INFO]	51      TEST_CODE_ERROR       None (--) [4 edit(s)]  
2024-06-04 16:16:39,473	[DEBUG]	patch(51)="SrcmlStmtInsertion(('triangle.c.xml', '_inter_block', 34), ('triangle.c.xml', 'stmt', 8)) | SrcmlStmtReplacement(('triangle.c.xml', 'stmt', 3), ('triangle.c.xml', 'stmt', 13)) | SrcmlStmtInsertion(('triangle.c.xml', '_inter_block', 13), ('triangle.c.xml', 'stmt', 18)) | SrcmlStmtReplacement(('triangle.c.xml', 'stmt', 13), ('triangle.c.xml', 'stmt', 20))"
2024-06-04 16:16:39,606	[INFO]	52      TEST_CODE_ERROR       None (--) [4 edit(s)]  
2024-06-04 16:16:39,606	[DEBUG]	patch(52)="SrcmlStmtInsertion(('triangle.c.xml', '_inter_block', 34), ('triangle.c.xml', 'stmt', 8)) | SrcmlStmtReplacement(('triangle.c.xml', 'stmt', 3), ('triangle.c.xml', 'stmt', 13)) | SrcmlStmtInsertion(('triangle.c.xml', '_inter_block', 13), ('triangle.c.xml', 'stmt', 18)) | SrcmlStmtInsertion(('triangle.c.xml', '_inter_block', 30), ('triangle.c.xml', 'stmt', 21))"
2024-06-04 16:16:39,738	[INFO]	53      TEST_CODE_ERROR       None (--) [4 edit(s)]  
2024-06-04 16:16:39,739	[DEBUG]	patch(53)="SrcmlStmtInsertion(('triangle.c.xml', '_inter_block', 34), ('triangle.c.xml', 'stmt', 8)) | SrcmlStmtReplacement(('triangle.c.xml', 'stmt', 3), ('triangle.c.xml', 'stmt', 13)) | SrcmlStmtInsertion(('triangle.c.xml', '_inter_block', 13), ('triangle.c.xml', 'stmt', 18)) | SrcmlStmtDeletion(('triangle.c.xml', 'stmt', 20))"
2024-06-04 16:16:39,924	[INFO]	54      TEST_CODE_ERROR       None (--) [4 edit(s)]  
2024-06-04 16:16:39,924	[DEBUG]	patch(54)="SrcmlStmtInsertion(('triangle.c.xml', '_inter_block', 34), ('triangle.c.xml', 'stmt', 8)) | SrcmlStmtReplacement(('triangle.c.xml', 'stmt', 3), ('triangle.c.xml', 'stmt', 13)) | SrcmlStmtInsertion(('triangle.c.xml', '_inter_block', 13), ('triangle.c.xml', 'stmt', 18)) | SrcmlStmtDeletion(('triangle.c.xml', 'stmt', 21))"
2024-06-04 16:16:40,274	[DEBUG]	EXEC>  SUCCESS 0.028029835000000003
2024-06-04 16:16:40,274	[INFO]	55      SUCCESS               0.028030 (39.88%) [4 edit(s)]  
2024-06-04 16:16:40,274	[DEBUG]	patch(55)="SrcmlStmtInsertion(('triangle.c.xml', '_inter_block', 34), ('triangle.c.xml', 'stmt', 8)) | SrcmlStmtReplacement(('triangle.c.xml', 'stmt', 3), ('triangle.c.xml', 'stmt', 13)) | SrcmlStmtInsertion(('triangle.c.xml', '_inter_block', 13), ('triangle.c.xml', 'stmt', 18)) | SrcmlStmtInsertion(('triangle.c.xml', '_inter_block', 18), ('triangle.c.xml', 'stmt', 3))"
2024-06-04 16:16:40,538	[DEBUG]	EXEC>  SUCCESS 0.001531855
2024-06-04 16:16:40,538	[INFO]	56      SUCCESS               0.001532 (2.18%) [4 edit(s)]  
2024-06-04 16:16:40,538	[DEBUG]	patch(56)="SrcmlStmtInsertion(('triangle.c.xml', '_inter_block', 34), ('triangle.c.xml', 'stmt', 8)) | SrcmlStmtReplacement(('triangle.c.xml', 'stmt', 3), ('triangle.c.xml', 'stmt', 13)) | SrcmlStmtInsertion(('triangle.c.xml', '_inter_block', 13), ('triangle.c.xml', 'stmt', 18)) | SrcmlStmtInsertion(('triangle.c.xml', '_inter_block', 16), ('triangle.c.xml', 'stmt', 15))"
2024-06-04 16:16:40,756	[DEBUG]	EXEC>  SUCCESS 0.0014681899999999999
2024-06-04 16:16:40,756	[INFO]	57      SUCCESS               0.001468 (2.09%) [4 edit(s)]  
2024-06-04 16:16:40,756	[DEBUG]	patch(57)="SrcmlStmtInsertion(('triangle.c.xml', '_inter_block', 34), ('triangle.c.xml', 'stmt', 8)) | SrcmlStmtReplacement(('triangle.c.xml', 'stmt', 3), ('triangle.c.xml', 'stmt', 13)) | SrcmlStmtInsertion(('triangle.c.xml', '_inter_block', 13), ('triangle.c.xml', 'stmt', 18)) | SrcmlStmtInsertion(('triangle.c.xml', '_inter_block', 33), ('triangle.c.xml', 'stmt', 2))"
2024-06-04 16:16:40,947	[INFO]	58      TEST_CODE_ERROR       None (--) [4 edit(s)]  
2024-06-04 16:16:40,947	[DEBUG]	patch(58)="SrcmlStmtInsertion(('triangle.c.xml', '_inter_block', 34), ('triangle.c.xml', 'stmt', 8)) | SrcmlStmtReplacement(('triangle.c.xml', 'stmt', 3), ('triangle.c.xml', 'stmt', 13)) | SrcmlStmtInsertion(('triangle.c.xml', '_inter_block', 13), ('triangle.c.xml', 'stmt', 18)) | SrcmlStmtReplacement(('triangle.c.xml', 'stmt', 16), ('triangle.c.xml', 'stmt', 6))"
2024-06-04 16:16:41,141	[INFO]	59      TEST_CODE_ERROR       None (--) [4 edit(s)]  
2024-06-04 16:16:41,141	[DEBUG]	patch(59)="SrcmlStmtInsertion(('triangle.c.xml', '_inter_block', 34), ('triangle.c.xml', 'stmt', 8)) | SrcmlStmtReplacement(('triangle.c.xml', 'stmt', 3), ('triangle.c.xml', 'stmt', 13)) | SrcmlStmtInsertion(('triangle.c.xml', '_inter_block', 13), ('triangle.c.xml', 'stmt', 18)) | SrcmlStmtReplacement(('triangle.c.xml', 'stmt', 12), ('triangle.c.xml', 'stmt', 6))"
2024-06-04 16:16:41,388	[DEBUG]	EXEC>  SUCCESS 0.00135585
2024-06-04 16:16:41,388	[INFO]	60      SUCCESS               0.001356 (1.93%) [4 edit(s)]  
2024-06-04 16:16:41,388	[DEBUG]	patch(60)="SrcmlStmtInsertion(('triangle.c.xml', '_inter_block', 34), ('triangle.c.xml', 'stmt', 8)) | SrcmlStmtReplacement(('triangle.c.xml', 'stmt', 3), ('triangle.c.xml', 'stmt', 13)) | SrcmlStmtInsertion(('triangle.c.xml', '_inter_block', 13), ('triangle.c.xml', 'stmt', 18)) | SrcmlStmtDeletion(('triangle.c.xml', 'stmt', 18))"
2024-06-04 16:16:41,390	[INFO]	61      SUCCESS              +0.000723 (1.03%) [4 edit(s)] [cached] 
2024-06-04 16:16:41,390	[DEBUG]	patch(61)="SrcmlStmtInsertion(('triangle.c.xml', '_inter_block', 34), ('triangle.c.xml', 'stmt', 8)) | SrcmlStmtReplacement(('triangle.c.xml', 'stmt', 3), ('triangle.c.xml', 'stmt', 13)) | SrcmlStmtInsertion(('triangle.c.xml', '_inter_block', 13), ('triangle.c.xml', 'stmt', 18)) | SrcmlStmtDeletion(('triangle.c.xml', 'stmt', 15))"
2024-06-04 16:16:41,392	[INFO]	62      SUCCESS               0.001153 (1.64%) [3 edit(s)] [cached] 
2024-06-04 16:16:41,392	[DEBUG]	patch(62)="SrcmlStmtReplacement(('triangle.c.xml', 'stmt', 3), ('triangle.c.xml', 'stmt', 13)) | SrcmlStmtInsertion(('triangle.c.xml', '_inter_block', 13), ('triangle.c.xml', 'stmt', 18)) | SrcmlStmtDeletion(('triangle.c.xml', 'stmt', 15))"
2024-06-04 16:16:41,710	[DEBUG]	EXEC>  SUCCESS 0.034579755000000004
2024-06-04 16:16:41,710	[INFO]	63      SUCCESS               0.034580 (49.20%) [5 edit(s)]  
2024-06-04 16:16:41,711	[DEBUG]	patch(63)="SrcmlStmtInsertion(('triangle.c.xml', '_inter_block', 34), ('triangle.c.xml', 'stmt', 8)) | SrcmlStmtReplacement(('triangle.c.xml', 'stmt', 3), ('triangle.c.xml', 'stmt', 13)) | SrcmlStmtInsertion(('triangle.c.xml', '_inter_block', 13), ('triangle.c.xml', 'stmt', 18)) | SrcmlStmtDeletion(('triangle.c.xml', 'stmt', 15)) | SrcmlStmtInsertion(('triangle.c.xml', '_inter_block', 29), ('triangle.c.xml', 'stmt', 3))"
2024-06-04 16:16:41,863	[INFO]	64      TEST_CODE_ERROR       None (--) [5 edit(s)]  
2024-06-04 16:16:41,863	[DEBUG]	patch(64)="SrcmlStmtInsertion(('triangle.c.xml', '_inter_block', 34), ('triangle.c.xml', 'stmt', 8)) | SrcmlStmtReplacement(('triangle.c.xml', 'stmt', 3), ('triangle.c.xml', 'stmt', 13)) | SrcmlStmtInsertion(('triangle.c.xml', '_inter_block', 13), ('triangle.c.xml', 'stmt', 18)) | SrcmlStmtDeletion(('triangle.c.xml', 'stmt', 15)) | SrcmlStmtDeletion(('triangle.c.xml', 'stmt', 7))"
2024-06-04 16:16:42,062	[DEBUG]	EXEC>  SUCCESS 0.0012464099999999999
2024-06-04 16:16:42,062	[INFO]	65      SUCCESS               0.001246 (1.77%) [5 edit(s)]  
2024-06-04 16:16:42,062	[DEBUG]	patch(65)="SrcmlStmtInsertion(('triangle.c.xml', '_inter_block', 34), ('triangle.c.xml', 'stmt', 8)) | SrcmlStmtReplacement(('triangle.c.xml', 'stmt', 3), ('triangle.c.xml', 'stmt', 13)) | SrcmlStmtInsertion(('triangle.c.xml', '_inter_block', 13), ('triangle.c.xml', 'stmt', 18)) | SrcmlStmtDeletion(('triangle.c.xml', 'stmt', 15)) | SrcmlStmtReplacement(('triangle.c.xml', 'stmt', 8), ('triangle.c.xml', 'stmt', 5))"
2024-06-04 16:16:42,235	[INFO]	66      TEST_CODE_ERROR       None (--) [5 edit(s)]  
2024-06-04 16:16:42,235	[DEBUG]	patch(66)="SrcmlStmtInsertion(('triangle.c.xml', '_inter_block', 34), ('triangle.c.xml', 'stmt', 8)) | SrcmlStmtReplacement(('triangle.c.xml', 'stmt', 3), ('triangle.c.xml', 'stmt', 13)) | SrcmlStmtInsertion(('triangle.c.xml', '_inter_block', 13), ('triangle.c.xml', 'stmt', 18)) | SrcmlStmtDeletion(('triangle.c.xml', 'stmt', 15)) | SrcmlStmtReplacement(('triangle.c.xml', 'stmt', 12), ('triangle.c.xml', 'stmt', 19))"
2024-06-04 16:16:42,237	[INFO]	67      SUCCESS              +0.000723 (1.03%) [3 edit(s)] [cached] 
2024-06-04 16:16:42,237	[DEBUG]	patch(67)="SrcmlStmtInsertion(('triangle.c.xml', '_inter_block', 34), ('triangle.c.xml', 'stmt', 8)) | SrcmlStmtReplacement(('triangle.c.xml', 'stmt', 3), ('triangle.c.xml', 'stmt', 13)) | SrcmlStmtInsertion(('triangle.c.xml', '_inter_block', 13), ('triangle.c.xml', 'stmt', 18))"
2024-06-04 16:16:42,238	[INFO]	68      SUCCESS               0.000839 (1.19%) [2 edit(s)] [cached] 
2024-06-04 16:16:42,238	[DEBUG]	patch(68)="SrcmlStmtInsertion(('triangle.c.xml', '_inter_block', 34), ('triangle.c.xml', 'stmt', 8)) | SrcmlStmtReplacement(('triangle.c.xml', 'stmt', 3), ('triangle.c.xml', 'stmt', 13))"
2024-06-04 16:16:42,279	[INFO]	69      COMPILE_CODE_ERROR    None (--) [4 edit(s)]  
2024-06-04 16:16:42,279	[DEBUG]	patch(69)="SrcmlStmtInsertion(('triangle.c.xml', '_inter_block', 34), ('triangle.c.xml', 'stmt', 8)) | SrcmlStmtReplacement(('triangle.c.xml', 'stmt', 3), ('triangle.c.xml', 'stmt', 13)) | SrcmlStmtInsertion(('triangle.c.xml', '_inter_block', 13), ('triangle.c.xml', 'stmt', 18)) | SrcmlStmtReplacement(('triangle.c.xml', 'stmt', 2), ('triangle.c.xml', 'stmt', 13))"
2024-06-04 16:16:42,281	[INFO]	70      SUCCESS               0.001153 (1.64%) [2 edit(s)] [cached] 
2024-06-04 16:16:42,281	[DEBUG]	patch(70)="SrcmlStmtReplacement(('triangle.c.xml', 'stmt', 3), ('triangle.c.xml', 'stmt', 13)) | SrcmlStmtInsertion(('triangle.c.xml', '_inter_block', 13), ('triangle.c.xml', 'stmt', 18))"
2024-06-04 16:16:42,282	[INFO]	71      SUCCESS               0.069970 (99.55%) [2 edit(s)] [cached] 
2024-06-04 16:16:42,283	[DEBUG]	patch(71)="SrcmlStmtInsertion(('triangle.c.xml', '_inter_block', 34), ('triangle.c.xml', 'stmt', 8)) | SrcmlStmtInsertion(('triangle.c.xml', '_inter_block', 13), ('triangle.c.xml', 'stmt', 18))"
2024-06-04 16:16:42,285	[INFO]	72      SUCCESS               0.001378 (1.96%) [4 edit(s)] [cached] 
2024-06-04 16:16:42,285	[DEBUG]	patch(72)="SrcmlStmtInsertion(('triangle.c.xml', '_inter_block', 34), ('triangle.c.xml', 'stmt', 8)) | SrcmlStmtReplacement(('triangle.c.xml', 'stmt', 3), ('triangle.c.xml', 'stmt', 13)) | SrcmlStmtInsertion(('triangle.c.xml', '_inter_block', 13), ('triangle.c.xml', 'stmt', 18)) | SrcmlStmtDeletion(('triangle.c.xml', 'stmt', 8))"
2024-06-04 16:16:42,287	[INFO]	73      SUCCESS              +0.000723 (1.03%) [4 edit(s)] [cached] 
2024-06-04 16:16:42,287	[DEBUG]	patch(73)="SrcmlStmtInsertion(('triangle.c.xml', '_inter_block', 34), ('triangle.c.xml', 'stmt', 8)) | SrcmlStmtReplacement(('triangle.c.xml', 'stmt', 3), ('triangle.c.xml', 'stmt', 13)) | SrcmlStmtInsertion(('triangle.c.xml', '_inter_block', 13), ('triangle.c.xml', 'stmt', 18)) | SrcmlStmtReplacement(('triangle.c.xml', 'stmt', 5), ('triangle.c.xml', 'stmt', 5))"
2024-06-04 16:16:42,326	[INFO]	74      COMPILE_CODE_ERROR    None (--) [5 edit(s)]  
2024-06-04 16:16:42,326	[DEBUG]	patch(74)="SrcmlStmtInsertion(('triangle.c.xml', '_inter_block', 34), ('triangle.c.xml', 'stmt', 8)) | SrcmlStmtReplacement(('triangle.c.xml', 'stmt', 3), ('triangle.c.xml', 'stmt', 13)) | SrcmlStmtInsertion(('triangle.c.xml', '_inter_block', 13), ('triangle.c.xml', 'stmt', 18)) | SrcmlStmtReplacement(('triangle.c.xml', 'stmt', 5), ('triangle.c.xml', 'stmt', 5)) | SrcmlStmtDeletion(('triangle.c.xml', 'stmt', 0))"
2024-06-04 16:16:42,519	[INFO]	75      TEST_CODE_ERROR       None (--) [5 edit(s)]  
2024-06-04 16:16:42,519	[DEBUG]	patch(75)="SrcmlStmtInsertion(('triangle.c.xml', '_inter_block', 34), ('triangle.c.xml', 'stmt', 8)) | SrcmlStmtReplacement(('triangle.c.xml', 'stmt', 3), ('triangle.c.xml', 'stmt', 13)) | SrcmlStmtInsertion(('triangle.c.xml', '_inter_block', 13), ('triangle.c.xml', 'stmt', 18)) | SrcmlStmtReplacement(('triangle.c.xml', 'stmt', 5), ('triangle.c.xml', 'stmt', 5)) | SrcmlStmtReplacement(('triangle.c.xml', 'stmt', 9), ('triangle.c.xml', 'stmt', 10))"
2024-06-04 16:16:42,859	[DEBUG]	EXEC>  SUCCESS 0.032553285
2024-06-04 16:16:42,859	[INFO]	76      SUCCESS               0.032553 (46.31%) [5 edit(s)]  
2024-06-04 16:16:42,860	[DEBUG]	patch(76)="SrcmlStmtInsertion(('triangle.c.xml', '_inter_block', 34), ('triangle.c.xml', 'stmt', 8)) | SrcmlStmtReplacement(('triangle.c.xml', 'stmt', 3), ('triangle.c.xml', 'stmt', 13)) | SrcmlStmtInsertion(('triangle.c.xml', '_inter_block', 13), ('triangle.c.xml', 'stmt', 18)) | SrcmlStmtReplacement(('triangle.c.xml', 'stmt', 5), ('triangle.c.xml', 'stmt', 5)) | SrcmlStmtReplacement(('triangle.c.xml', 'stmt', 18), ('triangle.c.xml', 'stmt', 3))"
2024-06-04 16:16:42,862	[INFO]	77      TEST_CODE_ERROR       None (--) [5 edit(s)] [cached] 
2024-06-04 16:16:42,862	[DEBUG]	patch(77)="SrcmlStmtInsertion(('triangle.c.xml', '_inter_block', 34), ('triangle.c.xml', 'stmt', 8)) | SrcmlStmtReplacement(('triangle.c.xml', 'stmt', 3), ('triangle.c.xml', 'stmt', 13)) | SrcmlStmtInsertion(('triangle.c.xml', '_inter_block', 13), ('triangle.c.xml', 'stmt', 18)) | SrcmlStmtReplacement(('triangle.c.xml', 'stmt', 5), ('triangle.c.xml', 'stmt', 5)) | SrcmlStmtDeletion(('triangle.c.xml', 'stmt', 7))"
2024-06-04 16:16:42,864	[INFO]	78      SUCCESS               0.001153 (1.64%) [3 edit(s)] [cached] 
2024-06-04 16:16:42,864	[DEBUG]	patch(78)="SrcmlStmtReplacement(('triangle.c.xml', 'stmt', 3), ('triangle.c.xml', 'stmt', 13)) | SrcmlStmtInsertion(('triangle.c.xml', '_inter_block', 13), ('triangle.c.xml', 'stmt', 18)) | SrcmlStmtReplacement(('triangle.c.xml', 'stmt', 5), ('triangle.c.xml', 'stmt', 5))"
2024-06-04 16:16:42,866	[INFO]	79      SUCCESS              +0.000723 (1.03%) [3 edit(s)] [cached] 
2024-06-04 16:16:42,866	[DEBUG]	patch(79)="SrcmlStmtInsertion(('triangle.c.xml', '_inter_block', 34), ('triangle.c.xml', 'stmt', 8)) | SrcmlStmtReplacement(('triangle.c.xml', 'stmt', 3), ('triangle.c.xml', 'stmt', 13)) | SrcmlStmtInsertion(('triangle.c.xml', '_inter_block', 13), ('triangle.c.xml', 'stmt', 18))"
2024-06-04 16:16:43,121	[DEBUG]	EXEC>  SUCCESS 0.00140757
2024-06-04 16:16:43,122	[INFO]	80      SUCCESS               0.001408 (2.00%) [4 edit(s)]  
2024-06-04 16:16:43,122	[DEBUG]	patch(80)="SrcmlStmtInsertion(('triangle.c.xml', '_inter_block', 34), ('triangle.c.xml', 'stmt', 8)) | SrcmlStmtReplacement(('triangle.c.xml', 'stmt', 3), ('triangle.c.xml', 'stmt', 13)) | SrcmlStmtInsertion(('triangle.c.xml', '_inter_block', 13), ('triangle.c.xml', 'stmt', 18)) | SrcmlStmtReplacement(('triangle.c.xml', 'stmt', 17), ('triangle.c.xml', 'stmt', 16))"
2024-06-04 16:16:43,370	[DEBUG]	EXEC>  SUCCESS 0.00137865
2024-06-04 16:16:43,370	[INFO]	81      SUCCESS               0.001379 (1.96%) [4 edit(s)]  
2024-06-04 16:16:43,371	[DEBUG]	patch(81)="SrcmlStmtInsertion(('triangle.c.xml', '_inter_block', 34), ('triangle.c.xml', 'stmt', 8)) | SrcmlStmtReplacement(('triangle.c.xml', 'stmt', 3), ('triangle.c.xml', 'stmt', 13)) | SrcmlStmtInsertion(('triangle.c.xml', '_inter_block', 13), ('triangle.c.xml', 'stmt', 18)) | SrcmlStmtInsertion(('triangle.c.xml', '_inter_block', 17), ('triangle.c.xml', 'stmt', 17))"
2024-06-04 16:16:43,372	[INFO]	82      SUCCESS               0.001153 (1.64%) [2 edit(s)] [cached] 
2024-06-04 16:16:43,372	[DEBUG]	patch(82)="SrcmlStmtReplacement(('triangle.c.xml', 'stmt', 3), ('triangle.c.xml', 'stmt', 13)) | SrcmlStmtInsertion(('triangle.c.xml', '_inter_block', 13), ('triangle.c.xml', 'stmt', 18))"
2024-06-04 16:16:43,374	[INFO]	83      SUCCESS               0.000839 (1.19%) [2 edit(s)] [cached] 
2024-06-04 16:16:43,374	[DEBUG]	patch(83)="SrcmlStmtInsertion(('triangle.c.xml', '_inter_block', 34), ('triangle.c.xml', 'stmt', 8)) | SrcmlStmtReplacement(('triangle.c.xml', 'stmt', 3), ('triangle.c.xml', 'stmt', 13))"
2024-06-04 16:16:43,376	[INFO]	84      TEST_CODE_ERROR       None (--) [4 edit(s)] [cached] 
2024-06-04 16:16:43,376	[DEBUG]	patch(84)="SrcmlStmtInsertion(('triangle.c.xml', '_inter_block', 34), ('triangle.c.xml', 'stmt', 8)) | SrcmlStmtReplacement(('triangle.c.xml', 'stmt', 3), ('triangle.c.xml', 'stmt', 13)) | SrcmlStmtInsertion(('triangle.c.xml', '_inter_block', 13), ('triangle.c.xml', 'stmt', 18)) | SrcmlStmtDeletion(('triangle.c.xml', 'stmt', 20))"
2024-06-04 16:16:43,546	[INFO]	85      TEST_CODE_ERROR       None (--) [4 edit(s)]  
2024-06-04 16:16:43,546	[DEBUG]	patch(85)="SrcmlStmtInsertion(('triangle.c.xml', '_inter_block', 34), ('triangle.c.xml', 'stmt', 8)) | SrcmlStmtReplacement(('triangle.c.xml', 'stmt', 3), ('triangle.c.xml', 'stmt', 13)) | SrcmlStmtInsertion(('triangle.c.xml', '_inter_block', 13), ('triangle.c.xml', 'stmt', 18)) | SrcmlStmtReplacement(('triangle.c.xml', 'stmt', 20), ('triangle.c.xml', 'stmt', 14))"
2024-06-04 16:16:43,548	[INFO]	86      COMPILE_CODE_ERROR    None (--) [4 edit(s)] [cached] 
2024-06-04 16:16:43,548	[DEBUG]	patch(86)="SrcmlStmtInsertion(('triangle.c.xml', '_inter_block', 34), ('triangle.c.xml', 'stmt', 8)) | SrcmlStmtReplacement(('triangle.c.xml', 'stmt', 3), ('triangle.c.xml', 'stmt', 13)) | SrcmlStmtInsertion(('triangle.c.xml', '_inter_block', 13), ('triangle.c.xml', 'stmt', 18)) | SrcmlStmtDeletion(('triangle.c.xml', 'stmt', 2))"
2024-06-04 16:16:43,550	[INFO]	87      SUCCESS               0.069970 (99.55%) [2 edit(s)] [cached] 
2024-06-04 16:16:43,550	[DEBUG]	patch(87)="SrcmlStmtInsertion(('triangle.c.xml', '_inter_block', 34), ('triangle.c.xml', 'stmt', 8)) | SrcmlStmtInsertion(('triangle.c.xml', '_inter_block', 13), ('triangle.c.xml', 'stmt', 18))"
2024-06-04 16:16:43,552	[INFO]	88      TEST_CODE_ERROR       None (--) [4 edit(s)] [cached] 
2024-06-04 16:16:43,552	[DEBUG]	patch(88)="SrcmlStmtInsertion(('triangle.c.xml', '_inter_block', 34), ('triangle.c.xml', 'stmt', 8)) | SrcmlStmtReplacement(('triangle.c.xml', 'stmt', 3), ('triangle.c.xml', 'stmt', 13)) | SrcmlStmtInsertion(('triangle.c.xml', '_inter_block', 13), ('triangle.c.xml', 'stmt', 18)) | SrcmlStmtReplacement(('triangle.c.xml', 'stmt', 3), ('triangle.c.xml', 'stmt', 7))"
2024-06-04 16:16:43,769	[DEBUG]	EXEC>  SUCCESS 0.001065585
2024-06-04 16:16:43,769	[INFO]	89      SUCCESS               0.001066 (1.52%) [4 edit(s)]  
2024-06-04 16:16:43,769	[DEBUG]	patch(89)="SrcmlStmtInsertion(('triangle.c.xml', '_inter_block', 34), ('triangle.c.xml', 'stmt', 8)) | SrcmlStmtReplacement(('triangle.c.xml', 'stmt', 3), ('triangle.c.xml', 'stmt', 13)) | SrcmlStmtInsertion(('triangle.c.xml', '_inter_block', 13), ('triangle.c.xml', 'stmt', 18)) | SrcmlStmtInsertion(('triangle.c.xml', '_inter_block', 19), ('triangle.c.xml', 'stmt', 18))"
2024-06-04 16:16:43,770	[INFO]	90      COMPILE_CODE_ERROR    None (--) [4 edit(s)] [cached] 
2024-06-04 16:16:43,770	[DEBUG]	patch(90)="SrcmlStmtInsertion(('triangle.c.xml', '_inter_block', 34), ('triangle.c.xml', 'stmt', 8)) | SrcmlStmtReplacement(('triangle.c.xml', 'stmt', 3), ('triangle.c.xml', 'stmt', 13)) | SrcmlStmtInsertion(('triangle.c.xml', '_inter_block', 13), ('triangle.c.xml', 'stmt', 18)) | SrcmlStmtDeletion(('triangle.c.xml', 'stmt', 2))"
2024-06-04 16:16:43,798	[INFO]	91      COMPILE_CODE_ERROR    None (--) [4 edit(s)]  
2024-06-04 16:16:43,798	[DEBUG]	patch(91)="SrcmlStmtInsertion(('triangle.c.xml', '_inter_block', 34), ('triangle.c.xml', 'stmt', 8)) | SrcmlStmtReplacement(('triangle.c.xml', 'stmt', 3), ('triangle.c.xml', 'stmt', 13)) | SrcmlStmtInsertion(('triangle.c.xml', '_inter_block', 13), ('triangle.c.xml', 'stmt', 18)) | SrcmlStmtInsertion(('triangle.c.xml', '_inter_block', 3), ('triangle.c.xml', 'stmt', 5))"
2024-06-04 16:16:43,837	[INFO]	92      COMPILE_CODE_ERROR    None (--) [4 edit(s)]  
2024-06-04 16:16:43,837	[DEBUG]	patch(92)="SrcmlStmtInsertion(('triangle.c.xml', '_inter_block', 34), ('triangle.c.xml', 'stmt', 8)) | SrcmlStmtReplacement(('triangle.c.xml', 'stmt', 3), ('triangle.c.xml', 'stmt', 13)) | SrcmlStmtInsertion(('triangle.c.xml', '_inter_block', 13), ('triangle.c.xml', 'stmt', 18)) | SrcmlStmtInsertion(('triangle.c.xml', '_inter_block', 4), ('triangle.c.xml', 'stmt', 3))"
2024-06-04 16:16:43,839	[INFO]	93      TEST_CODE_ERROR       None (--) [4 edit(s)] [cached] 
2024-06-04 16:16:43,839	[DEBUG]	patch(93)="SrcmlStmtInsertion(('triangle.c.xml', '_inter_block', 34), ('triangle.c.xml', 'stmt', 8)) | SrcmlStmtReplacement(('triangle.c.xml', 'stmt', 3), ('triangle.c.xml', 'stmt', 13)) | SrcmlStmtInsertion(('triangle.c.xml', '_inter_block', 13), ('triangle.c.xml', 'stmt', 18)) | SrcmlStmtDeletion(('triangle.c.xml', 'stmt', 7))"
2024-06-04 16:16:44,094	[DEBUG]	EXEC>  SUCCESS 0.0014512549999999998
2024-06-04 16:16:44,095	[INFO]	94      SUCCESS               0.001451 (2.06%) [4 edit(s)]  
2024-06-04 16:16:44,095	[DEBUG]	patch(94)="SrcmlStmtInsertion(('triangle.c.xml', '_inter_block', 34), ('triangle.c.xml', 'stmt', 8)) | SrcmlStmtReplacement(('triangle.c.xml', 'stmt', 3), ('triangle.c.xml', 'stmt', 13)) | SrcmlStmtInsertion(('triangle.c.xml', '_inter_block', 13), ('triangle.c.xml', 'stmt', 18)) | SrcmlStmtReplacement(('triangle.c.xml', 'stmt', 18), ('triangle.c.xml', 'stmt', 20))"
2024-06-04 16:16:44,235	[INFO]	95      TEST_CODE_ERROR       None (--) [4 edit(s)]  
2024-06-04 16:16:44,235	[DEBUG]	patch(95)="SrcmlStmtInsertion(('triangle.c.xml', '_inter_block', 34), ('triangle.c.xml', 'stmt', 8)) | SrcmlStmtReplacement(('triangle.c.xml', 'stmt', 3), ('triangle.c.xml', 'stmt', 13)) | SrcmlStmtInsertion(('triangle.c.xml', '_inter_block', 13), ('triangle.c.xml', 'stmt', 18)) | SrcmlStmtInsertion(('triangle.c.xml', '_inter_block', 8), ('triangle.c.xml', 'stmt', 19))"
2024-06-04 16:16:44,237	[INFO]	96      SUCCESS              +0.000723 (1.03%) [4 edit(s)] [cached] 
2024-06-04 16:16:44,237	[DEBUG]	patch(96)="SrcmlStmtInsertion(('triangle.c.xml', '_inter_block', 34), ('triangle.c.xml', 'stmt', 8)) | SrcmlStmtReplacement(('triangle.c.xml', 'stmt', 3), ('triangle.c.xml', 'stmt', 13)) | SrcmlStmtInsertion(('triangle.c.xml', '_inter_block', 13), ('triangle.c.xml', 'stmt', 18)) | SrcmlStmtReplacement(('triangle.c.xml', 'stmt', 14), ('triangle.c.xml', 'stmt', 8))"
2024-06-04 16:16:44,238	[INFO]	97      SUCCESS               0.069970 (99.55%) [3 edit(s)] [cached] 
2024-06-04 16:16:44,238	[DEBUG]	patch(97)="SrcmlStmtInsertion(('triangle.c.xml', '_inter_block', 34), ('triangle.c.xml', 'stmt', 8)) | SrcmlStmtInsertion(('triangle.c.xml', '_inter_block', 13), ('triangle.c.xml', 'stmt', 18)) | SrcmlStmtReplacement(('triangle.c.xml', 'stmt', 14), ('triangle.c.xml', 'stmt', 8))"
2024-06-04 16:16:44,270	[INFO]	98      COMPILE_CODE_ERROR    None (--) [5 edit(s)]  
2024-06-04 16:16:44,271	[DEBUG]	patch(98)="SrcmlStmtInsertion(('triangle.c.xml', '_inter_block', 34), ('triangle.c.xml', 'stmt', 8)) | SrcmlStmtReplacement(('triangle.c.xml', 'stmt', 3), ('triangle.c.xml', 'stmt', 13)) | SrcmlStmtInsertion(('triangle.c.xml', '_inter_block', 13), ('triangle.c.xml', 'stmt', 18)) | SrcmlStmtReplacement(('triangle.c.xml', 'stmt', 14), ('triangle.c.xml', 'stmt', 8)) | SrcmlStmtInsertion(('triangle.c.xml', '_inter_block', 22), ('triangle.c.xml', 'stmt', 1))"
2024-06-04 16:16:44,299	[INFO]	99      COMPILE_CODE_ERROR    None (--) [5 edit(s)]  
2024-06-04 16:16:44,299	[DEBUG]	patch(99)="SrcmlStmtInsertion(('triangle.c.xml', '_inter_block', 34), ('triangle.c.xml', 'stmt', 8)) | SrcmlStmtReplacement(('triangle.c.xml', 'stmt', 3), ('triangle.c.xml', 'stmt', 13)) | SrcmlStmtInsertion(('triangle.c.xml', '_inter_block', 13), ('triangle.c.xml', 'stmt', 18)) | SrcmlStmtReplacement(('triangle.c.xml', 'stmt', 14), ('triangle.c.xml', 'stmt', 8)) | SrcmlStmtReplacement(('triangle.c.xml', 'stmt', 0), ('triangle.c.xml', 'stmt', 1))"
2024-06-04 16:16:44,301	[INFO]	100     SUCCESS              +0.000723 (1.03%) [3 edit(s)] [cached] 
2024-06-04 16:16:44,301	[DEBUG]	patch(100)="SrcmlStmtInsertion(('triangle.c.xml', '_inter_block', 34), ('triangle.c.xml', 'stmt', 8)) | SrcmlStmtReplacement(('triangle.c.xml', 'stmt', 3), ('triangle.c.xml', 'stmt', 13)) | SrcmlStmtInsertion(('triangle.c.xml', '_inter_block', 13), ('triangle.c.xml', 'stmt', 18))"
2024-06-04 16:16:44,303	[INFO]	~~~~ END ~~~~
2024-06-04 16:16:44,303	[INFO]	
2024-06-04 16:16:44,303	[INFO]	==== REPORT ====
2024-06-04 16:16:44,303	[INFO]	Termination: step budget
2024-06-04 16:16:44,304	[INFO]	Retries: 2
2024-06-04 16:16:44,304	[INFO]	Log file: /home/jim/magpie/_magpie_logs/triangle-c_1717514191.log
2024-06-04 16:16:44,304	[INFO]	Patch file: _magpie_logs/triangle-c_1717514191.patch
2024-06-04 16:16:44,304	[INFO]	Diff file: _magpie_logs/triangle-c_1717514191.diff
2024-06-04 16:16:44,304	[INFO]	Reference fitness: 0.070288
2024-06-04 16:16:44,304	[INFO]	Best fitness: 0.000723
2024-06-04 16:16:44,304	[INFO]	
2024-06-04 16:16:44,305	[INFO]	==== BEST PATCH ====
SrcmlStmtInsertion(('triangle.c.xml', '_inter_block', 34), ('triangle.c.xml', 'stmt', 8)) | SrcmlStmtReplacement(('triangle.c.xml', 'stmt', 3), ('triangle.c.xml', 'stmt', 13)) | SrcmlStmtInsertion(('triangle.c.xml', '_inter_block', 13), ('triangle.c.xml', 'stmt', 18))
2024-06-04 16:16:44,306	[INFO]	
2024-06-04 16:16:44,306	[INFO]	==== DIFF ====
[1m--- before: triangle.c[0m
[1m+++ after: triangle.c[0m
[36m@@ -8,7 +8,7 @@[0m
 int classify_triangle(double a, double b, double c) {
   double tmp;
 
[31m-  delay();[0m
[32m+  tmp = b;[0m
 
   // Sort the sides so that a <= b <= c
   if(a > b) {
[36m@@ -28,6 +28,10 @@[0m
     b = c;
     c = tmp;
   }
[32m+  if(a == b && b == c)/*auto*/{[0m
[32m+   [0m
[32m+    return EQUILATERAL;[0m
[32m+  }/*auto*/[0m
 
   if(a + b <= c)/*auto*/{
    
[36m@@ -39,6 +43,11 @@[0m
   }/*auto*/
   if(a == b || b == c)/*auto*/{
    
[32m+    if(a > c) {[0m
[32m+      tmp = a;[0m
[32m+      a = c;[0m
[32m+      c = tmp;[0m
[32m+    }[0m
     return ISOSCELES;
   }/*auto*/
   return SCALENE;

