2024-07-26 10:54:18,532	[DEBUG]	==== CONFIG ====
[magpie]
import = 
seed = 45
log_dir = _magpie_logs
work_dir = _magpie_work
local_original_copy = True
local_original_name = __original__
output_encoding = ascii
edit_retries = 10
default_timeout = 30
default_lengthout = 1e6
diff_method = unified
trust_local_filesystem = True
test_timeout = 10

[magpie.log]
color_output = True
format_info = {counter:<7} {status:<20} {best}{fitness} ({ratio}) [{size}] {cached} {log}
format_debug = patch({counter})="{patch}"{diffifbest}
format_fitness = {:.6f}
format_ratio = {:.2%%}
format_patchif = 
	 --> {patch}
format_diffif = 
	{diff}

[software]
path = examples/lpg
target_files = lpg.params
software = BasicSoftware
model_rules = 
	*.params : ParamFileConfigModel
	*.xml : SrcmlModel
	* : LineModel
model_config = 
	*.params : [paramconfig]
	*.xml : [srcml]
init_cmd = 
init_timeout = 60
init_lengthout = -1
setup_cmd = 
setup_timeout = 
setup_lengthout = 
compile_cmd = 
compile_timeout = 
compile_lengthout = 
test_cmd = bash test.sh
test_timeout = 
test_lengthout = 
run_cmd = ./run_rapl_energy.sh "bash run_fixed.sh"
run_timeout = 
run_lengthout = 
retries = 4
batch_timeout = 
batch_lengthout = 
batch_bin_fitness_strategy = aggregate
batch_fitness_strategy = sum
fitness = energy

[srcml]
rename = 
	stmt: break continue decl_stmt do expr_stmt for goto if return switch while
	number: literal_number
focus = block stmt operator_comp operator_arith number
internodes = block
process_pseudo_blocks = True
process_literals = True
process_operators = True

[paramconfig]
timing = test run
cli_prefix = --
cli_glue = =
cli_boolean = show
cli_boolean_prefix_true = 
cli_boolean_prefix_false = no-
cli_none = hide
silent_prefix = @
silent_suffix = $

[search]
protocol = BasicProtocol
algorithm = FirstImprovement
possible_edits = ParamSetting
warmup = 3
warmup_strategy = last
max_steps = 10000
max_time = 1800
target_fitness = 
cache_maxsize = 100
cache_keep = 0.2
batch_instances = 
batch_shuffle = True
batch_bin_shuffle = False
batch_sample_size = 1

[search.ls]
delete_prob = 0.5
max_neighbours = 
when_trapped = continue
accept_fail = False
tabu_length = 10

[search.gp]
pop_size = 10
delete_prob = 0.5
offspring_elitism = 0.1
offspring_crossover = 0.5
offspring_mutation = 0.4
uniform_rate = 0.5
batch_reset = True

[search.minify]
do_cleanup = True
do_rebuild = True
do_simplify = True
round_robin_limit = 3


2024-07-26 10:54:18,533	[DEBUG]	
2024-07-26 10:54:18,533	[INFO]	==== SEARCH: FirstImprovement ====
2024-07-26 10:54:18,533	[INFO]	~~~~ WARMUP ~~~~
2024-07-26 10:55:43,246	[DEBUG]	EXEC>  SUCCESS 1059429819.75
2024-07-26 10:55:43,246	[INFO]	WARM    SUCCESS               1059429819.750000 (--) [0 edit(s)]  
2024-07-26 10:57:01,062	[DEBUG]	EXEC>  SUCCESS 1017229274.6666666
2024-07-26 10:57:01,063	[INFO]	WARM    SUCCESS               1017229274.666667 (--) [0 edit(s)]  
2024-07-26 10:58:21,178	[DEBUG]	EXEC>  SUCCESS 1020237620.75
2024-07-26 10:58:21,178	[INFO]	WARM    SUCCESS               1020237620.750000 (--) [0 edit(s)]  
2024-07-26 10:58:21,178	[INFO]	REF     SUCCESS               1020237620.750000 (--) [0 edit(s)]  
2024-07-26 10:58:21,178	[INFO]	
2024-07-26 10:58:21,178	[INFO]	~~~~ START ~~~~
2024-07-26 10:58:56,800	[DEBUG]	EXEC>  TIMEOUT None
2024-07-26 10:58:56,800	[INFO]	1       RUN_TIMEOUT           None (--) [1 edit(s)]  
2024-07-26 10:58:56,800	[DEBUG]	patch(1)="ParamSetting(('lpg.params', 'param', 'noise'), 0.2576606205245803)"
2024-07-26 10:59:43,095	[DEBUG]	EXEC>  TIMEOUT None
2024-07-26 10:59:43,095	[INFO]	2       RUN_TIMEOUT           None (--) [1 edit(s)]  
2024-07-26 10:59:43,095	[DEBUG]	patch(2)="ParamSetting(('lpg.params', 'param', 'search_steps'), 174)"
2024-07-26 11:00:15,289	[DEBUG]	EXEC>  TIMEOUT None
2024-07-26 11:00:15,289	[INFO]	3       RUN_TIMEOUT           None (--) [1 edit(s)]  
2024-07-26 11:00:15,289	[DEBUG]	patch(3)="ParamSetting(('lpg.params', 'param', 'search_steps'), 390)"
2024-07-26 11:00:15,290	[INFO]	4       SUCCESS              +1020237620.750000 (100.00%) [1 edit(s)] [cached] 
2024-07-26 11:00:15,290	[DEBUG]	patch(4)="ParamSetting(('lpg.params', 'param', 'lowmemory'), 'None')"
2024-07-26 11:00:15,291	[INFO]	5       SUCCESS              +1020237620.750000 (100.00%) [2 edit(s)] [cached] 
2024-07-26 11:00:15,291	[DEBUG]	patch(5)="ParamSetting(('lpg.params', 'param', 'lowmemory'), 'None') | ParamSetting(('lpg.params', 'param', 'repeats'), 5)"
2024-07-26 11:00:15,292	[INFO]	6       SUCCESS              +1020237620.750000 (100.00%) [1 edit(s)] [cached] 
2024-07-26 11:00:15,292	[DEBUG]	patch(6)="ParamSetting(('lpg.params', 'param', 'lowmemory'), 'None')"
2024-07-26 11:00:15,292	[INFO]	7       SUCCESS              +1020237620.750000 (100.00%) [0 edit(s)] [cached] 
2024-07-26 11:00:15,293	[DEBUG]	patch(7)=""
2024-07-26 11:00:53,617	[DEBUG]	EXEC>  TIMEOUT None
2024-07-26 11:00:53,617	[INFO]	8       RUN_TIMEOUT           None (--) [1 edit(s)]  
2024-07-26 11:00:53,617	[DEBUG]	patch(8)="ParamSetting(('lpg.params', 'param', 'search_steps'), 276)"
2024-07-26 11:02:13,600	[DEBUG]	EXEC>  SUCCESS 1029079731.25
2024-07-26 11:02:13,601	[INFO]	9       SUCCESS               1029079731.250000 (100.87%) [1 edit(s)]  
2024-07-26 11:02:13,601	[DEBUG]	patch(9)="ParamSetting(('lpg.params', 'param', 'repeats'), 11)"
2024-07-26 11:02:43,657	[INFO]	10      TEST_TIMEOUT          None (--) [1 edit(s)]  
2024-07-26 11:02:43,657	[DEBUG]	patch(10)="ParamSetting(('lpg.params', 'param', 'search_steps'), 121)"
2024-07-26 11:03:13,724	[INFO]	11      TEST_TIMEOUT          None (--) [1 edit(s)]  
2024-07-26 11:03:13,724	[DEBUG]	patch(11)="ParamSetting(('lpg.params', 'param', 'noise'), 0.6991828298295443)"
2024-07-26 11:03:43,790	[INFO]	12      TEST_TIMEOUT          None (--) [1 edit(s)]  
2024-07-26 11:03:43,791	[DEBUG]	patch(12)="ParamSetting(('lpg.params', 'param', 'noise'), 0.909611607891918)"
2024-07-26 11:04:16,300	[DEBUG]	EXEC>  TIMEOUT None
2024-07-26 11:04:16,300	[INFO]	13      RUN_TIMEOUT           None (--) [1 edit(s)]  
2024-07-26 11:04:16,300	[DEBUG]	patch(13)="ParamSetting(('lpg.params', 'param', 'restarts'), 1)"
2024-07-26 11:05:36,303	[DEBUG]	EXEC>  SUCCESS 1007345015.0
2024-07-26 11:05:36,303	[INFO]	14      SUCCESS              *1007345015.000000 (98.74%) [1 edit(s)]  
2024-07-26 11:05:36,303	[DEBUG]	patch(14)="ParamSetting(('lpg.params', 'param', 'lowmemory'), 'True')"
--- before: lpg.params
+++ after: lpg.params
@@ -3,4 +3,4 @@
 repeats := 5
 noise := 0.1
 static_noise := 'None'
-lowmemory := 'None'
+lowmemory := 'True'

2024-07-26 11:05:36,304	[INFO]	15      SUCCESS               1020237620.750000 (100.00%) [0 edit(s)] [cached] 
2024-07-26 11:05:36,304	[DEBUG]	patch(15)=""
2024-07-26 11:05:36,304	[INFO]	16      SUCCESS              +1007345015.000000 (98.74%) [2 edit(s)] [cached] 
2024-07-26 11:05:36,305	[DEBUG]	patch(16)="ParamSetting(('lpg.params', 'param', 'lowmemory'), 'True') | ParamSetting(('lpg.params', 'param', 'static_noise'), 'None')"
2024-07-26 11:06:54,508	[DEBUG]	EXEC>  SUCCESS 990603056.75
2024-07-26 11:06:54,508	[INFO]	17      SUCCESS              *990603056.750000 (97.10%) [3 edit(s)]  
2024-07-26 11:06:54,508	[DEBUG]	patch(17)="ParamSetting(('lpg.params', 'param', 'lowmemory'), 'True') | ParamSetting(('lpg.params', 'param', 'static_noise'), 'None') | ParamSetting(('lpg.params', 'param', 'repeats'), 6)"
--- before: lpg.params
+++ after: lpg.params
@@ -1,6 +1,6 @@
 search_steps := 500
 restarts := 9
-repeats := 5
+repeats := 6
 noise := 0.1
 static_noise := 'None'
-lowmemory := 'None'
+lowmemory := 'True'

2024-07-26 11:06:54,509	[INFO]	18      SUCCESS               1007345015.000000 (98.74%) [2 edit(s)] [cached] 
2024-07-26 11:06:54,509	[DEBUG]	patch(18)="ParamSetting(('lpg.params', 'param', 'lowmemory'), 'True') | ParamSetting(('lpg.params', 'param', 'static_noise'), 'None')"
2024-07-26 11:06:54,510	[INFO]	19      SUCCESS              +990603056.750000 (97.10%) [2 edit(s)] [cached] 
2024-07-26 11:06:54,510	[DEBUG]	patch(19)="ParamSetting(('lpg.params', 'param', 'lowmemory'), 'True') | ParamSetting(('lpg.params', 'param', 'repeats'), 6)"
2024-07-26 11:08:22,679	[DEBUG]	EXEC>  SUCCESS 1067914267.0
2024-07-26 11:08:22,679	[INFO]	20      SUCCESS               1067914267.000000 (104.67%) [3 edit(s)]  
2024-07-26 11:08:22,679	[DEBUG]	patch(20)="ParamSetting(('lpg.params', 'param', 'lowmemory'), 'True') | ParamSetting(('lpg.params', 'param', 'repeats'), 6) | ParamSetting(('lpg.params', 'param', 'static_noise'), 'True')"
2024-07-26 11:09:47,386	[DEBUG]	EXEC>  SUCCESS 1045003907.25
2024-07-26 11:09:47,386	[INFO]	21      SUCCESS               1045003907.250000 (102.43%) [3 edit(s)]  
2024-07-26 11:09:47,386	[DEBUG]	patch(21)="ParamSetting(('lpg.params', 'param', 'lowmemory'), 'True') | ParamSetting(('lpg.params', 'param', 'repeats'), 6) | ParamSetting(('lpg.params', 'param', 'restarts'), 11)"
2024-07-26 11:11:04,688	[DEBUG]	EXEC>  SUCCESS 982786711.25
2024-07-26 11:11:04,689	[INFO]	22      SUCCESS              *982786711.250000 (96.33%) [1 edit(s)]  
2024-07-26 11:11:04,689	[DEBUG]	patch(22)="ParamSetting(('lpg.params', 'param', 'repeats'), 6)"
--- before: lpg.params
+++ after: lpg.params
@@ -1,6 +1,6 @@
 search_steps := 500
 restarts := 9
-repeats := 5
+repeats := 6
 noise := 0.1
 static_noise := 'None'
 lowmemory := 'None'

2024-07-26 11:11:42,578	[DEBUG]	EXEC>  TIMEOUT None
2024-07-26 11:11:42,578	[INFO]	23      RUN_TIMEOUT           None (--) [2 edit(s)]  
2024-07-26 11:11:42,579	[DEBUG]	patch(23)="ParamSetting(('lpg.params', 'param', 'repeats'), 6) | ParamSetting(('lpg.params', 'param', 'search_steps'), 252)"
2024-07-26 11:12:20,685	[DEBUG]	EXEC>  TIMEOUT None
2024-07-26 11:12:20,686	[INFO]	24      RUN_TIMEOUT           None (--) [2 edit(s)]  
2024-07-26 11:12:20,686	[DEBUG]	patch(24)="ParamSetting(('lpg.params', 'param', 'repeats'), 6) | ParamSetting(('lpg.params', 'param', 'search_steps'), 279)"
2024-07-26 11:13:16,991	[DEBUG]	EXEC>  SUCCESS 678858478.25
2024-07-26 11:13:16,991	[INFO]	25      SUCCESS              *678858478.250000 (66.54%) [2 edit(s)]  
2024-07-26 11:13:16,991	[DEBUG]	patch(25)="ParamSetting(('lpg.params', 'param', 'repeats'), 6) | ParamSetting(('lpg.params', 'param', 'search_steps'), 809)"
--- before: lpg.params
+++ after: lpg.params
@@ -1,6 +1,6 @@
-search_steps := 500
+search_steps := 809
 restarts := 9
-repeats := 5
+repeats := 6
 noise := 0.1
 static_noise := 'None'
 lowmemory := 'None'

2024-07-26 11:13:16,992	[INFO]	26      SUCCESS               982786711.250000 (96.33%) [1 edit(s)] [cached] 
2024-07-26 11:13:16,992	[DEBUG]	patch(26)="ParamSetting(('lpg.params', 'param', 'repeats'), 6)"
2024-07-26 11:14:16,239	[DEBUG]	EXEC>  SUCCESS 696652514.25
2024-07-26 11:14:16,239	[INFO]	27      SUCCESS               696652514.250000 (68.28%) [3 edit(s)]  
2024-07-26 11:14:16,239	[DEBUG]	patch(27)="ParamSetting(('lpg.params', 'param', 'repeats'), 6) | ParamSetting(('lpg.params', 'param', 'search_steps'), 809) | ParamSetting(('lpg.params', 'param', 'lowmemory'), 'True')"
2024-07-26 11:14:46,309	[INFO]	28      TEST_TIMEOUT          None (--) [3 edit(s)]  
2024-07-26 11:14:46,309	[DEBUG]	patch(28)="ParamSetting(('lpg.params', 'param', 'repeats'), 6) | ParamSetting(('lpg.params', 'param', 'search_steps'), 809) | ParamSetting(('lpg.params', 'param', 'noise'), 0.7665559902953729)"
2024-07-26 11:15:18,790	[DEBUG]	EXEC>  TIMEOUT None
2024-07-26 11:15:18,790	[INFO]	29      RUN_TIMEOUT           None (--) [3 edit(s)]  
2024-07-26 11:15:18,790	[DEBUG]	patch(29)="ParamSetting(('lpg.params', 'param', 'repeats'), 6) | ParamSetting(('lpg.params', 'param', 'search_steps'), 809) | ParamSetting(('lpg.params', 'param', 'search_steps'), 428)"
2024-07-26 11:16:14,896	[DEBUG]	EXEC>  SUCCESS 674459169.75
2024-07-26 11:16:14,896	[INFO]	30      SUCCESS              *674459169.750000 (66.11%) [3 edit(s)]  
2024-07-26 11:16:14,896	[DEBUG]	patch(30)="ParamSetting(('lpg.params', 'param', 'repeats'), 6) | ParamSetting(('lpg.params', 'param', 'search_steps'), 809) | ParamSetting(('lpg.params', 'param', 'repeats'), 12)"
--- before: lpg.params
+++ after: lpg.params
@@ -1,6 +1,6 @@
-search_steps := 500
+search_steps := 809
 restarts := 9
-repeats := 5
+repeats := 12
 noise := 0.1
 static_noise := 'None'
 lowmemory := 'None'

2024-07-26 11:16:14,897	[INFO]	31      SUCCESS               678858478.250000 (66.54%) [2 edit(s)] [cached] 
2024-07-26 11:16:14,897	[DEBUG]	patch(31)="ParamSetting(('lpg.params', 'param', 'repeats'), 6) | ParamSetting(('lpg.params', 'param', 'search_steps'), 809)"
2024-07-26 11:17:36,898	[DEBUG]	EXEC>  SUCCESS 1037032159.0
2024-07-26 11:17:36,899	[INFO]	32      SUCCESS               1037032159.000000 (101.65%) [2 edit(s)]  
2024-07-26 11:17:36,899	[DEBUG]	patch(32)="ParamSetting(('lpg.params', 'param', 'repeats'), 6) | ParamSetting(('lpg.params', 'param', 'repeats'), 12)"
2024-07-26 11:17:36,900	[INFO]	33      SUCCESS              +674459169.750000 (66.11%) [4 edit(s)] [cached] 
2024-07-26 11:17:36,900	[DEBUG]	patch(33)="ParamSetting(('lpg.params', 'param', 'repeats'), 6) | ParamSetting(('lpg.params', 'param', 'search_steps'), 809) | ParamSetting(('lpg.params', 'param', 'repeats'), 12) | ParamSetting(('lpg.params', 'param', 'static_noise'), 'None')"
2024-07-26 11:18:36,377	[DEBUG]	EXEC>  SUCCESS 704268304.5
2024-07-26 11:18:36,377	[INFO]	34      SUCCESS               704268304.500000 (69.03%) [5 edit(s)]  
2024-07-26 11:18:36,378	[DEBUG]	patch(34)="ParamSetting(('lpg.params', 'param', 'repeats'), 6) | ParamSetting(('lpg.params', 'param', 'search_steps'), 809) | ParamSetting(('lpg.params', 'param', 'repeats'), 12) | ParamSetting(('lpg.params', 'param', 'static_noise'), 'None') | ParamSetting(('lpg.params', 'param', 'restarts'), 19)"
2024-07-26 11:18:36,378	[INFO]	35      SUCCESS               1037032159.000000 (101.65%) [3 edit(s)] [cached] 
2024-07-26 11:18:36,378	[DEBUG]	patch(35)="ParamSetting(('lpg.params', 'param', 'repeats'), 6) | ParamSetting(('lpg.params', 'param', 'repeats'), 12) | ParamSetting(('lpg.params', 'param', 'static_noise'), 'None')"
2024-07-26 11:18:36,379	[INFO]	36      SUCCESS              +674459169.750000 (66.11%) [3 edit(s)] [cached] 
2024-07-26 11:18:36,379	[DEBUG]	patch(36)="ParamSetting(('lpg.params', 'param', 'search_steps'), 809) | ParamSetting(('lpg.params', 'param', 'repeats'), 12) | ParamSetting(('lpg.params', 'param', 'static_noise'), 'None')"
2024-07-26 11:19:36,232	[DEBUG]	EXEC>  SUCCESS 703329948.75
2024-07-26 11:19:36,232	[INFO]	37      SUCCESS               703329948.750000 (68.94%) [4 edit(s)]  
2024-07-26 11:19:36,232	[DEBUG]	patch(37)="ParamSetting(('lpg.params', 'param', 'search_steps'), 809) | ParamSetting(('lpg.params', 'param', 'repeats'), 12) | ParamSetting(('lpg.params', 'param', 'static_noise'), 'None') | ParamSetting(('lpg.params', 'param', 'repeats'), 15)"
2024-07-26 11:20:34,092	[DEBUG]	EXEC>  SUCCESS 685087404.25
2024-07-26 11:20:34,092	[INFO]	38      SUCCESS               685087404.250000 (67.15%) [4 edit(s)]  
2024-07-26 11:20:34,092	[DEBUG]	patch(38)="ParamSetting(('lpg.params', 'param', 'search_steps'), 809) | ParamSetting(('lpg.params', 'param', 'repeats'), 12) | ParamSetting(('lpg.params', 'param', 'static_noise'), 'None') | ParamSetting(('lpg.params', 'param', 'lowmemory'), 'True')"
2024-07-26 11:20:34,093	[INFO]	39      SUCCESS              +674459169.750000 (66.11%) [4 edit(s)] [cached] 
2024-07-26 11:20:34,093	[DEBUG]	patch(39)="ParamSetting(('lpg.params', 'param', 'search_steps'), 809) | ParamSetting(('lpg.params', 'param', 'repeats'), 12) | ParamSetting(('lpg.params', 'param', 'static_noise'), 'None') | ParamSetting(('lpg.params', 'param', 'static_noise'), 'None')"
2024-07-26 11:20:34,093	[INFO]	40      SUCCESS              +674459169.750000 (66.11%) [3 edit(s)] [cached] 
2024-07-26 11:20:34,094	[DEBUG]	patch(40)="ParamSetting(('lpg.params', 'param', 'search_steps'), 809) | ParamSetting(('lpg.params', 'param', 'repeats'), 12) | ParamSetting(('lpg.params', 'param', 'static_noise'), 'None')"
2024-07-26 11:21:35,060	[DEBUG]	EXEC>  SUCCESS 720274263.25
2024-07-26 11:21:35,060	[INFO]	41      SUCCESS               720274263.250000 (70.60%) [2 edit(s)]  
2024-07-26 11:21:35,060	[DEBUG]	patch(41)="ParamSetting(('lpg.params', 'param', 'search_steps'), 809) | ParamSetting(('lpg.params', 'param', 'static_noise'), 'None')"
2024-07-26 11:21:35,061	[INFO]	42      SUCCESS              +674459169.750000 (66.11%) [4 edit(s)] [cached] 
2024-07-26 11:21:35,061	[DEBUG]	patch(42)="ParamSetting(('lpg.params', 'param', 'search_steps'), 809) | ParamSetting(('lpg.params', 'param', 'repeats'), 12) | ParamSetting(('lpg.params', 'param', 'static_noise'), 'None') | ParamSetting(('lpg.params', 'param', 'static_noise'), 'None')"
2024-07-26 11:21:35,062	[INFO]	43      SUCCESS               720274263.250000 (70.60%) [3 edit(s)] [cached] 
2024-07-26 11:21:35,062	[DEBUG]	patch(43)="ParamSetting(('lpg.params', 'param', 'search_steps'), 809) | ParamSetting(('lpg.params', 'param', 'static_noise'), 'None') | ParamSetting(('lpg.params', 'param', 'static_noise'), 'None')"
2024-07-26 11:21:35,063	[INFO]	44      SUCCESS              +674459169.750000 (66.11%) [3 edit(s)] [cached] 
2024-07-26 11:21:35,063	[DEBUG]	patch(44)="ParamSetting(('lpg.params', 'param', 'search_steps'), 809) | ParamSetting(('lpg.params', 'param', 'repeats'), 12) | ParamSetting(('lpg.params', 'param', 'static_noise'), 'None')"
2024-07-26 11:21:35,063	[INFO]	45      SUCCESS              +674459169.750000 (66.11%) [4 edit(s)] [cached] 
2024-07-26 11:21:35,063	[DEBUG]	patch(45)="ParamSetting(('lpg.params', 'param', 'search_steps'), 809) | ParamSetting(('lpg.params', 'param', 'repeats'), 12) | ParamSetting(('lpg.params', 'param', 'static_noise'), 'None') | ParamSetting(('lpg.params', 'param', 'static_noise'), 'None')"
2024-07-26 11:22:30,809	[DEBUG]	EXEC>  SUCCESS 661965561.0
2024-07-26 11:22:30,809	[INFO]	46      SUCCESS              *661965561.000000 (64.88%) [5 edit(s)]  
2024-07-26 11:22:30,809	[DEBUG]	patch(46)="ParamSetting(('lpg.params', 'param', 'search_steps'), 809) | ParamSetting(('lpg.params', 'param', 'repeats'), 12) | ParamSetting(('lpg.params', 'param', 'static_noise'), 'None') | ParamSetting(('lpg.params', 'param', 'static_noise'), 'None') | ParamSetting(('lpg.params', 'param', 'search_steps'), 840)"
--- before: lpg.params
+++ after: lpg.params
@@ -1,6 +1,6 @@
-search_steps := 500
+search_steps := 840
 restarts := 9
-repeats := 5
+repeats := 12
 noise := 0.1
 static_noise := 'None'
 lowmemory := 'None'

2024-07-26 11:23:31,419	[DEBUG]	EXEC>  SUCCESS 709627402.5
2024-07-26 11:23:31,419	[INFO]	47      SUCCESS               709627402.500000 (69.56%) [4 edit(s)]  
2024-07-26 11:23:31,419	[DEBUG]	patch(47)="ParamSetting(('lpg.params', 'param', 'search_steps'), 809) | ParamSetting(('lpg.params', 'param', 'static_noise'), 'None') | ParamSetting(('lpg.params', 'param', 'static_noise'), 'None') | ParamSetting(('lpg.params', 'param', 'search_steps'), 840)"
2024-07-26 11:24:26,530	[DEBUG]	EXEC>  SUCCESS 653843860.75
2024-07-26 11:24:26,530	[INFO]	48      SUCCESS              *653843860.750000 (64.09%) [6 edit(s)]  
2024-07-26 11:24:26,530	[DEBUG]	patch(48)="ParamSetting(('lpg.params', 'param', 'search_steps'), 809) | ParamSetting(('lpg.params', 'param', 'repeats'), 12) | ParamSetting(('lpg.params', 'param', 'static_noise'), 'None') | ParamSetting(('lpg.params', 'param', 'static_noise'), 'None') | ParamSetting(('lpg.params', 'param', 'search_steps'), 840) | ParamSetting(('lpg.params', 'param', 'static_noise'), 'True')"
--- before: lpg.params
+++ after: lpg.params
@@ -1,6 +1,6 @@
-search_steps := 500
+search_steps := 840
 restarts := 9
-repeats := 5
+repeats := 12
 noise := 0.1
-static_noise := 'None'
+static_noise := 'True'
 lowmemory := 'None'

2024-07-26 11:24:26,531	[INFO]	49      SUCCESS              +653843860.750000 (64.09%) [5 edit(s)] [cached] 
2024-07-26 11:24:26,531	[DEBUG]	patch(49)="ParamSetting(('lpg.params', 'param', 'search_steps'), 809) | ParamSetting(('lpg.params', 'param', 'repeats'), 12) | ParamSetting(('lpg.params', 'param', 'static_noise'), 'None') | ParamSetting(('lpg.params', 'param', 'search_steps'), 840) | ParamSetting(('lpg.params', 'param', 'static_noise'), 'True')"
2024-07-26 11:24:26,532	[INFO]	50      SUCCESS              +653843860.750000 (64.09%) [4 edit(s)] [cached] 
2024-07-26 11:24:26,532	[DEBUG]	patch(50)="ParamSetting(('lpg.params', 'param', 'repeats'), 12) | ParamSetting(('lpg.params', 'param', 'static_noise'), 'None') | ParamSetting(('lpg.params', 'param', 'search_steps'), 840) | ParamSetting(('lpg.params', 'param', 'static_noise'), 'True')"
2024-07-26 11:25:21,383	[DEBUG]	EXEC>  SUCCESS 656171797.0
2024-07-26 11:25:21,383	[INFO]	51      SUCCESS               656171797.000000 (64.32%) [3 edit(s)]  
2024-07-26 11:25:21,383	[DEBUG]	patch(51)="ParamSetting(('lpg.params', 'param', 'static_noise'), 'None') | ParamSetting(('lpg.params', 'param', 'search_steps'), 840) | ParamSetting(('lpg.params', 'param', 'static_noise'), 'True')"
2024-07-26 11:25:21,384	[INFO]	52      SUCCESS              +653843860.750000 (64.09%) [5 edit(s)] [cached] 
2024-07-26 11:25:21,384	[DEBUG]	patch(52)="ParamSetting(('lpg.params', 'param', 'repeats'), 12) | ParamSetting(('lpg.params', 'param', 'static_noise'), 'None') | ParamSetting(('lpg.params', 'param', 'search_steps'), 840) | ParamSetting(('lpg.params', 'param', 'static_noise'), 'True') | ParamSetting(('lpg.params', 'param', 'static_noise'), 'True')"
2024-07-26 11:26:22,045	[DEBUG]	EXEC>  SUCCESS 696851696.25
2024-07-26 11:26:22,045	[INFO]	53      SUCCESS               696851696.250000 (68.30%) [6 edit(s)]  
2024-07-26 11:26:22,045	[DEBUG]	patch(53)="ParamSetting(('lpg.params', 'param', 'repeats'), 12) | ParamSetting(('lpg.params', 'param', 'static_noise'), 'None') | ParamSetting(('lpg.params', 'param', 'search_steps'), 840) | ParamSetting(('lpg.params', 'param', 'static_noise'), 'True') | ParamSetting(('lpg.params', 'param', 'static_noise'), 'True') | ParamSetting(('lpg.params', 'param', 'lowmemory'), 'True')"
2024-07-26 11:26:22,046	[INFO]	54      SUCCESS               656171797.000000 (64.32%) [4 edit(s)] [cached] 
2024-07-26 11:26:22,046	[DEBUG]	patch(54)="ParamSetting(('lpg.params', 'param', 'static_noise'), 'None') | ParamSetting(('lpg.params', 'param', 'search_steps'), 840) | ParamSetting(('lpg.params', 'param', 'static_noise'), 'True') | ParamSetting(('lpg.params', 'param', 'static_noise'), 'True')"
2024-07-26 11:26:52,109	[INFO]	55      TEST_TIMEOUT          None (--) [6 edit(s)]  
2024-07-26 11:26:52,110	[DEBUG]	patch(55)="ParamSetting(('lpg.params', 'param', 'repeats'), 12) | ParamSetting(('lpg.params', 'param', 'static_noise'), 'None') | ParamSetting(('lpg.params', 'param', 'search_steps'), 840) | ParamSetting(('lpg.params', 'param', 'static_noise'), 'True') | ParamSetting(('lpg.params', 'param', 'static_noise'), 'True') | ParamSetting(('lpg.params', 'param', 'noise'), 0.5350187739942603)"
2024-07-26 11:26:52,111	[INFO]	56      SUCCESS              +653843860.750000 (64.09%) [6 edit(s)] [cached] 
2024-07-26 11:26:52,111	[DEBUG]	patch(56)="ParamSetting(('lpg.params', 'param', 'repeats'), 12) | ParamSetting(('lpg.params', 'param', 'static_noise'), 'None') | ParamSetting(('lpg.params', 'param', 'search_steps'), 840) | ParamSetting(('lpg.params', 'param', 'static_noise'), 'True') | ParamSetting(('lpg.params', 'param', 'static_noise'), 'True') | ParamSetting(('lpg.params', 'param', 'static_noise'), 'True')"
2024-07-26 11:27:42,812	[DEBUG]	EXEC>  SUCCESS 590735704.75
2024-07-26 11:27:42,812	[INFO]	57      SUCCESS              *590735704.750000 (57.90%) [7 edit(s)]  
2024-07-26 11:27:42,812	[DEBUG]	patch(57)="ParamSetting(('lpg.params', 'param', 'repeats'), 12) | ParamSetting(('lpg.params', 'param', 'static_noise'), 'None') | ParamSetting(('lpg.params', 'param', 'search_steps'), 840) | ParamSetting(('lpg.params', 'param', 'static_noise'), 'True') | ParamSetting(('lpg.params', 'param', 'static_noise'), 'True') | ParamSetting(('lpg.params', 'param', 'static_noise'), 'True') | ParamSetting(('lpg.params', 'param', 'repeats'), 7)"
--- before: lpg.params
+++ after: lpg.params
@@ -1,6 +1,6 @@
-search_steps := 500
+search_steps := 840
 restarts := 9
-repeats := 5
+repeats := 7
 noise := 0.1
-static_noise := 'None'
+static_noise := 'True'
 lowmemory := 'None'

2024-07-26 11:28:34,170	[DEBUG]	EXEC>  SUCCESS 525341747.75
2024-07-26 11:28:34,170	[INFO]	58      SUCCESS              *525341747.750000 (51.49%) [8 edit(s)]  
2024-07-26 11:28:34,170	[DEBUG]	patch(58)="ParamSetting(('lpg.params', 'param', 'repeats'), 12) | ParamSetting(('lpg.params', 'param', 'static_noise'), 'None') | ParamSetting(('lpg.params', 'param', 'search_steps'), 840) | ParamSetting(('lpg.params', 'param', 'static_noise'), 'True') | ParamSetting(('lpg.params', 'param', 'static_noise'), 'True') | ParamSetting(('lpg.params', 'param', 'static_noise'), 'True') | ParamSetting(('lpg.params', 'param', 'repeats'), 7) | ParamSetting(('lpg.params', 'param', 'noise'), 0.11941623506370613)"
--- before: lpg.params
+++ after: lpg.params
@@ -1,6 +1,6 @@
-search_steps := 500
+search_steps := 840
 restarts := 9
-repeats := 5
-noise := 0.1
-static_noise := 'None'
+repeats := 7
+noise := 0.11941623506370613
+static_noise := 'True'
 lowmemory := 'None'

2024-07-26 11:28:34,171	[INFO]	~~~~ END ~~~~
2024-07-26 11:28:34,171	[INFO]	
2024-07-26 11:28:34,171	[INFO]	==== REPORT ====
2024-07-26 11:28:34,171	[INFO]	Termination: time budget
2024-07-26 11:28:34,171	[INFO]	Retries: 4
2024-07-26 11:28:34,171	[INFO]	Log file: /home/dbouras/magpie/_magpie_logs/lpg_1721987658.log
2024-07-26 11:28:34,172	[INFO]	Patch file: _magpie_logs/lpg_1721987658.patch
2024-07-26 11:28:34,172	[INFO]	Diff file: _magpie_logs/lpg_1721987658.diff
2024-07-26 11:28:34,172	[INFO]	Reference fitness: 1020237620.750000
2024-07-26 11:28:34,172	[INFO]	Best fitness: 525341747.750000
2024-07-26 11:28:34,172	[INFO]	
2024-07-26 11:28:34,173	[INFO]	==== BEST PATCH ====
ParamSetting(('lpg.params', 'param', 'repeats'), 12) | ParamSetting(('lpg.params', 'param', 'static_noise'), 'None') | ParamSetting(('lpg.params', 'param', 'search_steps'), 840) | ParamSetting(('lpg.params', 'param', 'static_noise'), 'True') | ParamSetting(('lpg.params', 'param', 'static_noise'), 'True') | ParamSetting(('lpg.params', 'param', 'static_noise'), 'True') | ParamSetting(('lpg.params', 'param', 'repeats'), 7) | ParamSetting(('lpg.params', 'param', 'noise'), 0.11941623506370613)
2024-07-26 11:28:34,173	[INFO]	
2024-07-26 11:28:34,173	[INFO]	==== DIFF ====
[1m--- before: lpg.params[0m
[1m+++ after: lpg.params[0m
[36m@@ -1,6 +1,6 @@[0m
[31m-search_steps := 500[0m
[32m+search_steps := 840[0m
 restarts := 9
[31m-repeats := 5[0m
[31m-noise := 0.1[0m
[31m-static_noise := 'None'[0m
[32m+repeats := 7[0m
[32m+noise := 0.11941623506370613[0m
[32m+static_noise := 'True'[0m
 lowmemory := 'None'

