2024-07-03 15:32:37,177	[DEBUG]	==== CONFIG ====
[magpie]
import = 
seed = 45
log_dir = _magpie_logs
work_dir = _magpie_work
local_original_copy = True
local_original_name = __original__
output_encoding = ascii
edit_retries = 10
default_timeout = 30
default_lengthout = 1e6
diff_method = unified
trust_local_filesystem = True

[magpie.log]
color_output = True
format_info = {counter:<7} {status:<20} {best}{fitness} ({ratio}) [{size}] {cached} {log}
format_debug = patch({counter})="{patch}"{diffifbest}
format_fitness = {:.6f}
format_ratio = {:.2%%}
format_patchif = 
	 --> {patch}
format_diffif = 
	{diff}

[software]
path = examples/minisat
target_files = minisat_simplified.params
software = BasicSoftware
model_rules = 
	*.params : ParamFileConfigModel
	*.xml : SrcmlModel
	* : LineModel
model_config = 
	*.params : [paramconfig]
	*.xml : [srcml]
init_cmd = bash init.sh
init_timeout = 60
init_lengthout = -1
setup_cmd = bash compile.sh
setup_timeout = 
setup_lengthout = 
compile_cmd = 
compile_timeout = 
compile_lengthout = 
test_cmd = bash test.sh
test_timeout = 
test_lengthout = 
run_cmd = perf stat -e cpu-clock bash run_fixed.sh
run_timeout = 
run_lengthout = 
retries = 3
batch_timeout = 
batch_lengthout = 
batch_bin_fitness_strategy = aggregate
batch_fitness_strategy = sum
fitness = perf_cpu_clock

[srcml]
rename = 
	stmt: break continue decl_stmt do expr_stmt for goto if return switch while
	number: literal_number
focus = block stmt operator_comp operator_arith number
internodes = block
process_pseudo_blocks = True
process_literals = True
process_operators = True

[paramconfig]
timing = test run
cli_prefix = --
cli_glue = =
cli_boolean = show
cli_boolean_prefix_true = 
cli_boolean_prefix_false = no-
cli_none = hide
silent_prefix = @
silent_suffix = $

[search]
protocol = BasicProtocol
algorithm = FirstImprovement
possible_edits = ParamSetting
warmup = 3
warmup_strategy = last
max_steps = 1000
max_time = 1800
target_fitness = 
cache_maxsize = 100
cache_keep = 0.2
batch_instances = 
batch_shuffle = True
batch_bin_shuffle = False
batch_sample_size = 1

[search.ls]
delete_prob = 0.5
max_neighbours = 
when_trapped = continue
accept_fail = False
tabu_length = 10

[search.gp]
pop_size = 10
delete_prob = 0.5
offspring_elitism = 0.1
offspring_crossover = 0.5
offspring_mutation = 0.4
uniform_rate = 0.5
batch_reset = True

[search.minify]
do_cleanup = True
do_rebuild = True
do_simplify = True
round_robin_limit = 3


2024-07-03 15:32:37,177	[DEBUG]	
2024-07-03 15:32:37,177	[INFO]	==== SEARCH: FirstImprovement ====
2024-07-03 15:32:37,177	[INFO]	~~~~ WARMUP ~~~~
2024-07-03 15:33:24,357	[DEBUG]	EXEC>  SUCCESS 56.666666666666664
2024-07-03 15:33:24,357	[INFO]	WARM    SUCCESS               56.666667 (--) [0 edit(s)]  
2024-07-03 15:34:06,324	[DEBUG]	EXEC>  SUCCESS 35.666666666666664
2024-07-03 15:34:06,325	[INFO]	WARM    SUCCESS               35.666667 (--) [0 edit(s)]  
2024-07-03 15:34:47,853	[DEBUG]	EXEC>  SUCCESS 39.666666666666664
2024-07-03 15:34:47,853	[INFO]	WARM    SUCCESS               39.666667 (--) [0 edit(s)]  
2024-07-03 15:34:47,854	[INFO]	REF     SUCCESS               39.666667 (--) [0 edit(s)]  
2024-07-03 15:34:47,854	[INFO]	
2024-07-03 15:34:47,854	[INFO]	~~~~ START ~~~~
2024-07-03 15:35:26,657	[DEBUG]	EXEC>  SUCCESS 46.666666666666664
2024-07-03 15:35:26,657	[INFO]	1       SUCCESS               46.666667 (117.65%) [1 edit(s)]  
2024-07-03 15:35:26,657	[DEBUG]	patch(1)="ParamSetting(('minisat_simplified.params', 'param', 'elim'), 'False')"
2024-07-03 15:35:53,695	[DEBUG]	EXEC>  SUCCESS 62.333333333333336
2024-07-03 15:35:53,695	[INFO]	2       SUCCESS               62.333333 (157.14%) [1 edit(s)]  
2024-07-03 15:35:53,695	[DEBUG]	patch(2)="ParamSetting(('minisat_simplified.params', 'param', 'rfirst'), 144)"
2024-07-03 15:36:00,908	[DEBUG]	EXEC>  SUCCESS 33.0
2024-07-03 15:36:00,909	[INFO]	3       SUCCESS              *33.000000 (83.19%) [1 edit(s)]  
2024-07-03 15:36:00,909	[DEBUG]	patch(3)="ParamSetting(('minisat_simplified.params', 'param', 'rinc'), 2188.9577716520566)"
--- before: minisat_simplified.params
+++ after: minisat_simplified.params
@@ -1,7 +1,7 @@
 luby := 'True'
 rnd-init := 'False'
 gc-frac := 0.2
-rinc := 2.0
+rinc := 2188.9577716520566
 var-decay := 0.95
 cla-decay := 0.999
 rnd-freq := 0.0

2024-07-03 15:36:00,910	[INFO]	4       SUCCESS               39.666667 (100.00%) [0 edit(s)] [cached] 
2024-07-03 15:36:00,910	[DEBUG]	patch(4)=""
2024-07-03 15:36:20,926	[DEBUG]	EXEC>  SUCCESS 54.666666666666664
2024-07-03 15:36:20,926	[INFO]	5       SUCCESS               54.666667 (137.82%) [2 edit(s)]  
2024-07-03 15:36:20,926	[DEBUG]	patch(5)="ParamSetting(('minisat_simplified.params', 'param', 'rinc'), 2188.9577716520566) | ParamSetting(('minisat_simplified.params', 'param', 'var-decay'), 0.2715853809943142)"
2024-07-03 15:36:27,179	[DEBUG]	EXEC>  SUCCESS 62.333333333333336
2024-07-03 15:36:27,179	[INFO]	6       SUCCESS               62.333333 (157.14%) [2 edit(s)]  
2024-07-03 15:36:27,179	[DEBUG]	patch(6)="ParamSetting(('minisat_simplified.params', 'param', 'rinc'), 2188.9577716520566) | ParamSetting(('minisat_simplified.params', 'param', 'rcheck'), 'True')"
2024-07-03 15:36:35,048	[DEBUG]	EXEC>  SUCCESS 55.0
2024-07-03 15:36:35,048	[INFO]	7       SUCCESS               55.000000 (138.66%) [2 edit(s)]  
2024-07-03 15:36:35,048	[DEBUG]	patch(7)="ParamSetting(('minisat_simplified.params', 'param', 'rinc'), 2188.9577716520566) | ParamSetting(('minisat_simplified.params', 'param', 'rnd-init'), 'True')"
2024-07-03 15:36:35,049	[INFO]	8       SUCCESS               62.333333 (157.14%) [2 edit(s)] [cached] 
2024-07-03 15:36:35,049	[DEBUG]	patch(8)="ParamSetting(('minisat_simplified.params', 'param', 'rinc'), 2188.9577716520566) | ParamSetting(('minisat_simplified.params', 'param', 'rcheck'), 'True')"
2024-07-03 15:36:43,003	[DEBUG]	EXEC>  SUCCESS 56.333333333333336
2024-07-03 15:36:43,003	[INFO]	9       SUCCESS               56.333333 (142.02%) [2 edit(s)]  
2024-07-03 15:36:43,003	[DEBUG]	patch(9)="ParamSetting(('minisat_simplified.params', 'param', 'rinc'), 2188.9577716520566) | ParamSetting(('minisat_simplified.params', 'param', 'elim'), 'False')"
2024-07-03 15:36:43,004	[INFO]	10      SUCCESS              +33.000000 (83.19%) [2 edit(s)] [cached] 
2024-07-03 15:36:43,004	[DEBUG]	patch(10)="ParamSetting(('minisat_simplified.params', 'param', 'rinc'), 2188.9577716520566) | ParamSetting(('minisat_simplified.params', 'param', 'luby'), 'True')"
2024-07-03 15:36:43,005	[INFO]	11      SUCCESS              +33.000000 (83.19%) [1 edit(s)] [cached] 
2024-07-03 15:36:43,005	[DEBUG]	patch(11)="ParamSetting(('minisat_simplified.params', 'param', 'rinc'), 2188.9577716520566)"
2024-07-03 15:36:43,006	[INFO]	12      SUCCESS               39.666667 (100.00%) [0 edit(s)] [cached] 
2024-07-03 15:36:43,006	[DEBUG]	patch(12)=""
2024-07-03 15:36:50,225	[DEBUG]	EXEC>  SUCCESS 53.333333333333336
2024-07-03 15:36:50,225	[INFO]	13      SUCCESS               53.333333 (134.45%) [2 edit(s)]  
2024-07-03 15:36:50,225	[DEBUG]	patch(13)="ParamSetting(('minisat_simplified.params', 'param', 'rinc'), 2188.9577716520566) | ParamSetting(('minisat_simplified.params', 'param', 'simp-gc-frac'), 203563057.5759636)"
2024-07-03 15:37:25,888	[DEBUG]	EXEC>  SUCCESS 54.333333333333336
2024-07-03 15:37:25,888	[INFO]	14      SUCCESS               54.333333 (136.97%) [2 edit(s)]  
2024-07-03 15:37:25,888	[DEBUG]	patch(14)="ParamSetting(('minisat_simplified.params', 'param', 'rinc'), 2188.9577716520566) | ParamSetting(('minisat_simplified.params', 'param', 'rnd-freq'), 0.32935251497260265)"
2024-07-03 15:37:25,889	[INFO]	15      SUCCESS              +33.000000 (83.19%) [2 edit(s)] [cached] 
2024-07-03 15:37:25,889	[DEBUG]	patch(15)="ParamSetting(('minisat_simplified.params', 'param', 'rinc'), 2188.9577716520566) | ParamSetting(('minisat_simplified.params', 'param', 'luby'), 'True')"
2024-07-03 15:37:33,202	[DEBUG]	EXEC>  SUCCESS 54.666666666666664
2024-07-03 15:37:33,202	[INFO]	16      SUCCESS               54.666667 (137.82%) [3 edit(s)]  
2024-07-03 15:37:33,202	[DEBUG]	patch(16)="ParamSetting(('minisat_simplified.params', 'param', 'rinc'), 2188.9577716520566) | ParamSetting(('minisat_simplified.params', 'param', 'luby'), 'True') | ParamSetting(('minisat_simplified.params', 'param', 'rinc'), 1260.5227956024833)"
2024-07-03 15:37:33,203	[INFO]	17      SUCCESS               39.666667 (100.00%) [1 edit(s)] [cached] 
2024-07-03 15:37:33,203	[DEBUG]	patch(17)="ParamSetting(('minisat_simplified.params', 'param', 'luby'), 'True')"
2024-07-03 15:37:40,550	[DEBUG]	EXEC>  SUCCESS 50.0
2024-07-03 15:37:40,550	[INFO]	18      SUCCESS               50.000000 (126.05%) [3 edit(s)]  
2024-07-03 15:37:40,550	[DEBUG]	patch(18)="ParamSetting(('minisat_simplified.params', 'param', 'rinc'), 2188.9577716520566) | ParamSetting(('minisat_simplified.params', 'param', 'luby'), 'True') | ParamSetting(('minisat_simplified.params', 'param', 'verb'), '2')"
2024-07-03 15:37:40,551	[INFO]	19      SUCCESS              +33.000000 (83.19%) [1 edit(s)] [cached] 
2024-07-03 15:37:40,551	[DEBUG]	patch(19)="ParamSetting(('minisat_simplified.params', 'param', 'rinc'), 2188.9577716520566)"
2024-07-03 15:37:40,552	[INFO]	20      SUCCESS              +33.000000 (83.19%) [2 edit(s)] [cached] 
2024-07-03 15:37:40,552	[DEBUG]	patch(20)="ParamSetting(('minisat_simplified.params', 'param', 'rinc'), 2188.9577716520566) | ParamSetting(('minisat_simplified.params', 'param', 'verb'), '1')"
2024-07-03 15:37:47,755	[DEBUG]	EXEC>  SUCCESS 35.0
2024-07-03 15:37:47,755	[INFO]	21      SUCCESS               35.000000 (88.24%) [3 edit(s)]  
2024-07-03 15:37:47,755	[DEBUG]	patch(21)="ParamSetting(('minisat_simplified.params', 'param', 'rinc'), 2188.9577716520566) | ParamSetting(('minisat_simplified.params', 'param', 'verb'), '1') | ParamSetting(('minisat_simplified.params', 'param', 'gc-frac'), 2538.319700434435)"
2024-07-03 15:37:54,662	[DEBUG]	EXEC>  SUCCESS 52.333333333333336
2024-07-03 15:37:54,662	[INFO]	22      SUCCESS               52.333333 (131.93%) [3 edit(s)]  
2024-07-03 15:37:54,662	[DEBUG]	patch(22)="ParamSetting(('minisat_simplified.params', 'param', 'rinc'), 2188.9577716520566) | ParamSetting(('minisat_simplified.params', 'param', 'verb'), '1') | ParamSetting(('minisat_simplified.params', 'param', 'rfirst'), 2970)"
2024-07-03 15:38:01,829	[DEBUG]	EXEC>  SUCCESS 32.333333333333336
2024-07-03 15:38:01,829	[INFO]	23      SUCCESS              *32.333333 (81.51%) [3 edit(s)]  
2024-07-03 15:38:01,829	[DEBUG]	patch(23)="ParamSetting(('minisat_simplified.params', 'param', 'rinc'), 2188.9577716520566) | ParamSetting(('minisat_simplified.params', 'param', 'verb'), '1') | ParamSetting(('minisat_simplified.params', 'param', 'simp-gc-frac'), 166156452.10919583)"
--- before: minisat_simplified.params
+++ after: minisat_simplified.params
@@ -1,7 +1,7 @@
 luby := 'True'
 rnd-init := 'False'
 gc-frac := 0.2
-rinc := 2.0
+rinc := 2188.9577716520566
 var-decay := 0.95
 cla-decay := 0.999
 rnd-freq := 0.0
@@ -14,7 +14,7 @@
 rcheck := 'False'
 asymm := 'False'
 elim := 'True'
-simp-gc-frac := 0.5
+simp-gc-frac := 166156452.10919583
 sub-lim := 1000
 cl-lim := 20
 grow := 0

2024-07-03 15:38:01,830	[INFO]	24      SUCCESS              +32.333333 (81.51%) [2 edit(s)] [cached] 
2024-07-03 15:38:01,830	[DEBUG]	patch(24)="ParamSetting(('minisat_simplified.params', 'param', 'rinc'), 2188.9577716520566) | ParamSetting(('minisat_simplified.params', 'param', 'simp-gc-frac'), 166156452.10919583)"
2024-07-03 15:38:09,071	[DEBUG]	EXEC>  SUCCESS 46.666666666666664
2024-07-03 15:38:09,071	[INFO]	25      SUCCESS               46.666667 (117.65%) [3 edit(s)]  
2024-07-03 15:38:09,071	[DEBUG]	patch(25)="ParamSetting(('minisat_simplified.params', 'param', 'rinc'), 2188.9577716520566) | ParamSetting(('minisat_simplified.params', 'param', 'simp-gc-frac'), 166156452.10919583) | ParamSetting(('minisat_simplified.params', 'param', 'rnd-seed'), 984409094)"
2024-07-03 15:38:16,315	[DEBUG]	EXEC>  SUCCESS 72.33333333333333
2024-07-03 15:38:16,316	[INFO]	26      SUCCESS               72.333333 (182.35%) [3 edit(s)]  
2024-07-03 15:38:16,316	[DEBUG]	patch(26)="ParamSetting(('minisat_simplified.params', 'param', 'rinc'), 2188.9577716520566) | ParamSetting(('minisat_simplified.params', 'param', 'simp-gc-frac'), 166156452.10919583) | ParamSetting(('minisat_simplified.params', 'param', 'gc-frac'), 6362.90347892301)"
2024-07-03 15:38:16,317	[INFO]	27      SUCCESS               33.000000 (83.19%) [1 edit(s)] [cached] 
2024-07-03 15:38:16,317	[DEBUG]	patch(27)="ParamSetting(('minisat_simplified.params', 'param', 'rinc'), 2188.9577716520566)"
2024-07-03 15:38:23,557	[DEBUG]	EXEC>  SUCCESS 53.0
2024-07-03 15:38:23,557	[INFO]	28      SUCCESS               53.000000 (133.61%) [3 edit(s)]  
2024-07-03 15:38:23,557	[DEBUG]	patch(28)="ParamSetting(('minisat_simplified.params', 'param', 'rinc'), 2188.9577716520566) | ParamSetting(('minisat_simplified.params', 'param', 'simp-gc-frac'), 166156452.10919583) | ParamSetting(('minisat_simplified.params', 'param', 'cl-lim'), 6968)"
2024-07-03 15:38:30,765	[DEBUG]	EXEC>  SUCCESS 41.666666666666664
2024-07-03 15:38:30,766	[INFO]	29      SUCCESS               41.666667 (105.04%) [3 edit(s)]  
2024-07-03 15:38:30,766	[DEBUG]	patch(29)="ParamSetting(('minisat_simplified.params', 'param', 'rinc'), 2188.9577716520566) | ParamSetting(('minisat_simplified.params', 'param', 'simp-gc-frac'), 166156452.10919583) | ParamSetting(('minisat_simplified.params', 'param', 'verb'), '2')"
2024-07-03 15:39:12,314	[DEBUG]	EXEC>  SUCCESS 27.666666666666668
2024-07-03 15:39:12,314	[INFO]	30      SUCCESS              *27.666667 (69.75%) [1 edit(s)]  
2024-07-03 15:39:12,314	[DEBUG]	patch(30)="ParamSetting(('minisat_simplified.params', 'param', 'simp-gc-frac'), 166156452.10919583)"
--- before: minisat_simplified.params
+++ after: minisat_simplified.params
@@ -14,7 +14,7 @@
 rcheck := 'False'
 asymm := 'False'
 elim := 'True'
-simp-gc-frac := 0.5
+simp-gc-frac := 166156452.10919583
 sub-lim := 1000
 cl-lim := 20
 grow := 0

2024-07-03 15:39:50,729	[DEBUG]	EXEC>  SUCCESS 68.0
2024-07-03 15:39:50,729	[INFO]	31      SUCCESS               68.000000 (171.43%) [2 edit(s)]  
2024-07-03 15:39:50,729	[DEBUG]	patch(31)="ParamSetting(('minisat_simplified.params', 'param', 'simp-gc-frac'), 166156452.10919583) | ParamSetting(('minisat_simplified.params', 'param', 'pre'), 'False')"
2024-07-03 15:39:50,730	[INFO]	32      SUCCESS               39.666667 (100.00%) [0 edit(s)] [cached] 
2024-07-03 15:39:50,730	[DEBUG]	patch(32)=""
2024-07-03 15:40:26,759	[DEBUG]	EXEC>  TIMEOUT None
2024-07-03 15:40:26,759	[INFO]	33      RUN_TIMEOUT           None (--) [2 edit(s)]  
2024-07-03 15:40:26,759	[DEBUG]	patch(33)="ParamSetting(('minisat_simplified.params', 'param', 'simp-gc-frac'), 166156452.10919583) | ParamSetting(('minisat_simplified.params', 'param', 'grow'), 12234)"
2024-07-03 15:41:08,164	[DEBUG]	EXEC>  SUCCESS 50.0
2024-07-03 15:41:08,164	[INFO]	34      SUCCESS               50.000000 (126.05%) [2 edit(s)]  
2024-07-03 15:41:08,164	[DEBUG]	patch(34)="ParamSetting(('minisat_simplified.params', 'param', 'simp-gc-frac'), 166156452.10919583) | ParamSetting(('minisat_simplified.params', 'param', 'gc-frac'), 8416.306414762497)"
2024-07-03 15:41:49,696	[DEBUG]	EXEC>  SUCCESS 24.666666666666668
2024-07-03 15:41:49,696	[INFO]	35      SUCCESS              *24.666667 (62.18%) [2 edit(s)]  
2024-07-03 15:41:49,696	[DEBUG]	patch(35)="ParamSetting(('minisat_simplified.params', 'param', 'simp-gc-frac'), 166156452.10919583) | ParamSetting(('minisat_simplified.params', 'param', 'sub-lim'), 19112)"
--- before: minisat_simplified.params
+++ after: minisat_simplified.params
@@ -14,7 +14,7 @@
 rcheck := 'False'
 asymm := 'False'
 elim := 'True'
-simp-gc-frac := 0.5
-sub-lim := 1000
+simp-gc-frac := 166156452.10919583
+sub-lim := 19112
 cl-lim := 20
 grow := 0

2024-07-03 15:42:31,278	[DEBUG]	EXEC>  SUCCESS 58.666666666666664
2024-07-03 15:42:31,278	[INFO]	36      SUCCESS               58.666667 (147.90%) [3 edit(s)]  
2024-07-03 15:42:31,278	[DEBUG]	patch(36)="ParamSetting(('minisat_simplified.params', 'param', 'simp-gc-frac'), 166156452.10919583) | ParamSetting(('minisat_simplified.params', 'param', 'sub-lim'), 19112) | ParamSetting(('minisat_simplified.params', 'param', 'cl-lim'), 34733)"
2024-07-03 15:43:12,953	[DEBUG]	EXEC>  SUCCESS 46.666666666666664
2024-07-03 15:43:12,954	[INFO]	37      SUCCESS               46.666667 (117.65%) [1 edit(s)]  
2024-07-03 15:43:12,954	[DEBUG]	patch(37)="ParamSetting(('minisat_simplified.params', 'param', 'sub-lim'), 19112)"
2024-07-03 15:43:45,415	[DEBUG]	EXEC>  SUCCESS 47.666666666666664
2024-07-03 15:43:45,415	[INFO]	38      SUCCESS               47.666667 (120.17%) [3 edit(s)]  
2024-07-03 15:43:45,415	[DEBUG]	patch(38)="ParamSetting(('minisat_simplified.params', 'param', 'simp-gc-frac'), 166156452.10919583) | ParamSetting(('minisat_simplified.params', 'param', 'sub-lim'), 19112) | ParamSetting(('minisat_simplified.params', 'param', 'grow'), -5277)"
2024-07-03 15:43:45,416	[INFO]	39      SUCCESS               27.666667 (69.75%) [1 edit(s)] [cached] 
2024-07-03 15:43:45,416	[DEBUG]	patch(39)="ParamSetting(('minisat_simplified.params', 'param', 'simp-gc-frac'), 166156452.10919583)"
2024-07-03 15:44:23,925	[DEBUG]	EXEC>  SUCCESS 72.66666666666667
2024-07-03 15:44:23,925	[INFO]	40      SUCCESS               72.666667 (183.19%) [3 edit(s)]  
2024-07-03 15:44:23,925	[DEBUG]	patch(40)="ParamSetting(('minisat_simplified.params', 'param', 'simp-gc-frac'), 166156452.10919583) | ParamSetting(('minisat_simplified.params', 'param', 'sub-lim'), 19112) | ParamSetting(('minisat_simplified.params', 'param', 'elim'), 'False')"
2024-07-03 15:45:05,482	[DEBUG]	EXEC>  SUCCESS 35.0
2024-07-03 15:45:05,482	[INFO]	41      SUCCESS               35.000000 (88.24%) [3 edit(s)]  
2024-07-03 15:45:05,482	[DEBUG]	patch(41)="ParamSetting(('minisat_simplified.params', 'param', 'simp-gc-frac'), 166156452.10919583) | ParamSetting(('minisat_simplified.params', 'param', 'sub-lim'), 19112) | ParamSetting(('minisat_simplified.params', 'param', 'simp-gc-frac'), 311963343.63509476)"
2024-07-03 15:45:46,683	[DEBUG]	EXEC>  SUCCESS 84.0
2024-07-03 15:45:46,683	[INFO]	42      SUCCESS               84.000000 (211.76%) [3 edit(s)]  
2024-07-03 15:45:46,683	[DEBUG]	patch(42)="ParamSetting(('minisat_simplified.params', 'param', 'simp-gc-frac'), 166156452.10919583) | ParamSetting(('minisat_simplified.params', 'param', 'sub-lim'), 19112) | ParamSetting(('minisat_simplified.params', 'param', 'gc-frac'), 15188.641475005024)"
2024-07-03 15:46:23,843	[DEBUG]	EXEC>  TIMEOUT None
2024-07-03 15:46:23,844	[INFO]	43      RUN_TIMEOUT           None (--) [3 edit(s)]  
2024-07-03 15:46:23,844	[DEBUG]	patch(43)="ParamSetting(('minisat_simplified.params', 'param', 'simp-gc-frac'), 166156452.10919583) | ParamSetting(('minisat_simplified.params', 'param', 'sub-lim'), 19112) | ParamSetting(('minisat_simplified.params', 'param', 'rnd-freq'), 0.9412809127580192)"
2024-07-03 15:47:05,304	[DEBUG]	EXEC>  SUCCESS 26.666666666666668
2024-07-03 15:47:05,305	[INFO]	44      SUCCESS               26.666667 (67.23%) [3 edit(s)]  
2024-07-03 15:47:05,305	[DEBUG]	patch(44)="ParamSetting(('minisat_simplified.params', 'param', 'simp-gc-frac'), 166156452.10919583) | ParamSetting(('minisat_simplified.params', 'param', 'sub-lim'), 19112) | ParamSetting(('minisat_simplified.params', 'param', 'verb'), '0')"
2024-07-03 15:47:44,770	[DEBUG]	EXEC>  SUCCESS 47.333333333333336
2024-07-03 15:47:44,770	[INFO]	45      SUCCESS               47.333333 (119.33%) [3 edit(s)]  
2024-07-03 15:47:44,770	[DEBUG]	patch(45)="ParamSetting(('minisat_simplified.params', 'param', 'simp-gc-frac'), 166156452.10919583) | ParamSetting(('minisat_simplified.params', 'param', 'sub-lim'), 19112) | ParamSetting(('minisat_simplified.params', 'param', 'rnd-init'), 'True')"
2024-07-03 15:47:44,771	[INFO]	46      SUCCESS              +24.666667 (62.18%) [3 edit(s)] [cached] 
2024-07-03 15:47:44,771	[DEBUG]	patch(46)="ParamSetting(('minisat_simplified.params', 'param', 'simp-gc-frac'), 166156452.10919583) | ParamSetting(('minisat_simplified.params', 'param', 'sub-lim'), 19112) | ParamSetting(('minisat_simplified.params', 'param', 'pre'), 'True')"
2024-07-03 15:47:44,772	[INFO]	47      SUCCESS               27.666667 (69.75%) [2 edit(s)] [cached] 
2024-07-03 15:47:44,772	[DEBUG]	patch(47)="ParamSetting(('minisat_simplified.params', 'param', 'simp-gc-frac'), 166156452.10919583) | ParamSetting(('minisat_simplified.params', 'param', 'pre'), 'True')"
2024-07-03 15:48:26,347	[DEBUG]	EXEC>  SUCCESS 25.0
2024-07-03 15:48:26,347	[INFO]	48      SUCCESS               25.000000 (63.03%) [4 edit(s)]  
2024-07-03 15:48:26,347	[DEBUG]	patch(48)="ParamSetting(('minisat_simplified.params', 'param', 'simp-gc-frac'), 166156452.10919583) | ParamSetting(('minisat_simplified.params', 'param', 'sub-lim'), 19112) | ParamSetting(('minisat_simplified.params', 'param', 'pre'), 'True') | ParamSetting(('minisat_simplified.params', 'param', 'sub-lim'), 39443)"
2024-07-03 15:49:08,487	[DEBUG]	EXEC>  SUCCESS 81.0
2024-07-03 15:49:08,488	[INFO]	49      SUCCESS               81.000000 (204.20%) [4 edit(s)]  
2024-07-03 15:49:08,488	[DEBUG]	patch(49)="ParamSetting(('minisat_simplified.params', 'param', 'simp-gc-frac'), 166156452.10919583) | ParamSetting(('minisat_simplified.params', 'param', 'sub-lim'), 19112) | ParamSetting(('minisat_simplified.params', 'param', 'pre'), 'True') | ParamSetting(('minisat_simplified.params', 'param', 'cl-lim'), 37735)"
2024-07-03 15:49:08,489	[INFO]	50      SUCCESS               46.666667 (117.65%) [2 edit(s)] [cached] 
2024-07-03 15:49:08,489	[DEBUG]	patch(50)="ParamSetting(('minisat_simplified.params', 'param', 'sub-lim'), 19112) | ParamSetting(('minisat_simplified.params', 'param', 'pre'), 'True')"
2024-07-03 15:49:50,536	[DEBUG]	EXEC>  SUCCESS 47.0
2024-07-03 15:49:50,536	[INFO]	51      SUCCESS               47.000000 (118.49%) [4 edit(s)]  
2024-07-03 15:49:50,536	[DEBUG]	patch(51)="ParamSetting(('minisat_simplified.params', 'param', 'simp-gc-frac'), 166156452.10919583) | ParamSetting(('minisat_simplified.params', 'param', 'sub-lim'), 19112) | ParamSetting(('minisat_simplified.params', 'param', 'pre'), 'True') | ParamSetting(('minisat_simplified.params', 'param', 'verb'), '2')"
2024-07-03 15:49:57,734	[DEBUG]	EXEC>  SUCCESS 21.666666666666668
2024-07-03 15:49:57,734	[INFO]	52      SUCCESS              *21.666667 (54.62%) [4 edit(s)]  
2024-07-03 15:49:57,734	[DEBUG]	patch(52)="ParamSetting(('minisat_simplified.params', 'param', 'simp-gc-frac'), 166156452.10919583) | ParamSetting(('minisat_simplified.params', 'param', 'sub-lim'), 19112) | ParamSetting(('minisat_simplified.params', 'param', 'pre'), 'True') | ParamSetting(('minisat_simplified.params', 'param', 'rinc'), 1290.4680549874638)"
--- before: minisat_simplified.params
+++ after: minisat_simplified.params
@@ -1,7 +1,7 @@
 luby := 'True'
 rnd-init := 'False'
 gc-frac := 0.2
-rinc := 2.0
+rinc := 1290.4680549874638
 var-decay := 0.95
 cla-decay := 0.999
 rnd-freq := 0.0
@@ -14,7 +14,7 @@
 rcheck := 'False'
 asymm := 'False'
 elim := 'True'
-simp-gc-frac := 0.5
-sub-lim := 1000
+simp-gc-frac := 166156452.10919583
+sub-lim := 19112
 cl-lim := 20
 grow := 0

2024-07-03 15:50:06,561	[DEBUG]	EXEC>  SUCCESS 32.0
2024-07-03 15:50:06,561	[INFO]	53      SUCCESS               32.000000 (80.67%) [5 edit(s)]  
2024-07-03 15:50:06,561	[DEBUG]	patch(53)="ParamSetting(('minisat_simplified.params', 'param', 'simp-gc-frac'), 166156452.10919583) | ParamSetting(('minisat_simplified.params', 'param', 'sub-lim'), 19112) | ParamSetting(('minisat_simplified.params', 'param', 'pre'), 'True') | ParamSetting(('minisat_simplified.params', 'param', 'rinc'), 1290.4680549874638) | ParamSetting(('minisat_simplified.params', 'param', 'var-decay'), 0.9384610550420832)"
2024-07-03 15:50:06,563	[INFO]	54      SUCCESS               24.666667 (62.18%) [3 edit(s)] [cached] 
2024-07-03 15:50:06,563	[DEBUG]	patch(54)="ParamSetting(('minisat_simplified.params', 'param', 'simp-gc-frac'), 166156452.10919583) | ParamSetting(('minisat_simplified.params', 'param', 'sub-lim'), 19112) | ParamSetting(('minisat_simplified.params', 'param', 'pre'), 'True')"
2024-07-03 15:50:13,767	[DEBUG]	EXEC>  SUCCESS 74.33333333333333
2024-07-03 15:50:13,767	[INFO]	55      SUCCESS               74.333333 (187.39%) [3 edit(s)]  
2024-07-03 15:50:13,768	[DEBUG]	patch(55)="ParamSetting(('minisat_simplified.params', 'param', 'sub-lim'), 19112) | ParamSetting(('minisat_simplified.params', 'param', 'pre'), 'True') | ParamSetting(('minisat_simplified.params', 'param', 'rinc'), 1290.4680549874638)"
2024-07-03 15:50:13,769	[INFO]	56      SUCCESS              +21.666667 (54.62%) [3 edit(s)] [cached] 
2024-07-03 15:50:13,769	[DEBUG]	patch(56)="ParamSetting(('minisat_simplified.params', 'param', 'simp-gc-frac'), 166156452.10919583) | ParamSetting(('minisat_simplified.params', 'param', 'sub-lim'), 19112) | ParamSetting(('minisat_simplified.params', 'param', 'rinc'), 1290.4680549874638)"
2024-07-03 15:50:20,960	[DEBUG]	EXEC>  SUCCESS 63.0
2024-07-03 15:50:20,960	[INFO]	57      SUCCESS               63.000000 (158.82%) [4 edit(s)]  
2024-07-03 15:50:20,960	[DEBUG]	patch(57)="ParamSetting(('minisat_simplified.params', 'param', 'simp-gc-frac'), 166156452.10919583) | ParamSetting(('minisat_simplified.params', 'param', 'sub-lim'), 19112) | ParamSetting(('minisat_simplified.params', 'param', 'rinc'), 1290.4680549874638) | ParamSetting(('minisat_simplified.params', 'param', 'gc-frac'), 9124.448120931782)"
2024-07-03 15:50:20,961	[INFO]	58      SUCCESS              +21.666667 (54.62%) [4 edit(s)] [cached] 
2024-07-03 15:50:20,962	[DEBUG]	patch(58)="ParamSetting(('minisat_simplified.params', 'param', 'simp-gc-frac'), 166156452.10919583) | ParamSetting(('minisat_simplified.params', 'param', 'sub-lim'), 19112) | ParamSetting(('minisat_simplified.params', 'param', 'rinc'), 1290.4680549874638) | ParamSetting(('minisat_simplified.params', 'param', 'luby'), 'True')"
2024-07-03 15:50:20,962	[INFO]	59      SUCCESS               74.333333 (187.39%) [3 edit(s)] [cached] 
2024-07-03 15:50:20,962	[DEBUG]	patch(59)="ParamSetting(('minisat_simplified.params', 'param', 'sub-lim'), 19112) | ParamSetting(('minisat_simplified.params', 'param', 'rinc'), 1290.4680549874638) | ParamSetting(('minisat_simplified.params', 'param', 'luby'), 'True')"
2024-07-03 15:50:20,963	[INFO]	60      SUCCESS              +21.666667 (54.62%) [3 edit(s)] [cached] 
2024-07-03 15:50:20,963	[DEBUG]	patch(60)="ParamSetting(('minisat_simplified.params', 'param', 'simp-gc-frac'), 166156452.10919583) | ParamSetting(('minisat_simplified.params', 'param', 'sub-lim'), 19112) | ParamSetting(('minisat_simplified.params', 'param', 'rinc'), 1290.4680549874638)"
2024-07-03 15:50:28,923	[DEBUG]	EXEC>  SUCCESS 35.666666666666664
2024-07-03 15:50:28,924	[INFO]	61      SUCCESS               35.666667 (89.92%) [4 edit(s)]  
2024-07-03 15:50:28,924	[DEBUG]	patch(61)="ParamSetting(('minisat_simplified.params', 'param', 'simp-gc-frac'), 166156452.10919583) | ParamSetting(('minisat_simplified.params', 'param', 'sub-lim'), 19112) | ParamSetting(('minisat_simplified.params', 'param', 'rinc'), 1290.4680549874638) | ParamSetting(('minisat_simplified.params', 'param', 'pre'), 'False')"
2024-07-03 15:51:00,376	[DEBUG]	EXEC>  TIMEOUT None
2024-07-03 15:51:00,376	[INFO]	62      RUN_TIMEOUT           None (--) [4 edit(s)]  
2024-07-03 15:51:00,376	[DEBUG]	patch(62)="ParamSetting(('minisat_simplified.params', 'param', 'simp-gc-frac'), 166156452.10919583) | ParamSetting(('minisat_simplified.params', 'param', 'sub-lim'), 19112) | ParamSetting(('minisat_simplified.params', 'param', 'rinc'), 1290.4680549874638) | ParamSetting(('minisat_simplified.params', 'param', 'rnd-freq'), 0.8966864036395168)"
2024-07-03 15:51:07,573	[DEBUG]	EXEC>  SUCCESS 56.333333333333336
2024-07-03 15:51:07,573	[INFO]	63      SUCCESS               56.333333 (142.02%) [2 edit(s)]  
2024-07-03 15:51:07,573	[DEBUG]	patch(63)="ParamSetting(('minisat_simplified.params', 'param', 'simp-gc-frac'), 166156452.10919583) | ParamSetting(('minisat_simplified.params', 'param', 'rinc'), 1290.4680549874638)"
2024-07-03 15:51:07,574	[INFO]	64      SUCCESS              +21.666667 (54.62%) [4 edit(s)] [cached] 
2024-07-03 15:51:07,574	[DEBUG]	patch(64)="ParamSetting(('minisat_simplified.params', 'param', 'simp-gc-frac'), 166156452.10919583) | ParamSetting(('minisat_simplified.params', 'param', 'sub-lim'), 19112) | ParamSetting(('minisat_simplified.params', 'param', 'rinc'), 1290.4680549874638) | ParamSetting(('minisat_simplified.params', 'param', 'asymm'), 'False')"
2024-07-03 15:51:07,575	[INFO]	65      SUCCESS               24.666667 (62.18%) [3 edit(s)] [cached] 
2024-07-03 15:51:07,575	[DEBUG]	patch(65)="ParamSetting(('minisat_simplified.params', 'param', 'simp-gc-frac'), 166156452.10919583) | ParamSetting(('minisat_simplified.params', 'param', 'sub-lim'), 19112) | ParamSetting(('minisat_simplified.params', 'param', 'asymm'), 'False')"
2024-07-03 15:51:07,576	[INFO]	66      SUCCESS              +21.666667 (54.62%) [3 edit(s)] [cached] 
2024-07-03 15:51:07,576	[DEBUG]	patch(66)="ParamSetting(('minisat_simplified.params', 'param', 'simp-gc-frac'), 166156452.10919583) | ParamSetting(('minisat_simplified.params', 'param', 'sub-lim'), 19112) | ParamSetting(('minisat_simplified.params', 'param', 'rinc'), 1290.4680549874638)"
2024-07-03 15:51:27,603	[DEBUG]	EXEC>  SUCCESS 62.333333333333336
2024-07-03 15:51:27,603	[INFO]	67      SUCCESS               62.333333 (157.14%) [4 edit(s)]  
2024-07-03 15:51:27,603	[DEBUG]	patch(67)="ParamSetting(('minisat_simplified.params', 'param', 'simp-gc-frac'), 166156452.10919583) | ParamSetting(('minisat_simplified.params', 'param', 'sub-lim'), 19112) | ParamSetting(('minisat_simplified.params', 'param', 'rinc'), 1290.4680549874638) | ParamSetting(('minisat_simplified.params', 'param', 'var-decay'), 0.65252030635164)"
2024-07-03 15:51:27,604	[INFO]	68      SUCCESS              +21.666667 (54.62%) [4 edit(s)] [cached] 
2024-07-03 15:51:27,605	[DEBUG]	patch(68)="ParamSetting(('minisat_simplified.params', 'param', 'simp-gc-frac'), 166156452.10919583) | ParamSetting(('minisat_simplified.params', 'param', 'sub-lim'), 19112) | ParamSetting(('minisat_simplified.params', 'param', 'rinc'), 1290.4680549874638) | ParamSetting(('minisat_simplified.params', 'param', 'asymm'), 'False')"
2024-07-03 15:51:27,605	[INFO]	69      SUCCESS               24.666667 (62.18%) [3 edit(s)] [cached] 
2024-07-03 15:51:27,605	[DEBUG]	patch(69)="ParamSetting(('minisat_simplified.params', 'param', 'simp-gc-frac'), 166156452.10919583) | ParamSetting(('minisat_simplified.params', 'param', 'sub-lim'), 19112) | ParamSetting(('minisat_simplified.params', 'param', 'asymm'), 'False')"
2024-07-03 15:51:34,811	[DEBUG]	EXEC>  SUCCESS 34.0
2024-07-03 15:51:34,811	[INFO]	70      SUCCESS               34.000000 (85.71%) [5 edit(s)]  
2024-07-03 15:51:34,811	[DEBUG]	patch(70)="ParamSetting(('minisat_simplified.params', 'param', 'simp-gc-frac'), 166156452.10919583) | ParamSetting(('minisat_simplified.params', 'param', 'sub-lim'), 19112) | ParamSetting(('minisat_simplified.params', 'param', 'rinc'), 1290.4680549874638) | ParamSetting(('minisat_simplified.params', 'param', 'asymm'), 'False') | ParamSetting(('minisat_simplified.params', 'param', 'sub-lim'), 28284)"
2024-07-03 15:51:34,812	[INFO]	71      SUCCESS              +21.666667 (54.62%) [5 edit(s)] [cached] 
2024-07-03 15:51:34,812	[DEBUG]	patch(71)="ParamSetting(('minisat_simplified.params', 'param', 'simp-gc-frac'), 166156452.10919583) | ParamSetting(('minisat_simplified.params', 'param', 'sub-lim'), 19112) | ParamSetting(('minisat_simplified.params', 'param', 'rinc'), 1290.4680549874638) | ParamSetting(('minisat_simplified.params', 'param', 'asymm'), 'False') | ParamSetting(('minisat_simplified.params', 'param', 'asymm'), 'False')"
2024-07-03 15:51:34,813	[INFO]	72      SUCCESS              +21.666667 (54.62%) [4 edit(s)] [cached] 
2024-07-03 15:51:34,813	[DEBUG]	patch(72)="ParamSetting(('minisat_simplified.params', 'param', 'simp-gc-frac'), 166156452.10919583) | ParamSetting(('minisat_simplified.params', 'param', 'sub-lim'), 19112) | ParamSetting(('minisat_simplified.params', 'param', 'rinc'), 1290.4680549874638) | ParamSetting(('minisat_simplified.params', 'param', 'asymm'), 'False')"
2024-07-03 15:51:57,172	[DEBUG]	EXEC>  SUCCESS 33.333333333333336
2024-07-03 15:51:57,172	[INFO]	73      SUCCESS               33.333333 (84.03%) [5 edit(s)]  
2024-07-03 15:51:57,172	[DEBUG]	patch(73)="ParamSetting(('minisat_simplified.params', 'param', 'simp-gc-frac'), 166156452.10919583) | ParamSetting(('minisat_simplified.params', 'param', 'sub-lim'), 19112) | ParamSetting(('minisat_simplified.params', 'param', 'rinc'), 1290.4680549874638) | ParamSetting(('minisat_simplified.params', 'param', 'asymm'), 'False') | ParamSetting(('minisat_simplified.params', 'param', 'var-decay'), 0.7368851214228137)"
2024-07-03 15:51:57,173	[INFO]	74      SUCCESS              +21.666667 (54.62%) [5 edit(s)] [cached] 
2024-07-03 15:51:57,173	[DEBUG]	patch(74)="ParamSetting(('minisat_simplified.params', 'param', 'simp-gc-frac'), 166156452.10919583) | ParamSetting(('minisat_simplified.params', 'param', 'sub-lim'), 19112) | ParamSetting(('minisat_simplified.params', 'param', 'rinc'), 1290.4680549874638) | ParamSetting(('minisat_simplified.params', 'param', 'asymm'), 'False') | ParamSetting(('minisat_simplified.params', 'param', 'pre'), 'True')"
2024-07-03 15:51:57,174	[INFO]	75      SUCCESS              +21.666667 (54.62%) [4 edit(s)] [cached] 
2024-07-03 15:51:57,174	[DEBUG]	patch(75)="ParamSetting(('minisat_simplified.params', 'param', 'simp-gc-frac'), 166156452.10919583) | ParamSetting(('minisat_simplified.params', 'param', 'sub-lim'), 19112) | ParamSetting(('minisat_simplified.params', 'param', 'rinc'), 1290.4680549874638) | ParamSetting(('minisat_simplified.params', 'param', 'asymm'), 'False')"
2024-07-03 15:52:04,410	[DEBUG]	EXEC>  SUCCESS 33.666666666666664
2024-07-03 15:52:04,410	[INFO]	76      SUCCESS               33.666667 (84.87%) [5 edit(s)]  
2024-07-03 15:52:04,410	[DEBUG]	patch(76)="ParamSetting(('minisat_simplified.params', 'param', 'simp-gc-frac'), 166156452.10919583) | ParamSetting(('minisat_simplified.params', 'param', 'sub-lim'), 19112) | ParamSetting(('minisat_simplified.params', 'param', 'rinc'), 1290.4680549874638) | ParamSetting(('minisat_simplified.params', 'param', 'asymm'), 'False') | ParamSetting(('minisat_simplified.params', 'param', 'simp-gc-frac'), 6208749.060759478)"
2024-07-03 15:52:04,412	[INFO]	77      SUCCESS               24.666667 (62.18%) [3 edit(s)] [cached] 
2024-07-03 15:52:04,412	[DEBUG]	patch(77)="ParamSetting(('minisat_simplified.params', 'param', 'simp-gc-frac'), 166156452.10919583) | ParamSetting(('minisat_simplified.params', 'param', 'sub-lim'), 19112) | ParamSetting(('minisat_simplified.params', 'param', 'asymm'), 'False')"
2024-07-03 15:52:11,714	[DEBUG]	EXEC>  SUCCESS 47.0
2024-07-03 15:52:11,714	[INFO]	78      SUCCESS               47.000000 (118.49%) [5 edit(s)]  
2024-07-03 15:52:11,714	[DEBUG]	patch(78)="ParamSetting(('minisat_simplified.params', 'param', 'simp-gc-frac'), 166156452.10919583) | ParamSetting(('minisat_simplified.params', 'param', 'sub-lim'), 19112) | ParamSetting(('minisat_simplified.params', 'param', 'rinc'), 1290.4680549874638) | ParamSetting(('minisat_simplified.params', 'param', 'asymm'), 'False') | ParamSetting(('minisat_simplified.params', 'param', 'rnd-seed'), 2092320904)"
2024-07-03 15:52:11,715	[INFO]	79      SUCCESS              +21.666667 (54.62%) [3 edit(s)] [cached] 
2024-07-03 15:52:11,715	[DEBUG]	patch(79)="ParamSetting(('minisat_simplified.params', 'param', 'simp-gc-frac'), 166156452.10919583) | ParamSetting(('minisat_simplified.params', 'param', 'sub-lim'), 19112) | ParamSetting(('minisat_simplified.params', 'param', 'rinc'), 1290.4680549874638)"
2024-07-03 15:52:11,716	[INFO]	80      SUCCESS               56.333333 (142.02%) [2 edit(s)] [cached] 
2024-07-03 15:52:11,716	[DEBUG]	patch(80)="ParamSetting(('minisat_simplified.params', 'param', 'simp-gc-frac'), 166156452.10919583) | ParamSetting(('minisat_simplified.params', 'param', 'rinc'), 1290.4680549874638)"
2024-07-03 15:52:18,992	[DEBUG]	EXEC>  SUCCESS 64.0
2024-07-03 15:52:18,993	[INFO]	81      SUCCESS               64.000000 (161.34%) [4 edit(s)]  
2024-07-03 15:52:18,993	[DEBUG]	patch(81)="ParamSetting(('minisat_simplified.params', 'param', 'simp-gc-frac'), 166156452.10919583) | ParamSetting(('minisat_simplified.params', 'param', 'sub-lim'), 19112) | ParamSetting(('minisat_simplified.params', 'param', 'rinc'), 1290.4680549874638) | ParamSetting(('minisat_simplified.params', 'param', 'cl-lim'), 20960)"
2024-07-03 15:52:26,135	[DEBUG]	EXEC>  SUCCESS 61.666666666666664
2024-07-03 15:52:26,135	[INFO]	82      SUCCESS               61.666667 (155.46%) [4 edit(s)]  
2024-07-03 15:52:26,136	[DEBUG]	patch(82)="ParamSetting(('minisat_simplified.params', 'param', 'simp-gc-frac'), 166156452.10919583) | ParamSetting(('minisat_simplified.params', 'param', 'sub-lim'), 19112) | ParamSetting(('minisat_simplified.params', 'param', 'rinc'), 1290.4680549874638) | ParamSetting(('minisat_simplified.params', 'param', 'rnd-seed'), 1229672894)"
2024-07-03 15:52:26,137	[INFO]	83      SUCCESS              +21.666667 (54.62%) [4 edit(s)] [cached] 
2024-07-03 15:52:26,137	[DEBUG]	patch(83)="ParamSetting(('minisat_simplified.params', 'param', 'simp-gc-frac'), 166156452.10919583) | ParamSetting(('minisat_simplified.params', 'param', 'sub-lim'), 19112) | ParamSetting(('minisat_simplified.params', 'param', 'rinc'), 1290.4680549874638) | ParamSetting(('minisat_simplified.params', 'param', 'asymm'), 'False')"
2024-07-03 15:52:26,137	[INFO]	84      SUCCESS              +21.666667 (54.62%) [3 edit(s)] [cached] 
2024-07-03 15:52:26,138	[DEBUG]	patch(84)="ParamSetting(('minisat_simplified.params', 'param', 'simp-gc-frac'), 166156452.10919583) | ParamSetting(('minisat_simplified.params', 'param', 'sub-lim'), 19112) | ParamSetting(('minisat_simplified.params', 'param', 'rinc'), 1290.4680549874638)"
2024-07-03 15:52:26,138	[INFO]	85      SUCCESS               56.333333 (142.02%) [2 edit(s)] [cached] 
2024-07-03 15:52:26,138	[DEBUG]	patch(85)="ParamSetting(('minisat_simplified.params', 'param', 'simp-gc-frac'), 166156452.10919583) | ParamSetting(('minisat_simplified.params', 'param', 'rinc'), 1290.4680549874638)"
2024-07-03 15:52:26,139	[INFO]	86      SUCCESS              +21.666667 (54.62%) [4 edit(s)] [cached] 
2024-07-03 15:52:26,139	[DEBUG]	patch(86)="ParamSetting(('minisat_simplified.params', 'param', 'simp-gc-frac'), 166156452.10919583) | ParamSetting(('minisat_simplified.params', 'param', 'sub-lim'), 19112) | ParamSetting(('minisat_simplified.params', 'param', 'rinc'), 1290.4680549874638) | ParamSetting(('minisat_simplified.params', 'param', 'elim'), 'True')"
2024-07-03 15:52:26,140	[INFO]	87      SUCCESS              +21.666667 (54.62%) [3 edit(s)] [cached] 
2024-07-03 15:52:26,140	[DEBUG]	patch(87)="ParamSetting(('minisat_simplified.params', 'param', 'simp-gc-frac'), 166156452.10919583) | ParamSetting(('minisat_simplified.params', 'param', 'sub-lim'), 19112) | ParamSetting(('minisat_simplified.params', 'param', 'rinc'), 1290.4680549874638)"
2024-07-03 15:52:26,141	[INFO]	88      SUCCESS               74.333333 (187.39%) [2 edit(s)] [cached] 
2024-07-03 15:52:26,141	[DEBUG]	patch(88)="ParamSetting(('minisat_simplified.params', 'param', 'sub-lim'), 19112) | ParamSetting(('minisat_simplified.params', 'param', 'rinc'), 1290.4680549874638)"
2024-07-03 15:52:33,316	[DEBUG]	EXEC>  SUCCESS 44.0
2024-07-03 15:52:33,316	[INFO]	89      SUCCESS               44.000000 (110.92%) [4 edit(s)]  
2024-07-03 15:52:33,316	[DEBUG]	patch(89)="ParamSetting(('minisat_simplified.params', 'param', 'simp-gc-frac'), 166156452.10919583) | ParamSetting(('minisat_simplified.params', 'param', 'sub-lim'), 19112) | ParamSetting(('minisat_simplified.params', 'param', 'rinc'), 1290.4680549874638) | ParamSetting(('minisat_simplified.params', 'param', 'rnd-seed'), 132366472)"
2024-07-03 15:52:33,317	[INFO]	90      SUCCESS               56.333333 (142.02%) [2 edit(s)] [cached] 
2024-07-03 15:52:33,317	[DEBUG]	patch(90)="ParamSetting(('minisat_simplified.params', 'param', 'simp-gc-frac'), 166156452.10919583) | ParamSetting(('minisat_simplified.params', 'param', 'rinc'), 1290.4680549874638)"
2024-07-03 15:52:33,318	[INFO]	91      SUCCESS               24.666667 (62.18%) [2 edit(s)] [cached] 
2024-07-03 15:52:33,318	[DEBUG]	patch(91)="ParamSetting(('minisat_simplified.params', 'param', 'simp-gc-frac'), 166156452.10919583) | ParamSetting(('minisat_simplified.params', 'param', 'sub-lim'), 19112)"
2024-07-03 15:52:41,146	[DEBUG]	EXEC>  SUCCESS 68.0
2024-07-03 15:52:41,146	[INFO]	92      SUCCESS               68.000000 (171.43%) [4 edit(s)]  
2024-07-03 15:52:41,146	[DEBUG]	patch(92)="ParamSetting(('minisat_simplified.params', 'param', 'simp-gc-frac'), 166156452.10919583) | ParamSetting(('minisat_simplified.params', 'param', 'sub-lim'), 19112) | ParamSetting(('minisat_simplified.params', 'param', 'rinc'), 1290.4680549874638) | ParamSetting(('minisat_simplified.params', 'param', 'grow'), -2844)"
2024-07-03 15:52:41,147	[INFO]	93      SUCCESS              +21.666667 (54.62%) [4 edit(s)] [cached] 
2024-07-03 15:52:41,147	[DEBUG]	patch(93)="ParamSetting(('minisat_simplified.params', 'param', 'simp-gc-frac'), 166156452.10919583) | ParamSetting(('minisat_simplified.params', 'param', 'sub-lim'), 19112) | ParamSetting(('minisat_simplified.params', 'param', 'rinc'), 1290.4680549874638) | ParamSetting(('minisat_simplified.params', 'param', 'ccmin-mode'), 2)"
2024-07-03 15:52:52,180	[DEBUG]	EXEC>  SUCCESS 18.666666666666668
2024-07-03 15:52:52,180	[INFO]	94      SUCCESS              *18.666667 (47.06%) [5 edit(s)]  
2024-07-03 15:52:52,181	[DEBUG]	patch(94)="ParamSetting(('minisat_simplified.params', 'param', 'simp-gc-frac'), 166156452.10919583) | ParamSetting(('minisat_simplified.params', 'param', 'sub-lim'), 19112) | ParamSetting(('minisat_simplified.params', 'param', 'rinc'), 1290.4680549874638) | ParamSetting(('minisat_simplified.params', 'param', 'ccmin-mode'), 2) | ParamSetting(('minisat_simplified.params', 'param', 'rnd-freq'), 0.14087891370112549)"
--- before: minisat_simplified.params
+++ after: minisat_simplified.params
@@ -1,10 +1,10 @@
 luby := 'True'
 rnd-init := 'False'
 gc-frac := 0.2
-rinc := 2.0
+rinc := 1290.4680549874638
 var-decay := 0.95
 cla-decay := 0.999
-rnd-freq := 0.0
+rnd-freq := 0.14087891370112549
 rnd-seed := 91648253
 phase-saving := 2
 ccmin-mode := 2
@@ -14,7 +14,7 @@
 rcheck := 'False'
 asymm := 'False'
 elim := 'True'
-simp-gc-frac := 0.5
-sub-lim := 1000
+simp-gc-frac := 166156452.10919583
+sub-lim := 19112
 cl-lim := 20
 grow := 0

2024-07-03 15:53:03,273	[DEBUG]	EXEC>  SUCCESS 50.666666666666664
2024-07-03 15:53:03,274	[INFO]	95      SUCCESS               50.666667 (127.73%) [6 edit(s)]  
2024-07-03 15:53:03,274	[DEBUG]	patch(95)="ParamSetting(('minisat_simplified.params', 'param', 'simp-gc-frac'), 166156452.10919583) | ParamSetting(('minisat_simplified.params', 'param', 'sub-lim'), 19112) | ParamSetting(('minisat_simplified.params', 'param', 'rinc'), 1290.4680549874638) | ParamSetting(('minisat_simplified.params', 'param', 'ccmin-mode'), 2) | ParamSetting(('minisat_simplified.params', 'param', 'rnd-freq'), 0.14087891370112549) | ParamSetting(('minisat_simplified.params', 'param', 'rinc'), 1946.8882348945488)"
2024-07-03 15:53:03,275	[INFO]	96      SUCCESS               21.666667 (54.62%) [4 edit(s)] [cached] 
2024-07-03 15:53:03,275	[DEBUG]	patch(96)="ParamSetting(('minisat_simplified.params', 'param', 'simp-gc-frac'), 166156452.10919583) | ParamSetting(('minisat_simplified.params', 'param', 'sub-lim'), 19112) | ParamSetting(('minisat_simplified.params', 'param', 'rinc'), 1290.4680549874638) | ParamSetting(('minisat_simplified.params', 'param', 'ccmin-mode'), 2)"
2024-07-03 15:54:21,455	[DEBUG]	EXEC>  SUCCESS 45.666666666666664
2024-07-03 15:54:21,455	[INFO]	97      SUCCESS               45.666667 (115.13%) [4 edit(s)]  
2024-07-03 15:54:21,456	[DEBUG]	patch(97)="ParamSetting(('minisat_simplified.params', 'param', 'simp-gc-frac'), 166156452.10919583) | ParamSetting(('minisat_simplified.params', 'param', 'sub-lim'), 19112) | ParamSetting(('minisat_simplified.params', 'param', 'ccmin-mode'), 2) | ParamSetting(('minisat_simplified.params', 'param', 'rnd-freq'), 0.14087891370112549)"
2024-07-03 15:54:21,457	[INFO]	98      SUCCESS              +18.666667 (47.06%) [6 edit(s)] [cached] 
2024-07-03 15:54:21,457	[DEBUG]	patch(98)="ParamSetting(('minisat_simplified.params', 'param', 'simp-gc-frac'), 166156452.10919583) | ParamSetting(('minisat_simplified.params', 'param', 'sub-lim'), 19112) | ParamSetting(('minisat_simplified.params', 'param', 'rinc'), 1290.4680549874638) | ParamSetting(('minisat_simplified.params', 'param', 'ccmin-mode'), 2) | ParamSetting(('minisat_simplified.params', 'param', 'rnd-freq'), 0.14087891370112549) | ParamSetting(('minisat_simplified.params', 'param', 'phase-saving'), 2)"
2024-07-03 15:54:31,708	[DEBUG]	EXEC>  SUCCESS 64.66666666666667
2024-07-03 15:54:31,708	[INFO]	99      SUCCESS               64.666667 (163.03%) [7 edit(s)]  
2024-07-03 15:54:31,708	[DEBUG]	patch(99)="ParamSetting(('minisat_simplified.params', 'param', 'simp-gc-frac'), 166156452.10919583) | ParamSetting(('minisat_simplified.params', 'param', 'sub-lim'), 19112) | ParamSetting(('minisat_simplified.params', 'param', 'rinc'), 1290.4680549874638) | ParamSetting(('minisat_simplified.params', 'param', 'ccmin-mode'), 2) | ParamSetting(('minisat_simplified.params', 'param', 'rnd-freq'), 0.14087891370112549) | ParamSetting(('minisat_simplified.params', 'param', 'phase-saving'), 2) | ParamSetting(('minisat_simplified.params', 'param', 'rfirst'), 8591)"
2024-07-03 15:54:42,678	[DEBUG]	EXEC>  SUCCESS 55.333333333333336
2024-07-03 15:54:42,678	[INFO]	100     SUCCESS               55.333333 (139.50%) [5 edit(s)]  
2024-07-03 15:54:42,678	[DEBUG]	patch(100)="ParamSetting(('minisat_simplified.params', 'param', 'simp-gc-frac'), 166156452.10919583) | ParamSetting(('minisat_simplified.params', 'param', 'rinc'), 1290.4680549874638) | ParamSetting(('minisat_simplified.params', 'param', 'ccmin-mode'), 2) | ParamSetting(('minisat_simplified.params', 'param', 'rnd-freq'), 0.14087891370112549) | ParamSetting(('minisat_simplified.params', 'param', 'phase-saving'), 2)"
2024-07-03 15:54:42,680	[INFO]	101     SUCCESS              +18.666667 (47.06%) [5 edit(s)] [cached] 
2024-07-03 15:54:42,680	[DEBUG]	patch(101)="ParamSetting(('minisat_simplified.params', 'param', 'simp-gc-frac'), 166156452.10919583) | ParamSetting(('minisat_simplified.params', 'param', 'sub-lim'), 19112) | ParamSetting(('minisat_simplified.params', 'param', 'rinc'), 1290.4680549874638) | ParamSetting(('minisat_simplified.params', 'param', 'rnd-freq'), 0.14087891370112549) | ParamSetting(('minisat_simplified.params', 'param', 'phase-saving'), 2)"
2024-07-03 15:54:42,681	[INFO]	102     SUCCESS               55.333333 (139.50%) [4 edit(s)] [cached] 
2024-07-03 15:54:42,681	[DEBUG]	patch(102)="ParamSetting(('minisat_simplified.params', 'param', 'simp-gc-frac'), 166156452.10919583) | ParamSetting(('minisat_simplified.params', 'param', 'rinc'), 1290.4680549874638) | ParamSetting(('minisat_simplified.params', 'param', 'rnd-freq'), 0.14087891370112549) | ParamSetting(('minisat_simplified.params', 'param', 'phase-saving'), 2)"
2024-07-03 15:54:42,682	[INFO]	103     SUCCESS              +18.666667 (47.06%) [4 edit(s)] [cached] 
2024-07-03 15:54:42,682	[DEBUG]	patch(103)="ParamSetting(('minisat_simplified.params', 'param', 'simp-gc-frac'), 166156452.10919583) | ParamSetting(('minisat_simplified.params', 'param', 'sub-lim'), 19112) | ParamSetting(('minisat_simplified.params', 'param', 'rinc'), 1290.4680549874638) | ParamSetting(('minisat_simplified.params', 'param', 'rnd-freq'), 0.14087891370112549)"
2024-07-03 15:54:42,683	[INFO]	104     SUCCESS               55.333333 (139.50%) [3 edit(s)] [cached] 
2024-07-03 15:54:42,683	[DEBUG]	patch(104)="ParamSetting(('minisat_simplified.params', 'param', 'simp-gc-frac'), 166156452.10919583) | ParamSetting(('minisat_simplified.params', 'param', 'rinc'), 1290.4680549874638) | ParamSetting(('minisat_simplified.params', 'param', 'rnd-freq'), 0.14087891370112549)"
2024-07-03 15:54:56,498	[DEBUG]	EXEC>  SUCCESS 50.0
2024-07-03 15:54:56,498	[INFO]	105     SUCCESS               50.000000 (126.05%) [5 edit(s)]  
2024-07-03 15:54:56,498	[DEBUG]	patch(105)="ParamSetting(('minisat_simplified.params', 'param', 'simp-gc-frac'), 166156452.10919583) | ParamSetting(('minisat_simplified.params', 'param', 'sub-lim'), 19112) | ParamSetting(('minisat_simplified.params', 'param', 'rinc'), 1290.4680549874638) | ParamSetting(('minisat_simplified.params', 'param', 'rnd-freq'), 0.14087891370112549) | ParamSetting(('minisat_simplified.params', 'param', 'cla-decay'), 0.643345262548478)"
2024-07-03 15:55:07,580	[DEBUG]	EXEC>  SUCCESS 67.33333333333333
2024-07-03 15:55:07,580	[INFO]	106     SUCCESS               67.333333 (169.75%) [5 edit(s)]  
2024-07-03 15:55:07,580	[DEBUG]	patch(106)="ParamSetting(('minisat_simplified.params', 'param', 'simp-gc-frac'), 166156452.10919583) | ParamSetting(('minisat_simplified.params', 'param', 'sub-lim'), 19112) | ParamSetting(('minisat_simplified.params', 'param', 'rinc'), 1290.4680549874638) | ParamSetting(('minisat_simplified.params', 'param', 'rnd-freq'), 0.14087891370112549) | ParamSetting(('minisat_simplified.params', 'param', 'verb'), '2')"
2024-07-03 15:55:18,551	[DEBUG]	EXEC>  SUCCESS 75.0
2024-07-03 15:55:18,551	[INFO]	107     SUCCESS               75.000000 (189.08%) [5 edit(s)]  
2024-07-03 15:55:18,551	[DEBUG]	patch(107)="ParamSetting(('minisat_simplified.params', 'param', 'simp-gc-frac'), 166156452.10919583) | ParamSetting(('minisat_simplified.params', 'param', 'sub-lim'), 19112) | ParamSetting(('minisat_simplified.params', 'param', 'rinc'), 1290.4680549874638) | ParamSetting(('minisat_simplified.params', 'param', 'rnd-freq'), 0.14087891370112549) | ParamSetting(('minisat_simplified.params', 'param', 'sub-lim'), 1651)"
2024-07-03 15:55:29,621	[DEBUG]	EXEC>  SUCCESS 72.33333333333333
2024-07-03 15:55:29,621	[INFO]	108     SUCCESS               72.333333 (182.35%) [5 edit(s)]  
2024-07-03 15:55:29,621	[DEBUG]	patch(108)="ParamSetting(('minisat_simplified.params', 'param', 'simp-gc-frac'), 166156452.10919583) | ParamSetting(('minisat_simplified.params', 'param', 'sub-lim'), 19112) | ParamSetting(('minisat_simplified.params', 'param', 'rinc'), 1290.4680549874638) | ParamSetting(('minisat_simplified.params', 'param', 'rnd-freq'), 0.14087891370112549) | ParamSetting(('minisat_simplified.params', 'param', 'sub-lim'), 42646)"
2024-07-03 15:55:44,176	[DEBUG]	EXEC>  SUCCESS 50.666666666666664
2024-07-03 15:55:44,176	[INFO]	109     SUCCESS               50.666667 (127.73%) [5 edit(s)]  
2024-07-03 15:55:44,177	[DEBUG]	patch(109)="ParamSetting(('minisat_simplified.params', 'param', 'simp-gc-frac'), 166156452.10919583) | ParamSetting(('minisat_simplified.params', 'param', 'sub-lim'), 19112) | ParamSetting(('minisat_simplified.params', 'param', 'rinc'), 1290.4680549874638) | ParamSetting(('minisat_simplified.params', 'param', 'rnd-freq'), 0.14087891370112549) | ParamSetting(('minisat_simplified.params', 'param', 'asymm'), 'True')"
2024-07-03 15:55:44,178	[INFO]	110     SUCCESS               45.666667 (115.13%) [3 edit(s)] [cached] 
2024-07-03 15:55:44,178	[DEBUG]	patch(110)="ParamSetting(('minisat_simplified.params', 'param', 'simp-gc-frac'), 166156452.10919583) | ParamSetting(('minisat_simplified.params', 'param', 'sub-lim'), 19112) | ParamSetting(('minisat_simplified.params', 'param', 'rnd-freq'), 0.14087891370112549)"
2024-07-03 15:56:22,676	[DEBUG]	EXEC>  SUCCESS 34.666666666666664
2024-07-03 15:56:22,676	[INFO]	111     SUCCESS               34.666667 (87.39%) [5 edit(s)]  
2024-07-03 15:56:22,676	[DEBUG]	patch(111)="ParamSetting(('minisat_simplified.params', 'param', 'simp-gc-frac'), 166156452.10919583) | ParamSetting(('minisat_simplified.params', 'param', 'sub-lim'), 19112) | ParamSetting(('minisat_simplified.params', 'param', 'rinc'), 1290.4680549874638) | ParamSetting(('minisat_simplified.params', 'param', 'rnd-freq'), 0.14087891370112549) | ParamSetting(('minisat_simplified.params', 'param', 'rnd-freq'), 0.32438723996686725)"
2024-07-03 15:56:37,668	[DEBUG]	EXEC>  SUCCESS 32.0
2024-07-03 15:56:37,668	[INFO]	112     SUCCESS               32.000000 (80.67%) [5 edit(s)]  
2024-07-03 15:56:37,668	[DEBUG]	patch(112)="ParamSetting(('minisat_simplified.params', 'param', 'simp-gc-frac'), 166156452.10919583) | ParamSetting(('minisat_simplified.params', 'param', 'sub-lim'), 19112) | ParamSetting(('minisat_simplified.params', 'param', 'rinc'), 1290.4680549874638) | ParamSetting(('minisat_simplified.params', 'param', 'rnd-freq'), 0.14087891370112549) | ParamSetting(('minisat_simplified.params', 'param', 'grow'), -1496)"
2024-07-03 15:56:37,669	[INFO]	113     SUCCESS               21.666667 (54.62%) [3 edit(s)] [cached] 
2024-07-03 15:56:37,669	[DEBUG]	patch(113)="ParamSetting(('minisat_simplified.params', 'param', 'simp-gc-frac'), 166156452.10919583) | ParamSetting(('minisat_simplified.params', 'param', 'sub-lim'), 19112) | ParamSetting(('minisat_simplified.params', 'param', 'rinc'), 1290.4680549874638)"
2024-07-03 15:56:51,997	[DEBUG]	EXEC>  SUCCESS 73.66666666666667
2024-07-03 15:56:51,997	[INFO]	114     SUCCESS               73.666667 (185.71%) [5 edit(s)]  
2024-07-03 15:56:51,997	[DEBUG]	patch(114)="ParamSetting(('minisat_simplified.params', 'param', 'simp-gc-frac'), 166156452.10919583) | ParamSetting(('minisat_simplified.params', 'param', 'sub-lim'), 19112) | ParamSetting(('minisat_simplified.params', 'param', 'rinc'), 1290.4680549874638) | ParamSetting(('minisat_simplified.params', 'param', 'rnd-freq'), 0.14087891370112549) | ParamSetting(('minisat_simplified.params', 'param', 'rfirst'), 287)"
2024-07-03 15:57:37,472	[DEBUG]	EXEC>  SUCCESS 64.0
2024-07-03 15:57:37,472	[INFO]	115     SUCCESS               64.000000 (161.34%) [5 edit(s)]  
2024-07-03 15:57:37,472	[DEBUG]	patch(115)="ParamSetting(('minisat_simplified.params', 'param', 'simp-gc-frac'), 166156452.10919583) | ParamSetting(('minisat_simplified.params', 'param', 'sub-lim'), 19112) | ParamSetting(('minisat_simplified.params', 'param', 'rinc'), 1290.4680549874638) | ParamSetting(('minisat_simplified.params', 'param', 'rnd-freq'), 0.14087891370112549) | ParamSetting(('minisat_simplified.params', 'param', 'grow'), 1066)"
2024-07-03 15:57:48,498	[DEBUG]	EXEC>  SUCCESS 59.333333333333336
2024-07-03 15:57:48,498	[INFO]	116     SUCCESS               59.333333 (149.58%) [3 edit(s)]  
2024-07-03 15:57:48,498	[DEBUG]	patch(116)="ParamSetting(('minisat_simplified.params', 'param', 'sub-lim'), 19112) | ParamSetting(('minisat_simplified.params', 'param', 'rinc'), 1290.4680549874638) | ParamSetting(('minisat_simplified.params', 'param', 'rnd-freq'), 0.14087891370112549)"
2024-07-03 15:58:03,548	[DEBUG]	EXEC>  SUCCESS 33.333333333333336
2024-07-03 15:58:03,548	[INFO]	117     SUCCESS               33.333333 (84.03%) [5 edit(s)]  
2024-07-03 15:58:03,549	[DEBUG]	patch(117)="ParamSetting(('minisat_simplified.params', 'param', 'simp-gc-frac'), 166156452.10919583) | ParamSetting(('minisat_simplified.params', 'param', 'sub-lim'), 19112) | ParamSetting(('minisat_simplified.params', 'param', 'rinc'), 1290.4680549874638) | ParamSetting(('minisat_simplified.params', 'param', 'rnd-freq'), 0.14087891370112549) | ParamSetting(('minisat_simplified.params', 'param', 'pre'), 'False')"
2024-07-03 15:58:34,314	[DEBUG]	EXEC>  TIMEOUT None
2024-07-03 15:58:34,314	[INFO]	118     RUN_TIMEOUT           None (--) [5 edit(s)]  
2024-07-03 15:58:34,314	[DEBUG]	patch(118)="ParamSetting(('minisat_simplified.params', 'param', 'simp-gc-frac'), 166156452.10919583) | ParamSetting(('minisat_simplified.params', 'param', 'sub-lim'), 19112) | ParamSetting(('minisat_simplified.params', 'param', 'rinc'), 1290.4680549874638) | ParamSetting(('minisat_simplified.params', 'param', 'rnd-freq'), 0.14087891370112549) | ParamSetting(('minisat_simplified.params', 'param', 'rnd-freq'), 0.7465967996338305)"
2024-07-03 15:58:45,367	[DEBUG]	EXEC>  SUCCESS 52.666666666666664
2024-07-03 15:58:45,367	[INFO]	119     SUCCESS               52.666667 (132.77%) [5 edit(s)]  
2024-07-03 15:58:45,368	[DEBUG]	patch(119)="ParamSetting(('minisat_simplified.params', 'param', 'simp-gc-frac'), 166156452.10919583) | ParamSetting(('minisat_simplified.params', 'param', 'sub-lim'), 19112) | ParamSetting(('minisat_simplified.params', 'param', 'rinc'), 1290.4680549874638) | ParamSetting(('minisat_simplified.params', 'param', 'rnd-freq'), 0.14087891370112549) | ParamSetting(('minisat_simplified.params', 'param', 'sub-lim'), 7268)"
2024-07-03 15:58:45,369	[INFO]	120     SUCCESS              +18.666667 (47.06%) [5 edit(s)] [cached] 
2024-07-03 15:58:45,369	[DEBUG]	patch(120)="ParamSetting(('minisat_simplified.params', 'param', 'simp-gc-frac'), 166156452.10919583) | ParamSetting(('minisat_simplified.params', 'param', 'sub-lim'), 19112) | ParamSetting(('minisat_simplified.params', 'param', 'rinc'), 1290.4680549874638) | ParamSetting(('minisat_simplified.params', 'param', 'rnd-freq'), 0.14087891370112549) | ParamSetting(('minisat_simplified.params', 'param', 'asymm'), 'False')"
2024-07-03 15:58:55,924	[DEBUG]	EXEC>  SUCCESS 72.33333333333333
2024-07-03 15:58:55,925	[INFO]	121     SUCCESS               72.333333 (182.35%) [6 edit(s)]  
2024-07-03 15:58:55,925	[DEBUG]	patch(121)="ParamSetting(('minisat_simplified.params', 'param', 'simp-gc-frac'), 166156452.10919583) | ParamSetting(('minisat_simplified.params', 'param', 'sub-lim'), 19112) | ParamSetting(('minisat_simplified.params', 'param', 'rinc'), 1290.4680549874638) | ParamSetting(('minisat_simplified.params', 'param', 'rnd-freq'), 0.14087891370112549) | ParamSetting(('minisat_simplified.params', 'param', 'asymm'), 'False') | ParamSetting(('minisat_simplified.params', 'param', 'rnd-seed'), 1104780256)"
2024-07-03 15:59:38,366	[DEBUG]	EXEC>  SUCCESS 52.666666666666664
2024-07-03 15:59:38,366	[INFO]	122     SUCCESS               52.666667 (132.77%) [6 edit(s)]  
2024-07-03 15:59:38,366	[DEBUG]	patch(122)="ParamSetting(('minisat_simplified.params', 'param', 'simp-gc-frac'), 166156452.10919583) | ParamSetting(('minisat_simplified.params', 'param', 'sub-lim'), 19112) | ParamSetting(('minisat_simplified.params', 'param', 'rinc'), 1290.4680549874638) | ParamSetting(('minisat_simplified.params', 'param', 'rnd-freq'), 0.14087891370112549) | ParamSetting(('minisat_simplified.params', 'param', 'asymm'), 'False') | ParamSetting(('minisat_simplified.params', 'param', 'var-decay'), 0.10270880692779849)"
2024-07-03 15:59:38,367	[INFO]	123     SUCCESS               21.666667 (54.62%) [4 edit(s)] [cached] 
2024-07-03 15:59:38,367	[DEBUG]	patch(123)="ParamSetting(('minisat_simplified.params', 'param', 'simp-gc-frac'), 166156452.10919583) | ParamSetting(('minisat_simplified.params', 'param', 'sub-lim'), 19112) | ParamSetting(('minisat_simplified.params', 'param', 'rinc'), 1290.4680549874638) | ParamSetting(('minisat_simplified.params', 'param', 'asymm'), 'False')"
2024-07-03 15:59:38,368	[INFO]	124     SUCCESS              +18.666667 (47.06%) [4 edit(s)] [cached] 
2024-07-03 15:59:38,368	[DEBUG]	patch(124)="ParamSetting(('minisat_simplified.params', 'param', 'simp-gc-frac'), 166156452.10919583) | ParamSetting(('minisat_simplified.params', 'param', 'sub-lim'), 19112) | ParamSetting(('minisat_simplified.params', 'param', 'rinc'), 1290.4680549874638) | ParamSetting(('minisat_simplified.params', 'param', 'rnd-freq'), 0.14087891370112549)"
2024-07-03 15:59:38,369	[INFO]	125     SUCCESS               59.333333 (149.58%) [3 edit(s)] [cached] 
2024-07-03 15:59:38,369	[DEBUG]	patch(125)="ParamSetting(('minisat_simplified.params', 'param', 'sub-lim'), 19112) | ParamSetting(('minisat_simplified.params', 'param', 'rinc'), 1290.4680549874638) | ParamSetting(('minisat_simplified.params', 'param', 'rnd-freq'), 0.14087891370112549)"
2024-07-03 15:59:38,370	[INFO]	126     SUCCESS               55.333333 (139.50%) [3 edit(s)] [cached] 
2024-07-03 15:59:38,370	[DEBUG]	patch(126)="ParamSetting(('minisat_simplified.params', 'param', 'simp-gc-frac'), 166156452.10919583) | ParamSetting(('minisat_simplified.params', 'param', 'rinc'), 1290.4680549874638) | ParamSetting(('minisat_simplified.params', 'param', 'rnd-freq'), 0.14087891370112549)"
2024-07-03 15:59:50,333	[DEBUG]	EXEC>  SUCCESS 73.66666666666667
2024-07-03 15:59:50,333	[INFO]	127     SUCCESS               73.666667 (185.71%) [5 edit(s)]  
2024-07-03 15:59:50,333	[DEBUG]	patch(127)="ParamSetting(('minisat_simplified.params', 'param', 'simp-gc-frac'), 166156452.10919583) | ParamSetting(('minisat_simplified.params', 'param', 'sub-lim'), 19112) | ParamSetting(('minisat_simplified.params', 'param', 'rinc'), 1290.4680549874638) | ParamSetting(('minisat_simplified.params', 'param', 'rnd-freq'), 0.14087891370112549) | ParamSetting(('minisat_simplified.params', 'param', 'rnd-seed'), 1990265186)"
2024-07-03 16:00:02,863	[DEBUG]	EXEC>  SUCCESS 53.333333333333336
2024-07-03 16:00:02,863	[INFO]	128     SUCCESS               53.333333 (134.45%) [5 edit(s)]  
2024-07-03 16:00:02,863	[DEBUG]	patch(128)="ParamSetting(('minisat_simplified.params', 'param', 'simp-gc-frac'), 166156452.10919583) | ParamSetting(('minisat_simplified.params', 'param', 'sub-lim'), 19112) | ParamSetting(('minisat_simplified.params', 'param', 'rinc'), 1290.4680549874638) | ParamSetting(('minisat_simplified.params', 'param', 'rnd-freq'), 0.14087891370112549) | ParamSetting(('minisat_simplified.params', 'param', 'rnd-seed'), 13286364)"
2024-07-03 16:00:14,972	[DEBUG]	EXEC>  SUCCESS 37.0
2024-07-03 16:00:14,972	[INFO]	129     SUCCESS               37.000000 (93.28%) [5 edit(s)]  
2024-07-03 16:00:14,972	[DEBUG]	patch(129)="ParamSetting(('minisat_simplified.params', 'param', 'simp-gc-frac'), 166156452.10919583) | ParamSetting(('minisat_simplified.params', 'param', 'sub-lim'), 19112) | ParamSetting(('minisat_simplified.params', 'param', 'rinc'), 1290.4680549874638) | ParamSetting(('minisat_simplified.params', 'param', 'rnd-freq'), 0.14087891370112549) | ParamSetting(('minisat_simplified.params', 'param', 'rnd-seed'), 1176275027)"
2024-07-03 16:00:14,973	[INFO]	130     SUCCESS               21.666667 (54.62%) [3 edit(s)] [cached] 
2024-07-03 16:00:14,973	[DEBUG]	patch(130)="ParamSetting(('minisat_simplified.params', 'param', 'simp-gc-frac'), 166156452.10919583) | ParamSetting(('minisat_simplified.params', 'param', 'sub-lim'), 19112) | ParamSetting(('minisat_simplified.params', 'param', 'rinc'), 1290.4680549874638)"
2024-07-03 16:00:14,974	[INFO]	131     SUCCESS              +18.666667 (47.06%) [5 edit(s)] [cached] 
2024-07-03 16:00:14,974	[DEBUG]	patch(131)="ParamSetting(('minisat_simplified.params', 'param', 'simp-gc-frac'), 166156452.10919583) | ParamSetting(('minisat_simplified.params', 'param', 'sub-lim'), 19112) | ParamSetting(('minisat_simplified.params', 'param', 'rinc'), 1290.4680549874638) | ParamSetting(('minisat_simplified.params', 'param', 'rnd-freq'), 0.14087891370112549) | ParamSetting(('minisat_simplified.params', 'param', 'elim'), 'True')"
2024-07-03 16:00:14,975	[INFO]	132     SUCCESS               55.333333 (139.50%) [4 edit(s)] [cached] 
2024-07-03 16:00:14,975	[DEBUG]	patch(132)="ParamSetting(('minisat_simplified.params', 'param', 'simp-gc-frac'), 166156452.10919583) | ParamSetting(('minisat_simplified.params', 'param', 'rinc'), 1290.4680549874638) | ParamSetting(('minisat_simplified.params', 'param', 'rnd-freq'), 0.14087891370112549) | ParamSetting(('minisat_simplified.params', 'param', 'elim'), 'True')"
2024-07-03 16:00:14,976	[INFO]	133     SUCCESS               21.666667 (54.62%) [4 edit(s)] [cached] 
2024-07-03 16:00:14,976	[DEBUG]	patch(133)="ParamSetting(('minisat_simplified.params', 'param', 'simp-gc-frac'), 166156452.10919583) | ParamSetting(('minisat_simplified.params', 'param', 'sub-lim'), 19112) | ParamSetting(('minisat_simplified.params', 'param', 'rinc'), 1290.4680549874638) | ParamSetting(('minisat_simplified.params', 'param', 'elim'), 'True')"
2024-07-03 16:00:14,977	[INFO]	134     SUCCESS               45.666667 (115.13%) [4 edit(s)] [cached] 
2024-07-03 16:00:14,977	[DEBUG]	patch(134)="ParamSetting(('minisat_simplified.params', 'param', 'simp-gc-frac'), 166156452.10919583) | ParamSetting(('minisat_simplified.params', 'param', 'sub-lim'), 19112) | ParamSetting(('minisat_simplified.params', 'param', 'rnd-freq'), 0.14087891370112549) | ParamSetting(('minisat_simplified.params', 'param', 'elim'), 'True')"
2024-07-03 16:00:14,978	[INFO]	135     SUCCESS              +18.666667 (47.06%) [6 edit(s)] [cached] 
2024-07-03 16:00:14,978	[DEBUG]	patch(135)="ParamSetting(('minisat_simplified.params', 'param', 'simp-gc-frac'), 166156452.10919583) | ParamSetting(('minisat_simplified.params', 'param', 'sub-lim'), 19112) | ParamSetting(('minisat_simplified.params', 'param', 'rinc'), 1290.4680549874638) | ParamSetting(('minisat_simplified.params', 'param', 'rnd-freq'), 0.14087891370112549) | ParamSetting(('minisat_simplified.params', 'param', 'elim'), 'True') | ParamSetting(('minisat_simplified.params', 'param', 'asymm'), 'False')"
2024-07-03 16:00:14,979	[INFO]	136     SUCCESS               55.333333 (139.50%) [5 edit(s)] [cached] 
2024-07-03 16:00:14,979	[DEBUG]	patch(136)="ParamSetting(('minisat_simplified.params', 'param', 'simp-gc-frac'), 166156452.10919583) | ParamSetting(('minisat_simplified.params', 'param', 'rinc'), 1290.4680549874638) | ParamSetting(('minisat_simplified.params', 'param', 'rnd-freq'), 0.14087891370112549) | ParamSetting(('minisat_simplified.params', 'param', 'elim'), 'True') | ParamSetting(('minisat_simplified.params', 'param', 'asymm'), 'False')"
2024-07-03 16:00:14,979	[INFO]	137     SUCCESS               45.666667 (115.13%) [5 edit(s)] [cached] 
2024-07-03 16:00:14,980	[DEBUG]	patch(137)="ParamSetting(('minisat_simplified.params', 'param', 'simp-gc-frac'), 166156452.10919583) | ParamSetting(('minisat_simplified.params', 'param', 'sub-lim'), 19112) | ParamSetting(('minisat_simplified.params', 'param', 'rnd-freq'), 0.14087891370112549) | ParamSetting(('minisat_simplified.params', 'param', 'elim'), 'True') | ParamSetting(('minisat_simplified.params', 'param', 'asymm'), 'False')"
2024-07-03 16:00:32,922	[DEBUG]	EXEC>  SUCCESS 16.666666666666668
2024-07-03 16:00:32,922	[INFO]	138     SUCCESS              *16.666667 (42.02%) [7 edit(s)]  
2024-07-03 16:00:32,922	[DEBUG]	patch(138)="ParamSetting(('minisat_simplified.params', 'param', 'simp-gc-frac'), 166156452.10919583) | ParamSetting(('minisat_simplified.params', 'param', 'sub-lim'), 19112) | ParamSetting(('minisat_simplified.params', 'param', 'rinc'), 1290.4680549874638) | ParamSetting(('minisat_simplified.params', 'param', 'rnd-freq'), 0.14087891370112549) | ParamSetting(('minisat_simplified.params', 'param', 'elim'), 'True') | ParamSetting(('minisat_simplified.params', 'param', 'asymm'), 'False') | ParamSetting(('minisat_simplified.params', 'param', 'rcheck'), 'True')"
--- before: minisat_simplified.params
+++ after: minisat_simplified.params
@@ -1,20 +1,20 @@
 luby := 'True'
 rnd-init := 'False'
 gc-frac := 0.2
-rinc := 2.0
+rinc := 1290.4680549874638
 var-decay := 0.95
 cla-decay := 0.999
-rnd-freq := 0.0
+rnd-freq := 0.14087891370112549
 rnd-seed := 91648253
 phase-saving := 2
 ccmin-mode := 2
 rfirst := 100
 pre := 'True'
 verb := '1'
-rcheck := 'False'
+rcheck := 'True'
 asymm := 'False'
 elim := 'True'
-simp-gc-frac := 0.5
-sub-lim := 1000
+simp-gc-frac := 166156452.10919583
+sub-lim := 19112
 cl-lim := 20
 grow := 0

2024-07-03 16:00:32,923	[INFO]	139     SUCCESS              +16.666667 (42.02%) [6 edit(s)] [cached] 
2024-07-03 16:00:32,923	[DEBUG]	patch(139)="ParamSetting(('minisat_simplified.params', 'param', 'simp-gc-frac'), 166156452.10919583) | ParamSetting(('minisat_simplified.params', 'param', 'sub-lim'), 19112) | ParamSetting(('minisat_simplified.params', 'param', 'rinc'), 1290.4680549874638) | ParamSetting(('minisat_simplified.params', 'param', 'rnd-freq'), 0.14087891370112549) | ParamSetting(('minisat_simplified.params', 'param', 'asymm'), 'False') | ParamSetting(('minisat_simplified.params', 'param', 'rcheck'), 'True')"
2024-07-03 16:00:50,826	[DEBUG]	EXEC>  SUCCESS 53.666666666666664
2024-07-03 16:00:50,826	[INFO]	140     SUCCESS               53.666667 (135.29%) [7 edit(s)]  
2024-07-03 16:00:50,826	[DEBUG]	patch(140)="ParamSetting(('minisat_simplified.params', 'param', 'simp-gc-frac'), 166156452.10919583) | ParamSetting(('minisat_simplified.params', 'param', 'sub-lim'), 19112) | ParamSetting(('minisat_simplified.params', 'param', 'rinc'), 1290.4680549874638) | ParamSetting(('minisat_simplified.params', 'param', 'rnd-freq'), 0.14087891370112549) | ParamSetting(('minisat_simplified.params', 'param', 'asymm'), 'False') | ParamSetting(('minisat_simplified.params', 'param', 'rcheck'), 'True') | ParamSetting(('minisat_simplified.params', 'param', 'gc-frac'), 444.59702554346734)"
2024-07-03 16:01:12,082	[DEBUG]	EXEC>  SUCCESS 66.33333333333333
2024-07-03 16:01:12,083	[INFO]	141     SUCCESS               66.333333 (167.23%) [7 edit(s)]  
2024-07-03 16:01:12,083	[DEBUG]	patch(141)="ParamSetting(('minisat_simplified.params', 'param', 'simp-gc-frac'), 166156452.10919583) | ParamSetting(('minisat_simplified.params', 'param', 'sub-lim'), 19112) | ParamSetting(('minisat_simplified.params', 'param', 'rinc'), 1290.4680549874638) | ParamSetting(('minisat_simplified.params', 'param', 'rnd-freq'), 0.14087891370112549) | ParamSetting(('minisat_simplified.params', 'param', 'asymm'), 'False') | ParamSetting(('minisat_simplified.params', 'param', 'rcheck'), 'True') | ParamSetting(('minisat_simplified.params', 'param', 'cla-decay'), 0.1954815857230805)"
2024-07-03 16:01:12,084	[INFO]	142     SUCCESS              +16.666667 (42.02%) [5 edit(s)] [cached] 
2024-07-03 16:01:12,084	[DEBUG]	patch(142)="ParamSetting(('minisat_simplified.params', 'param', 'simp-gc-frac'), 166156452.10919583) | ParamSetting(('minisat_simplified.params', 'param', 'sub-lim'), 19112) | ParamSetting(('minisat_simplified.params', 'param', 'rinc'), 1290.4680549874638) | ParamSetting(('minisat_simplified.params', 'param', 'rnd-freq'), 0.14087891370112549) | ParamSetting(('minisat_simplified.params', 'param', 'rcheck'), 'True')"
2024-07-03 16:01:29,815	[DEBUG]	EXEC>  SUCCESS 30.666666666666668
2024-07-03 16:01:29,816	[INFO]	143     SUCCESS               30.666667 (77.31%) [4 edit(s)]  
2024-07-03 16:01:29,816	[DEBUG]	patch(143)="ParamSetting(('minisat_simplified.params', 'param', 'sub-lim'), 19112) | ParamSetting(('minisat_simplified.params', 'param', 'rinc'), 1290.4680549874638) | ParamSetting(('minisat_simplified.params', 'param', 'rnd-freq'), 0.14087891370112549) | ParamSetting(('minisat_simplified.params', 'param', 'rcheck'), 'True')"
2024-07-03 16:01:40,750	[DEBUG]	EXEC>  SUCCESS 66.33333333333333
2024-07-03 16:01:40,750	[INFO]	144     SUCCESS               66.333333 (167.23%) [6 edit(s)]  
2024-07-03 16:01:40,750	[DEBUG]	patch(144)="ParamSetting(('minisat_simplified.params', 'param', 'simp-gc-frac'), 166156452.10919583) | ParamSetting(('minisat_simplified.params', 'param', 'sub-lim'), 19112) | ParamSetting(('minisat_simplified.params', 'param', 'rinc'), 1290.4680549874638) | ParamSetting(('minisat_simplified.params', 'param', 'rnd-freq'), 0.14087891370112549) | ParamSetting(('minisat_simplified.params', 'param', 'rcheck'), 'True') | ParamSetting(('minisat_simplified.params', 'param', 'phase-saving'), 1)"
2024-07-03 16:01:58,545	[DEBUG]	EXEC>  SUCCESS 39.333333333333336
2024-07-03 16:01:58,546	[INFO]	145     SUCCESS               39.333333 (99.16%) [4 edit(s)]  
2024-07-03 16:01:58,546	[DEBUG]	patch(145)="ParamSetting(('minisat_simplified.params', 'param', 'simp-gc-frac'), 166156452.10919583) | ParamSetting(('minisat_simplified.params', 'param', 'rinc'), 1290.4680549874638) | ParamSetting(('minisat_simplified.params', 'param', 'rnd-freq'), 0.14087891370112549) | ParamSetting(('minisat_simplified.params', 'param', 'rcheck'), 'True')"
2024-07-03 16:02:16,608	[DEBUG]	EXEC>  SUCCESS 40.0
2024-07-03 16:02:16,609	[INFO]	146     SUCCESS               40.000000 (100.84%) [6 edit(s)]  
2024-07-03 16:02:16,609	[DEBUG]	patch(146)="ParamSetting(('minisat_simplified.params', 'param', 'simp-gc-frac'), 166156452.10919583) | ParamSetting(('minisat_simplified.params', 'param', 'sub-lim'), 19112) | ParamSetting(('minisat_simplified.params', 'param', 'rinc'), 1290.4680549874638) | ParamSetting(('minisat_simplified.params', 'param', 'rnd-freq'), 0.14087891370112549) | ParamSetting(('minisat_simplified.params', 'param', 'rcheck'), 'True') | ParamSetting(('minisat_simplified.params', 'param', 'simp-gc-frac'), 366504186.05547)"
2024-07-03 16:02:31,831	[DEBUG]	EXEC>  SUCCESS 60.0
2024-07-03 16:02:31,831	[INFO]	147     SUCCESS               60.000000 (151.26%) [6 edit(s)]  
2024-07-03 16:02:31,831	[DEBUG]	patch(147)="ParamSetting(('minisat_simplified.params', 'param', 'simp-gc-frac'), 166156452.10919583) | ParamSetting(('minisat_simplified.params', 'param', 'sub-lim'), 19112) | ParamSetting(('minisat_simplified.params', 'param', 'rinc'), 1290.4680549874638) | ParamSetting(('minisat_simplified.params', 'param', 'rnd-freq'), 0.14087891370112549) | ParamSetting(('minisat_simplified.params', 'param', 'rcheck'), 'True') | ParamSetting(('minisat_simplified.params', 'param', 'rnd-seed'), 357543412)"
2024-07-03 16:02:38,056	[DEBUG]	EXEC>  SUCCESS 58.666666666666664
2024-07-03 16:02:38,056	[INFO]	148     SUCCESS               58.666667 (147.90%) [4 edit(s)]  
2024-07-03 16:02:38,056	[DEBUG]	patch(148)="ParamSetting(('minisat_simplified.params', 'param', 'simp-gc-frac'), 166156452.10919583) | ParamSetting(('minisat_simplified.params', 'param', 'sub-lim'), 19112) | ParamSetting(('minisat_simplified.params', 'param', 'rinc'), 1290.4680549874638) | ParamSetting(('minisat_simplified.params', 'param', 'rcheck'), 'True')"
2024-07-03 16:02:54,339	[DEBUG]	EXEC>  SUCCESS 40.666666666666664
2024-07-03 16:02:54,340	[INFO]	149     SUCCESS               40.666667 (102.52%) [6 edit(s)]  
2024-07-03 16:02:54,340	[DEBUG]	patch(149)="ParamSetting(('minisat_simplified.params', 'param', 'simp-gc-frac'), 166156452.10919583) | ParamSetting(('minisat_simplified.params', 'param', 'sub-lim'), 19112) | ParamSetting(('minisat_simplified.params', 'param', 'rinc'), 1290.4680549874638) | ParamSetting(('minisat_simplified.params', 'param', 'rnd-freq'), 0.14087891370112549) | ParamSetting(('minisat_simplified.params', 'param', 'rcheck'), 'True') | ParamSetting(('minisat_simplified.params', 'param', 'rinc'), 2070.3838896585503)"
2024-07-03 16:02:54,341	[INFO]	150     SUCCESS               18.666667 (47.06%) [4 edit(s)] [cached] 
2024-07-03 16:02:54,341	[DEBUG]	patch(150)="ParamSetting(('minisat_simplified.params', 'param', 'simp-gc-frac'), 166156452.10919583) | ParamSetting(('minisat_simplified.params', 'param', 'sub-lim'), 19112) | ParamSetting(('minisat_simplified.params', 'param', 'rinc'), 1290.4680549874638) | ParamSetting(('minisat_simplified.params', 'param', 'rnd-freq'), 0.14087891370112549)"
2024-07-03 16:03:12,253	[DEBUG]	EXEC>  SUCCESS 17.0
2024-07-03 16:03:12,254	[INFO]	151     SUCCESS               17.000000 (42.86%) [6 edit(s)]  
2024-07-03 16:03:12,254	[DEBUG]	patch(151)="ParamSetting(('minisat_simplified.params', 'param', 'simp-gc-frac'), 166156452.10919583) | ParamSetting(('minisat_simplified.params', 'param', 'sub-lim'), 19112) | ParamSetting(('minisat_simplified.params', 'param', 'rinc'), 1290.4680549874638) | ParamSetting(('minisat_simplified.params', 'param', 'rnd-freq'), 0.14087891370112549) | ParamSetting(('minisat_simplified.params', 'param', 'rcheck'), 'True') | ParamSetting(('minisat_simplified.params', 'param', 'simp-gc-frac'), 197831465.3497324)"
2024-07-03 16:03:12,255	[INFO]	152     SUCCESS              +16.666667 (42.02%) [6 edit(s)] [cached] 
2024-07-03 16:03:12,255	[DEBUG]	patch(152)="ParamSetting(('minisat_simplified.params', 'param', 'simp-gc-frac'), 166156452.10919583) | ParamSetting(('minisat_simplified.params', 'param', 'sub-lim'), 19112) | ParamSetting(('minisat_simplified.params', 'param', 'rinc'), 1290.4680549874638) | ParamSetting(('minisat_simplified.params', 'param', 'rnd-freq'), 0.14087891370112549) | ParamSetting(('minisat_simplified.params', 'param', 'rcheck'), 'True') | ParamSetting(('minisat_simplified.params', 'param', 'asymm'), 'False')"
2024-07-03 16:03:12,256	[INFO]	153     SUCCESS              +16.666667 (42.02%) [5 edit(s)] [cached] 
2024-07-03 16:03:12,256	[DEBUG]	patch(153)="ParamSetting(('minisat_simplified.params', 'param', 'simp-gc-frac'), 166156452.10919583) | ParamSetting(('minisat_simplified.params', 'param', 'sub-lim'), 19112) | ParamSetting(('minisat_simplified.params', 'param', 'rinc'), 1290.4680549874638) | ParamSetting(('minisat_simplified.params', 'param', 'rnd-freq'), 0.14087891370112549) | ParamSetting(('minisat_simplified.params', 'param', 'rcheck'), 'True')"
2024-07-03 16:03:26,831	[DEBUG]	EXEC>  SUCCESS 40.0
2024-07-03 16:03:26,831	[INFO]	154     SUCCESS               40.000000 (100.84%) [6 edit(s)]  
2024-07-03 16:03:26,831	[DEBUG]	patch(154)="ParamSetting(('minisat_simplified.params', 'param', 'simp-gc-frac'), 166156452.10919583) | ParamSetting(('minisat_simplified.params', 'param', 'sub-lim'), 19112) | ParamSetting(('minisat_simplified.params', 'param', 'rinc'), 1290.4680549874638) | ParamSetting(('minisat_simplified.params', 'param', 'rnd-freq'), 0.14087891370112549) | ParamSetting(('minisat_simplified.params', 'param', 'rcheck'), 'True') | ParamSetting(('minisat_simplified.params', 'param', 'ccmin-mode'), 1)"
2024-07-03 16:03:26,832	[INFO]	155     SUCCESS               58.666667 (147.90%) [4 edit(s)] [cached] 
2024-07-03 16:03:26,832	[DEBUG]	patch(155)="ParamSetting(('minisat_simplified.params', 'param', 'simp-gc-frac'), 166156452.10919583) | ParamSetting(('minisat_simplified.params', 'param', 'sub-lim'), 19112) | ParamSetting(('minisat_simplified.params', 'param', 'rinc'), 1290.4680549874638) | ParamSetting(('minisat_simplified.params', 'param', 'rcheck'), 'True')"
2024-07-03 16:03:26,833	[INFO]	156     SUCCESS              +16.666667 (42.02%) [6 edit(s)] [cached] 
2024-07-03 16:03:26,833	[DEBUG]	patch(156)="ParamSetting(('minisat_simplified.params', 'param', 'simp-gc-frac'), 166156452.10919583) | ParamSetting(('minisat_simplified.params', 'param', 'sub-lim'), 19112) | ParamSetting(('minisat_simplified.params', 'param', 'rinc'), 1290.4680549874638) | ParamSetting(('minisat_simplified.params', 'param', 'rnd-freq'), 0.14087891370112549) | ParamSetting(('minisat_simplified.params', 'param', 'rcheck'), 'True') | ParamSetting(('minisat_simplified.params', 'param', 'rcheck'), 'True')"
2024-07-03 16:03:42,663	[DEBUG]	EXEC>  SUCCESS 33.0
2024-07-03 16:03:42,663	[INFO]	157     SUCCESS               33.000000 (83.19%) [7 edit(s)]  
2024-07-03 16:03:42,663	[DEBUG]	patch(157)="ParamSetting(('minisat_simplified.params', 'param', 'simp-gc-frac'), 166156452.10919583) | ParamSetting(('minisat_simplified.params', 'param', 'sub-lim'), 19112) | ParamSetting(('minisat_simplified.params', 'param', 'rinc'), 1290.4680549874638) | ParamSetting(('minisat_simplified.params', 'param', 'rnd-freq'), 0.14087891370112549) | ParamSetting(('minisat_simplified.params', 'param', 'rcheck'), 'True') | ParamSetting(('minisat_simplified.params', 'param', 'rcheck'), 'True') | ParamSetting(('minisat_simplified.params', 'param', 'asymm'), 'True')"
2024-07-03 16:03:42,664	[INFO]	158     SUCCESS              +16.666667 (42.02%) [5 edit(s)] [cached] 
2024-07-03 16:03:42,664	[DEBUG]	patch(158)="ParamSetting(('minisat_simplified.params', 'param', 'simp-gc-frac'), 166156452.10919583) | ParamSetting(('minisat_simplified.params', 'param', 'sub-lim'), 19112) | ParamSetting(('minisat_simplified.params', 'param', 'rinc'), 1290.4680549874638) | ParamSetting(('minisat_simplified.params', 'param', 'rnd-freq'), 0.14087891370112549) | ParamSetting(('minisat_simplified.params', 'param', 'rcheck'), 'True')"
2024-07-03 16:03:42,665	[INFO]	159     SUCCESS               30.666667 (77.31%) [4 edit(s)] [cached] 
2024-07-03 16:03:42,665	[DEBUG]	patch(159)="ParamSetting(('minisat_simplified.params', 'param', 'sub-lim'), 19112) | ParamSetting(('minisat_simplified.params', 'param', 'rinc'), 1290.4680549874638) | ParamSetting(('minisat_simplified.params', 'param', 'rnd-freq'), 0.14087891370112549) | ParamSetting(('minisat_simplified.params', 'param', 'rcheck'), 'True')"
2024-07-03 16:04:03,054	[DEBUG]	EXEC>  SUCCESS 70.0
2024-07-03 16:04:03,055	[INFO]	160     SUCCESS               70.000000 (176.47%) [6 edit(s)]  
2024-07-03 16:04:03,055	[DEBUG]	patch(160)="ParamSetting(('minisat_simplified.params', 'param', 'simp-gc-frac'), 166156452.10919583) | ParamSetting(('minisat_simplified.params', 'param', 'sub-lim'), 19112) | ParamSetting(('minisat_simplified.params', 'param', 'rinc'), 1290.4680549874638) | ParamSetting(('minisat_simplified.params', 'param', 'rnd-freq'), 0.14087891370112549) | ParamSetting(('minisat_simplified.params', 'param', 'rcheck'), 'True') | ParamSetting(('minisat_simplified.params', 'param', 'ccmin-mode'), 0)"
2024-07-03 16:04:03,056	[INFO]	161     SUCCESS               58.666667 (147.90%) [4 edit(s)] [cached] 
2024-07-03 16:04:03,056	[DEBUG]	patch(161)="ParamSetting(('minisat_simplified.params', 'param', 'simp-gc-frac'), 166156452.10919583) | ParamSetting(('minisat_simplified.params', 'param', 'sub-lim'), 19112) | ParamSetting(('minisat_simplified.params', 'param', 'rinc'), 1290.4680549874638) | ParamSetting(('minisat_simplified.params', 'param', 'rcheck'), 'True')"
2024-07-03 16:04:03,057	[INFO]	162     SUCCESS               39.333333 (99.16%) [4 edit(s)] [cached] 
2024-07-03 16:04:03,057	[DEBUG]	patch(162)="ParamSetting(('minisat_simplified.params', 'param', 'simp-gc-frac'), 166156452.10919583) | ParamSetting(('minisat_simplified.params', 'param', 'rinc'), 1290.4680549874638) | ParamSetting(('minisat_simplified.params', 'param', 'rnd-freq'), 0.14087891370112549) | ParamSetting(('minisat_simplified.params', 'param', 'rcheck'), 'True')"
2024-07-03 16:04:03,058	[INFO]	163     SUCCESS               18.666667 (47.06%) [4 edit(s)] [cached] 
2024-07-03 16:04:03,058	[DEBUG]	patch(163)="ParamSetting(('minisat_simplified.params', 'param', 'simp-gc-frac'), 166156452.10919583) | ParamSetting(('minisat_simplified.params', 'param', 'sub-lim'), 19112) | ParamSetting(('minisat_simplified.params', 'param', 'rinc'), 1290.4680549874638) | ParamSetting(('minisat_simplified.params', 'param', 'rnd-freq'), 0.14087891370112549)"
2024-07-03 16:04:03,059	[INFO]	164     SUCCESS              +16.666667 (42.02%) [6 edit(s)] [cached] 
2024-07-03 16:04:03,059	[DEBUG]	patch(164)="ParamSetting(('minisat_simplified.params', 'param', 'simp-gc-frac'), 166156452.10919583) | ParamSetting(('minisat_simplified.params', 'param', 'sub-lim'), 19112) | ParamSetting(('minisat_simplified.params', 'param', 'rinc'), 1290.4680549874638) | ParamSetting(('minisat_simplified.params', 'param', 'rnd-freq'), 0.14087891370112549) | ParamSetting(('minisat_simplified.params', 'param', 'rcheck'), 'True') | ParamSetting(('minisat_simplified.params', 'param', 'rnd-init'), 'False')"
2024-07-03 16:04:03,060	[INFO]	165     SUCCESS               30.666667 (77.31%) [5 edit(s)] [cached] 
2024-07-03 16:04:03,060	[DEBUG]	patch(165)="ParamSetting(('minisat_simplified.params', 'param', 'sub-lim'), 19112) | ParamSetting(('minisat_simplified.params', 'param', 'rinc'), 1290.4680549874638) | ParamSetting(('minisat_simplified.params', 'param', 'rnd-freq'), 0.14087891370112549) | ParamSetting(('minisat_simplified.params', 'param', 'rcheck'), 'True') | ParamSetting(('minisat_simplified.params', 'param', 'rnd-init'), 'False')"
2024-07-03 16:04:03,060	[INFO]	166     SUCCESS               39.333333 (99.16%) [5 edit(s)] [cached] 
2024-07-03 16:04:03,061	[DEBUG]	patch(166)="ParamSetting(('minisat_simplified.params', 'param', 'simp-gc-frac'), 166156452.10919583) | ParamSetting(('minisat_simplified.params', 'param', 'rinc'), 1290.4680549874638) | ParamSetting(('minisat_simplified.params', 'param', 'rnd-freq'), 0.14087891370112549) | ParamSetting(('minisat_simplified.params', 'param', 'rcheck'), 'True') | ParamSetting(('minisat_simplified.params', 'param', 'rnd-init'), 'False')"
2024-07-03 16:04:14,895	[DEBUG]	EXEC>  SUCCESS 65.33333333333333
2024-07-03 16:04:14,895	[INFO]	167     SUCCESS               65.333333 (164.71%) [7 edit(s)]  
2024-07-03 16:04:14,895	[DEBUG]	patch(167)="ParamSetting(('minisat_simplified.params', 'param', 'simp-gc-frac'), 166156452.10919583) | ParamSetting(('minisat_simplified.params', 'param', 'sub-lim'), 19112) | ParamSetting(('minisat_simplified.params', 'param', 'rinc'), 1290.4680549874638) | ParamSetting(('minisat_simplified.params', 'param', 'rnd-freq'), 0.14087891370112549) | ParamSetting(('minisat_simplified.params', 'param', 'rcheck'), 'True') | ParamSetting(('minisat_simplified.params', 'param', 'rnd-init'), 'False') | ParamSetting(('minisat_simplified.params', 'param', 'elim'), 'False')"
2024-07-03 16:04:14,896	[INFO]	168     SUCCESS               18.666667 (47.06%) [5 edit(s)] [cached] 
2024-07-03 16:04:14,896	[DEBUG]	patch(168)="ParamSetting(('minisat_simplified.params', 'param', 'simp-gc-frac'), 166156452.10919583) | ParamSetting(('minisat_simplified.params', 'param', 'sub-lim'), 19112) | ParamSetting(('minisat_simplified.params', 'param', 'rinc'), 1290.4680549874638) | ParamSetting(('minisat_simplified.params', 'param', 'rnd-freq'), 0.14087891370112549) | ParamSetting(('minisat_simplified.params', 'param', 'rnd-init'), 'False')"
2024-07-03 16:04:45,948	[DEBUG]	EXEC>  TIMEOUT None
2024-07-03 16:04:45,948	[INFO]	169     RUN_TIMEOUT           None (--) [7 edit(s)]  
2024-07-03 16:04:45,948	[DEBUG]	patch(169)="ParamSetting(('minisat_simplified.params', 'param', 'simp-gc-frac'), 166156452.10919583) | ParamSetting(('minisat_simplified.params', 'param', 'sub-lim'), 19112) | ParamSetting(('minisat_simplified.params', 'param', 'rinc'), 1290.4680549874638) | ParamSetting(('minisat_simplified.params', 'param', 'rnd-freq'), 0.14087891370112549) | ParamSetting(('minisat_simplified.params', 'param', 'rcheck'), 'True') | ParamSetting(('minisat_simplified.params', 'param', 'rnd-init'), 'False') | ParamSetting(('minisat_simplified.params', 'param', 'rnd-freq'), 0.8443149066824112)"
2024-07-03 16:06:02,583	[DEBUG]	EXEC>  SUCCESS 47.0
2024-07-03 16:06:02,583	[INFO]	170     SUCCESS               47.000000 (118.49%) [7 edit(s)]  
2024-07-03 16:06:02,583	[DEBUG]	patch(170)="ParamSetting(('minisat_simplified.params', 'param', 'simp-gc-frac'), 166156452.10919583) | ParamSetting(('minisat_simplified.params', 'param', 'sub-lim'), 19112) | ParamSetting(('minisat_simplified.params', 'param', 'rinc'), 1290.4680549874638) | ParamSetting(('minisat_simplified.params', 'param', 'rnd-freq'), 0.14087891370112549) | ParamSetting(('minisat_simplified.params', 'param', 'rcheck'), 'True') | ParamSetting(('minisat_simplified.params', 'param', 'rnd-init'), 'False') | ParamSetting(('minisat_simplified.params', 'param', 'grow'), 4640)"
2024-07-03 16:06:02,584	[INFO]	~~~~ END ~~~~
2024-07-03 16:06:02,584	[INFO]	
2024-07-03 16:06:02,584	[INFO]	==== REPORT ====
2024-07-03 16:06:02,584	[INFO]	Termination: time budget
2024-07-03 16:06:02,584	[INFO]	Retries: 3
2024-07-03 16:06:02,585	[INFO]	Log file: /home/dbouras/magpie/_magpie_logs/minisat_1720017156.log
2024-07-03 16:06:02,585	[INFO]	Patch file: _magpie_logs/minisat_1720017156.patch
2024-07-03 16:06:02,585	[INFO]	Diff file: _magpie_logs/minisat_1720017156.diff
2024-07-03 16:06:02,585	[INFO]	Reference fitness: 39.666667
2024-07-03 16:06:02,585	[INFO]	Best fitness: 16.666667
2024-07-03 16:06:02,585	[INFO]	
2024-07-03 16:06:02,586	[INFO]	==== BEST PATCH ====
ParamSetting(('minisat_simplified.params', 'param', 'simp-gc-frac'), 166156452.10919583) | ParamSetting(('minisat_simplified.params', 'param', 'sub-lim'), 19112) | ParamSetting(('minisat_simplified.params', 'param', 'rinc'), 1290.4680549874638) | ParamSetting(('minisat_simplified.params', 'param', 'rnd-freq'), 0.14087891370112549) | ParamSetting(('minisat_simplified.params', 'param', 'elim'), 'True') | ParamSetting(('minisat_simplified.params', 'param', 'asymm'), 'False') | ParamSetting(('minisat_simplified.params', 'param', 'rcheck'), 'True')
2024-07-03 16:06:02,586	[INFO]	
2024-07-03 16:06:02,586	[INFO]	==== DIFF ====
[1m--- before: minisat_simplified.params[0m
[1m+++ after: minisat_simplified.params[0m
[36m@@ -1,20 +1,20 @@[0m
 luby := 'True'
 rnd-init := 'False'
 gc-frac := 0.2
[31m-rinc := 2.0[0m
[32m+rinc := 1290.4680549874638[0m
 var-decay := 0.95
 cla-decay := 0.999
[31m-rnd-freq := 0.0[0m
[32m+rnd-freq := 0.14087891370112549[0m
 rnd-seed := 91648253
 phase-saving := 2
 ccmin-mode := 2
 rfirst := 100
 pre := 'True'
 verb := '1'
[31m-rcheck := 'False'[0m
[32m+rcheck := 'True'[0m
 asymm := 'False'
 elim := 'True'
[31m-simp-gc-frac := 0.5[0m
[31m-sub-lim := 1000[0m
[32m+simp-gc-frac := 166156452.10919583[0m
[32m+sub-lim := 19112[0m
 cl-lim := 20
 grow := 0

