2024-08-07 15:27:47,843	[DEBUG]	==== CONFIG ====
[magpie]
import = 
seed = 45
log_dir = _magpie_logs
work_dir = _magpie_work
local_original_copy = True
local_original_name = __original__
output_encoding = ascii
edit_retries = 10
default_timeout = 30
default_lengthout = 1e6
diff_method = unified
trust_local_filesystem = True
test_timeout = 10

[magpie.log]
color_output = True
format_info = {counter:<7} {status:<20} {best}{fitness} ({ratio}) [{size}] {cached} {log}
format_debug = patch({counter})="{patch}"{diffifbest}
format_fitness = {:.6f}
format_ratio = {:.2%%}
format_patchif = 
	 --> {patch}
format_diffif = 
	{diff}

[software]
path = examples/lpg
target_files = lpg.params
software = BasicSoftware
model_rules = 
	*.params : ParamFileConfigModel
	*.xml : SrcmlModel
	* : LineModel
model_config = 
	*.params : [paramconfig]
	*.xml : [srcml]
init_cmd = 
init_timeout = 60
init_lengthout = -1
setup_cmd = 
setup_timeout = 
setup_lengthout = 
compile_cmd = 
compile_timeout = 
compile_lengthout = 
test_cmd = bash test.sh
test_timeout = 
test_lengthout = 
run_cmd = ./run_custom.sh "bash run_fixed.sh"
run_timeout = 
run_lengthout = 
retries = 3
batch_timeout = 
batch_lengthout = 
batch_bin_fitness_strategy = aggregate
batch_fitness_strategy = sum
fitness = weights

[srcml]
rename = 
	stmt: break continue decl_stmt do expr_stmt for goto if return switch while
	number: literal_number
focus = block stmt operator_comp operator_arith number
internodes = block
process_pseudo_blocks = True
process_literals = True
process_operators = True

[paramconfig]
timing = test run
cli_prefix = --
cli_glue = =
cli_boolean = show
cli_boolean_prefix_true = 
cli_boolean_prefix_false = no-
cli_none = hide
silent_prefix = @
silent_suffix = $

[search]
protocol = BasicProtocol
algorithm = FirstImprovement
possible_edits = ParamSetting
warmup = 3
warmup_strategy = last
max_steps = 10000
max_time = 2200
target_fitness = 
cache_maxsize = 100
cache_keep = 0.2
batch_instances = 
batch_shuffle = True
batch_bin_shuffle = False
batch_sample_size = 1

[search.ls]
delete_prob = 0.5
max_neighbours = 
when_trapped = continue
accept_fail = False
tabu_length = 10

[search.gp]
pop_size = 10
delete_prob = 0.5
offspring_elitism = 0.1
offspring_crossover = 0.5
offspring_mutation = 0.4
uniform_rate = 0.5
batch_reset = True

[search.minify]
do_cleanup = True
do_rebuild = True
do_simplify = True
round_robin_limit = 3


2024-08-07 15:27:47,844	[DEBUG]	
2024-08-07 15:27:47,844	[INFO]	==== SEARCH: FirstImprovement ====
2024-08-07 15:27:47,844	[INFO]	~~~~ WARMUP ~~~~
2024-08-07 15:28:34,176	[DEBUG]	EXEC>  SUCCESS 30602285037.488667
2024-08-07 15:28:34,177	[INFO]	WARM    SUCCESS               30602285037.488667 (--) [0 edit(s)]  
2024-08-07 15:29:20,229	[DEBUG]	EXEC>  SUCCESS 30469396602.367664
2024-08-07 15:29:20,229	[INFO]	WARM    SUCCESS               30469396602.367664 (--) [0 edit(s)]  
2024-08-07 15:30:06,247	[DEBUG]	EXEC>  SUCCESS 30921827594.06433
2024-08-07 15:30:06,247	[INFO]	WARM    SUCCESS               30921827594.064331 (--) [0 edit(s)]  
2024-08-07 15:30:06,247	[INFO]	REF     SUCCESS               30921827594.064331 (--) [0 edit(s)]  
2024-08-07 15:30:06,247	[INFO]	
2024-08-07 15:30:06,247	[INFO]	~~~~ START ~~~~
2024-08-07 15:31:13,847	[DEBUG]	EXEC>  CODE_ERROR None
2024-08-07 15:31:13,848	[INFO]	1       RUN_CODE_ERROR        None (--) [1 edit(s)]  
2024-08-07 15:31:13,848	[DEBUG]	patch(1)="ParamSetting(('lpg.params', 'param', 'noise'), 0.2576606205245803)"
2024-08-07 15:32:29,504	[DEBUG]	EXEC>  CODE_ERROR None
2024-08-07 15:32:29,504	[INFO]	2       RUN_CODE_ERROR        None (--) [1 edit(s)]  
2024-08-07 15:32:29,504	[DEBUG]	patch(2)="ParamSetting(('lpg.params', 'param', 'search_steps'), 174)"
2024-08-07 15:33:34,906	[DEBUG]	EXEC>  CODE_ERROR None
2024-08-07 15:33:34,906	[INFO]	3       RUN_CODE_ERROR        None (--) [1 edit(s)]  
2024-08-07 15:33:34,906	[DEBUG]	patch(3)="ParamSetting(('lpg.params', 'param', 'search_steps'), 390)"
2024-08-07 15:33:34,907	[INFO]	4       SUCCESS              +30921827594.064331 (100.00%) [1 edit(s)] [cached] 
2024-08-07 15:33:34,907	[DEBUG]	patch(4)="ParamSetting(('lpg.params', 'param', 'lowmemory'), 'None')"
2024-08-07 15:33:34,908	[INFO]	5       SUCCESS              +30921827594.064331 (100.00%) [2 edit(s)] [cached] 
2024-08-07 15:33:34,908	[DEBUG]	patch(5)="ParamSetting(('lpg.params', 'param', 'lowmemory'), 'None') | ParamSetting(('lpg.params', 'param', 'repeats'), 5)"
2024-08-07 15:33:34,908	[INFO]	6       SUCCESS              +30921827594.064331 (100.00%) [1 edit(s)] [cached] 
2024-08-07 15:33:34,909	[DEBUG]	patch(6)="ParamSetting(('lpg.params', 'param', 'lowmemory'), 'None')"
2024-08-07 15:33:34,909	[INFO]	7       SUCCESS              +30921827594.064331 (100.00%) [0 edit(s)] [cached] 
2024-08-07 15:33:34,909	[DEBUG]	patch(7)=""
2024-08-07 15:34:44,398	[DEBUG]	EXEC>  CODE_ERROR None
2024-08-07 15:34:44,398	[INFO]	8       RUN_CODE_ERROR        None (--) [1 edit(s)]  
2024-08-07 15:34:44,398	[DEBUG]	patch(8)="ParamSetting(('lpg.params', 'param', 'search_steps'), 276)"
2024-08-07 15:35:30,720	[DEBUG]	EXEC>  SUCCESS 30502097936.92133
2024-08-07 15:35:30,720	[INFO]	9       SUCCESS              *30502097936.921329 (98.64%) [1 edit(s)]  
2024-08-07 15:35:30,720	[DEBUG]	patch(9)="ParamSetting(('lpg.params', 'param', 'repeats'), 11)"
--- before: lpg.params
+++ after: lpg.params
@@ -1,6 +1,6 @@
 search_steps := 500
 restarts := 9
-repeats := 5
+repeats := 11
 noise := 0.1
 static_noise := 'None'
 lowmemory := 'None'

2024-08-07 15:35:30,721	[INFO]	10      SUCCESS               30921827594.064331 (100.00%) [0 edit(s)] [cached] 
2024-08-07 15:35:30,721	[DEBUG]	patch(10)=""
2024-08-07 15:36:00,791	[INFO]	11      TEST_TIMEOUT          None (--) [2 edit(s)]  
2024-08-07 15:36:00,791	[DEBUG]	patch(11)="ParamSetting(('lpg.params', 'param', 'repeats'), 11) | ParamSetting(('lpg.params', 'param', 'noise'), 0.909611607891918)"
2024-08-07 15:36:00,792	[INFO]	12      SUCCESS              +30502097936.921329 (98.64%) [2 edit(s)] [cached] 
2024-08-07 15:36:00,792	[DEBUG]	patch(12)="ParamSetting(('lpg.params', 'param', 'repeats'), 11) | ParamSetting(('lpg.params', 'param', 'lowmemory'), 'None')"
2024-08-07 15:36:00,793	[INFO]	13      SUCCESS              +30502097936.921329 (98.64%) [1 edit(s)] [cached] 
2024-08-07 15:36:00,793	[DEBUG]	patch(13)="ParamSetting(('lpg.params', 'param', 'repeats'), 11)"
2024-08-07 15:36:00,794	[INFO]	14      SUCCESS               30921827594.064331 (100.00%) [0 edit(s)] [cached] 
2024-08-07 15:36:00,794	[DEBUG]	patch(14)=""
2024-08-07 15:36:00,794	[INFO]	15      SUCCESS              +30502097936.921329 (98.64%) [2 edit(s)] [cached] 
2024-08-07 15:36:00,794	[DEBUG]	patch(15)="ParamSetting(('lpg.params', 'param', 'repeats'), 11) | ParamSetting(('lpg.params', 'param', 'static_noise'), 'None')"
2024-08-07 15:36:46,910	[DEBUG]	EXEC>  SUCCESS 31417909946.417004
2024-08-07 15:36:46,910	[INFO]	16      SUCCESS               31417909946.417004 (101.60%) [3 edit(s)]  
2024-08-07 15:36:46,910	[DEBUG]	patch(16)="ParamSetting(('lpg.params', 'param', 'repeats'), 11) | ParamSetting(('lpg.params', 'param', 'static_noise'), 'None') | ParamSetting(('lpg.params', 'param', 'repeats'), 6)"
2024-08-07 15:36:46,911	[INFO]	17      SUCCESS              +30502097936.921329 (98.64%) [1 edit(s)] [cached] 
2024-08-07 15:36:46,911	[DEBUG]	patch(17)="ParamSetting(('lpg.params', 'param', 'repeats'), 11)"
2024-08-07 15:36:46,912	[INFO]	18      SUCCESS               30921827594.064331 (100.00%) [0 edit(s)] [cached] 
2024-08-07 15:36:46,912	[DEBUG]	patch(18)=""
2024-08-07 15:37:32,968	[DEBUG]	EXEC>  SUCCESS 30840740550.57033
2024-08-07 15:37:32,968	[INFO]	19      SUCCESS               30840740550.570332 (99.74%) [2 edit(s)]  
2024-08-07 15:37:32,968	[DEBUG]	patch(19)="ParamSetting(('lpg.params', 'param', 'repeats'), 11) | ParamSetting(('lpg.params', 'param', 'restarts'), 11)"
2024-08-07 15:38:42,301	[DEBUG]	EXEC>  CODE_ERROR None
2024-08-07 15:38:42,301	[INFO]	20      RUN_CODE_ERROR        None (--) [2 edit(s)]  
2024-08-07 15:38:42,301	[DEBUG]	patch(20)="ParamSetting(('lpg.params', 'param', 'repeats'), 11) | ParamSetting(('lpg.params', 'param', 'search_steps'), 252)"
2024-08-07 15:39:51,431	[DEBUG]	EXEC>  CODE_ERROR None
2024-08-07 15:39:51,431	[INFO]	21      RUN_CODE_ERROR        None (--) [2 edit(s)]  
2024-08-07 15:39:51,431	[DEBUG]	patch(21)="ParamSetting(('lpg.params', 'param', 'repeats'), 11) | ParamSetting(('lpg.params', 'param', 'search_steps'), 279)"
2024-08-07 15:40:25,764	[DEBUG]	EXEC>  SUCCESS 20362013242.120667
2024-08-07 15:40:25,764	[INFO]	22      SUCCESS              *20362013242.120667 (65.85%) [2 edit(s)]  
2024-08-07 15:40:25,764	[DEBUG]	patch(22)="ParamSetting(('lpg.params', 'param', 'repeats'), 11) | ParamSetting(('lpg.params', 'param', 'search_steps'), 809)"
--- before: lpg.params
+++ after: lpg.params
@@ -1,6 +1,6 @@
-search_steps := 500
+search_steps := 809
 restarts := 9
-repeats := 5
+repeats := 11
 noise := 0.1
 static_noise := 'None'
 lowmemory := 'None'

2024-08-07 15:40:25,765	[INFO]	23      SUCCESS               30502097936.921329 (98.64%) [1 edit(s)] [cached] 
2024-08-07 15:40:25,765	[DEBUG]	patch(23)="ParamSetting(('lpg.params', 'param', 'repeats'), 11)"
2024-08-07 15:40:59,718	[DEBUG]	EXEC>  SUCCESS 19966794748.316666
2024-08-07 15:40:59,719	[INFO]	24      SUCCESS              *19966794748.316666 (64.57%) [3 edit(s)]  
2024-08-07 15:40:59,719	[DEBUG]	patch(24)="ParamSetting(('lpg.params', 'param', 'repeats'), 11) | ParamSetting(('lpg.params', 'param', 'search_steps'), 809) | ParamSetting(('lpg.params', 'param', 'lowmemory'), 'True')"
--- before: lpg.params
+++ after: lpg.params
@@ -1,6 +1,6 @@
-search_steps := 500
+search_steps := 809
 restarts := 9
-repeats := 5
+repeats := 11
 noise := 0.1
 static_noise := 'None'
-lowmemory := 'None'
+lowmemory := 'True'

2024-08-07 15:41:29,798	[INFO]	25      TEST_TIMEOUT          None (--) [4 edit(s)]  
2024-08-07 15:41:29,798	[DEBUG]	patch(25)="ParamSetting(('lpg.params', 'param', 'repeats'), 11) | ParamSetting(('lpg.params', 'param', 'search_steps'), 809) | ParamSetting(('lpg.params', 'param', 'lowmemory'), 'True') | ParamSetting(('lpg.params', 'param', 'noise'), 0.7665559902953729)"
2024-08-07 15:42:35,061	[DEBUG]	EXEC>  CODE_ERROR None
2024-08-07 15:42:35,061	[INFO]	26      RUN_CODE_ERROR        None (--) [4 edit(s)]  
2024-08-07 15:42:35,061	[DEBUG]	patch(26)="ParamSetting(('lpg.params', 'param', 'repeats'), 11) | ParamSetting(('lpg.params', 'param', 'search_steps'), 809) | ParamSetting(('lpg.params', 'param', 'lowmemory'), 'True') | ParamSetting(('lpg.params', 'param', 'search_steps'), 428)"
2024-08-07 15:43:06,005	[DEBUG]	EXEC>  SUCCESS 19357005011.909668
2024-08-07 15:43:06,006	[INFO]	27      SUCCESS              *19357005011.909668 (62.60%) [4 edit(s)]  
2024-08-07 15:43:06,006	[DEBUG]	patch(27)="ParamSetting(('lpg.params', 'param', 'repeats'), 11) | ParamSetting(('lpg.params', 'param', 'search_steps'), 809) | ParamSetting(('lpg.params', 'param', 'lowmemory'), 'True') | ParamSetting(('lpg.params', 'param', 'repeats'), 12)"
--- before: lpg.params
+++ after: lpg.params
@@ -1,6 +1,6 @@
-search_steps := 500
+search_steps := 809
 restarts := 9
-repeats := 5
+repeats := 12
 noise := 0.1
 static_noise := 'None'
-lowmemory := 'None'
+lowmemory := 'True'

2024-08-07 15:43:49,374	[DEBUG]	EXEC>  SUCCESS 29992534818.887005
2024-08-07 15:43:49,374	[INFO]	28      SUCCESS               29992534818.887005 (96.99%) [3 edit(s)]  
2024-08-07 15:43:49,374	[DEBUG]	patch(28)="ParamSetting(('lpg.params', 'param', 'repeats'), 11) | ParamSetting(('lpg.params', 'param', 'lowmemory'), 'True') | ParamSetting(('lpg.params', 'param', 'repeats'), 12)"
2024-08-07 15:43:49,375	[INFO]	29      SUCCESS              +19357005011.909668 (62.60%) [5 edit(s)] [cached] 
2024-08-07 15:43:49,375	[DEBUG]	patch(29)="ParamSetting(('lpg.params', 'param', 'repeats'), 11) | ParamSetting(('lpg.params', 'param', 'search_steps'), 809) | ParamSetting(('lpg.params', 'param', 'lowmemory'), 'True') | ParamSetting(('lpg.params', 'param', 'repeats'), 12) | ParamSetting(('lpg.params', 'param', 'lowmemory'), 'True')"
2024-08-07 15:44:20,325	[DEBUG]	EXEC>  SUCCESS 19547711172.509335
2024-08-07 15:44:20,326	[INFO]	30      SUCCESS               19547711172.509335 (63.22%) [6 edit(s)]  
2024-08-07 15:44:20,326	[DEBUG]	patch(30)="ParamSetting(('lpg.params', 'param', 'repeats'), 11) | ParamSetting(('lpg.params', 'param', 'search_steps'), 809) | ParamSetting(('lpg.params', 'param', 'lowmemory'), 'True') | ParamSetting(('lpg.params', 'param', 'repeats'), 12) | ParamSetting(('lpg.params', 'param', 'lowmemory'), 'True') | ParamSetting(('lpg.params', 'param', 'restarts'), 19)"
2024-08-07 15:44:20,327	[INFO]	31      SUCCESS               29992534818.887005 (96.99%) [4 edit(s)] [cached] 
2024-08-07 15:44:20,327	[DEBUG]	patch(31)="ParamSetting(('lpg.params', 'param', 'repeats'), 11) | ParamSetting(('lpg.params', 'param', 'lowmemory'), 'True') | ParamSetting(('lpg.params', 'param', 'repeats'), 12) | ParamSetting(('lpg.params', 'param', 'lowmemory'), 'True')"
2024-08-07 15:44:20,327	[INFO]	32      SUCCESS              +19357005011.909668 (62.60%) [4 edit(s)] [cached] 
2024-08-07 15:44:20,327	[DEBUG]	patch(32)="ParamSetting(('lpg.params', 'param', 'search_steps'), 809) | ParamSetting(('lpg.params', 'param', 'lowmemory'), 'True') | ParamSetting(('lpg.params', 'param', 'repeats'), 12) | ParamSetting(('lpg.params', 'param', 'lowmemory'), 'True')"
2024-08-07 15:44:52,287	[DEBUG]	EXEC>  SUCCESS 19397800837.97867
2024-08-07 15:44:52,287	[INFO]	33      SUCCESS               19397800837.978668 (62.73%) [5 edit(s)]  
2024-08-07 15:44:52,288	[DEBUG]	patch(33)="ParamSetting(('lpg.params', 'param', 'search_steps'), 809) | ParamSetting(('lpg.params', 'param', 'lowmemory'), 'True') | ParamSetting(('lpg.params', 'param', 'repeats'), 12) | ParamSetting(('lpg.params', 'param', 'lowmemory'), 'True') | ParamSetting(('lpg.params', 'param', 'repeats'), 15)"
2024-08-07 15:44:52,288	[INFO]	34      SUCCESS              +19357005011.909668 (62.60%) [5 edit(s)] [cached] 
2024-08-07 15:44:52,288	[DEBUG]	patch(34)="ParamSetting(('lpg.params', 'param', 'search_steps'), 809) | ParamSetting(('lpg.params', 'param', 'lowmemory'), 'True') | ParamSetting(('lpg.params', 'param', 'repeats'), 12) | ParamSetting(('lpg.params', 'param', 'lowmemory'), 'True') | ParamSetting(('lpg.params', 'param', 'lowmemory'), 'True')"
2024-08-07 15:44:52,289	[INFO]	35      SUCCESS              +19357005011.909668 (62.60%) [6 edit(s)] [cached] 
2024-08-07 15:44:52,289	[DEBUG]	patch(35)="ParamSetting(('lpg.params', 'param', 'search_steps'), 809) | ParamSetting(('lpg.params', 'param', 'lowmemory'), 'True') | ParamSetting(('lpg.params', 'param', 'repeats'), 12) | ParamSetting(('lpg.params', 'param', 'lowmemory'), 'True') | ParamSetting(('lpg.params', 'param', 'lowmemory'), 'True') | ParamSetting(('lpg.params', 'param', 'static_noise'), 'None')"
2024-08-07 15:44:52,290	[INFO]	36      SUCCESS              +19357005011.909668 (62.60%) [5 edit(s)] [cached] 
2024-08-07 15:44:52,290	[DEBUG]	patch(36)="ParamSetting(('lpg.params', 'param', 'search_steps'), 809) | ParamSetting(('lpg.params', 'param', 'lowmemory'), 'True') | ParamSetting(('lpg.params', 'param', 'repeats'), 12) | ParamSetting(('lpg.params', 'param', 'lowmemory'), 'True') | ParamSetting(('lpg.params', 'param', 'static_noise'), 'None')"
2024-08-07 15:45:23,447	[DEBUG]	EXEC>  SUCCESS 19470723713.466335
2024-08-07 15:45:23,447	[INFO]	37      SUCCESS               19470723713.466335 (62.97%) [4 edit(s)]  
2024-08-07 15:45:23,448	[DEBUG]	patch(37)="ParamSetting(('lpg.params', 'param', 'search_steps'), 809) | ParamSetting(('lpg.params', 'param', 'lowmemory'), 'True') | ParamSetting(('lpg.params', 'param', 'lowmemory'), 'True') | ParamSetting(('lpg.params', 'param', 'static_noise'), 'None')"
2024-08-07 15:45:23,448	[INFO]	38      SUCCESS              +19357005011.909668 (62.60%) [6 edit(s)] [cached] 
2024-08-07 15:45:23,448	[DEBUG]	patch(38)="ParamSetting(('lpg.params', 'param', 'search_steps'), 809) | ParamSetting(('lpg.params', 'param', 'lowmemory'), 'True') | ParamSetting(('lpg.params', 'param', 'repeats'), 12) | ParamSetting(('lpg.params', 'param', 'lowmemory'), 'True') | ParamSetting(('lpg.params', 'param', 'static_noise'), 'None') | ParamSetting(('lpg.params', 'param', 'static_noise'), 'None')"
2024-08-07 15:45:23,449	[INFO]	39      SUCCESS              +19357005011.909668 (62.60%) [5 edit(s)] [cached] 
2024-08-07 15:45:23,449	[DEBUG]	patch(39)="ParamSetting(('lpg.params', 'param', 'search_steps'), 809) | ParamSetting(('lpg.params', 'param', 'repeats'), 12) | ParamSetting(('lpg.params', 'param', 'lowmemory'), 'True') | ParamSetting(('lpg.params', 'param', 'static_noise'), 'None') | ParamSetting(('lpg.params', 'param', 'static_noise'), 'None')"
2024-08-07 15:45:57,524	[DEBUG]	EXEC>  SUCCESS 20264601449.459
2024-08-07 15:45:57,524	[INFO]	40      SUCCESS               20264601449.459000 (65.53%) [4 edit(s)]  
2024-08-07 15:45:57,524	[DEBUG]	patch(40)="ParamSetting(('lpg.params', 'param', 'search_steps'), 809) | ParamSetting(('lpg.params', 'param', 'repeats'), 12) | ParamSetting(('lpg.params', 'param', 'static_noise'), 'None') | ParamSetting(('lpg.params', 'param', 'static_noise'), 'None')"
2024-08-07 15:45:57,525	[INFO]	41      SUCCESS              +19357005011.909668 (62.60%) [6 edit(s)] [cached] 
2024-08-07 15:45:57,525	[DEBUG]	patch(41)="ParamSetting(('lpg.params', 'param', 'search_steps'), 809) | ParamSetting(('lpg.params', 'param', 'repeats'), 12) | ParamSetting(('lpg.params', 'param', 'lowmemory'), 'True') | ParamSetting(('lpg.params', 'param', 'static_noise'), 'None') | ParamSetting(('lpg.params', 'param', 'static_noise'), 'None') | ParamSetting(('lpg.params', 'param', 'static_noise'), 'None')"
2024-08-07 15:46:28,581	[DEBUG]	EXEC>  SUCCESS 19647099180.854336
2024-08-07 15:46:28,581	[INFO]	42      SUCCESS               19647099180.854336 (63.54%) [7 edit(s)]  
2024-08-07 15:46:28,581	[DEBUG]	patch(42)="ParamSetting(('lpg.params', 'param', 'search_steps'), 809) | ParamSetting(('lpg.params', 'param', 'repeats'), 12) | ParamSetting(('lpg.params', 'param', 'lowmemory'), 'True') | ParamSetting(('lpg.params', 'param', 'static_noise'), 'None') | ParamSetting(('lpg.params', 'param', 'static_noise'), 'None') | ParamSetting(('lpg.params', 'param', 'static_noise'), 'None') | ParamSetting(('lpg.params', 'param', 'search_steps'), 840)"
2024-08-07 15:46:28,582	[INFO]	43      SUCCESS               19470723713.466335 (62.97%) [5 edit(s)] [cached] 
2024-08-07 15:46:28,582	[DEBUG]	patch(43)="ParamSetting(('lpg.params', 'param', 'search_steps'), 809) | ParamSetting(('lpg.params', 'param', 'lowmemory'), 'True') | ParamSetting(('lpg.params', 'param', 'static_noise'), 'None') | ParamSetting(('lpg.params', 'param', 'static_noise'), 'None') | ParamSetting(('lpg.params', 'param', 'static_noise'), 'None')"
2024-08-07 15:46:59,584	[DEBUG]	EXEC>  SUCCESS 18745245405.025333
2024-08-07 15:46:59,584	[INFO]	44      SUCCESS              *18745245405.025333 (60.62%) [7 edit(s)]  
2024-08-07 15:46:59,584	[DEBUG]	patch(44)="ParamSetting(('lpg.params', 'param', 'search_steps'), 809) | ParamSetting(('lpg.params', 'param', 'repeats'), 12) | ParamSetting(('lpg.params', 'param', 'lowmemory'), 'True') | ParamSetting(('lpg.params', 'param', 'static_noise'), 'None') | ParamSetting(('lpg.params', 'param', 'static_noise'), 'None') | ParamSetting(('lpg.params', 'param', 'static_noise'), 'None') | ParamSetting(('lpg.params', 'param', 'static_noise'), 'True')"
--- before: lpg.params
+++ after: lpg.params
@@ -1,6 +1,6 @@
-search_steps := 500
+search_steps := 809
 restarts := 9
-repeats := 5
+repeats := 12
 noise := 0.1
-static_noise := 'None'
-lowmemory := 'None'
+static_noise := 'True'
+lowmemory := 'True'

2024-08-07 15:46:59,585	[INFO]	45      SUCCESS               19357005011.909668 (62.60%) [6 edit(s)] [cached] 
2024-08-07 15:46:59,585	[DEBUG]	patch(45)="ParamSetting(('lpg.params', 'param', 'search_steps'), 809) | ParamSetting(('lpg.params', 'param', 'repeats'), 12) | ParamSetting(('lpg.params', 'param', 'lowmemory'), 'True') | ParamSetting(('lpg.params', 'param', 'static_noise'), 'None') | ParamSetting(('lpg.params', 'param', 'static_noise'), 'None') | ParamSetting(('lpg.params', 'param', 'static_noise'), 'None')"
2024-08-07 15:48:07,361	[DEBUG]	EXEC>  CODE_ERROR None
2024-08-07 15:48:07,361	[INFO]	46      RUN_CODE_ERROR        None (--) [8 edit(s)]  
2024-08-07 15:48:07,361	[DEBUG]	patch(46)="ParamSetting(('lpg.params', 'param', 'search_steps'), 809) | ParamSetting(('lpg.params', 'param', 'repeats'), 12) | ParamSetting(('lpg.params', 'param', 'lowmemory'), 'True') | ParamSetting(('lpg.params', 'param', 'static_noise'), 'None') | ParamSetting(('lpg.params', 'param', 'static_noise'), 'None') | ParamSetting(('lpg.params', 'param', 'static_noise'), 'None') | ParamSetting(('lpg.params', 'param', 'static_noise'), 'True') | ParamSetting(('lpg.params', 'param', 'search_steps'), 313)"
2024-08-07 15:48:07,362	[INFO]	47      SUCCESS              +18745245405.025333 (60.62%) [6 edit(s)] [cached] 
2024-08-07 15:48:07,362	[DEBUG]	patch(47)="ParamSetting(('lpg.params', 'param', 'search_steps'), 809) | ParamSetting(('lpg.params', 'param', 'repeats'), 12) | ParamSetting(('lpg.params', 'param', 'lowmemory'), 'True') | ParamSetting(('lpg.params', 'param', 'static_noise'), 'None') | ParamSetting(('lpg.params', 'param', 'static_noise'), 'None') | ParamSetting(('lpg.params', 'param', 'static_noise'), 'True')"
2024-08-07 15:48:07,363	[INFO]	48      SUCCESS              +18745245405.025333 (60.62%) [5 edit(s)] [cached] 
2024-08-07 15:48:07,363	[DEBUG]	patch(48)="ParamSetting(('lpg.params', 'param', 'search_steps'), 809) | ParamSetting(('lpg.params', 'param', 'repeats'), 12) | ParamSetting(('lpg.params', 'param', 'lowmemory'), 'True') | ParamSetting(('lpg.params', 'param', 'static_noise'), 'None') | ParamSetting(('lpg.params', 'param', 'static_noise'), 'True')"
2024-08-07 15:48:07,363	[INFO]	49      SUCCESS              +18745245405.025333 (60.62%) [4 edit(s)] [cached] 
2024-08-07 15:48:07,363	[DEBUG]	patch(49)="ParamSetting(('lpg.params', 'param', 'search_steps'), 809) | ParamSetting(('lpg.params', 'param', 'repeats'), 12) | ParamSetting(('lpg.params', 'param', 'lowmemory'), 'True') | ParamSetting(('lpg.params', 'param', 'static_noise'), 'True')"
2024-08-07 15:48:07,364	[INFO]	50      SUCCESS              +18745245405.025333 (60.62%) [5 edit(s)] [cached] 
2024-08-07 15:48:07,364	[DEBUG]	patch(50)="ParamSetting(('lpg.params', 'param', 'search_steps'), 809) | ParamSetting(('lpg.params', 'param', 'repeats'), 12) | ParamSetting(('lpg.params', 'param', 'lowmemory'), 'True') | ParamSetting(('lpg.params', 'param', 'static_noise'), 'True') | ParamSetting(('lpg.params', 'param', 'lowmemory'), 'True')"
2024-08-07 15:48:50,352	[DEBUG]	EXEC>  SUCCESS 29304099847.45
2024-08-07 15:48:50,352	[INFO]	51      SUCCESS               29304099847.450001 (94.77%) [4 edit(s)]  
2024-08-07 15:48:50,352	[DEBUG]	patch(51)="ParamSetting(('lpg.params', 'param', 'repeats'), 12) | ParamSetting(('lpg.params', 'param', 'lowmemory'), 'True') | ParamSetting(('lpg.params', 'param', 'static_noise'), 'True') | ParamSetting(('lpg.params', 'param', 'lowmemory'), 'True')"
2024-08-07 15:49:20,426	[INFO]	52      TEST_TIMEOUT          None (--) [6 edit(s)]  
2024-08-07 15:49:20,426	[DEBUG]	patch(52)="ParamSetting(('lpg.params', 'param', 'search_steps'), 809) | ParamSetting(('lpg.params', 'param', 'repeats'), 12) | ParamSetting(('lpg.params', 'param', 'lowmemory'), 'True') | ParamSetting(('lpg.params', 'param', 'static_noise'), 'True') | ParamSetting(('lpg.params', 'param', 'lowmemory'), 'True') | ParamSetting(('lpg.params', 'param', 'noise'), 0.5350187739942603)"
2024-08-07 15:49:20,427	[INFO]	53      SUCCESS              +18745245405.025333 (60.62%) [6 edit(s)] [cached] 
2024-08-07 15:49:20,428	[DEBUG]	patch(53)="ParamSetting(('lpg.params', 'param', 'search_steps'), 809) | ParamSetting(('lpg.params', 'param', 'repeats'), 12) | ParamSetting(('lpg.params', 'param', 'lowmemory'), 'True') | ParamSetting(('lpg.params', 'param', 'static_noise'), 'True') | ParamSetting(('lpg.params', 'param', 'lowmemory'), 'True') | ParamSetting(('lpg.params', 'param', 'static_noise'), 'True')"
2024-08-07 15:49:51,590	[DEBUG]	EXEC>  SUCCESS 18926411392.854336
2024-08-07 15:49:51,591	[INFO]	54      SUCCESS               18926411392.854336 (61.21%) [7 edit(s)]  
2024-08-07 15:49:51,591	[DEBUG]	patch(54)="ParamSetting(('lpg.params', 'param', 'search_steps'), 809) | ParamSetting(('lpg.params', 'param', 'repeats'), 12) | ParamSetting(('lpg.params', 'param', 'lowmemory'), 'True') | ParamSetting(('lpg.params', 'param', 'static_noise'), 'True') | ParamSetting(('lpg.params', 'param', 'lowmemory'), 'True') | ParamSetting(('lpg.params', 'param', 'static_noise'), 'True') | ParamSetting(('lpg.params', 'param', 'repeats'), 7)"
2024-08-07 15:50:22,564	[DEBUG]	EXEC>  SUCCESS 19536054884.521
2024-08-07 15:50:22,564	[INFO]	55      SUCCESS               19536054884.521000 (63.18%) [7 edit(s)]  
2024-08-07 15:50:22,564	[DEBUG]	patch(55)="ParamSetting(('lpg.params', 'param', 'search_steps'), 809) | ParamSetting(('lpg.params', 'param', 'repeats'), 12) | ParamSetting(('lpg.params', 'param', 'lowmemory'), 'True') | ParamSetting(('lpg.params', 'param', 'static_noise'), 'True') | ParamSetting(('lpg.params', 'param', 'lowmemory'), 'True') | ParamSetting(('lpg.params', 'param', 'static_noise'), 'True') | ParamSetting(('lpg.params', 'param', 'noise'), 0.11941623506370613)"
2024-08-07 15:50:22,565	[INFO]	56      SUCCESS              +18745245405.025333 (60.62%) [7 edit(s)] [cached] 
2024-08-07 15:50:22,565	[DEBUG]	patch(56)="ParamSetting(('lpg.params', 'param', 'search_steps'), 809) | ParamSetting(('lpg.params', 'param', 'repeats'), 12) | ParamSetting(('lpg.params', 'param', 'lowmemory'), 'True') | ParamSetting(('lpg.params', 'param', 'static_noise'), 'True') | ParamSetting(('lpg.params', 'param', 'lowmemory'), 'True') | ParamSetting(('lpg.params', 'param', 'static_noise'), 'True') | ParamSetting(('lpg.params', 'param', 'lowmemory'), 'True')"
2024-08-07 15:50:53,434	[DEBUG]	EXEC>  SUCCESS 18714875162.271664
2024-08-07 15:50:53,434	[INFO]	57      SUCCESS              *18714875162.271664 (60.52%) [6 edit(s)]  
2024-08-07 15:50:53,434	[DEBUG]	patch(57)="ParamSetting(('lpg.params', 'param', 'search_steps'), 809) | ParamSetting(('lpg.params', 'param', 'lowmemory'), 'True') | ParamSetting(('lpg.params', 'param', 'static_noise'), 'True') | ParamSetting(('lpg.params', 'param', 'lowmemory'), 'True') | ParamSetting(('lpg.params', 'param', 'static_noise'), 'True') | ParamSetting(('lpg.params', 'param', 'lowmemory'), 'True')"
--- before: lpg.params
+++ after: lpg.params
@@ -1,6 +1,6 @@
-search_steps := 500
+search_steps := 809
 restarts := 9
 repeats := 5
 noise := 0.1
-static_noise := 'None'
-lowmemory := 'None'
+static_noise := 'True'
+lowmemory := 'True'

2024-08-07 15:52:04,606	[DEBUG]	EXEC>  CODE_ERROR None
2024-08-07 15:52:04,606	[INFO]	58      RUN_CODE_ERROR        None (--) [7 edit(s)]  
2024-08-07 15:52:04,606	[DEBUG]	patch(58)="ParamSetting(('lpg.params', 'param', 'search_steps'), 809) | ParamSetting(('lpg.params', 'param', 'lowmemory'), 'True') | ParamSetting(('lpg.params', 'param', 'static_noise'), 'True') | ParamSetting(('lpg.params', 'param', 'lowmemory'), 'True') | ParamSetting(('lpg.params', 'param', 'static_noise'), 'True') | ParamSetting(('lpg.params', 'param', 'lowmemory'), 'True') | ParamSetting(('lpg.params', 'param', 'search_steps'), 204)"
2024-08-07 15:52:04,607	[INFO]	59      SUCCESS              +18714875162.271664 (60.52%) [7 edit(s)] [cached] 
2024-08-07 15:52:04,607	[DEBUG]	patch(59)="ParamSetting(('lpg.params', 'param', 'search_steps'), 809) | ParamSetting(('lpg.params', 'param', 'lowmemory'), 'True') | ParamSetting(('lpg.params', 'param', 'static_noise'), 'True') | ParamSetting(('lpg.params', 'param', 'lowmemory'), 'True') | ParamSetting(('lpg.params', 'param', 'static_noise'), 'True') | ParamSetting(('lpg.params', 'param', 'lowmemory'), 'True') | ParamSetting(('lpg.params', 'param', 'repeats'), 5)"
2024-08-07 15:52:04,608	[INFO]	60      SUCCESS              +18714875162.271664 (60.52%) [6 edit(s)] [cached] 
2024-08-07 15:52:04,608	[DEBUG]	patch(60)="ParamSetting(('lpg.params', 'param', 'search_steps'), 809) | ParamSetting(('lpg.params', 'param', 'lowmemory'), 'True') | ParamSetting(('lpg.params', 'param', 'lowmemory'), 'True') | ParamSetting(('lpg.params', 'param', 'static_noise'), 'True') | ParamSetting(('lpg.params', 'param', 'lowmemory'), 'True') | ParamSetting(('lpg.params', 'param', 'repeats'), 5)"
2024-08-07 15:52:04,608	[INFO]	61      SUCCESS              +18714875162.271664 (60.52%) [7 edit(s)] [cached] 
2024-08-07 15:52:04,608	[DEBUG]	patch(61)="ParamSetting(('lpg.params', 'param', 'search_steps'), 809) | ParamSetting(('lpg.params', 'param', 'lowmemory'), 'True') | ParamSetting(('lpg.params', 'param', 'lowmemory'), 'True') | ParamSetting(('lpg.params', 'param', 'static_noise'), 'True') | ParamSetting(('lpg.params', 'param', 'lowmemory'), 'True') | ParamSetting(('lpg.params', 'param', 'repeats'), 5) | ParamSetting(('lpg.params', 'param', 'static_noise'), 'True')"
2024-08-07 15:52:04,609	[INFO]	62      SUCCESS              +18714875162.271664 (60.52%) [6 edit(s)] [cached] 
2024-08-07 15:52:04,609	[DEBUG]	patch(62)="ParamSetting(('lpg.params', 'param', 'search_steps'), 809) | ParamSetting(('lpg.params', 'param', 'lowmemory'), 'True') | ParamSetting(('lpg.params', 'param', 'lowmemory'), 'True') | ParamSetting(('lpg.params', 'param', 'lowmemory'), 'True') | ParamSetting(('lpg.params', 'param', 'repeats'), 5) | ParamSetting(('lpg.params', 'param', 'static_noise'), 'True')"
2024-08-07 15:52:04,610	[INFO]	63      SUCCESS              +18714875162.271664 (60.52%) [7 edit(s)] [cached] 
2024-08-07 15:52:04,610	[DEBUG]	patch(63)="ParamSetting(('lpg.params', 'param', 'search_steps'), 809) | ParamSetting(('lpg.params', 'param', 'lowmemory'), 'True') | ParamSetting(('lpg.params', 'param', 'lowmemory'), 'True') | ParamSetting(('lpg.params', 'param', 'lowmemory'), 'True') | ParamSetting(('lpg.params', 'param', 'repeats'), 5) | ParamSetting(('lpg.params', 'param', 'static_noise'), 'True') | ParamSetting(('lpg.params', 'param', 'static_noise'), 'True')"
2024-08-07 15:52:04,611	[INFO]	64      SUCCESS              +18714875162.271664 (60.52%) [6 edit(s)] [cached] 
2024-08-07 15:52:04,611	[DEBUG]	patch(64)="ParamSetting(('lpg.params', 'param', 'search_steps'), 809) | ParamSetting(('lpg.params', 'param', 'lowmemory'), 'True') | ParamSetting(('lpg.params', 'param', 'lowmemory'), 'True') | ParamSetting(('lpg.params', 'param', 'repeats'), 5) | ParamSetting(('lpg.params', 'param', 'static_noise'), 'True') | ParamSetting(('lpg.params', 'param', 'static_noise'), 'True')"
2024-08-07 15:52:34,686	[INFO]	65      TEST_TIMEOUT          None (--) [7 edit(s)]  
2024-08-07 15:52:34,686	[DEBUG]	patch(65)="ParamSetting(('lpg.params', 'param', 'search_steps'), 809) | ParamSetting(('lpg.params', 'param', 'lowmemory'), 'True') | ParamSetting(('lpg.params', 'param', 'lowmemory'), 'True') | ParamSetting(('lpg.params', 'param', 'repeats'), 5) | ParamSetting(('lpg.params', 'param', 'static_noise'), 'True') | ParamSetting(('lpg.params', 'param', 'static_noise'), 'True') | ParamSetting(('lpg.params', 'param', 'noise'), 0.7369491308035279)"
2024-08-07 15:53:43,640	[DEBUG]	EXEC>  CODE_ERROR None
2024-08-07 15:53:43,640	[INFO]	66      RUN_CODE_ERROR        None (--) [7 edit(s)]  
2024-08-07 15:53:43,640	[DEBUG]	patch(66)="ParamSetting(('lpg.params', 'param', 'search_steps'), 809) | ParamSetting(('lpg.params', 'param', 'lowmemory'), 'True') | ParamSetting(('lpg.params', 'param', 'lowmemory'), 'True') | ParamSetting(('lpg.params', 'param', 'repeats'), 5) | ParamSetting(('lpg.params', 'param', 'static_noise'), 'True') | ParamSetting(('lpg.params', 'param', 'static_noise'), 'True') | ParamSetting(('lpg.params', 'param', 'search_steps'), 282)"
2024-08-07 15:54:14,624	[DEBUG]	EXEC>  SUCCESS 18921427949.141666
2024-08-07 15:54:14,624	[INFO]	67      SUCCESS               18921427949.141666 (61.19%) [7 edit(s)]  
2024-08-07 15:54:14,624	[DEBUG]	patch(67)="ParamSetting(('lpg.params', 'param', 'search_steps'), 809) | ParamSetting(('lpg.params', 'param', 'lowmemory'), 'True') | ParamSetting(('lpg.params', 'param', 'lowmemory'), 'True') | ParamSetting(('lpg.params', 'param', 'repeats'), 5) | ParamSetting(('lpg.params', 'param', 'static_noise'), 'True') | ParamSetting(('lpg.params', 'param', 'static_noise'), 'True') | ParamSetting(('lpg.params', 'param', 'restarts'), 20)"
2024-08-07 15:54:14,625	[INFO]	68      SUCCESS              +18714875162.271664 (60.52%) [5 edit(s)] [cached] 
2024-08-07 15:54:14,625	[DEBUG]	patch(68)="ParamSetting(('lpg.params', 'param', 'search_steps'), 809) | ParamSetting(('lpg.params', 'param', 'lowmemory'), 'True') | ParamSetting(('lpg.params', 'param', 'lowmemory'), 'True') | ParamSetting(('lpg.params', 'param', 'static_noise'), 'True') | ParamSetting(('lpg.params', 'param', 'static_noise'), 'True')"
2024-08-07 15:54:14,626	[INFO]	69      SUCCESS              +18714875162.271664 (60.52%) [4 edit(s)] [cached] 
2024-08-07 15:54:14,626	[DEBUG]	patch(69)="ParamSetting(('lpg.params', 'param', 'search_steps'), 809) | ParamSetting(('lpg.params', 'param', 'lowmemory'), 'True') | ParamSetting(('lpg.params', 'param', 'lowmemory'), 'True') | ParamSetting(('lpg.params', 'param', 'static_noise'), 'True')"
2024-08-07 15:54:45,569	[DEBUG]	EXEC>  SUCCESS 19445056158.924335
2024-08-07 15:54:45,569	[INFO]	70      SUCCESS               19445056158.924335 (62.88%) [5 edit(s)]  
2024-08-07 15:54:45,569	[DEBUG]	patch(70)="ParamSetting(('lpg.params', 'param', 'search_steps'), 809) | ParamSetting(('lpg.params', 'param', 'lowmemory'), 'True') | ParamSetting(('lpg.params', 'param', 'lowmemory'), 'True') | ParamSetting(('lpg.params', 'param', 'static_noise'), 'True') | ParamSetting(('lpg.params', 'param', 'noise'), 0.0948400145699636)"
2024-08-07 15:55:28,723	[DEBUG]	EXEC>  SUCCESS 29705830875.48733
2024-08-07 15:55:28,723	[INFO]	71      SUCCESS               29705830875.487331 (96.07%) [3 edit(s)]  
2024-08-07 15:55:28,723	[DEBUG]	patch(71)="ParamSetting(('lpg.params', 'param', 'lowmemory'), 'True') | ParamSetting(('lpg.params', 'param', 'lowmemory'), 'True') | ParamSetting(('lpg.params', 'param', 'static_noise'), 'True')"
2024-08-07 15:55:28,724	[INFO]	72      SUCCESS              +18714875162.271664 (60.52%) [5 edit(s)] [cached] 
2024-08-07 15:55:28,724	[DEBUG]	patch(72)="ParamSetting(('lpg.params', 'param', 'search_steps'), 809) | ParamSetting(('lpg.params', 'param', 'lowmemory'), 'True') | ParamSetting(('lpg.params', 'param', 'lowmemory'), 'True') | ParamSetting(('lpg.params', 'param', 'static_noise'), 'True') | ParamSetting(('lpg.params', 'param', 'lowmemory'), 'True')"
2024-08-07 15:55:59,982	[DEBUG]	EXEC>  SUCCESS 19380988663.408
2024-08-07 15:55:59,982	[INFO]	73      SUCCESS               19380988663.408001 (62.68%) [6 edit(s)]  
2024-08-07 15:55:59,982	[DEBUG]	patch(73)="ParamSetting(('lpg.params', 'param', 'search_steps'), 809) | ParamSetting(('lpg.params', 'param', 'lowmemory'), 'True') | ParamSetting(('lpg.params', 'param', 'lowmemory'), 'True') | ParamSetting(('lpg.params', 'param', 'static_noise'), 'True') | ParamSetting(('lpg.params', 'param', 'lowmemory'), 'True') | ParamSetting(('lpg.params', 'param', 'lowmemory'), 'None')"
2024-08-07 15:55:59,983	[INFO]	74      SUCCESS               19470723713.466335 (62.97%) [4 edit(s)] [cached] 
2024-08-07 15:55:59,983	[DEBUG]	patch(74)="ParamSetting(('lpg.params', 'param', 'search_steps'), 809) | ParamSetting(('lpg.params', 'param', 'lowmemory'), 'True') | ParamSetting(('lpg.params', 'param', 'lowmemory'), 'True') | ParamSetting(('lpg.params', 'param', 'lowmemory'), 'True')"
2024-08-07 15:56:31,022	[DEBUG]	EXEC>  SUCCESS 18576661704.91
2024-08-07 15:56:31,022	[INFO]	75      SUCCESS              *18576661704.910000 (60.08%) [6 edit(s)]  
2024-08-07 15:56:31,022	[DEBUG]	patch(75)="ParamSetting(('lpg.params', 'param', 'search_steps'), 809) | ParamSetting(('lpg.params', 'param', 'lowmemory'), 'True') | ParamSetting(('lpg.params', 'param', 'lowmemory'), 'True') | ParamSetting(('lpg.params', 'param', 'static_noise'), 'True') | ParamSetting(('lpg.params', 'param', 'lowmemory'), 'True') | ParamSetting(('lpg.params', 'param', 'repeats'), 16)"
--- before: lpg.params
+++ after: lpg.params
@@ -1,6 +1,6 @@
-search_steps := 500
+search_steps := 809
 restarts := 9
-repeats := 5
+repeats := 16
 noise := 0.1
-static_noise := 'None'
-lowmemory := 'None'
+static_noise := 'True'
+lowmemory := 'True'

2024-08-07 15:57:02,128	[DEBUG]	EXEC>  SUCCESS 18933890901.35533
2024-08-07 15:57:02,129	[INFO]	76      SUCCESS               18933890901.355331 (61.23%) [7 edit(s)]  
2024-08-07 15:57:02,129	[DEBUG]	patch(76)="ParamSetting(('lpg.params', 'param', 'search_steps'), 809) | ParamSetting(('lpg.params', 'param', 'lowmemory'), 'True') | ParamSetting(('lpg.params', 'param', 'lowmemory'), 'True') | ParamSetting(('lpg.params', 'param', 'static_noise'), 'True') | ParamSetting(('lpg.params', 'param', 'lowmemory'), 'True') | ParamSetting(('lpg.params', 'param', 'repeats'), 16) | ParamSetting(('lpg.params', 'param', 'restarts'), 14)"
2024-08-07 15:57:33,118	[DEBUG]	EXEC>  SUCCESS 19430032086.084667
2024-08-07 15:57:33,118	[INFO]	77      SUCCESS               19430032086.084667 (62.84%) [5 edit(s)]  
2024-08-07 15:57:33,118	[DEBUG]	patch(77)="ParamSetting(('lpg.params', 'param', 'search_steps'), 809) | ParamSetting(('lpg.params', 'param', 'lowmemory'), 'True') | ParamSetting(('lpg.params', 'param', 'lowmemory'), 'True') | ParamSetting(('lpg.params', 'param', 'lowmemory'), 'True') | ParamSetting(('lpg.params', 'param', 'repeats'), 16)"
2024-08-07 15:58:03,201	[INFO]	78      TEST_TIMEOUT          None (--) [7 edit(s)]  
2024-08-07 15:58:03,201	[DEBUG]	patch(78)="ParamSetting(('lpg.params', 'param', 'search_steps'), 809) | ParamSetting(('lpg.params', 'param', 'lowmemory'), 'True') | ParamSetting(('lpg.params', 'param', 'lowmemory'), 'True') | ParamSetting(('lpg.params', 'param', 'static_noise'), 'True') | ParamSetting(('lpg.params', 'param', 'lowmemory'), 'True') | ParamSetting(('lpg.params', 'param', 'repeats'), 16) | ParamSetting(('lpg.params', 'param', 'noise'), 0.7885837320605417)"
2024-08-07 15:58:03,202	[INFO]	79      SUCCESS               18714875162.271664 (60.52%) [5 edit(s)] [cached] 
2024-08-07 15:58:03,202	[DEBUG]	patch(79)="ParamSetting(('lpg.params', 'param', 'search_steps'), 809) | ParamSetting(('lpg.params', 'param', 'lowmemory'), 'True') | ParamSetting(('lpg.params', 'param', 'lowmemory'), 'True') | ParamSetting(('lpg.params', 'param', 'static_noise'), 'True') | ParamSetting(('lpg.params', 'param', 'lowmemory'), 'True')"
2024-08-07 15:58:33,275	[INFO]	80      TEST_TIMEOUT          None (--) [7 edit(s)]  
2024-08-07 15:58:33,275	[DEBUG]	patch(80)="ParamSetting(('lpg.params', 'param', 'search_steps'), 809) | ParamSetting(('lpg.params', 'param', 'lowmemory'), 'True') | ParamSetting(('lpg.params', 'param', 'lowmemory'), 'True') | ParamSetting(('lpg.params', 'param', 'static_noise'), 'True') | ParamSetting(('lpg.params', 'param', 'lowmemory'), 'True') | ParamSetting(('lpg.params', 'param', 'repeats'), 16) | ParamSetting(('lpg.params', 'param', 'noise'), 0.6947071715468095)"
2024-08-07 15:59:05,517	[DEBUG]	EXEC>  SUCCESS 19305767103.329334
2024-08-07 15:59:05,517	[INFO]	81      SUCCESS               19305767103.329334 (62.43%) [7 edit(s)]  
2024-08-07 15:59:05,517	[DEBUG]	patch(81)="ParamSetting(('lpg.params', 'param', 'search_steps'), 809) | ParamSetting(('lpg.params', 'param', 'lowmemory'), 'True') | ParamSetting(('lpg.params', 'param', 'lowmemory'), 'True') | ParamSetting(('lpg.params', 'param', 'static_noise'), 'True') | ParamSetting(('lpg.params', 'param', 'lowmemory'), 'True') | ParamSetting(('lpg.params', 'param', 'repeats'), 16) | ParamSetting(('lpg.params', 'param', 'lowmemory'), 'None')"
2024-08-07 15:59:05,518	[INFO]	82      SUCCESS              +18576661704.910000 (60.08%) [7 edit(s)] [cached] 
2024-08-07 15:59:05,518	[DEBUG]	patch(82)="ParamSetting(('lpg.params', 'param', 'search_steps'), 809) | ParamSetting(('lpg.params', 'param', 'lowmemory'), 'True') | ParamSetting(('lpg.params', 'param', 'lowmemory'), 'True') | ParamSetting(('lpg.params', 'param', 'static_noise'), 'True') | ParamSetting(('lpg.params', 'param', 'lowmemory'), 'True') | ParamSetting(('lpg.params', 'param', 'repeats'), 16) | ParamSetting(('lpg.params', 'param', 'lowmemory'), 'True')"
2024-08-07 15:59:05,519	[INFO]	83      SUCCESS              +18576661704.910000 (60.08%) [6 edit(s)] [cached] 
2024-08-07 15:59:05,519	[DEBUG]	patch(83)="ParamSetting(('lpg.params', 'param', 'search_steps'), 809) | ParamSetting(('lpg.params', 'param', 'lowmemory'), 'True') | ParamSetting(('lpg.params', 'param', 'lowmemory'), 'True') | ParamSetting(('lpg.params', 'param', 'static_noise'), 'True') | ParamSetting(('lpg.params', 'param', 'repeats'), 16) | ParamSetting(('lpg.params', 'param', 'lowmemory'), 'True')"
2024-08-07 16:00:16,117	[DEBUG]	EXEC>  CODE_ERROR None
2024-08-07 16:00:16,117	[INFO]	84      RUN_CODE_ERROR        None (--) [7 edit(s)]  
2024-08-07 16:00:16,117	[DEBUG]	patch(84)="ParamSetting(('lpg.params', 'param', 'search_steps'), 809) | ParamSetting(('lpg.params', 'param', 'lowmemory'), 'True') | ParamSetting(('lpg.params', 'param', 'lowmemory'), 'True') | ParamSetting(('lpg.params', 'param', 'static_noise'), 'True') | ParamSetting(('lpg.params', 'param', 'repeats'), 16) | ParamSetting(('lpg.params', 'param', 'lowmemory'), 'True') | ParamSetting(('lpg.params', 'param', 'search_steps'), 187)"
2024-08-07 16:00:16,118	[INFO]	85      SUCCESS              +18576661704.910000 (60.08%) [7 edit(s)] [cached] 
2024-08-07 16:00:16,118	[DEBUG]	patch(85)="ParamSetting(('lpg.params', 'param', 'search_steps'), 809) | ParamSetting(('lpg.params', 'param', 'lowmemory'), 'True') | ParamSetting(('lpg.params', 'param', 'lowmemory'), 'True') | ParamSetting(('lpg.params', 'param', 'static_noise'), 'True') | ParamSetting(('lpg.params', 'param', 'repeats'), 16) | ParamSetting(('lpg.params', 'param', 'lowmemory'), 'True') | ParamSetting(('lpg.params', 'param', 'lowmemory'), 'True')"
2024-08-07 16:00:16,119	[INFO]	86      SUCCESS              +18576661704.910000 (60.08%) [6 edit(s)] [cached] 
2024-08-07 16:00:16,119	[DEBUG]	patch(86)="ParamSetting(('lpg.params', 'param', 'search_steps'), 809) | ParamSetting(('lpg.params', 'param', 'lowmemory'), 'True') | ParamSetting(('lpg.params', 'param', 'static_noise'), 'True') | ParamSetting(('lpg.params', 'param', 'repeats'), 16) | ParamSetting(('lpg.params', 'param', 'lowmemory'), 'True') | ParamSetting(('lpg.params', 'param', 'lowmemory'), 'True')"
2024-08-07 16:00:16,120	[INFO]	87      SUCCESS              +18576661704.910000 (60.08%) [5 edit(s)] [cached] 
2024-08-07 16:00:16,120	[DEBUG]	patch(87)="ParamSetting(('lpg.params', 'param', 'search_steps'), 809) | ParamSetting(('lpg.params', 'param', 'static_noise'), 'True') | ParamSetting(('lpg.params', 'param', 'repeats'), 16) | ParamSetting(('lpg.params', 'param', 'lowmemory'), 'True') | ParamSetting(('lpg.params', 'param', 'lowmemory'), 'True')"
2024-08-07 16:00:16,120	[INFO]	88      SUCCESS              +18576661704.910000 (60.08%) [6 edit(s)] [cached] 
2024-08-07 16:00:16,121	[DEBUG]	patch(88)="ParamSetting(('lpg.params', 'param', 'search_steps'), 809) | ParamSetting(('lpg.params', 'param', 'static_noise'), 'True') | ParamSetting(('lpg.params', 'param', 'repeats'), 16) | ParamSetting(('lpg.params', 'param', 'lowmemory'), 'True') | ParamSetting(('lpg.params', 'param', 'lowmemory'), 'True') | ParamSetting(('lpg.params', 'param', 'lowmemory'), 'True')"
2024-08-07 16:00:16,121	[INFO]	89      SUCCESS               18714875162.271664 (60.52%) [5 edit(s)] [cached] 
2024-08-07 16:00:16,121	[DEBUG]	patch(89)="ParamSetting(('lpg.params', 'param', 'search_steps'), 809) | ParamSetting(('lpg.params', 'param', 'static_noise'), 'True') | ParamSetting(('lpg.params', 'param', 'lowmemory'), 'True') | ParamSetting(('lpg.params', 'param', 'lowmemory'), 'True') | ParamSetting(('lpg.params', 'param', 'lowmemory'), 'True')"
2024-08-07 16:00:46,193	[INFO]	90      TEST_TIMEOUT          None (--) [7 edit(s)]  
2024-08-07 16:00:46,194	[DEBUG]	patch(90)="ParamSetting(('lpg.params', 'param', 'search_steps'), 809) | ParamSetting(('lpg.params', 'param', 'static_noise'), 'True') | ParamSetting(('lpg.params', 'param', 'repeats'), 16) | ParamSetting(('lpg.params', 'param', 'lowmemory'), 'True') | ParamSetting(('lpg.params', 'param', 'lowmemory'), 'True') | ParamSetting(('lpg.params', 'param', 'lowmemory'), 'True') | ParamSetting(('lpg.params', 'param', 'noise'), 0.6697168314164075)"
2024-08-07 16:00:46,194	[INFO]	91      SUCCESS               19430032086.084667 (62.84%) [7 edit(s)] [cached] 
2024-08-07 16:00:46,195	[DEBUG]	patch(91)="ParamSetting(('lpg.params', 'param', 'search_steps'), 809) | ParamSetting(('lpg.params', 'param', 'static_noise'), 'True') | ParamSetting(('lpg.params', 'param', 'repeats'), 16) | ParamSetting(('lpg.params', 'param', 'lowmemory'), 'True') | ParamSetting(('lpg.params', 'param', 'lowmemory'), 'True') | ParamSetting(('lpg.params', 'param', 'lowmemory'), 'True') | ParamSetting(('lpg.params', 'param', 'static_noise'), 'None')"
2024-08-07 16:00:46,195	[INFO]	92      SUCCESS              +18576661704.910000 (60.08%) [5 edit(s)] [cached] 
2024-08-07 16:00:46,195	[DEBUG]	patch(92)="ParamSetting(('lpg.params', 'param', 'search_steps'), 809) | ParamSetting(('lpg.params', 'param', 'static_noise'), 'True') | ParamSetting(('lpg.params', 'param', 'repeats'), 16) | ParamSetting(('lpg.params', 'param', 'lowmemory'), 'True') | ParamSetting(('lpg.params', 'param', 'lowmemory'), 'True')"
2024-08-07 16:01:54,287	[DEBUG]	EXEC>  CODE_ERROR None
2024-08-07 16:01:54,287	[INFO]	93      RUN_CODE_ERROR        None (--) [6 edit(s)]  
2024-08-07 16:01:54,287	[DEBUG]	patch(93)="ParamSetting(('lpg.params', 'param', 'search_steps'), 809) | ParamSetting(('lpg.params', 'param', 'static_noise'), 'True') | ParamSetting(('lpg.params', 'param', 'repeats'), 16) | ParamSetting(('lpg.params', 'param', 'lowmemory'), 'True') | ParamSetting(('lpg.params', 'param', 'lowmemory'), 'True') | ParamSetting(('lpg.params', 'param', 'search_steps'), 332)"
2024-08-07 16:01:54,288	[INFO]	94      SUCCESS              +18576661704.910000 (60.08%) [4 edit(s)] [cached] 
2024-08-07 16:01:54,288	[DEBUG]	patch(94)="ParamSetting(('lpg.params', 'param', 'search_steps'), 809) | ParamSetting(('lpg.params', 'param', 'static_noise'), 'True') | ParamSetting(('lpg.params', 'param', 'repeats'), 16) | ParamSetting(('lpg.params', 'param', 'lowmemory'), 'True')"
2024-08-07 16:01:54,289	[INFO]	95      SUCCESS               18714875162.271664 (60.52%) [3 edit(s)] [cached] 
2024-08-07 16:01:54,289	[DEBUG]	patch(95)="ParamSetting(('lpg.params', 'param', 'search_steps'), 809) | ParamSetting(('lpg.params', 'param', 'static_noise'), 'True') | ParamSetting(('lpg.params', 'param', 'lowmemory'), 'True')"
2024-08-07 16:01:54,289	[INFO]	96      SUCCESS               19430032086.084667 (62.84%) [5 edit(s)] [cached] 
2024-08-07 16:01:54,289	[DEBUG]	patch(96)="ParamSetting(('lpg.params', 'param', 'search_steps'), 809) | ParamSetting(('lpg.params', 'param', 'static_noise'), 'True') | ParamSetting(('lpg.params', 'param', 'repeats'), 16) | ParamSetting(('lpg.params', 'param', 'lowmemory'), 'True') | ParamSetting(('lpg.params', 'param', 'static_noise'), 'None')"
2024-08-07 16:02:25,173	[DEBUG]	EXEC>  SUCCESS 18555240603.198666
2024-08-07 16:02:25,174	[INFO]	97      SUCCESS              *18555240603.198666 (60.01%) [5 edit(s)]  
2024-08-07 16:02:25,174	[DEBUG]	patch(97)="ParamSetting(('lpg.params', 'param', 'search_steps'), 809) | ParamSetting(('lpg.params', 'param', 'static_noise'), 'True') | ParamSetting(('lpg.params', 'param', 'repeats'), 16) | ParamSetting(('lpg.params', 'param', 'lowmemory'), 'True') | ParamSetting(('lpg.params', 'param', 'restarts'), 10)"
--- before: lpg.params
+++ after: lpg.params
@@ -1,6 +1,6 @@
-search_steps := 500
-restarts := 9
-repeats := 5
+search_steps := 809
+restarts := 10
+repeats := 16
 noise := 0.1
-static_noise := 'None'
-lowmemory := 'None'
+static_noise := 'True'
+lowmemory := 'True'

2024-08-07 16:02:55,256	[INFO]	98      TEST_TIMEOUT          None (--) [6 edit(s)]  
2024-08-07 16:02:55,256	[DEBUG]	patch(98)="ParamSetting(('lpg.params', 'param', 'search_steps'), 809) | ParamSetting(('lpg.params', 'param', 'static_noise'), 'True') | ParamSetting(('lpg.params', 'param', 'repeats'), 16) | ParamSetting(('lpg.params', 'param', 'lowmemory'), 'True') | ParamSetting(('lpg.params', 'param', 'restarts'), 10) | ParamSetting(('lpg.params', 'param', 'noise'), 0.8601830152711281)"
2024-08-07 16:02:55,257	[INFO]	99      SUCCESS               18576661704.910000 (60.08%) [4 edit(s)] [cached] 
2024-08-07 16:02:55,257	[DEBUG]	patch(99)="ParamSetting(('lpg.params', 'param', 'search_steps'), 809) | ParamSetting(('lpg.params', 'param', 'static_noise'), 'True') | ParamSetting(('lpg.params', 'param', 'repeats'), 16) | ParamSetting(('lpg.params', 'param', 'lowmemory'), 'True')"
2024-08-07 16:03:51,093	[DEBUG]	EXEC>  SUCCESS 40330547484.144005
2024-08-07 16:03:51,094	[INFO]	100     SUCCESS               40330547484.144005 (130.43%) [6 edit(s)]  
2024-08-07 16:03:51,094	[DEBUG]	patch(100)="ParamSetting(('lpg.params', 'param', 'search_steps'), 809) | ParamSetting(('lpg.params', 'param', 'static_noise'), 'True') | ParamSetting(('lpg.params', 'param', 'repeats'), 16) | ParamSetting(('lpg.params', 'param', 'lowmemory'), 'True') | ParamSetting(('lpg.params', 'param', 'restarts'), 10) | ParamSetting(('lpg.params', 'param', 'noise'), 0.2621865645380208)"
2024-08-07 16:04:28,697	[DEBUG]	EXEC>  SUCCESS 23683353854.705334
2024-08-07 16:04:28,697	[INFO]	101     SUCCESS               23683353854.705334 (76.59%) [6 edit(s)]  
2024-08-07 16:04:28,697	[DEBUG]	patch(101)="ParamSetting(('lpg.params', 'param', 'search_steps'), 809) | ParamSetting(('lpg.params', 'param', 'static_noise'), 'True') | ParamSetting(('lpg.params', 'param', 'repeats'), 16) | ParamSetting(('lpg.params', 'param', 'lowmemory'), 'True') | ParamSetting(('lpg.params', 'param', 'restarts'), 10) | ParamSetting(('lpg.params', 'param', 'noise'), 0.2431420409519881)"
2024-08-07 16:04:59,610	[DEBUG]	EXEC>  SUCCESS 19511895366.60967
2024-08-07 16:04:59,610	[INFO]	102     SUCCESS               19511895366.609669 (63.10%) [6 edit(s)]  
2024-08-07 16:04:59,610	[DEBUG]	patch(102)="ParamSetting(('lpg.params', 'param', 'search_steps'), 809) | ParamSetting(('lpg.params', 'param', 'static_noise'), 'True') | ParamSetting(('lpg.params', 'param', 'repeats'), 16) | ParamSetting(('lpg.params', 'param', 'lowmemory'), 'True') | ParamSetting(('lpg.params', 'param', 'restarts'), 10) | ParamSetting(('lpg.params', 'param', 'lowmemory'), 'None')"
2024-08-07 16:05:30,561	[DEBUG]	EXEC>  SUCCESS 19025151141.218
2024-08-07 16:05:30,561	[INFO]	103     SUCCESS               19025151141.217999 (61.53%) [6 edit(s)]  
2024-08-07 16:05:30,561	[DEBUG]	patch(103)="ParamSetting(('lpg.params', 'param', 'search_steps'), 809) | ParamSetting(('lpg.params', 'param', 'static_noise'), 'True') | ParamSetting(('lpg.params', 'param', 'repeats'), 16) | ParamSetting(('lpg.params', 'param', 'lowmemory'), 'True') | ParamSetting(('lpg.params', 'param', 'restarts'), 10) | ParamSetting(('lpg.params', 'param', 'restarts'), 1)"
2024-08-07 16:05:30,562	[INFO]	104     SUCCESS               19511895366.609669 (63.10%) [4 edit(s)] [cached] 
2024-08-07 16:05:30,562	[DEBUG]	patch(104)="ParamSetting(('lpg.params', 'param', 'search_steps'), 809) | ParamSetting(('lpg.params', 'param', 'static_noise'), 'True') | ParamSetting(('lpg.params', 'param', 'repeats'), 16) | ParamSetting(('lpg.params', 'param', 'restarts'), 10)"
2024-08-07 16:06:01,423	[DEBUG]	EXEC>  SUCCESS 18427126028.772
2024-08-07 16:06:01,423	[INFO]	105     SUCCESS              *18427126028.771999 (59.59%) [6 edit(s)]  
2024-08-07 16:06:01,423	[DEBUG]	patch(105)="ParamSetting(('lpg.params', 'param', 'search_steps'), 809) | ParamSetting(('lpg.params', 'param', 'static_noise'), 'True') | ParamSetting(('lpg.params', 'param', 'repeats'), 16) | ParamSetting(('lpg.params', 'param', 'lowmemory'), 'True') | ParamSetting(('lpg.params', 'param', 'restarts'), 10) | ParamSetting(('lpg.params', 'param', 'repeats'), 7)"
--- before: lpg.params
+++ after: lpg.params
@@ -1,6 +1,6 @@
-search_steps := 500
-restarts := 9
-repeats := 5
+search_steps := 809
+restarts := 10
+repeats := 7
 noise := 0.1
-static_noise := 'None'
-lowmemory := 'None'
+static_noise := 'True'
+lowmemory := 'True'

2024-08-07 16:06:01,424	[INFO]	106     SUCCESS               18555240603.198666 (60.01%) [5 edit(s)] [cached] 
2024-08-07 16:06:01,424	[DEBUG]	patch(106)="ParamSetting(('lpg.params', 'param', 'search_steps'), 809) | ParamSetting(('lpg.params', 'param', 'static_noise'), 'True') | ParamSetting(('lpg.params', 'param', 'repeats'), 16) | ParamSetting(('lpg.params', 'param', 'lowmemory'), 'True') | ParamSetting(('lpg.params', 'param', 'restarts'), 10)"
2024-08-07 16:06:32,318	[DEBUG]	EXEC>  SUCCESS 18789113315.773666
2024-08-07 16:06:32,318	[INFO]	107     SUCCESS               18789113315.773666 (60.76%) [7 edit(s)]  
2024-08-07 16:06:32,318	[DEBUG]	patch(107)="ParamSetting(('lpg.params', 'param', 'search_steps'), 809) | ParamSetting(('lpg.params', 'param', 'static_noise'), 'True') | ParamSetting(('lpg.params', 'param', 'repeats'), 16) | ParamSetting(('lpg.params', 'param', 'lowmemory'), 'True') | ParamSetting(('lpg.params', 'param', 'restarts'), 10) | ParamSetting(('lpg.params', 'param', 'repeats'), 7) | ParamSetting(('lpg.params', 'param', 'repeats'), 11)"
2024-08-07 16:07:03,302	[DEBUG]	EXEC>  SUCCESS 18693358323.718666
2024-08-07 16:07:03,302	[INFO]	108     SUCCESS               18693358323.718666 (60.45%) [7 edit(s)]  
2024-08-07 16:07:03,302	[DEBUG]	patch(108)="ParamSetting(('lpg.params', 'param', 'search_steps'), 809) | ParamSetting(('lpg.params', 'param', 'static_noise'), 'True') | ParamSetting(('lpg.params', 'param', 'repeats'), 16) | ParamSetting(('lpg.params', 'param', 'lowmemory'), 'True') | ParamSetting(('lpg.params', 'param', 'restarts'), 10) | ParamSetting(('lpg.params', 'param', 'repeats'), 7) | ParamSetting(('lpg.params', 'param', 'restarts'), 4)"
2024-08-07 16:07:03,303	[INFO]	~~~~ END ~~~~
2024-08-07 16:07:03,303	[INFO]	
2024-08-07 16:07:03,303	[INFO]	==== REPORT ====
2024-08-07 16:07:03,303	[INFO]	Termination: time budget
2024-08-07 16:07:03,303	[INFO]	Retries: 3
2024-08-07 16:07:03,303	[INFO]	Log file: /home/dbouras/magpie/_magpie_logs/lpg_1723040867.log
2024-08-07 16:07:03,303	[INFO]	Patch file: _magpie_logs/lpg_1723040867.patch
2024-08-07 16:07:03,303	[INFO]	Diff file: _magpie_logs/lpg_1723040867.diff
2024-08-07 16:07:03,303	[INFO]	Reference fitness: 30921827594.064331
2024-08-07 16:07:03,303	[INFO]	Best fitness: 18427126028.771999
2024-08-07 16:07:03,304	[INFO]	
2024-08-07 16:07:03,304	[INFO]	==== BEST PATCH ====
ParamSetting(('lpg.params', 'param', 'search_steps'), 809) | ParamSetting(('lpg.params', 'param', 'static_noise'), 'True') | ParamSetting(('lpg.params', 'param', 'repeats'), 16) | ParamSetting(('lpg.params', 'param', 'lowmemory'), 'True') | ParamSetting(('lpg.params', 'param', 'restarts'), 10) | ParamSetting(('lpg.params', 'param', 'repeats'), 7)
2024-08-07 16:07:03,305	[INFO]	
2024-08-07 16:07:03,305	[INFO]	==== DIFF ====
[1m--- before: lpg.params[0m
[1m+++ after: lpg.params[0m
[36m@@ -1,6 +1,6 @@[0m
[31m-search_steps := 500[0m
[31m-restarts := 9[0m
[31m-repeats := 5[0m
[32m+search_steps := 809[0m
[32m+restarts := 10[0m
[32m+repeats := 7[0m
 noise := 0.1
[31m-static_noise := 'None'[0m
[31m-lowmemory := 'None'[0m
[32m+static_noise := 'True'[0m
[32m+lowmemory := 'True'[0m

