2024-07-25 18:04:58,716	[DEBUG]	==== CONFIG ====
[magpie]
import = 
seed = 45
log_dir = _magpie_logs
work_dir = _magpie_work
local_original_copy = True
local_original_name = __original__
output_encoding = ascii
edit_retries = 10
default_timeout = 30
default_lengthout = 1e6
diff_method = unified
trust_local_filesystem = True
test_timeout = 10

[magpie.log]
color_output = True
format_info = {counter:<7} {status:<20} {best}{fitness} ({ratio}) [{size}] {cached} {log}
format_debug = patch({counter})="{patch}"{diffifbest}
format_fitness = {:.6f}
format_ratio = {:.2%%}
format_patchif = 
	 --> {patch}
format_diffif = 
	{diff}

[software]
path = examples/lpg
target_files = lpg.params
software = BasicSoftware
model_rules = 
	*.params : ParamFileConfigModel
	*.xml : SrcmlModel
	* : LineModel
model_config = 
	*.params : [paramconfig]
	*.xml : [srcml]
init_cmd = 
init_timeout = 60
init_lengthout = -1
setup_cmd = 
setup_timeout = 
setup_lengthout = 
compile_cmd = 
compile_timeout = 
compile_lengthout = 
test_cmd = bash test.sh
test_timeout = 
test_lengthout = 
run_cmd = perf stat -e branches bash run_fixed.sh
run_timeout = 
run_lengthout = 
retries = 4
batch_timeout = 
batch_lengthout = 
batch_bin_fitness_strategy = aggregate
batch_fitness_strategy = sum
fitness = perf_branches

[srcml]
rename = 
	stmt: break continue decl_stmt do expr_stmt for goto if return switch while
	number: literal_number
focus = block stmt operator_comp operator_arith number
internodes = block
process_pseudo_blocks = True
process_literals = True
process_operators = True

[paramconfig]
timing = test run
cli_prefix = --
cli_glue = =
cli_boolean = show
cli_boolean_prefix_true = 
cli_boolean_prefix_false = no-
cli_none = hide
silent_prefix = @
silent_suffix = $

[search]
protocol = BasicProtocol
algorithm = FirstImprovement
possible_edits = ParamSetting
warmup = 3
warmup_strategy = last
max_steps = 10000
max_time = 1800
target_fitness = 
cache_maxsize = 100
cache_keep = 0.2
batch_instances = 
batch_shuffle = True
batch_bin_shuffle = False
batch_sample_size = 1

[search.ls]
delete_prob = 0.5
max_neighbours = 
when_trapped = continue
accept_fail = False
tabu_length = 10

[search.gp]
pop_size = 10
delete_prob = 0.5
offspring_elitism = 0.1
offspring_crossover = 0.5
offspring_mutation = 0.4
uniform_rate = 0.5
batch_reset = True

[search.minify]
do_cleanup = True
do_rebuild = True
do_simplify = True
round_robin_limit = 3


2024-07-25 18:04:58,717	[DEBUG]	
2024-07-25 18:04:58,717	[INFO]	==== SEARCH: FirstImprovement ====
2024-07-25 18:04:58,717	[INFO]	~~~~ WARMUP ~~~~
2024-07-25 18:06:04,670	[DEBUG]	EXEC>  SUCCESS 17140217506.75
2024-07-25 18:06:04,671	[INFO]	WARM    SUCCESS               17140217506.750000 (--) [0 edit(s)]  
2024-07-25 18:07:10,546	[DEBUG]	EXEC>  SUCCESS 17141151584.5
2024-07-25 18:07:10,547	[INFO]	WARM    SUCCESS               17141151584.500000 (--) [0 edit(s)]  
2024-07-25 18:08:16,305	[DEBUG]	EXEC>  SUCCESS 17142062368.25
2024-07-25 18:08:16,305	[INFO]	WARM    SUCCESS               17142062368.250000 (--) [0 edit(s)]  
2024-07-25 18:08:16,305	[INFO]	REF     SUCCESS               17142062368.250000 (--) [0 edit(s)]  
2024-07-25 18:08:16,305	[INFO]	
2024-07-25 18:08:16,305	[INFO]	~~~~ START ~~~~
2024-07-25 18:08:51,494	[DEBUG]	EXEC>  TIMEOUT None
2024-07-25 18:08:51,495	[INFO]	1       RUN_TIMEOUT           None (--) [1 edit(s)]  
2024-07-25 18:08:51,495	[DEBUG]	patch(1)="ParamSetting(('lpg.params', 'param', 'noise'), 0.2576606205245803)"
2024-07-25 18:09:37,643	[DEBUG]	EXEC>  TIMEOUT None
2024-07-25 18:09:37,643	[INFO]	2       RUN_TIMEOUT           None (--) [1 edit(s)]  
2024-07-25 18:09:37,643	[DEBUG]	patch(2)="ParamSetting(('lpg.params', 'param', 'search_steps'), 174)"
2024-07-25 18:11:38,382	[DEBUG]	EXEC>  SUCCESS 31918852652.0
2024-07-25 18:11:38,382	[INFO]	3       SUCCESS               31918852652.000000 (186.20%) [1 edit(s)]  
2024-07-25 18:11:38,382	[DEBUG]	patch(3)="ParamSetting(('lpg.params', 'param', 'search_steps'), 390)"
2024-07-25 18:11:38,383	[INFO]	4       SUCCESS              +17142062368.250000 (100.00%) [1 edit(s)] [cached] 
2024-07-25 18:11:38,383	[DEBUG]	patch(4)="ParamSetting(('lpg.params', 'param', 'lowmemory'), 'None')"
2024-07-25 18:11:38,384	[INFO]	5       SUCCESS              +17142062368.250000 (100.00%) [2 edit(s)] [cached] 
2024-07-25 18:11:38,384	[DEBUG]	patch(5)="ParamSetting(('lpg.params', 'param', 'lowmemory'), 'None') | ParamSetting(('lpg.params', 'param', 'repeats'), 5)"
2024-07-25 18:11:38,384	[INFO]	6       SUCCESS              +17142062368.250000 (100.00%) [1 edit(s)] [cached] 
2024-07-25 18:11:38,384	[DEBUG]	patch(6)="ParamSetting(('lpg.params', 'param', 'lowmemory'), 'None')"
2024-07-25 18:11:38,385	[INFO]	7       SUCCESS              +17142062368.250000 (100.00%) [0 edit(s)] [cached] 
2024-07-25 18:11:38,385	[DEBUG]	patch(7)=""
2024-07-25 18:12:16,821	[DEBUG]	EXEC>  TIMEOUT None
2024-07-25 18:12:16,822	[INFO]	8       RUN_TIMEOUT           None (--) [1 edit(s)]  
2024-07-25 18:12:16,822	[DEBUG]	patch(8)="ParamSetting(('lpg.params', 'param', 'search_steps'), 276)"
2024-07-25 18:13:22,543	[DEBUG]	EXEC>  SUCCESS 17140545173.25
2024-07-25 18:13:22,543	[INFO]	9       SUCCESS              *17140545173.250000 (99.99%) [1 edit(s)]  
2024-07-25 18:13:22,543	[DEBUG]	patch(9)="ParamSetting(('lpg.params', 'param', 'repeats'), 11)"
--- before: lpg.params
+++ after: lpg.params
@@ -1,6 +1,6 @@
 search_steps := 500
 restarts := 9
-repeats := 5
+repeats := 11
 noise := 0.1
 static_noise := 'None'
 lowmemory := 'None'

2024-07-25 18:13:22,544	[INFO]	10      SUCCESS               17142062368.250000 (100.00%) [0 edit(s)] [cached] 
2024-07-25 18:13:22,544	[DEBUG]	patch(10)=""
2024-07-25 18:13:52,612	[INFO]	11      TEST_TIMEOUT          None (--) [2 edit(s)]  
2024-07-25 18:13:52,612	[DEBUG]	patch(11)="ParamSetting(('lpg.params', 'param', 'repeats'), 11) | ParamSetting(('lpg.params', 'param', 'noise'), 0.909611607891918)"
2024-07-25 18:13:52,613	[INFO]	12      SUCCESS              +17140545173.250000 (99.99%) [2 edit(s)] [cached] 
2024-07-25 18:13:52,613	[DEBUG]	patch(12)="ParamSetting(('lpg.params', 'param', 'repeats'), 11) | ParamSetting(('lpg.params', 'param', 'lowmemory'), 'None')"
2024-07-25 18:13:52,614	[INFO]	13      SUCCESS              +17140545173.250000 (99.99%) [1 edit(s)] [cached] 
2024-07-25 18:13:52,614	[DEBUG]	patch(13)="ParamSetting(('lpg.params', 'param', 'repeats'), 11)"
2024-07-25 18:13:52,615	[INFO]	14      SUCCESS               17142062368.250000 (100.00%) [0 edit(s)] [cached] 
2024-07-25 18:13:52,615	[DEBUG]	patch(14)=""
2024-07-25 18:13:52,615	[INFO]	15      SUCCESS              +17140545173.250000 (99.99%) [2 edit(s)] [cached] 
2024-07-25 18:13:52,615	[DEBUG]	patch(15)="ParamSetting(('lpg.params', 'param', 'repeats'), 11) | ParamSetting(('lpg.params', 'param', 'static_noise'), 'None')"
2024-07-25 18:14:58,409	[DEBUG]	EXEC>  SUCCESS 17140909712.0
2024-07-25 18:14:58,409	[INFO]	16      SUCCESS               17140909712.000000 (99.99%) [3 edit(s)]  
2024-07-25 18:14:58,409	[DEBUG]	patch(16)="ParamSetting(('lpg.params', 'param', 'repeats'), 11) | ParamSetting(('lpg.params', 'param', 'static_noise'), 'None') | ParamSetting(('lpg.params', 'param', 'repeats'), 6)"
2024-07-25 18:14:58,410	[INFO]	17      SUCCESS              +17140545173.250000 (99.99%) [1 edit(s)] [cached] 
2024-07-25 18:14:58,410	[DEBUG]	patch(17)="ParamSetting(('lpg.params', 'param', 'repeats'), 11)"
2024-07-25 18:14:58,410	[INFO]	18      SUCCESS               17142062368.250000 (100.00%) [0 edit(s)] [cached] 
2024-07-25 18:14:58,411	[DEBUG]	patch(18)=""
2024-07-25 18:16:03,977	[DEBUG]	EXEC>  SUCCESS 17140084366.5
2024-07-25 18:16:03,977	[INFO]	19      SUCCESS              *17140084366.500000 (99.99%) [2 edit(s)]  
2024-07-25 18:16:03,977	[DEBUG]	patch(19)="ParamSetting(('lpg.params', 'param', 'repeats'), 11) | ParamSetting(('lpg.params', 'param', 'restarts'), 11)"
--- before: lpg.params
+++ after: lpg.params
@@ -1,6 +1,6 @@
 search_steps := 500
-restarts := 9
-repeats := 5
+restarts := 11
+repeats := 11
 noise := 0.1
 static_noise := 'None'
 lowmemory := 'None'

2024-07-25 18:17:09,699	[DEBUG]	EXEC>  SUCCESS 17140192600.5
2024-07-25 18:17:09,700	[INFO]	20      SUCCESS               17140192600.500000 (99.99%) [1 edit(s)]  
2024-07-25 18:17:09,700	[DEBUG]	patch(20)="ParamSetting(('lpg.params', 'param', 'restarts'), 11)"
2024-07-25 18:17:48,405	[DEBUG]	EXEC>  TIMEOUT None
2024-07-25 18:17:48,405	[INFO]	21      RUN_TIMEOUT           None (--) [3 edit(s)]  
2024-07-25 18:17:48,405	[DEBUG]	patch(21)="ParamSetting(('lpg.params', 'param', 'repeats'), 11) | ParamSetting(('lpg.params', 'param', 'restarts'), 11) | ParamSetting(('lpg.params', 'param', 'search_steps'), 252)"
2024-07-25 18:18:26,585	[DEBUG]	EXEC>  TIMEOUT None
2024-07-25 18:18:26,585	[INFO]	22      RUN_TIMEOUT           None (--) [3 edit(s)]  
2024-07-25 18:18:26,585	[DEBUG]	patch(22)="ParamSetting(('lpg.params', 'param', 'repeats'), 11) | ParamSetting(('lpg.params', 'param', 'restarts'), 11) | ParamSetting(('lpg.params', 'param', 'search_steps'), 279)"
2024-07-25 18:19:10,180	[DEBUG]	EXEC>  SUCCESS 11183051752.5
2024-07-25 18:19:10,181	[INFO]	23      SUCCESS              *11183051752.500000 (65.24%) [3 edit(s)]  
2024-07-25 18:19:10,181	[DEBUG]	patch(23)="ParamSetting(('lpg.params', 'param', 'repeats'), 11) | ParamSetting(('lpg.params', 'param', 'restarts'), 11) | ParamSetting(('lpg.params', 'param', 'search_steps'), 809)"
--- before: lpg.params
+++ after: lpg.params
@@ -1,6 +1,6 @@
-search_steps := 500
-restarts := 9
-repeats := 5
+search_steps := 809
+restarts := 11
+repeats := 11
 noise := 0.1
 static_noise := 'None'
 lowmemory := 'None'

2024-07-25 18:19:53,811	[DEBUG]	EXEC>  SUCCESS 11181340913.0
2024-07-25 18:19:53,812	[INFO]	24      SUCCESS              *11181340913.000000 (65.23%) [2 edit(s)]  
2024-07-25 18:19:53,812	[DEBUG]	patch(24)="ParamSetting(('lpg.params', 'param', 'repeats'), 11) | ParamSetting(('lpg.params', 'param', 'search_steps'), 809)"
--- before: lpg.params
+++ after: lpg.params
@@ -1,6 +1,6 @@
-search_steps := 500
+search_steps := 809
 restarts := 9
-repeats := 5
+repeats := 11
 noise := 0.1
 static_noise := 'None'
 lowmemory := 'None'

2024-07-25 18:20:35,991	[DEBUG]	EXEC>  SUCCESS 10717176850.5
2024-07-25 18:20:35,992	[INFO]	25      SUCCESS              *10717176850.500000 (62.52%) [3 edit(s)]  
2024-07-25 18:20:35,992	[DEBUG]	patch(25)="ParamSetting(('lpg.params', 'param', 'repeats'), 11) | ParamSetting(('lpg.params', 'param', 'search_steps'), 809) | ParamSetting(('lpg.params', 'param', 'lowmemory'), 'True')"
--- before: lpg.params
+++ after: lpg.params
@@ -1,6 +1,6 @@
-search_steps := 500
+search_steps := 809
 restarts := 9
-repeats := 5
+repeats := 11
 noise := 0.1
 static_noise := 'None'
-lowmemory := 'None'
+lowmemory := 'True'

2024-07-25 18:21:06,061	[INFO]	26      TEST_TIMEOUT          None (--) [4 edit(s)]  
2024-07-25 18:21:06,061	[DEBUG]	patch(26)="ParamSetting(('lpg.params', 'param', 'repeats'), 11) | ParamSetting(('lpg.params', 'param', 'search_steps'), 809) | ParamSetting(('lpg.params', 'param', 'lowmemory'), 'True') | ParamSetting(('lpg.params', 'param', 'noise'), 0.7665559902953729)"
2024-07-25 18:21:38,457	[DEBUG]	EXEC>  TIMEOUT None
2024-07-25 18:21:38,457	[INFO]	27      RUN_TIMEOUT           None (--) [4 edit(s)]  
2024-07-25 18:21:38,457	[DEBUG]	patch(27)="ParamSetting(('lpg.params', 'param', 'repeats'), 11) | ParamSetting(('lpg.params', 'param', 'search_steps'), 809) | ParamSetting(('lpg.params', 'param', 'lowmemory'), 'True') | ParamSetting(('lpg.params', 'param', 'search_steps'), 428)"
2024-07-25 18:22:20,698	[DEBUG]	EXEC>  SUCCESS 10717092101.5
2024-07-25 18:22:20,698	[INFO]	28      SUCCESS              *10717092101.500000 (62.52%) [4 edit(s)]  
2024-07-25 18:22:20,698	[DEBUG]	patch(28)="ParamSetting(('lpg.params', 'param', 'repeats'), 11) | ParamSetting(('lpg.params', 'param', 'search_steps'), 809) | ParamSetting(('lpg.params', 'param', 'lowmemory'), 'True') | ParamSetting(('lpg.params', 'param', 'repeats'), 12)"
--- before: lpg.params
+++ after: lpg.params
@@ -1,6 +1,6 @@
-search_steps := 500
+search_steps := 809
 restarts := 9
-repeats := 5
+repeats := 12
 noise := 0.1
 static_noise := 'None'
-lowmemory := 'None'
+lowmemory := 'True'

2024-07-25 18:23:25,071	[DEBUG]	EXEC>  SUCCESS 16676560710.75
2024-07-25 18:23:25,071	[INFO]	29      SUCCESS               16676560710.750000 (97.28%) [3 edit(s)]  
2024-07-25 18:23:25,071	[DEBUG]	patch(29)="ParamSetting(('lpg.params', 'param', 'repeats'), 11) | ParamSetting(('lpg.params', 'param', 'lowmemory'), 'True') | ParamSetting(('lpg.params', 'param', 'repeats'), 12)"
2024-07-25 18:23:25,072	[INFO]	30      SUCCESS              +10717092101.500000 (62.52%) [5 edit(s)] [cached] 
2024-07-25 18:23:25,072	[DEBUG]	patch(30)="ParamSetting(('lpg.params', 'param', 'repeats'), 11) | ParamSetting(('lpg.params', 'param', 'search_steps'), 809) | ParamSetting(('lpg.params', 'param', 'lowmemory'), 'True') | ParamSetting(('lpg.params', 'param', 'repeats'), 12) | ParamSetting(('lpg.params', 'param', 'lowmemory'), 'True')"
2024-07-25 18:24:07,010	[DEBUG]	EXEC>  SUCCESS 10717781023.0
2024-07-25 18:24:07,010	[INFO]	31      SUCCESS               10717781023.000000 (62.52%) [6 edit(s)]  
2024-07-25 18:24:07,010	[DEBUG]	patch(31)="ParamSetting(('lpg.params', 'param', 'repeats'), 11) | ParamSetting(('lpg.params', 'param', 'search_steps'), 809) | ParamSetting(('lpg.params', 'param', 'lowmemory'), 'True') | ParamSetting(('lpg.params', 'param', 'repeats'), 12) | ParamSetting(('lpg.params', 'param', 'lowmemory'), 'True') | ParamSetting(('lpg.params', 'param', 'restarts'), 19)"
2024-07-25 18:24:07,011	[INFO]	32      SUCCESS               16676560710.750000 (97.28%) [4 edit(s)] [cached] 
2024-07-25 18:24:07,011	[DEBUG]	patch(32)="ParamSetting(('lpg.params', 'param', 'repeats'), 11) | ParamSetting(('lpg.params', 'param', 'lowmemory'), 'True') | ParamSetting(('lpg.params', 'param', 'repeats'), 12) | ParamSetting(('lpg.params', 'param', 'lowmemory'), 'True')"
2024-07-25 18:24:07,012	[INFO]	33      SUCCESS              +10717092101.500000 (62.52%) [4 edit(s)] [cached] 
2024-07-25 18:24:07,012	[DEBUG]	patch(33)="ParamSetting(('lpg.params', 'param', 'search_steps'), 809) | ParamSetting(('lpg.params', 'param', 'lowmemory'), 'True') | ParamSetting(('lpg.params', 'param', 'repeats'), 12) | ParamSetting(('lpg.params', 'param', 'lowmemory'), 'True')"
2024-07-25 18:24:49,046	[DEBUG]	EXEC>  SUCCESS 10716974227.5
2024-07-25 18:24:49,046	[INFO]	34      SUCCESS              *10716974227.500000 (62.52%) [5 edit(s)]  
2024-07-25 18:24:49,046	[DEBUG]	patch(34)="ParamSetting(('lpg.params', 'param', 'search_steps'), 809) | ParamSetting(('lpg.params', 'param', 'lowmemory'), 'True') | ParamSetting(('lpg.params', 'param', 'repeats'), 12) | ParamSetting(('lpg.params', 'param', 'lowmemory'), 'True') | ParamSetting(('lpg.params', 'param', 'repeats'), 15)"
--- before: lpg.params
+++ after: lpg.params
@@ -1,6 +1,6 @@
-search_steps := 500
+search_steps := 809
 restarts := 9
-repeats := 5
+repeats := 15
 noise := 0.1
 static_noise := 'None'
-lowmemory := 'None'
+lowmemory := 'True'

2024-07-25 18:24:49,047	[INFO]	35      SUCCESS              +10716974227.500000 (62.52%) [6 edit(s)] [cached] 
2024-07-25 18:24:49,047	[DEBUG]	patch(35)="ParamSetting(('lpg.params', 'param', 'search_steps'), 809) | ParamSetting(('lpg.params', 'param', 'lowmemory'), 'True') | ParamSetting(('lpg.params', 'param', 'repeats'), 12) | ParamSetting(('lpg.params', 'param', 'lowmemory'), 'True') | ParamSetting(('lpg.params', 'param', 'repeats'), 15) | ParamSetting(('lpg.params', 'param', 'lowmemory'), 'True')"
2024-07-25 18:24:49,048	[INFO]	36      SUCCESS              +10716974227.500000 (62.52%) [7 edit(s)] [cached] 
2024-07-25 18:24:49,048	[DEBUG]	patch(36)="ParamSetting(('lpg.params', 'param', 'search_steps'), 809) | ParamSetting(('lpg.params', 'param', 'lowmemory'), 'True') | ParamSetting(('lpg.params', 'param', 'repeats'), 12) | ParamSetting(('lpg.params', 'param', 'lowmemory'), 'True') | ParamSetting(('lpg.params', 'param', 'repeats'), 15) | ParamSetting(('lpg.params', 'param', 'lowmemory'), 'True') | ParamSetting(('lpg.params', 'param', 'static_noise'), 'None')"
2024-07-25 18:24:49,048	[INFO]	37      SUCCESS              +10716974227.500000 (62.52%) [6 edit(s)] [cached] 
2024-07-25 18:24:49,048	[DEBUG]	patch(37)="ParamSetting(('lpg.params', 'param', 'search_steps'), 809) | ParamSetting(('lpg.params', 'param', 'lowmemory'), 'True') | ParamSetting(('lpg.params', 'param', 'repeats'), 12) | ParamSetting(('lpg.params', 'param', 'lowmemory'), 'True') | ParamSetting(('lpg.params', 'param', 'repeats'), 15) | ParamSetting(('lpg.params', 'param', 'lowmemory'), 'True')"
2024-07-25 18:25:53,498	[DEBUG]	EXEC>  SUCCESS 16677387740.75
2024-07-25 18:25:53,499	[INFO]	38      SUCCESS               16677387740.750000 (97.29%) [5 edit(s)]  
2024-07-25 18:25:53,499	[DEBUG]	patch(38)="ParamSetting(('lpg.params', 'param', 'lowmemory'), 'True') | ParamSetting(('lpg.params', 'param', 'repeats'), 12) | ParamSetting(('lpg.params', 'param', 'lowmemory'), 'True') | ParamSetting(('lpg.params', 'param', 'repeats'), 15) | ParamSetting(('lpg.params', 'param', 'lowmemory'), 'True')"
2024-07-25 18:25:53,500	[INFO]	39      SUCCESS              +10716974227.500000 (62.52%) [5 edit(s)] [cached] 
2024-07-25 18:25:53,500	[DEBUG]	patch(39)="ParamSetting(('lpg.params', 'param', 'search_steps'), 809) | ParamSetting(('lpg.params', 'param', 'lowmemory'), 'True') | ParamSetting(('lpg.params', 'param', 'repeats'), 12) | ParamSetting(('lpg.params', 'param', 'lowmemory'), 'True') | ParamSetting(('lpg.params', 'param', 'repeats'), 15)"
2024-07-25 18:25:53,500	[INFO]	40      SUCCESS               10717092101.500000 (62.52%) [4 edit(s)] [cached] 
2024-07-25 18:25:53,500	[DEBUG]	patch(40)="ParamSetting(('lpg.params', 'param', 'search_steps'), 809) | ParamSetting(('lpg.params', 'param', 'lowmemory'), 'True') | ParamSetting(('lpg.params', 'param', 'repeats'), 12) | ParamSetting(('lpg.params', 'param', 'lowmemory'), 'True')"
2024-07-25 18:25:53,501	[INFO]	41      SUCCESS              +10716974227.500000 (62.52%) [4 edit(s)] [cached] 
2024-07-25 18:25:53,501	[DEBUG]	patch(41)="ParamSetting(('lpg.params', 'param', 'search_steps'), 809) | ParamSetting(('lpg.params', 'param', 'lowmemory'), 'True') | ParamSetting(('lpg.params', 'param', 'lowmemory'), 'True') | ParamSetting(('lpg.params', 'param', 'repeats'), 15)"
2024-07-25 18:26:35,633	[DEBUG]	EXEC>  SUCCESS 10717933115.25
2024-07-25 18:26:35,633	[INFO]	42      SUCCESS               10717933115.250000 (62.52%) [3 edit(s)]  
2024-07-25 18:26:35,633	[DEBUG]	patch(42)="ParamSetting(('lpg.params', 'param', 'search_steps'), 809) | ParamSetting(('lpg.params', 'param', 'lowmemory'), 'True') | ParamSetting(('lpg.params', 'param', 'lowmemory'), 'True')"
2024-07-25 18:26:35,634	[INFO]	43      SUCCESS              +10716974227.500000 (62.52%) [3 edit(s)] [cached] 
2024-07-25 18:26:35,634	[DEBUG]	patch(43)="ParamSetting(('lpg.params', 'param', 'search_steps'), 809) | ParamSetting(('lpg.params', 'param', 'lowmemory'), 'True') | ParamSetting(('lpg.params', 'param', 'repeats'), 15)"
2024-07-25 18:27:19,360	[DEBUG]	EXEC>  SUCCESS 11181445161.5
2024-07-25 18:27:19,360	[INFO]	44      SUCCESS               11181445161.500000 (65.23%) [4 edit(s)]  
2024-07-25 18:27:19,360	[DEBUG]	patch(44)="ParamSetting(('lpg.params', 'param', 'search_steps'), 809) | ParamSetting(('lpg.params', 'param', 'lowmemory'), 'True') | ParamSetting(('lpg.params', 'param', 'repeats'), 15) | ParamSetting(('lpg.params', 'param', 'lowmemory'), 'None')"
2024-07-25 18:27:19,361	[INFO]	45      SUCCESS               11181445161.500000 (65.23%) [4 edit(s)] [cached] 
2024-07-25 18:27:19,361	[DEBUG]	patch(45)="ParamSetting(('lpg.params', 'param', 'search_steps'), 809) | ParamSetting(('lpg.params', 'param', 'lowmemory'), 'True') | ParamSetting(('lpg.params', 'param', 'repeats'), 15) | ParamSetting(('lpg.params', 'param', 'lowmemory'), 'None')"
2024-07-25 18:27:19,362	[INFO]	46      SUCCESS               11181445161.500000 (65.23%) [4 edit(s)] [cached] 
2024-07-25 18:27:19,362	[DEBUG]	patch(46)="ParamSetting(('lpg.params', 'param', 'search_steps'), 809) | ParamSetting(('lpg.params', 'param', 'lowmemory'), 'True') | ParamSetting(('lpg.params', 'param', 'repeats'), 15) | ParamSetting(('lpg.params', 'param', 'lowmemory'), 'None')"
2024-07-25 18:27:59,926	[DEBUG]	EXEC>  SUCCESS 10333264476.75
2024-07-25 18:27:59,926	[INFO]	47      SUCCESS              *10333264476.750000 (60.28%) [4 edit(s)]  
2024-07-25 18:27:59,926	[DEBUG]	patch(47)="ParamSetting(('lpg.params', 'param', 'search_steps'), 809) | ParamSetting(('lpg.params', 'param', 'lowmemory'), 'True') | ParamSetting(('lpg.params', 'param', 'repeats'), 15) | ParamSetting(('lpg.params', 'param', 'static_noise'), 'True')"
--- before: lpg.params
+++ after: lpg.params
@@ -1,6 +1,6 @@
-search_steps := 500
+search_steps := 809
 restarts := 9
-repeats := 5
+repeats := 15
 noise := 0.1
-static_noise := 'None'
-lowmemory := 'None'
+static_noise := 'True'
+lowmemory := 'True'

2024-07-25 18:29:03,458	[DEBUG]	EXEC>  SUCCESS 16565854056.25
2024-07-25 18:29:03,458	[INFO]	48      SUCCESS               16565854056.250000 (96.64%) [3 edit(s)]  
2024-07-25 18:29:03,458	[DEBUG]	patch(48)="ParamSetting(('lpg.params', 'param', 'lowmemory'), 'True') | ParamSetting(('lpg.params', 'param', 'repeats'), 15) | ParamSetting(('lpg.params', 'param', 'static_noise'), 'True')"
2024-07-25 18:29:03,459	[INFO]	49      SUCCESS              +10333264476.750000 (60.28%) [5 edit(s)] [cached] 
2024-07-25 18:29:03,459	[DEBUG]	patch(49)="ParamSetting(('lpg.params', 'param', 'search_steps'), 809) | ParamSetting(('lpg.params', 'param', 'lowmemory'), 'True') | ParamSetting(('lpg.params', 'param', 'repeats'), 15) | ParamSetting(('lpg.params', 'param', 'static_noise'), 'True') | ParamSetting(('lpg.params', 'param', 'static_noise'), 'True')"
2024-07-25 18:29:03,460	[INFO]	50      SUCCESS              +10333264476.750000 (60.28%) [6 edit(s)] [cached] 
2024-07-25 18:29:03,460	[DEBUG]	patch(50)="ParamSetting(('lpg.params', 'param', 'search_steps'), 809) | ParamSetting(('lpg.params', 'param', 'lowmemory'), 'True') | ParamSetting(('lpg.params', 'param', 'repeats'), 15) | ParamSetting(('lpg.params', 'param', 'static_noise'), 'True') | ParamSetting(('lpg.params', 'param', 'static_noise'), 'True') | ParamSetting(('lpg.params', 'param', 'lowmemory'), 'True')"
2024-07-25 18:29:03,461	[INFO]	51      SUCCESS               16565854056.250000 (96.64%) [5 edit(s)] [cached] 
2024-07-25 18:29:03,461	[DEBUG]	patch(51)="ParamSetting(('lpg.params', 'param', 'lowmemory'), 'True') | ParamSetting(('lpg.params', 'param', 'repeats'), 15) | ParamSetting(('lpg.params', 'param', 'static_noise'), 'True') | ParamSetting(('lpg.params', 'param', 'static_noise'), 'True') | ParamSetting(('lpg.params', 'param', 'lowmemory'), 'True')"
2024-07-25 18:29:33,523	[INFO]	52      TEST_TIMEOUT          None (--) [7 edit(s)]  
2024-07-25 18:29:33,524	[DEBUG]	patch(52)="ParamSetting(('lpg.params', 'param', 'search_steps'), 809) | ParamSetting(('lpg.params', 'param', 'lowmemory'), 'True') | ParamSetting(('lpg.params', 'param', 'repeats'), 15) | ParamSetting(('lpg.params', 'param', 'static_noise'), 'True') | ParamSetting(('lpg.params', 'param', 'static_noise'), 'True') | ParamSetting(('lpg.params', 'param', 'lowmemory'), 'True') | ParamSetting(('lpg.params', 'param', 'noise'), 0.5350187739942603)"
2024-07-25 18:29:33,525	[INFO]	53      SUCCESS              +10333264476.750000 (60.28%) [7 edit(s)] [cached] 
2024-07-25 18:29:33,525	[DEBUG]	patch(53)="ParamSetting(('lpg.params', 'param', 'search_steps'), 809) | ParamSetting(('lpg.params', 'param', 'lowmemory'), 'True') | ParamSetting(('lpg.params', 'param', 'repeats'), 15) | ParamSetting(('lpg.params', 'param', 'static_noise'), 'True') | ParamSetting(('lpg.params', 'param', 'static_noise'), 'True') | ParamSetting(('lpg.params', 'param', 'lowmemory'), 'True') | ParamSetting(('lpg.params', 'param', 'static_noise'), 'True')"
2024-07-25 18:30:14,435	[DEBUG]	EXEC>  SUCCESS 10333978366.75
2024-07-25 18:30:14,436	[INFO]	54      SUCCESS               10333978366.750000 (60.28%) [8 edit(s)]  
2024-07-25 18:30:14,436	[DEBUG]	patch(54)="ParamSetting(('lpg.params', 'param', 'search_steps'), 809) | ParamSetting(('lpg.params', 'param', 'lowmemory'), 'True') | ParamSetting(('lpg.params', 'param', 'repeats'), 15) | ParamSetting(('lpg.params', 'param', 'static_noise'), 'True') | ParamSetting(('lpg.params', 'param', 'static_noise'), 'True') | ParamSetting(('lpg.params', 'param', 'lowmemory'), 'True') | ParamSetting(('lpg.params', 'param', 'static_noise'), 'True') | ParamSetting(('lpg.params', 'param', 'repeats'), 7)"
2024-07-25 18:30:56,031	[DEBUG]	EXEC>  SUCCESS 10600348978.5
2024-07-25 18:30:56,031	[INFO]	55      SUCCESS               10600348978.500000 (61.84%) [8 edit(s)]  
2024-07-25 18:30:56,031	[DEBUG]	patch(55)="ParamSetting(('lpg.params', 'param', 'search_steps'), 809) | ParamSetting(('lpg.params', 'param', 'lowmemory'), 'True') | ParamSetting(('lpg.params', 'param', 'repeats'), 15) | ParamSetting(('lpg.params', 'param', 'static_noise'), 'True') | ParamSetting(('lpg.params', 'param', 'static_noise'), 'True') | ParamSetting(('lpg.params', 'param', 'lowmemory'), 'True') | ParamSetting(('lpg.params', 'param', 'static_noise'), 'True') | ParamSetting(('lpg.params', 'param', 'noise'), 0.11941623506370613)"
2024-07-25 18:30:56,032	[INFO]	56      SUCCESS              +10333264476.750000 (60.28%) [8 edit(s)] [cached] 
2024-07-25 18:30:56,032	[DEBUG]	patch(56)="ParamSetting(('lpg.params', 'param', 'search_steps'), 809) | ParamSetting(('lpg.params', 'param', 'lowmemory'), 'True') | ParamSetting(('lpg.params', 'param', 'repeats'), 15) | ParamSetting(('lpg.params', 'param', 'static_noise'), 'True') | ParamSetting(('lpg.params', 'param', 'static_noise'), 'True') | ParamSetting(('lpg.params', 'param', 'lowmemory'), 'True') | ParamSetting(('lpg.params', 'param', 'static_noise'), 'True') | ParamSetting(('lpg.params', 'param', 'lowmemory'), 'True')"
2024-07-25 18:31:36,713	[DEBUG]	EXEC>  SUCCESS 10333839733.0
2024-07-25 18:31:36,714	[INFO]	57      SUCCESS               10333839733.000000 (60.28%) [7 edit(s)]  
2024-07-25 18:31:36,714	[DEBUG]	patch(57)="ParamSetting(('lpg.params', 'param', 'search_steps'), 809) | ParamSetting(('lpg.params', 'param', 'lowmemory'), 'True') | ParamSetting(('lpg.params', 'param', 'static_noise'), 'True') | ParamSetting(('lpg.params', 'param', 'static_noise'), 'True') | ParamSetting(('lpg.params', 'param', 'lowmemory'), 'True') | ParamSetting(('lpg.params', 'param', 'static_noise'), 'True') | ParamSetting(('lpg.params', 'param', 'lowmemory'), 'True')"
2024-07-25 18:32:17,885	[DEBUG]	EXEC>  TIMEOUT None
2024-07-25 18:32:17,885	[INFO]	58      RUN_TIMEOUT           None (--) [9 edit(s)]  
2024-07-25 18:32:17,885	[DEBUG]	patch(58)="ParamSetting(('lpg.params', 'param', 'search_steps'), 809) | ParamSetting(('lpg.params', 'param', 'lowmemory'), 'True') | ParamSetting(('lpg.params', 'param', 'repeats'), 15) | ParamSetting(('lpg.params', 'param', 'static_noise'), 'True') | ParamSetting(('lpg.params', 'param', 'static_noise'), 'True') | ParamSetting(('lpg.params', 'param', 'lowmemory'), 'True') | ParamSetting(('lpg.params', 'param', 'static_noise'), 'True') | ParamSetting(('lpg.params', 'param', 'lowmemory'), 'True') | ParamSetting(('lpg.params', 'param', 'search_steps'), 204)"
2024-07-25 18:32:17,886	[INFO]	59      SUCCESS               10333839733.000000 (60.28%) [9 edit(s)] [cached] 
2024-07-25 18:32:17,887	[DEBUG]	patch(59)="ParamSetting(('lpg.params', 'param', 'search_steps'), 809) | ParamSetting(('lpg.params', 'param', 'lowmemory'), 'True') | ParamSetting(('lpg.params', 'param', 'repeats'), 15) | ParamSetting(('lpg.params', 'param', 'static_noise'), 'True') | ParamSetting(('lpg.params', 'param', 'static_noise'), 'True') | ParamSetting(('lpg.params', 'param', 'lowmemory'), 'True') | ParamSetting(('lpg.params', 'param', 'static_noise'), 'True') | ParamSetting(('lpg.params', 'param', 'lowmemory'), 'True') | ParamSetting(('lpg.params', 'param', 'repeats'), 5)"
2024-07-25 18:32:17,888	[INFO]	60      SUCCESS              +10333264476.750000 (60.28%) [7 edit(s)] [cached] 
2024-07-25 18:32:17,888	[DEBUG]	patch(60)="ParamSetting(('lpg.params', 'param', 'search_steps'), 809) | ParamSetting(('lpg.params', 'param', 'lowmemory'), 'True') | ParamSetting(('lpg.params', 'param', 'repeats'), 15) | ParamSetting(('lpg.params', 'param', 'static_noise'), 'True') | ParamSetting(('lpg.params', 'param', 'static_noise'), 'True') | ParamSetting(('lpg.params', 'param', 'static_noise'), 'True') | ParamSetting(('lpg.params', 'param', 'lowmemory'), 'True')"
2024-07-25 18:32:17,889	[INFO]	61      SUCCESS              +10333264476.750000 (60.28%) [8 edit(s)] [cached] 
2024-07-25 18:32:17,889	[DEBUG]	patch(61)="ParamSetting(('lpg.params', 'param', 'search_steps'), 809) | ParamSetting(('lpg.params', 'param', 'lowmemory'), 'True') | ParamSetting(('lpg.params', 'param', 'repeats'), 15) | ParamSetting(('lpg.params', 'param', 'static_noise'), 'True') | ParamSetting(('lpg.params', 'param', 'static_noise'), 'True') | ParamSetting(('lpg.params', 'param', 'static_noise'), 'True') | ParamSetting(('lpg.params', 'param', 'lowmemory'), 'True') | ParamSetting(('lpg.params', 'param', 'static_noise'), 'True')"
2024-07-25 18:32:17,890	[INFO]	62      SUCCESS              +10333264476.750000 (60.28%) [7 edit(s)] [cached] 
2024-07-25 18:32:17,890	[DEBUG]	patch(62)="ParamSetting(('lpg.params', 'param', 'search_steps'), 809) | ParamSetting(('lpg.params', 'param', 'lowmemory'), 'True') | ParamSetting(('lpg.params', 'param', 'repeats'), 15) | ParamSetting(('lpg.params', 'param', 'static_noise'), 'True') | ParamSetting(('lpg.params', 'param', 'static_noise'), 'True') | ParamSetting(('lpg.params', 'param', 'static_noise'), 'True') | ParamSetting(('lpg.params', 'param', 'lowmemory'), 'True')"
2024-07-25 18:32:17,891	[INFO]	63      SUCCESS              +10333264476.750000 (60.28%) [8 edit(s)] [cached] 
2024-07-25 18:32:17,891	[DEBUG]	patch(63)="ParamSetting(('lpg.params', 'param', 'search_steps'), 809) | ParamSetting(('lpg.params', 'param', 'lowmemory'), 'True') | ParamSetting(('lpg.params', 'param', 'repeats'), 15) | ParamSetting(('lpg.params', 'param', 'static_noise'), 'True') | ParamSetting(('lpg.params', 'param', 'static_noise'), 'True') | ParamSetting(('lpg.params', 'param', 'static_noise'), 'True') | ParamSetting(('lpg.params', 'param', 'lowmemory'), 'True') | ParamSetting(('lpg.params', 'param', 'static_noise'), 'True')"
2024-07-25 18:32:17,892	[INFO]	64      SUCCESS               10333839733.000000 (60.28%) [7 edit(s)] [cached] 
2024-07-25 18:32:17,892	[DEBUG]	patch(64)="ParamSetting(('lpg.params', 'param', 'search_steps'), 809) | ParamSetting(('lpg.params', 'param', 'lowmemory'), 'True') | ParamSetting(('lpg.params', 'param', 'static_noise'), 'True') | ParamSetting(('lpg.params', 'param', 'static_noise'), 'True') | ParamSetting(('lpg.params', 'param', 'static_noise'), 'True') | ParamSetting(('lpg.params', 'param', 'lowmemory'), 'True') | ParamSetting(('lpg.params', 'param', 'static_noise'), 'True')"
2024-07-25 18:32:47,966	[INFO]	65      TEST_TIMEOUT          None (--) [9 edit(s)]  
2024-07-25 18:32:47,966	[DEBUG]	patch(65)="ParamSetting(('lpg.params', 'param', 'search_steps'), 809) | ParamSetting(('lpg.params', 'param', 'lowmemory'), 'True') | ParamSetting(('lpg.params', 'param', 'repeats'), 15) | ParamSetting(('lpg.params', 'param', 'static_noise'), 'True') | ParamSetting(('lpg.params', 'param', 'static_noise'), 'True') | ParamSetting(('lpg.params', 'param', 'static_noise'), 'True') | ParamSetting(('lpg.params', 'param', 'lowmemory'), 'True') | ParamSetting(('lpg.params', 'param', 'static_noise'), 'True') | ParamSetting(('lpg.params', 'param', 'noise'), 0.7369491308035279)"
2024-07-25 18:33:25,264	[DEBUG]	EXEC>  TIMEOUT None
2024-07-25 18:33:25,264	[INFO]	66      RUN_TIMEOUT           None (--) [9 edit(s)]  
2024-07-25 18:33:25,264	[DEBUG]	patch(66)="ParamSetting(('lpg.params', 'param', 'search_steps'), 809) | ParamSetting(('lpg.params', 'param', 'lowmemory'), 'True') | ParamSetting(('lpg.params', 'param', 'repeats'), 15) | ParamSetting(('lpg.params', 'param', 'static_noise'), 'True') | ParamSetting(('lpg.params', 'param', 'static_noise'), 'True') | ParamSetting(('lpg.params', 'param', 'static_noise'), 'True') | ParamSetting(('lpg.params', 'param', 'lowmemory'), 'True') | ParamSetting(('lpg.params', 'param', 'static_noise'), 'True') | ParamSetting(('lpg.params', 'param', 'search_steps'), 282)"
2024-07-25 18:34:04,497	[DEBUG]	EXEC>  SUCCESS 10332748710.25
2024-07-25 18:34:04,497	[INFO]	67      SUCCESS              *10332748710.250000 (60.28%) [9 edit(s)]  
2024-07-25 18:34:04,497	[DEBUG]	patch(67)="ParamSetting(('lpg.params', 'param', 'search_steps'), 809) | ParamSetting(('lpg.params', 'param', 'lowmemory'), 'True') | ParamSetting(('lpg.params', 'param', 'repeats'), 15) | ParamSetting(('lpg.params', 'param', 'static_noise'), 'True') | ParamSetting(('lpg.params', 'param', 'static_noise'), 'True') | ParamSetting(('lpg.params', 'param', 'static_noise'), 'True') | ParamSetting(('lpg.params', 'param', 'lowmemory'), 'True') | ParamSetting(('lpg.params', 'param', 'static_noise'), 'True') | ParamSetting(('lpg.params', 'param', 'restarts'), 20)"
--- before: lpg.params
+++ after: lpg.params
@@ -1,6 +1,6 @@
-search_steps := 500
-restarts := 9
-repeats := 5
+search_steps := 809
+restarts := 20
+repeats := 15
 noise := 0.1
-static_noise := 'None'
-lowmemory := 'None'
+static_noise := 'True'
+lowmemory := 'True'

2024-07-25 18:34:04,498	[INFO]	68      SUCCESS              +10332748710.250000 (60.28%) [8 edit(s)] [cached] 
2024-07-25 18:34:04,498	[DEBUG]	patch(68)="ParamSetting(('lpg.params', 'param', 'search_steps'), 809) | ParamSetting(('lpg.params', 'param', 'lowmemory'), 'True') | ParamSetting(('lpg.params', 'param', 'repeats'), 15) | ParamSetting(('lpg.params', 'param', 'static_noise'), 'True') | ParamSetting(('lpg.params', 'param', 'static_noise'), 'True') | ParamSetting(('lpg.params', 'param', 'static_noise'), 'True') | ParamSetting(('lpg.params', 'param', 'lowmemory'), 'True') | ParamSetting(('lpg.params', 'param', 'restarts'), 20)"
2024-07-25 18:34:04,499	[INFO]	69      SUCCESS              +10332748710.250000 (60.28%) [7 edit(s)] [cached] 
2024-07-25 18:34:04,499	[DEBUG]	patch(69)="ParamSetting(('lpg.params', 'param', 'search_steps'), 809) | ParamSetting(('lpg.params', 'param', 'lowmemory'), 'True') | ParamSetting(('lpg.params', 'param', 'repeats'), 15) | ParamSetting(('lpg.params', 'param', 'static_noise'), 'True') | ParamSetting(('lpg.params', 'param', 'static_noise'), 'True') | ParamSetting(('lpg.params', 'param', 'static_noise'), 'True') | ParamSetting(('lpg.params', 'param', 'restarts'), 20)"
2024-07-25 18:35:05,822	[DEBUG]	EXEC>  SUCCESS 16566065449.5
2024-07-25 18:35:05,822	[INFO]	70      SUCCESS               16566065449.500000 (96.64%) [6 edit(s)]  
2024-07-25 18:35:05,822	[DEBUG]	patch(70)="ParamSetting(('lpg.params', 'param', 'lowmemory'), 'True') | ParamSetting(('lpg.params', 'param', 'repeats'), 15) | ParamSetting(('lpg.params', 'param', 'static_noise'), 'True') | ParamSetting(('lpg.params', 'param', 'static_noise'), 'True') | ParamSetting(('lpg.params', 'param', 'static_noise'), 'True') | ParamSetting(('lpg.params', 'param', 'restarts'), 20)"
2024-07-25 18:35:44,989	[DEBUG]	EXEC>  SUCCESS 10332978115.25
2024-07-25 18:35:44,990	[INFO]	71      SUCCESS               10332978115.250000 (60.28%) [6 edit(s)]  
2024-07-25 18:35:44,990	[DEBUG]	patch(71)="ParamSetting(('lpg.params', 'param', 'search_steps'), 809) | ParamSetting(('lpg.params', 'param', 'lowmemory'), 'True') | ParamSetting(('lpg.params', 'param', 'static_noise'), 'True') | ParamSetting(('lpg.params', 'param', 'static_noise'), 'True') | ParamSetting(('lpg.params', 'param', 'static_noise'), 'True') | ParamSetting(('lpg.params', 'param', 'restarts'), 20)"
2024-07-25 18:36:24,224	[DEBUG]	EXEC>  SUCCESS 10333193637.0
2024-07-25 18:36:24,224	[INFO]	72      SUCCESS               10333193637.000000 (60.28%) [8 edit(s)]  
2024-07-25 18:36:24,224	[DEBUG]	patch(72)="ParamSetting(('lpg.params', 'param', 'search_steps'), 809) | ParamSetting(('lpg.params', 'param', 'lowmemory'), 'True') | ParamSetting(('lpg.params', 'param', 'repeats'), 15) | ParamSetting(('lpg.params', 'param', 'static_noise'), 'True') | ParamSetting(('lpg.params', 'param', 'static_noise'), 'True') | ParamSetting(('lpg.params', 'param', 'static_noise'), 'True') | ParamSetting(('lpg.params', 'param', 'restarts'), 20) | ParamSetting(('lpg.params', 'param', 'search_steps'), 869)"
2024-07-25 18:37:12,778	[DEBUG]	EXEC>  TIMEOUT None
2024-07-25 18:37:12,778	[INFO]	73      RUN_TIMEOUT           None (--) [8 edit(s)]  
2024-07-25 18:37:12,778	[DEBUG]	patch(73)="ParamSetting(('lpg.params', 'param', 'search_steps'), 809) | ParamSetting(('lpg.params', 'param', 'lowmemory'), 'True') | ParamSetting(('lpg.params', 'param', 'repeats'), 15) | ParamSetting(('lpg.params', 'param', 'static_noise'), 'True') | ParamSetting(('lpg.params', 'param', 'static_noise'), 'True') | ParamSetting(('lpg.params', 'param', 'static_noise'), 'True') | ParamSetting(('lpg.params', 'param', 'restarts'), 20) | ParamSetting(('lpg.params', 'param', 'search_steps'), 139)"
2024-07-25 18:37:12,779	[INFO]	74      SUCCESS              +10332748710.250000 (60.28%) [6 edit(s)] [cached] 
2024-07-25 18:37:12,779	[DEBUG]	patch(74)="ParamSetting(('lpg.params', 'param', 'search_steps'), 809) | ParamSetting(('lpg.params', 'param', 'lowmemory'), 'True') | ParamSetting(('lpg.params', 'param', 'repeats'), 15) | ParamSetting(('lpg.params', 'param', 'static_noise'), 'True') | ParamSetting(('lpg.params', 'param', 'static_noise'), 'True') | ParamSetting(('lpg.params', 'param', 'restarts'), 20)"
2024-07-25 18:37:53,547	[DEBUG]	EXEC>  SUCCESS 10797803419.0
2024-07-25 18:37:53,547	[INFO]	75      SUCCESS               10797803419.000000 (62.99%) [5 edit(s)]  
2024-07-25 18:37:53,548	[DEBUG]	patch(75)="ParamSetting(('lpg.params', 'param', 'search_steps'), 809) | ParamSetting(('lpg.params', 'param', 'repeats'), 15) | ParamSetting(('lpg.params', 'param', 'static_noise'), 'True') | ParamSetting(('lpg.params', 'param', 'static_noise'), 'True') | ParamSetting(('lpg.params', 'param', 'restarts'), 20)"
2024-07-25 18:37:53,548	[INFO]	76      SUCCESS              +10332748710.250000 (60.28%) [7 edit(s)] [cached] 
2024-07-25 18:37:53,548	[DEBUG]	patch(76)="ParamSetting(('lpg.params', 'param', 'search_steps'), 809) | ParamSetting(('lpg.params', 'param', 'lowmemory'), 'True') | ParamSetting(('lpg.params', 'param', 'repeats'), 15) | ParamSetting(('lpg.params', 'param', 'static_noise'), 'True') | ParamSetting(('lpg.params', 'param', 'static_noise'), 'True') | ParamSetting(('lpg.params', 'param', 'restarts'), 20) | ParamSetting(('lpg.params', 'param', 'static_noise'), 'True')"
2024-07-25 18:37:53,549	[INFO]	77      SUCCESS               10333264476.750000 (60.28%) [6 edit(s)] [cached] 
2024-07-25 18:37:53,549	[DEBUG]	patch(77)="ParamSetting(('lpg.params', 'param', 'search_steps'), 809) | ParamSetting(('lpg.params', 'param', 'lowmemory'), 'True') | ParamSetting(('lpg.params', 'param', 'repeats'), 15) | ParamSetting(('lpg.params', 'param', 'static_noise'), 'True') | ParamSetting(('lpg.params', 'param', 'static_noise'), 'True') | ParamSetting(('lpg.params', 'param', 'static_noise'), 'True')"
2024-07-25 18:38:46,183	[DEBUG]	EXEC>  TIMEOUT None
2024-07-25 18:38:46,183	[INFO]	78      RUN_TIMEOUT           None (--) [8 edit(s)]  
2024-07-25 18:38:46,183	[DEBUG]	patch(78)="ParamSetting(('lpg.params', 'param', 'search_steps'), 809) | ParamSetting(('lpg.params', 'param', 'lowmemory'), 'True') | ParamSetting(('lpg.params', 'param', 'repeats'), 15) | ParamSetting(('lpg.params', 'param', 'static_noise'), 'True') | ParamSetting(('lpg.params', 'param', 'static_noise'), 'True') | ParamSetting(('lpg.params', 'param', 'restarts'), 20) | ParamSetting(('lpg.params', 'param', 'static_noise'), 'True') | ParamSetting(('lpg.params', 'param', 'noise'), 0.4584431200297874)"
2024-07-25 18:38:46,184	[INFO]	~~~~ END ~~~~
2024-07-25 18:38:46,184	[INFO]	
2024-07-25 18:38:46,184	[INFO]	==== REPORT ====
2024-07-25 18:38:46,184	[INFO]	Termination: time budget
2024-07-25 18:38:46,184	[INFO]	Retries: 4
2024-07-25 18:38:46,184	[INFO]	Log file: /home/dbouras/magpie/_magpie_logs/lpg_1721927098.log
2024-07-25 18:38:46,185	[INFO]	Patch file: _magpie_logs/lpg_1721927098.patch
2024-07-25 18:38:46,185	[INFO]	Diff file: _magpie_logs/lpg_1721927098.diff
2024-07-25 18:38:46,185	[INFO]	Reference fitness: 17142062368.250000
2024-07-25 18:38:46,185	[INFO]	Best fitness: 10332748710.250000
2024-07-25 18:38:46,185	[INFO]	
2024-07-25 18:38:46,186	[INFO]	==== BEST PATCH ====
ParamSetting(('lpg.params', 'param', 'search_steps'), 809) | ParamSetting(('lpg.params', 'param', 'lowmemory'), 'True') | ParamSetting(('lpg.params', 'param', 'repeats'), 15) | ParamSetting(('lpg.params', 'param', 'static_noise'), 'True') | ParamSetting(('lpg.params', 'param', 'static_noise'), 'True') | ParamSetting(('lpg.params', 'param', 'static_noise'), 'True') | ParamSetting(('lpg.params', 'param', 'lowmemory'), 'True') | ParamSetting(('lpg.params', 'param', 'static_noise'), 'True') | ParamSetting(('lpg.params', 'param', 'restarts'), 20)
2024-07-25 18:38:46,186	[INFO]	
2024-07-25 18:38:46,186	[INFO]	==== DIFF ====
[1m--- before: lpg.params[0m
[1m+++ after: lpg.params[0m
[36m@@ -1,6 +1,6 @@[0m
[31m-search_steps := 500[0m
[31m-restarts := 9[0m
[31m-repeats := 5[0m
[32m+search_steps := 809[0m
[32m+restarts := 20[0m
[32m+repeats := 15[0m
 noise := 0.1
[31m-static_noise := 'None'[0m
[31m-lowmemory := 'None'[0m
[32m+static_noise := 'True'[0m
[32m+lowmemory := 'True'[0m

