2024-06-05 14:14:13,419	[DEBUG]	==== CONFIG ====
[magpie]
import = 
seed = 1677896287764042
log_dir = _magpie_logs
work_dir = _magpie_work
local_original_copy = False
local_original_name = __original__
output_encoding = ascii
edit_retries = 10
default_timeout = 30
default_lengthout = 10000.0
diff_method = unified
trust_local_filesystem = True

[magpie.log]
color_output = True
format_info = {counter:<7} {status:<20} {best}{fitness} ({ratio}) [{size}] {cached} {log}
format_debug = patch({counter})="{patch}"{diffifbest}
format_fitness = {:.6f}
format_ratio = {:.2%%}
format_patchif = 
	 --> {patch}
format_diffif = 
	{diff}

[software]
path = examples/triangle-c
target_files = 
	triangle.c.xml
software = BasicSoftware
model_rules = 
	*.params : ParamFileConfigModel
	*.xml : SrcmlModel
	* : LineModel
model_config = 
	*.params : [paramconfig]
	*.xml : [srcml]
init_cmd = bash init_slow.sh
init_timeout = 60
init_lengthout = -1
setup_cmd = 
setup_timeout = 
setup_lengthout = 
compile_cmd = make test_triangle run_triangle
compile_timeout = 
compile_lengthout = 
test_cmd = ./test_triangle
test_timeout = 
test_lengthout = 
run_cmd = perf stat  ./run_triangle
run_timeout = 1
run_lengthout = 
retries = 
batch_timeout = 
batch_lengthout = 
batch_bin_fitness_strategy = aggregate
batch_fitness_strategy = sum
fitness = perf_time

[srcml]
rename = 
	stmt: break continue decl_stmt do expr_stmt for goto if return switch while
	number: literal_number
focus = block stmt operator_comp operator_arith number
internodes = block
process_pseudo_blocks = True
process_literals = True
process_operators = True

[paramconfig]
timing = test run
cli_prefix = --
cli_glue = =
cli_boolean = show
cli_boolean_prefix_true = 
cli_boolean_prefix_false = no-
cli_none = hide
silent_prefix = @
silent_suffix = $

[search]
protocol = BasicProtocol
algorithm = FirstImprovement
possible_edits = 
	SrcmlStmtReplacement
	SrcmlStmtInsertion
	SrcmlStmtDeletion
warmup = 3
warmup_strategy = last
max_steps = 1000
max_time = 10
target_fitness = 
cache_maxsize = 100
cache_keep = 0.2
batch_instances = 
batch_shuffle = True
batch_bin_shuffle = False
batch_sample_size = 1

[search.ls]
delete_prob = 0.5
max_neighbours = 
when_trapped = continue
accept_fail = False
tabu_length = 10

[search.gp]
pop_size = 10
delete_prob = 0.5
offspring_elitism = 0.1
offspring_crossover = 0.5
offspring_mutation = 0.4
uniform_rate = 0.5
batch_reset = True

[search.minify]
do_cleanup = True
do_rebuild = True
do_simplify = True
round_robin_limit = 3


2024-06-05 14:14:13,419	[DEBUG]	
2024-06-05 14:14:13,420	[INFO]	==== SEARCH: FirstImprovement ====
2024-06-05 14:14:13,420	[INFO]	~~~~ WARMUP ~~~~
2024-06-05 14:14:13,635	[DEBUG]	EXEC>  SUCCESS 0.07044398
2024-06-05 14:14:13,635	[INFO]	WARM    SUCCESS               0.070444 (--) [0 edit(s)]  
2024-06-05 14:14:13,857	[DEBUG]	EXEC>  SUCCESS 0.07208024
2024-06-05 14:14:13,857	[INFO]	WARM    SUCCESS               0.072080 (--) [0 edit(s)]  
2024-06-05 14:14:14,122	[DEBUG]	EXEC>  SUCCESS 0.07156809
2024-06-05 14:14:14,122	[INFO]	WARM    SUCCESS               0.071568 (--) [0 edit(s)]  
2024-06-05 14:14:14,122	[INFO]	REF     SUCCESS               0.071568 (--) [0 edit(s)]  
2024-06-05 14:14:14,122	[INFO]	
2024-06-05 14:14:14,122	[INFO]	~~~~ START ~~~~
2024-06-05 14:14:14,339	[INFO]	1       TEST_CODE_ERROR       None (--) [1 edit(s)]  
2024-06-05 14:14:14,339	[DEBUG]	patch(1)="SrcmlStmtReplacement(('triangle.c.xml', 'stmt', 22), ('triangle.c.xml', 'stmt', 18))"
2024-06-05 14:14:14,374	[INFO]	2       COMPILE_CODE_ERROR    None (--) [1 edit(s)]  
2024-06-05 14:14:14,374	[DEBUG]	patch(2)="SrcmlStmtInsertion(('triangle.c.xml', '_inter_block', 3), ('triangle.c.xml', 'stmt', 20))"
2024-06-05 14:14:14,408	[INFO]	3       COMPILE_CODE_ERROR    None (--) [1 edit(s)]  
2024-06-05 14:14:14,408	[DEBUG]	patch(3)="SrcmlStmtInsertion(('triangle.c.xml', '_inter_block', 15), ('triangle.c.xml', 'stmt', 1))"
2024-06-05 14:14:14,610	[INFO]	4       TEST_CODE_ERROR       None (--) [1 edit(s)]  
2024-06-05 14:14:14,611	[DEBUG]	patch(4)="SrcmlStmtReplacement(('triangle.c.xml', 'stmt', 16), ('triangle.c.xml', 'stmt', 15))"
2024-06-05 14:14:14,642	[INFO]	5       COMPILE_CODE_ERROR    None (--) [1 edit(s)]  
2024-06-05 14:14:14,642	[DEBUG]	patch(5)="SrcmlStmtDeletion(('triangle.c.xml', 'stmt', 0))"
2024-06-05 14:14:14,872	[INFO]	6       TEST_CODE_ERROR       None (--) [1 edit(s)]  
2024-06-05 14:14:14,872	[DEBUG]	patch(6)="SrcmlStmtDeletion(('triangle.c.xml', 'stmt', 7))"
2024-06-05 14:14:15,170	[DEBUG]	EXEC>  SUCCESS 0.07137302
2024-06-05 14:14:15,170	[INFO]	7       SUCCESS              *0.071373 (99.73%) [1 edit(s)]  
2024-06-05 14:14:15,170	[DEBUG]	patch(7)="SrcmlStmtInsertion(('triangle.c.xml', '_inter_block', 25), ('triangle.c.xml', 'stmt', 8))"
--- before: triangle.c
+++ after: triangle.c
@@ -21,6 +21,11 @@
     tmp = a;
     a = c;
     c = tmp;
+    if(a > c) {
+      tmp = a;
+      a = c;
+      c = tmp;
+    }
   }
 
   if(b > c) {

2024-06-05 14:14:15,479	[DEBUG]	EXEC>  SUCCESS 0.07137281
2024-06-05 14:14:15,479	[INFO]	8       SUCCESS              *0.071373 (99.73%) [2 edit(s)]  
2024-06-05 14:14:15,479	[DEBUG]	patch(8)="SrcmlStmtInsertion(('triangle.c.xml', '_inter_block', 25), ('triangle.c.xml', 'stmt', 8)) | SrcmlStmtInsertion(('triangle.c.xml', '_inter_block', 26), ('triangle.c.xml', 'stmt', 18))"
--- before: triangle.c
+++ after: triangle.c
@@ -21,9 +21,18 @@
     tmp = a;
     a = c;
     c = tmp;
+    if(a > c) {
+      tmp = a;
+      a = c;
+      c = tmp;
+    }
   }
 
   if(b > c) {
+    if(a == b && b == c)/*auto*/{
+     
+      return EQUILATERAL;
+    }/*auto*/
     tmp = b;
     b = c;
     c = tmp;

2024-06-05 14:14:15,789	[DEBUG]	EXEC>  SUCCESS 0.07019813
2024-06-05 14:14:15,789	[INFO]	9       SUCCESS              *0.070198 (98.09%) [3 edit(s)]  
2024-06-05 14:14:15,789	[DEBUG]	patch(9)="SrcmlStmtInsertion(('triangle.c.xml', '_inter_block', 25), ('triangle.c.xml', 'stmt', 8)) | SrcmlStmtInsertion(('triangle.c.xml', '_inter_block', 26), ('triangle.c.xml', 'stmt', 18)) | SrcmlStmtDeletion(('triangle.c.xml', 'stmt', 11))"
--- before: triangle.c
+++ after: triangle.c
@@ -21,9 +21,14 @@
     tmp = a;
     a = c;
     c = tmp;
+    
   }
 
   if(b > c) {
+    if(a == b && b == c)/*auto*/{
+     
+      return EQUILATERAL;
+    }/*auto*/
     tmp = b;
     b = c;
     c = tmp;

2024-06-05 14:14:15,952	[INFO]	10      TEST_CODE_ERROR       None (--) [4 edit(s)]  
2024-06-05 14:14:15,952	[DEBUG]	patch(10)="SrcmlStmtInsertion(('triangle.c.xml', '_inter_block', 25), ('triangle.c.xml', 'stmt', 8)) | SrcmlStmtInsertion(('triangle.c.xml', '_inter_block', 26), ('triangle.c.xml', 'stmt', 18)) | SrcmlStmtDeletion(('triangle.c.xml', 'stmt', 11)) | SrcmlStmtReplacement(('triangle.c.xml', 'stmt', 21), ('triangle.c.xml', 'stmt', 3))"
2024-06-05 14:14:16,208	[DEBUG]	EXEC>  SUCCESS 0.0711929
2024-06-05 14:14:16,208	[INFO]	11      SUCCESS               0.071193 (99.48%) [4 edit(s)]  
2024-06-05 14:14:16,208	[DEBUG]	patch(11)="SrcmlStmtInsertion(('triangle.c.xml', '_inter_block', 25), ('triangle.c.xml', 'stmt', 8)) | SrcmlStmtInsertion(('triangle.c.xml', '_inter_block', 26), ('triangle.c.xml', 'stmt', 18)) | SrcmlStmtDeletion(('triangle.c.xml', 'stmt', 11)) | SrcmlStmtInsertion(('triangle.c.xml', '_inter_block', 16), ('triangle.c.xml', 'stmt', 9))"
2024-06-05 14:14:16,366	[INFO]	12      TEST_CODE_ERROR       None (--) [4 edit(s)]  
2024-06-05 14:14:16,366	[DEBUG]	patch(12)="SrcmlStmtInsertion(('triangle.c.xml', '_inter_block', 25), ('triangle.c.xml', 'stmt', 8)) | SrcmlStmtInsertion(('triangle.c.xml', '_inter_block', 26), ('triangle.c.xml', 'stmt', 18)) | SrcmlStmtDeletion(('triangle.c.xml', 'stmt', 11)) | SrcmlStmtInsertion(('triangle.c.xml', '_inter_block', 23), ('triangle.c.xml', 'stmt', 15))"
2024-06-05 14:14:16,532	[INFO]	13      TEST_CODE_ERROR       None (--) [4 edit(s)]  
2024-06-05 14:14:16,532	[DEBUG]	patch(13)="SrcmlStmtInsertion(('triangle.c.xml', '_inter_block', 25), ('triangle.c.xml', 'stmt', 8)) | SrcmlStmtInsertion(('triangle.c.xml', '_inter_block', 26), ('triangle.c.xml', 'stmt', 18)) | SrcmlStmtDeletion(('triangle.c.xml', 'stmt', 11)) | SrcmlStmtDeletion(('triangle.c.xml', 'stmt', 7))"
2024-06-05 14:14:16,533	[INFO]	14      SUCCESS               0.071373 (99.73%) [2 edit(s)] [cached] 
2024-06-05 14:14:16,533	[DEBUG]	patch(14)="SrcmlStmtInsertion(('triangle.c.xml', '_inter_block', 25), ('triangle.c.xml', 'stmt', 8)) | SrcmlStmtInsertion(('triangle.c.xml', '_inter_block', 26), ('triangle.c.xml', 'stmt', 18))"
2024-06-05 14:14:16,716	[INFO]	15      TEST_CODE_ERROR       None (--) [2 edit(s)]  
2024-06-05 14:14:16,716	[DEBUG]	patch(15)="SrcmlStmtInsertion(('triangle.c.xml', '_inter_block', 26), ('triangle.c.xml', 'stmt', 18)) | SrcmlStmtDeletion(('triangle.c.xml', 'stmt', 11))"
2024-06-05 14:14:17,038	[DEBUG]	EXEC>  SUCCESS 0.07210755
2024-06-05 14:14:17,039	[INFO]	16      SUCCESS               0.072108 (100.75%) [4 edit(s)]  
2024-06-05 14:14:17,039	[DEBUG]	patch(16)="SrcmlStmtInsertion(('triangle.c.xml', '_inter_block', 25), ('triangle.c.xml', 'stmt', 8)) | SrcmlStmtInsertion(('triangle.c.xml', '_inter_block', 26), ('triangle.c.xml', 'stmt', 18)) | SrcmlStmtDeletion(('triangle.c.xml', 'stmt', 11)) | SrcmlStmtDeletion(('triangle.c.xml', 'stmt', 8))"
2024-06-05 14:14:17,239	[INFO]	17      TEST_CODE_ERROR       None (--) [4 edit(s)]  
2024-06-05 14:14:17,240	[DEBUG]	patch(17)="SrcmlStmtInsertion(('triangle.c.xml', '_inter_block', 25), ('triangle.c.xml', 'stmt', 8)) | SrcmlStmtInsertion(('triangle.c.xml', '_inter_block', 26), ('triangle.c.xml', 'stmt', 18)) | SrcmlStmtDeletion(('triangle.c.xml', 'stmt', 11)) | SrcmlStmtReplacement(('triangle.c.xml', 'stmt', 19), ('triangle.c.xml', 'stmt', 13))"
2024-06-05 14:14:17,457	[INFO]	18      TEST_CODE_ERROR       None (--) [4 edit(s)]  
2024-06-05 14:14:17,458	[DEBUG]	patch(18)="SrcmlStmtInsertion(('triangle.c.xml', '_inter_block', 25), ('triangle.c.xml', 'stmt', 8)) | SrcmlStmtInsertion(('triangle.c.xml', '_inter_block', 26), ('triangle.c.xml', 'stmt', 18)) | SrcmlStmtDeletion(('triangle.c.xml', 'stmt', 11)) | SrcmlStmtReplacement(('triangle.c.xml', 'stmt', 4), ('triangle.c.xml', 'stmt', 22))"
2024-06-05 14:14:17,650	[INFO]	19      TEST_CODE_ERROR       None (--) [4 edit(s)]  
2024-06-05 14:14:17,650	[DEBUG]	patch(19)="SrcmlStmtInsertion(('triangle.c.xml', '_inter_block', 25), ('triangle.c.xml', 'stmt', 8)) | SrcmlStmtInsertion(('triangle.c.xml', '_inter_block', 26), ('triangle.c.xml', 'stmt', 18)) | SrcmlStmtDeletion(('triangle.c.xml', 'stmt', 11)) | SrcmlStmtDeletion(('triangle.c.xml', 'stmt', 5))"
2024-06-05 14:14:17,847	[DEBUG]	EXEC>  SUCCESS 0.00151607
2024-06-05 14:14:17,848	[INFO]	20      SUCCESS              *0.001516 (2.12%) [4 edit(s)]  
2024-06-05 14:14:17,848	[DEBUG]	patch(20)="SrcmlStmtInsertion(('triangle.c.xml', '_inter_block', 25), ('triangle.c.xml', 'stmt', 8)) | SrcmlStmtInsertion(('triangle.c.xml', '_inter_block', 26), ('triangle.c.xml', 'stmt', 18)) | SrcmlStmtDeletion(('triangle.c.xml', 'stmt', 11)) | SrcmlStmtDeletion(('triangle.c.xml', 'stmt', 3))"
--- before: triangle.c
+++ after: triangle.c
@@ -8,7 +8,7 @@
 int classify_triangle(double a, double b, double c) {
   double tmp;
 
-  delay();
+  
 
   // Sort the sides so that a <= b <= c
   if(a > b) {
@@ -21,9 +21,14 @@
     tmp = a;
     a = c;
     c = tmp;
+    
   }
 
   if(b > c) {
+    if(a == b && b == c)/*auto*/{
+     
+      return EQUILATERAL;
+    }/*auto*/
     tmp = b;
     b = c;
     c = tmp;

2024-06-05 14:14:17,881	[INFO]	21      COMPILE_CODE_ERROR    None (--) [5 edit(s)]  
2024-06-05 14:14:17,881	[DEBUG]	patch(21)="SrcmlStmtInsertion(('triangle.c.xml', '_inter_block', 25), ('triangle.c.xml', 'stmt', 8)) | SrcmlStmtInsertion(('triangle.c.xml', '_inter_block', 26), ('triangle.c.xml', 'stmt', 18)) | SrcmlStmtDeletion(('triangle.c.xml', 'stmt', 11)) | SrcmlStmtDeletion(('triangle.c.xml', 'stmt', 3)) | SrcmlStmtInsertion(('triangle.c.xml', '_inter_block', 8), ('triangle.c.xml', 'stmt', 15))"
2024-06-05 14:14:18,014	[INFO]	22      TEST_CODE_ERROR       None (--) [5 edit(s)]  
2024-06-05 14:14:18,014	[DEBUG]	patch(22)="SrcmlStmtInsertion(('triangle.c.xml', '_inter_block', 25), ('triangle.c.xml', 'stmt', 8)) | SrcmlStmtInsertion(('triangle.c.xml', '_inter_block', 26), ('triangle.c.xml', 'stmt', 18)) | SrcmlStmtDeletion(('triangle.c.xml', 'stmt', 11)) | SrcmlStmtDeletion(('triangle.c.xml', 'stmt', 3)) | SrcmlStmtInsertion(('triangle.c.xml', '_inter_block', 21), ('triangle.c.xml', 'stmt', 6))"
2024-06-05 14:14:18,043	[INFO]	23      COMPILE_CODE_ERROR    None (--) [5 edit(s)]  
2024-06-05 14:14:18,043	[DEBUG]	patch(23)="SrcmlStmtInsertion(('triangle.c.xml', '_inter_block', 25), ('triangle.c.xml', 'stmt', 8)) | SrcmlStmtInsertion(('triangle.c.xml', '_inter_block', 26), ('triangle.c.xml', 'stmt', 18)) | SrcmlStmtDeletion(('triangle.c.xml', 'stmt', 11)) | SrcmlStmtDeletion(('triangle.c.xml', 'stmt', 3)) | SrcmlStmtInsertion(('triangle.c.xml', '_inter_block', 3), ('triangle.c.xml', 'stmt', 7))"
2024-06-05 14:14:18,071	[INFO]	24      COMPILE_CODE_ERROR    None (--) [5 edit(s)]  
2024-06-05 14:14:18,071	[DEBUG]	patch(24)="SrcmlStmtInsertion(('triangle.c.xml', '_inter_block', 25), ('triangle.c.xml', 'stmt', 8)) | SrcmlStmtInsertion(('triangle.c.xml', '_inter_block', 26), ('triangle.c.xml', 'stmt', 18)) | SrcmlStmtDeletion(('triangle.c.xml', 'stmt', 11)) | SrcmlStmtDeletion(('triangle.c.xml', 'stmt', 3)) | SrcmlStmtReplacement(('triangle.c.xml', 'stmt', 0), ('triangle.c.xml', 'stmt', 4))"
2024-06-05 14:14:18,072	[INFO]	25      SUCCESS               0.070198 (98.09%) [3 edit(s)] [cached] 
2024-06-05 14:14:18,072	[DEBUG]	patch(25)="SrcmlStmtInsertion(('triangle.c.xml', '_inter_block', 25), ('triangle.c.xml', 'stmt', 8)) | SrcmlStmtInsertion(('triangle.c.xml', '_inter_block', 26), ('triangle.c.xml', 'stmt', 18)) | SrcmlStmtDeletion(('triangle.c.xml', 'stmt', 11))"
2024-06-05 14:14:18,242	[DEBUG]	EXEC>  SUCCESS 0.00140383
2024-06-05 14:14:18,242	[INFO]	26      SUCCESS              *0.001404 (1.96%) [5 edit(s)]  
2024-06-05 14:14:18,242	[DEBUG]	patch(26)="SrcmlStmtInsertion(('triangle.c.xml', '_inter_block', 25), ('triangle.c.xml', 'stmt', 8)) | SrcmlStmtInsertion(('triangle.c.xml', '_inter_block', 26), ('triangle.c.xml', 'stmt', 18)) | SrcmlStmtDeletion(('triangle.c.xml', 'stmt', 11)) | SrcmlStmtDeletion(('triangle.c.xml', 'stmt', 3)) | SrcmlStmtDeletion(('triangle.c.xml', 'stmt', 4))"
--- before: triangle.c
+++ after: triangle.c
@@ -8,22 +8,23 @@
 int classify_triangle(double a, double b, double c) {
   double tmp;
 
-  delay();
+  
 
   // Sort the sides so that a <= b <= c
-  if(a > b) {
-    tmp = a;
-    a = b;
-    b = tmp;
-  }
+  
 
   if(a > c) {
     tmp = a;
     a = c;
     c = tmp;
+    
   }
 
   if(b > c) {
+    if(a == b && b == c)/*auto*/{
+     
+      return EQUILATERAL;
+    }/*auto*/
     tmp = b;
     b = c;
     c = tmp;

2024-06-05 14:14:18,243	[INFO]	27      SUCCESS              +0.001404 (1.96%) [6 edit(s)] [cached] 
2024-06-05 14:14:18,243	[DEBUG]	patch(27)="SrcmlStmtInsertion(('triangle.c.xml', '_inter_block', 25), ('triangle.c.xml', 'stmt', 8)) | SrcmlStmtInsertion(('triangle.c.xml', '_inter_block', 26), ('triangle.c.xml', 'stmt', 18)) | SrcmlStmtDeletion(('triangle.c.xml', 'stmt', 11)) | SrcmlStmtDeletion(('triangle.c.xml', 'stmt', 3)) | SrcmlStmtDeletion(('triangle.c.xml', 'stmt', 4)) | SrcmlStmtInsertion(('triangle.c.xml', '_inter_block', 20), ('triangle.c.xml', 'stmt', 20))"
2024-06-05 14:14:18,377	[INFO]	28      TEST_CODE_ERROR       None (--) [7 edit(s)]  
2024-06-05 14:14:18,377	[DEBUG]	patch(28)="SrcmlStmtInsertion(('triangle.c.xml', '_inter_block', 25), ('triangle.c.xml', 'stmt', 8)) | SrcmlStmtInsertion(('triangle.c.xml', '_inter_block', 26), ('triangle.c.xml', 'stmt', 18)) | SrcmlStmtDeletion(('triangle.c.xml', 'stmt', 11)) | SrcmlStmtDeletion(('triangle.c.xml', 'stmt', 3)) | SrcmlStmtDeletion(('triangle.c.xml', 'stmt', 4)) | SrcmlStmtInsertion(('triangle.c.xml', '_inter_block', 20), ('triangle.c.xml', 'stmt', 20)) | SrcmlStmtDeletion(('triangle.c.xml', 'stmt', 17))"
2024-06-05 14:14:18,522	[INFO]	29      TEST_CODE_ERROR       None (--) [5 edit(s)]  
2024-06-05 14:14:18,522	[DEBUG]	patch(29)="SrcmlStmtInsertion(('triangle.c.xml', '_inter_block', 26), ('triangle.c.xml', 'stmt', 18)) | SrcmlStmtDeletion(('triangle.c.xml', 'stmt', 11)) | SrcmlStmtDeletion(('triangle.c.xml', 'stmt', 3)) | SrcmlStmtDeletion(('triangle.c.xml', 'stmt', 4)) | SrcmlStmtInsertion(('triangle.c.xml', '_inter_block', 20), ('triangle.c.xml', 'stmt', 20))"
2024-06-05 14:14:18,714	[INFO]	30      TEST_CODE_ERROR       None (--) [7 edit(s)]  
2024-06-05 14:14:18,715	[DEBUG]	patch(30)="SrcmlStmtInsertion(('triangle.c.xml', '_inter_block', 25), ('triangle.c.xml', 'stmt', 8)) | SrcmlStmtInsertion(('triangle.c.xml', '_inter_block', 26), ('triangle.c.xml', 'stmt', 18)) | SrcmlStmtDeletion(('triangle.c.xml', 'stmt', 11)) | SrcmlStmtDeletion(('triangle.c.xml', 'stmt', 3)) | SrcmlStmtDeletion(('triangle.c.xml', 'stmt', 4)) | SrcmlStmtInsertion(('triangle.c.xml', '_inter_block', 20), ('triangle.c.xml', 'stmt', 20)) | SrcmlStmtReplacement(('triangle.c.xml', 'stmt', 18), ('triangle.c.xml', 'stmt', 12))"
2024-06-05 14:14:19,003	[DEBUG]	EXEC>  SUCCESS 0.07227685
2024-06-05 14:14:19,003	[INFO]	31      SUCCESS               0.072277 (100.99%) [5 edit(s)]  
2024-06-05 14:14:19,003	[DEBUG]	patch(31)="SrcmlStmtInsertion(('triangle.c.xml', '_inter_block', 25), ('triangle.c.xml', 'stmt', 8)) | SrcmlStmtInsertion(('triangle.c.xml', '_inter_block', 26), ('triangle.c.xml', 'stmt', 18)) | SrcmlStmtDeletion(('triangle.c.xml', 'stmt', 11)) | SrcmlStmtDeletion(('triangle.c.xml', 'stmt', 4)) | SrcmlStmtInsertion(('triangle.c.xml', '_inter_block', 20), ('triangle.c.xml', 'stmt', 20))"
2024-06-05 14:14:19,236	[DEBUG]	EXEC>  SUCCESS 0.0014442
2024-06-05 14:14:19,236	[INFO]	32      SUCCESS               0.001444 (2.02%) [7 edit(s)]  
2024-06-05 14:14:19,236	[DEBUG]	patch(32)="SrcmlStmtInsertion(('triangle.c.xml', '_inter_block', 25), ('triangle.c.xml', 'stmt', 8)) | SrcmlStmtInsertion(('triangle.c.xml', '_inter_block', 26), ('triangle.c.xml', 'stmt', 18)) | SrcmlStmtDeletion(('triangle.c.xml', 'stmt', 11)) | SrcmlStmtDeletion(('triangle.c.xml', 'stmt', 3)) | SrcmlStmtDeletion(('triangle.c.xml', 'stmt', 4)) | SrcmlStmtInsertion(('triangle.c.xml', '_inter_block', 20), ('triangle.c.xml', 'stmt', 20)) | SrcmlStmtInsertion(('triangle.c.xml', '_inter_block', 32), ('triangle.c.xml', 'stmt', 7))"
2024-06-05 14:14:19,469	[DEBUG]	EXEC>  SUCCESS 0.00141221
2024-06-05 14:14:19,469	[INFO]	33      SUCCESS               0.001412 (1.97%) [5 edit(s)]  
2024-06-05 14:14:19,469	[DEBUG]	patch(33)="SrcmlStmtInsertion(('triangle.c.xml', '_inter_block', 25), ('triangle.c.xml', 'stmt', 8)) | SrcmlStmtInsertion(('triangle.c.xml', '_inter_block', 26), ('triangle.c.xml', 'stmt', 18)) | SrcmlStmtDeletion(('triangle.c.xml', 'stmt', 3)) | SrcmlStmtDeletion(('triangle.c.xml', 'stmt', 4)) | SrcmlStmtInsertion(('triangle.c.xml', '_inter_block', 20), ('triangle.c.xml', 'stmt', 20))"
2024-06-05 14:14:19,641	[INFO]	34      TEST_CODE_ERROR       None (--) [5 edit(s)]  
2024-06-05 14:14:19,641	[DEBUG]	patch(34)="SrcmlStmtInsertion(('triangle.c.xml', '_inter_block', 25), ('triangle.c.xml', 'stmt', 8)) | SrcmlStmtInsertion(('triangle.c.xml', '_inter_block', 26), ('triangle.c.xml', 'stmt', 18)) | SrcmlStmtDeletion(('triangle.c.xml', 'stmt', 11)) | SrcmlStmtDeletion(('triangle.c.xml', 'stmt', 3)) | SrcmlStmtInsertion(('triangle.c.xml', '_inter_block', 20), ('triangle.c.xml', 'stmt', 20))"
2024-06-05 14:14:19,767	[INFO]	35      TEST_CODE_ERROR       None (--) [7 edit(s)]  
2024-06-05 14:14:19,767	[DEBUG]	patch(35)="SrcmlStmtInsertion(('triangle.c.xml', '_inter_block', 25), ('triangle.c.xml', 'stmt', 8)) | SrcmlStmtInsertion(('triangle.c.xml', '_inter_block', 26), ('triangle.c.xml', 'stmt', 18)) | SrcmlStmtDeletion(('triangle.c.xml', 'stmt', 11)) | SrcmlStmtDeletion(('triangle.c.xml', 'stmt', 3)) | SrcmlStmtDeletion(('triangle.c.xml', 'stmt', 4)) | SrcmlStmtInsertion(('triangle.c.xml', '_inter_block', 20), ('triangle.c.xml', 'stmt', 20)) | SrcmlStmtDeletion(('triangle.c.xml', 'stmt', 9))"
2024-06-05 14:14:19,768	[INFO]	36      SUCCESS              +0.001404 (1.96%) [5 edit(s)] [cached] 
2024-06-05 14:14:19,768	[DEBUG]	patch(36)="SrcmlStmtInsertion(('triangle.c.xml', '_inter_block', 25), ('triangle.c.xml', 'stmt', 8)) | SrcmlStmtInsertion(('triangle.c.xml', '_inter_block', 26), ('triangle.c.xml', 'stmt', 18)) | SrcmlStmtDeletion(('triangle.c.xml', 'stmt', 11)) | SrcmlStmtDeletion(('triangle.c.xml', 'stmt', 3)) | SrcmlStmtDeletion(('triangle.c.xml', 'stmt', 4))"
2024-06-05 14:14:19,769	[INFO]	37      SUCCESS               0.072277 (100.99%) [4 edit(s)] [cached] 
2024-06-05 14:14:19,769	[DEBUG]	patch(37)="SrcmlStmtInsertion(('triangle.c.xml', '_inter_block', 25), ('triangle.c.xml', 'stmt', 8)) | SrcmlStmtInsertion(('triangle.c.xml', '_inter_block', 26), ('triangle.c.xml', 'stmt', 18)) | SrcmlStmtDeletion(('triangle.c.xml', 'stmt', 11)) | SrcmlStmtDeletion(('triangle.c.xml', 'stmt', 4))"
2024-06-05 14:14:19,769	[INFO]	38      TEST_CODE_ERROR       None (--) [4 edit(s)] [cached] 
2024-06-05 14:14:19,770	[DEBUG]	patch(38)="SrcmlStmtInsertion(('triangle.c.xml', '_inter_block', 26), ('triangle.c.xml', 'stmt', 18)) | SrcmlStmtDeletion(('triangle.c.xml', 'stmt', 11)) | SrcmlStmtDeletion(('triangle.c.xml', 'stmt', 3)) | SrcmlStmtDeletion(('triangle.c.xml', 'stmt', 4))"
2024-06-05 14:14:19,770	[INFO]	39      SUCCESS               0.001412 (1.97%) [4 edit(s)] [cached] 
2024-06-05 14:14:19,770	[DEBUG]	patch(39)="SrcmlStmtInsertion(('triangle.c.xml', '_inter_block', 25), ('triangle.c.xml', 'stmt', 8)) | SrcmlStmtInsertion(('triangle.c.xml', '_inter_block', 26), ('triangle.c.xml', 'stmt', 18)) | SrcmlStmtDeletion(('triangle.c.xml', 'stmt', 3)) | SrcmlStmtDeletion(('triangle.c.xml', 'stmt', 4))"
2024-06-05 14:14:19,927	[INFO]	40      TEST_CODE_ERROR       None (--) [6 edit(s)]  
2024-06-05 14:14:19,927	[DEBUG]	patch(40)="SrcmlStmtInsertion(('triangle.c.xml', '_inter_block', 25), ('triangle.c.xml', 'stmt', 8)) | SrcmlStmtInsertion(('triangle.c.xml', '_inter_block', 26), ('triangle.c.xml', 'stmt', 18)) | SrcmlStmtDeletion(('triangle.c.xml', 'stmt', 11)) | SrcmlStmtDeletion(('triangle.c.xml', 'stmt', 3)) | SrcmlStmtDeletion(('triangle.c.xml', 'stmt', 4)) | SrcmlStmtInsertion(('triangle.c.xml', '_inter_block', 15), ('triangle.c.xml', 'stmt', 21))"
2024-06-05 14:14:19,928	[INFO]	41      SUCCESS               0.001516 (2.12%) [4 edit(s)] [cached] 
2024-06-05 14:14:19,928	[DEBUG]	patch(41)="SrcmlStmtInsertion(('triangle.c.xml', '_inter_block', 25), ('triangle.c.xml', 'stmt', 8)) | SrcmlStmtInsertion(('triangle.c.xml', '_inter_block', 26), ('triangle.c.xml', 'stmt', 18)) | SrcmlStmtDeletion(('triangle.c.xml', 'stmt', 11)) | SrcmlStmtDeletion(('triangle.c.xml', 'stmt', 3))"
2024-06-05 14:14:20,080	[INFO]	42      TEST_CODE_ERROR       None (--) [6 edit(s)]  
2024-06-05 14:14:20,080	[DEBUG]	patch(42)="SrcmlStmtInsertion(('triangle.c.xml', '_inter_block', 25), ('triangle.c.xml', 'stmt', 8)) | SrcmlStmtInsertion(('triangle.c.xml', '_inter_block', 26), ('triangle.c.xml', 'stmt', 18)) | SrcmlStmtDeletion(('triangle.c.xml', 'stmt', 11)) | SrcmlStmtDeletion(('triangle.c.xml', 'stmt', 3)) | SrcmlStmtDeletion(('triangle.c.xml', 'stmt', 4)) | SrcmlStmtReplacement(('triangle.c.xml', 'stmt', 12), ('triangle.c.xml', 'stmt', 17))"
2024-06-05 14:14:20,208	[INFO]	43      TEST_CODE_ERROR       None (--) [6 edit(s)]  
2024-06-05 14:14:20,208	[DEBUG]	patch(43)="SrcmlStmtInsertion(('triangle.c.xml', '_inter_block', 25), ('triangle.c.xml', 'stmt', 8)) | SrcmlStmtInsertion(('triangle.c.xml', '_inter_block', 26), ('triangle.c.xml', 'stmt', 18)) | SrcmlStmtDeletion(('triangle.c.xml', 'stmt', 11)) | SrcmlStmtDeletion(('triangle.c.xml', 'stmt', 3)) | SrcmlStmtDeletion(('triangle.c.xml', 'stmt', 4)) | SrcmlStmtDeletion(('triangle.c.xml', 'stmt', 13))"
2024-06-05 14:14:20,362	[INFO]	44      TEST_CODE_ERROR       None (--) [6 edit(s)]  
2024-06-05 14:14:20,362	[DEBUG]	patch(44)="SrcmlStmtInsertion(('triangle.c.xml', '_inter_block', 25), ('triangle.c.xml', 'stmt', 8)) | SrcmlStmtInsertion(('triangle.c.xml', '_inter_block', 26), ('triangle.c.xml', 'stmt', 18)) | SrcmlStmtDeletion(('triangle.c.xml', 'stmt', 11)) | SrcmlStmtDeletion(('triangle.c.xml', 'stmt', 3)) | SrcmlStmtDeletion(('triangle.c.xml', 'stmt', 4)) | SrcmlStmtReplacement(('triangle.c.xml', 'stmt', 4), ('triangle.c.xml', 'stmt', 17))"
2024-06-05 14:14:20,564	[DEBUG]	EXEC>  SUCCESS 0.00179244
2024-06-05 14:14:20,564	[INFO]	45      SUCCESS               0.001792 (2.50%) [6 edit(s)]  
2024-06-05 14:14:20,564	[DEBUG]	patch(45)="SrcmlStmtInsertion(('triangle.c.xml', '_inter_block', 25), ('triangle.c.xml', 'stmt', 8)) | SrcmlStmtInsertion(('triangle.c.xml', '_inter_block', 26), ('triangle.c.xml', 'stmt', 18)) | SrcmlStmtDeletion(('triangle.c.xml', 'stmt', 11)) | SrcmlStmtDeletion(('triangle.c.xml', 'stmt', 3)) | SrcmlStmtDeletion(('triangle.c.xml', 'stmt', 4)) | SrcmlStmtInsertion(('triangle.c.xml', '_inter_block', 33), ('triangle.c.xml', 'stmt', 16))"
2024-06-05 14:14:20,692	[INFO]	46      TEST_CODE_ERROR       None (--) [6 edit(s)]  
2024-06-05 14:14:20,692	[DEBUG]	patch(46)="SrcmlStmtInsertion(('triangle.c.xml', '_inter_block', 25), ('triangle.c.xml', 'stmt', 8)) | SrcmlStmtInsertion(('triangle.c.xml', '_inter_block', 26), ('triangle.c.xml', 'stmt', 18)) | SrcmlStmtDeletion(('triangle.c.xml', 'stmt', 11)) | SrcmlStmtDeletion(('triangle.c.xml', 'stmt', 3)) | SrcmlStmtDeletion(('triangle.c.xml', 'stmt', 4)) | SrcmlStmtReplacement(('triangle.c.xml', 'stmt', 13), ('triangle.c.xml', 'stmt', 5))"
2024-06-05 14:14:20,841	[INFO]	47      TEST_CODE_ERROR       None (--) [6 edit(s)]  
2024-06-05 14:14:20,841	[DEBUG]	patch(47)="SrcmlStmtInsertion(('triangle.c.xml', '_inter_block', 25), ('triangle.c.xml', 'stmt', 8)) | SrcmlStmtInsertion(('triangle.c.xml', '_inter_block', 26), ('triangle.c.xml', 'stmt', 18)) | SrcmlStmtDeletion(('triangle.c.xml', 'stmt', 11)) | SrcmlStmtDeletion(('triangle.c.xml', 'stmt', 3)) | SrcmlStmtDeletion(('triangle.c.xml', 'stmt', 4)) | SrcmlStmtReplacement(('triangle.c.xml', 'stmt', 16), ('triangle.c.xml', 'stmt', 8))"
2024-06-05 14:14:21,040	[DEBUG]	EXEC>  SUCCESS 0.00141717
2024-06-05 14:14:21,040	[INFO]	48      SUCCESS               0.001417 (1.98%) [6 edit(s)]  
2024-06-05 14:14:21,040	[DEBUG]	patch(48)="SrcmlStmtInsertion(('triangle.c.xml', '_inter_block', 25), ('triangle.c.xml', 'stmt', 8)) | SrcmlStmtInsertion(('triangle.c.xml', '_inter_block', 26), ('triangle.c.xml', 'stmt', 18)) | SrcmlStmtDeletion(('triangle.c.xml', 'stmt', 11)) | SrcmlStmtDeletion(('triangle.c.xml', 'stmt', 3)) | SrcmlStmtDeletion(('triangle.c.xml', 'stmt', 4)) | SrcmlStmtInsertion(('triangle.c.xml', '_inter_block', 15), ('triangle.c.xml', 'stmt', 8))"
2024-06-05 14:14:21,042	[INFO]	49      SUCCESS              +0.001404 (1.96%) [6 edit(s)] [cached] 
2024-06-05 14:14:21,042	[DEBUG]	patch(49)="SrcmlStmtInsertion(('triangle.c.xml', '_inter_block', 25), ('triangle.c.xml', 'stmt', 8)) | SrcmlStmtInsertion(('triangle.c.xml', '_inter_block', 26), ('triangle.c.xml', 'stmt', 18)) | SrcmlStmtDeletion(('triangle.c.xml', 'stmt', 11)) | SrcmlStmtDeletion(('triangle.c.xml', 'stmt', 3)) | SrcmlStmtDeletion(('triangle.c.xml', 'stmt', 4)) | SrcmlStmtReplacement(('triangle.c.xml', 'stmt', 5), ('triangle.c.xml', 'stmt', 17))"
2024-06-05 14:14:21,044	[INFO]	50      TEST_CODE_ERROR       None (--) [5 edit(s)] [cached] 
2024-06-05 14:14:21,044	[DEBUG]	patch(50)="SrcmlStmtInsertion(('triangle.c.xml', '_inter_block', 26), ('triangle.c.xml', 'stmt', 18)) | SrcmlStmtDeletion(('triangle.c.xml', 'stmt', 11)) | SrcmlStmtDeletion(('triangle.c.xml', 'stmt', 3)) | SrcmlStmtDeletion(('triangle.c.xml', 'stmt', 4)) | SrcmlStmtReplacement(('triangle.c.xml', 'stmt', 5), ('triangle.c.xml', 'stmt', 17))"
2024-06-05 14:14:21,046	[INFO]	51      SUCCESS              +0.001404 (1.96%) [7 edit(s)] [cached] 
2024-06-05 14:14:21,046	[DEBUG]	patch(51)="SrcmlStmtInsertion(('triangle.c.xml', '_inter_block', 25), ('triangle.c.xml', 'stmt', 8)) | SrcmlStmtInsertion(('triangle.c.xml', '_inter_block', 26), ('triangle.c.xml', 'stmt', 18)) | SrcmlStmtDeletion(('triangle.c.xml', 'stmt', 11)) | SrcmlStmtDeletion(('triangle.c.xml', 'stmt', 3)) | SrcmlStmtDeletion(('triangle.c.xml', 'stmt', 4)) | SrcmlStmtReplacement(('triangle.c.xml', 'stmt', 5), ('triangle.c.xml', 'stmt', 17)) | SrcmlStmtReplacement(('triangle.c.xml', 'stmt', 5), ('triangle.c.xml', 'stmt', 10))"
2024-06-05 14:14:21,048	[INFO]	52      SUCCESS              +0.001404 (1.96%) [6 edit(s)] [cached] 
2024-06-05 14:14:21,048	[DEBUG]	patch(52)="SrcmlStmtInsertion(('triangle.c.xml', '_inter_block', 25), ('triangle.c.xml', 'stmt', 8)) | SrcmlStmtInsertion(('triangle.c.xml', '_inter_block', 26), ('triangle.c.xml', 'stmt', 18)) | SrcmlStmtDeletion(('triangle.c.xml', 'stmt', 11)) | SrcmlStmtDeletion(('triangle.c.xml', 'stmt', 3)) | SrcmlStmtDeletion(('triangle.c.xml', 'stmt', 4)) | SrcmlStmtReplacement(('triangle.c.xml', 'stmt', 5), ('triangle.c.xml', 'stmt', 10))"
2024-06-05 14:14:21,225	[INFO]	53      TEST_CODE_ERROR       None (--) [5 edit(s)]  
2024-06-05 14:14:21,225	[DEBUG]	patch(53)="SrcmlStmtInsertion(('triangle.c.xml', '_inter_block', 25), ('triangle.c.xml', 'stmt', 8)) | SrcmlStmtInsertion(('triangle.c.xml', '_inter_block', 26), ('triangle.c.xml', 'stmt', 18)) | SrcmlStmtDeletion(('triangle.c.xml', 'stmt', 11)) | SrcmlStmtDeletion(('triangle.c.xml', 'stmt', 3)) | SrcmlStmtReplacement(('triangle.c.xml', 'stmt', 5), ('triangle.c.xml', 'stmt', 10))"
2024-06-05 14:14:21,227	[INFO]	54      SUCCESS              +0.001404 (1.96%) [7 edit(s)] [cached] 
2024-06-05 14:14:21,227	[DEBUG]	patch(54)="SrcmlStmtInsertion(('triangle.c.xml', '_inter_block', 25), ('triangle.c.xml', 'stmt', 8)) | SrcmlStmtInsertion(('triangle.c.xml', '_inter_block', 26), ('triangle.c.xml', 'stmt', 18)) | SrcmlStmtDeletion(('triangle.c.xml', 'stmt', 11)) | SrcmlStmtDeletion(('triangle.c.xml', 'stmt', 3)) | SrcmlStmtDeletion(('triangle.c.xml', 'stmt', 4)) | SrcmlStmtReplacement(('triangle.c.xml', 'stmt', 5), ('triangle.c.xml', 'stmt', 10)) | SrcmlStmtDeletion(('triangle.c.xml', 'stmt', 4))"
2024-06-05 14:14:21,229	[INFO]	55      SUCCESS              +0.001404 (1.96%) [6 edit(s)] [cached] 
2024-06-05 14:14:21,229	[DEBUG]	patch(55)="SrcmlStmtInsertion(('triangle.c.xml', '_inter_block', 25), ('triangle.c.xml', 'stmt', 8)) | SrcmlStmtInsertion(('triangle.c.xml', '_inter_block', 26), ('triangle.c.xml', 'stmt', 18)) | SrcmlStmtDeletion(('triangle.c.xml', 'stmt', 11)) | SrcmlStmtDeletion(('triangle.c.xml', 'stmt', 3)) | SrcmlStmtDeletion(('triangle.c.xml', 'stmt', 4)) | SrcmlStmtReplacement(('triangle.c.xml', 'stmt', 5), ('triangle.c.xml', 'stmt', 10))"
2024-06-05 14:14:21,231	[INFO]	56      SUCCESS              +0.001404 (1.96%) [5 edit(s)] [cached] 
2024-06-05 14:14:21,231	[DEBUG]	patch(56)="SrcmlStmtInsertion(('triangle.c.xml', '_inter_block', 25), ('triangle.c.xml', 'stmt', 8)) | SrcmlStmtInsertion(('triangle.c.xml', '_inter_block', 26), ('triangle.c.xml', 'stmt', 18)) | SrcmlStmtDeletion(('triangle.c.xml', 'stmt', 11)) | SrcmlStmtDeletion(('triangle.c.xml', 'stmt', 3)) | SrcmlStmtDeletion(('triangle.c.xml', 'stmt', 4))"
2024-06-05 14:14:21,376	[INFO]	57      TEST_CODE_ERROR       None (--) [6 edit(s)]  
2024-06-05 14:14:21,377	[DEBUG]	patch(57)="SrcmlStmtInsertion(('triangle.c.xml', '_inter_block', 25), ('triangle.c.xml', 'stmt', 8)) | SrcmlStmtInsertion(('triangle.c.xml', '_inter_block', 26), ('triangle.c.xml', 'stmt', 18)) | SrcmlStmtDeletion(('triangle.c.xml', 'stmt', 11)) | SrcmlStmtDeletion(('triangle.c.xml', 'stmt', 3)) | SrcmlStmtDeletion(('triangle.c.xml', 'stmt', 4)) | SrcmlStmtInsertion(('triangle.c.xml', '_inter_block', 22), ('triangle.c.xml', 'stmt', 14))"
2024-06-05 14:14:21,552	[INFO]	58      TEST_CODE_ERROR       None (--) [6 edit(s)]  
2024-06-05 14:14:21,552	[DEBUG]	patch(58)="SrcmlStmtInsertion(('triangle.c.xml', '_inter_block', 25), ('triangle.c.xml', 'stmt', 8)) | SrcmlStmtInsertion(('triangle.c.xml', '_inter_block', 26), ('triangle.c.xml', 'stmt', 18)) | SrcmlStmtDeletion(('triangle.c.xml', 'stmt', 11)) | SrcmlStmtDeletion(('triangle.c.xml', 'stmt', 3)) | SrcmlStmtDeletion(('triangle.c.xml', 'stmt', 4)) | SrcmlStmtReplacement(('triangle.c.xml', 'stmt', 17), ('triangle.c.xml', 'stmt', 10))"
2024-06-05 14:14:21,554	[INFO]	59      SUCCESS              +0.001404 (1.96%) [6 edit(s)] [cached] 
2024-06-05 14:14:21,554	[DEBUG]	patch(59)="SrcmlStmtInsertion(('triangle.c.xml', '_inter_block', 25), ('triangle.c.xml', 'stmt', 8)) | SrcmlStmtInsertion(('triangle.c.xml', '_inter_block', 26), ('triangle.c.xml', 'stmt', 18)) | SrcmlStmtDeletion(('triangle.c.xml', 'stmt', 11)) | SrcmlStmtDeletion(('triangle.c.xml', 'stmt', 3)) | SrcmlStmtDeletion(('triangle.c.xml', 'stmt', 4)) | SrcmlStmtDeletion(('triangle.c.xml', 'stmt', 6))"
2024-06-05 14:14:21,555	[INFO]	60      TEST_CODE_ERROR       None (--) [5 edit(s)] [cached] 
2024-06-05 14:14:21,556	[DEBUG]	patch(60)="SrcmlStmtInsertion(('triangle.c.xml', '_inter_block', 26), ('triangle.c.xml', 'stmt', 18)) | SrcmlStmtDeletion(('triangle.c.xml', 'stmt', 11)) | SrcmlStmtDeletion(('triangle.c.xml', 'stmt', 3)) | SrcmlStmtDeletion(('triangle.c.xml', 'stmt', 4)) | SrcmlStmtDeletion(('triangle.c.xml', 'stmt', 6))"
2024-06-05 14:14:21,557	[INFO]	61      SUCCESS              +0.001404 (1.96%) [5 edit(s)] [cached] 
2024-06-05 14:14:21,557	[DEBUG]	patch(61)="SrcmlStmtInsertion(('triangle.c.xml', '_inter_block', 25), ('triangle.c.xml', 'stmt', 8)) | SrcmlStmtInsertion(('triangle.c.xml', '_inter_block', 26), ('triangle.c.xml', 'stmt', 18)) | SrcmlStmtDeletion(('triangle.c.xml', 'stmt', 11)) | SrcmlStmtDeletion(('triangle.c.xml', 'stmt', 3)) | SrcmlStmtDeletion(('triangle.c.xml', 'stmt', 4))"
2024-06-05 14:14:21,559	[INFO]	62      SUCCESS               0.072277 (100.99%) [4 edit(s)] [cached] 
2024-06-05 14:14:21,559	[DEBUG]	patch(62)="SrcmlStmtInsertion(('triangle.c.xml', '_inter_block', 25), ('triangle.c.xml', 'stmt', 8)) | SrcmlStmtInsertion(('triangle.c.xml', '_inter_block', 26), ('triangle.c.xml', 'stmt', 18)) | SrcmlStmtDeletion(('triangle.c.xml', 'stmt', 11)) | SrcmlStmtDeletion(('triangle.c.xml', 'stmt', 4))"
2024-06-05 14:14:21,670	[INFO]	63      TEST_CODE_ERROR       None (--) [6 edit(s)]  
2024-06-05 14:14:21,671	[DEBUG]	patch(63)="SrcmlStmtInsertion(('triangle.c.xml', '_inter_block', 25), ('triangle.c.xml', 'stmt', 8)) | SrcmlStmtInsertion(('triangle.c.xml', '_inter_block', 26), ('triangle.c.xml', 'stmt', 18)) | SrcmlStmtDeletion(('triangle.c.xml', 'stmt', 11)) | SrcmlStmtDeletion(('triangle.c.xml', 'stmt', 3)) | SrcmlStmtDeletion(('triangle.c.xml', 'stmt', 4)) | SrcmlStmtDeletion(('triangle.c.xml', 'stmt', 19))"
2024-06-05 14:14:21,703	[INFO]	64      COMPILE_CODE_ERROR    None (--) [6 edit(s)]  
2024-06-05 14:14:21,703	[DEBUG]	patch(64)="SrcmlStmtInsertion(('triangle.c.xml', '_inter_block', 25), ('triangle.c.xml', 'stmt', 8)) | SrcmlStmtInsertion(('triangle.c.xml', '_inter_block', 26), ('triangle.c.xml', 'stmt', 18)) | SrcmlStmtDeletion(('triangle.c.xml', 'stmt', 11)) | SrcmlStmtDeletion(('triangle.c.xml', 'stmt', 3)) | SrcmlStmtDeletion(('triangle.c.xml', 'stmt', 4)) | SrcmlStmtInsertion(('triangle.c.xml', '_inter_block', 4), ('triangle.c.xml', 'stmt', 11))"
2024-06-05 14:14:21,860	[INFO]	65      TEST_CODE_ERROR       None (--) [6 edit(s)]  
2024-06-05 14:14:21,860	[DEBUG]	patch(65)="SrcmlStmtInsertion(('triangle.c.xml', '_inter_block', 25), ('triangle.c.xml', 'stmt', 8)) | SrcmlStmtInsertion(('triangle.c.xml', '_inter_block', 26), ('triangle.c.xml', 'stmt', 18)) | SrcmlStmtDeletion(('triangle.c.xml', 'stmt', 11)) | SrcmlStmtDeletion(('triangle.c.xml', 'stmt', 3)) | SrcmlStmtDeletion(('triangle.c.xml', 'stmt', 4)) | SrcmlStmtReplacement(('triangle.c.xml', 'stmt', 14), ('triangle.c.xml', 'stmt', 3))"
2024-06-05 14:14:21,891	[INFO]	66      COMPILE_CODE_ERROR    None (--) [6 edit(s)]  
2024-06-05 14:14:21,892	[DEBUG]	patch(66)="SrcmlStmtInsertion(('triangle.c.xml', '_inter_block', 25), ('triangle.c.xml', 'stmt', 8)) | SrcmlStmtInsertion(('triangle.c.xml', '_inter_block', 26), ('triangle.c.xml', 'stmt', 18)) | SrcmlStmtDeletion(('triangle.c.xml', 'stmt', 11)) | SrcmlStmtDeletion(('triangle.c.xml', 'stmt', 3)) | SrcmlStmtDeletion(('triangle.c.xml', 'stmt', 4)) | SrcmlStmtInsertion(('triangle.c.xml', '_inter_block', 7), ('triangle.c.xml', 'stmt', 22))"
2024-06-05 14:14:21,893	[INFO]	67      SUCCESS               0.001412 (1.97%) [4 edit(s)] [cached] 
2024-06-05 14:14:21,893	[DEBUG]	patch(67)="SrcmlStmtInsertion(('triangle.c.xml', '_inter_block', 25), ('triangle.c.xml', 'stmt', 8)) | SrcmlStmtInsertion(('triangle.c.xml', '_inter_block', 26), ('triangle.c.xml', 'stmt', 18)) | SrcmlStmtDeletion(('triangle.c.xml', 'stmt', 3)) | SrcmlStmtDeletion(('triangle.c.xml', 'stmt', 4))"
2024-06-05 14:14:22,180	[DEBUG]	EXEC>  SUCCESS 0.00185732
2024-06-05 14:14:22,181	[INFO]	68      SUCCESS               0.001857 (2.60%) [6 edit(s)]  
2024-06-05 14:14:22,181	[DEBUG]	patch(68)="SrcmlStmtInsertion(('triangle.c.xml', '_inter_block', 25), ('triangle.c.xml', 'stmt', 8)) | SrcmlStmtInsertion(('triangle.c.xml', '_inter_block', 26), ('triangle.c.xml', 'stmt', 18)) | SrcmlStmtDeletion(('triangle.c.xml', 'stmt', 11)) | SrcmlStmtDeletion(('triangle.c.xml', 'stmt', 3)) | SrcmlStmtDeletion(('triangle.c.xml', 'stmt', 4)) | SrcmlStmtInsertion(('triangle.c.xml', '_inter_block', 17), ('triangle.c.xml', 'stmt', 21))"
2024-06-05 14:14:22,183	[INFO]	69      TEST_CODE_ERROR       None (--) [6 edit(s)] [cached] 
2024-06-05 14:14:22,183	[DEBUG]	patch(69)="SrcmlStmtInsertion(('triangle.c.xml', '_inter_block', 25), ('triangle.c.xml', 'stmt', 8)) | SrcmlStmtInsertion(('triangle.c.xml', '_inter_block', 26), ('triangle.c.xml', 'stmt', 18)) | SrcmlStmtDeletion(('triangle.c.xml', 'stmt', 11)) | SrcmlStmtDeletion(('triangle.c.xml', 'stmt', 3)) | SrcmlStmtDeletion(('triangle.c.xml', 'stmt', 4)) | SrcmlStmtDeletion(('triangle.c.xml', 'stmt', 13))"
2024-06-05 14:14:22,369	[INFO]	70      TEST_CODE_ERROR       None (--) [6 edit(s)]  
2024-06-05 14:14:22,370	[DEBUG]	patch(70)="SrcmlStmtInsertion(('triangle.c.xml', '_inter_block', 25), ('triangle.c.xml', 'stmt', 8)) | SrcmlStmtInsertion(('triangle.c.xml', '_inter_block', 26), ('triangle.c.xml', 'stmt', 18)) | SrcmlStmtDeletion(('triangle.c.xml', 'stmt', 11)) | SrcmlStmtDeletion(('triangle.c.xml', 'stmt', 3)) | SrcmlStmtDeletion(('triangle.c.xml', 'stmt', 4)) | SrcmlStmtReplacement(('triangle.c.xml', 'stmt', 16), ('triangle.c.xml', 'stmt', 17))"
2024-06-05 14:14:22,371	[INFO]	71      SUCCESS              +0.001404 (1.96%) [6 edit(s)] [cached] 
2024-06-05 14:14:22,372	[DEBUG]	patch(71)="SrcmlStmtInsertion(('triangle.c.xml', '_inter_block', 25), ('triangle.c.xml', 'stmt', 8)) | SrcmlStmtInsertion(('triangle.c.xml', '_inter_block', 26), ('triangle.c.xml', 'stmt', 18)) | SrcmlStmtDeletion(('triangle.c.xml', 'stmt', 11)) | SrcmlStmtDeletion(('triangle.c.xml', 'stmt', 3)) | SrcmlStmtDeletion(('triangle.c.xml', 'stmt', 4)) | SrcmlStmtDeletion(('triangle.c.xml', 'stmt', 5))"
2024-06-05 14:14:22,517	[INFO]	72      TEST_CODE_ERROR       None (--) [7 edit(s)]  
2024-06-05 14:14:22,517	[DEBUG]	patch(72)="SrcmlStmtInsertion(('triangle.c.xml', '_inter_block', 25), ('triangle.c.xml', 'stmt', 8)) | SrcmlStmtInsertion(('triangle.c.xml', '_inter_block', 26), ('triangle.c.xml', 'stmt', 18)) | SrcmlStmtDeletion(('triangle.c.xml', 'stmt', 11)) | SrcmlStmtDeletion(('triangle.c.xml', 'stmt', 3)) | SrcmlStmtDeletion(('triangle.c.xml', 'stmt', 4)) | SrcmlStmtDeletion(('triangle.c.xml', 'stmt', 5)) | SrcmlStmtDeletion(('triangle.c.xml', 'stmt', 10))"
2024-06-05 14:14:22,519	[INFO]	73      TEST_CODE_ERROR       None (--) [7 edit(s)] [cached] 
2024-06-05 14:14:22,519	[DEBUG]	patch(73)="SrcmlStmtInsertion(('triangle.c.xml', '_inter_block', 25), ('triangle.c.xml', 'stmt', 8)) | SrcmlStmtInsertion(('triangle.c.xml', '_inter_block', 26), ('triangle.c.xml', 'stmt', 18)) | SrcmlStmtDeletion(('triangle.c.xml', 'stmt', 11)) | SrcmlStmtDeletion(('triangle.c.xml', 'stmt', 3)) | SrcmlStmtDeletion(('triangle.c.xml', 'stmt', 4)) | SrcmlStmtDeletion(('triangle.c.xml', 'stmt', 5)) | SrcmlStmtDeletion(('triangle.c.xml', 'stmt', 10))"
2024-06-05 14:14:22,521	[INFO]	74      SUCCESS              +0.001404 (1.96%) [5 edit(s)] [cached] 
2024-06-05 14:14:22,521	[DEBUG]	patch(74)="SrcmlStmtInsertion(('triangle.c.xml', '_inter_block', 25), ('triangle.c.xml', 'stmt', 8)) | SrcmlStmtInsertion(('triangle.c.xml', '_inter_block', 26), ('triangle.c.xml', 'stmt', 18)) | SrcmlStmtDeletion(('triangle.c.xml', 'stmt', 11)) | SrcmlStmtDeletion(('triangle.c.xml', 'stmt', 3)) | SrcmlStmtDeletion(('triangle.c.xml', 'stmt', 4))"
2024-06-05 14:14:22,522	[INFO]	75      SUCCESS              +0.001404 (1.96%) [6 edit(s)] [cached] 
2024-06-05 14:14:22,523	[DEBUG]	patch(75)="SrcmlStmtInsertion(('triangle.c.xml', '_inter_block', 25), ('triangle.c.xml', 'stmt', 8)) | SrcmlStmtInsertion(('triangle.c.xml', '_inter_block', 26), ('triangle.c.xml', 'stmt', 18)) | SrcmlStmtDeletion(('triangle.c.xml', 'stmt', 11)) | SrcmlStmtDeletion(('triangle.c.xml', 'stmt', 3)) | SrcmlStmtDeletion(('triangle.c.xml', 'stmt', 4)) | SrcmlStmtReplacement(('triangle.c.xml', 'stmt', 5), ('triangle.c.xml', 'stmt', 0))"
2024-06-05 14:14:22,524	[INFO]	76      SUCCESS               0.001412 (1.97%) [5 edit(s)] [cached] 
2024-06-05 14:14:22,524	[DEBUG]	patch(76)="SrcmlStmtInsertion(('triangle.c.xml', '_inter_block', 25), ('triangle.c.xml', 'stmt', 8)) | SrcmlStmtInsertion(('triangle.c.xml', '_inter_block', 26), ('triangle.c.xml', 'stmt', 18)) | SrcmlStmtDeletion(('triangle.c.xml', 'stmt', 3)) | SrcmlStmtDeletion(('triangle.c.xml', 'stmt', 4)) | SrcmlStmtReplacement(('triangle.c.xml', 'stmt', 5), ('triangle.c.xml', 'stmt', 0))"
2024-06-05 14:14:22,696	[DEBUG]	EXEC>  SUCCESS 0.00140565
2024-06-05 14:14:22,696	[INFO]	77      SUCCESS               0.001406 (1.96%) [5 edit(s)]  
2024-06-05 14:14:22,696	[DEBUG]	patch(77)="SrcmlStmtInsertion(('triangle.c.xml', '_inter_block', 25), ('triangle.c.xml', 'stmt', 8)) | SrcmlStmtDeletion(('triangle.c.xml', 'stmt', 11)) | SrcmlStmtDeletion(('triangle.c.xml', 'stmt', 3)) | SrcmlStmtDeletion(('triangle.c.xml', 'stmt', 4)) | SrcmlStmtReplacement(('triangle.c.xml', 'stmt', 5), ('triangle.c.xml', 'stmt', 0))"
2024-06-05 14:14:22,698	[INFO]	78      TEST_CODE_ERROR       None (--) [5 edit(s)] [cached] 
2024-06-05 14:14:22,698	[DEBUG]	patch(78)="SrcmlStmtInsertion(('triangle.c.xml', '_inter_block', 26), ('triangle.c.xml', 'stmt', 18)) | SrcmlStmtDeletion(('triangle.c.xml', 'stmt', 11)) | SrcmlStmtDeletion(('triangle.c.xml', 'stmt', 3)) | SrcmlStmtDeletion(('triangle.c.xml', 'stmt', 4)) | SrcmlStmtReplacement(('triangle.c.xml', 'stmt', 5), ('triangle.c.xml', 'stmt', 0))"
2024-06-05 14:14:22,888	[INFO]	79      TEST_CODE_ERROR       None (--) [7 edit(s)]  
2024-06-05 14:14:22,889	[DEBUG]	patch(79)="SrcmlStmtInsertion(('triangle.c.xml', '_inter_block', 25), ('triangle.c.xml', 'stmt', 8)) | SrcmlStmtInsertion(('triangle.c.xml', '_inter_block', 26), ('triangle.c.xml', 'stmt', 18)) | SrcmlStmtDeletion(('triangle.c.xml', 'stmt', 11)) | SrcmlStmtDeletion(('triangle.c.xml', 'stmt', 3)) | SrcmlStmtDeletion(('triangle.c.xml', 'stmt', 4)) | SrcmlStmtReplacement(('triangle.c.xml', 'stmt', 5), ('triangle.c.xml', 'stmt', 0)) | SrcmlStmtReplacement(('triangle.c.xml', 'stmt', 3), ('triangle.c.xml', 'stmt', 6))"
2024-06-05 14:14:23,108	[DEBUG]	EXEC>  SUCCESS 0.00145398
2024-06-05 14:14:23,108	[INFO]	80      SUCCESS               0.001454 (2.03%) [7 edit(s)]  
2024-06-05 14:14:23,109	[DEBUG]	patch(80)="SrcmlStmtInsertion(('triangle.c.xml', '_inter_block', 25), ('triangle.c.xml', 'stmt', 8)) | SrcmlStmtInsertion(('triangle.c.xml', '_inter_block', 26), ('triangle.c.xml', 'stmt', 18)) | SrcmlStmtDeletion(('triangle.c.xml', 'stmt', 11)) | SrcmlStmtDeletion(('triangle.c.xml', 'stmt', 3)) | SrcmlStmtDeletion(('triangle.c.xml', 'stmt', 4)) | SrcmlStmtReplacement(('triangle.c.xml', 'stmt', 5), ('triangle.c.xml', 'stmt', 0)) | SrcmlStmtReplacement(('triangle.c.xml', 'stmt', 4), ('triangle.c.xml', 'stmt', 13))"
2024-06-05 14:14:23,309	[INFO]	81      TEST_CODE_ERROR       None (--) [7 edit(s)]  
2024-06-05 14:14:23,309	[DEBUG]	patch(81)="SrcmlStmtInsertion(('triangle.c.xml', '_inter_block', 25), ('triangle.c.xml', 'stmt', 8)) | SrcmlStmtInsertion(('triangle.c.xml', '_inter_block', 26), ('triangle.c.xml', 'stmt', 18)) | SrcmlStmtDeletion(('triangle.c.xml', 'stmt', 11)) | SrcmlStmtDeletion(('triangle.c.xml', 'stmt', 3)) | SrcmlStmtDeletion(('triangle.c.xml', 'stmt', 4)) | SrcmlStmtReplacement(('triangle.c.xml', 'stmt', 5), ('triangle.c.xml', 'stmt', 0)) | SrcmlStmtDeletion(('triangle.c.xml', 'stmt', 16))"
2024-06-05 14:14:23,569	[DEBUG]	EXEC>  SUCCESS 0.00183588
2024-06-05 14:14:23,569	[INFO]	82      SUCCESS               0.001836 (2.57%) [7 edit(s)]  
2024-06-05 14:14:23,569	[DEBUG]	patch(82)="SrcmlStmtInsertion(('triangle.c.xml', '_inter_block', 25), ('triangle.c.xml', 'stmt', 8)) | SrcmlStmtInsertion(('triangle.c.xml', '_inter_block', 26), ('triangle.c.xml', 'stmt', 18)) | SrcmlStmtDeletion(('triangle.c.xml', 'stmt', 11)) | SrcmlStmtDeletion(('triangle.c.xml', 'stmt', 3)) | SrcmlStmtDeletion(('triangle.c.xml', 'stmt', 4)) | SrcmlStmtReplacement(('triangle.c.xml', 'stmt', 5), ('triangle.c.xml', 'stmt', 0)) | SrcmlStmtInsertion(('triangle.c.xml', '_inter_block', 30), ('triangle.c.xml', 'stmt', 6))"
2024-06-05 14:14:23,571	[INFO]	83      SUCCESS               0.072277 (100.99%) [5 edit(s)] [cached] 
2024-06-05 14:14:23,571	[DEBUG]	patch(83)="SrcmlStmtInsertion(('triangle.c.xml', '_inter_block', 25), ('triangle.c.xml', 'stmt', 8)) | SrcmlStmtInsertion(('triangle.c.xml', '_inter_block', 26), ('triangle.c.xml', 'stmt', 18)) | SrcmlStmtDeletion(('triangle.c.xml', 'stmt', 11)) | SrcmlStmtDeletion(('triangle.c.xml', 'stmt', 4)) | SrcmlStmtReplacement(('triangle.c.xml', 'stmt', 5), ('triangle.c.xml', 'stmt', 0))"
2024-06-05 14:14:23,733	[INFO]	84      TEST_CODE_ERROR       None (--) [7 edit(s)]  
2024-06-05 14:14:23,733	[DEBUG]	patch(84)="SrcmlStmtInsertion(('triangle.c.xml', '_inter_block', 25), ('triangle.c.xml', 'stmt', 8)) | SrcmlStmtInsertion(('triangle.c.xml', '_inter_block', 26), ('triangle.c.xml', 'stmt', 18)) | SrcmlStmtDeletion(('triangle.c.xml', 'stmt', 11)) | SrcmlStmtDeletion(('triangle.c.xml', 'stmt', 3)) | SrcmlStmtDeletion(('triangle.c.xml', 'stmt', 4)) | SrcmlStmtReplacement(('triangle.c.xml', 'stmt', 5), ('triangle.c.xml', 'stmt', 0)) | SrcmlStmtDeletion(('triangle.c.xml', 'stmt', 18))"
2024-06-05 14:14:23,932	[INFO]	85      TEST_CODE_ERROR       None (--) [7 edit(s)]  
2024-06-05 14:14:23,932	[DEBUG]	patch(85)="SrcmlStmtInsertion(('triangle.c.xml', '_inter_block', 25), ('triangle.c.xml', 'stmt', 8)) | SrcmlStmtInsertion(('triangle.c.xml', '_inter_block', 26), ('triangle.c.xml', 'stmt', 18)) | SrcmlStmtDeletion(('triangle.c.xml', 'stmt', 11)) | SrcmlStmtDeletion(('triangle.c.xml', 'stmt', 3)) | SrcmlStmtDeletion(('triangle.c.xml', 'stmt', 4)) | SrcmlStmtReplacement(('triangle.c.xml', 'stmt', 5), ('triangle.c.xml', 'stmt', 0)) | SrcmlStmtReplacement(('triangle.c.xml', 'stmt', 19), ('triangle.c.xml', 'stmt', 8))"
2024-06-05 14:14:23,934	[INFO]	86      SUCCESS              +0.001404 (1.96%) [5 edit(s)] [cached] 
2024-06-05 14:14:23,934	[DEBUG]	patch(86)="SrcmlStmtInsertion(('triangle.c.xml', '_inter_block', 25), ('triangle.c.xml', 'stmt', 8)) | SrcmlStmtInsertion(('triangle.c.xml', '_inter_block', 26), ('triangle.c.xml', 'stmt', 18)) | SrcmlStmtDeletion(('triangle.c.xml', 'stmt', 11)) | SrcmlStmtDeletion(('triangle.c.xml', 'stmt', 3)) | SrcmlStmtDeletion(('triangle.c.xml', 'stmt', 4))"
2024-06-05 14:14:23,936	[INFO]	87      SUCCESS               0.001406 (1.96%) [4 edit(s)] [cached] 
2024-06-05 14:14:23,936	[DEBUG]	patch(87)="SrcmlStmtInsertion(('triangle.c.xml', '_inter_block', 25), ('triangle.c.xml', 'stmt', 8)) | SrcmlStmtDeletion(('triangle.c.xml', 'stmt', 11)) | SrcmlStmtDeletion(('triangle.c.xml', 'stmt', 3)) | SrcmlStmtDeletion(('triangle.c.xml', 'stmt', 4))"
2024-06-05 14:14:23,937	[INFO]	88      SUCCESS               0.072277 (100.99%) [4 edit(s)] [cached] 
2024-06-05 14:14:23,937	[DEBUG]	patch(88)="SrcmlStmtInsertion(('triangle.c.xml', '_inter_block', 25), ('triangle.c.xml', 'stmt', 8)) | SrcmlStmtInsertion(('triangle.c.xml', '_inter_block', 26), ('triangle.c.xml', 'stmt', 18)) | SrcmlStmtDeletion(('triangle.c.xml', 'stmt', 11)) | SrcmlStmtDeletion(('triangle.c.xml', 'stmt', 4))"
2024-06-05 14:14:23,939	[INFO]	89      SUCCESS              +0.001404 (1.96%) [6 edit(s)] [cached] 
2024-06-05 14:14:23,939	[DEBUG]	patch(89)="SrcmlStmtInsertion(('triangle.c.xml', '_inter_block', 25), ('triangle.c.xml', 'stmt', 8)) | SrcmlStmtInsertion(('triangle.c.xml', '_inter_block', 26), ('triangle.c.xml', 'stmt', 18)) | SrcmlStmtDeletion(('triangle.c.xml', 'stmt', 11)) | SrcmlStmtDeletion(('triangle.c.xml', 'stmt', 3)) | SrcmlStmtDeletion(('triangle.c.xml', 'stmt', 4)) | SrcmlStmtInsertion(('triangle.c.xml', '_inter_block', 20), ('triangle.c.xml', 'stmt', 1))"
2024-06-05 14:14:23,941	[INFO]	90      SUCCESS              +0.001404 (1.96%) [5 edit(s)] [cached] 
2024-06-05 14:14:23,941	[DEBUG]	patch(90)="SrcmlStmtInsertion(('triangle.c.xml', '_inter_block', 25), ('triangle.c.xml', 'stmt', 8)) | SrcmlStmtInsertion(('triangle.c.xml', '_inter_block', 26), ('triangle.c.xml', 'stmt', 18)) | SrcmlStmtDeletion(('triangle.c.xml', 'stmt', 11)) | SrcmlStmtDeletion(('triangle.c.xml', 'stmt', 3)) | SrcmlStmtDeletion(('triangle.c.xml', 'stmt', 4))"
2024-06-05 14:14:23,943	[INFO]	91      SUCCESS               0.001412 (1.97%) [4 edit(s)] [cached] 
2024-06-05 14:14:23,943	[DEBUG]	patch(91)="SrcmlStmtInsertion(('triangle.c.xml', '_inter_block', 25), ('triangle.c.xml', 'stmt', 8)) | SrcmlStmtInsertion(('triangle.c.xml', '_inter_block', 26), ('triangle.c.xml', 'stmt', 18)) | SrcmlStmtDeletion(('triangle.c.xml', 'stmt', 3)) | SrcmlStmtDeletion(('triangle.c.xml', 'stmt', 4))"
2024-06-05 14:14:24,175	[DEBUG]	EXEC>  SUCCESS 0.00143289
2024-06-05 14:14:24,175	[INFO]	92      SUCCESS               0.001433 (2.00%) [6 edit(s)]  
2024-06-05 14:14:24,175	[DEBUG]	patch(92)="SrcmlStmtInsertion(('triangle.c.xml', '_inter_block', 25), ('triangle.c.xml', 'stmt', 8)) | SrcmlStmtInsertion(('triangle.c.xml', '_inter_block', 26), ('triangle.c.xml', 'stmt', 18)) | SrcmlStmtDeletion(('triangle.c.xml', 'stmt', 11)) | SrcmlStmtDeletion(('triangle.c.xml', 'stmt', 3)) | SrcmlStmtDeletion(('triangle.c.xml', 'stmt', 4)) | SrcmlStmtInsertion(('triangle.c.xml', '_inter_block', 26), ('triangle.c.xml', 'stmt', 16))"
2024-06-05 14:14:24,177	[INFO]	~~~~ END ~~~~
2024-06-05 14:14:24,177	[INFO]	
2024-06-05 14:14:24,177	[INFO]	==== REPORT ====
2024-06-05 14:14:24,177	[INFO]	Termination: time budget
2024-06-05 14:14:24,177	[INFO]	Retries: 1
2024-06-05 14:14:24,177	[INFO]	Log file: /home/jim/magpie/_magpie_logs/triangle-c_1717593253.log
2024-06-05 14:14:24,177	[INFO]	Patch file: _magpie_logs/triangle-c_1717593253.patch
2024-06-05 14:14:24,177	[INFO]	Diff file: _magpie_logs/triangle-c_1717593253.diff
2024-06-05 14:14:24,177	[INFO]	Reference fitness: 0.071568
2024-06-05 14:14:24,177	[INFO]	Best fitness: 0.001404
2024-06-05 14:14:24,177	[INFO]	
2024-06-05 14:14:24,179	[INFO]	==== BEST PATCH ====
SrcmlStmtInsertion(('triangle.c.xml', '_inter_block', 25), ('triangle.c.xml', 'stmt', 8)) | SrcmlStmtInsertion(('triangle.c.xml', '_inter_block', 26), ('triangle.c.xml', 'stmt', 18)) | SrcmlStmtDeletion(('triangle.c.xml', 'stmt', 11)) | SrcmlStmtDeletion(('triangle.c.xml', 'stmt', 3)) | SrcmlStmtDeletion(('triangle.c.xml', 'stmt', 4))
2024-06-05 14:14:24,179	[INFO]	
2024-06-05 14:14:24,179	[INFO]	==== DIFF ====
[1m--- before: triangle.c[0m
[1m+++ after: triangle.c[0m
[36m@@ -8,22 +8,23 @@[0m
 int classify_triangle(double a, double b, double c) {
   double tmp;
 
[31m-  delay();[0m
[32m+  [0m
 
   // Sort the sides so that a <= b <= c
[31m-  if(a > b) {[0m
[31m-    tmp = a;[0m
[31m-    a = b;[0m
[31m-    b = tmp;[0m
[31m-  }[0m
[32m+  [0m
 
   if(a > c) {
     tmp = a;
     a = c;
     c = tmp;
[32m+    [0m
   }
 
   if(b > c) {
[32m+    if(a == b && b == c)/*auto*/{[0m
[32m+     [0m
[32m+      return EQUILATERAL;[0m
[32m+    }/*auto*/[0m
     tmp = b;
     b = c;
     c = tmp;

