2024-06-22 12:26:08,168	[DEBUG]	==== CONFIG ====
[magpie]
import = 
seed = 9620482321620898
log_dir = _magpie_logs
work_dir = _magpie_work
local_original_copy = True
local_original_name = __original__
output_encoding = ascii
edit_retries = 10
default_timeout = 30
default_lengthout = 1e6
diff_method = unified
trust_local_filesystem = True

[magpie.log]
color_output = True
format_info = {counter:<7} {status:<20} {best}{fitness} ({ratio}) [{size}] {cached} {log}
format_debug = patch({counter})="{patch}"{diffifbest}
format_fitness = {:.6f}
format_ratio = {:.2%%}
format_patchif = 
	 --> {patch}
format_diffif = 
	{diff}

[software]
path = examples/scipy
target_files = scipy.params
software = BasicSoftware
model_rules = 
	*.params : ParamFileConfigModel
	*.xml : SrcmlModel
	* : LineModel
model_config = 
	*.params : [paramconfig]
	*.xml : [srcml]
init_cmd = 
init_timeout = 60
init_lengthout = -1
setup_cmd = 
setup_timeout = 
setup_lengthout = 
compile_cmd = 
compile_timeout = 
compile_lengthout = 
test_cmd = ./test.sh
test_timeout = 
test_lengthout = 
run_cmd = ./run_rapl_energy.sh "bash run_fixed.sh"
run_timeout = 
run_lengthout = 
retries = 1
batch_timeout = 
batch_lengthout = 
batch_bin_fitness_strategy = aggregate
batch_fitness_strategy = sum
fitness = energy

[srcml]
rename = 
	stmt: break continue decl_stmt do expr_stmt for goto if return switch while
	number: literal_number
focus = block stmt operator_comp operator_arith number
internodes = block
process_pseudo_blocks = True
process_literals = True
process_operators = True

[paramconfig]
timing = test run
cli_prefix = --
cli_glue = =
cli_boolean = show
cli_boolean_prefix_true = 
cli_boolean_prefix_false = no-
cli_none = hide
silent_prefix = @
silent_suffix = $

[search]
protocol = BasicProtocol
algorithm = FirstImprovement
possible_edits = ParamSetting
warmup = 3
warmup_strategy = last
max_steps = 1000
max_time = 120
target_fitness = 
cache_maxsize = 100
cache_keep = 0.2
batch_instances = 
batch_shuffle = True
batch_bin_shuffle = False
batch_sample_size = 1

[search.ls]
delete_prob = 0.5
max_neighbours = 
when_trapped = continue
accept_fail = False
tabu_length = 10

[search.gp]
pop_size = 10
delete_prob = 0.5
offspring_elitism = 0.1
offspring_crossover = 0.5
offspring_mutation = 0.4
uniform_rate = 0.5
batch_reset = True

[search.minify]
do_cleanup = True
do_rebuild = True
do_simplify = True
round_robin_limit = 3


2024-06-22 12:26:08,169	[DEBUG]	
2024-06-22 12:26:08,169	[INFO]	==== SEARCH: FirstImprovement ====
2024-06-22 12:26:08,169	[INFO]	~~~~ WARMUP ~~~~
2024-06-22 12:26:22,955	[DEBUG]	EXEC>  SUCCESS 90369030.0
2024-06-22 12:26:22,956	[INFO]	WARM    SUCCESS               90369030.000000 (--) [0 edit(s)]  
2024-06-22 12:26:37,604	[DEBUG]	EXEC>  SUCCESS 93632579.0
2024-06-22 12:26:37,604	[INFO]	WARM    SUCCESS               93632579.000000 (--) [0 edit(s)]  
2024-06-22 12:26:51,648	[DEBUG]	EXEC>  SUCCESS 93822052.0
2024-06-22 12:26:51,648	[INFO]	WARM    SUCCESS               93822052.000000 (--) [0 edit(s)]  
2024-06-22 12:26:51,648	[INFO]	REF     SUCCESS               93822052.000000 (--) [0 edit(s)]  
2024-06-22 12:26:51,648	[INFO]	
2024-06-22 12:26:51,649	[INFO]	~~~~ START ~~~~
2024-06-22 12:27:06,180	[DEBUG]	EXEC>  SUCCESS 96248684.0
2024-06-22 12:27:06,180	[INFO]	1       SUCCESS               96248684.000000 (102.59%) [1 edit(s)]  
2024-06-22 12:27:06,180	[DEBUG]	patch(1)="ParamSetting(('scipy.params', 'param', 'jac'), 'None')"
2024-06-22 12:27:20,145	[DEBUG]	EXEC>  SUCCESS 86402209.0
2024-06-22 12:27:20,145	[INFO]	2       SUCCESS              *86402209.000000 (92.09%) [1 edit(s)]  
2024-06-22 12:27:20,145	[DEBUG]	patch(2)="ParamSetting(('scipy.params', 'param', 'maxiter'), 5998)"
--- before: scipy.params
+++ after: scipy.params
@@ -2,4 +2,4 @@
 jac := '2-point'
 tol := 0.0001
 disp := 'False'
-maxiter := 100
+maxiter := 5998

2024-06-22 12:27:20,146	[INFO]	3       SUCCESS               93822052.000000 (100.00%) [0 edit(s)] [cached] 
2024-06-22 12:27:20,146	[DEBUG]	patch(3)=""
2024-06-22 12:27:20,455	[INFO]	4       TEST_CODE_ERROR       None (--) [2 edit(s)]  
2024-06-22 12:27:20,455	[DEBUG]	patch(4)="ParamSetting(('scipy.params', 'param', 'maxiter'), 5998) | ParamSetting(('scipy.params', 'param', 'disp'), 'True')"
2024-06-22 12:27:35,928	[DEBUG]	EXEC>  SUCCESS 71997757.0
2024-06-22 12:27:35,928	[INFO]	5       SUCCESS              *71997757.000000 (76.74%) [2 edit(s)]  
2024-06-22 12:27:35,928	[DEBUG]	patch(5)="ParamSetting(('scipy.params', 'param', 'maxiter'), 5998) | ParamSetting(('scipy.params', 'param', 'tol'), 0.034355774027529436)"
--- before: scipy.params
+++ after: scipy.params
@@ -1,5 +1,5 @@
 method := 'CG'
 jac := '2-point'
-tol := 0.0001
+tol := 0.034355774027529436
 disp := 'False'
-maxiter := 100
+maxiter := 5998

2024-06-22 12:27:48,668	[DEBUG]	EXEC>  SUCCESS 44360499.0
2024-06-22 12:27:48,669	[INFO]	6       SUCCESS              *44360499.000000 (47.28%) [3 edit(s)]  
2024-06-22 12:27:48,669	[DEBUG]	patch(6)="ParamSetting(('scipy.params', 'param', 'maxiter'), 5998) | ParamSetting(('scipy.params', 'param', 'tol'), 0.034355774027529436) | ParamSetting(('scipy.params', 'param', 'method'), 'L-BFGS-B')"
--- before: scipy.params
+++ after: scipy.params
@@ -1,5 +1,5 @@
-method := 'CG'
+method := 'L-BFGS-B'
 jac := '2-point'
-tol := 0.0001
+tol := 0.034355774027529436
 disp := 'False'
-maxiter := 100
+maxiter := 5998

2024-06-22 12:27:48,669	[INFO]	7       SUCCESS               71997757.000000 (76.74%) [2 edit(s)] [cached] 
2024-06-22 12:27:48,669	[DEBUG]	patch(7)="ParamSetting(('scipy.params', 'param', 'maxiter'), 5998) | ParamSetting(('scipy.params', 'param', 'tol'), 0.034355774027529436)"
2024-06-22 12:27:58,830	[DEBUG]	EXEC>  SUCCESS 58613134.0
2024-06-22 12:27:58,831	[INFO]	8       SUCCESS               58613134.000000 (62.47%) [2 edit(s)]  
2024-06-22 12:27:58,831	[DEBUG]	patch(8)="ParamSetting(('scipy.params', 'param', 'tol'), 0.034355774027529436) | ParamSetting(('scipy.params', 'param', 'method'), 'L-BFGS-B')"
2024-06-22 12:28:11,659	[DEBUG]	EXEC>  SUCCESS 76726196.0
2024-06-22 12:28:11,659	[INFO]	9       SUCCESS               76726196.000000 (81.78%) [2 edit(s)]  
2024-06-22 12:28:11,660	[DEBUG]	patch(9)="ParamSetting(('scipy.params', 'param', 'maxiter'), 5998) | ParamSetting(('scipy.params', 'param', 'method'), 'L-BFGS-B')"
2024-06-22 12:28:12,032	[INFO]	10      TEST_CODE_ERROR       None (--) [4 edit(s)]  
2024-06-22 12:28:12,032	[DEBUG]	patch(10)="ParamSetting(('scipy.params', 'param', 'maxiter'), 5998) | ParamSetting(('scipy.params', 'param', 'tol'), 0.034355774027529436) | ParamSetting(('scipy.params', 'param', 'method'), 'L-BFGS-B') | ParamSetting(('scipy.params', 'param', 'disp'), 'True')"
2024-06-22 12:28:12,378	[INFO]	11      TEST_CODE_ERROR       None (--) [4 edit(s)]  
2024-06-22 12:28:12,378	[DEBUG]	patch(11)="ParamSetting(('scipy.params', 'param', 'maxiter'), 5998) | ParamSetting(('scipy.params', 'param', 'tol'), 0.034355774027529436) | ParamSetting(('scipy.params', 'param', 'method'), 'L-BFGS-B') | ParamSetting(('scipy.params', 'param', 'jac'), 'True')"
2024-06-22 12:28:24,827	[DEBUG]	EXEC>  SUCCESS 40220561.0
2024-06-22 12:28:24,827	[INFO]	12      SUCCESS              *40220561.000000 (42.87%) [4 edit(s)]  
2024-06-22 12:28:24,828	[DEBUG]	patch(12)="ParamSetting(('scipy.params', 'param', 'maxiter'), 5998) | ParamSetting(('scipy.params', 'param', 'tol'), 0.034355774027529436) | ParamSetting(('scipy.params', 'param', 'method'), 'L-BFGS-B') | ParamSetting(('scipy.params', 'param', 'maxiter'), 7328)"
--- before: scipy.params
+++ after: scipy.params
@@ -1,5 +1,5 @@
-method := 'CG'
+method := 'L-BFGS-B'
 jac := '2-point'
-tol := 0.0001
+tol := 0.034355774027529436
 disp := 'False'
-maxiter := 100
+maxiter := 7328

2024-06-22 12:28:24,829	[INFO]	13      SUCCESS              +40220561.000000 (42.87%) [5 edit(s)] [cached] 
2024-06-22 12:28:24,829	[DEBUG]	patch(13)="ParamSetting(('scipy.params', 'param', 'maxiter'), 5998) | ParamSetting(('scipy.params', 'param', 'tol'), 0.034355774027529436) | ParamSetting(('scipy.params', 'param', 'method'), 'L-BFGS-B') | ParamSetting(('scipy.params', 'param', 'maxiter'), 7328) | ParamSetting(('scipy.params', 'param', 'disp'), 'False')"
2024-06-22 12:28:39,674	[DEBUG]	EXEC>  SUCCESS 97115812.0
2024-06-22 12:28:39,674	[INFO]	14      SUCCESS               97115812.000000 (103.51%) [4 edit(s)]  
2024-06-22 12:28:39,674	[DEBUG]	patch(14)="ParamSetting(('scipy.params', 'param', 'maxiter'), 5998) | ParamSetting(('scipy.params', 'param', 'tol'), 0.034355774027529436) | ParamSetting(('scipy.params', 'param', 'maxiter'), 7328) | ParamSetting(('scipy.params', 'param', 'disp'), 'False')"
2024-06-22 12:28:39,675	[INFO]	15      SUCCESS              +40220561.000000 (42.87%) [4 edit(s)] [cached] 
2024-06-22 12:28:39,675	[DEBUG]	patch(15)="ParamSetting(('scipy.params', 'param', 'tol'), 0.034355774027529436) | ParamSetting(('scipy.params', 'param', 'method'), 'L-BFGS-B') | ParamSetting(('scipy.params', 'param', 'maxiter'), 7328) | ParamSetting(('scipy.params', 'param', 'disp'), 'False')"
2024-06-22 12:28:50,679	[DEBUG]	EXEC>  SUCCESS 62642238.0
2024-06-22 12:28:50,680	[INFO]	16      SUCCESS               62642238.000000 (66.77%) [5 edit(s)]  
2024-06-22 12:28:50,680	[DEBUG]	patch(16)="ParamSetting(('scipy.params', 'param', 'tol'), 0.034355774027529436) | ParamSetting(('scipy.params', 'param', 'method'), 'L-BFGS-B') | ParamSetting(('scipy.params', 'param', 'maxiter'), 7328) | ParamSetting(('scipy.params', 'param', 'disp'), 'False') | ParamSetting(('scipy.params', 'param', 'tol'), 0.013386011406800897)"
2024-06-22 12:29:01,175	[DEBUG]	EXEC>  SUCCESS 62053630.0
2024-06-22 12:29:01,175	[INFO]	17      SUCCESS               62053630.000000 (66.14%) [5 edit(s)]  
2024-06-22 12:29:01,175	[DEBUG]	patch(17)="ParamSetting(('scipy.params', 'param', 'tol'), 0.034355774027529436) | ParamSetting(('scipy.params', 'param', 'method'), 'L-BFGS-B') | ParamSetting(('scipy.params', 'param', 'maxiter'), 7328) | ParamSetting(('scipy.params', 'param', 'disp'), 'False') | ParamSetting(('scipy.params', 'param', 'maxiter'), 9349)"
2024-06-22 12:29:01,176	[INFO]	~~~~ END ~~~~
2024-06-22 12:29:01,176	[INFO]	
2024-06-22 12:29:01,176	[INFO]	==== REPORT ====
2024-06-22 12:29:01,176	[INFO]	Termination: time budget
2024-06-22 12:29:01,176	[INFO]	Retries: 1
2024-06-22 12:29:01,177	[INFO]	Log file: /home/jim/magpie/_magpie_logs/scipy_1719055568.log
2024-06-22 12:29:01,177	[INFO]	Patch file: _magpie_logs/scipy_1719055568.patch
2024-06-22 12:29:01,177	[INFO]	Diff file: _magpie_logs/scipy_1719055568.diff
2024-06-22 12:29:01,177	[INFO]	Reference fitness: 93822052.000000
2024-06-22 12:29:01,177	[INFO]	Best fitness: 40220561.000000
2024-06-22 12:29:01,177	[INFO]	
2024-06-22 12:29:01,178	[INFO]	==== BEST PATCH ====
ParamSetting(('scipy.params', 'param', 'maxiter'), 5998) | ParamSetting(('scipy.params', 'param', 'tol'), 0.034355774027529436) | ParamSetting(('scipy.params', 'param', 'method'), 'L-BFGS-B') | ParamSetting(('scipy.params', 'param', 'maxiter'), 7328)
2024-06-22 12:29:01,179	[INFO]	
2024-06-22 12:29:01,179	[INFO]	==== DIFF ====
[1m--- before: scipy.params[0m
[1m+++ after: scipy.params[0m
[36m@@ -1,5 +1,5 @@[0m
[31m-method := 'CG'[0m
[32m+method := 'L-BFGS-B'[0m
 jac := '2-point'
[31m-tol := 0.0001[0m
[32m+tol := 0.034355774027529436[0m
 disp := 'False'
[31m-maxiter := 100[0m
[32m+maxiter := 7328[0m

