2024-06-05 12:19:24,218	[DEBUG]	==== CONFIG ====
[magpie]
import = 
seed = 8433789864254389
log_dir = _magpie_logs
work_dir = _magpie_work
local_original_copy = False
local_original_name = __original__
output_encoding = ascii
edit_retries = 10
default_timeout = 30
default_lengthout = 10000.0
diff_method = unified
trust_local_filesystem = True

[magpie.log]
color_output = True
format_info = {counter:<7} {status:<20} {best}{fitness} ({ratio}) [{size}] {cached} {log}
format_debug = patch({counter})="{patch}"{diffifbest}
format_fitness = {:.6f}
format_ratio = {:.2%%}
format_patchif = 
	 --> {patch}
format_diffif = 
	{diff}

[software]
path = examples/triangle-c
target_files = 
	triangle.c.xml
software = BasicSoftware
model_rules = 
	*.params : ParamFileConfigModel
	*.xml : SrcmlModel
	* : LineModel
model_config = 
	*.params : [paramconfig]
	*.xml : [srcml]
init_cmd = bash init_slow.sh
init_timeout = 60
init_lengthout = -1
setup_cmd = 
setup_timeout = 
setup_lengthout = 
compile_cmd = make test_triangle run_triangle
compile_timeout = 
compile_lengthout = 
test_cmd = ./test_triangle
test_timeout = 
test_lengthout = 
run_cmd = perf stat  ./run_triangle
run_timeout = 1
run_lengthout = 
retries = 3
batch_timeout = 
batch_lengthout = 
batch_bin_fitness_strategy = aggregate
batch_fitness_strategy = sum
fitness = perf_time

[srcml]
rename = 
	stmt: break continue decl_stmt do expr_stmt for goto if return switch while
	number: literal_number
focus = block stmt operator_comp operator_arith number
internodes = block
process_pseudo_blocks = True
process_literals = True
process_operators = True

[paramconfig]
timing = test run
cli_prefix = --
cli_glue = =
cli_boolean = show
cli_boolean_prefix_true = 
cli_boolean_prefix_false = no-
cli_none = hide
silent_prefix = @
silent_suffix = $

[search]
protocol = BasicProtocol
algorithm = FirstImprovement
possible_edits = 
	SrcmlStmtReplacement
	SrcmlStmtInsertion
	SrcmlStmtDeletion
warmup = 3
warmup_strategy = last
max_steps = 100
max_time = 60
target_fitness = 
cache_maxsize = 100
cache_keep = 0.2
batch_instances = 
batch_shuffle = True
batch_bin_shuffle = False
batch_sample_size = 1

[search.ls]
delete_prob = 0.5
max_neighbours = 
when_trapped = continue
accept_fail = False
tabu_length = 10

[search.gp]
pop_size = 10
delete_prob = 0.5
offspring_elitism = 0.1
offspring_crossover = 0.5
offspring_mutation = 0.4
uniform_rate = 0.5
batch_reset = True

[search.minify]
do_cleanup = True
do_rebuild = True
do_simplify = True
round_robin_limit = 3


2024-06-05 12:19:24,218	[DEBUG]	
2024-06-05 12:19:24,218	[INFO]	==== SEARCH: FirstImprovement ====
2024-06-05 12:19:24,218	[INFO]	~~~~ WARMUP ~~~~
2024-06-05 12:19:24,657	[DEBUG]	EXEC>  SUCCESS 0.07115283666666666
2024-06-05 12:19:24,657	[INFO]	WARM    SUCCESS               0.071153 (--) [0 edit(s)]  
2024-06-05 12:19:25,159	[DEBUG]	EXEC>  SUCCESS 0.06985759000000001
2024-06-05 12:19:25,159	[INFO]	WARM    SUCCESS               0.069858 (--) [0 edit(s)]  
2024-06-05 12:19:25,596	[DEBUG]	EXEC>  SUCCESS 0.07018235666666667
2024-06-05 12:19:25,596	[INFO]	WARM    SUCCESS               0.070182 (--) [0 edit(s)]  
2024-06-05 12:19:25,597	[INFO]	REF     SUCCESS               0.070182 (--) [0 edit(s)]  
2024-06-05 12:19:25,597	[INFO]	
2024-06-05 12:19:25,597	[INFO]	~~~~ START ~~~~
2024-06-05 12:19:26,049	[DEBUG]	EXEC>  SUCCESS 0.07131305666666667
2024-06-05 12:19:26,049	[INFO]	1       SUCCESS               0.071313 (101.61%) [1 edit(s)]  
2024-06-05 12:19:26,049	[DEBUG]	patch(1)="SrcmlStmtInsertion(('triangle.c.xml', '_inter_block', 18), ('triangle.c.xml', 'stmt', 0))"
2024-06-05 12:19:26,280	[DEBUG]	EXEC>  SUCCESS 0.0014248066666666668
2024-06-05 12:19:26,280	[INFO]	2       SUCCESS              *0.001425 (2.03%) [1 edit(s)]  
2024-06-05 12:19:26,280	[DEBUG]	patch(2)="SrcmlStmtDeletion(('triangle.c.xml', 'stmt', 1))"
--- before: triangle.c
+++ after: triangle.c
@@ -2,7 +2,7 @@
 
 void delay() {
   const struct timespec ms = {0, 0.001*1e9}; //tv_sec=0, tv_nsec (0.001 seconds)
-  nanosleep(&ms,NULL); /*ignores possible errors*/
+   /*ignores possible errors*/
 }
 
 int classify_triangle(double a, double b, double c) {

2024-06-05 12:19:26,418	[INFO]	3       TEST_CODE_ERROR       None (--) [2 edit(s)]  
2024-06-05 12:19:26,419	[DEBUG]	patch(3)="SrcmlStmtDeletion(('triangle.c.xml', 'stmt', 1)) | SrcmlStmtDeletion(('triangle.c.xml', 'stmt', 16))"
2024-06-05 12:19:26,419	[INFO]	4       TEST_CODE_ERROR       None (--) [2 edit(s)] [cached] 
2024-06-05 12:19:26,419	[DEBUG]	patch(4)="SrcmlStmtDeletion(('triangle.c.xml', 'stmt', 1)) | SrcmlStmtDeletion(('triangle.c.xml', 'stmt', 16))"
2024-06-05 12:19:26,420	[INFO]	5       SUCCESS               0.070182 (100.00%) [0 edit(s)] [cached] 
2024-06-05 12:19:26,420	[DEBUG]	patch(5)=""
2024-06-05 12:19:26,569	[INFO]	6       TEST_CODE_ERROR       None (--) [2 edit(s)]  
2024-06-05 12:19:26,569	[DEBUG]	patch(6)="SrcmlStmtDeletion(('triangle.c.xml', 'stmt', 1)) | SrcmlStmtDeletion(('triangle.c.xml', 'stmt', 12))"
2024-06-05 12:19:26,706	[INFO]	7       TEST_CODE_ERROR       None (--) [2 edit(s)]  
2024-06-05 12:19:26,706	[DEBUG]	patch(7)="SrcmlStmtDeletion(('triangle.c.xml', 'stmt', 1)) | SrcmlStmtDeletion(('triangle.c.xml', 'stmt', 15))"
2024-06-05 12:19:26,871	[INFO]	8       TEST_CODE_ERROR       None (--) [2 edit(s)]  
2024-06-05 12:19:26,871	[DEBUG]	patch(8)="SrcmlStmtDeletion(('triangle.c.xml', 'stmt', 1)) | SrcmlStmtInsertion(('triangle.c.xml', '_inter_block', 10), ('triangle.c.xml', 'stmt', 14))"
2024-06-05 12:19:26,987	[INFO]	9       TEST_CODE_ERROR       None (--) [2 edit(s)]  
2024-06-05 12:19:26,987	[DEBUG]	patch(9)="SrcmlStmtDeletion(('triangle.c.xml', 'stmt', 1)) | SrcmlStmtReplacement(('triangle.c.xml', 'stmt', 8), ('triangle.c.xml', 'stmt', 14))"
2024-06-05 12:19:27,181	[DEBUG]	EXEC>  SUCCESS 0.0013635066666666668
2024-06-05 12:19:27,182	[INFO]	10      SUCCESS              *0.001364 (1.94%) [2 edit(s)]  
2024-06-05 12:19:27,182	[DEBUG]	patch(10)="SrcmlStmtDeletion(('triangle.c.xml', 'stmt', 1)) | SrcmlStmtInsertion(('triangle.c.xml', '_inter_block', 17), ('triangle.c.xml', 'stmt', 7))"
--- before: triangle.c
+++ after: triangle.c
@@ -2,7 +2,7 @@
 
 void delay() {
   const struct timespec ms = {0, 0.001*1e9}; //tv_sec=0, tv_nsec (0.001 seconds)
-  nanosleep(&ms,NULL); /*ignores possible errors*/
+   /*ignores possible errors*/
 }
 
 int classify_triangle(double a, double b, double c) {
@@ -42,4 +42,5 @@
     return ISOSCELES;
   }/*auto*/
   return SCALENE;
+  b = tmp;
 }

2024-06-05 12:19:27,349	[INFO]	11      TEST_CODE_ERROR       None (--) [3 edit(s)]  
2024-06-05 12:19:27,350	[DEBUG]	patch(11)="SrcmlStmtDeletion(('triangle.c.xml', 'stmt', 1)) | SrcmlStmtInsertion(('triangle.c.xml', '_inter_block', 17), ('triangle.c.xml', 'stmt', 7)) | SrcmlStmtReplacement(('triangle.c.xml', 'stmt', 12), ('triangle.c.xml', 'stmt', 0))"
2024-06-05 12:19:27,739	[DEBUG]	EXEC>  SUCCESS 0.07041691000000001
2024-06-05 12:19:27,740	[INFO]	12      SUCCESS               0.070417 (100.33%) [1 edit(s)]  
2024-06-05 12:19:27,740	[DEBUG]	patch(12)="SrcmlStmtInsertion(('triangle.c.xml', '_inter_block', 17), ('triangle.c.xml', 'stmt', 7))"
2024-06-05 12:19:27,761	[INFO]	13      COMPILE_CODE_ERROR    None (--) [3 edit(s)]  
2024-06-05 12:19:27,762	[DEBUG]	patch(13)="SrcmlStmtDeletion(('triangle.c.xml', 'stmt', 1)) | SrcmlStmtInsertion(('triangle.c.xml', '_inter_block', 17), ('triangle.c.xml', 'stmt', 7)) | SrcmlStmtReplacement(('triangle.c.xml', 'stmt', 1), ('triangle.c.xml', 'stmt', 14))"
2024-06-05 12:19:27,762	[INFO]	14      SUCCESS               0.001425 (2.03%) [1 edit(s)] [cached] 
2024-06-05 12:19:27,762	[DEBUG]	patch(14)="SrcmlStmtDeletion(('triangle.c.xml', 'stmt', 1))"
2024-06-05 12:19:27,792	[INFO]	15      COMPILE_CODE_ERROR    None (--) [3 edit(s)]  
2024-06-05 12:19:27,792	[DEBUG]	patch(15)="SrcmlStmtDeletion(('triangle.c.xml', 'stmt', 1)) | SrcmlStmtInsertion(('triangle.c.xml', '_inter_block', 17), ('triangle.c.xml', 'stmt', 7)) | SrcmlStmtDeletion(('triangle.c.xml', 'stmt', 2))"
2024-06-05 12:19:27,933	[INFO]	16      TEST_CODE_ERROR       None (--) [3 edit(s)]  
2024-06-05 12:19:27,933	[DEBUG]	patch(16)="SrcmlStmtDeletion(('triangle.c.xml', 'stmt', 1)) | SrcmlStmtInsertion(('triangle.c.xml', '_inter_block', 17), ('triangle.c.xml', 'stmt', 7)) | SrcmlStmtReplacement(('triangle.c.xml', 'stmt', 10), ('triangle.c.xml', 'stmt', 3))"
2024-06-05 12:19:28,109	[DEBUG]	EXEC>  SUCCESS 0.0011880166666666666
2024-06-05 12:19:28,110	[INFO]	17      SUCCESS              *0.001188 (1.69%) [3 edit(s)]  
2024-06-05 12:19:28,110	[DEBUG]	patch(17)="SrcmlStmtDeletion(('triangle.c.xml', 'stmt', 1)) | SrcmlStmtInsertion(('triangle.c.xml', '_inter_block', 17), ('triangle.c.xml', 'stmt', 7)) | SrcmlStmtDeletion(('triangle.c.xml', 'stmt', 4))"
--- before: triangle.c
+++ after: triangle.c
@@ -2,7 +2,7 @@
 
 void delay() {
   const struct timespec ms = {0, 0.001*1e9}; //tv_sec=0, tv_nsec (0.001 seconds)
-  nanosleep(&ms,NULL); /*ignores possible errors*/
+   /*ignores possible errors*/
 }
 
 int classify_triangle(double a, double b, double c) {
@@ -11,11 +11,7 @@
   delay();
 
   // Sort the sides so that a <= b <= c
-  if(a > b) {
-    tmp = a;
-    a = b;
-    b = tmp;
-  }
+  
 
   if(a > c) {
     tmp = a;
@@ -42,4 +38,5 @@
     return ISOSCELES;
   }/*auto*/
   return SCALENE;
+  b = tmp;
 }

2024-06-05 12:19:28,595	[DEBUG]	EXEC>  SUCCESS 0.07110953666666665
2024-06-05 12:19:28,595	[INFO]	18      SUCCESS               0.071110 (101.32%) [2 edit(s)]  
2024-06-05 12:19:28,596	[DEBUG]	patch(18)="SrcmlStmtInsertion(('triangle.c.xml', '_inter_block', 17), ('triangle.c.xml', 'stmt', 7)) | SrcmlStmtDeletion(('triangle.c.xml', 'stmt', 4))"
2024-06-05 12:19:28,836	[DEBUG]	EXEC>  SUCCESS 0.00174955
2024-06-05 12:19:28,837	[INFO]	19      SUCCESS               0.001750 (2.49%) [4 edit(s)]  
2024-06-05 12:19:28,837	[DEBUG]	patch(19)="SrcmlStmtDeletion(('triangle.c.xml', 'stmt', 1)) | SrcmlStmtInsertion(('triangle.c.xml', '_inter_block', 17), ('triangle.c.xml', 'stmt', 7)) | SrcmlStmtDeletion(('triangle.c.xml', 'stmt', 4)) | SrcmlStmtInsertion(('triangle.c.xml', '_inter_block', 31), ('triangle.c.xml', 'stmt', 5))"
2024-06-05 12:19:28,951	[INFO]	20      TEST_CODE_ERROR       None (--) [4 edit(s)]  
2024-06-05 12:19:28,951	[DEBUG]	patch(20)="SrcmlStmtDeletion(('triangle.c.xml', 'stmt', 1)) | SrcmlStmtInsertion(('triangle.c.xml', '_inter_block', 17), ('triangle.c.xml', 'stmt', 7)) | SrcmlStmtDeletion(('triangle.c.xml', 'stmt', 4)) | SrcmlStmtInsertion(('triangle.c.xml', '_inter_block', 23), ('triangle.c.xml', 'stmt', 19))"
2024-06-05 12:19:29,094	[INFO]	21      TEST_CODE_ERROR       None (--) [4 edit(s)]  
2024-06-05 12:19:29,094	[DEBUG]	patch(21)="SrcmlStmtDeletion(('triangle.c.xml', 'stmt', 1)) | SrcmlStmtInsertion(('triangle.c.xml', '_inter_block', 17), ('triangle.c.xml', 'stmt', 7)) | SrcmlStmtDeletion(('triangle.c.xml', 'stmt', 4)) | SrcmlStmtReplacement(('triangle.c.xml', 'stmt', 18), ('triangle.c.xml', 'stmt', 8))"
2024-06-05 12:19:29,096	[INFO]	22      SUCCESS               0.001364 (1.94%) [2 edit(s)] [cached] 
2024-06-05 12:19:29,096	[DEBUG]	patch(22)="SrcmlStmtDeletion(('triangle.c.xml', 'stmt', 1)) | SrcmlStmtInsertion(('triangle.c.xml', '_inter_block', 17), ('triangle.c.xml', 'stmt', 7))"
2024-06-05 12:19:29,240	[INFO]	23      TEST_CODE_ERROR       None (--) [4 edit(s)]  
2024-06-05 12:19:29,240	[DEBUG]	patch(23)="SrcmlStmtDeletion(('triangle.c.xml', 'stmt', 1)) | SrcmlStmtInsertion(('triangle.c.xml', '_inter_block', 17), ('triangle.c.xml', 'stmt', 7)) | SrcmlStmtDeletion(('triangle.c.xml', 'stmt', 4)) | SrcmlStmtDeletion(('triangle.c.xml', 'stmt', 8))"
2024-06-05 12:19:29,384	[INFO]	24      TEST_CODE_ERROR       None (--) [4 edit(s)]  
2024-06-05 12:19:29,385	[DEBUG]	patch(24)="SrcmlStmtDeletion(('triangle.c.xml', 'stmt', 1)) | SrcmlStmtInsertion(('triangle.c.xml', '_inter_block', 17), ('triangle.c.xml', 'stmt', 7)) | SrcmlStmtDeletion(('triangle.c.xml', 'stmt', 4)) | SrcmlStmtDeletion(('triangle.c.xml', 'stmt', 16))"
2024-06-05 12:19:29,636	[DEBUG]	EXEC>  SUCCESS 0.0016237633333333334
2024-06-05 12:19:29,636	[INFO]	25      SUCCESS               0.001624 (2.31%) [4 edit(s)]  
2024-06-05 12:19:29,636	[DEBUG]	patch(25)="SrcmlStmtDeletion(('triangle.c.xml', 'stmt', 1)) | SrcmlStmtInsertion(('triangle.c.xml', '_inter_block', 17), ('triangle.c.xml', 'stmt', 7)) | SrcmlStmtDeletion(('triangle.c.xml', 'stmt', 4)) | SrcmlStmtInsertion(('triangle.c.xml', '_inter_block', 17), ('triangle.c.xml', 'stmt', 5))"
2024-06-05 12:19:29,804	[INFO]	26      TEST_CODE_ERROR       None (--) [4 edit(s)]  
2024-06-05 12:19:29,804	[DEBUG]	patch(26)="SrcmlStmtDeletion(('triangle.c.xml', 'stmt', 1)) | SrcmlStmtInsertion(('triangle.c.xml', '_inter_block', 17), ('triangle.c.xml', 'stmt', 7)) | SrcmlStmtDeletion(('triangle.c.xml', 'stmt', 4)) | SrcmlStmtDeletion(('triangle.c.xml', 'stmt', 18))"
2024-06-05 12:19:29,840	[INFO]	27      COMPILE_CODE_ERROR    None (--) [4 edit(s)]  
2024-06-05 12:19:29,840	[DEBUG]	patch(27)="SrcmlStmtDeletion(('triangle.c.xml', 'stmt', 1)) | SrcmlStmtInsertion(('triangle.c.xml', '_inter_block', 17), ('triangle.c.xml', 'stmt', 7)) | SrcmlStmtDeletion(('triangle.c.xml', 'stmt', 4)) | SrcmlStmtInsertion(('triangle.c.xml', '_inter_block', 3), ('triangle.c.xml', 'stmt', 0))"
2024-06-05 12:19:30,014	[INFO]	28      TEST_CODE_ERROR       None (--) [4 edit(s)]  
2024-06-05 12:19:30,014	[DEBUG]	patch(28)="SrcmlStmtDeletion(('triangle.c.xml', 'stmt', 1)) | SrcmlStmtInsertion(('triangle.c.xml', '_inter_block', 17), ('triangle.c.xml', 'stmt', 7)) | SrcmlStmtDeletion(('triangle.c.xml', 'stmt', 4)) | SrcmlStmtReplacement(('triangle.c.xml', 'stmt', 14), ('triangle.c.xml', 'stmt', 13))"
2024-06-05 12:19:30,275	[DEBUG]	EXEC>  SUCCESS 0.0014821233333333333
2024-06-05 12:19:30,275	[INFO]	29      SUCCESS               0.001482 (2.11%) [2 edit(s)]  
2024-06-05 12:19:30,275	[DEBUG]	patch(29)="SrcmlStmtDeletion(('triangle.c.xml', 'stmt', 1)) | SrcmlStmtDeletion(('triangle.c.xml', 'stmt', 4))"
2024-06-05 12:19:30,276	[INFO]	30      SUCCESS              +0.001188 (1.69%) [4 edit(s)] [cached] 
2024-06-05 12:19:30,276	[DEBUG]	patch(30)="SrcmlStmtDeletion(('triangle.c.xml', 'stmt', 1)) | SrcmlStmtInsertion(('triangle.c.xml', '_inter_block', 17), ('triangle.c.xml', 'stmt', 7)) | SrcmlStmtDeletion(('triangle.c.xml', 'stmt', 4)) | SrcmlStmtDeletion(('triangle.c.xml', 'stmt', 7))"
2024-06-05 12:19:30,469	[INFO]	31      TEST_CODE_ERROR       None (--) [3 edit(s)]  
2024-06-05 12:19:30,469	[DEBUG]	patch(31)="SrcmlStmtDeletion(('triangle.c.xml', 'stmt', 1)) | SrcmlStmtInsertion(('triangle.c.xml', '_inter_block', 17), ('triangle.c.xml', 'stmt', 7)) | SrcmlStmtDeletion(('triangle.c.xml', 'stmt', 7))"
2024-06-05 12:19:30,641	[INFO]	32      TEST_CODE_ERROR       None (--) [5 edit(s)]  
2024-06-05 12:19:30,642	[DEBUG]	patch(32)="SrcmlStmtDeletion(('triangle.c.xml', 'stmt', 1)) | SrcmlStmtInsertion(('triangle.c.xml', '_inter_block', 17), ('triangle.c.xml', 'stmt', 7)) | SrcmlStmtDeletion(('triangle.c.xml', 'stmt', 4)) | SrcmlStmtDeletion(('triangle.c.xml', 'stmt', 7)) | SrcmlStmtDeletion(('triangle.c.xml', 'stmt', 14))"
2024-06-05 12:19:30,643	[INFO]	33      SUCCESS               0.071110 (101.32%) [3 edit(s)] [cached] 
2024-06-05 12:19:30,643	[DEBUG]	patch(33)="SrcmlStmtInsertion(('triangle.c.xml', '_inter_block', 17), ('triangle.c.xml', 'stmt', 7)) | SrcmlStmtDeletion(('triangle.c.xml', 'stmt', 4)) | SrcmlStmtDeletion(('triangle.c.xml', 'stmt', 7))"
2024-06-05 12:19:30,850	[INFO]	34      TEST_CODE_ERROR       None (--) [5 edit(s)]  
2024-06-05 12:19:30,850	[DEBUG]	patch(34)="SrcmlStmtDeletion(('triangle.c.xml', 'stmt', 1)) | SrcmlStmtInsertion(('triangle.c.xml', '_inter_block', 17), ('triangle.c.xml', 'stmt', 7)) | SrcmlStmtDeletion(('triangle.c.xml', 'stmt', 4)) | SrcmlStmtDeletion(('triangle.c.xml', 'stmt', 7)) | SrcmlStmtReplacement(('triangle.c.xml', 'stmt', 20), ('triangle.c.xml', 'stmt', 21))"
2024-06-05 12:19:30,852	[INFO]	35      SUCCESS              +0.001188 (1.69%) [5 edit(s)] [cached] 
2024-06-05 12:19:30,852	[DEBUG]	patch(35)="SrcmlStmtDeletion(('triangle.c.xml', 'stmt', 1)) | SrcmlStmtInsertion(('triangle.c.xml', '_inter_block', 17), ('triangle.c.xml', 'stmt', 7)) | SrcmlStmtDeletion(('triangle.c.xml', 'stmt', 4)) | SrcmlStmtDeletion(('triangle.c.xml', 'stmt', 7)) | SrcmlStmtReplacement(('triangle.c.xml', 'stmt', 7), ('triangle.c.xml', 'stmt', 2))"
2024-06-05 12:19:30,853	[INFO]	36      SUCCESS              +0.001188 (1.69%) [4 edit(s)] [cached] 
2024-06-05 12:19:30,853	[DEBUG]	patch(36)="SrcmlStmtDeletion(('triangle.c.xml', 'stmt', 1)) | SrcmlStmtInsertion(('triangle.c.xml', '_inter_block', 17), ('triangle.c.xml', 'stmt', 7)) | SrcmlStmtDeletion(('triangle.c.xml', 'stmt', 4)) | SrcmlStmtDeletion(('triangle.c.xml', 'stmt', 7))"
2024-06-05 12:19:30,854	[INFO]	37      SUCCESS               0.071110 (101.32%) [3 edit(s)] [cached] 
2024-06-05 12:19:30,855	[DEBUG]	patch(37)="SrcmlStmtInsertion(('triangle.c.xml', '_inter_block', 17), ('triangle.c.xml', 'stmt', 7)) | SrcmlStmtDeletion(('triangle.c.xml', 'stmt', 4)) | SrcmlStmtDeletion(('triangle.c.xml', 'stmt', 7))"
2024-06-05 12:19:31,040	[INFO]	38      TEST_CODE_ERROR       None (--) [5 edit(s)]  
2024-06-05 12:19:31,041	[DEBUG]	patch(38)="SrcmlStmtDeletion(('triangle.c.xml', 'stmt', 1)) | SrcmlStmtInsertion(('triangle.c.xml', '_inter_block', 17), ('triangle.c.xml', 'stmt', 7)) | SrcmlStmtDeletion(('triangle.c.xml', 'stmt', 4)) | SrcmlStmtDeletion(('triangle.c.xml', 'stmt', 7)) | SrcmlStmtInsertion(('triangle.c.xml', '_inter_block', 9), ('triangle.c.xml', 'stmt', 17))"
2024-06-05 12:19:31,369	[DEBUG]	EXEC>  SUCCESS 0.0015423766666666668
2024-06-05 12:19:31,369	[INFO]	39      SUCCESS               0.001542 (2.20%) [5 edit(s)]  
2024-06-05 12:19:31,369	[DEBUG]	patch(39)="SrcmlStmtDeletion(('triangle.c.xml', 'stmt', 1)) | SrcmlStmtInsertion(('triangle.c.xml', '_inter_block', 17), ('triangle.c.xml', 'stmt', 7)) | SrcmlStmtDeletion(('triangle.c.xml', 'stmt', 4)) | SrcmlStmtDeletion(('triangle.c.xml', 'stmt', 7)) | SrcmlStmtInsertion(('triangle.c.xml', '_inter_block', 13), ('triangle.c.xml', 'stmt', 16))"
2024-06-05 12:19:31,632	[DEBUG]	EXEC>  SUCCESS 0.0014185666666666668
2024-06-05 12:19:31,632	[INFO]	40      SUCCESS               0.001419 (2.02%) [5 edit(s)]  
2024-06-05 12:19:31,633	[DEBUG]	patch(40)="SrcmlStmtDeletion(('triangle.c.xml', 'stmt', 1)) | SrcmlStmtInsertion(('triangle.c.xml', '_inter_block', 17), ('triangle.c.xml', 'stmt', 7)) | SrcmlStmtDeletion(('triangle.c.xml', 'stmt', 4)) | SrcmlStmtDeletion(('triangle.c.xml', 'stmt', 7)) | SrcmlStmtDeletion(('triangle.c.xml', 'stmt', 22))"
2024-06-05 12:19:31,809	[INFO]	41      TEST_CODE_ERROR       None (--) [5 edit(s)]  
2024-06-05 12:19:31,809	[DEBUG]	patch(41)="SrcmlStmtDeletion(('triangle.c.xml', 'stmt', 1)) | SrcmlStmtInsertion(('triangle.c.xml', '_inter_block', 17), ('triangle.c.xml', 'stmt', 7)) | SrcmlStmtDeletion(('triangle.c.xml', 'stmt', 4)) | SrcmlStmtDeletion(('triangle.c.xml', 'stmt', 7)) | SrcmlStmtInsertion(('triangle.c.xml', '_inter_block', 12), ('triangle.c.xml', 'stmt', 19))"
2024-06-05 12:19:31,851	[INFO]	42      COMPILE_CODE_ERROR    None (--) [5 edit(s)]  
2024-06-05 12:19:31,851	[DEBUG]	patch(42)="SrcmlStmtDeletion(('triangle.c.xml', 'stmt', 1)) | SrcmlStmtInsertion(('triangle.c.xml', '_inter_block', 17), ('triangle.c.xml', 'stmt', 7)) | SrcmlStmtDeletion(('triangle.c.xml', 'stmt', 4)) | SrcmlStmtDeletion(('triangle.c.xml', 'stmt', 7)) | SrcmlStmtReplacement(('triangle.c.xml', 'stmt', 1), ('triangle.c.xml', 'stmt', 5))"
2024-06-05 12:19:31,853	[INFO]	43      TEST_CODE_ERROR       None (--) [5 edit(s)] [cached] 
2024-06-05 12:19:31,853	[DEBUG]	patch(43)="SrcmlStmtDeletion(('triangle.c.xml', 'stmt', 1)) | SrcmlStmtInsertion(('triangle.c.xml', '_inter_block', 17), ('triangle.c.xml', 'stmt', 7)) | SrcmlStmtDeletion(('triangle.c.xml', 'stmt', 4)) | SrcmlStmtDeletion(('triangle.c.xml', 'stmt', 7)) | SrcmlStmtDeletion(('triangle.c.xml', 'stmt', 18))"
2024-06-05 12:19:32,147	[DEBUG]	EXEC>  SUCCESS 0.0014404766666666667
2024-06-05 12:19:32,147	[INFO]	44      SUCCESS               0.001440 (2.05%) [5 edit(s)]  
2024-06-05 12:19:32,147	[DEBUG]	patch(44)="SrcmlStmtDeletion(('triangle.c.xml', 'stmt', 1)) | SrcmlStmtInsertion(('triangle.c.xml', '_inter_block', 17), ('triangle.c.xml', 'stmt', 7)) | SrcmlStmtDeletion(('triangle.c.xml', 'stmt', 4)) | SrcmlStmtDeletion(('triangle.c.xml', 'stmt', 7)) | SrcmlStmtDeletion(('triangle.c.xml', 'stmt', 0))"
2024-06-05 12:19:32,456	[DEBUG]	EXEC>  SUCCESS 0.0015834633333333334
2024-06-05 12:19:32,456	[INFO]	45      SUCCESS               0.001583 (2.26%) [5 edit(s)]  
2024-06-05 12:19:32,456	[DEBUG]	patch(45)="SrcmlStmtDeletion(('triangle.c.xml', 'stmt', 1)) | SrcmlStmtInsertion(('triangle.c.xml', '_inter_block', 17), ('triangle.c.xml', 'stmt', 7)) | SrcmlStmtDeletion(('triangle.c.xml', 'stmt', 4)) | SrcmlStmtDeletion(('triangle.c.xml', 'stmt', 7)) | SrcmlStmtReplacement(('triangle.c.xml', 'stmt', 22), ('triangle.c.xml', 'stmt', 20))"
2024-06-05 12:19:32,457	[INFO]	46      SUCCESS               0.001482 (2.11%) [3 edit(s)] [cached] 
2024-06-05 12:19:32,457	[DEBUG]	patch(46)="SrcmlStmtDeletion(('triangle.c.xml', 'stmt', 1)) | SrcmlStmtDeletion(('triangle.c.xml', 'stmt', 4)) | SrcmlStmtDeletion(('triangle.c.xml', 'stmt', 7))"
2024-06-05 12:19:32,458	[INFO]	47      SUCCESS              +0.001188 (1.69%) [5 edit(s)] [cached] 
2024-06-05 12:19:32,458	[DEBUG]	patch(47)="SrcmlStmtDeletion(('triangle.c.xml', 'stmt', 1)) | SrcmlStmtInsertion(('triangle.c.xml', '_inter_block', 17), ('triangle.c.xml', 'stmt', 7)) | SrcmlStmtDeletion(('triangle.c.xml', 'stmt', 4)) | SrcmlStmtDeletion(('triangle.c.xml', 'stmt', 7)) | SrcmlStmtReplacement(('triangle.c.xml', 'stmt', 7), ('triangle.c.xml', 'stmt', 11))"
2024-06-05 12:19:32,459	[INFO]	48      SUCCESS              +0.001188 (1.69%) [4 edit(s)] [cached] 
2024-06-05 12:19:32,459	[DEBUG]	patch(48)="SrcmlStmtDeletion(('triangle.c.xml', 'stmt', 1)) | SrcmlStmtInsertion(('triangle.c.xml', '_inter_block', 17), ('triangle.c.xml', 'stmt', 7)) | SrcmlStmtDeletion(('triangle.c.xml', 'stmt', 4)) | SrcmlStmtDeletion(('triangle.c.xml', 'stmt', 7))"
2024-06-05 12:19:32,460	[INFO]	49      SUCCESS               0.001482 (2.11%) [3 edit(s)] [cached] 
2024-06-05 12:19:32,460	[DEBUG]	patch(49)="SrcmlStmtDeletion(('triangle.c.xml', 'stmt', 1)) | SrcmlStmtDeletion(('triangle.c.xml', 'stmt', 4)) | SrcmlStmtDeletion(('triangle.c.xml', 'stmt', 7))"
2024-06-05 12:19:32,596	[INFO]	50      TEST_CODE_ERROR       None (--) [5 edit(s)]  
2024-06-05 12:19:32,597	[DEBUG]	patch(50)="SrcmlStmtDeletion(('triangle.c.xml', 'stmt', 1)) | SrcmlStmtInsertion(('triangle.c.xml', '_inter_block', 17), ('triangle.c.xml', 'stmt', 7)) | SrcmlStmtDeletion(('triangle.c.xml', 'stmt', 4)) | SrcmlStmtDeletion(('triangle.c.xml', 'stmt', 7)) | SrcmlStmtDeletion(('triangle.c.xml', 'stmt', 12))"
2024-06-05 12:19:32,597	[INFO]	51      SUCCESS              +0.001188 (1.69%) [5 edit(s)] [cached] 
2024-06-05 12:19:32,598	[DEBUG]	patch(51)="SrcmlStmtDeletion(('triangle.c.xml', 'stmt', 1)) | SrcmlStmtInsertion(('triangle.c.xml', '_inter_block', 17), ('triangle.c.xml', 'stmt', 7)) | SrcmlStmtDeletion(('triangle.c.xml', 'stmt', 4)) | SrcmlStmtDeletion(('triangle.c.xml', 'stmt', 7)) | SrcmlStmtInsertion(('triangle.c.xml', '_inter_block', 18), ('triangle.c.xml', 'stmt', 19))"
2024-06-05 12:19:32,755	[INFO]	52      TEST_CODE_ERROR       None (--) [6 edit(s)]  
2024-06-05 12:19:32,756	[DEBUG]	patch(52)="SrcmlStmtDeletion(('triangle.c.xml', 'stmt', 1)) | SrcmlStmtInsertion(('triangle.c.xml', '_inter_block', 17), ('triangle.c.xml', 'stmt', 7)) | SrcmlStmtDeletion(('triangle.c.xml', 'stmt', 4)) | SrcmlStmtDeletion(('triangle.c.xml', 'stmt', 7)) | SrcmlStmtInsertion(('triangle.c.xml', '_inter_block', 18), ('triangle.c.xml', 'stmt', 19)) | SrcmlStmtReplacement(('triangle.c.xml', 'stmt', 13), ('triangle.c.xml', 'stmt', 14))"
2024-06-05 12:19:32,756	[INFO]	53      SUCCESS              +0.001188 (1.69%) [4 edit(s)] [cached] 
2024-06-05 12:19:32,757	[DEBUG]	patch(53)="SrcmlStmtDeletion(('triangle.c.xml', 'stmt', 1)) | SrcmlStmtInsertion(('triangle.c.xml', '_inter_block', 17), ('triangle.c.xml', 'stmt', 7)) | SrcmlStmtDeletion(('triangle.c.xml', 'stmt', 4)) | SrcmlStmtInsertion(('triangle.c.xml', '_inter_block', 18), ('triangle.c.xml', 'stmt', 19))"
2024-06-05 12:19:32,787	[INFO]	54      COMPILE_CODE_ERROR    None (--) [5 edit(s)]  
2024-06-05 12:19:32,788	[DEBUG]	patch(54)="SrcmlStmtDeletion(('triangle.c.xml', 'stmt', 1)) | SrcmlStmtInsertion(('triangle.c.xml', '_inter_block', 17), ('triangle.c.xml', 'stmt', 7)) | SrcmlStmtDeletion(('triangle.c.xml', 'stmt', 4)) | SrcmlStmtInsertion(('triangle.c.xml', '_inter_block', 18), ('triangle.c.xml', 'stmt', 19)) | SrcmlStmtInsertion(('triangle.c.xml', '_inter_block', 6), ('triangle.c.xml', 'stmt', 14))"
2024-06-05 12:19:32,789	[INFO]	55      SUCCESS               0.001482 (2.11%) [3 edit(s)] [cached] 
2024-06-05 12:19:32,789	[DEBUG]	patch(55)="SrcmlStmtDeletion(('triangle.c.xml', 'stmt', 1)) | SrcmlStmtDeletion(('triangle.c.xml', 'stmt', 4)) | SrcmlStmtInsertion(('triangle.c.xml', '_inter_block', 18), ('triangle.c.xml', 'stmt', 19))"
2024-06-05 12:19:32,825	[INFO]	56      COMPILE_CODE_ERROR    None (--) [5 edit(s)]  
2024-06-05 12:19:32,826	[DEBUG]	patch(56)="SrcmlStmtDeletion(('triangle.c.xml', 'stmt', 1)) | SrcmlStmtInsertion(('triangle.c.xml', '_inter_block', 17), ('triangle.c.xml', 'stmt', 7)) | SrcmlStmtDeletion(('triangle.c.xml', 'stmt', 4)) | SrcmlStmtInsertion(('triangle.c.xml', '_inter_block', 18), ('triangle.c.xml', 'stmt', 19)) | SrcmlStmtInsertion(('triangle.c.xml', '_inter_block', 5), ('triangle.c.xml', 'stmt', 3))"
2024-06-05 12:19:32,862	[INFO]	57      COMPILE_CODE_ERROR    None (--) [5 edit(s)]  
2024-06-05 12:19:32,863	[DEBUG]	patch(57)="SrcmlStmtDeletion(('triangle.c.xml', 'stmt', 1)) | SrcmlStmtInsertion(('triangle.c.xml', '_inter_block', 17), ('triangle.c.xml', 'stmt', 7)) | SrcmlStmtDeletion(('triangle.c.xml', 'stmt', 4)) | SrcmlStmtInsertion(('triangle.c.xml', '_inter_block', 18), ('triangle.c.xml', 'stmt', 19)) | SrcmlStmtInsertion(('triangle.c.xml', '_inter_block', 3), ('triangle.c.xml', 'stmt', 9))"
2024-06-05 12:19:33,027	[INFO]	58      TEST_CODE_ERROR       None (--) [3 edit(s)]  
2024-06-05 12:19:33,028	[DEBUG]	patch(58)="SrcmlStmtDeletion(('triangle.c.xml', 'stmt', 1)) | SrcmlStmtInsertion(('triangle.c.xml', '_inter_block', 17), ('triangle.c.xml', 'stmt', 7)) | SrcmlStmtInsertion(('triangle.c.xml', '_inter_block', 18), ('triangle.c.xml', 'stmt', 19))"
2024-06-05 12:19:33,210	[INFO]	59      TEST_CODE_ERROR       None (--) [5 edit(s)]  
2024-06-05 12:19:33,210	[DEBUG]	patch(59)="SrcmlStmtDeletion(('triangle.c.xml', 'stmt', 1)) | SrcmlStmtInsertion(('triangle.c.xml', '_inter_block', 17), ('triangle.c.xml', 'stmt', 7)) | SrcmlStmtDeletion(('triangle.c.xml', 'stmt', 4)) | SrcmlStmtInsertion(('triangle.c.xml', '_inter_block', 18), ('triangle.c.xml', 'stmt', 19)) | SrcmlStmtDeletion(('triangle.c.xml', 'stmt', 10))"
2024-06-05 12:19:33,391	[INFO]	60      TEST_CODE_ERROR       None (--) [5 edit(s)]  
2024-06-05 12:19:33,392	[DEBUG]	patch(60)="SrcmlStmtDeletion(('triangle.c.xml', 'stmt', 1)) | SrcmlStmtInsertion(('triangle.c.xml', '_inter_block', 17), ('triangle.c.xml', 'stmt', 7)) | SrcmlStmtDeletion(('triangle.c.xml', 'stmt', 4)) | SrcmlStmtInsertion(('triangle.c.xml', '_inter_block', 18), ('triangle.c.xml', 'stmt', 19)) | SrcmlStmtDeletion(('triangle.c.xml', 'stmt', 11))"
2024-06-05 12:19:33,392	[INFO]	61      SUCCESS              +0.001188 (1.69%) [3 edit(s)] [cached] 
2024-06-05 12:19:33,392	[DEBUG]	patch(61)="SrcmlStmtDeletion(('triangle.c.xml', 'stmt', 1)) | SrcmlStmtInsertion(('triangle.c.xml', '_inter_block', 17), ('triangle.c.xml', 'stmt', 7)) | SrcmlStmtDeletion(('triangle.c.xml', 'stmt', 4))"
2024-06-05 12:19:33,431	[INFO]	62      COMPILE_CODE_ERROR    None (--) [4 edit(s)]  
2024-06-05 12:19:33,431	[DEBUG]	patch(62)="SrcmlStmtDeletion(('triangle.c.xml', 'stmt', 1)) | SrcmlStmtInsertion(('triangle.c.xml', '_inter_block', 17), ('triangle.c.xml', 'stmt', 7)) | SrcmlStmtDeletion(('triangle.c.xml', 'stmt', 4)) | SrcmlStmtReplacement(('triangle.c.xml', 'stmt', 1), ('triangle.c.xml', 'stmt', 14))"
2024-06-05 12:19:33,473	[INFO]	63      COMPILE_CODE_ERROR    None (--) [4 edit(s)]  
2024-06-05 12:19:33,473	[DEBUG]	patch(63)="SrcmlStmtDeletion(('triangle.c.xml', 'stmt', 1)) | SrcmlStmtInsertion(('triangle.c.xml', '_inter_block', 17), ('triangle.c.xml', 'stmt', 7)) | SrcmlStmtDeletion(('triangle.c.xml', 'stmt', 4)) | SrcmlStmtInsertion(('triangle.c.xml', '_inter_block', 7), ('triangle.c.xml', 'stmt', 8))"
2024-06-05 12:19:33,475	[INFO]	64      SUCCESS              +0.001188 (1.69%) [4 edit(s)] [cached] 
2024-06-05 12:19:33,475	[DEBUG]	patch(64)="SrcmlStmtDeletion(('triangle.c.xml', 'stmt', 1)) | SrcmlStmtInsertion(('triangle.c.xml', '_inter_block', 17), ('triangle.c.xml', 'stmt', 7)) | SrcmlStmtDeletion(('triangle.c.xml', 'stmt', 4)) | SrcmlStmtReplacement(('triangle.c.xml', 'stmt', 7), ('triangle.c.xml', 'stmt', 5))"
2024-06-05 12:19:33,640	[INFO]	65      TEST_CODE_ERROR       None (--) [5 edit(s)]  
2024-06-05 12:19:33,640	[DEBUG]	patch(65)="SrcmlStmtDeletion(('triangle.c.xml', 'stmt', 1)) | SrcmlStmtInsertion(('triangle.c.xml', '_inter_block', 17), ('triangle.c.xml', 'stmt', 7)) | SrcmlStmtDeletion(('triangle.c.xml', 'stmt', 4)) | SrcmlStmtReplacement(('triangle.c.xml', 'stmt', 7), ('triangle.c.xml', 'stmt', 5)) | SrcmlStmtReplacement(('triangle.c.xml', 'stmt', 16), ('triangle.c.xml', 'stmt', 0))"
2024-06-05 12:19:33,826	[INFO]	66      TEST_CODE_ERROR       None (--) [5 edit(s)]  
2024-06-05 12:19:33,826	[DEBUG]	patch(66)="SrcmlStmtDeletion(('triangle.c.xml', 'stmt', 1)) | SrcmlStmtInsertion(('triangle.c.xml', '_inter_block', 17), ('triangle.c.xml', 'stmt', 7)) | SrcmlStmtDeletion(('triangle.c.xml', 'stmt', 4)) | SrcmlStmtReplacement(('triangle.c.xml', 'stmt', 7), ('triangle.c.xml', 'stmt', 5)) | SrcmlStmtReplacement(('triangle.c.xml', 'stmt', 21), ('triangle.c.xml', 'stmt', 10))"
2024-06-05 12:19:33,827	[INFO]	67      SUCCESS              +0.001188 (1.69%) [5 edit(s)] [cached] 
2024-06-05 12:19:33,828	[DEBUG]	patch(67)="SrcmlStmtDeletion(('triangle.c.xml', 'stmt', 1)) | SrcmlStmtInsertion(('triangle.c.xml', '_inter_block', 17), ('triangle.c.xml', 'stmt', 7)) | SrcmlStmtDeletion(('triangle.c.xml', 'stmt', 4)) | SrcmlStmtReplacement(('triangle.c.xml', 'stmt', 7), ('triangle.c.xml', 'stmt', 5)) | SrcmlStmtDeletion(('triangle.c.xml', 'stmt', 4))"
2024-06-05 12:19:33,828	[INFO]	68      TEST_CODE_ERROR       None (--) [6 edit(s)] [cached] 
2024-06-05 12:19:33,828	[DEBUG]	patch(68)="SrcmlStmtDeletion(('triangle.c.xml', 'stmt', 1)) | SrcmlStmtInsertion(('triangle.c.xml', '_inter_block', 17), ('triangle.c.xml', 'stmt', 7)) | SrcmlStmtDeletion(('triangle.c.xml', 'stmt', 4)) | SrcmlStmtReplacement(('triangle.c.xml', 'stmt', 7), ('triangle.c.xml', 'stmt', 5)) | SrcmlStmtDeletion(('triangle.c.xml', 'stmt', 4)) | SrcmlStmtDeletion(('triangle.c.xml', 'stmt', 14))"
2024-06-05 12:19:33,829	[INFO]	69      SUCCESS               0.071110 (101.32%) [4 edit(s)] [cached] 
2024-06-05 12:19:33,829	[DEBUG]	patch(69)="SrcmlStmtInsertion(('triangle.c.xml', '_inter_block', 17), ('triangle.c.xml', 'stmt', 7)) | SrcmlStmtDeletion(('triangle.c.xml', 'stmt', 4)) | SrcmlStmtReplacement(('triangle.c.xml', 'stmt', 7), ('triangle.c.xml', 'stmt', 5)) | SrcmlStmtDeletion(('triangle.c.xml', 'stmt', 4))"
2024-06-05 12:19:33,999	[INFO]	70      TEST_CODE_ERROR       None (--) [6 edit(s)]  
2024-06-05 12:19:33,999	[DEBUG]	patch(70)="SrcmlStmtDeletion(('triangle.c.xml', 'stmt', 1)) | SrcmlStmtInsertion(('triangle.c.xml', '_inter_block', 17), ('triangle.c.xml', 'stmt', 7)) | SrcmlStmtDeletion(('triangle.c.xml', 'stmt', 4)) | SrcmlStmtReplacement(('triangle.c.xml', 'stmt', 7), ('triangle.c.xml', 'stmt', 5)) | SrcmlStmtDeletion(('triangle.c.xml', 'stmt', 4)) | SrcmlStmtReplacement(('triangle.c.xml', 'stmt', 17), ('triangle.c.xml', 'stmt', 10))"
2024-06-05 12:19:34,000	[INFO]	71      SUCCESS              +0.001188 (1.69%) [4 edit(s)] [cached] 
2024-06-05 12:19:34,000	[DEBUG]	patch(71)="SrcmlStmtDeletion(('triangle.c.xml', 'stmt', 1)) | SrcmlStmtInsertion(('triangle.c.xml', '_inter_block', 17), ('triangle.c.xml', 'stmt', 7)) | SrcmlStmtDeletion(('triangle.c.xml', 'stmt', 4)) | SrcmlStmtDeletion(('triangle.c.xml', 'stmt', 4))"
2024-06-05 12:19:34,195	[INFO]	72      TEST_CODE_ERROR       None (--) [5 edit(s)]  
2024-06-05 12:19:34,195	[DEBUG]	patch(72)="SrcmlStmtDeletion(('triangle.c.xml', 'stmt', 1)) | SrcmlStmtInsertion(('triangle.c.xml', '_inter_block', 17), ('triangle.c.xml', 'stmt', 7)) | SrcmlStmtDeletion(('triangle.c.xml', 'stmt', 4)) | SrcmlStmtDeletion(('triangle.c.xml', 'stmt', 4)) | SrcmlStmtDeletion(('triangle.c.xml', 'stmt', 20))"
2024-06-05 12:19:34,371	[INFO]	73      TEST_CODE_ERROR       None (--) [5 edit(s)]  
2024-06-05 12:19:34,371	[DEBUG]	patch(73)="SrcmlStmtDeletion(('triangle.c.xml', 'stmt', 1)) | SrcmlStmtInsertion(('triangle.c.xml', '_inter_block', 17), ('triangle.c.xml', 'stmt', 7)) | SrcmlStmtDeletion(('triangle.c.xml', 'stmt', 4)) | SrcmlStmtDeletion(('triangle.c.xml', 'stmt', 4)) | SrcmlStmtReplacement(('triangle.c.xml', 'stmt', 8), ('triangle.c.xml', 'stmt', 9))"
2024-06-05 12:19:34,372	[INFO]	74      SUCCESS              +0.001188 (1.69%) [5 edit(s)] [cached] 
2024-06-05 12:19:34,372	[DEBUG]	patch(74)="SrcmlStmtDeletion(('triangle.c.xml', 'stmt', 1)) | SrcmlStmtInsertion(('triangle.c.xml', '_inter_block', 17), ('triangle.c.xml', 'stmt', 7)) | SrcmlStmtDeletion(('triangle.c.xml', 'stmt', 4)) | SrcmlStmtDeletion(('triangle.c.xml', 'stmt', 4)) | SrcmlStmtDeletion(('triangle.c.xml', 'stmt', 7))"
2024-06-05 12:19:34,373	[INFO]	75      SUCCESS              +0.001188 (1.69%) [4 edit(s)] [cached] 
2024-06-05 12:19:34,373	[DEBUG]	patch(75)="SrcmlStmtDeletion(('triangle.c.xml', 'stmt', 1)) | SrcmlStmtInsertion(('triangle.c.xml', '_inter_block', 17), ('triangle.c.xml', 'stmt', 7)) | SrcmlStmtDeletion(('triangle.c.xml', 'stmt', 4)) | SrcmlStmtDeletion(('triangle.c.xml', 'stmt', 4))"
2024-06-05 12:19:34,374	[INFO]	76      SUCCESS              +0.001188 (1.69%) [3 edit(s)] [cached] 
2024-06-05 12:19:34,374	[DEBUG]	patch(76)="SrcmlStmtDeletion(('triangle.c.xml', 'stmt', 1)) | SrcmlStmtInsertion(('triangle.c.xml', '_inter_block', 17), ('triangle.c.xml', 'stmt', 7)) | SrcmlStmtDeletion(('triangle.c.xml', 'stmt', 4))"
2024-06-05 12:19:34,374	[INFO]	77      SUCCESS               0.001482 (2.11%) [2 edit(s)] [cached] 
2024-06-05 12:19:34,374	[DEBUG]	patch(77)="SrcmlStmtDeletion(('triangle.c.xml', 'stmt', 1)) | SrcmlStmtDeletion(('triangle.c.xml', 'stmt', 4))"
2024-06-05 12:19:34,406	[INFO]	78      COMPILE_CODE_ERROR    None (--) [4 edit(s)]  
2024-06-05 12:19:34,406	[DEBUG]	patch(78)="SrcmlStmtDeletion(('triangle.c.xml', 'stmt', 1)) | SrcmlStmtInsertion(('triangle.c.xml', '_inter_block', 17), ('triangle.c.xml', 'stmt', 7)) | SrcmlStmtDeletion(('triangle.c.xml', 'stmt', 4)) | SrcmlStmtInsertion(('triangle.c.xml', '_inter_block', 0), ('triangle.c.xml', 'stmt', 8))"
2024-06-05 12:19:34,408	[INFO]	79      SUCCESS               0.001419 (2.02%) [4 edit(s)] [cached] 
2024-06-05 12:19:34,408	[DEBUG]	patch(79)="SrcmlStmtDeletion(('triangle.c.xml', 'stmt', 1)) | SrcmlStmtInsertion(('triangle.c.xml', '_inter_block', 17), ('triangle.c.xml', 'stmt', 7)) | SrcmlStmtDeletion(('triangle.c.xml', 'stmt', 4)) | SrcmlStmtDeletion(('triangle.c.xml', 'stmt', 22))"
2024-06-05 12:19:34,712	[DEBUG]	EXEC>  SUCCESS 0.0016126600000000001
2024-06-05 12:19:34,712	[INFO]	80      SUCCESS               0.001613 (2.30%) [4 edit(s)]  
2024-06-05 12:19:34,712	[DEBUG]	patch(80)="SrcmlStmtDeletion(('triangle.c.xml', 'stmt', 1)) | SrcmlStmtInsertion(('triangle.c.xml', '_inter_block', 17), ('triangle.c.xml', 'stmt', 7)) | SrcmlStmtDeletion(('triangle.c.xml', 'stmt', 4)) | SrcmlStmtReplacement(('triangle.c.xml', 'stmt', 3), ('triangle.c.xml', 'stmt', 16))"
2024-06-05 12:19:34,714	[INFO]	81      TEST_CODE_ERROR       None (--) [4 edit(s)] [cached] 
2024-06-05 12:19:34,714	[DEBUG]	patch(81)="SrcmlStmtDeletion(('triangle.c.xml', 'stmt', 1)) | SrcmlStmtInsertion(('triangle.c.xml', '_inter_block', 17), ('triangle.c.xml', 'stmt', 7)) | SrcmlStmtDeletion(('triangle.c.xml', 'stmt', 4)) | SrcmlStmtDeletion(('triangle.c.xml', 'stmt', 20))"
2024-06-05 12:19:34,715	[INFO]	82      SUCCESS               0.001364 (1.94%) [2 edit(s)] [cached] 
2024-06-05 12:19:34,715	[DEBUG]	patch(82)="SrcmlStmtDeletion(('triangle.c.xml', 'stmt', 1)) | SrcmlStmtInsertion(('triangle.c.xml', '_inter_block', 17), ('triangle.c.xml', 'stmt', 7))"
2024-06-05 12:19:34,866	[INFO]	83      TEST_CODE_ERROR       None (--) [4 edit(s)]  
2024-06-05 12:19:34,866	[DEBUG]	patch(83)="SrcmlStmtDeletion(('triangle.c.xml', 'stmt', 1)) | SrcmlStmtInsertion(('triangle.c.xml', '_inter_block', 17), ('triangle.c.xml', 'stmt', 7)) | SrcmlStmtDeletion(('triangle.c.xml', 'stmt', 4)) | SrcmlStmtReplacement(('triangle.c.xml', 'stmt', 9), ('triangle.c.xml', 'stmt', 13))"
2024-06-05 12:19:34,902	[INFO]	84      COMPILE_CODE_ERROR    None (--) [4 edit(s)]  
2024-06-05 12:19:34,903	[DEBUG]	patch(84)="SrcmlStmtDeletion(('triangle.c.xml', 'stmt', 1)) | SrcmlStmtInsertion(('triangle.c.xml', '_inter_block', 17), ('triangle.c.xml', 'stmt', 7)) | SrcmlStmtDeletion(('triangle.c.xml', 'stmt', 4)) | SrcmlStmtInsertion(('triangle.c.xml', '_inter_block', 1), ('triangle.c.xml', 'stmt', 13))"
2024-06-05 12:19:35,070	[INFO]	85      TEST_CODE_ERROR       None (--) [4 edit(s)]  
2024-06-05 12:19:35,070	[DEBUG]	patch(85)="SrcmlStmtDeletion(('triangle.c.xml', 'stmt', 1)) | SrcmlStmtInsertion(('triangle.c.xml', '_inter_block', 17), ('triangle.c.xml', 'stmt', 7)) | SrcmlStmtDeletion(('triangle.c.xml', 'stmt', 4)) | SrcmlStmtReplacement(('triangle.c.xml', 'stmt', 19), ('triangle.c.xml', 'stmt', 10))"
2024-06-05 12:19:35,269	[INFO]	86      TEST_CODE_ERROR       None (--) [4 edit(s)]  
2024-06-05 12:19:35,270	[DEBUG]	patch(86)="SrcmlStmtDeletion(('triangle.c.xml', 'stmt', 1)) | SrcmlStmtInsertion(('triangle.c.xml', '_inter_block', 17), ('triangle.c.xml', 'stmt', 7)) | SrcmlStmtDeletion(('triangle.c.xml', 'stmt', 4)) | SrcmlStmtReplacement(('triangle.c.xml', 'stmt', 11), ('triangle.c.xml', 'stmt', 2))"
2024-06-05 12:19:35,271	[INFO]	87      SUCCESS               0.071110 (101.32%) [2 edit(s)] [cached] 
2024-06-05 12:19:35,271	[DEBUG]	patch(87)="SrcmlStmtInsertion(('triangle.c.xml', '_inter_block', 17), ('triangle.c.xml', 'stmt', 7)) | SrcmlStmtDeletion(('triangle.c.xml', 'stmt', 4))"
2024-06-05 12:19:35,470	[INFO]	88      TEST_CODE_ERROR       None (--) [4 edit(s)]  
2024-06-05 12:19:35,470	[DEBUG]	patch(88)="SrcmlStmtDeletion(('triangle.c.xml', 'stmt', 1)) | SrcmlStmtInsertion(('triangle.c.xml', '_inter_block', 17), ('triangle.c.xml', 'stmt', 7)) | SrcmlStmtDeletion(('triangle.c.xml', 'stmt', 4)) | SrcmlStmtReplacement(('triangle.c.xml', 'stmt', 4), ('triangle.c.xml', 'stmt', 7))"
2024-06-05 12:19:35,472	[INFO]	89      TEST_CODE_ERROR       None (--) [4 edit(s)] [cached] 
2024-06-05 12:19:35,472	[DEBUG]	patch(89)="SrcmlStmtDeletion(('triangle.c.xml', 'stmt', 1)) | SrcmlStmtInsertion(('triangle.c.xml', '_inter_block', 17), ('triangle.c.xml', 'stmt', 7)) | SrcmlStmtDeletion(('triangle.c.xml', 'stmt', 4)) | SrcmlStmtDeletion(('triangle.c.xml', 'stmt', 11))"
2024-06-05 12:19:35,474	[INFO]	90      SUCCESS              +0.001188 (1.69%) [4 edit(s)] [cached] 
2024-06-05 12:19:35,474	[DEBUG]	patch(90)="SrcmlStmtDeletion(('triangle.c.xml', 'stmt', 1)) | SrcmlStmtInsertion(('triangle.c.xml', '_inter_block', 17), ('triangle.c.xml', 'stmt', 7)) | SrcmlStmtDeletion(('triangle.c.xml', 'stmt', 4)) | SrcmlStmtReplacement(('triangle.c.xml', 'stmt', 20), ('triangle.c.xml', 'stmt', 20))"
2024-06-05 12:19:35,475	[INFO]	91      SUCCESS               0.001364 (1.94%) [3 edit(s)] [cached] 
2024-06-05 12:19:35,475	[DEBUG]	patch(91)="SrcmlStmtDeletion(('triangle.c.xml', 'stmt', 1)) | SrcmlStmtInsertion(('triangle.c.xml', '_inter_block', 17), ('triangle.c.xml', 'stmt', 7)) | SrcmlStmtReplacement(('triangle.c.xml', 'stmt', 20), ('triangle.c.xml', 'stmt', 20))"
2024-06-05 12:19:35,778	[DEBUG]	EXEC>  SUCCESS 0.0015032133333333331
2024-06-05 12:19:35,778	[INFO]	92      SUCCESS               0.001503 (2.14%) [5 edit(s)]  
2024-06-05 12:19:35,778	[DEBUG]	patch(92)="SrcmlStmtDeletion(('triangle.c.xml', 'stmt', 1)) | SrcmlStmtInsertion(('triangle.c.xml', '_inter_block', 17), ('triangle.c.xml', 'stmt', 7)) | SrcmlStmtDeletion(('triangle.c.xml', 'stmt', 4)) | SrcmlStmtReplacement(('triangle.c.xml', 'stmt', 20), ('triangle.c.xml', 'stmt', 20)) | SrcmlStmtInsertion(('triangle.c.xml', '_inter_block', 25), ('triangle.c.xml', 'stmt', 9))"
2024-06-05 12:19:35,965	[INFO]	93      TEST_CODE_ERROR       None (--) [5 edit(s)]  
2024-06-05 12:19:35,965	[DEBUG]	patch(93)="SrcmlStmtDeletion(('triangle.c.xml', 'stmt', 1)) | SrcmlStmtInsertion(('triangle.c.xml', '_inter_block', 17), ('triangle.c.xml', 'stmt', 7)) | SrcmlStmtDeletion(('triangle.c.xml', 'stmt', 4)) | SrcmlStmtReplacement(('triangle.c.xml', 'stmt', 20), ('triangle.c.xml', 'stmt', 20)) | SrcmlStmtInsertion(('triangle.c.xml', '_inter_block', 10), ('triangle.c.xml', 'stmt', 6))"
2024-06-05 12:19:35,967	[INFO]	94      SUCCESS               0.001482 (2.11%) [3 edit(s)] [cached] 
2024-06-05 12:19:35,967	[DEBUG]	patch(94)="SrcmlStmtDeletion(('triangle.c.xml', 'stmt', 1)) | SrcmlStmtDeletion(('triangle.c.xml', 'stmt', 4)) | SrcmlStmtReplacement(('triangle.c.xml', 'stmt', 20), ('triangle.c.xml', 'stmt', 20))"
2024-06-05 12:19:36,141	[INFO]	95      TEST_CODE_ERROR       None (--) [5 edit(s)]  
2024-06-05 12:19:36,142	[DEBUG]	patch(95)="SrcmlStmtDeletion(('triangle.c.xml', 'stmt', 1)) | SrcmlStmtInsertion(('triangle.c.xml', '_inter_block', 17), ('triangle.c.xml', 'stmt', 7)) | SrcmlStmtDeletion(('triangle.c.xml', 'stmt', 4)) | SrcmlStmtReplacement(('triangle.c.xml', 'stmt', 20), ('triangle.c.xml', 'stmt', 20)) | SrcmlStmtReplacement(('triangle.c.xml', 'stmt', 14), ('triangle.c.xml', 'stmt', 6))"
2024-06-05 12:19:36,143	[INFO]	96      SUCCESS              +0.001188 (1.69%) [5 edit(s)] [cached] 
2024-06-05 12:19:36,143	[DEBUG]	patch(96)="SrcmlStmtDeletion(('triangle.c.xml', 'stmt', 1)) | SrcmlStmtInsertion(('triangle.c.xml', '_inter_block', 17), ('triangle.c.xml', 'stmt', 7)) | SrcmlStmtDeletion(('triangle.c.xml', 'stmt', 4)) | SrcmlStmtReplacement(('triangle.c.xml', 'stmt', 20), ('triangle.c.xml', 'stmt', 20)) | SrcmlStmtDeletion(('triangle.c.xml', 'stmt', 5))"
2024-06-05 12:19:36,145	[INFO]	97      SUCCESS              +0.001188 (1.69%) [6 edit(s)] [cached] 
2024-06-05 12:19:36,145	[DEBUG]	patch(97)="SrcmlStmtDeletion(('triangle.c.xml', 'stmt', 1)) | SrcmlStmtInsertion(('triangle.c.xml', '_inter_block', 17), ('triangle.c.xml', 'stmt', 7)) | SrcmlStmtDeletion(('triangle.c.xml', 'stmt', 4)) | SrcmlStmtReplacement(('triangle.c.xml', 'stmt', 20), ('triangle.c.xml', 'stmt', 20)) | SrcmlStmtDeletion(('triangle.c.xml', 'stmt', 5)) | SrcmlStmtDeletion(('triangle.c.xml', 'stmt', 7))"
2024-06-05 12:19:36,439	[DEBUG]	EXEC>  SUCCESS 0.0014958366666666667
2024-06-05 12:19:36,440	[INFO]	98      SUCCESS               0.001496 (2.13%) [7 edit(s)]  
2024-06-05 12:19:36,440	[DEBUG]	patch(98)="SrcmlStmtDeletion(('triangle.c.xml', 'stmt', 1)) | SrcmlStmtInsertion(('triangle.c.xml', '_inter_block', 17), ('triangle.c.xml', 'stmt', 7)) | SrcmlStmtDeletion(('triangle.c.xml', 'stmt', 4)) | SrcmlStmtReplacement(('triangle.c.xml', 'stmt', 20), ('triangle.c.xml', 'stmt', 20)) | SrcmlStmtDeletion(('triangle.c.xml', 'stmt', 5)) | SrcmlStmtDeletion(('triangle.c.xml', 'stmt', 7)) | SrcmlStmtInsertion(('triangle.c.xml', '_inter_block', 23), ('triangle.c.xml', 'stmt', 9))"
2024-06-05 12:19:36,625	[INFO]	99      TEST_CODE_ERROR       None (--) [7 edit(s)]  
2024-06-05 12:19:36,625	[DEBUG]	patch(99)="SrcmlStmtDeletion(('triangle.c.xml', 'stmt', 1)) | SrcmlStmtInsertion(('triangle.c.xml', '_inter_block', 17), ('triangle.c.xml', 'stmt', 7)) | SrcmlStmtDeletion(('triangle.c.xml', 'stmt', 4)) | SrcmlStmtReplacement(('triangle.c.xml', 'stmt', 20), ('triangle.c.xml', 'stmt', 20)) | SrcmlStmtDeletion(('triangle.c.xml', 'stmt', 5)) | SrcmlStmtDeletion(('triangle.c.xml', 'stmt', 7)) | SrcmlStmtReplacement(('triangle.c.xml', 'stmt', 11), ('triangle.c.xml', 'stmt', 13))"
2024-06-05 12:19:36,627	[INFO]	100     SUCCESS              +0.001188 (1.69%) [5 edit(s)] [cached] 
2024-06-05 12:19:36,627	[DEBUG]	patch(100)="SrcmlStmtDeletion(('triangle.c.xml', 'stmt', 1)) | SrcmlStmtInsertion(('triangle.c.xml', '_inter_block', 17), ('triangle.c.xml', 'stmt', 7)) | SrcmlStmtDeletion(('triangle.c.xml', 'stmt', 4)) | SrcmlStmtDeletion(('triangle.c.xml', 'stmt', 5)) | SrcmlStmtDeletion(('triangle.c.xml', 'stmt', 7))"
2024-06-05 12:19:36,628	[INFO]	~~~~ END ~~~~
2024-06-05 12:19:36,628	[INFO]	
2024-06-05 12:19:36,628	[INFO]	==== REPORT ====
2024-06-05 12:19:36,628	[INFO]	Termination: step budget
2024-06-05 12:19:36,628	[INFO]	Retries: 3
2024-06-05 12:19:36,628	[INFO]	Log file: /home/jim/magpie/_magpie_logs/triangle-c_1717586364.log
2024-06-05 12:19:36,628	[INFO]	Patch file: _magpie_logs/triangle-c_1717586364.patch
2024-06-05 12:19:36,628	[INFO]	Diff file: _magpie_logs/triangle-c_1717586364.diff
2024-06-05 12:19:36,629	[INFO]	Reference fitness: 0.070182
2024-06-05 12:19:36,629	[INFO]	Best fitness: 0.001188
2024-06-05 12:19:36,629	[INFO]	
2024-06-05 12:19:36,630	[INFO]	==== BEST PATCH ====
SrcmlStmtDeletion(('triangle.c.xml', 'stmt', 1)) | SrcmlStmtInsertion(('triangle.c.xml', '_inter_block', 17), ('triangle.c.xml', 'stmt', 7)) | SrcmlStmtDeletion(('triangle.c.xml', 'stmt', 4))
2024-06-05 12:19:36,630	[INFO]	
2024-06-05 12:19:36,631	[INFO]	==== DIFF ====
[1m--- before: triangle.c[0m
[1m+++ after: triangle.c[0m
[36m@@ -2,7 +2,7 @@[0m
 
 void delay() {
   const struct timespec ms = {0, 0.001*1e9}; //tv_sec=0, tv_nsec (0.001 seconds)
[31m-  nanosleep(&ms,NULL); /*ignores possible errors*/[0m
[32m+   /*ignores possible errors*/[0m
 }
 
 int classify_triangle(double a, double b, double c) {
[36m@@ -11,11 +11,7 @@[0m
   delay();
 
   // Sort the sides so that a <= b <= c
[31m-  if(a > b) {[0m
[31m-    tmp = a;[0m
[31m-    a = b;[0m
[31m-    b = tmp;[0m
[31m-  }[0m
[32m+  [0m
 
   if(a > c) {
     tmp = a;
[36m@@ -42,4 +38,5 @@[0m
     return ISOSCELES;
   }/*auto*/
   return SCALENE;
[32m+  b = tmp;[0m
 }

