2024-07-26 02:50:25,966	[DEBUG]	==== CONFIG ====
[magpie]
import = 
seed = 45
log_dir = _magpie_logs
work_dir = _magpie_work
local_original_copy = True
local_original_name = __original__
output_encoding = ascii
edit_retries = 10
default_timeout = 30
default_lengthout = 1e6
diff_method = unified
trust_local_filesystem = True
test_timeout = 10

[magpie.log]
color_output = True
format_info = {counter:<7} {status:<20} {best}{fitness} ({ratio}) [{size}] {cached} {log}
format_debug = patch({counter})="{patch}"{diffifbest}
format_fitness = {:.6f}
format_ratio = {:.2%%}
format_patchif = 
	 --> {patch}
format_diffif = 
	{diff}

[software]
path = examples/lpg
target_files = lpg.params
software = BasicSoftware
model_rules = 
	*.params : ParamFileConfigModel
	*.xml : SrcmlModel
	* : LineModel
model_config = 
	*.params : [paramconfig]
	*.xml : [srcml]
init_cmd = 
init_timeout = 60
init_lengthout = -1
setup_cmd = 
setup_timeout = 
setup_lengthout = 
compile_cmd = 
compile_timeout = 
compile_lengthout = 
test_cmd = bash test.sh
test_timeout = 
test_lengthout = 
run_cmd = perf stat -e task-clock bash run_fixed.sh
run_timeout = 
run_lengthout = 
retries = 3
batch_timeout = 
batch_lengthout = 
batch_bin_fitness_strategy = aggregate
batch_fitness_strategy = sum
fitness = perf_task_clock

[srcml]
rename = 
	stmt: break continue decl_stmt do expr_stmt for goto if return switch while
	number: literal_number
focus = block stmt operator_comp operator_arith number
internodes = block
process_pseudo_blocks = True
process_literals = True
process_operators = True

[paramconfig]
timing = test run
cli_prefix = --
cli_glue = =
cli_boolean = show
cli_boolean_prefix_true = 
cli_boolean_prefix_false = no-
cli_none = hide
silent_prefix = @
silent_suffix = $

[search]
protocol = BasicProtocol
algorithm = FirstImprovement
possible_edits = ParamSetting
warmup = 3
warmup_strategy = last
max_steps = 10000
max_time = 1800
target_fitness = 
cache_maxsize = 100
cache_keep = 0.2
batch_instances = 
batch_shuffle = True
batch_bin_shuffle = False
batch_sample_size = 1

[search.ls]
delete_prob = 0.5
max_neighbours = 
when_trapped = continue
accept_fail = False
tabu_length = 10

[search.gp]
pop_size = 10
delete_prob = 0.5
offspring_elitism = 0.1
offspring_crossover = 0.5
offspring_mutation = 0.4
uniform_rate = 0.5
batch_reset = True

[search.minify]
do_cleanup = True
do_rebuild = True
do_simplify = True
round_robin_limit = 3


2024-07-26 02:50:25,966	[DEBUG]	
2024-07-26 02:50:25,966	[INFO]	==== SEARCH: FirstImprovement ====
2024-07-26 02:50:25,966	[INFO]	~~~~ WARMUP ~~~~
2024-07-26 02:51:16,088	[DEBUG]	EXEC>  SUCCESS 67.0
2024-07-26 02:51:16,088	[INFO]	WARM    SUCCESS               67.000000 (--) [0 edit(s)]  
2024-07-26 02:52:06,195	[DEBUG]	EXEC>  SUCCESS 17.0
2024-07-26 02:52:06,195	[INFO]	WARM    SUCCESS               17.000000 (--) [0 edit(s)]  
2024-07-26 02:52:56,584	[DEBUG]	EXEC>  SUCCESS 39.666666666666664
2024-07-26 02:52:56,585	[INFO]	WARM    SUCCESS               39.666667 (--) [0 edit(s)]  
2024-07-26 02:52:56,585	[INFO]	REF     SUCCESS               39.666667 (--) [0 edit(s)]  
2024-07-26 02:52:56,585	[INFO]	
2024-07-26 02:52:56,585	[INFO]	~~~~ START ~~~~
2024-07-26 02:53:31,829	[DEBUG]	EXEC>  TIMEOUT None
2024-07-26 02:53:31,829	[INFO]	1       RUN_TIMEOUT           None (--) [1 edit(s)]  
2024-07-26 02:53:31,829	[DEBUG]	patch(1)="ParamSetting(('lpg.params', 'param', 'noise'), 0.2576606205245803)"
2024-07-26 02:54:18,383	[DEBUG]	EXEC>  TIMEOUT None
2024-07-26 02:54:18,384	[INFO]	2       RUN_TIMEOUT           None (--) [1 edit(s)]  
2024-07-26 02:54:18,384	[DEBUG]	patch(2)="ParamSetting(('lpg.params', 'param', 'search_steps'), 174)"
2024-07-26 02:55:49,674	[DEBUG]	EXEC>  SUCCESS 76.0
2024-07-26 02:55:49,674	[INFO]	3       SUCCESS               76.000000 (191.60%) [1 edit(s)]  
2024-07-26 02:55:49,674	[DEBUG]	patch(3)="ParamSetting(('lpg.params', 'param', 'search_steps'), 390)"
2024-07-26 02:55:49,675	[INFO]	4       SUCCESS              +39.666667 (100.00%) [1 edit(s)] [cached] 
2024-07-26 02:55:49,675	[DEBUG]	patch(4)="ParamSetting(('lpg.params', 'param', 'lowmemory'), 'None')"
2024-07-26 02:55:49,676	[INFO]	5       SUCCESS              +39.666667 (100.00%) [2 edit(s)] [cached] 
2024-07-26 02:55:49,676	[DEBUG]	patch(5)="ParamSetting(('lpg.params', 'param', 'lowmemory'), 'None') | ParamSetting(('lpg.params', 'param', 'repeats'), 5)"
2024-07-26 02:55:49,676	[INFO]	6       SUCCESS              +39.666667 (100.00%) [1 edit(s)] [cached] 
2024-07-26 02:55:49,676	[DEBUG]	patch(6)="ParamSetting(('lpg.params', 'param', 'lowmemory'), 'None')"
2024-07-26 02:55:49,677	[INFO]	7       SUCCESS              +39.666667 (100.00%) [0 edit(s)] [cached] 
2024-07-26 02:55:49,677	[DEBUG]	patch(7)=""
2024-07-26 02:56:28,406	[DEBUG]	EXEC>  TIMEOUT None
2024-07-26 02:56:28,407	[INFO]	8       RUN_TIMEOUT           None (--) [1 edit(s)]  
2024-07-26 02:56:28,407	[DEBUG]	patch(8)="ParamSetting(('lpg.params', 'param', 'search_steps'), 276)"
2024-07-26 02:57:18,440	[DEBUG]	EXEC>  SUCCESS 67.33333333333333
2024-07-26 02:57:18,440	[INFO]	9       SUCCESS               67.333333 (169.75%) [1 edit(s)]  
2024-07-26 02:57:18,440	[DEBUG]	patch(9)="ParamSetting(('lpg.params', 'param', 'repeats'), 11)"
2024-07-26 02:57:48,499	[INFO]	10      TEST_TIMEOUT          None (--) [1 edit(s)]  
2024-07-26 02:57:48,499	[DEBUG]	patch(10)="ParamSetting(('lpg.params', 'param', 'search_steps'), 121)"
2024-07-26 02:58:18,565	[INFO]	11      TEST_TIMEOUT          None (--) [1 edit(s)]  
2024-07-26 02:58:18,565	[DEBUG]	patch(11)="ParamSetting(('lpg.params', 'param', 'noise'), 0.6991828298295443)"
2024-07-26 02:58:48,640	[INFO]	12      TEST_TIMEOUT          None (--) [1 edit(s)]  
2024-07-26 02:58:48,640	[DEBUG]	patch(12)="ParamSetting(('lpg.params', 'param', 'noise'), 0.909611607891918)"
2024-07-26 02:59:21,001	[DEBUG]	EXEC>  TIMEOUT None
2024-07-26 02:59:21,002	[INFO]	13      RUN_TIMEOUT           None (--) [1 edit(s)]  
2024-07-26 02:59:21,002	[DEBUG]	patch(13)="ParamSetting(('lpg.params', 'param', 'restarts'), 1)"
2024-07-26 03:00:09,986	[DEBUG]	EXEC>  SUCCESS 68.33333333333333
2024-07-26 03:00:09,986	[INFO]	14      SUCCESS               68.333333 (172.27%) [1 edit(s)]  
2024-07-26 03:00:09,986	[DEBUG]	patch(14)="ParamSetting(('lpg.params', 'param', 'lowmemory'), 'True')"
2024-07-26 03:00:59,395	[DEBUG]	EXEC>  TIMEOUT None
2024-07-26 03:00:59,395	[INFO]	15      RUN_TIMEOUT           None (--) [1 edit(s)]  
2024-07-26 03:00:59,395	[DEBUG]	patch(15)="ParamSetting(('lpg.params', 'param', 'noise'), 0.3851607727664883)"
2024-07-26 03:01:49,077	[DEBUG]	EXEC>  SUCCESS 47.666666666666664
2024-07-26 03:01:49,078	[INFO]	16      SUCCESS               47.666667 (120.17%) [1 edit(s)]  
2024-07-26 03:01:49,078	[DEBUG]	patch(16)="ParamSetting(('lpg.params', 'param', 'static_noise'), 'True')"
2024-07-26 03:02:22,496	[DEBUG]	EXEC>  SUCCESS 50.666666666666664
2024-07-26 03:02:22,496	[INFO]	17      SUCCESS               50.666667 (127.73%) [1 edit(s)]  
2024-07-26 03:02:22,496	[DEBUG]	patch(17)="ParamSetting(('lpg.params', 'param', 'search_steps'), 627)"
2024-07-26 03:03:12,839	[DEBUG]	EXEC>  SUCCESS 21.333333333333332
2024-07-26 03:03:12,839	[INFO]	18      SUCCESS              *21.333333 (53.78%) [1 edit(s)]  
2024-07-26 03:03:12,839	[DEBUG]	patch(18)="ParamSetting(('lpg.params', 'param', 'repeats'), 10)"
--- before: lpg.params
+++ after: lpg.params
@@ -1,6 +1,6 @@
 search_steps := 500
 restarts := 9
-repeats := 5
+repeats := 10
 noise := 0.1
 static_noise := 'None'
 lowmemory := 'None'

2024-07-26 03:03:12,840	[INFO]	19      SUCCESS               39.666667 (100.00%) [0 edit(s)] [cached] 
2024-07-26 03:03:12,840	[DEBUG]	patch(19)=""
2024-07-26 03:03:42,899	[INFO]	20      TEST_TIMEOUT          None (--) [2 edit(s)]  
2024-07-26 03:03:42,899	[DEBUG]	patch(20)="ParamSetting(('lpg.params', 'param', 'repeats'), 10) | ParamSetting(('lpg.params', 'param', 'search_steps'), 103)"
2024-07-26 03:04:12,969	[INFO]	21      TEST_TIMEOUT          None (--) [2 edit(s)]  
2024-07-26 03:04:12,969	[DEBUG]	patch(21)="ParamSetting(('lpg.params', 'param', 'repeats'), 10) | ParamSetting(('lpg.params', 'param', 'noise'), 0.43912639618282256)"
2024-07-26 03:04:50,919	[DEBUG]	EXEC>  TIMEOUT None
2024-07-26 03:04:50,920	[INFO]	22      RUN_TIMEOUT           None (--) [2 edit(s)]  
2024-07-26 03:04:50,920	[DEBUG]	patch(22)="ParamSetting(('lpg.params', 'param', 'repeats'), 10) | ParamSetting(('lpg.params', 'param', 'search_steps'), 252)"
2024-07-26 03:05:29,149	[DEBUG]	EXEC>  TIMEOUT None
2024-07-26 03:05:29,149	[INFO]	23      RUN_TIMEOUT           None (--) [2 edit(s)]  
2024-07-26 03:05:29,150	[DEBUG]	patch(23)="ParamSetting(('lpg.params', 'param', 'repeats'), 10) | ParamSetting(('lpg.params', 'param', 'search_steps'), 279)"
2024-07-26 03:06:02,679	[DEBUG]	EXEC>  SUCCESS 37.0
2024-07-26 03:06:02,680	[INFO]	24      SUCCESS               37.000000 (93.28%) [2 edit(s)]  
2024-07-26 03:06:02,680	[DEBUG]	patch(24)="ParamSetting(('lpg.params', 'param', 'repeats'), 10) | ParamSetting(('lpg.params', 'param', 'search_steps'), 809)"
2024-07-26 03:06:51,862	[DEBUG]	EXEC>  SUCCESS 55.333333333333336
2024-07-26 03:06:51,863	[INFO]	25      SUCCESS               55.333333 (139.50%) [2 edit(s)]  
2024-07-26 03:06:51,863	[DEBUG]	patch(25)="ParamSetting(('lpg.params', 'param', 'repeats'), 10) | ParamSetting(('lpg.params', 'param', 'lowmemory'), 'True')"
2024-07-26 03:07:21,929	[INFO]	26      TEST_TIMEOUT          None (--) [2 edit(s)]  
2024-07-26 03:07:21,929	[DEBUG]	patch(26)="ParamSetting(('lpg.params', 'param', 'repeats'), 10) | ParamSetting(('lpg.params', 'param', 'noise'), 0.7665559902953729)"
2024-07-26 03:07:54,477	[DEBUG]	EXEC>  TIMEOUT None
2024-07-26 03:07:54,477	[INFO]	27      RUN_TIMEOUT           None (--) [2 edit(s)]  
2024-07-26 03:07:54,477	[DEBUG]	patch(27)="ParamSetting(('lpg.params', 'param', 'repeats'), 10) | ParamSetting(('lpg.params', 'param', 'search_steps'), 428)"
2024-07-26 03:08:44,697	[DEBUG]	EXEC>  SUCCESS 34.333333333333336
2024-07-26 03:08:44,697	[INFO]	28      SUCCESS               34.333333 (86.55%) [2 edit(s)]  
2024-07-26 03:08:44,697	[DEBUG]	patch(28)="ParamSetting(('lpg.params', 'param', 'repeats'), 10) | ParamSetting(('lpg.params', 'param', 'repeats'), 12)"
2024-07-26 03:08:44,698	[INFO]	29      SUCCESS               55.333333 (139.50%) [2 edit(s)] [cached] 
2024-07-26 03:08:44,698	[DEBUG]	patch(29)="ParamSetting(('lpg.params', 'param', 'repeats'), 10) | ParamSetting(('lpg.params', 'param', 'lowmemory'), 'True')"
2024-07-26 03:09:34,751	[DEBUG]	EXEC>  SUCCESS 33.0
2024-07-26 03:09:34,751	[INFO]	30      SUCCESS               33.000000 (83.19%) [2 edit(s)]  
2024-07-26 03:09:34,751	[DEBUG]	patch(30)="ParamSetting(('lpg.params', 'param', 'repeats'), 10) | ParamSetting(('lpg.params', 'param', 'restarts'), 19)"
2024-07-26 03:10:24,824	[DEBUG]	EXEC>  SUCCESS 44.333333333333336
2024-07-26 03:10:24,824	[INFO]	31      SUCCESS               44.333333 (111.76%) [2 edit(s)]  
2024-07-26 03:10:24,824	[DEBUG]	patch(31)="ParamSetting(('lpg.params', 'param', 'repeats'), 10) | ParamSetting(('lpg.params', 'param', 'repeats'), 15)"
2024-07-26 03:10:24,826	[INFO]	32      SUCCESS               55.333333 (139.50%) [2 edit(s)] [cached] 
2024-07-26 03:10:24,826	[DEBUG]	patch(32)="ParamSetting(('lpg.params', 'param', 'repeats'), 10) | ParamSetting(('lpg.params', 'param', 'lowmemory'), 'True')"
2024-07-26 03:10:24,827	[INFO]	33      SUCCESS              +21.333333 (53.78%) [2 edit(s)] [cached] 
2024-07-26 03:10:24,827	[DEBUG]	patch(33)="ParamSetting(('lpg.params', 'param', 'repeats'), 10) | ParamSetting(('lpg.params', 'param', 'static_noise'), 'None')"
2024-07-26 03:10:24,828	[INFO]	34      SUCCESS              +21.333333 (53.78%) [1 edit(s)] [cached] 
2024-07-26 03:10:24,828	[DEBUG]	patch(34)="ParamSetting(('lpg.params', 'param', 'repeats'), 10)"
2024-07-26 03:10:24,829	[INFO]	35      SUCCESS               39.666667 (100.00%) [0 edit(s)] [cached] 
2024-07-26 03:10:24,829	[DEBUG]	patch(35)=""
2024-07-26 03:10:24,830	[INFO]	36      SUCCESS              +21.333333 (53.78%) [2 edit(s)] [cached] 
2024-07-26 03:10:24,830	[DEBUG]	patch(36)="ParamSetting(('lpg.params', 'param', 'repeats'), 10) | ParamSetting(('lpg.params', 'param', 'static_noise'), 'None')"
2024-07-26 03:10:24,831	[INFO]	37      SUCCESS               39.666667 (100.00%) [1 edit(s)] [cached] 
2024-07-26 03:10:24,831	[DEBUG]	patch(37)="ParamSetting(('lpg.params', 'param', 'static_noise'), 'None')"
2024-07-26 03:10:24,832	[INFO]	38      SUCCESS              +21.333333 (53.78%) [1 edit(s)] [cached] 
2024-07-26 03:10:24,832	[DEBUG]	patch(38)="ParamSetting(('lpg.params', 'param', 'repeats'), 10)"
2024-07-26 03:10:24,833	[INFO]	39      SUCCESS              +21.333333 (53.78%) [2 edit(s)] [cached] 
2024-07-26 03:10:24,833	[DEBUG]	patch(39)="ParamSetting(('lpg.params', 'param', 'repeats'), 10) | ParamSetting(('lpg.params', 'param', 'static_noise'), 'None')"
2024-07-26 03:10:58,325	[DEBUG]	EXEC>  SUCCESS 62.333333333333336
2024-07-26 03:10:58,325	[INFO]	40      SUCCESS               62.333333 (157.14%) [3 edit(s)]  
2024-07-26 03:10:58,325	[DEBUG]	patch(40)="ParamSetting(('lpg.params', 'param', 'repeats'), 10) | ParamSetting(('lpg.params', 'param', 'static_noise'), 'None') | ParamSetting(('lpg.params', 'param', 'search_steps'), 840)"
2024-07-26 03:10:58,326	[INFO]	41      SUCCESS               39.666667 (100.00%) [1 edit(s)] [cached] 
2024-07-26 03:10:58,326	[DEBUG]	patch(41)="ParamSetting(('lpg.params', 'param', 'static_noise'), 'None')"
2024-07-26 03:11:48,020	[DEBUG]	EXEC>  SUCCESS 66.0
2024-07-26 03:11:48,020	[INFO]	42      SUCCESS               66.000000 (166.39%) [3 edit(s)]  
2024-07-26 03:11:48,020	[DEBUG]	patch(42)="ParamSetting(('lpg.params', 'param', 'repeats'), 10) | ParamSetting(('lpg.params', 'param', 'static_noise'), 'None') | ParamSetting(('lpg.params', 'param', 'static_noise'), 'True')"
2024-07-26 03:11:48,021	[INFO]	43      SUCCESS              +21.333333 (53.78%) [1 edit(s)] [cached] 
2024-07-26 03:11:48,021	[DEBUG]	patch(43)="ParamSetting(('lpg.params', 'param', 'repeats'), 10)"
2024-07-26 03:11:48,021	[INFO]	44      SUCCESS               39.666667 (100.00%) [0 edit(s)] [cached] 
2024-07-26 03:11:48,021	[DEBUG]	patch(44)=""
2024-07-26 03:11:48,022	[INFO]	45      SUCCESS               66.000000 (166.39%) [2 edit(s)] [cached] 
2024-07-26 03:11:48,022	[DEBUG]	patch(45)="ParamSetting(('lpg.params', 'param', 'repeats'), 10) | ParamSetting(('lpg.params', 'param', 'static_noise'), 'True')"
2024-07-26 03:11:48,023	[INFO]	46      SUCCESS               55.333333 (139.50%) [2 edit(s)] [cached] 
2024-07-26 03:11:48,023	[DEBUG]	patch(46)="ParamSetting(('lpg.params', 'param', 'repeats'), 10) | ParamSetting(('lpg.params', 'param', 'lowmemory'), 'True')"
2024-07-26 03:12:18,088	[INFO]	47      TEST_TIMEOUT          None (--) [2 edit(s)]  
2024-07-26 03:12:18,088	[DEBUG]	patch(47)="ParamSetting(('lpg.params', 'param', 'repeats'), 10) | ParamSetting(('lpg.params', 'param', 'noise'), 0.5350187739942603)"
2024-07-26 03:12:18,089	[INFO]	48      SUCCESS               66.000000 (166.39%) [2 edit(s)] [cached] 
2024-07-26 03:12:18,089	[DEBUG]	patch(48)="ParamSetting(('lpg.params', 'param', 'repeats'), 10) | ParamSetting(('lpg.params', 'param', 'static_noise'), 'True')"
2024-07-26 03:13:08,160	[DEBUG]	EXEC>  SUCCESS 54.333333333333336
2024-07-26 03:13:08,161	[INFO]	49      SUCCESS               54.333333 (136.97%) [2 edit(s)]  
2024-07-26 03:13:08,161	[DEBUG]	patch(49)="ParamSetting(('lpg.params', 'param', 'repeats'), 10) | ParamSetting(('lpg.params', 'param', 'repeats'), 7)"
2024-07-26 03:14:12,130	[DEBUG]	EXEC>  SUCCESS 53.0
2024-07-26 03:14:12,130	[INFO]	50      SUCCESS               53.000000 (133.61%) [2 edit(s)]  
2024-07-26 03:14:12,130	[DEBUG]	patch(50)="ParamSetting(('lpg.params', 'param', 'repeats'), 10) | ParamSetting(('lpg.params', 'param', 'noise'), 0.11941623506370613)"
2024-07-26 03:14:12,131	[INFO]	51      SUCCESS               55.333333 (139.50%) [2 edit(s)] [cached] 
2024-07-26 03:14:12,132	[DEBUG]	patch(51)="ParamSetting(('lpg.params', 'param', 'repeats'), 10) | ParamSetting(('lpg.params', 'param', 'lowmemory'), 'True')"
2024-07-26 03:14:53,332	[DEBUG]	EXEC>  TIMEOUT None
2024-07-26 03:14:53,332	[INFO]	52      RUN_TIMEOUT           None (--) [2 edit(s)]  
2024-07-26 03:14:53,332	[DEBUG]	patch(52)="ParamSetting(('lpg.params', 'param', 'repeats'), 10) | ParamSetting(('lpg.params', 'param', 'search_steps'), 204)"
2024-07-26 03:14:53,333	[INFO]	53      SUCCESS               39.666667 (100.00%) [2 edit(s)] [cached] 
2024-07-26 03:14:53,333	[DEBUG]	patch(53)="ParamSetting(('lpg.params', 'param', 'repeats'), 10) | ParamSetting(('lpg.params', 'param', 'repeats'), 5)"
2024-07-26 03:14:53,334	[INFO]	54      SUCCESS               66.000000 (166.39%) [2 edit(s)] [cached] 
2024-07-26 03:14:53,334	[DEBUG]	patch(54)="ParamSetting(('lpg.params', 'param', 'repeats'), 10) | ParamSetting(('lpg.params', 'param', 'static_noise'), 'True')"
2024-07-26 03:14:53,334	[INFO]	55      SUCCESS               66.000000 (166.39%) [2 edit(s)] [cached] 
2024-07-26 03:14:53,334	[DEBUG]	patch(55)="ParamSetting(('lpg.params', 'param', 'repeats'), 10) | ParamSetting(('lpg.params', 'param', 'static_noise'), 'True')"
2024-07-26 03:15:23,402	[INFO]	56      TEST_TIMEOUT          None (--) [2 edit(s)]  
2024-07-26 03:15:23,403	[DEBUG]	patch(56)="ParamSetting(('lpg.params', 'param', 'repeats'), 10) | ParamSetting(('lpg.params', 'param', 'noise'), 0.7369491308035279)"
2024-07-26 03:16:01,386	[DEBUG]	EXEC>  TIMEOUT None
2024-07-26 03:16:01,386	[INFO]	57      RUN_TIMEOUT           None (--) [2 edit(s)]  
2024-07-26 03:16:01,386	[DEBUG]	patch(57)="ParamSetting(('lpg.params', 'param', 'repeats'), 10) | ParamSetting(('lpg.params', 'param', 'search_steps'), 282)"
2024-07-26 03:16:51,502	[DEBUG]	EXEC>  SUCCESS 38.666666666666664
2024-07-26 03:16:51,502	[INFO]	58      SUCCESS               38.666667 (97.48%) [2 edit(s)]  
2024-07-26 03:16:51,502	[DEBUG]	patch(58)="ParamSetting(('lpg.params', 'param', 'repeats'), 10) | ParamSetting(('lpg.params', 'param', 'restarts'), 20)"
2024-07-26 03:17:25,055	[DEBUG]	EXEC>  SUCCESS 41.0
2024-07-26 03:17:25,056	[INFO]	59      SUCCESS               41.000000 (103.36%) [2 edit(s)]  
2024-07-26 03:17:25,056	[DEBUG]	patch(59)="ParamSetting(('lpg.params', 'param', 'repeats'), 10) | ParamSetting(('lpg.params', 'param', 'search_steps'), 869)"
2024-07-26 03:17:55,115	[INFO]	60      TEST_TIMEOUT          None (--) [2 edit(s)]  
2024-07-26 03:17:55,115	[DEBUG]	patch(60)="ParamSetting(('lpg.params', 'param', 'repeats'), 10) | ParamSetting(('lpg.params', 'param', 'search_steps'), 139)"
2024-07-26 03:18:45,600	[DEBUG]	EXEC>  SUCCESS 50.666666666666664
2024-07-26 03:18:45,600	[INFO]	61      SUCCESS               50.666667 (127.73%) [2 edit(s)]  
2024-07-26 03:18:45,600	[DEBUG]	patch(61)="ParamSetting(('lpg.params', 'param', 'repeats'), 10) | ParamSetting(('lpg.params', 'param', 'repeats'), 16)"
2024-07-26 03:19:35,474	[DEBUG]	EXEC>  SUCCESS 29.333333333333332
2024-07-26 03:19:35,474	[INFO]	62      SUCCESS               29.333333 (73.95%) [2 edit(s)]  
2024-07-26 03:19:35,474	[DEBUG]	patch(62)="ParamSetting(('lpg.params', 'param', 'repeats'), 10) | ParamSetting(('lpg.params', 'param', 'restarts'), 14)"
2024-07-26 03:20:05,543	[INFO]	63      TEST_TIMEOUT          None (--) [2 edit(s)]  
2024-07-26 03:20:05,543	[DEBUG]	patch(63)="ParamSetting(('lpg.params', 'param', 'repeats'), 10) | ParamSetting(('lpg.params', 'param', 'noise'), 0.7885837320605417)"
2024-07-26 03:20:56,008	[DEBUG]	EXEC>  SUCCESS 41.0
2024-07-26 03:20:56,008	[INFO]	64      SUCCESS               41.000000 (103.36%) [2 edit(s)]  
2024-07-26 03:20:56,008	[DEBUG]	patch(64)="ParamSetting(('lpg.params', 'param', 'repeats'), 10) | ParamSetting(('lpg.params', 'param', 'restarts'), 5)"
2024-07-26 03:20:56,009	[INFO]	65      SUCCESS               55.333333 (139.50%) [2 edit(s)] [cached] 
2024-07-26 03:20:56,009	[DEBUG]	patch(65)="ParamSetting(('lpg.params', 'param', 'repeats'), 10) | ParamSetting(('lpg.params', 'param', 'lowmemory'), 'True')"
2024-07-26 03:20:56,010	[INFO]	66      SUCCESS              +21.333333 (53.78%) [2 edit(s)] [cached] 
2024-07-26 03:20:56,010	[DEBUG]	patch(66)="ParamSetting(('lpg.params', 'param', 'repeats'), 10) | ParamSetting(('lpg.params', 'param', 'static_noise'), 'None')"
2024-07-26 03:20:56,011	[INFO]	67      SUCCESS               55.333333 (139.50%) [3 edit(s)] [cached] 
2024-07-26 03:20:56,011	[DEBUG]	patch(67)="ParamSetting(('lpg.params', 'param', 'repeats'), 10) | ParamSetting(('lpg.params', 'param', 'static_noise'), 'None') | ParamSetting(('lpg.params', 'param', 'lowmemory'), 'True')"
2024-07-26 03:20:56,012	[INFO]	68      SUCCESS               39.666667 (100.00%) [1 edit(s)] [cached] 
2024-07-26 03:20:56,012	[DEBUG]	patch(68)="ParamSetting(('lpg.params', 'param', 'static_noise'), 'None')"
2024-07-26 03:20:56,012	[INFO]	69      SUCCESS               55.333333 (139.50%) [3 edit(s)] [cached] 
2024-07-26 03:20:56,013	[DEBUG]	patch(69)="ParamSetting(('lpg.params', 'param', 'repeats'), 10) | ParamSetting(('lpg.params', 'param', 'static_noise'), 'None') | ParamSetting(('lpg.params', 'param', 'lowmemory'), 'True')"
2024-07-26 03:20:56,013	[INFO]	70      SUCCESS              +21.333333 (53.78%) [1 edit(s)] [cached] 
2024-07-26 03:20:56,013	[DEBUG]	patch(70)="ParamSetting(('lpg.params', 'param', 'repeats'), 10)"
2024-07-26 03:21:26,080	[INFO]	71      TEST_TIMEOUT          None (--) [2 edit(s)]  
2024-07-26 03:21:26,080	[DEBUG]	patch(71)="ParamSetting(('lpg.params', 'param', 'repeats'), 10) | ParamSetting(('lpg.params', 'param', 'noise'), 0.6697168314164075)"
2024-07-26 03:21:26,081	[INFO]	72      SUCCESS              +21.333333 (53.78%) [2 edit(s)] [cached] 
2024-07-26 03:21:26,081	[DEBUG]	patch(72)="ParamSetting(('lpg.params', 'param', 'repeats'), 10) | ParamSetting(('lpg.params', 'param', 'static_noise'), 'None')"
2024-07-26 03:21:26,081	[INFO]	73      SUCCESS              +21.333333 (53.78%) [1 edit(s)] [cached] 
2024-07-26 03:21:26,081	[DEBUG]	patch(73)="ParamSetting(('lpg.params', 'param', 'repeats'), 10)"
2024-07-26 03:22:16,116	[DEBUG]	EXEC>  SUCCESS 48.0
2024-07-26 03:22:16,116	[INFO]	74      SUCCESS               48.000000 (121.01%) [2 edit(s)]  
2024-07-26 03:22:16,116	[DEBUG]	patch(74)="ParamSetting(('lpg.params', 'param', 'repeats'), 10) | ParamSetting(('lpg.params', 'param', 'restarts'), 16)"
2024-07-26 03:22:16,117	[INFO]	75      SUCCESS               39.666667 (100.00%) [0 edit(s)] [cached] 
2024-07-26 03:22:16,117	[DEBUG]	patch(75)=""
2024-07-26 03:22:16,118	[INFO]	76      SUCCESS              +21.333333 (53.78%) [2 edit(s)] [cached] 
2024-07-26 03:22:16,118	[DEBUG]	patch(76)="ParamSetting(('lpg.params', 'param', 'repeats'), 10) | ParamSetting(('lpg.params', 'param', 'static_noise'), 'None')"
2024-07-26 03:23:06,426	[DEBUG]	EXEC>  SUCCESS 50.333333333333336
2024-07-26 03:23:06,427	[INFO]	77      SUCCESS               50.333333 (126.89%) [3 edit(s)]  
2024-07-26 03:23:06,427	[DEBUG]	patch(77)="ParamSetting(('lpg.params', 'param', 'repeats'), 10) | ParamSetting(('lpg.params', 'param', 'static_noise'), 'None') | ParamSetting(('lpg.params', 'param', 'restarts'), 10)"
2024-07-26 03:23:06,427	[INFO]	~~~~ END ~~~~
2024-07-26 03:23:06,427	[INFO]	
2024-07-26 03:23:06,427	[INFO]	==== REPORT ====
2024-07-26 03:23:06,428	[INFO]	Termination: time budget
2024-07-26 03:23:06,428	[INFO]	Retries: 3
2024-07-26 03:23:06,428	[INFO]	Log file: /home/dbouras/magpie/_magpie_logs/lpg_1721958625.log
2024-07-26 03:23:06,428	[INFO]	Patch file: _magpie_logs/lpg_1721958625.patch
2024-07-26 03:23:06,428	[INFO]	Diff file: _magpie_logs/lpg_1721958625.diff
2024-07-26 03:23:06,428	[INFO]	Reference fitness: 39.666667
2024-07-26 03:23:06,428	[INFO]	Best fitness: 21.333333
2024-07-26 03:23:06,428	[INFO]	
2024-07-26 03:23:06,430	[INFO]	==== BEST PATCH ====
ParamSetting(('lpg.params', 'param', 'repeats'), 10)
2024-07-26 03:23:06,430	[INFO]	
2024-07-26 03:23:06,430	[INFO]	==== DIFF ====
[1m--- before: lpg.params[0m
[1m+++ after: lpg.params[0m
[36m@@ -1,6 +1,6 @@[0m
 search_steps := 500
 restarts := 9
[31m-repeats := 5[0m
[32m+repeats := 10[0m
 noise := 0.1
 static_noise := 'None'
 lowmemory := 'None'

