2024-06-20 20:00:58,551	[DEBUG]	==== CONFIG ====
[magpie]
import = 
seed = 5610572249184232
log_dir = _magpie_logs
work_dir = _magpie_work
local_original_copy = True
local_original_name = __original__
output_encoding = ascii
edit_retries = 10
default_timeout = 30
default_lengthout = 1e6
diff_method = unified
trust_local_filesystem = True

[magpie.log]
color_output = True
format_info = {counter:<7} {status:<20} {best}{fitness} ({ratio}) [{size}] {cached} {log}
format_debug = patch({counter})="{patch}"{diffifbest}
format_fitness = {:.6f}
format_ratio = {:.2%%}
format_patchif = 
	 --> {patch}
format_diffif = 
	{diff}

[software]
path = examples/sat4j
target_files = test.params
software = BasicSoftware
model_rules = 
	*.params : ParamFileConfigModel
	*.xml : SrcmlModel
	* : LineModel
model_config = 
	*.params : [paramconfig]
	*.xml : [srcml]
init_cmd = 
init_timeout = 60
init_lengthout = -1
setup_cmd = ant sat
setup_timeout = 
setup_lengthout = 
compile_cmd = 
compile_timeout = 
compile_lengthout = 
test_cmd = bash test.sh
test_timeout = 
test_lengthout = 
run_cmd = ./run_rapl_energy.sh "bash run_fixed.sh"
run_timeout = 
run_lengthout = 
retries = 2
batch_timeout = 
batch_lengthout = 
batch_bin_fitness_strategy = aggregate
batch_fitness_strategy = sum
fitness = energy

[srcml]
rename = 
	stmt: break continue decl_stmt do expr_stmt for goto if return switch while
	number: literal_number
focus = block stmt operator_comp operator_arith number
internodes = block
process_pseudo_blocks = True
process_literals = True
process_operators = True

[paramconfig]
timing = test run
cli_prefix = --
cli_glue = =
cli_boolean = show
cli_boolean_prefix_true = 
cli_boolean_prefix_false = no-
cli_none = hide
silent_prefix = @
silent_suffix = $

[search]
protocol = BasicProtocol
algorithm = FirstImprovement
possible_edits = ParamSetting
warmup = 3
warmup_strategy = last
max_steps = 1000
max_time = 1000
target_fitness = 
cache_maxsize = 100
cache_keep = 0.2
batch_instances = 
batch_shuffle = True
batch_bin_shuffle = False
batch_sample_size = 1

[search.ls]
delete_prob = 0.5
max_neighbours = 
when_trapped = continue
accept_fail = False
tabu_length = 10

[search.gp]
pop_size = 10
delete_prob = 0.5
offspring_elitism = 0.1
offspring_crossover = 0.5
offspring_mutation = 0.4
uniform_rate = 0.5
batch_reset = True

[search.minify]
do_cleanup = True
do_rebuild = True
do_simplify = True
round_robin_limit = 3


2024-06-20 20:00:58,551	[DEBUG]	
2024-06-20 20:00:58,552	[INFO]	==== SEARCH: FirstImprovement ====
2024-06-20 20:00:58,552	[INFO]	~~~~ WARMUP ~~~~
2024-06-20 20:01:42,315	[DEBUG]	EXEC>  SUCCESS 96196235.5
2024-06-20 20:01:42,316	[INFO]	WARM    SUCCESS               96196235.500000 (--) [0 edit(s)]  
2024-06-20 20:02:18,062	[DEBUG]	EXEC>  SUCCESS 95863389.5
2024-06-20 20:02:18,063	[INFO]	WARM    SUCCESS               95863389.500000 (--) [0 edit(s)]  
2024-06-20 20:02:53,608	[DEBUG]	EXEC>  SUCCESS 97075614.5
2024-06-20 20:02:53,609	[INFO]	WARM    SUCCESS               97075614.500000 (--) [0 edit(s)]  
2024-06-20 20:02:53,609	[INFO]	REF     SUCCESS               97075614.500000 (--) [0 edit(s)]  
2024-06-20 20:02:53,609	[INFO]	
2024-06-20 20:02:53,609	[INFO]	~~~~ START ~~~~
2024-06-20 20:03:29,032	[DEBUG]	EXEC>  SUCCESS 96072340.0
2024-06-20 20:03:29,032	[INFO]	1       SUCCESS              *96072340.000000 (98.97%) [1 edit(s)]  
2024-06-20 20:03:29,032	[DEBUG]	patch(1)="ParamSetting(('test.params', 'param', 'INITCONFLICTBOUND'), 7)"
--- before: test.params
+++ after: test.params
@@ -3,7 +3,7 @@
 FIXEDPERIOD := 100
 PHASE := 'RSATPhaseSelectionStrategy'
 CLADECAY := 0.999
-INITCONFLICTBOUND := 100
+INITCONFLICTBOUND := 7
 VARDECAY := 0.95
 CONFLICTBOUNDINCFACTOR := 2.0
 SIMP := 'EXPENSIVE_SIMPLIFICATION'

2024-06-20 20:04:04,337	[DEBUG]	EXEC>  SUCCESS 96508383.5
2024-06-20 20:04:04,337	[INFO]	2       SUCCESS               96508383.500000 (99.42%) [2 edit(s)]  
2024-06-20 20:04:04,337	[DEBUG]	patch(2)="ParamSetting(('test.params', 'param', 'INITCONFLICTBOUND'), 7) | ParamSetting(('test.params', 'param', 'VARDECAY'), 0.7009944154524552)"
2024-06-20 20:04:39,871	[DEBUG]	EXEC>  SUCCESS 97130902.0
2024-06-20 20:04:39,872	[INFO]	3       SUCCESS               97130902.000000 (100.06%) [2 edit(s)]  
2024-06-20 20:04:39,872	[DEBUG]	patch(3)="ParamSetting(('test.params', 'param', 'INITCONFLICTBOUND'), 7) | ParamSetting(('test.params', 'param', 'LUBYFACTOR'), 82)"
2024-06-20 20:04:39,873	[INFO]	4       SUCCESS               97075614.500000 (100.00%) [0 edit(s)] [cached] 
2024-06-20 20:04:39,873	[DEBUG]	patch(4)=""
2024-06-20 20:05:15,320	[DEBUG]	EXEC>  SUCCESS 96963713.0
2024-06-20 20:05:15,320	[INFO]	5       SUCCESS               96963713.000000 (99.88%) [2 edit(s)]  
2024-06-20 20:05:15,320	[DEBUG]	patch(5)="ParamSetting(('test.params', 'param', 'INITCONFLICTBOUND'), 7) | ParamSetting(('test.params', 'param', 'CLADECAY'), 0.8822077636391685)"
2024-06-20 20:05:51,047	[DEBUG]	EXEC>  SUCCESS 98702750.5
2024-06-20 20:05:51,047	[INFO]	6       SUCCESS               98702750.500000 (101.68%) [2 edit(s)]  
2024-06-20 20:05:51,047	[DEBUG]	patch(6)="ParamSetting(('test.params', 'param', 'INITCONFLICTBOUND'), 7) | ParamSetting(('test.params', 'param', 'PHASE'), 'PhaseCachingAutoEraseStrategy')"
2024-06-20 20:06:26,745	[DEBUG]	EXEC>  SUCCESS 98069437.0
2024-06-20 20:06:26,745	[INFO]	7       SUCCESS               98069437.000000 (101.02%) [2 edit(s)]  
2024-06-20 20:06:26,745	[DEBUG]	patch(7)="ParamSetting(('test.params', 'param', 'INITCONFLICTBOUND'), 7) | ParamSetting(('test.params', 'param', 'RESTARTS'), 'MiniSATRestarts')"
2024-06-20 20:07:02,261	[DEBUG]	EXEC>  SUCCESS 97728886.5
2024-06-20 20:07:02,261	[INFO]	8       SUCCESS               97728886.500000 (100.67%) [2 edit(s)]  
2024-06-20 20:07:02,261	[DEBUG]	patch(8)="ParamSetting(('test.params', 'param', 'INITCONFLICTBOUND'), 7) | ParamSetting(('test.params', 'param', 'PHASE'), 'NegativeLiteralSelectionStrategy')"
2024-06-20 20:07:37,377	[DEBUG]	EXEC>  SUCCESS 95931791.5
2024-06-20 20:07:37,377	[INFO]	9       SUCCESS              *95931791.500000 (98.82%) [2 edit(s)]  
2024-06-20 20:07:37,377	[DEBUG]	patch(9)="ParamSetting(('test.params', 'param', 'INITCONFLICTBOUND'), 7) | ParamSetting(('test.params', 'param', 'FIXEDPERIOD'), 20066)"
--- before: test.params
+++ after: test.params
@@ -1,9 +1,9 @@
 RESTARTS := 'Glucose21Restarts'
 LUBYFACTOR := 512
-FIXEDPERIOD := 100
+FIXEDPERIOD := 20066
 PHASE := 'RSATPhaseSelectionStrategy'
 CLADECAY := 0.999
-INITCONFLICTBOUND := 100
+INITCONFLICTBOUND := 7
 VARDECAY := 0.95
 CONFLICTBOUNDINCFACTOR := 2.0
 SIMP := 'EXPENSIVE_SIMPLIFICATION'

2024-06-20 20:08:12,646	[DEBUG]	EXEC>  SUCCESS 96504744.5
2024-06-20 20:08:12,646	[INFO]	10      SUCCESS               96504744.500000 (99.41%) [3 edit(s)]  
2024-06-20 20:08:12,646	[DEBUG]	patch(10)="ParamSetting(('test.params', 'param', 'INITCONFLICTBOUND'), 7) | ParamSetting(('test.params', 'param', 'FIXEDPERIOD'), 20066) | ParamSetting(('test.params', 'param', 'LUBYFACTOR'), 177)"
2024-06-20 20:08:12,647	[INFO]	11      SUCCESS               96072340.000000 (98.97%) [1 edit(s)] [cached] 
2024-06-20 20:08:12,647	[DEBUG]	patch(11)="ParamSetting(('test.params', 'param', 'INITCONFLICTBOUND'), 7)"
2024-06-20 20:08:48,056	[DEBUG]	EXEC>  SUCCESS 97215400.5
2024-06-20 20:08:48,056	[INFO]	12      SUCCESS               97215400.500000 (100.14%) [1 edit(s)]  
2024-06-20 20:08:48,056	[DEBUG]	patch(12)="ParamSetting(('test.params', 'param', 'FIXEDPERIOD'), 20066)"
2024-06-20 20:09:23,312	[DEBUG]	EXEC>  SUCCESS 96500357.0
2024-06-20 20:09:23,312	[INFO]	13      SUCCESS               96500357.000000 (99.41%) [3 edit(s)]  
2024-06-20 20:09:23,312	[DEBUG]	patch(13)="ParamSetting(('test.params', 'param', 'INITCONFLICTBOUND'), 7) | ParamSetting(('test.params', 'param', 'FIXEDPERIOD'), 20066) | ParamSetting(('test.params', 'param', 'CLEANING'), 'ACTIVITY')"
2024-06-20 20:09:58,781	[DEBUG]	EXEC>  SUCCESS 97482004.0
2024-06-20 20:09:58,781	[INFO]	14      SUCCESS               97482004.000000 (100.42%) [3 edit(s)]  
2024-06-20 20:09:58,781	[DEBUG]	patch(14)="ParamSetting(('test.params', 'param', 'INITCONFLICTBOUND'), 7) | ParamSetting(('test.params', 'param', 'FIXEDPERIOD'), 20066) | ParamSetting(('test.params', 'param', 'FIXEDPERIOD'), 7316)"
2024-06-20 20:10:34,434	[DEBUG]	EXEC>  SUCCESS 97793260.0
2024-06-20 20:10:34,434	[INFO]	15      SUCCESS               97793260.000000 (100.74%) [3 edit(s)]  
2024-06-20 20:10:34,438	[DEBUG]	patch(15)="ParamSetting(('test.params', 'param', 'INITCONFLICTBOUND'), 7) | ParamSetting(('test.params', 'param', 'FIXEDPERIOD'), 20066) | ParamSetting(('test.params', 'param', 'VARDECAY'), 0.1848250705622445)"
2024-06-20 20:11:09,517	[DEBUG]	EXEC>  SUCCESS 96354056.5
2024-06-20 20:11:09,518	[INFO]	16      SUCCESS               96354056.500000 (99.26%) [3 edit(s)]  
2024-06-20 20:11:09,518	[DEBUG]	patch(16)="ParamSetting(('test.params', 'param', 'INITCONFLICTBOUND'), 7) | ParamSetting(('test.params', 'param', 'FIXEDPERIOD'), 20066) | ParamSetting(('test.params', 'param', 'VARDECAY'), 0.9743824987828811)"
2024-06-20 20:11:44,720	[DEBUG]	EXEC>  SUCCESS 97096792.5
2024-06-20 20:11:44,720	[INFO]	17      SUCCESS               97096792.500000 (100.02%) [3 edit(s)]  
2024-06-20 20:11:44,720	[DEBUG]	patch(17)="ParamSetting(('test.params', 'param', 'INITCONFLICTBOUND'), 7) | ParamSetting(('test.params', 'param', 'FIXEDPERIOD'), 20066) | ParamSetting(('test.params', 'param', 'FIXEDPERIOD'), 12100)"
2024-06-20 20:12:20,175	[DEBUG]	EXEC>  SUCCESS 98293943.0
2024-06-20 20:12:20,175	[INFO]	18      SUCCESS               98293943.000000 (101.26%) [3 edit(s)]  
2024-06-20 20:12:20,175	[DEBUG]	patch(18)="ParamSetting(('test.params', 'param', 'INITCONFLICTBOUND'), 7) | ParamSetting(('test.params', 'param', 'FIXEDPERIOD'), 20066) | ParamSetting(('test.params', 'param', 'SIMP'), 'SIMPLE_SIMPLIFICATION')"
2024-06-20 20:12:55,316	[DEBUG]	EXEC>  SUCCESS 97124326.5
2024-06-20 20:12:55,316	[INFO]	19      SUCCESS               97124326.500000 (100.05%) [3 edit(s)]  
2024-06-20 20:12:55,316	[DEBUG]	patch(19)="ParamSetting(('test.params', 'param', 'INITCONFLICTBOUND'), 7) | ParamSetting(('test.params', 'param', 'FIXEDPERIOD'), 20066) | ParamSetting(('test.params', 'param', 'VARDECAY'), 0.9507751491670288)"
2024-06-20 20:13:30,559	[DEBUG]	EXEC>  SUCCESS 97687575.0
2024-06-20 20:13:30,560	[INFO]	20      SUCCESS               97687575.000000 (100.63%) [3 edit(s)]  
2024-06-20 20:13:30,560	[DEBUG]	patch(20)="ParamSetting(('test.params', 'param', 'INITCONFLICTBOUND'), 7) | ParamSetting(('test.params', 'param', 'FIXEDPERIOD'), 20066) | ParamSetting(('test.params', 'param', 'CLADECAY'), 0.4560282251939666)"
2024-06-20 20:14:05,720	[DEBUG]	EXEC>  SUCCESS 97607371.0
2024-06-20 20:14:05,720	[INFO]	21      SUCCESS               97607371.000000 (100.55%) [3 edit(s)]  
2024-06-20 20:14:05,724	[DEBUG]	patch(21)="ParamSetting(('test.params', 'param', 'INITCONFLICTBOUND'), 7) | ParamSetting(('test.params', 'param', 'FIXEDPERIOD'), 20066) | ParamSetting(('test.params', 'param', 'SIMP'), 'NO_SIMPLIFICATION')"
2024-06-20 20:14:41,086	[DEBUG]	EXEC>  SUCCESS 97790170.0
2024-06-20 20:14:41,087	[INFO]	22      SUCCESS               97790170.000000 (100.74%) [3 edit(s)]  
2024-06-20 20:14:41,087	[DEBUG]	patch(22)="ParamSetting(('test.params', 'param', 'INITCONFLICTBOUND'), 7) | ParamSetting(('test.params', 'param', 'FIXEDPERIOD'), 20066) | ParamSetting(('test.params', 'param', 'FIXEDPERIOD'), 11808)"
2024-06-20 20:15:16,332	[DEBUG]	EXEC>  SUCCESS 97956436.5
2024-06-20 20:15:16,333	[INFO]	23      SUCCESS               97956436.500000 (100.91%) [3 edit(s)]  
2024-06-20 20:15:16,333	[DEBUG]	patch(23)="ParamSetting(('test.params', 'param', 'INITCONFLICTBOUND'), 7) | ParamSetting(('test.params', 'param', 'FIXEDPERIOD'), 20066) | ParamSetting(('test.params', 'param', 'FIXEDPERIOD'), 13575)"
2024-06-20 20:15:51,345	[DEBUG]	EXEC>  SUCCESS 96867091.5
2024-06-20 20:15:51,345	[INFO]	24      SUCCESS               96867091.500000 (99.79%) [3 edit(s)]  
2024-06-20 20:15:51,345	[DEBUG]	patch(24)="ParamSetting(('test.params', 'param', 'INITCONFLICTBOUND'), 7) | ParamSetting(('test.params', 'param', 'FIXEDPERIOD'), 20066) | ParamSetting(('test.params', 'param', 'LUBYFACTOR'), 166)"
2024-06-20 20:16:26,421	[DEBUG]	EXEC>  SUCCESS 97372284.0
2024-06-20 20:16:26,421	[INFO]	25      SUCCESS               97372284.000000 (100.31%) [3 edit(s)]  
2024-06-20 20:16:26,422	[DEBUG]	patch(25)="ParamSetting(('test.params', 'param', 'INITCONFLICTBOUND'), 7) | ParamSetting(('test.params', 'param', 'FIXEDPERIOD'), 20066) | ParamSetting(('test.params', 'param', 'VARDECAY'), 0.13783446474135552)"
2024-06-20 20:16:26,423	[INFO]	26      SUCCESS              +95931791.500000 (98.82%) [3 edit(s)] [cached] 
2024-06-20 20:16:26,423	[DEBUG]	patch(26)="ParamSetting(('test.params', 'param', 'INITCONFLICTBOUND'), 7) | ParamSetting(('test.params', 'param', 'FIXEDPERIOD'), 20066) | ParamSetting(('test.params', 'param', 'RESTARTS'), 'Glucose21Restarts')"
2024-06-20 20:16:26,427	[INFO]	27      SUCCESS               96072340.000000 (98.97%) [2 edit(s)] [cached] 
2024-06-20 20:16:26,428	[DEBUG]	patch(27)="ParamSetting(('test.params', 'param', 'INITCONFLICTBOUND'), 7) | ParamSetting(('test.params', 'param', 'RESTARTS'), 'Glucose21Restarts')"
2024-06-20 20:17:01,725	[DEBUG]	EXEC>  SUCCESS 97752543.5
2024-06-20 20:17:01,725	[INFO]	28      SUCCESS               97752543.500000 (100.70%) [4 edit(s)]  
2024-06-20 20:17:01,725	[DEBUG]	patch(28)="ParamSetting(('test.params', 'param', 'INITCONFLICTBOUND'), 7) | ParamSetting(('test.params', 'param', 'FIXEDPERIOD'), 20066) | ParamSetting(('test.params', 'param', 'RESTARTS'), 'Glucose21Restarts') | ParamSetting(('test.params', 'param', 'CLEANING'), 'LBD')"
2024-06-20 20:17:36,713	[DEBUG]	EXEC>  SUCCESS 96916222.0
2024-06-20 20:17:36,713	[INFO]	29      SUCCESS               96916222.000000 (99.84%) [4 edit(s)]  
2024-06-20 20:17:36,713	[DEBUG]	patch(29)="ParamSetting(('test.params', 'param', 'INITCONFLICTBOUND'), 7) | ParamSetting(('test.params', 'param', 'FIXEDPERIOD'), 20066) | ParamSetting(('test.params', 'param', 'RESTARTS'), 'Glucose21Restarts') | ParamSetting(('test.params', 'param', 'PHASE'), 'UserFixedPhaseSelectionStrategy')"
2024-06-20 20:18:11,773	[DEBUG]	EXEC>  SUCCESS 97180277.5
2024-06-20 20:18:11,774	[INFO]	30      SUCCESS               97180277.500000 (100.11%) [4 edit(s)]  
2024-06-20 20:18:11,774	[DEBUG]	patch(30)="ParamSetting(('test.params', 'param', 'INITCONFLICTBOUND'), 7) | ParamSetting(('test.params', 'param', 'FIXEDPERIOD'), 20066) | ParamSetting(('test.params', 'param', 'RESTARTS'), 'Glucose21Restarts') | ParamSetting(('test.params', 'param', 'VARDECAY'), 0.19791325394163295)"
2024-06-20 20:18:11,775	[INFO]	31      SUCCESS               97215400.500000 (100.14%) [2 edit(s)] [cached] 
2024-06-20 20:18:11,775	[DEBUG]	patch(31)="ParamSetting(('test.params', 'param', 'FIXEDPERIOD'), 20066) | ParamSetting(('test.params', 'param', 'RESTARTS'), 'Glucose21Restarts')"
2024-06-20 20:18:47,052	[DEBUG]	EXEC>  SUCCESS 98009626.0
2024-06-20 20:18:47,053	[INFO]	32      SUCCESS               98009626.000000 (100.96%) [4 edit(s)]  
2024-06-20 20:18:47,053	[DEBUG]	patch(32)="ParamSetting(('test.params', 'param', 'INITCONFLICTBOUND'), 7) | ParamSetting(('test.params', 'param', 'FIXEDPERIOD'), 20066) | ParamSetting(('test.params', 'param', 'RESTARTS'), 'Glucose21Restarts') | ParamSetting(('test.params', 'param', 'INITCONFLICTBOUND'), 20)"
2024-06-20 20:19:22,581	[DEBUG]	EXEC>  SUCCESS 99199787.5
2024-06-20 20:19:22,582	[INFO]	33      SUCCESS               99199787.500000 (102.19%) [4 edit(s)]  
2024-06-20 20:19:22,582	[DEBUG]	patch(33)="ParamSetting(('test.params', 'param', 'INITCONFLICTBOUND'), 7) | ParamSetting(('test.params', 'param', 'FIXEDPERIOD'), 20066) | ParamSetting(('test.params', 'param', 'RESTARTS'), 'Glucose21Restarts') | ParamSetting(('test.params', 'param', 'VARDECAY'), 0.15184970538244214)"
2024-06-20 20:19:57,931	[DEBUG]	EXEC>  SUCCESS 97965278.5
2024-06-20 20:19:57,931	[INFO]	34      SUCCESS               97965278.500000 (100.92%) [4 edit(s)]  
2024-06-20 20:19:57,935	[DEBUG]	patch(34)="ParamSetting(('test.params', 'param', 'INITCONFLICTBOUND'), 7) | ParamSetting(('test.params', 'param', 'FIXEDPERIOD'), 20066) | ParamSetting(('test.params', 'param', 'RESTARTS'), 'Glucose21Restarts') | ParamSetting(('test.params', 'param', 'PHASE'), 'PhaseInLastLearnedClauseSelectionStrategy')"
2024-06-20 20:19:57,937	[INFO]	~~~~ END ~~~~
2024-06-20 20:19:57,937	[INFO]	
2024-06-20 20:19:57,937	[INFO]	==== REPORT ====
2024-06-20 20:19:57,937	[INFO]	Termination: time budget
2024-06-20 20:19:57,937	[INFO]	Retries: 2
2024-06-20 20:19:57,937	[INFO]	Log file: /home/jim/magpie/_magpie_logs/sat4j_1718910058.log
2024-06-20 20:19:57,937	[INFO]	Patch file: _magpie_logs/sat4j_1718910058.patch
2024-06-20 20:19:57,937	[INFO]	Diff file: _magpie_logs/sat4j_1718910058.diff
2024-06-20 20:19:57,937	[INFO]	Reference fitness: 97075614.500000
2024-06-20 20:19:57,937	[INFO]	Best fitness: 95931791.500000
2024-06-20 20:19:57,937	[INFO]	
2024-06-20 20:19:57,939	[INFO]	==== BEST PATCH ====
ParamSetting(('test.params', 'param', 'INITCONFLICTBOUND'), 7) | ParamSetting(('test.params', 'param', 'FIXEDPERIOD'), 20066)
2024-06-20 20:19:57,939	[INFO]	
2024-06-20 20:19:57,939	[INFO]	==== DIFF ====
[1m--- before: test.params[0m
[1m+++ after: test.params[0m
[36m@@ -1,9 +1,9 @@[0m
 RESTARTS := 'Glucose21Restarts'
 LUBYFACTOR := 512
[31m-FIXEDPERIOD := 100[0m
[32m+FIXEDPERIOD := 20066[0m
 PHASE := 'RSATPhaseSelectionStrategy'
 CLADECAY := 0.999
[31m-INITCONFLICTBOUND := 100[0m
[32m+INITCONFLICTBOUND := 7[0m
 VARDECAY := 0.95
 CONFLICTBOUNDINCFACTOR := 2.0
 SIMP := 'EXPENSIVE_SIMPLIFICATION'

