2024-06-12 16:58:58,650	[DEBUG]	==== CONFIG ====
[magpie]
import = 
seed = 5152449976437885
log_dir = _magpie_logs
work_dir = _magpie_work
local_original_copy = True
local_original_name = __original__
output_encoding = ascii
edit_retries = 10
default_timeout = 100
default_lengthout = 1e6
diff_method = unified
trust_local_filesystem = True
run_timeout = 100

[magpie.log]
color_output = True
format_info = {counter:<7} {status:<20} {best}{fitness} ({ratio}) [{size}] {cached} {log}
format_debug = patch({counter})="{patch}"{diffifbest}
format_fitness = {:.6f}
format_ratio = {:.2%%}
format_patchif = 
	 --> {patch}
format_diffif = 
	{diff}

[software]
path = examples/minisat
target_files = 
	core/Solver.cc.xml
software = BasicSoftware
model_rules = 
	*.params : ParamFileConfigModel
	*.xml : SrcmlModel
	* : LineModel
model_config = 
	*.params : [paramconfig]
	*.xml : [srcml]
init_cmd = bash init.sh
init_timeout = 60
init_lengthout = -1
setup_cmd = bash compile.sh
setup_timeout = 
setup_lengthout = 
compile_cmd = bash compile.sh
compile_timeout = 
compile_lengthout = 
test_cmd = bash test.sh
test_timeout = 
test_lengthout = 
run_cmd = ./run_custom.sh "bash run_fixed.sh"
run_timeout = 
run_lengthout = 
retries = 1
batch_timeout = 
batch_lengthout = 
batch_bin_fitness_strategy = aggregate
batch_fitness_strategy = sum
fitness = weights

[srcml]
rename = 
	stmt: break continue decl_stmt do expr_stmt for goto if return switch while
	number: literal_number
focus = block stmt operator_comp operator_arith number
internodes = block
process_pseudo_blocks = True
process_literals = True
process_operators = True

[paramconfig]
timing = test run
cli_prefix = --
cli_glue = =
cli_boolean = show
cli_boolean_prefix_true = 
cli_boolean_prefix_false = no-
cli_none = hide
silent_prefix = @
silent_suffix = $

[search]
protocol = BasicProtocol
algorithm = FirstImprovement
possible_edits = 
	SrcmlStmtReplacement
	SrcmlStmtInsertion
	SrcmlStmtDeletion
warmup = 3
warmup_strategy = last
max_steps = 10000
max_time = 80
target_fitness = 
cache_maxsize = 100
cache_keep = 0.2
batch_instances = 
batch_shuffle = True
batch_bin_shuffle = False
batch_sample_size = 1

[search.ls]
delete_prob = 0.5
max_neighbours = 
when_trapped = continue
accept_fail = False
tabu_length = 10

[search.gp]
pop_size = 10
delete_prob = 0.5
offspring_elitism = 0.1
offspring_crossover = 0.5
offspring_mutation = 0.4
uniform_rate = 0.5
batch_reset = True

[search.minify]
do_cleanup = True
do_rebuild = True
do_simplify = True
round_robin_limit = 3


2024-06-12 16:58:58,650	[DEBUG]	
2024-06-12 16:58:58,650	[INFO]	==== SEARCH: FirstImprovement ====
2024-06-12 16:58:58,650	[INFO]	~~~~ WARMUP ~~~~
2024-06-12 16:59:19,620	[DEBUG]	EXEC>  SUCCESS 27667831300.597
2024-06-12 16:59:19,620	[INFO]	WARM    SUCCESS               27667831300.597000 (--) [0 edit(s)]  
2024-06-12 16:59:37,281	[DEBUG]	EXEC>  SUCCESS 27576594599.279
2024-06-12 16:59:37,281	[INFO]	WARM    SUCCESS               27576594599.278999 (--) [0 edit(s)]  
2024-06-12 16:59:54,543	[DEBUG]	EXEC>  SUCCESS 27725919857.043
2024-06-12 16:59:54,543	[INFO]	WARM    SUCCESS               27725919857.042999 (--) [0 edit(s)]  
2024-06-12 16:59:54,543	[INFO]	REF     SUCCESS               27725919857.042999 (--) [0 edit(s)]  
2024-06-12 16:59:54,543	[INFO]	
2024-06-12 16:59:54,543	[INFO]	~~~~ START ~~~~
2024-06-12 16:59:54,766	[INFO]	1       COMPILE_CODE_ERROR    None (--) [1 edit(s)]  
2024-06-12 16:59:54,766	[DEBUG]	patch(1)="SrcmlStmtInsertion(('core/Solver.cc.xml', '_inter_block', 408), ('core/Solver.cc.xml', 'stmt', 246))"
2024-06-12 16:59:55,027	[INFO]	2       COMPILE_CODE_ERROR    None (--) [1 edit(s)]  
2024-06-12 16:59:55,027	[DEBUG]	patch(2)="SrcmlStmtInsertion(('core/Solver.cc.xml', '_inter_block', 102), ('core/Solver.cc.xml', 'stmt', 401))"
2024-06-12 16:59:55,293	[INFO]	3       COMPILE_CODE_ERROR    None (--) [1 edit(s)]  
2024-06-12 16:59:55,293	[DEBUG]	patch(3)="SrcmlStmtInsertion(('core/Solver.cc.xml', '_inter_block', 248), ('core/Solver.cc.xml', 'stmt', 53))"
2024-06-12 17:00:10,285	[DEBUG]	EXEC>  SUCCESS 18050927973.155
2024-06-12 17:00:10,285	[INFO]	4       SUCCESS              *18050927973.154999 (65.10%) [1 edit(s)]  
2024-06-12 17:00:10,285	[DEBUG]	patch(4)="SrcmlStmtDeletion(('core/Solver.cc.xml', 'stmt', 294))"
--- before: core/Solver.cc
+++ after: core/Solver.cc
@@ -745,19 +745,7 @@
             varDecayActivity();
             claDecayActivity();
 
-            if (--learntsize_adjust_cnt == 0){
-                learntsize_adjust_confl *= learntsize_adjust_inc;
-                learntsize_adjust_cnt    = (int)learntsize_adjust_confl;
-                max_learnts             *= learntsize_inc;
-
-                if (verbosity >= 1)
-                    /*auto*/{
-                        printf("| %9d | %7d %8d %8d | %8d %8d %6.0f | %6.3f %% |\n", 
-                           (int)conflicts, 
-                           (int)dec_vars - (trail_lim.size() == 0 ? trail.size() : trail_lim[0]), nClauses(), (int)clauses_literals, 
-                           (int)max_learnts, nLearnts(), (double)learnts_literals/nLearnts(), progressEstimate()*100);
-                    }/*auto*/
-            }
+            
 
         }else{
             // NO CONFLICT

2024-06-12 17:00:10,509	[INFO]	5       COMPILE_CODE_ERROR    None (--) [2 edit(s)]  
2024-06-12 17:00:10,509	[DEBUG]	patch(5)="SrcmlStmtDeletion(('core/Solver.cc.xml', 'stmt', 294)) | SrcmlStmtReplacement(('core/Solver.cc.xml', 'stmt', 129), ('core/Solver.cc.xml', 'stmt', 338))"
2024-06-12 17:00:10,765	[INFO]	6       COMPILE_CODE_ERROR    None (--) [2 edit(s)]  
2024-06-12 17:00:10,765	[DEBUG]	patch(6)="SrcmlStmtDeletion(('core/Solver.cc.xml', 'stmt', 294)) | SrcmlStmtInsertion(('core/Solver.cc.xml', '_inter_block', 373), ('core/Solver.cc.xml', 'stmt', 392))"
2024-06-12 17:00:10,771	[INFO]	7       SUCCESS               27725919857.042999 (100.00%) [0 edit(s)] [cached] 
2024-06-12 17:00:10,771	[DEBUG]	patch(7)=""
2024-06-12 17:00:25,152	[DEBUG]	EXEC>  SUCCESS 18129678192.809
2024-06-12 17:00:25,152	[INFO]	8       SUCCESS               18129678192.808998 (65.39%) [2 edit(s)]  
2024-06-12 17:00:25,152	[DEBUG]	patch(8)="SrcmlStmtDeletion(('core/Solver.cc.xml', 'stmt', 294)) | SrcmlStmtDeletion(('core/Solver.cc.xml', 'stmt', 391))"
2024-06-12 17:00:39,576	[DEBUG]	EXEC>  SUCCESS 18103534557.695
2024-06-12 17:00:39,576	[INFO]	9       SUCCESS               18103534557.695000 (65.29%) [2 edit(s)]  
2024-06-12 17:00:39,576	[DEBUG]	patch(9)="SrcmlStmtDeletion(('core/Solver.cc.xml', 'stmt', 294)) | SrcmlStmtDeletion(('core/Solver.cc.xml', 'stmt', 49))"
2024-06-12 17:00:54,667	[DEBUG]	EXEC>  SUCCESS 18430160960.598
2024-06-12 17:00:54,667	[INFO]	10      SUCCESS               18430160960.598000 (66.47%) [2 edit(s)]  
2024-06-12 17:00:54,667	[DEBUG]	patch(10)="SrcmlStmtDeletion(('core/Solver.cc.xml', 'stmt', 294)) | SrcmlStmtReplacement(('core/Solver.cc.xml', 'stmt', 174), ('core/Solver.cc.xml', 'stmt', 116))"
2024-06-12 17:00:54,880	[INFO]	11      COMPILE_CODE_ERROR    None (--) [2 edit(s)]  
2024-06-12 17:00:54,881	[DEBUG]	patch(11)="SrcmlStmtDeletion(('core/Solver.cc.xml', 'stmt', 294)) | SrcmlStmtInsertion(('core/Solver.cc.xml', '_inter_block', 253), ('core/Solver.cc.xml', 'stmt', 63))"
2024-06-12 17:01:09,648	[DEBUG]	EXEC>  SUCCESS 16608150053.154
2024-06-12 17:01:09,648	[INFO]	12      SUCCESS              *16608150053.153999 (59.90%) [2 edit(s)]  
2024-06-12 17:01:09,648	[DEBUG]	patch(12)="SrcmlStmtDeletion(('core/Solver.cc.xml', 'stmt', 294)) | SrcmlStmtDeletion(('core/Solver.cc.xml', 'stmt', 198))"
--- before: core/Solver.cc
+++ after: core/Solver.cc
@@ -530,7 +530,7 @@
         Lit            p   = trail[qhead++];     // 'p' is enqueued fact to propagate.
         vec<Watcher>&  ws  = watches[p];
         Watcher        *i, *j, *end;
-        num_props++;
+        
 
         for (i = j = (Watcher*)ws, end = i + ws.size();  i != end;){
             // Try to avoid inspecting the clause:
@@ -745,19 +745,7 @@
             varDecayActivity();
             claDecayActivity();
 
-            if (--learntsize_adjust_cnt == 0){
-                learntsize_adjust_confl *= learntsize_adjust_inc;
-                learntsize_adjust_cnt    = (int)learntsize_adjust_confl;
-                max_learnts             *= learntsize_inc;
-
-                if (verbosity >= 1)
-                    /*auto*/{
-                        printf("| %9d | %7d %8d %8d | %8d %8d %6.0f | %6.3f %% |\n", 
-                           (int)conflicts, 
-                           (int)dec_vars - (trail_lim.size() == 0 ? trail.size() : trail_lim[0]), nClauses(), (int)clauses_literals, 
-                           (int)max_learnts, nLearnts(), (double)learnts_literals/nLearnts(), progressEstimate()*100);
-                    }/*auto*/
-            }
+            
 
         }else{
             // NO CONFLICT

2024-06-12 17:01:09,862	[INFO]	13      COMPILE_CODE_ERROR    None (--) [3 edit(s)]  
2024-06-12 17:01:09,862	[DEBUG]	patch(13)="SrcmlStmtDeletion(('core/Solver.cc.xml', 'stmt', 294)) | SrcmlStmtDeletion(('core/Solver.cc.xml', 'stmt', 198)) | SrcmlStmtReplacement(('core/Solver.cc.xml', 'stmt', 364), ('core/Solver.cc.xml', 'stmt', 67))"
2024-06-12 17:01:09,866	[INFO]	14      SUCCESS              +16608150053.153999 (59.90%) [3 edit(s)] [cached] 
2024-06-12 17:01:09,866	[DEBUG]	patch(14)="SrcmlStmtDeletion(('core/Solver.cc.xml', 'stmt', 294)) | SrcmlStmtDeletion(('core/Solver.cc.xml', 'stmt', 198)) | SrcmlStmtInsertion(('core/Solver.cc.xml', '_inter_block', 391), ('core/Solver.cc.xml', 'stmt', 187))"
2024-06-12 17:01:09,869	[INFO]	15      SUCCESS               18050927973.154999 (65.10%) [2 edit(s)] [cached] 
2024-06-12 17:01:09,869	[DEBUG]	patch(15)="SrcmlStmtDeletion(('core/Solver.cc.xml', 'stmt', 294)) | SrcmlStmtInsertion(('core/Solver.cc.xml', '_inter_block', 391), ('core/Solver.cc.xml', 'stmt', 187))"
2024-06-12 17:01:10,076	[INFO]	16      COMPILE_CODE_ERROR    None (--) [2 edit(s)]  
2024-06-12 17:01:10,076	[DEBUG]	patch(16)="SrcmlStmtDeletion(('core/Solver.cc.xml', 'stmt', 198)) | SrcmlStmtInsertion(('core/Solver.cc.xml', '_inter_block', 391), ('core/Solver.cc.xml', 'stmt', 187))"
2024-06-12 17:01:10,315	[INFO]	17      COMPILE_CODE_ERROR    None (--) [4 edit(s)]  
2024-06-12 17:01:10,315	[DEBUG]	patch(17)="SrcmlStmtDeletion(('core/Solver.cc.xml', 'stmt', 294)) | SrcmlStmtDeletion(('core/Solver.cc.xml', 'stmt', 198)) | SrcmlStmtInsertion(('core/Solver.cc.xml', '_inter_block', 391), ('core/Solver.cc.xml', 'stmt', 187)) | SrcmlStmtReplacement(('core/Solver.cc.xml', 'stmt', 69), ('core/Solver.cc.xml', 'stmt', 274))"
2024-06-12 17:01:10,567	[INFO]	18      COMPILE_CODE_ERROR    None (--) [4 edit(s)]  
2024-06-12 17:01:10,567	[DEBUG]	patch(18)="SrcmlStmtDeletion(('core/Solver.cc.xml', 'stmt', 294)) | SrcmlStmtDeletion(('core/Solver.cc.xml', 'stmt', 198)) | SrcmlStmtInsertion(('core/Solver.cc.xml', '_inter_block', 391), ('core/Solver.cc.xml', 'stmt', 187)) | SrcmlStmtReplacement(('core/Solver.cc.xml', 'stmt', 288), ('core/Solver.cc.xml', 'stmt', 181))"
2024-06-12 17:01:11,810	[INFO]	19      TEST_CODE_ERROR       None (--) [4 edit(s)]  
2024-06-12 17:01:11,811	[DEBUG]	patch(19)="SrcmlStmtDeletion(('core/Solver.cc.xml', 'stmt', 294)) | SrcmlStmtDeletion(('core/Solver.cc.xml', 'stmt', 198)) | SrcmlStmtInsertion(('core/Solver.cc.xml', '_inter_block', 391), ('core/Solver.cc.xml', 'stmt', 187)) | SrcmlStmtDeletion(('core/Solver.cc.xml', 'stmt', 117))"
2024-06-12 17:01:12,038	[INFO]	20      COMPILE_CODE_ERROR    None (--) [4 edit(s)]  
2024-06-12 17:01:12,038	[DEBUG]	patch(20)="SrcmlStmtDeletion(('core/Solver.cc.xml', 'stmt', 294)) | SrcmlStmtDeletion(('core/Solver.cc.xml', 'stmt', 198)) | SrcmlStmtInsertion(('core/Solver.cc.xml', '_inter_block', 391), ('core/Solver.cc.xml', 'stmt', 187)) | SrcmlStmtReplacement(('core/Solver.cc.xml', 'stmt', 96), ('core/Solver.cc.xml', 'stmt', 184))"
2024-06-12 17:01:12,046	[INFO]	21      SUCCESS              +16608150053.153999 (59.90%) [2 edit(s)] [cached] 
2024-06-12 17:01:12,046	[DEBUG]	patch(21)="SrcmlStmtDeletion(('core/Solver.cc.xml', 'stmt', 294)) | SrcmlStmtDeletion(('core/Solver.cc.xml', 'stmt', 198))"
2024-06-12 17:01:12,052	[INFO]	22      SUCCESS               18050927973.154999 (65.10%) [1 edit(s)] [cached] 
2024-06-12 17:01:12,053	[DEBUG]	patch(22)="SrcmlStmtDeletion(('core/Solver.cc.xml', 'stmt', 294))"
2024-06-12 17:01:12,309	[INFO]	23      COMPILE_CODE_ERROR    None (--) [3 edit(s)]  
2024-06-12 17:01:12,309	[DEBUG]	patch(23)="SrcmlStmtDeletion(('core/Solver.cc.xml', 'stmt', 294)) | SrcmlStmtDeletion(('core/Solver.cc.xml', 'stmt', 198)) | SrcmlStmtReplacement(('core/Solver.cc.xml', 'stmt', 138), ('core/Solver.cc.xml', 'stmt', 330))"
2024-06-12 17:01:30,605	[DEBUG]	EXEC>  SUCCESS 25306015767.281
2024-06-12 17:01:30,605	[INFO]	24      SUCCESS               25306015767.280998 (91.27%) [1 edit(s)]  
2024-06-12 17:01:30,605	[DEBUG]	patch(24)="SrcmlStmtDeletion(('core/Solver.cc.xml', 'stmt', 198))"
2024-06-12 17:01:30,608	[INFO]	~~~~ END ~~~~
2024-06-12 17:01:30,608	[INFO]	
2024-06-12 17:01:30,608	[INFO]	==== REPORT ====
2024-06-12 17:01:30,608	[INFO]	Termination: time budget
2024-06-12 17:01:30,608	[INFO]	Retries: 1
2024-06-12 17:01:30,608	[INFO]	Log file: /home/jim/magpie/_magpie_logs/minisat_1718207938.log
2024-06-12 17:01:30,608	[INFO]	Patch file: _magpie_logs/minisat_1718207938.patch
2024-06-12 17:01:30,608	[INFO]	Diff file: _magpie_logs/minisat_1718207938.diff
2024-06-12 17:01:30,608	[INFO]	Reference fitness: 27725919857.042999
2024-06-12 17:01:30,608	[INFO]	Best fitness: 16608150053.153999
2024-06-12 17:01:30,608	[INFO]	
2024-06-12 17:01:30,609	[INFO]	==== BEST PATCH ====
SrcmlStmtDeletion(('core/Solver.cc.xml', 'stmt', 294)) | SrcmlStmtDeletion(('core/Solver.cc.xml', 'stmt', 198))
2024-06-12 17:01:30,609	[INFO]	
2024-06-12 17:01:30,609	[INFO]	==== DIFF ====
[1m--- before: core/Solver.cc[0m
[1m+++ after: core/Solver.cc[0m
[36m@@ -530,7 +530,7 @@[0m
         Lit            p   = trail[qhead++];     // 'p' is enqueued fact to propagate.
         vec<Watcher>&  ws  = watches[p];
         Watcher        *i, *j, *end;
[31m-        num_props++;[0m
[32m+        [0m
 
         for (i = j = (Watcher*)ws, end = i + ws.size();  i != end;){
             // Try to avoid inspecting the clause:
[36m@@ -745,19 +745,7 @@[0m
             varDecayActivity();
             claDecayActivity();
 
[31m-            if (--learntsize_adjust_cnt == 0){[0m
[31m-                learntsize_adjust_confl *= learntsize_adjust_inc;[0m
[31m-                learntsize_adjust_cnt    = (int)learntsize_adjust_confl;[0m
[31m-                max_learnts             *= learntsize_inc;[0m
[31m-[0m
[31m-                if (verbosity >= 1)[0m
[31m-                    /*auto*/{[0m
[31m-                        printf("| %9d | %7d %8d %8d | %8d %8d %6.0f | %6.3f %% |\n", [0m
[31m-                           (int)conflicts, [0m
[31m-                           (int)dec_vars - (trail_lim.size() == 0 ? trail.size() : trail_lim[0]), nClauses(), (int)clauses_literals, [0m
[31m-                           (int)max_learnts, nLearnts(), (double)learnts_literals/nLearnts(), progressEstimate()*100);[0m
[31m-                    }/*auto*/[0m
[31m-            }[0m
[32m+            [0m
 
         }else{
             // NO CONFLICT

