2024-06-25 20:28:39,566	[DEBUG]	==== CONFIG ====
[magpie]
import = 
seed = 1171024384593724
log_dir = _magpie_logs
work_dir = _magpie_work
local_original_copy = True
local_original_name = __original__
output_encoding = ascii
edit_retries = 10
default_timeout = 30
default_lengthout = 1e6
diff_method = unified
trust_local_filesystem = True

[magpie.log]
color_output = True
format_info = {counter:<7} {status:<20} {best}{fitness} ({ratio}) [{size}] {cached} {log}
format_debug = patch({counter})="{patch}"{diffifbest}
format_fitness = {:.6f}
format_ratio = {:.2%%}
format_patchif = 
	 --> {patch}
format_diffif = 
	{diff}

[software]
path = examples/sat4j
target_files = test.params
software = BasicSoftware
model_rules = 
	*.params : ParamFileConfigModel
	*.xml : SrcmlModel
	* : LineModel
model_config = 
	*.params : [paramconfig]
	*.xml : [srcml]
init_cmd = 
init_timeout = 60
init_lengthout = -1
setup_cmd = ant sat
setup_timeout = 
setup_lengthout = 
compile_cmd = 
compile_timeout = 
compile_lengthout = 
test_cmd = bash test.sh
test_timeout = 
test_lengthout = 
run_cmd = perf stat  bash run_fixed.sh
run_timeout = 
run_lengthout = 
retries = 2
batch_timeout = 
batch_lengthout = 
batch_bin_fitness_strategy = aggregate
batch_fitness_strategy = sum
fitness = perf_time

[srcml]
rename = 
	stmt: break continue decl_stmt do expr_stmt for goto if return switch while
	number: literal_number
focus = block stmt operator_comp operator_arith number
internodes = block
process_pseudo_blocks = True
process_literals = True
process_operators = True

[paramconfig]
timing = test run
cli_prefix = --
cli_glue = =
cli_boolean = show
cli_boolean_prefix_true = 
cli_boolean_prefix_false = no-
cli_none = hide
silent_prefix = @
silent_suffix = $

[search]
protocol = BasicProtocol
algorithm = FirstImprovement
possible_edits = ParamSetting
warmup = 3
warmup_strategy = last
max_steps = 1000
max_time = 100
target_fitness = 
cache_maxsize = 100
cache_keep = 0.2
batch_instances = 
batch_shuffle = True
batch_bin_shuffle = False
batch_sample_size = 1

[search.ls]
delete_prob = 0.5
max_neighbours = 
when_trapped = continue
accept_fail = False
tabu_length = 10

[search.gp]
pop_size = 10
delete_prob = 0.5
offspring_elitism = 0.1
offspring_crossover = 0.5
offspring_mutation = 0.4
uniform_rate = 0.5
batch_reset = True

[search.minify]
do_cleanup = True
do_rebuild = True
do_simplify = True
round_robin_limit = 3


2024-06-25 20:28:39,566	[DEBUG]	
2024-06-25 20:28:39,566	[INFO]	==== SEARCH: FirstImprovement ====
2024-06-25 20:28:39,567	[INFO]	~~~~ WARMUP ~~~~
2024-06-25 20:29:07,922	[DEBUG]	EXEC>  SUCCESS 7.7292564850000005
2024-06-25 20:29:07,922	[INFO]	WARM    SUCCESS               7.729256 (--) [0 edit(s)]  
2024-06-25 20:29:27,828	[DEBUG]	EXEC>  SUCCESS 7.65588569
2024-06-25 20:29:27,828	[INFO]	WARM    SUCCESS               7.655886 (--) [0 edit(s)]  
2024-06-25 20:29:47,777	[DEBUG]	EXEC>  SUCCESS 7.656730144999999
2024-06-25 20:29:47,777	[INFO]	WARM    SUCCESS               7.656730 (--) [0 edit(s)]  
2024-06-25 20:29:47,777	[INFO]	REF     SUCCESS               7.656730 (--) [0 edit(s)]  
2024-06-25 20:29:47,777	[INFO]	
2024-06-25 20:29:47,777	[INFO]	~~~~ START ~~~~
2024-06-25 20:30:07,710	[DEBUG]	EXEC>  SUCCESS 7.6532538
2024-06-25 20:30:07,710	[INFO]	1       SUCCESS              *7.653254 (99.95%) [1 edit(s)]  
2024-06-25 20:30:07,711	[DEBUG]	patch(1)="ParamSetting(('test.params', 'param', 'LUBYFACTOR'), 101)"
--- before: test.params
+++ after: test.params
@@ -1,5 +1,5 @@
 RESTARTS := 'Glucose21Restarts'
-LUBYFACTOR := 512
+LUBYFACTOR := 101
 FIXEDPERIOD := 100
 PHASE := 'RSATPhaseSelectionStrategy'
 CLADECAY := 0.999

2024-06-25 20:30:27,601	[DEBUG]	EXEC>  SUCCESS 7.65663157
2024-06-25 20:30:27,601	[INFO]	2       SUCCESS               7.656632 (100.00%) [2 edit(s)]  
2024-06-25 20:30:27,601	[DEBUG]	patch(2)="ParamSetting(('test.params', 'param', 'LUBYFACTOR'), 101) | ParamSetting(('test.params', 'param', 'LUBYFACTOR'), 63)"
2024-06-25 20:30:47,498	[DEBUG]	EXEC>  SUCCESS 7.635217945
2024-06-25 20:30:47,498	[INFO]	3       SUCCESS              *7.635218 (99.72%) [2 edit(s)]  
2024-06-25 20:30:47,499	[DEBUG]	patch(3)="ParamSetting(('test.params', 'param', 'LUBYFACTOR'), 101) | ParamSetting(('test.params', 'param', 'CLEANING'), 'LBD')"
--- before: test.params
+++ after: test.params
@@ -1,5 +1,5 @@
 RESTARTS := 'Glucose21Restarts'
-LUBYFACTOR := 512
+LUBYFACTOR := 101
 FIXEDPERIOD := 100
 PHASE := 'RSATPhaseSelectionStrategy'
 CLADECAY := 0.999
@@ -7,4 +7,4 @@
 VARDECAY := 0.95
 CONFLICTBOUNDINCFACTOR := 2.0
 SIMP := 'EXPENSIVE_SIMPLIFICATION'
-CLEANING := 'LBD2'
+CLEANING := 'LBD'

2024-06-25 20:31:07,336	[DEBUG]	EXEC>  SUCCESS 7.60944173
2024-06-25 20:31:07,336	[INFO]	4       SUCCESS              *7.609442 (99.38%) [3 edit(s)]  
2024-06-25 20:31:07,336	[DEBUG]	patch(4)="ParamSetting(('test.params', 'param', 'LUBYFACTOR'), 101) | ParamSetting(('test.params', 'param', 'CLEANING'), 'LBD') | ParamSetting(('test.params', 'param', 'LUBYFACTOR'), 230)"
--- before: test.params
+++ after: test.params
@@ -1,5 +1,5 @@
 RESTARTS := 'Glucose21Restarts'
-LUBYFACTOR := 512
+LUBYFACTOR := 230
 FIXEDPERIOD := 100
 PHASE := 'RSATPhaseSelectionStrategy'
 CLADECAY := 0.999
@@ -7,4 +7,4 @@
 VARDECAY := 0.95
 CONFLICTBOUNDINCFACTOR := 2.0
 SIMP := 'EXPENSIVE_SIMPLIFICATION'
-CLEANING := 'LBD2'
+CLEANING := 'LBD'

2024-06-25 20:31:27,252	[DEBUG]	EXEC>  SUCCESS 7.647663395
2024-06-25 20:31:27,253	[INFO]	5       SUCCESS               7.647663 (99.88%) [4 edit(s)]  
2024-06-25 20:31:27,253	[DEBUG]	patch(5)="ParamSetting(('test.params', 'param', 'LUBYFACTOR'), 101) | ParamSetting(('test.params', 'param', 'CLEANING'), 'LBD') | ParamSetting(('test.params', 'param', 'LUBYFACTOR'), 230) | ParamSetting(('test.params', 'param', 'CONFLICTBOUNDINCFACTOR'), 3.0775177585495666)"
2024-06-25 20:31:27,254	[INFO]	6       SUCCESS              +7.609442 (99.38%) [2 edit(s)] [cached] 
2024-06-25 20:31:27,254	[DEBUG]	patch(6)="ParamSetting(('test.params', 'param', 'CLEANING'), 'LBD') | ParamSetting(('test.params', 'param', 'LUBYFACTOR'), 230)"
2024-06-25 20:31:47,273	[DEBUG]	EXEC>  SUCCESS 7.716436785
2024-06-25 20:31:47,273	[INFO]	7       SUCCESS               7.716437 (100.78%) [3 edit(s)]  
2024-06-25 20:31:47,274	[DEBUG]	patch(7)="ParamSetting(('test.params', 'param', 'CLEANING'), 'LBD') | ParamSetting(('test.params', 'param', 'LUBYFACTOR'), 230) | ParamSetting(('test.params', 'param', 'FIXEDPERIOD'), 27368)"
2024-06-25 20:31:47,274	[INFO]	~~~~ END ~~~~
2024-06-25 20:31:47,274	[INFO]	
2024-06-25 20:31:47,274	[INFO]	==== REPORT ====
2024-06-25 20:31:47,274	[INFO]	Termination: time budget
2024-06-25 20:31:47,275	[INFO]	Retries: 2
2024-06-25 20:31:47,275	[INFO]	Log file: /home/dbouras/magpie/_magpie_logs/sat4j_1719343719.log
2024-06-25 20:31:47,275	[INFO]	Patch file: _magpie_logs/sat4j_1719343719.patch
2024-06-25 20:31:47,275	[INFO]	Diff file: _magpie_logs/sat4j_1719343719.diff
2024-06-25 20:31:47,275	[INFO]	Reference fitness: 7.656730
2024-06-25 20:31:47,275	[INFO]	Best fitness: 7.609442
2024-06-25 20:31:47,275	[INFO]	
2024-06-25 20:31:47,276	[INFO]	==== BEST PATCH ====
ParamSetting(('test.params', 'param', 'LUBYFACTOR'), 101) | ParamSetting(('test.params', 'param', 'CLEANING'), 'LBD') | ParamSetting(('test.params', 'param', 'LUBYFACTOR'), 230)
2024-06-25 20:31:47,276	[INFO]	
2024-06-25 20:31:47,276	[INFO]	==== DIFF ====
[1m--- before: test.params[0m
[1m+++ after: test.params[0m
[36m@@ -1,5 +1,5 @@[0m
 RESTARTS := 'Glucose21Restarts'
[31m-LUBYFACTOR := 512[0m
[32m+LUBYFACTOR := 230[0m
 FIXEDPERIOD := 100
 PHASE := 'RSATPhaseSelectionStrategy'
 CLADECAY := 0.999
[36m@@ -7,4 +7,4 @@[0m
 VARDECAY := 0.95
 CONFLICTBOUNDINCFACTOR := 2.0
 SIMP := 'EXPENSIVE_SIMPLIFICATION'
[31m-CLEANING := 'LBD2'[0m
[32m+CLEANING := 'LBD'[0m

