2024-06-14 08:36:48,944	[DEBUG]	==== CONFIG ====
[magpie]
import = 
seed = 9199194192666542
log_dir = _magpie_logs
work_dir = _magpie_work
local_original_copy = True
local_original_name = __original__
output_encoding = ascii
edit_retries = 10
default_timeout = 100
default_lengthout = 1e6
diff_method = unified
trust_local_filesystem = True
run_timeout = 100

[magpie.log]
color_output = True
format_info = {counter:<7} {status:<20} {best}{fitness} ({ratio}) [{size}] {cached} {log}
format_debug = patch({counter})="{patch}"{diffifbest}
format_fitness = {:.6f}
format_ratio = {:.2%%}
format_patchif = 
	 --> {patch}
format_diffif = 
	{diff}

[software]
path = examples/minisat
target_files = 
	core/Solver.cc.xml
software = BasicSoftware
model_rules = 
	*.params : ParamFileConfigModel
	*.xml : SrcmlModel
	* : LineModel
model_config = 
	*.params : [paramconfig]
	*.xml : [srcml]
init_cmd = bash init.sh
init_timeout = 60
init_lengthout = -1
setup_cmd = bash compile.sh
setup_timeout = 
setup_lengthout = 
compile_cmd = bash compile.sh
compile_timeout = 
compile_lengthout = 
test_cmd = bash test.sh
test_timeout = 
test_lengthout = 
run_cmd = ./run_rapl_energy.sh "bash run_fixed.sh"
run_timeout = 
run_lengthout = 
retries = 5
batch_timeout = 
batch_lengthout = 
batch_bin_fitness_strategy = aggregate
batch_fitness_strategy = sum
fitness = energy

[srcml]
rename = 
	stmt: break continue decl_stmt do expr_stmt for goto if return switch while
	number: literal_number
focus = block stmt operator_comp operator_arith number
internodes = block
process_pseudo_blocks = True
process_literals = True
process_operators = True

[paramconfig]
timing = test run
cli_prefix = --
cli_glue = =
cli_boolean = show
cli_boolean_prefix_true = 
cli_boolean_prefix_false = no-
cli_none = hide
silent_prefix = @
silent_suffix = $

[search]
protocol = BasicProtocol
algorithm = FirstImprovement
possible_edits = 
	SrcmlStmtReplacement
	SrcmlStmtInsertion
	SrcmlStmtDeletion
warmup = 3
warmup_strategy = last
max_steps = 10000
max_time = 700
target_fitness = 
cache_maxsize = 100
cache_keep = 0.2
batch_instances = 
batch_shuffle = True
batch_bin_shuffle = False
batch_sample_size = 1

[search.ls]
delete_prob = 0.5
max_neighbours = 
when_trapped = continue
accept_fail = False
tabu_length = 10

[search.gp]
pop_size = 10
delete_prob = 0.5
offspring_elitism = 0.1
offspring_crossover = 0.5
offspring_mutation = 0.4
uniform_rate = 0.5
batch_reset = True

[search.minify]
do_cleanup = True
do_rebuild = True
do_simplify = True
round_robin_limit = 3


2024-06-14 08:36:48,944	[DEBUG]	
2024-06-14 08:36:48,944	[INFO]	==== SEARCH: FirstImprovement ====
2024-06-14 08:36:48,945	[INFO]	~~~~ WARMUP ~~~~
2024-06-14 08:38:00,713	[DEBUG]	EXEC>  SUCCESS 83837616.4
2024-06-14 08:38:00,713	[INFO]	WARM    SUCCESS               83837616.400000 (--) [0 edit(s)]  
2024-06-14 08:39:08,935	[DEBUG]	EXEC>  SUCCESS 84094988.8
2024-06-14 08:39:08,935	[INFO]	WARM    SUCCESS               84094988.800000 (--) [0 edit(s)]  
2024-06-14 08:40:17,034	[DEBUG]	EXEC>  SUCCESS 84630315.8
2024-06-14 08:40:17,034	[INFO]	WARM    SUCCESS               84630315.800000 (--) [0 edit(s)]  
2024-06-14 08:40:17,035	[INFO]	REF     SUCCESS               84630315.800000 (--) [0 edit(s)]  
2024-06-14 08:40:17,035	[INFO]	
2024-06-14 08:40:17,035	[INFO]	~~~~ START ~~~~
2024-06-14 08:40:18,434	[INFO]	1       TEST_CODE_ERROR       None (--) [1 edit(s)]  
2024-06-14 08:40:18,434	[DEBUG]	patch(1)="SrcmlStmtDeletion(('core/Solver.cc.xml', 'stmt', 210))"
2024-06-14 08:41:59,916	[INFO]	2       TEST_TIMEOUT          None (--) [1 edit(s)]  
2024-06-14 08:41:59,916	[DEBUG]	patch(2)="SrcmlStmtDeletion(('core/Solver.cc.xml', 'stmt', 337))"
2024-06-14 08:42:00,154	[INFO]	3       COMPILE_CODE_ERROR    None (--) [1 edit(s)]  
2024-06-14 08:42:00,154	[DEBUG]	patch(3)="SrcmlStmtInsertion(('core/Solver.cc.xml', '_inter_block', 406), ('core/Solver.cc.xml', 'stmt', 320))"
2024-06-14 08:42:00,364	[INFO]	4       COMPILE_CODE_ERROR    None (--) [1 edit(s)]  
2024-06-14 08:42:00,364	[DEBUG]	patch(4)="SrcmlStmtInsertion(('core/Solver.cc.xml', '_inter_block', 547), ('core/Solver.cc.xml', 'stmt', 372))"
2024-06-14 08:42:01,739	[INFO]	5       TEST_CODE_ERROR       None (--) [1 edit(s)]  
2024-06-14 08:42:01,739	[DEBUG]	patch(5)="SrcmlStmtDeletion(('core/Solver.cc.xml', 'stmt', 144))"
2024-06-14 08:42:01,983	[INFO]	6       COMPILE_CODE_ERROR    None (--) [1 edit(s)]  
2024-06-14 08:42:01,983	[DEBUG]	patch(6)="SrcmlStmtReplacement(('core/Solver.cc.xml', 'stmt', 99), ('core/Solver.cc.xml', 'stmt', 115))"
2024-06-14 08:43:11,352	[DEBUG]	EXEC>  SUCCESS 84006449.6
2024-06-14 08:43:11,353	[INFO]	7       SUCCESS              *84006449.600000 (99.26%) [1 edit(s)]  
2024-06-14 08:43:11,353	[DEBUG]	patch(7)="SrcmlStmtReplacement(('core/Solver.cc.xml', 'stmt', 378), ('core/Solver.cc.xml', 'stmt', 264))"
--- before: core/Solver.cc
+++ after: core/Solver.cc
@@ -939,7 +939,7 @@
         /*auto*/{
             if (value(c[i]) != l_False)
             /*auto*/{
-                fprintf(f, "%s%d ", sign(c[i]) ? "-" : "", mapVar(var(c[i]), map, max)+1);
+                removeSatisfied(clauses);
             }/*auto*/
         }/*auto*/
     fprintf(f, "0\n");

2024-06-14 08:43:11,360	[INFO]	8       SUCCESS               84630315.800000 (100.00%) [0 edit(s)] [cached] 
2024-06-14 08:43:11,360	[DEBUG]	patch(8)=""
2024-06-14 08:43:11,628	[INFO]	9       COMPILE_CODE_ERROR    None (--) [2 edit(s)]  
2024-06-14 08:43:11,628	[DEBUG]	patch(9)="SrcmlStmtReplacement(('core/Solver.cc.xml', 'stmt', 378), ('core/Solver.cc.xml', 'stmt', 264)) | SrcmlStmtInsertion(('core/Solver.cc.xml', '_inter_block', 340), ('core/Solver.cc.xml', 'stmt', 50))"
2024-06-14 08:43:11,892	[INFO]	10      COMPILE_CODE_ERROR    None (--) [2 edit(s)]  
2024-06-14 08:43:11,892	[DEBUG]	patch(10)="SrcmlStmtReplacement(('core/Solver.cc.xml', 'stmt', 378), ('core/Solver.cc.xml', 'stmt', 264)) | SrcmlStmtInsertion(('core/Solver.cc.xml', '_inter_block', 556), ('core/Solver.cc.xml', 'stmt', 30))"
2024-06-14 08:44:21,383	[DEBUG]	EXEC>  SUCCESS 84237117.2
2024-06-14 08:44:21,383	[INFO]	11      SUCCESS               84237117.200000 (99.54%) [2 edit(s)]  
2024-06-14 08:44:21,384	[DEBUG]	patch(11)="SrcmlStmtReplacement(('core/Solver.cc.xml', 'stmt', 378), ('core/Solver.cc.xml', 'stmt', 264)) | SrcmlStmtDeletion(('core/Solver.cc.xml', 'stmt', 51))"
2024-06-14 08:45:30,559	[DEBUG]	EXEC>  SUCCESS 84175060.0
2024-06-14 08:45:30,559	[INFO]	12      SUCCESS               84175060.000000 (99.46%) [2 edit(s)]  
2024-06-14 08:45:30,559	[DEBUG]	patch(12)="SrcmlStmtReplacement(('core/Solver.cc.xml', 'stmt', 378), ('core/Solver.cc.xml', 'stmt', 264)) | SrcmlStmtDeletion(('core/Solver.cc.xml', 'stmt', 382))"
2024-06-14 08:45:30,812	[INFO]	13      COMPILE_CODE_ERROR    None (--) [2 edit(s)]  
2024-06-14 08:45:30,812	[DEBUG]	patch(13)="SrcmlStmtReplacement(('core/Solver.cc.xml', 'stmt', 378), ('core/Solver.cc.xml', 'stmt', 264)) | SrcmlStmtInsertion(('core/Solver.cc.xml', '_inter_block', 541), ('core/Solver.cc.xml', 'stmt', 57))"
2024-06-14 08:45:32,332	[INFO]	14      TEST_CODE_ERROR       None (--) [2 edit(s)]  
2024-06-14 08:45:32,332	[DEBUG]	patch(14)="SrcmlStmtReplacement(('core/Solver.cc.xml', 'stmt', 378), ('core/Solver.cc.xml', 'stmt', 264)) | SrcmlStmtInsertion(('core/Solver.cc.xml', '_inter_block', 297), ('core/Solver.cc.xml', 'stmt', 264))"
2024-06-14 08:45:32,556	[INFO]	15      COMPILE_CODE_ERROR    None (--) [2 edit(s)]  
2024-06-14 08:45:32,556	[DEBUG]	patch(15)="SrcmlStmtReplacement(('core/Solver.cc.xml', 'stmt', 378), ('core/Solver.cc.xml', 'stmt', 264)) | SrcmlStmtReplacement(('core/Solver.cc.xml', 'stmt', 96), ('core/Solver.cc.xml', 'stmt', 308))"
2024-06-14 08:46:41,950	[DEBUG]	EXEC>  SUCCESS 83769511.0
2024-06-14 08:46:41,950	[INFO]	16      SUCCESS              *83769511.000000 (98.98%) [2 edit(s)]  
2024-06-14 08:46:41,951	[DEBUG]	patch(16)="SrcmlStmtReplacement(('core/Solver.cc.xml', 'stmt', 378), ('core/Solver.cc.xml', 'stmt', 264)) | SrcmlStmtDeletion(('core/Solver.cc.xml', 'stmt', 339))"
--- before: core/Solver.cc
+++ after: core/Solver.cc
@@ -862,7 +862,7 @@
 // NOTE: assumptions passed in member-variable 'assumptions'.
 lbool Solver::solve_()
 {
-    model.clear();
+    
     conflict.clear();
     if (!ok) /*auto*/{
       return l_False;
@@ -939,7 +939,7 @@
         /*auto*/{
             if (value(c[i]) != l_False)
             /*auto*/{
-                fprintf(f, "%s%d ", sign(c[i]) ? "-" : "", mapVar(var(c[i]), map, max)+1);
+                removeSatisfied(clauses);
             }/*auto*/
         }/*auto*/
     fprintf(f, "0\n");

2024-06-14 08:47:51,524	[DEBUG]	EXEC>  SUCCESS 84151556.4
2024-06-14 08:47:51,524	[INFO]	17      SUCCESS               84151556.400000 (99.43%) [1 edit(s)]  
2024-06-14 08:47:51,524	[DEBUG]	patch(17)="SrcmlStmtDeletion(('core/Solver.cc.xml', 'stmt', 339))"
2024-06-14 08:47:51,751	[INFO]	18      COMPILE_CODE_ERROR    None (--) [3 edit(s)]  
2024-06-14 08:47:51,751	[DEBUG]	patch(18)="SrcmlStmtReplacement(('core/Solver.cc.xml', 'stmt', 378), ('core/Solver.cc.xml', 'stmt', 264)) | SrcmlStmtDeletion(('core/Solver.cc.xml', 'stmt', 339)) | SrcmlStmtInsertion(('core/Solver.cc.xml', '_inter_block', 277), ('core/Solver.cc.xml', 'stmt', 97))"
2024-06-14 08:47:51,761	[INFO]	19      SUCCESS               84006449.600000 (99.26%) [1 edit(s)] [cached] 
2024-06-14 08:47:51,761	[DEBUG]	patch(19)="SrcmlStmtReplacement(('core/Solver.cc.xml', 'stmt', 378), ('core/Solver.cc.xml', 'stmt', 264))"
2024-06-14 08:47:52,002	[INFO]	20      COMPILE_CODE_ERROR    None (--) [3 edit(s)]  
2024-06-14 08:47:52,002	[DEBUG]	patch(20)="SrcmlStmtReplacement(('core/Solver.cc.xml', 'stmt', 378), ('core/Solver.cc.xml', 'stmt', 264)) | SrcmlStmtDeletion(('core/Solver.cc.xml', 'stmt', 339)) | SrcmlStmtInsertion(('core/Solver.cc.xml', '_inter_block', 65), ('core/Solver.cc.xml', 'stmt', 130))"
2024-06-14 08:47:52,228	[INFO]	21      COMPILE_CODE_ERROR    None (--) [3 edit(s)]  
2024-06-14 08:47:52,228	[DEBUG]	patch(21)="SrcmlStmtReplacement(('core/Solver.cc.xml', 'stmt', 378), ('core/Solver.cc.xml', 'stmt', 264)) | SrcmlStmtDeletion(('core/Solver.cc.xml', 'stmt', 339)) | SrcmlStmtReplacement(('core/Solver.cc.xml', 'stmt', 218), ('core/Solver.cc.xml', 'stmt', 400))"
2024-06-14 08:47:52,489	[INFO]	22      COMPILE_CODE_ERROR    None (--) [3 edit(s)]  
2024-06-14 08:47:52,489	[DEBUG]	patch(22)="SrcmlStmtReplacement(('core/Solver.cc.xml', 'stmt', 378), ('core/Solver.cc.xml', 'stmt', 264)) | SrcmlStmtDeletion(('core/Solver.cc.xml', 'stmt', 339)) | SrcmlStmtDeletion(('core/Solver.cc.xml', 'stmt', 7))"
2024-06-14 08:47:52,744	[INFO]	23      COMPILE_CODE_ERROR    None (--) [3 edit(s)]  
2024-06-14 08:47:52,744	[DEBUG]	patch(23)="SrcmlStmtReplacement(('core/Solver.cc.xml', 'stmt', 378), ('core/Solver.cc.xml', 'stmt', 264)) | SrcmlStmtDeletion(('core/Solver.cc.xml', 'stmt', 339)) | SrcmlStmtReplacement(('core/Solver.cc.xml', 'stmt', 389), ('core/Solver.cc.xml', 'stmt', 265))"
2024-06-14 08:47:54,286	[INFO]	24      TEST_CODE_ERROR       None (--) [3 edit(s)]  
2024-06-14 08:47:54,287	[DEBUG]	patch(24)="SrcmlStmtReplacement(('core/Solver.cc.xml', 'stmt', 378), ('core/Solver.cc.xml', 'stmt', 264)) | SrcmlStmtDeletion(('core/Solver.cc.xml', 'stmt', 339)) | SrcmlStmtInsertion(('core/Solver.cc.xml', '_inter_block', 155), ('core/Solver.cc.xml', 'stmt', 97))"
2024-06-14 08:47:54,546	[INFO]	25      COMPILE_CODE_ERROR    None (--) [3 edit(s)]  
2024-06-14 08:47:54,547	[DEBUG]	patch(25)="SrcmlStmtReplacement(('core/Solver.cc.xml', 'stmt', 378), ('core/Solver.cc.xml', 'stmt', 264)) | SrcmlStmtDeletion(('core/Solver.cc.xml', 'stmt', 339)) | SrcmlStmtInsertion(('core/Solver.cc.xml', '_inter_block', 363), ('core/Solver.cc.xml', 'stmt', 227))"
2024-06-14 08:47:54,785	[INFO]	26      COMPILE_CODE_ERROR    None (--) [3 edit(s)]  
2024-06-14 08:47:54,785	[DEBUG]	patch(26)="SrcmlStmtReplacement(('core/Solver.cc.xml', 'stmt', 378), ('core/Solver.cc.xml', 'stmt', 264)) | SrcmlStmtDeletion(('core/Solver.cc.xml', 'stmt', 339)) | SrcmlStmtReplacement(('core/Solver.cc.xml', 'stmt', 324), ('core/Solver.cc.xml', 'stmt', 14))"
2024-06-14 08:47:55,023	[INFO]	27      COMPILE_CODE_ERROR    None (--) [3 edit(s)]  
2024-06-14 08:47:55,024	[DEBUG]	patch(27)="SrcmlStmtReplacement(('core/Solver.cc.xml', 'stmt', 378), ('core/Solver.cc.xml', 'stmt', 264)) | SrcmlStmtDeletion(('core/Solver.cc.xml', 'stmt', 339)) | SrcmlStmtInsertion(('core/Solver.cc.xml', '_inter_block', 121), ('core/Solver.cc.xml', 'stmt', 106))"
2024-06-14 08:49:04,188	[DEBUG]	EXEC>  SUCCESS 83751799.8
2024-06-14 08:49:04,188	[INFO]	28      SUCCESS              *83751799.800000 (98.96%) [3 edit(s)]  
2024-06-14 08:49:04,188	[DEBUG]	patch(28)="SrcmlStmtReplacement(('core/Solver.cc.xml', 'stmt', 378), ('core/Solver.cc.xml', 'stmt', 264)) | SrcmlStmtDeletion(('core/Solver.cc.xml', 'stmt', 339)) | SrcmlStmtDeletion(('core/Solver.cc.xml', 'stmt', 298))"
--- before: core/Solver.cc
+++ after: core/Solver.cc
@@ -750,13 +750,7 @@
                 learntsize_adjust_cnt    = (int)learntsize_adjust_confl;
                 max_learnts             *= learntsize_inc;
 
-                if (verbosity >= 1)
-                    /*auto*/{
-                        printf("| %9d | %7d %8d %8d | %8d %8d %6.0f | %6.3f %% |\n", 
-                           (int)conflicts, 
-                           (int)dec_vars - (trail_lim.size() == 0 ? trail.size() : trail_lim[0]), nClauses(), (int)clauses_literals, 
-                           (int)max_learnts, nLearnts(), (double)learnts_literals/nLearnts(), progressEstimate()*100);
-                    }/*auto*/
+                
             }
 
         }else{
@@ -862,7 +856,7 @@
 // NOTE: assumptions passed in member-variable 'assumptions'.
 lbool Solver::solve_()
 {
-    model.clear();
+    
     conflict.clear();
     if (!ok) /*auto*/{
       return l_False;
@@ -939,7 +933,7 @@
         /*auto*/{
             if (value(c[i]) != l_False)
             /*auto*/{
-                fprintf(f, "%s%d ", sign(c[i]) ? "-" : "", mapVar(var(c[i]), map, max)+1);
+                removeSatisfied(clauses);
             }/*auto*/
         }/*auto*/
     fprintf(f, "0\n");

2024-06-14 08:49:04,437	[INFO]	29      COMPILE_CODE_ERROR    None (--) [4 edit(s)]  
2024-06-14 08:49:04,437	[DEBUG]	patch(29)="SrcmlStmtReplacement(('core/Solver.cc.xml', 'stmt', 378), ('core/Solver.cc.xml', 'stmt', 264)) | SrcmlStmtDeletion(('core/Solver.cc.xml', 'stmt', 339)) | SrcmlStmtDeletion(('core/Solver.cc.xml', 'stmt', 298)) | SrcmlStmtReplacement(('core/Solver.cc.xml', 'stmt', 76), ('core/Solver.cc.xml', 'stmt', 147))"
2024-06-14 08:50:13,995	[DEBUG]	EXEC>  SUCCESS 84304139.4
2024-06-14 08:50:13,995	[INFO]	30      SUCCESS               84304139.400000 (99.61%) [2 edit(s)]  
2024-06-14 08:50:13,995	[DEBUG]	patch(30)="SrcmlStmtDeletion(('core/Solver.cc.xml', 'stmt', 339)) | SrcmlStmtDeletion(('core/Solver.cc.xml', 'stmt', 298))"
2024-06-14 08:50:14,218	[INFO]	31      COMPILE_CODE_ERROR    None (--) [4 edit(s)]  
2024-06-14 08:50:14,218	[DEBUG]	patch(31)="SrcmlStmtReplacement(('core/Solver.cc.xml', 'stmt', 378), ('core/Solver.cc.xml', 'stmt', 264)) | SrcmlStmtDeletion(('core/Solver.cc.xml', 'stmt', 339)) | SrcmlStmtDeletion(('core/Solver.cc.xml', 'stmt', 298)) | SrcmlStmtReplacement(('core/Solver.cc.xml', 'stmt', 202), ('core/Solver.cc.xml', 'stmt', 135))"
2024-06-14 08:50:14,228	[INFO]	32      SUCCESS               83769511.000000 (98.98%) [2 edit(s)] [cached] 
2024-06-14 08:50:14,228	[DEBUG]	patch(32)="SrcmlStmtReplacement(('core/Solver.cc.xml', 'stmt', 378), ('core/Solver.cc.xml', 'stmt', 264)) | SrcmlStmtDeletion(('core/Solver.cc.xml', 'stmt', 339))"
2024-06-14 08:51:23,407	[DEBUG]	EXEC>  SUCCESS 84080237.2
2024-06-14 08:51:23,407	[INFO]	33      SUCCESS               84080237.200000 (99.35%) [2 edit(s)]  
2024-06-14 08:51:23,407	[DEBUG]	patch(33)="SrcmlStmtReplacement(('core/Solver.cc.xml', 'stmt', 378), ('core/Solver.cc.xml', 'stmt', 264)) | SrcmlStmtDeletion(('core/Solver.cc.xml', 'stmt', 298))"
2024-06-14 08:51:23,668	[INFO]	34      COMPILE_CODE_ERROR    None (--) [4 edit(s)]  
2024-06-14 08:51:23,668	[DEBUG]	patch(34)="SrcmlStmtReplacement(('core/Solver.cc.xml', 'stmt', 378), ('core/Solver.cc.xml', 'stmt', 264)) | SrcmlStmtDeletion(('core/Solver.cc.xml', 'stmt', 339)) | SrcmlStmtDeletion(('core/Solver.cc.xml', 'stmt', 298)) | SrcmlStmtInsertion(('core/Solver.cc.xml', '_inter_block', 366), ('core/Solver.cc.xml', 'stmt', 73))"
2024-06-14 08:51:25,174	[INFO]	35      TEST_CODE_ERROR       None (--) [4 edit(s)]  
2024-06-14 08:51:25,175	[DEBUG]	patch(35)="SrcmlStmtReplacement(('core/Solver.cc.xml', 'stmt', 378), ('core/Solver.cc.xml', 'stmt', 264)) | SrcmlStmtDeletion(('core/Solver.cc.xml', 'stmt', 339)) | SrcmlStmtDeletion(('core/Solver.cc.xml', 'stmt', 298)) | SrcmlStmtReplacement(('core/Solver.cc.xml', 'stmt', 210), ('core/Solver.cc.xml', 'stmt', 69))"
2024-06-14 08:52:34,153	[DEBUG]	EXEC>  SUCCESS 83543153.0
2024-06-14 08:52:34,153	[INFO]	36      SUCCESS              *83543153.000000 (98.72%) [4 edit(s)]  
2024-06-14 08:52:34,153	[DEBUG]	patch(36)="SrcmlStmtReplacement(('core/Solver.cc.xml', 'stmt', 378), ('core/Solver.cc.xml', 'stmt', 264)) | SrcmlStmtDeletion(('core/Solver.cc.xml', 'stmt', 339)) | SrcmlStmtDeletion(('core/Solver.cc.xml', 'stmt', 298)) | SrcmlStmtReplacement(('core/Solver.cc.xml', 'stmt', 85), ('core/Solver.cc.xml', 'stmt', 197))"
--- before: core/Solver.cc
+++ after: core/Solver.cc
@@ -259,10 +259,7 @@
     // Random decision:
     if (drand(random_seed) < random_var_freq && !order_heap.empty()){
         next = order_heap[irand(random_seed,order_heap.size())];
-        if (value(next) == l_Undef && decision[next])
-            /*auto*/{
-                rnd_decisions++;
-            }/*auto*/ }
+        Watcher        *i, *j, *end; }
 
     // Activity based decision:
     while (next == var_Undef || value(next) != l_Undef || !decision[next])
@@ -750,13 +747,7 @@
                 learntsize_adjust_cnt    = (int)learntsize_adjust_confl;
                 max_learnts             *= learntsize_inc;
 
-                if (verbosity >= 1)
-                    /*auto*/{
-                        printf("| %9d | %7d %8d %8d | %8d %8d %6.0f | %6.3f %% |\n", 
-                           (int)conflicts, 
-                           (int)dec_vars - (trail_lim.size() == 0 ? trail.size() : trail_lim[0]), nClauses(), (int)clauses_literals, 
-                           (int)max_learnts, nLearnts(), (double)learnts_literals/nLearnts(), progressEstimate()*100);
-                    }/*auto*/
+                
             }
 
         }else{
@@ -862,7 +853,7 @@
 // NOTE: assumptions passed in member-variable 'assumptions'.
 lbool Solver::solve_()
 {
-    model.clear();
+    
     conflict.clear();
     if (!ok) /*auto*/{
       return l_False;
@@ -939,7 +930,7 @@
         /*auto*/{
             if (value(c[i]) != l_False)
             /*auto*/{
-                fprintf(f, "%s%d ", sign(c[i]) ? "-" : "", mapVar(var(c[i]), map, max)+1);
+                removeSatisfied(clauses);
             }/*auto*/
         }/*auto*/
     fprintf(f, "0\n");

2024-06-14 08:52:34,158	[INFO]	~~~~ END ~~~~
2024-06-14 08:52:34,158	[INFO]	
2024-06-14 08:52:34,158	[INFO]	==== REPORT ====
2024-06-14 08:52:34,158	[INFO]	Termination: time budget
2024-06-14 08:52:34,158	[INFO]	Retries: 5
2024-06-14 08:52:34,158	[INFO]	Log file: /home/jim/magpie/_magpie_logs/minisat_1718350608.log
2024-06-14 08:52:34,158	[INFO]	Patch file: _magpie_logs/minisat_1718350608.patch
2024-06-14 08:52:34,159	[INFO]	Diff file: _magpie_logs/minisat_1718350608.diff
2024-06-14 08:52:34,159	[INFO]	Reference fitness: 84630315.800000
2024-06-14 08:52:34,159	[INFO]	Best fitness: 83543153.000000
2024-06-14 08:52:34,159	[INFO]	
2024-06-14 08:52:34,159	[INFO]	==== BEST PATCH ====
SrcmlStmtReplacement(('core/Solver.cc.xml', 'stmt', 378), ('core/Solver.cc.xml', 'stmt', 264)) | SrcmlStmtDeletion(('core/Solver.cc.xml', 'stmt', 339)) | SrcmlStmtDeletion(('core/Solver.cc.xml', 'stmt', 298)) | SrcmlStmtReplacement(('core/Solver.cc.xml', 'stmt', 85), ('core/Solver.cc.xml', 'stmt', 197))
2024-06-14 08:52:34,159	[INFO]	
2024-06-14 08:52:34,159	[INFO]	==== DIFF ====
[1m--- before: core/Solver.cc[0m
[1m+++ after: core/Solver.cc[0m
[36m@@ -259,10 +259,7 @@[0m
     // Random decision:
     if (drand(random_seed) < random_var_freq && !order_heap.empty()){
         next = order_heap[irand(random_seed,order_heap.size())];
[31m-        if (value(next) == l_Undef && decision[next])[0m
[31m-            /*auto*/{[0m
[31m-                rnd_decisions++;[0m
[31m-            }/*auto*/ }[0m
[32m+        Watcher        *i, *j, *end; }[0m
 
     // Activity based decision:
     while (next == var_Undef || value(next) != l_Undef || !decision[next])
[36m@@ -750,13 +747,7 @@[0m
                 learntsize_adjust_cnt    = (int)learntsize_adjust_confl;
                 max_learnts             *= learntsize_inc;
 
[31m-                if (verbosity >= 1)[0m
[31m-                    /*auto*/{[0m
[31m-                        printf("| %9d | %7d %8d %8d | %8d %8d %6.0f | %6.3f %% |\n", [0m
[31m-                           (int)conflicts, [0m
[31m-                           (int)dec_vars - (trail_lim.size() == 0 ? trail.size() : trail_lim[0]), nClauses(), (int)clauses_literals, [0m
[31m-                           (int)max_learnts, nLearnts(), (double)learnts_literals/nLearnts(), progressEstimate()*100);[0m
[31m-                    }/*auto*/[0m
[32m+                [0m
             }
 
         }else{
[36m@@ -862,7 +853,7 @@[0m
 // NOTE: assumptions passed in member-variable 'assumptions'.
 lbool Solver::solve_()
 {
[31m-    model.clear();[0m
[32m+    [0m
     conflict.clear();
     if (!ok) /*auto*/{
       return l_False;
[36m@@ -939,7 +930,7 @@[0m
         /*auto*/{
             if (value(c[i]) != l_False)
             /*auto*/{
[31m-                fprintf(f, "%s%d ", sign(c[i]) ? "-" : "", mapVar(var(c[i]), map, max)+1);[0m
[32m+                removeSatisfied(clauses);[0m
             }/*auto*/
         }/*auto*/
     fprintf(f, "0\n");

