2024-06-05 14:45:34,648	[DEBUG]	==== CONFIG ====
[magpie]
import = 
seed = 1332220529526279
log_dir = _magpie_logs
work_dir = _magpie_work
local_original_copy = False
local_original_name = __original__
output_encoding = ascii
edit_retries = 10
default_timeout = 30
default_lengthout = 10000.0
diff_method = unified
trust_local_filesystem = True

[magpie.log]
color_output = True
format_info = {counter:<7} {status:<20} {best}{fitness} ({ratio}) [{size}] {cached} {log}
format_debug = patch({counter})="{patch}"{diffifbest}
format_fitness = {:.6f}
format_ratio = {:.2%%}
format_patchif = 
	 --> {patch}
format_diffif = 
	{diff}

[software]
path = examples/triangle-c
target_files = 
	triangle.c.xml
software = BasicSoftware
model_rules = 
	*.params : ParamFileConfigModel
	*.xml : SrcmlModel
	* : LineModel
model_config = 
	*.params : [paramconfig]
	*.xml : [srcml]
init_cmd = bash init_slow.sh
init_timeout = 60
init_lengthout = -1
setup_cmd = 
setup_timeout = 
setup_lengthout = 
compile_cmd = make test_triangle run_triangle
compile_timeout = 
compile_lengthout = 
test_cmd = ./test_triangle
test_timeout = 
test_lengthout = 
run_cmd = ./run_custom.sh ./run_triangle
run_timeout = 1
run_lengthout = 
retries = 1
batch_timeout = 
batch_lengthout = 
batch_bin_fitness_strategy = aggregate
batch_fitness_strategy = sum
fitness = weights

[srcml]
rename = 
	stmt: break continue decl_stmt do expr_stmt for goto if return switch while
	number: literal_number
focus = block stmt operator_comp operator_arith number
internodes = block
process_pseudo_blocks = True
process_literals = True
process_operators = True

[paramconfig]
timing = test run
cli_prefix = --
cli_glue = =
cli_boolean = show
cli_boolean_prefix_true = 
cli_boolean_prefix_false = no-
cli_none = hide
silent_prefix = @
silent_suffix = $

[search]
protocol = BasicProtocol
algorithm = FirstImprovement
possible_edits = 
	SrcmlStmtReplacement
	SrcmlStmtInsertion
	SrcmlStmtDeletion
warmup = 3
warmup_strategy = last
max_steps = 1000
max_time = 10
target_fitness = 
cache_maxsize = 100
cache_keep = 0.2
batch_instances = 
batch_shuffle = True
batch_bin_shuffle = False
batch_sample_size = 1

[search.ls]
delete_prob = 0.5
max_neighbours = 
when_trapped = continue
accept_fail = False
tabu_length = 10

[search.gp]
pop_size = 10
delete_prob = 0.5
offspring_elitism = 0.1
offspring_crossover = 0.5
offspring_mutation = 0.4
uniform_rate = 0.5
batch_reset = True

[search.minify]
do_cleanup = True
do_rebuild = True
do_simplify = True
round_robin_limit = 3


2024-06-05 14:45:34,649	[DEBUG]	
2024-06-05 14:45:34,649	[INFO]	==== SEARCH: FirstImprovement ====
2024-06-05 14:45:34,649	[INFO]	~~~~ WARMUP ~~~~
2024-06-05 14:45:36,698	[DEBUG]	EXEC>  SUCCESS 150741.481
2024-06-05 14:45:36,698	[INFO]	WARM    SUCCESS               150741.481000 (--) [0 edit(s)]  
2024-06-05 14:45:38,623	[DEBUG]	EXEC>  SUCCESS 133608.205
2024-06-05 14:45:38,624	[INFO]	WARM    SUCCESS               133608.205000 (--) [0 edit(s)]  
2024-06-05 14:45:40,388	[DEBUG]	EXEC>  SUCCESS 151974.918
2024-06-05 14:45:40,388	[INFO]	WARM    SUCCESS               151974.918000 (--) [0 edit(s)]  
2024-06-05 14:45:40,389	[INFO]	REF     SUCCESS               151974.918000 (--) [0 edit(s)]  
2024-06-05 14:45:40,389	[INFO]	
2024-06-05 14:45:40,389	[INFO]	~~~~ START ~~~~
2024-06-05 14:45:40,614	[INFO]	1       TEST_CODE_ERROR       None (--) [1 edit(s)]  
2024-06-05 14:45:40,615	[DEBUG]	patch(1)="SrcmlStmtDeletion(('triangle.c.xml', 'stmt', 11))"
2024-06-05 14:45:40,830	[INFO]	2       TEST_CODE_ERROR       None (--) [1 edit(s)]  
2024-06-05 14:45:40,831	[DEBUG]	patch(2)="SrcmlStmtDeletion(('triangle.c.xml', 'stmt', 5))"
2024-06-05 14:45:41,036	[INFO]	3       TEST_CODE_ERROR       None (--) [1 edit(s)]  
2024-06-05 14:45:41,037	[DEBUG]	patch(3)="SrcmlStmtDeletion(('triangle.c.xml', 'stmt', 15))"
2024-06-05 14:45:42,881	[DEBUG]	EXEC>  SUCCESS 136296.953
2024-06-05 14:45:42,881	[INFO]	4       SUCCESS              *136296.953000 (89.68%) [1 edit(s)]  
2024-06-05 14:45:42,881	[DEBUG]	patch(4)="SrcmlStmtDeletion(('triangle.c.xml', 'stmt', 4))"
--- before: triangle.c
+++ after: triangle.c
@@ -11,11 +11,7 @@
   delay();
 
   // Sort the sides so that a <= b <= c
-  if(a > b) {
-    tmp = a;
-    a = b;
-    b = tmp;
-  }
+  
 
   if(a > c) {
     tmp = a;

2024-06-05 14:45:43,078	[INFO]	5       TEST_CODE_ERROR       None (--) [2 edit(s)]  
2024-06-05 14:45:43,078	[DEBUG]	patch(5)="SrcmlStmtDeletion(('triangle.c.xml', 'stmt', 4)) | SrcmlStmtDeletion(('triangle.c.xml', 'stmt', 21))"
2024-06-05 14:45:43,079	[INFO]	6       SUCCESS               151974.918000 (100.00%) [0 edit(s)] [cached] 
2024-06-05 14:45:43,079	[DEBUG]	patch(6)=""
2024-06-05 14:45:43,284	[INFO]	7       TEST_CODE_ERROR       None (--) [2 edit(s)]  
2024-06-05 14:45:43,284	[DEBUG]	patch(7)="SrcmlStmtDeletion(('triangle.c.xml', 'stmt', 4)) | SrcmlStmtInsertion(('triangle.c.xml', '_inter_block', 11), ('triangle.c.xml', 'stmt', 21))"
2024-06-05 14:45:45,207	[DEBUG]	EXEC>  SUCCESS 152281.018
2024-06-05 14:45:45,208	[INFO]	8       SUCCESS               152281.018000 (100.20%) [2 edit(s)]  
2024-06-05 14:45:45,208	[DEBUG]	patch(8)="SrcmlStmtDeletion(('triangle.c.xml', 'stmt', 4)) | SrcmlStmtInsertion(('triangle.c.xml', '_inter_block', 11), ('triangle.c.xml', 'stmt', 9))"
2024-06-05 14:45:45,396	[INFO]	9       TEST_CODE_ERROR       None (--) [2 edit(s)]  
2024-06-05 14:45:45,396	[DEBUG]	patch(9)="SrcmlStmtDeletion(('triangle.c.xml', 'stmt', 4)) | SrcmlStmtInsertion(('triangle.c.xml', '_inter_block', 9), ('triangle.c.xml', 'stmt', 10))"
2024-06-05 14:45:45,598	[INFO]	10      TEST_CODE_ERROR       None (--) [2 edit(s)]  
2024-06-05 14:45:45,598	[DEBUG]	patch(10)="SrcmlStmtDeletion(('triangle.c.xml', 'stmt', 4)) | SrcmlStmtDeletion(('triangle.c.xml', 'stmt', 18))"
2024-06-05 14:45:47,482	[DEBUG]	EXEC>  SUCCESS 196386.615
2024-06-05 14:45:47,482	[INFO]	11      SUCCESS               196386.615000 (129.22%) [2 edit(s)]  
2024-06-05 14:45:47,482	[DEBUG]	patch(11)="SrcmlStmtDeletion(('triangle.c.xml', 'stmt', 4)) | SrcmlStmtInsertion(('triangle.c.xml', '_inter_block', 13), ('triangle.c.xml', 'stmt', 5))"
2024-06-05 14:45:47,705	[INFO]	12      TEST_CODE_ERROR       None (--) [2 edit(s)]  
2024-06-05 14:45:47,705	[DEBUG]	patch(12)="SrcmlStmtDeletion(('triangle.c.xml', 'stmt', 4)) | SrcmlStmtReplacement(('triangle.c.xml', 'stmt', 13), ('triangle.c.xml', 'stmt', 10))"
2024-06-05 14:45:50,244	[DEBUG]	EXEC>  SUCCESS 281293.931
2024-06-05 14:45:50,245	[INFO]	13      SUCCESS               281293.931000 (185.09%) [2 edit(s)]  
2024-06-05 14:45:50,245	[DEBUG]	patch(13)="SrcmlStmtDeletion(('triangle.c.xml', 'stmt', 4)) | SrcmlStmtInsertion(('triangle.c.xml', '_inter_block', 26), ('triangle.c.xml', 'stmt', 5))"
2024-06-05 14:45:50,584	[INFO]	14      TEST_CODE_ERROR       None (--) [2 edit(s)]  
2024-06-05 14:45:50,584	[DEBUG]	patch(14)="SrcmlStmtDeletion(('triangle.c.xml', 'stmt', 4)) | SrcmlStmtReplacement(('triangle.c.xml', 'stmt', 1), ('triangle.c.xml', 'stmt', 3))"
2024-06-05 14:45:50,585	[INFO]	~~~~ END ~~~~
2024-06-05 14:45:50,585	[INFO]	
2024-06-05 14:45:50,585	[INFO]	==== REPORT ====
2024-06-05 14:45:50,585	[INFO]	Termination: time budget
2024-06-05 14:45:50,585	[INFO]	Retries: 1
2024-06-05 14:45:50,586	[INFO]	Log file: /home/jim/magpie/_magpie_logs/triangle-c_1717595134.log
2024-06-05 14:45:50,586	[INFO]	Patch file: _magpie_logs/triangle-c_1717595134.patch
2024-06-05 14:45:50,586	[INFO]	Diff file: _magpie_logs/triangle-c_1717595134.diff
2024-06-05 14:45:50,586	[INFO]	Reference fitness: 151974.918000
2024-06-05 14:45:50,586	[INFO]	Best fitness: 136296.953000
2024-06-05 14:45:50,586	[INFO]	
2024-06-05 14:45:50,587	[INFO]	==== BEST PATCH ====
SrcmlStmtDeletion(('triangle.c.xml', 'stmt', 4))
2024-06-05 14:45:50,588	[INFO]	
2024-06-05 14:45:50,588	[INFO]	==== DIFF ====
[1m--- before: triangle.c[0m
[1m+++ after: triangle.c[0m
[36m@@ -11,11 +11,7 @@[0m
   delay();
 
   // Sort the sides so that a <= b <= c
[31m-  if(a > b) {[0m
[31m-    tmp = a;[0m
[31m-    a = b;[0m
[31m-    b = tmp;[0m
[31m-  }[0m
[32m+  [0m
 
   if(a > c) {
     tmp = a;

