2024-06-03 11:28:45,194	[DEBUG]	==== CONFIG ====
[magpie]
import = 
seed = 8166255144466572
log_dir = _magpie_logs
work_dir = _magpie_work
local_original_copy = False
local_original_name = __original__
output_encoding = ascii
edit_retries = 10
default_timeout = 30
default_lengthout = 10000.0
diff_method = unified
trust_local_filesystem = True

[magpie.log]
color_output = True
format_info = {counter:<7} {status:<20} {best}{fitness} ({ratio}) [{size}] {cached} {log}
format_debug = patch({counter})="{patch}"{diffifbest}
format_fitness = {:.2f}
format_ratio = {:.2%%}
format_patchif = 
	 --> {patch}
format_diffif = 
	{diff}

[software]
path = examples/triangle-c
target_files = 
	triangle.c.xml
software = BasicSoftware
model_rules = 
	*.params : ParamFileConfigModel
	*.xml : SrcmlModel
	* : LineModel
model_config = 
	*.params : [paramconfig]
	*.xml : [srcml]
init_cmd = bash init_slow.sh
init_timeout = 60
init_lengthout = -1
setup_cmd = 
setup_timeout = 
setup_lengthout = 
compile_cmd = make test_triangle run_triangle
compile_timeout = 
compile_lengthout = 
test_cmd = ./test_triangle
test_timeout = 
test_lengthout = 
run_cmd = ./run_triangle
run_timeout = 1
run_lengthout = 
retries = 1
batch_timeout = 
batch_lengthout = 
batch_bin_fitness_strategy = aggregate
batch_fitness_strategy = sum
fitness = time

[srcml]
rename = 
	stmt: break continue decl_stmt do expr_stmt for goto if return switch while
	number: literal_number
focus = block stmt operator_comp operator_arith number
internodes = block
process_pseudo_blocks = True
process_literals = True
process_operators = True

[paramconfig]
timing = test run
cli_prefix = --
cli_glue = =
cli_boolean = show
cli_boolean_prefix_true = 
cli_boolean_prefix_false = no-
cli_none = hide
silent_prefix = @
silent_suffix = $

[search]
protocol = BasicProtocol
algorithm = FirstImprovement
possible_edits = 
	SrcmlStmtReplacement
	SrcmlStmtInsertion
	SrcmlStmtDeletion
warmup = 3
warmup_strategy = last
max_steps = 100
max_time = 60
target_fitness = 
cache_maxsize = 100
cache_keep = 0.2
batch_instances = 
batch_shuffle = True
batch_bin_shuffle = False
batch_sample_size = 1

[search.ls]
delete_prob = 0.5
max_neighbours = 
when_trapped = continue
accept_fail = False
tabu_length = 10

[search.gp]
pop_size = 10
delete_prob = 0.5
offspring_elitism = 0.1
offspring_crossover = 0.5
offspring_mutation = 0.4
uniform_rate = 0.5
batch_reset = True

[search.minify]
do_cleanup = True
do_rebuild = True
do_simplify = True
round_robin_limit = 3


2024-06-03 11:28:45,195	[DEBUG]	
2024-06-03 11:28:45,195	[INFO]	==== SEARCH: FirstImprovement ====
2024-06-03 11:28:45,195	[INFO]	~~~~ WARMUP ~~~~
2024-06-03 11:28:45,499	[DEBUG]	EXEC>  SUCCESS 0.0863
2024-06-03 11:28:45,500	[INFO]	WARM    SUCCESS               0.09 (--) [0 edit(s)]  
2024-06-03 11:28:45,788	[DEBUG]	EXEC>  SUCCESS 0.0851
2024-06-03 11:28:45,788	[INFO]	WARM    SUCCESS               0.09 (--) [0 edit(s)]  
2024-06-03 11:28:46,070	[DEBUG]	EXEC>  SUCCESS 0.0797
2024-06-03 11:28:46,070	[INFO]	WARM    SUCCESS               0.08 (--) [0 edit(s)]  
2024-06-03 11:28:46,070	[INFO]	REF     SUCCESS               0.08 (--) [0 edit(s)]  
2024-06-03 11:28:46,070	[INFO]	
2024-06-03 11:28:46,070	[INFO]	~~~~ START ~~~~
2024-06-03 11:28:46,347	[DEBUG]	EXEC>  SUCCESS 0.0987
2024-06-03 11:28:46,347	[INFO]	1       SUCCESS               0.10 (123.84%) [1 edit(s)]  
2024-06-03 11:28:46,348	[DEBUG]	patch(1)="SrcmlStmtDeletion(('triangle.c.xml', 'stmt', 4))"
2024-06-03 11:28:46,538	[INFO]	2       TEST_CODE_ERROR       None (--) [1 edit(s)]  
2024-06-03 11:28:46,539	[DEBUG]	patch(2)="SrcmlStmtInsertion(('triangle.c.xml', '_inter_block', 25), ('triangle.c.xml', 'stmt', 21))"
2024-06-03 11:28:46,735	[INFO]	3       TEST_CODE_ERROR       None (--) [1 edit(s)]  
2024-06-03 11:28:46,735	[DEBUG]	patch(3)="SrcmlStmtInsertion(('triangle.c.xml', '_inter_block', 26), ('triangle.c.xml', 'stmt', 22))"
2024-06-03 11:28:46,896	[INFO]	4       TEST_CODE_ERROR       None (--) [1 edit(s)]  
2024-06-03 11:28:46,896	[DEBUG]	patch(4)="SrcmlStmtReplacement(('triangle.c.xml', 'stmt', 4), ('triangle.c.xml', 'stmt', 19))"
2024-06-03 11:28:46,929	[INFO]	5       COMPILE_CODE_ERROR    None (--) [1 edit(s)]  
2024-06-03 11:28:46,930	[DEBUG]	patch(5)="SrcmlStmtReplacement(('triangle.c.xml', 'stmt', 8), ('triangle.c.xml', 'stmt', 2))"
2024-06-03 11:28:47,188	[DEBUG]	EXEC>  SUCCESS 0.081
2024-06-03 11:28:47,188	[INFO]	6       SUCCESS               0.08 (101.63%) [1 edit(s)]  
2024-06-03 11:28:47,188	[DEBUG]	patch(6)="SrcmlStmtInsertion(('triangle.c.xml', '_inter_block', 32), ('triangle.c.xml', 'stmt', 9))"
2024-06-03 11:28:47,189	[INFO]	7       SUCCESS              +0.08 (100.00%) [1 edit(s)] [cached] 
2024-06-03 11:28:47,189	[DEBUG]	patch(7)="SrcmlStmtReplacement(('triangle.c.xml', 'stmt', 15), ('triangle.c.xml', 'stmt', 11))"
2024-06-03 11:28:47,190	[INFO]	8       SUCCESS              +0.08 (100.00%) [2 edit(s)] [cached] 
2024-06-03 11:28:47,190	[DEBUG]	patch(8)="SrcmlStmtReplacement(('triangle.c.xml', 'stmt', 15), ('triangle.c.xml', 'stmt', 11)) | SrcmlStmtReplacement(('triangle.c.xml', 'stmt', 20), ('triangle.c.xml', 'stmt', 20))"
2024-06-03 11:28:47,357	[INFO]	9       TEST_CODE_ERROR       None (--) [3 edit(s)]  
2024-06-03 11:28:47,357	[DEBUG]	patch(9)="SrcmlStmtReplacement(('triangle.c.xml', 'stmt', 15), ('triangle.c.xml', 'stmt', 11)) | SrcmlStmtReplacement(('triangle.c.xml', 'stmt', 20), ('triangle.c.xml', 'stmt', 20)) | SrcmlStmtReplacement(('triangle.c.xml', 'stmt', 10), ('triangle.c.xml', 'stmt', 11))"
2024-06-03 11:28:47,358	[INFO]	10      SUCCESS              +0.08 (100.00%) [1 edit(s)] [cached] 
2024-06-03 11:28:47,358	[DEBUG]	patch(10)="SrcmlStmtReplacement(('triangle.c.xml', 'stmt', 20), ('triangle.c.xml', 'stmt', 20))"
2024-06-03 11:28:47,519	[INFO]	11      TEST_CODE_ERROR       None (--) [2 edit(s)]  
2024-06-03 11:28:47,519	[DEBUG]	patch(11)="SrcmlStmtReplacement(('triangle.c.xml', 'stmt', 20), ('triangle.c.xml', 'stmt', 20)) | SrcmlStmtDeletion(('triangle.c.xml', 'stmt', 20))"
2024-06-03 11:28:47,519	[INFO]	12      SUCCESS              +0.08 (100.00%) [0 edit(s)] [cached] 
2024-06-03 11:28:47,519	[DEBUG]	patch(12)=""
2024-06-03 11:28:47,696	[DEBUG]	EXEC>  SUCCESS 0.0154
2024-06-03 11:28:47,696	[INFO]	13      SUCCESS              *0.02 (19.32%) [1 edit(s)]  
2024-06-03 11:28:47,697	[DEBUG]	patch(13)="SrcmlStmtDeletion(('triangle.c.xml', 'stmt', 3))"
--- before: triangle.c
+++ after: triangle.c
@@ -8,7 +8,7 @@
 int classify_triangle(double a, double b, double c) {
   double tmp;
 
-  delay();
+  
 
   // Sort the sides so that a <= b <= c
   if(a > b) {

2024-06-03 11:28:47,886	[INFO]	14      TEST_CODE_ERROR       None (--) [2 edit(s)]  
2024-06-03 11:28:47,886	[DEBUG]	patch(14)="SrcmlStmtDeletion(('triangle.c.xml', 'stmt', 3)) | SrcmlStmtReplacement(('triangle.c.xml', 'stmt', 4), ('triangle.c.xml', 'stmt', 6))"
2024-06-03 11:28:47,887	[INFO]	15      SUCCESS               0.08 (100.00%) [0 edit(s)] [cached] 
2024-06-03 11:28:47,887	[DEBUG]	patch(15)=""
2024-06-03 11:28:48,031	[INFO]	16      TEST_CODE_ERROR       None (--) [2 edit(s)]  
2024-06-03 11:28:48,031	[DEBUG]	patch(16)="SrcmlStmtDeletion(('triangle.c.xml', 'stmt', 3)) | SrcmlStmtDeletion(('triangle.c.xml', 'stmt', 10))"
2024-06-03 11:28:48,175	[INFO]	17      TEST_CODE_ERROR       None (--) [2 edit(s)]  
2024-06-03 11:28:48,175	[DEBUG]	patch(17)="SrcmlStmtDeletion(('triangle.c.xml', 'stmt', 3)) | SrcmlStmtDeletion(('triangle.c.xml', 'stmt', 21))"
2024-06-03 11:28:48,311	[INFO]	18      TEST_CODE_ERROR       None (--) [2 edit(s)]  
2024-06-03 11:28:48,312	[DEBUG]	patch(18)="SrcmlStmtDeletion(('triangle.c.xml', 'stmt', 3)) | SrcmlStmtDeletion(('triangle.c.xml', 'stmt', 13))"
2024-06-03 11:28:48,335	[INFO]	19      COMPILE_CODE_ERROR    None (--) [2 edit(s)]  
2024-06-03 11:28:48,335	[DEBUG]	patch(19)="SrcmlStmtDeletion(('triangle.c.xml', 'stmt', 3)) | SrcmlStmtReplacement(('triangle.c.xml', 'stmt', 14), ('triangle.c.xml', 'stmt', 1))"
2024-06-03 11:28:48,491	[INFO]	20      TEST_CODE_ERROR       None (--) [2 edit(s)]  
2024-06-03 11:28:48,491	[DEBUG]	patch(20)="SrcmlStmtDeletion(('triangle.c.xml', 'stmt', 3)) | SrcmlStmtReplacement(('triangle.c.xml', 'stmt', 18), ('triangle.c.xml', 'stmt', 22))"
2024-06-03 11:28:48,515	[INFO]	21      COMPILE_CODE_ERROR    None (--) [2 edit(s)]  
2024-06-03 11:28:48,515	[DEBUG]	patch(21)="SrcmlStmtDeletion(('triangle.c.xml', 'stmt', 3)) | SrcmlStmtInsertion(('triangle.c.xml', '_inter_block', 4), ('triangle.c.xml', 'stmt', 16))"
2024-06-03 11:28:48,683	[DEBUG]	EXEC>  SUCCESS 0.0134
2024-06-03 11:28:48,683	[INFO]	22      SUCCESS              *0.01 (16.81%) [2 edit(s)]  
2024-06-03 11:28:48,683	[DEBUG]	patch(22)="SrcmlStmtDeletion(('triangle.c.xml', 'stmt', 3)) | SrcmlStmtDeletion(('triangle.c.xml', 'stmt', 1))"
--- before: triangle.c
+++ after: triangle.c
@@ -2,13 +2,13 @@
 
 void delay() {
   const struct timespec ms = {0, 0.001*1e9}; //tv_sec=0, tv_nsec (0.001 seconds)
-  nanosleep(&ms,NULL); /*ignores possible errors*/
+   /*ignores possible errors*/
 }
 
 int classify_triangle(double a, double b, double c) {
   double tmp;
 
-  delay();
+  
 
   // Sort the sides so that a <= b <= c
   if(a > b) {

2024-06-03 11:28:48,847	[INFO]	23      TEST_CODE_ERROR       None (--) [3 edit(s)]  
2024-06-03 11:28:48,847	[DEBUG]	patch(23)="SrcmlStmtDeletion(('triangle.c.xml', 'stmt', 3)) | SrcmlStmtDeletion(('triangle.c.xml', 'stmt', 1)) | SrcmlStmtInsertion(('triangle.c.xml', '_inter_block', 10), ('triangle.c.xml', 'stmt', 21))"
2024-06-03 11:28:48,848	[INFO]	24      SUCCESS               0.02 (19.32%) [1 edit(s)] [cached] 
2024-06-03 11:28:48,848	[DEBUG]	patch(24)="SrcmlStmtDeletion(('triangle.c.xml', 'stmt', 3))"
2024-06-03 11:28:49,018	[DEBUG]	EXEC>  SUCCESS 0.0106
2024-06-03 11:28:49,018	[INFO]	25      SUCCESS              *0.01 (13.30%) [3 edit(s)]  
2024-06-03 11:28:49,018	[DEBUG]	patch(25)="SrcmlStmtDeletion(('triangle.c.xml', 'stmt', 3)) | SrcmlStmtDeletion(('triangle.c.xml', 'stmt', 1)) | SrcmlStmtInsertion(('triangle.c.xml', '_inter_block', 22), ('triangle.c.xml', 'stmt', 2))"
--- before: triangle.c
+++ after: triangle.c
@@ -2,13 +2,13 @@
 
 void delay() {
   const struct timespec ms = {0, 0.001*1e9}; //tv_sec=0, tv_nsec (0.001 seconds)
-  nanosleep(&ms,NULL); /*ignores possible errors*/
+   /*ignores possible errors*/
 }
 
 int classify_triangle(double a, double b, double c) {
   double tmp;
 
-  delay();
+  
 
   // Sort the sides so that a <= b <= c
   if(a > b) {
@@ -18,6 +18,7 @@
   }
 
   if(a > c) {
+    double tmp;
     tmp = a;
     a = c;
     c = tmp;

2024-06-03 11:28:49,226	[DEBUG]	EXEC>  SUCCESS 0.0153
2024-06-03 11:28:49,226	[INFO]	26      SUCCESS               0.02 (19.20%) [2 edit(s)]  
2024-06-03 11:28:49,227	[DEBUG]	patch(26)="SrcmlStmtDeletion(('triangle.c.xml', 'stmt', 3)) | SrcmlStmtInsertion(('triangle.c.xml', '_inter_block', 22), ('triangle.c.xml', 'stmt', 2))"
2024-06-03 11:28:49,411	[INFO]	27      TEST_CODE_ERROR       None (--) [4 edit(s)]  
2024-06-03 11:28:49,412	[DEBUG]	patch(27)="SrcmlStmtDeletion(('triangle.c.xml', 'stmt', 3)) | SrcmlStmtDeletion(('triangle.c.xml', 'stmt', 1)) | SrcmlStmtInsertion(('triangle.c.xml', '_inter_block', 22), ('triangle.c.xml', 'stmt', 2)) | SrcmlStmtInsertion(('triangle.c.xml', '_inter_block', 23), ('triangle.c.xml', 'stmt', 17))"
2024-06-03 11:28:49,597	[INFO]	28      TEST_CODE_ERROR       None (--) [4 edit(s)]  
2024-06-03 11:28:49,597	[DEBUG]	patch(28)="SrcmlStmtDeletion(('triangle.c.xml', 'stmt', 3)) | SrcmlStmtDeletion(('triangle.c.xml', 'stmt', 1)) | SrcmlStmtInsertion(('triangle.c.xml', '_inter_block', 22), ('triangle.c.xml', 'stmt', 2)) | SrcmlStmtDeletion(('triangle.c.xml', 'stmt', 14))"
2024-06-03 11:28:49,783	[INFO]	29      TEST_CODE_ERROR       None (--) [4 edit(s)]  
2024-06-03 11:28:49,783	[DEBUG]	patch(29)="SrcmlStmtDeletion(('triangle.c.xml', 'stmt', 3)) | SrcmlStmtDeletion(('triangle.c.xml', 'stmt', 1)) | SrcmlStmtInsertion(('triangle.c.xml', '_inter_block', 22), ('triangle.c.xml', 'stmt', 2)) | SrcmlStmtInsertion(('triangle.c.xml', '_inter_block', 20), ('triangle.c.xml', 'stmt', 17))"
2024-06-03 11:28:49,968	[INFO]	30      TEST_CODE_ERROR       None (--) [4 edit(s)]  
2024-06-03 11:28:49,968	[DEBUG]	patch(30)="SrcmlStmtDeletion(('triangle.c.xml', 'stmt', 3)) | SrcmlStmtDeletion(('triangle.c.xml', 'stmt', 1)) | SrcmlStmtInsertion(('triangle.c.xml', '_inter_block', 22), ('triangle.c.xml', 'stmt', 2)) | SrcmlStmtReplacement(('triangle.c.xml', 'stmt', 6), ('triangle.c.xml', 'stmt', 12))"
2024-06-03 11:28:50,166	[INFO]	31      TEST_CODE_ERROR       None (--) [4 edit(s)]  
2024-06-03 11:28:50,166	[DEBUG]	patch(31)="SrcmlStmtDeletion(('triangle.c.xml', 'stmt', 3)) | SrcmlStmtDeletion(('triangle.c.xml', 'stmt', 1)) | SrcmlStmtInsertion(('triangle.c.xml', '_inter_block', 22), ('triangle.c.xml', 'stmt', 2)) | SrcmlStmtDeletion(('triangle.c.xml', 'stmt', 9))"
2024-06-03 11:28:50,206	[INFO]	32      COMPILE_CODE_ERROR    None (--) [4 edit(s)]  
2024-06-03 11:28:50,206	[DEBUG]	patch(32)="SrcmlStmtDeletion(('triangle.c.xml', 'stmt', 3)) | SrcmlStmtDeletion(('triangle.c.xml', 'stmt', 1)) | SrcmlStmtInsertion(('triangle.c.xml', '_inter_block', 22), ('triangle.c.xml', 'stmt', 2)) | SrcmlStmtInsertion(('triangle.c.xml', '_inter_block', 24), ('triangle.c.xml', 'stmt', 2))"
2024-06-03 11:28:50,385	[INFO]	33      TEST_CODE_ERROR       None (--) [4 edit(s)]  
2024-06-03 11:28:50,385	[DEBUG]	patch(33)="SrcmlStmtDeletion(('triangle.c.xml', 'stmt', 3)) | SrcmlStmtDeletion(('triangle.c.xml', 'stmt', 1)) | SrcmlStmtInsertion(('triangle.c.xml', '_inter_block', 22), ('triangle.c.xml', 'stmt', 2)) | SrcmlStmtDeletion(('triangle.c.xml', 'stmt', 6))"
2024-06-03 11:28:50,386	[INFO]	34      SUCCESS               0.01 (16.81%) [2 edit(s)] [cached] 
2024-06-03 11:28:50,386	[DEBUG]	patch(34)="SrcmlStmtDeletion(('triangle.c.xml', 'stmt', 3)) | SrcmlStmtDeletion(('triangle.c.xml', 'stmt', 1))"
2024-06-03 11:28:50,565	[INFO]	35      TEST_CODE_ERROR       None (--) [4 edit(s)]  
2024-06-03 11:28:50,566	[DEBUG]	patch(35)="SrcmlStmtDeletion(('triangle.c.xml', 'stmt', 3)) | SrcmlStmtDeletion(('triangle.c.xml', 'stmt', 1)) | SrcmlStmtInsertion(('triangle.c.xml', '_inter_block', 22), ('triangle.c.xml', 'stmt', 2)) | SrcmlStmtReplacement(('triangle.c.xml', 'stmt', 16), ('triangle.c.xml', 'stmt', 3))"
2024-06-03 11:28:50,566	[INFO]	36      SUCCESS              +0.01 (13.30%) [4 edit(s)] [cached] 
2024-06-03 11:28:50,566	[DEBUG]	patch(36)="SrcmlStmtDeletion(('triangle.c.xml', 'stmt', 3)) | SrcmlStmtDeletion(('triangle.c.xml', 'stmt', 1)) | SrcmlStmtInsertion(('triangle.c.xml', '_inter_block', 22), ('triangle.c.xml', 'stmt', 2)) | SrcmlStmtDeletion(('triangle.c.xml', 'stmt', 1))"
2024-06-03 11:28:50,567	[INFO]	37      SUCCESS              +0.01 (13.30%) [5 edit(s)] [cached] 
2024-06-03 11:28:50,567	[DEBUG]	patch(37)="SrcmlStmtDeletion(('triangle.c.xml', 'stmt', 3)) | SrcmlStmtDeletion(('triangle.c.xml', 'stmt', 1)) | SrcmlStmtInsertion(('triangle.c.xml', '_inter_block', 22), ('triangle.c.xml', 'stmt', 2)) | SrcmlStmtDeletion(('triangle.c.xml', 'stmt', 1)) | SrcmlStmtDeletion(('triangle.c.xml', 'stmt', 3))"
2024-06-03 11:28:50,729	[INFO]	38      TEST_CODE_ERROR       None (--) [6 edit(s)]  
2024-06-03 11:28:50,729	[DEBUG]	patch(38)="SrcmlStmtDeletion(('triangle.c.xml', 'stmt', 3)) | SrcmlStmtDeletion(('triangle.c.xml', 'stmt', 1)) | SrcmlStmtInsertion(('triangle.c.xml', '_inter_block', 22), ('triangle.c.xml', 'stmt', 2)) | SrcmlStmtDeletion(('triangle.c.xml', 'stmt', 1)) | SrcmlStmtDeletion(('triangle.c.xml', 'stmt', 3)) | SrcmlStmtReplacement(('triangle.c.xml', 'stmt', 9), ('triangle.c.xml', 'stmt', 12))"
2024-06-03 11:28:50,770	[INFO]	39      COMPILE_CODE_ERROR    None (--) [6 edit(s)]  
2024-06-03 11:28:50,770	[DEBUG]	patch(39)="SrcmlStmtDeletion(('triangle.c.xml', 'stmt', 3)) | SrcmlStmtDeletion(('triangle.c.xml', 'stmt', 1)) | SrcmlStmtInsertion(('triangle.c.xml', '_inter_block', 22), ('triangle.c.xml', 'stmt', 2)) | SrcmlStmtDeletion(('triangle.c.xml', 'stmt', 1)) | SrcmlStmtDeletion(('triangle.c.xml', 'stmt', 3)) | SrcmlStmtReplacement(('triangle.c.xml', 'stmt', 1), ('triangle.c.xml', 'stmt', 4))"
2024-06-03 11:28:50,923	[INFO]	40      TEST_CODE_ERROR       None (--) [6 edit(s)]  
2024-06-03 11:28:50,923	[DEBUG]	patch(40)="SrcmlStmtDeletion(('triangle.c.xml', 'stmt', 3)) | SrcmlStmtDeletion(('triangle.c.xml', 'stmt', 1)) | SrcmlStmtInsertion(('triangle.c.xml', '_inter_block', 22), ('triangle.c.xml', 'stmt', 2)) | SrcmlStmtDeletion(('triangle.c.xml', 'stmt', 1)) | SrcmlStmtDeletion(('triangle.c.xml', 'stmt', 3)) | SrcmlStmtDeletion(('triangle.c.xml', 'stmt', 20))"
2024-06-03 11:28:50,925	[INFO]	41      SUCCESS               0.01 (16.81%) [4 edit(s)] [cached] 
2024-06-03 11:28:50,925	[DEBUG]	patch(41)="SrcmlStmtDeletion(('triangle.c.xml', 'stmt', 3)) | SrcmlStmtDeletion(('triangle.c.xml', 'stmt', 1)) | SrcmlStmtDeletion(('triangle.c.xml', 'stmt', 1)) | SrcmlStmtDeletion(('triangle.c.xml', 'stmt', 3))"
2024-06-03 11:28:51,088	[DEBUG]	EXEC>  SUCCESS 0.0135
2024-06-03 11:28:51,089	[INFO]	42      SUCCESS               0.01 (16.94%) [6 edit(s)]  
2024-06-03 11:28:51,089	[DEBUG]	patch(42)="SrcmlStmtDeletion(('triangle.c.xml', 'stmt', 3)) | SrcmlStmtDeletion(('triangle.c.xml', 'stmt', 1)) | SrcmlStmtInsertion(('triangle.c.xml', '_inter_block', 22), ('triangle.c.xml', 'stmt', 2)) | SrcmlStmtDeletion(('triangle.c.xml', 'stmt', 1)) | SrcmlStmtDeletion(('triangle.c.xml', 'stmt', 3)) | SrcmlStmtInsertion(('triangle.c.xml', '_inter_block', 17), ('triangle.c.xml', 'stmt', 5))"
2024-06-03 11:28:51,247	[INFO]	43      TEST_CODE_ERROR       None (--) [6 edit(s)]  
2024-06-03 11:28:51,247	[DEBUG]	patch(43)="SrcmlStmtDeletion(('triangle.c.xml', 'stmt', 3)) | SrcmlStmtDeletion(('triangle.c.xml', 'stmt', 1)) | SrcmlStmtInsertion(('triangle.c.xml', '_inter_block', 22), ('triangle.c.xml', 'stmt', 2)) | SrcmlStmtDeletion(('triangle.c.xml', 'stmt', 1)) | SrcmlStmtDeletion(('triangle.c.xml', 'stmt', 3)) | SrcmlStmtInsertion(('triangle.c.xml', '_inter_block', 11), ('triangle.c.xml', 'stmt', 10))"
2024-06-03 11:28:51,400	[INFO]	44      TEST_CODE_ERROR       None (--) [6 edit(s)]  
2024-06-03 11:28:51,401	[DEBUG]	patch(44)="SrcmlStmtDeletion(('triangle.c.xml', 'stmt', 3)) | SrcmlStmtDeletion(('triangle.c.xml', 'stmt', 1)) | SrcmlStmtInsertion(('triangle.c.xml', '_inter_block', 22), ('triangle.c.xml', 'stmt', 2)) | SrcmlStmtDeletion(('triangle.c.xml', 'stmt', 1)) | SrcmlStmtDeletion(('triangle.c.xml', 'stmt', 3)) | SrcmlStmtReplacement(('triangle.c.xml', 'stmt', 10), ('triangle.c.xml', 'stmt', 16))"
2024-06-03 11:28:51,402	[INFO]	45      SUCCESS              +0.01 (13.30%) [4 edit(s)] [cached] 
2024-06-03 11:28:51,402	[DEBUG]	patch(45)="SrcmlStmtDeletion(('triangle.c.xml', 'stmt', 3)) | SrcmlStmtDeletion(('triangle.c.xml', 'stmt', 1)) | SrcmlStmtInsertion(('triangle.c.xml', '_inter_block', 22), ('triangle.c.xml', 'stmt', 2)) | SrcmlStmtDeletion(('triangle.c.xml', 'stmt', 1))"
2024-06-03 11:28:51,403	[INFO]	46      SUCCESS               0.01 (16.81%) [3 edit(s)] [cached] 
2024-06-03 11:28:51,403	[DEBUG]	patch(46)="SrcmlStmtDeletion(('triangle.c.xml', 'stmt', 3)) | SrcmlStmtDeletion(('triangle.c.xml', 'stmt', 1)) | SrcmlStmtDeletion(('triangle.c.xml', 'stmt', 1))"
2024-06-03 11:28:51,574	[INFO]	47      TEST_CODE_ERROR       None (--) [5 edit(s)]  
2024-06-03 11:28:51,574	[DEBUG]	patch(47)="SrcmlStmtDeletion(('triangle.c.xml', 'stmt', 3)) | SrcmlStmtDeletion(('triangle.c.xml', 'stmt', 1)) | SrcmlStmtInsertion(('triangle.c.xml', '_inter_block', 22), ('triangle.c.xml', 'stmt', 2)) | SrcmlStmtDeletion(('triangle.c.xml', 'stmt', 1)) | SrcmlStmtReplacement(('triangle.c.xml', 'stmt', 22), ('triangle.c.xml', 'stmt', 7))"
2024-06-03 11:28:51,744	[INFO]	48      TEST_CODE_ERROR       None (--) [5 edit(s)]  
2024-06-03 11:28:51,744	[DEBUG]	patch(48)="SrcmlStmtDeletion(('triangle.c.xml', 'stmt', 3)) | SrcmlStmtDeletion(('triangle.c.xml', 'stmt', 1)) | SrcmlStmtInsertion(('triangle.c.xml', '_inter_block', 22), ('triangle.c.xml', 'stmt', 2)) | SrcmlStmtDeletion(('triangle.c.xml', 'stmt', 1)) | SrcmlStmtReplacement(('triangle.c.xml', 'stmt', 14), ('triangle.c.xml', 'stmt', 2))"
2024-06-03 11:28:51,942	[INFO]	49      TEST_CODE_ERROR       None (--) [5 edit(s)]  
2024-06-03 11:28:51,942	[DEBUG]	patch(49)="SrcmlStmtDeletion(('triangle.c.xml', 'stmt', 3)) | SrcmlStmtDeletion(('triangle.c.xml', 'stmt', 1)) | SrcmlStmtInsertion(('triangle.c.xml', '_inter_block', 22), ('triangle.c.xml', 'stmt', 2)) | SrcmlStmtDeletion(('triangle.c.xml', 'stmt', 1)) | SrcmlStmtDeletion(('triangle.c.xml', 'stmt', 15))"
2024-06-03 11:28:52,108	[INFO]	50      TEST_CODE_ERROR       None (--) [5 edit(s)]  
2024-06-03 11:28:52,108	[DEBUG]	patch(50)="SrcmlStmtDeletion(('triangle.c.xml', 'stmt', 3)) | SrcmlStmtDeletion(('triangle.c.xml', 'stmt', 1)) | SrcmlStmtInsertion(('triangle.c.xml', '_inter_block', 22), ('triangle.c.xml', 'stmt', 2)) | SrcmlStmtDeletion(('triangle.c.xml', 'stmt', 1)) | SrcmlStmtDeletion(('triangle.c.xml', 'stmt', 18))"
2024-06-03 11:28:52,293	[INFO]	51      TEST_CODE_ERROR       None (--) [5 edit(s)]  
2024-06-03 11:28:52,293	[DEBUG]	patch(51)="SrcmlStmtDeletion(('triangle.c.xml', 'stmt', 3)) | SrcmlStmtDeletion(('triangle.c.xml', 'stmt', 1)) | SrcmlStmtInsertion(('triangle.c.xml', '_inter_block', 22), ('triangle.c.xml', 'stmt', 2)) | SrcmlStmtDeletion(('triangle.c.xml', 'stmt', 1)) | SrcmlStmtReplacement(('triangle.c.xml', 'stmt', 21), ('triangle.c.xml', 'stmt', 2))"
2024-06-03 11:28:52,334	[INFO]	52      COMPILE_CODE_ERROR    None (--) [5 edit(s)]  
2024-06-03 11:28:52,334	[DEBUG]	patch(52)="SrcmlStmtDeletion(('triangle.c.xml', 'stmt', 3)) | SrcmlStmtDeletion(('triangle.c.xml', 'stmt', 1)) | SrcmlStmtInsertion(('triangle.c.xml', '_inter_block', 22), ('triangle.c.xml', 'stmt', 2)) | SrcmlStmtDeletion(('triangle.c.xml', 'stmt', 1)) | SrcmlStmtReplacement(('triangle.c.xml', 'stmt', 2), ('triangle.c.xml', 'stmt', 0))"
2024-06-03 11:28:52,497	[INFO]	53      TEST_CODE_ERROR       None (--) [5 edit(s)]  
2024-06-03 11:28:52,498	[DEBUG]	patch(53)="SrcmlStmtDeletion(('triangle.c.xml', 'stmt', 3)) | SrcmlStmtDeletion(('triangle.c.xml', 'stmt', 1)) | SrcmlStmtInsertion(('triangle.c.xml', '_inter_block', 22), ('triangle.c.xml', 'stmt', 2)) | SrcmlStmtDeletion(('triangle.c.xml', 'stmt', 1)) | SrcmlStmtReplacement(('triangle.c.xml', 'stmt', 15), ('triangle.c.xml', 'stmt', 8))"
2024-06-03 11:28:52,662	[INFO]	54      TEST_CODE_ERROR       None (--) [5 edit(s)]  
2024-06-03 11:28:52,662	[DEBUG]	patch(54)="SrcmlStmtDeletion(('triangle.c.xml', 'stmt', 3)) | SrcmlStmtDeletion(('triangle.c.xml', 'stmt', 1)) | SrcmlStmtInsertion(('triangle.c.xml', '_inter_block', 22), ('triangle.c.xml', 'stmt', 2)) | SrcmlStmtDeletion(('triangle.c.xml', 'stmt', 1)) | SrcmlStmtReplacement(('triangle.c.xml', 'stmt', 7), ('triangle.c.xml', 'stmt', 16))"
2024-06-03 11:28:52,845	[INFO]	55      TEST_CODE_ERROR       None (--) [5 edit(s)]  
2024-06-03 11:28:52,846	[DEBUG]	patch(55)="SrcmlStmtDeletion(('triangle.c.xml', 'stmt', 3)) | SrcmlStmtDeletion(('triangle.c.xml', 'stmt', 1)) | SrcmlStmtInsertion(('triangle.c.xml', '_inter_block', 22), ('triangle.c.xml', 'stmt', 2)) | SrcmlStmtDeletion(('triangle.c.xml', 'stmt', 1)) | SrcmlStmtReplacement(('triangle.c.xml', 'stmt', 6), ('triangle.c.xml', 'stmt', 20))"
2024-06-03 11:28:52,847	[INFO]	56      SUCCESS              +0.01 (13.30%) [3 edit(s)] [cached] 
2024-06-03 11:28:52,847	[DEBUG]	patch(56)="SrcmlStmtDeletion(('triangle.c.xml', 'stmt', 3)) | SrcmlStmtInsertion(('triangle.c.xml', '_inter_block', 22), ('triangle.c.xml', 'stmt', 2)) | SrcmlStmtDeletion(('triangle.c.xml', 'stmt', 1))"
2024-06-03 11:28:52,887	[INFO]	57      COMPILE_CODE_ERROR    None (--) [4 edit(s)]  
2024-06-03 11:28:52,887	[DEBUG]	patch(57)="SrcmlStmtDeletion(('triangle.c.xml', 'stmt', 3)) | SrcmlStmtInsertion(('triangle.c.xml', '_inter_block', 22), ('triangle.c.xml', 'stmt', 2)) | SrcmlStmtDeletion(('triangle.c.xml', 'stmt', 1)) | SrcmlStmtReplacement(('triangle.c.xml', 'stmt', 10), ('triangle.c.xml', 'stmt', 2))"
2024-06-03 11:28:52,889	[INFO]	58      SUCCESS               0.01 (16.81%) [2 edit(s)] [cached] 
2024-06-03 11:28:52,889	[DEBUG]	patch(58)="SrcmlStmtDeletion(('triangle.c.xml', 'stmt', 3)) | SrcmlStmtDeletion(('triangle.c.xml', 'stmt', 1))"
2024-06-03 11:28:53,094	[DEBUG]	EXEC>  SUCCESS 0.0149
2024-06-03 11:28:53,094	[INFO]	59      SUCCESS               0.01 (18.70%) [4 edit(s)]  
2024-06-03 11:28:53,094	[DEBUG]	patch(59)="SrcmlStmtDeletion(('triangle.c.xml', 'stmt', 3)) | SrcmlStmtInsertion(('triangle.c.xml', '_inter_block', 22), ('triangle.c.xml', 'stmt', 2)) | SrcmlStmtDeletion(('triangle.c.xml', 'stmt', 1)) | SrcmlStmtInsertion(('triangle.c.xml', '_inter_block', 28), ('triangle.c.xml', 'stmt', 15))"
2024-06-03 11:28:53,096	[INFO]	60      TEST_CODE_ERROR       None (--) [4 edit(s)] [cached] 
2024-06-03 11:28:53,096	[DEBUG]	patch(60)="SrcmlStmtDeletion(('triangle.c.xml', 'stmt', 3)) | SrcmlStmtInsertion(('triangle.c.xml', '_inter_block', 22), ('triangle.c.xml', 'stmt', 2)) | SrcmlStmtDeletion(('triangle.c.xml', 'stmt', 1)) | SrcmlStmtDeletion(('triangle.c.xml', 'stmt', 20))"
2024-06-03 11:28:53,277	[INFO]	61      TEST_CODE_ERROR       None (--) [4 edit(s)]  
2024-06-03 11:28:53,278	[DEBUG]	patch(61)="SrcmlStmtDeletion(('triangle.c.xml', 'stmt', 3)) | SrcmlStmtInsertion(('triangle.c.xml', '_inter_block', 22), ('triangle.c.xml', 'stmt', 2)) | SrcmlStmtDeletion(('triangle.c.xml', 'stmt', 1)) | SrcmlStmtDeletion(('triangle.c.xml', 'stmt', 10))"
2024-06-03 11:28:53,459	[DEBUG]	EXEC>  SUCCESS 0.0148
2024-06-03 11:28:53,460	[INFO]	62      SUCCESS               0.01 (18.57%) [2 edit(s)]  
2024-06-03 11:28:53,460	[DEBUG]	patch(62)="SrcmlStmtInsertion(('triangle.c.xml', '_inter_block', 22), ('triangle.c.xml', 'stmt', 2)) | SrcmlStmtDeletion(('triangle.c.xml', 'stmt', 1))"
2024-06-03 11:28:53,643	[INFO]	63      TEST_CODE_ERROR       None (--) [4 edit(s)]  
2024-06-03 11:28:53,644	[DEBUG]	patch(63)="SrcmlStmtDeletion(('triangle.c.xml', 'stmt', 3)) | SrcmlStmtInsertion(('triangle.c.xml', '_inter_block', 22), ('triangle.c.xml', 'stmt', 2)) | SrcmlStmtDeletion(('triangle.c.xml', 'stmt', 1)) | SrcmlStmtReplacement(('triangle.c.xml', 'stmt', 20), ('triangle.c.xml', 'stmt', 3))"
2024-06-03 11:28:53,645	[INFO]	64      SUCCESS               0.02 (19.20%) [2 edit(s)] [cached] 
2024-06-03 11:28:53,645	[DEBUG]	patch(64)="SrcmlStmtDeletion(('triangle.c.xml', 'stmt', 3)) | SrcmlStmtInsertion(('triangle.c.xml', '_inter_block', 22), ('triangle.c.xml', 'stmt', 2))"
2024-06-03 11:28:53,680	[INFO]	65      COMPILE_CODE_ERROR    None (--) [4 edit(s)]  
2024-06-03 11:28:53,680	[DEBUG]	patch(65)="SrcmlStmtDeletion(('triangle.c.xml', 'stmt', 3)) | SrcmlStmtInsertion(('triangle.c.xml', '_inter_block', 22), ('triangle.c.xml', 'stmt', 2)) | SrcmlStmtDeletion(('triangle.c.xml', 'stmt', 1)) | SrcmlStmtReplacement(('triangle.c.xml', 'stmt', 21), ('triangle.c.xml', 'stmt', 1))"
2024-06-03 11:28:53,682	[INFO]	66      TEST_CODE_ERROR       None (--) [4 edit(s)] [cached] 
2024-06-03 11:28:53,682	[DEBUG]	patch(66)="SrcmlStmtDeletion(('triangle.c.xml', 'stmt', 3)) | SrcmlStmtInsertion(('triangle.c.xml', '_inter_block', 22), ('triangle.c.xml', 'stmt', 2)) | SrcmlStmtDeletion(('triangle.c.xml', 'stmt', 1)) | SrcmlStmtDeletion(('triangle.c.xml', 'stmt', 6))"
2024-06-03 11:28:53,880	[INFO]	67      TEST_CODE_ERROR       None (--) [4 edit(s)]  
2024-06-03 11:28:53,880	[DEBUG]	patch(67)="SrcmlStmtDeletion(('triangle.c.xml', 'stmt', 3)) | SrcmlStmtInsertion(('triangle.c.xml', '_inter_block', 22), ('triangle.c.xml', 'stmt', 2)) | SrcmlStmtDeletion(('triangle.c.xml', 'stmt', 1)) | SrcmlStmtReplacement(('triangle.c.xml', 'stmt', 6), ('triangle.c.xml', 'stmt', 8))"
2024-06-03 11:28:54,101	[DEBUG]	EXEC>  SUCCESS 0.015
2024-06-03 11:28:54,101	[INFO]	68      SUCCESS               0.01 (18.82%) [4 edit(s)]  
2024-06-03 11:28:54,101	[DEBUG]	patch(68)="SrcmlStmtDeletion(('triangle.c.xml', 'stmt', 3)) | SrcmlStmtInsertion(('triangle.c.xml', '_inter_block', 22), ('triangle.c.xml', 'stmt', 2)) | SrcmlStmtDeletion(('triangle.c.xml', 'stmt', 1)) | SrcmlStmtInsertion(('triangle.c.xml', '_inter_block', 25), ('triangle.c.xml', 'stmt', 12))"
2024-06-03 11:28:54,298	[INFO]	69      TEST_CODE_ERROR       None (--) [4 edit(s)]  
2024-06-03 11:28:54,298	[DEBUG]	patch(69)="SrcmlStmtDeletion(('triangle.c.xml', 'stmt', 3)) | SrcmlStmtInsertion(('triangle.c.xml', '_inter_block', 22), ('triangle.c.xml', 'stmt', 2)) | SrcmlStmtDeletion(('triangle.c.xml', 'stmt', 1)) | SrcmlStmtDeletion(('triangle.c.xml', 'stmt', 16))"
2024-06-03 11:28:54,475	[INFO]	70      TEST_CODE_ERROR       None (--) [4 edit(s)]  
2024-06-03 11:28:54,475	[DEBUG]	patch(70)="SrcmlStmtDeletion(('triangle.c.xml', 'stmt', 3)) | SrcmlStmtInsertion(('triangle.c.xml', '_inter_block', 22), ('triangle.c.xml', 'stmt', 2)) | SrcmlStmtDeletion(('triangle.c.xml', 'stmt', 1)) | SrcmlStmtDeletion(('triangle.c.xml', 'stmt', 12))"
2024-06-03 11:28:54,634	[DEBUG]	EXEC>  SUCCESS 0.0107
2024-06-03 11:28:54,634	[INFO]	71      SUCCESS               0.01 (13.43%) [4 edit(s)]  
2024-06-03 11:28:54,634	[DEBUG]	patch(71)="SrcmlStmtDeletion(('triangle.c.xml', 'stmt', 3)) | SrcmlStmtInsertion(('triangle.c.xml', '_inter_block', 22), ('triangle.c.xml', 'stmt', 2)) | SrcmlStmtDeletion(('triangle.c.xml', 'stmt', 1)) | SrcmlStmtInsertion(('triangle.c.xml', '_inter_block', 14), ('triangle.c.xml', 'stmt', 8))"
2024-06-03 11:28:54,666	[INFO]	72      COMPILE_CODE_ERROR    None (--) [4 edit(s)]  
2024-06-03 11:28:54,666	[DEBUG]	patch(72)="SrcmlStmtDeletion(('triangle.c.xml', 'stmt', 3)) | SrcmlStmtInsertion(('triangle.c.xml', '_inter_block', 22), ('triangle.c.xml', 'stmt', 2)) | SrcmlStmtDeletion(('triangle.c.xml', 'stmt', 1)) | SrcmlStmtInsertion(('triangle.c.xml', '_inter_block', 6), ('triangle.c.xml', 'stmt', 4))"
2024-06-03 11:28:54,702	[INFO]	73      COMPILE_CODE_ERROR    None (--) [4 edit(s)]  
2024-06-03 11:28:54,702	[DEBUG]	patch(73)="SrcmlStmtDeletion(('triangle.c.xml', 'stmt', 3)) | SrcmlStmtInsertion(('triangle.c.xml', '_inter_block', 22), ('triangle.c.xml', 'stmt', 2)) | SrcmlStmtDeletion(('triangle.c.xml', 'stmt', 1)) | SrcmlStmtReplacement(('triangle.c.xml', 'stmt', 2), ('triangle.c.xml', 'stmt', 1))"
2024-06-03 11:28:54,829	[INFO]	74      TEST_CODE_ERROR       None (--) [4 edit(s)]  
2024-06-03 11:28:54,829	[DEBUG]	patch(74)="SrcmlStmtDeletion(('triangle.c.xml', 'stmt', 3)) | SrcmlStmtInsertion(('triangle.c.xml', '_inter_block', 22), ('triangle.c.xml', 'stmt', 2)) | SrcmlStmtDeletion(('triangle.c.xml', 'stmt', 1)) | SrcmlStmtReplacement(('triangle.c.xml', 'stmt', 4), ('triangle.c.xml', 'stmt', 19))"
2024-06-03 11:28:54,972	[INFO]	75      TEST_CODE_ERROR       None (--) [4 edit(s)]  
2024-06-03 11:28:54,972	[DEBUG]	patch(75)="SrcmlStmtDeletion(('triangle.c.xml', 'stmt', 3)) | SrcmlStmtInsertion(('triangle.c.xml', '_inter_block', 22), ('triangle.c.xml', 'stmt', 2)) | SrcmlStmtDeletion(('triangle.c.xml', 'stmt', 1)) | SrcmlStmtDeletion(('triangle.c.xml', 'stmt', 17))"
2024-06-03 11:28:55,176	[INFO]	76      TEST_CODE_ERROR       None (--) [4 edit(s)]  
2024-06-03 11:28:55,176	[DEBUG]	patch(76)="SrcmlStmtDeletion(('triangle.c.xml', 'stmt', 3)) | SrcmlStmtInsertion(('triangle.c.xml', '_inter_block', 22), ('triangle.c.xml', 'stmt', 2)) | SrcmlStmtDeletion(('triangle.c.xml', 'stmt', 1)) | SrcmlStmtReplacement(('triangle.c.xml', 'stmt', 19), ('triangle.c.xml', 'stmt', 22))"
2024-06-03 11:28:55,372	[INFO]	77      TEST_CODE_ERROR       None (--) [4 edit(s)]  
2024-06-03 11:28:55,372	[DEBUG]	patch(77)="SrcmlStmtDeletion(('triangle.c.xml', 'stmt', 3)) | SrcmlStmtInsertion(('triangle.c.xml', '_inter_block', 22), ('triangle.c.xml', 'stmt', 2)) | SrcmlStmtDeletion(('triangle.c.xml', 'stmt', 1)) | SrcmlStmtDeletion(('triangle.c.xml', 'stmt', 19))"
2024-06-03 11:28:55,553	[INFO]	78      TEST_CODE_ERROR       None (--) [4 edit(s)]  
2024-06-03 11:28:55,554	[DEBUG]	patch(78)="SrcmlStmtDeletion(('triangle.c.xml', 'stmt', 3)) | SrcmlStmtInsertion(('triangle.c.xml', '_inter_block', 22), ('triangle.c.xml', 'stmt', 2)) | SrcmlStmtDeletion(('triangle.c.xml', 'stmt', 1)) | SrcmlStmtInsertion(('triangle.c.xml', '_inter_block', 18), ('triangle.c.xml', 'stmt', 21))"
2024-06-03 11:28:55,716	[DEBUG]	EXEC>  SUCCESS 0.0106
2024-06-03 11:28:55,717	[INFO]	79      SUCCESS              +0.01 (13.30%) [4 edit(s)]  
2024-06-03 11:28:55,717	[DEBUG]	patch(79)="SrcmlStmtDeletion(('triangle.c.xml', 'stmt', 3)) | SrcmlStmtInsertion(('triangle.c.xml', '_inter_block', 22), ('triangle.c.xml', 'stmt', 2)) | SrcmlStmtDeletion(('triangle.c.xml', 'stmt', 1)) | SrcmlStmtInsertion(('triangle.c.xml', '_inter_block', 26), ('triangle.c.xml', 'stmt', 16))"
2024-06-03 11:28:55,882	[DEBUG]	EXEC>  SUCCESS 0.0106
2024-06-03 11:28:55,882	[INFO]	80      SUCCESS              +0.01 (13.30%) [3 edit(s)]  
2024-06-03 11:28:55,882	[DEBUG]	patch(80)="SrcmlStmtDeletion(('triangle.c.xml', 'stmt', 3)) | SrcmlStmtDeletion(('triangle.c.xml', 'stmt', 1)) | SrcmlStmtInsertion(('triangle.c.xml', '_inter_block', 26), ('triangle.c.xml', 'stmt', 16))"
2024-06-03 11:28:56,095	[DEBUG]	EXEC>  SUCCESS 0.0149
2024-06-03 11:28:56,095	[INFO]	81      SUCCESS               0.01 (18.70%) [2 edit(s)]  
2024-06-03 11:28:56,095	[DEBUG]	patch(81)="SrcmlStmtDeletion(('triangle.c.xml', 'stmt', 3)) | SrcmlStmtInsertion(('triangle.c.xml', '_inter_block', 26), ('triangle.c.xml', 'stmt', 16))"
2024-06-03 11:28:56,096	[INFO]	82      SUCCESS               0.01 (16.81%) [2 edit(s)] [cached] 
2024-06-03 11:28:56,096	[DEBUG]	patch(82)="SrcmlStmtDeletion(('triangle.c.xml', 'stmt', 3)) | SrcmlStmtDeletion(('triangle.c.xml', 'stmt', 1))"
2024-06-03 11:28:56,295	[INFO]	83      TEST_CODE_ERROR       None (--) [4 edit(s)]  
2024-06-03 11:28:56,295	[DEBUG]	patch(83)="SrcmlStmtDeletion(('triangle.c.xml', 'stmt', 3)) | SrcmlStmtDeletion(('triangle.c.xml', 'stmt', 1)) | SrcmlStmtInsertion(('triangle.c.xml', '_inter_block', 26), ('triangle.c.xml', 'stmt', 16)) | SrcmlStmtInsertion(('triangle.c.xml', '_inter_block', 18), ('triangle.c.xml', 'stmt', 6))"
2024-06-03 11:28:56,508	[DEBUG]	EXEC>  SUCCESS 0.0149
2024-06-03 11:28:56,509	[INFO]	84      SUCCESS               0.01 (18.70%) [2 edit(s)]  
2024-06-03 11:28:56,509	[DEBUG]	patch(84)="SrcmlStmtDeletion(('triangle.c.xml', 'stmt', 1)) | SrcmlStmtInsertion(('triangle.c.xml', '_inter_block', 26), ('triangle.c.xml', 'stmt', 16))"
2024-06-03 11:28:56,697	[INFO]	85      TEST_CODE_ERROR       None (--) [4 edit(s)]  
2024-06-03 11:28:56,697	[DEBUG]	patch(85)="SrcmlStmtDeletion(('triangle.c.xml', 'stmt', 3)) | SrcmlStmtDeletion(('triangle.c.xml', 'stmt', 1)) | SrcmlStmtInsertion(('triangle.c.xml', '_inter_block', 26), ('triangle.c.xml', 'stmt', 16)) | SrcmlStmtDeletion(('triangle.c.xml', 'stmt', 7))"
2024-06-03 11:28:56,893	[DEBUG]	EXEC>  SUCCESS 0.0148
2024-06-03 11:28:56,893	[INFO]	86      SUCCESS               0.01 (18.57%) [4 edit(s)]  
2024-06-03 11:28:56,893	[DEBUG]	patch(86)="SrcmlStmtDeletion(('triangle.c.xml', 'stmt', 3)) | SrcmlStmtDeletion(('triangle.c.xml', 'stmt', 1)) | SrcmlStmtInsertion(('triangle.c.xml', '_inter_block', 26), ('triangle.c.xml', 'stmt', 16)) | SrcmlStmtDeletion(('triangle.c.xml', 'stmt', 0))"
2024-06-03 11:28:57,067	[INFO]	87      TEST_CODE_ERROR       None (--) [4 edit(s)]  
2024-06-03 11:28:57,068	[DEBUG]	patch(87)="SrcmlStmtDeletion(('triangle.c.xml', 'stmt', 3)) | SrcmlStmtDeletion(('triangle.c.xml', 'stmt', 1)) | SrcmlStmtInsertion(('triangle.c.xml', '_inter_block', 26), ('triangle.c.xml', 'stmt', 16)) | SrcmlStmtInsertion(('triangle.c.xml', '_inter_block', 21), ('triangle.c.xml', 'stmt', 14))"
2024-06-03 11:28:57,254	[INFO]	88      TEST_CODE_ERROR       None (--) [4 edit(s)]  
2024-06-03 11:28:57,254	[DEBUG]	patch(88)="SrcmlStmtDeletion(('triangle.c.xml', 'stmt', 3)) | SrcmlStmtDeletion(('triangle.c.xml', 'stmt', 1)) | SrcmlStmtInsertion(('triangle.c.xml', '_inter_block', 26), ('triangle.c.xml', 'stmt', 16)) | SrcmlStmtReplacement(('triangle.c.xml', 'stmt', 18), ('triangle.c.xml', 'stmt', 8))"
2024-06-03 11:28:57,436	[DEBUG]	EXEC>  SUCCESS 0.0149
2024-06-03 11:28:57,437	[INFO]	89      SUCCESS               0.01 (18.70%) [4 edit(s)]  
2024-06-03 11:28:57,437	[DEBUG]	patch(89)="SrcmlStmtDeletion(('triangle.c.xml', 'stmt', 3)) | SrcmlStmtDeletion(('triangle.c.xml', 'stmt', 1)) | SrcmlStmtInsertion(('triangle.c.xml', '_inter_block', 26), ('triangle.c.xml', 'stmt', 16)) | SrcmlStmtInsertion(('triangle.c.xml', '_inter_block', 35), ('triangle.c.xml', 'stmt', 8))"
2024-06-03 11:28:57,464	[INFO]	90      COMPILE_CODE_ERROR    None (--) [4 edit(s)]  
2024-06-03 11:28:57,464	[DEBUG]	patch(90)="SrcmlStmtDeletion(('triangle.c.xml', 'stmt', 3)) | SrcmlStmtDeletion(('triangle.c.xml', 'stmt', 1)) | SrcmlStmtInsertion(('triangle.c.xml', '_inter_block', 26), ('triangle.c.xml', 'stmt', 16)) | SrcmlStmtInsertion(('triangle.c.xml', '_inter_block', 4), ('triangle.c.xml', 'stmt', 8))"
2024-06-03 11:28:57,613	[INFO]	91      TEST_CODE_ERROR       None (--) [4 edit(s)]  
2024-06-03 11:28:57,613	[DEBUG]	patch(91)="SrcmlStmtDeletion(('triangle.c.xml', 'stmt', 3)) | SrcmlStmtDeletion(('triangle.c.xml', 'stmt', 1)) | SrcmlStmtInsertion(('triangle.c.xml', '_inter_block', 26), ('triangle.c.xml', 'stmt', 16)) | SrcmlStmtReplacement(('triangle.c.xml', 'stmt', 15), ('triangle.c.xml', 'stmt', 21))"
2024-06-03 11:28:57,758	[INFO]	92      TEST_CODE_ERROR       None (--) [4 edit(s)]  
2024-06-03 11:28:57,758	[DEBUG]	patch(92)="SrcmlStmtDeletion(('triangle.c.xml', 'stmt', 3)) | SrcmlStmtDeletion(('triangle.c.xml', 'stmt', 1)) | SrcmlStmtInsertion(('triangle.c.xml', '_inter_block', 26), ('triangle.c.xml', 'stmt', 16)) | SrcmlStmtDeletion(('triangle.c.xml', 'stmt', 11))"
2024-06-03 11:28:57,759	[INFO]	93      TEST_CODE_ERROR       None (--) [4 edit(s)] [cached] 
2024-06-03 11:28:57,759	[DEBUG]	patch(93)="SrcmlStmtDeletion(('triangle.c.xml', 'stmt', 3)) | SrcmlStmtDeletion(('triangle.c.xml', 'stmt', 1)) | SrcmlStmtInsertion(('triangle.c.xml', '_inter_block', 26), ('triangle.c.xml', 'stmt', 16)) | SrcmlStmtDeletion(('triangle.c.xml', 'stmt', 7))"
2024-06-03 11:28:57,898	[DEBUG]	EXEC>  SUCCESS 0.01
2024-06-03 11:28:57,898	[INFO]	94      SUCCESS              *0.01 (12.55%) [4 edit(s)]  
2024-06-03 11:28:57,898	[DEBUG]	patch(94)="SrcmlStmtDeletion(('triangle.c.xml', 'stmt', 3)) | SrcmlStmtDeletion(('triangle.c.xml', 'stmt', 1)) | SrcmlStmtInsertion(('triangle.c.xml', '_inter_block', 26), ('triangle.c.xml', 'stmt', 16)) | SrcmlStmtDeletion(('triangle.c.xml', 'stmt', 8))"
--- before: triangle.c
+++ after: triangle.c
@@ -2,13 +2,13 @@
 
 void delay() {
   const struct timespec ms = {0, 0.001*1e9}; //tv_sec=0, tv_nsec (0.001 seconds)
-  nanosleep(&ms,NULL); /*ignores possible errors*/
+   /*ignores possible errors*/
 }
 
 int classify_triangle(double a, double b, double c) {
   double tmp;
 
-  delay();
+  
 
   // Sort the sides so that a <= b <= c
   if(a > b) {
@@ -17,13 +17,13 @@
     b = tmp;
   }
 
-  if(a > c) {
-    tmp = a;
-    a = c;
-    c = tmp;
-  }
+  
 
   if(b > c) {
+    if(a + b <= c)/*auto*/{
+     
+      return INVALID;
+    }/*auto*/
     tmp = b;
     b = c;
     c = tmp;

2024-06-03 11:28:58,038	[DEBUG]	EXEC>  SUCCESS 0.0098
2024-06-03 11:28:58,038	[INFO]	95      SUCCESS              *0.01 (12.30%) [3 edit(s)]  
2024-06-03 11:28:58,038	[DEBUG]	patch(95)="SrcmlStmtDeletion(('triangle.c.xml', 'stmt', 3)) | SrcmlStmtInsertion(('triangle.c.xml', '_inter_block', 26), ('triangle.c.xml', 'stmt', 16)) | SrcmlStmtDeletion(('triangle.c.xml', 'stmt', 8))"
--- before: triangle.c
+++ after: triangle.c
@@ -8,7 +8,7 @@
 int classify_triangle(double a, double b, double c) {
   double tmp;
 
-  delay();
+  
 
   // Sort the sides so that a <= b <= c
   if(a > b) {
@@ -17,13 +17,13 @@
     b = tmp;
   }
 
-  if(a > c) {
-    tmp = a;
-    a = c;
-    c = tmp;
-  }
+  
 
   if(b > c) {
+    if(a + b <= c)/*auto*/{
+     
+      return INVALID;
+    }/*auto*/
     tmp = b;
     b = c;
     c = tmp;

2024-06-03 11:28:58,176	[DEBUG]	EXEC>  SUCCESS 0.0098
2024-06-03 11:28:58,176	[INFO]	96      SUCCESS              +0.01 (12.30%) [2 edit(s)]  
2024-06-03 11:28:58,176	[DEBUG]	patch(96)="SrcmlStmtDeletion(('triangle.c.xml', 'stmt', 3)) | SrcmlStmtDeletion(('triangle.c.xml', 'stmt', 8))"
2024-06-03 11:28:58,177	[INFO]	97      SUCCESS              +0.01 (12.30%) [3 edit(s)] [cached] 
2024-06-03 11:28:58,177	[DEBUG]	patch(97)="SrcmlStmtDeletion(('triangle.c.xml', 'stmt', 3)) | SrcmlStmtDeletion(('triangle.c.xml', 'stmt', 8)) | SrcmlStmtReplacement(('triangle.c.xml', 'stmt', 10), ('triangle.c.xml', 'stmt', 11))"
2024-06-03 11:28:58,361	[INFO]	98      TEST_CODE_ERROR       None (--) [4 edit(s)]  
2024-06-03 11:28:58,361	[DEBUG]	patch(98)="SrcmlStmtDeletion(('triangle.c.xml', 'stmt', 3)) | SrcmlStmtDeletion(('triangle.c.xml', 'stmt', 8)) | SrcmlStmtReplacement(('triangle.c.xml', 'stmt', 10), ('triangle.c.xml', 'stmt', 11)) | SrcmlStmtReplacement(('triangle.c.xml', 'stmt', 17), ('triangle.c.xml', 'stmt', 22))"
2024-06-03 11:28:58,538	[INFO]	99      TEST_CODE_ERROR       None (--) [4 edit(s)]  
2024-06-03 11:28:58,538	[DEBUG]	patch(99)="SrcmlStmtDeletion(('triangle.c.xml', 'stmt', 3)) | SrcmlStmtDeletion(('triangle.c.xml', 'stmt', 8)) | SrcmlStmtReplacement(('triangle.c.xml', 'stmt', 10), ('triangle.c.xml', 'stmt', 11)) | SrcmlStmtInsertion(('triangle.c.xml', '_inter_block', 34), ('triangle.c.xml', 'stmt', 19))"
2024-06-03 11:28:58,809	[DEBUG]	EXEC>  SUCCESS 0.0843
2024-06-03 11:28:58,809	[INFO]	100     SUCCESS               0.08 (105.77%) [2 edit(s)]  
2024-06-03 11:28:58,809	[DEBUG]	patch(100)="SrcmlStmtDeletion(('triangle.c.xml', 'stmt', 8)) | SrcmlStmtReplacement(('triangle.c.xml', 'stmt', 10), ('triangle.c.xml', 'stmt', 11))"
2024-06-03 11:28:58,810	[INFO]	~~~~ END ~~~~
2024-06-03 11:28:58,810	[INFO]	
2024-06-03 11:28:58,810	[INFO]	==== REPORT ====
2024-06-03 11:28:58,811	[INFO]	Termination: step budget
2024-06-03 11:28:58,811	[INFO]	Retries: 1
2024-06-03 11:28:58,811	[INFO]	Log file: /home/jim/magpie/_magpie_logs/triangle-c_1717410525.log
2024-06-03 11:28:58,811	[INFO]	Patch file: _magpie_logs/triangle-c_1717410525.patch
2024-06-03 11:28:58,811	[INFO]	Diff file: _magpie_logs/triangle-c_1717410525.diff
2024-06-03 11:28:58,811	[INFO]	Reference fitness: 0.08
2024-06-03 11:28:58,811	[INFO]	Best fitness: 0.01
2024-06-03 11:28:58,811	[INFO]	
2024-06-03 11:28:58,813	[INFO]	==== BEST PATCH ====
SrcmlStmtDeletion(('triangle.c.xml', 'stmt', 3)) | SrcmlStmtInsertion(('triangle.c.xml', '_inter_block', 26), ('triangle.c.xml', 'stmt', 16)) | SrcmlStmtDeletion(('triangle.c.xml', 'stmt', 8))
2024-06-03 11:28:58,813	[INFO]	
2024-06-03 11:28:58,813	[INFO]	==== DIFF ====
[1m--- before: triangle.c[0m
[1m+++ after: triangle.c[0m
[36m@@ -8,7 +8,7 @@[0m
 int classify_triangle(double a, double b, double c) {
   double tmp;
 
[31m-  delay();[0m
[32m+  [0m
 
   // Sort the sides so that a <= b <= c
   if(a > b) {
[36m@@ -17,13 +17,13 @@[0m
     b = tmp;
   }
 
[31m-  if(a > c) {[0m
[31m-    tmp = a;[0m
[31m-    a = c;[0m
[31m-    c = tmp;[0m
[31m-  }[0m
[32m+  [0m
 
   if(b > c) {
[32m+    if(a + b <= c)/*auto*/{[0m
[32m+     [0m
[32m+      return INVALID;[0m
[32m+    }/*auto*/[0m
     tmp = b;
     b = c;
     c = tmp;

