2024-06-11 15:19:25,434	[DEBUG]	==== CONFIG ====
[magpie]
import = 
seed = 3566248902231575
log_dir = _magpie_logs
work_dir = _magpie_work
local_original_copy = True
local_original_name = __original__
output_encoding = ascii
edit_retries = 10
default_timeout = 30
default_lengthout = 1e6
diff_method = unified
trust_local_filesystem = True

[magpie.log]
color_output = True
format_info = {counter:<7} {status:<20} {best}{fitness} ({ratio}) [{size}] {cached} {log}
format_debug = patch({counter})="{patch}"{diffifbest}
format_fitness = {:.6f}
format_ratio = {:.2%%}
format_patchif = 
	 --> {patch}
format_diffif = 
	{diff}

[software]
path = examples/minisat
target_files = minisat_simplified.params
software = BasicSoftware
model_rules = 
	*.params : ParamFileConfigModel
	*.xml : SrcmlModel
	* : LineModel
model_config = 
	*.params : [paramconfig]
	*.xml : [srcml]
init_cmd = bash init.sh
init_timeout = 60
init_lengthout = -1
setup_cmd = bash compile.sh
setup_timeout = 
setup_lengthout = 
compile_cmd = 
compile_timeout = 
compile_lengthout = 
test_cmd = bash test.sh
test_timeout = 
test_lengthout = 
run_cmd = bash run_fixed.sh
run_timeout = 
run_lengthout = 
retries = 1
batch_timeout = 
batch_lengthout = 
batch_bin_fitness_strategy = aggregate
batch_fitness_strategy = sum
fitness = time

[srcml]
rename = 
	stmt: break continue decl_stmt do expr_stmt for goto if return switch while
	number: literal_number
focus = block stmt operator_comp operator_arith number
internodes = block
process_pseudo_blocks = True
process_literals = True
process_operators = True

[paramconfig]
timing = test run
cli_prefix = --
cli_glue = =
cli_boolean = show
cli_boolean_prefix_true = 
cli_boolean_prefix_false = no-
cli_none = hide
silent_prefix = @
silent_suffix = $

[search]
protocol = BasicProtocol
algorithm = FirstImprovement
possible_edits = ParamSetting
warmup = 3
warmup_strategy = last
max_steps = 1000
max_time = 60
target_fitness = 
cache_maxsize = 100
cache_keep = 0.2
batch_instances = 
batch_shuffle = True
batch_bin_shuffle = False
batch_sample_size = 1

[search.ls]
delete_prob = 0.5
max_neighbours = 
when_trapped = continue
accept_fail = False
tabu_length = 10

[search.gp]
pop_size = 10
delete_prob = 0.5
offspring_elitism = 0.1
offspring_crossover = 0.5
offspring_mutation = 0.4
uniform_rate = 0.5
batch_reset = True

[search.minify]
do_cleanup = True
do_rebuild = True
do_simplify = True
round_robin_limit = 3


2024-06-11 15:19:25,434	[DEBUG]	
2024-06-11 15:19:25,434	[INFO]	==== SEARCH: FirstImprovement ====
2024-06-11 15:19:25,435	[INFO]	~~~~ WARMUP ~~~~
2024-06-11 15:19:40,821	[DEBUG]	EXEC>  SUCCESS 11.8805
2024-06-11 15:19:40,821	[INFO]	WARM    SUCCESS               11.880500 (--) [0 edit(s)]  
2024-06-11 15:19:52,819	[DEBUG]	EXEC>  SUCCESS 11.8766
2024-06-11 15:19:52,819	[INFO]	WARM    SUCCESS               11.876600 (--) [0 edit(s)]  
2024-06-11 15:20:04,916	[DEBUG]	EXEC>  SUCCESS 11.9419
2024-06-11 15:20:04,916	[INFO]	WARM    SUCCESS               11.941900 (--) [0 edit(s)]  
2024-06-11 15:20:04,917	[INFO]	REF     SUCCESS               11.941900 (--) [0 edit(s)]  
2024-06-11 15:20:04,917	[INFO]	
2024-06-11 15:20:04,917	[INFO]	~~~~ START ~~~~
2024-06-11 15:20:16,718	[DEBUG]	EXEC>  SUCCESS 11.6191
2024-06-11 15:20:16,718	[INFO]	1       SUCCESS              *11.619100 (97.30%) [1 edit(s)]  
2024-06-11 15:20:16,718	[DEBUG]	patch(1)="ParamSetting(('minisat_simplified.params', 'param', 'rnd-seed'), 1988450633)"
--- before: minisat_simplified.params
+++ after: minisat_simplified.params
@@ -5,7 +5,7 @@
 var-decay := 0.95
 cla-decay := 0.999
 rnd-freq := 0.0
-rnd-seed := 91648253
+rnd-seed := 1988450633
 phase-saving := 2
 ccmin-mode := 2
 rfirst := 100

2024-06-11 15:20:28,965	[DEBUG]	EXEC>  SUCCESS 12.0232
2024-06-11 15:20:28,965	[INFO]	2       SUCCESS               12.023200 (100.68%) [2 edit(s)]  
2024-06-11 15:20:28,966	[DEBUG]	patch(2)="ParamSetting(('minisat_simplified.params', 'param', 'rnd-seed'), 1988450633) | ParamSetting(('minisat_simplified.params', 'param', 'sub-lim'), 22266)"
2024-06-11 15:20:28,966	[INFO]	3       SUCCESS              +11.619100 (97.30%) [2 edit(s)] [cached] 
2024-06-11 15:20:28,966	[DEBUG]	patch(3)="ParamSetting(('minisat_simplified.params', 'param', 'rnd-seed'), 1988450633) | ParamSetting(('minisat_simplified.params', 'param', 'asymm'), 'False')"
2024-06-11 15:20:28,967	[INFO]	4       SUCCESS              +11.619100 (97.30%) [3 edit(s)] [cached] 
2024-06-11 15:20:28,967	[DEBUG]	patch(4)="ParamSetting(('minisat_simplified.params', 'param', 'rnd-seed'), 1988450633) | ParamSetting(('minisat_simplified.params', 'param', 'asymm'), 'False') | ParamSetting(('minisat_simplified.params', 'param', 'luby'), 'True')"
2024-06-11 15:20:59,551	[DEBUG]	EXEC>  TIMEOUT None
2024-06-11 15:20:59,551	[INFO]	5       RUN_TIMEOUT           None (--) [4 edit(s)]  
2024-06-11 15:20:59,551	[DEBUG]	patch(5)="ParamSetting(('minisat_simplified.params', 'param', 'rnd-seed'), 1988450633) | ParamSetting(('minisat_simplified.params', 'param', 'asymm'), 'False') | ParamSetting(('minisat_simplified.params', 'param', 'luby'), 'True') | ParamSetting(('minisat_simplified.params', 'param', 'rnd-freq'), 0.4120480092753611)"
2024-06-11 15:21:01,956	[DEBUG]	EXEC>  SUCCESS 2.2069
2024-06-11 15:21:01,956	[INFO]	6       SUCCESS              *2.206900 (18.48%) [4 edit(s)]  
2024-06-11 15:21:01,956	[DEBUG]	patch(6)="ParamSetting(('minisat_simplified.params', 'param', 'rnd-seed'), 1988450633) | ParamSetting(('minisat_simplified.params', 'param', 'asymm'), 'False') | ParamSetting(('minisat_simplified.params', 'param', 'luby'), 'True') | ParamSetting(('minisat_simplified.params', 'param', 'rinc'), 2917.80707369411)"
--- before: minisat_simplified.params
+++ after: minisat_simplified.params
@@ -1,11 +1,11 @@
 luby := 'True'
 rnd-init := 'False'
 gc-frac := 0.2
-rinc := 2.0
+rinc := 2917.80707369411
 var-decay := 0.95
 cla-decay := 0.999
 rnd-freq := 0.0
-rnd-seed := 91648253
+rnd-seed := 1988450633
 phase-saving := 2
 ccmin-mode := 2
 rfirst := 100

2024-06-11 15:21:08,232	[DEBUG]	EXEC>  SUCCESS 6.0496
2024-06-11 15:21:08,233	[INFO]	7       SUCCESS               6.049600 (50.66%) [5 edit(s)]  
2024-06-11 15:21:08,233	[DEBUG]	patch(7)="ParamSetting(('minisat_simplified.params', 'param', 'rnd-seed'), 1988450633) | ParamSetting(('minisat_simplified.params', 'param', 'asymm'), 'False') | ParamSetting(('minisat_simplified.params', 'param', 'luby'), 'True') | ParamSetting(('minisat_simplified.params', 'param', 'rinc'), 2917.80707369411) | ParamSetting(('minisat_simplified.params', 'param', 'var-decay'), 0.06821834111453373)"
2024-06-11 15:21:08,233	[INFO]	~~~~ END ~~~~
2024-06-11 15:21:08,234	[INFO]	
2024-06-11 15:21:08,234	[INFO]	==== REPORT ====
2024-06-11 15:21:08,234	[INFO]	Termination: time budget
2024-06-11 15:21:08,234	[INFO]	Retries: 1
2024-06-11 15:21:08,234	[INFO]	Log file: /home/jim/magpie/_magpie_logs/minisat_1718115565.log
2024-06-11 15:21:08,234	[INFO]	Patch file: _magpie_logs/minisat_1718115565.patch
2024-06-11 15:21:08,234	[INFO]	Diff file: _magpie_logs/minisat_1718115565.diff
2024-06-11 15:21:08,234	[INFO]	Reference fitness: 11.941900
2024-06-11 15:21:08,234	[INFO]	Best fitness: 2.206900
2024-06-11 15:21:08,234	[INFO]	
2024-06-11 15:21:08,235	[INFO]	==== BEST PATCH ====
ParamSetting(('minisat_simplified.params', 'param', 'rnd-seed'), 1988450633) | ParamSetting(('minisat_simplified.params', 'param', 'asymm'), 'False') | ParamSetting(('minisat_simplified.params', 'param', 'luby'), 'True') | ParamSetting(('minisat_simplified.params', 'param', 'rinc'), 2917.80707369411)
2024-06-11 15:21:08,235	[INFO]	
2024-06-11 15:21:08,235	[INFO]	==== DIFF ====
[1m--- before: minisat_simplified.params[0m
[1m+++ after: minisat_simplified.params[0m
[36m@@ -1,11 +1,11 @@[0m
 luby := 'True'
 rnd-init := 'False'
 gc-frac := 0.2
[31m-rinc := 2.0[0m
[32m+rinc := 2917.80707369411[0m
 var-decay := 0.95
 cla-decay := 0.999
 rnd-freq := 0.0
[31m-rnd-seed := 91648253[0m
[32m+rnd-seed := 1988450633[0m
 phase-saving := 2
 ccmin-mode := 2
 rfirst := 100

