2024-08-02 14:45:02,758	[DEBUG]	==== CONFIG ====
[magpie]
import = 
seed = 45
log_dir = _magpie_logs
work_dir = _magpie_work
local_original_copy = True
local_original_name = __original__
output_encoding = ascii
edit_retries = 10
default_timeout = 60
default_lengthout = 1e6
diff_method = unified
trust_local_filesystem = True

[magpie.log]
color_output = True
format_info = {counter:<7} {status:<20} {best}{fitness} ({ratio}) [{size}] {cached} {log}
format_debug = patch({counter})="{patch}"{diffifbest}
format_fitness = {:.6f}
format_ratio = {:.2%%}
format_patchif = 
	 --> {patch}
format_diffif = 
	{diff}

[software]
path = examples/weka
target_files = src/main/java/weka/classifiers/trees/RandomForest.java.xml
software = BasicSoftware
model_rules = 
	*.params : ParamFileConfigModel
	*.xml : SrcmlModel
	* : LineModel
model_config = 
	*.params : [paramconfig]
	*.xml : [srcml]
init_cmd = 
init_timeout = 60
init_lengthout = -1
setup_cmd = ant compile
setup_timeout = 
setup_lengthout = 
compile_cmd = ant compile
compile_timeout = 
compile_lengthout = 
test_cmd = bash test.sh
test_timeout = 
test_lengthout = 
run_cmd = perf stat -e cpu-clock bash run_fixed.sh
run_timeout = 
run_lengthout = 
retries = 4
batch_timeout = 
batch_lengthout = 
batch_bin_fitness_strategy = aggregate
batch_fitness_strategy = sum
fitness = perf_cpu_clock

[srcml]
rename = 
	stmt: break continue decl_stmt do expr_stmt for goto if return switch while
	number: literal_number
focus = block stmt operator_comp operator_arith number
internodes = block
process_pseudo_blocks = True
process_literals = True
process_operators = True

[paramconfig]
timing = test run
cli_prefix = --
cli_glue = =
cli_boolean = show
cli_boolean_prefix_true = 
cli_boolean_prefix_false = no-
cli_none = hide
silent_prefix = @
silent_suffix = $

[search]
protocol = BasicProtocol
algorithm = FirstImprovement
possible_edits = 
	SrcmlStmtReplacement
	SrcmlStmtInsertion
	SrcmlStmtDeletion
warmup = 3
warmup_strategy = last
max_steps = 1000
max_time = 1800
target_fitness = 
cache_maxsize = 100
cache_keep = 0.2
batch_instances = 
batch_shuffle = True
batch_bin_shuffle = False
batch_sample_size = 1

[search.ls]
delete_prob = 0.5
max_neighbours = 
when_trapped = continue
accept_fail = False
tabu_length = 10

[search.gp]
pop_size = 10
delete_prob = 0.5
offspring_elitism = 0.1
offspring_crossover = 0.5
offspring_mutation = 0.4
uniform_rate = 0.5
batch_reset = True

[search.minify]
do_cleanup = True
do_rebuild = True
do_simplify = True
round_robin_limit = 3


2024-08-02 14:45:02,758	[DEBUG]	
2024-08-02 14:45:02,759	[INFO]	==== SEARCH: FirstImprovement ====
2024-08-02 14:45:02,759	[INFO]	~~~~ WARMUP ~~~~
2024-08-02 14:46:07,083	[DEBUG]	EXEC>  SUCCESS 2215521.0
2024-08-02 14:46:07,084	[INFO]	WARM    SUCCESS               2215521.000000 (--) [0 edit(s)]  
2024-08-02 14:46:53,588	[DEBUG]	EXEC>  SUCCESS 2198158.0
2024-08-02 14:46:53,588	[INFO]	WARM    SUCCESS               2198158.000000 (--) [0 edit(s)]  
2024-08-02 14:47:39,819	[DEBUG]	EXEC>  SUCCESS 2177248.25
2024-08-02 14:47:39,819	[INFO]	WARM    SUCCESS               2177248.250000 (--) [0 edit(s)]  
2024-08-02 14:47:39,819	[INFO]	REF     SUCCESS               2177248.250000 (--) [0 edit(s)]  
2024-08-02 14:47:39,819	[INFO]	
2024-08-02 14:47:39,819	[INFO]	~~~~ START ~~~~
2024-08-02 14:47:42,776	[INFO]	1       COMPILE_CODE_ERROR    None (--) [1 edit(s)]  
2024-08-02 14:47:42,776	[DEBUG]	patch(1)="SrcmlStmtInsertion(('src/main/java/weka/classifiers/trees/RandomForest.java.xml', '_inter_block', 65), ('src/main/java/weka/classifiers/trees/RandomForest.java.xml', 'stmt', 77))"
2024-08-02 14:47:45,631	[INFO]	2       COMPILE_CODE_ERROR    None (--) [1 edit(s)]  
2024-08-02 14:47:45,631	[DEBUG]	patch(2)="SrcmlStmtInsertion(('src/main/java/weka/classifiers/trees/RandomForest.java.xml', '_inter_block', 123), ('src/main/java/weka/classifiers/trees/RandomForest.java.xml', 'stmt', 29))"
2024-08-02 14:47:48,525	[INFO]	3       COMPILE_CODE_ERROR    None (--) [1 edit(s)]  
2024-08-02 14:47:48,525	[DEBUG]	patch(3)="SrcmlStmtInsertion(('src/main/java/weka/classifiers/trees/RandomForest.java.xml', '_inter_block', 218), ('src/main/java/weka/classifiers/trees/RandomForest.java.xml', 'stmt', 17))"
2024-08-02 14:47:51,300	[INFO]	4       COMPILE_CODE_ERROR    None (--) [1 edit(s)]  
2024-08-02 14:47:51,300	[DEBUG]	patch(4)="SrcmlStmtReplacement(('src/main/java/weka/classifiers/trees/RandomForest.java.xml', 'stmt', 54), ('src/main/java/weka/classifiers/trees/RandomForest.java.xml', 'stmt', 19))"
2024-08-02 14:47:54,322	[INFO]	5       COMPILE_CODE_ERROR    None (--) [1 edit(s)]  
2024-08-02 14:47:54,322	[DEBUG]	patch(5)="SrcmlStmtDeletion(('src/main/java/weka/classifiers/trees/RandomForest.java.xml', 'stmt', 36))"
2024-08-02 14:47:57,306	[INFO]	6       COMPILE_CODE_ERROR    None (--) [1 edit(s)]  
2024-08-02 14:47:57,307	[DEBUG]	patch(6)="SrcmlStmtDeletion(('src/main/java/weka/classifiers/trees/RandomForest.java.xml', 'stmt', 8))"
2024-08-02 14:48:00,198	[INFO]	7       COMPILE_CODE_ERROR    None (--) [1 edit(s)]  
2024-08-02 14:48:00,198	[DEBUG]	patch(7)="SrcmlStmtReplacement(('src/main/java/weka/classifiers/trees/RandomForest.java.xml', 'stmt', 91), ('src/main/java/weka/classifiers/trees/RandomForest.java.xml', 'stmt', 24))"
2024-08-02 14:48:03,225	[INFO]	8       COMPILE_CODE_ERROR    None (--) [1 edit(s)]  
2024-08-02 14:48:03,226	[DEBUG]	patch(8)="SrcmlStmtInsertion(('src/main/java/weka/classifiers/trees/RandomForest.java.xml', '_inter_block', 192), ('src/main/java/weka/classifiers/trees/RandomForest.java.xml', 'stmt', 81))"
2024-08-02 14:48:06,169	[INFO]	9       COMPILE_CODE_ERROR    None (--) [1 edit(s)]  
2024-08-02 14:48:06,169	[DEBUG]	patch(9)="SrcmlStmtInsertion(('src/main/java/weka/classifiers/trees/RandomForest.java.xml', '_inter_block', 126), ('src/main/java/weka/classifiers/trees/RandomForest.java.xml', 'stmt', 53))"
2024-08-02 14:48:09,170	[INFO]	10      COMPILE_CODE_ERROR    None (--) [1 edit(s)]  
2024-08-02 14:48:09,170	[DEBUG]	patch(10)="SrcmlStmtInsertion(('src/main/java/weka/classifiers/trees/RandomForest.java.xml', '_inter_block', 63), ('src/main/java/weka/classifiers/trees/RandomForest.java.xml', 'stmt', 108))"
2024-08-02 14:48:12,064	[INFO]	11      COMPILE_CODE_ERROR    None (--) [1 edit(s)]  
2024-08-02 14:48:12,065	[DEBUG]	patch(11)="SrcmlStmtInsertion(('src/main/java/weka/classifiers/trees/RandomForest.java.xml', '_inter_block', 98), ('src/main/java/weka/classifiers/trees/RandomForest.java.xml', 'stmt', 36))"
2024-08-02 14:48:16,052	[INFO]	12      TEST_CODE_ERROR       None (--) [1 edit(s)]  
2024-08-02 14:48:16,052	[DEBUG]	patch(12)="SrcmlStmtDeletion(('src/main/java/weka/classifiers/trees/RandomForest.java.xml', 'stmt', 141))"
2024-08-02 14:49:03,791	[DEBUG]	EXEC>  SUCCESS 2218906.5
2024-08-02 14:49:03,791	[INFO]	13      SUCCESS               2218906.500000 (101.91%) [1 edit(s)]  
2024-08-02 14:49:03,791	[DEBUG]	patch(13)="SrcmlStmtReplacement(('src/main/java/weka/classifiers/trees/RandomForest.java.xml', 'stmt', 131), ('src/main/java/weka/classifiers/trees/RandomForest.java.xml', 'stmt', 139))"
2024-08-02 14:49:52,150	[DEBUG]	EXEC>  SUCCESS 2225552.5
2024-08-02 14:49:52,150	[INFO]	14      SUCCESS               2225552.500000 (102.22%) [1 edit(s)]  
2024-08-02 14:49:52,150	[DEBUG]	patch(14)="SrcmlStmtDeletion(('src/main/java/weka/classifiers/trees/RandomForest.java.xml', 'stmt', 81))"
2024-08-02 14:49:54,567	[INFO]	15      COMPILE_CODE_ERROR    None (--) [1 edit(s)]  
2024-08-02 14:49:54,567	[DEBUG]	patch(15)="SrcmlStmtInsertion(('src/main/java/weka/classifiers/trees/RandomForest.java.xml', '_inter_block', 2), ('src/main/java/weka/classifiers/trees/RandomForest.java.xml', 'stmt', 12))"
2024-08-02 14:49:57,429	[INFO]	16      COMPILE_CODE_ERROR    None (--) [1 edit(s)]  
2024-08-02 14:49:57,429	[DEBUG]	patch(16)="SrcmlStmtInsertion(('src/main/java/weka/classifiers/trees/RandomForest.java.xml', '_inter_block', 159), ('src/main/java/weka/classifiers/trees/RandomForest.java.xml', 'stmt', 71))"
2024-08-02 14:50:00,322	[INFO]	17      COMPILE_CODE_ERROR    None (--) [1 edit(s)]  
2024-08-02 14:50:00,323	[DEBUG]	patch(17)="SrcmlStmtInsertion(('src/main/java/weka/classifiers/trees/RandomForest.java.xml', '_inter_block', 84), ('src/main/java/weka/classifiers/trees/RandomForest.java.xml', 'stmt', 62))"
2024-08-02 14:50:03,289	[INFO]	18      COMPILE_CODE_ERROR    None (--) [1 edit(s)]  
2024-08-02 14:50:03,289	[DEBUG]	patch(18)="SrcmlStmtDeletion(('src/main/java/weka/classifiers/trees/RandomForest.java.xml', 'stmt', 126))"
2024-08-02 14:50:06,119	[INFO]	19      COMPILE_CODE_ERROR    None (--) [1 edit(s)]  
2024-08-02 14:50:06,119	[DEBUG]	patch(19)="SrcmlStmtReplacement(('src/main/java/weka/classifiers/trees/RandomForest.java.xml', 'stmt', 67), ('src/main/java/weka/classifiers/trees/RandomForest.java.xml', 'stmt', 24))"
2024-08-02 14:50:08,926	[INFO]	20      COMPILE_CODE_ERROR    None (--) [1 edit(s)]  
2024-08-02 14:50:08,926	[DEBUG]	patch(20)="SrcmlStmtReplacement(('src/main/java/weka/classifiers/trees/RandomForest.java.xml', 'stmt', 23), ('src/main/java/weka/classifiers/trees/RandomForest.java.xml', 'stmt', 33))"
2024-08-02 14:50:56,860	[DEBUG]	EXEC>  SUCCESS 2206381.5
2024-08-02 14:50:56,860	[INFO]	21      SUCCESS               2206381.500000 (101.34%) [1 edit(s)]  
2024-08-02 14:50:56,860	[DEBUG]	patch(21)="SrcmlStmtInsertion(('src/main/java/weka/classifiers/trees/RandomForest.java.xml', '_inter_block', 170), ('src/main/java/weka/classifiers/trees/RandomForest.java.xml', 'stmt', 99))"
2024-08-02 14:51:44,626	[DEBUG]	EXEC>  SUCCESS 2191335.0
2024-08-02 14:51:44,626	[INFO]	22      SUCCESS               2191335.000000 (100.65%) [1 edit(s)]  
2024-08-02 14:51:44,626	[DEBUG]	patch(22)="SrcmlStmtDeletion(('src/main/java/weka/classifiers/trees/RandomForest.java.xml', 'stmt', 97))"
2024-08-02 14:51:47,569	[INFO]	23      COMPILE_CODE_ERROR    None (--) [1 edit(s)]  
2024-08-02 14:51:47,569	[DEBUG]	patch(23)="SrcmlStmtInsertion(('src/main/java/weka/classifiers/trees/RandomForest.java.xml', '_inter_block', 181), ('src/main/java/weka/classifiers/trees/RandomForest.java.xml', 'stmt', 18))"
2024-08-02 14:51:50,489	[INFO]	24      COMPILE_CODE_ERROR    None (--) [1 edit(s)]  
2024-08-02 14:51:50,489	[DEBUG]	patch(24)="SrcmlStmtInsertion(('src/main/java/weka/classifiers/trees/RandomForest.java.xml', '_inter_block', 82), ('src/main/java/weka/classifiers/trees/RandomForest.java.xml', 'stmt', 112))"
2024-08-02 14:52:38,663	[DEBUG]	EXEC>  SUCCESS 2222238.0
2024-08-02 14:52:38,664	[INFO]	25      SUCCESS               2222238.000000 (102.07%) [1 edit(s)]  
2024-08-02 14:52:38,664	[DEBUG]	patch(25)="SrcmlStmtDeletion(('src/main/java/weka/classifiers/trees/RandomForest.java.xml', 'stmt', 100))"
2024-08-02 14:53:26,627	[DEBUG]	EXEC>  SUCCESS 2185504.75
2024-08-02 14:53:26,627	[INFO]	26      SUCCESS               2185504.750000 (100.38%) [1 edit(s)]  
2024-08-02 14:53:26,628	[DEBUG]	patch(26)="SrcmlStmtDeletion(('src/main/java/weka/classifiers/trees/RandomForest.java.xml', 'stmt', 105))"
2024-08-02 14:54:15,078	[DEBUG]	EXEC>  SUCCESS 2196758.75
2024-08-02 14:54:15,079	[INFO]	27      SUCCESS               2196758.750000 (100.90%) [1 edit(s)]  
2024-08-02 14:54:15,079	[DEBUG]	patch(27)="SrcmlStmtDeletion(('src/main/java/weka/classifiers/trees/RandomForest.java.xml', 'stmt', 119))"
2024-08-02 14:54:17,987	[INFO]	28      COMPILE_CODE_ERROR    None (--) [1 edit(s)]  
2024-08-02 14:54:17,987	[DEBUG]	patch(28)="SrcmlStmtDeletion(('src/main/java/weka/classifiers/trees/RandomForest.java.xml', 'stmt', 59))"
2024-08-02 14:55:05,817	[DEBUG]	EXEC>  SUCCESS 2182950.75
2024-08-02 14:55:05,817	[INFO]	29      SUCCESS               2182950.750000 (100.26%) [1 edit(s)]  
2024-08-02 14:55:05,817	[DEBUG]	patch(29)="SrcmlStmtDeletion(('src/main/java/weka/classifiers/trees/RandomForest.java.xml', 'stmt', 57))"
2024-08-02 14:55:08,695	[INFO]	30      COMPILE_CODE_ERROR    None (--) [1 edit(s)]  
2024-08-02 14:55:08,695	[DEBUG]	patch(30)="SrcmlStmtReplacement(('src/main/java/weka/classifiers/trees/RandomForest.java.xml', 'stmt', 94), ('src/main/java/weka/classifiers/trees/RandomForest.java.xml', 'stmt', 80))"
2024-08-02 14:55:11,565	[INFO]	31      COMPILE_CODE_ERROR    None (--) [1 edit(s)]  
2024-08-02 14:55:11,566	[DEBUG]	patch(31)="SrcmlStmtInsertion(('src/main/java/weka/classifiers/trees/RandomForest.java.xml', '_inter_block', 183), ('src/main/java/weka/classifiers/trees/RandomForest.java.xml', 'stmt', 118))"
2024-08-02 14:55:14,359	[INFO]	32      COMPILE_CODE_ERROR    None (--) [1 edit(s)]  
2024-08-02 14:55:14,360	[DEBUG]	patch(32)="SrcmlStmtDeletion(('src/main/java/weka/classifiers/trees/RandomForest.java.xml', 'stmt', 11))"
2024-08-02 14:55:16,703	[INFO]	33      COMPILE_CODE_ERROR    None (--) [1 edit(s)]  
2024-08-02 14:55:16,704	[DEBUG]	patch(33)="SrcmlStmtInsertion(('src/main/java/weka/classifiers/trees/RandomForest.java.xml', '_inter_block', 15), ('src/main/java/weka/classifiers/trees/RandomForest.java.xml', 'stmt', 92))"
2024-08-02 14:56:04,465	[DEBUG]	EXEC>  SUCCESS 2210242.75
2024-08-02 14:56:04,465	[INFO]	34      SUCCESS               2210242.750000 (101.52%) [1 edit(s)]  
2024-08-02 14:56:04,465	[DEBUG]	patch(34)="SrcmlStmtDeletion(('src/main/java/weka/classifiers/trees/RandomForest.java.xml', 'stmt', 20))"
2024-08-02 14:56:52,682	[DEBUG]	EXEC>  SUCCESS 2222856.25
2024-08-02 14:56:52,682	[INFO]	35      SUCCESS               2222856.250000 (102.09%) [1 edit(s)]  
2024-08-02 14:56:52,682	[DEBUG]	patch(35)="SrcmlStmtDeletion(('src/main/java/weka/classifiers/trees/RandomForest.java.xml', 'stmt', 99))"
2024-08-02 14:56:55,633	[INFO]	36      COMPILE_CODE_ERROR    None (--) [1 edit(s)]  
2024-08-02 14:56:55,633	[DEBUG]	patch(36)="SrcmlStmtInsertion(('src/main/java/weka/classifiers/trees/RandomForest.java.xml', '_inter_block', 104), ('src/main/java/weka/classifiers/trees/RandomForest.java.xml', 'stmt', 34))"
2024-08-02 14:57:43,694	[DEBUG]	EXEC>  SUCCESS 2199658.75
2024-08-02 14:57:43,694	[INFO]	37      SUCCESS               2199658.750000 (101.03%) [1 edit(s)]  
2024-08-02 14:57:43,694	[DEBUG]	patch(37)="SrcmlStmtDeletion(('src/main/java/weka/classifiers/trees/RandomForest.java.xml', 'stmt', 104))"
2024-08-02 14:58:32,784	[DEBUG]	EXEC>  SUCCESS 2254683.5
2024-08-02 14:58:32,785	[INFO]	38      SUCCESS               2254683.500000 (103.56%) [1 edit(s)]  
2024-08-02 14:58:32,785	[DEBUG]	patch(38)="SrcmlStmtDeletion(('src/main/java/weka/classifiers/trees/RandomForest.java.xml', 'stmt', 137))"
2024-08-02 14:58:35,716	[INFO]	39      COMPILE_CODE_ERROR    None (--) [1 edit(s)]  
2024-08-02 14:58:35,716	[DEBUG]	patch(39)="SrcmlStmtDeletion(('src/main/java/weka/classifiers/trees/RandomForest.java.xml', 'stmt', 62))"
2024-08-02 14:58:38,384	[INFO]	40      COMPILE_CODE_ERROR    None (--) [1 edit(s)]  
2024-08-02 14:58:38,384	[DEBUG]	patch(40)="SrcmlStmtReplacement(('src/main/java/weka/classifiers/trees/RandomForest.java.xml', 'stmt', 79), ('src/main/java/weka/classifiers/trees/RandomForest.java.xml', 'stmt', 141))"
2024-08-02 14:59:26,263	[DEBUG]	EXEC>  SUCCESS 2213949.5
2024-08-02 14:59:26,263	[INFO]	41      SUCCESS               2213949.500000 (101.69%) [1 edit(s)]  
2024-08-02 14:59:26,263	[DEBUG]	patch(41)="SrcmlStmtDeletion(('src/main/java/weka/classifiers/trees/RandomForest.java.xml', 'stmt', 87))"
2024-08-02 14:59:29,215	[INFO]	42      COMPILE_CODE_ERROR    None (--) [1 edit(s)]  
2024-08-02 14:59:29,215	[DEBUG]	patch(42)="SrcmlStmtInsertion(('src/main/java/weka/classifiers/trees/RandomForest.java.xml', '_inter_block', 57), ('src/main/java/weka/classifiers/trees/RandomForest.java.xml', 'stmt', 53))"
2024-08-02 14:59:32,095	[INFO]	43      COMPILE_CODE_ERROR    None (--) [1 edit(s)]  
2024-08-02 14:59:32,095	[DEBUG]	patch(43)="SrcmlStmtReplacement(('src/main/java/weka/classifiers/trees/RandomForest.java.xml', 'stmt', 125), ('src/main/java/weka/classifiers/trees/RandomForest.java.xml', 'stmt', 105))"
2024-08-02 15:00:20,352	[DEBUG]	EXEC>  SUCCESS 2230980.0
2024-08-02 15:00:20,353	[INFO]	44      SUCCESS               2230980.000000 (102.47%) [1 edit(s)]  
2024-08-02 15:00:20,353	[DEBUG]	patch(44)="SrcmlStmtDeletion(('src/main/java/weka/classifiers/trees/RandomForest.java.xml', 'stmt', 84))"
2024-08-02 15:00:23,201	[INFO]	45      COMPILE_CODE_ERROR    None (--) [1 edit(s)]  
2024-08-02 15:00:23,202	[DEBUG]	patch(45)="SrcmlStmtInsertion(('src/main/java/weka/classifiers/trees/RandomForest.java.xml', '_inter_block', 69), ('src/main/java/weka/classifiers/trees/RandomForest.java.xml', 'stmt', 106))"
2024-08-02 15:00:26,091	[INFO]	46      COMPILE_CODE_ERROR    None (--) [1 edit(s)]  
2024-08-02 15:00:26,091	[DEBUG]	patch(46)="SrcmlStmtInsertion(('src/main/java/weka/classifiers/trees/RandomForest.java.xml', '_inter_block', 136), ('src/main/java/weka/classifiers/trees/RandomForest.java.xml', 'stmt', 60))"
2024-08-02 15:01:14,183	[DEBUG]	EXEC>  SUCCESS 2232184.5
2024-08-02 15:01:14,183	[INFO]	47      SUCCESS               2232184.500000 (102.52%) [1 edit(s)]  
2024-08-02 15:01:14,183	[DEBUG]	patch(47)="SrcmlStmtDeletion(('src/main/java/weka/classifiers/trees/RandomForest.java.xml', 'stmt', 43))"
2024-08-02 15:02:02,445	[DEBUG]	EXEC>  SUCCESS 2232631.0
2024-08-02 15:02:02,445	[INFO]	48      SUCCESS               2232631.000000 (102.54%) [1 edit(s)]  
2024-08-02 15:02:02,445	[DEBUG]	patch(48)="SrcmlStmtDeletion(('src/main/java/weka/classifiers/trees/RandomForest.java.xml', 'stmt', 135))"
2024-08-02 15:02:50,413	[DEBUG]	EXEC>  SUCCESS 2188072.25
2024-08-02 15:02:50,413	[INFO]	49      SUCCESS               2188072.250000 (100.50%) [1 edit(s)]  
2024-08-02 15:02:50,413	[DEBUG]	patch(49)="SrcmlStmtInsertion(('src/main/java/weka/classifiers/trees/RandomForest.java.xml', '_inter_block', 230), ('src/main/java/weka/classifiers/trees/RandomForest.java.xml', 'stmt', 89))"
2024-08-02 15:02:53,348	[INFO]	50      COMPILE_CODE_ERROR    None (--) [1 edit(s)]  
2024-08-02 15:02:53,349	[DEBUG]	patch(50)="SrcmlStmtReplacement(('src/main/java/weka/classifiers/trees/RandomForest.java.xml', 'stmt', 105), ('src/main/java/weka/classifiers/trees/RandomForest.java.xml', 'stmt', 133))"
2024-08-02 15:02:56,266	[INFO]	51      COMPILE_CODE_ERROR    None (--) [1 edit(s)]  
2024-08-02 15:02:56,266	[DEBUG]	patch(51)="SrcmlStmtInsertion(('src/main/java/weka/classifiers/trees/RandomForest.java.xml', '_inter_block', 48), ('src/main/java/weka/classifiers/trees/RandomForest.java.xml', 'stmt', 45))"
2024-08-02 15:02:58,703	[INFO]	52      COMPILE_CODE_ERROR    None (--) [1 edit(s)]  
2024-08-02 15:02:58,703	[DEBUG]	patch(52)="SrcmlStmtInsertion(('src/main/java/weka/classifiers/trees/RandomForest.java.xml', '_inter_block', 9), ('src/main/java/weka/classifiers/trees/RandomForest.java.xml', 'stmt', 60))"
2024-08-02 15:03:47,282	[DEBUG]	EXEC>  SUCCESS 2190404.5
2024-08-02 15:03:47,282	[INFO]	53      SUCCESS               2190404.500000 (100.60%) [1 edit(s)]  
2024-08-02 15:03:47,282	[DEBUG]	patch(53)="SrcmlStmtDeletion(('src/main/java/weka/classifiers/trees/RandomForest.java.xml', 'stmt', 134))"
2024-08-02 15:03:50,262	[INFO]	54      COMPILE_CODE_ERROR    None (--) [1 edit(s)]  
2024-08-02 15:03:50,262	[DEBUG]	patch(54)="SrcmlStmtDeletion(('src/main/java/weka/classifiers/trees/RandomForest.java.xml', 'stmt', 88))"
2024-08-02 15:03:53,116	[INFO]	55      COMPILE_CODE_ERROR    None (--) [1 edit(s)]  
2024-08-02 15:03:53,116	[DEBUG]	patch(55)="SrcmlStmtReplacement(('src/main/java/weka/classifiers/trees/RandomForest.java.xml', 'stmt', 87), ('src/main/java/weka/classifiers/trees/RandomForest.java.xml', 'stmt', 48))"
2024-08-02 15:03:56,095	[INFO]	56      COMPILE_CODE_ERROR    None (--) [1 edit(s)]  
2024-08-02 15:03:56,095	[DEBUG]	patch(56)="SrcmlStmtReplacement(('src/main/java/weka/classifiers/trees/RandomForest.java.xml', 'stmt', 73), ('src/main/java/weka/classifiers/trees/RandomForest.java.xml', 'stmt', 132))"
2024-08-02 15:03:58,887	[INFO]	57      COMPILE_CODE_ERROR    None (--) [1 edit(s)]  
2024-08-02 15:03:58,887	[DEBUG]	patch(57)="SrcmlStmtDeletion(('src/main/java/weka/classifiers/trees/RandomForest.java.xml', 'stmt', 86))"
2024-08-02 15:04:01,848	[INFO]	58      COMPILE_CODE_ERROR    None (--) [1 edit(s)]  
2024-08-02 15:04:01,849	[DEBUG]	patch(58)="SrcmlStmtDeletion(('src/main/java/weka/classifiers/trees/RandomForest.java.xml', 'stmt', 108))"
2024-08-02 15:04:04,866	[INFO]	59      COMPILE_CODE_ERROR    None (--) [1 edit(s)]  
2024-08-02 15:04:04,866	[DEBUG]	patch(59)="SrcmlStmtReplacement(('src/main/java/weka/classifiers/trees/RandomForest.java.xml', 'stmt', 27), ('src/main/java/weka/classifiers/trees/RandomForest.java.xml', 'stmt', 96))"
2024-08-02 15:04:52,928	[DEBUG]	EXEC>  SUCCESS 2210947.5
2024-08-02 15:04:52,929	[INFO]	60      SUCCESS               2210947.500000 (101.55%) [1 edit(s)]  
2024-08-02 15:04:52,929	[DEBUG]	patch(60)="SrcmlStmtDeletion(('src/main/java/weka/classifiers/trees/RandomForest.java.xml', 'stmt', 72))"
2024-08-02 15:04:55,793	[INFO]	61      COMPILE_CODE_ERROR    None (--) [1 edit(s)]  
2024-08-02 15:04:55,794	[DEBUG]	patch(61)="SrcmlStmtReplacement(('src/main/java/weka/classifiers/trees/RandomForest.java.xml', 'stmt', 94), ('src/main/java/weka/classifiers/trees/RandomForest.java.xml', 'stmt', 114))"
2024-08-02 15:04:55,798	[INFO]	62      SUCCESS               2191335.000000 (100.65%) [1 edit(s)] [cached] 
2024-08-02 15:04:55,798	[DEBUG]	patch(62)="SrcmlStmtDeletion(('src/main/java/weka/classifiers/trees/RandomForest.java.xml', 'stmt', 97))"
2024-08-02 15:04:55,802	[INFO]	63      COMPILE_CODE_ERROR    None (--) [1 edit(s)] [cached] 
2024-08-02 15:04:55,802	[DEBUG]	patch(63)="SrcmlStmtDeletion(('src/main/java/weka/classifiers/trees/RandomForest.java.xml', 'stmt', 36))"
2024-08-02 15:04:58,237	[INFO]	64      COMPILE_CODE_ERROR    None (--) [1 edit(s)]  
2024-08-02 15:04:58,237	[DEBUG]	patch(64)="SrcmlStmtInsertion(('src/main/java/weka/classifiers/trees/RandomForest.java.xml', '_inter_block', 30), ('src/main/java/weka/classifiers/trees/RandomForest.java.xml', 'stmt', 23))"
2024-08-02 15:05:01,213	[INFO]	65      COMPILE_CODE_ERROR    None (--) [1 edit(s)]  
2024-08-02 15:05:01,213	[DEBUG]	patch(65)="SrcmlStmtInsertion(('src/main/java/weka/classifiers/trees/RandomForest.java.xml', '_inter_block', 192), ('src/main/java/weka/classifiers/trees/RandomForest.java.xml', 'stmt', 5))"
2024-08-02 15:05:01,216	[INFO]	66      SUCCESS               2210947.500000 (101.55%) [1 edit(s)] [cached] 
2024-08-02 15:05:01,216	[DEBUG]	patch(66)="SrcmlStmtDeletion(('src/main/java/weka/classifiers/trees/RandomForest.java.xml', 'stmt', 72))"
2024-08-02 15:05:03,648	[INFO]	67      COMPILE_CODE_ERROR    None (--) [1 edit(s)]  
2024-08-02 15:05:03,648	[DEBUG]	patch(67)="SrcmlStmtReplacement(('src/main/java/weka/classifiers/trees/RandomForest.java.xml', 'stmt', 0), ('src/main/java/weka/classifiers/trees/RandomForest.java.xml', 'stmt', 61))"
2024-08-02 15:05:06,516	[INFO]	68      COMPILE_CODE_ERROR    None (--) [1 edit(s)]  
2024-08-02 15:05:06,517	[DEBUG]	patch(68)="SrcmlStmtInsertion(('src/main/java/weka/classifiers/trees/RandomForest.java.xml', '_inter_block', 128), ('src/main/java/weka/classifiers/trees/RandomForest.java.xml', 'stmt', 91))"
2024-08-02 15:05:09,376	[INFO]	69      COMPILE_CODE_ERROR    None (--) [1 edit(s)]  
2024-08-02 15:05:09,377	[DEBUG]	patch(69)="SrcmlStmtInsertion(('src/main/java/weka/classifiers/trees/RandomForest.java.xml', '_inter_block', 48), ('src/main/java/weka/classifiers/trees/RandomForest.java.xml', 'stmt', 117))"
2024-08-02 15:05:12,319	[INFO]	70      COMPILE_CODE_ERROR    None (--) [1 edit(s)]  
2024-08-02 15:05:12,319	[DEBUG]	patch(70)="SrcmlStmtInsertion(('src/main/java/weka/classifiers/trees/RandomForest.java.xml', '_inter_block', 228), ('src/main/java/weka/classifiers/trees/RandomForest.java.xml', 'stmt', 87))"
2024-08-02 15:05:15,238	[INFO]	71      COMPILE_CODE_ERROR    None (--) [1 edit(s)]  
2024-08-02 15:05:15,238	[DEBUG]	patch(71)="SrcmlStmtInsertion(('src/main/java/weka/classifiers/trees/RandomForest.java.xml', '_inter_block', 87), ('src/main/java/weka/classifiers/trees/RandomForest.java.xml', 'stmt', 48))"
2024-08-02 15:05:17,710	[INFO]	72      COMPILE_CODE_ERROR    None (--) [1 edit(s)]  
2024-08-02 15:05:17,710	[DEBUG]	patch(72)="SrcmlStmtInsertion(('src/main/java/weka/classifiers/trees/RandomForest.java.xml', '_inter_block', 167), ('src/main/java/weka/classifiers/trees/RandomForest.java.xml', 'stmt', 0))"
2024-08-02 15:05:20,587	[INFO]	73      COMPILE_CODE_ERROR    None (--) [1 edit(s)]  
2024-08-02 15:05:20,587	[DEBUG]	patch(73)="SrcmlStmtReplacement(('src/main/java/weka/classifiers/trees/RandomForest.java.xml', 'stmt', 121), ('src/main/java/weka/classifiers/trees/RandomForest.java.xml', 'stmt', 70))"
2024-08-02 15:05:23,442	[INFO]	74      COMPILE_CODE_ERROR    None (--) [1 edit(s)]  
2024-08-02 15:05:23,442	[DEBUG]	patch(74)="SrcmlStmtReplacement(('src/main/java/weka/classifiers/trees/RandomForest.java.xml', 'stmt', 95), ('src/main/java/weka/classifiers/trees/RandomForest.java.xml', 'stmt', 114))"
2024-08-02 15:05:26,333	[INFO]	75      COMPILE_CODE_ERROR    None (--) [1 edit(s)]  
2024-08-02 15:05:26,333	[DEBUG]	patch(75)="SrcmlStmtInsertion(('src/main/java/weka/classifiers/trees/RandomForest.java.xml', '_inter_block', 110), ('src/main/java/weka/classifiers/trees/RandomForest.java.xml', 'stmt', 109))"
2024-08-02 15:06:14,428	[DEBUG]	EXEC>  SUCCESS 2201471.0
2024-08-02 15:06:14,428	[INFO]	76      SUCCESS               2201471.000000 (101.11%) [1 edit(s)]  
2024-08-02 15:06:14,428	[DEBUG]	patch(76)="SrcmlStmtDeletion(('src/main/java/weka/classifiers/trees/RandomForest.java.xml', 'stmt', 33))"
2024-08-02 15:07:01,935	[DEBUG]	EXEC>  SUCCESS 2214691.5
2024-08-02 15:07:01,935	[INFO]	77      SUCCESS               2214691.500000 (101.72%) [1 edit(s)]  
2024-08-02 15:07:01,935	[DEBUG]	patch(77)="SrcmlStmtDeletion(('src/main/java/weka/classifiers/trees/RandomForest.java.xml', 'stmt', 64))"
2024-08-02 15:07:50,140	[DEBUG]	EXEC>  SUCCESS 2203344.25
2024-08-02 15:07:50,141	[INFO]	78      SUCCESS               2203344.250000 (101.20%) [1 edit(s)]  
2024-08-02 15:07:50,141	[DEBUG]	patch(78)="SrcmlStmtDeletion(('src/main/java/weka/classifiers/trees/RandomForest.java.xml', 'stmt', 94))"
2024-08-02 15:07:53,087	[INFO]	79      COMPILE_CODE_ERROR    None (--) [1 edit(s)]  
2024-08-02 15:07:53,088	[DEBUG]	patch(79)="SrcmlStmtReplacement(('src/main/java/weka/classifiers/trees/RandomForest.java.xml', 'stmt', 44), ('src/main/java/weka/classifiers/trees/RandomForest.java.xml', 'stmt', 128))"
2024-08-02 15:07:55,994	[INFO]	80      COMPILE_CODE_ERROR    None (--) [1 edit(s)]  
2024-08-02 15:07:55,994	[DEBUG]	patch(80)="SrcmlStmtReplacement(('src/main/java/weka/classifiers/trees/RandomForest.java.xml', 'stmt', 87), ('src/main/java/weka/classifiers/trees/RandomForest.java.xml', 'stmt', 22))"
2024-08-02 15:08:44,476	[DEBUG]	EXEC>  SUCCESS 2214465.0
2024-08-02 15:08:44,476	[INFO]	81      SUCCESS               2214465.000000 (101.71%) [1 edit(s)]  
2024-08-02 15:08:44,476	[DEBUG]	patch(81)="SrcmlStmtReplacement(('src/main/java/weka/classifiers/trees/RandomForest.java.xml', 'stmt', 117), ('src/main/java/weka/classifiers/trees/RandomForest.java.xml', 'stmt', 77))"
2024-08-02 15:08:44,479	[INFO]	82      SUCCESS               2182950.750000 (100.26%) [1 edit(s)] [cached] 
2024-08-02 15:08:44,479	[DEBUG]	patch(82)="SrcmlStmtDeletion(('src/main/java/weka/classifiers/trees/RandomForest.java.xml', 'stmt', 57))"
2024-08-02 15:09:33,004	[DEBUG]	EXEC>  SUCCESS 2253090.25
2024-08-02 15:09:33,004	[INFO]	83      SUCCESS               2253090.250000 (103.48%) [1 edit(s)]  
2024-08-02 15:09:33,005	[DEBUG]	patch(83)="SrcmlStmtDeletion(('src/main/java/weka/classifiers/trees/RandomForest.java.xml', 'stmt', 42))"
2024-08-02 15:09:35,832	[INFO]	84      COMPILE_CODE_ERROR    None (--) [1 edit(s)]  
2024-08-02 15:09:35,832	[DEBUG]	patch(84)="SrcmlStmtInsertion(('src/main/java/weka/classifiers/trees/RandomForest.java.xml', '_inter_block', 195), ('src/main/java/weka/classifiers/trees/RandomForest.java.xml', 'stmt', 121))"
2024-08-02 15:09:38,698	[INFO]	85      COMPILE_CODE_ERROR    None (--) [1 edit(s)]  
2024-08-02 15:09:38,698	[DEBUG]	patch(85)="SrcmlStmtInsertion(('src/main/java/weka/classifiers/trees/RandomForest.java.xml', '_inter_block', 77), ('src/main/java/weka/classifiers/trees/RandomForest.java.xml', 'stmt', 110))"
2024-08-02 15:09:41,121	[INFO]	86      COMPILE_CODE_ERROR    None (--) [1 edit(s)]  
2024-08-02 15:09:41,121	[DEBUG]	patch(86)="SrcmlStmtReplacement(('src/main/java/weka/classifiers/trees/RandomForest.java.xml', 'stmt', 1), ('src/main/java/weka/classifiers/trees/RandomForest.java.xml', 'stmt', 139))"
2024-08-02 15:09:44,015	[INFO]	87      COMPILE_CODE_ERROR    None (--) [1 edit(s)]  
2024-08-02 15:09:44,015	[DEBUG]	patch(87)="SrcmlStmtDeletion(('src/main/java/weka/classifiers/trees/RandomForest.java.xml', 'stmt', 14))"
2024-08-02 15:09:47,040	[INFO]	88      COMPILE_CODE_ERROR    None (--) [1 edit(s)]  
2024-08-02 15:09:47,040	[DEBUG]	patch(88)="SrcmlStmtInsertion(('src/main/java/weka/classifiers/trees/RandomForest.java.xml', '_inter_block', 162), ('src/main/java/weka/classifiers/trees/RandomForest.java.xml', 'stmt', 107))"
2024-08-02 15:09:47,046	[INFO]	89      COMPILE_CODE_ERROR    None (--) [1 edit(s)] [cached] 
2024-08-02 15:09:47,046	[DEBUG]	patch(89)="SrcmlStmtDeletion(('src/main/java/weka/classifiers/trees/RandomForest.java.xml', 'stmt', 88))"
2024-08-02 15:10:34,505	[DEBUG]	EXEC>  SUCCESS 2191682.75
2024-08-02 15:10:34,505	[INFO]	90      SUCCESS               2191682.750000 (100.66%) [1 edit(s)]  
2024-08-02 15:10:34,505	[DEBUG]	patch(90)="SrcmlStmtInsertion(('src/main/java/weka/classifiers/trees/RandomForest.java.xml', '_inter_block', 189), ('src/main/java/weka/classifiers/trees/RandomForest.java.xml', 'stmt', 106))"
2024-08-02 15:10:37,471	[INFO]	91      COMPILE_CODE_ERROR    None (--) [1 edit(s)]  
2024-08-02 15:10:37,471	[DEBUG]	patch(91)="SrcmlStmtReplacement(('src/main/java/weka/classifiers/trees/RandomForest.java.xml', 'stmt', 133), ('src/main/java/weka/classifiers/trees/RandomForest.java.xml', 'stmt', 48))"
2024-08-02 15:10:40,343	[INFO]	92      COMPILE_CODE_ERROR    None (--) [1 edit(s)]  
2024-08-02 15:10:40,343	[DEBUG]	patch(92)="SrcmlStmtInsertion(('src/main/java/weka/classifiers/trees/RandomForest.java.xml', '_inter_block', 190), ('src/main/java/weka/classifiers/trees/RandomForest.java.xml', 'stmt', 59))"
2024-08-02 15:10:43,142	[INFO]	93      COMPILE_CODE_ERROR    None (--) [1 edit(s)]  
2024-08-02 15:10:43,143	[DEBUG]	patch(93)="SrcmlStmtInsertion(('src/main/java/weka/classifiers/trees/RandomForest.java.xml', '_inter_block', 216), ('src/main/java/weka/classifiers/trees/RandomForest.java.xml', 'stmt', 36))"
2024-08-02 15:10:43,147	[INFO]	94      SUCCESS               2182950.750000 (100.26%) [1 edit(s)] [cached] 
2024-08-02 15:10:43,147	[DEBUG]	patch(94)="SrcmlStmtDeletion(('src/main/java/weka/classifiers/trees/RandomForest.java.xml', 'stmt', 57))"
2024-08-02 15:10:46,109	[INFO]	95      COMPILE_CODE_ERROR    None (--) [1 edit(s)]  
2024-08-02 15:10:46,109	[DEBUG]	patch(95)="SrcmlStmtReplacement(('src/main/java/weka/classifiers/trees/RandomForest.java.xml', 'stmt', 83), ('src/main/java/weka/classifiers/trees/RandomForest.java.xml', 'stmt', 138))"
2024-08-02 15:10:49,084	[INFO]	96      COMPILE_CODE_ERROR    None (--) [1 edit(s)]  
2024-08-02 15:10:49,084	[DEBUG]	patch(96)="SrcmlStmtReplacement(('src/main/java/weka/classifiers/trees/RandomForest.java.xml', 'stmt', 32), ('src/main/java/weka/classifiers/trees/RandomForest.java.xml', 'stmt', 117))"
2024-08-02 15:10:51,544	[INFO]	97      COMPILE_CODE_ERROR    None (--) [1 edit(s)]  
2024-08-02 15:10:51,544	[DEBUG]	patch(97)="SrcmlStmtInsertion(('src/main/java/weka/classifiers/trees/RandomForest.java.xml', '_inter_block', 214), ('src/main/java/weka/classifiers/trees/RandomForest.java.xml', 'stmt', 1))"
2024-08-02 15:11:39,120	[DEBUG]	EXEC>  SUCCESS 2186711.5
2024-08-02 15:11:39,120	[INFO]	98      SUCCESS               2186711.500000 (100.43%) [1 edit(s)]  
2024-08-02 15:11:39,120	[DEBUG]	patch(98)="SrcmlStmtDeletion(('src/main/java/weka/classifiers/trees/RandomForest.java.xml', 'stmt', 61))"
2024-08-02 15:11:42,054	[INFO]	99      COMPILE_CODE_ERROR    None (--) [1 edit(s)]  
2024-08-02 15:11:42,054	[DEBUG]	patch(99)="SrcmlStmtReplacement(('src/main/java/weka/classifiers/trees/RandomForest.java.xml', 'stmt', 99), ('src/main/java/weka/classifiers/trees/RandomForest.java.xml', 'stmt', 34))"
2024-08-02 15:11:42,057	[INFO]	100     SUCCESS               2222238.000000 (102.07%) [1 edit(s)] [cached] 
2024-08-02 15:11:42,057	[DEBUG]	patch(100)="SrcmlStmtDeletion(('src/main/java/weka/classifiers/trees/RandomForest.java.xml', 'stmt', 100))"
2024-08-02 15:12:29,544	[DEBUG]	EXEC>  SUCCESS 2218464.75
2024-08-02 15:12:29,544	[INFO]	101     SUCCESS               2218464.750000 (101.89%) [1 edit(s)]  
2024-08-02 15:12:29,545	[DEBUG]	patch(101)="SrcmlStmtDeletion(('src/main/java/weka/classifiers/trees/RandomForest.java.xml', 'stmt', 44))"
2024-08-02 15:13:18,031	[DEBUG]	EXEC>  SUCCESS 2225821.25
2024-08-02 15:13:18,031	[INFO]	102     SUCCESS               2225821.250000 (102.23%) [1 edit(s)]  
2024-08-02 15:13:18,031	[DEBUG]	patch(102)="SrcmlStmtDeletion(('src/main/java/weka/classifiers/trees/RandomForest.java.xml', 'stmt', 21))"
2024-08-02 15:14:05,777	[DEBUG]	EXEC>  SUCCESS 2173710.5
2024-08-02 15:14:05,777	[INFO]	103     SUCCESS              *2173710.500000 (99.84%) [1 edit(s)]  
2024-08-02 15:14:05,777	[DEBUG]	patch(103)="SrcmlStmtReplacement(('src/main/java/weka/classifiers/trees/RandomForest.java.xml', 'stmt', 95), ('src/main/java/weka/classifiers/trees/RandomForest.java.xml', 'stmt', 99))"
--- before: src/main/java/weka/classifiers/trees/RandomForest.java
+++ after: src/main/java/weka/classifiers/trees/RandomForest.java
@@ -640,7 +640,7 @@
     }
 
     if (getStoreOutOfBagPredictions()) {
-      result.add("-store-out-of-bag-predictions");
+      result.add("-print");
     }
 
     if (getOutputOutOfBagComplexityStatistics()) {

2024-08-02 15:14:08,609	[INFO]	104     COMPILE_CODE_ERROR    None (--) [2 edit(s)]  
2024-08-02 15:14:08,609	[DEBUG]	patch(104)="SrcmlStmtReplacement(('src/main/java/weka/classifiers/trees/RandomForest.java.xml', 'stmt', 95), ('src/main/java/weka/classifiers/trees/RandomForest.java.xml', 'stmt', 99)) | SrcmlStmtInsertion(('src/main/java/weka/classifiers/trees/RandomForest.java.xml', '_inter_block', 162), ('src/main/java/weka/classifiers/trees/RandomForest.java.xml', 'stmt', 42))"
2024-08-02 15:14:10,943	[INFO]	105     COMPILE_CODE_ERROR    None (--) [2 edit(s)]  
2024-08-02 15:14:10,943	[DEBUG]	patch(105)="SrcmlStmtReplacement(('src/main/java/weka/classifiers/trees/RandomForest.java.xml', 'stmt', 95), ('src/main/java/weka/classifiers/trees/RandomForest.java.xml', 'stmt', 99)) | SrcmlStmtDeletion(('src/main/java/weka/classifiers/trees/RandomForest.java.xml', 'stmt', 127))"
2024-08-02 15:14:59,562	[DEBUG]	EXEC>  SUCCESS 2225223.0
2024-08-02 15:14:59,563	[INFO]	106     SUCCESS               2225223.000000 (102.20%) [2 edit(s)]  
2024-08-02 15:14:59,563	[DEBUG]	patch(106)="SrcmlStmtReplacement(('src/main/java/weka/classifiers/trees/RandomForest.java.xml', 'stmt', 95), ('src/main/java/weka/classifiers/trees/RandomForest.java.xml', 'stmt', 99)) | SrcmlStmtDeletion(('src/main/java/weka/classifiers/trees/RandomForest.java.xml', 'stmt', 133))"
2024-08-02 15:15:02,468	[INFO]	107     COMPILE_CODE_ERROR    None (--) [2 edit(s)]  
2024-08-02 15:15:02,468	[DEBUG]	patch(107)="SrcmlStmtReplacement(('src/main/java/weka/classifiers/trees/RandomForest.java.xml', 'stmt', 95), ('src/main/java/weka/classifiers/trees/RandomForest.java.xml', 'stmt', 99)) | SrcmlStmtDeletion(('src/main/java/weka/classifiers/trees/RandomForest.java.xml', 'stmt', 59))"
2024-08-02 15:15:49,801	[DEBUG]	EXEC>  SUCCESS 2188594.0
2024-08-02 15:15:49,804	[INFO]	108     SUCCESS               2188594.000000 (100.52%) [2 edit(s)]  
2024-08-02 15:15:49,804	[DEBUG]	patch(108)="SrcmlStmtReplacement(('src/main/java/weka/classifiers/trees/RandomForest.java.xml', 'stmt', 95), ('src/main/java/weka/classifiers/trees/RandomForest.java.xml', 'stmt', 99)) | SrcmlStmtDeletion(('src/main/java/weka/classifiers/trees/RandomForest.java.xml', 'stmt', 50))"
2024-08-02 15:15:52,748	[INFO]	109     COMPILE_CODE_ERROR    None (--) [2 edit(s)]  
2024-08-02 15:15:52,748	[DEBUG]	patch(109)="SrcmlStmtReplacement(('src/main/java/weka/classifiers/trees/RandomForest.java.xml', 'stmt', 95), ('src/main/java/weka/classifiers/trees/RandomForest.java.xml', 'stmt', 99)) | SrcmlStmtReplacement(('src/main/java/weka/classifiers/trees/RandomForest.java.xml', 'stmt', 115), ('src/main/java/weka/classifiers/trees/RandomForest.java.xml', 'stmt', 5))"
2024-08-02 15:15:55,647	[INFO]	110     COMPILE_CODE_ERROR    None (--) [2 edit(s)]  
2024-08-02 15:15:55,647	[DEBUG]	patch(110)="SrcmlStmtReplacement(('src/main/java/weka/classifiers/trees/RandomForest.java.xml', 'stmt', 95), ('src/main/java/weka/classifiers/trees/RandomForest.java.xml', 'stmt', 99)) | SrcmlStmtInsertion(('src/main/java/weka/classifiers/trees/RandomForest.java.xml', '_inter_block', 87), ('src/main/java/weka/classifiers/trees/RandomForest.java.xml', 'stmt', 139))"
2024-08-02 15:15:55,649	[INFO]	111     SUCCESS               2177248.250000 (100.00%) [0 edit(s)] [cached] 
2024-08-02 15:15:55,649	[DEBUG]	patch(111)=""
2024-08-02 15:16:43,578	[DEBUG]	EXEC>  SUCCESS 2196817.75
2024-08-02 15:16:43,578	[INFO]	112     SUCCESS               2196817.750000 (100.90%) [2 edit(s)]  
2024-08-02 15:16:43,579	[DEBUG]	patch(112)="SrcmlStmtReplacement(('src/main/java/weka/classifiers/trees/RandomForest.java.xml', 'stmt', 95), ('src/main/java/weka/classifiers/trees/RandomForest.java.xml', 'stmt', 99)) | SrcmlStmtDeletion(('src/main/java/weka/classifiers/trees/RandomForest.java.xml', 'stmt', 4))"
2024-08-02 15:16:46,353	[INFO]	113     COMPILE_CODE_ERROR    None (--) [2 edit(s)]  
2024-08-02 15:16:46,353	[DEBUG]	patch(113)="SrcmlStmtReplacement(('src/main/java/weka/classifiers/trees/RandomForest.java.xml', 'stmt', 95), ('src/main/java/weka/classifiers/trees/RandomForest.java.xml', 'stmt', 99)) | SrcmlStmtReplacement(('src/main/java/weka/classifiers/trees/RandomForest.java.xml', 'stmt', 25), ('src/main/java/weka/classifiers/trees/RandomForest.java.xml', 'stmt', 114))"
2024-08-02 15:16:49,193	[INFO]	114     COMPILE_CODE_ERROR    None (--) [2 edit(s)]  
2024-08-02 15:16:49,193	[DEBUG]	patch(114)="SrcmlStmtReplacement(('src/main/java/weka/classifiers/trees/RandomForest.java.xml', 'stmt', 95), ('src/main/java/weka/classifiers/trees/RandomForest.java.xml', 'stmt', 99)) | SrcmlStmtReplacement(('src/main/java/weka/classifiers/trees/RandomForest.java.xml', 'stmt', 32), ('src/main/java/weka/classifiers/trees/RandomForest.java.xml', 'stmt', 105))"
2024-08-02 15:16:52,132	[INFO]	115     COMPILE_CODE_ERROR    None (--) [2 edit(s)]  
2024-08-02 15:16:52,132	[DEBUG]	patch(115)="SrcmlStmtReplacement(('src/main/java/weka/classifiers/trees/RandomForest.java.xml', 'stmt', 95), ('src/main/java/weka/classifiers/trees/RandomForest.java.xml', 'stmt', 99)) | SrcmlStmtReplacement(('src/main/java/weka/classifiers/trees/RandomForest.java.xml', 'stmt', 93), ('src/main/java/weka/classifiers/trees/RandomForest.java.xml', 'stmt', 132))"
2024-08-02 15:17:40,349	[DEBUG]	EXEC>  SUCCESS 2199609.75
2024-08-02 15:17:40,349	[INFO]	116     SUCCESS               2199609.750000 (101.03%) [2 edit(s)]  
2024-08-02 15:17:40,350	[DEBUG]	patch(116)="SrcmlStmtReplacement(('src/main/java/weka/classifiers/trees/RandomForest.java.xml', 'stmt', 95), ('src/main/java/weka/classifiers/trees/RandomForest.java.xml', 'stmt', 99)) | SrcmlStmtDeletion(('src/main/java/weka/classifiers/trees/RandomForest.java.xml', 'stmt', 118))"
2024-08-02 15:17:40,353	[INFO]	~~~~ END ~~~~
2024-08-02 15:17:40,354	[INFO]	
2024-08-02 15:17:40,354	[INFO]	==== REPORT ====
2024-08-02 15:17:40,354	[INFO]	Termination: time budget
2024-08-02 15:17:40,354	[INFO]	Retries: 4
2024-08-02 15:17:40,354	[INFO]	Log file: /home/dbouras/magpie/_magpie_logs/weka_1722606300.log
2024-08-02 15:17:40,354	[INFO]	Patch file: _magpie_logs/weka_1722606300.patch
2024-08-02 15:17:40,354	[INFO]	Diff file: _magpie_logs/weka_1722606300.diff
2024-08-02 15:17:40,354	[INFO]	Reference fitness: 2177248.250000
2024-08-02 15:17:40,354	[INFO]	Best fitness: 2173710.500000
2024-08-02 15:17:40,355	[INFO]	
2024-08-02 15:17:40,355	[INFO]	==== BEST PATCH ====
SrcmlStmtReplacement(('src/main/java/weka/classifiers/trees/RandomForest.java.xml', 'stmt', 95), ('src/main/java/weka/classifiers/trees/RandomForest.java.xml', 'stmt', 99))
2024-08-02 15:17:40,356	[INFO]	
2024-08-02 15:17:40,356	[INFO]	==== DIFF ====
[1m--- before: src/main/java/weka/classifiers/trees/RandomForest.java[0m
[1m+++ after: src/main/java/weka/classifiers/trees/RandomForest.java[0m
[36m@@ -640,7 +640,7 @@[0m
     }
 
     if (getStoreOutOfBagPredictions()) {
[31m-      result.add("-store-out-of-bag-predictions");[0m
[32m+      result.add("-print");[0m
     }
 
     if (getOutputOutOfBagComplexityStatistics()) {

