2024-07-06 19:13:12,916	[DEBUG]	==== CONFIG ====
[magpie]
import = 
seed = 45
log_dir = _magpie_logs
work_dir = _magpie_work
local_original_copy = True
local_original_name = __original__
output_encoding = ascii
edit_retries = 10
default_timeout = 100
default_lengthout = 1e6
diff_method = unified
trust_local_filesystem = True
run_timeout = 100

[magpie.log]
color_output = True
format_info = {counter:<7} {status:<20} {best}{fitness} ({ratio}) [{size}] {cached} {log}
format_debug = patch({counter})="{patch}"{diffifbest}
format_fitness = {:.6f}
format_ratio = {:.2%%}
format_patchif = 
	 --> {patch}
format_diffif = 
	{diff}

[software]
path = examples/minisat
target_files = 
	core/Solver.cc.xml
software = BasicSoftware
model_rules = 
	*.params : ParamFileConfigModel
	*.xml : SrcmlModel
	* : LineModel
model_config = 
	*.params : [paramconfig]
	*.xml : [srcml]
init_cmd = bash init.sh
init_timeout = 60
init_lengthout = -1
setup_cmd = bash compile.sh
setup_timeout = 
setup_lengthout = 
compile_cmd = bash compile.sh
compile_timeout = 
compile_lengthout = 
test_cmd = bash test.sh
test_timeout = 
test_lengthout = 
run_cmd = perf stat -e cache-misses bash run_fixed.sh
run_timeout = 
run_lengthout = 
retries = 5
batch_timeout = 
batch_lengthout = 
batch_bin_fitness_strategy = aggregate
batch_fitness_strategy = sum
fitness = perf_cache_misses

[srcml]
rename = 
	stmt: break continue decl_stmt do expr_stmt for goto if return switch while
	number: literal_number
focus = block stmt operator_comp operator_arith number
internodes = block
process_pseudo_blocks = True
process_literals = True
process_operators = True

[paramconfig]
timing = test run
cli_prefix = --
cli_glue = =
cli_boolean = show
cli_boolean_prefix_true = 
cli_boolean_prefix_false = no-
cli_none = hide
silent_prefix = @
silent_suffix = $

[search]
protocol = BasicProtocol
algorithm = FirstImprovement
possible_edits = 
	SrcmlStmtReplacement
	SrcmlStmtInsertion
	SrcmlStmtDeletion
warmup = 3
warmup_strategy = last
max_steps = 10000
max_time = 1800
target_fitness = 
cache_maxsize = 100
cache_keep = 0.2
batch_instances = 
batch_shuffle = True
batch_bin_shuffle = False
batch_sample_size = 1

[search.ls]
delete_prob = 0.5
max_neighbours = 
when_trapped = continue
accept_fail = False
tabu_length = 10

[search.gp]
pop_size = 10
delete_prob = 0.5
offspring_elitism = 0.1
offspring_crossover = 0.5
offspring_mutation = 0.4
uniform_rate = 0.5
batch_reset = True

[search.minify]
do_cleanup = True
do_rebuild = True
do_simplify = True
round_robin_limit = 3


2024-07-06 19:13:12,916	[DEBUG]	
2024-07-06 19:13:12,916	[INFO]	==== SEARCH: FirstImprovement ====
2024-07-06 19:13:12,916	[INFO]	~~~~ WARMUP ~~~~
2024-07-06 19:14:27,877	[DEBUG]	EXEC>  SUCCESS 550792.0
2024-07-06 19:14:27,877	[INFO]	WARM    SUCCESS               550792.000000 (--) [0 edit(s)]  
2024-07-06 19:15:38,965	[DEBUG]	EXEC>  SUCCESS 526160.0
2024-07-06 19:15:38,965	[INFO]	WARM    SUCCESS               526160.000000 (--) [0 edit(s)]  
2024-07-06 19:16:48,642	[DEBUG]	EXEC>  SUCCESS 610912.2
2024-07-06 19:16:48,642	[INFO]	WARM    SUCCESS               610912.200000 (--) [0 edit(s)]  
2024-07-06 19:16:48,642	[INFO]	REF     SUCCESS               610912.200000 (--) [0 edit(s)]  
2024-07-06 19:16:48,642	[INFO]	
2024-07-06 19:16:48,643	[INFO]	~~~~ START ~~~~
2024-07-06 19:16:50,567	[INFO]	1       TEST_CODE_ERROR       None (--) [1 edit(s)]  
2024-07-06 19:16:50,567	[DEBUG]	patch(1)="SrcmlStmtInsertion(('core/Solver.cc.xml', '_inter_block', 263), ('core/Solver.cc.xml', 'stmt', 155))"
2024-07-06 19:18:00,699	[DEBUG]	EXEC>  SUCCESS 458974.4
2024-07-06 19:18:00,699	[INFO]	2       SUCCESS              *458974.400000 (75.13%) [1 edit(s)]  
2024-07-06 19:18:00,699	[DEBUG]	patch(2)="SrcmlStmtInsertion(('core/Solver.cc.xml', '_inter_block', 495), ('core/Solver.cc.xml', 'stmt', 58))"
--- before: core/Solver.cc
+++ after: core/Solver.cc
@@ -932,6 +932,7 @@
 void Solver::toDimacs(FILE* f, Clause& c, vec<Var>& map, Var& max)
 {
     if (satisfied(c)) /*auto*/{
+      watches.smudge(~c[1]);
       return;
     }/*auto*/
 

2024-07-06 19:18:00,703	[INFO]	3       SUCCESS               610912.200000 (100.00%) [0 edit(s)] [cached] 
2024-07-06 19:18:00,703	[DEBUG]	patch(3)=""
2024-07-06 19:19:11,417	[DEBUG]	EXEC>  SUCCESS 468255.4
2024-07-06 19:19:11,417	[INFO]	4       SUCCESS               468255.400000 (76.65%) [2 edit(s)]  
2024-07-06 19:19:11,417	[DEBUG]	patch(4)="SrcmlStmtInsertion(('core/Solver.cc.xml', '_inter_block', 495), ('core/Solver.cc.xml', 'stmt', 58)) | SrcmlStmtDeletion(('core/Solver.cc.xml', 'stmt', 319))"
2024-07-06 19:19:13,276	[INFO]	5       TEST_CODE_ERROR       None (--) [2 edit(s)]  
2024-07-06 19:19:13,276	[DEBUG]	patch(5)="SrcmlStmtInsertion(('core/Solver.cc.xml', '_inter_block', 495), ('core/Solver.cc.xml', 'stmt', 58)) | SrcmlStmtDeletion(('core/Solver.cc.xml', 'stmt', 108))"
2024-07-06 19:19:13,713	[INFO]	6       COMPILE_CODE_ERROR    None (--) [2 edit(s)]  
2024-07-06 19:19:13,714	[DEBUG]	patch(6)="SrcmlStmtInsertion(('core/Solver.cc.xml', '_inter_block', 495), ('core/Solver.cc.xml', 'stmt', 58)) | SrcmlStmtDeletion(('core/Solver.cc.xml', 'stmt', 38))"
2024-07-06 19:19:14,167	[INFO]	7       COMPILE_CODE_ERROR    None (--) [2 edit(s)]  
2024-07-06 19:19:14,168	[DEBUG]	patch(7)="SrcmlStmtInsertion(('core/Solver.cc.xml', '_inter_block', 495), ('core/Solver.cc.xml', 'stmt', 58)) | SrcmlStmtReplacement(('core/Solver.cc.xml', 'stmt', 88), ('core/Solver.cc.xml', 'stmt', 128))"
2024-07-06 19:20:56,122	[INFO]	8       TEST_TIMEOUT          None (--) [2 edit(s)]  
2024-07-06 19:20:56,122	[DEBUG]	patch(8)="SrcmlStmtInsertion(('core/Solver.cc.xml', '_inter_block', 495), ('core/Solver.cc.xml', 'stmt', 58)) | SrcmlStmtDeletion(('core/Solver.cc.xml', 'stmt', 303))"
2024-07-06 19:20:56,562	[INFO]	9       COMPILE_CODE_ERROR    None (--) [2 edit(s)]  
2024-07-06 19:20:56,562	[DEBUG]	patch(9)="SrcmlStmtInsertion(('core/Solver.cc.xml', '_inter_block', 495), ('core/Solver.cc.xml', 'stmt', 58)) | SrcmlStmtInsertion(('core/Solver.cc.xml', '_inter_block', 359), ('core/Solver.cc.xml', 'stmt', 320))"
2024-07-06 19:20:57,004	[INFO]	10      COMPILE_CODE_ERROR    None (--) [2 edit(s)]  
2024-07-06 19:20:57,004	[DEBUG]	patch(10)="SrcmlStmtInsertion(('core/Solver.cc.xml', '_inter_block', 495), ('core/Solver.cc.xml', 'stmt', 58)) | SrcmlStmtReplacement(('core/Solver.cc.xml', 'stmt', 150), ('core/Solver.cc.xml', 'stmt', 212))"
2024-07-06 19:20:58,848	[INFO]	11      TEST_CODE_ERROR       None (--) [2 edit(s)]  
2024-07-06 19:20:58,848	[DEBUG]	patch(11)="SrcmlStmtInsertion(('core/Solver.cc.xml', '_inter_block', 495), ('core/Solver.cc.xml', 'stmt', 58)) | SrcmlStmtDeletion(('core/Solver.cc.xml', 'stmt', 31))"
2024-07-06 19:20:58,854	[INFO]	12      SUCCESS               468255.400000 (76.65%) [2 edit(s)] [cached] 
2024-07-06 19:20:58,854	[DEBUG]	patch(12)="SrcmlStmtInsertion(('core/Solver.cc.xml', '_inter_block', 495), ('core/Solver.cc.xml', 'stmt', 58)) | SrcmlStmtDeletion(('core/Solver.cc.xml', 'stmt', 319))"
2024-07-06 19:22:08,979	[DEBUG]	EXEC>  SUCCESS 461622.0
2024-07-06 19:22:08,979	[INFO]	13      SUCCESS               461622.000000 (75.56%) [2 edit(s)]  
2024-07-06 19:22:08,979	[DEBUG]	patch(13)="SrcmlStmtInsertion(('core/Solver.cc.xml', '_inter_block', 495), ('core/Solver.cc.xml', 'stmt', 58)) | SrcmlStmtDeletion(('core/Solver.cc.xml', 'stmt', 162))"
2024-07-06 19:22:09,427	[INFO]	14      COMPILE_CODE_ERROR    None (--) [2 edit(s)]  
2024-07-06 19:22:09,427	[DEBUG]	patch(14)="SrcmlStmtInsertion(('core/Solver.cc.xml', '_inter_block', 495), ('core/Solver.cc.xml', 'stmt', 58)) | SrcmlStmtInsertion(('core/Solver.cc.xml', '_inter_block', 337), ('core/Solver.cc.xml', 'stmt', 124))"
2024-07-06 19:22:09,868	[INFO]	15      COMPILE_CODE_ERROR    None (--) [2 edit(s)]  
2024-07-06 19:22:09,869	[DEBUG]	patch(15)="SrcmlStmtInsertion(('core/Solver.cc.xml', '_inter_block', 495), ('core/Solver.cc.xml', 'stmt', 58)) | SrcmlStmtDeletion(('core/Solver.cc.xml', 'stmt', 252))"
2024-07-06 19:22:10,312	[INFO]	16      COMPILE_CODE_ERROR    None (--) [2 edit(s)]  
2024-07-06 19:22:10,312	[DEBUG]	patch(16)="SrcmlStmtInsertion(('core/Solver.cc.xml', '_inter_block', 495), ('core/Solver.cc.xml', 'stmt', 58)) | SrcmlStmtInsertion(('core/Solver.cc.xml', '_inter_block', 179), ('core/Solver.cc.xml', 'stmt', 401))"
2024-07-06 19:22:12,173	[INFO]	17      TEST_CODE_ERROR       None (--) [2 edit(s)]  
2024-07-06 19:22:12,173	[DEBUG]	patch(17)="SrcmlStmtInsertion(('core/Solver.cc.xml', '_inter_block', 495), ('core/Solver.cc.xml', 'stmt', 58)) | SrcmlStmtDeletion(('core/Solver.cc.xml', 'stmt', 42))"
2024-07-06 19:22:13,971	[INFO]	18      TEST_CODE_ERROR       None (--) [2 edit(s)]  
2024-07-06 19:22:13,971	[DEBUG]	patch(18)="SrcmlStmtInsertion(('core/Solver.cc.xml', '_inter_block', 495), ('core/Solver.cc.xml', 'stmt', 58)) | SrcmlStmtDeletion(('core/Solver.cc.xml', 'stmt', 199))"
2024-07-06 19:23:23,809	[DEBUG]	EXEC>  SUCCESS 475160.0
2024-07-06 19:23:23,809	[INFO]	19      SUCCESS               475160.000000 (77.78%) [2 edit(s)]  
2024-07-06 19:23:23,809	[DEBUG]	patch(19)="SrcmlStmtInsertion(('core/Solver.cc.xml', '_inter_block', 495), ('core/Solver.cc.xml', 'stmt', 58)) | SrcmlStmtInsertion(('core/Solver.cc.xml', '_inter_block', 386), ('core/Solver.cc.xml', 'stmt', 363))"
2024-07-06 19:23:40,906	[DEBUG]	EXEC>  SUCCESS 255776.2
2024-07-06 19:23:40,906	[INFO]	20      SUCCESS              *255776.200000 (41.87%) [2 edit(s)]  
2024-07-06 19:23:40,906	[DEBUG]	patch(20)="SrcmlStmtInsertion(('core/Solver.cc.xml', '_inter_block', 495), ('core/Solver.cc.xml', 'stmt', 58)) | SrcmlStmtReplacement(('core/Solver.cc.xml', 'stmt', 302), ('core/Solver.cc.xml', 'stmt', 119))"
--- before: core/Solver.cc
+++ after: core/Solver.cc
@@ -764,7 +764,7 @@
             if (nof_conflicts >= 0 && conflictC >= nof_conflicts || !withinBudget()){
                 // Reached bound on number of conflicts:
                 progress_estimate = progressEstimate();
-                cancelUntil(0);
+                uint32_t abstract_level = 0;
                 return l_Undef; }
 
             // Simplify the set of problem clauses:
@@ -932,6 +932,7 @@
 void Solver::toDimacs(FILE* f, Clause& c, vec<Var>& map, Var& max)
 {
     if (satisfied(c)) /*auto*/{
+      watches.smudge(~c[1]);
       return;
     }/*auto*/
 

2024-07-06 19:23:40,912	[INFO]	21      SUCCESS               458974.400000 (75.13%) [1 edit(s)] [cached] 
2024-07-06 19:23:40,912	[DEBUG]	patch(21)="SrcmlStmtInsertion(('core/Solver.cc.xml', '_inter_block', 495), ('core/Solver.cc.xml', 'stmt', 58))"
2024-07-06 19:23:57,892	[DEBUG]	EXEC>  SUCCESS 255873.0
2024-07-06 19:23:57,893	[INFO]	22      SUCCESS               255873.000000 (41.88%) [3 edit(s)]  
2024-07-06 19:23:57,893	[DEBUG]	patch(22)="SrcmlStmtInsertion(('core/Solver.cc.xml', '_inter_block', 495), ('core/Solver.cc.xml', 'stmt', 58)) | SrcmlStmtReplacement(('core/Solver.cc.xml', 'stmt', 302), ('core/Solver.cc.xml', 'stmt', 119)) | SrcmlStmtReplacement(('core/Solver.cc.xml', 'stmt', 348), ('core/Solver.cc.xml', 'stmt', 302))"
2024-07-06 19:23:58,337	[INFO]	23      COMPILE_CODE_ERROR    None (--) [3 edit(s)]  
2024-07-06 19:23:58,337	[DEBUG]	patch(23)="SrcmlStmtInsertion(('core/Solver.cc.xml', '_inter_block', 495), ('core/Solver.cc.xml', 'stmt', 58)) | SrcmlStmtReplacement(('core/Solver.cc.xml', 'stmt', 302), ('core/Solver.cc.xml', 'stmt', 119)) | SrcmlStmtDeletion(('core/Solver.cc.xml', 'stmt', 119))"
2024-07-06 19:23:58,774	[INFO]	24      COMPILE_CODE_ERROR    None (--) [3 edit(s)]  
2024-07-06 19:23:58,774	[DEBUG]	patch(24)="SrcmlStmtInsertion(('core/Solver.cc.xml', '_inter_block', 495), ('core/Solver.cc.xml', 'stmt', 58)) | SrcmlStmtReplacement(('core/Solver.cc.xml', 'stmt', 302), ('core/Solver.cc.xml', 'stmt', 119)) | SrcmlStmtReplacement(('core/Solver.cc.xml', 'stmt', 25), ('core/Solver.cc.xml', 'stmt', 318))"
2024-07-06 19:24:00,653	[INFO]	25      TEST_CODE_ERROR       None (--) [3 edit(s)]  
2024-07-06 19:24:00,653	[DEBUG]	patch(25)="SrcmlStmtInsertion(('core/Solver.cc.xml', '_inter_block', 495), ('core/Solver.cc.xml', 'stmt', 58)) | SrcmlStmtReplacement(('core/Solver.cc.xml', 'stmt', 302), ('core/Solver.cc.xml', 'stmt', 119)) | SrcmlStmtDeletion(('core/Solver.cc.xml', 'stmt', 416))"
2024-07-06 19:24:18,255	[DEBUG]	EXEC>  SUCCESS 265512.2
2024-07-06 19:24:18,255	[INFO]	26      SUCCESS               265512.200000 (43.46%) [3 edit(s)]  
2024-07-06 19:24:18,255	[DEBUG]	patch(26)="SrcmlStmtInsertion(('core/Solver.cc.xml', '_inter_block', 495), ('core/Solver.cc.xml', 'stmt', 58)) | SrcmlStmtReplacement(('core/Solver.cc.xml', 'stmt', 302), ('core/Solver.cc.xml', 'stmt', 119)) | SrcmlStmtDeletion(('core/Solver.cc.xml', 'stmt', 303))"
2024-07-06 19:24:18,704	[INFO]	27      COMPILE_CODE_ERROR    None (--) [3 edit(s)]  
2024-07-06 19:24:18,705	[DEBUG]	patch(27)="SrcmlStmtInsertion(('core/Solver.cc.xml', '_inter_block', 495), ('core/Solver.cc.xml', 'stmt', 58)) | SrcmlStmtReplacement(('core/Solver.cc.xml', 'stmt', 302), ('core/Solver.cc.xml', 'stmt', 119)) | SrcmlStmtInsertion(('core/Solver.cc.xml', '_inter_block', 394), ('core/Solver.cc.xml', 'stmt', 426))"
2024-07-06 19:24:35,370	[DEBUG]	EXEC>  SUCCESS 255103.4
2024-07-06 19:24:35,370	[INFO]	28      SUCCESS              *255103.400000 (41.76%) [1 edit(s)]  
2024-07-06 19:24:35,370	[DEBUG]	patch(28)="SrcmlStmtReplacement(('core/Solver.cc.xml', 'stmt', 302), ('core/Solver.cc.xml', 'stmt', 119))"
--- before: core/Solver.cc
+++ after: core/Solver.cc
@@ -764,7 +764,7 @@
             if (nof_conflicts >= 0 && conflictC >= nof_conflicts || !withinBudget()){
                 // Reached bound on number of conflicts:
                 progress_estimate = progressEstimate();
-                cancelUntil(0);
+                uint32_t abstract_level = 0;
                 return l_Undef; }
 
             // Simplify the set of problem clauses:

2024-07-06 19:24:35,374	[INFO]	29      SUCCESS               610912.200000 (100.00%) [0 edit(s)] [cached] 
2024-07-06 19:24:35,374	[DEBUG]	patch(29)=""
2024-07-06 19:24:52,184	[DEBUG]	EXEC>  SUCCESS 253214.0
2024-07-06 19:24:52,184	[INFO]	30      SUCCESS              *253214.000000 (41.45%) [2 edit(s)]  
2024-07-06 19:24:52,184	[DEBUG]	patch(30)="SrcmlStmtReplacement(('core/Solver.cc.xml', 'stmt', 302), ('core/Solver.cc.xml', 'stmt', 119)) | SrcmlStmtDeletion(('core/Solver.cc.xml', 'stmt', 302))"
--- before: core/Solver.cc
+++ after: core/Solver.cc
@@ -764,7 +764,7 @@
             if (nof_conflicts >= 0 && conflictC >= nof_conflicts || !withinBudget()){
                 // Reached bound on number of conflicts:
                 progress_estimate = progressEstimate();
-                cancelUntil(0);
+                
                 return l_Undef; }
 
             // Simplify the set of problem clauses:

2024-07-06 19:25:08,989	[DEBUG]	EXEC>  SUCCESS 259761.8
2024-07-06 19:25:08,990	[INFO]	31      SUCCESS               259761.800000 (42.52%) [3 edit(s)]  
2024-07-06 19:25:08,990	[DEBUG]	patch(31)="SrcmlStmtReplacement(('core/Solver.cc.xml', 'stmt', 302), ('core/Solver.cc.xml', 'stmt', 119)) | SrcmlStmtDeletion(('core/Solver.cc.xml', 'stmt', 302)) | SrcmlStmtDeletion(('core/Solver.cc.xml', 'stmt', 311))"
2024-07-06 19:25:10,858	[INFO]	32      TEST_CODE_ERROR       None (--) [3 edit(s)]  
2024-07-06 19:25:10,858	[DEBUG]	patch(32)="SrcmlStmtReplacement(('core/Solver.cc.xml', 'stmt', 302), ('core/Solver.cc.xml', 'stmt', 119)) | SrcmlStmtDeletion(('core/Solver.cc.xml', 'stmt', 302)) | SrcmlStmtReplacement(('core/Solver.cc.xml', 'stmt', 42), ('core/Solver.cc.xml', 'stmt', 67))"
2024-07-06 19:25:28,489	[DEBUG]	EXEC>  SUCCESS 270007.2
2024-07-06 19:25:28,489	[INFO]	33      SUCCESS               270007.200000 (44.20%) [3 edit(s)]  
2024-07-06 19:25:28,489	[DEBUG]	patch(33)="SrcmlStmtReplacement(('core/Solver.cc.xml', 'stmt', 302), ('core/Solver.cc.xml', 'stmt', 119)) | SrcmlStmtDeletion(('core/Solver.cc.xml', 'stmt', 302)) | SrcmlStmtInsertion(('core/Solver.cc.xml', '_inter_block', 409), ('core/Solver.cc.xml', 'stmt', 195))"
2024-07-06 19:25:28,493	[INFO]	34      SUCCESS              +253214.000000 (41.45%) [1 edit(s)] [cached] 
2024-07-06 19:25:28,493	[DEBUG]	patch(34)="SrcmlStmtDeletion(('core/Solver.cc.xml', 'stmt', 302))"
2024-07-06 19:25:28,497	[INFO]	35      SUCCESS               610912.200000 (100.00%) [0 edit(s)] [cached] 
2024-07-06 19:25:28,497	[DEBUG]	patch(35)=""
2024-07-06 19:25:28,935	[INFO]	36      COMPILE_CODE_ERROR    None (--) [2 edit(s)]  
2024-07-06 19:25:28,935	[DEBUG]	patch(36)="SrcmlStmtDeletion(('core/Solver.cc.xml', 'stmt', 302)) | SrcmlStmtReplacement(('core/Solver.cc.xml', 'stmt', 169), ('core/Solver.cc.xml', 'stmt', 321))"
2024-07-06 19:25:29,377	[INFO]	37      COMPILE_CODE_ERROR    None (--) [2 edit(s)]  
2024-07-06 19:25:29,377	[DEBUG]	patch(37)="SrcmlStmtDeletion(('core/Solver.cc.xml', 'stmt', 302)) | SrcmlStmtInsertion(('core/Solver.cc.xml', '_inter_block', 12), ('core/Solver.cc.xml', 'stmt', 184))"
2024-07-06 19:25:46,298	[DEBUG]	EXEC>  SUCCESS 256607.6
2024-07-06 19:25:46,298	[INFO]	38      SUCCESS               256607.600000 (42.00%) [2 edit(s)]  
2024-07-06 19:25:46,298	[DEBUG]	patch(38)="SrcmlStmtDeletion(('core/Solver.cc.xml', 'stmt', 302)) | SrcmlStmtReplacement(('core/Solver.cc.xml', 'stmt', 55), ('core/Solver.cc.xml', 'stmt', 295))"
2024-07-06 19:25:46,739	[INFO]	39      COMPILE_CODE_ERROR    None (--) [2 edit(s)]  
2024-07-06 19:25:46,739	[DEBUG]	patch(39)="SrcmlStmtDeletion(('core/Solver.cc.xml', 'stmt', 302)) | SrcmlStmtInsertion(('core/Solver.cc.xml', '_inter_block', 532), ('core/Solver.cc.xml', 'stmt', 72))"
2024-07-06 19:25:48,596	[INFO]	40      TEST_CODE_ERROR       None (--) [2 edit(s)]  
2024-07-06 19:25:48,596	[DEBUG]	patch(40)="SrcmlStmtDeletion(('core/Solver.cc.xml', 'stmt', 302)) | SrcmlStmtDeletion(('core/Solver.cc.xml', 'stmt', 97))"
2024-07-06 19:25:49,040	[INFO]	41      COMPILE_CODE_ERROR    None (--) [2 edit(s)]  
2024-07-06 19:25:49,040	[DEBUG]	patch(41)="SrcmlStmtDeletion(('core/Solver.cc.xml', 'stmt', 302)) | SrcmlStmtReplacement(('core/Solver.cc.xml', 'stmt', 52), ('core/Solver.cc.xml', 'stmt', 303))"
2024-07-06 19:26:05,777	[DEBUG]	EXEC>  SUCCESS 255985.0
2024-07-06 19:26:05,777	[INFO]	42      SUCCESS               255985.000000 (41.90%) [2 edit(s)]  
2024-07-06 19:26:05,777	[DEBUG]	patch(42)="SrcmlStmtDeletion(('core/Solver.cc.xml', 'stmt', 302)) | SrcmlStmtDeletion(('core/Solver.cc.xml', 'stmt', 268))"
2024-07-06 19:26:06,216	[INFO]	43      COMPILE_CODE_ERROR    None (--) [2 edit(s)]  
2024-07-06 19:26:06,217	[DEBUG]	patch(43)="SrcmlStmtDeletion(('core/Solver.cc.xml', 'stmt', 302)) | SrcmlStmtInsertion(('core/Solver.cc.xml', '_inter_block', 44), ('core/Solver.cc.xml', 'stmt', 369))"
2024-07-06 19:26:08,124	[INFO]	44      TEST_CODE_ERROR       None (--) [2 edit(s)]  
2024-07-06 19:26:08,124	[DEBUG]	patch(44)="SrcmlStmtDeletion(('core/Solver.cc.xml', 'stmt', 302)) | SrcmlStmtDeletion(('core/Solver.cc.xml', 'stmt', 21))"
2024-07-06 19:26:25,002	[DEBUG]	EXEC>  SUCCESS 269541.2
2024-07-06 19:26:25,002	[INFO]	45      SUCCESS               269541.200000 (44.12%) [2 edit(s)]  
2024-07-06 19:26:25,002	[DEBUG]	patch(45)="SrcmlStmtDeletion(('core/Solver.cc.xml', 'stmt', 302)) | SrcmlStmtDeletion(('core/Solver.cc.xml', 'stmt', 172))"
2024-07-06 19:26:25,451	[INFO]	46      COMPILE_CODE_ERROR    None (--) [2 edit(s)]  
2024-07-06 19:26:25,451	[DEBUG]	patch(46)="SrcmlStmtDeletion(('core/Solver.cc.xml', 'stmt', 302)) | SrcmlStmtInsertion(('core/Solver.cc.xml', '_inter_block', 178), ('core/Solver.cc.xml', 'stmt', 399))"
2024-07-06 19:26:25,890	[INFO]	47      COMPILE_CODE_ERROR    None (--) [2 edit(s)]  
2024-07-06 19:26:25,891	[DEBUG]	patch(47)="SrcmlStmtDeletion(('core/Solver.cc.xml', 'stmt', 302)) | SrcmlStmtInsertion(('core/Solver.cc.xml', '_inter_block', 523), ('core/Solver.cc.xml', 'stmt', 73))"
2024-07-06 19:26:26,331	[INFO]	48      COMPILE_CODE_ERROR    None (--) [2 edit(s)]  
2024-07-06 19:26:26,332	[DEBUG]	patch(48)="SrcmlStmtDeletion(('core/Solver.cc.xml', 'stmt', 302)) | SrcmlStmtReplacement(('core/Solver.cc.xml', 'stmt', 9), ('core/Solver.cc.xml', 'stmt', 42))"
2024-07-06 19:26:26,767	[INFO]	49      COMPILE_CODE_ERROR    None (--) [2 edit(s)]  
2024-07-06 19:26:26,767	[DEBUG]	patch(49)="SrcmlStmtDeletion(('core/Solver.cc.xml', 'stmt', 302)) | SrcmlStmtReplacement(('core/Solver.cc.xml', 'stmt', 389), ('core/Solver.cc.xml', 'stmt', 305))"
2024-07-06 19:26:27,206	[INFO]	50      COMPILE_CODE_ERROR    None (--) [2 edit(s)]  
2024-07-06 19:26:27,206	[DEBUG]	patch(50)="SrcmlStmtDeletion(('core/Solver.cc.xml', 'stmt', 302)) | SrcmlStmtReplacement(('core/Solver.cc.xml', 'stmt', 403), ('core/Solver.cc.xml', 'stmt', 179))"
2024-07-06 19:26:27,648	[INFO]	51      COMPILE_CODE_ERROR    None (--) [2 edit(s)]  
2024-07-06 19:26:27,648	[DEBUG]	patch(51)="SrcmlStmtDeletion(('core/Solver.cc.xml', 'stmt', 302)) | SrcmlStmtInsertion(('core/Solver.cc.xml', '_inter_block', 404), ('core/Solver.cc.xml', 'stmt', 144))"
2024-07-06 19:26:28,088	[INFO]	52      COMPILE_CODE_ERROR    None (--) [2 edit(s)]  
2024-07-06 19:26:28,088	[DEBUG]	patch(52)="SrcmlStmtDeletion(('core/Solver.cc.xml', 'stmt', 302)) | SrcmlStmtReplacement(('core/Solver.cc.xml', 'stmt', 71), ('core/Solver.cc.xml', 'stmt', 396))"
2024-07-06 19:26:30,013	[INFO]	53      TEST_CODE_ERROR       None (--) [2 edit(s)]  
2024-07-06 19:26:30,013	[DEBUG]	patch(53)="SrcmlStmtDeletion(('core/Solver.cc.xml', 'stmt', 302)) | SrcmlStmtInsertion(('core/Solver.cc.xml', '_inter_block', 280), ('core/Solver.cc.xml', 'stmt', 43))"
2024-07-06 19:26:30,459	[INFO]	54      COMPILE_CODE_ERROR    None (--) [2 edit(s)]  
2024-07-06 19:26:30,459	[DEBUG]	patch(54)="SrcmlStmtDeletion(('core/Solver.cc.xml', 'stmt', 302)) | SrcmlStmtInsertion(('core/Solver.cc.xml', '_inter_block', 263), ('core/Solver.cc.xml', 'stmt', 95))"
2024-07-06 19:26:32,332	[INFO]	55      TEST_CODE_ERROR       None (--) [2 edit(s)]  
2024-07-06 19:26:32,332	[DEBUG]	patch(55)="SrcmlStmtDeletion(('core/Solver.cc.xml', 'stmt', 302)) | SrcmlStmtDeletion(('core/Solver.cc.xml', 'stmt', 66))"
2024-07-06 19:26:32,780	[INFO]	56      COMPILE_CODE_ERROR    None (--) [2 edit(s)]  
2024-07-06 19:26:32,781	[DEBUG]	patch(56)="SrcmlStmtDeletion(('core/Solver.cc.xml', 'stmt', 302)) | SrcmlStmtInsertion(('core/Solver.cc.xml', '_inter_block', 376), ('core/Solver.cc.xml', 'stmt', 254))"
2024-07-06 19:26:33,221	[INFO]	57      COMPILE_CODE_ERROR    None (--) [2 edit(s)]  
2024-07-06 19:26:33,221	[DEBUG]	patch(57)="SrcmlStmtDeletion(('core/Solver.cc.xml', 'stmt', 302)) | SrcmlStmtReplacement(('core/Solver.cc.xml', 'stmt', 257), ('core/Solver.cc.xml', 'stmt', 174))"
2024-07-06 19:26:33,663	[INFO]	58      COMPILE_CODE_ERROR    None (--) [2 edit(s)]  
2024-07-06 19:26:33,663	[DEBUG]	patch(58)="SrcmlStmtDeletion(('core/Solver.cc.xml', 'stmt', 302)) | SrcmlStmtInsertion(('core/Solver.cc.xml', '_inter_block', 498), ('core/Solver.cc.xml', 'stmt', 366))"
2024-07-06 19:26:34,103	[INFO]	59      COMPILE_CODE_ERROR    None (--) [2 edit(s)]  
2024-07-06 19:26:34,103	[DEBUG]	patch(59)="SrcmlStmtDeletion(('core/Solver.cc.xml', 'stmt', 302)) | SrcmlStmtInsertion(('core/Solver.cc.xml', '_inter_block', 552), ('core/Solver.cc.xml', 'stmt', 114))"
2024-07-06 19:28:16,053	[INFO]	60      TEST_TIMEOUT          None (--) [2 edit(s)]  
2024-07-06 19:28:16,053	[DEBUG]	patch(60)="SrcmlStmtDeletion(('core/Solver.cc.xml', 'stmt', 302)) | SrcmlStmtDeletion(('core/Solver.cc.xml', 'stmt', 291))"
2024-07-06 19:28:17,965	[INFO]	61      TEST_CODE_ERROR       None (--) [2 edit(s)]  
2024-07-06 19:28:17,965	[DEBUG]	patch(61)="SrcmlStmtDeletion(('core/Solver.cc.xml', 'stmt', 302)) | SrcmlStmtInsertion(('core/Solver.cc.xml', '_inter_block', 386), ('core/Solver.cc.xml', 'stmt', 257))"
2024-07-06 19:28:19,838	[INFO]	62      TEST_CODE_ERROR       None (--) [2 edit(s)]  
2024-07-06 19:28:19,838	[DEBUG]	patch(62)="SrcmlStmtDeletion(('core/Solver.cc.xml', 'stmt', 302)) | SrcmlStmtInsertion(('core/Solver.cc.xml', '_inter_block', 268), ('core/Solver.cc.xml', 'stmt', 227))"
2024-07-06 19:28:20,282	[INFO]	63      COMPILE_CODE_ERROR    None (--) [2 edit(s)]  
2024-07-06 19:28:20,282	[DEBUG]	patch(63)="SrcmlStmtDeletion(('core/Solver.cc.xml', 'stmt', 302)) | SrcmlStmtDeletion(('core/Solver.cc.xml', 'stmt', 325))"
2024-07-06 19:28:20,720	[INFO]	64      COMPILE_CODE_ERROR    None (--) [2 edit(s)]  
2024-07-06 19:28:20,721	[DEBUG]	patch(64)="SrcmlStmtDeletion(('core/Solver.cc.xml', 'stmt', 302)) | SrcmlStmtInsertion(('core/Solver.cc.xml', '_inter_block', 31), ('core/Solver.cc.xml', 'stmt', 112))"
2024-07-06 19:28:37,423	[DEBUG]	EXEC>  SUCCESS 274647.4
2024-07-06 19:28:37,423	[INFO]	65      SUCCESS               274647.400000 (44.96%) [2 edit(s)]  
2024-07-06 19:28:37,423	[DEBUG]	patch(65)="SrcmlStmtDeletion(('core/Solver.cc.xml', 'stmt', 302)) | SrcmlStmtDeletion(('core/Solver.cc.xml', 'stmt', 128))"
2024-07-06 19:28:37,866	[INFO]	66      COMPILE_CODE_ERROR    None (--) [2 edit(s)]  
2024-07-06 19:28:37,866	[DEBUG]	patch(66)="SrcmlStmtDeletion(('core/Solver.cc.xml', 'stmt', 302)) | SrcmlStmtInsertion(('core/Solver.cc.xml', '_inter_block', 237), ('core/Solver.cc.xml', 'stmt', 284))"
2024-07-06 19:28:38,295	[INFO]	67      COMPILE_CODE_ERROR    None (--) [2 edit(s)]  
2024-07-06 19:28:38,295	[DEBUG]	patch(67)="SrcmlStmtDeletion(('core/Solver.cc.xml', 'stmt', 302)) | SrcmlStmtInsertion(('core/Solver.cc.xml', '_inter_block', 144), ('core/Solver.cc.xml', 'stmt', 393))"
2024-07-06 19:28:38,740	[INFO]	68      COMPILE_CODE_ERROR    None (--) [2 edit(s)]  
2024-07-06 19:28:38,740	[DEBUG]	patch(68)="SrcmlStmtDeletion(('core/Solver.cc.xml', 'stmt', 302)) | SrcmlStmtReplacement(('core/Solver.cc.xml', 'stmt', 166), ('core/Solver.cc.xml', 'stmt', 327))"
2024-07-06 19:28:39,179	[INFO]	69      COMPILE_CODE_ERROR    None (--) [2 edit(s)]  
2024-07-06 19:28:39,179	[DEBUG]	patch(69)="SrcmlStmtDeletion(('core/Solver.cc.xml', 'stmt', 302)) | SrcmlStmtInsertion(('core/Solver.cc.xml', '_inter_block', 118), ('core/Solver.cc.xml', 'stmt', 250))"
2024-07-06 19:28:39,626	[INFO]	70      COMPILE_CODE_ERROR    None (--) [2 edit(s)]  
2024-07-06 19:28:39,626	[DEBUG]	patch(70)="SrcmlStmtDeletion(('core/Solver.cc.xml', 'stmt', 302)) | SrcmlStmtInsertion(('core/Solver.cc.xml', '_inter_block', 344), ('core/Solver.cc.xml', 'stmt', 34))"
2024-07-06 19:28:40,063	[INFO]	71      COMPILE_CODE_ERROR    None (--) [2 edit(s)]  
2024-07-06 19:28:40,063	[DEBUG]	patch(71)="SrcmlStmtDeletion(('core/Solver.cc.xml', 'stmt', 302)) | SrcmlStmtReplacement(('core/Solver.cc.xml', 'stmt', 89), ('core/Solver.cc.xml', 'stmt', 167))"
2024-07-06 19:29:42,302	[DEBUG]	EXEC>  SUCCESS 2110171.0
2024-07-06 19:29:42,302	[INFO]	72      SUCCESS               2110171.000000 (345.41%) [2 edit(s)]  
2024-07-06 19:29:42,302	[DEBUG]	patch(72)="SrcmlStmtDeletion(('core/Solver.cc.xml', 'stmt', 302)) | SrcmlStmtDeletion(('core/Solver.cc.xml', 'stmt', 240))"
2024-07-06 19:29:42,307	[INFO]	73      SUCCESS               269541.200000 (44.12%) [2 edit(s)] [cached] 
2024-07-06 19:29:42,308	[DEBUG]	patch(73)="SrcmlStmtDeletion(('core/Solver.cc.xml', 'stmt', 302)) | SrcmlStmtDeletion(('core/Solver.cc.xml', 'stmt', 172))"
2024-07-06 19:29:42,745	[INFO]	74      COMPILE_CODE_ERROR    None (--) [2 edit(s)]  
2024-07-06 19:29:42,745	[DEBUG]	patch(74)="SrcmlStmtDeletion(('core/Solver.cc.xml', 'stmt', 302)) | SrcmlStmtReplacement(('core/Solver.cc.xml', 'stmt', 276), ('core/Solver.cc.xml', 'stmt', 266))"
2024-07-06 19:30:02,227	[DEBUG]	EXEC>  SUCCESS 282235.4
2024-07-06 19:30:02,228	[INFO]	75      SUCCESS               282235.400000 (46.20%) [2 edit(s)]  
2024-07-06 19:30:02,228	[DEBUG]	patch(75)="SrcmlStmtDeletion(('core/Solver.cc.xml', 'stmt', 302)) | SrcmlStmtDeletion(('core/Solver.cc.xml', 'stmt', 118))"
2024-07-06 19:30:22,302	[DEBUG]	EXEC>  SUCCESS 275420.6
2024-07-06 19:30:22,302	[INFO]	76      SUCCESS               275420.600000 (45.08%) [2 edit(s)]  
2024-07-06 19:30:22,302	[DEBUG]	patch(76)="SrcmlStmtDeletion(('core/Solver.cc.xml', 'stmt', 302)) | SrcmlStmtDeletion(('core/Solver.cc.xml', 'stmt', 100))"
2024-07-06 19:30:22,744	[INFO]	77      COMPILE_CODE_ERROR    None (--) [2 edit(s)]  
2024-07-06 19:30:22,744	[DEBUG]	patch(77)="SrcmlStmtDeletion(('core/Solver.cc.xml', 'stmt', 302)) | SrcmlStmtReplacement(('core/Solver.cc.xml', 'stmt', 231), ('core/Solver.cc.xml', 'stmt', 381))"
2024-07-06 19:30:39,399	[DEBUG]	EXEC>  SUCCESS 255147.6
2024-07-06 19:30:39,400	[INFO]	78      SUCCESS               255147.600000 (41.77%) [2 edit(s)]  
2024-07-06 19:30:39,400	[DEBUG]	patch(78)="SrcmlStmtDeletion(('core/Solver.cc.xml', 'stmt', 302)) | SrcmlStmtInsertion(('core/Solver.cc.xml', '_inter_block', 37), ('core/Solver.cc.xml', 'stmt', 8))"
2024-07-06 19:30:56,074	[DEBUG]	EXEC>  SUCCESS 263638.0
2024-07-06 19:30:56,074	[INFO]	79      SUCCESS               263638.000000 (43.15%) [2 edit(s)]  
2024-07-06 19:30:56,074	[DEBUG]	patch(79)="SrcmlStmtDeletion(('core/Solver.cc.xml', 'stmt', 302)) | SrcmlStmtReplacement(('core/Solver.cc.xml', 'stmt', 309), ('core/Solver.cc.xml', 'stmt', 388))"
2024-07-06 19:31:12,940	[DEBUG]	EXEC>  SUCCESS 264152.0
2024-07-06 19:31:12,940	[INFO]	80      SUCCESS               264152.000000 (43.24%) [2 edit(s)]  
2024-07-06 19:31:12,940	[DEBUG]	patch(80)="SrcmlStmtDeletion(('core/Solver.cc.xml', 'stmt', 302)) | SrcmlStmtDeletion(('core/Solver.cc.xml', 'stmt', 312))"
2024-07-06 19:31:13,382	[INFO]	81      COMPILE_CODE_ERROR    None (--) [2 edit(s)]  
2024-07-06 19:31:13,382	[DEBUG]	patch(81)="SrcmlStmtDeletion(('core/Solver.cc.xml', 'stmt', 302)) | SrcmlStmtReplacement(('core/Solver.cc.xml', 'stmt', 327), ('core/Solver.cc.xml', 'stmt', 210))"
2024-07-06 19:31:13,820	[INFO]	82      COMPILE_CODE_ERROR    None (--) [2 edit(s)]  
2024-07-06 19:31:13,820	[DEBUG]	patch(82)="SrcmlStmtDeletion(('core/Solver.cc.xml', 'stmt', 302)) | SrcmlStmtReplacement(('core/Solver.cc.xml', 'stmt', 345), ('core/Solver.cc.xml', 'stmt', 165))"
2024-07-06 19:31:30,546	[DEBUG]	EXEC>  SUCCESS 261174.4
2024-07-06 19:31:30,546	[INFO]	83      SUCCESS               261174.400000 (42.75%) [2 edit(s)]  
2024-07-06 19:31:30,547	[DEBUG]	patch(83)="SrcmlStmtDeletion(('core/Solver.cc.xml', 'stmt', 302)) | SrcmlStmtReplacement(('core/Solver.cc.xml', 'stmt', 382), ('core/Solver.cc.xml', 'stmt', 237))"
2024-07-06 19:31:47,418	[DEBUG]	EXEC>  SUCCESS 259755.4
2024-07-06 19:31:47,418	[INFO]	84      SUCCESS               259755.400000 (42.52%) [2 edit(s)]  
2024-07-06 19:31:47,418	[DEBUG]	patch(84)="SrcmlStmtDeletion(('core/Solver.cc.xml', 'stmt', 302)) | SrcmlStmtDeletion(('core/Solver.cc.xml', 'stmt', 98))"
2024-07-06 19:31:47,861	[INFO]	85      COMPILE_CODE_ERROR    None (--) [2 edit(s)]  
2024-07-06 19:31:47,861	[DEBUG]	patch(85)="SrcmlStmtDeletion(('core/Solver.cc.xml', 'stmt', 302)) | SrcmlStmtReplacement(('core/Solver.cc.xml', 'stmt', 249), ('core/Solver.cc.xml', 'stmt', 140))"
2024-07-06 19:32:04,633	[DEBUG]	EXEC>  SUCCESS 256977.8
2024-07-06 19:32:04,633	[INFO]	86      SUCCESS               256977.800000 (42.06%) [2 edit(s)]  
2024-07-06 19:32:04,633	[DEBUG]	patch(86)="SrcmlStmtDeletion(('core/Solver.cc.xml', 'stmt', 302)) | SrcmlStmtDeletion(('core/Solver.cc.xml', 'stmt', 408))"
2024-07-06 19:32:21,327	[DEBUG]	EXEC>  SUCCESS 263556.4
2024-07-06 19:32:21,327	[INFO]	87      SUCCESS               263556.400000 (43.14%) [2 edit(s)]  
2024-07-06 19:32:21,327	[DEBUG]	patch(87)="SrcmlStmtDeletion(('core/Solver.cc.xml', 'stmt', 302)) | SrcmlStmtDeletion(('core/Solver.cc.xml', 'stmt', 339))"
2024-07-06 19:32:21,768	[INFO]	88      COMPILE_CODE_ERROR    None (--) [2 edit(s)]  
2024-07-06 19:32:21,768	[DEBUG]	patch(88)="SrcmlStmtDeletion(('core/Solver.cc.xml', 'stmt', 302)) | SrcmlStmtReplacement(('core/Solver.cc.xml', 'stmt', 131), ('core/Solver.cc.xml', 'stmt', 52))"
2024-07-06 19:32:23,687	[INFO]	89      TEST_CODE_ERROR       None (--) [2 edit(s)]  
2024-07-06 19:32:23,688	[DEBUG]	patch(89)="SrcmlStmtDeletion(('core/Solver.cc.xml', 'stmt', 302)) | SrcmlStmtReplacement(('core/Solver.cc.xml', 'stmt', 207), ('core/Solver.cc.xml', 'stmt', 363))"
2024-07-06 19:32:24,130	[INFO]	90      COMPILE_CODE_ERROR    None (--) [2 edit(s)]  
2024-07-06 19:32:24,130	[DEBUG]	patch(90)="SrcmlStmtDeletion(('core/Solver.cc.xml', 'stmt', 302)) | SrcmlStmtReplacement(('core/Solver.cc.xml', 'stmt', 11), ('core/Solver.cc.xml', 'stmt', 423))"
2024-07-06 19:32:24,582	[INFO]	91      COMPILE_CODE_ERROR    None (--) [2 edit(s)]  
2024-07-06 19:32:24,582	[DEBUG]	patch(91)="SrcmlStmtDeletion(('core/Solver.cc.xml', 'stmt', 302)) | SrcmlStmtDeletion(('core/Solver.cc.xml', 'stmt', 116))"
2024-07-06 19:32:41,252	[DEBUG]	EXEC>  SUCCESS 254163.6
2024-07-06 19:32:41,252	[INFO]	92      SUCCESS               254163.600000 (41.60%) [2 edit(s)]  
2024-07-06 19:32:41,252	[DEBUG]	patch(92)="SrcmlStmtDeletion(('core/Solver.cc.xml', 'stmt', 302)) | SrcmlStmtInsertion(('core/Solver.cc.xml', '_inter_block', 205), ('core/Solver.cc.xml', 'stmt', 193))"
2024-07-06 19:32:41,696	[INFO]	93      COMPILE_CODE_ERROR    None (--) [2 edit(s)]  
2024-07-06 19:32:41,696	[DEBUG]	patch(93)="SrcmlStmtDeletion(('core/Solver.cc.xml', 'stmt', 302)) | SrcmlStmtInsertion(('core/Solver.cc.xml', '_inter_block', 69), ('core/Solver.cc.xml', 'stmt', 130))"
2024-07-06 19:32:42,139	[INFO]	94      COMPILE_CODE_ERROR    None (--) [2 edit(s)]  
2024-07-06 19:32:42,139	[DEBUG]	patch(94)="SrcmlStmtDeletion(('core/Solver.cc.xml', 'stmt', 302)) | SrcmlStmtReplacement(('core/Solver.cc.xml', 'stmt', 215), ('core/Solver.cc.xml', 'stmt', 133))"
2024-07-06 19:32:58,951	[DEBUG]	EXEC>  SUCCESS 257391.0
2024-07-06 19:32:58,951	[INFO]	95      SUCCESS               257391.000000 (42.13%) [2 edit(s)]  
2024-07-06 19:32:58,951	[DEBUG]	patch(95)="SrcmlStmtDeletion(('core/Solver.cc.xml', 'stmt', 302)) | SrcmlStmtReplacement(('core/Solver.cc.xml', 'stmt', 171), ('core/Solver.cc.xml', 'stmt', 361))"
2024-07-06 19:33:15,812	[DEBUG]	EXEC>  SUCCESS 255678.6
2024-07-06 19:33:15,813	[INFO]	96      SUCCESS               255678.600000 (41.85%) [2 edit(s)]  
2024-07-06 19:33:15,813	[DEBUG]	patch(96)="SrcmlStmtDeletion(('core/Solver.cc.xml', 'stmt', 302)) | SrcmlStmtDeletion(('core/Solver.cc.xml', 'stmt', 84))"
2024-07-06 19:33:32,460	[DEBUG]	EXEC>  SUCCESS 256215.8
2024-07-06 19:33:32,460	[INFO]	97      SUCCESS               256215.800000 (41.94%) [2 edit(s)]  
2024-07-06 19:33:32,460	[DEBUG]	patch(97)="SrcmlStmtDeletion(('core/Solver.cc.xml', 'stmt', 302)) | SrcmlStmtReplacement(('core/Solver.cc.xml', 'stmt', 316), ('core/Solver.cc.xml', 'stmt', 292))"
2024-07-06 19:33:34,330	[INFO]	98      TEST_CODE_ERROR       None (--) [2 edit(s)]  
2024-07-06 19:33:34,330	[DEBUG]	patch(98)="SrcmlStmtDeletion(('core/Solver.cc.xml', 'stmt', 302)) | SrcmlStmtDeletion(('core/Solver.cc.xml', 'stmt', 22))"
2024-07-06 19:33:34,774	[INFO]	99      COMPILE_CODE_ERROR    None (--) [2 edit(s)]  
2024-07-06 19:33:34,774	[DEBUG]	patch(99)="SrcmlStmtDeletion(('core/Solver.cc.xml', 'stmt', 302)) | SrcmlStmtReplacement(('core/Solver.cc.xml', 'stmt', 27), ('core/Solver.cc.xml', 'stmt', 106))"
2024-07-06 19:33:35,216	[INFO]	100     COMPILE_CODE_ERROR    None (--) [2 edit(s)]  
2024-07-06 19:33:35,216	[DEBUG]	patch(100)="SrcmlStmtDeletion(('core/Solver.cc.xml', 'stmt', 302)) | SrcmlStmtInsertion(('core/Solver.cc.xml', '_inter_block', 124), ('core/Solver.cc.xml', 'stmt', 407))"
2024-07-06 19:33:35,656	[INFO]	101     COMPILE_CODE_ERROR    None (--) [2 edit(s)]  
2024-07-06 19:33:35,656	[DEBUG]	patch(101)="SrcmlStmtDeletion(('core/Solver.cc.xml', 'stmt', 302)) | SrcmlStmtInsertion(('core/Solver.cc.xml', '_inter_block', 459), ('core/Solver.cc.xml', 'stmt', 101))"
2024-07-06 19:33:36,093	[INFO]	102     COMPILE_CODE_ERROR    None (--) [2 edit(s)]  
2024-07-06 19:33:36,093	[DEBUG]	patch(102)="SrcmlStmtDeletion(('core/Solver.cc.xml', 'stmt', 302)) | SrcmlStmtInsertion(('core/Solver.cc.xml', '_inter_block', 408), ('core/Solver.cc.xml', 'stmt', 190))"
2024-07-06 19:33:52,856	[DEBUG]	EXEC>  SUCCESS 276091.8
2024-07-06 19:33:52,856	[INFO]	103     SUCCESS               276091.800000 (45.19%) [2 edit(s)]  
2024-07-06 19:33:52,856	[DEBUG]	patch(103)="SrcmlStmtDeletion(('core/Solver.cc.xml', 'stmt', 302)) | SrcmlStmtInsertion(('core/Solver.cc.xml', '_inter_block', 131), ('core/Solver.cc.xml', 'stmt', 8))"
2024-07-06 19:34:09,589	[DEBUG]	EXEC>  SUCCESS 262716.4
2024-07-06 19:34:09,589	[INFO]	104     SUCCESS               262716.400000 (43.00%) [2 edit(s)]  
2024-07-06 19:34:09,589	[DEBUG]	patch(104)="SrcmlStmtDeletion(('core/Solver.cc.xml', 'stmt', 302)) | SrcmlStmtInsertion(('core/Solver.cc.xml', '_inter_block', 143), ('core/Solver.cc.xml', 'stmt', 413))"
2024-07-06 19:34:10,027	[INFO]	105     COMPILE_CODE_ERROR    None (--) [2 edit(s)]  
2024-07-06 19:34:10,027	[DEBUG]	patch(105)="SrcmlStmtDeletion(('core/Solver.cc.xml', 'stmt', 302)) | SrcmlStmtReplacement(('core/Solver.cc.xml', 'stmt', 107), ('core/Solver.cc.xml', 'stmt', 239))"
2024-07-06 19:35:51,981	[INFO]	106     TEST_TIMEOUT          None (--) [2 edit(s)]  
2024-07-06 19:35:51,981	[DEBUG]	patch(106)="SrcmlStmtDeletion(('core/Solver.cc.xml', 'stmt', 302)) | SrcmlStmtReplacement(('core/Solver.cc.xml', 'stmt', 228), ('core/Solver.cc.xml', 'stmt', 60))"
2024-07-06 19:35:52,416	[INFO]	107     COMPILE_CODE_ERROR    None (--) [2 edit(s)]  
2024-07-06 19:35:52,416	[DEBUG]	patch(107)="SrcmlStmtDeletion(('core/Solver.cc.xml', 'stmt', 302)) | SrcmlStmtDeletion(('core/Solver.cc.xml', 'stmt', 273))"
2024-07-06 19:35:52,858	[INFO]	108     COMPILE_CODE_ERROR    None (--) [2 edit(s)]  
2024-07-06 19:35:52,858	[DEBUG]	patch(108)="SrcmlStmtDeletion(('core/Solver.cc.xml', 'stmt', 302)) | SrcmlStmtInsertion(('core/Solver.cc.xml', '_inter_block', 448), ('core/Solver.cc.xml', 'stmt', 72))"
2024-07-06 19:35:54,777	[INFO]	109     TEST_CODE_ERROR       None (--) [2 edit(s)]  
2024-07-06 19:35:54,777	[DEBUG]	patch(109)="SrcmlStmtDeletion(('core/Solver.cc.xml', 'stmt', 302)) | SrcmlStmtDeletion(('core/Solver.cc.xml', 'stmt', 110))"
2024-07-06 19:36:11,453	[DEBUG]	EXEC>  SUCCESS 275119.8
2024-07-06 19:36:11,453	[INFO]	110     SUCCESS               275119.800000 (45.03%) [2 edit(s)]  
2024-07-06 19:36:11,453	[DEBUG]	patch(110)="SrcmlStmtDeletion(('core/Solver.cc.xml', 'stmt', 302)) | SrcmlStmtInsertion(('core/Solver.cc.xml', '_inter_block', 55), ('core/Solver.cc.xml', 'stmt', 94))"
2024-07-06 19:36:11,908	[INFO]	111     COMPILE_CODE_ERROR    None (--) [2 edit(s)]  
2024-07-06 19:36:11,908	[DEBUG]	patch(111)="SrcmlStmtDeletion(('core/Solver.cc.xml', 'stmt', 302)) | SrcmlStmtInsertion(('core/Solver.cc.xml', '_inter_block', 455), ('core/Solver.cc.xml', 'stmt', 161))"
2024-07-06 19:36:12,350	[INFO]	112     COMPILE_CODE_ERROR    None (--) [2 edit(s)]  
2024-07-06 19:36:12,350	[DEBUG]	patch(112)="SrcmlStmtDeletion(('core/Solver.cc.xml', 'stmt', 302)) | SrcmlStmtInsertion(('core/Solver.cc.xml', '_inter_block', 509), ('core/Solver.cc.xml', 'stmt', 136))"
2024-07-06 19:36:14,216	[INFO]	113     TEST_CODE_ERROR       None (--) [2 edit(s)]  
2024-07-06 19:36:14,216	[DEBUG]	patch(113)="SrcmlStmtDeletion(('core/Solver.cc.xml', 'stmt', 302)) | SrcmlStmtReplacement(('core/Solver.cc.xml', 'stmt', 423), ('core/Solver.cc.xml', 'stmt', 339))"
2024-07-06 19:36:14,659	[INFO]	114     COMPILE_CODE_ERROR    None (--) [2 edit(s)]  
2024-07-06 19:36:14,659	[DEBUG]	patch(114)="SrcmlStmtDeletion(('core/Solver.cc.xml', 'stmt', 302)) | SrcmlStmtReplacement(('core/Solver.cc.xml', 'stmt', 99), ('core/Solver.cc.xml', 'stmt', 24))"
2024-07-06 19:36:15,098	[INFO]	115     COMPILE_CODE_ERROR    None (--) [2 edit(s)]  
2024-07-06 19:36:15,098	[DEBUG]	patch(115)="SrcmlStmtDeletion(('core/Solver.cc.xml', 'stmt', 302)) | SrcmlStmtInsertion(('core/Solver.cc.xml', '_inter_block', 215), ('core/Solver.cc.xml', 'stmt', 251))"
2024-07-06 19:36:15,537	[INFO]	116     COMPILE_CODE_ERROR    None (--) [2 edit(s)]  
2024-07-06 19:36:15,537	[DEBUG]	patch(116)="SrcmlStmtDeletion(('core/Solver.cc.xml', 'stmt', 302)) | SrcmlStmtInsertion(('core/Solver.cc.xml', '_inter_block', 132), ('core/Solver.cc.xml', 'stmt', 145))"
2024-07-06 19:36:15,994	[INFO]	117     COMPILE_CODE_ERROR    None (--) [2 edit(s)]  
2024-07-06 19:36:15,994	[DEBUG]	patch(117)="SrcmlStmtDeletion(('core/Solver.cc.xml', 'stmt', 302)) | SrcmlStmtInsertion(('core/Solver.cc.xml', '_inter_block', 478), ('core/Solver.cc.xml', 'stmt', 275))"
2024-07-06 19:36:32,864	[DEBUG]	EXEC>  SUCCESS 291811.8
2024-07-06 19:36:32,864	[INFO]	118     SUCCESS               291811.800000 (47.77%) [2 edit(s)]  
2024-07-06 19:36:32,865	[DEBUG]	patch(118)="SrcmlStmtDeletion(('core/Solver.cc.xml', 'stmt', 302)) | SrcmlStmtInsertion(('core/Solver.cc.xml', '_inter_block', 69), ('core/Solver.cc.xml', 'stmt', 308))"
2024-07-06 19:36:49,606	[DEBUG]	EXEC>  SUCCESS 267354.4
2024-07-06 19:36:49,606	[INFO]	119     SUCCESS               267354.400000 (43.76%) [2 edit(s)]  
2024-07-06 19:36:49,607	[DEBUG]	patch(119)="SrcmlStmtDeletion(('core/Solver.cc.xml', 'stmt', 302)) | SrcmlStmtReplacement(('core/Solver.cc.xml', 'stmt', 317), ('core/Solver.cc.xml', 'stmt', 344))"
2024-07-06 19:36:50,048	[INFO]	120     COMPILE_CODE_ERROR    None (--) [2 edit(s)]  
2024-07-06 19:36:50,048	[DEBUG]	patch(120)="SrcmlStmtDeletion(('core/Solver.cc.xml', 'stmt', 302)) | SrcmlStmtReplacement(('core/Solver.cc.xml', 'stmt', 393), ('core/Solver.cc.xml', 'stmt', 50))"
2024-07-06 19:37:06,951	[DEBUG]	EXEC>  SUCCESS 260273.6
2024-07-06 19:37:06,951	[INFO]	121     SUCCESS               260273.600000 (42.60%) [2 edit(s)]  
2024-07-06 19:37:06,951	[DEBUG]	patch(121)="SrcmlStmtDeletion(('core/Solver.cc.xml', 'stmt', 302)) | SrcmlStmtInsertion(('core/Solver.cc.xml', '_inter_block', 238), ('core/Solver.cc.xml', 'stmt', 360))"
2024-07-06 19:37:07,388	[INFO]	122     COMPILE_CODE_ERROR    None (--) [2 edit(s)]  
2024-07-06 19:37:07,388	[DEBUG]	patch(122)="SrcmlStmtDeletion(('core/Solver.cc.xml', 'stmt', 302)) | SrcmlStmtInsertion(('core/Solver.cc.xml', '_inter_block', 509), ('core/Solver.cc.xml', 'stmt', 374))"
2024-07-06 19:37:23,752	[DEBUG]	EXEC>  SUCCESS 266223.0
2024-07-06 19:37:23,752	[INFO]	123     SUCCESS               266223.000000 (43.58%) [2 edit(s)]  
2024-07-06 19:37:23,752	[DEBUG]	patch(123)="SrcmlStmtDeletion(('core/Solver.cc.xml', 'stmt', 302)) | SrcmlStmtDeletion(('core/Solver.cc.xml', 'stmt', 304))"
2024-07-06 19:37:40,518	[DEBUG]	EXEC>  SUCCESS 265115.8
2024-07-06 19:37:40,518	[INFO]	124     SUCCESS               265115.800000 (43.40%) [2 edit(s)]  
2024-07-06 19:37:40,518	[DEBUG]	patch(124)="SrcmlStmtDeletion(('core/Solver.cc.xml', 'stmt', 302)) | SrcmlStmtDeletion(('core/Solver.cc.xml', 'stmt', 170))"
2024-07-06 19:37:40,960	[INFO]	125     COMPILE_CODE_ERROR    None (--) [2 edit(s)]  
2024-07-06 19:37:40,960	[DEBUG]	patch(125)="SrcmlStmtDeletion(('core/Solver.cc.xml', 'stmt', 302)) | SrcmlStmtReplacement(('core/Solver.cc.xml', 'stmt', 86), ('core/Solver.cc.xml', 'stmt', 147))"
2024-07-06 19:37:41,398	[INFO]	126     COMPILE_CODE_ERROR    None (--) [2 edit(s)]  
2024-07-06 19:37:41,399	[DEBUG]	patch(126)="SrcmlStmtDeletion(('core/Solver.cc.xml', 'stmt', 302)) | SrcmlStmtReplacement(('core/Solver.cc.xml', 'stmt', 373), ('core/Solver.cc.xml', 'stmt', 91))"
2024-07-06 19:37:58,173	[DEBUG]	EXEC>  SUCCESS 246362.2
2024-07-06 19:37:58,173	[INFO]	127     SUCCESS              *246362.200000 (40.33%) [2 edit(s)]  
2024-07-06 19:37:58,173	[DEBUG]	patch(127)="SrcmlStmtDeletion(('core/Solver.cc.xml', 'stmt', 302)) | SrcmlStmtReplacement(('core/Solver.cc.xml', 'stmt', 259), ('core/Solver.cc.xml', 'stmt', 172))"
--- before: core/Solver.cc
+++ after: core/Solver.cc
@@ -674,7 +674,10 @@
 
     if (!ok || propagate() != CRef_Undef)
         /*auto*/{
-            return ok = false;
+            if (decisionLevel() == 0)
+                /*auto*/{
+                    return;
+                }/*auto*/
         }/*auto*/
 
     if (nAssigns() == simpDB_assigns || (simpDB_props > 0))
@@ -764,7 +767,7 @@
             if (nof_conflicts >= 0 && conflictC >= nof_conflicts || !withinBudget()){
                 // Reached bound on number of conflicts:
                 progress_estimate = progressEstimate();
-                cancelUntil(0);
+                
                 return l_Undef; }
 
             // Simplify the set of problem clauses:

2024-07-06 19:39:08,870	[DEBUG]	EXEC>  SUCCESS 456570.8
2024-07-06 19:39:08,870	[INFO]	128     SUCCESS               456570.800000 (74.74%) [1 edit(s)]  
2024-07-06 19:39:08,870	[DEBUG]	patch(128)="SrcmlStmtReplacement(('core/Solver.cc.xml', 'stmt', 259), ('core/Solver.cc.xml', 'stmt', 172))"
2024-07-06 19:39:08,875	[INFO]	129     SUCCESS               253214.000000 (41.45%) [1 edit(s)] [cached] 
2024-07-06 19:39:08,875	[DEBUG]	patch(129)="SrcmlStmtDeletion(('core/Solver.cc.xml', 'stmt', 302))"
2024-07-06 19:39:25,513	[DEBUG]	EXEC>  SUCCESS 256337.2
2024-07-06 19:39:25,513	[INFO]	130     SUCCESS               256337.200000 (41.96%) [3 edit(s)]  
2024-07-06 19:39:25,513	[DEBUG]	patch(130)="SrcmlStmtDeletion(('core/Solver.cc.xml', 'stmt', 302)) | SrcmlStmtReplacement(('core/Solver.cc.xml', 'stmt', 259), ('core/Solver.cc.xml', 'stmt', 172)) | SrcmlStmtDeletion(('core/Solver.cc.xml', 'stmt', 32))"
2024-07-06 19:39:25,952	[INFO]	131     COMPILE_CODE_ERROR    None (--) [3 edit(s)]  
2024-07-06 19:39:25,952	[DEBUG]	patch(131)="SrcmlStmtDeletion(('core/Solver.cc.xml', 'stmt', 302)) | SrcmlStmtReplacement(('core/Solver.cc.xml', 'stmt', 259), ('core/Solver.cc.xml', 'stmt', 172)) | SrcmlStmtDeletion(('core/Solver.cc.xml', 'stmt', 8))"
2024-07-06 19:39:42,731	[DEBUG]	EXEC>  SUCCESS 255324.2
2024-07-06 19:39:42,731	[INFO]	132     SUCCESS               255324.200000 (41.79%) [3 edit(s)]  
2024-07-06 19:39:42,731	[DEBUG]	patch(132)="SrcmlStmtDeletion(('core/Solver.cc.xml', 'stmt', 302)) | SrcmlStmtReplacement(('core/Solver.cc.xml', 'stmt', 259), ('core/Solver.cc.xml', 'stmt', 172)) | SrcmlStmtInsertion(('core/Solver.cc.xml', '_inter_block', 212), ('core/Solver.cc.xml', 'stmt', 186))"
2024-07-06 19:40:17,168	[DEBUG]	EXEC>  SUCCESS 307587.8
2024-07-06 19:40:17,168	[INFO]	133     SUCCESS               307587.800000 (50.35%) [3 edit(s)]  
2024-07-06 19:40:17,168	[DEBUG]	patch(133)="SrcmlStmtDeletion(('core/Solver.cc.xml', 'stmt', 302)) | SrcmlStmtReplacement(('core/Solver.cc.xml', 'stmt', 259), ('core/Solver.cc.xml', 'stmt', 172)) | SrcmlStmtDeletion(('core/Solver.cc.xml', 'stmt', 292))"
2024-07-06 19:40:17,637	[INFO]	134     COMPILE_CODE_ERROR    None (--) [3 edit(s)]  
2024-07-06 19:40:17,637	[DEBUG]	patch(134)="SrcmlStmtDeletion(('core/Solver.cc.xml', 'stmt', 302)) | SrcmlStmtReplacement(('core/Solver.cc.xml', 'stmt', 259), ('core/Solver.cc.xml', 'stmt', 172)) | SrcmlStmtReplacement(('core/Solver.cc.xml', 'stmt', 255), ('core/Solver.cc.xml', 'stmt', 118))"
2024-07-06 19:40:18,074	[INFO]	135     COMPILE_CODE_ERROR    None (--) [3 edit(s)]  
2024-07-06 19:40:18,074	[DEBUG]	patch(135)="SrcmlStmtDeletion(('core/Solver.cc.xml', 'stmt', 302)) | SrcmlStmtReplacement(('core/Solver.cc.xml', 'stmt', 259), ('core/Solver.cc.xml', 'stmt', 172)) | SrcmlStmtDeletion(('core/Solver.cc.xml', 'stmt', 389))"
2024-07-06 19:40:18,517	[INFO]	136     COMPILE_CODE_ERROR    None (--) [3 edit(s)]  
2024-07-06 19:40:18,517	[DEBUG]	patch(136)="SrcmlStmtDeletion(('core/Solver.cc.xml', 'stmt', 302)) | SrcmlStmtReplacement(('core/Solver.cc.xml', 'stmt', 259), ('core/Solver.cc.xml', 'stmt', 172)) | SrcmlStmtInsertion(('core/Solver.cc.xml', '_inter_block', 550), ('core/Solver.cc.xml', 'stmt', 64))"
2024-07-06 19:41:40,010	[DEBUG]	EXEC>  SUCCESS 473757.6
2024-07-06 19:41:40,011	[INFO]	137     SUCCESS               473757.600000 (77.55%) [3 edit(s)]  
2024-07-06 19:41:40,011	[DEBUG]	patch(137)="SrcmlStmtDeletion(('core/Solver.cc.xml', 'stmt', 302)) | SrcmlStmtReplacement(('core/Solver.cc.xml', 'stmt', 259), ('core/Solver.cc.xml', 'stmt', 172)) | SrcmlStmtReplacement(('core/Solver.cc.xml', 'stmt', 225), ('core/Solver.cc.xml', 'stmt', 206))"
2024-07-06 19:41:40,452	[INFO]	138     COMPILE_CODE_ERROR    None (--) [3 edit(s)]  
2024-07-06 19:41:40,452	[DEBUG]	patch(138)="SrcmlStmtDeletion(('core/Solver.cc.xml', 'stmt', 302)) | SrcmlStmtReplacement(('core/Solver.cc.xml', 'stmt', 259), ('core/Solver.cc.xml', 'stmt', 172)) | SrcmlStmtReplacement(('core/Solver.cc.xml', 'stmt', 123), ('core/Solver.cc.xml', 'stmt', 107))"
2024-07-06 19:41:57,307	[DEBUG]	EXEC>  SUCCESS 255434.0
2024-07-06 19:41:57,307	[INFO]	139     SUCCESS               255434.000000 (41.81%) [3 edit(s)]  
2024-07-06 19:41:57,307	[DEBUG]	patch(139)="SrcmlStmtDeletion(('core/Solver.cc.xml', 'stmt', 302)) | SrcmlStmtReplacement(('core/Solver.cc.xml', 'stmt', 259), ('core/Solver.cc.xml', 'stmt', 172)) | SrcmlStmtDeletion(('core/Solver.cc.xml', 'stmt', 339))"
2024-07-06 19:41:57,748	[INFO]	140     COMPILE_CODE_ERROR    None (--) [3 edit(s)]  
2024-07-06 19:41:57,748	[DEBUG]	patch(140)="SrcmlStmtDeletion(('core/Solver.cc.xml', 'stmt', 302)) | SrcmlStmtReplacement(('core/Solver.cc.xml', 'stmt', 259), ('core/Solver.cc.xml', 'stmt', 172)) | SrcmlStmtInsertion(('core/Solver.cc.xml', '_inter_block', 357), ('core/Solver.cc.xml', 'stmt', 414))"
2024-07-06 19:41:59,605	[INFO]	141     TEST_CODE_ERROR       None (--) [3 edit(s)]  
2024-07-06 19:41:59,605	[DEBUG]	patch(141)="SrcmlStmtDeletion(('core/Solver.cc.xml', 'stmt', 302)) | SrcmlStmtReplacement(('core/Solver.cc.xml', 'stmt', 259), ('core/Solver.cc.xml', 'stmt', 172)) | SrcmlStmtDeletion(('core/Solver.cc.xml', 'stmt', 217))"
2024-07-06 19:42:16,302	[DEBUG]	EXEC>  SUCCESS 269539.4
2024-07-06 19:42:16,303	[INFO]	142     SUCCESS               269539.400000 (44.12%) [3 edit(s)]  
2024-07-06 19:42:16,303	[DEBUG]	patch(142)="SrcmlStmtDeletion(('core/Solver.cc.xml', 'stmt', 302)) | SrcmlStmtReplacement(('core/Solver.cc.xml', 'stmt', 259), ('core/Solver.cc.xml', 'stmt', 172)) | SrcmlStmtReplacement(('core/Solver.cc.xml', 'stmt', 266), ('core/Solver.cc.xml', 'stmt', 18))"
2024-07-06 19:42:16,747	[INFO]	143     COMPILE_CODE_ERROR    None (--) [3 edit(s)]  
2024-07-06 19:42:16,747	[DEBUG]	patch(143)="SrcmlStmtDeletion(('core/Solver.cc.xml', 'stmt', 302)) | SrcmlStmtReplacement(('core/Solver.cc.xml', 'stmt', 259), ('core/Solver.cc.xml', 'stmt', 172)) | SrcmlStmtReplacement(('core/Solver.cc.xml', 'stmt', 355), ('core/Solver.cc.xml', 'stmt', 165))"
2024-07-06 19:42:33,767	[DEBUG]	EXEC>  SUCCESS 266385.8
2024-07-06 19:42:33,767	[INFO]	144     SUCCESS               266385.800000 (43.60%) [3 edit(s)]  
2024-07-06 19:42:33,767	[DEBUG]	patch(144)="SrcmlStmtDeletion(('core/Solver.cc.xml', 'stmt', 302)) | SrcmlStmtReplacement(('core/Solver.cc.xml', 'stmt', 259), ('core/Solver.cc.xml', 'stmt', 172)) | SrcmlStmtReplacement(('core/Solver.cc.xml', 'stmt', 250), ('core/Solver.cc.xml', 'stmt', 295))"
2024-07-06 19:42:34,206	[INFO]	145     COMPILE_CODE_ERROR    None (--) [3 edit(s)]  
2024-07-06 19:42:34,206	[DEBUG]	patch(145)="SrcmlStmtDeletion(('core/Solver.cc.xml', 'stmt', 302)) | SrcmlStmtReplacement(('core/Solver.cc.xml', 'stmt', 259), ('core/Solver.cc.xml', 'stmt', 172)) | SrcmlStmtReplacement(('core/Solver.cc.xml', 'stmt', 256), ('core/Solver.cc.xml', 'stmt', 152))"
2024-07-06 19:42:50,954	[DEBUG]	EXEC>  SUCCESS 259849.6
2024-07-06 19:42:50,954	[INFO]	146     SUCCESS               259849.600000 (42.53%) [3 edit(s)]  
2024-07-06 19:42:50,955	[DEBUG]	patch(146)="SrcmlStmtDeletion(('core/Solver.cc.xml', 'stmt', 302)) | SrcmlStmtReplacement(('core/Solver.cc.xml', 'stmt', 259), ('core/Solver.cc.xml', 'stmt', 172)) | SrcmlStmtDeletion(('core/Solver.cc.xml', 'stmt', 40))"
2024-07-06 19:42:51,402	[INFO]	147     COMPILE_CODE_ERROR    None (--) [3 edit(s)]  
2024-07-06 19:42:51,402	[DEBUG]	patch(147)="SrcmlStmtDeletion(('core/Solver.cc.xml', 'stmt', 302)) | SrcmlStmtReplacement(('core/Solver.cc.xml', 'stmt', 259), ('core/Solver.cc.xml', 'stmt', 172)) | SrcmlStmtInsertion(('core/Solver.cc.xml', '_inter_block', 494), ('core/Solver.cc.xml', 'stmt', 35))"
2024-07-06 19:42:53,299	[INFO]	148     TEST_CODE_ERROR       None (--) [3 edit(s)]  
2024-07-06 19:42:53,299	[DEBUG]	patch(148)="SrcmlStmtDeletion(('core/Solver.cc.xml', 'stmt', 302)) | SrcmlStmtReplacement(('core/Solver.cc.xml', 'stmt', 259), ('core/Solver.cc.xml', 'stmt', 172)) | SrcmlStmtDeletion(('core/Solver.cc.xml', 'stmt', 92))"
2024-07-06 19:42:53,746	[INFO]	149     COMPILE_CODE_ERROR    None (--) [3 edit(s)]  
2024-07-06 19:42:53,746	[DEBUG]	patch(149)="SrcmlStmtDeletion(('core/Solver.cc.xml', 'stmt', 302)) | SrcmlStmtReplacement(('core/Solver.cc.xml', 'stmt', 259), ('core/Solver.cc.xml', 'stmt', 172)) | SrcmlStmtInsertion(('core/Solver.cc.xml', '_inter_block', 437), ('core/Solver.cc.xml', 'stmt', 112))"
2024-07-06 19:42:54,187	[INFO]	150     COMPILE_CODE_ERROR    None (--) [3 edit(s)]  
2024-07-06 19:42:54,187	[DEBUG]	patch(150)="SrcmlStmtDeletion(('core/Solver.cc.xml', 'stmt', 302)) | SrcmlStmtReplacement(('core/Solver.cc.xml', 'stmt', 259), ('core/Solver.cc.xml', 'stmt', 172)) | SrcmlStmtReplacement(('core/Solver.cc.xml', 'stmt', 203), ('core/Solver.cc.xml', 'stmt', 110))"
2024-07-06 19:43:10,812	[DEBUG]	EXEC>  SUCCESS 264240.0
2024-07-06 19:43:10,812	[INFO]	151     SUCCESS               264240.000000 (43.25%) [3 edit(s)]  
2024-07-06 19:43:10,812	[DEBUG]	patch(151)="SrcmlStmtDeletion(('core/Solver.cc.xml', 'stmt', 302)) | SrcmlStmtReplacement(('core/Solver.cc.xml', 'stmt', 259), ('core/Solver.cc.xml', 'stmt', 172)) | SrcmlStmtInsertion(('core/Solver.cc.xml', '_inter_block', 337), ('core/Solver.cc.xml', 'stmt', 151))"
2024-07-06 19:43:10,818	[INFO]	152     SUCCESS              +246362.200000 (40.33%) [3 edit(s)] [cached] 
2024-07-06 19:43:10,818	[DEBUG]	patch(152)="SrcmlStmtDeletion(('core/Solver.cc.xml', 'stmt', 302)) | SrcmlStmtReplacement(('core/Solver.cc.xml', 'stmt', 259), ('core/Solver.cc.xml', 'stmt', 172)) | SrcmlStmtDeletion(('core/Solver.cc.xml', 'stmt', 302))"
2024-07-06 19:43:10,824	[INFO]	153     SUCCESS              +246362.200000 (40.33%) [2 edit(s)] [cached] 
2024-07-06 19:43:10,824	[DEBUG]	patch(153)="SrcmlStmtDeletion(('core/Solver.cc.xml', 'stmt', 302)) | SrcmlStmtReplacement(('core/Solver.cc.xml', 'stmt', 259), ('core/Solver.cc.xml', 'stmt', 172))"
2024-07-06 19:43:11,266	[INFO]	154     COMPILE_CODE_ERROR    None (--) [3 edit(s)]  
2024-07-06 19:43:11,266	[DEBUG]	patch(154)="SrcmlStmtDeletion(('core/Solver.cc.xml', 'stmt', 302)) | SrcmlStmtReplacement(('core/Solver.cc.xml', 'stmt', 259), ('core/Solver.cc.xml', 'stmt', 172)) | SrcmlStmtInsertion(('core/Solver.cc.xml', '_inter_block', 34), ('core/Solver.cc.xml', 'stmt', 136))"
2024-07-06 19:43:27,989	[DEBUG]	EXEC>  SUCCESS 262625.8
2024-07-06 19:43:27,989	[INFO]	155     SUCCESS               262625.800000 (42.99%) [3 edit(s)]  
2024-07-06 19:43:27,989	[DEBUG]	patch(155)="SrcmlStmtDeletion(('core/Solver.cc.xml', 'stmt', 302)) | SrcmlStmtReplacement(('core/Solver.cc.xml', 'stmt', 259), ('core/Solver.cc.xml', 'stmt', 172)) | SrcmlStmtInsertion(('core/Solver.cc.xml', '_inter_block', 414), ('core/Solver.cc.xml', 'stmt', 279))"
2024-07-06 19:43:27,995	[INFO]	156     SUCCESS               456570.800000 (74.74%) [1 edit(s)] [cached] 
2024-07-06 19:43:27,995	[DEBUG]	patch(156)="SrcmlStmtReplacement(('core/Solver.cc.xml', 'stmt', 259), ('core/Solver.cc.xml', 'stmt', 172))"
2024-07-06 19:43:28,441	[INFO]	157     COMPILE_CODE_ERROR    None (--) [3 edit(s)]  
2024-07-06 19:43:28,441	[DEBUG]	patch(157)="SrcmlStmtDeletion(('core/Solver.cc.xml', 'stmt', 302)) | SrcmlStmtReplacement(('core/Solver.cc.xml', 'stmt', 259), ('core/Solver.cc.xml', 'stmt', 172)) | SrcmlStmtReplacement(('core/Solver.cc.xml', 'stmt', 75), ('core/Solver.cc.xml', 'stmt', 121))"
2024-07-06 19:43:28,888	[INFO]	158     COMPILE_CODE_ERROR    None (--) [3 edit(s)]  
2024-07-06 19:43:28,888	[DEBUG]	patch(158)="SrcmlStmtDeletion(('core/Solver.cc.xml', 'stmt', 302)) | SrcmlStmtReplacement(('core/Solver.cc.xml', 'stmt', 259), ('core/Solver.cc.xml', 'stmt', 172)) | SrcmlStmtReplacement(('core/Solver.cc.xml', 'stmt', 314), ('core/Solver.cc.xml', 'stmt', 399))"
2024-07-06 19:43:29,329	[INFO]	159     COMPILE_CODE_ERROR    None (--) [3 edit(s)]  
2024-07-06 19:43:29,329	[DEBUG]	patch(159)="SrcmlStmtDeletion(('core/Solver.cc.xml', 'stmt', 302)) | SrcmlStmtReplacement(('core/Solver.cc.xml', 'stmt', 259), ('core/Solver.cc.xml', 'stmt', 172)) | SrcmlStmtReplacement(('core/Solver.cc.xml', 'stmt', 20), ('core/Solver.cc.xml', 'stmt', 105))"
2024-07-06 19:43:29,772	[INFO]	160     COMPILE_CODE_ERROR    None (--) [3 edit(s)]  
2024-07-06 19:43:29,772	[DEBUG]	patch(160)="SrcmlStmtDeletion(('core/Solver.cc.xml', 'stmt', 302)) | SrcmlStmtReplacement(('core/Solver.cc.xml', 'stmt', 259), ('core/Solver.cc.xml', 'stmt', 172)) | SrcmlStmtReplacement(('core/Solver.cc.xml', 'stmt', 256), ('core/Solver.cc.xml', 'stmt', 279))"
2024-07-06 19:43:30,207	[INFO]	161     COMPILE_CODE_ERROR    None (--) [3 edit(s)]  
2024-07-06 19:43:30,207	[DEBUG]	patch(161)="SrcmlStmtDeletion(('core/Solver.cc.xml', 'stmt', 302)) | SrcmlStmtReplacement(('core/Solver.cc.xml', 'stmt', 259), ('core/Solver.cc.xml', 'stmt', 172)) | SrcmlStmtInsertion(('core/Solver.cc.xml', '_inter_block', 302), ('core/Solver.cc.xml', 'stmt', 269))"
2024-07-06 19:43:32,066	[INFO]	162     TEST_CODE_ERROR       None (--) [3 edit(s)]  
2024-07-06 19:43:32,066	[DEBUG]	patch(162)="SrcmlStmtDeletion(('core/Solver.cc.xml', 'stmt', 302)) | SrcmlStmtReplacement(('core/Solver.cc.xml', 'stmt', 259), ('core/Solver.cc.xml', 'stmt', 172)) | SrcmlStmtDeletion(('core/Solver.cc.xml', 'stmt', 122))"
2024-07-06 19:43:48,884	[DEBUG]	EXEC>  SUCCESS 268127.2
2024-07-06 19:43:48,884	[INFO]	163     SUCCESS               268127.200000 (43.89%) [3 edit(s)]  
2024-07-06 19:43:48,884	[DEBUG]	patch(163)="SrcmlStmtDeletion(('core/Solver.cc.xml', 'stmt', 302)) | SrcmlStmtReplacement(('core/Solver.cc.xml', 'stmt', 259), ('core/Solver.cc.xml', 'stmt', 172)) | SrcmlStmtDeletion(('core/Solver.cc.xml', 'stmt', 55))"
2024-07-06 19:43:48,889	[INFO]	164     SUCCESS               253214.000000 (41.45%) [1 edit(s)] [cached] 
2024-07-06 19:43:48,889	[DEBUG]	patch(164)="SrcmlStmtDeletion(('core/Solver.cc.xml', 'stmt', 302))"
2024-07-06 19:43:49,339	[INFO]	165     COMPILE_CODE_ERROR    None (--) [3 edit(s)]  
2024-07-06 19:43:49,339	[DEBUG]	patch(165)="SrcmlStmtDeletion(('core/Solver.cc.xml', 'stmt', 302)) | SrcmlStmtReplacement(('core/Solver.cc.xml', 'stmt', 259), ('core/Solver.cc.xml', 'stmt', 172)) | SrcmlStmtInsertion(('core/Solver.cc.xml', '_inter_block', 326), ('core/Solver.cc.xml', 'stmt', 283))"
2024-07-06 19:43:49,783	[INFO]	166     COMPILE_CODE_ERROR    None (--) [3 edit(s)]  
2024-07-06 19:43:49,783	[DEBUG]	patch(166)="SrcmlStmtDeletion(('core/Solver.cc.xml', 'stmt', 302)) | SrcmlStmtReplacement(('core/Solver.cc.xml', 'stmt', 259), ('core/Solver.cc.xml', 'stmt', 172)) | SrcmlStmtInsertion(('core/Solver.cc.xml', '_inter_block', 192), ('core/Solver.cc.xml', 'stmt', 171))"
2024-07-06 19:43:50,225	[INFO]	167     COMPILE_CODE_ERROR    None (--) [3 edit(s)]  
2024-07-06 19:43:50,225	[DEBUG]	patch(167)="SrcmlStmtDeletion(('core/Solver.cc.xml', 'stmt', 302)) | SrcmlStmtReplacement(('core/Solver.cc.xml', 'stmt', 259), ('core/Solver.cc.xml', 'stmt', 172)) | SrcmlStmtInsertion(('core/Solver.cc.xml', '_inter_block', 310), ('core/Solver.cc.xml', 'stmt', 64))"
2024-07-06 19:44:06,989	[DEBUG]	EXEC>  SUCCESS 252993.4
2024-07-06 19:44:06,989	[INFO]	168     SUCCESS               252993.400000 (41.41%) [3 edit(s)]  
2024-07-06 19:44:06,989	[DEBUG]	patch(168)="SrcmlStmtDeletion(('core/Solver.cc.xml', 'stmt', 302)) | SrcmlStmtReplacement(('core/Solver.cc.xml', 'stmt', 259), ('core/Solver.cc.xml', 'stmt', 172)) | SrcmlStmtInsertion(('core/Solver.cc.xml', '_inter_block', 145), ('core/Solver.cc.xml', 'stmt', 280))"
2024-07-06 19:44:07,437	[INFO]	169     COMPILE_CODE_ERROR    None (--) [3 edit(s)]  
2024-07-06 19:44:07,437	[DEBUG]	patch(169)="SrcmlStmtDeletion(('core/Solver.cc.xml', 'stmt', 302)) | SrcmlStmtReplacement(('core/Solver.cc.xml', 'stmt', 259), ('core/Solver.cc.xml', 'stmt', 172)) | SrcmlStmtInsertion(('core/Solver.cc.xml', '_inter_block', 378), ('core/Solver.cc.xml', 'stmt', 65))"
2024-07-06 19:44:09,272	[INFO]	170     TEST_CODE_ERROR       None (--) [3 edit(s)]  
2024-07-06 19:44:09,272	[DEBUG]	patch(170)="SrcmlStmtDeletion(('core/Solver.cc.xml', 'stmt', 302)) | SrcmlStmtReplacement(('core/Solver.cc.xml', 'stmt', 259), ('core/Solver.cc.xml', 'stmt', 172)) | SrcmlStmtReplacement(('core/Solver.cc.xml', 'stmt', 87), ('core/Solver.cc.xml', 'stmt', 93))"
2024-07-06 19:44:09,278	[INFO]	171     SUCCESS               259849.600000 (42.53%) [3 edit(s)] [cached] 
2024-07-06 19:44:09,278	[DEBUG]	patch(171)="SrcmlStmtDeletion(('core/Solver.cc.xml', 'stmt', 302)) | SrcmlStmtReplacement(('core/Solver.cc.xml', 'stmt', 259), ('core/Solver.cc.xml', 'stmt', 172)) | SrcmlStmtDeletion(('core/Solver.cc.xml', 'stmt', 40))"
2024-07-06 19:44:09,727	[INFO]	172     COMPILE_CODE_ERROR    None (--) [3 edit(s)]  
2024-07-06 19:44:09,727	[DEBUG]	patch(172)="SrcmlStmtDeletion(('core/Solver.cc.xml', 'stmt', 302)) | SrcmlStmtReplacement(('core/Solver.cc.xml', 'stmt', 259), ('core/Solver.cc.xml', 'stmt', 172)) | SrcmlStmtReplacement(('core/Solver.cc.xml', 'stmt', 132), ('core/Solver.cc.xml', 'stmt', 408))"
2024-07-06 19:44:10,168	[INFO]	173     COMPILE_CODE_ERROR    None (--) [3 edit(s)]  
2024-07-06 19:44:10,168	[DEBUG]	patch(173)="SrcmlStmtDeletion(('core/Solver.cc.xml', 'stmt', 302)) | SrcmlStmtReplacement(('core/Solver.cc.xml', 'stmt', 259), ('core/Solver.cc.xml', 'stmt', 172)) | SrcmlStmtInsertion(('core/Solver.cc.xml', '_inter_block', 522), ('core/Solver.cc.xml', 'stmt', 50))"
2024-07-06 19:44:26,867	[DEBUG]	EXEC>  SUCCESS 259451.6
2024-07-06 19:44:26,867	[INFO]	174     SUCCESS               259451.600000 (42.47%) [3 edit(s)]  
2024-07-06 19:44:26,867	[DEBUG]	patch(174)="SrcmlStmtDeletion(('core/Solver.cc.xml', 'stmt', 302)) | SrcmlStmtReplacement(('core/Solver.cc.xml', 'stmt', 259), ('core/Solver.cc.xml', 'stmt', 172)) | SrcmlStmtDeletion(('core/Solver.cc.xml', 'stmt', 298))"
2024-07-06 19:44:27,309	[INFO]	175     COMPILE_CODE_ERROR    None (--) [3 edit(s)]  
2024-07-06 19:44:27,309	[DEBUG]	patch(175)="SrcmlStmtDeletion(('core/Solver.cc.xml', 'stmt', 302)) | SrcmlStmtReplacement(('core/Solver.cc.xml', 'stmt', 259), ('core/Solver.cc.xml', 'stmt', 172)) | SrcmlStmtReplacement(('core/Solver.cc.xml', 'stmt', 216), ('core/Solver.cc.xml', 'stmt', 425))"
2024-07-06 19:44:44,144	[DEBUG]	EXEC>  SUCCESS 262743.8
2024-07-06 19:44:44,144	[INFO]	176     SUCCESS               262743.800000 (43.01%) [3 edit(s)]  
2024-07-06 19:44:44,144	[DEBUG]	patch(176)="SrcmlStmtDeletion(('core/Solver.cc.xml', 'stmt', 302)) | SrcmlStmtReplacement(('core/Solver.cc.xml', 'stmt', 259), ('core/Solver.cc.xml', 'stmt', 172)) | SrcmlStmtDeletion(('core/Solver.cc.xml', 'stmt', 50))"
2024-07-06 19:45:00,891	[DEBUG]	EXEC>  SUCCESS 253350.6
2024-07-06 19:45:00,891	[INFO]	177     SUCCESS               253350.600000 (41.47%) [3 edit(s)]  
2024-07-06 19:45:00,891	[DEBUG]	patch(177)="SrcmlStmtDeletion(('core/Solver.cc.xml', 'stmt', 302)) | SrcmlStmtReplacement(('core/Solver.cc.xml', 'stmt', 259), ('core/Solver.cc.xml', 'stmt', 172)) | SrcmlStmtInsertion(('core/Solver.cc.xml', '_inter_block', 291), ('core/Solver.cc.xml', 'stmt', 218))"
2024-07-06 19:45:02,801	[INFO]	178     TEST_CODE_ERROR       None (--) [3 edit(s)]  
2024-07-06 19:45:02,801	[DEBUG]	patch(178)="SrcmlStmtDeletion(('core/Solver.cc.xml', 'stmt', 302)) | SrcmlStmtReplacement(('core/Solver.cc.xml', 'stmt', 259), ('core/Solver.cc.xml', 'stmt', 172)) | SrcmlStmtDeletion(('core/Solver.cc.xml', 'stmt', 106))"
2024-07-06 19:45:03,261	[INFO]	179     COMPILE_CODE_ERROR    None (--) [3 edit(s)]  
2024-07-06 19:45:03,261	[DEBUG]	patch(179)="SrcmlStmtDeletion(('core/Solver.cc.xml', 'stmt', 302)) | SrcmlStmtReplacement(('core/Solver.cc.xml', 'stmt', 259), ('core/Solver.cc.xml', 'stmt', 172)) | SrcmlStmtReplacement(('core/Solver.cc.xml', 'stmt', 28), ('core/Solver.cc.xml', 'stmt', 281))"
2024-07-06 19:46:05,707	[DEBUG]	EXEC>  SUCCESS 1988819.8
2024-07-06 19:46:05,707	[INFO]	180     SUCCESS               1988819.800000 (325.55%) [3 edit(s)]  
2024-07-06 19:46:05,707	[DEBUG]	patch(180)="SrcmlStmtDeletion(('core/Solver.cc.xml', 'stmt', 302)) | SrcmlStmtReplacement(('core/Solver.cc.xml', 'stmt', 259), ('core/Solver.cc.xml', 'stmt', 172)) | SrcmlStmtReplacement(('core/Solver.cc.xml', 'stmt', 240), ('core/Solver.cc.xml', 'stmt', 15))"
2024-07-06 19:46:06,154	[INFO]	181     COMPILE_CODE_ERROR    None (--) [3 edit(s)]  
2024-07-06 19:46:06,154	[DEBUG]	patch(181)="SrcmlStmtDeletion(('core/Solver.cc.xml', 'stmt', 302)) | SrcmlStmtReplacement(('core/Solver.cc.xml', 'stmt', 259), ('core/Solver.cc.xml', 'stmt', 172)) | SrcmlStmtInsertion(('core/Solver.cc.xml', '_inter_block', 480), ('core/Solver.cc.xml', 'stmt', 137))"
2024-07-06 19:46:22,810	[DEBUG]	EXEC>  SUCCESS 254071.0
2024-07-06 19:46:22,810	[INFO]	182     SUCCESS               254071.000000 (41.59%) [3 edit(s)]  
2024-07-06 19:46:22,810	[DEBUG]	patch(182)="SrcmlStmtDeletion(('core/Solver.cc.xml', 'stmt', 302)) | SrcmlStmtReplacement(('core/Solver.cc.xml', 'stmt', 259), ('core/Solver.cc.xml', 'stmt', 172)) | SrcmlStmtDeletion(('core/Solver.cc.xml', 'stmt', 178))"
2024-07-06 19:46:24,725	[INFO]	183     TEST_CODE_ERROR       None (--) [3 edit(s)]  
2024-07-06 19:46:24,725	[DEBUG]	patch(183)="SrcmlStmtDeletion(('core/Solver.cc.xml', 'stmt', 302)) | SrcmlStmtReplacement(('core/Solver.cc.xml', 'stmt', 259), ('core/Solver.cc.xml', 'stmt', 172)) | SrcmlStmtReplacement(('core/Solver.cc.xml', 'stmt', 145), ('core/Solver.cc.xml', 'stmt', 6))"
2024-07-06 19:46:41,576	[DEBUG]	EXEC>  SUCCESS 272659.8
2024-07-06 19:46:41,576	[INFO]	184     SUCCESS               272659.800000 (44.63%) [3 edit(s)]  
2024-07-06 19:46:41,576	[DEBUG]	patch(184)="SrcmlStmtDeletion(('core/Solver.cc.xml', 'stmt', 302)) | SrcmlStmtReplacement(('core/Solver.cc.xml', 'stmt', 259), ('core/Solver.cc.xml', 'stmt', 172)) | SrcmlStmtReplacement(('core/Solver.cc.xml', 'stmt', 27), ('core/Solver.cc.xml', 'stmt', 260))"
2024-07-06 19:46:58,571	[DEBUG]	EXEC>  SUCCESS 260588.8
2024-07-06 19:46:58,572	[INFO]	185     SUCCESS               260588.800000 (42.66%) [3 edit(s)]  
2024-07-06 19:46:58,572	[DEBUG]	patch(185)="SrcmlStmtDeletion(('core/Solver.cc.xml', 'stmt', 302)) | SrcmlStmtReplacement(('core/Solver.cc.xml', 'stmt', 259), ('core/Solver.cc.xml', 'stmt', 172)) | SrcmlStmtDeletion(('core/Solver.cc.xml', 'stmt', 305))"
2024-07-06 19:46:58,578	[INFO]	~~~~ END ~~~~
2024-07-06 19:46:58,578	[INFO]	
2024-07-06 19:46:58,578	[INFO]	==== REPORT ====
2024-07-06 19:46:58,578	[INFO]	Termination: time budget
2024-07-06 19:46:58,578	[INFO]	Retries: 5
2024-07-06 19:46:58,578	[INFO]	Log file: /home/dbouras/magpie/_magpie_logs/minisat_1720289592.log
2024-07-06 19:46:58,578	[INFO]	Patch file: _magpie_logs/minisat_1720289592.patch
2024-07-06 19:46:58,578	[INFO]	Diff file: _magpie_logs/minisat_1720289592.diff
2024-07-06 19:46:58,578	[INFO]	Reference fitness: 610912.200000
2024-07-06 19:46:58,578	[INFO]	Best fitness: 246362.200000
2024-07-06 19:46:58,578	[INFO]	
2024-07-06 19:46:58,579	[INFO]	==== BEST PATCH ====
SrcmlStmtDeletion(('core/Solver.cc.xml', 'stmt', 302)) | SrcmlStmtReplacement(('core/Solver.cc.xml', 'stmt', 259), ('core/Solver.cc.xml', 'stmt', 172))
2024-07-06 19:46:58,579	[INFO]	
2024-07-06 19:46:58,579	[INFO]	==== DIFF ====
[1m--- before: core/Solver.cc[0m
[1m+++ after: core/Solver.cc[0m
[36m@@ -674,7 +674,10 @@[0m
 
     if (!ok || propagate() != CRef_Undef)
         /*auto*/{
[31m-            return ok = false;[0m
[32m+            if (decisionLevel() == 0)[0m
[32m+                /*auto*/{[0m
[32m+                    return;[0m
[32m+                }/*auto*/[0m
         }/*auto*/
 
     if (nAssigns() == simpDB_assigns || (simpDB_props > 0))
[36m@@ -764,7 +767,7 @@[0m
             if (nof_conflicts >= 0 && conflictC >= nof_conflicts || !withinBudget()){
                 // Reached bound on number of conflicts:
                 progress_estimate = progressEstimate();
[31m-                cancelUntil(0);[0m
[32m+                [0m
                 return l_Undef; }
 
             // Simplify the set of problem clauses:

