2024-06-05 14:17:24,128	[DEBUG]	==== CONFIG ====
[magpie]
import = 
seed = 3646773795140069
log_dir = _magpie_logs
work_dir = _magpie_work
local_original_copy = False
local_original_name = __original__
output_encoding = ascii
edit_retries = 10
default_timeout = 30
default_lengthout = 10000.0
diff_method = unified
trust_local_filesystem = True

[magpie.log]
color_output = True
format_info = {counter:<7} {status:<20} {best}{fitness} ({ratio}) [{size}] {cached} {log}
format_debug = patch({counter})="{patch}"{diffifbest}
format_fitness = {:.6f}
format_ratio = {:.2%%}
format_patchif = 
	 --> {patch}
format_diffif = 
	{diff}

[software]
path = examples/triangle-c
target_files = 
	triangle.c.xml
software = BasicSoftware
model_rules = 
	*.params : ParamFileConfigModel
	*.xml : SrcmlModel
	* : LineModel
model_config = 
	*.params : [paramconfig]
	*.xml : [srcml]
init_cmd = bash init_slow.sh
init_timeout = 60
init_lengthout = -1
setup_cmd = 
setup_timeout = 
setup_lengthout = 
compile_cmd = make test_triangle run_triangle
compile_timeout = 
compile_lengthout = 
test_cmd = ./test_triangle
test_timeout = 
test_lengthout = 
run_cmd = perf stat -e cache-misses ./run_triangle
run_timeout = 1
run_lengthout = 
retries = 
batch_timeout = 
batch_lengthout = 
batch_bin_fitness_strategy = aggregate
batch_fitness_strategy = sum
fitness = perf_cache_misses

[srcml]
rename = 
	stmt: break continue decl_stmt do expr_stmt for goto if return switch while
	number: literal_number
focus = block stmt operator_comp operator_arith number
internodes = block
process_pseudo_blocks = True
process_literals = True
process_operators = True

[paramconfig]
timing = test run
cli_prefix = --
cli_glue = =
cli_boolean = show
cli_boolean_prefix_true = 
cli_boolean_prefix_false = no-
cli_none = hide
silent_prefix = @
silent_suffix = $

[search]
protocol = BasicProtocol
algorithm = FirstImprovement
possible_edits = 
	SrcmlStmtReplacement
	SrcmlStmtInsertion
	SrcmlStmtDeletion
warmup = 3
warmup_strategy = last
max_steps = 1000
max_time = 10
target_fitness = 
cache_maxsize = 100
cache_keep = 0.2
batch_instances = 
batch_shuffle = True
batch_bin_shuffle = False
batch_sample_size = 1

[search.ls]
delete_prob = 0.5
max_neighbours = 
when_trapped = continue
accept_fail = False
tabu_length = 10

[search.gp]
pop_size = 10
delete_prob = 0.5
offspring_elitism = 0.1
offspring_crossover = 0.5
offspring_mutation = 0.4
uniform_rate = 0.5
batch_reset = True

[search.minify]
do_cleanup = True
do_rebuild = True
do_simplify = True
round_robin_limit = 3


2024-06-05 14:17:24,129	[DEBUG]	
2024-06-05 14:17:24,129	[INFO]	==== SEARCH: FirstImprovement ====
2024-06-05 14:17:24,129	[INFO]	~~~~ WARMUP ~~~~
2024-06-05 14:17:24,483	[DEBUG]	EXEC>  SUCCESS 62078.0
2024-06-05 14:17:24,483	[INFO]	WARM    SUCCESS               62078.000000 (--) [0 edit(s)]  
2024-06-05 14:17:24,800	[DEBUG]	EXEC>  SUCCESS 69982.0
2024-06-05 14:17:24,800	[INFO]	WARM    SUCCESS               69982.000000 (--) [0 edit(s)]  
2024-06-05 14:17:25,060	[DEBUG]	EXEC>  SUCCESS 51798.0
2024-06-05 14:17:25,060	[INFO]	WARM    SUCCESS               51798.000000 (--) [0 edit(s)]  
2024-06-05 14:17:25,060	[INFO]	REF     SUCCESS               51798.000000 (--) [0 edit(s)]  
2024-06-05 14:17:25,060	[INFO]	
2024-06-05 14:17:25,060	[INFO]	~~~~ START ~~~~
2024-06-05 14:17:25,399	[DEBUG]	EXEC>  SUCCESS 58882.0
2024-06-05 14:17:25,399	[INFO]	1       SUCCESS               58882.000000 (113.68%) [1 edit(s)]  
2024-06-05 14:17:25,400	[DEBUG]	patch(1)="SrcmlStmtInsertion(('triangle.c.xml', '_inter_block', 21), ('triangle.c.xml', 'stmt', 7))"
2024-06-05 14:17:25,579	[INFO]	2       TEST_CODE_ERROR       None (--) [1 edit(s)]  
2024-06-05 14:17:25,579	[DEBUG]	patch(2)="SrcmlStmtReplacement(('triangle.c.xml', 'stmt', 12), ('triangle.c.xml', 'stmt', 16))"
2024-06-05 14:17:25,776	[INFO]	3       TEST_CODE_ERROR       None (--) [1 edit(s)]  
2024-06-05 14:17:25,776	[DEBUG]	patch(3)="SrcmlStmtDeletion(('triangle.c.xml', 'stmt', 22))"
2024-06-05 14:17:25,940	[INFO]	4       TEST_CODE_ERROR       None (--) [1 edit(s)]  
2024-06-05 14:17:25,940	[DEBUG]	patch(4)="SrcmlStmtDeletion(('triangle.c.xml', 'stmt', 10))"
2024-06-05 14:17:26,130	[INFO]	5       TEST_CODE_ERROR       None (--) [1 edit(s)]  
2024-06-05 14:17:26,130	[DEBUG]	patch(5)="SrcmlStmtInsertion(('triangle.c.xml', '_inter_block', 14), ('triangle.c.xml', 'stmt', 14))"
2024-06-05 14:17:26,131	[INFO]	6       TEST_CODE_ERROR       None (--) [1 edit(s)] [cached] 
2024-06-05 14:17:26,131	[DEBUG]	patch(6)="SrcmlStmtDeletion(('triangle.c.xml', 'stmt', 10))"
2024-06-05 14:17:26,456	[DEBUG]	EXEC>  SUCCESS 67450.0
2024-06-05 14:17:26,456	[INFO]	7       SUCCESS               67450.000000 (130.22%) [1 edit(s)]  
2024-06-05 14:17:26,456	[DEBUG]	patch(7)="SrcmlStmtDeletion(('triangle.c.xml', 'stmt', 8))"
2024-06-05 14:17:26,486	[INFO]	8       COMPILE_CODE_ERROR    None (--) [1 edit(s)]  
2024-06-05 14:17:26,486	[DEBUG]	patch(8)="SrcmlStmtReplacement(('triangle.c.xml', 'stmt', 1), ('triangle.c.xml', 'stmt', 12))"
2024-06-05 14:17:26,519	[INFO]	9       COMPILE_CODE_ERROR    None (--) [1 edit(s)]  
2024-06-05 14:17:26,519	[DEBUG]	patch(9)="SrcmlStmtDeletion(('triangle.c.xml', 'stmt', 2))"
2024-06-05 14:17:26,520	[INFO]	10      COMPILE_CODE_ERROR    None (--) [1 edit(s)] [cached] 
2024-06-05 14:17:26,520	[DEBUG]	patch(10)="SrcmlStmtDeletion(('triangle.c.xml', 'stmt', 2))"
2024-06-05 14:17:26,554	[INFO]	11      COMPILE_CODE_ERROR    None (--) [1 edit(s)]  
2024-06-05 14:17:26,554	[DEBUG]	patch(11)="SrcmlStmtInsertion(('triangle.c.xml', '_inter_block', 1), ('triangle.c.xml', 'stmt', 13))"
2024-06-05 14:17:26,756	[INFO]	12      TEST_CODE_ERROR       None (--) [1 edit(s)]  
2024-06-05 14:17:26,756	[DEBUG]	patch(12)="SrcmlStmtDeletion(('triangle.c.xml', 'stmt', 12))"
2024-06-05 14:17:27,085	[DEBUG]	EXEC>  SUCCESS 68416.0
2024-06-05 14:17:27,085	[INFO]	13      SUCCESS               68416.000000 (132.08%) [1 edit(s)]  
2024-06-05 14:17:27,085	[DEBUG]	patch(13)="SrcmlStmtDeletion(('triangle.c.xml', 'stmt', 4))"
2024-06-05 14:17:27,126	[INFO]	14      COMPILE_CODE_ERROR    None (--) [1 edit(s)]  
2024-06-05 14:17:27,126	[DEBUG]	patch(14)="SrcmlStmtInsertion(('triangle.c.xml', '_inter_block', 6), ('triangle.c.xml', 'stmt', 4))"
2024-06-05 14:17:27,355	[INFO]	15      TEST_CODE_ERROR       None (--) [1 edit(s)]  
2024-06-05 14:17:27,355	[DEBUG]	patch(15)="SrcmlStmtInsertion(('triangle.c.xml', '_inter_block', 25), ('triangle.c.xml', 'stmt', 19))"
2024-06-05 14:17:27,563	[INFO]	16      TEST_CODE_ERROR       None (--) [1 edit(s)]  
2024-06-05 14:17:27,563	[DEBUG]	patch(16)="SrcmlStmtDeletion(('triangle.c.xml', 'stmt', 9))"
2024-06-05 14:17:27,918	[DEBUG]	EXEC>  SUCCESS 62575.0
2024-06-05 14:17:27,918	[INFO]	17      SUCCESS               62575.000000 (120.81%) [1 edit(s)]  
2024-06-05 14:17:27,918	[DEBUG]	patch(17)="SrcmlStmtReplacement(('triangle.c.xml', 'stmt', 4), ('triangle.c.xml', 'stmt', 8))"
2024-06-05 14:17:28,152	[INFO]	18      TEST_CODE_ERROR       None (--) [1 edit(s)]  
2024-06-05 14:17:28,152	[DEBUG]	patch(18)="SrcmlStmtReplacement(('triangle.c.xml', 'stmt', 15), ('triangle.c.xml', 'stmt', 19))"
2024-06-05 14:17:28,197	[INFO]	19      COMPILE_CODE_ERROR    None (--) [1 edit(s)]  
2024-06-05 14:17:28,197	[DEBUG]	patch(19)="SrcmlStmtReplacement(('triangle.c.xml', 'stmt', 17), ('triangle.c.xml', 'stmt', 1))"
2024-06-05 14:17:28,232	[INFO]	20      COMPILE_CODE_ERROR    None (--) [1 edit(s)]  
2024-06-05 14:17:28,232	[DEBUG]	patch(20)="SrcmlStmtReplacement(('triangle.c.xml', 'stmt', 0), ('triangle.c.xml', 'stmt', 22))"
2024-06-05 14:17:28,390	[INFO]	21      TEST_CODE_ERROR       None (--) [1 edit(s)]  
2024-06-05 14:17:28,390	[DEBUG]	patch(21)="SrcmlStmtDeletion(('triangle.c.xml', 'stmt', 21))"
2024-06-05 14:17:28,666	[DEBUG]	EXEC>  SUCCESS 71147.0
2024-06-05 14:17:28,666	[INFO]	22      SUCCESS               71147.000000 (137.35%) [1 edit(s)]  
2024-06-05 14:17:28,666	[DEBUG]	patch(22)="SrcmlStmtReplacement(('triangle.c.xml', 'stmt', 8), ('triangle.c.xml', 'stmt', 0))"
2024-06-05 14:17:28,878	[INFO]	23      TEST_CODE_ERROR       None (--) [1 edit(s)]  
2024-06-05 14:17:28,878	[DEBUG]	patch(23)="SrcmlStmtDeletion(('triangle.c.xml', 'stmt', 18))"
2024-06-05 14:17:29,246	[DEBUG]	EXEC>  SUCCESS 61339.0
2024-06-05 14:17:29,246	[INFO]	24      SUCCESS               61339.000000 (118.42%) [1 edit(s)]  
2024-06-05 14:17:29,246	[DEBUG]	patch(24)="SrcmlStmtReplacement(('triangle.c.xml', 'stmt', 21), ('triangle.c.xml', 'stmt', 20))"
2024-06-05 14:17:29,419	[INFO]	25      TEST_CODE_ERROR       None (--) [1 edit(s)]  
2024-06-05 14:17:29,420	[DEBUG]	patch(25)="SrcmlStmtDeletion(('triangle.c.xml', 'stmt', 14))"
2024-06-05 14:17:29,752	[DEBUG]	EXEC>  SUCCESS 71077.0
2024-06-05 14:17:29,752	[INFO]	26      SUCCESS               71077.000000 (137.22%) [1 edit(s)]  
2024-06-05 14:17:29,752	[DEBUG]	patch(26)="SrcmlStmtInsertion(('triangle.c.xml', '_inter_block', 30), ('triangle.c.xml', 'stmt', 11))"
2024-06-05 14:17:29,970	[INFO]	27      TEST_CODE_ERROR       None (--) [1 edit(s)]  
2024-06-05 14:17:29,970	[DEBUG]	patch(27)="SrcmlStmtReplacement(('triangle.c.xml', 'stmt', 11), ('triangle.c.xml', 'stmt', 12))"
2024-06-05 14:17:30,170	[INFO]	28      TEST_CODE_ERROR       None (--) [1 edit(s)]  
2024-06-05 14:17:30,170	[DEBUG]	patch(28)="SrcmlStmtReplacement(('triangle.c.xml', 'stmt', 14), ('triangle.c.xml', 'stmt', 6))"
2024-06-05 14:17:30,171	[INFO]	29      COMPILE_CODE_ERROR    None (--) [1 edit(s)] [cached] 
2024-06-05 14:17:30,171	[DEBUG]	patch(29)="SrcmlStmtReplacement(('triangle.c.xml', 'stmt', 17), ('triangle.c.xml', 'stmt', 1))"
2024-06-05 14:17:30,363	[INFO]	30      TEST_CODE_ERROR       None (--) [1 edit(s)]  
2024-06-05 14:17:30,363	[DEBUG]	patch(30)="SrcmlStmtInsertion(('triangle.c.xml', '_inter_block', 12), ('triangle.c.xml', 'stmt', 14))"
2024-06-05 14:17:30,584	[INFO]	31      TEST_CODE_ERROR       None (--) [1 edit(s)]  
2024-06-05 14:17:30,584	[DEBUG]	patch(31)="SrcmlStmtInsertion(('triangle.c.xml', '_inter_block', 16), ('triangle.c.xml', 'stmt', 19))"
2024-06-05 14:17:30,805	[INFO]	32      TEST_CODE_ERROR       None (--) [1 edit(s)]  
2024-06-05 14:17:30,805	[DEBUG]	patch(32)="SrcmlStmtReplacement(('triangle.c.xml', 'stmt', 21), ('triangle.c.xml', 'stmt', 13))"
2024-06-05 14:17:30,985	[INFO]	33      TEST_CODE_ERROR       None (--) [1 edit(s)]  
2024-06-05 14:17:30,986	[DEBUG]	patch(33)="SrcmlStmtInsertion(('triangle.c.xml', '_inter_block', 13), ('triangle.c.xml', 'stmt', 21))"
2024-06-05 14:17:31,157	[INFO]	34      TEST_CODE_ERROR       None (--) [1 edit(s)]  
2024-06-05 14:17:31,157	[DEBUG]	patch(34)="SrcmlStmtReplacement(('triangle.c.xml', 'stmt', 11), ('triangle.c.xml', 'stmt', 6))"
2024-06-05 14:17:31,414	[DEBUG]	EXEC>  SUCCESS 22511.0
2024-06-05 14:17:31,414	[INFO]	35      SUCCESS              *22511.000000 (43.46%) [1 edit(s)]  
2024-06-05 14:17:31,414	[DEBUG]	patch(35)="SrcmlStmtInsertion(('triangle.c.xml', '_inter_block', 0), ('triangle.c.xml', 'stmt', 17))"
--- before: triangle.c
+++ after: triangle.c
@@ -1,6 +1,7 @@
 #include "triangle.h"
 
 void delay() {
+  return INVALID;
   const struct timespec ms = {0, 0.001*1e9}; //tv_sec=0, tv_nsec (0.001 seconds)
   nanosleep(&ms,NULL); /*ignores possible errors*/
 }

2024-06-05 14:17:31,415	[INFO]	36      SUCCESS               51798.000000 (100.00%) [0 edit(s)] [cached] 
2024-06-05 14:17:31,415	[DEBUG]	patch(36)=""
2024-06-05 14:17:31,592	[INFO]	37      TEST_CODE_ERROR       None (--) [2 edit(s)]  
2024-06-05 14:17:31,593	[DEBUG]	patch(37)="SrcmlStmtInsertion(('triangle.c.xml', '_inter_block', 0), ('triangle.c.xml', 'stmt', 17)) | SrcmlStmtReplacement(('triangle.c.xml', 'stmt', 22), ('triangle.c.xml', 'stmt', 4))"
2024-06-05 14:17:31,771	[INFO]	38      TEST_CODE_ERROR       None (--) [2 edit(s)]  
2024-06-05 14:17:31,771	[DEBUG]	patch(38)="SrcmlStmtInsertion(('triangle.c.xml', '_inter_block', 0), ('triangle.c.xml', 'stmt', 17)) | SrcmlStmtReplacement(('triangle.c.xml', 'stmt', 12), ('triangle.c.xml', 'stmt', 8))"
2024-06-05 14:17:31,995	[DEBUG]	EXEC>  SUCCESS 28025.0
2024-06-05 14:17:31,995	[INFO]	39      SUCCESS               28025.000000 (54.10%) [2 edit(s)]  
2024-06-05 14:17:31,996	[DEBUG]	patch(39)="SrcmlStmtInsertion(('triangle.c.xml', '_inter_block', 0), ('triangle.c.xml', 'stmt', 17)) | SrcmlStmtInsertion(('triangle.c.xml', '_inter_block', 32), ('triangle.c.xml', 'stmt', 15))"
2024-06-05 14:17:32,249	[DEBUG]	EXEC>  SUCCESS 25533.0
2024-06-05 14:17:32,249	[INFO]	40      SUCCESS               25533.000000 (49.29%) [2 edit(s)]  
2024-06-05 14:17:32,249	[DEBUG]	patch(40)="SrcmlStmtInsertion(('triangle.c.xml', '_inter_block', 0), ('triangle.c.xml', 'stmt', 17)) | SrcmlStmtInsertion(('triangle.c.xml', '_inter_block', 17), ('triangle.c.xml', 'stmt', 20))"
2024-06-05 14:17:32,438	[INFO]	41      TEST_CODE_ERROR       None (--) [2 edit(s)]  
2024-06-05 14:17:32,438	[DEBUG]	patch(41)="SrcmlStmtInsertion(('triangle.c.xml', '_inter_block', 0), ('triangle.c.xml', 'stmt', 17)) | SrcmlStmtDeletion(('triangle.c.xml', 'stmt', 18))"
2024-06-05 14:17:32,637	[INFO]	42      TEST_CODE_ERROR       None (--) [2 edit(s)]  
2024-06-05 14:17:32,637	[DEBUG]	patch(42)="SrcmlStmtInsertion(('triangle.c.xml', '_inter_block', 0), ('triangle.c.xml', 'stmt', 17)) | SrcmlStmtDeletion(('triangle.c.xml', 'stmt', 16))"
2024-06-05 14:17:32,805	[INFO]	43      TEST_CODE_ERROR       None (--) [2 edit(s)]  
2024-06-05 14:17:32,805	[DEBUG]	patch(43)="SrcmlStmtInsertion(('triangle.c.xml', '_inter_block', 0), ('triangle.c.xml', 'stmt', 17)) | SrcmlStmtDeletion(('triangle.c.xml', 'stmt', 17))"
2024-06-05 14:17:32,982	[INFO]	44      TEST_CODE_ERROR       None (--) [2 edit(s)]  
2024-06-05 14:17:32,983	[DEBUG]	patch(44)="SrcmlStmtInsertion(('triangle.c.xml', '_inter_block', 0), ('triangle.c.xml', 'stmt', 17)) | SrcmlStmtInsertion(('triangle.c.xml', '_inter_block', 9), ('triangle.c.xml', 'stmt', 20))"
2024-06-05 14:17:32,984	[INFO]	45      TEST_CODE_ERROR       None (--) [2 edit(s)] [cached] 
2024-06-05 14:17:32,984	[DEBUG]	patch(45)="SrcmlStmtInsertion(('triangle.c.xml', '_inter_block', 0), ('triangle.c.xml', 'stmt', 17)) | SrcmlStmtReplacement(('triangle.c.xml', 'stmt', 12), ('triangle.c.xml', 'stmt', 8))"
2024-06-05 14:17:33,158	[INFO]	46      TEST_CODE_ERROR       None (--) [2 edit(s)]  
2024-06-05 14:17:33,159	[DEBUG]	patch(46)="SrcmlStmtInsertion(('triangle.c.xml', '_inter_block', 0), ('triangle.c.xml', 'stmt', 17)) | SrcmlStmtDeletion(('triangle.c.xml', 'stmt', 12))"
2024-06-05 14:17:33,358	[INFO]	47      TEST_CODE_ERROR       None (--) [2 edit(s)]  
2024-06-05 14:17:33,358	[DEBUG]	patch(47)="SrcmlStmtInsertion(('triangle.c.xml', '_inter_block', 0), ('triangle.c.xml', 'stmt', 17)) | SrcmlStmtReplacement(('triangle.c.xml', 'stmt', 20), ('triangle.c.xml', 'stmt', 3))"
2024-06-05 14:17:33,526	[INFO]	48      TEST_CODE_ERROR       None (--) [2 edit(s)]  
2024-06-05 14:17:33,526	[DEBUG]	patch(48)="SrcmlStmtInsertion(('triangle.c.xml', '_inter_block', 0), ('triangle.c.xml', 'stmt', 17)) | SrcmlStmtReplacement(('triangle.c.xml', 'stmt', 5), ('triangle.c.xml', 'stmt', 2))"
2024-06-05 14:17:33,724	[INFO]	49      TEST_CODE_ERROR       None (--) [2 edit(s)]  
2024-06-05 14:17:33,725	[DEBUG]	patch(49)="SrcmlStmtInsertion(('triangle.c.xml', '_inter_block', 0), ('triangle.c.xml', 'stmt', 17)) | SrcmlStmtDeletion(('triangle.c.xml', 'stmt', 11))"
2024-06-05 14:17:33,930	[INFO]	50      TEST_CODE_ERROR       None (--) [2 edit(s)]  
2024-06-05 14:17:33,930	[DEBUG]	patch(50)="SrcmlStmtInsertion(('triangle.c.xml', '_inter_block', 0), ('triangle.c.xml', 'stmt', 17)) | SrcmlStmtReplacement(('triangle.c.xml', 'stmt', 13), ('triangle.c.xml', 'stmt', 10))"
2024-06-05 14:17:34,129	[INFO]	51      TEST_CODE_ERROR       None (--) [2 edit(s)]  
2024-06-05 14:17:34,129	[DEBUG]	patch(51)="SrcmlStmtInsertion(('triangle.c.xml', '_inter_block', 0), ('triangle.c.xml', 'stmt', 17)) | SrcmlStmtInsertion(('triangle.c.xml', '_inter_block', 24), ('triangle.c.xml', 'stmt', 14))"
2024-06-05 14:17:34,413	[DEBUG]	EXEC>  SUCCESS 22687.0
2024-06-05 14:17:34,414	[INFO]	52      SUCCESS               22687.000000 (43.80%) [2 edit(s)]  
2024-06-05 14:17:34,414	[DEBUG]	patch(52)="SrcmlStmtInsertion(('triangle.c.xml', '_inter_block', 0), ('triangle.c.xml', 'stmt', 17)) | SrcmlStmtInsertion(('triangle.c.xml', '_inter_block', 30), ('triangle.c.xml', 'stmt', 7))"
2024-06-05 14:17:34,576	[INFO]	53      TEST_CODE_ERROR       None (--) [2 edit(s)]  
2024-06-05 14:17:34,576	[DEBUG]	patch(53)="SrcmlStmtInsertion(('triangle.c.xml', '_inter_block', 0), ('triangle.c.xml', 'stmt', 17)) | SrcmlStmtDeletion(('triangle.c.xml', 'stmt', 10))"
2024-06-05 14:17:34,728	[INFO]	54      TEST_CODE_ERROR       None (--) [2 edit(s)]  
2024-06-05 14:17:34,728	[DEBUG]	patch(54)="SrcmlStmtInsertion(('triangle.c.xml', '_inter_block', 0), ('triangle.c.xml', 'stmt', 17)) | SrcmlStmtDeletion(('triangle.c.xml', 'stmt', 15))"
2024-06-05 14:17:34,762	[INFO]	55      COMPILE_CODE_ERROR    None (--) [2 edit(s)]  
2024-06-05 14:17:34,762	[DEBUG]	patch(55)="SrcmlStmtInsertion(('triangle.c.xml', '_inter_block', 0), ('triangle.c.xml', 'stmt', 17)) | SrcmlStmtReplacement(('triangle.c.xml', 'stmt', 2), ('triangle.c.xml', 'stmt', 13))"
2024-06-05 14:17:34,952	[INFO]	56      TEST_CODE_ERROR       None (--) [2 edit(s)]  
2024-06-05 14:17:34,952	[DEBUG]	patch(56)="SrcmlStmtInsertion(('triangle.c.xml', '_inter_block', 0), ('triangle.c.xml', 'stmt', 17)) | SrcmlStmtReplacement(('triangle.c.xml', 'stmt', 14), ('triangle.c.xml', 'stmt', 16))"
2024-06-05 14:17:35,195	[DEBUG]	EXEC>  SUCCESS 29611.0
2024-06-05 14:17:35,196	[INFO]	57      SUCCESS               29611.000000 (57.17%) [2 edit(s)]  
2024-06-05 14:17:35,196	[DEBUG]	patch(57)="SrcmlStmtInsertion(('triangle.c.xml', '_inter_block', 0), ('triangle.c.xml', 'stmt', 17)) | SrcmlStmtDeletion(('triangle.c.xml', 'stmt', 3))"
2024-06-05 14:17:35,197	[INFO]	~~~~ END ~~~~
2024-06-05 14:17:35,197	[INFO]	
2024-06-05 14:17:35,197	[INFO]	==== REPORT ====
2024-06-05 14:17:35,197	[INFO]	Termination: time budget
2024-06-05 14:17:35,197	[INFO]	Retries: 1
2024-06-05 14:17:35,197	[INFO]	Log file: /home/jim/magpie/_magpie_logs/triangle-c_1717593444.log
2024-06-05 14:17:35,197	[INFO]	Patch file: _magpie_logs/triangle-c_1717593444.patch
2024-06-05 14:17:35,197	[INFO]	Diff file: _magpie_logs/triangle-c_1717593444.diff
2024-06-05 14:17:35,198	[INFO]	Reference fitness: 51798.000000
2024-06-05 14:17:35,198	[INFO]	Best fitness: 22511.000000
2024-06-05 14:17:35,198	[INFO]	
2024-06-05 14:17:35,199	[INFO]	==== BEST PATCH ====
SrcmlStmtInsertion(('triangle.c.xml', '_inter_block', 0), ('triangle.c.xml', 'stmt', 17))
2024-06-05 14:17:35,199	[INFO]	
2024-06-05 14:17:35,199	[INFO]	==== DIFF ====
[1m--- before: triangle.c[0m
[1m+++ after: triangle.c[0m
[36m@@ -1,6 +1,7 @@[0m
 #include "triangle.h"
 
 void delay() {
[32m+  return INVALID;[0m
   const struct timespec ms = {0, 0.001*1e9}; //tv_sec=0, tv_nsec (0.001 seconds)
   nanosleep(&ms,NULL); /*ignores possible errors*/
 }

