2024-07-28 06:21:19,033	[DEBUG]	==== CONFIG ====
[magpie]
import = 
seed = 45
log_dir = _magpie_logs
work_dir = _magpie_work
local_original_copy = True
local_original_name = __original__
output_encoding = ascii
edit_retries = 10
default_timeout = 30
default_lengthout = 1e6
diff_method = unified
trust_local_filesystem = True

[magpie.log]
color_output = True
format_info = {counter:<7} {status:<20} {best}{fitness} ({ratio}) [{size}] {cached} {log}
format_debug = patch({counter})="{patch}"{diffifbest}
format_fitness = {:.6f}
format_ratio = {:.2%%}
format_patchif = 
	 --> {patch}
format_diffif = 
	{diff}

[software]
path = examples/scipy
target_files = scipy.params
software = BasicSoftware
model_rules = 
	*.params : ParamFileConfigModel
	*.xml : SrcmlModel
	* : LineModel
model_config = 
	*.params : [paramconfig]
	*.xml : [srcml]
init_cmd = 
init_timeout = 60
init_lengthout = -1
setup_cmd = 
setup_timeout = 
setup_lengthout = 
compile_cmd = 
compile_timeout = 
compile_lengthout = 
test_cmd = ./test.sh
test_timeout = 
test_lengthout = 
run_cmd = ./run_custom.sh "bash run_fixed.sh"
run_timeout = 
run_lengthout = 
retries = 5
batch_timeout = 
batch_lengthout = 
batch_bin_fitness_strategy = aggregate
batch_fitness_strategy = sum
fitness = weights

[srcml]
rename = 
	stmt: break continue decl_stmt do expr_stmt for goto if return switch while
	number: literal_number
focus = block stmt operator_comp operator_arith number
internodes = block
process_pseudo_blocks = True
process_literals = True
process_operators = True

[paramconfig]
timing = test run
cli_prefix = --
cli_glue = =
cli_boolean = show
cli_boolean_prefix_true = 
cli_boolean_prefix_false = no-
cli_none = hide
silent_prefix = @
silent_suffix = $

[search]
protocol = BasicProtocol
algorithm = FirstImprovement
possible_edits = ParamSetting
warmup = 3
warmup_strategy = last
max_steps = 1000
max_time = 2200
target_fitness = 
cache_maxsize = 100
cache_keep = 0.2
batch_instances = 
batch_shuffle = True
batch_bin_shuffle = False
batch_sample_size = 1

[search.ls]
delete_prob = 0.5
max_neighbours = 
when_trapped = continue
accept_fail = False
tabu_length = 10

[search.gp]
pop_size = 10
delete_prob = 0.5
offspring_elitism = 0.1
offspring_crossover = 0.5
offspring_mutation = 0.4
uniform_rate = 0.5
batch_reset = True

[search.minify]
do_cleanup = True
do_rebuild = True
do_simplify = True
round_robin_limit = 3


2024-07-28 06:21:19,034	[DEBUG]	
2024-07-28 06:21:19,034	[INFO]	==== SEARCH: FirstImprovement ====
2024-07-28 06:21:19,034	[INFO]	~~~~ WARMUP ~~~~
2024-07-28 06:24:09,453	[DEBUG]	EXEC>  SUCCESS 33730310958.1302
2024-07-28 06:24:09,454	[INFO]	WARM    SUCCESS               33730310958.130199 (--) [0 edit(s)]  
2024-07-28 06:27:25,320	[DEBUG]	EXEC>  SUCCESS 39335390136.5908
2024-07-28 06:27:25,321	[INFO]	WARM    SUCCESS               39335390136.590797 (--) [0 edit(s)]  
2024-07-28 06:30:35,157	[DEBUG]	EXEC>  SUCCESS 38020635920.3844
2024-07-28 06:30:35,157	[INFO]	WARM    SUCCESS               38020635920.384399 (--) [0 edit(s)]  
2024-07-28 06:30:35,157	[INFO]	REF     SUCCESS               38020635920.384399 (--) [0 edit(s)]  
2024-07-28 06:30:35,157	[INFO]	
2024-07-28 06:30:35,157	[INFO]	~~~~ START ~~~~
2024-07-28 06:30:35,158	[INFO]	1       SUCCESS              +38020635920.384399 (100.00%) [1 edit(s)] [cached] 
2024-07-28 06:30:35,158	[DEBUG]	patch(1)="ParamSetting(('scipy.params', 'param', 'disp'), 'False')"
2024-07-28 06:30:35,159	[INFO]	2       SUCCESS              +38020635920.384399 (100.00%) [0 edit(s)] [cached] 
2024-07-28 06:30:35,159	[DEBUG]	patch(2)=""
2024-07-28 06:30:35,663	[INFO]	3       TEST_CODE_ERROR       None (--) [1 edit(s)]  
2024-07-28 06:30:35,663	[DEBUG]	patch(3)="ParamSetting(('scipy.params', 'param', 'disp'), 'True')"
2024-07-28 06:33:32,357	[DEBUG]	EXEC>  SUCCESS 34342438792.703205
2024-07-28 06:33:32,357	[INFO]	4       SUCCESS              *34342438792.703205 (90.33%) [1 edit(s)]  
2024-07-28 06:33:32,357	[DEBUG]	patch(4)="ParamSetting(('scipy.params', 'param', 'method'), 'L-BFGS-B')"
--- before: scipy.params
+++ after: scipy.params
@@ -1,4 +1,4 @@
-method := 'None'
+method := 'L-BFGS-B'
 jac := 'None'
 tol := 0.0001
 disp := 'False'

2024-07-28 06:35:35,664	[DEBUG]	EXEC>  SUCCESS 17930361914.1918
2024-07-28 06:35:35,665	[INFO]	5       SUCCESS              *17930361914.191799 (47.16%) [2 edit(s)]  
2024-07-28 06:35:35,665	[DEBUG]	patch(5)="ParamSetting(('scipy.params', 'param', 'method'), 'L-BFGS-B') | ParamSetting(('scipy.params', 'param', 'jac'), 'cs')"
--- before: scipy.params
+++ after: scipy.params
@@ -1,5 +1,5 @@
-method := 'None'
-jac := 'None'
+method := 'L-BFGS-B'
+jac := 'cs'
 tol := 0.0001
 disp := 'False'
 maxiter := 100

2024-07-28 06:35:36,146	[INFO]	6       TEST_CODE_ERROR       None (--) [3 edit(s)]  
2024-07-28 06:35:36,146	[DEBUG]	patch(6)="ParamSetting(('scipy.params', 'param', 'method'), 'L-BFGS-B') | ParamSetting(('scipy.params', 'param', 'jac'), 'cs') | ParamSetting(('scipy.params', 'param', 'disp'), 'True')"
2024-07-28 06:38:17,928	[DEBUG]	EXEC>  SUCCESS 28637364269.844
2024-07-28 06:38:17,928	[INFO]	7       SUCCESS               28637364269.844002 (75.32%) [3 edit(s)]  
2024-07-28 06:38:17,928	[DEBUG]	patch(7)="ParamSetting(('scipy.params', 'param', 'method'), 'L-BFGS-B') | ParamSetting(('scipy.params', 'param', 'jac'), 'cs') | ParamSetting(('scipy.params', 'param', 'method'), 'CG')"
2024-07-28 06:38:17,929	[INFO]	8       SUCCESS               34342438792.703205 (90.33%) [1 edit(s)] [cached] 
2024-07-28 06:38:17,929	[DEBUG]	patch(8)="ParamSetting(('scipy.params', 'param', 'method'), 'L-BFGS-B')"
2024-07-28 06:38:17,930	[INFO]	9       TEST_CODE_ERROR       None (--) [3 edit(s)] [cached] 
2024-07-28 06:38:17,930	[DEBUG]	patch(9)="ParamSetting(('scipy.params', 'param', 'method'), 'L-BFGS-B') | ParamSetting(('scipy.params', 'param', 'jac'), 'cs') | ParamSetting(('scipy.params', 'param', 'disp'), 'True')"
2024-07-28 06:38:17,931	[INFO]	10      SUCCESS              +17930361914.191799 (47.16%) [3 edit(s)] [cached] 
2024-07-28 06:38:17,931	[DEBUG]	patch(10)="ParamSetting(('scipy.params', 'param', 'method'), 'L-BFGS-B') | ParamSetting(('scipy.params', 'param', 'jac'), 'cs') | ParamSetting(('scipy.params', 'param', 'disp'), 'False')"
2024-07-28 06:41:57,573	[DEBUG]	EXEC>  SUCCESS 47048133986.879
2024-07-28 06:41:57,573	[INFO]	11      SUCCESS               47048133986.878998 (123.74%) [4 edit(s)]  
2024-07-28 06:41:57,573	[DEBUG]	patch(11)="ParamSetting(('scipy.params', 'param', 'method'), 'L-BFGS-B') | ParamSetting(('scipy.params', 'param', 'jac'), 'cs') | ParamSetting(('scipy.params', 'param', 'disp'), 'False') | ParamSetting(('scipy.params', 'param', 'method'), 'BFGS')"
2024-07-28 06:41:57,574	[INFO]	12      SUCCESS              +17930361914.191799 (47.16%) [2 edit(s)] [cached] 
2024-07-28 06:41:57,574	[DEBUG]	patch(12)="ParamSetting(('scipy.params', 'param', 'method'), 'L-BFGS-B') | ParamSetting(('scipy.params', 'param', 'jac'), 'cs')"
2024-07-28 06:41:57,590	[INFO]	13      TEST_CODE_ERROR       None (--) [1 edit(s)]  
2024-07-28 06:41:57,590	[DEBUG]	patch(13)="ParamSetting(('scipy.params', 'param', 'jac'), 'cs')"
2024-07-28 06:41:57,591	[INFO]	14      SUCCESS               34342438792.703205 (90.33%) [1 edit(s)] [cached] 
2024-07-28 06:41:57,591	[DEBUG]	patch(14)="ParamSetting(('scipy.params', 'param', 'method'), 'L-BFGS-B')"
2024-07-28 06:44:11,868	[DEBUG]	EXEC>  SUCCESS 21106328239.503
2024-07-28 06:44:11,869	[INFO]	15      SUCCESS               21106328239.502998 (55.51%) [3 edit(s)]  
2024-07-28 06:44:11,869	[DEBUG]	patch(15)="ParamSetting(('scipy.params', 'param', 'method'), 'L-BFGS-B') | ParamSetting(('scipy.params', 'param', 'jac'), 'cs') | ParamSetting(('scipy.params', 'param', 'maxiter'), 485)"
2024-07-28 06:46:17,367	[DEBUG]	EXEC>  SUCCESS 18496791093.130802
2024-07-28 06:46:17,367	[INFO]	16      SUCCESS               18496791093.130802 (48.65%) [3 edit(s)]  
2024-07-28 06:46:17,367	[DEBUG]	patch(16)="ParamSetting(('scipy.params', 'param', 'method'), 'L-BFGS-B') | ParamSetting(('scipy.params', 'param', 'jac'), 'cs') | ParamSetting(('scipy.params', 'param', 'tol'), 0.018410241935634727)"
2024-07-28 06:46:17,368	[INFO]	17      SUCCESS              +17930361914.191799 (47.16%) [3 edit(s)] [cached] 
2024-07-28 06:46:17,368	[DEBUG]	patch(17)="ParamSetting(('scipy.params', 'param', 'method'), 'L-BFGS-B') | ParamSetting(('scipy.params', 'param', 'jac'), 'cs') | ParamSetting(('scipy.params', 'param', 'jac'), 'cs')"
2024-07-28 06:46:17,369	[INFO]	18      TEST_CODE_ERROR       None (--) [2 edit(s)] [cached] 
2024-07-28 06:46:17,369	[DEBUG]	patch(18)="ParamSetting(('scipy.params', 'param', 'jac'), 'cs') | ParamSetting(('scipy.params', 'param', 'jac'), 'cs')"
2024-07-28 06:46:17,370	[INFO]	19      SUCCESS               28637364269.844002 (75.32%) [4 edit(s)] [cached] 
2024-07-28 06:46:17,370	[DEBUG]	patch(19)="ParamSetting(('scipy.params', 'param', 'method'), 'L-BFGS-B') | ParamSetting(('scipy.params', 'param', 'jac'), 'cs') | ParamSetting(('scipy.params', 'param', 'jac'), 'cs') | ParamSetting(('scipy.params', 'param', 'method'), 'CG')"
2024-07-28 06:46:17,371	[INFO]	20      SUCCESS               28637364269.844002 (75.32%) [4 edit(s)] [cached] 
2024-07-28 06:46:17,371	[DEBUG]	patch(20)="ParamSetting(('scipy.params', 'param', 'method'), 'L-BFGS-B') | ParamSetting(('scipy.params', 'param', 'jac'), 'cs') | ParamSetting(('scipy.params', 'param', 'jac'), 'cs') | ParamSetting(('scipy.params', 'param', 'method'), 'CG')"
2024-07-28 06:46:17,371	[INFO]	21      SUCCESS               28637364269.844002 (75.32%) [4 edit(s)] [cached] 
2024-07-28 06:46:17,372	[DEBUG]	patch(21)="ParamSetting(('scipy.params', 'param', 'method'), 'L-BFGS-B') | ParamSetting(('scipy.params', 'param', 'jac'), 'cs') | ParamSetting(('scipy.params', 'param', 'jac'), 'cs') | ParamSetting(('scipy.params', 'param', 'method'), 'CG')"
2024-07-28 06:46:17,372	[INFO]	22      SUCCESS              +17930361914.191799 (47.16%) [4 edit(s)] [cached] 
2024-07-28 06:46:17,372	[DEBUG]	patch(22)="ParamSetting(('scipy.params', 'param', 'method'), 'L-BFGS-B') | ParamSetting(('scipy.params', 'param', 'jac'), 'cs') | ParamSetting(('scipy.params', 'param', 'jac'), 'cs') | ParamSetting(('scipy.params', 'param', 'disp'), 'False')"
2024-07-28 06:46:17,373	[INFO]	23      SUCCESS              +17930361914.191799 (47.16%) [5 edit(s)] [cached] 
2024-07-28 06:46:17,373	[DEBUG]	patch(23)="ParamSetting(('scipy.params', 'param', 'method'), 'L-BFGS-B') | ParamSetting(('scipy.params', 'param', 'jac'), 'cs') | ParamSetting(('scipy.params', 'param', 'jac'), 'cs') | ParamSetting(('scipy.params', 'param', 'disp'), 'False') | ParamSetting(('scipy.params', 'param', 'disp'), 'False')"
2024-07-28 06:46:17,374	[INFO]	24      SUCCESS              +17930361914.191799 (47.16%) [4 edit(s)] [cached] 
2024-07-28 06:46:17,374	[DEBUG]	patch(24)="ParamSetting(('scipy.params', 'param', 'method'), 'L-BFGS-B') | ParamSetting(('scipy.params', 'param', 'jac'), 'cs') | ParamSetting(('scipy.params', 'param', 'jac'), 'cs') | ParamSetting(('scipy.params', 'param', 'disp'), 'False')"
2024-07-28 06:48:15,502	[DEBUG]	EXEC>  SUCCESS 17229459022.124
2024-07-28 06:48:15,502	[INFO]	25      SUCCESS              *17229459022.124001 (45.32%) [5 edit(s)]  
2024-07-28 06:48:15,502	[DEBUG]	patch(25)="ParamSetting(('scipy.params', 'param', 'method'), 'L-BFGS-B') | ParamSetting(('scipy.params', 'param', 'jac'), 'cs') | ParamSetting(('scipy.params', 'param', 'jac'), 'cs') | ParamSetting(('scipy.params', 'param', 'disp'), 'False') | ParamSetting(('scipy.params', 'param', 'maxiter'), 6807)"
--- before: scipy.params
+++ after: scipy.params
@@ -1,5 +1,5 @@
-method := 'None'
-jac := 'None'
+method := 'L-BFGS-B'
+jac := 'cs'
 tol := 0.0001
 disp := 'False'
-maxiter := 100
+maxiter := 6807

2024-07-28 06:48:15,503	[INFO]	26      SUCCESS              +17229459022.124001 (45.32%) [4 edit(s)] [cached] 
2024-07-28 06:48:15,503	[DEBUG]	patch(26)="ParamSetting(('scipy.params', 'param', 'method'), 'L-BFGS-B') | ParamSetting(('scipy.params', 'param', 'jac'), 'cs') | ParamSetting(('scipy.params', 'param', 'disp'), 'False') | ParamSetting(('scipy.params', 'param', 'maxiter'), 6807)"
2024-07-28 06:51:20,223	[DEBUG]	EXEC>  SUCCESS 36645605735.0172
2024-07-28 06:51:20,223	[INFO]	27      SUCCESS               36645605735.017197 (96.38%) [3 edit(s)]  
2024-07-28 06:51:20,223	[DEBUG]	patch(27)="ParamSetting(('scipy.params', 'param', 'method'), 'L-BFGS-B') | ParamSetting(('scipy.params', 'param', 'disp'), 'False') | ParamSetting(('scipy.params', 'param', 'maxiter'), 6807)"
2024-07-28 06:51:20,744	[INFO]	28      TEST_CODE_ERROR       None (--) [5 edit(s)]  
2024-07-28 06:51:20,744	[DEBUG]	patch(28)="ParamSetting(('scipy.params', 'param', 'method'), 'L-BFGS-B') | ParamSetting(('scipy.params', 'param', 'jac'), 'cs') | ParamSetting(('scipy.params', 'param', 'disp'), 'False') | ParamSetting(('scipy.params', 'param', 'maxiter'), 6807) | ParamSetting(('scipy.params', 'param', 'disp'), 'True')"
2024-07-28 06:51:21,239	[INFO]	29      TEST_CODE_ERROR       None (--) [5 edit(s)]  
2024-07-28 06:51:21,240	[DEBUG]	patch(29)="ParamSetting(('scipy.params', 'param', 'method'), 'L-BFGS-B') | ParamSetting(('scipy.params', 'param', 'jac'), 'cs') | ParamSetting(('scipy.params', 'param', 'disp'), 'False') | ParamSetting(('scipy.params', 'param', 'maxiter'), 6807) | ParamSetting(('scipy.params', 'param', 'jac'), 'True')"
2024-07-28 06:51:21,257	[INFO]	30      TEST_CODE_ERROR       None (--) [3 edit(s)]  
2024-07-28 06:51:21,257	[DEBUG]	patch(30)="ParamSetting(('scipy.params', 'param', 'jac'), 'cs') | ParamSetting(('scipy.params', 'param', 'disp'), 'False') | ParamSetting(('scipy.params', 'param', 'maxiter'), 6807)"
2024-07-28 06:53:25,674	[DEBUG]	EXEC>  SUCCESS 18270104493.085
2024-07-28 06:53:25,674	[INFO]	31      SUCCESS               18270104493.084999 (48.05%) [5 edit(s)]  
2024-07-28 06:53:25,674	[DEBUG]	patch(31)="ParamSetting(('scipy.params', 'param', 'method'), 'L-BFGS-B') | ParamSetting(('scipy.params', 'param', 'jac'), 'cs') | ParamSetting(('scipy.params', 'param', 'disp'), 'False') | ParamSetting(('scipy.params', 'param', 'maxiter'), 6807) | ParamSetting(('scipy.params', 'param', 'tol'), 0.2843422249654247)"
2024-07-28 06:53:25,675	[INFO]	32      SUCCESS              +17229459022.124001 (45.32%) [5 edit(s)] [cached] 
2024-07-28 06:53:25,675	[DEBUG]	patch(32)="ParamSetting(('scipy.params', 'param', 'method'), 'L-BFGS-B') | ParamSetting(('scipy.params', 'param', 'jac'), 'cs') | ParamSetting(('scipy.params', 'param', 'disp'), 'False') | ParamSetting(('scipy.params', 'param', 'maxiter'), 6807) | ParamSetting(('scipy.params', 'param', 'disp'), 'False')"
2024-07-28 06:53:25,676	[INFO]	33      TEST_CODE_ERROR       None (--) [6 edit(s)] [cached] 
2024-07-28 06:53:25,676	[DEBUG]	patch(33)="ParamSetting(('scipy.params', 'param', 'method'), 'L-BFGS-B') | ParamSetting(('scipy.params', 'param', 'jac'), 'cs') | ParamSetting(('scipy.params', 'param', 'disp'), 'False') | ParamSetting(('scipy.params', 'param', 'maxiter'), 6807) | ParamSetting(('scipy.params', 'param', 'disp'), 'False') | ParamSetting(('scipy.params', 'param', 'disp'), 'True')"
2024-07-28 06:55:21,478	[DEBUG]	EXEC>  SUCCESS 16115237799.215403
2024-07-28 06:55:21,478	[INFO]	34      SUCCESS              *16115237799.215403 (42.39%) [6 edit(s)]  
2024-07-28 06:55:21,478	[DEBUG]	patch(34)="ParamSetting(('scipy.params', 'param', 'method'), 'L-BFGS-B') | ParamSetting(('scipy.params', 'param', 'jac'), 'cs') | ParamSetting(('scipy.params', 'param', 'disp'), 'False') | ParamSetting(('scipy.params', 'param', 'maxiter'), 6807) | ParamSetting(('scipy.params', 'param', 'disp'), 'False') | ParamSetting(('scipy.params', 'param', 'tol'), 0.307115026144764)"
--- before: scipy.params
+++ after: scipy.params
@@ -1,5 +1,5 @@
-method := 'None'
-jac := 'None'
-tol := 0.0001
+method := 'L-BFGS-B'
+jac := 'cs'
+tol := 0.307115026144764
 disp := 'False'
-maxiter := 100
+maxiter := 6807

2024-07-28 06:55:21,479	[INFO]	35      SUCCESS              +16115237799.215403 (42.39%) [5 edit(s)] [cached] 
2024-07-28 06:55:21,479	[DEBUG]	patch(35)="ParamSetting(('scipy.params', 'param', 'method'), 'L-BFGS-B') | ParamSetting(('scipy.params', 'param', 'jac'), 'cs') | ParamSetting(('scipy.params', 'param', 'disp'), 'False') | ParamSetting(('scipy.params', 'param', 'maxiter'), 6807) | ParamSetting(('scipy.params', 'param', 'tol'), 0.307115026144764)"
2024-07-28 06:55:21,480	[INFO]	36      SUCCESS              +16115237799.215403 (42.39%) [4 edit(s)] [cached] 
2024-07-28 06:55:21,480	[DEBUG]	patch(36)="ParamSetting(('scipy.params', 'param', 'method'), 'L-BFGS-B') | ParamSetting(('scipy.params', 'param', 'jac'), 'cs') | ParamSetting(('scipy.params', 'param', 'maxiter'), 6807) | ParamSetting(('scipy.params', 'param', 'tol'), 0.307115026144764)"
2024-07-28 06:55:21,480	[INFO]	37      SUCCESS               17229459022.124001 (45.32%) [3 edit(s)] [cached] 
2024-07-28 06:55:21,481	[DEBUG]	patch(37)="ParamSetting(('scipy.params', 'param', 'method'), 'L-BFGS-B') | ParamSetting(('scipy.params', 'param', 'jac'), 'cs') | ParamSetting(('scipy.params', 'param', 'maxiter'), 6807)"
2024-07-28 06:57:48,584	[DEBUG]	EXEC>  SUCCESS 26333312183.1184
2024-07-28 06:57:48,585	[INFO]	38      SUCCESS               26333312183.118401 (69.26%) [3 edit(s)]  
2024-07-28 06:57:48,585	[DEBUG]	patch(38)="ParamSetting(('scipy.params', 'param', 'method'), 'L-BFGS-B') | ParamSetting(('scipy.params', 'param', 'maxiter'), 6807) | ParamSetting(('scipy.params', 'param', 'tol'), 0.307115026144764)"
2024-07-28 06:59:44,366	[DEBUG]	EXEC>  SUCCESS 16402733614.638
2024-07-28 06:59:44,366	[INFO]	39      SUCCESS               16402733614.638000 (43.14%) [5 edit(s)]  
2024-07-28 06:59:44,366	[DEBUG]	patch(39)="ParamSetting(('scipy.params', 'param', 'method'), 'L-BFGS-B') | ParamSetting(('scipy.params', 'param', 'jac'), 'cs') | ParamSetting(('scipy.params', 'param', 'maxiter'), 6807) | ParamSetting(('scipy.params', 'param', 'tol'), 0.307115026144764) | ParamSetting(('scipy.params', 'param', 'maxiter'), 2227)"
2024-07-28 07:02:15,881	[DEBUG]	EXEC>  SUCCESS 25629350318.8136
2024-07-28 07:02:15,882	[INFO]	40      SUCCESS               25629350318.813599 (67.41%) [5 edit(s)]  
2024-07-28 07:02:15,882	[DEBUG]	patch(40)="ParamSetting(('scipy.params', 'param', 'method'), 'L-BFGS-B') | ParamSetting(('scipy.params', 'param', 'jac'), 'cs') | ParamSetting(('scipy.params', 'param', 'maxiter'), 6807) | ParamSetting(('scipy.params', 'param', 'tol'), 0.307115026144764) | ParamSetting(('scipy.params', 'param', 'method'), 'CG')"
2024-07-28 07:04:10,329	[DEBUG]	EXEC>  SUCCESS 15821522126.4348
2024-07-28 07:04:10,329	[INFO]	41      SUCCESS              *15821522126.434799 (41.61%) [5 edit(s)]  
2024-07-28 07:04:10,330	[DEBUG]	patch(41)="ParamSetting(('scipy.params', 'param', 'method'), 'L-BFGS-B') | ParamSetting(('scipy.params', 'param', 'jac'), 'cs') | ParamSetting(('scipy.params', 'param', 'maxiter'), 6807) | ParamSetting(('scipy.params', 'param', 'tol'), 0.307115026144764) | ParamSetting(('scipy.params', 'param', 'maxiter'), 9269)"
--- before: scipy.params
+++ after: scipy.params
@@ -1,5 +1,5 @@
-method := 'None'
-jac := 'None'
-tol := 0.0001
+method := 'L-BFGS-B'
+jac := 'cs'
+tol := 0.307115026144764
 disp := 'False'
-maxiter := 100
+maxiter := 9269

2024-07-28 07:04:10,829	[INFO]	42      TEST_CODE_ERROR       None (--) [6 edit(s)]  
2024-07-28 07:04:10,829	[DEBUG]	patch(42)="ParamSetting(('scipy.params', 'param', 'method'), 'L-BFGS-B') | ParamSetting(('scipy.params', 'param', 'jac'), 'cs') | ParamSetting(('scipy.params', 'param', 'maxiter'), 6807) | ParamSetting(('scipy.params', 'param', 'tol'), 0.307115026144764) | ParamSetting(('scipy.params', 'param', 'maxiter'), 9269) | ParamSetting(('scipy.params', 'param', 'disp'), 'True')"
2024-07-28 07:04:10,843	[INFO]	43      TEST_CODE_ERROR       None (--) [4 edit(s)]  
2024-07-28 07:04:10,844	[DEBUG]	patch(43)="ParamSetting(('scipy.params', 'param', 'jac'), 'cs') | ParamSetting(('scipy.params', 'param', 'maxiter'), 6807) | ParamSetting(('scipy.params', 'param', 'tol'), 0.307115026144764) | ParamSetting(('scipy.params', 'param', 'maxiter'), 9269)"
2024-07-28 07:06:05,955	[DEBUG]	EXEC>  SUCCESS 16231734146.513203
2024-07-28 07:06:05,955	[INFO]	44      SUCCESS               16231734146.513203 (42.69%) [6 edit(s)]  
2024-07-28 07:06:05,955	[DEBUG]	patch(44)="ParamSetting(('scipy.params', 'param', 'method'), 'L-BFGS-B') | ParamSetting(('scipy.params', 'param', 'jac'), 'cs') | ParamSetting(('scipy.params', 'param', 'maxiter'), 6807) | ParamSetting(('scipy.params', 'param', 'tol'), 0.307115026144764) | ParamSetting(('scipy.params', 'param', 'maxiter'), 9269) | ParamSetting(('scipy.params', 'param', 'maxiter'), 5562)"
2024-07-28 07:06:05,956	[INFO]	45      SUCCESS               16115237799.215403 (42.39%) [4 edit(s)] [cached] 
2024-07-28 07:06:05,956	[DEBUG]	patch(45)="ParamSetting(('scipy.params', 'param', 'method'), 'L-BFGS-B') | ParamSetting(('scipy.params', 'param', 'jac'), 'cs') | ParamSetting(('scipy.params', 'param', 'maxiter'), 6807) | ParamSetting(('scipy.params', 'param', 'tol'), 0.307115026144764)"
2024-07-28 07:06:05,957	[INFO]	46      SUCCESS              +15821522126.434799 (41.61%) [4 edit(s)] [cached] 
2024-07-28 07:06:05,957	[DEBUG]	patch(46)="ParamSetting(('scipy.params', 'param', 'method'), 'L-BFGS-B') | ParamSetting(('scipy.params', 'param', 'jac'), 'cs') | ParamSetting(('scipy.params', 'param', 'tol'), 0.307115026144764) | ParamSetting(('scipy.params', 'param', 'maxiter'), 9269)"
2024-07-28 07:08:24,181	[DEBUG]	EXEC>  SUCCESS 23893529296.277397
2024-07-28 07:08:24,181	[INFO]	47      SUCCESS               23893529296.277397 (62.84%) [5 edit(s)]  
2024-07-28 07:08:24,181	[DEBUG]	patch(47)="ParamSetting(('scipy.params', 'param', 'method'), 'L-BFGS-B') | ParamSetting(('scipy.params', 'param', 'jac'), 'cs') | ParamSetting(('scipy.params', 'param', 'tol'), 0.307115026144764) | ParamSetting(('scipy.params', 'param', 'maxiter'), 9269) | ParamSetting(('scipy.params', 'param', 'jac'), 'None')"
2024-07-28 07:08:24,182	[INFO]	~~~~ END ~~~~
2024-07-28 07:08:24,182	[INFO]	
2024-07-28 07:08:24,182	[INFO]	==== REPORT ====
2024-07-28 07:08:24,182	[INFO]	Termination: time budget
2024-07-28 07:08:24,182	[INFO]	Retries: 5
2024-07-28 07:08:24,183	[INFO]	Log file: /home/dbouras/magpie/_magpie_logs/scipy_1722144079.log
2024-07-28 07:08:24,183	[INFO]	Patch file: _magpie_logs/scipy_1722144079.patch
2024-07-28 07:08:24,183	[INFO]	Diff file: _magpie_logs/scipy_1722144079.diff
2024-07-28 07:08:24,183	[INFO]	Reference fitness: 38020635920.384399
2024-07-28 07:08:24,183	[INFO]	Best fitness: 15821522126.434799
2024-07-28 07:08:24,183	[INFO]	
2024-07-28 07:08:24,184	[INFO]	==== BEST PATCH ====
ParamSetting(('scipy.params', 'param', 'method'), 'L-BFGS-B') | ParamSetting(('scipy.params', 'param', 'jac'), 'cs') | ParamSetting(('scipy.params', 'param', 'maxiter'), 6807) | ParamSetting(('scipy.params', 'param', 'tol'), 0.307115026144764) | ParamSetting(('scipy.params', 'param', 'maxiter'), 9269)
2024-07-28 07:08:24,184	[INFO]	
2024-07-28 07:08:24,184	[INFO]	==== DIFF ====
[1m--- before: scipy.params[0m
[1m+++ after: scipy.params[0m
[36m@@ -1,5 +1,5 @@[0m
[31m-method := 'None'[0m
[31m-jac := 'None'[0m
[31m-tol := 0.0001[0m
[32m+method := 'L-BFGS-B'[0m
[32m+jac := 'cs'[0m
[32m+tol := 0.307115026144764[0m
 disp := 'False'
[31m-maxiter := 100[0m
[32m+maxiter := 9269[0m

