2024-07-08 01:01:34,222	[DEBUG]	==== CONFIG ====
[magpie]
import = 
seed = 45
log_dir = _magpie_logs
work_dir = _magpie_work
local_original_copy = True
local_original_name = __original__
output_encoding = ascii
edit_retries = 10
default_timeout = 100
default_lengthout = 1e6
diff_method = unified
trust_local_filesystem = True
run_timeout = 100

[magpie.log]
color_output = True
format_info = {counter:<7} {status:<20} {best}{fitness} ({ratio}) [{size}] {cached} {log}
format_debug = patch({counter})="{patch}"{diffifbest}
format_fitness = {:.6f}
format_ratio = {:.2%%}
format_patchif = 
	 --> {patch}
format_diffif = 
	{diff}

[software]
path = examples/minisat
target_files = 
	core/Solver.cc.xml
software = BasicSoftware
model_rules = 
	*.params : ParamFileConfigModel
	*.xml : SrcmlModel
	* : LineModel
model_config = 
	*.params : [paramconfig]
	*.xml : [srcml]
init_cmd = bash init.sh
init_timeout = 60
init_lengthout = -1
setup_cmd = bash compile.sh
setup_timeout = 
setup_lengthout = 
compile_cmd = bash compile.sh
compile_timeout = 
compile_lengthout = 
test_cmd = bash test.sh
test_timeout = 
test_lengthout = 
run_cmd = bash run_fixed.sh
run_timeout = 
run_lengthout = 
retries = 5
batch_timeout = 
batch_lengthout = 
batch_bin_fitness_strategy = aggregate
batch_fitness_strategy = sum
fitness = time

[srcml]
rename = 
	stmt: break continue decl_stmt do expr_stmt for goto if return switch while
	number: literal_number
focus = block stmt operator_comp operator_arith number
internodes = block
process_pseudo_blocks = True
process_literals = True
process_operators = True

[paramconfig]
timing = test run
cli_prefix = --
cli_glue = =
cli_boolean = show
cli_boolean_prefix_true = 
cli_boolean_prefix_false = no-
cli_none = hide
silent_prefix = @
silent_suffix = $

[search]
protocol = BasicProtocol
algorithm = GeneticProgrammingUniformConcat
possible_edits = 
	SrcmlStmtReplacement
	SrcmlStmtInsertion
	SrcmlStmtDeletion
warmup = 3
warmup_strategy = last
max_steps = 10000
max_time = 1800
target_fitness = 
cache_maxsize = 100
cache_keep = 0.2
batch_instances = 
batch_shuffle = True
batch_bin_shuffle = False
batch_sample_size = 1

[search.ls]
delete_prob = 0.5
max_neighbours = 
when_trapped = continue
accept_fail = False
tabu_length = 10

[search.gp]
pop_size = 10
delete_prob = 0.5
offspring_elitism = 0.1
offspring_crossover = 0.5
offspring_mutation = 0.4
uniform_rate = 0.5
batch_reset = True

[search.minify]
do_cleanup = True
do_rebuild = True
do_simplify = True
round_robin_limit = 3


2024-07-08 01:01:34,223	[DEBUG]	
2024-07-08 01:01:34,223	[INFO]	==== SEARCH: GeneticProgrammingUniformConcat ====
2024-07-08 01:01:34,223	[INFO]	~~~~ WARMUP ~~~~
2024-07-08 01:02:49,303	[DEBUG]	EXEC>  SUCCESS 14.0166
2024-07-08 01:02:49,303	[INFO]	WARM    SUCCESS               14.016600 (--) [0 edit(s)]  
2024-07-08 01:03:59,637	[DEBUG]	EXEC>  SUCCESS 14.0161
2024-07-08 01:03:59,637	[INFO]	WARM    SUCCESS               14.016100 (--) [0 edit(s)]  
2024-07-08 01:05:10,515	[DEBUG]	EXEC>  SUCCESS 14.1251
2024-07-08 01:05:10,516	[INFO]	WARM    SUCCESS               14.125100 (--) [0 edit(s)]  
2024-07-08 01:05:10,516	[INFO]	REF     SUCCESS               14.125100 (--) [0 edit(s)]  
2024-07-08 01:05:10,516	[INFO]	
2024-07-08 01:05:10,516	[INFO]	~~~~ START ~~~~
2024-07-08 01:05:12,584	[INFO]	0-1     TEST_CODE_ERROR       None (--) [1 edit(s)]  
2024-07-08 01:05:12,585	[DEBUG]	patch(0-1)="SrcmlStmtInsertion(('core/Solver.cc.xml', '_inter_block', 263), ('core/Solver.cc.xml', 'stmt', 155))"
2024-07-08 01:06:23,011	[DEBUG]	EXEC>  SUCCESS 13.6807
2024-07-08 01:06:23,011	[INFO]	0-2     SUCCESS              *13.680700 (96.85%) [1 edit(s)]  
2024-07-08 01:06:23,011	[DEBUG]	patch(0-2)="SrcmlStmtInsertion(('core/Solver.cc.xml', '_inter_block', 495), ('core/Solver.cc.xml', 'stmt', 58))"
--- before: core/Solver.cc
+++ after: core/Solver.cc
@@ -932,6 +932,7 @@
 void Solver::toDimacs(FILE* f, Clause& c, vec<Var>& map, Var& max)
 {
     if (satisfied(c)) /*auto*/{
+      watches.smudge(~c[1]);
       return;
     }/*auto*/
 

2024-07-08 01:06:23,441	[INFO]	0-3     COMPILE_CODE_ERROR    None (--) [1 edit(s)]  
2024-07-08 01:06:23,441	[DEBUG]	patch(0-3)="SrcmlStmtInsertion(('core/Solver.cc.xml', '_inter_block', 36), ('core/Solver.cc.xml', 'stmt', 69))"
2024-07-08 01:06:23,886	[INFO]	0-4     COMPILE_CODE_ERROR    None (--) [1 edit(s)]  
2024-07-08 01:06:23,886	[DEBUG]	patch(0-4)="SrcmlStmtInsertion(('core/Solver.cc.xml', '_inter_block', 438), ('core/Solver.cc.xml', 'stmt', 313))"
2024-07-08 01:07:34,503	[DEBUG]	EXEC>  SUCCESS 13.7377
2024-07-08 01:07:34,503	[INFO]	0-5     SUCCESS               13.737700 (97.26%) [1 edit(s)]  
2024-07-08 01:07:34,503	[DEBUG]	patch(0-5)="SrcmlStmtInsertion(('core/Solver.cc.xml', '_inter_block', 32), ('core/Solver.cc.xml', 'stmt', 164))"
2024-07-08 01:07:34,943	[INFO]	0-6     COMPILE_CODE_ERROR    None (--) [1 edit(s)]  
2024-07-08 01:07:34,943	[DEBUG]	patch(0-6)="SrcmlStmtInsertion(('core/Solver.cc.xml', '_inter_block', 96), ('core/Solver.cc.xml', 'stmt', 45))"
2024-07-08 01:07:35,378	[INFO]	0-7     COMPILE_CODE_ERROR    None (--) [1 edit(s)]  
2024-07-08 01:07:35,379	[DEBUG]	patch(0-7)="SrcmlStmtReplacement(('core/Solver.cc.xml', 'stmt', 401), ('core/Solver.cc.xml', 'stmt', 357))"
2024-07-08 01:09:17,347	[INFO]	0-8     TEST_TIMEOUT          None (--) [1 edit(s)]  
2024-07-08 01:09:17,347	[DEBUG]	patch(0-8)="SrcmlStmtDeletion(('core/Solver.cc.xml', 'stmt', 303))"
2024-07-08 01:09:17,788	[INFO]	0-9     COMPILE_CODE_ERROR    None (--) [1 edit(s)]  
2024-07-08 01:09:17,788	[DEBUG]	patch(0-9)="SrcmlStmtDeletion(('core/Solver.cc.xml', 'stmt', 252))"
2024-07-08 01:10:28,474	[DEBUG]	EXEC>  SUCCESS 13.7437
2024-07-08 01:10:28,474	[INFO]	0-10    SUCCESS               13.743700 (97.30%) [1 edit(s)]  
2024-07-08 01:10:28,474	[DEBUG]	patch(0-10)="SrcmlStmtInsertion(('core/Solver.cc.xml', '_inter_block', 159), ('core/Solver.cc.xml', 'stmt', 127))"
2024-07-08 01:10:28,479	[INFO]	REF     SUCCESS               14.125100 (--) [0 edit(s)] [cached] 
2024-07-08 01:10:28,484	[INFO]	BEST    SUCCESS              *13.680700 (96.85%) [0 edit(s)] [cached] 
2024-07-08 01:10:28,490	[INFO]	1-1     SUCCESS              +13.680700 (96.85%) [1 edit(s)] [cached] 
2024-07-08 01:10:28,490	[DEBUG]	patch(1-1)="SrcmlStmtInsertion(('core/Solver.cc.xml', '_inter_block', 495), ('core/Solver.cc.xml', 'stmt', 58))"
2024-07-08 01:10:28,511	[INFO]	1-2     SUCCESS               13.737700 (97.26%) [1 edit(s)] [cached] 
2024-07-08 01:10:28,511	[DEBUG]	patch(1-2)="SrcmlStmtInsertion(('core/Solver.cc.xml', '_inter_block', 32), ('core/Solver.cc.xml', 'stmt', 164))"
2024-07-08 01:11:38,960	[DEBUG]	EXEC>  SUCCESS 13.7017
2024-07-08 01:11:38,960	[INFO]	1-3     SUCCESS               13.701700 (97.00%) [2 edit(s)]  
2024-07-08 01:11:38,960	[DEBUG]	patch(1-3)="SrcmlStmtInsertion(('core/Solver.cc.xml', '_inter_block', 32), ('core/Solver.cc.xml', 'stmt', 164)) | SrcmlStmtInsertion(('core/Solver.cc.xml', '_inter_block', 495), ('core/Solver.cc.xml', 'stmt', 58))"
2024-07-08 01:11:38,967	[INFO]	1-4     SUCCESS               13.743700 (97.30%) [1 edit(s)] [cached] 
2024-07-08 01:11:38,967	[DEBUG]	patch(1-4)="SrcmlStmtInsertion(('core/Solver.cc.xml', '_inter_block', 159), ('core/Solver.cc.xml', 'stmt', 127))"
2024-07-08 01:12:49,230	[DEBUG]	EXEC>  SUCCESS 13.6657
2024-07-08 01:12:49,230	[INFO]	1-5     SUCCESS              *13.665700 (96.75%) [2 edit(s)]  
2024-07-08 01:12:49,230	[DEBUG]	patch(1-5)="SrcmlStmtInsertion(('core/Solver.cc.xml', '_inter_block', 495), ('core/Solver.cc.xml', 'stmt', 58)) | SrcmlStmtDeletion(('core/Solver.cc.xml', 'stmt', 162))"
--- before: core/Solver.cc
+++ after: core/Solver.cc
@@ -436,7 +436,7 @@
             Lit p  = c[i];
             if (!seen[var(p)] && level(var(p)) > 0){
                 if (reason(var(p)) != CRef_Undef && (abstractLevel(var(p)) & abstract_levels) != 0){
-                    seen[var(p)] = 1;
+                    
                     analyze_stack.push(p);
                     analyze_toclear.push(p);
                 }else{
@@ -932,6 +932,7 @@
 void Solver::toDimacs(FILE* f, Clause& c, vec<Var>& map, Var& max)
 {
     if (satisfied(c)) /*auto*/{
+      watches.smudge(~c[1]);
       return;
     }/*auto*/
 

2024-07-08 01:12:49,234	[INFO]	1-6     SUCCESS               14.125100 (100.00%) [0 edit(s)] [cached] 
2024-07-08 01:12:49,234	[DEBUG]	patch(1-6)=""
2024-07-08 01:12:49,238	[INFO]	1-7     SUCCESS               14.125100 (100.00%) [0 edit(s)] [cached] 
2024-07-08 01:12:49,238	[DEBUG]	patch(1-7)=""
2024-07-08 01:12:49,677	[INFO]	1-8     COMPILE_CODE_ERROR    None (--) [1 edit(s)]  
2024-07-08 01:12:49,677	[DEBUG]	patch(1-8)="SrcmlStmtReplacement(('core/Solver.cc.xml', 'stmt', 1), ('core/Solver.cc.xml', 'stmt', 317))"
2024-07-08 01:12:50,118	[INFO]	1-9     COMPILE_CODE_ERROR    None (--) [1 edit(s)]  
2024-07-08 01:12:50,119	[DEBUG]	patch(1-9)="SrcmlStmtInsertion(('core/Solver.cc.xml', '_inter_block', 205), ('core/Solver.cc.xml', 'stmt', 138))"
2024-07-08 01:14:00,879	[DEBUG]	EXEC>  SUCCESS 13.7666
2024-07-08 01:14:00,879	[INFO]	1-10    SUCCESS               13.766600 (97.46%) [1 edit(s)]  
2024-07-08 01:14:00,879	[DEBUG]	patch(1-10)="SrcmlStmtReplacement(('core/Solver.cc.xml', 'stmt', 14), ('core/Solver.cc.xml', 'stmt', 11))"
2024-07-08 01:14:00,883	[INFO]	REF     SUCCESS               14.125100 (--) [0 edit(s)] [cached] 
2024-07-08 01:14:00,889	[INFO]	BEST    SUCCESS              *13.665700 (96.75%) [0 edit(s)] [cached] 
2024-07-08 01:14:00,895	[INFO]	2-1     SUCCESS              +13.665700 (96.75%) [2 edit(s)] [cached] 
2024-07-08 01:14:00,895	[DEBUG]	patch(2-1)="SrcmlStmtInsertion(('core/Solver.cc.xml', '_inter_block', 495), ('core/Solver.cc.xml', 'stmt', 58)) | SrcmlStmtDeletion(('core/Solver.cc.xml', 'stmt', 162))"
2024-07-08 01:15:11,415	[DEBUG]	EXEC>  SUCCESS 13.7131
2024-07-08 01:15:11,415	[INFO]	2-2     SUCCESS               13.713100 (97.08%) [2 edit(s)]  
2024-07-08 01:15:11,415	[DEBUG]	patch(2-2)="SrcmlStmtInsertion(('core/Solver.cc.xml', '_inter_block', 495), ('core/Solver.cc.xml', 'stmt', 58)) | SrcmlStmtInsertion(('core/Solver.cc.xml', '_inter_block', 159), ('core/Solver.cc.xml', 'stmt', 127))"
2024-07-08 01:15:11,421	[INFO]	2-3     SUCCESS               13.680700 (96.85%) [1 edit(s)] [cached] 
2024-07-08 01:15:11,421	[DEBUG]	patch(2-3)="SrcmlStmtInsertion(('core/Solver.cc.xml', '_inter_block', 495), ('core/Solver.cc.xml', 'stmt', 58))"
2024-07-08 01:15:11,426	[INFO]	2-4     SUCCESS               13.680700 (96.85%) [1 edit(s)] [cached] 
2024-07-08 01:15:11,426	[DEBUG]	patch(2-4)="SrcmlStmtInsertion(('core/Solver.cc.xml', '_inter_block', 495), ('core/Solver.cc.xml', 'stmt', 58))"
2024-07-08 01:15:11,431	[INFO]	2-5     SUCCESS               13.737700 (97.26%) [1 edit(s)] [cached] 
2024-07-08 01:15:11,431	[DEBUG]	patch(2-5)="SrcmlStmtInsertion(('core/Solver.cc.xml', '_inter_block', 32), ('core/Solver.cc.xml', 'stmt', 164))"
2024-07-08 01:15:11,448	[INFO]	2-6     SUCCESS               13.737700 (97.26%) [1 edit(s)] [cached] 
2024-07-08 01:15:11,448	[DEBUG]	patch(2-6)="SrcmlStmtInsertion(('core/Solver.cc.xml', '_inter_block', 32), ('core/Solver.cc.xml', 'stmt', 164))"
2024-07-08 01:16:20,909	[DEBUG]	EXEC>  SUCCESS 13.5004
2024-07-08 01:16:20,909	[INFO]	2-7     SUCCESS              *13.500400 (95.58%) [3 edit(s)]  
2024-07-08 01:16:20,909	[DEBUG]	patch(2-7)="SrcmlStmtInsertion(('core/Solver.cc.xml', '_inter_block', 495), ('core/Solver.cc.xml', 'stmt', 58)) | SrcmlStmtDeletion(('core/Solver.cc.xml', 'stmt', 162)) | SrcmlStmtReplacement(('core/Solver.cc.xml', 'stmt', 164), ('core/Solver.cc.xml', 'stmt', 119))"
--- before: core/Solver.cc
+++ after: core/Solver.cc
@@ -436,9 +436,9 @@
             Lit p  = c[i];
             if (!seen[var(p)] && level(var(p)) > 0){
                 if (reason(var(p)) != CRef_Undef && (abstractLevel(var(p)) & abstract_levels) != 0){
-                    seen[var(p)] = 1;
+                    
                     analyze_stack.push(p);
-                    analyze_toclear.push(p);
+                    uint32_t abstract_level = 0;
                 }else{
                     for (int j = top; j < analyze_toclear.size(); j++)
                         /*auto*/{
@@ -932,6 +932,7 @@
 void Solver::toDimacs(FILE* f, Clause& c, vec<Var>& map, Var& max)
 {
     if (satisfied(c)) /*auto*/{
+      watches.smudge(~c[1]);
       return;
     }/*auto*/
 

2024-07-08 01:16:20,913	[INFO]	2-8     SUCCESS               14.125100 (100.00%) [0 edit(s)] [cached] 
2024-07-08 01:16:20,913	[DEBUG]	patch(2-8)=""
2024-07-08 01:17:31,427	[DEBUG]	EXEC>  SUCCESS 13.7077
2024-07-08 01:17:31,427	[INFO]	2-9     SUCCESS               13.707700 (97.04%) [3 edit(s)]  
2024-07-08 01:17:31,427	[DEBUG]	patch(2-9)="SrcmlStmtInsertion(('core/Solver.cc.xml', '_inter_block', 32), ('core/Solver.cc.xml', 'stmt', 164)) | SrcmlStmtInsertion(('core/Solver.cc.xml', '_inter_block', 495), ('core/Solver.cc.xml', 'stmt', 58)) | SrcmlStmtReplacement(('core/Solver.cc.xml', 'stmt', 348), ('core/Solver.cc.xml', 'stmt', 302))"
2024-07-08 01:17:31,431	[INFO]	2-10    SUCCESS               14.125100 (100.00%) [0 edit(s)] [cached] 
2024-07-08 01:17:31,431	[DEBUG]	patch(2-10)=""
2024-07-08 01:17:31,434	[INFO]	REF     SUCCESS               14.125100 (--) [0 edit(s)] [cached] 
2024-07-08 01:17:31,454	[INFO]	BEST    SUCCESS              *13.500400 (95.58%) [0 edit(s)] [cached] 
2024-07-08 01:17:31,463	[INFO]	3-1     SUCCESS              +13.500400 (95.58%) [3 edit(s)] [cached] 
2024-07-08 01:17:31,463	[DEBUG]	patch(3-1)="SrcmlStmtInsertion(('core/Solver.cc.xml', '_inter_block', 495), ('core/Solver.cc.xml', 'stmt', 58)) | SrcmlStmtDeletion(('core/Solver.cc.xml', 'stmt', 162)) | SrcmlStmtReplacement(('core/Solver.cc.xml', 'stmt', 164), ('core/Solver.cc.xml', 'stmt', 119))"
2024-07-08 01:17:33,342	[INFO]	3-2     TEST_CODE_ERROR       None (--) [3 edit(s)]  
2024-07-08 01:17:33,342	[DEBUG]	patch(3-2)="SrcmlStmtInsertion(('core/Solver.cc.xml', '_inter_block', 495), ('core/Solver.cc.xml', 'stmt', 58)) | SrcmlStmtReplacement(('core/Solver.cc.xml', 'stmt', 164), ('core/Solver.cc.xml', 'stmt', 119)) | SrcmlStmtInsertion(('core/Solver.cc.xml', '_inter_block', 32), ('core/Solver.cc.xml', 'stmt', 164))"
2024-07-08 01:18:43,563	[DEBUG]	EXEC>  SUCCESS 13.6612
2024-07-08 01:18:43,563	[INFO]	3-3     SUCCESS               13.661200 (96.72%) [4 edit(s)]  
2024-07-08 01:18:43,563	[DEBUG]	patch(3-3)="SrcmlStmtInsertion(('core/Solver.cc.xml', '_inter_block', 495), ('core/Solver.cc.xml', 'stmt', 58)) | SrcmlStmtReplacement(('core/Solver.cc.xml', 'stmt', 164), ('core/Solver.cc.xml', 'stmt', 119)) | SrcmlStmtInsertion(('core/Solver.cc.xml', '_inter_block', 495), ('core/Solver.cc.xml', 'stmt', 58)) | SrcmlStmtDeletion(('core/Solver.cc.xml', 'stmt', 162))"
2024-07-08 01:18:43,569	[INFO]	3-4     SUCCESS               13.680700 (96.85%) [1 edit(s)] [cached] 
2024-07-08 01:18:43,569	[DEBUG]	patch(3-4)="SrcmlStmtInsertion(('core/Solver.cc.xml', '_inter_block', 495), ('core/Solver.cc.xml', 'stmt', 58))"
2024-07-08 01:19:54,827	[DEBUG]	EXEC>  SUCCESS 13.8619
2024-07-08 01:19:54,827	[INFO]	3-5     SUCCESS               13.861900 (98.14%) [4 edit(s)]  
2024-07-08 01:19:54,827	[DEBUG]	patch(3-5)="SrcmlStmtInsertion(('core/Solver.cc.xml', '_inter_block', 495), ('core/Solver.cc.xml', 'stmt', 58)) | SrcmlStmtInsertion(('core/Solver.cc.xml', '_inter_block', 159), ('core/Solver.cc.xml', 'stmt', 127)) | SrcmlStmtInsertion(('core/Solver.cc.xml', '_inter_block', 495), ('core/Solver.cc.xml', 'stmt', 58)) | SrcmlStmtReplacement(('core/Solver.cc.xml', 'stmt', 348), ('core/Solver.cc.xml', 'stmt', 302))"
2024-07-08 01:21:05,546	[DEBUG]	EXEC>  SUCCESS 13.7583
2024-07-08 01:21:05,546	[INFO]	3-6     SUCCESS               13.758300 (97.40%) [2 edit(s)]  
2024-07-08 01:21:05,546	[DEBUG]	patch(3-6)="SrcmlStmtReplacement(('core/Solver.cc.xml', 'stmt', 348), ('core/Solver.cc.xml', 'stmt', 302)) | SrcmlStmtInsertion(('core/Solver.cc.xml', '_inter_block', 159), ('core/Solver.cc.xml', 'stmt', 127))"
2024-07-08 01:21:07,394	[INFO]	3-7     TEST_CODE_ERROR       None (--) [2 edit(s)]  
2024-07-08 01:21:07,394	[DEBUG]	patch(3-7)="SrcmlStmtInsertion(('core/Solver.cc.xml', '_inter_block', 495), ('core/Solver.cc.xml', 'stmt', 58)) | SrcmlStmtReplacement(('core/Solver.cc.xml', 'stmt', 164), ('core/Solver.cc.xml', 'stmt', 119))"
2024-07-08 01:21:07,405	[INFO]	3-8     SUCCESS               13.680700 (96.85%) [1 edit(s)] [cached] 
2024-07-08 01:21:07,406	[DEBUG]	patch(3-8)="SrcmlStmtInsertion(('core/Solver.cc.xml', '_inter_block', 495), ('core/Solver.cc.xml', 'stmt', 58))"
2024-07-08 01:21:07,409	[INFO]	3-9     SUCCESS               14.125100 (100.00%) [0 edit(s)] [cached] 
2024-07-08 01:21:07,409	[DEBUG]	patch(3-9)=""
2024-07-08 01:22:17,850	[DEBUG]	EXEC>  SUCCESS 13.7083
2024-07-08 01:22:17,850	[INFO]	3-10    SUCCESS               13.708300 (97.05%) [4 edit(s)]  
2024-07-08 01:22:17,851	[DEBUG]	patch(3-10)="SrcmlStmtInsertion(('core/Solver.cc.xml', '_inter_block', 32), ('core/Solver.cc.xml', 'stmt', 164)) | SrcmlStmtInsertion(('core/Solver.cc.xml', '_inter_block', 495), ('core/Solver.cc.xml', 'stmt', 58)) | SrcmlStmtReplacement(('core/Solver.cc.xml', 'stmt', 348), ('core/Solver.cc.xml', 'stmt', 302)) | SrcmlStmtDeletion(('core/Solver.cc.xml', 'stmt', 311))"
2024-07-08 01:22:17,854	[INFO]	REF     SUCCESS               14.125100 (--) [0 edit(s)] [cached] 
2024-07-08 01:22:17,862	[INFO]	BEST    SUCCESS              *13.500400 (95.58%) [0 edit(s)] [cached] 
2024-07-08 01:22:17,871	[INFO]	4-1     SUCCESS              +13.500400 (95.58%) [3 edit(s)] [cached] 
2024-07-08 01:22:17,871	[DEBUG]	patch(4-1)="SrcmlStmtInsertion(('core/Solver.cc.xml', '_inter_block', 495), ('core/Solver.cc.xml', 'stmt', 58)) | SrcmlStmtDeletion(('core/Solver.cc.xml', 'stmt', 162)) | SrcmlStmtReplacement(('core/Solver.cc.xml', 'stmt', 164), ('core/Solver.cc.xml', 'stmt', 119))"
2024-07-08 01:23:28,270	[DEBUG]	EXEC>  SUCCESS 13.6862
2024-07-08 01:23:28,270	[INFO]	4-2     SUCCESS               13.686200 (96.89%) [3 edit(s)]  
2024-07-08 01:23:28,271	[DEBUG]	patch(4-2)="SrcmlStmtInsertion(('core/Solver.cc.xml', '_inter_block', 495), ('core/Solver.cc.xml', 'stmt', 58)) | SrcmlStmtDeletion(('core/Solver.cc.xml', 'stmt', 162)) | SrcmlStmtReplacement(('core/Solver.cc.xml', 'stmt', 348), ('core/Solver.cc.xml', 'stmt', 302))"
2024-07-08 01:23:28,281	[INFO]	4-3     SUCCESS               13.661200 (96.72%) [5 edit(s)] [cached] 
2024-07-08 01:23:28,281	[DEBUG]	patch(4-3)="SrcmlStmtInsertion(('core/Solver.cc.xml', '_inter_block', 495), ('core/Solver.cc.xml', 'stmt', 58)) | SrcmlStmtReplacement(('core/Solver.cc.xml', 'stmt', 164), ('core/Solver.cc.xml', 'stmt', 119)) | SrcmlStmtDeletion(('core/Solver.cc.xml', 'stmt', 162)) | SrcmlStmtInsertion(('core/Solver.cc.xml', '_inter_block', 495), ('core/Solver.cc.xml', 'stmt', 58)) | SrcmlStmtDeletion(('core/Solver.cc.xml', 'stmt', 162))"
2024-07-08 01:24:38,452	[DEBUG]	EXEC>  SUCCESS 13.6438
2024-07-08 01:24:38,453	[INFO]	4-4     SUCCESS               13.643800 (96.59%) [1 edit(s)]  
2024-07-08 01:24:38,453	[DEBUG]	patch(4-4)="SrcmlStmtReplacement(('core/Solver.cc.xml', 'stmt', 348), ('core/Solver.cc.xml', 'stmt', 302))"
2024-07-08 01:24:40,321	[INFO]	4-5     TEST_CODE_ERROR       None (--) [3 edit(s)]  
2024-07-08 01:24:40,321	[DEBUG]	patch(4-5)="SrcmlStmtReplacement(('core/Solver.cc.xml', 'stmt', 164), ('core/Solver.cc.xml', 'stmt', 119)) | SrcmlStmtInsertion(('core/Solver.cc.xml', '_inter_block', 495), ('core/Solver.cc.xml', 'stmt', 58)) | SrcmlStmtDeletion(('core/Solver.cc.xml', 'stmt', 311))"
2024-07-08 01:24:40,327	[INFO]	4-6     SUCCESS               13.743700 (97.30%) [1 edit(s)] [cached] 
2024-07-08 01:24:40,328	[DEBUG]	patch(4-6)="SrcmlStmtInsertion(('core/Solver.cc.xml', '_inter_block', 159), ('core/Solver.cc.xml', 'stmt', 127))"
2024-07-08 01:25:51,015	[DEBUG]	EXEC>  SUCCESS 13.7583
2024-07-08 01:25:51,015	[INFO]	4-7     SUCCESS               13.758300 (97.40%) [2 edit(s)]  
2024-07-08 01:25:51,015	[DEBUG]	patch(4-7)="SrcmlStmtDeletion(('core/Solver.cc.xml', 'stmt', 162)) | SrcmlStmtReplacement(('core/Solver.cc.xml', 'stmt', 164), ('core/Solver.cc.xml', 'stmt', 119))"
2024-07-08 01:27:01,976	[DEBUG]	EXEC>  SUCCESS 13.8044
2024-07-08 01:27:01,976	[INFO]	4-8     SUCCESS               13.804400 (97.73%) [5 edit(s)]  
2024-07-08 01:27:01,976	[DEBUG]	patch(4-8)="SrcmlStmtInsertion(('core/Solver.cc.xml', '_inter_block', 495), ('core/Solver.cc.xml', 'stmt', 58)) | SrcmlStmtReplacement(('core/Solver.cc.xml', 'stmt', 164), ('core/Solver.cc.xml', 'stmt', 119)) | SrcmlStmtInsertion(('core/Solver.cc.xml', '_inter_block', 495), ('core/Solver.cc.xml', 'stmt', 58)) | SrcmlStmtDeletion(('core/Solver.cc.xml', 'stmt', 162)) | SrcmlStmtReplacement(('core/Solver.cc.xml', 'stmt', 55), ('core/Solver.cc.xml', 'stmt', 295))"
2024-07-08 01:27:02,415	[INFO]	4-9     COMPILE_CODE_ERROR    None (--) [2 edit(s)]  
2024-07-08 01:27:02,415	[DEBUG]	patch(4-9)="SrcmlStmtInsertion(('core/Solver.cc.xml', '_inter_block', 495), ('core/Solver.cc.xml', 'stmt', 58)) | SrcmlStmtInsertion(('core/Solver.cc.xml', '_inter_block', 532), ('core/Solver.cc.xml', 'stmt', 72))"
2024-07-08 01:27:02,424	[INFO]	4-10    SUCCESS               13.707700 (97.04%) [3 edit(s)] [cached] 
2024-07-08 01:27:02,425	[DEBUG]	patch(4-10)="SrcmlStmtInsertion(('core/Solver.cc.xml', '_inter_block', 32), ('core/Solver.cc.xml', 'stmt', 164)) | SrcmlStmtInsertion(('core/Solver.cc.xml', '_inter_block', 495), ('core/Solver.cc.xml', 'stmt', 58)) | SrcmlStmtReplacement(('core/Solver.cc.xml', 'stmt', 348), ('core/Solver.cc.xml', 'stmt', 302))"
2024-07-08 01:27:02,428	[INFO]	REF     SUCCESS               14.125100 (--) [0 edit(s)] [cached] 
2024-07-08 01:27:02,435	[INFO]	BEST    SUCCESS              *13.500400 (95.58%) [0 edit(s)] [cached] 
2024-07-08 01:27:02,445	[INFO]	5-1     SUCCESS              +13.500400 (95.58%) [3 edit(s)] [cached] 
2024-07-08 01:27:02,445	[DEBUG]	patch(5-1)="SrcmlStmtInsertion(('core/Solver.cc.xml', '_inter_block', 495), ('core/Solver.cc.xml', 'stmt', 58)) | SrcmlStmtDeletion(('core/Solver.cc.xml', 'stmt', 162)) | SrcmlStmtReplacement(('core/Solver.cc.xml', 'stmt', 164), ('core/Solver.cc.xml', 'stmt', 119))"
2024-07-08 01:27:02,454	[INFO]	5-2     SUCCESS               13.661200 (96.72%) [4 edit(s)] [cached] 
2024-07-08 01:27:02,454	[DEBUG]	patch(5-2)="SrcmlStmtReplacement(('core/Solver.cc.xml', 'stmt', 164), ('core/Solver.cc.xml', 'stmt', 119)) | SrcmlStmtInsertion(('core/Solver.cc.xml', '_inter_block', 495), ('core/Solver.cc.xml', 'stmt', 58)) | SrcmlStmtInsertion(('core/Solver.cc.xml', '_inter_block', 495), ('core/Solver.cc.xml', 'stmt', 58)) | SrcmlStmtDeletion(('core/Solver.cc.xml', 'stmt', 162))"
2024-07-08 01:27:02,460	[INFO]	5-3     SUCCESS               13.665700 (96.75%) [2 edit(s)] [cached] 
2024-07-08 01:27:02,460	[DEBUG]	patch(5-3)="SrcmlStmtInsertion(('core/Solver.cc.xml', '_inter_block', 495), ('core/Solver.cc.xml', 'stmt', 58)) | SrcmlStmtDeletion(('core/Solver.cc.xml', 'stmt', 162))"
2024-07-08 01:28:12,818	[DEBUG]	EXEC>  SUCCESS 13.682
2024-07-08 01:28:12,818	[INFO]	5-4     SUCCESS               13.682000 (96.86%) [7 edit(s)]  
2024-07-08 01:28:12,818	[DEBUG]	patch(5-4)="SrcmlStmtReplacement(('core/Solver.cc.xml', 'stmt', 164), ('core/Solver.cc.xml', 'stmt', 119)) | SrcmlStmtDeletion(('core/Solver.cc.xml', 'stmt', 162)) | SrcmlStmtInsertion(('core/Solver.cc.xml', '_inter_block', 495), ('core/Solver.cc.xml', 'stmt', 58)) | SrcmlStmtDeletion(('core/Solver.cc.xml', 'stmt', 162)) | SrcmlStmtInsertion(('core/Solver.cc.xml', '_inter_block', 495), ('core/Solver.cc.xml', 'stmt', 58)) | SrcmlStmtReplacement(('core/Solver.cc.xml', 'stmt', 164), ('core/Solver.cc.xml', 'stmt', 119)) | SrcmlStmtInsertion(('core/Solver.cc.xml', '_inter_block', 495), ('core/Solver.cc.xml', 'stmt', 58))"
2024-07-08 01:28:12,830	[INFO]	5-5     SUCCESS               13.682000 (96.86%) [5 edit(s)] [cached] 
2024-07-08 01:28:12,830	[DEBUG]	patch(5-5)="SrcmlStmtInsertion(('core/Solver.cc.xml', '_inter_block', 495), ('core/Solver.cc.xml', 'stmt', 58)) | SrcmlStmtDeletion(('core/Solver.cc.xml', 'stmt', 162)) | SrcmlStmtInsertion(('core/Solver.cc.xml', '_inter_block', 495), ('core/Solver.cc.xml', 'stmt', 58)) | SrcmlStmtReplacement(('core/Solver.cc.xml', 'stmt', 164), ('core/Solver.cc.xml', 'stmt', 119)) | SrcmlStmtInsertion(('core/Solver.cc.xml', '_inter_block', 495), ('core/Solver.cc.xml', 'stmt', 58))"
2024-07-08 01:29:23,667	[DEBUG]	EXEC>  SUCCESS 13.7779
2024-07-08 01:29:23,668	[INFO]	5-6     SUCCESS               13.777900 (97.54%) [3 edit(s)]  
2024-07-08 01:29:23,668	[DEBUG]	patch(5-6)="SrcmlStmtDeletion(('core/Solver.cc.xml', 'stmt', 162)) | SrcmlStmtReplacement(('core/Solver.cc.xml', 'stmt', 164), ('core/Solver.cc.xml', 'stmt', 119)) | SrcmlStmtReplacement(('core/Solver.cc.xml', 'stmt', 348), ('core/Solver.cc.xml', 'stmt', 302))"
2024-07-08 01:29:25,578	[INFO]	5-7     TEST_CODE_ERROR       None (--) [4 edit(s)]  
2024-07-08 01:29:25,578	[DEBUG]	patch(5-7)="SrcmlStmtInsertion(('core/Solver.cc.xml', '_inter_block', 495), ('core/Solver.cc.xml', 'stmt', 58)) | SrcmlStmtDeletion(('core/Solver.cc.xml', 'stmt', 162)) | SrcmlStmtReplacement(('core/Solver.cc.xml', 'stmt', 164), ('core/Solver.cc.xml', 'stmt', 119)) | SrcmlStmtDeletion(('core/Solver.cc.xml', 'stmt', 73))"
2024-07-08 01:29:25,582	[INFO]	5-8     SUCCESS               14.125100 (100.00%) [0 edit(s)] [cached] 
2024-07-08 01:29:25,583	[DEBUG]	patch(5-8)=""
2024-07-08 01:29:25,616	[INFO]	5-9     SUCCESS               13.500400 (95.58%) [4 edit(s)] [cached] 
2024-07-08 01:29:25,616	[DEBUG]	patch(5-9)="SrcmlStmtReplacement(('core/Solver.cc.xml', 'stmt', 164), ('core/Solver.cc.xml', 'stmt', 119)) | SrcmlStmtDeletion(('core/Solver.cc.xml', 'stmt', 162)) | SrcmlStmtInsertion(('core/Solver.cc.xml', '_inter_block', 495), ('core/Solver.cc.xml', 'stmt', 58)) | SrcmlStmtDeletion(('core/Solver.cc.xml', 'stmt', 162))"
2024-07-08 01:30:36,268	[DEBUG]	EXEC>  SUCCESS 13.7394
2024-07-08 01:30:36,269	[INFO]	5-10    SUCCESS               13.739400 (97.27%) [2 edit(s)]  
2024-07-08 01:30:36,269	[DEBUG]	patch(5-10)="SrcmlStmtDeletion(('core/Solver.cc.xml', 'stmt', 162)) | SrcmlStmtReplacement(('core/Solver.cc.xml', 'stmt', 348), ('core/Solver.cc.xml', 'stmt', 302))"
2024-07-08 01:30:36,273	[INFO]	REF     SUCCESS               14.125100 (--) [0 edit(s)] [cached] 
2024-07-08 01:30:36,280	[INFO]	BEST    SUCCESS              *13.500400 (95.58%) [0 edit(s)] [cached] 
2024-07-08 01:30:36,290	[INFO]	6-1     SUCCESS              +13.500400 (95.58%) [4 edit(s)] [cached] 
2024-07-08 01:30:36,290	[DEBUG]	patch(6-1)="SrcmlStmtReplacement(('core/Solver.cc.xml', 'stmt', 164), ('core/Solver.cc.xml', 'stmt', 119)) | SrcmlStmtDeletion(('core/Solver.cc.xml', 'stmt', 162)) | SrcmlStmtInsertion(('core/Solver.cc.xml', '_inter_block', 495), ('core/Solver.cc.xml', 'stmt', 58)) | SrcmlStmtDeletion(('core/Solver.cc.xml', 'stmt', 162))"
2024-07-08 01:30:36,302	[INFO]	6-2     SUCCESS               13.661200 (96.72%) [5 edit(s)] [cached] 
2024-07-08 01:30:36,302	[DEBUG]	patch(6-2)="SrcmlStmtReplacement(('core/Solver.cc.xml', 'stmt', 164), ('core/Solver.cc.xml', 'stmt', 119)) | SrcmlStmtInsertion(('core/Solver.cc.xml', '_inter_block', 495), ('core/Solver.cc.xml', 'stmt', 58)) | SrcmlStmtDeletion(('core/Solver.cc.xml', 'stmt', 162)) | SrcmlStmtReplacement(('core/Solver.cc.xml', 'stmt', 164), ('core/Solver.cc.xml', 'stmt', 119)) | SrcmlStmtInsertion(('core/Solver.cc.xml', '_inter_block', 495), ('core/Solver.cc.xml', 'stmt', 58))"
2024-07-08 01:30:36,308	[INFO]	6-3     SUCCESS               13.758300 (97.40%) [3 edit(s)] [cached] 
2024-07-08 01:30:36,308	[DEBUG]	patch(6-3)="SrcmlStmtDeletion(('core/Solver.cc.xml', 'stmt', 162)) | SrcmlStmtReplacement(('core/Solver.cc.xml', 'stmt', 164), ('core/Solver.cc.xml', 'stmt', 119)) | SrcmlStmtDeletion(('core/Solver.cc.xml', 'stmt', 162))"
2024-07-08 01:30:36,319	[INFO]	6-4     SUCCESS               13.682000 (96.86%) [6 edit(s)] [cached] 
2024-07-08 01:30:36,319	[DEBUG]	patch(6-4)="SrcmlStmtReplacement(('core/Solver.cc.xml', 'stmt', 164), ('core/Solver.cc.xml', 'stmt', 119)) | SrcmlStmtInsertion(('core/Solver.cc.xml', '_inter_block', 495), ('core/Solver.cc.xml', 'stmt', 58)) | SrcmlStmtDeletion(('core/Solver.cc.xml', 'stmt', 162)) | SrcmlStmtInsertion(('core/Solver.cc.xml', '_inter_block', 495), ('core/Solver.cc.xml', 'stmt', 58)) | SrcmlStmtInsertion(('core/Solver.cc.xml', '_inter_block', 495), ('core/Solver.cc.xml', 'stmt', 58)) | SrcmlStmtDeletion(('core/Solver.cc.xml', 'stmt', 162))"
2024-07-08 01:30:36,325	[INFO]	6-5     SUCCESS               13.665700 (96.75%) [2 edit(s)] [cached] 
2024-07-08 01:30:36,325	[DEBUG]	patch(6-5)="SrcmlStmtInsertion(('core/Solver.cc.xml', '_inter_block', 495), ('core/Solver.cc.xml', 'stmt', 58)) | SrcmlStmtDeletion(('core/Solver.cc.xml', 'stmt', 162))"
2024-07-08 01:30:36,335	[INFO]	6-6     SUCCESS               13.661200 (96.72%) [5 edit(s)] [cached] 
2024-07-08 01:30:36,335	[DEBUG]	patch(6-6)="SrcmlStmtDeletion(('core/Solver.cc.xml', 'stmt', 162)) | SrcmlStmtInsertion(('core/Solver.cc.xml', '_inter_block', 495), ('core/Solver.cc.xml', 'stmt', 58)) | SrcmlStmtInsertion(('core/Solver.cc.xml', '_inter_block', 495), ('core/Solver.cc.xml', 'stmt', 58)) | SrcmlStmtReplacement(('core/Solver.cc.xml', 'stmt', 164), ('core/Solver.cc.xml', 'stmt', 119)) | SrcmlStmtDeletion(('core/Solver.cc.xml', 'stmt', 162))"
2024-07-08 01:30:36,342	[INFO]	6-7     SUCCESS               13.500400 (95.58%) [3 edit(s)] [cached] 
2024-07-08 01:30:36,343	[DEBUG]	patch(6-7)="SrcmlStmtReplacement(('core/Solver.cc.xml', 'stmt', 164), ('core/Solver.cc.xml', 'stmt', 119)) | SrcmlStmtDeletion(('core/Solver.cc.xml', 'stmt', 162)) | SrcmlStmtInsertion(('core/Solver.cc.xml', '_inter_block', 495), ('core/Solver.cc.xml', 'stmt', 58))"
2024-07-08 01:30:36,348	[INFO]	6-8     SUCCESS               13.758300 (97.40%) [2 edit(s)] [cached] 
2024-07-08 01:30:36,348	[DEBUG]	patch(6-8)="SrcmlStmtDeletion(('core/Solver.cc.xml', 'stmt', 162)) | SrcmlStmtReplacement(('core/Solver.cc.xml', 'stmt', 164), ('core/Solver.cc.xml', 'stmt', 119))"
2024-07-08 01:30:36,356	[INFO]	6-9     SUCCESS               13.500400 (95.58%) [3 edit(s)] [cached] 
2024-07-08 01:30:36,356	[DEBUG]	patch(6-9)="SrcmlStmtReplacement(('core/Solver.cc.xml', 'stmt', 164), ('core/Solver.cc.xml', 'stmt', 119)) | SrcmlStmtInsertion(('core/Solver.cc.xml', '_inter_block', 495), ('core/Solver.cc.xml', 'stmt', 58)) | SrcmlStmtDeletion(('core/Solver.cc.xml', 'stmt', 162))"
2024-07-08 01:30:38,290	[INFO]	6-10    TEST_CODE_ERROR       None (--) [3 edit(s)]  
2024-07-08 01:30:38,290	[DEBUG]	patch(6-10)="SrcmlStmtInsertion(('core/Solver.cc.xml', '_inter_block', 495), ('core/Solver.cc.xml', 'stmt', 58)) | SrcmlStmtDeletion(('core/Solver.cc.xml', 'stmt', 162)) | SrcmlStmtDeletion(('core/Solver.cc.xml', 'stmt', 66))"
2024-07-08 01:30:38,294	[INFO]	REF     SUCCESS               14.125100 (--) [0 edit(s)] [cached] 
2024-07-08 01:30:38,301	[INFO]	BEST    SUCCESS              *13.500400 (95.58%) [0 edit(s)] [cached] 
2024-07-08 01:30:38,311	[INFO]	7-1     SUCCESS              +13.500400 (95.58%) [3 edit(s)] [cached] 
2024-07-08 01:30:38,311	[DEBUG]	patch(7-1)="SrcmlStmtReplacement(('core/Solver.cc.xml', 'stmt', 164), ('core/Solver.cc.xml', 'stmt', 119)) | SrcmlStmtInsertion(('core/Solver.cc.xml', '_inter_block', 495), ('core/Solver.cc.xml', 'stmt', 58)) | SrcmlStmtDeletion(('core/Solver.cc.xml', 'stmt', 162))"
2024-07-08 01:30:38,319	[INFO]	7-2     SUCCESS               13.500400 (95.58%) [3 edit(s)] [cached] 
2024-07-08 01:30:38,319	[DEBUG]	patch(7-2)="SrcmlStmtInsertion(('core/Solver.cc.xml', '_inter_block', 495), ('core/Solver.cc.xml', 'stmt', 58)) | SrcmlStmtDeletion(('core/Solver.cc.xml', 'stmt', 162)) | SrcmlStmtReplacement(('core/Solver.cc.xml', 'stmt', 164), ('core/Solver.cc.xml', 'stmt', 119))"
2024-07-08 01:30:38,329	[INFO]	7-3     SUCCESS               13.661200 (96.72%) [6 edit(s)] [cached] 
2024-07-08 01:30:38,329	[DEBUG]	patch(7-3)="SrcmlStmtReplacement(('core/Solver.cc.xml', 'stmt', 164), ('core/Solver.cc.xml', 'stmt', 119)) | SrcmlStmtInsertion(('core/Solver.cc.xml', '_inter_block', 495), ('core/Solver.cc.xml', 'stmt', 58)) | SrcmlStmtDeletion(('core/Solver.cc.xml', 'stmt', 162)) | SrcmlStmtDeletion(('core/Solver.cc.xml', 'stmt', 162)) | SrcmlStmtInsertion(('core/Solver.cc.xml', '_inter_block', 495), ('core/Solver.cc.xml', 'stmt', 58)) | SrcmlStmtDeletion(('core/Solver.cc.xml', 'stmt', 162))"
2024-07-08 01:31:48,502	[DEBUG]	EXEC>  SUCCESS 13.6535
2024-07-08 01:31:48,502	[INFO]	7-4     SUCCESS               13.653500 (96.66%) [3 edit(s)]  
2024-07-08 01:31:48,502	[DEBUG]	patch(7-4)="SrcmlStmtDeletion(('core/Solver.cc.xml', 'stmt', 162)) | SrcmlStmtDeletion(('core/Solver.cc.xml', 'stmt', 162)) | SrcmlStmtDeletion(('core/Solver.cc.xml', 'stmt', 162))"
2024-07-08 01:33:00,185	[DEBUG]	EXEC>  SUCCESS 13.9468
2024-07-08 01:33:00,185	[INFO]	7-5     SUCCESS               13.946800 (98.74%) [3 edit(s)]  
2024-07-08 01:33:00,185	[DEBUG]	patch(7-5)="SrcmlStmtInsertion(('core/Solver.cc.xml', '_inter_block', 495), ('core/Solver.cc.xml', 'stmt', 58)) | SrcmlStmtInsertion(('core/Solver.cc.xml', '_inter_block', 495), ('core/Solver.cc.xml', 'stmt', 58)) | SrcmlStmtDeletion(('core/Solver.cc.xml', 'stmt', 162))"
2024-07-08 01:33:00,193	[INFO]	7-6     SUCCESS               13.500400 (95.58%) [3 edit(s)] [cached] 
2024-07-08 01:33:00,193	[DEBUG]	patch(7-6)="SrcmlStmtInsertion(('core/Solver.cc.xml', '_inter_block', 495), ('core/Solver.cc.xml', 'stmt', 58)) | SrcmlStmtDeletion(('core/Solver.cc.xml', 'stmt', 162)) | SrcmlStmtReplacement(('core/Solver.cc.xml', 'stmt', 164), ('core/Solver.cc.xml', 'stmt', 119))"
2024-07-08 01:33:00,629	[INFO]	7-7     COMPILE_CODE_ERROR    None (--) [4 edit(s)]  
2024-07-08 01:33:00,629	[DEBUG]	patch(7-7)="SrcmlStmtReplacement(('core/Solver.cc.xml', 'stmt', 164), ('core/Solver.cc.xml', 'stmt', 119)) | SrcmlStmtInsertion(('core/Solver.cc.xml', '_inter_block', 495), ('core/Solver.cc.xml', 'stmt', 58)) | SrcmlStmtDeletion(('core/Solver.cc.xml', 'stmt', 162)) | SrcmlStmtInsertion(('core/Solver.cc.xml', '_inter_block', 536), ('core/Solver.cc.xml', 'stmt', 214))"
2024-07-08 01:33:01,072	[INFO]	7-8     COMPILE_CODE_ERROR    None (--) [5 edit(s)]  
2024-07-08 01:33:01,072	[DEBUG]	patch(7-8)="SrcmlStmtReplacement(('core/Solver.cc.xml', 'stmt', 164), ('core/Solver.cc.xml', 'stmt', 119)) | SrcmlStmtDeletion(('core/Solver.cc.xml', 'stmt', 162)) | SrcmlStmtInsertion(('core/Solver.cc.xml', '_inter_block', 495), ('core/Solver.cc.xml', 'stmt', 58)) | SrcmlStmtDeletion(('core/Solver.cc.xml', 'stmt', 162)) | SrcmlStmtReplacement(('core/Solver.cc.xml', 'stmt', 418), ('core/Solver.cc.xml', 'stmt', 117))"
2024-07-08 01:33:02,985	[INFO]	7-9     TEST_CODE_ERROR       None (--) [4 edit(s)]  
2024-07-08 01:33:02,985	[DEBUG]	patch(7-9)="SrcmlStmtReplacement(('core/Solver.cc.xml', 'stmt', 164), ('core/Solver.cc.xml', 'stmt', 119)) | SrcmlStmtDeletion(('core/Solver.cc.xml', 'stmt', 162)) | SrcmlStmtInsertion(('core/Solver.cc.xml', '_inter_block', 495), ('core/Solver.cc.xml', 'stmt', 58)) | SrcmlStmtDeletion(('core/Solver.cc.xml', 'stmt', 213))"
2024-07-08 01:33:02,995	[INFO]	7-10    SUCCESS               13.661200 (96.72%) [4 edit(s)] [cached] 
2024-07-08 01:33:02,995	[DEBUG]	patch(7-10)="SrcmlStmtInsertion(('core/Solver.cc.xml', '_inter_block', 495), ('core/Solver.cc.xml', 'stmt', 58)) | SrcmlStmtDeletion(('core/Solver.cc.xml', 'stmt', 162)) | SrcmlStmtReplacement(('core/Solver.cc.xml', 'stmt', 164), ('core/Solver.cc.xml', 'stmt', 119)) | SrcmlStmtInsertion(('core/Solver.cc.xml', '_inter_block', 495), ('core/Solver.cc.xml', 'stmt', 58))"
2024-07-08 01:33:02,999	[INFO]	REF     SUCCESS               14.125100 (--) [0 edit(s)] [cached] 
2024-07-08 01:33:03,006	[INFO]	BEST    SUCCESS              *13.500400 (95.58%) [0 edit(s)] [cached] 
2024-07-08 01:33:03,015	[INFO]	8-1     SUCCESS              +13.500400 (95.58%) [3 edit(s)] [cached] 
2024-07-08 01:33:03,015	[DEBUG]	patch(8-1)="SrcmlStmtReplacement(('core/Solver.cc.xml', 'stmt', 164), ('core/Solver.cc.xml', 'stmt', 119)) | SrcmlStmtInsertion(('core/Solver.cc.xml', '_inter_block', 495), ('core/Solver.cc.xml', 'stmt', 58)) | SrcmlStmtDeletion(('core/Solver.cc.xml', 'stmt', 162))"
2024-07-08 01:34:13,109	[DEBUG]	EXEC>  SUCCESS 13.6351
2024-07-08 01:34:13,109	[INFO]	8-2     SUCCESS               13.635100 (96.53%) [5 edit(s)]  
2024-07-08 01:34:13,109	[DEBUG]	patch(8-2)="SrcmlStmtInsertion(('core/Solver.cc.xml', '_inter_block', 495), ('core/Solver.cc.xml', 'stmt', 58)) | SrcmlStmtDeletion(('core/Solver.cc.xml', 'stmt', 162)) | SrcmlStmtInsertion(('core/Solver.cc.xml', '_inter_block', 495), ('core/Solver.cc.xml', 'stmt', 58)) | SrcmlStmtInsertion(('core/Solver.cc.xml', '_inter_block', 495), ('core/Solver.cc.xml', 'stmt', 58)) | SrcmlStmtDeletion(('core/Solver.cc.xml', 'stmt', 162))"
2024-07-08 01:34:13,117	[INFO]	8-3     SUCCESS               13.500400 (95.58%) [3 edit(s)] [cached] 
2024-07-08 01:34:13,117	[DEBUG]	patch(8-3)="SrcmlStmtDeletion(('core/Solver.cc.xml', 'stmt', 162)) | SrcmlStmtInsertion(('core/Solver.cc.xml', '_inter_block', 495), ('core/Solver.cc.xml', 'stmt', 58)) | SrcmlStmtReplacement(('core/Solver.cc.xml', 'stmt', 164), ('core/Solver.cc.xml', 'stmt', 119))"
2024-07-08 01:34:13,122	[INFO]	8-4     SUCCESS               13.653500 (96.66%) [2 edit(s)] [cached] 
2024-07-08 01:34:13,122	[DEBUG]	patch(8-4)="SrcmlStmtDeletion(('core/Solver.cc.xml', 'stmt', 162)) | SrcmlStmtDeletion(('core/Solver.cc.xml', 'stmt', 162))"
2024-07-08 01:34:13,133	[INFO]	8-5     SUCCESS               13.682000 (96.86%) [6 edit(s)] [cached] 
2024-07-08 01:34:13,133	[DEBUG]	patch(8-5)="SrcmlStmtInsertion(('core/Solver.cc.xml', '_inter_block', 495), ('core/Solver.cc.xml', 'stmt', 58)) | SrcmlStmtInsertion(('core/Solver.cc.xml', '_inter_block', 495), ('core/Solver.cc.xml', 'stmt', 58)) | SrcmlStmtDeletion(('core/Solver.cc.xml', 'stmt', 162)) | SrcmlStmtReplacement(('core/Solver.cc.xml', 'stmt', 164), ('core/Solver.cc.xml', 'stmt', 119)) | SrcmlStmtDeletion(('core/Solver.cc.xml', 'stmt', 162)) | SrcmlStmtInsertion(('core/Solver.cc.xml', '_inter_block', 495), ('core/Solver.cc.xml', 'stmt', 58))"
2024-07-08 01:34:13,141	[INFO]	8-6     SUCCESS               13.946800 (98.74%) [4 edit(s)] [cached] 
2024-07-08 01:34:13,141	[DEBUG]	patch(8-6)="SrcmlStmtDeletion(('core/Solver.cc.xml', 'stmt', 162)) | SrcmlStmtInsertion(('core/Solver.cc.xml', '_inter_block', 495), ('core/Solver.cc.xml', 'stmt', 58)) | SrcmlStmtInsertion(('core/Solver.cc.xml', '_inter_block', 495), ('core/Solver.cc.xml', 'stmt', 58)) | SrcmlStmtDeletion(('core/Solver.cc.xml', 'stmt', 162))"
2024-07-08 01:34:13,584	[INFO]	8-7     COMPILE_CODE_ERROR    None (--) [4 edit(s)]  
2024-07-08 01:34:13,584	[DEBUG]	patch(8-7)="SrcmlStmtReplacement(('core/Solver.cc.xml', 'stmt', 164), ('core/Solver.cc.xml', 'stmt', 119)) | SrcmlStmtInsertion(('core/Solver.cc.xml', '_inter_block', 495), ('core/Solver.cc.xml', 'stmt', 58)) | SrcmlStmtDeletion(('core/Solver.cc.xml', 'stmt', 162)) | SrcmlStmtInsertion(('core/Solver.cc.xml', '_inter_block', 469), ('core/Solver.cc.xml', 'stmt', 407))"
2024-07-08 01:35:58,400	[DEBUG]	EXEC>  SUCCESS 20.5767
2024-07-08 01:35:58,400	[INFO]	8-8     SUCCESS               20.576700 (145.67%) [4 edit(s)]  
2024-07-08 01:35:58,400	[DEBUG]	patch(8-8)="SrcmlStmtInsertion(('core/Solver.cc.xml', '_inter_block', 495), ('core/Solver.cc.xml', 'stmt', 58)) | SrcmlStmtDeletion(('core/Solver.cc.xml', 'stmt', 162)) | SrcmlStmtReplacement(('core/Solver.cc.xml', 'stmt', 164), ('core/Solver.cc.xml', 'stmt', 119)) | SrcmlStmtDeletion(('core/Solver.cc.xml', 'stmt', 240))"
2024-07-08 01:35:58,408	[INFO]	~~~~ END ~~~~
2024-07-08 01:35:58,409	[INFO]	
2024-07-08 01:35:58,409	[INFO]	==== REPORT ====
2024-07-08 01:35:58,409	[INFO]	Termination: time budget
2024-07-08 01:35:58,409	[INFO]	Retries: 5
2024-07-08 01:35:58,409	[INFO]	Log file: /home/dbouras/magpie/_magpie_logs/minisat_1720396893.log
2024-07-08 01:35:58,409	[INFO]	Patch file: _magpie_logs/minisat_1720396893.patch
2024-07-08 01:35:58,409	[INFO]	Diff file: _magpie_logs/minisat_1720396893.diff
2024-07-08 01:35:58,409	[INFO]	Reference fitness: 14.125100
2024-07-08 01:35:58,409	[INFO]	Best fitness: 13.500400
2024-07-08 01:35:58,409	[INFO]	
2024-07-08 01:35:58,410	[INFO]	==== BEST PATCH ====
SrcmlStmtInsertion(('core/Solver.cc.xml', '_inter_block', 495), ('core/Solver.cc.xml', 'stmt', 58)) | SrcmlStmtDeletion(('core/Solver.cc.xml', 'stmt', 162)) | SrcmlStmtReplacement(('core/Solver.cc.xml', 'stmt', 164), ('core/Solver.cc.xml', 'stmt', 119))
2024-07-08 01:35:58,410	[INFO]	
2024-07-08 01:35:58,410	[INFO]	==== DIFF ====
[1m--- before: core/Solver.cc[0m
[1m+++ after: core/Solver.cc[0m
[36m@@ -436,9 +436,9 @@[0m
             Lit p  = c[i];
             if (!seen[var(p)] && level(var(p)) > 0){
                 if (reason(var(p)) != CRef_Undef && (abstractLevel(var(p)) & abstract_levels) != 0){
[31m-                    seen[var(p)] = 1;[0m
[32m+                    [0m
                     analyze_stack.push(p);
[31m-                    analyze_toclear.push(p);[0m
[32m+                    uint32_t abstract_level = 0;[0m
                 }else{
                     for (int j = top; j < analyze_toclear.size(); j++)
                         /*auto*/{
[36m@@ -932,6 +932,7 @@[0m
 void Solver::toDimacs(FILE* f, Clause& c, vec<Var>& map, Var& max)
 {
     if (satisfied(c)) /*auto*/{
[32m+      watches.smudge(~c[1]);[0m
       return;
     }/*auto*/
 

