2024-06-15 01:50:33,923	[DEBUG]	==== CONFIG ====
[magpie]
import = 
seed = 4341509158472325
log_dir = _magpie_logs
work_dir = _magpie_work
local_original_copy = True
local_original_name = __original__
output_encoding = ascii
edit_retries = 10
default_timeout = 30
default_lengthout = 1e6
diff_method = unified
trust_local_filesystem = True

[magpie.log]
color_output = True
format_info = {counter:<7} {status:<20} {best}{fitness} ({ratio}) [{size}] {cached} {log}
format_debug = patch({counter})="{patch}"{diffifbest}
format_fitness = {:.6f}
format_ratio = {:.2%%}
format_patchif = 
	 --> {patch}
format_diffif = 
	{diff}

[software]
path = examples/sat4j
target_files = test.params
software = BasicSoftware
model_rules = 
	*.params : ParamFileConfigModel
	*.xml : SrcmlModel
	* : LineModel
model_config = 
	*.params : [paramconfig]
	*.xml : [srcml]
init_cmd = 
init_timeout = 60
init_lengthout = -1
setup_cmd = ant sat
setup_timeout = 
setup_lengthout = 
compile_cmd = 
compile_timeout = 
compile_lengthout = 
test_cmd = bash test.sh
test_timeout = 
test_lengthout = 
run_cmd = perf stat -e cache-references bash run_fixed.sh
run_timeout = 
run_lengthout = 
retries = 2
batch_timeout = 
batch_lengthout = 
batch_bin_fitness_strategy = aggregate
batch_fitness_strategy = sum
fitness = perf_cache_references

[srcml]
rename = 
	stmt: break continue decl_stmt do expr_stmt for goto if return switch while
	number: literal_number
focus = block stmt operator_comp operator_arith number
internodes = block
process_pseudo_blocks = True
process_literals = True
process_operators = True

[paramconfig]
timing = test run
cli_prefix = --
cli_glue = =
cli_boolean = show
cli_boolean_prefix_true = 
cli_boolean_prefix_false = no-
cli_none = hide
silent_prefix = @
silent_suffix = $

[search]
protocol = BasicProtocol
algorithm = FirstImprovement
possible_edits = ParamSetting
warmup = 3
warmup_strategy = last
max_steps = 1000
max_time = 1000
target_fitness = 
cache_maxsize = 100
cache_keep = 0.2
batch_instances = 
batch_shuffle = True
batch_bin_shuffle = False
batch_sample_size = 1

[search.ls]
delete_prob = 0.5
max_neighbours = 
when_trapped = continue
accept_fail = False
tabu_length = 10

[search.gp]
pop_size = 10
delete_prob = 0.5
offspring_elitism = 0.1
offspring_crossover = 0.5
offspring_mutation = 0.4
uniform_rate = 0.5
batch_reset = True

[search.minify]
do_cleanup = True
do_rebuild = True
do_simplify = True
round_robin_limit = 3


2024-06-15 01:50:33,923	[DEBUG]	
2024-06-15 01:50:33,923	[INFO]	==== SEARCH: FirstImprovement ====
2024-06-15 01:50:33,923	[INFO]	~~~~ WARMUP ~~~~
2024-06-15 01:51:01,768	[DEBUG]	EXEC>  SUCCESS 6126296329.5
2024-06-15 01:51:01,768	[INFO]	WARM    SUCCESS               6126296329.500000 (--) [0 edit(s)]  
2024-06-15 01:51:21,466	[DEBUG]	EXEC>  SUCCESS 6063880981.0
2024-06-15 01:51:21,467	[INFO]	WARM    SUCCESS               6063880981.000000 (--) [0 edit(s)]  
2024-06-15 01:51:41,361	[DEBUG]	EXEC>  SUCCESS 6057822170.5
2024-06-15 01:51:41,361	[INFO]	WARM    SUCCESS               6057822170.500000 (--) [0 edit(s)]  
2024-06-15 01:51:41,362	[INFO]	REF     SUCCESS               6057822170.500000 (--) [0 edit(s)]  
2024-06-15 01:51:41,362	[INFO]	
2024-06-15 01:51:41,362	[INFO]	~~~~ START ~~~~
2024-06-15 01:52:01,116	[DEBUG]	EXEC>  SUCCESS 6050545687.5
2024-06-15 01:52:01,117	[INFO]	1       SUCCESS              *6050545687.500000 (99.88%) [1 edit(s)]  
2024-06-15 01:52:01,117	[DEBUG]	patch(1)="ParamSetting(('test.params', 'param', 'LUBYFACTOR'), 57)"
--- before: test.params
+++ after: test.params
@@ -1,5 +1,5 @@
 RESTARTS := 'Glucose21Restarts'
-LUBYFACTOR := 512
+LUBYFACTOR := 57
 FIXEDPERIOD := 100
 PHASE := 'RSATPhaseSelectionStrategy'
 CLADECAY := 0.999

2024-06-15 01:52:01,117	[INFO]	2       SUCCESS               6057822170.500000 (100.00%) [0 edit(s)] [cached] 
2024-06-15 01:52:01,117	[DEBUG]	patch(2)=""
2024-06-15 01:52:20,870	[DEBUG]	EXEC>  SUCCESS 5988867979.0
2024-06-15 01:52:20,871	[INFO]	3       SUCCESS              *5988867979.000000 (98.86%) [2 edit(s)]  
2024-06-15 01:52:20,871	[DEBUG]	patch(3)="ParamSetting(('test.params', 'param', 'LUBYFACTOR'), 57) | ParamSetting(('test.params', 'param', 'FIXEDPERIOD'), 29122)"
--- before: test.params
+++ after: test.params
@@ -1,6 +1,6 @@
 RESTARTS := 'Glucose21Restarts'
-LUBYFACTOR := 512
-FIXEDPERIOD := 100
+LUBYFACTOR := 57
+FIXEDPERIOD := 29122
 PHASE := 'RSATPhaseSelectionStrategy'
 CLADECAY := 0.999
 INITCONFLICTBOUND := 100

2024-06-15 01:52:40,792	[DEBUG]	EXEC>  SUCCESS 6121366233.0
2024-06-15 01:52:40,792	[INFO]	4       SUCCESS               6121366233.000000 (101.05%) [3 edit(s)]  
2024-06-15 01:52:40,792	[DEBUG]	patch(4)="ParamSetting(('test.params', 'param', 'LUBYFACTOR'), 57) | ParamSetting(('test.params', 'param', 'FIXEDPERIOD'), 29122) | ParamSetting(('test.params', 'param', 'FIXEDPERIOD'), 5439)"
2024-06-15 01:52:40,793	[INFO]	5       SUCCESS               6050545687.500000 (99.88%) [1 edit(s)] [cached] 
2024-06-15 01:52:40,793	[DEBUG]	patch(5)="ParamSetting(('test.params', 'param', 'LUBYFACTOR'), 57)"
2024-06-15 01:53:00,550	[DEBUG]	EXEC>  SUCCESS 6141536804.0
2024-06-15 01:53:00,551	[INFO]	6       SUCCESS               6141536804.000000 (101.38%) [3 edit(s)]  
2024-06-15 01:53:00,551	[DEBUG]	patch(6)="ParamSetting(('test.params', 'param', 'LUBYFACTOR'), 57) | ParamSetting(('test.params', 'param', 'FIXEDPERIOD'), 29122) | ParamSetting(('test.params', 'param', 'CLADECAY'), 0.14914783745028493)"
2024-06-15 01:53:20,435	[DEBUG]	EXEC>  SUCCESS 6086962447.5
2024-06-15 01:53:20,435	[INFO]	7       SUCCESS               6086962447.500000 (100.48%) [3 edit(s)]  
2024-06-15 01:53:20,435	[DEBUG]	patch(7)="ParamSetting(('test.params', 'param', 'LUBYFACTOR'), 57) | ParamSetting(('test.params', 'param', 'FIXEDPERIOD'), 29122) | ParamSetting(('test.params', 'param', 'INITCONFLICTBOUND'), 136)"
2024-06-15 01:53:40,459	[DEBUG]	EXEC>  SUCCESS 6199759258.5
2024-06-15 01:53:40,459	[INFO]	8       SUCCESS               6199759258.500000 (102.34%) [3 edit(s)]  
2024-06-15 01:53:40,459	[DEBUG]	patch(8)="ParamSetting(('test.params', 'param', 'LUBYFACTOR'), 57) | ParamSetting(('test.params', 'param', 'FIXEDPERIOD'), 29122) | ParamSetting(('test.params', 'param', 'CLADECAY'), 0.41542413117648336)"
2024-06-15 01:54:00,121	[DEBUG]	EXEC>  SUCCESS 6047491971.0
2024-06-15 01:54:00,122	[INFO]	9       SUCCESS               6047491971.000000 (99.83%) [3 edit(s)]  
2024-06-15 01:54:00,122	[DEBUG]	patch(9)="ParamSetting(('test.params', 'param', 'LUBYFACTOR'), 57) | ParamSetting(('test.params', 'param', 'FIXEDPERIOD'), 29122) | ParamSetting(('test.params', 'param', 'FIXEDPERIOD'), 4307)"
2024-06-15 01:54:20,220	[DEBUG]	EXEC>  SUCCESS 6199928711.0
2024-06-15 01:54:20,220	[INFO]	10      SUCCESS               6199928711.000000 (102.35%) [3 edit(s)]  
2024-06-15 01:54:20,220	[DEBUG]	patch(10)="ParamSetting(('test.params', 'param', 'LUBYFACTOR'), 57) | ParamSetting(('test.params', 'param', 'FIXEDPERIOD'), 29122) | ParamSetting(('test.params', 'param', 'CLEANING'), 'LBD')"
2024-06-15 01:54:20,221	[INFO]	11      SUCCESS              +5988867979.000000 (98.86%) [3 edit(s)] [cached] 
2024-06-15 01:54:20,221	[DEBUG]	patch(11)="ParamSetting(('test.params', 'param', 'LUBYFACTOR'), 57) | ParamSetting(('test.params', 'param', 'FIXEDPERIOD'), 29122) | ParamSetting(('test.params', 'param', 'SIMP'), 'EXPENSIVE_SIMPLIFICATION')"
2024-06-15 01:54:20,222	[INFO]	12      SUCCESS              +5988867979.000000 (98.86%) [2 edit(s)] [cached] 
2024-06-15 01:54:20,222	[DEBUG]	patch(12)="ParamSetting(('test.params', 'param', 'LUBYFACTOR'), 57) | ParamSetting(('test.params', 'param', 'FIXEDPERIOD'), 29122)"
2024-06-15 01:54:20,223	[INFO]	13      SUCCESS               6050545687.500000 (99.88%) [1 edit(s)] [cached] 
2024-06-15 01:54:20,223	[DEBUG]	patch(13)="ParamSetting(('test.params', 'param', 'LUBYFACTOR'), 57)"
2024-06-15 01:54:39,973	[DEBUG]	EXEC>  SUCCESS 6036209284.0
2024-06-15 01:54:39,974	[INFO]	14      SUCCESS               6036209284.000000 (99.64%) [3 edit(s)]  
2024-06-15 01:54:39,974	[DEBUG]	patch(14)="ParamSetting(('test.params', 'param', 'LUBYFACTOR'), 57) | ParamSetting(('test.params', 'param', 'FIXEDPERIOD'), 29122) | ParamSetting(('test.params', 'param', 'LUBYFACTOR'), 65)"
2024-06-15 01:54:59,637	[DEBUG]	EXEC>  SUCCESS 6077904152.5
2024-06-15 01:54:59,637	[INFO]	15      SUCCESS               6077904152.500000 (100.33%) [1 edit(s)]  
2024-06-15 01:54:59,637	[DEBUG]	patch(15)="ParamSetting(('test.params', 'param', 'FIXEDPERIOD'), 29122)"
2024-06-15 01:55:19,593	[DEBUG]	EXEC>  SUCCESS 6157938192.5
2024-06-15 01:55:19,593	[INFO]	16      SUCCESS               6157938192.500000 (101.65%) [3 edit(s)]  
2024-06-15 01:55:19,593	[DEBUG]	patch(16)="ParamSetting(('test.params', 'param', 'LUBYFACTOR'), 57) | ParamSetting(('test.params', 'param', 'FIXEDPERIOD'), 29122) | ParamSetting(('test.params', 'param', 'VARDECAY'), 0.7860338286065351)"
2024-06-15 01:55:19,594	[INFO]	17      SUCCESS              +5988867979.000000 (98.86%) [3 edit(s)] [cached] 
2024-06-15 01:55:19,595	[DEBUG]	patch(17)="ParamSetting(('test.params', 'param', 'LUBYFACTOR'), 57) | ParamSetting(('test.params', 'param', 'FIXEDPERIOD'), 29122) | ParamSetting(('test.params', 'param', 'SIMP'), 'EXPENSIVE_SIMPLIFICATION')"
2024-06-15 01:55:19,596	[INFO]	18      SUCCESS              +5988867979.000000 (98.86%) [2 edit(s)] [cached] 
2024-06-15 01:55:19,596	[DEBUG]	patch(18)="ParamSetting(('test.params', 'param', 'LUBYFACTOR'), 57) | ParamSetting(('test.params', 'param', 'FIXEDPERIOD'), 29122)"
2024-06-15 01:55:39,596	[DEBUG]	EXEC>  SUCCESS 6176341830.0
2024-06-15 01:55:39,596	[INFO]	19      SUCCESS               6176341830.000000 (101.96%) [3 edit(s)]  
2024-06-15 01:55:39,596	[DEBUG]	patch(19)="ParamSetting(('test.params', 'param', 'LUBYFACTOR'), 57) | ParamSetting(('test.params', 'param', 'FIXEDPERIOD'), 29122) | ParamSetting(('test.params', 'param', 'SIMP'), 'SIMPLE_SIMPLIFICATION')"
2024-06-15 01:55:39,597	[INFO]	20      SUCCESS               6077904152.500000 (100.33%) [1 edit(s)] [cached] 
2024-06-15 01:55:39,598	[DEBUG]	patch(20)="ParamSetting(('test.params', 'param', 'FIXEDPERIOD'), 29122)"
2024-06-15 01:55:59,487	[DEBUG]	EXEC>  SUCCESS 6088224868.5
2024-06-15 01:55:59,487	[INFO]	21      SUCCESS               6088224868.500000 (100.50%) [3 edit(s)]  
2024-06-15 01:55:59,487	[DEBUG]	patch(21)="ParamSetting(('test.params', 'param', 'LUBYFACTOR'), 57) | ParamSetting(('test.params', 'param', 'FIXEDPERIOD'), 29122) | ParamSetting(('test.params', 'param', 'INITCONFLICTBOUND'), 93)"
2024-06-15 01:56:18,902	[DEBUG]	EXEC>  SUCCESS 6028588485.0
2024-06-15 01:56:18,902	[INFO]	22      SUCCESS               6028588485.000000 (99.52%) [3 edit(s)]  
2024-06-15 01:56:18,902	[DEBUG]	patch(22)="ParamSetting(('test.params', 'param', 'LUBYFACTOR'), 57) | ParamSetting(('test.params', 'param', 'FIXEDPERIOD'), 29122) | ParamSetting(('test.params', 'param', 'LUBYFACTOR'), 390)"
2024-06-15 01:56:38,668	[DEBUG]	EXEC>  SUCCESS 6094617808.5
2024-06-15 01:56:38,668	[INFO]	23      SUCCESS               6094617808.500000 (100.61%) [3 edit(s)]  
2024-06-15 01:56:38,669	[DEBUG]	patch(23)="ParamSetting(('test.params', 'param', 'LUBYFACTOR'), 57) | ParamSetting(('test.params', 'param', 'FIXEDPERIOD'), 29122) | ParamSetting(('test.params', 'param', 'VARDECAY'), 0.5692028019765145)"
2024-06-15 01:56:38,669	[INFO]	24      SUCCESS               6050545687.500000 (99.88%) [1 edit(s)] [cached] 
2024-06-15 01:56:38,669	[DEBUG]	patch(24)="ParamSetting(('test.params', 'param', 'LUBYFACTOR'), 57)"
2024-06-15 01:56:58,617	[DEBUG]	EXEC>  SUCCESS 6180909965.5
2024-06-15 01:56:58,617	[INFO]	25      SUCCESS               6180909965.500000 (102.03%) [3 edit(s)]  
2024-06-15 01:56:58,617	[DEBUG]	patch(25)="ParamSetting(('test.params', 'param', 'LUBYFACTOR'), 57) | ParamSetting(('test.params', 'param', 'FIXEDPERIOD'), 29122) | ParamSetting(('test.params', 'param', 'CONFLICTBOUNDINCFACTOR'), 2.1997189380969937)"
2024-06-15 01:57:18,612	[DEBUG]	EXEC>  SUCCESS 6142840716.5
2024-06-15 01:57:18,612	[INFO]	26      SUCCESS               6142840716.500000 (101.40%) [3 edit(s)]  
2024-06-15 01:57:18,612	[DEBUG]	patch(26)="ParamSetting(('test.params', 'param', 'LUBYFACTOR'), 57) | ParamSetting(('test.params', 'param', 'FIXEDPERIOD'), 29122) | ParamSetting(('test.params', 'param', 'SIMP'), 'NO_SIMPLIFICATION')"
2024-06-15 01:57:18,613	[INFO]	27      SUCCESS               6176341830.000000 (101.96%) [3 edit(s)] [cached] 
2024-06-15 01:57:18,613	[DEBUG]	patch(27)="ParamSetting(('test.params', 'param', 'LUBYFACTOR'), 57) | ParamSetting(('test.params', 'param', 'FIXEDPERIOD'), 29122) | ParamSetting(('test.params', 'param', 'SIMP'), 'SIMPLE_SIMPLIFICATION')"
2024-06-15 01:57:38,390	[DEBUG]	EXEC>  SUCCESS 6016644887.5
2024-06-15 01:57:38,390	[INFO]	28      SUCCESS               6016644887.500000 (99.32%) [3 edit(s)]  
2024-06-15 01:57:38,390	[DEBUG]	patch(28)="ParamSetting(('test.params', 'param', 'LUBYFACTOR'), 57) | ParamSetting(('test.params', 'param', 'FIXEDPERIOD'), 29122) | ParamSetting(('test.params', 'param', 'LUBYFACTOR'), 122)"
2024-06-15 01:57:58,380	[DEBUG]	EXEC>  SUCCESS 6067055141.5
2024-06-15 01:57:58,380	[INFO]	29      SUCCESS               6067055141.500000 (100.15%) [3 edit(s)]  
2024-06-15 01:57:58,380	[DEBUG]	patch(29)="ParamSetting(('test.params', 'param', 'LUBYFACTOR'), 57) | ParamSetting(('test.params', 'param', 'FIXEDPERIOD'), 29122) | ParamSetting(('test.params', 'param', 'CONFLICTBOUNDINCFACTOR'), 2.900663414754479)"
2024-06-15 01:58:18,289	[DEBUG]	EXEC>  SUCCESS 6080583665.5
2024-06-15 01:58:18,289	[INFO]	30      SUCCESS               6080583665.500000 (100.38%) [3 edit(s)]  
2024-06-15 01:58:18,289	[DEBUG]	patch(30)="ParamSetting(('test.params', 'param', 'LUBYFACTOR'), 57) | ParamSetting(('test.params', 'param', 'FIXEDPERIOD'), 29122) | ParamSetting(('test.params', 'param', 'RESTARTS'), 'LubyRestarts')"
2024-06-15 01:58:18,290	[INFO]	31      SUCCESS               6199928711.000000 (102.35%) [3 edit(s)] [cached] 
2024-06-15 01:58:18,291	[DEBUG]	patch(31)="ParamSetting(('test.params', 'param', 'LUBYFACTOR'), 57) | ParamSetting(('test.params', 'param', 'FIXEDPERIOD'), 29122) | ParamSetting(('test.params', 'param', 'CLEANING'), 'LBD')"
2024-06-15 01:58:38,280	[DEBUG]	EXEC>  SUCCESS 6143418898.5
2024-06-15 01:58:38,280	[INFO]	32      SUCCESS               6143418898.500000 (101.41%) [3 edit(s)]  
2024-06-15 01:58:38,280	[DEBUG]	patch(32)="ParamSetting(('test.params', 'param', 'LUBYFACTOR'), 57) | ParamSetting(('test.params', 'param', 'FIXEDPERIOD'), 29122) | ParamSetting(('test.params', 'param', 'VARDECAY'), 0.5149860208690634)"
2024-06-15 01:58:38,282	[INFO]	33      SUCCESS               6176341830.000000 (101.96%) [3 edit(s)] [cached] 
2024-06-15 01:58:38,282	[DEBUG]	patch(33)="ParamSetting(('test.params', 'param', 'LUBYFACTOR'), 57) | ParamSetting(('test.params', 'param', 'FIXEDPERIOD'), 29122) | ParamSetting(('test.params', 'param', 'SIMP'), 'SIMPLE_SIMPLIFICATION')"
2024-06-15 01:58:58,166	[DEBUG]	EXEC>  SUCCESS 6083285459.5
2024-06-15 01:58:58,166	[INFO]	34      SUCCESS               6083285459.500000 (100.42%) [3 edit(s)]  
2024-06-15 01:58:58,166	[DEBUG]	patch(34)="ParamSetting(('test.params', 'param', 'LUBYFACTOR'), 57) | ParamSetting(('test.params', 'param', 'FIXEDPERIOD'), 29122) | ParamSetting(('test.params', 'param', 'PHASE'), 'RSATLastLearnedClausesPhaseSelectionStrategy')"
2024-06-15 01:59:17,779	[DEBUG]	EXEC>  SUCCESS 6077185706.0
2024-06-15 01:59:17,780	[INFO]	35      SUCCESS               6077185706.000000 (100.32%) [3 edit(s)]  
2024-06-15 01:59:17,780	[DEBUG]	patch(35)="ParamSetting(('test.params', 'param', 'LUBYFACTOR'), 57) | ParamSetting(('test.params', 'param', 'FIXEDPERIOD'), 29122) | ParamSetting(('test.params', 'param', 'VARDECAY'), 0.17257228956305048)"
2024-06-15 01:59:17,781	[INFO]	36      SUCCESS              +5988867979.000000 (98.86%) [3 edit(s)] [cached] 
2024-06-15 01:59:17,781	[DEBUG]	patch(36)="ParamSetting(('test.params', 'param', 'LUBYFACTOR'), 57) | ParamSetting(('test.params', 'param', 'FIXEDPERIOD'), 29122) | ParamSetting(('test.params', 'param', 'SIMP'), 'EXPENSIVE_SIMPLIFICATION')"
2024-06-15 01:59:17,782	[INFO]	37      SUCCESS              +5988867979.000000 (98.86%) [4 edit(s)] [cached] 
2024-06-15 01:59:17,782	[DEBUG]	patch(37)="ParamSetting(('test.params', 'param', 'LUBYFACTOR'), 57) | ParamSetting(('test.params', 'param', 'FIXEDPERIOD'), 29122) | ParamSetting(('test.params', 'param', 'SIMP'), 'EXPENSIVE_SIMPLIFICATION') | ParamSetting(('test.params', 'param', 'RESTARTS'), 'Glucose21Restarts')"
2024-06-15 01:59:17,783	[INFO]	38      SUCCESS               6142840716.500000 (101.40%) [5 edit(s)] [cached] 
2024-06-15 01:59:17,783	[DEBUG]	patch(38)="ParamSetting(('test.params', 'param', 'LUBYFACTOR'), 57) | ParamSetting(('test.params', 'param', 'FIXEDPERIOD'), 29122) | ParamSetting(('test.params', 'param', 'SIMP'), 'EXPENSIVE_SIMPLIFICATION') | ParamSetting(('test.params', 'param', 'RESTARTS'), 'Glucose21Restarts') | ParamSetting(('test.params', 'param', 'SIMP'), 'NO_SIMPLIFICATION')"
2024-06-15 01:59:17,783	[INFO]	39      SUCCESS              +5988867979.000000 (98.86%) [3 edit(s)] [cached] 
2024-06-15 01:59:17,784	[DEBUG]	patch(39)="ParamSetting(('test.params', 'param', 'LUBYFACTOR'), 57) | ParamSetting(('test.params', 'param', 'FIXEDPERIOD'), 29122) | ParamSetting(('test.params', 'param', 'RESTARTS'), 'Glucose21Restarts')"
2024-06-15 01:59:17,784	[INFO]	40      SUCCESS               6077904152.500000 (100.33%) [2 edit(s)] [cached] 
2024-06-15 01:59:17,784	[DEBUG]	patch(40)="ParamSetting(('test.params', 'param', 'FIXEDPERIOD'), 29122) | ParamSetting(('test.params', 'param', 'RESTARTS'), 'Glucose21Restarts')"
2024-06-15 01:59:37,746	[DEBUG]	EXEC>  SUCCESS 6074755851.0
2024-06-15 01:59:37,746	[INFO]	41      SUCCESS               6074755851.000000 (100.28%) [4 edit(s)]  
2024-06-15 01:59:37,746	[DEBUG]	patch(41)="ParamSetting(('test.params', 'param', 'LUBYFACTOR'), 57) | ParamSetting(('test.params', 'param', 'FIXEDPERIOD'), 29122) | ParamSetting(('test.params', 'param', 'RESTARTS'), 'Glucose21Restarts') | ParamSetting(('test.params', 'param', 'INITCONFLICTBOUND'), 145)"
2024-06-15 01:59:57,627	[DEBUG]	EXEC>  SUCCESS 6074169297.0
2024-06-15 01:59:57,627	[INFO]	42      SUCCESS               6074169297.000000 (100.27%) [4 edit(s)]  
2024-06-15 01:59:57,627	[DEBUG]	patch(42)="ParamSetting(('test.params', 'param', 'LUBYFACTOR'), 57) | ParamSetting(('test.params', 'param', 'FIXEDPERIOD'), 29122) | ParamSetting(('test.params', 'param', 'RESTARTS'), 'Glucose21Restarts') | ParamSetting(('test.params', 'param', 'INITCONFLICTBOUND'), 27)"
2024-06-15 02:00:17,576	[DEBUG]	EXEC>  SUCCESS 6144996557.5
2024-06-15 02:00:17,576	[INFO]	43      SUCCESS               6144996557.500000 (101.44%) [4 edit(s)]  
2024-06-15 02:00:17,576	[DEBUG]	patch(43)="ParamSetting(('test.params', 'param', 'LUBYFACTOR'), 57) | ParamSetting(('test.params', 'param', 'FIXEDPERIOD'), 29122) | ParamSetting(('test.params', 'param', 'RESTARTS'), 'Glucose21Restarts') | ParamSetting(('test.params', 'param', 'INITCONFLICTBOUND'), 149)"
2024-06-15 02:00:37,634	[DEBUG]	EXEC>  SUCCESS 6127305201.5
2024-06-15 02:00:37,635	[INFO]	44      SUCCESS               6127305201.500000 (101.15%) [4 edit(s)]  
2024-06-15 02:00:37,635	[DEBUG]	patch(44)="ParamSetting(('test.params', 'param', 'LUBYFACTOR'), 57) | ParamSetting(('test.params', 'param', 'FIXEDPERIOD'), 29122) | ParamSetting(('test.params', 'param', 'RESTARTS'), 'Glucose21Restarts') | ParamSetting(('test.params', 'param', 'CLADECAY'), 0.6860738801211691)"
2024-06-15 02:00:37,636	[INFO]	45      SUCCESS               6050545687.500000 (99.88%) [2 edit(s)] [cached] 
2024-06-15 02:00:37,636	[DEBUG]	patch(45)="ParamSetting(('test.params', 'param', 'LUBYFACTOR'), 57) | ParamSetting(('test.params', 'param', 'RESTARTS'), 'Glucose21Restarts')"
2024-06-15 02:00:57,655	[DEBUG]	EXEC>  SUCCESS 6231299081.5
2024-06-15 02:00:57,656	[INFO]	46      SUCCESS               6231299081.500000 (102.86%) [4 edit(s)]  
2024-06-15 02:00:57,656	[DEBUG]	patch(46)="ParamSetting(('test.params', 'param', 'LUBYFACTOR'), 57) | ParamSetting(('test.params', 'param', 'FIXEDPERIOD'), 29122) | ParamSetting(('test.params', 'param', 'RESTARTS'), 'Glucose21Restarts') | ParamSetting(('test.params', 'param', 'RESTARTS'), 'NoRestarts')"
2024-06-15 02:01:17,509	[DEBUG]	EXEC>  SUCCESS 6133169182.0
2024-06-15 02:01:17,509	[INFO]	47      SUCCESS               6133169182.000000 (101.24%) [4 edit(s)]  
2024-06-15 02:01:17,509	[DEBUG]	patch(47)="ParamSetting(('test.params', 'param', 'LUBYFACTOR'), 57) | ParamSetting(('test.params', 'param', 'FIXEDPERIOD'), 29122) | ParamSetting(('test.params', 'param', 'RESTARTS'), 'Glucose21Restarts') | ParamSetting(('test.params', 'param', 'LUBYFACTOR'), 24)"
2024-06-15 02:01:17,511	[INFO]	48      SUCCESS              +5988867979.000000 (98.86%) [2 edit(s)] [cached] 
2024-06-15 02:01:17,511	[DEBUG]	patch(48)="ParamSetting(('test.params', 'param', 'LUBYFACTOR'), 57) | ParamSetting(('test.params', 'param', 'FIXEDPERIOD'), 29122)"
2024-06-15 02:01:37,550	[DEBUG]	EXEC>  SUCCESS 6172832026.5
2024-06-15 02:01:37,550	[INFO]	49      SUCCESS               6172832026.500000 (101.90%) [3 edit(s)]  
2024-06-15 02:01:37,550	[DEBUG]	patch(49)="ParamSetting(('test.params', 'param', 'LUBYFACTOR'), 57) | ParamSetting(('test.params', 'param', 'FIXEDPERIOD'), 29122) | ParamSetting(('test.params', 'param', 'RESTARTS'), 'FixedPeriodRestarts')"
2024-06-15 02:01:57,256	[DEBUG]	EXEC>  SUCCESS 6102968648.5
2024-06-15 02:01:57,257	[INFO]	50      SUCCESS               6102968648.500000 (100.75%) [3 edit(s)]  
2024-06-15 02:01:57,257	[DEBUG]	patch(50)="ParamSetting(('test.params', 'param', 'LUBYFACTOR'), 57) | ParamSetting(('test.params', 'param', 'FIXEDPERIOD'), 29122) | ParamSetting(('test.params', 'param', 'VARDECAY'), 0.23937705463080805)"
2024-06-15 02:01:57,257	[INFO]	51      SUCCESS               6050545687.500000 (99.88%) [1 edit(s)] [cached] 
2024-06-15 02:01:57,257	[DEBUG]	patch(51)="ParamSetting(('test.params', 'param', 'LUBYFACTOR'), 57)"
2024-06-15 02:01:57,262	[INFO]	52      SUCCESS               6077904152.500000 (100.33%) [1 edit(s)] [cached] 
2024-06-15 02:01:57,262	[DEBUG]	patch(52)="ParamSetting(('test.params', 'param', 'FIXEDPERIOD'), 29122)"
2024-06-15 02:01:57,262	[INFO]	53      SUCCESS               6199928711.000000 (102.35%) [3 edit(s)] [cached] 
2024-06-15 02:01:57,262	[DEBUG]	patch(53)="ParamSetting(('test.params', 'param', 'LUBYFACTOR'), 57) | ParamSetting(('test.params', 'param', 'FIXEDPERIOD'), 29122) | ParamSetting(('test.params', 'param', 'CLEANING'), 'LBD')"
2024-06-15 02:02:17,190	[DEBUG]	EXEC>  SUCCESS 6141735188.0
2024-06-15 02:02:17,190	[INFO]	54      SUCCESS               6141735188.000000 (101.39%) [3 edit(s)]  
2024-06-15 02:02:17,190	[DEBUG]	patch(54)="ParamSetting(('test.params', 'param', 'LUBYFACTOR'), 57) | ParamSetting(('test.params', 'param', 'FIXEDPERIOD'), 29122) | ParamSetting(('test.params', 'param', 'VARDECAY'), 0.7804141398603245)"
2024-06-15 02:02:37,188	[DEBUG]	EXEC>  SUCCESS 6063456797.5
2024-06-15 02:02:37,188	[INFO]	55      SUCCESS               6063456797.500000 (100.09%) [3 edit(s)]  
2024-06-15 02:02:37,188	[DEBUG]	patch(55)="ParamSetting(('test.params', 'param', 'LUBYFACTOR'), 57) | ParamSetting(('test.params', 'param', 'FIXEDPERIOD'), 29122) | ParamSetting(('test.params', 'param', 'FIXEDPERIOD'), 3510)"
2024-06-15 02:02:37,189	[INFO]	56      SUCCESS               6083285459.500000 (100.42%) [3 edit(s)] [cached] 
2024-06-15 02:02:37,189	[DEBUG]	patch(56)="ParamSetting(('test.params', 'param', 'LUBYFACTOR'), 57) | ParamSetting(('test.params', 'param', 'FIXEDPERIOD'), 29122) | ParamSetting(('test.params', 'param', 'PHASE'), 'RSATLastLearnedClausesPhaseSelectionStrategy')"
2024-06-15 02:02:56,774	[DEBUG]	EXEC>  SUCCESS 6084564195.5
2024-06-15 02:02:56,774	[INFO]	57      SUCCESS               6084564195.500000 (100.44%) [3 edit(s)]  
2024-06-15 02:02:56,774	[DEBUG]	patch(57)="ParamSetting(('test.params', 'param', 'LUBYFACTOR'), 57) | ParamSetting(('test.params', 'param', 'FIXEDPERIOD'), 29122) | ParamSetting(('test.params', 'param', 'LUBYFACTOR'), 129)"
2024-06-15 02:03:16,587	[DEBUG]	EXEC>  SUCCESS 6174201659.5
2024-06-15 02:03:16,587	[INFO]	58      SUCCESS               6174201659.500000 (101.92%) [3 edit(s)]  
2024-06-15 02:03:16,587	[DEBUG]	patch(58)="ParamSetting(('test.params', 'param', 'LUBYFACTOR'), 57) | ParamSetting(('test.params', 'param', 'FIXEDPERIOD'), 29122) | ParamSetting(('test.params', 'param', 'INITCONFLICTBOUND'), 5)"
2024-06-15 02:03:36,440	[DEBUG]	EXEC>  SUCCESS 5991937263.5
2024-06-15 02:03:36,440	[INFO]	59      SUCCESS               5991937263.500000 (98.91%) [3 edit(s)]  
2024-06-15 02:03:36,440	[DEBUG]	patch(59)="ParamSetting(('test.params', 'param', 'LUBYFACTOR'), 57) | ParamSetting(('test.params', 'param', 'FIXEDPERIOD'), 29122) | ParamSetting(('test.params', 'param', 'PHASE'), 'NegativeLiteralSelectionStrategy')"
2024-06-15 02:03:56,281	[DEBUG]	EXEC>  SUCCESS 6092199350.0
2024-06-15 02:03:56,281	[INFO]	60      SUCCESS               6092199350.000000 (100.57%) [3 edit(s)]  
2024-06-15 02:03:56,281	[DEBUG]	patch(60)="ParamSetting(('test.params', 'param', 'LUBYFACTOR'), 57) | ParamSetting(('test.params', 'param', 'FIXEDPERIOD'), 29122) | ParamSetting(('test.params', 'param', 'INITCONFLICTBOUND'), 246)"
2024-06-15 02:04:16,026	[DEBUG]	EXEC>  SUCCESS 6075727372.0
2024-06-15 02:04:16,026	[INFO]	61      SUCCESS               6075727372.000000 (100.30%) [3 edit(s)]  
2024-06-15 02:04:16,026	[DEBUG]	patch(61)="ParamSetting(('test.params', 'param', 'LUBYFACTOR'), 57) | ParamSetting(('test.params', 'param', 'FIXEDPERIOD'), 29122) | ParamSetting(('test.params', 'param', 'LUBYFACTOR'), 83)"
2024-06-15 02:04:16,027	[INFO]	62      SUCCESS               6231299081.500000 (102.86%) [3 edit(s)] [cached] 
2024-06-15 02:04:16,027	[DEBUG]	patch(62)="ParamSetting(('test.params', 'param', 'LUBYFACTOR'), 57) | ParamSetting(('test.params', 'param', 'FIXEDPERIOD'), 29122) | ParamSetting(('test.params', 'param', 'RESTARTS'), 'NoRestarts')"
2024-06-15 02:04:35,724	[DEBUG]	EXEC>  SUCCESS 6046877370.0
2024-06-15 02:04:35,724	[INFO]	63      SUCCESS               6046877370.000000 (99.82%) [3 edit(s)]  
2024-06-15 02:04:35,725	[DEBUG]	patch(63)="ParamSetting(('test.params', 'param', 'LUBYFACTOR'), 57) | ParamSetting(('test.params', 'param', 'FIXEDPERIOD'), 29122) | ParamSetting(('test.params', 'param', 'VARDECAY'), 0.699047070889967)"
2024-06-15 02:04:55,477	[DEBUG]	EXEC>  SUCCESS 6030524655.0
2024-06-15 02:04:55,477	[INFO]	64      SUCCESS               6030524655.000000 (99.55%) [3 edit(s)]  
2024-06-15 02:04:55,477	[DEBUG]	patch(64)="ParamSetting(('test.params', 'param', 'LUBYFACTOR'), 57) | ParamSetting(('test.params', 'param', 'FIXEDPERIOD'), 29122) | ParamSetting(('test.params', 'param', 'CLEANING'), 'ACTIVITY')"
2024-06-15 02:04:55,478	[INFO]	65      SUCCESS              +5988867979.000000 (98.86%) [3 edit(s)] [cached] 
2024-06-15 02:04:55,478	[DEBUG]	patch(65)="ParamSetting(('test.params', 'param', 'LUBYFACTOR'), 57) | ParamSetting(('test.params', 'param', 'FIXEDPERIOD'), 29122) | ParamSetting(('test.params', 'param', 'SIMP'), 'EXPENSIVE_SIMPLIFICATION')"
2024-06-15 02:04:55,479	[INFO]	66      SUCCESS              +5988867979.000000 (98.86%) [2 edit(s)] [cached] 
2024-06-15 02:04:55,479	[DEBUG]	patch(66)="ParamSetting(('test.params', 'param', 'LUBYFACTOR'), 57) | ParamSetting(('test.params', 'param', 'FIXEDPERIOD'), 29122)"
2024-06-15 02:05:15,194	[DEBUG]	EXEC>  SUCCESS 6066541488.5
2024-06-15 02:05:15,194	[INFO]	67      SUCCESS               6066541488.500000 (100.14%) [3 edit(s)]  
2024-06-15 02:05:15,194	[DEBUG]	patch(67)="ParamSetting(('test.params', 'param', 'LUBYFACTOR'), 57) | ParamSetting(('test.params', 'param', 'FIXEDPERIOD'), 29122) | ParamSetting(('test.params', 'param', 'INITCONFLICTBOUND'), 58)"
2024-06-15 02:05:15,195	[INFO]	68      SUCCESS               6050545687.500000 (99.88%) [1 edit(s)] [cached] 
2024-06-15 02:05:15,195	[DEBUG]	patch(68)="ParamSetting(('test.params', 'param', 'LUBYFACTOR'), 57)"
2024-06-15 02:05:15,195	[INFO]	69      SUCCESS              +5988867979.000000 (98.86%) [3 edit(s)] [cached] 
2024-06-15 02:05:15,195	[DEBUG]	patch(69)="ParamSetting(('test.params', 'param', 'LUBYFACTOR'), 57) | ParamSetting(('test.params', 'param', 'FIXEDPERIOD'), 29122) | ParamSetting(('test.params', 'param', 'LUBYFACTOR'), 57)"
2024-06-15 02:05:15,195	[INFO]	70      SUCCESS              +5988867979.000000 (98.86%) [2 edit(s)] [cached] 
2024-06-15 02:05:15,196	[DEBUG]	patch(70)="ParamSetting(('test.params', 'param', 'FIXEDPERIOD'), 29122) | ParamSetting(('test.params', 'param', 'LUBYFACTOR'), 57)"
2024-06-15 02:05:34,948	[DEBUG]	EXEC>  SUCCESS 6134834987.5
2024-06-15 02:05:34,948	[INFO]	71      SUCCESS               6134834987.500000 (101.27%) [3 edit(s)]  
2024-06-15 02:05:34,948	[DEBUG]	patch(71)="ParamSetting(('test.params', 'param', 'FIXEDPERIOD'), 29122) | ParamSetting(('test.params', 'param', 'LUBYFACTOR'), 57) | ParamSetting(('test.params', 'param', 'LUBYFACTOR'), 351)"
2024-06-15 02:05:34,949	[INFO]	72      SUCCESS               6050545687.500000 (99.88%) [1 edit(s)] [cached] 
2024-06-15 02:05:34,949	[DEBUG]	patch(72)="ParamSetting(('test.params', 'param', 'LUBYFACTOR'), 57)"
2024-06-15 02:05:54,819	[DEBUG]	EXEC>  SUCCESS 6098625592.5
2024-06-15 02:05:54,820	[INFO]	73      SUCCESS               6098625592.500000 (100.67%) [3 edit(s)]  
2024-06-15 02:05:54,820	[DEBUG]	patch(73)="ParamSetting(('test.params', 'param', 'FIXEDPERIOD'), 29122) | ParamSetting(('test.params', 'param', 'LUBYFACTOR'), 57) | ParamSetting(('test.params', 'param', 'RESTARTS'), 'MiniSATRestarts')"
2024-06-15 02:06:14,681	[DEBUG]	EXEC>  SUCCESS 6083808260.0
2024-06-15 02:06:14,681	[INFO]	74      SUCCESS               6083808260.000000 (100.43%) [3 edit(s)]  
2024-06-15 02:06:14,682	[DEBUG]	patch(74)="ParamSetting(('test.params', 'param', 'FIXEDPERIOD'), 29122) | ParamSetting(('test.params', 'param', 'LUBYFACTOR'), 57) | ParamSetting(('test.params', 'param', 'PHASE'), 'PositiveLiteralSelectionStrategy')"
2024-06-15 02:06:14,683	[INFO]	75      SUCCESS               6142840716.500000 (101.40%) [3 edit(s)] [cached] 
2024-06-15 02:06:14,683	[DEBUG]	patch(75)="ParamSetting(('test.params', 'param', 'FIXEDPERIOD'), 29122) | ParamSetting(('test.params', 'param', 'LUBYFACTOR'), 57) | ParamSetting(('test.params', 'param', 'SIMP'), 'NO_SIMPLIFICATION')"
2024-06-15 02:06:14,684	[INFO]	76      SUCCESS               6077904152.500000 (100.33%) [1 edit(s)] [cached] 
2024-06-15 02:06:14,684	[DEBUG]	patch(76)="ParamSetting(('test.params', 'param', 'FIXEDPERIOD'), 29122)"
2024-06-15 02:06:14,684	[INFO]	77      SUCCESS               6176341830.000000 (101.96%) [3 edit(s)] [cached] 
2024-06-15 02:06:14,684	[DEBUG]	patch(77)="ParamSetting(('test.params', 'param', 'FIXEDPERIOD'), 29122) | ParamSetting(('test.params', 'param', 'LUBYFACTOR'), 57) | ParamSetting(('test.params', 'param', 'SIMP'), 'SIMPLE_SIMPLIFICATION')"
2024-06-15 02:06:34,650	[DEBUG]	EXEC>  SUCCESS 6137442358.5
2024-06-15 02:06:34,650	[INFO]	78      SUCCESS               6137442358.500000 (101.31%) [3 edit(s)]  
2024-06-15 02:06:34,651	[DEBUG]	patch(78)="ParamSetting(('test.params', 'param', 'FIXEDPERIOD'), 29122) | ParamSetting(('test.params', 'param', 'LUBYFACTOR'), 57) | ParamSetting(('test.params', 'param', 'VARDECAY'), 0.05165566481186601)"
2024-06-15 02:06:34,652	[INFO]	79      SUCCESS               6199928711.000000 (102.35%) [3 edit(s)] [cached] 
2024-06-15 02:06:34,652	[DEBUG]	patch(79)="ParamSetting(('test.params', 'param', 'FIXEDPERIOD'), 29122) | ParamSetting(('test.params', 'param', 'LUBYFACTOR'), 57) | ParamSetting(('test.params', 'param', 'CLEANING'), 'LBD')"
2024-06-15 02:06:54,634	[DEBUG]	EXEC>  SUCCESS 6105421689.5
2024-06-15 02:06:54,634	[INFO]	80      SUCCESS               6105421689.500000 (100.79%) [3 edit(s)]  
2024-06-15 02:06:54,635	[DEBUG]	patch(80)="ParamSetting(('test.params', 'param', 'FIXEDPERIOD'), 29122) | ParamSetting(('test.params', 'param', 'LUBYFACTOR'), 57) | ParamSetting(('test.params', 'param', 'CONFLICTBOUNDINCFACTOR'), 3.0700680233601982)"
2024-06-15 02:07:14,169	[DEBUG]	EXEC>  SUCCESS 6085271299.5
2024-06-15 02:07:14,169	[INFO]	81      SUCCESS               6085271299.500000 (100.45%) [3 edit(s)]  
2024-06-15 02:07:14,169	[DEBUG]	patch(81)="ParamSetting(('test.params', 'param', 'FIXEDPERIOD'), 29122) | ParamSetting(('test.params', 'param', 'LUBYFACTOR'), 57) | ParamSetting(('test.params', 'param', 'FIXEDPERIOD'), 21400)"
2024-06-15 02:07:34,113	[DEBUG]	EXEC>  SUCCESS 6134582854.5
2024-06-15 02:07:34,114	[INFO]	82      SUCCESS               6134582854.500000 (101.27%) [3 edit(s)]  
2024-06-15 02:07:34,114	[DEBUG]	patch(82)="ParamSetting(('test.params', 'param', 'FIXEDPERIOD'), 29122) | ParamSetting(('test.params', 'param', 'LUBYFACTOR'), 57) | ParamSetting(('test.params', 'param', 'CLADECAY'), 0.30427888666434844)"
2024-06-15 02:07:54,133	[DEBUG]	EXEC>  SUCCESS 6046484745.0
2024-06-15 02:07:54,134	[INFO]	83      SUCCESS               6046484745.000000 (99.81%) [3 edit(s)]  
2024-06-15 02:07:54,134	[DEBUG]	patch(83)="ParamSetting(('test.params', 'param', 'FIXEDPERIOD'), 29122) | ParamSetting(('test.params', 'param', 'LUBYFACTOR'), 57) | ParamSetting(('test.params', 'param', 'CONFLICTBOUNDINCFACTOR'), 3.0998979241930087)"
2024-06-15 02:08:13,986	[DEBUG]	EXEC>  SUCCESS 6071486524.0
2024-06-15 02:08:13,986	[INFO]	84      SUCCESS               6071486524.000000 (100.23%) [3 edit(s)]  
2024-06-15 02:08:13,987	[DEBUG]	patch(84)="ParamSetting(('test.params', 'param', 'FIXEDPERIOD'), 29122) | ParamSetting(('test.params', 'param', 'LUBYFACTOR'), 57) | ParamSetting(('test.params', 'param', 'CONFLICTBOUNDINCFACTOR'), 1.9560328212897184)"
2024-06-15 02:08:33,998	[DEBUG]	EXEC>  SUCCESS 6196323531.0
2024-06-15 02:08:33,998	[INFO]	85      SUCCESS               6196323531.000000 (102.29%) [3 edit(s)]  
2024-06-15 02:08:33,999	[DEBUG]	patch(85)="ParamSetting(('test.params', 'param', 'FIXEDPERIOD'), 29122) | ParamSetting(('test.params', 'param', 'LUBYFACTOR'), 57) | ParamSetting(('test.params', 'param', 'CLADECAY'), 0.8031624873699686)"
2024-06-15 02:08:34,000	[INFO]	~~~~ END ~~~~
2024-06-15 02:08:34,000	[INFO]	
2024-06-15 02:08:34,000	[INFO]	==== REPORT ====
2024-06-15 02:08:34,000	[INFO]	Termination: time budget
2024-06-15 02:08:34,000	[INFO]	Retries: 2
2024-06-15 02:08:34,000	[INFO]	Log file: /home/jim/magpie/_magpie_logs/sat4j_1718412633.log
2024-06-15 02:08:34,000	[INFO]	Patch file: _magpie_logs/sat4j_1718412633.patch
2024-06-15 02:08:34,000	[INFO]	Diff file: _magpie_logs/sat4j_1718412633.diff
2024-06-15 02:08:34,000	[INFO]	Reference fitness: 6057822170.500000
2024-06-15 02:08:34,001	[INFO]	Best fitness: 5988867979.000000
2024-06-15 02:08:34,001	[INFO]	
2024-06-15 02:08:34,002	[INFO]	==== BEST PATCH ====
ParamSetting(('test.params', 'param', 'LUBYFACTOR'), 57) | ParamSetting(('test.params', 'param', 'FIXEDPERIOD'), 29122)
2024-06-15 02:08:34,002	[INFO]	
2024-06-15 02:08:34,002	[INFO]	==== DIFF ====
[1m--- before: test.params[0m
[1m+++ after: test.params[0m
[36m@@ -1,6 +1,6 @@[0m
 RESTARTS := 'Glucose21Restarts'
[31m-LUBYFACTOR := 512[0m
[31m-FIXEDPERIOD := 100[0m
[32m+LUBYFACTOR := 57[0m
[32m+FIXEDPERIOD := 29122[0m
 PHASE := 'RSATPhaseSelectionStrategy'
 CLADECAY := 0.999
 INITCONFLICTBOUND := 100

