2024-06-05 15:00:17,599	[DEBUG]	==== CONFIG ====
[magpie]
import = 
seed = 3385889714979178
log_dir = _magpie_logs
work_dir = _magpie_work
local_original_copy = False
local_original_name = __original__
output_encoding = ascii
edit_retries = 10
default_timeout = 30
default_lengthout = 10000.0
diff_method = unified
trust_local_filesystem = True

[magpie.log]
color_output = True
format_info = {counter:<7} {status:<20} {best}{fitness} ({ratio}) [{size}] {cached} {log}
format_debug = patch({counter})="{patch}"{diffifbest}
format_fitness = {:.6f}
format_ratio = {:.2%%}
format_patchif = 
	 --> {patch}
format_diffif = 
	{diff}

[software]
path = examples/triangle-c
target_files = 
	triangle.c.xml
software = BasicSoftware
model_rules = 
	*.params : ParamFileConfigModel
	*.xml : SrcmlModel
	* : LineModel
model_config = 
	*.params : [paramconfig]
	*.xml : [srcml]
init_cmd = bash init_slow.sh
init_timeout = 60
init_lengthout = -1
setup_cmd = 
setup_timeout = 
setup_lengthout = 
compile_cmd = make test_triangle run_triangle
compile_timeout = 
compile_lengthout = 
test_cmd = ./test_triangle
test_timeout = 
test_lengthout = 
run_cmd = perf stat -e cycles ./run_triangle
run_timeout = 10
run_lengthout = 
retries = 1
batch_timeout = 
batch_lengthout = 
batch_bin_fitness_strategy = aggregate
batch_fitness_strategy = sum
fitness = perf_cycles

[srcml]
rename = 
	stmt: break continue decl_stmt do expr_stmt for goto if return switch while
	number: literal_number
focus = block stmt operator_comp operator_arith number
internodes = block
process_pseudo_blocks = True
process_literals = True
process_operators = True

[paramconfig]
timing = test run
cli_prefix = --
cli_glue = =
cli_boolean = show
cli_boolean_prefix_true = 
cli_boolean_prefix_false = no-
cli_none = hide
silent_prefix = @
silent_suffix = $

[search]
protocol = BasicProtocol
algorithm = FirstImprovement
possible_edits = 
	SrcmlStmtReplacement
	SrcmlStmtInsertion
	SrcmlStmtDeletion
warmup = 3
warmup_strategy = last
max_steps = 1000
max_time = 10
target_fitness = 
cache_maxsize = 100
cache_keep = 0.2
batch_instances = 
batch_shuffle = True
batch_bin_shuffle = False
batch_sample_size = 1

[search.ls]
delete_prob = 0.5
max_neighbours = 
when_trapped = continue
accept_fail = False
tabu_length = 10

[search.gp]
pop_size = 10
delete_prob = 0.5
offspring_elitism = 0.1
offspring_crossover = 0.5
offspring_mutation = 0.4
uniform_rate = 0.5
batch_reset = True

[search.minify]
do_cleanup = True
do_rebuild = True
do_simplify = True
round_robin_limit = 3


2024-06-05 15:00:17,599	[DEBUG]	
2024-06-05 15:00:17,599	[INFO]	==== SEARCH: FirstImprovement ====
2024-06-05 15:00:17,599	[INFO]	~~~~ WARMUP ~~~~
2024-06-05 15:00:17,942	[DEBUG]	EXEC>  SUCCESS 2113377.0
2024-06-05 15:00:17,942	[INFO]	WARM    SUCCESS               2113377.000000 (--) [0 edit(s)]  
2024-06-05 15:00:18,318	[DEBUG]	EXEC>  SUCCESS 1992034.0
2024-06-05 15:00:18,318	[INFO]	WARM    SUCCESS               1992034.000000 (--) [0 edit(s)]  
2024-06-05 15:00:18,606	[DEBUG]	EXEC>  SUCCESS 2131731.0
2024-06-05 15:00:18,606	[INFO]	WARM    SUCCESS               2131731.000000 (--) [0 edit(s)]  
2024-06-05 15:00:18,606	[INFO]	REF     SUCCESS               2131731.000000 (--) [0 edit(s)]  
2024-06-05 15:00:18,606	[INFO]	
2024-06-05 15:00:18,607	[INFO]	~~~~ START ~~~~
2024-06-05 15:00:18,637	[INFO]	1       COMPILE_CODE_ERROR    None (--) [1 edit(s)]  
2024-06-05 15:00:18,637	[DEBUG]	patch(1)="SrcmlStmtInsertion(('triangle.c.xml', '_inter_block', 7), ('triangle.c.xml', 'stmt', 18))"
2024-06-05 15:00:18,904	[DEBUG]	EXEC>  SUCCESS 2100249.0
2024-06-05 15:00:18,905	[INFO]	2       SUCCESS              *2100249.000000 (98.52%) [1 edit(s)]  
2024-06-05 15:00:18,905	[DEBUG]	patch(2)="SrcmlStmtInsertion(('triangle.c.xml', '_inter_block', 33), ('triangle.c.xml', 'stmt', 7))"
--- before: triangle.c
+++ after: triangle.c
@@ -36,6 +36,7 @@
   if(a == b && b == c)/*auto*/{
    
     return EQUILATERAL;
+    b = tmp;
   }/*auto*/
   if(a == b || b == c)/*auto*/{
    

2024-06-05 15:00:19,063	[INFO]	3       TEST_CODE_ERROR       None (--) [2 edit(s)]  
2024-06-05 15:00:19,063	[DEBUG]	patch(3)="SrcmlStmtInsertion(('triangle.c.xml', '_inter_block', 33), ('triangle.c.xml', 'stmt', 7)) | SrcmlStmtReplacement(('triangle.c.xml', 'stmt', 8), ('triangle.c.xml', 'stmt', 11))"
2024-06-05 15:00:19,064	[INFO]	4       SUCCESS               2131731.000000 (100.00%) [0 edit(s)] [cached] 
2024-06-05 15:00:19,064	[DEBUG]	patch(4)=""
2024-06-05 15:00:19,231	[INFO]	5       TEST_CODE_ERROR       None (--) [2 edit(s)]  
2024-06-05 15:00:19,231	[DEBUG]	patch(5)="SrcmlStmtInsertion(('triangle.c.xml', '_inter_block', 33), ('triangle.c.xml', 'stmt', 7)) | SrcmlStmtReplacement(('triangle.c.xml', 'stmt', 11), ('triangle.c.xml', 'stmt', 9))"
2024-06-05 15:00:19,386	[INFO]	6       TEST_CODE_ERROR       None (--) [2 edit(s)]  
2024-06-05 15:00:19,386	[DEBUG]	patch(6)="SrcmlStmtInsertion(('triangle.c.xml', '_inter_block', 33), ('triangle.c.xml', 'stmt', 7)) | SrcmlStmtReplacement(('triangle.c.xml', 'stmt', 8), ('triangle.c.xml', 'stmt', 6))"
2024-06-05 15:00:19,580	[INFO]	7       TEST_CODE_ERROR       None (--) [2 edit(s)]  
2024-06-05 15:00:19,581	[DEBUG]	patch(7)="SrcmlStmtInsertion(('triangle.c.xml', '_inter_block', 33), ('triangle.c.xml', 'stmt', 7)) | SrcmlStmtReplacement(('triangle.c.xml', 'stmt', 5), ('triangle.c.xml', 'stmt', 13))"
2024-06-05 15:00:19,582	[INFO]	8       TEST_CODE_ERROR       None (--) [2 edit(s)] [cached] 
2024-06-05 15:00:19,582	[DEBUG]	patch(8)="SrcmlStmtInsertion(('triangle.c.xml', '_inter_block', 33), ('triangle.c.xml', 'stmt', 7)) | SrcmlStmtReplacement(('triangle.c.xml', 'stmt', 11), ('triangle.c.xml', 'stmt', 9))"
2024-06-05 15:00:19,745	[INFO]	9       TEST_CODE_ERROR       None (--) [2 edit(s)]  
2024-06-05 15:00:19,745	[DEBUG]	patch(9)="SrcmlStmtInsertion(('triangle.c.xml', '_inter_block', 33), ('triangle.c.xml', 'stmt', 7)) | SrcmlStmtDeletion(('triangle.c.xml', 'stmt', 6))"
2024-06-05 15:00:20,049	[DEBUG]	EXEC>  SUCCESS 2459941.0
2024-06-05 15:00:20,050	[INFO]	10      SUCCESS               2459941.000000 (115.40%) [2 edit(s)]  
2024-06-05 15:00:20,050	[DEBUG]	patch(10)="SrcmlStmtInsertion(('triangle.c.xml', '_inter_block', 33), ('triangle.c.xml', 'stmt', 7)) | SrcmlStmtInsertion(('triangle.c.xml', '_inter_block', 32), ('triangle.c.xml', 'stmt', 4))"
2024-06-05 15:00:20,205	[INFO]	11      TEST_CODE_ERROR       None (--) [2 edit(s)]  
2024-06-05 15:00:20,205	[DEBUG]	patch(11)="SrcmlStmtInsertion(('triangle.c.xml', '_inter_block', 33), ('triangle.c.xml', 'stmt', 7)) | SrcmlStmtInsertion(('triangle.c.xml', '_inter_block', 12), ('triangle.c.xml', 'stmt', 7))"
2024-06-05 15:00:20,382	[DEBUG]	EXEC>  SUCCESS 935514.0
2024-06-05 15:00:20,382	[INFO]	12      SUCCESS              *935514.000000 (43.89%) [2 edit(s)]  
2024-06-05 15:00:20,382	[DEBUG]	patch(12)="SrcmlStmtInsertion(('triangle.c.xml', '_inter_block', 33), ('triangle.c.xml', 'stmt', 7)) | SrcmlStmtDeletion(('triangle.c.xml', 'stmt', 3))"
--- before: triangle.c
+++ after: triangle.c
@@ -8,7 +8,7 @@
 int classify_triangle(double a, double b, double c) {
   double tmp;
 
-  delay();
+  
 
   // Sort the sides so that a <= b <= c
   if(a > b) {
@@ -36,6 +36,7 @@
   if(a == b && b == c)/*auto*/{
    
     return EQUILATERAL;
+    b = tmp;
   }/*auto*/
   if(a == b || b == c)/*auto*/{
    

2024-06-05 15:00:20,383	[INFO]	13      SUCCESS               2100249.000000 (98.52%) [1 edit(s)] [cached] 
2024-06-05 15:00:20,383	[DEBUG]	patch(13)="SrcmlStmtInsertion(('triangle.c.xml', '_inter_block', 33), ('triangle.c.xml', 'stmt', 7))"
2024-06-05 15:00:20,542	[INFO]	14      TEST_CODE_ERROR       None (--) [3 edit(s)]  
2024-06-05 15:00:20,542	[DEBUG]	patch(14)="SrcmlStmtInsertion(('triangle.c.xml', '_inter_block', 33), ('triangle.c.xml', 'stmt', 7)) | SrcmlStmtDeletion(('triangle.c.xml', 'stmt', 3)) | SrcmlStmtDeletion(('triangle.c.xml', 'stmt', 9))"
2024-06-05 15:00:20,700	[INFO]	15      TEST_CODE_ERROR       None (--) [3 edit(s)]  
2024-06-05 15:00:20,700	[DEBUG]	patch(15)="SrcmlStmtInsertion(('triangle.c.xml', '_inter_block', 33), ('triangle.c.xml', 'stmt', 7)) | SrcmlStmtDeletion(('triangle.c.xml', 'stmt', 3)) | SrcmlStmtDeletion(('triangle.c.xml', 'stmt', 14))"
2024-06-05 15:00:20,732	[INFO]	16      COMPILE_CODE_ERROR    None (--) [3 edit(s)]  
2024-06-05 15:00:20,733	[DEBUG]	patch(16)="SrcmlStmtInsertion(('triangle.c.xml', '_inter_block', 33), ('triangle.c.xml', 'stmt', 7)) | SrcmlStmtDeletion(('triangle.c.xml', 'stmt', 3)) | SrcmlStmtInsertion(('triangle.c.xml', '_inter_block', 7), ('triangle.c.xml', 'stmt', 8))"
2024-06-05 15:00:20,917	[INFO]	17      TEST_CODE_ERROR       None (--) [3 edit(s)]  
2024-06-05 15:00:20,918	[DEBUG]	patch(17)="SrcmlStmtInsertion(('triangle.c.xml', '_inter_block', 33), ('triangle.c.xml', 'stmt', 7)) | SrcmlStmtDeletion(('triangle.c.xml', 'stmt', 3)) | SrcmlStmtDeletion(('triangle.c.xml', 'stmt', 11))"
2024-06-05 15:00:21,085	[INFO]	18      TEST_CODE_ERROR       None (--) [3 edit(s)]  
2024-06-05 15:00:21,085	[DEBUG]	patch(18)="SrcmlStmtInsertion(('triangle.c.xml', '_inter_block', 33), ('triangle.c.xml', 'stmt', 7)) | SrcmlStmtDeletion(('triangle.c.xml', 'stmt', 3)) | SrcmlStmtDeletion(('triangle.c.xml', 'stmt', 5))"
2024-06-05 15:00:21,117	[INFO]	19      COMPILE_CODE_ERROR    None (--) [3 edit(s)]  
2024-06-05 15:00:21,117	[DEBUG]	patch(19)="SrcmlStmtInsertion(('triangle.c.xml', '_inter_block', 33), ('triangle.c.xml', 'stmt', 7)) | SrcmlStmtDeletion(('triangle.c.xml', 'stmt', 3)) | SrcmlStmtInsertion(('triangle.c.xml', '_inter_block', 3), ('triangle.c.xml', 'stmt', 16))"
2024-06-05 15:00:21,326	[DEBUG]	EXEC>  SUCCESS 1103294.0
2024-06-05 15:00:21,326	[INFO]	20      SUCCESS               1103294.000000 (51.76%) [1 edit(s)]  
2024-06-05 15:00:21,326	[DEBUG]	patch(20)="SrcmlStmtDeletion(('triangle.c.xml', 'stmt', 3))"
2024-06-05 15:00:21,505	[DEBUG]	EXEC>  SUCCESS 1029272.0
2024-06-05 15:00:21,505	[INFO]	21      SUCCESS               1029272.000000 (48.28%) [3 edit(s)]  
2024-06-05 15:00:21,506	[DEBUG]	patch(21)="SrcmlStmtInsertion(('triangle.c.xml', '_inter_block', 33), ('triangle.c.xml', 'stmt', 7)) | SrcmlStmtDeletion(('triangle.c.xml', 'stmt', 3)) | SrcmlStmtReplacement(('triangle.c.xml', 'stmt', 3), ('triangle.c.xml', 'stmt', 16))"
2024-06-05 15:00:21,535	[INFO]	22      COMPILE_CODE_ERROR    None (--) [3 edit(s)]  
2024-06-05 15:00:21,535	[DEBUG]	patch(22)="SrcmlStmtInsertion(('triangle.c.xml', '_inter_block', 33), ('triangle.c.xml', 'stmt', 7)) | SrcmlStmtDeletion(('triangle.c.xml', 'stmt', 3)) | SrcmlStmtInsertion(('triangle.c.xml', '_inter_block', 35), ('triangle.c.xml', 'stmt', 1))"
2024-06-05 15:00:21,536	[INFO]	23      TEST_CODE_ERROR       None (--) [3 edit(s)] [cached] 
2024-06-05 15:00:21,536	[DEBUG]	patch(23)="SrcmlStmtInsertion(('triangle.c.xml', '_inter_block', 33), ('triangle.c.xml', 'stmt', 7)) | SrcmlStmtDeletion(('triangle.c.xml', 'stmt', 3)) | SrcmlStmtDeletion(('triangle.c.xml', 'stmt', 11))"
2024-06-05 15:00:21,670	[INFO]	24      TEST_CODE_ERROR       None (--) [3 edit(s)]  
2024-06-05 15:00:21,670	[DEBUG]	patch(24)="SrcmlStmtInsertion(('triangle.c.xml', '_inter_block', 33), ('triangle.c.xml', 'stmt', 7)) | SrcmlStmtDeletion(('triangle.c.xml', 'stmt', 3)) | SrcmlStmtReplacement(('triangle.c.xml', 'stmt', 5), ('triangle.c.xml', 'stmt', 7))"
2024-06-05 15:00:21,851	[DEBUG]	EXEC>  SUCCESS 1058492.0
2024-06-05 15:00:21,851	[INFO]	25      SUCCESS               1058492.000000 (49.65%) [3 edit(s)]  
2024-06-05 15:00:21,851	[DEBUG]	patch(25)="SrcmlStmtInsertion(('triangle.c.xml', '_inter_block', 33), ('triangle.c.xml', 'stmt', 7)) | SrcmlStmtDeletion(('triangle.c.xml', 'stmt', 3)) | SrcmlStmtInsertion(('triangle.c.xml', '_inter_block', 34), ('triangle.c.xml', 'stmt', 5))"
2024-06-05 15:00:22,023	[DEBUG]	EXEC>  SUCCESS 913123.0
2024-06-05 15:00:22,023	[INFO]	26      SUCCESS              *913123.000000 (42.83%) [3 edit(s)]  
2024-06-05 15:00:22,023	[DEBUG]	patch(26)="SrcmlStmtInsertion(('triangle.c.xml', '_inter_block', 33), ('triangle.c.xml', 'stmt', 7)) | SrcmlStmtDeletion(('triangle.c.xml', 'stmt', 3)) | SrcmlStmtInsertion(('triangle.c.xml', '_inter_block', 35), ('triangle.c.xml', 'stmt', 0))"
--- before: triangle.c
+++ after: triangle.c
@@ -8,7 +8,7 @@
 int classify_triangle(double a, double b, double c) {
   double tmp;
 
-  delay();
+  
 
   // Sort the sides so that a <= b <= c
   if(a > b) {
@@ -36,10 +36,12 @@
   if(a == b && b == c)/*auto*/{
    
     return EQUILATERAL;
+    b = tmp;
   }/*auto*/
   if(a == b || b == c)/*auto*/{
    
     return ISOSCELES;
+    const struct timespec ms = {0, 0.001*1e9};
   }/*auto*/
   return SCALENE;
 }

2024-06-05 15:00:22,154	[INFO]	27      TEST_CODE_ERROR       None (--) [4 edit(s)]  
2024-06-05 15:00:22,154	[DEBUG]	patch(27)="SrcmlStmtInsertion(('triangle.c.xml', '_inter_block', 33), ('triangle.c.xml', 'stmt', 7)) | SrcmlStmtDeletion(('triangle.c.xml', 'stmt', 3)) | SrcmlStmtInsertion(('triangle.c.xml', '_inter_block', 35), ('triangle.c.xml', 'stmt', 0)) | SrcmlStmtReplacement(('triangle.c.xml', 'stmt', 11), ('triangle.c.xml', 'stmt', 18))"
2024-06-05 15:00:22,523	[DEBUG]	EXEC>  SUCCESS 1967152.0
2024-06-05 15:00:22,524	[INFO]	28      SUCCESS               1967152.000000 (92.28%) [2 edit(s)]  
2024-06-05 15:00:22,524	[DEBUG]	patch(28)="SrcmlStmtInsertion(('triangle.c.xml', '_inter_block', 33), ('triangle.c.xml', 'stmt', 7)) | SrcmlStmtInsertion(('triangle.c.xml', '_inter_block', 35), ('triangle.c.xml', 'stmt', 0))"
2024-06-05 15:00:22,758	[DEBUG]	EXEC>  SUCCESS 958481.0
2024-06-05 15:00:22,759	[INFO]	29      SUCCESS               958481.000000 (44.96%) [2 edit(s)]  
2024-06-05 15:00:22,759	[DEBUG]	patch(29)="SrcmlStmtDeletion(('triangle.c.xml', 'stmt', 3)) | SrcmlStmtInsertion(('triangle.c.xml', '_inter_block', 35), ('triangle.c.xml', 'stmt', 0))"
2024-06-05 15:00:22,760	[INFO]	30      SUCCESS               935514.000000 (43.89%) [2 edit(s)] [cached] 
2024-06-05 15:00:22,760	[DEBUG]	patch(30)="SrcmlStmtInsertion(('triangle.c.xml', '_inter_block', 33), ('triangle.c.xml', 'stmt', 7)) | SrcmlStmtDeletion(('triangle.c.xml', 'stmt', 3))"
2024-06-05 15:00:22,985	[DEBUG]	EXEC>  SUCCESS 947159.0
2024-06-05 15:00:22,985	[INFO]	31      SUCCESS               947159.000000 (44.43%) [4 edit(s)]  
2024-06-05 15:00:22,985	[DEBUG]	patch(31)="SrcmlStmtInsertion(('triangle.c.xml', '_inter_block', 33), ('triangle.c.xml', 'stmt', 7)) | SrcmlStmtDeletion(('triangle.c.xml', 'stmt', 3)) | SrcmlStmtInsertion(('triangle.c.xml', '_inter_block', 35), ('triangle.c.xml', 'stmt', 0)) | SrcmlStmtInsertion(('triangle.c.xml', '_inter_block', 9), ('triangle.c.xml', 'stmt', 4))"
2024-06-05 15:00:23,157	[INFO]	32      TEST_CODE_ERROR       None (--) [4 edit(s)]  
2024-06-05 15:00:23,157	[DEBUG]	patch(32)="SrcmlStmtInsertion(('triangle.c.xml', '_inter_block', 33), ('triangle.c.xml', 'stmt', 7)) | SrcmlStmtDeletion(('triangle.c.xml', 'stmt', 3)) | SrcmlStmtInsertion(('triangle.c.xml', '_inter_block', 35), ('triangle.c.xml', 'stmt', 0)) | SrcmlStmtDeletion(('triangle.c.xml', 'stmt', 16))"
2024-06-05 15:00:23,187	[INFO]	33      COMPILE_CODE_ERROR    None (--) [4 edit(s)]  
2024-06-05 15:00:23,187	[DEBUG]	patch(33)="SrcmlStmtInsertion(('triangle.c.xml', '_inter_block', 33), ('triangle.c.xml', 'stmt', 7)) | SrcmlStmtDeletion(('triangle.c.xml', 'stmt', 3)) | SrcmlStmtInsertion(('triangle.c.xml', '_inter_block', 35), ('triangle.c.xml', 'stmt', 0)) | SrcmlStmtInsertion(('triangle.c.xml', '_inter_block', 3), ('triangle.c.xml', 'stmt', 15))"
2024-06-05 15:00:23,336	[INFO]	34      TEST_CODE_ERROR       None (--) [4 edit(s)]  
2024-06-05 15:00:23,336	[DEBUG]	patch(34)="SrcmlStmtInsertion(('triangle.c.xml', '_inter_block', 33), ('triangle.c.xml', 'stmt', 7)) | SrcmlStmtDeletion(('triangle.c.xml', 'stmt', 3)) | SrcmlStmtInsertion(('triangle.c.xml', '_inter_block', 35), ('triangle.c.xml', 'stmt', 0)) | SrcmlStmtInsertion(('triangle.c.xml', '_inter_block', 25), ('triangle.c.xml', 'stmt', 14))"
2024-06-05 15:00:23,594	[DEBUG]	EXEC>  SUCCESS 973811.0
2024-06-05 15:00:23,595	[INFO]	35      SUCCESS               973811.000000 (45.68%) [4 edit(s)]  
2024-06-05 15:00:23,595	[DEBUG]	patch(35)="SrcmlStmtInsertion(('triangle.c.xml', '_inter_block', 33), ('triangle.c.xml', 'stmt', 7)) | SrcmlStmtDeletion(('triangle.c.xml', 'stmt', 3)) | SrcmlStmtInsertion(('triangle.c.xml', '_inter_block', 35), ('triangle.c.xml', 'stmt', 0)) | SrcmlStmtInsertion(('triangle.c.xml', '_inter_block', 27), ('triangle.c.xml', 'stmt', 16))"
2024-06-05 15:00:23,747	[INFO]	36      TEST_CODE_ERROR       None (--) [4 edit(s)]  
2024-06-05 15:00:23,747	[DEBUG]	patch(36)="SrcmlStmtInsertion(('triangle.c.xml', '_inter_block', 33), ('triangle.c.xml', 'stmt', 7)) | SrcmlStmtDeletion(('triangle.c.xml', 'stmt', 3)) | SrcmlStmtInsertion(('triangle.c.xml', '_inter_block', 35), ('triangle.c.xml', 'stmt', 0)) | SrcmlStmtReplacement(('triangle.c.xml', 'stmt', 14), ('triangle.c.xml', 'stmt', 11))"
2024-06-05 15:00:23,952	[DEBUG]	EXEC>  SUCCESS 986633.0
2024-06-05 15:00:23,952	[INFO]	37      SUCCESS               986633.000000 (46.28%) [4 edit(s)]  
2024-06-05 15:00:23,952	[DEBUG]	patch(37)="SrcmlStmtInsertion(('triangle.c.xml', '_inter_block', 33), ('triangle.c.xml', 'stmt', 7)) | SrcmlStmtDeletion(('triangle.c.xml', 'stmt', 3)) | SrcmlStmtInsertion(('triangle.c.xml', '_inter_block', 35), ('triangle.c.xml', 'stmt', 0)) | SrcmlStmtInsertion(('triangle.c.xml', '_inter_block', 17), ('triangle.c.xml', 'stmt', 8))"
2024-06-05 15:00:24,119	[INFO]	38      TEST_CODE_ERROR       None (--) [4 edit(s)]  
2024-06-05 15:00:24,119	[DEBUG]	patch(38)="SrcmlStmtInsertion(('triangle.c.xml', '_inter_block', 33), ('triangle.c.xml', 'stmt', 7)) | SrcmlStmtDeletion(('triangle.c.xml', 'stmt', 3)) | SrcmlStmtInsertion(('triangle.c.xml', '_inter_block', 35), ('triangle.c.xml', 'stmt', 0)) | SrcmlStmtDeletion(('triangle.c.xml', 'stmt', 18))"
2024-06-05 15:00:24,307	[INFO]	39      TEST_CODE_ERROR       None (--) [4 edit(s)]  
2024-06-05 15:00:24,307	[DEBUG]	patch(39)="SrcmlStmtInsertion(('triangle.c.xml', '_inter_block', 33), ('triangle.c.xml', 'stmt', 7)) | SrcmlStmtDeletion(('triangle.c.xml', 'stmt', 3)) | SrcmlStmtInsertion(('triangle.c.xml', '_inter_block', 35), ('triangle.c.xml', 'stmt', 0)) | SrcmlStmtDeletion(('triangle.c.xml', 'stmt', 6))"
2024-06-05 15:00:24,347	[INFO]	40      COMPILE_CODE_ERROR    None (--) [4 edit(s)]  
2024-06-05 15:00:24,348	[DEBUG]	patch(40)="SrcmlStmtInsertion(('triangle.c.xml', '_inter_block', 33), ('triangle.c.xml', 'stmt', 7)) | SrcmlStmtDeletion(('triangle.c.xml', 'stmt', 3)) | SrcmlStmtInsertion(('triangle.c.xml', '_inter_block', 35), ('triangle.c.xml', 'stmt', 0)) | SrcmlStmtInsertion(('triangle.c.xml', '_inter_block', 7), ('triangle.c.xml', 'stmt', 3))"
2024-06-05 15:00:24,386	[INFO]	41      COMPILE_CODE_ERROR    None (--) [4 edit(s)]  
2024-06-05 15:00:24,386	[DEBUG]	patch(41)="SrcmlStmtInsertion(('triangle.c.xml', '_inter_block', 33), ('triangle.c.xml', 'stmt', 7)) | SrcmlStmtDeletion(('triangle.c.xml', 'stmt', 3)) | SrcmlStmtInsertion(('triangle.c.xml', '_inter_block', 35), ('triangle.c.xml', 'stmt', 0)) | SrcmlStmtDeletion(('triangle.c.xml', 'stmt', 2))"
2024-06-05 15:00:24,659	[DEBUG]	EXEC>  SUCCESS 1036666.0
2024-06-05 15:00:24,659	[INFO]	42      SUCCESS               1036666.000000 (48.63%) [4 edit(s)]  
2024-06-05 15:00:24,659	[DEBUG]	patch(42)="SrcmlStmtInsertion(('triangle.c.xml', '_inter_block', 33), ('triangle.c.xml', 'stmt', 7)) | SrcmlStmtDeletion(('triangle.c.xml', 'stmt', 3)) | SrcmlStmtInsertion(('triangle.c.xml', '_inter_block', 35), ('triangle.c.xml', 'stmt', 0)) | SrcmlStmtInsertion(('triangle.c.xml', '_inter_block', 30), ('triangle.c.xml', 'stmt', 17))"
2024-06-05 15:00:24,849	[DEBUG]	EXEC>  SUCCESS 943212.0
2024-06-05 15:00:24,849	[INFO]	43      SUCCESS               943212.000000 (44.25%) [4 edit(s)]  
2024-06-05 15:00:24,849	[DEBUG]	patch(43)="SrcmlStmtInsertion(('triangle.c.xml', '_inter_block', 33), ('triangle.c.xml', 'stmt', 7)) | SrcmlStmtDeletion(('triangle.c.xml', 'stmt', 3)) | SrcmlStmtInsertion(('triangle.c.xml', '_inter_block', 35), ('triangle.c.xml', 'stmt', 0)) | SrcmlStmtDeletion(('triangle.c.xml', 'stmt', 8))"
2024-06-05 15:00:25,047	[INFO]	44      TEST_CODE_ERROR       None (--) [4 edit(s)]  
2024-06-05 15:00:25,048	[DEBUG]	patch(44)="SrcmlStmtInsertion(('triangle.c.xml', '_inter_block', 33), ('triangle.c.xml', 'stmt', 7)) | SrcmlStmtDeletion(('triangle.c.xml', 'stmt', 3)) | SrcmlStmtInsertion(('triangle.c.xml', '_inter_block', 35), ('triangle.c.xml', 'stmt', 0)) | SrcmlStmtInsertion(('triangle.c.xml', '_inter_block', 9), ('triangle.c.xml', 'stmt', 6))"
2024-06-05 15:00:25,203	[INFO]	45      TEST_CODE_ERROR       None (--) [4 edit(s)]  
2024-06-05 15:00:25,203	[DEBUG]	patch(45)="SrcmlStmtInsertion(('triangle.c.xml', '_inter_block', 33), ('triangle.c.xml', 'stmt', 7)) | SrcmlStmtDeletion(('triangle.c.xml', 'stmt', 3)) | SrcmlStmtInsertion(('triangle.c.xml', '_inter_block', 35), ('triangle.c.xml', 'stmt', 0)) | SrcmlStmtInsertion(('triangle.c.xml', '_inter_block', 30), ('triangle.c.xml', 'stmt', 21))"
2024-06-05 15:00:25,234	[INFO]	46      COMPILE_CODE_ERROR    None (--) [4 edit(s)]  
2024-06-05 15:00:25,234	[DEBUG]	patch(46)="SrcmlStmtInsertion(('triangle.c.xml', '_inter_block', 33), ('triangle.c.xml', 'stmt', 7)) | SrcmlStmtDeletion(('triangle.c.xml', 'stmt', 3)) | SrcmlStmtInsertion(('triangle.c.xml', '_inter_block', 35), ('triangle.c.xml', 'stmt', 0)) | SrcmlStmtReplacement(('triangle.c.xml', 'stmt', 2), ('triangle.c.xml', 'stmt', 16))"
2024-06-05 15:00:25,237	[INFO]	47      COMPILE_CODE_ERROR    None (--) [4 edit(s)] [cached] 
2024-06-05 15:00:25,237	[DEBUG]	patch(47)="SrcmlStmtInsertion(('triangle.c.xml', '_inter_block', 33), ('triangle.c.xml', 'stmt', 7)) | SrcmlStmtDeletion(('triangle.c.xml', 'stmt', 3)) | SrcmlStmtInsertion(('triangle.c.xml', '_inter_block', 35), ('triangle.c.xml', 'stmt', 0)) | SrcmlStmtInsertion(('triangle.c.xml', '_inter_block', 7), ('triangle.c.xml', 'stmt', 3))"
2024-06-05 15:00:25,258	[INFO]	48      COMPILE_CODE_ERROR    None (--) [4 edit(s)]  
2024-06-05 15:00:25,259	[DEBUG]	patch(48)="SrcmlStmtInsertion(('triangle.c.xml', '_inter_block', 33), ('triangle.c.xml', 'stmt', 7)) | SrcmlStmtDeletion(('triangle.c.xml', 'stmt', 3)) | SrcmlStmtInsertion(('triangle.c.xml', '_inter_block', 35), ('triangle.c.xml', 'stmt', 0)) | SrcmlStmtInsertion(('triangle.c.xml', '_inter_block', 6), ('triangle.c.xml', 'stmt', 18))"
2024-06-05 15:00:25,383	[INFO]	49      TEST_CODE_ERROR       None (--) [4 edit(s)]  
2024-06-05 15:00:25,384	[DEBUG]	patch(49)="SrcmlStmtInsertion(('triangle.c.xml', '_inter_block', 33), ('triangle.c.xml', 'stmt', 7)) | SrcmlStmtDeletion(('triangle.c.xml', 'stmt', 3)) | SrcmlStmtInsertion(('triangle.c.xml', '_inter_block', 35), ('triangle.c.xml', 'stmt', 0)) | SrcmlStmtDeletion(('triangle.c.xml', 'stmt', 14))"
2024-06-05 15:00:25,531	[INFO]	50      TEST_CODE_ERROR       None (--) [4 edit(s)]  
2024-06-05 15:00:25,531	[DEBUG]	patch(50)="SrcmlStmtInsertion(('triangle.c.xml', '_inter_block', 33), ('triangle.c.xml', 'stmt', 7)) | SrcmlStmtDeletion(('triangle.c.xml', 'stmt', 3)) | SrcmlStmtInsertion(('triangle.c.xml', '_inter_block', 35), ('triangle.c.xml', 'stmt', 0)) | SrcmlStmtReplacement(('triangle.c.xml', 'stmt', 9), ('triangle.c.xml', 'stmt', 18))"
2024-06-05 15:00:25,672	[INFO]	51      TEST_CODE_ERROR       None (--) [4 edit(s)]  
2024-06-05 15:00:25,672	[DEBUG]	patch(51)="SrcmlStmtInsertion(('triangle.c.xml', '_inter_block', 33), ('triangle.c.xml', 'stmt', 7)) | SrcmlStmtDeletion(('triangle.c.xml', 'stmt', 3)) | SrcmlStmtInsertion(('triangle.c.xml', '_inter_block', 35), ('triangle.c.xml', 'stmt', 0)) | SrcmlStmtInsertion(('triangle.c.xml', '_inter_block', 8), ('triangle.c.xml', 'stmt', 20))"
2024-06-05 15:00:25,811	[INFO]	52      TEST_CODE_ERROR       None (--) [4 edit(s)]  
2024-06-05 15:00:25,811	[DEBUG]	patch(52)="SrcmlStmtInsertion(('triangle.c.xml', '_inter_block', 33), ('triangle.c.xml', 'stmt', 7)) | SrcmlStmtDeletion(('triangle.c.xml', 'stmt', 3)) | SrcmlStmtInsertion(('triangle.c.xml', '_inter_block', 35), ('triangle.c.xml', 'stmt', 0)) | SrcmlStmtInsertion(('triangle.c.xml', '_inter_block', 27), ('triangle.c.xml', 'stmt', 12))"
2024-06-05 15:00:25,955	[INFO]	53      TEST_CODE_ERROR       None (--) [4 edit(s)]  
2024-06-05 15:00:25,955	[DEBUG]	patch(53)="SrcmlStmtInsertion(('triangle.c.xml', '_inter_block', 33), ('triangle.c.xml', 'stmt', 7)) | SrcmlStmtDeletion(('triangle.c.xml', 'stmt', 3)) | SrcmlStmtInsertion(('triangle.c.xml', '_inter_block', 35), ('triangle.c.xml', 'stmt', 0)) | SrcmlStmtDeletion(('triangle.c.xml', 'stmt', 20))"
2024-06-05 15:00:26,080	[INFO]	54      TEST_CODE_ERROR       None (--) [4 edit(s)]  
2024-06-05 15:00:26,080	[DEBUG]	patch(54)="SrcmlStmtInsertion(('triangle.c.xml', '_inter_block', 33), ('triangle.c.xml', 'stmt', 7)) | SrcmlStmtDeletion(('triangle.c.xml', 'stmt', 3)) | SrcmlStmtInsertion(('triangle.c.xml', '_inter_block', 35), ('triangle.c.xml', 'stmt', 0)) | SrcmlStmtReplacement(('triangle.c.xml', 'stmt', 13), ('triangle.c.xml', 'stmt', 10))"
2024-06-05 15:00:26,109	[INFO]	55      COMPILE_CODE_ERROR    None (--) [4 edit(s)]  
2024-06-05 15:00:26,109	[DEBUG]	patch(55)="SrcmlStmtInsertion(('triangle.c.xml', '_inter_block', 33), ('triangle.c.xml', 'stmt', 7)) | SrcmlStmtDeletion(('triangle.c.xml', 'stmt', 3)) | SrcmlStmtInsertion(('triangle.c.xml', '_inter_block', 35), ('triangle.c.xml', 'stmt', 0)) | SrcmlStmtInsertion(('triangle.c.xml', '_inter_block', 6), ('triangle.c.xml', 'stmt', 4))"
2024-06-05 15:00:26,259	[INFO]	56      TEST_CODE_ERROR       None (--) [4 edit(s)]  
2024-06-05 15:00:26,259	[DEBUG]	patch(56)="SrcmlStmtInsertion(('triangle.c.xml', '_inter_block', 33), ('triangle.c.xml', 'stmt', 7)) | SrcmlStmtDeletion(('triangle.c.xml', 'stmt', 3)) | SrcmlStmtInsertion(('triangle.c.xml', '_inter_block', 35), ('triangle.c.xml', 'stmt', 0)) | SrcmlStmtInsertion(('triangle.c.xml', '_inter_block', 22), ('triangle.c.xml', 'stmt', 12))"
2024-06-05 15:00:26,261	[INFO]	57      TEST_CODE_ERROR       None (--) [4 edit(s)] [cached] 
2024-06-05 15:00:26,261	[DEBUG]	patch(57)="SrcmlStmtInsertion(('triangle.c.xml', '_inter_block', 33), ('triangle.c.xml', 'stmt', 7)) | SrcmlStmtDeletion(('triangle.c.xml', 'stmt', 3)) | SrcmlStmtInsertion(('triangle.c.xml', '_inter_block', 35), ('triangle.c.xml', 'stmt', 0)) | SrcmlStmtDeletion(('triangle.c.xml', 'stmt', 20))"
2024-06-05 15:00:26,262	[INFO]	58      TEST_CODE_ERROR       None (--) [4 edit(s)] [cached] 
2024-06-05 15:00:26,263	[DEBUG]	patch(58)="SrcmlStmtInsertion(('triangle.c.xml', '_inter_block', 33), ('triangle.c.xml', 'stmt', 7)) | SrcmlStmtDeletion(('triangle.c.xml', 'stmt', 3)) | SrcmlStmtInsertion(('triangle.c.xml', '_inter_block', 35), ('triangle.c.xml', 'stmt', 0)) | SrcmlStmtDeletion(('triangle.c.xml', 'stmt', 18))"
2024-06-05 15:00:26,386	[INFO]	59      TEST_CODE_ERROR       None (--) [4 edit(s)]  
2024-06-05 15:00:26,386	[DEBUG]	patch(59)="SrcmlStmtInsertion(('triangle.c.xml', '_inter_block', 33), ('triangle.c.xml', 'stmt', 7)) | SrcmlStmtDeletion(('triangle.c.xml', 'stmt', 3)) | SrcmlStmtInsertion(('triangle.c.xml', '_inter_block', 35), ('triangle.c.xml', 'stmt', 0)) | SrcmlStmtInsertion(('triangle.c.xml', '_inter_block', 12), ('triangle.c.xml', 'stmt', 14))"
2024-06-05 15:00:26,516	[INFO]	60      TEST_CODE_ERROR       None (--) [4 edit(s)]  
2024-06-05 15:00:26,516	[DEBUG]	patch(60)="SrcmlStmtInsertion(('triangle.c.xml', '_inter_block', 33), ('triangle.c.xml', 'stmt', 7)) | SrcmlStmtDeletion(('triangle.c.xml', 'stmt', 3)) | SrcmlStmtInsertion(('triangle.c.xml', '_inter_block', 35), ('triangle.c.xml', 'stmt', 0)) | SrcmlStmtDeletion(('triangle.c.xml', 'stmt', 13))"
2024-06-05 15:00:26,683	[INFO]	61      TEST_CODE_ERROR       None (--) [4 edit(s)]  
2024-06-05 15:00:26,683	[DEBUG]	patch(61)="SrcmlStmtInsertion(('triangle.c.xml', '_inter_block', 33), ('triangle.c.xml', 'stmt', 7)) | SrcmlStmtDeletion(('triangle.c.xml', 'stmt', 3)) | SrcmlStmtInsertion(('triangle.c.xml', '_inter_block', 35), ('triangle.c.xml', 'stmt', 0)) | SrcmlStmtReplacement(('triangle.c.xml', 'stmt', 6), ('triangle.c.xml', 'stmt', 12))"
2024-06-05 15:00:26,723	[INFO]	62      COMPILE_CODE_ERROR    None (--) [4 edit(s)]  
2024-06-05 15:00:26,723	[DEBUG]	patch(62)="SrcmlStmtInsertion(('triangle.c.xml', '_inter_block', 33), ('triangle.c.xml', 'stmt', 7)) | SrcmlStmtDeletion(('triangle.c.xml', 'stmt', 3)) | SrcmlStmtInsertion(('triangle.c.xml', '_inter_block', 35), ('triangle.c.xml', 'stmt', 0)) | SrcmlStmtDeletion(('triangle.c.xml', 'stmt', 0))"
2024-06-05 15:00:26,903	[INFO]	63      TEST_CODE_ERROR       None (--) [4 edit(s)]  
2024-06-05 15:00:26,904	[DEBUG]	patch(63)="SrcmlStmtInsertion(('triangle.c.xml', '_inter_block', 33), ('triangle.c.xml', 'stmt', 7)) | SrcmlStmtDeletion(('triangle.c.xml', 'stmt', 3)) | SrcmlStmtInsertion(('triangle.c.xml', '_inter_block', 35), ('triangle.c.xml', 'stmt', 0)) | SrcmlStmtReplacement(('triangle.c.xml', 'stmt', 16), ('triangle.c.xml', 'stmt', 12))"
2024-06-05 15:00:27,095	[INFO]	64      TEST_CODE_ERROR       None (--) [4 edit(s)]  
2024-06-05 15:00:27,095	[DEBUG]	patch(64)="SrcmlStmtInsertion(('triangle.c.xml', '_inter_block', 33), ('triangle.c.xml', 'stmt', 7)) | SrcmlStmtDeletion(('triangle.c.xml', 'stmt', 3)) | SrcmlStmtInsertion(('triangle.c.xml', '_inter_block', 35), ('triangle.c.xml', 'stmt', 0)) | SrcmlStmtInsertion(('triangle.c.xml', '_inter_block', 29), ('triangle.c.xml', 'stmt', 21))"
2024-06-05 15:00:27,285	[INFO]	65      TEST_CODE_ERROR       None (--) [4 edit(s)]  
2024-06-05 15:00:27,286	[DEBUG]	patch(65)="SrcmlStmtInsertion(('triangle.c.xml', '_inter_block', 33), ('triangle.c.xml', 'stmt', 7)) | SrcmlStmtDeletion(('triangle.c.xml', 'stmt', 3)) | SrcmlStmtInsertion(('triangle.c.xml', '_inter_block', 35), ('triangle.c.xml', 'stmt', 0)) | SrcmlStmtDeletion(('triangle.c.xml', 'stmt', 5))"
2024-06-05 15:00:27,287	[INFO]	66      TEST_CODE_ERROR       None (--) [4 edit(s)] [cached] 
2024-06-05 15:00:27,288	[DEBUG]	patch(66)="SrcmlStmtInsertion(('triangle.c.xml', '_inter_block', 33), ('triangle.c.xml', 'stmt', 7)) | SrcmlStmtDeletion(('triangle.c.xml', 'stmt', 3)) | SrcmlStmtInsertion(('triangle.c.xml', '_inter_block', 35), ('triangle.c.xml', 'stmt', 0)) | SrcmlStmtDeletion(('triangle.c.xml', 'stmt', 18))"
2024-06-05 15:00:27,328	[INFO]	67      COMPILE_CODE_ERROR    None (--) [4 edit(s)]  
2024-06-05 15:00:27,328	[DEBUG]	patch(67)="SrcmlStmtInsertion(('triangle.c.xml', '_inter_block', 33), ('triangle.c.xml', 'stmt', 7)) | SrcmlStmtDeletion(('triangle.c.xml', 'stmt', 3)) | SrcmlStmtInsertion(('triangle.c.xml', '_inter_block', 35), ('triangle.c.xml', 'stmt', 0)) | SrcmlStmtInsertion(('triangle.c.xml', '_inter_block', 3), ('triangle.c.xml', 'stmt', 13))"
2024-06-05 15:00:27,330	[INFO]	68      COMPILE_CODE_ERROR    None (--) [4 edit(s)] [cached] 
2024-06-05 15:00:27,330	[DEBUG]	patch(68)="SrcmlStmtInsertion(('triangle.c.xml', '_inter_block', 33), ('triangle.c.xml', 'stmt', 7)) | SrcmlStmtDeletion(('triangle.c.xml', 'stmt', 3)) | SrcmlStmtInsertion(('triangle.c.xml', '_inter_block', 35), ('triangle.c.xml', 'stmt', 0)) | SrcmlStmtDeletion(('triangle.c.xml', 'stmt', 2))"
2024-06-05 15:00:27,472	[INFO]	69      TEST_CODE_ERROR       None (--) [4 edit(s)]  
2024-06-05 15:00:27,472	[DEBUG]	patch(69)="SrcmlStmtInsertion(('triangle.c.xml', '_inter_block', 33), ('triangle.c.xml', 'stmt', 7)) | SrcmlStmtDeletion(('triangle.c.xml', 'stmt', 3)) | SrcmlStmtInsertion(('triangle.c.xml', '_inter_block', 35), ('triangle.c.xml', 'stmt', 0)) | SrcmlStmtInsertion(('triangle.c.xml', '_inter_block', 9), ('triangle.c.xml', 'stmt', 17))"
2024-06-05 15:00:27,743	[DEBUG]	EXEC>  SUCCESS 1038457.0
2024-06-05 15:00:27,743	[INFO]	70      SUCCESS               1038457.000000 (48.71%) [4 edit(s)]  
2024-06-05 15:00:27,743	[DEBUG]	patch(70)="SrcmlStmtInsertion(('triangle.c.xml', '_inter_block', 33), ('triangle.c.xml', 'stmt', 7)) | SrcmlStmtDeletion(('triangle.c.xml', 'stmt', 3)) | SrcmlStmtInsertion(('triangle.c.xml', '_inter_block', 35), ('triangle.c.xml', 'stmt', 0)) | SrcmlStmtDeletion(('triangle.c.xml', 'stmt', 1))"
2024-06-05 15:00:27,978	[DEBUG]	EXEC>  SUCCESS 929918.0
2024-06-05 15:00:27,978	[INFO]	71      SUCCESS               929918.000000 (43.62%) [4 edit(s)]  
2024-06-05 15:00:27,978	[DEBUG]	patch(71)="SrcmlStmtInsertion(('triangle.c.xml', '_inter_block', 33), ('triangle.c.xml', 'stmt', 7)) | SrcmlStmtDeletion(('triangle.c.xml', 'stmt', 3)) | SrcmlStmtInsertion(('triangle.c.xml', '_inter_block', 35), ('triangle.c.xml', 'stmt', 0)) | SrcmlStmtInsertion(('triangle.c.xml', '_inter_block', 33), ('triangle.c.xml', 'stmt', 14))"
2024-06-05 15:00:28,124	[INFO]	72      TEST_CODE_ERROR       None (--) [4 edit(s)]  
2024-06-05 15:00:28,124	[DEBUG]	patch(72)="SrcmlStmtInsertion(('triangle.c.xml', '_inter_block', 33), ('triangle.c.xml', 'stmt', 7)) | SrcmlStmtDeletion(('triangle.c.xml', 'stmt', 3)) | SrcmlStmtInsertion(('triangle.c.xml', '_inter_block', 35), ('triangle.c.xml', 'stmt', 0)) | SrcmlStmtReplacement(('triangle.c.xml', 'stmt', 10), ('triangle.c.xml', 'stmt', 9))"
2024-06-05 15:00:28,299	[INFO]	73      TEST_CODE_ERROR       None (--) [4 edit(s)]  
2024-06-05 15:00:28,300	[DEBUG]	patch(73)="SrcmlStmtInsertion(('triangle.c.xml', '_inter_block', 33), ('triangle.c.xml', 'stmt', 7)) | SrcmlStmtDeletion(('triangle.c.xml', 'stmt', 3)) | SrcmlStmtInsertion(('triangle.c.xml', '_inter_block', 35), ('triangle.c.xml', 'stmt', 0)) | SrcmlStmtReplacement(('triangle.c.xml', 'stmt', 11), ('triangle.c.xml', 'stmt', 6))"
2024-06-05 15:00:28,473	[DEBUG]	EXEC>  SUCCESS 938184.0
2024-06-05 15:00:28,473	[INFO]	74      SUCCESS               938184.000000 (44.01%) [4 edit(s)]  
2024-06-05 15:00:28,473	[DEBUG]	patch(74)="SrcmlStmtInsertion(('triangle.c.xml', '_inter_block', 33), ('triangle.c.xml', 'stmt', 7)) | SrcmlStmtDeletion(('triangle.c.xml', 'stmt', 3)) | SrcmlStmtInsertion(('triangle.c.xml', '_inter_block', 35), ('triangle.c.xml', 'stmt', 0)) | SrcmlStmtInsertion(('triangle.c.xml', '_inter_block', 29), ('triangle.c.xml', 'stmt', 20))"
2024-06-05 15:00:28,708	[DEBUG]	EXEC>  SUCCESS 930286.0
2024-06-05 15:00:28,708	[INFO]	75      SUCCESS               930286.000000 (43.64%) [4 edit(s)]  
2024-06-05 15:00:28,709	[DEBUG]	patch(75)="SrcmlStmtInsertion(('triangle.c.xml', '_inter_block', 33), ('triangle.c.xml', 'stmt', 7)) | SrcmlStmtDeletion(('triangle.c.xml', 'stmt', 3)) | SrcmlStmtInsertion(('triangle.c.xml', '_inter_block', 35), ('triangle.c.xml', 'stmt', 0)) | SrcmlStmtReplacement(('triangle.c.xml', 'stmt', 1), ('triangle.c.xml', 'stmt', 21))"
2024-06-05 15:00:28,710	[INFO]	~~~~ END ~~~~
2024-06-05 15:00:28,710	[INFO]	
2024-06-05 15:00:28,710	[INFO]	==== REPORT ====
2024-06-05 15:00:28,710	[INFO]	Termination: time budget
2024-06-05 15:00:28,710	[INFO]	Retries: 1
2024-06-05 15:00:28,711	[INFO]	Log file: /home/jim/magpie/_magpie_logs/triangle-c_1717596017.log
2024-06-05 15:00:28,711	[INFO]	Patch file: _magpie_logs/triangle-c_1717596017.patch
2024-06-05 15:00:28,711	[INFO]	Diff file: _magpie_logs/triangle-c_1717596017.diff
2024-06-05 15:00:28,711	[INFO]	Reference fitness: 2131731.000000
2024-06-05 15:00:28,711	[INFO]	Best fitness: 913123.000000
2024-06-05 15:00:28,711	[INFO]	
2024-06-05 15:00:28,712	[INFO]	==== BEST PATCH ====
SrcmlStmtInsertion(('triangle.c.xml', '_inter_block', 33), ('triangle.c.xml', 'stmt', 7)) | SrcmlStmtDeletion(('triangle.c.xml', 'stmt', 3)) | SrcmlStmtInsertion(('triangle.c.xml', '_inter_block', 35), ('triangle.c.xml', 'stmt', 0))
2024-06-05 15:00:28,712	[INFO]	
2024-06-05 15:00:28,713	[INFO]	==== DIFF ====
[1m--- before: triangle.c[0m
[1m+++ after: triangle.c[0m
[36m@@ -8,7 +8,7 @@[0m
 int classify_triangle(double a, double b, double c) {
   double tmp;
 
[31m-  delay();[0m
[32m+  [0m
 
   // Sort the sides so that a <= b <= c
   if(a > b) {
[36m@@ -36,10 +36,12 @@[0m
   if(a == b && b == c)/*auto*/{
    
     return EQUILATERAL;
[32m+    b = tmp;[0m
   }/*auto*/
   if(a == b || b == c)/*auto*/{
    
     return ISOSCELES;
[32m+    const struct timespec ms = {0, 0.001*1e9};[0m
   }/*auto*/
   return SCALENE;
 }

