2024-07-18 13:03:10,202	[DEBUG]	==== CONFIG ====
[magpie]
import = 
seed = 45
log_dir = _magpie_logs
work_dir = _magpie_work
local_original_copy = True
local_original_name = __original__
output_encoding = ascii
edit_retries = 10
default_timeout = 30
default_lengthout = 1e6
diff_method = unified
trust_local_filesystem = True

[magpie.log]
color_output = True
format_info = {counter:<7} {status:<20} {best}{fitness} ({ratio}) [{size}] {cached} {log}
format_debug = patch({counter})="{patch}"{diffifbest}
format_fitness = {:.6f}
format_ratio = {:.2%%}
format_patchif = 
	 --> {patch}
format_diffif = 
	{diff}

[software]
path = examples/sat4j
target_files = test.params
software = BasicSoftware
model_rules = 
	*.params : ParamFileConfigModel
	*.xml : SrcmlModel
	* : LineModel
model_config = 
	*.params : [paramconfig]
	*.xml : [srcml]
init_cmd = 
init_timeout = 60
init_lengthout = -1
setup_cmd = ant sat
setup_timeout = 
setup_lengthout = 
compile_cmd = 
compile_timeout = 
compile_lengthout = 
test_cmd = bash test.sh
test_timeout = 
test_lengthout = 
run_cmd = perf stat -e branches bash run_fixed.sh
run_timeout = 
run_lengthout = 
retries = 4
batch_timeout = 
batch_lengthout = 
batch_bin_fitness_strategy = aggregate
batch_fitness_strategy = sum
fitness = perf_branches

[srcml]
rename = 
	stmt: break continue decl_stmt do expr_stmt for goto if return switch while
	number: literal_number
focus = block stmt operator_comp operator_arith number
internodes = block
process_pseudo_blocks = True
process_literals = True
process_operators = True

[paramconfig]
timing = test run
cli_prefix = --
cli_glue = =
cli_boolean = show
cli_boolean_prefix_true = 
cli_boolean_prefix_false = no-
cli_none = hide
silent_prefix = @
silent_suffix = $

[search]
protocol = BasicProtocol
algorithm = FirstImprovement
possible_edits = ParamSetting
warmup = 3
warmup_strategy = last
max_steps = 10000
max_time = 1800
target_fitness = 
cache_maxsize = 100
cache_keep = 0.2
batch_instances = 
batch_shuffle = True
batch_bin_shuffle = False
batch_sample_size = 1

[search.ls]
delete_prob = 0.5
max_neighbours = 
when_trapped = continue
accept_fail = False
tabu_length = 10

[search.gp]
pop_size = 10
delete_prob = 0.5
offspring_elitism = 0.1
offspring_crossover = 0.5
offspring_mutation = 0.4
uniform_rate = 0.5
batch_reset = True

[search.minify]
do_cleanup = True
do_rebuild = True
do_simplify = True
round_robin_limit = 3


2024-07-18 13:03:10,202	[DEBUG]	
2024-07-18 13:03:10,202	[INFO]	==== SEARCH: FirstImprovement ====
2024-07-18 13:03:10,202	[INFO]	~~~~ WARMUP ~~~~
2024-07-18 13:04:08,934	[DEBUG]	EXEC>  SUCCESS 15356351064.5
2024-07-18 13:04:08,934	[INFO]	WARM    SUCCESS               15356351064.500000 (--) [0 edit(s)]  
2024-07-18 13:04:57,777	[DEBUG]	EXEC>  SUCCESS 15398685883.0
2024-07-18 13:04:57,777	[INFO]	WARM    SUCCESS               15398685883.000000 (--) [0 edit(s)]  
2024-07-18 13:05:47,020	[DEBUG]	EXEC>  SUCCESS 15415582516.75
2024-07-18 13:05:47,020	[INFO]	WARM    SUCCESS               15415582516.750000 (--) [0 edit(s)]  
2024-07-18 13:05:47,020	[INFO]	REF     SUCCESS               15415582516.750000 (--) [0 edit(s)]  
2024-07-18 13:05:47,020	[INFO]	
2024-07-18 13:05:47,020	[INFO]	~~~~ START ~~~~
2024-07-18 13:06:34,607	[DEBUG]	EXEC>  SUCCESS 14893591042.25
2024-07-18 13:06:34,607	[INFO]	1       SUCCESS              *14893591042.250000 (96.61%) [1 edit(s)]  
2024-07-18 13:06:34,607	[DEBUG]	patch(1)="ParamSetting(('test.params', 'param', 'CONFLICTBOUNDINCFACTOR'), 2.1441515513114506)"
--- before: test.params
+++ after: test.params
@@ -5,6 +5,6 @@
 CLADECAY := 0.999
 INITCONFLICTBOUND := 100
 VARDECAY := 0.95
-CONFLICTBOUNDINCFACTOR := 2.0
+CONFLICTBOUNDINCFACTOR := 2.1441515513114506
 SIMP := 'EXPENSIVE_SIMPLIFICATION'
 CLEANING := 'LBD2'

2024-07-18 13:06:34,608	[INFO]	2       SUCCESS               15415582516.750000 (100.00%) [0 edit(s)] [cached] 
2024-07-18 13:06:34,608	[DEBUG]	patch(2)=""
2024-07-18 13:07:23,045	[DEBUG]	EXEC>  SUCCESS 15253447246.75
2024-07-18 13:07:23,045	[INFO]	3       SUCCESS               15253447246.750000 (98.95%) [2 edit(s)]  
2024-07-18 13:07:23,045	[DEBUG]	patch(3)="ParamSetting(('test.params', 'param', 'CONFLICTBOUNDINCFACTOR'), 2.1441515513114506) | ParamSetting(('test.params', 'param', 'FIXEDPERIOD'), 3169)"
2024-07-18 13:08:10,720	[DEBUG]	EXEC>  SUCCESS 15105389137.25
2024-07-18 13:08:10,720	[INFO]	4       SUCCESS               15105389137.250000 (97.99%) [2 edit(s)]  
2024-07-18 13:08:10,720	[DEBUG]	patch(4)="ParamSetting(('test.params', 'param', 'CONFLICTBOUNDINCFACTOR'), 2.1441515513114506) | ParamSetting(('test.params', 'param', 'VARDECAY'), 0.07495132545320449)"
2024-07-18 13:08:54,219	[DEBUG]	EXEC>  SUCCESS 15180266816.25
2024-07-18 13:08:54,220	[INFO]	5       SUCCESS               15180266816.250000 (98.47%) [2 edit(s)]  
2024-07-18 13:08:54,220	[DEBUG]	patch(5)="ParamSetting(('test.params', 'param', 'CONFLICTBOUNDINCFACTOR'), 2.1441515513114506) | ParamSetting(('test.params', 'param', 'CLADECAY'), 0.3565385250381603)"
2024-07-18 13:09:37,377	[DEBUG]	EXEC>  SUCCESS 15119760785.0
2024-07-18 13:09:37,377	[INFO]	6       SUCCESS               15119760785.000000 (98.08%) [2 edit(s)]  
2024-07-18 13:09:37,377	[DEBUG]	patch(6)="ParamSetting(('test.params', 'param', 'CONFLICTBOUNDINCFACTOR'), 2.1441515513114506) | ParamSetting(('test.params', 'param', 'VARDECAY'), 0.08982827530229975)"
2024-07-18 13:09:37,379	[INFO]	7       SUCCESS              +14893591042.250000 (96.61%) [2 edit(s)] [cached] 
2024-07-18 13:09:37,379	[DEBUG]	patch(7)="ParamSetting(('test.params', 'param', 'CONFLICTBOUNDINCFACTOR'), 2.1441515513114506) | ParamSetting(('test.params', 'param', 'SIMP'), 'EXPENSIVE_SIMPLIFICATION')"
2024-07-18 13:10:20,846	[DEBUG]	EXEC>  SUCCESS 15025669540.0
2024-07-18 13:10:20,846	[INFO]	8       SUCCESS               15025669540.000000 (97.47%) [3 edit(s)]  
2024-07-18 13:10:20,846	[DEBUG]	patch(8)="ParamSetting(('test.params', 'param', 'CONFLICTBOUNDINCFACTOR'), 2.1441515513114506) | ParamSetting(('test.params', 'param', 'SIMP'), 'EXPENSIVE_SIMPLIFICATION') | ParamSetting(('test.params', 'param', 'CONFLICTBOUNDINCFACTOR'), 3.7740290197297948)"
2024-07-18 13:11:03,563	[DEBUG]	EXEC>  SUCCESS 15150974039.75
2024-07-18 13:11:03,564	[INFO]	9       SUCCESS               15150974039.750000 (98.28%) [3 edit(s)]  
2024-07-18 13:11:03,564	[DEBUG]	patch(9)="ParamSetting(('test.params', 'param', 'CONFLICTBOUNDINCFACTOR'), 2.1441515513114506) | ParamSetting(('test.params', 'param', 'SIMP'), 'EXPENSIVE_SIMPLIFICATION') | ParamSetting(('test.params', 'param', 'RESTARTS'), 'ArminRestarts')"
2024-07-18 13:11:03,565	[INFO]	10      SUCCESS              +14893591042.250000 (96.61%) [1 edit(s)] [cached] 
2024-07-18 13:11:03,565	[DEBUG]	patch(10)="ParamSetting(('test.params', 'param', 'CONFLICTBOUNDINCFACTOR'), 2.1441515513114506)"
2024-07-18 13:11:03,566	[INFO]	11      SUCCESS               15415582516.750000 (100.00%) [0 edit(s)] [cached] 
2024-07-18 13:11:03,566	[DEBUG]	patch(11)=""
2024-07-18 13:11:03,566	[INFO]	12      SUCCESS              +14893591042.250000 (96.61%) [2 edit(s)] [cached] 
2024-07-18 13:11:03,567	[DEBUG]	patch(12)="ParamSetting(('test.params', 'param', 'CONFLICTBOUNDINCFACTOR'), 2.1441515513114506) | ParamSetting(('test.params', 'param', 'SIMP'), 'EXPENSIVE_SIMPLIFICATION')"
2024-07-18 13:11:46,985	[DEBUG]	EXEC>  SUCCESS 15232588096.0
2024-07-18 13:11:46,985	[INFO]	13      SUCCESS               15232588096.000000 (98.81%) [3 edit(s)]  
2024-07-18 13:11:46,985	[DEBUG]	patch(13)="ParamSetting(('test.params', 'param', 'CONFLICTBOUNDINCFACTOR'), 2.1441515513114506) | ParamSetting(('test.params', 'param', 'SIMP'), 'EXPENSIVE_SIMPLIFICATION') | ParamSetting(('test.params', 'param', 'CLADECAY'), 0.1681493981396387)"
2024-07-18 13:11:46,986	[INFO]	14      SUCCESS              +14893591042.250000 (96.61%) [1 edit(s)] [cached] 
2024-07-18 13:11:46,986	[DEBUG]	patch(14)="ParamSetting(('test.params', 'param', 'CONFLICTBOUNDINCFACTOR'), 2.1441515513114506)"
2024-07-18 13:11:46,987	[INFO]	15      SUCCESS               15415582516.750000 (100.00%) [0 edit(s)] [cached] 
2024-07-18 13:11:46,987	[DEBUG]	patch(15)=""
2024-07-18 13:12:31,217	[DEBUG]	EXEC>  SUCCESS 15098053911.0
2024-07-18 13:12:31,217	[INFO]	16      SUCCESS               15098053911.000000 (97.94%) [2 edit(s)]  
2024-07-18 13:12:31,218	[DEBUG]	patch(16)="ParamSetting(('test.params', 'param', 'CONFLICTBOUNDINCFACTOR'), 2.1441515513114506) | ParamSetting(('test.params', 'param', 'PHASE'), 'RSATLastLearnedClausesPhaseSelectionStrategy')"
2024-07-18 13:12:31,218	[INFO]	17      SUCCESS               15150974039.750000 (98.28%) [2 edit(s)] [cached] 
2024-07-18 13:12:31,219	[DEBUG]	patch(17)="ParamSetting(('test.params', 'param', 'CONFLICTBOUNDINCFACTOR'), 2.1441515513114506) | ParamSetting(('test.params', 'param', 'RESTARTS'), 'ArminRestarts')"
2024-07-18 13:13:14,803	[DEBUG]	EXEC>  SUCCESS 15269377823.75
2024-07-18 13:13:14,803	[INFO]	18      SUCCESS               15269377823.750000 (99.05%) [2 edit(s)]  
2024-07-18 13:13:14,803	[DEBUG]	patch(18)="ParamSetting(('test.params', 'param', 'CONFLICTBOUNDINCFACTOR'), 2.1441515513114506) | ParamSetting(('test.params', 'param', 'LUBYFACTOR'), 55)"
2024-07-18 13:13:57,949	[DEBUG]	EXEC>  SUCCESS 15234742848.25
2024-07-18 13:13:57,949	[INFO]	19      SUCCESS               15234742848.250000 (98.83%) [2 edit(s)]  
2024-07-18 13:13:57,949	[DEBUG]	patch(19)="ParamSetting(('test.params', 'param', 'CONFLICTBOUNDINCFACTOR'), 2.1441515513114506) | ParamSetting(('test.params', 'param', 'VARDECAY'), 0.7947915613858701)"
2024-07-18 13:14:40,877	[DEBUG]	EXEC>  SUCCESS 15094910242.75
2024-07-18 13:14:40,877	[INFO]	20      SUCCESS               15094910242.750000 (97.92%) [2 edit(s)]  
2024-07-18 13:14:40,877	[DEBUG]	patch(20)="ParamSetting(('test.params', 'param', 'CONFLICTBOUNDINCFACTOR'), 2.1441515513114506) | ParamSetting(('test.params', 'param', 'VARDECAY'), 0.7665559902953729)"
2024-07-18 13:15:23,975	[DEBUG]	EXEC>  SUCCESS 15257034287.0
2024-07-18 13:15:23,976	[INFO]	21      SUCCESS               15257034287.000000 (98.97%) [2 edit(s)]  
2024-07-18 13:15:23,976	[DEBUG]	patch(21)="ParamSetting(('test.params', 'param', 'CONFLICTBOUNDINCFACTOR'), 2.1441515513114506) | ParamSetting(('test.params', 'param', 'LUBYFACTOR'), 94)"
2024-07-18 13:16:07,154	[DEBUG]	EXEC>  SUCCESS 15019262247.75
2024-07-18 13:16:07,154	[INFO]	22      SUCCESS               15019262247.750000 (97.43%) [2 edit(s)]  
2024-07-18 13:16:07,154	[DEBUG]	patch(22)="ParamSetting(('test.params', 'param', 'CONFLICTBOUNDINCFACTOR'), 2.1441515513114506) | ParamSetting(('test.params', 'param', 'INITCONFLICTBOUND'), 46)"
2024-07-18 13:16:07,155	[INFO]	23      SUCCESS              +14893591042.250000 (96.61%) [2 edit(s)] [cached] 
2024-07-18 13:16:07,155	[DEBUG]	patch(23)="ParamSetting(('test.params', 'param', 'CONFLICTBOUNDINCFACTOR'), 2.1441515513114506) | ParamSetting(('test.params', 'param', 'SIMP'), 'EXPENSIVE_SIMPLIFICATION')"
2024-07-18 13:16:50,489	[DEBUG]	EXEC>  SUCCESS 15015301308.5
2024-07-18 13:16:50,490	[INFO]	24      SUCCESS               15015301308.500000 (97.40%) [3 edit(s)]  
2024-07-18 13:16:50,490	[DEBUG]	patch(24)="ParamSetting(('test.params', 'param', 'CONFLICTBOUNDINCFACTOR'), 2.1441515513114506) | ParamSetting(('test.params', 'param', 'SIMP'), 'EXPENSIVE_SIMPLIFICATION') | ParamSetting(('test.params', 'param', 'CONFLICTBOUNDINCFACTOR'), 3.1290287078414245)"
2024-07-18 13:17:33,750	[DEBUG]	EXEC>  SUCCESS 15191807086.75
2024-07-18 13:17:33,750	[INFO]	25      SUCCESS               15191807086.750000 (98.55%) [3 edit(s)]  
2024-07-18 13:17:33,750	[DEBUG]	patch(25)="ParamSetting(('test.params', 'param', 'CONFLICTBOUNDINCFACTOR'), 2.1441515513114506) | ParamSetting(('test.params', 'param', 'SIMP'), 'EXPENSIVE_SIMPLIFICATION') | ParamSetting(('test.params', 'param', 'CLEANING'), 'ACTIVITY')"
2024-07-18 13:18:17,083	[DEBUG]	EXEC>  SUCCESS 15125937238.5
2024-07-18 13:18:17,083	[INFO]	26      SUCCESS               15125937238.500000 (98.12%) [3 edit(s)]  
2024-07-18 13:18:17,083	[DEBUG]	patch(26)="ParamSetting(('test.params', 'param', 'CONFLICTBOUNDINCFACTOR'), 2.1441515513114506) | ParamSetting(('test.params', 'param', 'SIMP'), 'EXPENSIVE_SIMPLIFICATION') | ParamSetting(('test.params', 'param', 'LUBYFACTOR'), 213)"
2024-07-18 13:18:17,084	[INFO]	27      SUCCESS              +14893591042.250000 (96.61%) [1 edit(s)] [cached] 
2024-07-18 13:18:17,084	[DEBUG]	patch(27)="ParamSetting(('test.params', 'param', 'CONFLICTBOUNDINCFACTOR'), 2.1441515513114506)"
2024-07-18 13:18:17,085	[INFO]	28      SUCCESS               15191807086.750000 (98.55%) [2 edit(s)] [cached] 
2024-07-18 13:18:17,085	[DEBUG]	patch(28)="ParamSetting(('test.params', 'param', 'CONFLICTBOUNDINCFACTOR'), 2.1441515513114506) | ParamSetting(('test.params', 'param', 'CLEANING'), 'ACTIVITY')"
2024-07-18 13:19:00,330	[DEBUG]	EXEC>  SUCCESS 15312742942.75
2024-07-18 13:19:00,330	[INFO]	29      SUCCESS               15312742942.750000 (99.33%) [2 edit(s)]  
2024-07-18 13:19:00,330	[DEBUG]	patch(29)="ParamSetting(('test.params', 'param', 'CONFLICTBOUNDINCFACTOR'), 2.1441515513114506) | ParamSetting(('test.params', 'param', 'VARDECAY'), 0.5657316002511463)"
2024-07-18 13:19:00,331	[INFO]	30      SUCCESS               15415582516.750000 (100.00%) [0 edit(s)] [cached] 
2024-07-18 13:19:00,331	[DEBUG]	patch(30)=""
2024-07-18 13:19:43,254	[DEBUG]	EXEC>  SUCCESS 15147749417.25
2024-07-18 13:19:43,255	[INFO]	31      SUCCESS               15147749417.250000 (98.26%) [2 edit(s)]  
2024-07-18 13:19:43,255	[DEBUG]	patch(31)="ParamSetting(('test.params', 'param', 'CONFLICTBOUNDINCFACTOR'), 2.1441515513114506) | ParamSetting(('test.params', 'param', 'SIMP'), 'NO_SIMPLIFICATION')"
2024-07-18 13:19:43,256	[INFO]	32      SUCCESS              +14893591042.250000 (96.61%) [2 edit(s)] [cached] 
2024-07-18 13:19:43,256	[DEBUG]	patch(32)="ParamSetting(('test.params', 'param', 'CONFLICTBOUNDINCFACTOR'), 2.1441515513114506) | ParamSetting(('test.params', 'param', 'CLEANING'), 'LBD2')"
2024-07-18 13:20:26,209	[DEBUG]	EXEC>  SUCCESS 15059340695.5
2024-07-18 13:20:26,209	[INFO]	33      SUCCESS               15059340695.500000 (97.69%) [3 edit(s)]  
2024-07-18 13:20:26,209	[DEBUG]	patch(33)="ParamSetting(('test.params', 'param', 'CONFLICTBOUNDINCFACTOR'), 2.1441515513114506) | ParamSetting(('test.params', 'param', 'CLEANING'), 'LBD2') | ParamSetting(('test.params', 'param', 'LUBYFACTOR'), 276)"
2024-07-18 13:20:26,210	[INFO]	34      SUCCESS              +14893591042.250000 (96.61%) [3 edit(s)] [cached] 
2024-07-18 13:20:26,210	[DEBUG]	patch(34)="ParamSetting(('test.params', 'param', 'CONFLICTBOUNDINCFACTOR'), 2.1441515513114506) | ParamSetting(('test.params', 'param', 'CLEANING'), 'LBD2') | ParamSetting(('test.params', 'param', 'SIMP'), 'EXPENSIVE_SIMPLIFICATION')"
2024-07-18 13:21:09,217	[DEBUG]	EXEC>  SUCCESS 15091193400.5
2024-07-18 13:21:09,218	[INFO]	35      SUCCESS               15091193400.500000 (97.90%) [4 edit(s)]  
2024-07-18 13:21:09,218	[DEBUG]	patch(35)="ParamSetting(('test.params', 'param', 'CONFLICTBOUNDINCFACTOR'), 2.1441515513114506) | ParamSetting(('test.params', 'param', 'CLEANING'), 'LBD2') | ParamSetting(('test.params', 'param', 'SIMP'), 'EXPENSIVE_SIMPLIFICATION') | ParamSetting(('test.params', 'param', 'CLEANING'), 'LBD')"
2024-07-18 13:21:09,219	[INFO]	36      SUCCESS               15415582516.750000 (100.00%) [2 edit(s)] [cached] 
2024-07-18 13:21:09,219	[DEBUG]	patch(36)="ParamSetting(('test.params', 'param', 'CLEANING'), 'LBD2') | ParamSetting(('test.params', 'param', 'SIMP'), 'EXPENSIVE_SIMPLIFICATION')"
2024-07-18 13:21:09,220	[INFO]	37      SUCCESS               15091193400.500000 (97.90%) [4 edit(s)] [cached] 
2024-07-18 13:21:09,220	[DEBUG]	patch(37)="ParamSetting(('test.params', 'param', 'CONFLICTBOUNDINCFACTOR'), 2.1441515513114506) | ParamSetting(('test.params', 'param', 'CLEANING'), 'LBD2') | ParamSetting(('test.params', 'param', 'SIMP'), 'EXPENSIVE_SIMPLIFICATION') | ParamSetting(('test.params', 'param', 'CLEANING'), 'LBD')"
2024-07-18 13:21:52,557	[DEBUG]	EXEC>  SUCCESS 15202526241.75
2024-07-18 13:21:52,557	[INFO]	38      SUCCESS               15202526241.750000 (98.62%) [4 edit(s)]  
2024-07-18 13:21:52,558	[DEBUG]	patch(38)="ParamSetting(('test.params', 'param', 'CONFLICTBOUNDINCFACTOR'), 2.1441515513114506) | ParamSetting(('test.params', 'param', 'CLEANING'), 'LBD2') | ParamSetting(('test.params', 'param', 'SIMP'), 'EXPENSIVE_SIMPLIFICATION') | ParamSetting(('test.params', 'param', 'SIMP'), 'SIMPLE_SIMPLIFICATION')"
2024-07-18 13:22:35,774	[DEBUG]	EXEC>  SUCCESS 14984043961.75
2024-07-18 13:22:35,774	[INFO]	39      SUCCESS               14984043961.750000 (97.20%) [4 edit(s)]  
2024-07-18 13:22:35,774	[DEBUG]	patch(39)="ParamSetting(('test.params', 'param', 'CONFLICTBOUNDINCFACTOR'), 2.1441515513114506) | ParamSetting(('test.params', 'param', 'CLEANING'), 'LBD2') | ParamSetting(('test.params', 'param', 'SIMP'), 'EXPENSIVE_SIMPLIFICATION') | ParamSetting(('test.params', 'param', 'CONFLICTBOUNDINCFACTOR'), 2.837546934985651)"
2024-07-18 13:22:35,775	[INFO]	40      SUCCESS               15202526241.750000 (98.62%) [4 edit(s)] [cached] 
2024-07-18 13:22:35,775	[DEBUG]	patch(40)="ParamSetting(('test.params', 'param', 'CONFLICTBOUNDINCFACTOR'), 2.1441515513114506) | ParamSetting(('test.params', 'param', 'CLEANING'), 'LBD2') | ParamSetting(('test.params', 'param', 'SIMP'), 'EXPENSIVE_SIMPLIFICATION') | ParamSetting(('test.params', 'param', 'SIMP'), 'SIMPLE_SIMPLIFICATION')"
2024-07-18 13:23:19,411	[DEBUG]	EXEC>  SUCCESS 15061730210.0
2024-07-18 13:23:19,412	[INFO]	41      SUCCESS               15061730210.000000 (97.70%) [4 edit(s)]  
2024-07-18 13:23:19,412	[DEBUG]	patch(41)="ParamSetting(('test.params', 'param', 'CONFLICTBOUNDINCFACTOR'), 2.1441515513114506) | ParamSetting(('test.params', 'param', 'CLEANING'), 'LBD2') | ParamSetting(('test.params', 'param', 'SIMP'), 'EXPENSIVE_SIMPLIFICATION') | ParamSetting(('test.params', 'param', 'INITCONFLICTBOUND'), 22)"
2024-07-18 13:24:03,073	[DEBUG]	EXEC>  SUCCESS 15283336980.25
2024-07-18 13:24:03,074	[INFO]	42      SUCCESS               15283336980.250000 (99.14%) [4 edit(s)]  
2024-07-18 13:24:03,074	[DEBUG]	patch(42)="ParamSetting(('test.params', 'param', 'CONFLICTBOUNDINCFACTOR'), 2.1441515513114506) | ParamSetting(('test.params', 'param', 'CLEANING'), 'LBD2') | ParamSetting(('test.params', 'param', 'SIMP'), 'EXPENSIVE_SIMPLIFICATION') | ParamSetting(('test.params', 'param', 'LUBYFACTOR'), 303)"
2024-07-18 13:24:46,115	[DEBUG]	EXEC>  SUCCESS 15029240536.25
2024-07-18 13:24:46,115	[INFO]	43      SUCCESS               15029240536.250000 (97.49%) [4 edit(s)]  
2024-07-18 13:24:46,115	[DEBUG]	patch(43)="ParamSetting(('test.params', 'param', 'CONFLICTBOUNDINCFACTOR'), 2.1441515513114506) | ParamSetting(('test.params', 'param', 'CLEANING'), 'LBD2') | ParamSetting(('test.params', 'param', 'SIMP'), 'EXPENSIVE_SIMPLIFICATION') | ParamSetting(('test.params', 'param', 'VARDECAY'), 0.19019228513931807)"
2024-07-18 13:24:46,116	[INFO]	44      SUCCESS              +14893591042.250000 (96.61%) [2 edit(s)] [cached] 
2024-07-18 13:24:46,116	[DEBUG]	patch(44)="ParamSetting(('test.params', 'param', 'CONFLICTBOUNDINCFACTOR'), 2.1441515513114506) | ParamSetting(('test.params', 'param', 'SIMP'), 'EXPENSIVE_SIMPLIFICATION')"
2024-07-18 13:24:46,117	[INFO]	45      SUCCESS              +14893591042.250000 (96.61%) [3 edit(s)] [cached] 
2024-07-18 13:24:46,117	[DEBUG]	patch(45)="ParamSetting(('test.params', 'param', 'CONFLICTBOUNDINCFACTOR'), 2.1441515513114506) | ParamSetting(('test.params', 'param', 'SIMP'), 'EXPENSIVE_SIMPLIFICATION') | ParamSetting(('test.params', 'param', 'RESTARTS'), 'Glucose21Restarts')"
2024-07-18 13:25:29,416	[DEBUG]	EXEC>  SUCCESS 15146662740.75
2024-07-18 13:25:29,417	[INFO]	46      SUCCESS               15146662740.750000 (98.26%) [4 edit(s)]  
2024-07-18 13:25:29,417	[DEBUG]	patch(46)="ParamSetting(('test.params', 'param', 'CONFLICTBOUNDINCFACTOR'), 2.1441515513114506) | ParamSetting(('test.params', 'param', 'SIMP'), 'EXPENSIVE_SIMPLIFICATION') | ParamSetting(('test.params', 'param', 'RESTARTS'), 'Glucose21Restarts') | ParamSetting(('test.params', 'param', 'INITCONFLICTBOUND'), 15)"
2024-07-18 13:25:29,418	[INFO]	47      SUCCESS              +14893591042.250000 (96.61%) [2 edit(s)] [cached] 
2024-07-18 13:25:29,418	[DEBUG]	patch(47)="ParamSetting(('test.params', 'param', 'CONFLICTBOUNDINCFACTOR'), 2.1441515513114506) | ParamSetting(('test.params', 'param', 'SIMP'), 'EXPENSIVE_SIMPLIFICATION')"
2024-07-18 13:25:29,419	[INFO]	48      SUCCESS               15415582516.750000 (100.00%) [1 edit(s)] [cached] 
2024-07-18 13:25:29,419	[DEBUG]	patch(48)="ParamSetting(('test.params', 'param', 'SIMP'), 'EXPENSIVE_SIMPLIFICATION')"
2024-07-18 13:26:12,666	[DEBUG]	EXEC>  SUCCESS 15013467849.25
2024-07-18 13:26:12,666	[INFO]	49      SUCCESS               15013467849.250000 (97.39%) [3 edit(s)]  
2024-07-18 13:26:12,666	[DEBUG]	patch(49)="ParamSetting(('test.params', 'param', 'CONFLICTBOUNDINCFACTOR'), 2.1441515513114506) | ParamSetting(('test.params', 'param', 'SIMP'), 'EXPENSIVE_SIMPLIFICATION') | ParamSetting(('test.params', 'param', 'CLADECAY'), 0.9262812769049751)"
2024-07-18 13:26:12,668	[INFO]	50      SUCCESS              +14893591042.250000 (96.61%) [3 edit(s)] [cached] 
2024-07-18 13:26:12,668	[DEBUG]	patch(50)="ParamSetting(('test.params', 'param', 'CONFLICTBOUNDINCFACTOR'), 2.1441515513114506) | ParamSetting(('test.params', 'param', 'SIMP'), 'EXPENSIVE_SIMPLIFICATION') | ParamSetting(('test.params', 'param', 'CLEANING'), 'LBD2')"
2024-07-18 13:26:12,669	[INFO]	51      SUCCESS               15415582516.750000 (100.00%) [2 edit(s)] [cached] 
2024-07-18 13:26:12,669	[DEBUG]	patch(51)="ParamSetting(('test.params', 'param', 'SIMP'), 'EXPENSIVE_SIMPLIFICATION') | ParamSetting(('test.params', 'param', 'CLEANING'), 'LBD2')"
2024-07-18 13:26:55,782	[DEBUG]	EXEC>  SUCCESS 15013938144.0
2024-07-18 13:26:55,782	[INFO]	52      SUCCESS               15013938144.000000 (97.39%) [4 edit(s)]  
2024-07-18 13:26:55,782	[DEBUG]	patch(52)="ParamSetting(('test.params', 'param', 'CONFLICTBOUNDINCFACTOR'), 2.1441515513114506) | ParamSetting(('test.params', 'param', 'SIMP'), 'EXPENSIVE_SIMPLIFICATION') | ParamSetting(('test.params', 'param', 'CLEANING'), 'LBD2') | ParamSetting(('test.params', 'param', 'CLADECAY'), 0.2845270099853746)"
2024-07-18 13:26:55,783	[INFO]	53      SUCCESS              +14893591042.250000 (96.61%) [2 edit(s)] [cached] 
2024-07-18 13:26:55,783	[DEBUG]	patch(53)="ParamSetting(('test.params', 'param', 'CONFLICTBOUNDINCFACTOR'), 2.1441515513114506) | ParamSetting(('test.params', 'param', 'CLEANING'), 'LBD2')"
2024-07-18 13:26:55,784	[INFO]	54      SUCCESS               15415582516.750000 (100.00%) [1 edit(s)] [cached] 
2024-07-18 13:26:55,784	[DEBUG]	patch(54)="ParamSetting(('test.params', 'param', 'CLEANING'), 'LBD2')"
2024-07-18 13:27:38,792	[DEBUG]	EXEC>  SUCCESS 15295390606.0
2024-07-18 13:27:38,792	[INFO]	55      SUCCESS               15295390606.000000 (99.22%) [3 edit(s)]  
2024-07-18 13:27:38,792	[DEBUG]	patch(55)="ParamSetting(('test.params', 'param', 'CONFLICTBOUNDINCFACTOR'), 2.1441515513114506) | ParamSetting(('test.params', 'param', 'CLEANING'), 'LBD2') | ParamSetting(('test.params', 'param', 'VARDECAY'), 0.6173021831480162)"
2024-07-18 13:28:22,230	[DEBUG]	EXEC>  SUCCESS 15198551721.25
2024-07-18 13:28:22,230	[INFO]	56      SUCCESS               15198551721.250000 (98.59%) [3 edit(s)]  
2024-07-18 13:28:22,230	[DEBUG]	patch(56)="ParamSetting(('test.params', 'param', 'CONFLICTBOUNDINCFACTOR'), 2.1441515513114506) | ParamSetting(('test.params', 'param', 'CLEANING'), 'LBD2') | ParamSetting(('test.params', 'param', 'CONFLICTBOUNDINCFACTOR'), 1.737100036424909)"
2024-07-18 13:29:05,691	[DEBUG]	EXEC>  SUCCESS 15259656884.75
2024-07-18 13:29:05,692	[INFO]	57      SUCCESS               15259656884.750000 (98.99%) [3 edit(s)]  
2024-07-18 13:29:05,692	[DEBUG]	patch(57)="ParamSetting(('test.params', 'param', 'CONFLICTBOUNDINCFACTOR'), 2.1441515513114506) | ParamSetting(('test.params', 'param', 'CLEANING'), 'LBD2') | ParamSetting(('test.params', 'param', 'CLADECAY'), 0.9443644510160785)"
2024-07-18 13:29:49,630	[DEBUG]	EXEC>  SUCCESS 15189950533.25
2024-07-18 13:29:49,630	[INFO]	58      SUCCESS               15189950533.250000 (98.54%) [3 edit(s)]  
2024-07-18 13:29:49,630	[DEBUG]	patch(58)="ParamSetting(('test.params', 'param', 'CONFLICTBOUNDINCFACTOR'), 2.1441515513114506) | ParamSetting(('test.params', 'param', 'CLEANING'), 'LBD2') | ParamSetting(('test.params', 'param', 'VARDECAY'), 0.23859984249244792)"
2024-07-18 13:29:49,631	[INFO]	59      SUCCESS              +14893591042.250000 (96.61%) [1 edit(s)] [cached] 
2024-07-18 13:29:49,631	[DEBUG]	patch(59)="ParamSetting(('test.params', 'param', 'CONFLICTBOUNDINCFACTOR'), 2.1441515513114506)"
2024-07-18 13:29:49,632	[INFO]	60      SUCCESS               15415582516.750000 (100.00%) [0 edit(s)] [cached] 
2024-07-18 13:29:49,632	[DEBUG]	patch(60)=""
2024-07-18 13:30:32,858	[DEBUG]	EXEC>  SUCCESS 15123124325.0
2024-07-18 13:30:32,858	[INFO]	61      SUCCESS               15123124325.000000 (98.10%) [2 edit(s)]  
2024-07-18 13:30:32,859	[DEBUG]	patch(61)="ParamSetting(('test.params', 'param', 'CONFLICTBOUNDINCFACTOR'), 2.1441515513114506) | ParamSetting(('test.params', 'param', 'CONFLICTBOUNDINCFACTOR'), 3.471459330151354)"
2024-07-18 13:31:16,080	[DEBUG]	EXEC>  SUCCESS 15150188754.25
2024-07-18 13:31:16,080	[INFO]	62      SUCCESS               15150188754.250000 (98.28%) [2 edit(s)]  
2024-07-18 13:31:16,080	[DEBUG]	patch(62)="ParamSetting(('test.params', 'param', 'CONFLICTBOUNDINCFACTOR'), 2.1441515513114506) | ParamSetting(('test.params', 'param', 'FIXEDPERIOD'), 10571)"
2024-07-18 13:31:59,533	[DEBUG]	EXEC>  SUCCESS 15160771523.5
2024-07-18 13:31:59,533	[INFO]	63      SUCCESS               15160771523.500000 (98.35%) [2 edit(s)]  
2024-07-18 13:31:59,533	[DEBUG]	patch(63)="ParamSetting(('test.params', 'param', 'CONFLICTBOUNDINCFACTOR'), 2.1441515513114506) | ParamSetting(('test.params', 'param', 'CONFLICTBOUNDINCFACTOR'), 3.9892432759322225)"
2024-07-18 13:31:59,534	[INFO]	64      SUCCESS              +14893591042.250000 (96.61%) [2 edit(s)] [cached] 
2024-07-18 13:31:59,534	[DEBUG]	patch(64)="ParamSetting(('test.params', 'param', 'CONFLICTBOUNDINCFACTOR'), 2.1441515513114506) | ParamSetting(('test.params', 'param', 'SIMP'), 'EXPENSIVE_SIMPLIFICATION')"
2024-07-18 13:32:43,063	[DEBUG]	EXEC>  SUCCESS 15128757934.0
2024-07-18 13:32:43,063	[INFO]	65      SUCCESS               15128757934.000000 (98.14%) [3 edit(s)]  
2024-07-18 13:32:43,063	[DEBUG]	patch(65)="ParamSetting(('test.params', 'param', 'CONFLICTBOUNDINCFACTOR'), 2.1441515513114506) | ParamSetting(('test.params', 'param', 'SIMP'), 'EXPENSIVE_SIMPLIFICATION') | ParamSetting(('test.params', 'param', 'LUBYFACTOR'), 182)"
2024-07-18 13:33:26,728	[DEBUG]	EXEC>  SUCCESS 15169354590.5
2024-07-18 13:33:26,728	[INFO]	66      SUCCESS               15169354590.500000 (98.40%) [3 edit(s)]  
2024-07-18 13:33:26,728	[DEBUG]	patch(66)="ParamSetting(('test.params', 'param', 'CONFLICTBOUNDINCFACTOR'), 2.1441515513114506) | ParamSetting(('test.params', 'param', 'SIMP'), 'EXPENSIVE_SIMPLIFICATION') | ParamSetting(('test.params', 'param', 'CONFLICTBOUNDINCFACTOR'), 2.1427310450944717)"
2024-07-18 13:33:26,729	[INFO]	67      SUCCESS               15415582516.750000 (100.00%) [1 edit(s)] [cached] 
2024-07-18 13:33:26,729	[DEBUG]	patch(67)="ParamSetting(('test.params', 'param', 'SIMP'), 'EXPENSIVE_SIMPLIFICATION')"
2024-07-18 13:34:10,042	[DEBUG]	EXEC>  SUCCESS 15176727272.25
2024-07-18 13:34:10,042	[INFO]	68      SUCCESS               15176727272.250000 (98.45%) [3 edit(s)]  
2024-07-18 13:34:10,042	[DEBUG]	patch(68)="ParamSetting(('test.params', 'param', 'CONFLICTBOUNDINCFACTOR'), 2.1441515513114506) | ParamSetting(('test.params', 'param', 'SIMP'), 'EXPENSIVE_SIMPLIFICATION') | ParamSetting(('test.params', 'param', 'CLADECAY'), 0.251662713920196)"
2024-07-18 13:34:10,043	[INFO]	69      SUCCESS              +14893591042.250000 (96.61%) [1 edit(s)] [cached] 
2024-07-18 13:34:10,043	[DEBUG]	patch(69)="ParamSetting(('test.params', 'param', 'CONFLICTBOUNDINCFACTOR'), 2.1441515513114506)"
2024-07-18 13:34:52,652	[DEBUG]	EXEC>  SUCCESS 15005434303.75
2024-07-18 13:34:52,653	[INFO]	70      SUCCESS               15005434303.750000 (97.34%) [2 edit(s)]  
2024-07-18 13:34:52,653	[DEBUG]	patch(70)="ParamSetting(('test.params', 'param', 'CONFLICTBOUNDINCFACTOR'), 2.1441515513114506) | ParamSetting(('test.params', 'param', 'FIXEDPERIOD'), 11268)"
2024-07-18 13:35:36,399	[DEBUG]	EXEC>  SUCCESS 15235171393.25
2024-07-18 13:35:36,400	[INFO]	71      SUCCESS               15235171393.250000 (98.83%) [2 edit(s)]  
2024-07-18 13:35:36,400	[DEBUG]	patch(71)="ParamSetting(('test.params', 'param', 'CONFLICTBOUNDINCFACTOR'), 2.1441515513114506) | ParamSetting(('test.params', 'param', 'INITCONFLICTBOUND'), 204)"
2024-07-18 13:35:36,401	[INFO]	72      SUCCESS               15415582516.750000 (100.00%) [0 edit(s)] [cached] 
2024-07-18 13:35:36,401	[DEBUG]	patch(72)=""
2024-07-18 13:35:36,401	[INFO]	73      SUCCESS               15091193400.500000 (97.90%) [2 edit(s)] [cached] 
2024-07-18 13:35:36,402	[DEBUG]	patch(73)="ParamSetting(('test.params', 'param', 'CONFLICTBOUNDINCFACTOR'), 2.1441515513114506) | ParamSetting(('test.params', 'param', 'CLEANING'), 'LBD')"
2024-07-18 13:35:36,402	[INFO]	74      SUCCESS              +14893591042.250000 (96.61%) [2 edit(s)] [cached] 
2024-07-18 13:35:36,403	[DEBUG]	patch(74)="ParamSetting(('test.params', 'param', 'CONFLICTBOUNDINCFACTOR'), 2.1441515513114506) | ParamSetting(('test.params', 'param', 'CLEANING'), 'LBD2')"
2024-07-18 13:35:36,403	[INFO]	75      SUCCESS               15415582516.750000 (100.00%) [1 edit(s)] [cached] 
2024-07-18 13:35:36,403	[DEBUG]	patch(75)="ParamSetting(('test.params', 'param', 'CLEANING'), 'LBD2')"
2024-07-18 13:35:36,404	[INFO]	76      SUCCESS              +14893591042.250000 (96.61%) [1 edit(s)] [cached] 
2024-07-18 13:35:36,404	[DEBUG]	patch(76)="ParamSetting(('test.params', 'param', 'CONFLICTBOUNDINCFACTOR'), 2.1441515513114506)"
2024-07-18 13:36:19,956	[DEBUG]	EXEC>  SUCCESS 15202758100.25
2024-07-18 13:36:19,956	[INFO]	77      SUCCESS               15202758100.250000 (98.62%) [2 edit(s)]  
2024-07-18 13:36:19,957	[DEBUG]	patch(77)="ParamSetting(('test.params', 'param', 'CONFLICTBOUNDINCFACTOR'), 2.1441515513114506) | ParamSetting(('test.params', 'param', 'CONFLICTBOUNDINCFACTOR'), 3.65045753817782)"
2024-07-18 13:36:19,957	[INFO]	~~~~ END ~~~~
2024-07-18 13:36:19,957	[INFO]	
2024-07-18 13:36:19,957	[INFO]	==== REPORT ====
2024-07-18 13:36:19,958	[INFO]	Termination: time budget
2024-07-18 13:36:19,958	[INFO]	Retries: 4
2024-07-18 13:36:19,958	[INFO]	Log file: /home/dbouras/magpie/_magpie_logs/sat4j_1721304189.log
2024-07-18 13:36:19,958	[INFO]	Patch file: _magpie_logs/sat4j_1721304189.patch
2024-07-18 13:36:19,958	[INFO]	Diff file: _magpie_logs/sat4j_1721304189.diff
2024-07-18 13:36:19,958	[INFO]	Reference fitness: 15415582516.750000
2024-07-18 13:36:19,958	[INFO]	Best fitness: 14893591042.250000
2024-07-18 13:36:19,958	[INFO]	
2024-07-18 13:36:19,959	[INFO]	==== BEST PATCH ====
ParamSetting(('test.params', 'param', 'CONFLICTBOUNDINCFACTOR'), 2.1441515513114506)
2024-07-18 13:36:19,959	[INFO]	
2024-07-18 13:36:19,959	[INFO]	==== DIFF ====
[1m--- before: test.params[0m
[1m+++ after: test.params[0m
[36m@@ -5,6 +5,6 @@[0m
 CLADECAY := 0.999
 INITCONFLICTBOUND := 100
 VARDECAY := 0.95
[31m-CONFLICTBOUNDINCFACTOR := 2.0[0m
[32m+CONFLICTBOUNDINCFACTOR := 2.1441515513114506[0m
 SIMP := 'EXPENSIVE_SIMPLIFICATION'
 CLEANING := 'LBD2'

