2024-06-12 22:31:00,396	[DEBUG]	==== CONFIG ====
[magpie]
import = 
seed = 8515017135914854
log_dir = _magpie_logs
work_dir = _magpie_work
local_original_copy = True
local_original_name = __original__
output_encoding = ascii
edit_retries = 10
default_timeout = 30
default_lengthout = 1e6
diff_method = unified
trust_local_filesystem = True
run_timeout = 100

[magpie.log]
color_output = True
format_info = {counter:<7} {status:<20} {best}{fitness} ({ratio}) [{size}] {cached} {log}
format_debug = patch({counter})="{patch}"{diffifbest}
format_fitness = {:.6f}
format_ratio = {:.2%%}
format_patchif = 
	 --> {patch}
format_diffif = 
	{diff}

[software]
path = examples/minisat
target_files = minisat_simplified.params
software = BasicSoftware
model_rules = 
	*.params : ParamFileConfigModel
	*.xml : SrcmlModel
	* : LineModel
model_config = 
	*.params : [paramconfig]
	*.xml : [srcml]
init_cmd = bash init.sh
init_timeout = 60
init_lengthout = -1
setup_cmd = bash compile.sh
setup_timeout = 
setup_lengthout = 
compile_cmd = 
compile_timeout = 
compile_lengthout = 
test_cmd = bash test.sh
test_timeout = 
test_lengthout = 
run_cmd = ./run_rapl_energy.sh "bash run_fixed.sh"
run_timeout = 
run_lengthout = 
retries = 3
batch_timeout = 
batch_lengthout = 
batch_bin_fitness_strategy = aggregate
batch_fitness_strategy = sum
fitness = energy

[srcml]
rename = 
	stmt: break continue decl_stmt do expr_stmt for goto if return switch while
	number: literal_number
focus = block stmt operator_comp operator_arith number
internodes = block
process_pseudo_blocks = True
process_literals = True
process_operators = True

[paramconfig]
timing = test run
cli_prefix = --
cli_glue = =
cli_boolean = show
cli_boolean_prefix_true = 
cli_boolean_prefix_false = no-
cli_none = hide
silent_prefix = @
silent_suffix = $

[search]
protocol = BasicProtocol
algorithm = FirstImprovement
possible_edits = ParamSetting
warmup = 3
warmup_strategy = last
max_steps = 1000
max_time = 600
target_fitness = 
cache_maxsize = 100
cache_keep = 0.2
batch_instances = 
batch_shuffle = True
batch_bin_shuffle = False
batch_sample_size = 1

[search.ls]
delete_prob = 0.5
max_neighbours = 
when_trapped = continue
accept_fail = False
tabu_length = 10

[search.gp]
pop_size = 10
delete_prob = 0.5
offspring_elitism = 0.1
offspring_crossover = 0.5
offspring_mutation = 0.4
uniform_rate = 0.5
batch_reset = True

[search.minify]
do_cleanup = True
do_rebuild = True
do_simplify = True
round_robin_limit = 3


2024-06-12 22:31:00,396	[DEBUG]	
2024-06-12 22:31:00,396	[INFO]	==== SEARCH: FirstImprovement ====
2024-06-12 22:31:00,396	[INFO]	~~~~ WARMUP ~~~~
2024-06-12 22:31:43,863	[DEBUG]	EXEC>  SUCCESS 88660397.66666667
2024-06-12 22:31:43,863	[INFO]	WARM    SUCCESS               88660397.666667 (--) [0 edit(s)]  
2024-06-12 22:32:24,214	[DEBUG]	EXEC>  SUCCESS 88559222.0
2024-06-12 22:32:24,215	[INFO]	WARM    SUCCESS               88559222.000000 (--) [0 edit(s)]  
2024-06-12 22:33:04,470	[DEBUG]	EXEC>  SUCCESS 88835422.33333333
2024-06-12 22:33:04,471	[INFO]	WARM    SUCCESS               88835422.333333 (--) [0 edit(s)]  
2024-06-12 22:33:04,471	[INFO]	REF     SUCCESS               88835422.333333 (--) [0 edit(s)]  
2024-06-12 22:33:04,471	[INFO]	
2024-06-12 22:33:04,471	[INFO]	~~~~ START ~~~~
2024-06-12 22:33:44,773	[DEBUG]	EXEC>  SUCCESS 88711279.0
2024-06-12 22:33:44,773	[INFO]	1       SUCCESS              *88711279.000000 (99.86%) [1 edit(s)]  
2024-06-12 22:33:44,773	[DEBUG]	patch(1)="ParamSetting(('minisat_simplified.params', 'param', 'gc-frac'), 6625.868157901106)"
--- before: minisat_simplified.params
+++ after: minisat_simplified.params
@@ -1,6 +1,6 @@
 luby := 'True'
 rnd-init := 'False'
-gc-frac := 0.2
+gc-frac := 6625.868157901106
 rinc := 2.0
 var-decay := 0.95
 cla-decay := 0.999

2024-06-12 22:33:44,774	[INFO]	2       SUCCESS               88835422.333333 (100.00%) [0 edit(s)] [cached] 
2024-06-12 22:33:44,774	[DEBUG]	patch(2)=""
2024-06-12 22:34:25,061	[DEBUG]	EXEC>  SUCCESS 88848523.66666667
2024-06-12 22:34:25,062	[INFO]	3       SUCCESS               88848523.666667 (100.01%) [2 edit(s)]  
2024-06-12 22:34:25,062	[DEBUG]	patch(3)="ParamSetting(('minisat_simplified.params', 'param', 'gc-frac'), 6625.868157901106) | ParamSetting(('minisat_simplified.params', 'param', 'cl-lim'), 54871)"
2024-06-12 22:35:05,401	[DEBUG]	EXEC>  SUCCESS 89310912.66666667
2024-06-12 22:35:05,401	[INFO]	4       SUCCESS               89310912.666667 (100.54%) [2 edit(s)]  
2024-06-12 22:35:05,401	[DEBUG]	patch(4)="ParamSetting(('minisat_simplified.params', 'param', 'gc-frac'), 6625.868157901106) | ParamSetting(('minisat_simplified.params', 'param', 'elim'), 'False')"
2024-06-12 22:35:45,567	[DEBUG]	EXEC>  SUCCESS 89227197.33333333
2024-06-12 22:35:45,567	[INFO]	5       SUCCESS               89227197.333333 (100.44%) [2 edit(s)]  
2024-06-12 22:35:45,567	[DEBUG]	patch(5)="ParamSetting(('minisat_simplified.params', 'param', 'gc-frac'), 6625.868157901106) | ParamSetting(('minisat_simplified.params', 'param', 'luby'), 'False')"
2024-06-12 22:36:25,863	[DEBUG]	EXEC>  SUCCESS 89005640.66666667
2024-06-12 22:36:25,863	[INFO]	6       SUCCESS               89005640.666667 (100.19%) [2 edit(s)]  
2024-06-12 22:36:25,864	[DEBUG]	patch(6)="ParamSetting(('minisat_simplified.params', 'param', 'gc-frac'), 6625.868157901106) | ParamSetting(('minisat_simplified.params', 'param', 'rnd-seed'), 520466736)"
2024-06-12 22:37:06,169	[DEBUG]	EXEC>  SUCCESS 89422870.66666667
2024-06-12 22:37:06,169	[INFO]	7       SUCCESS               89422870.666667 (100.66%) [2 edit(s)]  
2024-06-12 22:37:06,169	[DEBUG]	patch(7)="ParamSetting(('minisat_simplified.params', 'param', 'gc-frac'), 6625.868157901106) | ParamSetting(('minisat_simplified.params', 'param', 'rnd-seed'), 60182252)"
2024-06-12 22:37:46,453	[DEBUG]	EXEC>  SUCCESS 89384578.0
2024-06-12 22:37:46,453	[INFO]	8       SUCCESS               89384578.000000 (100.62%) [2 edit(s)]  
2024-06-12 22:37:46,454	[DEBUG]	patch(8)="ParamSetting(('minisat_simplified.params', 'param', 'gc-frac'), 6625.868157901106) | ParamSetting(('minisat_simplified.params', 'param', 'rfirst'), 6580)"
2024-06-12 22:38:26,685	[DEBUG]	EXEC>  SUCCESS 89364433.0
2024-06-12 22:38:26,685	[INFO]	9       SUCCESS               89364433.000000 (100.60%) [2 edit(s)]  
2024-06-12 22:38:26,685	[DEBUG]	patch(9)="ParamSetting(('minisat_simplified.params', 'param', 'gc-frac'), 6625.868157901106) | ParamSetting(('minisat_simplified.params', 'param', 'rcheck'), 'True')"
2024-06-12 22:39:06,874	[DEBUG]	EXEC>  SUCCESS 89144987.33333333
2024-06-12 22:39:06,874	[INFO]	10      SUCCESS               89144987.333333 (100.35%) [2 edit(s)]  
2024-06-12 22:39:06,875	[DEBUG]	patch(10)="ParamSetting(('minisat_simplified.params', 'param', 'gc-frac'), 6625.868157901106) | ParamSetting(('minisat_simplified.params', 'param', 'ccmin-mode'), 1)"
2024-06-12 22:39:47,138	[DEBUG]	EXEC>  SUCCESS 89058062.66666667
2024-06-12 22:39:47,139	[INFO]	11      SUCCESS               89058062.666667 (100.25%) [2 edit(s)]  
2024-06-12 22:39:47,139	[DEBUG]	patch(11)="ParamSetting(('minisat_simplified.params', 'param', 'gc-frac'), 6625.868157901106) | ParamSetting(('minisat_simplified.params', 'param', 'simp-gc-frac'), 304476843.9373855)"
2024-06-12 22:40:27,403	[DEBUG]	EXEC>  SUCCESS 89424147.33333333
2024-06-12 22:40:27,404	[INFO]	12      SUCCESS               89424147.333333 (100.66%) [2 edit(s)]  
2024-06-12 22:40:27,404	[DEBUG]	patch(12)="ParamSetting(('minisat_simplified.params', 'param', 'gc-frac'), 6625.868157901106) | ParamSetting(('minisat_simplified.params', 'param', 'rfirst'), 10682)"
2024-06-12 22:41:07,678	[DEBUG]	EXEC>  SUCCESS 89181275.33333333
2024-06-12 22:41:07,678	[INFO]	13      SUCCESS               89181275.333333 (100.39%) [2 edit(s)]  
2024-06-12 22:41:07,678	[DEBUG]	patch(13)="ParamSetting(('minisat_simplified.params', 'param', 'gc-frac'), 6625.868157901106) | ParamSetting(('minisat_simplified.params', 'param', 'phase-saving'), 0)"
2024-06-12 22:41:47,905	[DEBUG]	EXEC>  SUCCESS 89151573.33333333
2024-06-12 22:41:47,905	[INFO]	14      SUCCESS               89151573.333333 (100.36%) [2 edit(s)]  
2024-06-12 22:41:47,906	[DEBUG]	patch(14)="ParamSetting(('minisat_simplified.params', 'param', 'gc-frac'), 6625.868157901106) | ParamSetting(('minisat_simplified.params', 'param', 'var-decay'), 0.6196786240775656)"
2024-06-12 22:42:28,080	[DEBUG]	EXEC>  SUCCESS 89161689.66666667
2024-06-12 22:42:28,080	[INFO]	15      SUCCESS               89161689.666667 (100.37%) [2 edit(s)]  
2024-06-12 22:42:28,080	[DEBUG]	patch(15)="ParamSetting(('minisat_simplified.params', 'param', 'gc-frac'), 6625.868157901106) | ParamSetting(('minisat_simplified.params', 'param', 'rinc'), 16348.282664562646)"
2024-06-12 22:43:08,295	[DEBUG]	EXEC>  SUCCESS 89217783.0
2024-06-12 22:43:08,295	[INFO]	16      SUCCESS               89217783.000000 (100.43%) [2 edit(s)]  
2024-06-12 22:43:08,295	[DEBUG]	patch(16)="ParamSetting(('minisat_simplified.params', 'param', 'gc-frac'), 6625.868157901106) | ParamSetting(('minisat_simplified.params', 'param', 'rnd-freq'), 0.272623654172628)"
2024-06-12 22:43:08,296	[INFO]	~~~~ END ~~~~
2024-06-12 22:43:08,296	[INFO]	
2024-06-12 22:43:08,296	[INFO]	==== REPORT ====
2024-06-12 22:43:08,296	[INFO]	Termination: time budget
2024-06-12 22:43:08,296	[INFO]	Retries: 3
2024-06-12 22:43:08,296	[INFO]	Log file: /home/jim/magpie/_magpie_logs/minisat_1718227860.log
2024-06-12 22:43:08,296	[INFO]	Patch file: _magpie_logs/minisat_1718227860.patch
2024-06-12 22:43:08,297	[INFO]	Diff file: _magpie_logs/minisat_1718227860.diff
2024-06-12 22:43:08,297	[INFO]	Reference fitness: 88835422.333333
2024-06-12 22:43:08,297	[INFO]	Best fitness: 88711279.000000
2024-06-12 22:43:08,297	[INFO]	
2024-06-12 22:43:08,298	[INFO]	==== BEST PATCH ====
ParamSetting(('minisat_simplified.params', 'param', 'gc-frac'), 6625.868157901106)
2024-06-12 22:43:08,298	[INFO]	
2024-06-12 22:43:08,298	[INFO]	==== DIFF ====
[1m--- before: minisat_simplified.params[0m
[1m+++ after: minisat_simplified.params[0m
[36m@@ -1,6 +1,6 @@[0m
 luby := 'True'
 rnd-init := 'False'
[31m-gc-frac := 0.2[0m
[32m+gc-frac := 6625.868157901106[0m
 rinc := 2.0
 var-decay := 0.95
 cla-decay := 0.999

