2024-07-19 23:05:27,822	[DEBUG]	==== CONFIG ====
[magpie]
import = 
seed = 45
log_dir = _magpie_logs
work_dir = _magpie_work
local_original_copy = True
local_original_name = __original__
output_encoding = ascii
edit_retries = 10
default_timeout = 30
default_lengthout = 1e6
diff_method = unified
trust_local_filesystem = True

[magpie.log]
color_output = True
format_info = {counter:<7} {status:<20} {best}{fitness} ({ratio}) [{size}] {cached} {log}
format_debug = patch({counter})="{patch}"{diffifbest}
format_fitness = {:.6f}
format_ratio = {:.2%%}
format_patchif = 
	 --> {patch}
format_diffif = 
	{diff}

[software]
path = examples/sat4j
target_files = org.sat4j.core/src/main/java/org/sat4j/minisat/core/Solver.java.xml
software = BasicSoftware
model_rules = 
	*.params : ParamFileConfigModel
	*.xml : SrcmlModel
	* : LineModel
model_config = 
	*.params : [paramconfig]
	*.xml : [srcml]
init_cmd = 
init_timeout = 60
init_lengthout = -1
setup_cmd = ant sat
setup_timeout = 
setup_lengthout = 
compile_cmd = ant sat
compile_timeout = 
compile_lengthout = 
test_cmd = bash test.sh
test_timeout = 
test_lengthout = 
run_cmd = perf stat -e instructions bash run_fixed.sh
run_timeout = 
run_lengthout = 
retries = 5
batch_timeout = 
batch_lengthout = 
batch_bin_fitness_strategy = aggregate
batch_fitness_strategy = sum
fitness = perf_instructions

[srcml]
rename = 
	stmt: break continue decl_stmt do expr_stmt for goto if return switch while
	number: literal_number
focus = block stmt operator_comp operator_arith number
internodes = block
process_pseudo_blocks = True
process_literals = True
process_operators = True

[paramconfig]
timing = test run
cli_prefix = --
cli_glue = =
cli_boolean = show
cli_boolean_prefix_true = 
cli_boolean_prefix_false = no-
cli_none = hide
silent_prefix = @
silent_suffix = $

[search]
protocol = BasicProtocol
algorithm = FirstImprovement
possible_edits = 
	SrcmlStmtReplacement
	SrcmlStmtInsertion
	SrcmlStmtDeletion
warmup = 3
warmup_strategy = last
max_steps = 10000
max_time = 1800
target_fitness = 
cache_maxsize = 100
cache_keep = 0.2
batch_instances = 
batch_shuffle = True
batch_bin_shuffle = False
batch_sample_size = 1

[search.ls]
delete_prob = 0.5
max_neighbours = 
when_trapped = continue
accept_fail = False
tabu_length = 10

[search.gp]
pop_size = 10
delete_prob = 0.5
offspring_elitism = 0.1
offspring_crossover = 0.5
offspring_mutation = 0.4
uniform_rate = 0.5
batch_reset = True

[search.minify]
do_cleanup = True
do_rebuild = True
do_simplify = True
round_robin_limit = 3


2024-07-19 23:05:27,822	[DEBUG]	
2024-07-19 23:05:27,822	[INFO]	==== SEARCH: FirstImprovement ====
2024-07-19 23:05:27,823	[INFO]	~~~~ WARMUP ~~~~
2024-07-19 23:06:40,261	[DEBUG]	EXEC>  SUCCESS 73224184408.6
2024-07-19 23:06:40,261	[INFO]	WARM    SUCCESS               73224184408.600006 (--) [0 edit(s)]  
2024-07-19 23:07:42,566	[DEBUG]	EXEC>  SUCCESS 73279265947.6
2024-07-19 23:07:42,567	[INFO]	WARM    SUCCESS               73279265947.600006 (--) [0 edit(s)]  
2024-07-19 23:08:43,380	[DEBUG]	EXEC>  SUCCESS 73599323011.4
2024-07-19 23:08:43,380	[INFO]	WARM    SUCCESS               73599323011.399994 (--) [0 edit(s)]  
2024-07-19 23:08:43,380	[INFO]	REF     SUCCESS               73599323011.399994 (--) [0 edit(s)]  
2024-07-19 23:08:43,380	[INFO]	
2024-07-19 23:08:43,380	[INFO]	~~~~ START ~~~~
2024-07-19 23:08:48,079	[INFO]	1       COMPILE_CODE_ERROR    None (--) [1 edit(s)]  
2024-07-19 23:08:48,079	[DEBUG]	patch(1)="SrcmlStmtInsertion(('org.sat4j.core/src/main/java/org/sat4j/minisat/core/Solver.java.xml', '_inter_block', 527), ('org.sat4j.core/src/main/java/org/sat4j/minisat/core/Solver.java.xml', 'stmt', 310))"
2024-07-19 23:08:50,004	[INFO]	2       COMPILE_CODE_ERROR    None (--) [1 edit(s)]  
2024-07-19 23:08:50,004	[DEBUG]	patch(2)="SrcmlStmtInsertion(('org.sat4j.core/src/main/java/org/sat4j/minisat/core/Solver.java.xml', '_inter_block', 991), ('org.sat4j.core/src/main/java/org/sat4j/minisat/core/Solver.java.xml', 'stmt', 117))"
2024-07-19 23:08:54,742	[INFO]	3       COMPILE_CODE_ERROR    None (--) [1 edit(s)]  
2024-07-19 23:08:54,742	[DEBUG]	patch(3)="SrcmlStmtInsertion(('org.sat4j.core/src/main/java/org/sat4j/minisat/core/Solver.java.xml', '_inter_block', 1522), ('org.sat4j.core/src/main/java/org/sat4j/minisat/core/Solver.java.xml', 'stmt', 920))"
2024-07-19 23:08:59,374	[INFO]	4       COMPILE_CODE_ERROR    None (--) [1 edit(s)]  
2024-07-19 23:08:59,374	[DEBUG]	patch(4)="SrcmlStmtDeletion(('org.sat4j.core/src/main/java/org/sat4j/minisat/core/Solver.java.xml', 'stmt', 138))"
2024-07-19 23:10:01,078	[DEBUG]	EXEC>  SUCCESS 73137517754.0
2024-07-19 23:10:01,078	[INFO]	5       SUCCESS              *73137517754.000000 (99.37%) [1 edit(s)]  
2024-07-19 23:10:01,078	[DEBUG]	patch(5)="SrcmlStmtInsertion(('org.sat4j.core/src/main/java/org/sat4j/minisat/core/Solver.java.xml', '_inter_block', 1557), ('org.sat4j.core/src/main/java/org/sat4j/minisat/core/Solver.java.xml', 'stmt', 76))"
--- before: org.sat4j.core/src/main/java/org/sat4j/minisat/core/Solver.java
+++ after: org.sat4j.core/src/main/java/org/sat4j/minisat/core/Solver.java
@@ -2479,6 +2479,7 @@
 
     public void setKeepSolverHot(boolean keepHot) {
         this.keepHot = keepHot;
+        this.timeBasedTimeout = false;
     }
 
     private final Comparator<Integer> trailComparator() {

2024-07-19 23:10:05,494	[INFO]	6       COMPILE_CODE_ERROR    None (--) [2 edit(s)]  
2024-07-19 23:10:05,494	[DEBUG]	patch(6)="SrcmlStmtInsertion(('org.sat4j.core/src/main/java/org/sat4j/minisat/core/Solver.java.xml', '_inter_block', 1557), ('org.sat4j.core/src/main/java/org/sat4j/minisat/core/Solver.java.xml', 'stmt', 76)) | SrcmlStmtReplacement(('org.sat4j.core/src/main/java/org/sat4j/minisat/core/Solver.java.xml', 'stmt', 176), ('org.sat4j.core/src/main/java/org/sat4j/minisat/core/Solver.java.xml', 'stmt', 257))"
2024-07-19 23:10:05,505	[INFO]	7       SUCCESS               73599323011.399994 (100.00%) [0 edit(s)] [cached] 
2024-07-19 23:10:05,505	[DEBUG]	patch(7)=""
2024-07-19 23:10:10,247	[INFO]	8       COMPILE_CODE_ERROR    None (--) [2 edit(s)]  
2024-07-19 23:10:10,248	[DEBUG]	patch(8)="SrcmlStmtInsertion(('org.sat4j.core/src/main/java/org/sat4j/minisat/core/Solver.java.xml', '_inter_block', 1557), ('org.sat4j.core/src/main/java/org/sat4j/minisat/core/Solver.java.xml', 'stmt', 76)) | SrcmlStmtDeletion(('org.sat4j.core/src/main/java/org/sat4j/minisat/core/Solver.java.xml', 'stmt', 607))"
2024-07-19 23:10:14,703	[INFO]	9       COMPILE_CODE_ERROR    None (--) [2 edit(s)]  
2024-07-19 23:10:14,703	[DEBUG]	patch(9)="SrcmlStmtInsertion(('org.sat4j.core/src/main/java/org/sat4j/minisat/core/Solver.java.xml', '_inter_block', 1557), ('org.sat4j.core/src/main/java/org/sat4j/minisat/core/Solver.java.xml', 'stmt', 76)) | SrcmlStmtInsertion(('org.sat4j.core/src/main/java/org/sat4j/minisat/core/Solver.java.xml', '_inter_block', 719), ('org.sat4j.core/src/main/java/org/sat4j/minisat/core/Solver.java.xml', 'stmt', 641))"
2024-07-19 23:10:19,109	[INFO]	10      COMPILE_CODE_ERROR    None (--) [2 edit(s)]  
2024-07-19 23:10:19,109	[DEBUG]	patch(10)="SrcmlStmtInsertion(('org.sat4j.core/src/main/java/org/sat4j/minisat/core/Solver.java.xml', '_inter_block', 1557), ('org.sat4j.core/src/main/java/org/sat4j/minisat/core/Solver.java.xml', 'stmt', 76)) | SrcmlStmtReplacement(('org.sat4j.core/src/main/java/org/sat4j/minisat/core/Solver.java.xml', 'stmt', 300), ('org.sat4j.core/src/main/java/org/sat4j/minisat/core/Solver.java.xml', 'stmt', 424))"
2024-07-19 23:11:20,637	[DEBUG]	EXEC>  SUCCESS 73352881101.4
2024-07-19 23:11:20,637	[INFO]	11      SUCCESS               73352881101.399994 (99.67%) [2 edit(s)]  
2024-07-19 23:11:20,637	[DEBUG]	patch(11)="SrcmlStmtInsertion(('org.sat4j.core/src/main/java/org/sat4j/minisat/core/Solver.java.xml', '_inter_block', 1557), ('org.sat4j.core/src/main/java/org/sat4j/minisat/core/Solver.java.xml', 'stmt', 76)) | SrcmlStmtDeletion(('org.sat4j.core/src/main/java/org/sat4j/minisat/core/Solver.java.xml', 'stmt', 63))"
2024-07-19 23:11:25,557	[INFO]	12      COMPILE_CODE_ERROR    None (--) [2 edit(s)]  
2024-07-19 23:11:25,557	[DEBUG]	patch(12)="SrcmlStmtInsertion(('org.sat4j.core/src/main/java/org/sat4j/minisat/core/Solver.java.xml', '_inter_block', 1557), ('org.sat4j.core/src/main/java/org/sat4j/minisat/core/Solver.java.xml', 'stmt', 76)) | SrcmlStmtDeletion(('org.sat4j.core/src/main/java/org/sat4j/minisat/core/Solver.java.xml', 'stmt', 639))"
2024-07-19 23:12:27,772	[DEBUG]	EXEC>  SUCCESS 74631840686.2
2024-07-19 23:12:27,772	[INFO]	13      SUCCESS               74631840686.199997 (101.40%) [2 edit(s)]  
2024-07-19 23:12:27,772	[DEBUG]	patch(13)="SrcmlStmtInsertion(('org.sat4j.core/src/main/java/org/sat4j/minisat/core/Solver.java.xml', '_inter_block', 1557), ('org.sat4j.core/src/main/java/org/sat4j/minisat/core/Solver.java.xml', 'stmt', 76)) | SrcmlStmtDeletion(('org.sat4j.core/src/main/java/org/sat4j/minisat/core/Solver.java.xml', 'stmt', 325))"
2024-07-19 23:12:29,625	[INFO]	14      COMPILE_CODE_ERROR    None (--) [2 edit(s)]  
2024-07-19 23:12:29,625	[DEBUG]	patch(14)="SrcmlStmtInsertion(('org.sat4j.core/src/main/java/org/sat4j/minisat/core/Solver.java.xml', '_inter_block', 1557), ('org.sat4j.core/src/main/java/org/sat4j/minisat/core/Solver.java.xml', 'stmt', 76)) | SrcmlStmtInsertion(('org.sat4j.core/src/main/java/org/sat4j/minisat/core/Solver.java.xml', '_inter_block', 674), ('org.sat4j.core/src/main/java/org/sat4j/minisat/core/Solver.java.xml', 'stmt', 994))"
2024-07-19 23:13:30,671	[DEBUG]	EXEC>  SUCCESS 73294103375.0
2024-07-19 23:13:30,671	[INFO]	15      SUCCESS               73294103375.000000 (99.59%) [2 edit(s)]  
2024-07-19 23:13:30,671	[DEBUG]	patch(15)="SrcmlStmtInsertion(('org.sat4j.core/src/main/java/org/sat4j/minisat/core/Solver.java.xml', '_inter_block', 1557), ('org.sat4j.core/src/main/java/org/sat4j/minisat/core/Solver.java.xml', 'stmt', 76)) | SrcmlStmtDeletion(('org.sat4j.core/src/main/java/org/sat4j/minisat/core/Solver.java.xml', 'stmt', 864))"
2024-07-19 23:13:34,839	[INFO]	16      COMPILE_CODE_ERROR    None (--) [2 edit(s)]  
2024-07-19 23:13:34,839	[DEBUG]	patch(16)="SrcmlStmtInsertion(('org.sat4j.core/src/main/java/org/sat4j/minisat/core/Solver.java.xml', '_inter_block', 1557), ('org.sat4j.core/src/main/java/org/sat4j/minisat/core/Solver.java.xml', 'stmt', 76)) | SrcmlStmtReplacement(('org.sat4j.core/src/main/java/org/sat4j/minisat/core/Solver.java.xml', 'stmt', 709), ('org.sat4j.core/src/main/java/org/sat4j/minisat/core/Solver.java.xml', 'stmt', 1001))"
2024-07-19 23:13:39,648	[INFO]	17      COMPILE_CODE_ERROR    None (--) [2 edit(s)]  
2024-07-19 23:13:39,649	[DEBUG]	patch(17)="SrcmlStmtInsertion(('org.sat4j.core/src/main/java/org/sat4j/minisat/core/Solver.java.xml', '_inter_block', 1557), ('org.sat4j.core/src/main/java/org/sat4j/minisat/core/Solver.java.xml', 'stmt', 76)) | SrcmlStmtInsertion(('org.sat4j.core/src/main/java/org/sat4j/minisat/core/Solver.java.xml', '_inter_block', 1569), ('org.sat4j.core/src/main/java/org/sat4j/minisat/core/Solver.java.xml', 'stmt', 905))"
2024-07-19 23:13:44,394	[INFO]	18      COMPILE_CODE_ERROR    None (--) [2 edit(s)]  
2024-07-19 23:13:44,394	[DEBUG]	patch(18)="SrcmlStmtInsertion(('org.sat4j.core/src/main/java/org/sat4j/minisat/core/Solver.java.xml', '_inter_block', 1557), ('org.sat4j.core/src/main/java/org/sat4j/minisat/core/Solver.java.xml', 'stmt', 76)) | SrcmlStmtInsertion(('org.sat4j.core/src/main/java/org/sat4j/minisat/core/Solver.java.xml', '_inter_block', 1209), ('org.sat4j.core/src/main/java/org/sat4j/minisat/core/Solver.java.xml', 'stmt', 888))"
2024-07-19 23:13:48,938	[INFO]	19      COMPILE_CODE_ERROR    None (--) [2 edit(s)]  
2024-07-19 23:13:48,938	[DEBUG]	patch(19)="SrcmlStmtInsertion(('org.sat4j.core/src/main/java/org/sat4j/minisat/core/Solver.java.xml', '_inter_block', 1557), ('org.sat4j.core/src/main/java/org/sat4j/minisat/core/Solver.java.xml', 'stmt', 76)) | SrcmlStmtInsertion(('org.sat4j.core/src/main/java/org/sat4j/minisat/core/Solver.java.xml', '_inter_block', 1176), ('org.sat4j.core/src/main/java/org/sat4j/minisat/core/Solver.java.xml', 'stmt', 916))"
2024-07-19 23:13:52,810	[INFO]	20      COMPILE_CODE_ERROR    None (--) [2 edit(s)]  
2024-07-19 23:13:52,810	[DEBUG]	patch(20)="SrcmlStmtInsertion(('org.sat4j.core/src/main/java/org/sat4j/minisat/core/Solver.java.xml', '_inter_block', 1557), ('org.sat4j.core/src/main/java/org/sat4j/minisat/core/Solver.java.xml', 'stmt', 76)) | SrcmlStmtInsertion(('org.sat4j.core/src/main/java/org/sat4j/minisat/core/Solver.java.xml', '_inter_block', 1077), ('org.sat4j.core/src/main/java/org/sat4j/minisat/core/Solver.java.xml', 'stmt', 607))"
2024-07-19 23:13:57,355	[INFO]	21      COMPILE_CODE_ERROR    None (--) [2 edit(s)]  
2024-07-19 23:13:57,355	[DEBUG]	patch(21)="SrcmlStmtInsertion(('org.sat4j.core/src/main/java/org/sat4j/minisat/core/Solver.java.xml', '_inter_block', 1557), ('org.sat4j.core/src/main/java/org/sat4j/minisat/core/Solver.java.xml', 'stmt', 76)) | SrcmlStmtInsertion(('org.sat4j.core/src/main/java/org/sat4j/minisat/core/Solver.java.xml', '_inter_block', 789), ('org.sat4j.core/src/main/java/org/sat4j/minisat/core/Solver.java.xml', 'stmt', 852))"
2024-07-19 23:14:01,413	[INFO]	22      COMPILE_CODE_ERROR    None (--) [2 edit(s)]  
2024-07-19 23:14:01,414	[DEBUG]	patch(22)="SrcmlStmtInsertion(('org.sat4j.core/src/main/java/org/sat4j/minisat/core/Solver.java.xml', '_inter_block', 1557), ('org.sat4j.core/src/main/java/org/sat4j/minisat/core/Solver.java.xml', 'stmt', 76)) | SrcmlStmtDeletion(('org.sat4j.core/src/main/java/org/sat4j/minisat/core/Solver.java.xml', 'stmt', 605))"
2024-07-19 23:15:03,006	[DEBUG]	EXEC>  SUCCESS 69948392887.6
2024-07-19 23:15:03,007	[INFO]	23      SUCCESS              *69948392887.600006 (95.04%) [2 edit(s)]  
2024-07-19 23:15:03,007	[DEBUG]	patch(23)="SrcmlStmtInsertion(('org.sat4j.core/src/main/java/org/sat4j/minisat/core/Solver.java.xml', '_inter_block', 1557), ('org.sat4j.core/src/main/java/org/sat4j/minisat/core/Solver.java.xml', 'stmt', 76)) | SrcmlStmtDeletion(('org.sat4j.core/src/main/java/org/sat4j/minisat/core/Solver.java.xml', 'stmt', 622))"
--- before: org.sat4j.core/src/main/java/org/sat4j/minisat/core/Solver.java
+++ after: org.sat4j.core/src/main/java/org/sat4j/minisat/core/Solver.java
@@ -1578,7 +1578,7 @@
     protected final void reduceDB() {
         this.stats.incReduceddb();
         this.slistener.cleaning();
-        this.learnedConstraintsDeletionStrategy.reduce(this.learnts);
+        
     }
 
     protected ActivityComparator getActivityComparator() {
@@ -2479,6 +2479,7 @@
 
     public void setKeepSolverHot(boolean keepHot) {
         this.keepHot = keepHot;
+        this.timeBasedTimeout = false;
     }
 
     private final Comparator<Integer> trailComparator() {

2024-07-19 23:15:07,700	[INFO]	24      COMPILE_CODE_ERROR    None (--) [3 edit(s)]  
2024-07-19 23:15:07,701	[DEBUG]	patch(24)="SrcmlStmtInsertion(('org.sat4j.core/src/main/java/org/sat4j/minisat/core/Solver.java.xml', '_inter_block', 1557), ('org.sat4j.core/src/main/java/org/sat4j/minisat/core/Solver.java.xml', 'stmt', 76)) | SrcmlStmtDeletion(('org.sat4j.core/src/main/java/org/sat4j/minisat/core/Solver.java.xml', 'stmt', 622)) | SrcmlStmtReplacement(('org.sat4j.core/src/main/java/org/sat4j/minisat/core/Solver.java.xml', 'stmt', 1008), ('org.sat4j.core/src/main/java/org/sat4j/minisat/core/Solver.java.xml', 'stmt', 740))"
2024-07-19 23:16:10,067	[DEBUG]	EXEC>  SUCCESS 70971238326.0
2024-07-19 23:16:10,067	[INFO]	25      SUCCESS               70971238326.000000 (96.43%) [1 edit(s)]  
2024-07-19 23:16:10,067	[DEBUG]	patch(25)="SrcmlStmtDeletion(('org.sat4j.core/src/main/java/org/sat4j/minisat/core/Solver.java.xml', 'stmt', 622))"
2024-07-19 23:16:14,385	[INFO]	26      COMPILE_CODE_ERROR    None (--) [3 edit(s)]  
2024-07-19 23:16:14,385	[DEBUG]	patch(26)="SrcmlStmtInsertion(('org.sat4j.core/src/main/java/org/sat4j/minisat/core/Solver.java.xml', '_inter_block', 1557), ('org.sat4j.core/src/main/java/org/sat4j/minisat/core/Solver.java.xml', 'stmt', 76)) | SrcmlStmtDeletion(('org.sat4j.core/src/main/java/org/sat4j/minisat/core/Solver.java.xml', 'stmt', 622)) | SrcmlStmtInsertion(('org.sat4j.core/src/main/java/org/sat4j/minisat/core/Solver.java.xml', '_inter_block', 818), ('org.sat4j.core/src/main/java/org/sat4j/minisat/core/Solver.java.xml', 'stmt', 390))"
2024-07-19 23:16:18,791	[INFO]	27      COMPILE_CODE_ERROR    None (--) [3 edit(s)]  
2024-07-19 23:16:18,791	[DEBUG]	patch(27)="SrcmlStmtInsertion(('org.sat4j.core/src/main/java/org/sat4j/minisat/core/Solver.java.xml', '_inter_block', 1557), ('org.sat4j.core/src/main/java/org/sat4j/minisat/core/Solver.java.xml', 'stmt', 76)) | SrcmlStmtDeletion(('org.sat4j.core/src/main/java/org/sat4j/minisat/core/Solver.java.xml', 'stmt', 622)) | SrcmlStmtReplacement(('org.sat4j.core/src/main/java/org/sat4j/minisat/core/Solver.java.xml', 'stmt', 338), ('org.sat4j.core/src/main/java/org/sat4j/minisat/core/Solver.java.xml', 'stmt', 932))"
2024-07-19 23:17:21,802	[DEBUG]	EXEC>  SUCCESS 71055108236.4
2024-07-19 23:17:21,802	[INFO]	28      SUCCESS               71055108236.399994 (96.54%) [3 edit(s)]  
2024-07-19 23:17:21,802	[DEBUG]	patch(28)="SrcmlStmtInsertion(('org.sat4j.core/src/main/java/org/sat4j/minisat/core/Solver.java.xml', '_inter_block', 1557), ('org.sat4j.core/src/main/java/org/sat4j/minisat/core/Solver.java.xml', 'stmt', 76)) | SrcmlStmtDeletion(('org.sat4j.core/src/main/java/org/sat4j/minisat/core/Solver.java.xml', 'stmt', 622)) | SrcmlStmtDeletion(('org.sat4j.core/src/main/java/org/sat4j/minisat/core/Solver.java.xml', 'stmt', 278))"
2024-07-19 23:17:26,594	[INFO]	29      COMPILE_CODE_ERROR    None (--) [3 edit(s)]  
2024-07-19 23:17:26,594	[DEBUG]	patch(29)="SrcmlStmtInsertion(('org.sat4j.core/src/main/java/org/sat4j/minisat/core/Solver.java.xml', '_inter_block', 1557), ('org.sat4j.core/src/main/java/org/sat4j/minisat/core/Solver.java.xml', 'stmt', 76)) | SrcmlStmtDeletion(('org.sat4j.core/src/main/java/org/sat4j/minisat/core/Solver.java.xml', 'stmt', 622)) | SrcmlStmtInsertion(('org.sat4j.core/src/main/java/org/sat4j/minisat/core/Solver.java.xml', '_inter_block', 1095), ('org.sat4j.core/src/main/java/org/sat4j/minisat/core/Solver.java.xml', 'stmt', 241))"
2024-07-19 23:17:31,016	[INFO]	30      COMPILE_CODE_ERROR    None (--) [3 edit(s)]  
2024-07-19 23:17:31,016	[DEBUG]	patch(30)="SrcmlStmtInsertion(('org.sat4j.core/src/main/java/org/sat4j/minisat/core/Solver.java.xml', '_inter_block', 1557), ('org.sat4j.core/src/main/java/org/sat4j/minisat/core/Solver.java.xml', 'stmt', 76)) | SrcmlStmtDeletion(('org.sat4j.core/src/main/java/org/sat4j/minisat/core/Solver.java.xml', 'stmt', 622)) | SrcmlStmtReplacement(('org.sat4j.core/src/main/java/org/sat4j/minisat/core/Solver.java.xml', 'stmt', 979), ('org.sat4j.core/src/main/java/org/sat4j/minisat/core/Solver.java.xml', 'stmt', 82))"
2024-07-19 23:17:35,581	[INFO]	31      COMPILE_CODE_ERROR    None (--) [3 edit(s)]  
2024-07-19 23:17:35,581	[DEBUG]	patch(31)="SrcmlStmtInsertion(('org.sat4j.core/src/main/java/org/sat4j/minisat/core/Solver.java.xml', '_inter_block', 1557), ('org.sat4j.core/src/main/java/org/sat4j/minisat/core/Solver.java.xml', 'stmt', 76)) | SrcmlStmtDeletion(('org.sat4j.core/src/main/java/org/sat4j/minisat/core/Solver.java.xml', 'stmt', 622)) | SrcmlStmtDeletion(('org.sat4j.core/src/main/java/org/sat4j/minisat/core/Solver.java.xml', 'stmt', 356))"
2024-07-19 23:17:35,600	[INFO]	32      SUCCESS               73137517754.000000 (99.37%) [1 edit(s)] [cached] 
2024-07-19 23:17:35,600	[DEBUG]	patch(32)="SrcmlStmtInsertion(('org.sat4j.core/src/main/java/org/sat4j/minisat/core/Solver.java.xml', '_inter_block', 1557), ('org.sat4j.core/src/main/java/org/sat4j/minisat/core/Solver.java.xml', 'stmt', 76))"
2024-07-19 23:17:39,926	[INFO]	33      COMPILE_CODE_ERROR    None (--) [3 edit(s)]  
2024-07-19 23:17:39,927	[DEBUG]	patch(33)="SrcmlStmtInsertion(('org.sat4j.core/src/main/java/org/sat4j/minisat/core/Solver.java.xml', '_inter_block', 1557), ('org.sat4j.core/src/main/java/org/sat4j/minisat/core/Solver.java.xml', 'stmt', 76)) | SrcmlStmtDeletion(('org.sat4j.core/src/main/java/org/sat4j/minisat/core/Solver.java.xml', 'stmt', 622)) | SrcmlStmtReplacement(('org.sat4j.core/src/main/java/org/sat4j/minisat/core/Solver.java.xml', 'stmt', 774), ('org.sat4j.core/src/main/java/org/sat4j/minisat/core/Solver.java.xml', 'stmt', 649))"
2024-07-19 23:18:43,544	[DEBUG]	EXEC>  SUCCESS 72712631095.4
2024-07-19 23:18:43,545	[INFO]	34      SUCCESS               72712631095.399994 (98.80%) [3 edit(s)]  
2024-07-19 23:18:43,545	[DEBUG]	patch(34)="SrcmlStmtInsertion(('org.sat4j.core/src/main/java/org/sat4j/minisat/core/Solver.java.xml', '_inter_block', 1557), ('org.sat4j.core/src/main/java/org/sat4j/minisat/core/Solver.java.xml', 'stmt', 76)) | SrcmlStmtDeletion(('org.sat4j.core/src/main/java/org/sat4j/minisat/core/Solver.java.xml', 'stmt', 622)) | SrcmlStmtDeletion(('org.sat4j.core/src/main/java/org/sat4j/minisat/core/Solver.java.xml', 'stmt', 362))"
2024-07-19 23:19:42,615	[DEBUG]	EXEC>  SUCCESS 71319113533.8
2024-07-19 23:19:42,615	[INFO]	35      SUCCESS               71319113533.800003 (96.90%) [3 edit(s)]  
2024-07-19 23:19:42,615	[DEBUG]	patch(35)="SrcmlStmtInsertion(('org.sat4j.core/src/main/java/org/sat4j/minisat/core/Solver.java.xml', '_inter_block', 1557), ('org.sat4j.core/src/main/java/org/sat4j/minisat/core/Solver.java.xml', 'stmt', 76)) | SrcmlStmtDeletion(('org.sat4j.core/src/main/java/org/sat4j/minisat/core/Solver.java.xml', 'stmt', 622)) | SrcmlStmtDeletion(('org.sat4j.core/src/main/java/org/sat4j/minisat/core/Solver.java.xml', 'stmt', 536))"
2024-07-19 23:19:44,408	[INFO]	36      COMPILE_CODE_ERROR    None (--) [3 edit(s)]  
2024-07-19 23:19:44,408	[DEBUG]	patch(36)="SrcmlStmtInsertion(('org.sat4j.core/src/main/java/org/sat4j/minisat/core/Solver.java.xml', '_inter_block', 1557), ('org.sat4j.core/src/main/java/org/sat4j/minisat/core/Solver.java.xml', 'stmt', 76)) | SrcmlStmtDeletion(('org.sat4j.core/src/main/java/org/sat4j/minisat/core/Solver.java.xml', 'stmt', 622)) | SrcmlStmtInsertion(('org.sat4j.core/src/main/java/org/sat4j/minisat/core/Solver.java.xml', '_inter_block', 89), ('org.sat4j.core/src/main/java/org/sat4j/minisat/core/Solver.java.xml', 'stmt', 739))"
2024-07-19 23:19:54,661	[INFO]	37      TEST_CODE_ERROR       None (--) [3 edit(s)]  
2024-07-19 23:19:54,661	[DEBUG]	patch(37)="SrcmlStmtInsertion(('org.sat4j.core/src/main/java/org/sat4j/minisat/core/Solver.java.xml', '_inter_block', 1557), ('org.sat4j.core/src/main/java/org/sat4j/minisat/core/Solver.java.xml', 'stmt', 76)) | SrcmlStmtDeletion(('org.sat4j.core/src/main/java/org/sat4j/minisat/core/Solver.java.xml', 'stmt', 622)) | SrcmlStmtDeletion(('org.sat4j.core/src/main/java/org/sat4j/minisat/core/Solver.java.xml', 'stmt', 43))"
2024-07-19 23:19:58,790	[INFO]	38      COMPILE_CODE_ERROR    None (--) [3 edit(s)]  
2024-07-19 23:19:58,790	[DEBUG]	patch(38)="SrcmlStmtInsertion(('org.sat4j.core/src/main/java/org/sat4j/minisat/core/Solver.java.xml', '_inter_block', 1557), ('org.sat4j.core/src/main/java/org/sat4j/minisat/core/Solver.java.xml', 'stmt', 76)) | SrcmlStmtDeletion(('org.sat4j.core/src/main/java/org/sat4j/minisat/core/Solver.java.xml', 'stmt', 622)) | SrcmlStmtDeletion(('org.sat4j.core/src/main/java/org/sat4j/minisat/core/Solver.java.xml', 'stmt', 345))"
2024-07-19 23:20:54,609	[DEBUG]	EXEC>  SUCCESS 70836752167.8
2024-07-19 23:20:54,610	[INFO]	39      SUCCESS               70836752167.800003 (96.25%) [3 edit(s)]  
2024-07-19 23:20:54,610	[DEBUG]	patch(39)="SrcmlStmtInsertion(('org.sat4j.core/src/main/java/org/sat4j/minisat/core/Solver.java.xml', '_inter_block', 1557), ('org.sat4j.core/src/main/java/org/sat4j/minisat/core/Solver.java.xml', 'stmt', 76)) | SrcmlStmtDeletion(('org.sat4j.core/src/main/java/org/sat4j/minisat/core/Solver.java.xml', 'stmt', 622)) | SrcmlStmtInsertion(('org.sat4j.core/src/main/java/org/sat4j/minisat/core/Solver.java.xml', '_inter_block', 356), ('org.sat4j.core/src/main/java/org/sat4j/minisat/core/Solver.java.xml', 'stmt', 799))"
2024-07-19 23:20:59,039	[INFO]	40      COMPILE_CODE_ERROR    None (--) [3 edit(s)]  
2024-07-19 23:20:59,039	[DEBUG]	patch(40)="SrcmlStmtInsertion(('org.sat4j.core/src/main/java/org/sat4j/minisat/core/Solver.java.xml', '_inter_block', 1557), ('org.sat4j.core/src/main/java/org/sat4j/minisat/core/Solver.java.xml', 'stmt', 76)) | SrcmlStmtDeletion(('org.sat4j.core/src/main/java/org/sat4j/minisat/core/Solver.java.xml', 'stmt', 622)) | SrcmlStmtInsertion(('org.sat4j.core/src/main/java/org/sat4j/minisat/core/Solver.java.xml', '_inter_block', 1264), ('org.sat4j.core/src/main/java/org/sat4j/minisat/core/Solver.java.xml', 'stmt', 147))"
2024-07-19 23:20:59,058	[INFO]	41      SUCCESS              +69948392887.600006 (95.04%) [3 edit(s)] [cached] 
2024-07-19 23:20:59,058	[DEBUG]	patch(41)="SrcmlStmtInsertion(('org.sat4j.core/src/main/java/org/sat4j/minisat/core/Solver.java.xml', '_inter_block', 1557), ('org.sat4j.core/src/main/java/org/sat4j/minisat/core/Solver.java.xml', 'stmt', 76)) | SrcmlStmtDeletion(('org.sat4j.core/src/main/java/org/sat4j/minisat/core/Solver.java.xml', 'stmt', 622)) | SrcmlStmtReplacement(('org.sat4j.core/src/main/java/org/sat4j/minisat/core/Solver.java.xml', 'stmt', 967), ('org.sat4j.core/src/main/java/org/sat4j/minisat/core/Solver.java.xml', 'stmt', 955))"
2024-07-19 23:20:59,074	[INFO]	42      SUCCESS              +69948392887.600006 (95.04%) [2 edit(s)] [cached] 
2024-07-19 23:20:59,074	[DEBUG]	patch(42)="SrcmlStmtInsertion(('org.sat4j.core/src/main/java/org/sat4j/minisat/core/Solver.java.xml', '_inter_block', 1557), ('org.sat4j.core/src/main/java/org/sat4j/minisat/core/Solver.java.xml', 'stmt', 76)) | SrcmlStmtDeletion(('org.sat4j.core/src/main/java/org/sat4j/minisat/core/Solver.java.xml', 'stmt', 622))"
2024-07-19 23:21:03,429	[INFO]	43      COMPILE_CODE_ERROR    None (--) [3 edit(s)]  
2024-07-19 23:21:03,429	[DEBUG]	patch(43)="SrcmlStmtInsertion(('org.sat4j.core/src/main/java/org/sat4j/minisat/core/Solver.java.xml', '_inter_block', 1557), ('org.sat4j.core/src/main/java/org/sat4j/minisat/core/Solver.java.xml', 'stmt', 76)) | SrcmlStmtDeletion(('org.sat4j.core/src/main/java/org/sat4j/minisat/core/Solver.java.xml', 'stmt', 622)) | SrcmlStmtInsertion(('org.sat4j.core/src/main/java/org/sat4j/minisat/core/Solver.java.xml', '_inter_block', 1220), ('org.sat4j.core/src/main/java/org/sat4j/minisat/core/Solver.java.xml', 'stmt', 191))"
2024-07-19 23:21:07,833	[INFO]	44      COMPILE_CODE_ERROR    None (--) [3 edit(s)]  
2024-07-19 23:21:07,833	[DEBUG]	patch(44)="SrcmlStmtInsertion(('org.sat4j.core/src/main/java/org/sat4j/minisat/core/Solver.java.xml', '_inter_block', 1557), ('org.sat4j.core/src/main/java/org/sat4j/minisat/core/Solver.java.xml', 'stmt', 76)) | SrcmlStmtDeletion(('org.sat4j.core/src/main/java/org/sat4j/minisat/core/Solver.java.xml', 'stmt', 622)) | SrcmlStmtDeletion(('org.sat4j.core/src/main/java/org/sat4j/minisat/core/Solver.java.xml', 'stmt', 365))"
2024-07-19 23:21:07,845	[INFO]	45      SUCCESS               70971238326.000000 (96.43%) [1 edit(s)] [cached] 
2024-07-19 23:21:07,845	[DEBUG]	patch(45)="SrcmlStmtDeletion(('org.sat4j.core/src/main/java/org/sat4j/minisat/core/Solver.java.xml', 'stmt', 622))"
2024-07-19 23:21:07,860	[INFO]	46      SUCCESS               73137517754.000000 (99.37%) [1 edit(s)] [cached] 
2024-07-19 23:21:07,861	[DEBUG]	patch(46)="SrcmlStmtInsertion(('org.sat4j.core/src/main/java/org/sat4j/minisat/core/Solver.java.xml', '_inter_block', 1557), ('org.sat4j.core/src/main/java/org/sat4j/minisat/core/Solver.java.xml', 'stmt', 76))"
2024-07-19 23:21:11,917	[INFO]	47      COMPILE_CODE_ERROR    None (--) [3 edit(s)]  
2024-07-19 23:21:11,917	[DEBUG]	patch(47)="SrcmlStmtInsertion(('org.sat4j.core/src/main/java/org/sat4j/minisat/core/Solver.java.xml', '_inter_block', 1557), ('org.sat4j.core/src/main/java/org/sat4j/minisat/core/Solver.java.xml', 'stmt', 76)) | SrcmlStmtDeletion(('org.sat4j.core/src/main/java/org/sat4j/minisat/core/Solver.java.xml', 'stmt', 622)) | SrcmlStmtReplacement(('org.sat4j.core/src/main/java/org/sat4j/minisat/core/Solver.java.xml', 'stmt', 807), ('org.sat4j.core/src/main/java/org/sat4j/minisat/core/Solver.java.xml', 'stmt', 358))"
2024-07-19 23:21:15,748	[INFO]	48      COMPILE_CODE_ERROR    None (--) [3 edit(s)]  
2024-07-19 23:21:15,748	[DEBUG]	patch(48)="SrcmlStmtInsertion(('org.sat4j.core/src/main/java/org/sat4j/minisat/core/Solver.java.xml', '_inter_block', 1557), ('org.sat4j.core/src/main/java/org/sat4j/minisat/core/Solver.java.xml', 'stmt', 76)) | SrcmlStmtDeletion(('org.sat4j.core/src/main/java/org/sat4j/minisat/core/Solver.java.xml', 'stmt', 622)) | SrcmlStmtInsertion(('org.sat4j.core/src/main/java/org/sat4j/minisat/core/Solver.java.xml', '_inter_block', 809), ('org.sat4j.core/src/main/java/org/sat4j/minisat/core/Solver.java.xml', 'stmt', 951))"
2024-07-19 23:21:20,076	[INFO]	49      COMPILE_CODE_ERROR    None (--) [3 edit(s)]  
2024-07-19 23:21:20,076	[DEBUG]	patch(49)="SrcmlStmtInsertion(('org.sat4j.core/src/main/java/org/sat4j/minisat/core/Solver.java.xml', '_inter_block', 1557), ('org.sat4j.core/src/main/java/org/sat4j/minisat/core/Solver.java.xml', 'stmt', 76)) | SrcmlStmtDeletion(('org.sat4j.core/src/main/java/org/sat4j/minisat/core/Solver.java.xml', 'stmt', 622)) | SrcmlStmtReplacement(('org.sat4j.core/src/main/java/org/sat4j/minisat/core/Solver.java.xml', 'stmt', 484), ('org.sat4j.core/src/main/java/org/sat4j/minisat/core/Solver.java.xml', 'stmt', 884))"
2024-07-19 23:21:23,899	[INFO]	50      COMPILE_CODE_ERROR    None (--) [3 edit(s)]  
2024-07-19 23:21:23,900	[DEBUG]	patch(50)="SrcmlStmtInsertion(('org.sat4j.core/src/main/java/org/sat4j/minisat/core/Solver.java.xml', '_inter_block', 1557), ('org.sat4j.core/src/main/java/org/sat4j/minisat/core/Solver.java.xml', 'stmt', 76)) | SrcmlStmtDeletion(('org.sat4j.core/src/main/java/org/sat4j/minisat/core/Solver.java.xml', 'stmt', 622)) | SrcmlStmtInsertion(('org.sat4j.core/src/main/java/org/sat4j/minisat/core/Solver.java.xml', '_inter_block', 526), ('org.sat4j.core/src/main/java/org/sat4j/minisat/core/Solver.java.xml', 'stmt', 191))"
2024-07-19 23:22:20,345	[DEBUG]	EXEC>  SUCCESS 70464412073.8
2024-07-19 23:22:20,346	[INFO]	51      SUCCESS               70464412073.800003 (95.74%) [3 edit(s)]  
2024-07-19 23:22:20,346	[DEBUG]	patch(51)="SrcmlStmtInsertion(('org.sat4j.core/src/main/java/org/sat4j/minisat/core/Solver.java.xml', '_inter_block', 1557), ('org.sat4j.core/src/main/java/org/sat4j/minisat/core/Solver.java.xml', 'stmt', 76)) | SrcmlStmtDeletion(('org.sat4j.core/src/main/java/org/sat4j/minisat/core/Solver.java.xml', 'stmt', 622)) | SrcmlStmtDeletion(('org.sat4j.core/src/main/java/org/sat4j/minisat/core/Solver.java.xml', 'stmt', 955))"
2024-07-19 23:22:24,739	[INFO]	52      COMPILE_CODE_ERROR    None (--) [3 edit(s)]  
2024-07-19 23:22:24,739	[DEBUG]	patch(52)="SrcmlStmtInsertion(('org.sat4j.core/src/main/java/org/sat4j/minisat/core/Solver.java.xml', '_inter_block', 1557), ('org.sat4j.core/src/main/java/org/sat4j/minisat/core/Solver.java.xml', 'stmt', 76)) | SrcmlStmtDeletion(('org.sat4j.core/src/main/java/org/sat4j/minisat/core/Solver.java.xml', 'stmt', 622)) | SrcmlStmtInsertion(('org.sat4j.core/src/main/java/org/sat4j/minisat/core/Solver.java.xml', '_inter_block', 1371), ('org.sat4j.core/src/main/java/org/sat4j/minisat/core/Solver.java.xml', 'stmt', 176))"
2024-07-19 23:22:29,069	[INFO]	53      COMPILE_CODE_ERROR    None (--) [3 edit(s)]  
2024-07-19 23:22:29,069	[DEBUG]	patch(53)="SrcmlStmtInsertion(('org.sat4j.core/src/main/java/org/sat4j/minisat/core/Solver.java.xml', '_inter_block', 1557), ('org.sat4j.core/src/main/java/org/sat4j/minisat/core/Solver.java.xml', 'stmt', 76)) | SrcmlStmtDeletion(('org.sat4j.core/src/main/java/org/sat4j/minisat/core/Solver.java.xml', 'stmt', 622)) | SrcmlStmtDeletion(('org.sat4j.core/src/main/java/org/sat4j/minisat/core/Solver.java.xml', 'stmt', 349))"
2024-07-19 23:23:25,833	[DEBUG]	EXEC>  SUCCESS 71267364824.0
2024-07-19 23:23:25,833	[INFO]	54      SUCCESS               71267364824.000000 (96.83%) [3 edit(s)]  
2024-07-19 23:23:25,833	[DEBUG]	patch(54)="SrcmlStmtInsertion(('org.sat4j.core/src/main/java/org/sat4j/minisat/core/Solver.java.xml', '_inter_block', 1557), ('org.sat4j.core/src/main/java/org/sat4j/minisat/core/Solver.java.xml', 'stmt', 76)) | SrcmlStmtDeletion(('org.sat4j.core/src/main/java/org/sat4j/minisat/core/Solver.java.xml', 'stmt', 622)) | SrcmlStmtInsertion(('org.sat4j.core/src/main/java/org/sat4j/minisat/core/Solver.java.xml', '_inter_block', 997), ('org.sat4j.core/src/main/java/org/sat4j/minisat/core/Solver.java.xml', 'stmt', 733))"
2024-07-19 23:23:29,907	[INFO]	55      COMPILE_CODE_ERROR    None (--) [3 edit(s)]  
2024-07-19 23:23:29,907	[DEBUG]	patch(55)="SrcmlStmtInsertion(('org.sat4j.core/src/main/java/org/sat4j/minisat/core/Solver.java.xml', '_inter_block', 1557), ('org.sat4j.core/src/main/java/org/sat4j/minisat/core/Solver.java.xml', 'stmt', 76)) | SrcmlStmtDeletion(('org.sat4j.core/src/main/java/org/sat4j/minisat/core/Solver.java.xml', 'stmt', 622)) | SrcmlStmtInsertion(('org.sat4j.core/src/main/java/org/sat4j/minisat/core/Solver.java.xml', '_inter_block', 1105), ('org.sat4j.core/src/main/java/org/sat4j/minisat/core/Solver.java.xml', 'stmt', 228))"
2024-07-19 23:24:25,856	[DEBUG]	EXEC>  SUCCESS 70432466037.8
2024-07-19 23:24:25,856	[INFO]	56      SUCCESS               70432466037.800003 (95.70%) [3 edit(s)]  
2024-07-19 23:24:25,857	[DEBUG]	patch(56)="SrcmlStmtInsertion(('org.sat4j.core/src/main/java/org/sat4j/minisat/core/Solver.java.xml', '_inter_block', 1557), ('org.sat4j.core/src/main/java/org/sat4j/minisat/core/Solver.java.xml', 'stmt', 76)) | SrcmlStmtDeletion(('org.sat4j.core/src/main/java/org/sat4j/minisat/core/Solver.java.xml', 'stmt', 622)) | SrcmlStmtDeletion(('org.sat4j.core/src/main/java/org/sat4j/minisat/core/Solver.java.xml', 'stmt', 583))"
2024-07-19 23:24:30,275	[INFO]	57      COMPILE_CODE_ERROR    None (--) [3 edit(s)]  
2024-07-19 23:24:30,275	[DEBUG]	patch(57)="SrcmlStmtInsertion(('org.sat4j.core/src/main/java/org/sat4j/minisat/core/Solver.java.xml', '_inter_block', 1557), ('org.sat4j.core/src/main/java/org/sat4j/minisat/core/Solver.java.xml', 'stmt', 76)) | SrcmlStmtDeletion(('org.sat4j.core/src/main/java/org/sat4j/minisat/core/Solver.java.xml', 'stmt', 622)) | SrcmlStmtInsertion(('org.sat4j.core/src/main/java/org/sat4j/minisat/core/Solver.java.xml', '_inter_block', 773), ('org.sat4j.core/src/main/java/org/sat4j/minisat/core/Solver.java.xml', 'stmt', 515))"
2024-07-19 23:24:34,735	[INFO]	58      COMPILE_CODE_ERROR    None (--) [3 edit(s)]  
2024-07-19 23:24:34,735	[DEBUG]	patch(58)="SrcmlStmtInsertion(('org.sat4j.core/src/main/java/org/sat4j/minisat/core/Solver.java.xml', '_inter_block', 1557), ('org.sat4j.core/src/main/java/org/sat4j/minisat/core/Solver.java.xml', 'stmt', 76)) | SrcmlStmtDeletion(('org.sat4j.core/src/main/java/org/sat4j/minisat/core/Solver.java.xml', 'stmt', 622)) | SrcmlStmtInsertion(('org.sat4j.core/src/main/java/org/sat4j/minisat/core/Solver.java.xml', '_inter_block', 536), ('org.sat4j.core/src/main/java/org/sat4j/minisat/core/Solver.java.xml', 'stmt', 960))"
2024-07-19 23:25:31,950	[DEBUG]	EXEC>  SUCCESS 72379477324.4
2024-07-19 23:25:31,950	[INFO]	59      SUCCESS               72379477324.399994 (98.34%) [3 edit(s)]  
2024-07-19 23:25:31,951	[DEBUG]	patch(59)="SrcmlStmtInsertion(('org.sat4j.core/src/main/java/org/sat4j/minisat/core/Solver.java.xml', '_inter_block', 1557), ('org.sat4j.core/src/main/java/org/sat4j/minisat/core/Solver.java.xml', 'stmt', 76)) | SrcmlStmtDeletion(('org.sat4j.core/src/main/java/org/sat4j/minisat/core/Solver.java.xml', 'stmt', 622)) | SrcmlStmtInsertion(('org.sat4j.core/src/main/java/org/sat4j/minisat/core/Solver.java.xml', '_inter_block', 1296), ('org.sat4j.core/src/main/java/org/sat4j/minisat/core/Solver.java.xml', 'stmt', 429))"
2024-07-19 23:26:27,403	[DEBUG]	EXEC>  SUCCESS 68910027913.4
2024-07-19 23:26:27,403	[INFO]	60      SUCCESS              *68910027913.399994 (93.63%) [3 edit(s)]  
2024-07-19 23:26:27,403	[DEBUG]	patch(60)="SrcmlStmtInsertion(('org.sat4j.core/src/main/java/org/sat4j/minisat/core/Solver.java.xml', '_inter_block', 1557), ('org.sat4j.core/src/main/java/org/sat4j/minisat/core/Solver.java.xml', 'stmt', 76)) | SrcmlStmtDeletion(('org.sat4j.core/src/main/java/org/sat4j/minisat/core/Solver.java.xml', 'stmt', 622)) | SrcmlStmtReplacement(('org.sat4j.core/src/main/java/org/sat4j/minisat/core/Solver.java.xml', 'stmt', 837), ('org.sat4j.core/src/main/java/org/sat4j/minisat/core/Solver.java.xml', 'stmt', 903))"
--- before: org.sat4j.core/src/main/java/org/sat4j/minisat/core/Solver.java
+++ after: org.sat4j.core/src/main/java/org/sat4j/minisat/core/Solver.java
@@ -1578,7 +1578,7 @@
     protected final void reduceDB() {
         this.stats.incReduceddb();
         this.slistener.cleaning();
-        this.learnedConstraintsDeletionStrategy.reduce(this.learnts);
+        
     }
 
     protected ActivityComparator getActivityComparator() {
@@ -2093,7 +2093,9 @@
         out.println(prefix + "speed (assignments/second)\t: " //$NON-NLS-1$
                 + this.stats.getPropagations() / cputime);
         this.order.printStat(out, prefix);
-        printLearntClausesInfos(out, prefix);
+        if (!trailLim.isEmpty() && trailLim.last() == trail.size()) {
+            trailLim.pop();
+        }
     }
 
     /*
@@ -2479,6 +2481,7 @@
 
     public void setKeepSolverHot(boolean keepHot) {
         this.keepHot = keepHot;
+        this.timeBasedTimeout = false;
     }
 
     private final Comparator<Integer> trailComparator() {

2024-07-19 23:26:27,421	[INFO]	61      SUCCESS               69948392887.600006 (95.04%) [2 edit(s)] [cached] 
2024-07-19 23:26:27,421	[DEBUG]	patch(61)="SrcmlStmtInsertion(('org.sat4j.core/src/main/java/org/sat4j/minisat/core/Solver.java.xml', '_inter_block', 1557), ('org.sat4j.core/src/main/java/org/sat4j/minisat/core/Solver.java.xml', 'stmt', 76)) | SrcmlStmtDeletion(('org.sat4j.core/src/main/java/org/sat4j/minisat/core/Solver.java.xml', 'stmt', 622))"
2024-07-19 23:26:37,927	[INFO]	62      TEST_CODE_ERROR       None (--) [4 edit(s)]  
2024-07-19 23:26:37,927	[DEBUG]	patch(62)="SrcmlStmtInsertion(('org.sat4j.core/src/main/java/org/sat4j/minisat/core/Solver.java.xml', '_inter_block', 1557), ('org.sat4j.core/src/main/java/org/sat4j/minisat/core/Solver.java.xml', 'stmt', 76)) | SrcmlStmtDeletion(('org.sat4j.core/src/main/java/org/sat4j/minisat/core/Solver.java.xml', 'stmt', 622)) | SrcmlStmtReplacement(('org.sat4j.core/src/main/java/org/sat4j/minisat/core/Solver.java.xml', 'stmt', 837), ('org.sat4j.core/src/main/java/org/sat4j/minisat/core/Solver.java.xml', 'stmt', 903)) | SrcmlStmtInsertion(('org.sat4j.core/src/main/java/org/sat4j/minisat/core/Solver.java.xml', '_inter_block', 210), ('org.sat4j.core/src/main/java/org/sat4j/minisat/core/Solver.java.xml', 'stmt', 906))"
2024-07-19 23:26:42,362	[INFO]	63      COMPILE_CODE_ERROR    None (--) [4 edit(s)]  
2024-07-19 23:26:42,362	[DEBUG]	patch(63)="SrcmlStmtInsertion(('org.sat4j.core/src/main/java/org/sat4j/minisat/core/Solver.java.xml', '_inter_block', 1557), ('org.sat4j.core/src/main/java/org/sat4j/minisat/core/Solver.java.xml', 'stmt', 76)) | SrcmlStmtDeletion(('org.sat4j.core/src/main/java/org/sat4j/minisat/core/Solver.java.xml', 'stmt', 622)) | SrcmlStmtReplacement(('org.sat4j.core/src/main/java/org/sat4j/minisat/core/Solver.java.xml', 'stmt', 837), ('org.sat4j.core/src/main/java/org/sat4j/minisat/core/Solver.java.xml', 'stmt', 903)) | SrcmlStmtDeletion(('org.sat4j.core/src/main/java/org/sat4j/minisat/core/Solver.java.xml', 'stmt', 256))"
2024-07-19 23:26:46,884	[INFO]	64      COMPILE_CODE_ERROR    None (--) [4 edit(s)]  
2024-07-19 23:26:46,884	[DEBUG]	patch(64)="SrcmlStmtInsertion(('org.sat4j.core/src/main/java/org/sat4j/minisat/core/Solver.java.xml', '_inter_block', 1557), ('org.sat4j.core/src/main/java/org/sat4j/minisat/core/Solver.java.xml', 'stmt', 76)) | SrcmlStmtDeletion(('org.sat4j.core/src/main/java/org/sat4j/minisat/core/Solver.java.xml', 'stmt', 622)) | SrcmlStmtReplacement(('org.sat4j.core/src/main/java/org/sat4j/minisat/core/Solver.java.xml', 'stmt', 837), ('org.sat4j.core/src/main/java/org/sat4j/minisat/core/Solver.java.xml', 'stmt', 903)) | SrcmlStmtInsertion(('org.sat4j.core/src/main/java/org/sat4j/minisat/core/Solver.java.xml', '_inter_block', 1541), ('org.sat4j.core/src/main/java/org/sat4j/minisat/core/Solver.java.xml', 'stmt', 860))"
2024-07-19 23:26:51,248	[INFO]	65      COMPILE_CODE_ERROR    None (--) [4 edit(s)]  
2024-07-19 23:26:51,248	[DEBUG]	patch(65)="SrcmlStmtInsertion(('org.sat4j.core/src/main/java/org/sat4j/minisat/core/Solver.java.xml', '_inter_block', 1557), ('org.sat4j.core/src/main/java/org/sat4j/minisat/core/Solver.java.xml', 'stmt', 76)) | SrcmlStmtDeletion(('org.sat4j.core/src/main/java/org/sat4j/minisat/core/Solver.java.xml', 'stmt', 622)) | SrcmlStmtReplacement(('org.sat4j.core/src/main/java/org/sat4j/minisat/core/Solver.java.xml', 'stmt', 837), ('org.sat4j.core/src/main/java/org/sat4j/minisat/core/Solver.java.xml', 'stmt', 903)) | SrcmlStmtDeletion(('org.sat4j.core/src/main/java/org/sat4j/minisat/core/Solver.java.xml', 'stmt', 282))"
2024-07-19 23:26:55,395	[INFO]	66      COMPILE_CODE_ERROR    None (--) [4 edit(s)]  
2024-07-19 23:26:55,395	[DEBUG]	patch(66)="SrcmlStmtInsertion(('org.sat4j.core/src/main/java/org/sat4j/minisat/core/Solver.java.xml', '_inter_block', 1557), ('org.sat4j.core/src/main/java/org/sat4j/minisat/core/Solver.java.xml', 'stmt', 76)) | SrcmlStmtDeletion(('org.sat4j.core/src/main/java/org/sat4j/minisat/core/Solver.java.xml', 'stmt', 622)) | SrcmlStmtReplacement(('org.sat4j.core/src/main/java/org/sat4j/minisat/core/Solver.java.xml', 'stmt', 837), ('org.sat4j.core/src/main/java/org/sat4j/minisat/core/Solver.java.xml', 'stmt', 903)) | SrcmlStmtReplacement(('org.sat4j.core/src/main/java/org/sat4j/minisat/core/Solver.java.xml', 'stmt', 787), ('org.sat4j.core/src/main/java/org/sat4j/minisat/core/Solver.java.xml', 'stmt', 922))"
2024-07-19 23:27:50,584	[DEBUG]	EXEC>  SUCCESS 70686045782.6
2024-07-19 23:27:50,585	[INFO]	67      SUCCESS               70686045782.600006 (96.04%) [2 edit(s)]  
2024-07-19 23:27:50,585	[DEBUG]	patch(67)="SrcmlStmtInsertion(('org.sat4j.core/src/main/java/org/sat4j/minisat/core/Solver.java.xml', '_inter_block', 1557), ('org.sat4j.core/src/main/java/org/sat4j/minisat/core/Solver.java.xml', 'stmt', 76)) | SrcmlStmtReplacement(('org.sat4j.core/src/main/java/org/sat4j/minisat/core/Solver.java.xml', 'stmt', 837), ('org.sat4j.core/src/main/java/org/sat4j/minisat/core/Solver.java.xml', 'stmt', 903))"
2024-07-19 23:27:54,866	[INFO]	68      COMPILE_CODE_ERROR    None (--) [4 edit(s)]  
2024-07-19 23:27:54,866	[DEBUG]	patch(68)="SrcmlStmtInsertion(('org.sat4j.core/src/main/java/org/sat4j/minisat/core/Solver.java.xml', '_inter_block', 1557), ('org.sat4j.core/src/main/java/org/sat4j/minisat/core/Solver.java.xml', 'stmt', 76)) | SrcmlStmtDeletion(('org.sat4j.core/src/main/java/org/sat4j/minisat/core/Solver.java.xml', 'stmt', 622)) | SrcmlStmtReplacement(('org.sat4j.core/src/main/java/org/sat4j/minisat/core/Solver.java.xml', 'stmt', 837), ('org.sat4j.core/src/main/java/org/sat4j/minisat/core/Solver.java.xml', 'stmt', 903)) | SrcmlStmtInsertion(('org.sat4j.core/src/main/java/org/sat4j/minisat/core/Solver.java.xml', '_inter_block', 237), ('org.sat4j.core/src/main/java/org/sat4j/minisat/core/Solver.java.xml', 'stmt', 501))"
2024-07-19 23:28:50,298	[DEBUG]	EXEC>  SUCCESS 68374595570.4
2024-07-19 23:28:50,299	[INFO]	69      SUCCESS              *68374595570.400002 (92.90%) [4 edit(s)]  
2024-07-19 23:28:50,299	[DEBUG]	patch(69)="SrcmlStmtInsertion(('org.sat4j.core/src/main/java/org/sat4j/minisat/core/Solver.java.xml', '_inter_block', 1557), ('org.sat4j.core/src/main/java/org/sat4j/minisat/core/Solver.java.xml', 'stmt', 76)) | SrcmlStmtDeletion(('org.sat4j.core/src/main/java/org/sat4j/minisat/core/Solver.java.xml', 'stmt', 622)) | SrcmlStmtReplacement(('org.sat4j.core/src/main/java/org/sat4j/minisat/core/Solver.java.xml', 'stmt', 837), ('org.sat4j.core/src/main/java/org/sat4j/minisat/core/Solver.java.xml', 'stmt', 903)) | SrcmlStmtInsertion(('org.sat4j.core/src/main/java/org/sat4j/minisat/core/Solver.java.xml', '_inter_block', 1394), ('org.sat4j.core/src/main/java/org/sat4j/minisat/core/Solver.java.xml', 'stmt', 747))"
--- before: org.sat4j.core/src/main/java/org/sat4j/minisat/core/Solver.java
+++ after: org.sat4j.core/src/main/java/org/sat4j/minisat/core/Solver.java
@@ -1578,7 +1578,7 @@
     protected final void reduceDB() {
         this.stats.incReduceddb();
         this.slistener.cleaning();
-        this.learnedConstraintsDeletionStrategy.reduce(this.learnts);
+        
     }
 
     protected ActivityComparator getActivityComparator() {
@@ -2093,7 +2093,9 @@
         out.println(prefix + "speed (assignments/second)\t: " //$NON-NLS-1$
                 + this.stats.getPropagations() / cputime);
         this.order.printStat(out, prefix);
-        printLearntClausesInfos(out, prefix);
+        if (!trailLim.isEmpty() && trailLim.last() == trail.size()) {
+            trailLim.pop();
+        }
     }
 
     /*
@@ -2131,6 +2133,7 @@
         if (isSolverKeptHot()) {
             stb.append(
                     "Heuristics kept accross calls (keep the solver \"hot\")\n");
+            this.restarter.init(this.params, this.stats);
             stb.append(prefix);
         }
         stb.append("Listener: ");
@@ -2479,6 +2482,7 @@
 
     public void setKeepSolverHot(boolean keepHot) {
         this.keepHot = keepHot;
+        this.timeBasedTimeout = false;
     }
 
     private final Comparator<Integer> trailComparator() {

2024-07-19 23:28:52,162	[INFO]	70      COMPILE_CODE_ERROR    None (--) [5 edit(s)]  
2024-07-19 23:28:52,162	[DEBUG]	patch(70)="SrcmlStmtInsertion(('org.sat4j.core/src/main/java/org/sat4j/minisat/core/Solver.java.xml', '_inter_block', 1557), ('org.sat4j.core/src/main/java/org/sat4j/minisat/core/Solver.java.xml', 'stmt', 76)) | SrcmlStmtDeletion(('org.sat4j.core/src/main/java/org/sat4j/minisat/core/Solver.java.xml', 'stmt', 622)) | SrcmlStmtReplacement(('org.sat4j.core/src/main/java/org/sat4j/minisat/core/Solver.java.xml', 'stmt', 837), ('org.sat4j.core/src/main/java/org/sat4j/minisat/core/Solver.java.xml', 'stmt', 903)) | SrcmlStmtInsertion(('org.sat4j.core/src/main/java/org/sat4j/minisat/core/Solver.java.xml', '_inter_block', 1394), ('org.sat4j.core/src/main/java/org/sat4j/minisat/core/Solver.java.xml', 'stmt', 747)) | SrcmlStmtReplacement(('org.sat4j.core/src/main/java/org/sat4j/minisat/core/Solver.java.xml', 'stmt', 994), ('org.sat4j.core/src/main/java/org/sat4j/minisat/core/Solver.java.xml', 'stmt', 355))"
2024-07-19 23:29:45,935	[DEBUG]	EXEC>  SUCCESS 69873578602.8
2024-07-19 23:29:45,935	[INFO]	71      SUCCESS               69873578602.800003 (94.94%) [3 edit(s)]  
2024-07-19 23:29:45,935	[DEBUG]	patch(71)="SrcmlStmtInsertion(('org.sat4j.core/src/main/java/org/sat4j/minisat/core/Solver.java.xml', '_inter_block', 1557), ('org.sat4j.core/src/main/java/org/sat4j/minisat/core/Solver.java.xml', 'stmt', 76)) | SrcmlStmtReplacement(('org.sat4j.core/src/main/java/org/sat4j/minisat/core/Solver.java.xml', 'stmt', 837), ('org.sat4j.core/src/main/java/org/sat4j/minisat/core/Solver.java.xml', 'stmt', 903)) | SrcmlStmtInsertion(('org.sat4j.core/src/main/java/org/sat4j/minisat/core/Solver.java.xml', '_inter_block', 1394), ('org.sat4j.core/src/main/java/org/sat4j/minisat/core/Solver.java.xml', 'stmt', 747))"
2024-07-19 23:30:41,163	[DEBUG]	EXEC>  SUCCESS 67683122089.0
2024-07-19 23:30:41,163	[INFO]	72      SUCCESS              *67683122089.000000 (91.96%) [3 edit(s)]  
2024-07-19 23:30:41,164	[DEBUG]	patch(72)="SrcmlStmtDeletion(('org.sat4j.core/src/main/java/org/sat4j/minisat/core/Solver.java.xml', 'stmt', 622)) | SrcmlStmtReplacement(('org.sat4j.core/src/main/java/org/sat4j/minisat/core/Solver.java.xml', 'stmt', 837), ('org.sat4j.core/src/main/java/org/sat4j/minisat/core/Solver.java.xml', 'stmt', 903)) | SrcmlStmtInsertion(('org.sat4j.core/src/main/java/org/sat4j/minisat/core/Solver.java.xml', '_inter_block', 1394), ('org.sat4j.core/src/main/java/org/sat4j/minisat/core/Solver.java.xml', 'stmt', 747))"
--- before: org.sat4j.core/src/main/java/org/sat4j/minisat/core/Solver.java
+++ after: org.sat4j.core/src/main/java/org/sat4j/minisat/core/Solver.java
@@ -1578,7 +1578,7 @@
     protected final void reduceDB() {
         this.stats.incReduceddb();
         this.slistener.cleaning();
-        this.learnedConstraintsDeletionStrategy.reduce(this.learnts);
+        
     }
 
     protected ActivityComparator getActivityComparator() {
@@ -2093,7 +2093,9 @@
         out.println(prefix + "speed (assignments/second)\t: " //$NON-NLS-1$
                 + this.stats.getPropagations() / cputime);
         this.order.printStat(out, prefix);
-        printLearntClausesInfos(out, prefix);
+        if (!trailLim.isEmpty() && trailLim.last() == trail.size()) {
+            trailLim.pop();
+        }
     }
 
     /*
@@ -2131,6 +2133,7 @@
         if (isSolverKeptHot()) {
             stb.append(
                     "Heuristics kept accross calls (keep the solver \"hot\")\n");
+            this.restarter.init(this.params, this.stats);
             stb.append(prefix);
         }
         stb.append("Listener: ");

2024-07-19 23:30:43,078	[INFO]	73      COMPILE_CODE_ERROR    None (--) [4 edit(s)]  
2024-07-19 23:30:43,078	[DEBUG]	patch(73)="SrcmlStmtDeletion(('org.sat4j.core/src/main/java/org/sat4j/minisat/core/Solver.java.xml', 'stmt', 622)) | SrcmlStmtReplacement(('org.sat4j.core/src/main/java/org/sat4j/minisat/core/Solver.java.xml', 'stmt', 837), ('org.sat4j.core/src/main/java/org/sat4j/minisat/core/Solver.java.xml', 'stmt', 903)) | SrcmlStmtInsertion(('org.sat4j.core/src/main/java/org/sat4j/minisat/core/Solver.java.xml', '_inter_block', 1394), ('org.sat4j.core/src/main/java/org/sat4j/minisat/core/Solver.java.xml', 'stmt', 747)) | SrcmlStmtReplacement(('org.sat4j.core/src/main/java/org/sat4j/minisat/core/Solver.java.xml', 'stmt', 957), ('org.sat4j.core/src/main/java/org/sat4j/minisat/core/Solver.java.xml', 'stmt', 658))"
2024-07-19 23:31:39,939	[DEBUG]	EXEC>  SUCCESS 71705393025.2
2024-07-19 23:31:39,939	[INFO]	74      SUCCESS               71705393025.199997 (97.43%) [2 edit(s)]  
2024-07-19 23:31:39,939	[DEBUG]	patch(74)="SrcmlStmtDeletion(('org.sat4j.core/src/main/java/org/sat4j/minisat/core/Solver.java.xml', 'stmt', 622)) | SrcmlStmtInsertion(('org.sat4j.core/src/main/java/org/sat4j/minisat/core/Solver.java.xml', '_inter_block', 1394), ('org.sat4j.core/src/main/java/org/sat4j/minisat/core/Solver.java.xml', 'stmt', 747))"
2024-07-19 23:32:34,739	[DEBUG]	EXEC>  SUCCESS 69382732605.4
2024-07-19 23:32:34,739	[INFO]	75      SUCCESS               69382732605.399994 (94.27%) [4 edit(s)]  
2024-07-19 23:32:34,740	[DEBUG]	patch(75)="SrcmlStmtDeletion(('org.sat4j.core/src/main/java/org/sat4j/minisat/core/Solver.java.xml', 'stmt', 622)) | SrcmlStmtReplacement(('org.sat4j.core/src/main/java/org/sat4j/minisat/core/Solver.java.xml', 'stmt', 837), ('org.sat4j.core/src/main/java/org/sat4j/minisat/core/Solver.java.xml', 'stmt', 903)) | SrcmlStmtInsertion(('org.sat4j.core/src/main/java/org/sat4j/minisat/core/Solver.java.xml', '_inter_block', 1394), ('org.sat4j.core/src/main/java/org/sat4j/minisat/core/Solver.java.xml', 'stmt', 747)) | SrcmlStmtDeletion(('org.sat4j.core/src/main/java/org/sat4j/minisat/core/Solver.java.xml', 'stmt', 480))"
2024-07-19 23:32:38,933	[INFO]	76      COMPILE_CODE_ERROR    None (--) [4 edit(s)]  
2024-07-19 23:32:38,933	[DEBUG]	patch(76)="SrcmlStmtDeletion(('org.sat4j.core/src/main/java/org/sat4j/minisat/core/Solver.java.xml', 'stmt', 622)) | SrcmlStmtReplacement(('org.sat4j.core/src/main/java/org/sat4j/minisat/core/Solver.java.xml', 'stmt', 837), ('org.sat4j.core/src/main/java/org/sat4j/minisat/core/Solver.java.xml', 'stmt', 903)) | SrcmlStmtInsertion(('org.sat4j.core/src/main/java/org/sat4j/minisat/core/Solver.java.xml', '_inter_block', 1394), ('org.sat4j.core/src/main/java/org/sat4j/minisat/core/Solver.java.xml', 'stmt', 747)) | SrcmlStmtDeletion(('org.sat4j.core/src/main/java/org/sat4j/minisat/core/Solver.java.xml', 'stmt', 345))"
2024-07-19 23:32:42,953	[INFO]	77      COMPILE_CODE_ERROR    None (--) [4 edit(s)]  
2024-07-19 23:32:42,953	[DEBUG]	patch(77)="SrcmlStmtDeletion(('org.sat4j.core/src/main/java/org/sat4j/minisat/core/Solver.java.xml', 'stmt', 622)) | SrcmlStmtReplacement(('org.sat4j.core/src/main/java/org/sat4j/minisat/core/Solver.java.xml', 'stmt', 837), ('org.sat4j.core/src/main/java/org/sat4j/minisat/core/Solver.java.xml', 'stmt', 903)) | SrcmlStmtInsertion(('org.sat4j.core/src/main/java/org/sat4j/minisat/core/Solver.java.xml', '_inter_block', 1394), ('org.sat4j.core/src/main/java/org/sat4j/minisat/core/Solver.java.xml', 'stmt', 747)) | SrcmlStmtReplacement(('org.sat4j.core/src/main/java/org/sat4j/minisat/core/Solver.java.xml', 'stmt', 553), ('org.sat4j.core/src/main/java/org/sat4j/minisat/core/Solver.java.xml', 'stmt', 533))"
2024-07-19 23:33:37,760	[DEBUG]	EXEC>  SUCCESS 67680383007.2
2024-07-19 23:33:37,760	[INFO]	78      SUCCESS              *67680383007.199997 (91.96%) [4 edit(s)]  
2024-07-19 23:33:37,760	[DEBUG]	patch(78)="SrcmlStmtDeletion(('org.sat4j.core/src/main/java/org/sat4j/minisat/core/Solver.java.xml', 'stmt', 622)) | SrcmlStmtReplacement(('org.sat4j.core/src/main/java/org/sat4j/minisat/core/Solver.java.xml', 'stmt', 837), ('org.sat4j.core/src/main/java/org/sat4j/minisat/core/Solver.java.xml', 'stmt', 903)) | SrcmlStmtInsertion(('org.sat4j.core/src/main/java/org/sat4j/minisat/core/Solver.java.xml', '_inter_block', 1394), ('org.sat4j.core/src/main/java/org/sat4j/minisat/core/Solver.java.xml', 'stmt', 747)) | SrcmlStmtDeletion(('org.sat4j.core/src/main/java/org/sat4j/minisat/core/Solver.java.xml', 'stmt', 236))"
--- before: org.sat4j.core/src/main/java/org/sat4j/minisat/core/Solver.java
+++ after: org.sat4j.core/src/main/java/org/sat4j/minisat/core/Solver.java
@@ -714,7 +714,7 @@
             confl = this.voc.getReason(p);
             undoOne();
             if (confl == null && p == (conflictingLiteral ^ 1)) {
-                outLearnt.push(toDimacs(p));
+                
             }
             if (this.trail.size() <= this.trailLim.last()) {
                 this.trailLim.pop();
@@ -1578,7 +1578,7 @@
     protected final void reduceDB() {
         this.stats.incReduceddb();
         this.slistener.cleaning();
-        this.learnedConstraintsDeletionStrategy.reduce(this.learnts);
+        
     }
 
     protected ActivityComparator getActivityComparator() {
@@ -2093,7 +2093,9 @@
         out.println(prefix + "speed (assignments/second)\t: " //$NON-NLS-1$
                 + this.stats.getPropagations() / cputime);
         this.order.printStat(out, prefix);
-        printLearntClausesInfos(out, prefix);
+        if (!trailLim.isEmpty() && trailLim.last() == trail.size()) {
+            trailLim.pop();
+        }
     }
 
     /*
@@ -2131,6 +2133,7 @@
         if (isSolverKeptHot()) {
             stb.append(
                     "Heuristics kept accross calls (keep the solver \"hot\")\n");
+            this.restarter.init(this.params, this.stats);
             stb.append(prefix);
         }
         stb.append("Listener: ");

2024-07-19 23:34:32,585	[DEBUG]	EXEC>  SUCCESS 68180935539.8
2024-07-19 23:34:32,585	[INFO]	79      SUCCESS               68180935539.800003 (92.64%) [5 edit(s)]  
2024-07-19 23:34:32,585	[DEBUG]	patch(79)="SrcmlStmtDeletion(('org.sat4j.core/src/main/java/org/sat4j/minisat/core/Solver.java.xml', 'stmt', 622)) | SrcmlStmtReplacement(('org.sat4j.core/src/main/java/org/sat4j/minisat/core/Solver.java.xml', 'stmt', 837), ('org.sat4j.core/src/main/java/org/sat4j/minisat/core/Solver.java.xml', 'stmt', 903)) | SrcmlStmtInsertion(('org.sat4j.core/src/main/java/org/sat4j/minisat/core/Solver.java.xml', '_inter_block', 1394), ('org.sat4j.core/src/main/java/org/sat4j/minisat/core/Solver.java.xml', 'stmt', 747)) | SrcmlStmtDeletion(('org.sat4j.core/src/main/java/org/sat4j/minisat/core/Solver.java.xml', 'stmt', 236)) | SrcmlStmtDeletion(('org.sat4j.core/src/main/java/org/sat4j/minisat/core/Solver.java.xml', 'stmt', 980))"
2024-07-19 23:35:18,136	[DEBUG]	EXEC>  TIMEOUT None
2024-07-19 23:35:18,137	[INFO]	80      RUN_TIMEOUT           None (--) [5 edit(s)]  
2024-07-19 23:35:18,137	[DEBUG]	patch(80)="SrcmlStmtDeletion(('org.sat4j.core/src/main/java/org/sat4j/minisat/core/Solver.java.xml', 'stmt', 622)) | SrcmlStmtReplacement(('org.sat4j.core/src/main/java/org/sat4j/minisat/core/Solver.java.xml', 'stmt', 837), ('org.sat4j.core/src/main/java/org/sat4j/minisat/core/Solver.java.xml', 'stmt', 903)) | SrcmlStmtInsertion(('org.sat4j.core/src/main/java/org/sat4j/minisat/core/Solver.java.xml', '_inter_block', 1394), ('org.sat4j.core/src/main/java/org/sat4j/minisat/core/Solver.java.xml', 'stmt', 747)) | SrcmlStmtDeletion(('org.sat4j.core/src/main/java/org/sat4j/minisat/core/Solver.java.xml', 'stmt', 236)) | SrcmlStmtReplacement(('org.sat4j.core/src/main/java/org/sat4j/minisat/core/Solver.java.xml', 'stmt', 462), ('org.sat4j.core/src/main/java/org/sat4j/minisat/core/Solver.java.xml', 'stmt', 763))"
2024-07-19 23:36:12,093	[DEBUG]	EXEC>  SUCCESS 70722923601.8
2024-07-19 23:36:12,093	[INFO]	81      SUCCESS               70722923601.800003 (96.09%) [3 edit(s)]  
2024-07-19 23:36:12,093	[DEBUG]	patch(81)="SrcmlStmtReplacement(('org.sat4j.core/src/main/java/org/sat4j/minisat/core/Solver.java.xml', 'stmt', 837), ('org.sat4j.core/src/main/java/org/sat4j/minisat/core/Solver.java.xml', 'stmt', 903)) | SrcmlStmtInsertion(('org.sat4j.core/src/main/java/org/sat4j/minisat/core/Solver.java.xml', '_inter_block', 1394), ('org.sat4j.core/src/main/java/org/sat4j/minisat/core/Solver.java.xml', 'stmt', 747)) | SrcmlStmtDeletion(('org.sat4j.core/src/main/java/org/sat4j/minisat/core/Solver.java.xml', 'stmt', 236))"
2024-07-19 23:37:07,335	[DEBUG]	EXEC>  SUCCESS 68984269610.6
2024-07-19 23:37:07,335	[INFO]	82      SUCCESS               68984269610.600006 (93.73%) [3 edit(s)]  
2024-07-19 23:37:07,336	[DEBUG]	patch(82)="SrcmlStmtDeletion(('org.sat4j.core/src/main/java/org/sat4j/minisat/core/Solver.java.xml', 'stmt', 622)) | SrcmlStmtReplacement(('org.sat4j.core/src/main/java/org/sat4j/minisat/core/Solver.java.xml', 'stmt', 837), ('org.sat4j.core/src/main/java/org/sat4j/minisat/core/Solver.java.xml', 'stmt', 903)) | SrcmlStmtDeletion(('org.sat4j.core/src/main/java/org/sat4j/minisat/core/Solver.java.xml', 'stmt', 236))"
2024-07-19 23:37:09,037	[INFO]	83      COMPILE_CODE_ERROR    None (--) [5 edit(s)]  
2024-07-19 23:37:09,037	[DEBUG]	patch(83)="SrcmlStmtDeletion(('org.sat4j.core/src/main/java/org/sat4j/minisat/core/Solver.java.xml', 'stmt', 622)) | SrcmlStmtReplacement(('org.sat4j.core/src/main/java/org/sat4j/minisat/core/Solver.java.xml', 'stmt', 837), ('org.sat4j.core/src/main/java/org/sat4j/minisat/core/Solver.java.xml', 'stmt', 903)) | SrcmlStmtInsertion(('org.sat4j.core/src/main/java/org/sat4j/minisat/core/Solver.java.xml', '_inter_block', 1394), ('org.sat4j.core/src/main/java/org/sat4j/minisat/core/Solver.java.xml', 'stmt', 747)) | SrcmlStmtDeletion(('org.sat4j.core/src/main/java/org/sat4j/minisat/core/Solver.java.xml', 'stmt', 236)) | SrcmlStmtInsertion(('org.sat4j.core/src/main/java/org/sat4j/minisat/core/Solver.java.xml', '_inter_block', 75), ('org.sat4j.core/src/main/java/org/sat4j/minisat/core/Solver.java.xml', 'stmt', 875))"
2024-07-19 23:37:13,111	[INFO]	84      COMPILE_CODE_ERROR    None (--) [5 edit(s)]  
2024-07-19 23:37:13,111	[DEBUG]	patch(84)="SrcmlStmtDeletion(('org.sat4j.core/src/main/java/org/sat4j/minisat/core/Solver.java.xml', 'stmt', 622)) | SrcmlStmtReplacement(('org.sat4j.core/src/main/java/org/sat4j/minisat/core/Solver.java.xml', 'stmt', 837), ('org.sat4j.core/src/main/java/org/sat4j/minisat/core/Solver.java.xml', 'stmt', 903)) | SrcmlStmtInsertion(('org.sat4j.core/src/main/java/org/sat4j/minisat/core/Solver.java.xml', '_inter_block', 1394), ('org.sat4j.core/src/main/java/org/sat4j/minisat/core/Solver.java.xml', 'stmt', 747)) | SrcmlStmtDeletion(('org.sat4j.core/src/main/java/org/sat4j/minisat/core/Solver.java.xml', 'stmt', 236)) | SrcmlStmtDeletion(('org.sat4j.core/src/main/java/org/sat4j/minisat/core/Solver.java.xml', 'stmt', 348))"
2024-07-19 23:37:17,883	[INFO]	85      COMPILE_CODE_ERROR    None (--) [5 edit(s)]  
2024-07-19 23:37:17,883	[DEBUG]	patch(85)="SrcmlStmtDeletion(('org.sat4j.core/src/main/java/org/sat4j/minisat/core/Solver.java.xml', 'stmt', 622)) | SrcmlStmtReplacement(('org.sat4j.core/src/main/java/org/sat4j/minisat/core/Solver.java.xml', 'stmt', 837), ('org.sat4j.core/src/main/java/org/sat4j/minisat/core/Solver.java.xml', 'stmt', 903)) | SrcmlStmtInsertion(('org.sat4j.core/src/main/java/org/sat4j/minisat/core/Solver.java.xml', '_inter_block', 1394), ('org.sat4j.core/src/main/java/org/sat4j/minisat/core/Solver.java.xml', 'stmt', 747)) | SrcmlStmtDeletion(('org.sat4j.core/src/main/java/org/sat4j/minisat/core/Solver.java.xml', 'stmt', 236)) | SrcmlStmtDeletion(('org.sat4j.core/src/main/java/org/sat4j/minisat/core/Solver.java.xml', 'stmt', 600))"
2024-07-19 23:37:21,884	[INFO]	86      COMPILE_CODE_ERROR    None (--) [5 edit(s)]  
2024-07-19 23:37:21,884	[DEBUG]	patch(86)="SrcmlStmtDeletion(('org.sat4j.core/src/main/java/org/sat4j/minisat/core/Solver.java.xml', 'stmt', 622)) | SrcmlStmtReplacement(('org.sat4j.core/src/main/java/org/sat4j/minisat/core/Solver.java.xml', 'stmt', 837), ('org.sat4j.core/src/main/java/org/sat4j/minisat/core/Solver.java.xml', 'stmt', 903)) | SrcmlStmtInsertion(('org.sat4j.core/src/main/java/org/sat4j/minisat/core/Solver.java.xml', '_inter_block', 1394), ('org.sat4j.core/src/main/java/org/sat4j/minisat/core/Solver.java.xml', 'stmt', 747)) | SrcmlStmtDeletion(('org.sat4j.core/src/main/java/org/sat4j/minisat/core/Solver.java.xml', 'stmt', 236)) | SrcmlStmtDeletion(('org.sat4j.core/src/main/java/org/sat4j/minisat/core/Solver.java.xml', 'stmt', 153))"
2024-07-19 23:37:25,892	[INFO]	87      COMPILE_CODE_ERROR    None (--) [5 edit(s)]  
2024-07-19 23:37:25,892	[DEBUG]	patch(87)="SrcmlStmtDeletion(('org.sat4j.core/src/main/java/org/sat4j/minisat/core/Solver.java.xml', 'stmt', 622)) | SrcmlStmtReplacement(('org.sat4j.core/src/main/java/org/sat4j/minisat/core/Solver.java.xml', 'stmt', 837), ('org.sat4j.core/src/main/java/org/sat4j/minisat/core/Solver.java.xml', 'stmt', 903)) | SrcmlStmtInsertion(('org.sat4j.core/src/main/java/org/sat4j/minisat/core/Solver.java.xml', '_inter_block', 1394), ('org.sat4j.core/src/main/java/org/sat4j/minisat/core/Solver.java.xml', 'stmt', 747)) | SrcmlStmtDeletion(('org.sat4j.core/src/main/java/org/sat4j/minisat/core/Solver.java.xml', 'stmt', 236)) | SrcmlStmtReplacement(('org.sat4j.core/src/main/java/org/sat4j/minisat/core/Solver.java.xml', 'stmt', 685), ('org.sat4j.core/src/main/java/org/sat4j/minisat/core/Solver.java.xml', 'stmt', 882))"
2024-07-19 23:37:30,351	[INFO]	88      COMPILE_CODE_ERROR    None (--) [5 edit(s)]  
2024-07-19 23:37:30,351	[DEBUG]	patch(88)="SrcmlStmtDeletion(('org.sat4j.core/src/main/java/org/sat4j/minisat/core/Solver.java.xml', 'stmt', 622)) | SrcmlStmtReplacement(('org.sat4j.core/src/main/java/org/sat4j/minisat/core/Solver.java.xml', 'stmt', 837), ('org.sat4j.core/src/main/java/org/sat4j/minisat/core/Solver.java.xml', 'stmt', 903)) | SrcmlStmtInsertion(('org.sat4j.core/src/main/java/org/sat4j/minisat/core/Solver.java.xml', '_inter_block', 1394), ('org.sat4j.core/src/main/java/org/sat4j/minisat/core/Solver.java.xml', 'stmt', 747)) | SrcmlStmtDeletion(('org.sat4j.core/src/main/java/org/sat4j/minisat/core/Solver.java.xml', 'stmt', 236)) | SrcmlStmtDeletion(('org.sat4j.core/src/main/java/org/sat4j/minisat/core/Solver.java.xml', 'stmt', 690))"
2024-07-19 23:37:30,375	[INFO]	89      SUCCESS               67683122089.000000 (91.96%) [3 edit(s)] [cached] 
2024-07-19 23:37:30,375	[DEBUG]	patch(89)="SrcmlStmtDeletion(('org.sat4j.core/src/main/java/org/sat4j/minisat/core/Solver.java.xml', 'stmt', 622)) | SrcmlStmtReplacement(('org.sat4j.core/src/main/java/org/sat4j/minisat/core/Solver.java.xml', 'stmt', 837), ('org.sat4j.core/src/main/java/org/sat4j/minisat/core/Solver.java.xml', 'stmt', 903)) | SrcmlStmtInsertion(('org.sat4j.core/src/main/java/org/sat4j/minisat/core/Solver.java.xml', '_inter_block', 1394), ('org.sat4j.core/src/main/java/org/sat4j/minisat/core/Solver.java.xml', 'stmt', 747))"
2024-07-19 23:38:26,771	[DEBUG]	EXEC>  SUCCESS 68732492003.0
2024-07-19 23:38:26,771	[INFO]	90      SUCCESS               68732492003.000000 (93.39%) [5 edit(s)]  
2024-07-19 23:38:26,771	[DEBUG]	patch(90)="SrcmlStmtDeletion(('org.sat4j.core/src/main/java/org/sat4j/minisat/core/Solver.java.xml', 'stmt', 622)) | SrcmlStmtReplacement(('org.sat4j.core/src/main/java/org/sat4j/minisat/core/Solver.java.xml', 'stmt', 837), ('org.sat4j.core/src/main/java/org/sat4j/minisat/core/Solver.java.xml', 'stmt', 903)) | SrcmlStmtInsertion(('org.sat4j.core/src/main/java/org/sat4j/minisat/core/Solver.java.xml', '_inter_block', 1394), ('org.sat4j.core/src/main/java/org/sat4j/minisat/core/Solver.java.xml', 'stmt', 747)) | SrcmlStmtDeletion(('org.sat4j.core/src/main/java/org/sat4j/minisat/core/Solver.java.xml', 'stmt', 236)) | SrcmlStmtDeletion(('org.sat4j.core/src/main/java/org/sat4j/minisat/core/Solver.java.xml', 'stmt', 474))"
2024-07-19 23:39:21,911	[DEBUG]	EXEC>  SUCCESS 68462899516.0
2024-07-19 23:39:21,911	[INFO]	91      SUCCESS               68462899516.000000 (93.02%) [5 edit(s)]  
2024-07-19 23:39:21,911	[DEBUG]	patch(91)="SrcmlStmtDeletion(('org.sat4j.core/src/main/java/org/sat4j/minisat/core/Solver.java.xml', 'stmt', 622)) | SrcmlStmtReplacement(('org.sat4j.core/src/main/java/org/sat4j/minisat/core/Solver.java.xml', 'stmt', 837), ('org.sat4j.core/src/main/java/org/sat4j/minisat/core/Solver.java.xml', 'stmt', 903)) | SrcmlStmtInsertion(('org.sat4j.core/src/main/java/org/sat4j/minisat/core/Solver.java.xml', '_inter_block', 1394), ('org.sat4j.core/src/main/java/org/sat4j/minisat/core/Solver.java.xml', 'stmt', 747)) | SrcmlStmtDeletion(('org.sat4j.core/src/main/java/org/sat4j/minisat/core/Solver.java.xml', 'stmt', 236)) | SrcmlStmtDeletion(('org.sat4j.core/src/main/java/org/sat4j/minisat/core/Solver.java.xml', 'stmt', 955))"
2024-07-19 23:39:21,935	[INFO]	~~~~ END ~~~~
2024-07-19 23:39:21,935	[INFO]	
2024-07-19 23:39:21,935	[INFO]	==== REPORT ====
2024-07-19 23:39:21,935	[INFO]	Termination: time budget
2024-07-19 23:39:21,936	[INFO]	Retries: 5
2024-07-19 23:39:21,936	[INFO]	Log file: /home/dbouras/magpie/_magpie_logs/sat4j_1721426727.log
2024-07-19 23:39:21,936	[INFO]	Patch file: _magpie_logs/sat4j_1721426727.patch
2024-07-19 23:39:21,936	[INFO]	Diff file: _magpie_logs/sat4j_1721426727.diff
2024-07-19 23:39:21,936	[INFO]	Reference fitness: 73599323011.399994
2024-07-19 23:39:21,936	[INFO]	Best fitness: 67680383007.199997
2024-07-19 23:39:21,936	[INFO]	
2024-07-19 23:39:21,937	[INFO]	==== BEST PATCH ====
SrcmlStmtDeletion(('org.sat4j.core/src/main/java/org/sat4j/minisat/core/Solver.java.xml', 'stmt', 622)) | SrcmlStmtReplacement(('org.sat4j.core/src/main/java/org/sat4j/minisat/core/Solver.java.xml', 'stmt', 837), ('org.sat4j.core/src/main/java/org/sat4j/minisat/core/Solver.java.xml', 'stmt', 903)) | SrcmlStmtInsertion(('org.sat4j.core/src/main/java/org/sat4j/minisat/core/Solver.java.xml', '_inter_block', 1394), ('org.sat4j.core/src/main/java/org/sat4j/minisat/core/Solver.java.xml', 'stmt', 747)) | SrcmlStmtDeletion(('org.sat4j.core/src/main/java/org/sat4j/minisat/core/Solver.java.xml', 'stmt', 236))
2024-07-19 23:39:21,937	[INFO]	
2024-07-19 23:39:21,937	[INFO]	==== DIFF ====
[1m--- before: org.sat4j.core/src/main/java/org/sat4j/minisat/core/Solver.java[0m
[1m+++ after: org.sat4j.core/src/main/java/org/sat4j/minisat/core/Solver.java[0m
[36m@@ -714,7 +714,7 @@[0m
             confl = this.voc.getReason(p);
             undoOne();
             if (confl == null && p == (conflictingLiteral ^ 1)) {
[31m-                outLearnt.push(toDimacs(p));[0m
[32m+                [0m
             }
             if (this.trail.size() <= this.trailLim.last()) {
                 this.trailLim.pop();
[36m@@ -1578,7 +1578,7 @@[0m
     protected final void reduceDB() {
         this.stats.incReduceddb();
         this.slistener.cleaning();
[31m-        this.learnedConstraintsDeletionStrategy.reduce(this.learnts);[0m
[32m+        [0m
     }
 
     protected ActivityComparator getActivityComparator() {
[36m@@ -2093,7 +2093,9 @@[0m
         out.println(prefix + "speed (assignments/second)\t: " //$NON-NLS-1$
                 + this.stats.getPropagations() / cputime);
         this.order.printStat(out, prefix);
[31m-        printLearntClausesInfos(out, prefix);[0m
[32m+        if (!trailLim.isEmpty() && trailLim.last() == trail.size()) {[0m
[32m+            trailLim.pop();[0m
[32m+        }[0m
     }
 
     /*
[36m@@ -2131,6 +2133,7 @@[0m
         if (isSolverKeptHot()) {
             stb.append(
                     "Heuristics kept accross calls (keep the solver \"hot\")\n");
[32m+            this.restarter.init(this.params, this.stats);[0m
             stb.append(prefix);
         }
         stb.append("Listener: ");

