2024-06-12 03:52:15,165	[DEBUG]	==== CONFIG ====
[magpie]
import = 
seed = 9791824428264242
log_dir = _magpie_logs
work_dir = _magpie_work
local_original_copy = True
local_original_name = __original__
output_encoding = ascii
edit_retries = 10
default_timeout = 30
default_lengthout = 1e6
diff_method = unified
trust_local_filesystem = True

[magpie.log]
color_output = True
format_info = {counter:<7} {status:<20} {best}{fitness} ({ratio}) [{size}] {cached} {log}
format_debug = patch({counter})="{patch}"{diffifbest}
format_fitness = {:.6f}
format_ratio = {:.2%%}
format_patchif = 
	 --> {patch}
format_diffif = 
	{diff}

[software]
path = examples/minisat
target_files = minisat_simplified.params
software = BasicSoftware
model_rules = 
	*.params : ParamFileConfigModel
	*.xml : SrcmlModel
	* : LineModel
model_config = 
	*.params : [paramconfig]
	*.xml : [srcml]
init_cmd = bash init.sh
init_timeout = 60
init_lengthout = -1
setup_cmd = bash compile.sh
setup_timeout = 
setup_lengthout = 
compile_cmd = 
compile_timeout = 
compile_lengthout = 
test_cmd = bash test.sh
test_timeout = 
test_lengthout = 
run_cmd = perf stat -e cache-references bash run_fixed.sh
run_timeout = 
run_lengthout = 
retries = 3
batch_timeout = 
batch_lengthout = 
batch_bin_fitness_strategy = aggregate
batch_fitness_strategy = sum
fitness = perf_cache_references

[srcml]
rename = 
	stmt: break continue decl_stmt do expr_stmt for goto if return switch while
	number: literal_number
focus = block stmt operator_comp operator_arith number
internodes = block
process_pseudo_blocks = True
process_literals = True
process_operators = True

[paramconfig]
timing = test run
cli_prefix = --
cli_glue = =
cli_boolean = show
cli_boolean_prefix_true = 
cli_boolean_prefix_false = no-
cli_none = hide
silent_prefix = @
silent_suffix = $

[search]
protocol = BasicProtocol
algorithm = FirstImprovement
possible_edits = ParamSetting
warmup = 3
warmup_strategy = last
max_steps = 1000
max_time = 600
target_fitness = 
cache_maxsize = 100
cache_keep = 0.2
batch_instances = 
batch_shuffle = True
batch_bin_shuffle = False
batch_sample_size = 1

[search.ls]
delete_prob = 0.5
max_neighbours = 
when_trapped = continue
accept_fail = False
tabu_length = 10

[search.gp]
pop_size = 10
delete_prob = 0.5
offspring_elitism = 0.1
offspring_crossover = 0.5
offspring_mutation = 0.4
uniform_rate = 0.5
batch_reset = True

[search.minify]
do_cleanup = True
do_rebuild = True
do_simplify = True
round_robin_limit = 3


2024-06-12 03:52:15,165	[DEBUG]	
2024-06-12 03:52:15,165	[INFO]	==== SEARCH: FirstImprovement ====
2024-06-12 03:52:15,165	[INFO]	~~~~ WARMUP ~~~~
2024-06-12 03:52:53,819	[DEBUG]	EXEC>  SUCCESS 2541398590.3333335
2024-06-12 03:52:53,819	[INFO]	WARM    SUCCESS               2541398590.333333 (--) [0 edit(s)]  
2024-06-12 03:53:28,909	[DEBUG]	EXEC>  SUCCESS 2553219189.6666665
2024-06-12 03:53:28,910	[INFO]	WARM    SUCCESS               2553219189.666667 (--) [0 edit(s)]  
2024-06-12 03:54:03,887	[DEBUG]	EXEC>  SUCCESS 2530274748.6666665
2024-06-12 03:54:03,887	[INFO]	WARM    SUCCESS               2530274748.666667 (--) [0 edit(s)]  
2024-06-12 03:54:03,887	[INFO]	REF     SUCCESS               2530274748.666667 (--) [0 edit(s)]  
2024-06-12 03:54:03,888	[INFO]	
2024-06-12 03:54:03,888	[INFO]	~~~~ START ~~~~
2024-06-12 03:54:34,299	[DEBUG]	EXEC>  SUCCESS 2174321365.6666665
2024-06-12 03:54:34,300	[INFO]	1       SUCCESS              *2174321365.666667 (85.93%) [1 edit(s)]  
2024-06-12 03:54:34,300	[DEBUG]	patch(1)="ParamSetting(('minisat_simplified.params', 'param', 'rcheck'), 'True')"
--- before: minisat_simplified.params
+++ after: minisat_simplified.params
@@ -11,7 +11,7 @@
 rfirst := 100
 pre := 'True'
 verb := '1'
-rcheck := 'False'
+rcheck := 'True'
 asymm := 'False'
 elim := 'True'
 simp-gc-frac := 0.5

2024-06-12 03:54:34,301	[INFO]	2       SUCCESS               2530274748.666667 (100.00%) [0 edit(s)] [cached] 
2024-06-12 03:54:34,301	[DEBUG]	patch(2)=""
2024-06-12 03:55:11,241	[DEBUG]	EXEC>  SUCCESS 2480947447.0
2024-06-12 03:55:11,241	[INFO]	3       SUCCESS               2480947447.000000 (98.05%) [2 edit(s)]  
2024-06-12 03:55:11,241	[DEBUG]	patch(3)="ParamSetting(('minisat_simplified.params', 'param', 'rcheck'), 'True') | ParamSetting(('minisat_simplified.params', 'param', 'cla-decay'), 0.4677765198737439)"
2024-06-12 03:56:25,091	[DEBUG]	EXEC>  SUCCESS 7093146270.333333
2024-06-12 03:56:25,092	[INFO]	4       SUCCESS               7093146270.333333 (280.33%) [2 edit(s)]  
2024-06-12 03:56:25,092	[DEBUG]	patch(4)="ParamSetting(('minisat_simplified.params', 'param', 'rcheck'), 'True') | ParamSetting(('minisat_simplified.params', 'param', 'grow'), 7297)"
2024-06-12 03:56:55,516	[DEBUG]	EXEC>  SUCCESS 2184904218.3333335
2024-06-12 03:56:55,516	[INFO]	5       SUCCESS               2184904218.333333 (86.35%) [2 edit(s)]  
2024-06-12 03:56:55,516	[DEBUG]	patch(5)="ParamSetting(('minisat_simplified.params', 'param', 'rcheck'), 'True') | ParamSetting(('minisat_simplified.params', 'param', 'rnd-seed'), 381693090)"
2024-06-12 03:57:25,740	[DEBUG]	EXEC>  SUCCESS 2130106448.0
2024-06-12 03:57:25,741	[INFO]	6       SUCCESS              *2130106448.000000 (84.18%) [2 edit(s)]  
2024-06-12 03:57:25,741	[DEBUG]	patch(6)="ParamSetting(('minisat_simplified.params', 'param', 'rcheck'), 'True') | ParamSetting(('minisat_simplified.params', 'param', 'verb'), '0')"
--- before: minisat_simplified.params
+++ after: minisat_simplified.params
@@ -10,8 +10,8 @@
 ccmin-mode := 2
 rfirst := 100
 pre := 'True'
-verb := '1'
-rcheck := 'False'
+verb := '0'
+rcheck := 'True'
 asymm := 'False'
 elim := 'True'
 simp-gc-frac := 0.5

2024-06-12 03:58:00,796	[DEBUG]	EXEC>  SUCCESS 2512821063.6666665
2024-06-12 03:58:00,796	[INFO]	7       SUCCESS               2512821063.666667 (99.31%) [1 edit(s)]  
2024-06-12 03:58:00,796	[DEBUG]	patch(7)="ParamSetting(('minisat_simplified.params', 'param', 'verb'), '0')"
2024-06-12 03:58:00,796	[INFO]	8       SUCCESS              +2130106448.000000 (84.18%) [3 edit(s)] [cached] 
2024-06-12 03:58:00,796	[DEBUG]	patch(8)="ParamSetting(('minisat_simplified.params', 'param', 'rcheck'), 'True') | ParamSetting(('minisat_simplified.params', 'param', 'verb'), '0') | ParamSetting(('minisat_simplified.params', 'param', 'asymm'), 'False')"
2024-06-12 03:58:31,237	[DEBUG]	EXEC>  SUCCESS 2154770198.0
2024-06-12 03:58:31,237	[INFO]	9       SUCCESS               2154770198.000000 (85.16%) [4 edit(s)]  
2024-06-12 03:58:31,237	[DEBUG]	patch(9)="ParamSetting(('minisat_simplified.params', 'param', 'rcheck'), 'True') | ParamSetting(('minisat_simplified.params', 'param', 'verb'), '0') | ParamSetting(('minisat_simplified.params', 'param', 'asymm'), 'False') | ParamSetting(('minisat_simplified.params', 'param', 'cl-lim'), 43163)"
2024-06-12 03:59:03,394	[DEBUG]	EXEC>  TIMEOUT None
2024-06-12 03:59:03,395	[INFO]	10      RUN_TIMEOUT           None (--) [4 edit(s)]  
2024-06-12 03:59:03,395	[DEBUG]	patch(10)="ParamSetting(('minisat_simplified.params', 'param', 'rcheck'), 'True') | ParamSetting(('minisat_simplified.params', 'param', 'verb'), '0') | ParamSetting(('minisat_simplified.params', 'param', 'asymm'), 'False') | ParamSetting(('minisat_simplified.params', 'param', 'rnd-freq'), 0.8349299606075604)"
2024-06-12 03:59:03,396	[INFO]	11      SUCCESS               2174321365.666667 (85.93%) [2 edit(s)] [cached] 
2024-06-12 03:59:03,396	[DEBUG]	patch(11)="ParamSetting(('minisat_simplified.params', 'param', 'rcheck'), 'True') | ParamSetting(('minisat_simplified.params', 'param', 'asymm'), 'False')"
2024-06-12 03:59:03,397	[INFO]	12      SUCCESS               2512821063.666667 (99.31%) [2 edit(s)] [cached] 
2024-06-12 03:59:03,397	[DEBUG]	patch(12)="ParamSetting(('minisat_simplified.params', 'param', 'verb'), '0') | ParamSetting(('minisat_simplified.params', 'param', 'asymm'), 'False')"
2024-06-12 03:59:33,288	[DEBUG]	EXEC>  SUCCESS 2089388882.0
2024-06-12 03:59:33,289	[INFO]	13      SUCCESS              *2089388882.000000 (82.58%) [4 edit(s)]  
2024-06-12 03:59:33,289	[DEBUG]	patch(13)="ParamSetting(('minisat_simplified.params', 'param', 'rcheck'), 'True') | ParamSetting(('minisat_simplified.params', 'param', 'verb'), '0') | ParamSetting(('minisat_simplified.params', 'param', 'asymm'), 'False') | ParamSetting(('minisat_simplified.params', 'param', 'rnd-init'), 'True')"
--- before: minisat_simplified.params
+++ after: minisat_simplified.params
@@ -1,5 +1,5 @@
 luby := 'True'
-rnd-init := 'False'
+rnd-init := 'True'
 gc-frac := 0.2
 rinc := 2.0
 var-decay := 0.95
@@ -10,8 +10,8 @@
 ccmin-mode := 2
 rfirst := 100
 pre := 'True'
-verb := '1'
-rcheck := 'False'
+verb := '0'
+rcheck := 'True'
 asymm := 'False'
 elim := 'True'
 simp-gc-frac := 0.5

2024-06-12 03:59:56,142	[DEBUG]	EXEC>  SUCCESS 1644994150.0
2024-06-12 03:59:56,142	[INFO]	14      SUCCESS              *1644994150.000000 (65.01%) [5 edit(s)]  
2024-06-12 03:59:56,142	[DEBUG]	patch(14)="ParamSetting(('minisat_simplified.params', 'param', 'rcheck'), 'True') | ParamSetting(('minisat_simplified.params', 'param', 'verb'), '0') | ParamSetting(('minisat_simplified.params', 'param', 'asymm'), 'False') | ParamSetting(('minisat_simplified.params', 'param', 'rnd-init'), 'True') | ParamSetting(('minisat_simplified.params', 'param', 'ccmin-mode'), 1)"
--- before: minisat_simplified.params
+++ after: minisat_simplified.params
@@ -1,5 +1,5 @@
 luby := 'True'
-rnd-init := 'False'
+rnd-init := 'True'
 gc-frac := 0.2
 rinc := 2.0
 var-decay := 0.95
@@ -7,11 +7,11 @@
 rnd-freq := 0.0
 rnd-seed := 91648253
 phase-saving := 2
-ccmin-mode := 2
+ccmin-mode := 1
 rfirst := 100
 pre := 'True'
-verb := '1'
-rcheck := 'False'
+verb := '0'
+rcheck := 'True'
 asymm := 'False'
 elim := 'True'
 simp-gc-frac := 0.5

2024-06-12 03:59:56,143	[INFO]	15      SUCCESS              +1644994150.000000 (65.01%) [4 edit(s)] [cached] 
2024-06-12 03:59:56,143	[DEBUG]	patch(15)="ParamSetting(('minisat_simplified.params', 'param', 'rcheck'), 'True') | ParamSetting(('minisat_simplified.params', 'param', 'verb'), '0') | ParamSetting(('minisat_simplified.params', 'param', 'rnd-init'), 'True') | ParamSetting(('minisat_simplified.params', 'param', 'ccmin-mode'), 1)"
2024-06-12 04:00:10,364	[DEBUG]	EXEC>  SUCCESS 993393752.6666666
2024-06-12 04:00:10,364	[INFO]	16      SUCCESS              *993393752.666667 (39.26%) [5 edit(s)]  
2024-06-12 04:00:10,364	[DEBUG]	patch(16)="ParamSetting(('minisat_simplified.params', 'param', 'rcheck'), 'True') | ParamSetting(('minisat_simplified.params', 'param', 'verb'), '0') | ParamSetting(('minisat_simplified.params', 'param', 'rnd-init'), 'True') | ParamSetting(('minisat_simplified.params', 'param', 'ccmin-mode'), 1) | ParamSetting(('minisat_simplified.params', 'param', 'rfirst'), 7473)"
--- before: minisat_simplified.params
+++ after: minisat_simplified.params
@@ -1,5 +1,5 @@
 luby := 'True'
-rnd-init := 'False'
+rnd-init := 'True'
 gc-frac := 0.2
 rinc := 2.0
 var-decay := 0.95
@@ -7,11 +7,11 @@
 rnd-freq := 0.0
 rnd-seed := 91648253
 phase-saving := 2
-ccmin-mode := 2
-rfirst := 100
+ccmin-mode := 1
+rfirst := 7473
 pre := 'True'
-verb := '1'
-rcheck := 'False'
+verb := '0'
+rcheck := 'True'
 asymm := 'False'
 elim := 'True'
 simp-gc-frac := 0.5

2024-06-12 04:00:10,365	[INFO]	17      SUCCESS              +993393752.666667 (39.26%) [6 edit(s)] [cached] 
2024-06-12 04:00:10,365	[DEBUG]	patch(17)="ParamSetting(('minisat_simplified.params', 'param', 'rcheck'), 'True') | ParamSetting(('minisat_simplified.params', 'param', 'verb'), '0') | ParamSetting(('minisat_simplified.params', 'param', 'rnd-init'), 'True') | ParamSetting(('minisat_simplified.params', 'param', 'ccmin-mode'), 1) | ParamSetting(('minisat_simplified.params', 'param', 'rfirst'), 7473) | ParamSetting(('minisat_simplified.params', 'param', 'luby'), 'True')"
2024-06-12 04:00:25,996	[DEBUG]	EXEC>  SUCCESS 1102576149.0
2024-06-12 04:00:25,997	[INFO]	18      SUCCESS               1102576149.000000 (43.58%) [5 edit(s)]  
2024-06-12 04:00:25,997	[DEBUG]	patch(18)="ParamSetting(('minisat_simplified.params', 'param', 'rcheck'), 'True') | ParamSetting(('minisat_simplified.params', 'param', 'verb'), '0') | ParamSetting(('minisat_simplified.params', 'param', 'ccmin-mode'), 1) | ParamSetting(('minisat_simplified.params', 'param', 'rfirst'), 7473) | ParamSetting(('minisat_simplified.params', 'param', 'luby'), 'True')"
2024-06-12 04:00:25,998	[INFO]	19      SUCCESS               1644994150.000000 (65.01%) [5 edit(s)] [cached] 
2024-06-12 04:00:25,998	[DEBUG]	patch(19)="ParamSetting(('minisat_simplified.params', 'param', 'rcheck'), 'True') | ParamSetting(('minisat_simplified.params', 'param', 'verb'), '0') | ParamSetting(('minisat_simplified.params', 'param', 'rnd-init'), 'True') | ParamSetting(('minisat_simplified.params', 'param', 'ccmin-mode'), 1) | ParamSetting(('minisat_simplified.params', 'param', 'luby'), 'True')"
2024-06-12 04:00:25,999	[INFO]	20      SUCCESS               1102576149.000000 (43.58%) [7 edit(s)] [cached] 
2024-06-12 04:00:25,999	[DEBUG]	patch(20)="ParamSetting(('minisat_simplified.params', 'param', 'rcheck'), 'True') | ParamSetting(('minisat_simplified.params', 'param', 'verb'), '0') | ParamSetting(('minisat_simplified.params', 'param', 'rnd-init'), 'True') | ParamSetting(('minisat_simplified.params', 'param', 'ccmin-mode'), 1) | ParamSetting(('minisat_simplified.params', 'param', 'rfirst'), 7473) | ParamSetting(('minisat_simplified.params', 'param', 'luby'), 'True') | ParamSetting(('minisat_simplified.params', 'param', 'rnd-init'), 'False')"
2024-06-12 04:00:40,023	[DEBUG]	EXEC>  SUCCESS 879076562.0
2024-06-12 04:00:40,023	[INFO]	21      SUCCESS              *879076562.000000 (34.74%) [7 edit(s)]  
2024-06-12 04:00:40,023	[DEBUG]	patch(21)="ParamSetting(('minisat_simplified.params', 'param', 'rcheck'), 'True') | ParamSetting(('minisat_simplified.params', 'param', 'verb'), '0') | ParamSetting(('minisat_simplified.params', 'param', 'rnd-init'), 'True') | ParamSetting(('minisat_simplified.params', 'param', 'ccmin-mode'), 1) | ParamSetting(('minisat_simplified.params', 'param', 'rfirst'), 7473) | ParamSetting(('minisat_simplified.params', 'param', 'luby'), 'True') | ParamSetting(('minisat_simplified.params', 'param', 'gc-frac'), 381.60075001484626)"
--- before: minisat_simplified.params
+++ after: minisat_simplified.params
@@ -1,17 +1,17 @@
 luby := 'True'
-rnd-init := 'False'
-gc-frac := 0.2
+rnd-init := 'True'
+gc-frac := 381.60075001484626
 rinc := 2.0
 var-decay := 0.95
 cla-decay := 0.999
 rnd-freq := 0.0
 rnd-seed := 91648253
 phase-saving := 2
-ccmin-mode := 2
-rfirst := 100
+ccmin-mode := 1
+rfirst := 7473
 pre := 'True'
-verb := '1'
-rcheck := 'False'
+verb := '0'
+rcheck := 'True'
 asymm := 'False'
 elim := 'True'
 simp-gc-frac := 0.5

2024-06-12 04:00:40,024	[INFO]	22      SUCCESS              +879076562.000000 (34.74%) [6 edit(s)] [cached] 
2024-06-12 04:00:40,024	[DEBUG]	patch(22)="ParamSetting(('minisat_simplified.params', 'param', 'rcheck'), 'True') | ParamSetting(('minisat_simplified.params', 'param', 'verb'), '0') | ParamSetting(('minisat_simplified.params', 'param', 'rnd-init'), 'True') | ParamSetting(('minisat_simplified.params', 'param', 'ccmin-mode'), 1) | ParamSetting(('minisat_simplified.params', 'param', 'rfirst'), 7473) | ParamSetting(('minisat_simplified.params', 'param', 'gc-frac'), 381.60075001484626)"
2024-06-12 04:00:56,286	[DEBUG]	EXEC>  SUCCESS 1236570870.0
2024-06-12 04:00:56,287	[INFO]	23      SUCCESS               1236570870.000000 (48.87%) [7 edit(s)]  
2024-06-12 04:00:56,287	[DEBUG]	patch(23)="ParamSetting(('minisat_simplified.params', 'param', 'rcheck'), 'True') | ParamSetting(('minisat_simplified.params', 'param', 'verb'), '0') | ParamSetting(('minisat_simplified.params', 'param', 'rnd-init'), 'True') | ParamSetting(('minisat_simplified.params', 'param', 'ccmin-mode'), 1) | ParamSetting(('minisat_simplified.params', 'param', 'rfirst'), 7473) | ParamSetting(('minisat_simplified.params', 'param', 'gc-frac'), 381.60075001484626) | ParamSetting(('minisat_simplified.params', 'param', 'grow'), 155)"
2024-06-12 04:01:10,221	[DEBUG]	EXEC>  SUCCESS 875983248.3333334
2024-06-12 04:01:10,221	[INFO]	24      SUCCESS              *875983248.333333 (34.62%) [7 edit(s)]  
2024-06-12 04:01:10,221	[DEBUG]	patch(24)="ParamSetting(('minisat_simplified.params', 'param', 'rcheck'), 'True') | ParamSetting(('minisat_simplified.params', 'param', 'verb'), '0') | ParamSetting(('minisat_simplified.params', 'param', 'rnd-init'), 'True') | ParamSetting(('minisat_simplified.params', 'param', 'ccmin-mode'), 1) | ParamSetting(('minisat_simplified.params', 'param', 'rfirst'), 7473) | ParamSetting(('minisat_simplified.params', 'param', 'gc-frac'), 381.60075001484626) | ParamSetting(('minisat_simplified.params', 'param', 'gc-frac'), 945.6358929644773)"
--- before: minisat_simplified.params
+++ after: minisat_simplified.params
@@ -1,17 +1,17 @@
 luby := 'True'
-rnd-init := 'False'
-gc-frac := 0.2
+rnd-init := 'True'
+gc-frac := 945.6358929644773
 rinc := 2.0
 var-decay := 0.95
 cla-decay := 0.999
 rnd-freq := 0.0
 rnd-seed := 91648253
 phase-saving := 2
-ccmin-mode := 2
-rfirst := 100
+ccmin-mode := 1
+rfirst := 7473
 pre := 'True'
-verb := '1'
-rcheck := 'False'
+verb := '0'
+rcheck := 'True'
 asymm := 'False'
 elim := 'True'
 simp-gc-frac := 0.5

2024-06-12 04:01:10,222	[INFO]	25      SUCCESS              +875983248.333333 (34.62%) [8 edit(s)] [cached] 
2024-06-12 04:01:10,223	[DEBUG]	patch(25)="ParamSetting(('minisat_simplified.params', 'param', 'rcheck'), 'True') | ParamSetting(('minisat_simplified.params', 'param', 'verb'), '0') | ParamSetting(('minisat_simplified.params', 'param', 'rnd-init'), 'True') | ParamSetting(('minisat_simplified.params', 'param', 'ccmin-mode'), 1) | ParamSetting(('minisat_simplified.params', 'param', 'rfirst'), 7473) | ParamSetting(('minisat_simplified.params', 'param', 'gc-frac'), 381.60075001484626) | ParamSetting(('minisat_simplified.params', 'param', 'gc-frac'), 945.6358929644773) | ParamSetting(('minisat_simplified.params', 'param', 'asymm'), 'False')"
2024-06-12 04:01:25,883	[DEBUG]	EXEC>  SUCCESS 995325071.0
2024-06-12 04:01:25,884	[INFO]	26      SUCCESS               995325071.000000 (39.34%) [7 edit(s)]  
2024-06-12 04:01:25,884	[DEBUG]	patch(26)="ParamSetting(('minisat_simplified.params', 'param', 'rcheck'), 'True') | ParamSetting(('minisat_simplified.params', 'param', 'verb'), '0') | ParamSetting(('minisat_simplified.params', 'param', 'ccmin-mode'), 1) | ParamSetting(('minisat_simplified.params', 'param', 'rfirst'), 7473) | ParamSetting(('minisat_simplified.params', 'param', 'gc-frac'), 381.60075001484626) | ParamSetting(('minisat_simplified.params', 'param', 'gc-frac'), 945.6358929644773) | ParamSetting(('minisat_simplified.params', 'param', 'asymm'), 'False')"
2024-06-12 04:01:40,058	[DEBUG]	EXEC>  SUCCESS 878499699.6666666
2024-06-12 04:01:40,059	[INFO]	27      SUCCESS               878499699.666667 (34.72%) [9 edit(s)]  
2024-06-12 04:01:40,059	[DEBUG]	patch(27)="ParamSetting(('minisat_simplified.params', 'param', 'rcheck'), 'True') | ParamSetting(('minisat_simplified.params', 'param', 'verb'), '0') | ParamSetting(('minisat_simplified.params', 'param', 'rnd-init'), 'True') | ParamSetting(('minisat_simplified.params', 'param', 'ccmin-mode'), 1) | ParamSetting(('minisat_simplified.params', 'param', 'rfirst'), 7473) | ParamSetting(('minisat_simplified.params', 'param', 'gc-frac'), 381.60075001484626) | ParamSetting(('minisat_simplified.params', 'param', 'gc-frac'), 945.6358929644773) | ParamSetting(('minisat_simplified.params', 'param', 'asymm'), 'False') | ParamSetting(('minisat_simplified.params', 'param', 'verb'), '1')"
2024-06-12 04:01:54,829	[DEBUG]	EXEC>  SUCCESS 883586621.6666666
2024-06-12 04:01:54,829	[INFO]	28      SUCCESS               883586621.666667 (34.92%) [7 edit(s)]  
2024-06-12 04:01:54,829	[DEBUG]	patch(28)="ParamSetting(('minisat_simplified.params', 'param', 'rcheck'), 'True') | ParamSetting(('minisat_simplified.params', 'param', 'verb'), '0') | ParamSetting(('minisat_simplified.params', 'param', 'rnd-init'), 'True') | ParamSetting(('minisat_simplified.params', 'param', 'rfirst'), 7473) | ParamSetting(('minisat_simplified.params', 'param', 'gc-frac'), 381.60075001484626) | ParamSetting(('minisat_simplified.params', 'param', 'gc-frac'), 945.6358929644773) | ParamSetting(('minisat_simplified.params', 'param', 'asymm'), 'False')"
2024-06-12 04:02:36,300	[DEBUG]	EXEC>  SUCCESS 2827429539.0
2024-06-12 04:02:36,300	[INFO]	29      SUCCESS               2827429539.000000 (111.74%) [9 edit(s)]  
2024-06-12 04:02:36,300	[DEBUG]	patch(29)="ParamSetting(('minisat_simplified.params', 'param', 'rcheck'), 'True') | ParamSetting(('minisat_simplified.params', 'param', 'verb'), '0') | ParamSetting(('minisat_simplified.params', 'param', 'rnd-init'), 'True') | ParamSetting(('minisat_simplified.params', 'param', 'ccmin-mode'), 1) | ParamSetting(('minisat_simplified.params', 'param', 'rfirst'), 7473) | ParamSetting(('minisat_simplified.params', 'param', 'gc-frac'), 381.60075001484626) | ParamSetting(('minisat_simplified.params', 'param', 'gc-frac'), 945.6358929644773) | ParamSetting(('minisat_simplified.params', 'param', 'asymm'), 'False') | ParamSetting(('minisat_simplified.params', 'param', 'var-decay'), 0.29645322393265805)"
2024-06-12 04:03:06,935	[DEBUG]	EXEC>  TIMEOUT None
2024-06-12 04:03:06,935	[INFO]	30      RUN_TIMEOUT           None (--) [9 edit(s)]  
2024-06-12 04:03:06,935	[DEBUG]	patch(30)="ParamSetting(('minisat_simplified.params', 'param', 'rcheck'), 'True') | ParamSetting(('minisat_simplified.params', 'param', 'verb'), '0') | ParamSetting(('minisat_simplified.params', 'param', 'rnd-init'), 'True') | ParamSetting(('minisat_simplified.params', 'param', 'ccmin-mode'), 1) | ParamSetting(('minisat_simplified.params', 'param', 'rfirst'), 7473) | ParamSetting(('minisat_simplified.params', 'param', 'gc-frac'), 381.60075001484626) | ParamSetting(('minisat_simplified.params', 'param', 'gc-frac'), 945.6358929644773) | ParamSetting(('minisat_simplified.params', 'param', 'asymm'), 'False') | ParamSetting(('minisat_simplified.params', 'param', 'rnd-freq'), 0.5823853138766004)"
2024-06-12 04:03:22,221	[DEBUG]	EXEC>  SUCCESS 942092183.6666666
2024-06-12 04:03:22,221	[INFO]	31      SUCCESS               942092183.666667 (37.23%) [9 edit(s)]  
2024-06-12 04:03:22,221	[DEBUG]	patch(31)="ParamSetting(('minisat_simplified.params', 'param', 'rcheck'), 'True') | ParamSetting(('minisat_simplified.params', 'param', 'verb'), '0') | ParamSetting(('minisat_simplified.params', 'param', 'rnd-init'), 'True') | ParamSetting(('minisat_simplified.params', 'param', 'ccmin-mode'), 1) | ParamSetting(('minisat_simplified.params', 'param', 'rfirst'), 7473) | ParamSetting(('minisat_simplified.params', 'param', 'gc-frac'), 381.60075001484626) | ParamSetting(('minisat_simplified.params', 'param', 'gc-frac'), 945.6358929644773) | ParamSetting(('minisat_simplified.params', 'param', 'asymm'), 'False') | ParamSetting(('minisat_simplified.params', 'param', 'asymm'), 'True')"
2024-06-12 04:03:22,222	[INFO]	32      SUCCESS              +875983248.333333 (34.62%) [7 edit(s)] [cached] 
2024-06-12 04:03:22,222	[DEBUG]	patch(32)="ParamSetting(('minisat_simplified.params', 'param', 'rcheck'), 'True') | ParamSetting(('minisat_simplified.params', 'param', 'verb'), '0') | ParamSetting(('minisat_simplified.params', 'param', 'rnd-init'), 'True') | ParamSetting(('minisat_simplified.params', 'param', 'ccmin-mode'), 1) | ParamSetting(('minisat_simplified.params', 'param', 'rfirst'), 7473) | ParamSetting(('minisat_simplified.params', 'param', 'gc-frac'), 381.60075001484626) | ParamSetting(('minisat_simplified.params', 'param', 'gc-frac'), 945.6358929644773)"
2024-06-12 04:03:22,223	[INFO]	33      SUCCESS              +875983248.333333 (34.62%) [6 edit(s)] [cached] 
2024-06-12 04:03:22,223	[DEBUG]	patch(33)="ParamSetting(('minisat_simplified.params', 'param', 'rcheck'), 'True') | ParamSetting(('minisat_simplified.params', 'param', 'verb'), '0') | ParamSetting(('minisat_simplified.params', 'param', 'rnd-init'), 'True') | ParamSetting(('minisat_simplified.params', 'param', 'ccmin-mode'), 1) | ParamSetting(('minisat_simplified.params', 'param', 'rfirst'), 7473) | ParamSetting(('minisat_simplified.params', 'param', 'gc-frac'), 945.6358929644773)"
2024-06-12 04:03:22,224	[INFO]	34      SUCCESS              +875983248.333333 (34.62%) [7 edit(s)] [cached] 
2024-06-12 04:03:22,224	[DEBUG]	patch(34)="ParamSetting(('minisat_simplified.params', 'param', 'rcheck'), 'True') | ParamSetting(('minisat_simplified.params', 'param', 'verb'), '0') | ParamSetting(('minisat_simplified.params', 'param', 'rnd-init'), 'True') | ParamSetting(('minisat_simplified.params', 'param', 'ccmin-mode'), 1) | ParamSetting(('minisat_simplified.params', 'param', 'rfirst'), 7473) | ParamSetting(('minisat_simplified.params', 'param', 'gc-frac'), 945.6358929644773) | ParamSetting(('minisat_simplified.params', 'param', 'ccmin-mode'), 1)"
2024-06-12 04:03:22,225	[INFO]	35      SUCCESS               942092183.666667 (37.23%) [8 edit(s)] [cached] 
2024-06-12 04:03:22,225	[DEBUG]	patch(35)="ParamSetting(('minisat_simplified.params', 'param', 'rcheck'), 'True') | ParamSetting(('minisat_simplified.params', 'param', 'verb'), '0') | ParamSetting(('minisat_simplified.params', 'param', 'rnd-init'), 'True') | ParamSetting(('minisat_simplified.params', 'param', 'ccmin-mode'), 1) | ParamSetting(('minisat_simplified.params', 'param', 'rfirst'), 7473) | ParamSetting(('minisat_simplified.params', 'param', 'gc-frac'), 945.6358929644773) | ParamSetting(('minisat_simplified.params', 'param', 'ccmin-mode'), 1) | ParamSetting(('minisat_simplified.params', 'param', 'asymm'), 'True')"
2024-06-12 04:03:22,226	[INFO]	36      SUCCESS               995325071.000000 (39.34%) [6 edit(s)] [cached] 
2024-06-12 04:03:22,226	[DEBUG]	patch(36)="ParamSetting(('minisat_simplified.params', 'param', 'rcheck'), 'True') | ParamSetting(('minisat_simplified.params', 'param', 'verb'), '0') | ParamSetting(('minisat_simplified.params', 'param', 'ccmin-mode'), 1) | ParamSetting(('minisat_simplified.params', 'param', 'rfirst'), 7473) | ParamSetting(('minisat_simplified.params', 'param', 'gc-frac'), 945.6358929644773) | ParamSetting(('minisat_simplified.params', 'param', 'ccmin-mode'), 1)"
2024-06-12 04:03:33,022	[DEBUG]	EXEC>  SUCCESS 687538804.0
2024-06-12 04:03:33,022	[INFO]	37      SUCCESS              *687538804.000000 (27.17%) [8 edit(s)]  
2024-06-12 04:03:33,022	[DEBUG]	patch(37)="ParamSetting(('minisat_simplified.params', 'param', 'rcheck'), 'True') | ParamSetting(('minisat_simplified.params', 'param', 'verb'), '0') | ParamSetting(('minisat_simplified.params', 'param', 'rnd-init'), 'True') | ParamSetting(('minisat_simplified.params', 'param', 'ccmin-mode'), 1) | ParamSetting(('minisat_simplified.params', 'param', 'rfirst'), 7473) | ParamSetting(('minisat_simplified.params', 'param', 'gc-frac'), 945.6358929644773) | ParamSetting(('minisat_simplified.params', 'param', 'ccmin-mode'), 1) | ParamSetting(('minisat_simplified.params', 'param', 'cla-decay'), 0.9886922277797604)"
--- before: minisat_simplified.params
+++ after: minisat_simplified.params
@@ -1,17 +1,17 @@
 luby := 'True'
-rnd-init := 'False'
-gc-frac := 0.2
+rnd-init := 'True'
+gc-frac := 945.6358929644773
 rinc := 2.0
 var-decay := 0.95
-cla-decay := 0.999
+cla-decay := 0.9886922277797604
 rnd-freq := 0.0
 rnd-seed := 91648253
 phase-saving := 2
-ccmin-mode := 2
-rfirst := 100
+ccmin-mode := 1
+rfirst := 7473
 pre := 'True'
-verb := '1'
-rcheck := 'False'
+verb := '0'
+rcheck := 'True'
 asymm := 'False'
 elim := 'True'
 simp-gc-frac := 0.5

2024-06-12 04:03:50,189	[DEBUG]	EXEC>  SUCCESS 1122508930.0
2024-06-12 04:03:50,190	[INFO]	38      SUCCESS               1122508930.000000 (44.36%) [9 edit(s)]  
2024-06-12 04:03:50,190	[DEBUG]	patch(38)="ParamSetting(('minisat_simplified.params', 'param', 'rcheck'), 'True') | ParamSetting(('minisat_simplified.params', 'param', 'verb'), '0') | ParamSetting(('minisat_simplified.params', 'param', 'rnd-init'), 'True') | ParamSetting(('minisat_simplified.params', 'param', 'ccmin-mode'), 1) | ParamSetting(('minisat_simplified.params', 'param', 'rfirst'), 7473) | ParamSetting(('minisat_simplified.params', 'param', 'gc-frac'), 945.6358929644773) | ParamSetting(('minisat_simplified.params', 'param', 'ccmin-mode'), 1) | ParamSetting(('minisat_simplified.params', 'param', 'cla-decay'), 0.9886922277797604) | ParamSetting(('minisat_simplified.params', 'param', 'rcheck'), 'False')"
2024-06-12 04:04:07,163	[DEBUG]	EXEC>  SUCCESS 1090476143.6666667
2024-06-12 04:04:07,164	[INFO]	39      SUCCESS               1090476143.666667 (43.10%) [7 edit(s)]  
2024-06-12 04:04:07,164	[DEBUG]	patch(39)="ParamSetting(('minisat_simplified.params', 'param', 'rcheck'), 'True') | ParamSetting(('minisat_simplified.params', 'param', 'verb'), '0') | ParamSetting(('minisat_simplified.params', 'param', 'ccmin-mode'), 1) | ParamSetting(('minisat_simplified.params', 'param', 'rfirst'), 7473) | ParamSetting(('minisat_simplified.params', 'param', 'gc-frac'), 945.6358929644773) | ParamSetting(('minisat_simplified.params', 'param', 'ccmin-mode'), 1) | ParamSetting(('minisat_simplified.params', 'param', 'cla-decay'), 0.9886922277797604)"
2024-06-12 04:04:07,165	[INFO]	~~~~ END ~~~~
2024-06-12 04:04:07,165	[INFO]	
2024-06-12 04:04:07,165	[INFO]	==== REPORT ====
2024-06-12 04:04:07,165	[INFO]	Termination: time budget
2024-06-12 04:04:07,165	[INFO]	Retries: 3
2024-06-12 04:04:07,165	[INFO]	Log file: /home/jim/magpie/_magpie_logs/minisat_1718160735.log
2024-06-12 04:04:07,165	[INFO]	Patch file: _magpie_logs/minisat_1718160735.patch
2024-06-12 04:04:07,165	[INFO]	Diff file: _magpie_logs/minisat_1718160735.diff
2024-06-12 04:04:07,165	[INFO]	Reference fitness: 2530274748.666667
2024-06-12 04:04:07,165	[INFO]	Best fitness: 687538804.000000
2024-06-12 04:04:07,165	[INFO]	
2024-06-12 04:04:07,167	[INFO]	==== BEST PATCH ====
ParamSetting(('minisat_simplified.params', 'param', 'rcheck'), 'True') | ParamSetting(('minisat_simplified.params', 'param', 'verb'), '0') | ParamSetting(('minisat_simplified.params', 'param', 'rnd-init'), 'True') | ParamSetting(('minisat_simplified.params', 'param', 'ccmin-mode'), 1) | ParamSetting(('minisat_simplified.params', 'param', 'rfirst'), 7473) | ParamSetting(('minisat_simplified.params', 'param', 'gc-frac'), 945.6358929644773) | ParamSetting(('minisat_simplified.params', 'param', 'ccmin-mode'), 1) | ParamSetting(('minisat_simplified.params', 'param', 'cla-decay'), 0.9886922277797604)
2024-06-12 04:04:07,167	[INFO]	
2024-06-12 04:04:07,167	[INFO]	==== DIFF ====
[1m--- before: minisat_simplified.params[0m
[1m+++ after: minisat_simplified.params[0m
[36m@@ -1,17 +1,17 @@[0m
 luby := 'True'
[31m-rnd-init := 'False'[0m
[31m-gc-frac := 0.2[0m
[32m+rnd-init := 'True'[0m
[32m+gc-frac := 945.6358929644773[0m
 rinc := 2.0
 var-decay := 0.95
[31m-cla-decay := 0.999[0m
[32m+cla-decay := 0.9886922277797604[0m
 rnd-freq := 0.0
 rnd-seed := 91648253
 phase-saving := 2
[31m-ccmin-mode := 2[0m
[31m-rfirst := 100[0m
[32m+ccmin-mode := 1[0m
[32m+rfirst := 7473[0m
 pre := 'True'
[31m-verb := '1'[0m
[31m-rcheck := 'False'[0m
[32m+verb := '0'[0m
[32m+rcheck := 'True'[0m
 asymm := 'False'
 elim := 'True'
 simp-gc-frac := 0.5

