2024-06-27 20:52:00,426	[DEBUG]	==== CONFIG ====
[magpie]
import = 
seed = 3935816285023534
log_dir = _magpie_logs
work_dir = _magpie_work
local_original_copy = True
local_original_name = __original__
output_encoding = ascii
edit_retries = 10
default_timeout = 30
default_lengthout = 1e6
diff_method = unified
trust_local_filesystem = True

[magpie.log]
color_output = True
format_info = {counter:<7} {status:<20} {best}{fitness} ({ratio}) [{size}] {cached} {log}
format_debug = patch({counter})="{patch}"{diffifbest}
format_fitness = {:.6f}
format_ratio = {:.2%%}
format_patchif = 
	 --> {patch}
format_diffif = 
	{diff}

[software]
path = examples/minisat
target_files = minisat_simplified.params
software = BasicSoftware
model_rules = 
	*.params : ParamFileConfigModel
	*.xml : SrcmlModel
	* : LineModel
model_config = 
	*.params : [paramconfig]
	*.xml : [srcml]
init_cmd = bash init.sh
init_timeout = 60
init_lengthout = -1
setup_cmd = bash compile.sh
setup_timeout = 
setup_lengthout = 
compile_cmd = 
compile_timeout = 
compile_lengthout = 
test_cmd = bash test.sh
test_timeout = 
test_lengthout = 
run_cmd = ./run_custom.sh "bash run_fixed.sh"
run_timeout = 
run_lengthout = 
retries = 3
batch_timeout = 
batch_lengthout = 
batch_bin_fitness_strategy = aggregate
batch_fitness_strategy = sum
fitness = weights

[srcml]
rename = 
	stmt: break continue decl_stmt do expr_stmt for goto if return switch while
	number: literal_number
focus = block stmt operator_comp operator_arith number
internodes = block
process_pseudo_blocks = True
process_literals = True
process_operators = True

[paramconfig]
timing = test run
cli_prefix = --
cli_glue = =
cli_boolean = show
cli_boolean_prefix_true = 
cli_boolean_prefix_false = no-
cli_none = hide
silent_prefix = @
silent_suffix = $

[search]
protocol = BasicProtocol
algorithm = FirstImprovement
possible_edits = ParamSetting
warmup = 3
warmup_strategy = last
max_steps = 1000
max_time = 1800
target_fitness = 
cache_maxsize = 100
cache_keep = 0.2
batch_instances = 
batch_shuffle = True
batch_bin_shuffle = False
batch_sample_size = 1

[search.ls]
delete_prob = 0.5
max_neighbours = 
when_trapped = continue
accept_fail = False
tabu_length = 10

[search.gp]
pop_size = 10
delete_prob = 0.5
offspring_elitism = 0.1
offspring_crossover = 0.5
offspring_mutation = 0.4
uniform_rate = 0.5
batch_reset = True

[search.minify]
do_cleanup = True
do_rebuild = True
do_simplify = True
round_robin_limit = 3


2024-06-27 20:52:00,426	[DEBUG]	
2024-06-27 20:52:00,426	[INFO]	==== SEARCH: FirstImprovement ====
2024-06-27 20:52:00,426	[INFO]	~~~~ WARMUP ~~~~
2024-06-27 20:52:52,470	[DEBUG]	EXEC>  SUCCESS 90701385.51533334
2024-06-27 20:52:52,470	[INFO]	WARM    SUCCESS               90701385.515333 (--) [0 edit(s)]  
2024-06-27 20:53:39,820	[DEBUG]	EXEC>  SUCCESS 123150709.63833332
2024-06-27 20:53:39,820	[INFO]	WARM    SUCCESS               123150709.638333 (--) [0 edit(s)]  
2024-06-27 20:54:27,179	[DEBUG]	EXEC>  SUCCESS 99872219.89100002
2024-06-27 20:54:27,179	[INFO]	WARM    SUCCESS               99872219.891000 (--) [0 edit(s)]  
2024-06-27 20:54:27,179	[INFO]	REF     SUCCESS               99872219.891000 (--) [0 edit(s)]  
2024-06-27 20:54:27,179	[INFO]	
2024-06-27 20:54:27,179	[INFO]	~~~~ START ~~~~
2024-06-27 20:54:53,402	[DEBUG]	EXEC>  SUCCESS 60718657.388000004
2024-06-27 20:54:53,402	[INFO]	1       SUCCESS              *60718657.388000 (60.80%) [1 edit(s)]  
2024-06-27 20:54:53,402	[DEBUG]	patch(1)="ParamSetting(('minisat_simplified.params', 'param', 'rfirst'), 347)"
--- before: minisat_simplified.params
+++ after: minisat_simplified.params
@@ -8,7 +8,7 @@
 rnd-seed := 91648253
 phase-saving := 2
 ccmin-mode := 2
-rfirst := 100
+rfirst := 347
 pre := 'True'
 verb := '1'
 rcheck := 'False'

2024-06-27 20:55:19,607	[DEBUG]	EXEC>  SUCCESS 56891522.99533334
2024-06-27 20:55:19,607	[INFO]	2       SUCCESS              *56891522.995333 (56.96%) [2 edit(s)]  
2024-06-27 20:55:19,607	[DEBUG]	patch(2)="ParamSetting(('minisat_simplified.params', 'param', 'rfirst'), 347) | ParamSetting(('minisat_simplified.params', 'param', 'rnd-seed'), 1183802981)"
--- before: minisat_simplified.params
+++ after: minisat_simplified.params
@@ -5,10 +5,10 @@
 var-decay := 0.95
 cla-decay := 0.999
 rnd-freq := 0.0
-rnd-seed := 91648253
+rnd-seed := 1183802981
 phase-saving := 2
 ccmin-mode := 2
-rfirst := 100
+rfirst := 347
 pre := 'True'
 verb := '1'
 rcheck := 'False'

2024-06-27 20:56:06,972	[DEBUG]	EXEC>  SUCCESS 108832090.33399999
2024-06-27 20:56:06,973	[INFO]	3       SUCCESS               108832090.334000 (108.97%) [1 edit(s)]  
2024-06-27 20:56:06,973	[DEBUG]	patch(3)="ParamSetting(('minisat_simplified.params', 'param', 'rnd-seed'), 1183802981)"
2024-06-27 20:56:06,974	[INFO]	4       SUCCESS              +56891522.995333 (56.96%) [3 edit(s)] [cached] 
2024-06-27 20:56:06,974	[DEBUG]	patch(4)="ParamSetting(('minisat_simplified.params', 'param', 'rfirst'), 347) | ParamSetting(('minisat_simplified.params', 'param', 'rnd-seed'), 1183802981) | ParamSetting(('minisat_simplified.params', 'param', 'pre'), 'True')"
2024-06-27 20:56:06,974	[INFO]	5       SUCCESS               108832090.334000 (108.97%) [2 edit(s)] [cached] 
2024-06-27 20:56:06,975	[DEBUG]	patch(5)="ParamSetting(('minisat_simplified.params', 'param', 'rnd-seed'), 1183802981) | ParamSetting(('minisat_simplified.params', 'param', 'pre'), 'True')"
2024-06-27 20:56:06,976	[INFO]	6       SUCCESS               60718657.388000 (60.80%) [2 edit(s)] [cached] 
2024-06-27 20:56:06,976	[DEBUG]	patch(6)="ParamSetting(('minisat_simplified.params', 'param', 'rfirst'), 347) | ParamSetting(('minisat_simplified.params', 'param', 'pre'), 'True')"
2024-06-27 20:56:46,329	[DEBUG]	EXEC>  SUCCESS 101082776.204
2024-06-27 20:56:46,329	[INFO]	7       SUCCESS               101082776.204000 (101.21%) [4 edit(s)]  
2024-06-27 20:56:46,329	[DEBUG]	patch(7)="ParamSetting(('minisat_simplified.params', 'param', 'rfirst'), 347) | ParamSetting(('minisat_simplified.params', 'param', 'rnd-seed'), 1183802981) | ParamSetting(('minisat_simplified.params', 'param', 'pre'), 'True') | ParamSetting(('minisat_simplified.params', 'param', 'pre'), 'False')"
2024-06-27 20:57:24,640	[DEBUG]	EXEC>  SUCCESS 118215251.05833334
2024-06-27 20:57:24,640	[INFO]	8       SUCCESS               118215251.058333 (118.37%) [4 edit(s)]  
2024-06-27 20:57:24,640	[DEBUG]	patch(8)="ParamSetting(('minisat_simplified.params', 'param', 'rfirst'), 347) | ParamSetting(('minisat_simplified.params', 'param', 'rnd-seed'), 1183802981) | ParamSetting(('minisat_simplified.params', 'param', 'pre'), 'True') | ParamSetting(('minisat_simplified.params', 'param', 'elim'), 'False')"
2024-06-27 20:57:24,641	[INFO]	9       SUCCESS              +56891522.995333 (56.96%) [4 edit(s)] [cached] 
2024-06-27 20:57:24,641	[DEBUG]	patch(9)="ParamSetting(('minisat_simplified.params', 'param', 'rfirst'), 347) | ParamSetting(('minisat_simplified.params', 'param', 'rnd-seed'), 1183802981) | ParamSetting(('minisat_simplified.params', 'param', 'pre'), 'True') | ParamSetting(('minisat_simplified.params', 'param', 'rnd-init'), 'False')"
2024-06-27 20:57:24,642	[INFO]	10      SUCCESS               60718657.388000 (60.80%) [3 edit(s)] [cached] 
2024-06-27 20:57:24,642	[DEBUG]	patch(10)="ParamSetting(('minisat_simplified.params', 'param', 'rfirst'), 347) | ParamSetting(('minisat_simplified.params', 'param', 'pre'), 'True') | ParamSetting(('minisat_simplified.params', 'param', 'rnd-init'), 'False')"
2024-06-27 20:57:24,643	[INFO]	11      SUCCESS              +56891522.995333 (56.96%) [5 edit(s)] [cached] 
2024-06-27 20:57:24,643	[DEBUG]	patch(11)="ParamSetting(('minisat_simplified.params', 'param', 'rfirst'), 347) | ParamSetting(('minisat_simplified.params', 'param', 'rnd-seed'), 1183802981) | ParamSetting(('minisat_simplified.params', 'param', 'pre'), 'True') | ParamSetting(('minisat_simplified.params', 'param', 'rnd-init'), 'False') | ParamSetting(('minisat_simplified.params', 'param', 'asymm'), 'False')"
2024-06-27 20:57:24,644	[INFO]	12      SUCCESS              +56891522.995333 (56.96%) [4 edit(s)] [cached] 
2024-06-27 20:57:24,644	[DEBUG]	patch(12)="ParamSetting(('minisat_simplified.params', 'param', 'rfirst'), 347) | ParamSetting(('minisat_simplified.params', 'param', 'rnd-seed'), 1183802981) | ParamSetting(('minisat_simplified.params', 'param', 'pre'), 'True') | ParamSetting(('minisat_simplified.params', 'param', 'asymm'), 'False')"
2024-06-27 20:57:24,645	[INFO]	13      SUCCESS               101082776.204000 (101.21%) [5 edit(s)] [cached] 
2024-06-27 20:57:24,645	[DEBUG]	patch(13)="ParamSetting(('minisat_simplified.params', 'param', 'rfirst'), 347) | ParamSetting(('minisat_simplified.params', 'param', 'rnd-seed'), 1183802981) | ParamSetting(('minisat_simplified.params', 'param', 'pre'), 'True') | ParamSetting(('minisat_simplified.params', 'param', 'asymm'), 'False') | ParamSetting(('minisat_simplified.params', 'param', 'pre'), 'False')"
2024-06-27 20:57:24,646	[INFO]	14      SUCCESS               60718657.388000 (60.80%) [3 edit(s)] [cached] 
2024-06-27 20:57:24,646	[DEBUG]	patch(14)="ParamSetting(('minisat_simplified.params', 'param', 'rfirst'), 347) | ParamSetting(('minisat_simplified.params', 'param', 'pre'), 'True') | ParamSetting(('minisat_simplified.params', 'param', 'asymm'), 'False')"
2024-06-27 20:57:24,646	[INFO]	15      SUCCESS              +56891522.995333 (56.96%) [3 edit(s)] [cached] 
2024-06-27 20:57:24,646	[DEBUG]	patch(15)="ParamSetting(('minisat_simplified.params', 'param', 'rfirst'), 347) | ParamSetting(('minisat_simplified.params', 'param', 'rnd-seed'), 1183802981) | ParamSetting(('minisat_simplified.params', 'param', 'asymm'), 'False')"
2024-06-27 20:57:24,647	[INFO]	16      SUCCESS              +56891522.995333 (56.96%) [4 edit(s)] [cached] 
2024-06-27 20:57:24,647	[DEBUG]	patch(16)="ParamSetting(('minisat_simplified.params', 'param', 'rfirst'), 347) | ParamSetting(('minisat_simplified.params', 'param', 'rnd-seed'), 1183802981) | ParamSetting(('minisat_simplified.params', 'param', 'asymm'), 'False') | ParamSetting(('minisat_simplified.params', 'param', 'rnd-init'), 'False')"
2024-06-27 20:57:24,648	[INFO]	17      SUCCESS               60718657.388000 (60.80%) [3 edit(s)] [cached] 
2024-06-27 20:57:24,649	[DEBUG]	patch(17)="ParamSetting(('minisat_simplified.params', 'param', 'rfirst'), 347) | ParamSetting(('minisat_simplified.params', 'param', 'asymm'), 'False') | ParamSetting(('minisat_simplified.params', 'param', 'rnd-init'), 'False')"
2024-06-27 20:57:24,649	[INFO]	18      SUCCESS               108832090.334000 (108.97%) [3 edit(s)] [cached] 
2024-06-27 20:57:24,649	[DEBUG]	patch(18)="ParamSetting(('minisat_simplified.params', 'param', 'rnd-seed'), 1183802981) | ParamSetting(('minisat_simplified.params', 'param', 'asymm'), 'False') | ParamSetting(('minisat_simplified.params', 'param', 'rnd-init'), 'False')"
2024-06-27 20:57:24,650	[INFO]	19      SUCCESS              +56891522.995333 (56.96%) [3 edit(s)] [cached] 
2024-06-27 20:57:24,651	[DEBUG]	patch(19)="ParamSetting(('minisat_simplified.params', 'param', 'rfirst'), 347) | ParamSetting(('minisat_simplified.params', 'param', 'rnd-seed'), 1183802981) | ParamSetting(('minisat_simplified.params', 'param', 'asymm'), 'False')"
2024-06-27 20:58:07,979	[DEBUG]	EXEC>  SUCCESS 66139294.35833333
2024-06-27 20:58:07,979	[INFO]	20      SUCCESS               66139294.358333 (66.22%) [4 edit(s)]  
2024-06-27 20:58:07,980	[DEBUG]	patch(20)="ParamSetting(('minisat_simplified.params', 'param', 'rfirst'), 347) | ParamSetting(('minisat_simplified.params', 'param', 'rnd-seed'), 1183802981) | ParamSetting(('minisat_simplified.params', 'param', 'asymm'), 'False') | ParamSetting(('minisat_simplified.params', 'param', 'cla-decay'), 0.23767810019316182)"
2024-06-27 20:58:34,174	[DEBUG]	EXEC>  SUCCESS 106369891.193
2024-06-27 20:58:34,174	[INFO]	21      SUCCESS               106369891.193000 (106.51%) [4 edit(s)]  
2024-06-27 20:58:34,175	[DEBUG]	patch(21)="ParamSetting(('minisat_simplified.params', 'param', 'rfirst'), 347) | ParamSetting(('minisat_simplified.params', 'param', 'rnd-seed'), 1183802981) | ParamSetting(('minisat_simplified.params', 'param', 'asymm'), 'False') | ParamSetting(('minisat_simplified.params', 'param', 'simp-gc-frac'), 22814256.064463228)"
2024-06-27 20:58:34,176	[INFO]	22      SUCCESS               118215251.058333 (118.37%) [4 edit(s)] [cached] 
2024-06-27 20:58:34,176	[DEBUG]	patch(22)="ParamSetting(('minisat_simplified.params', 'param', 'rfirst'), 347) | ParamSetting(('minisat_simplified.params', 'param', 'rnd-seed'), 1183802981) | ParamSetting(('minisat_simplified.params', 'param', 'asymm'), 'False') | ParamSetting(('minisat_simplified.params', 'param', 'elim'), 'False')"
2024-06-27 20:58:34,176	[INFO]	23      SUCCESS              +56891522.995333 (56.96%) [2 edit(s)] [cached] 
2024-06-27 20:58:34,177	[DEBUG]	patch(23)="ParamSetting(('minisat_simplified.params', 'param', 'rfirst'), 347) | ParamSetting(('minisat_simplified.params', 'param', 'rnd-seed'), 1183802981)"
2024-06-27 20:58:34,177	[INFO]	24      SUCCESS               108832090.334000 (108.97%) [1 edit(s)] [cached] 
2024-06-27 20:58:34,177	[DEBUG]	patch(24)="ParamSetting(('minisat_simplified.params', 'param', 'rnd-seed'), 1183802981)"
2024-06-27 20:58:34,178	[INFO]	25      SUCCESS               60718657.388000 (60.80%) [1 edit(s)] [cached] 
2024-06-27 20:58:34,178	[DEBUG]	patch(25)="ParamSetting(('minisat_simplified.params', 'param', 'rfirst'), 347)"
2024-06-27 20:59:00,434	[DEBUG]	EXEC>  SUCCESS 72551309.21233334
2024-06-27 20:59:00,435	[INFO]	26      SUCCESS               72551309.212333 (72.64%) [3 edit(s)]  
2024-06-27 20:59:00,435	[DEBUG]	patch(26)="ParamSetting(('minisat_simplified.params', 'param', 'rfirst'), 347) | ParamSetting(('minisat_simplified.params', 'param', 'rnd-seed'), 1183802981) | ParamSetting(('minisat_simplified.params', 'param', 'cl-lim'), 4482)"
2024-06-27 20:59:00,436	[INFO]	27      SUCCESS              +56891522.995333 (56.96%) [3 edit(s)] [cached] 
2024-06-27 20:59:00,436	[DEBUG]	patch(27)="ParamSetting(('minisat_simplified.params', 'param', 'rfirst'), 347) | ParamSetting(('minisat_simplified.params', 'param', 'rnd-seed'), 1183802981) | ParamSetting(('minisat_simplified.params', 'param', 'luby'), 'True')"
2024-06-27 20:59:00,437	[INFO]	28      SUCCESS               60718657.388000 (60.80%) [2 edit(s)] [cached] 
2024-06-27 20:59:00,437	[DEBUG]	patch(28)="ParamSetting(('minisat_simplified.params', 'param', 'rfirst'), 347) | ParamSetting(('minisat_simplified.params', 'param', 'luby'), 'True')"
2024-06-27 20:59:17,658	[DEBUG]	EXEC>  SUCCESS 57840379.094000004
2024-06-27 20:59:17,658	[INFO]	29      SUCCESS               57840379.094000 (57.91%) [4 edit(s)]  
2024-06-27 20:59:17,658	[DEBUG]	patch(29)="ParamSetting(('minisat_simplified.params', 'param', 'rfirst'), 347) | ParamSetting(('minisat_simplified.params', 'param', 'rnd-seed'), 1183802981) | ParamSetting(('minisat_simplified.params', 'param', 'luby'), 'True') | ParamSetting(('minisat_simplified.params', 'param', 'rfirst'), 7439)"
2024-06-27 20:59:17,659	[INFO]	30      SUCCESS               108832090.334000 (108.97%) [2 edit(s)] [cached] 
2024-06-27 20:59:17,659	[DEBUG]	patch(30)="ParamSetting(('minisat_simplified.params', 'param', 'rnd-seed'), 1183802981) | ParamSetting(('minisat_simplified.params', 'param', 'luby'), 'True')"
2024-06-27 21:01:22,206	[DEBUG]	EXEC>  CODE_ERROR None
2024-06-27 21:01:22,206	[INFO]	31      RUN_CODE_ERROR        None (--) [4 edit(s)]  
2024-06-27 21:01:22,206	[DEBUG]	patch(31)="ParamSetting(('minisat_simplified.params', 'param', 'rfirst'), 347) | ParamSetting(('minisat_simplified.params', 'param', 'rnd-seed'), 1183802981) | ParamSetting(('minisat_simplified.params', 'param', 'luby'), 'True') | ParamSetting(('minisat_simplified.params', 'param', 'rnd-freq'), 0.6521011809303516)"
2024-06-27 21:01:57,479	[DEBUG]	EXEC>  SUCCESS 69280888.51799999
2024-06-27 21:01:57,479	[INFO]	32      SUCCESS               69280888.518000 (69.37%) [4 edit(s)]  
2024-06-27 21:01:57,480	[DEBUG]	patch(32)="ParamSetting(('minisat_simplified.params', 'param', 'rfirst'), 347) | ParamSetting(('minisat_simplified.params', 'param', 'rnd-seed'), 1183802981) | ParamSetting(('minisat_simplified.params', 'param', 'luby'), 'True') | ParamSetting(('minisat_simplified.params', 'param', 'asymm'), 'True')"
2024-06-27 21:02:35,816	[DEBUG]	EXEC>  SUCCESS 37849325.05833333
2024-06-27 21:02:35,817	[INFO]	33      SUCCESS              *37849325.058333 (37.90%) [4 edit(s)]  
2024-06-27 21:02:35,817	[DEBUG]	patch(33)="ParamSetting(('minisat_simplified.params', 'param', 'rfirst'), 347) | ParamSetting(('minisat_simplified.params', 'param', 'rnd-seed'), 1183802981) | ParamSetting(('minisat_simplified.params', 'param', 'luby'), 'True') | ParamSetting(('minisat_simplified.params', 'param', 'cla-decay'), 0.5065483124706648)"
--- before: minisat_simplified.params
+++ after: minisat_simplified.params
@@ -3,12 +3,12 @@
 gc-frac := 0.2
 rinc := 2.0
 var-decay := 0.95
-cla-decay := 0.999
+cla-decay := 0.5065483124706648
 rnd-freq := 0.0
-rnd-seed := 91648253
+rnd-seed := 1183802981
 phase-saving := 2
 ccmin-mode := 2
-rfirst := 100
+rfirst := 347
 pre := 'True'
 verb := '1'
 rcheck := 'False'

2024-06-27 21:02:35,818	[INFO]	34      SUCCESS              +37849325.058333 (37.90%) [5 edit(s)] [cached] 
2024-06-27 21:02:35,818	[DEBUG]	patch(34)="ParamSetting(('minisat_simplified.params', 'param', 'rfirst'), 347) | ParamSetting(('minisat_simplified.params', 'param', 'rnd-seed'), 1183802981) | ParamSetting(('minisat_simplified.params', 'param', 'luby'), 'True') | ParamSetting(('minisat_simplified.params', 'param', 'cla-decay'), 0.5065483124706648) | ParamSetting(('minisat_simplified.params', 'param', 'luby'), 'True')"
2024-06-27 21:02:35,819	[INFO]	35      SUCCESS              +37849325.058333 (37.90%) [4 edit(s)] [cached] 
2024-06-27 21:02:35,819	[DEBUG]	patch(35)="ParamSetting(('minisat_simplified.params', 'param', 'rfirst'), 347) | ParamSetting(('minisat_simplified.params', 'param', 'rnd-seed'), 1183802981) | ParamSetting(('minisat_simplified.params', 'param', 'cla-decay'), 0.5065483124706648) | ParamSetting(('minisat_simplified.params', 'param', 'luby'), 'True')"
2024-06-27 21:03:24,170	[DEBUG]	EXEC>  SUCCESS 116787148.46866667
2024-06-27 21:03:24,171	[INFO]	36      SUCCESS               116787148.468667 (116.94%) [5 edit(s)]  
2024-06-27 21:03:24,171	[DEBUG]	patch(36)="ParamSetting(('minisat_simplified.params', 'param', 'rfirst'), 347) | ParamSetting(('minisat_simplified.params', 'param', 'rnd-seed'), 1183802981) | ParamSetting(('minisat_simplified.params', 'param', 'cla-decay'), 0.5065483124706648) | ParamSetting(('minisat_simplified.params', 'param', 'luby'), 'True') | ParamSetting(('minisat_simplified.params', 'param', 'pre'), 'False')"
2024-06-27 21:03:38,200	[DEBUG]	EXEC>  SUCCESS 33649565.33766667
2024-06-27 21:03:38,201	[INFO]	37      SUCCESS              *33649565.337667 (33.69%) [5 edit(s)]  
2024-06-27 21:03:38,201	[DEBUG]	patch(37)="ParamSetting(('minisat_simplified.params', 'param', 'rfirst'), 347) | ParamSetting(('minisat_simplified.params', 'param', 'rnd-seed'), 1183802981) | ParamSetting(('minisat_simplified.params', 'param', 'cla-decay'), 0.5065483124706648) | ParamSetting(('minisat_simplified.params', 'param', 'luby'), 'True') | ParamSetting(('minisat_simplified.params', 'param', 'rinc'), 12083.414756747174)"
--- before: minisat_simplified.params
+++ after: minisat_simplified.params
@@ -1,14 +1,14 @@
 luby := 'True'
 rnd-init := 'False'
 gc-frac := 0.2
-rinc := 2.0
+rinc := 12083.414756747174
 var-decay := 0.95
-cla-decay := 0.999
+cla-decay := 0.5065483124706648
 rnd-freq := 0.0
-rnd-seed := 91648253
+rnd-seed := 1183802981
 phase-saving := 2
 ccmin-mode := 2
-rfirst := 100
+rfirst := 347
 pre := 'True'
 verb := '1'
 rcheck := 'False'

2024-06-27 21:03:50,260	[DEBUG]	EXEC>  SUCCESS 77365168.63366668
2024-06-27 21:03:50,260	[INFO]	38      SUCCESS               77365168.633667 (77.46%) [4 edit(s)]  
2024-06-27 21:03:50,260	[DEBUG]	patch(38)="ParamSetting(('minisat_simplified.params', 'param', 'rnd-seed'), 1183802981) | ParamSetting(('minisat_simplified.params', 'param', 'cla-decay'), 0.5065483124706648) | ParamSetting(('minisat_simplified.params', 'param', 'luby'), 'True') | ParamSetting(('minisat_simplified.params', 'param', 'rinc'), 12083.414756747174)"
2024-06-27 21:03:50,261	[INFO]	39      SUCCESS              +33649565.337667 (33.69%) [4 edit(s)] [cached] 
2024-06-27 21:03:50,261	[DEBUG]	patch(39)="ParamSetting(('minisat_simplified.params', 'param', 'rfirst'), 347) | ParamSetting(('minisat_simplified.params', 'param', 'rnd-seed'), 1183802981) | ParamSetting(('minisat_simplified.params', 'param', 'cla-decay'), 0.5065483124706648) | ParamSetting(('minisat_simplified.params', 'param', 'rinc'), 12083.414756747174)"
2024-06-27 21:04:04,332	[DEBUG]	EXEC>  SUCCESS 47129713.15566667
2024-06-27 21:04:04,333	[INFO]	40      SUCCESS               47129713.155667 (47.19%) [5 edit(s)]  
2024-06-27 21:04:04,333	[DEBUG]	patch(40)="ParamSetting(('minisat_simplified.params', 'param', 'rfirst'), 347) | ParamSetting(('minisat_simplified.params', 'param', 'rnd-seed'), 1183802981) | ParamSetting(('minisat_simplified.params', 'param', 'cla-decay'), 0.5065483124706648) | ParamSetting(('minisat_simplified.params', 'param', 'rinc'), 12083.414756747174) | ParamSetting(('minisat_simplified.params', 'param', 'cl-lim'), 40233)"
2024-06-27 21:04:04,334	[INFO]	41      SUCCESS               77365168.633667 (77.46%) [3 edit(s)] [cached] 
2024-06-27 21:04:04,334	[DEBUG]	patch(41)="ParamSetting(('minisat_simplified.params', 'param', 'rnd-seed'), 1183802981) | ParamSetting(('minisat_simplified.params', 'param', 'cla-decay'), 0.5065483124706648) | ParamSetting(('minisat_simplified.params', 'param', 'rinc'), 12083.414756747174)"
2024-06-27 21:04:04,335	[INFO]	42      SUCCESS              +33649565.337667 (33.69%) [5 edit(s)] [cached] 
2024-06-27 21:04:04,335	[DEBUG]	patch(42)="ParamSetting(('minisat_simplified.params', 'param', 'rfirst'), 347) | ParamSetting(('minisat_simplified.params', 'param', 'rnd-seed'), 1183802981) | ParamSetting(('minisat_simplified.params', 'param', 'cla-decay'), 0.5065483124706648) | ParamSetting(('minisat_simplified.params', 'param', 'rinc'), 12083.414756747174) | ParamSetting(('minisat_simplified.params', 'param', 'ccmin-mode'), 2)"
2024-06-27 21:04:18,376	[DEBUG]	EXEC>  SUCCESS 52182435.22099999
2024-06-27 21:04:18,376	[INFO]	43      SUCCESS               52182435.221000 (52.25%) [6 edit(s)]  
2024-06-27 21:04:18,376	[DEBUG]	patch(43)="ParamSetting(('minisat_simplified.params', 'param', 'rfirst'), 347) | ParamSetting(('minisat_simplified.params', 'param', 'rnd-seed'), 1183802981) | ParamSetting(('minisat_simplified.params', 'param', 'cla-decay'), 0.5065483124706648) | ParamSetting(('minisat_simplified.params', 'param', 'rinc'), 12083.414756747174) | ParamSetting(('minisat_simplified.params', 'param', 'ccmin-mode'), 2) | ParamSetting(('minisat_simplified.params', 'param', 'rfirst'), 2083)"
2024-06-27 21:04:32,439	[DEBUG]	EXEC>  SUCCESS 26650238.035666663
2024-06-27 21:04:32,439	[INFO]	44      SUCCESS              *26650238.035667 (26.68%) [6 edit(s)]  
2024-06-27 21:04:32,439	[DEBUG]	patch(44)="ParamSetting(('minisat_simplified.params', 'param', 'rfirst'), 347) | ParamSetting(('minisat_simplified.params', 'param', 'rnd-seed'), 1183802981) | ParamSetting(('minisat_simplified.params', 'param', 'cla-decay'), 0.5065483124706648) | ParamSetting(('minisat_simplified.params', 'param', 'rinc'), 12083.414756747174) | ParamSetting(('minisat_simplified.params', 'param', 'ccmin-mode'), 2) | ParamSetting(('minisat_simplified.params', 'param', 'cla-decay'), 0.0477635429900275)"
--- before: minisat_simplified.params
+++ after: minisat_simplified.params
@@ -1,14 +1,14 @@
 luby := 'True'
 rnd-init := 'False'
 gc-frac := 0.2
-rinc := 2.0
+rinc := 12083.414756747174
 var-decay := 0.95
-cla-decay := 0.999
+cla-decay := 0.0477635429900275
 rnd-freq := 0.0
-rnd-seed := 91648253
+rnd-seed := 1183802981
 phase-saving := 2
 ccmin-mode := 2
-rfirst := 100
+rfirst := 347
 pre := 'True'
 verb := '1'
 rcheck := 'False'

2024-06-27 21:04:46,491	[DEBUG]	EXEC>  SUCCESS 57408910.43233333
2024-06-27 21:04:46,491	[INFO]	45      SUCCESS               57408910.432333 (57.48%) [7 edit(s)]  
2024-06-27 21:04:46,491	[DEBUG]	patch(45)="ParamSetting(('minisat_simplified.params', 'param', 'rfirst'), 347) | ParamSetting(('minisat_simplified.params', 'param', 'rnd-seed'), 1183802981) | ParamSetting(('minisat_simplified.params', 'param', 'cla-decay'), 0.5065483124706648) | ParamSetting(('minisat_simplified.params', 'param', 'rinc'), 12083.414756747174) | ParamSetting(('minisat_simplified.params', 'param', 'ccmin-mode'), 2) | ParamSetting(('minisat_simplified.params', 'param', 'cla-decay'), 0.0477635429900275) | ParamSetting(('minisat_simplified.params', 'param', 'rfirst'), 15321)"
2024-06-27 21:05:00,569	[DEBUG]	EXEC>  SUCCESS 60541940.435
2024-06-27 21:05:00,569	[INFO]	46      SUCCESS               60541940.435000 (60.62%) [5 edit(s)]  
2024-06-27 21:05:00,569	[DEBUG]	patch(46)="ParamSetting(('minisat_simplified.params', 'param', 'rnd-seed'), 1183802981) | ParamSetting(('minisat_simplified.params', 'param', 'cla-decay'), 0.5065483124706648) | ParamSetting(('minisat_simplified.params', 'param', 'rinc'), 12083.414756747174) | ParamSetting(('minisat_simplified.params', 'param', 'ccmin-mode'), 2) | ParamSetting(('minisat_simplified.params', 'param', 'cla-decay'), 0.0477635429900275)"
2024-06-27 21:05:14,541	[DEBUG]	EXEC>  SUCCESS 44873045.116
2024-06-27 21:05:14,541	[INFO]	47      SUCCESS               44873045.116000 (44.93%) [7 edit(s)]  
2024-06-27 21:05:14,541	[DEBUG]	patch(47)="ParamSetting(('minisat_simplified.params', 'param', 'rfirst'), 347) | ParamSetting(('minisat_simplified.params', 'param', 'rnd-seed'), 1183802981) | ParamSetting(('minisat_simplified.params', 'param', 'cla-decay'), 0.5065483124706648) | ParamSetting(('minisat_simplified.params', 'param', 'rinc'), 12083.414756747174) | ParamSetting(('minisat_simplified.params', 'param', 'ccmin-mode'), 2) | ParamSetting(('minisat_simplified.params', 'param', 'cla-decay'), 0.0477635429900275) | ParamSetting(('minisat_simplified.params', 'param', 'sub-lim'), 1838)"
2024-06-27 21:05:14,542	[INFO]	48      SUCCESS              +26650238.035667 (26.68%) [7 edit(s)] [cached] 
2024-06-27 21:05:14,542	[DEBUG]	patch(48)="ParamSetting(('minisat_simplified.params', 'param', 'rfirst'), 347) | ParamSetting(('minisat_simplified.params', 'param', 'rnd-seed'), 1183802981) | ParamSetting(('minisat_simplified.params', 'param', 'cla-decay'), 0.5065483124706648) | ParamSetting(('minisat_simplified.params', 'param', 'rinc'), 12083.414756747174) | ParamSetting(('minisat_simplified.params', 'param', 'ccmin-mode'), 2) | ParamSetting(('minisat_simplified.params', 'param', 'cla-decay'), 0.0477635429900275) | ParamSetting(('minisat_simplified.params', 'param', 'phase-saving'), 2)"
2024-06-27 21:05:14,543	[INFO]	49      SUCCESS              +26650238.035667 (26.68%) [8 edit(s)] [cached] 
2024-06-27 21:05:14,544	[DEBUG]	patch(49)="ParamSetting(('minisat_simplified.params', 'param', 'rfirst'), 347) | ParamSetting(('minisat_simplified.params', 'param', 'rnd-seed'), 1183802981) | ParamSetting(('minisat_simplified.params', 'param', 'cla-decay'), 0.5065483124706648) | ParamSetting(('minisat_simplified.params', 'param', 'rinc'), 12083.414756747174) | ParamSetting(('minisat_simplified.params', 'param', 'ccmin-mode'), 2) | ParamSetting(('minisat_simplified.params', 'param', 'cla-decay'), 0.0477635429900275) | ParamSetting(('minisat_simplified.params', 'param', 'phase-saving'), 2) | ParamSetting(('minisat_simplified.params', 'param', 'rcheck'), 'False')"
2024-06-27 21:05:28,598	[DEBUG]	EXEC>  SUCCESS 47996283.52966666
2024-06-27 21:05:28,599	[INFO]	50      SUCCESS               47996283.529667 (48.06%) [9 edit(s)]  
2024-06-27 21:05:28,599	[DEBUG]	patch(50)="ParamSetting(('minisat_simplified.params', 'param', 'rfirst'), 347) | ParamSetting(('minisat_simplified.params', 'param', 'rnd-seed'), 1183802981) | ParamSetting(('minisat_simplified.params', 'param', 'cla-decay'), 0.5065483124706648) | ParamSetting(('minisat_simplified.params', 'param', 'rinc'), 12083.414756747174) | ParamSetting(('minisat_simplified.params', 'param', 'ccmin-mode'), 2) | ParamSetting(('minisat_simplified.params', 'param', 'cla-decay'), 0.0477635429900275) | ParamSetting(('minisat_simplified.params', 'param', 'phase-saving'), 2) | ParamSetting(('minisat_simplified.params', 'param', 'rcheck'), 'False') | ParamSetting(('minisat_simplified.params', 'param', 'cla-decay'), 0.9166608472134943)"
2024-06-27 21:05:28,600	[INFO]	51      SUCCESS              +26650238.035667 (26.68%) [7 edit(s)] [cached] 
2024-06-27 21:05:28,600	[DEBUG]	patch(51)="ParamSetting(('minisat_simplified.params', 'param', 'rfirst'), 347) | ParamSetting(('minisat_simplified.params', 'param', 'rnd-seed'), 1183802981) | ParamSetting(('minisat_simplified.params', 'param', 'rinc'), 12083.414756747174) | ParamSetting(('minisat_simplified.params', 'param', 'ccmin-mode'), 2) | ParamSetting(('minisat_simplified.params', 'param', 'cla-decay'), 0.0477635429900275) | ParamSetting(('minisat_simplified.params', 'param', 'phase-saving'), 2) | ParamSetting(('minisat_simplified.params', 'param', 'rcheck'), 'False')"
2024-06-27 21:05:39,621	[DEBUG]	EXEC>  SUCCESS 55271477.784333326
2024-06-27 21:05:39,621	[INFO]	52      SUCCESS               55271477.784333 (55.34%) [6 edit(s)]  
2024-06-27 21:05:39,622	[DEBUG]	patch(52)="ParamSetting(('minisat_simplified.params', 'param', 'rfirst'), 347) | ParamSetting(('minisat_simplified.params', 'param', 'rnd-seed'), 1183802981) | ParamSetting(('minisat_simplified.params', 'param', 'rinc'), 12083.414756747174) | ParamSetting(('minisat_simplified.params', 'param', 'ccmin-mode'), 2) | ParamSetting(('minisat_simplified.params', 'param', 'phase-saving'), 2) | ParamSetting(('minisat_simplified.params', 'param', 'rcheck'), 'False')"
2024-06-27 21:05:56,680	[DEBUG]	EXEC>  SUCCESS 41420060.718333334
2024-06-27 21:05:56,681	[INFO]	53      SUCCESS               41420060.718333 (41.47%) [8 edit(s)]  
2024-06-27 21:05:56,681	[DEBUG]	patch(53)="ParamSetting(('minisat_simplified.params', 'param', 'rfirst'), 347) | ParamSetting(('minisat_simplified.params', 'param', 'rnd-seed'), 1183802981) | ParamSetting(('minisat_simplified.params', 'param', 'rinc'), 12083.414756747174) | ParamSetting(('minisat_simplified.params', 'param', 'ccmin-mode'), 2) | ParamSetting(('minisat_simplified.params', 'param', 'cla-decay'), 0.0477635429900275) | ParamSetting(('minisat_simplified.params', 'param', 'phase-saving'), 2) | ParamSetting(('minisat_simplified.params', 'param', 'rcheck'), 'False') | ParamSetting(('minisat_simplified.params', 'param', 'phase-saving'), 0)"
2024-06-27 21:05:56,682	[INFO]	54      SUCCESS              +26650238.035667 (26.68%) [6 edit(s)] [cached] 
2024-06-27 21:05:56,682	[DEBUG]	patch(54)="ParamSetting(('minisat_simplified.params', 'param', 'rfirst'), 347) | ParamSetting(('minisat_simplified.params', 'param', 'rnd-seed'), 1183802981) | ParamSetting(('minisat_simplified.params', 'param', 'rinc'), 12083.414756747174) | ParamSetting(('minisat_simplified.params', 'param', 'ccmin-mode'), 2) | ParamSetting(('minisat_simplified.params', 'param', 'cla-decay'), 0.0477635429900275) | ParamSetting(('minisat_simplified.params', 'param', 'phase-saving'), 2)"
2024-06-27 21:05:56,683	[INFO]	55      SUCCESS              +26650238.035667 (26.68%) [5 edit(s)] [cached] 
2024-06-27 21:05:56,683	[DEBUG]	patch(55)="ParamSetting(('minisat_simplified.params', 'param', 'rfirst'), 347) | ParamSetting(('minisat_simplified.params', 'param', 'rnd-seed'), 1183802981) | ParamSetting(('minisat_simplified.params', 'param', 'rinc'), 12083.414756747174) | ParamSetting(('minisat_simplified.params', 'param', 'ccmin-mode'), 2) | ParamSetting(('minisat_simplified.params', 'param', 'cla-decay'), 0.0477635429900275)"
2024-06-27 21:06:10,697	[DEBUG]	EXEC>  SUCCESS 27925003.46633333
2024-06-27 21:06:10,697	[INFO]	56      SUCCESS               27925003.466333 (27.96%) [6 edit(s)]  
2024-06-27 21:06:10,697	[DEBUG]	patch(56)="ParamSetting(('minisat_simplified.params', 'param', 'rfirst'), 347) | ParamSetting(('minisat_simplified.params', 'param', 'rnd-seed'), 1183802981) | ParamSetting(('minisat_simplified.params', 'param', 'rinc'), 12083.414756747174) | ParamSetting(('minisat_simplified.params', 'param', 'ccmin-mode'), 2) | ParamSetting(('minisat_simplified.params', 'param', 'cla-decay'), 0.0477635429900275) | ParamSetting(('minisat_simplified.params', 'param', 'simp-gc-frac'), 89757682.77742706)"
2024-06-27 21:06:24,816	[DEBUG]	EXEC>  SUCCESS 43015702.54
2024-06-27 21:06:24,816	[INFO]	57      SUCCESS               43015702.540000 (43.07%) [6 edit(s)]  
2024-06-27 21:06:24,816	[DEBUG]	patch(57)="ParamSetting(('minisat_simplified.params', 'param', 'rfirst'), 347) | ParamSetting(('minisat_simplified.params', 'param', 'rnd-seed'), 1183802981) | ParamSetting(('minisat_simplified.params', 'param', 'rinc'), 12083.414756747174) | ParamSetting(('minisat_simplified.params', 'param', 'ccmin-mode'), 2) | ParamSetting(('minisat_simplified.params', 'param', 'cla-decay'), 0.0477635429900275) | ParamSetting(('minisat_simplified.params', 'param', 'grow'), -2350)"
2024-06-27 21:06:38,900	[DEBUG]	EXEC>  SUCCESS 40561878.343333334
2024-06-27 21:06:38,900	[INFO]	58      SUCCESS               40561878.343333 (40.61%) [6 edit(s)]  
2024-06-27 21:06:38,900	[DEBUG]	patch(58)="ParamSetting(('minisat_simplified.params', 'param', 'rfirst'), 347) | ParamSetting(('minisat_simplified.params', 'param', 'rnd-seed'), 1183802981) | ParamSetting(('minisat_simplified.params', 'param', 'rinc'), 12083.414756747174) | ParamSetting(('minisat_simplified.params', 'param', 'ccmin-mode'), 2) | ParamSetting(('minisat_simplified.params', 'param', 'cla-decay'), 0.0477635429900275) | ParamSetting(('minisat_simplified.params', 'param', 'cl-lim'), 501)"
2024-06-27 21:06:38,901	[INFO]	59      SUCCESS              +26650238.035667 (26.68%) [4 edit(s)] [cached] 
2024-06-27 21:06:38,901	[DEBUG]	patch(59)="ParamSetting(('minisat_simplified.params', 'param', 'rfirst'), 347) | ParamSetting(('minisat_simplified.params', 'param', 'rnd-seed'), 1183802981) | ParamSetting(('minisat_simplified.params', 'param', 'rinc'), 12083.414756747174) | ParamSetting(('minisat_simplified.params', 'param', 'cla-decay'), 0.0477635429900275)"
2024-06-27 21:06:38,902	[INFO]	60      SUCCESS               60541940.435000 (60.62%) [3 edit(s)] [cached] 
2024-06-27 21:06:38,902	[DEBUG]	patch(60)="ParamSetting(('minisat_simplified.params', 'param', 'rnd-seed'), 1183802981) | ParamSetting(('minisat_simplified.params', 'param', 'rinc'), 12083.414756747174) | ParamSetting(('minisat_simplified.params', 'param', 'cla-decay'), 0.0477635429900275)"
2024-06-27 21:07:32,257	[DEBUG]	EXEC>  SUCCESS 81124781.62733334
2024-06-27 21:07:32,257	[INFO]	61      SUCCESS               81124781.627333 (81.23%) [3 edit(s)]  
2024-06-27 21:07:32,257	[DEBUG]	patch(61)="ParamSetting(('minisat_simplified.params', 'param', 'rfirst'), 347) | ParamSetting(('minisat_simplified.params', 'param', 'rnd-seed'), 1183802981) | ParamSetting(('minisat_simplified.params', 'param', 'cla-decay'), 0.0477635429900275)"
2024-06-27 21:07:32,258	[INFO]	62      SUCCESS              +26650238.035667 (26.68%) [5 edit(s)] [cached] 
2024-06-27 21:07:32,258	[DEBUG]	patch(62)="ParamSetting(('minisat_simplified.params', 'param', 'rfirst'), 347) | ParamSetting(('minisat_simplified.params', 'param', 'rnd-seed'), 1183802981) | ParamSetting(('minisat_simplified.params', 'param', 'rinc'), 12083.414756747174) | ParamSetting(('minisat_simplified.params', 'param', 'cla-decay'), 0.0477635429900275) | ParamSetting(('minisat_simplified.params', 'param', 'phase-saving'), 2)"
2024-06-27 21:07:46,272	[DEBUG]	EXEC>  SUCCESS 47364338.03800001
2024-06-27 21:07:46,273	[INFO]	63      SUCCESS               47364338.038000 (47.42%) [4 edit(s)]  
2024-06-27 21:07:46,273	[DEBUG]	patch(63)="ParamSetting(('minisat_simplified.params', 'param', 'rfirst'), 347) | ParamSetting(('minisat_simplified.params', 'param', 'rinc'), 12083.414756747174) | ParamSetting(('minisat_simplified.params', 'param', 'cla-decay'), 0.0477635429900275) | ParamSetting(('minisat_simplified.params', 'param', 'phase-saving'), 2)"
2024-06-27 21:07:46,274	[INFO]	64      SUCCESS               81124781.627333 (81.23%) [4 edit(s)] [cached] 
2024-06-27 21:07:46,274	[DEBUG]	patch(64)="ParamSetting(('minisat_simplified.params', 'param', 'rfirst'), 347) | ParamSetting(('minisat_simplified.params', 'param', 'rnd-seed'), 1183802981) | ParamSetting(('minisat_simplified.params', 'param', 'cla-decay'), 0.0477635429900275) | ParamSetting(('minisat_simplified.params', 'param', 'phase-saving'), 2)"
2024-06-27 21:08:00,295	[DEBUG]	EXEC>  SUCCESS 48808332.865666665
2024-06-27 21:08:00,295	[INFO]	65      SUCCESS               48808332.865667 (48.87%) [6 edit(s)]  
2024-06-27 21:08:00,295	[DEBUG]	patch(65)="ParamSetting(('minisat_simplified.params', 'param', 'rfirst'), 347) | ParamSetting(('minisat_simplified.params', 'param', 'rnd-seed'), 1183802981) | ParamSetting(('minisat_simplified.params', 'param', 'rinc'), 12083.414756747174) | ParamSetting(('minisat_simplified.params', 'param', 'cla-decay'), 0.0477635429900275) | ParamSetting(('minisat_simplified.params', 'param', 'phase-saving'), 2) | ParamSetting(('minisat_simplified.params', 'param', 'verb'), '2')"
2024-06-27 21:08:17,580	[DEBUG]	EXEC>  SUCCESS 84947503.91566667
2024-06-27 21:08:17,580	[INFO]	66      SUCCESS               84947503.915667 (85.06%) [6 edit(s)]  
2024-06-27 21:08:17,580	[DEBUG]	patch(66)="ParamSetting(('minisat_simplified.params', 'param', 'rfirst'), 347) | ParamSetting(('minisat_simplified.params', 'param', 'rnd-seed'), 1183802981) | ParamSetting(('minisat_simplified.params', 'param', 'rinc'), 12083.414756747174) | ParamSetting(('minisat_simplified.params', 'param', 'cla-decay'), 0.0477635429900275) | ParamSetting(('minisat_simplified.params', 'param', 'phase-saving'), 2) | ParamSetting(('minisat_simplified.params', 'param', 'rnd-freq'), 0.057857561623812725)"
2024-06-27 21:08:17,581	[INFO]	67      SUCCESS              +26650238.035667 (26.68%) [4 edit(s)] [cached] 
2024-06-27 21:08:17,581	[DEBUG]	patch(67)="ParamSetting(('minisat_simplified.params', 'param', 'rfirst'), 347) | ParamSetting(('minisat_simplified.params', 'param', 'rnd-seed'), 1183802981) | ParamSetting(('minisat_simplified.params', 'param', 'rinc'), 12083.414756747174) | ParamSetting(('minisat_simplified.params', 'param', 'cla-decay'), 0.0477635429900275)"
2024-06-27 21:08:17,582	[INFO]	68      SUCCESS               47364338.038000 (47.42%) [3 edit(s)] [cached] 
2024-06-27 21:08:17,582	[DEBUG]	patch(68)="ParamSetting(('minisat_simplified.params', 'param', 'rfirst'), 347) | ParamSetting(('minisat_simplified.params', 'param', 'rinc'), 12083.414756747174) | ParamSetting(('minisat_simplified.params', 'param', 'cla-decay'), 0.0477635429900275)"
2024-06-27 21:08:17,583	[INFO]	69      SUCCESS              +26650238.035667 (26.68%) [5 edit(s)] [cached] 
2024-06-27 21:08:17,583	[DEBUG]	patch(69)="ParamSetting(('minisat_simplified.params', 'param', 'rfirst'), 347) | ParamSetting(('minisat_simplified.params', 'param', 'rnd-seed'), 1183802981) | ParamSetting(('minisat_simplified.params', 'param', 'rinc'), 12083.414756747174) | ParamSetting(('minisat_simplified.params', 'param', 'cla-decay'), 0.0477635429900275) | ParamSetting(('minisat_simplified.params', 'param', 'elim'), 'True')"
2024-06-27 21:08:17,584	[INFO]	70      SUCCESS              +26650238.035667 (26.68%) [6 edit(s)] [cached] 
2024-06-27 21:08:17,584	[DEBUG]	patch(70)="ParamSetting(('minisat_simplified.params', 'param', 'rfirst'), 347) | ParamSetting(('minisat_simplified.params', 'param', 'rnd-seed'), 1183802981) | ParamSetting(('minisat_simplified.params', 'param', 'rinc'), 12083.414756747174) | ParamSetting(('minisat_simplified.params', 'param', 'cla-decay'), 0.0477635429900275) | ParamSetting(('minisat_simplified.params', 'param', 'elim'), 'True') | ParamSetting(('minisat_simplified.params', 'param', 'phase-saving'), 2)"
2024-06-27 21:08:31,564	[DEBUG]	EXEC>  SUCCESS 54504624.47800001
2024-06-27 21:08:31,564	[INFO]	71      SUCCESS               54504624.478000 (54.57%) [7 edit(s)]  
2024-06-27 21:08:31,564	[DEBUG]	patch(71)="ParamSetting(('minisat_simplified.params', 'param', 'rfirst'), 347) | ParamSetting(('minisat_simplified.params', 'param', 'rnd-seed'), 1183802981) | ParamSetting(('minisat_simplified.params', 'param', 'rinc'), 12083.414756747174) | ParamSetting(('minisat_simplified.params', 'param', 'cla-decay'), 0.0477635429900275) | ParamSetting(('minisat_simplified.params', 'param', 'elim'), 'True') | ParamSetting(('minisat_simplified.params', 'param', 'phase-saving'), 2) | ParamSetting(('minisat_simplified.params', 'param', 'gc-frac'), 9864.766428451077)"
2024-06-27 21:08:31,565	[INFO]	72      SUCCESS              +26650238.035667 (26.68%) [5 edit(s)] [cached] 
2024-06-27 21:08:31,565	[DEBUG]	patch(72)="ParamSetting(('minisat_simplified.params', 'param', 'rfirst'), 347) | ParamSetting(('minisat_simplified.params', 'param', 'rnd-seed'), 1183802981) | ParamSetting(('minisat_simplified.params', 'param', 'rinc'), 12083.414756747174) | ParamSetting(('minisat_simplified.params', 'param', 'cla-decay'), 0.0477635429900275) | ParamSetting(('minisat_simplified.params', 'param', 'elim'), 'True')"
2024-06-27 21:08:45,643	[DEBUG]	EXEC>  SUCCESS 43354435.413666666
2024-06-27 21:08:45,643	[INFO]	73      SUCCESS               43354435.413667 (43.41%) [6 edit(s)]  
2024-06-27 21:08:45,643	[DEBUG]	patch(73)="ParamSetting(('minisat_simplified.params', 'param', 'rfirst'), 347) | ParamSetting(('minisat_simplified.params', 'param', 'rnd-seed'), 1183802981) | ParamSetting(('minisat_simplified.params', 'param', 'rinc'), 12083.414756747174) | ParamSetting(('minisat_simplified.params', 'param', 'cla-decay'), 0.0477635429900275) | ParamSetting(('minisat_simplified.params', 'param', 'elim'), 'True') | ParamSetting(('minisat_simplified.params', 'param', 'cla-decay'), 0.8996807986754343)"
2024-06-27 21:09:12,854	[DEBUG]	EXEC>  SUCCESS 34915035.59833334
2024-06-27 21:09:12,854	[INFO]	74      SUCCESS               34915035.598333 (34.96%) [6 edit(s)]  
2024-06-27 21:09:12,854	[DEBUG]	patch(74)="ParamSetting(('minisat_simplified.params', 'param', 'rfirst'), 347) | ParamSetting(('minisat_simplified.params', 'param', 'rnd-seed'), 1183802981) | ParamSetting(('minisat_simplified.params', 'param', 'rinc'), 12083.414756747174) | ParamSetting(('minisat_simplified.params', 'param', 'cla-decay'), 0.0477635429900275) | ParamSetting(('minisat_simplified.params', 'param', 'elim'), 'True') | ParamSetting(('minisat_simplified.params', 'param', 'var-decay'), 0.06405681442218725)"
2024-06-27 21:09:12,855	[INFO]	75      SUCCESS              +26650238.035667 (26.68%) [4 edit(s)] [cached] 
2024-06-27 21:09:12,855	[DEBUG]	patch(75)="ParamSetting(('minisat_simplified.params', 'param', 'rfirst'), 347) | ParamSetting(('minisat_simplified.params', 'param', 'rnd-seed'), 1183802981) | ParamSetting(('minisat_simplified.params', 'param', 'rinc'), 12083.414756747174) | ParamSetting(('minisat_simplified.params', 'param', 'cla-decay'), 0.0477635429900275)"
2024-06-27 21:09:26,865	[DEBUG]	EXEC>  SUCCESS 85098515.74966668
2024-06-27 21:09:26,865	[INFO]	76      SUCCESS               85098515.749667 (85.21%) [5 edit(s)]  
2024-06-27 21:09:26,865	[DEBUG]	patch(76)="ParamSetting(('minisat_simplified.params', 'param', 'rfirst'), 347) | ParamSetting(('minisat_simplified.params', 'param', 'rnd-seed'), 1183802981) | ParamSetting(('minisat_simplified.params', 'param', 'rinc'), 12083.414756747174) | ParamSetting(('minisat_simplified.params', 'param', 'cla-decay'), 0.0477635429900275) | ParamSetting(('minisat_simplified.params', 'param', 'rcheck'), 'True')"
2024-06-27 21:09:26,866	[INFO]	77      SUCCESS               81124781.627333 (81.23%) [3 edit(s)] [cached] 
2024-06-27 21:09:26,866	[DEBUG]	patch(77)="ParamSetting(('minisat_simplified.params', 'param', 'rfirst'), 347) | ParamSetting(('minisat_simplified.params', 'param', 'rnd-seed'), 1183802981) | ParamSetting(('minisat_simplified.params', 'param', 'cla-decay'), 0.0477635429900275)"
2024-06-27 21:09:40,987	[DEBUG]	EXEC>  SUCCESS 76624963.675
2024-06-27 21:09:40,988	[INFO]	78      SUCCESS               76624963.675000 (76.72%) [5 edit(s)]  
2024-06-27 21:09:40,988	[DEBUG]	patch(78)="ParamSetting(('minisat_simplified.params', 'param', 'rfirst'), 347) | ParamSetting(('minisat_simplified.params', 'param', 'rnd-seed'), 1183802981) | ParamSetting(('minisat_simplified.params', 'param', 'rinc'), 12083.414756747174) | ParamSetting(('minisat_simplified.params', 'param', 'cla-decay'), 0.0477635429900275) | ParamSetting(('minisat_simplified.params', 'param', 'cla-decay'), 0.42632100879764145)"
2024-06-27 21:09:55,034	[DEBUG]	EXEC>  SUCCESS 47854481.06733333
2024-06-27 21:09:55,034	[INFO]	79      SUCCESS               47854481.067333 (47.92%) [5 edit(s)]  
2024-06-27 21:09:55,035	[DEBUG]	patch(79)="ParamSetting(('minisat_simplified.params', 'param', 'rfirst'), 347) | ParamSetting(('minisat_simplified.params', 'param', 'rnd-seed'), 1183802981) | ParamSetting(('minisat_simplified.params', 'param', 'rinc'), 12083.414756747174) | ParamSetting(('minisat_simplified.params', 'param', 'cla-decay'), 0.0477635429900275) | ParamSetting(('minisat_simplified.params', 'param', 'rnd-init'), 'True')"
2024-06-27 21:09:55,035	[INFO]	80      SUCCESS               47364338.038000 (47.42%) [3 edit(s)] [cached] 
2024-06-27 21:09:55,036	[DEBUG]	patch(80)="ParamSetting(('minisat_simplified.params', 'param', 'rfirst'), 347) | ParamSetting(('minisat_simplified.params', 'param', 'rinc'), 12083.414756747174) | ParamSetting(('minisat_simplified.params', 'param', 'cla-decay'), 0.0477635429900275)"
2024-06-27 21:11:59,219	[DEBUG]	EXEC>  CODE_ERROR None
2024-06-27 21:11:59,219	[INFO]	81      RUN_CODE_ERROR        None (--) [5 edit(s)]  
2024-06-27 21:11:59,220	[DEBUG]	patch(81)="ParamSetting(('minisat_simplified.params', 'param', 'rfirst'), 347) | ParamSetting(('minisat_simplified.params', 'param', 'rnd-seed'), 1183802981) | ParamSetting(('minisat_simplified.params', 'param', 'rinc'), 12083.414756747174) | ParamSetting(('minisat_simplified.params', 'param', 'cla-decay'), 0.0477635429900275) | ParamSetting(('minisat_simplified.params', 'param', 'rnd-freq'), 0.48768713483482184)"
2024-06-27 21:11:59,220	[INFO]	82      SUCCESS               55271477.784333 (55.34%) [3 edit(s)] [cached] 
2024-06-27 21:11:59,221	[DEBUG]	patch(82)="ParamSetting(('minisat_simplified.params', 'param', 'rfirst'), 347) | ParamSetting(('minisat_simplified.params', 'param', 'rnd-seed'), 1183802981) | ParamSetting(('minisat_simplified.params', 'param', 'rinc'), 12083.414756747174)"
2024-06-27 21:12:13,339	[DEBUG]	EXEC>  SUCCESS 29839092.473666668
2024-06-27 21:12:13,339	[INFO]	83      SUCCESS               29839092.473667 (29.88%) [5 edit(s)]  
2024-06-27 21:12:13,339	[DEBUG]	patch(83)="ParamSetting(('minisat_simplified.params', 'param', 'rfirst'), 347) | ParamSetting(('minisat_simplified.params', 'param', 'rnd-seed'), 1183802981) | ParamSetting(('minisat_simplified.params', 'param', 'rinc'), 12083.414756747174) | ParamSetting(('minisat_simplified.params', 'param', 'cla-decay'), 0.0477635429900275) | ParamSetting(('minisat_simplified.params', 'param', 'rinc'), 9431.32060151259)"
2024-06-27 21:12:27,411	[DEBUG]	EXEC>  SUCCESS 84752410.92833334
2024-06-27 21:12:27,412	[INFO]	84      SUCCESS               84752410.928333 (84.86%) [5 edit(s)]  
2024-06-27 21:12:27,412	[DEBUG]	patch(84)="ParamSetting(('minisat_simplified.params', 'param', 'rfirst'), 347) | ParamSetting(('minisat_simplified.params', 'param', 'rnd-seed'), 1183802981) | ParamSetting(('minisat_simplified.params', 'param', 'rinc'), 12083.414756747174) | ParamSetting(('minisat_simplified.params', 'param', 'cla-decay'), 0.0477635429900275) | ParamSetting(('minisat_simplified.params', 'param', 'rnd-seed'), 2143412272)"
2024-06-27 21:12:44,485	[DEBUG]	EXEC>  SUCCESS 49360261.563
2024-06-27 21:12:44,485	[INFO]	85      SUCCESS               49360261.563000 (49.42%) [5 edit(s)]  
2024-06-27 21:12:44,486	[DEBUG]	patch(85)="ParamSetting(('minisat_simplified.params', 'param', 'rfirst'), 347) | ParamSetting(('minisat_simplified.params', 'param', 'rnd-seed'), 1183802981) | ParamSetting(('minisat_simplified.params', 'param', 'rinc'), 12083.414756747174) | ParamSetting(('minisat_simplified.params', 'param', 'cla-decay'), 0.0477635429900275) | ParamSetting(('minisat_simplified.params', 'param', 'rfirst'), 10865)"
2024-06-27 21:13:01,564	[DEBUG]	EXEC>  SUCCESS 69550216.01833333
2024-06-27 21:13:01,564	[INFO]	86      SUCCESS               69550216.018333 (69.64%) [5 edit(s)]  
2024-06-27 21:13:01,564	[DEBUG]	patch(86)="ParamSetting(('minisat_simplified.params', 'param', 'rfirst'), 347) | ParamSetting(('minisat_simplified.params', 'param', 'rnd-seed'), 1183802981) | ParamSetting(('minisat_simplified.params', 'param', 'rinc'), 12083.414756747174) | ParamSetting(('minisat_simplified.params', 'param', 'cla-decay'), 0.0477635429900275) | ParamSetting(('minisat_simplified.params', 'param', 'luby'), 'False')"
2024-06-27 21:13:01,566	[INFO]	87      SUCCESS               60541940.435000 (60.62%) [3 edit(s)] [cached] 
2024-06-27 21:13:01,566	[DEBUG]	patch(87)="ParamSetting(('minisat_simplified.params', 'param', 'rnd-seed'), 1183802981) | ParamSetting(('minisat_simplified.params', 'param', 'rinc'), 12083.414756747174) | ParamSetting(('minisat_simplified.params', 'param', 'cla-decay'), 0.0477635429900275)"
2024-06-27 21:13:12,624	[DEBUG]	EXEC>  SUCCESS 55051545.553333335
2024-06-27 21:13:12,624	[INFO]	88      SUCCESS               55051545.553333 (55.12%) [5 edit(s)]  
2024-06-27 21:13:12,624	[DEBUG]	patch(88)="ParamSetting(('minisat_simplified.params', 'param', 'rfirst'), 347) | ParamSetting(('minisat_simplified.params', 'param', 'rnd-seed'), 1183802981) | ParamSetting(('minisat_simplified.params', 'param', 'rinc'), 12083.414756747174) | ParamSetting(('minisat_simplified.params', 'param', 'cla-decay'), 0.0477635429900275) | ParamSetting(('minisat_simplified.params', 'param', 'asymm'), 'True')"
2024-06-27 21:13:12,625	[INFO]	89      SUCCESS               55051545.553333 (55.12%) [5 edit(s)] [cached] 
2024-06-27 21:13:12,625	[DEBUG]	patch(89)="ParamSetting(('minisat_simplified.params', 'param', 'rfirst'), 347) | ParamSetting(('minisat_simplified.params', 'param', 'rnd-seed'), 1183802981) | ParamSetting(('minisat_simplified.params', 'param', 'rinc'), 12083.414756747174) | ParamSetting(('minisat_simplified.params', 'param', 'cla-decay'), 0.0477635429900275) | ParamSetting(('minisat_simplified.params', 'param', 'asymm'), 'True')"
2024-06-27 21:13:26,693	[DEBUG]	EXEC>  SUCCESS 111971650.52066667
2024-06-27 21:13:26,693	[INFO]	90      SUCCESS               111971650.520667 (112.11%) [5 edit(s)]  
2024-06-27 21:13:26,693	[DEBUG]	patch(90)="ParamSetting(('minisat_simplified.params', 'param', 'rfirst'), 347) | ParamSetting(('minisat_simplified.params', 'param', 'rnd-seed'), 1183802981) | ParamSetting(('minisat_simplified.params', 'param', 'rinc'), 12083.414756747174) | ParamSetting(('minisat_simplified.params', 'param', 'cla-decay'), 0.0477635429900275) | ParamSetting(('minisat_simplified.params', 'param', 'simp-gc-frac'), 306022392.25959593)"
2024-06-27 21:13:43,775	[DEBUG]	EXEC>  SUCCESS 58674944.99533334
2024-06-27 21:13:43,776	[INFO]	91      SUCCESS               58674944.995333 (58.75%) [5 edit(s)]  
2024-06-27 21:13:43,776	[DEBUG]	patch(91)="ParamSetting(('minisat_simplified.params', 'param', 'rfirst'), 347) | ParamSetting(('minisat_simplified.params', 'param', 'rnd-seed'), 1183802981) | ParamSetting(('minisat_simplified.params', 'param', 'rinc'), 12083.414756747174) | ParamSetting(('minisat_simplified.params', 'param', 'cla-decay'), 0.0477635429900275) | ParamSetting(('minisat_simplified.params', 'param', 'ccmin-mode'), 0)"
2024-06-27 21:13:57,813	[DEBUG]	EXEC>  SUCCESS 39923343.154999994
2024-06-27 21:13:57,813	[INFO]	92      SUCCESS               39923343.155000 (39.97%) [5 edit(s)]  
2024-06-27 21:13:57,813	[DEBUG]	patch(92)="ParamSetting(('minisat_simplified.params', 'param', 'rfirst'), 347) | ParamSetting(('minisat_simplified.params', 'param', 'rnd-seed'), 1183802981) | ParamSetting(('minisat_simplified.params', 'param', 'rinc'), 12083.414756747174) | ParamSetting(('minisat_simplified.params', 'param', 'cla-decay'), 0.0477635429900275) | ParamSetting(('minisat_simplified.params', 'param', 'cla-decay'), 0.9780935684566194)"
2024-06-27 21:14:11,858	[DEBUG]	EXEC>  SUCCESS 56864072.523
2024-06-27 21:14:11,859	[INFO]	93      SUCCESS               56864072.523000 (56.94%) [5 edit(s)]  
2024-06-27 21:14:11,859	[DEBUG]	patch(93)="ParamSetting(('minisat_simplified.params', 'param', 'rfirst'), 347) | ParamSetting(('minisat_simplified.params', 'param', 'rnd-seed'), 1183802981) | ParamSetting(('minisat_simplified.params', 'param', 'rinc'), 12083.414756747174) | ParamSetting(('minisat_simplified.params', 'param', 'cla-decay'), 0.0477635429900275) | ParamSetting(('minisat_simplified.params', 'param', 'rnd-seed'), 212656042)"
2024-06-27 21:14:25,930	[DEBUG]	EXEC>  SUCCESS 55500406.810333334
2024-06-27 21:14:25,930	[INFO]	94      SUCCESS               55500406.810333 (55.57%) [5 edit(s)]  
2024-06-27 21:14:25,930	[DEBUG]	patch(94)="ParamSetting(('minisat_simplified.params', 'param', 'rfirst'), 347) | ParamSetting(('minisat_simplified.params', 'param', 'rnd-seed'), 1183802981) | ParamSetting(('minisat_simplified.params', 'param', 'rinc'), 12083.414756747174) | ParamSetting(('minisat_simplified.params', 'param', 'cla-decay'), 0.0477635429900275) | ParamSetting(('minisat_simplified.params', 'param', 'rnd-seed'), 1568317490)"
2024-06-27 21:14:25,931	[INFO]	95      SUCCESS               55051545.553333 (55.12%) [5 edit(s)] [cached] 
2024-06-27 21:14:25,931	[DEBUG]	patch(95)="ParamSetting(('minisat_simplified.params', 'param', 'rfirst'), 347) | ParamSetting(('minisat_simplified.params', 'param', 'rnd-seed'), 1183802981) | ParamSetting(('minisat_simplified.params', 'param', 'rinc'), 12083.414756747174) | ParamSetting(('minisat_simplified.params', 'param', 'cla-decay'), 0.0477635429900275) | ParamSetting(('minisat_simplified.params', 'param', 'asymm'), 'True')"
2024-06-27 21:14:39,996	[DEBUG]	EXEC>  SUCCESS 45317189.918000005
2024-06-27 21:14:39,996	[INFO]	96      SUCCESS               45317189.918000 (45.38%) [5 edit(s)]  
2024-06-27 21:14:39,996	[DEBUG]	patch(96)="ParamSetting(('minisat_simplified.params', 'param', 'rfirst'), 347) | ParamSetting(('minisat_simplified.params', 'param', 'rnd-seed'), 1183802981) | ParamSetting(('minisat_simplified.params', 'param', 'rinc'), 12083.414756747174) | ParamSetting(('minisat_simplified.params', 'param', 'cla-decay'), 0.0477635429900275) | ParamSetting(('minisat_simplified.params', 'param', 'gc-frac'), 453.04905644925884)"
2024-06-27 21:14:53,986	[DEBUG]	EXEC>  SUCCESS 87025674.90366666
2024-06-27 21:14:53,986	[INFO]	97      SUCCESS               87025674.903667 (87.14%) [5 edit(s)]  
2024-06-27 21:14:53,986	[DEBUG]	patch(97)="ParamSetting(('minisat_simplified.params', 'param', 'rfirst'), 347) | ParamSetting(('minisat_simplified.params', 'param', 'rnd-seed'), 1183802981) | ParamSetting(('minisat_simplified.params', 'param', 'rinc'), 12083.414756747174) | ParamSetting(('minisat_simplified.params', 'param', 'cla-decay'), 0.0477635429900275) | ParamSetting(('minisat_simplified.params', 'param', 'verb'), '0')"
2024-06-27 21:14:53,987	[INFO]	98      SUCCESS              +26650238.035667 (26.68%) [5 edit(s)] [cached] 
2024-06-27 21:14:53,987	[DEBUG]	patch(98)="ParamSetting(('minisat_simplified.params', 'param', 'rfirst'), 347) | ParamSetting(('minisat_simplified.params', 'param', 'rnd-seed'), 1183802981) | ParamSetting(('minisat_simplified.params', 'param', 'rinc'), 12083.414756747174) | ParamSetting(('minisat_simplified.params', 'param', 'cla-decay'), 0.0477635429900275) | ParamSetting(('minisat_simplified.params', 'param', 'pre'), 'True')"
2024-06-27 21:15:08,018	[DEBUG]	EXEC>  SUCCESS 62859494.072
2024-06-27 21:15:08,018	[INFO]	99      SUCCESS               62859494.072000 (62.94%) [6 edit(s)]  
2024-06-27 21:15:08,018	[DEBUG]	patch(99)="ParamSetting(('minisat_simplified.params', 'param', 'rfirst'), 347) | ParamSetting(('minisat_simplified.params', 'param', 'rnd-seed'), 1183802981) | ParamSetting(('minisat_simplified.params', 'param', 'rinc'), 12083.414756747174) | ParamSetting(('minisat_simplified.params', 'param', 'cla-decay'), 0.0477635429900275) | ParamSetting(('minisat_simplified.params', 'param', 'pre'), 'True') | ParamSetting(('minisat_simplified.params', 'param', 'grow'), -1651)"
2024-06-27 21:15:22,063	[DEBUG]	EXEC>  SUCCESS 60739304.162999995
2024-06-27 21:15:22,063	[INFO]	100     SUCCESS               60739304.163000 (60.82%) [6 edit(s)]  
2024-06-27 21:15:22,063	[DEBUG]	patch(100)="ParamSetting(('minisat_simplified.params', 'param', 'rfirst'), 347) | ParamSetting(('minisat_simplified.params', 'param', 'rnd-seed'), 1183802981) | ParamSetting(('minisat_simplified.params', 'param', 'rinc'), 12083.414756747174) | ParamSetting(('minisat_simplified.params', 'param', 'cla-decay'), 0.0477635429900275) | ParamSetting(('minisat_simplified.params', 'param', 'pre'), 'True') | ParamSetting(('minisat_simplified.params', 'param', 'cla-decay'), 0.7192708312303204)"
2024-06-27 21:15:22,064	[INFO]	101     SUCCESS               55271477.784333 (55.34%) [4 edit(s)] [cached] 
2024-06-27 21:15:22,065	[DEBUG]	patch(101)="ParamSetting(('minisat_simplified.params', 'param', 'rfirst'), 347) | ParamSetting(('minisat_simplified.params', 'param', 'rnd-seed'), 1183802981) | ParamSetting(('minisat_simplified.params', 'param', 'rinc'), 12083.414756747174) | ParamSetting(('minisat_simplified.params', 'param', 'pre'), 'True')"
2024-06-27 21:17:26,315	[DEBUG]	EXEC>  CODE_ERROR None
2024-06-27 21:17:26,315	[INFO]	102     RUN_CODE_ERROR        None (--) [6 edit(s)]  
2024-06-27 21:17:26,315	[DEBUG]	patch(102)="ParamSetting(('minisat_simplified.params', 'param', 'rfirst'), 347) | ParamSetting(('minisat_simplified.params', 'param', 'rnd-seed'), 1183802981) | ParamSetting(('minisat_simplified.params', 'param', 'rinc'), 12083.414756747174) | ParamSetting(('minisat_simplified.params', 'param', 'cla-decay'), 0.0477635429900275) | ParamSetting(('minisat_simplified.params', 'param', 'pre'), 'True') | ParamSetting(('minisat_simplified.params', 'param', 'rnd-freq'), 0.5693872878982311)"
2024-06-27 21:17:40,322	[DEBUG]	EXEC>  SUCCESS 72358940.733
2024-06-27 21:17:40,322	[INFO]	103     SUCCESS               72358940.733000 (72.45%) [6 edit(s)]  
2024-06-27 21:17:40,322	[DEBUG]	patch(103)="ParamSetting(('minisat_simplified.params', 'param', 'rfirst'), 347) | ParamSetting(('minisat_simplified.params', 'param', 'rnd-seed'), 1183802981) | ParamSetting(('minisat_simplified.params', 'param', 'rinc'), 12083.414756747174) | ParamSetting(('minisat_simplified.params', 'param', 'cla-decay'), 0.0477635429900275) | ParamSetting(('minisat_simplified.params', 'param', 'pre'), 'True') | ParamSetting(('minisat_simplified.params', 'param', 'rnd-seed'), 1189768583)"
2024-06-27 21:17:40,323	[INFO]	104     SUCCESS               47364338.038000 (47.42%) [4 edit(s)] [cached] 
2024-06-27 21:17:40,323	[DEBUG]	patch(104)="ParamSetting(('minisat_simplified.params', 'param', 'rfirst'), 347) | ParamSetting(('minisat_simplified.params', 'param', 'rinc'), 12083.414756747174) | ParamSetting(('minisat_simplified.params', 'param', 'cla-decay'), 0.0477635429900275) | ParamSetting(('minisat_simplified.params', 'param', 'pre'), 'True')"
2024-06-27 21:17:40,324	[INFO]	105     SUCCESS               60541940.435000 (60.62%) [4 edit(s)] [cached] 
2024-06-27 21:17:40,324	[DEBUG]	patch(105)="ParamSetting(('minisat_simplified.params', 'param', 'rnd-seed'), 1183802981) | ParamSetting(('minisat_simplified.params', 'param', 'rinc'), 12083.414756747174) | ParamSetting(('minisat_simplified.params', 'param', 'cla-decay'), 0.0477635429900275) | ParamSetting(('minisat_simplified.params', 'param', 'pre'), 'True')"
2024-06-27 21:17:40,324	[INFO]	106     SUCCESS              +26650238.035667 (26.68%) [4 edit(s)] [cached] 
2024-06-27 21:17:40,325	[DEBUG]	patch(106)="ParamSetting(('minisat_simplified.params', 'param', 'rfirst'), 347) | ParamSetting(('minisat_simplified.params', 'param', 'rnd-seed'), 1183802981) | ParamSetting(('minisat_simplified.params', 'param', 'rinc'), 12083.414756747174) | ParamSetting(('minisat_simplified.params', 'param', 'cla-decay'), 0.0477635429900275)"
2024-06-27 21:17:54,391	[DEBUG]	EXEC>  SUCCESS 53705670.098
2024-06-27 21:17:54,391	[INFO]	107     SUCCESS               53705670.098000 (53.77%) [5 edit(s)]  
2024-06-27 21:17:54,391	[DEBUG]	patch(107)="ParamSetting(('minisat_simplified.params', 'param', 'rfirst'), 347) | ParamSetting(('minisat_simplified.params', 'param', 'rnd-seed'), 1183802981) | ParamSetting(('minisat_simplified.params', 'param', 'rinc'), 12083.414756747174) | ParamSetting(('minisat_simplified.params', 'param', 'cla-decay'), 0.0477635429900275) | ParamSetting(('minisat_simplified.params', 'param', 'grow'), -1781)"
2024-06-27 21:17:54,392	[INFO]	108     SUCCESS               47364338.038000 (47.42%) [3 edit(s)] [cached] 
2024-06-27 21:17:54,392	[DEBUG]	patch(108)="ParamSetting(('minisat_simplified.params', 'param', 'rfirst'), 347) | ParamSetting(('minisat_simplified.params', 'param', 'rinc'), 12083.414756747174) | ParamSetting(('minisat_simplified.params', 'param', 'cla-decay'), 0.0477635429900275)"
2024-06-27 21:17:54,393	[INFO]	109     SUCCESS               81124781.627333 (81.23%) [3 edit(s)] [cached] 
2024-06-27 21:17:54,393	[DEBUG]	patch(109)="ParamSetting(('minisat_simplified.params', 'param', 'rfirst'), 347) | ParamSetting(('minisat_simplified.params', 'param', 'rnd-seed'), 1183802981) | ParamSetting(('minisat_simplified.params', 'param', 'cla-decay'), 0.0477635429900275)"
2024-06-27 21:18:08,422	[DEBUG]	EXEC>  SUCCESS 79855719.09866668
2024-06-27 21:18:08,422	[INFO]	110     SUCCESS               79855719.098667 (79.96%) [5 edit(s)]  
2024-06-27 21:18:08,422	[DEBUG]	patch(110)="ParamSetting(('minisat_simplified.params', 'param', 'rfirst'), 347) | ParamSetting(('minisat_simplified.params', 'param', 'rnd-seed'), 1183802981) | ParamSetting(('minisat_simplified.params', 'param', 'rinc'), 12083.414756747174) | ParamSetting(('minisat_simplified.params', 'param', 'cla-decay'), 0.0477635429900275) | ParamSetting(('minisat_simplified.params', 'param', 'simp-gc-frac'), 93804968.02453397)"
2024-06-27 21:18:22,460	[DEBUG]	EXEC>  SUCCESS 76147859.14166667
2024-06-27 21:18:22,460	[INFO]	111     SUCCESS               76147859.141667 (76.25%) [5 edit(s)]  
2024-06-27 21:18:22,460	[DEBUG]	patch(111)="ParamSetting(('minisat_simplified.params', 'param', 'rfirst'), 347) | ParamSetting(('minisat_simplified.params', 'param', 'rnd-seed'), 1183802981) | ParamSetting(('minisat_simplified.params', 'param', 'rinc'), 12083.414756747174) | ParamSetting(('minisat_simplified.params', 'param', 'cla-decay'), 0.0477635429900275) | ParamSetting(('minisat_simplified.params', 'param', 'simp-gc-frac'), 26715361.955929257)"
2024-06-27 21:18:22,461	[INFO]	112     SUCCESS               55271477.784333 (55.34%) [3 edit(s)] [cached] 
2024-06-27 21:18:22,461	[DEBUG]	patch(112)="ParamSetting(('minisat_simplified.params', 'param', 'rfirst'), 347) | ParamSetting(('minisat_simplified.params', 'param', 'rnd-seed'), 1183802981) | ParamSetting(('minisat_simplified.params', 'param', 'rinc'), 12083.414756747174)"
2024-06-27 21:18:36,492	[DEBUG]	EXEC>  SUCCESS 52697547.19499999
2024-06-27 21:18:36,492	[INFO]	113     SUCCESS               52697547.195000 (52.76%) [5 edit(s)]  
2024-06-27 21:18:36,492	[DEBUG]	patch(113)="ParamSetting(('minisat_simplified.params', 'param', 'rfirst'), 347) | ParamSetting(('minisat_simplified.params', 'param', 'rnd-seed'), 1183802981) | ParamSetting(('minisat_simplified.params', 'param', 'rinc'), 12083.414756747174) | ParamSetting(('minisat_simplified.params', 'param', 'cla-decay'), 0.0477635429900275) | ParamSetting(('minisat_simplified.params', 'param', 'pre'), 'False')"
2024-06-27 21:19:14,802	[DEBUG]	EXEC>  SUCCESS 80532403.269
2024-06-27 21:19:14,802	[INFO]	114     SUCCESS               80532403.269000 (80.64%) [5 edit(s)]  
2024-06-27 21:19:14,802	[DEBUG]	patch(114)="ParamSetting(('minisat_simplified.params', 'param', 'rfirst'), 347) | ParamSetting(('minisat_simplified.params', 'param', 'rnd-seed'), 1183802981) | ParamSetting(('minisat_simplified.params', 'param', 'rinc'), 12083.414756747174) | ParamSetting(('minisat_simplified.params', 'param', 'cla-decay'), 0.0477635429900275) | ParamSetting(('minisat_simplified.params', 'param', 'var-decay'), 0.32817406488570255)"
2024-06-27 21:19:28,818	[DEBUG]	EXEC>  SUCCESS 70038044.98733333
2024-06-27 21:19:28,818	[INFO]	115     SUCCESS               70038044.987333 (70.13%) [5 edit(s)]  
2024-06-27 21:19:28,818	[DEBUG]	patch(115)="ParamSetting(('minisat_simplified.params', 'param', 'rfirst'), 347) | ParamSetting(('minisat_simplified.params', 'param', 'rnd-seed'), 1183802981) | ParamSetting(('minisat_simplified.params', 'param', 'rinc'), 12083.414756747174) | ParamSetting(('minisat_simplified.params', 'param', 'cla-decay'), 0.0477635429900275) | ParamSetting(('minisat_simplified.params', 'param', 'elim'), 'False')"
2024-06-27 21:19:28,819	[INFO]	116     SUCCESS               60541940.435000 (60.62%) [3 edit(s)] [cached] 
2024-06-27 21:19:28,819	[DEBUG]	patch(116)="ParamSetting(('minisat_simplified.params', 'param', 'rnd-seed'), 1183802981) | ParamSetting(('minisat_simplified.params', 'param', 'rinc'), 12083.414756747174) | ParamSetting(('minisat_simplified.params', 'param', 'cla-decay'), 0.0477635429900275)"
2024-06-27 21:19:42,839	[DEBUG]	EXEC>  SUCCESS 49190030.44666666
2024-06-27 21:19:42,839	[INFO]	117     SUCCESS               49190030.446667 (49.25%) [5 edit(s)]  
2024-06-27 21:19:42,839	[DEBUG]	patch(117)="ParamSetting(('minisat_simplified.params', 'param', 'rfirst'), 347) | ParamSetting(('minisat_simplified.params', 'param', 'rnd-seed'), 1183802981) | ParamSetting(('minisat_simplified.params', 'param', 'rinc'), 12083.414756747174) | ParamSetting(('minisat_simplified.params', 'param', 'cla-decay'), 0.0477635429900275) | ParamSetting(('minisat_simplified.params', 'param', 'gc-frac'), 917.4746243241736)"
2024-06-27 21:19:42,840	[INFO]	118     SUCCESS               47854481.067333 (47.92%) [5 edit(s)] [cached] 
2024-06-27 21:19:42,840	[DEBUG]	patch(118)="ParamSetting(('minisat_simplified.params', 'param', 'rfirst'), 347) | ParamSetting(('minisat_simplified.params', 'param', 'rnd-seed'), 1183802981) | ParamSetting(('minisat_simplified.params', 'param', 'rinc'), 12083.414756747174) | ParamSetting(('minisat_simplified.params', 'param', 'cla-decay'), 0.0477635429900275) | ParamSetting(('minisat_simplified.params', 'param', 'rnd-init'), 'True')"
2024-06-27 21:19:42,841	[INFO]	119     SUCCESS              +26650238.035667 (26.68%) [5 edit(s)] [cached] 
2024-06-27 21:19:42,841	[DEBUG]	patch(119)="ParamSetting(('minisat_simplified.params', 'param', 'rfirst'), 347) | ParamSetting(('minisat_simplified.params', 'param', 'rnd-seed'), 1183802981) | ParamSetting(('minisat_simplified.params', 'param', 'rinc'), 12083.414756747174) | ParamSetting(('minisat_simplified.params', 'param', 'cla-decay'), 0.0477635429900275) | ParamSetting(('minisat_simplified.params', 'param', 'luby'), 'True')"
2024-06-27 21:19:56,871	[DEBUG]	EXEC>  SUCCESS 45142582.604
2024-06-27 21:19:56,871	[INFO]	120     SUCCESS               45142582.604000 (45.20%) [6 edit(s)]  
2024-06-27 21:19:56,871	[DEBUG]	patch(120)="ParamSetting(('minisat_simplified.params', 'param', 'rfirst'), 347) | ParamSetting(('minisat_simplified.params', 'param', 'rnd-seed'), 1183802981) | ParamSetting(('minisat_simplified.params', 'param', 'rinc'), 12083.414756747174) | ParamSetting(('minisat_simplified.params', 'param', 'cla-decay'), 0.0477635429900275) | ParamSetting(('minisat_simplified.params', 'param', 'luby'), 'True') | ParamSetting(('minisat_simplified.params', 'param', 'cla-decay'), 0.5721583933034811)"
2024-06-27 21:19:56,872	[INFO]	121     SUCCESS               47364338.038000 (47.42%) [4 edit(s)] [cached] 
2024-06-27 21:19:56,872	[DEBUG]	patch(121)="ParamSetting(('minisat_simplified.params', 'param', 'rfirst'), 347) | ParamSetting(('minisat_simplified.params', 'param', 'rinc'), 12083.414756747174) | ParamSetting(('minisat_simplified.params', 'param', 'cla-decay'), 0.0477635429900275) | ParamSetting(('minisat_simplified.params', 'param', 'luby'), 'True')"
2024-06-27 21:20:13,978	[DEBUG]	EXEC>  SUCCESS 39891878.380666666
2024-06-27 21:20:13,979	[INFO]	122     SUCCESS               39891878.380667 (39.94%) [6 edit(s)]  
2024-06-27 21:20:13,979	[DEBUG]	patch(122)="ParamSetting(('minisat_simplified.params', 'param', 'rfirst'), 347) | ParamSetting(('minisat_simplified.params', 'param', 'rnd-seed'), 1183802981) | ParamSetting(('minisat_simplified.params', 'param', 'rinc'), 12083.414756747174) | ParamSetting(('minisat_simplified.params', 'param', 'cla-decay'), 0.0477635429900275) | ParamSetting(('minisat_simplified.params', 'param', 'luby'), 'True') | ParamSetting(('minisat_simplified.params', 'param', 'rfirst'), 2885)"
2024-06-27 21:20:13,980	[INFO]	123     SUCCESS               60541940.435000 (60.62%) [4 edit(s)] [cached] 
2024-06-27 21:20:13,980	[DEBUG]	patch(123)="ParamSetting(('minisat_simplified.params', 'param', 'rnd-seed'), 1183802981) | ParamSetting(('minisat_simplified.params', 'param', 'rinc'), 12083.414756747174) | ParamSetting(('minisat_simplified.params', 'param', 'cla-decay'), 0.0477635429900275) | ParamSetting(('minisat_simplified.params', 'param', 'luby'), 'True')"
2024-06-27 21:20:13,980	[INFO]	124     SUCCESS               87025674.903667 (87.14%) [6 edit(s)] [cached] 
2024-06-27 21:20:13,981	[DEBUG]	patch(124)="ParamSetting(('minisat_simplified.params', 'param', 'rfirst'), 347) | ParamSetting(('minisat_simplified.params', 'param', 'rnd-seed'), 1183802981) | ParamSetting(('minisat_simplified.params', 'param', 'rinc'), 12083.414756747174) | ParamSetting(('minisat_simplified.params', 'param', 'cla-decay'), 0.0477635429900275) | ParamSetting(('minisat_simplified.params', 'param', 'luby'), 'True') | ParamSetting(('minisat_simplified.params', 'param', 'verb'), '0')"
2024-06-27 21:20:27,988	[DEBUG]	EXEC>  SUCCESS 76128287.22933334
2024-06-27 21:20:27,989	[INFO]	125     SUCCESS               76128287.229333 (76.23%) [6 edit(s)]  
2024-06-27 21:20:27,989	[DEBUG]	patch(125)="ParamSetting(('minisat_simplified.params', 'param', 'rfirst'), 347) | ParamSetting(('minisat_simplified.params', 'param', 'rnd-seed'), 1183802981) | ParamSetting(('minisat_simplified.params', 'param', 'rinc'), 12083.414756747174) | ParamSetting(('minisat_simplified.params', 'param', 'cla-decay'), 0.0477635429900275) | ParamSetting(('minisat_simplified.params', 'param', 'luby'), 'True') | ParamSetting(('minisat_simplified.params', 'param', 'cla-decay'), 0.37594273061692374)"
2024-06-27 21:20:27,990	[INFO]	126     SUCCESS               55271477.784333 (55.34%) [4 edit(s)] [cached] 
2024-06-27 21:20:27,990	[DEBUG]	patch(126)="ParamSetting(('minisat_simplified.params', 'param', 'rfirst'), 347) | ParamSetting(('minisat_simplified.params', 'param', 'rnd-seed'), 1183802981) | ParamSetting(('minisat_simplified.params', 'param', 'rinc'), 12083.414756747174) | ParamSetting(('minisat_simplified.params', 'param', 'luby'), 'True')"
2024-06-27 21:20:27,990	[INFO]	127     SUCCESS               58674944.995333 (58.75%) [6 edit(s)] [cached] 
2024-06-27 21:20:27,991	[DEBUG]	patch(127)="ParamSetting(('minisat_simplified.params', 'param', 'rfirst'), 347) | ParamSetting(('minisat_simplified.params', 'param', 'rnd-seed'), 1183802981) | ParamSetting(('minisat_simplified.params', 'param', 'rinc'), 12083.414756747174) | ParamSetting(('minisat_simplified.params', 'param', 'cla-decay'), 0.0477635429900275) | ParamSetting(('minisat_simplified.params', 'param', 'luby'), 'True') | ParamSetting(('minisat_simplified.params', 'param', 'ccmin-mode'), 0)"
2024-06-27 21:20:27,992	[INFO]	128     SUCCESS              +26650238.035667 (26.68%) [4 edit(s)] [cached] 
2024-06-27 21:20:27,992	[DEBUG]	patch(128)="ParamSetting(('minisat_simplified.params', 'param', 'rfirst'), 347) | ParamSetting(('minisat_simplified.params', 'param', 'rnd-seed'), 1183802981) | ParamSetting(('minisat_simplified.params', 'param', 'rinc'), 12083.414756747174) | ParamSetting(('minisat_simplified.params', 'param', 'cla-decay'), 0.0477635429900275)"
2024-06-27 21:20:27,993	[INFO]	129     SUCCESS               47364338.038000 (47.42%) [3 edit(s)] [cached] 
2024-06-27 21:20:27,993	[DEBUG]	patch(129)="ParamSetting(('minisat_simplified.params', 'param', 'rfirst'), 347) | ParamSetting(('minisat_simplified.params', 'param', 'rinc'), 12083.414756747174) | ParamSetting(('minisat_simplified.params', 'param', 'cla-decay'), 0.0477635429900275)"
2024-06-27 21:20:27,994	[INFO]	130     SUCCESS               81124781.627333 (81.23%) [3 edit(s)] [cached] 
2024-06-27 21:20:27,994	[DEBUG]	patch(130)="ParamSetting(('minisat_simplified.params', 'param', 'rfirst'), 347) | ParamSetting(('minisat_simplified.params', 'param', 'rnd-seed'), 1183802981) | ParamSetting(('minisat_simplified.params', 'param', 'cla-decay'), 0.0477635429900275)"
2024-06-27 21:20:48,138	[DEBUG]	EXEC>  SUCCESS 68054941.04
2024-06-27 21:20:48,138	[INFO]	131     SUCCESS               68054941.040000 (68.14%) [5 edit(s)]  
2024-06-27 21:20:48,138	[DEBUG]	patch(131)="ParamSetting(('minisat_simplified.params', 'param', 'rfirst'), 347) | ParamSetting(('minisat_simplified.params', 'param', 'rnd-seed'), 1183802981) | ParamSetting(('minisat_simplified.params', 'param', 'rinc'), 12083.414756747174) | ParamSetting(('minisat_simplified.params', 'param', 'cla-decay'), 0.0477635429900275) | ParamSetting(('minisat_simplified.params', 'param', 'rnd-freq'), 0.14034346027841982)"
2024-06-27 21:20:48,139	[INFO]	132     SUCCESS               60541940.435000 (60.62%) [3 edit(s)] [cached] 
2024-06-27 21:20:48,139	[DEBUG]	patch(132)="ParamSetting(('minisat_simplified.params', 'param', 'rnd-seed'), 1183802981) | ParamSetting(('minisat_simplified.params', 'param', 'rinc'), 12083.414756747174) | ParamSetting(('minisat_simplified.params', 'param', 'cla-decay'), 0.0477635429900275)"
2024-06-27 21:21:02,113	[DEBUG]	EXEC>  SUCCESS 51496205.42700001
2024-06-27 21:21:02,113	[INFO]	133     SUCCESS               51496205.427000 (51.56%) [5 edit(s)]  
2024-06-27 21:21:02,113	[DEBUG]	patch(133)="ParamSetting(('minisat_simplified.params', 'param', 'rfirst'), 347) | ParamSetting(('minisat_simplified.params', 'param', 'rnd-seed'), 1183802981) | ParamSetting(('minisat_simplified.params', 'param', 'rinc'), 12083.414756747174) | ParamSetting(('minisat_simplified.params', 'param', 'cla-decay'), 0.0477635429900275) | ParamSetting(('minisat_simplified.params', 'param', 'cla-decay'), 0.6873253695592225)"
2024-06-27 21:21:02,114	[INFO]	134     SUCCESS              +26650238.035667 (26.68%) [5 edit(s)] [cached] 
2024-06-27 21:21:02,114	[DEBUG]	patch(134)="ParamSetting(('minisat_simplified.params', 'param', 'rfirst'), 347) | ParamSetting(('minisat_simplified.params', 'param', 'rnd-seed'), 1183802981) | ParamSetting(('minisat_simplified.params', 'param', 'rinc'), 12083.414756747174) | ParamSetting(('minisat_simplified.params', 'param', 'cla-decay'), 0.0477635429900275) | ParamSetting(('minisat_simplified.params', 'param', 'rcheck'), 'False')"
2024-06-27 21:21:02,115	[INFO]	135     SUCCESS               55271477.784333 (55.34%) [4 edit(s)] [cached] 
2024-06-27 21:21:02,115	[DEBUG]	patch(135)="ParamSetting(('minisat_simplified.params', 'param', 'rfirst'), 347) | ParamSetting(('minisat_simplified.params', 'param', 'rnd-seed'), 1183802981) | ParamSetting(('minisat_simplified.params', 'param', 'rinc'), 12083.414756747174) | ParamSetting(('minisat_simplified.params', 'param', 'rcheck'), 'False')"
2024-06-27 21:21:02,116	[INFO]	136     SUCCESS              +26650238.035667 (26.68%) [6 edit(s)] [cached] 
2024-06-27 21:21:02,116	[DEBUG]	patch(136)="ParamSetting(('minisat_simplified.params', 'param', 'rfirst'), 347) | ParamSetting(('minisat_simplified.params', 'param', 'rnd-seed'), 1183802981) | ParamSetting(('minisat_simplified.params', 'param', 'rinc'), 12083.414756747174) | ParamSetting(('minisat_simplified.params', 'param', 'cla-decay'), 0.0477635429900275) | ParamSetting(('minisat_simplified.params', 'param', 'rcheck'), 'False') | ParamSetting(('minisat_simplified.params', 'param', 'phase-saving'), 2)"
2024-06-27 21:21:02,117	[INFO]	137     SUCCESS              +26650238.035667 (26.68%) [5 edit(s)] [cached] 
2024-06-27 21:21:02,117	[DEBUG]	patch(137)="ParamSetting(('minisat_simplified.params', 'param', 'rfirst'), 347) | ParamSetting(('minisat_simplified.params', 'param', 'rnd-seed'), 1183802981) | ParamSetting(('minisat_simplified.params', 'param', 'rinc'), 12083.414756747174) | ParamSetting(('minisat_simplified.params', 'param', 'cla-decay'), 0.0477635429900275) | ParamSetting(('minisat_simplified.params', 'param', 'rcheck'), 'False')"
2024-06-27 21:21:02,118	[INFO]	138     SUCCESS               47364338.038000 (47.42%) [4 edit(s)] [cached] 
2024-06-27 21:21:02,118	[DEBUG]	patch(138)="ParamSetting(('minisat_simplified.params', 'param', 'rfirst'), 347) | ParamSetting(('minisat_simplified.params', 'param', 'rinc'), 12083.414756747174) | ParamSetting(('minisat_simplified.params', 'param', 'cla-decay'), 0.0477635429900275) | ParamSetting(('minisat_simplified.params', 'param', 'rcheck'), 'False')"
2024-06-27 21:21:02,118	[INFO]	139     SUCCESS               81124781.627333 (81.23%) [4 edit(s)] [cached] 
2024-06-27 21:21:02,118	[DEBUG]	patch(139)="ParamSetting(('minisat_simplified.params', 'param', 'rfirst'), 347) | ParamSetting(('minisat_simplified.params', 'param', 'rnd-seed'), 1183802981) | ParamSetting(('minisat_simplified.params', 'param', 'cla-decay'), 0.0477635429900275) | ParamSetting(('minisat_simplified.params', 'param', 'rcheck'), 'False')"
2024-06-27 21:21:02,119	[INFO]	140     SUCCESS              +26650238.035667 (26.68%) [4 edit(s)] [cached] 
2024-06-27 21:21:02,119	[DEBUG]	patch(140)="ParamSetting(('minisat_simplified.params', 'param', 'rfirst'), 347) | ParamSetting(('minisat_simplified.params', 'param', 'rnd-seed'), 1183802981) | ParamSetting(('minisat_simplified.params', 'param', 'rinc'), 12083.414756747174) | ParamSetting(('minisat_simplified.params', 'param', 'cla-decay'), 0.0477635429900275)"
2024-06-27 21:21:02,120	[INFO]	141     SUCCESS               60541940.435000 (60.62%) [3 edit(s)] [cached] 
2024-06-27 21:21:02,120	[DEBUG]	patch(141)="ParamSetting(('minisat_simplified.params', 'param', 'rnd-seed'), 1183802981) | ParamSetting(('minisat_simplified.params', 'param', 'rinc'), 12083.414756747174) | ParamSetting(('minisat_simplified.params', 'param', 'cla-decay'), 0.0477635429900275)"
2024-06-27 21:21:16,121	[DEBUG]	EXEC>  SUCCESS 52925142.53333333
2024-06-27 21:21:16,121	[INFO]	142     SUCCESS               52925142.533333 (52.99%) [5 edit(s)]  
2024-06-27 21:21:16,122	[DEBUG]	patch(142)="ParamSetting(('minisat_simplified.params', 'param', 'rfirst'), 347) | ParamSetting(('minisat_simplified.params', 'param', 'rnd-seed'), 1183802981) | ParamSetting(('minisat_simplified.params', 'param', 'rinc'), 12083.414756747174) | ParamSetting(('minisat_simplified.params', 'param', 'cla-decay'), 0.0477635429900275) | ParamSetting(('minisat_simplified.params', 'param', 'ccmin-mode'), 1)"
2024-06-27 21:21:30,171	[DEBUG]	EXEC>  SUCCESS 36025259.69066667
2024-06-27 21:21:30,171	[INFO]	143     SUCCESS               36025259.690667 (36.07%) [5 edit(s)]  
2024-06-27 21:21:30,172	[DEBUG]	patch(143)="ParamSetting(('minisat_simplified.params', 'param', 'rfirst'), 347) | ParamSetting(('minisat_simplified.params', 'param', 'rnd-seed'), 1183802981) | ParamSetting(('minisat_simplified.params', 'param', 'rinc'), 12083.414756747174) | ParamSetting(('minisat_simplified.params', 'param', 'cla-decay'), 0.0477635429900275) | ParamSetting(('minisat_simplified.params', 'param', 'rinc'), 11415.700787282098)"
2024-06-27 21:21:30,173	[INFO]	144     SUCCESS               47364338.038000 (47.42%) [3 edit(s)] [cached] 
2024-06-27 21:21:30,173	[DEBUG]	patch(144)="ParamSetting(('minisat_simplified.params', 'param', 'rfirst'), 347) | ParamSetting(('minisat_simplified.params', 'param', 'rinc'), 12083.414756747174) | ParamSetting(('minisat_simplified.params', 'param', 'cla-decay'), 0.0477635429900275)"
2024-06-27 21:21:44,152	[DEBUG]	EXEC>  SUCCESS 68110344.91466667
2024-06-27 21:21:44,152	[INFO]	145     SUCCESS               68110344.914667 (68.20%) [5 edit(s)]  
2024-06-27 21:21:44,152	[DEBUG]	patch(145)="ParamSetting(('minisat_simplified.params', 'param', 'rfirst'), 347) | ParamSetting(('minisat_simplified.params', 'param', 'rnd-seed'), 1183802981) | ParamSetting(('minisat_simplified.params', 'param', 'rinc'), 12083.414756747174) | ParamSetting(('minisat_simplified.params', 'param', 'cla-decay'), 0.0477635429900275) | ParamSetting(('minisat_simplified.params', 'param', 'gc-frac'), 8654.86930101511)"
2024-06-27 21:21:58,162	[DEBUG]	EXEC>  SUCCESS 46727160.02
2024-06-27 21:21:58,162	[INFO]	146     SUCCESS               46727160.020000 (46.79%) [5 edit(s)]  
2024-06-27 21:21:58,162	[DEBUG]	patch(146)="ParamSetting(('minisat_simplified.params', 'param', 'rfirst'), 347) | ParamSetting(('minisat_simplified.params', 'param', 'rnd-seed'), 1183802981) | ParamSetting(('minisat_simplified.params', 'param', 'rinc'), 12083.414756747174) | ParamSetting(('minisat_simplified.params', 'param', 'cla-decay'), 0.0477635429900275) | ParamSetting(('minisat_simplified.params', 'param', 'simp-gc-frac'), 260889004.69000462)"
2024-06-27 21:21:58,163	[INFO]	147     SUCCESS               81124781.627333 (81.23%) [3 edit(s)] [cached] 
2024-06-27 21:21:58,163	[DEBUG]	patch(147)="ParamSetting(('minisat_simplified.params', 'param', 'rfirst'), 347) | ParamSetting(('minisat_simplified.params', 'param', 'rnd-seed'), 1183802981) | ParamSetting(('minisat_simplified.params', 'param', 'cla-decay'), 0.0477635429900275)"
2024-06-27 21:24:02,653	[DEBUG]	EXEC>  CODE_ERROR None
2024-06-27 21:24:02,654	[INFO]	148     RUN_CODE_ERROR        None (--) [5 edit(s)]  
2024-06-27 21:24:02,654	[DEBUG]	patch(148)="ParamSetting(('minisat_simplified.params', 'param', 'rfirst'), 347) | ParamSetting(('minisat_simplified.params', 'param', 'rnd-seed'), 1183802981) | ParamSetting(('minisat_simplified.params', 'param', 'rinc'), 12083.414756747174) | ParamSetting(('minisat_simplified.params', 'param', 'cla-decay'), 0.0477635429900275) | ParamSetting(('minisat_simplified.params', 'param', 'rnd-freq'), 0.8008461831486662)"
2024-06-27 21:24:02,655	[INFO]	149     SUCCESS               55271477.784333 (55.34%) [3 edit(s)] [cached] 
2024-06-27 21:24:02,655	[DEBUG]	patch(149)="ParamSetting(('minisat_simplified.params', 'param', 'rfirst'), 347) | ParamSetting(('minisat_simplified.params', 'param', 'rnd-seed'), 1183802981) | ParamSetting(('minisat_simplified.params', 'param', 'rinc'), 12083.414756747174)"
2024-06-27 21:24:02,656	[INFO]	150     SUCCESS               58674944.995333 (58.75%) [5 edit(s)] [cached] 
2024-06-27 21:24:02,656	[DEBUG]	patch(150)="ParamSetting(('minisat_simplified.params', 'param', 'rfirst'), 347) | ParamSetting(('minisat_simplified.params', 'param', 'rnd-seed'), 1183802981) | ParamSetting(('minisat_simplified.params', 'param', 'rinc'), 12083.414756747174) | ParamSetting(('minisat_simplified.params', 'param', 'cla-decay'), 0.0477635429900275) | ParamSetting(('minisat_simplified.params', 'param', 'ccmin-mode'), 0)"
2024-06-27 21:24:02,657	[INFO]	151     SUCCESS               48808332.865667 (48.87%) [5 edit(s)] [cached] 
2024-06-27 21:24:02,657	[DEBUG]	patch(151)="ParamSetting(('minisat_simplified.params', 'param', 'rfirst'), 347) | ParamSetting(('minisat_simplified.params', 'param', 'rnd-seed'), 1183802981) | ParamSetting(('minisat_simplified.params', 'param', 'rinc'), 12083.414756747174) | ParamSetting(('minisat_simplified.params', 'param', 'cla-decay'), 0.0477635429900275) | ParamSetting(('minisat_simplified.params', 'param', 'verb'), '2')"
2024-06-27 21:24:16,645	[DEBUG]	EXEC>  SUCCESS 40007855.380333334
2024-06-27 21:24:16,645	[INFO]	152     SUCCESS               40007855.380333 (40.06%) [5 edit(s)]  
2024-06-27 21:24:16,645	[DEBUG]	patch(152)="ParamSetting(('minisat_simplified.params', 'param', 'rfirst'), 347) | ParamSetting(('minisat_simplified.params', 'param', 'rnd-seed'), 1183802981) | ParamSetting(('minisat_simplified.params', 'param', 'rinc'), 12083.414756747174) | ParamSetting(('minisat_simplified.params', 'param', 'cla-decay'), 0.0477635429900275) | ParamSetting(('minisat_simplified.params', 'param', 'gc-frac'), 9280.569044088777)"
2024-06-27 21:24:16,646	[INFO]	153     SUCCESS              +26650238.035667 (26.68%) [5 edit(s)] [cached] 
2024-06-27 21:24:16,646	[DEBUG]	patch(153)="ParamSetting(('minisat_simplified.params', 'param', 'rfirst'), 347) | ParamSetting(('minisat_simplified.params', 'param', 'rnd-seed'), 1183802981) | ParamSetting(('minisat_simplified.params', 'param', 'rinc'), 12083.414756747174) | ParamSetting(('minisat_simplified.params', 'param', 'cla-decay'), 0.0477635429900275) | ParamSetting(('minisat_simplified.params', 'param', 'elim'), 'True')"
2024-06-27 21:24:16,647	[INFO]	154     SUCCESS              +26650238.035667 (26.68%) [6 edit(s)] [cached] 
2024-06-27 21:24:16,647	[DEBUG]	patch(154)="ParamSetting(('minisat_simplified.params', 'param', 'rfirst'), 347) | ParamSetting(('minisat_simplified.params', 'param', 'rnd-seed'), 1183802981) | ParamSetting(('minisat_simplified.params', 'param', 'rinc'), 12083.414756747174) | ParamSetting(('minisat_simplified.params', 'param', 'cla-decay'), 0.0477635429900275) | ParamSetting(('minisat_simplified.params', 'param', 'elim'), 'True') | ParamSetting(('minisat_simplified.params', 'param', 'luby'), 'True')"
2024-06-27 21:24:16,648	[INFO]	155     SUCCESS               47364338.038000 (47.42%) [5 edit(s)] [cached] 
2024-06-27 21:24:16,648	[DEBUG]	patch(155)="ParamSetting(('minisat_simplified.params', 'param', 'rfirst'), 347) | ParamSetting(('minisat_simplified.params', 'param', 'rinc'), 12083.414756747174) | ParamSetting(('minisat_simplified.params', 'param', 'cla-decay'), 0.0477635429900275) | ParamSetting(('minisat_simplified.params', 'param', 'elim'), 'True') | ParamSetting(('minisat_simplified.params', 'param', 'luby'), 'True')"
2024-06-27 21:24:30,744	[DEBUG]	EXEC>  SUCCESS 73714747.29933333
2024-06-27 21:24:30,745	[INFO]	156     SUCCESS               73714747.299333 (73.81%) [7 edit(s)]  
2024-06-27 21:24:30,745	[DEBUG]	patch(156)="ParamSetting(('minisat_simplified.params', 'param', 'rfirst'), 347) | ParamSetting(('minisat_simplified.params', 'param', 'rnd-seed'), 1183802981) | ParamSetting(('minisat_simplified.params', 'param', 'rinc'), 12083.414756747174) | ParamSetting(('minisat_simplified.params', 'param', 'cla-decay'), 0.0477635429900275) | ParamSetting(('minisat_simplified.params', 'param', 'elim'), 'True') | ParamSetting(('minisat_simplified.params', 'param', 'luby'), 'True') | ParamSetting(('minisat_simplified.params', 'param', 'rnd-seed'), 424447626)"
2024-06-27 21:24:30,746	[INFO]	~~~~ END ~~~~
2024-06-27 21:24:30,746	[INFO]	
2024-06-27 21:24:30,746	[INFO]	==== REPORT ====
2024-06-27 21:24:30,746	[INFO]	Termination: time budget
2024-06-27 21:24:30,746	[INFO]	Retries: 3
2024-06-27 21:24:30,746	[INFO]	Log file: /home/dbouras/magpie/_magpie_logs/minisat_1719517920.log
2024-06-27 21:24:30,746	[INFO]	Patch file: _magpie_logs/minisat_1719517920.patch
2024-06-27 21:24:30,746	[INFO]	Diff file: _magpie_logs/minisat_1719517920.diff
2024-06-27 21:24:30,747	[INFO]	Reference fitness: 99872219.891000
2024-06-27 21:24:30,747	[INFO]	Best fitness: 26650238.035667
2024-06-27 21:24:30,747	[INFO]	
2024-06-27 21:24:30,748	[INFO]	==== BEST PATCH ====
ParamSetting(('minisat_simplified.params', 'param', 'rfirst'), 347) | ParamSetting(('minisat_simplified.params', 'param', 'rnd-seed'), 1183802981) | ParamSetting(('minisat_simplified.params', 'param', 'cla-decay'), 0.5065483124706648) | ParamSetting(('minisat_simplified.params', 'param', 'rinc'), 12083.414756747174) | ParamSetting(('minisat_simplified.params', 'param', 'ccmin-mode'), 2) | ParamSetting(('minisat_simplified.params', 'param', 'cla-decay'), 0.0477635429900275)
2024-06-27 21:24:30,748	[INFO]	
2024-06-27 21:24:30,748	[INFO]	==== DIFF ====
[1m--- before: minisat_simplified.params[0m
[1m+++ after: minisat_simplified.params[0m
[36m@@ -1,14 +1,14 @@[0m
 luby := 'True'
 rnd-init := 'False'
 gc-frac := 0.2
[31m-rinc := 2.0[0m
[32m+rinc := 12083.414756747174[0m
 var-decay := 0.95
[31m-cla-decay := 0.999[0m
[32m+cla-decay := 0.0477635429900275[0m
 rnd-freq := 0.0
[31m-rnd-seed := 91648253[0m
[32m+rnd-seed := 1183802981[0m
 phase-saving := 2
 ccmin-mode := 2
[31m-rfirst := 100[0m
[32m+rfirst := 347[0m
 pre := 'True'
 verb := '1'
 rcheck := 'False'

