2024-06-04 15:04:25,903	[DEBUG]	==== CONFIG ====
[magpie]
import = 
seed = 5594653437597581
log_dir = _magpie_logs
work_dir = _magpie_work
local_original_copy = False
local_original_name = __original__
output_encoding = ascii
edit_retries = 10
default_timeout = 30
default_lengthout = 10000.0
diff_method = unified
trust_local_filesystem = True

[magpie.log]
color_output = True
format_info = {counter:<7} {status:<20} {best}{fitness} ({ratio}) [{size}] {cached} {log}
format_debug = patch({counter})="{patch}"{diffifbest}
format_fitness = {:.2f}
format_ratio = {:.2%%}
format_patchif = 
	 --> {patch}
format_diffif = 
	{diff}

[software]
path = examples/triangle-c
target_files = 
	triangle.c.xml
software = BasicSoftware
model_rules = 
	*.params : ParamFileConfigModel
	*.xml : SrcmlModel
	* : LineModel
model_config = 
	*.params : [paramconfig]
	*.xml : [srcml]
init_cmd = bash init_slow.sh
init_timeout = 60
init_lengthout = -1
setup_cmd = 
setup_timeout = 
setup_lengthout = 
compile_cmd = make test_triangle run_triangle
compile_timeout = 
compile_lengthout = 
test_cmd = ./test_triangle
test_timeout = 
test_lengthout = 
run_cmd = ./run_triangle
run_timeout = 1
run_lengthout = 
retries = 3
batch_timeout = 
batch_lengthout = 
batch_bin_fitness_strategy = aggregate
batch_fitness_strategy = sum
fitness = time

[srcml]
rename = 
	stmt: break continue decl_stmt do expr_stmt for goto if return switch while
	number: literal_number
focus = block stmt operator_comp operator_arith number
internodes = block
process_pseudo_blocks = True
process_literals = True
process_operators = True

[paramconfig]
timing = test run
cli_prefix = --
cli_glue = =
cli_boolean = show
cli_boolean_prefix_true = 
cli_boolean_prefix_false = no-
cli_none = hide
silent_prefix = @
silent_suffix = $

[search]
protocol = BasicProtocol
algorithm = FirstImprovement
possible_edits = 
	SrcmlStmtReplacement
	SrcmlStmtInsertion
	SrcmlStmtDeletion
warmup = 3
warmup_strategy = last
max_steps = 100
max_time = 60
target_fitness = 
cache_maxsize = 100
cache_keep = 0.2
batch_instances = 
batch_shuffle = True
batch_bin_shuffle = False
batch_sample_size = 1

[search.ls]
delete_prob = 0.5
max_neighbours = 
when_trapped = continue
accept_fail = False
tabu_length = 10

[search.gp]
pop_size = 10
delete_prob = 0.5
offspring_elitism = 0.1
offspring_crossover = 0.5
offspring_mutation = 0.4
uniform_rate = 0.5
batch_reset = True

[search.minify]
do_cleanup = True
do_rebuild = True
do_simplify = True
round_robin_limit = 3


2024-06-04 15:04:25,903	[DEBUG]	
2024-06-04 15:04:25,904	[INFO]	==== SEARCH: FirstImprovement ====
2024-06-04 15:04:25,904	[INFO]	~~~~ WARMUP ~~~~
2024-06-04 15:04:26,326	[DEBUG]	EXEC>  SUCCESS 0.0801
2024-06-04 15:04:26,326	[INFO]	WARM    SUCCESS               0.08 (--) [0 edit(s)]  
2024-06-04 15:04:26,695	[DEBUG]	EXEC>  SUCCESS 0.0772
2024-06-04 15:04:26,696	[INFO]	WARM    SUCCESS               0.08 (--) [0 edit(s)]  
2024-06-04 15:04:27,107	[DEBUG]	EXEC>  SUCCESS 0.0786
2024-06-04 15:04:27,107	[INFO]	WARM    SUCCESS               0.08 (--) [0 edit(s)]  
2024-06-04 15:04:27,108	[INFO]	REF     SUCCESS               0.08 (--) [0 edit(s)]  
2024-06-04 15:04:27,108	[INFO]	
2024-06-04 15:04:27,108	[INFO]	~~~~ START ~~~~
2024-06-04 15:04:27,495	[DEBUG]	EXEC>  SUCCESS 0.082
2024-06-04 15:04:27,496	[INFO]	1       SUCCESS               0.08 (104.33%) [1 edit(s)]  
2024-06-04 15:04:27,496	[DEBUG]	patch(1)="SrcmlStmtInsertion(('triangle.c.xml', '_inter_block', 26), ('triangle.c.xml', 'stmt', 16))"
2024-06-04 15:04:27,699	[INFO]	2       TEST_CODE_ERROR       None (--) [1 edit(s)]  
2024-06-04 15:04:27,699	[DEBUG]	patch(2)="SrcmlStmtReplacement(('triangle.c.xml', 'stmt', 10), ('triangle.c.xml', 'stmt', 9))"
2024-06-04 15:04:27,905	[INFO]	3       TEST_CODE_ERROR       None (--) [1 edit(s)]  
2024-06-04 15:04:27,905	[DEBUG]	patch(3)="SrcmlStmtInsertion(('triangle.c.xml', '_inter_block', 20), ('triangle.c.xml', 'stmt', 20))"
2024-06-04 15:04:28,128	[INFO]	4       TEST_CODE_ERROR       None (--) [1 edit(s)]  
2024-06-04 15:04:28,128	[DEBUG]	patch(4)="SrcmlStmtInsertion(('triangle.c.xml', '_inter_block', 11), ('triangle.c.xml', 'stmt', 11))"
2024-06-04 15:04:28,326	[INFO]	5       TEST_CODE_ERROR       None (--) [1 edit(s)]  
2024-06-04 15:04:28,326	[DEBUG]	patch(5)="SrcmlStmtReplacement(('triangle.c.xml', 'stmt', 10), ('triangle.c.xml', 'stmt', 19))"
2024-06-04 15:04:28,345	[INFO]	6       COMPILE_CODE_ERROR    None (--) [1 edit(s)]  
2024-06-04 15:04:28,346	[DEBUG]	patch(6)="SrcmlStmtReplacement(('triangle.c.xml', 'stmt', 0), ('triangle.c.xml', 'stmt', 20))"
2024-06-04 15:04:28,364	[INFO]	7       COMPILE_CODE_ERROR    None (--) [1 edit(s)]  
2024-06-04 15:04:28,365	[DEBUG]	patch(7)="SrcmlStmtInsertion(('triangle.c.xml', '_inter_block', 6), ('triangle.c.xml', 'stmt', 10))"
2024-06-04 15:04:28,712	[DEBUG]	EXEC>  SUCCESS 0.0784
2024-06-04 15:04:28,713	[INFO]	8       SUCCESS              *0.08 (99.75%) [1 edit(s)]  
2024-06-04 15:04:28,713	[DEBUG]	patch(8)="SrcmlStmtInsertion(('triangle.c.xml', '_inter_block', 25), ('triangle.c.xml', 'stmt', 15))"
--- before: triangle.c
+++ after: triangle.c
@@ -21,6 +21,7 @@
     tmp = a;
     a = c;
     c = tmp;
+    c = tmp;
   }
 
   if(b > c) {

2024-06-04 15:04:28,737	[INFO]	9       COMPILE_CODE_ERROR    None (--) [2 edit(s)]  
2024-06-04 15:04:28,738	[DEBUG]	patch(9)="SrcmlStmtInsertion(('triangle.c.xml', '_inter_block', 25), ('triangle.c.xml', 'stmt', 15)) | SrcmlStmtInsertion(('triangle.c.xml', '_inter_block', 32), ('triangle.c.xml', 'stmt', 1))"
2024-06-04 15:04:28,869	[INFO]	10      TEST_CODE_ERROR       None (--) [2 edit(s)]  
2024-06-04 15:04:28,869	[DEBUG]	patch(10)="SrcmlStmtInsertion(('triangle.c.xml', '_inter_block', 25), ('triangle.c.xml', 'stmt', 15)) | SrcmlStmtDeletion(('triangle.c.xml', 'stmt', 20))"
2024-06-04 15:04:28,870	[INFO]	11      SUCCESS               0.08 (100.00%) [0 edit(s)] [cached] 
2024-06-04 15:04:28,870	[DEBUG]	patch(11)=""
2024-06-04 15:04:28,989	[INFO]	12      TEST_CODE_ERROR       None (--) [2 edit(s)]  
2024-06-04 15:04:28,989	[DEBUG]	patch(12)="SrcmlStmtInsertion(('triangle.c.xml', '_inter_block', 25), ('triangle.c.xml', 'stmt', 15)) | SrcmlStmtReplacement(('triangle.c.xml', 'stmt', 15), ('triangle.c.xml', 'stmt', 19))"
2024-06-04 15:04:29,116	[DEBUG]	EXEC>  SUCCESS 0.0084
2024-06-04 15:04:29,116	[INFO]	13      SUCCESS              *0.01 (10.69%) [2 edit(s)]  
2024-06-04 15:04:29,116	[DEBUG]	patch(13)="SrcmlStmtInsertion(('triangle.c.xml', '_inter_block', 25), ('triangle.c.xml', 'stmt', 15)) | SrcmlStmtDeletion(('triangle.c.xml', 'stmt', 3))"
--- before: triangle.c
+++ after: triangle.c
@@ -8,7 +8,7 @@
 int classify_triangle(double a, double b, double c) {
   double tmp;
 
-  delay();
+  
 
   // Sort the sides so that a <= b <= c
   if(a > b) {
@@ -20,6 +20,7 @@
   if(a > c) {
     tmp = a;
     a = c;
+    c = tmp;
     c = tmp;
   }
 

2024-06-04 15:04:29,117	[INFO]	14      SUCCESS              +0.01 (10.69%) [3 edit(s)] [cached] 
2024-06-04 15:04:29,117	[DEBUG]	patch(14)="SrcmlStmtInsertion(('triangle.c.xml', '_inter_block', 25), ('triangle.c.xml', 'stmt', 15)) | SrcmlStmtDeletion(('triangle.c.xml', 'stmt', 3)) | SrcmlStmtReplacement(('triangle.c.xml', 'stmt', 0), ('triangle.c.xml', 'stmt', 0))"
2024-06-04 15:04:29,117	[INFO]	15      SUCCESS               0.08 (99.75%) [2 edit(s)] [cached] 
2024-06-04 15:04:29,117	[DEBUG]	patch(15)="SrcmlStmtInsertion(('triangle.c.xml', '_inter_block', 25), ('triangle.c.xml', 'stmt', 15)) | SrcmlStmtReplacement(('triangle.c.xml', 'stmt', 0), ('triangle.c.xml', 'stmt', 0))"
2024-06-04 15:04:29,264	[DEBUG]	EXEC>  SUCCESS 0.0082
2024-06-04 15:04:29,264	[INFO]	16      SUCCESS              *0.01 (10.43%) [4 edit(s)]  
2024-06-04 15:04:29,264	[DEBUG]	patch(16)="SrcmlStmtInsertion(('triangle.c.xml', '_inter_block', 25), ('triangle.c.xml', 'stmt', 15)) | SrcmlStmtDeletion(('triangle.c.xml', 'stmt', 3)) | SrcmlStmtReplacement(('triangle.c.xml', 'stmt', 0), ('triangle.c.xml', 'stmt', 0)) | SrcmlStmtReplacement(('triangle.c.xml', 'stmt', 11), ('triangle.c.xml', 'stmt', 0))"
--- before: triangle.c
+++ after: triangle.c
@@ -8,7 +8,7 @@
 int classify_triangle(double a, double b, double c) {
   double tmp;
 
-  delay();
+  
 
   // Sort the sides so that a <= b <= c
   if(a > b) {
@@ -21,6 +21,7 @@
     tmp = a;
     a = c;
     c = tmp;
+    const struct timespec ms = {0, 0.001*1e9};
   }
 
   if(b > c) {

2024-06-04 15:04:29,265	[INFO]	17      SUCCESS              +0.01 (10.43%) [3 edit(s)] [cached] 
2024-06-04 15:04:29,265	[DEBUG]	patch(17)="SrcmlStmtInsertion(('triangle.c.xml', '_inter_block', 25), ('triangle.c.xml', 'stmt', 15)) | SrcmlStmtDeletion(('triangle.c.xml', 'stmt', 3)) | SrcmlStmtReplacement(('triangle.c.xml', 'stmt', 11), ('triangle.c.xml', 'stmt', 0))"
2024-06-04 15:04:29,361	[INFO]	18      TEST_CODE_ERROR       None (--) [4 edit(s)]  
2024-06-04 15:04:29,361	[DEBUG]	patch(18)="SrcmlStmtInsertion(('triangle.c.xml', '_inter_block', 25), ('triangle.c.xml', 'stmt', 15)) | SrcmlStmtDeletion(('triangle.c.xml', 'stmt', 3)) | SrcmlStmtReplacement(('triangle.c.xml', 'stmt', 11), ('triangle.c.xml', 'stmt', 0)) | SrcmlStmtReplacement(('triangle.c.xml', 'stmt', 21), ('triangle.c.xml', 'stmt', 10))"
2024-06-04 15:04:29,386	[INFO]	19      COMPILE_CODE_ERROR    None (--) [4 edit(s)]  
2024-06-04 15:04:29,386	[DEBUG]	patch(19)="SrcmlStmtInsertion(('triangle.c.xml', '_inter_block', 25), ('triangle.c.xml', 'stmt', 15)) | SrcmlStmtDeletion(('triangle.c.xml', 'stmt', 3)) | SrcmlStmtReplacement(('triangle.c.xml', 'stmt', 11), ('triangle.c.xml', 'stmt', 0)) | SrcmlStmtInsertion(('triangle.c.xml', '_inter_block', 7), ('triangle.c.xml', 'stmt', 22))"
2024-06-04 15:04:29,406	[INFO]	20      COMPILE_CODE_ERROR    None (--) [4 edit(s)]  
2024-06-04 15:04:29,407	[DEBUG]	patch(20)="SrcmlStmtInsertion(('triangle.c.xml', '_inter_block', 25), ('triangle.c.xml', 'stmt', 15)) | SrcmlStmtDeletion(('triangle.c.xml', 'stmt', 3)) | SrcmlStmtReplacement(('triangle.c.xml', 'stmt', 11), ('triangle.c.xml', 'stmt', 0)) | SrcmlStmtReplacement(('triangle.c.xml', 'stmt', 1), ('triangle.c.xml', 'stmt', 10))"
2024-06-04 15:04:29,804	[DEBUG]	EXEC>  SUCCESS 0.0833
2024-06-04 15:04:29,804	[INFO]	21      SUCCESS               0.08 (105.98%) [2 edit(s)]  
2024-06-04 15:04:29,804	[DEBUG]	patch(21)="SrcmlStmtInsertion(('triangle.c.xml', '_inter_block', 25), ('triangle.c.xml', 'stmt', 15)) | SrcmlStmtReplacement(('triangle.c.xml', 'stmt', 11), ('triangle.c.xml', 'stmt', 0))"
2024-06-04 15:04:29,948	[INFO]	22      TEST_CODE_ERROR       None (--) [2 edit(s)]  
2024-06-04 15:04:29,948	[DEBUG]	patch(22)="SrcmlStmtDeletion(('triangle.c.xml', 'stmt', 3)) | SrcmlStmtReplacement(('triangle.c.xml', 'stmt', 11), ('triangle.c.xml', 'stmt', 0))"
2024-06-04 15:04:30,100	[INFO]	23      TEST_CODE_ERROR       None (--) [4 edit(s)]  
2024-06-04 15:04:30,100	[DEBUG]	patch(23)="SrcmlStmtInsertion(('triangle.c.xml', '_inter_block', 25), ('triangle.c.xml', 'stmt', 15)) | SrcmlStmtDeletion(('triangle.c.xml', 'stmt', 3)) | SrcmlStmtReplacement(('triangle.c.xml', 'stmt', 11), ('triangle.c.xml', 'stmt', 0)) | SrcmlStmtReplacement(('triangle.c.xml', 'stmt', 10), ('triangle.c.xml', 'stmt', 13))"
2024-06-04 15:04:30,100	[INFO]	24      SUCCESS               0.01 (10.69%) [2 edit(s)] [cached] 
2024-06-04 15:04:30,101	[DEBUG]	patch(24)="SrcmlStmtInsertion(('triangle.c.xml', '_inter_block', 25), ('triangle.c.xml', 'stmt', 15)) | SrcmlStmtDeletion(('triangle.c.xml', 'stmt', 3))"
2024-06-04 15:04:30,302	[DEBUG]	EXEC>  SUCCESS 0.0146
2024-06-04 15:04:30,302	[INFO]	25      SUCCESS               0.01 (18.58%) [4 edit(s)]  
2024-06-04 15:04:30,302	[DEBUG]	patch(25)="SrcmlStmtInsertion(('triangle.c.xml', '_inter_block', 25), ('triangle.c.xml', 'stmt', 15)) | SrcmlStmtDeletion(('triangle.c.xml', 'stmt', 3)) | SrcmlStmtReplacement(('triangle.c.xml', 'stmt', 11), ('triangle.c.xml', 'stmt', 0)) | SrcmlStmtInsertion(('triangle.c.xml', '_inter_block', 15), ('triangle.c.xml', 'stmt', 18))"
2024-06-04 15:04:30,404	[INFO]	26      TEST_CODE_ERROR       None (--) [4 edit(s)]  
2024-06-04 15:04:30,404	[DEBUG]	patch(26)="SrcmlStmtInsertion(('triangle.c.xml', '_inter_block', 25), ('triangle.c.xml', 'stmt', 15)) | SrcmlStmtDeletion(('triangle.c.xml', 'stmt', 3)) | SrcmlStmtReplacement(('triangle.c.xml', 'stmt', 11), ('triangle.c.xml', 'stmt', 0)) | SrcmlStmtReplacement(('triangle.c.xml', 'stmt', 20), ('triangle.c.xml', 'stmt', 6))"
2024-06-04 15:04:30,587	[DEBUG]	EXEC>  SUCCESS 0.0138
2024-06-04 15:04:30,588	[INFO]	27      SUCCESS               0.01 (17.56%) [4 edit(s)]  
2024-06-04 15:04:30,588	[DEBUG]	patch(27)="SrcmlStmtInsertion(('triangle.c.xml', '_inter_block', 25), ('triangle.c.xml', 'stmt', 15)) | SrcmlStmtDeletion(('triangle.c.xml', 'stmt', 3)) | SrcmlStmtReplacement(('triangle.c.xml', 'stmt', 11), ('triangle.c.xml', 'stmt', 0)) | SrcmlStmtReplacement(('triangle.c.xml', 'stmt', 4), ('triangle.c.xml', 'stmt', 16))"
2024-06-04 15:04:30,718	[INFO]	28      TEST_CODE_ERROR       None (--) [4 edit(s)]  
2024-06-04 15:04:30,718	[DEBUG]	patch(28)="SrcmlStmtInsertion(('triangle.c.xml', '_inter_block', 25), ('triangle.c.xml', 'stmt', 15)) | SrcmlStmtDeletion(('triangle.c.xml', 'stmt', 3)) | SrcmlStmtReplacement(('triangle.c.xml', 'stmt', 11), ('triangle.c.xml', 'stmt', 0)) | SrcmlStmtDeletion(('triangle.c.xml', 'stmt', 16))"
2024-06-04 15:04:30,759	[INFO]	29      COMPILE_CODE_ERROR    None (--) [4 edit(s)]  
2024-06-04 15:04:30,760	[DEBUG]	patch(29)="SrcmlStmtInsertion(('triangle.c.xml', '_inter_block', 25), ('triangle.c.xml', 'stmt', 15)) | SrcmlStmtDeletion(('triangle.c.xml', 'stmt', 3)) | SrcmlStmtReplacement(('triangle.c.xml', 'stmt', 11), ('triangle.c.xml', 'stmt', 0)) | SrcmlStmtInsertion(('triangle.c.xml', '_inter_block', 7), ('triangle.c.xml', 'stmt', 1))"
2024-06-04 15:04:30,908	[INFO]	30      TEST_CODE_ERROR       None (--) [4 edit(s)]  
2024-06-04 15:04:30,908	[DEBUG]	patch(30)="SrcmlStmtInsertion(('triangle.c.xml', '_inter_block', 25), ('triangle.c.xml', 'stmt', 15)) | SrcmlStmtDeletion(('triangle.c.xml', 'stmt', 3)) | SrcmlStmtReplacement(('triangle.c.xml', 'stmt', 11), ('triangle.c.xml', 'stmt', 0)) | SrcmlStmtReplacement(('triangle.c.xml', 'stmt', 9), ('triangle.c.xml', 'stmt', 11))"
2024-06-04 15:04:31,038	[INFO]	31      TEST_CODE_ERROR       None (--) [4 edit(s)]  
2024-06-04 15:04:31,039	[DEBUG]	patch(31)="SrcmlStmtInsertion(('triangle.c.xml', '_inter_block', 25), ('triangle.c.xml', 'stmt', 15)) | SrcmlStmtDeletion(('triangle.c.xml', 'stmt', 3)) | SrcmlStmtReplacement(('triangle.c.xml', 'stmt', 11), ('triangle.c.xml', 'stmt', 0)) | SrcmlStmtReplacement(('triangle.c.xml', 'stmt', 17), ('triangle.c.xml', 'stmt', 15))"
2024-06-04 15:04:31,206	[INFO]	32      TEST_CODE_ERROR       None (--) [4 edit(s)]  
2024-06-04 15:04:31,206	[DEBUG]	patch(32)="SrcmlStmtInsertion(('triangle.c.xml', '_inter_block', 25), ('triangle.c.xml', 'stmt', 15)) | SrcmlStmtDeletion(('triangle.c.xml', 'stmt', 3)) | SrcmlStmtReplacement(('triangle.c.xml', 'stmt', 11), ('triangle.c.xml', 'stmt', 0)) | SrcmlStmtDeletion(('triangle.c.xml', 'stmt', 9))"
2024-06-04 15:04:31,410	[DEBUG]	EXEC>  SUCCESS 0.0146
2024-06-04 15:04:31,410	[INFO]	33      SUCCESS               0.01 (18.58%) [4 edit(s)]  
2024-06-04 15:04:31,410	[DEBUG]	patch(33)="SrcmlStmtInsertion(('triangle.c.xml', '_inter_block', 25), ('triangle.c.xml', 'stmt', 15)) | SrcmlStmtDeletion(('triangle.c.xml', 'stmt', 3)) | SrcmlStmtReplacement(('triangle.c.xml', 'stmt', 11), ('triangle.c.xml', 'stmt', 0)) | SrcmlStmtDeletion(('triangle.c.xml', 'stmt', 8))"
2024-06-04 15:04:31,561	[INFO]	34      TEST_CODE_ERROR       None (--) [4 edit(s)]  
2024-06-04 15:04:31,561	[DEBUG]	patch(34)="SrcmlStmtInsertion(('triangle.c.xml', '_inter_block', 25), ('triangle.c.xml', 'stmt', 15)) | SrcmlStmtDeletion(('triangle.c.xml', 'stmt', 3)) | SrcmlStmtReplacement(('triangle.c.xml', 'stmt', 11), ('triangle.c.xml', 'stmt', 0)) | SrcmlStmtDeletion(('triangle.c.xml', 'stmt', 5))"
2024-06-04 15:04:31,710	[INFO]	35      TEST_CODE_ERROR       None (--) [4 edit(s)]  
2024-06-04 15:04:31,710	[DEBUG]	patch(35)="SrcmlStmtInsertion(('triangle.c.xml', '_inter_block', 25), ('triangle.c.xml', 'stmt', 15)) | SrcmlStmtDeletion(('triangle.c.xml', 'stmt', 3)) | SrcmlStmtReplacement(('triangle.c.xml', 'stmt', 11), ('triangle.c.xml', 'stmt', 0)) | SrcmlStmtReplacement(('triangle.c.xml', 'stmt', 15), ('triangle.c.xml', 'stmt', 19))"
2024-06-04 15:04:31,712	[INFO]	36      TEST_CODE_ERROR       None (--) [4 edit(s)] [cached] 
2024-06-04 15:04:31,712	[DEBUG]	patch(36)="SrcmlStmtInsertion(('triangle.c.xml', '_inter_block', 25), ('triangle.c.xml', 'stmt', 15)) | SrcmlStmtDeletion(('triangle.c.xml', 'stmt', 3)) | SrcmlStmtReplacement(('triangle.c.xml', 'stmt', 11), ('triangle.c.xml', 'stmt', 0)) | SrcmlStmtDeletion(('triangle.c.xml', 'stmt', 5))"
2024-06-04 15:04:31,868	[INFO]	37      TEST_CODE_ERROR       None (--) [4 edit(s)]  
2024-06-04 15:04:31,868	[DEBUG]	patch(37)="SrcmlStmtInsertion(('triangle.c.xml', '_inter_block', 25), ('triangle.c.xml', 'stmt', 15)) | SrcmlStmtDeletion(('triangle.c.xml', 'stmt', 3)) | SrcmlStmtReplacement(('triangle.c.xml', 'stmt', 11), ('triangle.c.xml', 'stmt', 0)) | SrcmlStmtReplacement(('triangle.c.xml', 'stmt', 13), ('triangle.c.xml', 'stmt', 2))"
2024-06-04 15:04:31,870	[INFO]	38      TEST_CODE_ERROR       None (--) [4 edit(s)] [cached] 
2024-06-04 15:04:31,870	[DEBUG]	patch(38)="SrcmlStmtInsertion(('triangle.c.xml', '_inter_block', 25), ('triangle.c.xml', 'stmt', 15)) | SrcmlStmtDeletion(('triangle.c.xml', 'stmt', 3)) | SrcmlStmtReplacement(('triangle.c.xml', 'stmt', 11), ('triangle.c.xml', 'stmt', 0)) | SrcmlStmtReplacement(('triangle.c.xml', 'stmt', 15), ('triangle.c.xml', 'stmt', 19))"
2024-06-04 15:04:32,039	[DEBUG]	EXEC>  SUCCESS 0.013
2024-06-04 15:04:32,040	[INFO]	39      SUCCESS               0.01 (16.54%) [4 edit(s)]  
2024-06-04 15:04:32,040	[DEBUG]	patch(39)="SrcmlStmtInsertion(('triangle.c.xml', '_inter_block', 25), ('triangle.c.xml', 'stmt', 15)) | SrcmlStmtDeletion(('triangle.c.xml', 'stmt', 3)) | SrcmlStmtReplacement(('triangle.c.xml', 'stmt', 11), ('triangle.c.xml', 'stmt', 0)) | SrcmlStmtInsertion(('triangle.c.xml', '_inter_block', 22), ('triangle.c.xml', 'stmt', 2))"
2024-06-04 15:04:32,158	[INFO]	40      TEST_CODE_ERROR       None (--) [4 edit(s)]  
2024-06-04 15:04:32,158	[DEBUG]	patch(40)="SrcmlStmtInsertion(('triangle.c.xml', '_inter_block', 25), ('triangle.c.xml', 'stmt', 15)) | SrcmlStmtDeletion(('triangle.c.xml', 'stmt', 3)) | SrcmlStmtReplacement(('triangle.c.xml', 'stmt', 11), ('triangle.c.xml', 'stmt', 0)) | SrcmlStmtReplacement(('triangle.c.xml', 'stmt', 9), ('triangle.c.xml', 'stmt', 7))"
2024-06-04 15:04:32,193	[INFO]	41      COMPILE_CODE_ERROR    None (--) [4 edit(s)]  
2024-06-04 15:04:32,193	[DEBUG]	patch(41)="SrcmlStmtInsertion(('triangle.c.xml', '_inter_block', 25), ('triangle.c.xml', 'stmt', 15)) | SrcmlStmtDeletion(('triangle.c.xml', 'stmt', 3)) | SrcmlStmtReplacement(('triangle.c.xml', 'stmt', 11), ('triangle.c.xml', 'stmt', 0)) | SrcmlStmtReplacement(('triangle.c.xml', 'stmt', 2), ('triangle.c.xml', 'stmt', 15))"
2024-06-04 15:04:32,342	[DEBUG]	EXEC>  SUCCESS 0.0134
2024-06-04 15:04:32,343	[INFO]	42      SUCCESS               0.01 (17.05%) [4 edit(s)]  
2024-06-04 15:04:32,343	[DEBUG]	patch(42)="SrcmlStmtInsertion(('triangle.c.xml', '_inter_block', 25), ('triangle.c.xml', 'stmt', 15)) | SrcmlStmtDeletion(('triangle.c.xml', 'stmt', 3)) | SrcmlStmtReplacement(('triangle.c.xml', 'stmt', 11), ('triangle.c.xml', 'stmt', 0)) | SrcmlStmtInsertion(('triangle.c.xml', '_inter_block', 2), ('triangle.c.xml', 'stmt', 3))"
2024-06-04 15:04:32,371	[INFO]	43      COMPILE_CODE_ERROR    None (--) [4 edit(s)]  
2024-06-04 15:04:32,371	[DEBUG]	patch(43)="SrcmlStmtInsertion(('triangle.c.xml', '_inter_block', 25), ('triangle.c.xml', 'stmt', 15)) | SrcmlStmtDeletion(('triangle.c.xml', 'stmt', 3)) | SrcmlStmtReplacement(('triangle.c.xml', 'stmt', 11), ('triangle.c.xml', 'stmt', 0)) | SrcmlStmtReplacement(('triangle.c.xml', 'stmt', 2), ('triangle.c.xml', 'stmt', 6))"
2024-06-04 15:04:32,400	[INFO]	44      COMPILE_CODE_ERROR    None (--) [4 edit(s)]  
2024-06-04 15:04:32,400	[DEBUG]	patch(44)="SrcmlStmtInsertion(('triangle.c.xml', '_inter_block', 25), ('triangle.c.xml', 'stmt', 15)) | SrcmlStmtDeletion(('triangle.c.xml', 'stmt', 3)) | SrcmlStmtReplacement(('triangle.c.xml', 'stmt', 11), ('triangle.c.xml', 'stmt', 0)) | SrcmlStmtInsertion(('triangle.c.xml', '_inter_block', 11), ('triangle.c.xml', 'stmt', 1))"
2024-06-04 15:04:32,580	[INFO]	45      TEST_CODE_ERROR       None (--) [4 edit(s)]  
2024-06-04 15:04:32,581	[DEBUG]	patch(45)="SrcmlStmtInsertion(('triangle.c.xml', '_inter_block', 25), ('triangle.c.xml', 'stmt', 15)) | SrcmlStmtDeletion(('triangle.c.xml', 'stmt', 3)) | SrcmlStmtReplacement(('triangle.c.xml', 'stmt', 11), ('triangle.c.xml', 'stmt', 0)) | SrcmlStmtReplacement(('triangle.c.xml', 'stmt', 9), ('triangle.c.xml', 'stmt', 18))"
2024-06-04 15:04:32,709	[INFO]	46      TEST_CODE_ERROR       None (--) [4 edit(s)]  
2024-06-04 15:04:32,709	[DEBUG]	patch(46)="SrcmlStmtInsertion(('triangle.c.xml', '_inter_block', 25), ('triangle.c.xml', 'stmt', 15)) | SrcmlStmtDeletion(('triangle.c.xml', 'stmt', 3)) | SrcmlStmtReplacement(('triangle.c.xml', 'stmt', 11), ('triangle.c.xml', 'stmt', 0)) | SrcmlStmtInsertion(('triangle.c.xml', '_inter_block', 26), ('triangle.c.xml', 'stmt', 22))"
2024-06-04 15:04:32,890	[DEBUG]	EXEC>  SUCCESS 0.0144
2024-06-04 15:04:32,890	[INFO]	47      SUCCESS               0.01 (18.32%) [4 edit(s)]  
2024-06-04 15:04:32,890	[DEBUG]	patch(47)="SrcmlStmtInsertion(('triangle.c.xml', '_inter_block', 25), ('triangle.c.xml', 'stmt', 15)) | SrcmlStmtDeletion(('triangle.c.xml', 'stmt', 3)) | SrcmlStmtReplacement(('triangle.c.xml', 'stmt', 11), ('triangle.c.xml', 'stmt', 0)) | SrcmlStmtDeletion(('triangle.c.xml', 'stmt', 11))"
2024-06-04 15:04:32,920	[INFO]	48      COMPILE_CODE_ERROR    None (--) [4 edit(s)]  
2024-06-04 15:04:32,920	[DEBUG]	patch(48)="SrcmlStmtInsertion(('triangle.c.xml', '_inter_block', 25), ('triangle.c.xml', 'stmt', 15)) | SrcmlStmtDeletion(('triangle.c.xml', 'stmt', 3)) | SrcmlStmtReplacement(('triangle.c.xml', 'stmt', 11), ('triangle.c.xml', 'stmt', 0)) | SrcmlStmtInsertion(('triangle.c.xml', '_inter_block', 6), ('triangle.c.xml', 'stmt', 16))"
2024-06-04 15:04:32,921	[INFO]	49      SUCCESS              +0.01 (10.43%) [4 edit(s)] [cached] 
2024-06-04 15:04:32,921	[DEBUG]	patch(49)="SrcmlStmtInsertion(('triangle.c.xml', '_inter_block', 25), ('triangle.c.xml', 'stmt', 15)) | SrcmlStmtDeletion(('triangle.c.xml', 'stmt', 3)) | SrcmlStmtReplacement(('triangle.c.xml', 'stmt', 11), ('triangle.c.xml', 'stmt', 0)) | SrcmlStmtReplacement(('triangle.c.xml', 'stmt', 5), ('triangle.c.xml', 'stmt', 5))"
2024-06-04 15:04:32,954	[INFO]	50      COMPILE_CODE_ERROR    None (--) [5 edit(s)]  
2024-06-04 15:04:32,955	[DEBUG]	patch(50)="SrcmlStmtInsertion(('triangle.c.xml', '_inter_block', 25), ('triangle.c.xml', 'stmt', 15)) | SrcmlStmtDeletion(('triangle.c.xml', 'stmt', 3)) | SrcmlStmtReplacement(('triangle.c.xml', 'stmt', 11), ('triangle.c.xml', 'stmt', 0)) | SrcmlStmtReplacement(('triangle.c.xml', 'stmt', 5), ('triangle.c.xml', 'stmt', 5)) | SrcmlStmtDeletion(('triangle.c.xml', 'stmt', 0))"
2024-06-04 15:04:33,151	[DEBUG]	EXEC>  SUCCESS 0.0098
2024-06-04 15:04:33,152	[INFO]	51      SUCCESS               0.01 (12.47%) [5 edit(s)]  
2024-06-04 15:04:33,152	[DEBUG]	patch(51)="SrcmlStmtInsertion(('triangle.c.xml', '_inter_block', 25), ('triangle.c.xml', 'stmt', 15)) | SrcmlStmtDeletion(('triangle.c.xml', 'stmt', 3)) | SrcmlStmtReplacement(('triangle.c.xml', 'stmt', 11), ('triangle.c.xml', 'stmt', 0)) | SrcmlStmtReplacement(('triangle.c.xml', 'stmt', 5), ('triangle.c.xml', 'stmt', 5)) | SrcmlStmtInsertion(('triangle.c.xml', '_inter_block', 16), ('triangle.c.xml', 'stmt', 20))"
2024-06-04 15:04:33,184	[INFO]	52      COMPILE_CODE_ERROR    None (--) [5 edit(s)]  
2024-06-04 15:04:33,184	[DEBUG]	patch(52)="SrcmlStmtInsertion(('triangle.c.xml', '_inter_block', 25), ('triangle.c.xml', 'stmt', 15)) | SrcmlStmtDeletion(('triangle.c.xml', 'stmt', 3)) | SrcmlStmtReplacement(('triangle.c.xml', 'stmt', 11), ('triangle.c.xml', 'stmt', 0)) | SrcmlStmtReplacement(('triangle.c.xml', 'stmt', 5), ('triangle.c.xml', 'stmt', 5)) | SrcmlStmtInsertion(('triangle.c.xml', '_inter_block', 0), ('triangle.c.xml', 'stmt', 13))"
2024-06-04 15:04:33,361	[DEBUG]	EXEC>  SUCCESS 0.0084
2024-06-04 15:04:33,361	[INFO]	53      SUCCESS               0.01 (10.69%) [5 edit(s)]  
2024-06-04 15:04:33,361	[DEBUG]	patch(53)="SrcmlStmtInsertion(('triangle.c.xml', '_inter_block', 25), ('triangle.c.xml', 'stmt', 15)) | SrcmlStmtDeletion(('triangle.c.xml', 'stmt', 3)) | SrcmlStmtReplacement(('triangle.c.xml', 'stmt', 11), ('triangle.c.xml', 'stmt', 0)) | SrcmlStmtReplacement(('triangle.c.xml', 'stmt', 5), ('triangle.c.xml', 'stmt', 5)) | SrcmlStmtReplacement(('triangle.c.xml', 'stmt', 11), ('triangle.c.xml', 'stmt', 5))"
2024-06-04 15:04:33,362	[INFO]	54      TEST_CODE_ERROR       None (--) [3 edit(s)] [cached] 
2024-06-04 15:04:33,362	[DEBUG]	patch(54)="SrcmlStmtDeletion(('triangle.c.xml', 'stmt', 3)) | SrcmlStmtReplacement(('triangle.c.xml', 'stmt', 11), ('triangle.c.xml', 'stmt', 0)) | SrcmlStmtReplacement(('triangle.c.xml', 'stmt', 5), ('triangle.c.xml', 'stmt', 5))"
2024-06-04 15:04:33,363	[INFO]	55      SUCCESS               0.08 (105.98%) [3 edit(s)] [cached] 
2024-06-04 15:04:33,363	[DEBUG]	patch(55)="SrcmlStmtInsertion(('triangle.c.xml', '_inter_block', 25), ('triangle.c.xml', 'stmt', 15)) | SrcmlStmtReplacement(('triangle.c.xml', 'stmt', 11), ('triangle.c.xml', 'stmt', 0)) | SrcmlStmtReplacement(('triangle.c.xml', 'stmt', 5), ('triangle.c.xml', 'stmt', 5))"
2024-06-04 15:04:33,387	[INFO]	56      COMPILE_CODE_ERROR    None (--) [5 edit(s)]  
2024-06-04 15:04:33,387	[DEBUG]	patch(56)="SrcmlStmtInsertion(('triangle.c.xml', '_inter_block', 25), ('triangle.c.xml', 'stmt', 15)) | SrcmlStmtDeletion(('triangle.c.xml', 'stmt', 3)) | SrcmlStmtReplacement(('triangle.c.xml', 'stmt', 11), ('triangle.c.xml', 'stmt', 0)) | SrcmlStmtReplacement(('triangle.c.xml', 'stmt', 5), ('triangle.c.xml', 'stmt', 5)) | SrcmlStmtInsertion(('triangle.c.xml', '_inter_block', 5), ('triangle.c.xml', 'stmt', 1))"
2024-06-04 15:04:33,587	[DEBUG]	EXEC>  SUCCESS 0.0147
2024-06-04 15:04:33,587	[INFO]	57      SUCCESS               0.01 (18.70%) [5 edit(s)]  
2024-06-04 15:04:33,587	[DEBUG]	patch(57)="SrcmlStmtInsertion(('triangle.c.xml', '_inter_block', 25), ('triangle.c.xml', 'stmt', 15)) | SrcmlStmtDeletion(('triangle.c.xml', 'stmt', 3)) | SrcmlStmtReplacement(('triangle.c.xml', 'stmt', 11), ('triangle.c.xml', 'stmt', 0)) | SrcmlStmtReplacement(('triangle.c.xml', 'stmt', 5), ('triangle.c.xml', 'stmt', 5)) | SrcmlStmtReplacement(('triangle.c.xml', 'stmt', 3), ('triangle.c.xml', 'stmt', 16))"
2024-06-04 15:04:33,791	[DEBUG]	EXEC>  SUCCESS 0.0146
2024-06-04 15:04:33,791	[INFO]	58      SUCCESS               0.01 (18.58%) [5 edit(s)]  
2024-06-04 15:04:33,791	[DEBUG]	patch(58)="SrcmlStmtInsertion(('triangle.c.xml', '_inter_block', 25), ('triangle.c.xml', 'stmt', 15)) | SrcmlStmtDeletion(('triangle.c.xml', 'stmt', 3)) | SrcmlStmtReplacement(('triangle.c.xml', 'stmt', 11), ('triangle.c.xml', 'stmt', 0)) | SrcmlStmtReplacement(('triangle.c.xml', 'stmt', 5), ('triangle.c.xml', 'stmt', 5)) | SrcmlStmtReplacement(('triangle.c.xml', 'stmt', 11), ('triangle.c.xml', 'stmt', 8))"
2024-06-04 15:04:33,792	[INFO]	59      SUCCESS               0.01 (10.69%) [3 edit(s)] [cached] 
2024-06-04 15:04:33,793	[DEBUG]	patch(59)="SrcmlStmtInsertion(('triangle.c.xml', '_inter_block', 25), ('triangle.c.xml', 'stmt', 15)) | SrcmlStmtDeletion(('triangle.c.xml', 'stmt', 3)) | SrcmlStmtReplacement(('triangle.c.xml', 'stmt', 5), ('triangle.c.xml', 'stmt', 5))"
2024-06-04 15:04:33,926	[INFO]	60      TEST_CODE_ERROR       None (--) [5 edit(s)]  
2024-06-04 15:04:33,926	[DEBUG]	patch(60)="SrcmlStmtInsertion(('triangle.c.xml', '_inter_block', 25), ('triangle.c.xml', 'stmt', 15)) | SrcmlStmtDeletion(('triangle.c.xml', 'stmt', 3)) | SrcmlStmtReplacement(('triangle.c.xml', 'stmt', 11), ('triangle.c.xml', 'stmt', 0)) | SrcmlStmtReplacement(('triangle.c.xml', 'stmt', 5), ('triangle.c.xml', 'stmt', 5)) | SrcmlStmtDeletion(('triangle.c.xml', 'stmt', 19))"
2024-06-04 15:04:34,035	[INFO]	61      TEST_CODE_ERROR       None (--) [5 edit(s)]  
2024-06-04 15:04:34,035	[DEBUG]	patch(61)="SrcmlStmtInsertion(('triangle.c.xml', '_inter_block', 25), ('triangle.c.xml', 'stmt', 15)) | SrcmlStmtDeletion(('triangle.c.xml', 'stmt', 3)) | SrcmlStmtReplacement(('triangle.c.xml', 'stmt', 11), ('triangle.c.xml', 'stmt', 0)) | SrcmlStmtReplacement(('triangle.c.xml', 'stmt', 5), ('triangle.c.xml', 'stmt', 5)) | SrcmlStmtDeletion(('triangle.c.xml', 'stmt', 14))"
2024-06-04 15:04:34,246	[DEBUG]	EXEC>  SUCCESS 0.0143
2024-06-04 15:04:34,247	[INFO]	62      SUCCESS               0.01 (18.19%) [5 edit(s)]  
2024-06-04 15:04:34,247	[DEBUG]	patch(62)="SrcmlStmtInsertion(('triangle.c.xml', '_inter_block', 25), ('triangle.c.xml', 'stmt', 15)) | SrcmlStmtDeletion(('triangle.c.xml', 'stmt', 3)) | SrcmlStmtReplacement(('triangle.c.xml', 'stmt', 11), ('triangle.c.xml', 'stmt', 0)) | SrcmlStmtReplacement(('triangle.c.xml', 'stmt', 5), ('triangle.c.xml', 'stmt', 5)) | SrcmlStmtInsertion(('triangle.c.xml', '_inter_block', 33), ('triangle.c.xml', 'stmt', 22))"
2024-06-04 15:04:34,249	[INFO]	63      TEST_CODE_ERROR       None (--) [5 edit(s)] [cached] 
2024-06-04 15:04:34,249	[DEBUG]	patch(63)="SrcmlStmtInsertion(('triangle.c.xml', '_inter_block', 25), ('triangle.c.xml', 'stmt', 15)) | SrcmlStmtDeletion(('triangle.c.xml', 'stmt', 3)) | SrcmlStmtReplacement(('triangle.c.xml', 'stmt', 11), ('triangle.c.xml', 'stmt', 0)) | SrcmlStmtReplacement(('triangle.c.xml', 'stmt', 5), ('triangle.c.xml', 'stmt', 5)) | SrcmlStmtDeletion(('triangle.c.xml', 'stmt', 16))"
2024-06-04 15:04:34,251	[INFO]	64      TEST_CODE_ERROR       None (--) [5 edit(s)] [cached] 
2024-06-04 15:04:34,251	[DEBUG]	patch(64)="SrcmlStmtInsertion(('triangle.c.xml', '_inter_block', 25), ('triangle.c.xml', 'stmt', 15)) | SrcmlStmtDeletion(('triangle.c.xml', 'stmt', 3)) | SrcmlStmtReplacement(('triangle.c.xml', 'stmt', 11), ('triangle.c.xml', 'stmt', 0)) | SrcmlStmtReplacement(('triangle.c.xml', 'stmt', 5), ('triangle.c.xml', 'stmt', 5)) | SrcmlStmtDeletion(('triangle.c.xml', 'stmt', 19))"
2024-06-04 15:04:34,399	[INFO]	65      TEST_CODE_ERROR       None (--) [5 edit(s)]  
2024-06-04 15:04:34,399	[DEBUG]	patch(65)="SrcmlStmtInsertion(('triangle.c.xml', '_inter_block', 25), ('triangle.c.xml', 'stmt', 15)) | SrcmlStmtDeletion(('triangle.c.xml', 'stmt', 3)) | SrcmlStmtReplacement(('triangle.c.xml', 'stmt', 11), ('triangle.c.xml', 'stmt', 0)) | SrcmlStmtReplacement(('triangle.c.xml', 'stmt', 5), ('triangle.c.xml', 'stmt', 5)) | SrcmlStmtDeletion(('triangle.c.xml', 'stmt', 7))"
2024-06-04 15:04:34,400	[INFO]	66      SUCCESS              +0.01 (10.43%) [3 edit(s)] [cached] 
2024-06-04 15:04:34,400	[DEBUG]	patch(66)="SrcmlStmtInsertion(('triangle.c.xml', '_inter_block', 25), ('triangle.c.xml', 'stmt', 15)) | SrcmlStmtDeletion(('triangle.c.xml', 'stmt', 3)) | SrcmlStmtReplacement(('triangle.c.xml', 'stmt', 11), ('triangle.c.xml', 'stmt', 0))"
2024-06-04 15:04:34,400	[INFO]	67      TEST_CODE_ERROR       None (--) [2 edit(s)] [cached] 
2024-06-04 15:04:34,400	[DEBUG]	patch(67)="SrcmlStmtDeletion(('triangle.c.xml', 'stmt', 3)) | SrcmlStmtReplacement(('triangle.c.xml', 'stmt', 11), ('triangle.c.xml', 'stmt', 0))"
2024-06-04 15:04:34,541	[INFO]	68      TEST_CODE_ERROR       None (--) [4 edit(s)]  
2024-06-04 15:04:34,541	[DEBUG]	patch(68)="SrcmlStmtInsertion(('triangle.c.xml', '_inter_block', 25), ('triangle.c.xml', 'stmt', 15)) | SrcmlStmtDeletion(('triangle.c.xml', 'stmt', 3)) | SrcmlStmtReplacement(('triangle.c.xml', 'stmt', 11), ('triangle.c.xml', 'stmt', 0)) | SrcmlStmtInsertion(('triangle.c.xml', '_inter_block', 13), ('triangle.c.xml', 'stmt', 20))"
2024-06-04 15:04:34,542	[INFO]	69      SUCCESS               0.08 (105.98%) [2 edit(s)] [cached] 
2024-06-04 15:04:34,542	[DEBUG]	patch(69)="SrcmlStmtInsertion(('triangle.c.xml', '_inter_block', 25), ('triangle.c.xml', 'stmt', 15)) | SrcmlStmtReplacement(('triangle.c.xml', 'stmt', 11), ('triangle.c.xml', 'stmt', 0))"
2024-06-04 15:04:34,542	[INFO]	70      TEST_CODE_ERROR       None (--) [4 edit(s)] [cached] 
2024-06-04 15:04:34,542	[DEBUG]	patch(70)="SrcmlStmtInsertion(('triangle.c.xml', '_inter_block', 25), ('triangle.c.xml', 'stmt', 15)) | SrcmlStmtDeletion(('triangle.c.xml', 'stmt', 3)) | SrcmlStmtReplacement(('triangle.c.xml', 'stmt', 11), ('triangle.c.xml', 'stmt', 0)) | SrcmlStmtDeletion(('triangle.c.xml', 'stmt', 19))"
2024-06-04 15:04:34,558	[INFO]	71      COMPILE_CODE_ERROR    None (--) [4 edit(s)]  
2024-06-04 15:04:34,558	[DEBUG]	patch(71)="SrcmlStmtInsertion(('triangle.c.xml', '_inter_block', 25), ('triangle.c.xml', 'stmt', 15)) | SrcmlStmtDeletion(('triangle.c.xml', 'stmt', 3)) | SrcmlStmtReplacement(('triangle.c.xml', 'stmt', 11), ('triangle.c.xml', 'stmt', 0)) | SrcmlStmtInsertion(('triangle.c.xml', '_inter_block', 3), ('triangle.c.xml', 'stmt', 7))"
2024-06-04 15:04:34,647	[INFO]	72      TEST_CODE_ERROR       None (--) [4 edit(s)]  
2024-06-04 15:04:34,647	[DEBUG]	patch(72)="SrcmlStmtInsertion(('triangle.c.xml', '_inter_block', 25), ('triangle.c.xml', 'stmt', 15)) | SrcmlStmtDeletion(('triangle.c.xml', 'stmt', 3)) | SrcmlStmtReplacement(('triangle.c.xml', 'stmt', 11), ('triangle.c.xml', 'stmt', 0)) | SrcmlStmtDeletion(('triangle.c.xml', 'stmt', 13))"
2024-06-04 15:04:34,648	[INFO]	73      SUCCESS               0.01 (10.69%) [2 edit(s)] [cached] 
2024-06-04 15:04:34,648	[DEBUG]	patch(73)="SrcmlStmtInsertion(('triangle.c.xml', '_inter_block', 25), ('triangle.c.xml', 'stmt', 15)) | SrcmlStmtDeletion(('triangle.c.xml', 'stmt', 3))"
2024-06-04 15:04:34,781	[INFO]	74      TEST_CODE_ERROR       None (--) [4 edit(s)]  
2024-06-04 15:04:34,781	[DEBUG]	patch(74)="SrcmlStmtInsertion(('triangle.c.xml', '_inter_block', 25), ('triangle.c.xml', 'stmt', 15)) | SrcmlStmtDeletion(('triangle.c.xml', 'stmt', 3)) | SrcmlStmtReplacement(('triangle.c.xml', 'stmt', 11), ('triangle.c.xml', 'stmt', 0)) | SrcmlStmtDeletion(('triangle.c.xml', 'stmt', 6))"
2024-06-04 15:04:34,923	[INFO]	75      TEST_CODE_ERROR       None (--) [4 edit(s)]  
2024-06-04 15:04:34,924	[DEBUG]	patch(75)="SrcmlStmtInsertion(('triangle.c.xml', '_inter_block', 25), ('triangle.c.xml', 'stmt', 15)) | SrcmlStmtDeletion(('triangle.c.xml', 'stmt', 3)) | SrcmlStmtReplacement(('triangle.c.xml', 'stmt', 11), ('triangle.c.xml', 'stmt', 0)) | SrcmlStmtInsertion(('triangle.c.xml', '_inter_block', 8), ('triangle.c.xml', 'stmt', 17))"
2024-06-04 15:04:34,961	[INFO]	76      COMPILE_CODE_ERROR    None (--) [4 edit(s)]  
2024-06-04 15:04:34,961	[DEBUG]	patch(76)="SrcmlStmtInsertion(('triangle.c.xml', '_inter_block', 25), ('triangle.c.xml', 'stmt', 15)) | SrcmlStmtDeletion(('triangle.c.xml', 'stmt', 3)) | SrcmlStmtReplacement(('triangle.c.xml', 'stmt', 11), ('triangle.c.xml', 'stmt', 0)) | SrcmlStmtInsertion(('triangle.c.xml', '_inter_block', 3), ('triangle.c.xml', 'stmt', 2))"
2024-06-04 15:04:34,994	[INFO]	77      COMPILE_CODE_ERROR    None (--) [4 edit(s)]  
2024-06-04 15:04:34,994	[DEBUG]	patch(77)="SrcmlStmtInsertion(('triangle.c.xml', '_inter_block', 25), ('triangle.c.xml', 'stmt', 15)) | SrcmlStmtDeletion(('triangle.c.xml', 'stmt', 3)) | SrcmlStmtReplacement(('triangle.c.xml', 'stmt', 11), ('triangle.c.xml', 'stmt', 0)) | SrcmlStmtInsertion(('triangle.c.xml', '_inter_block', 3), ('triangle.c.xml', 'stmt', 9))"
2024-06-04 15:04:34,995	[INFO]	78      COMPILE_CODE_ERROR    None (--) [4 edit(s)] [cached] 
2024-06-04 15:04:34,995	[DEBUG]	patch(78)="SrcmlStmtInsertion(('triangle.c.xml', '_inter_block', 25), ('triangle.c.xml', 'stmt', 15)) | SrcmlStmtDeletion(('triangle.c.xml', 'stmt', 3)) | SrcmlStmtReplacement(('triangle.c.xml', 'stmt', 11), ('triangle.c.xml', 'stmt', 0)) | SrcmlStmtDeletion(('triangle.c.xml', 'stmt', 0))"
2024-06-04 15:04:34,997	[INFO]	79      SUCCESS              +0.01 (10.43%) [4 edit(s)] [cached] 
2024-06-04 15:04:34,997	[DEBUG]	patch(79)="SrcmlStmtInsertion(('triangle.c.xml', '_inter_block', 25), ('triangle.c.xml', 'stmt', 15)) | SrcmlStmtDeletion(('triangle.c.xml', 'stmt', 3)) | SrcmlStmtReplacement(('triangle.c.xml', 'stmt', 11), ('triangle.c.xml', 'stmt', 0)) | SrcmlStmtDeletion(('triangle.c.xml', 'stmt', 3))"
2024-06-04 15:04:34,999	[INFO]	80      SUCCESS              +0.01 (10.43%) [3 edit(s)] [cached] 
2024-06-04 15:04:34,999	[DEBUG]	patch(80)="SrcmlStmtInsertion(('triangle.c.xml', '_inter_block', 25), ('triangle.c.xml', 'stmt', 15)) | SrcmlStmtDeletion(('triangle.c.xml', 'stmt', 3)) | SrcmlStmtReplacement(('triangle.c.xml', 'stmt', 11), ('triangle.c.xml', 'stmt', 0))"
2024-06-04 15:04:35,100	[INFO]	81      TEST_CODE_ERROR       None (--) [4 edit(s)]  
2024-06-04 15:04:35,100	[DEBUG]	patch(81)="SrcmlStmtInsertion(('triangle.c.xml', '_inter_block', 25), ('triangle.c.xml', 'stmt', 15)) | SrcmlStmtDeletion(('triangle.c.xml', 'stmt', 3)) | SrcmlStmtReplacement(('triangle.c.xml', 'stmt', 11), ('triangle.c.xml', 'stmt', 0)) | SrcmlStmtInsertion(('triangle.c.xml', '_inter_block', 8), ('triangle.c.xml', 'stmt', 22))"
2024-06-04 15:04:35,101	[INFO]	82      SUCCESS               0.08 (105.98%) [2 edit(s)] [cached] 
2024-06-04 15:04:35,101	[DEBUG]	patch(82)="SrcmlStmtInsertion(('triangle.c.xml', '_inter_block', 25), ('triangle.c.xml', 'stmt', 15)) | SrcmlStmtReplacement(('triangle.c.xml', 'stmt', 11), ('triangle.c.xml', 'stmt', 0))"
2024-06-04 15:04:35,224	[DEBUG]	EXEC>  SUCCESS 0.0083
2024-06-04 15:04:35,224	[INFO]	83      SUCCESS               0.01 (10.56%) [4 edit(s)]  
2024-06-04 15:04:35,224	[DEBUG]	patch(83)="SrcmlStmtInsertion(('triangle.c.xml', '_inter_block', 25), ('triangle.c.xml', 'stmt', 15)) | SrcmlStmtDeletion(('triangle.c.xml', 'stmt', 3)) | SrcmlStmtReplacement(('triangle.c.xml', 'stmt', 11), ('triangle.c.xml', 'stmt', 0)) | SrcmlStmtInsertion(('triangle.c.xml', '_inter_block', 35), ('triangle.c.xml', 'stmt', 15))"
2024-06-04 15:04:35,225	[INFO]	84      COMPILE_CODE_ERROR    None (--) [4 edit(s)] [cached] 
2024-06-04 15:04:35,225	[DEBUG]	patch(84)="SrcmlStmtInsertion(('triangle.c.xml', '_inter_block', 25), ('triangle.c.xml', 'stmt', 15)) | SrcmlStmtDeletion(('triangle.c.xml', 'stmt', 3)) | SrcmlStmtReplacement(('triangle.c.xml', 'stmt', 11), ('triangle.c.xml', 'stmt', 0)) | SrcmlStmtInsertion(('triangle.c.xml', '_inter_block', 3), ('triangle.c.xml', 'stmt', 7))"
2024-06-04 15:04:35,357	[INFO]	85      TEST_CODE_ERROR       None (--) [4 edit(s)]  
2024-06-04 15:04:35,358	[DEBUG]	patch(85)="SrcmlStmtInsertion(('triangle.c.xml', '_inter_block', 25), ('triangle.c.xml', 'stmt', 15)) | SrcmlStmtDeletion(('triangle.c.xml', 'stmt', 3)) | SrcmlStmtReplacement(('triangle.c.xml', 'stmt', 11), ('triangle.c.xml', 'stmt', 0)) | SrcmlStmtDeletion(('triangle.c.xml', 'stmt', 15))"
2024-06-04 15:04:35,358	[INFO]	86      SUCCESS               0.01 (10.69%) [2 edit(s)] [cached] 
2024-06-04 15:04:35,358	[DEBUG]	patch(86)="SrcmlStmtInsertion(('triangle.c.xml', '_inter_block', 25), ('triangle.c.xml', 'stmt', 15)) | SrcmlStmtDeletion(('triangle.c.xml', 'stmt', 3))"
2024-06-04 15:04:35,500	[INFO]	87      TEST_CODE_ERROR       None (--) [4 edit(s)]  
2024-06-04 15:04:35,500	[DEBUG]	patch(87)="SrcmlStmtInsertion(('triangle.c.xml', '_inter_block', 25), ('triangle.c.xml', 'stmt', 15)) | SrcmlStmtDeletion(('triangle.c.xml', 'stmt', 3)) | SrcmlStmtReplacement(('triangle.c.xml', 'stmt', 11), ('triangle.c.xml', 'stmt', 0)) | SrcmlStmtReplacement(('triangle.c.xml', 'stmt', 21), ('triangle.c.xml', 'stmt', 8))"
2024-06-04 15:04:35,535	[INFO]	88      COMPILE_CODE_ERROR    None (--) [4 edit(s)]  
2024-06-04 15:04:35,536	[DEBUG]	patch(88)="SrcmlStmtInsertion(('triangle.c.xml', '_inter_block', 25), ('triangle.c.xml', 'stmt', 15)) | SrcmlStmtDeletion(('triangle.c.xml', 'stmt', 3)) | SrcmlStmtReplacement(('triangle.c.xml', 'stmt', 11), ('triangle.c.xml', 'stmt', 0)) | SrcmlStmtInsertion(('triangle.c.xml', '_inter_block', 6), ('triangle.c.xml', 'stmt', 6))"
2024-06-04 15:04:35,790	[DEBUG]	EXEC>  SUCCESS 0.031
2024-06-04 15:04:35,790	[INFO]	89      SUCCESS               0.03 (39.44%) [4 edit(s)]  
2024-06-04 15:04:35,790	[DEBUG]	patch(89)="SrcmlStmtInsertion(('triangle.c.xml', '_inter_block', 25), ('triangle.c.xml', 'stmt', 15)) | SrcmlStmtDeletion(('triangle.c.xml', 'stmt', 3)) | SrcmlStmtReplacement(('triangle.c.xml', 'stmt', 11), ('triangle.c.xml', 'stmt', 0)) | SrcmlStmtInsertion(('triangle.c.xml', '_inter_block', 23), ('triangle.c.xml', 'stmt', 3))"
2024-06-04 15:04:36,008	[DEBUG]	EXEC>  SUCCESS 0.0147
2024-06-04 15:04:36,008	[INFO]	90      SUCCESS               0.01 (18.70%) [4 edit(s)]  
2024-06-04 15:04:36,008	[DEBUG]	patch(90)="SrcmlStmtInsertion(('triangle.c.xml', '_inter_block', 25), ('triangle.c.xml', 'stmt', 15)) | SrcmlStmtDeletion(('triangle.c.xml', 'stmt', 3)) | SrcmlStmtReplacement(('triangle.c.xml', 'stmt', 11), ('triangle.c.xml', 'stmt', 0)) | SrcmlStmtInsertion(('triangle.c.xml', '_inter_block', 12), ('triangle.c.xml', 'stmt', 8))"
2024-06-04 15:04:36,010	[INFO]	91      SUCCESS               0.03 (39.44%) [4 edit(s)] [cached] 
2024-06-04 15:04:36,010	[DEBUG]	patch(91)="SrcmlStmtInsertion(('triangle.c.xml', '_inter_block', 25), ('triangle.c.xml', 'stmt', 15)) | SrcmlStmtDeletion(('triangle.c.xml', 'stmt', 3)) | SrcmlStmtReplacement(('triangle.c.xml', 'stmt', 11), ('triangle.c.xml', 'stmt', 0)) | SrcmlStmtInsertion(('triangle.c.xml', '_inter_block', 23), ('triangle.c.xml', 'stmt', 3))"
2024-06-04 15:04:36,203	[DEBUG]	EXEC>  SUCCESS 0.0127
2024-06-04 15:04:36,203	[INFO]	92      SUCCESS               0.01 (16.16%) [4 edit(s)]  
2024-06-04 15:04:36,203	[DEBUG]	patch(92)="SrcmlStmtInsertion(('triangle.c.xml', '_inter_block', 25), ('triangle.c.xml', 'stmt', 15)) | SrcmlStmtDeletion(('triangle.c.xml', 'stmt', 3)) | SrcmlStmtReplacement(('triangle.c.xml', 'stmt', 11), ('triangle.c.xml', 'stmt', 0)) | SrcmlStmtReplacement(('triangle.c.xml', 'stmt', 8), ('triangle.c.xml', 'stmt', 5))"
2024-06-04 15:04:36,376	[INFO]	93      TEST_CODE_ERROR       None (--) [4 edit(s)]  
2024-06-04 15:04:36,376	[DEBUG]	patch(93)="SrcmlStmtInsertion(('triangle.c.xml', '_inter_block', 25), ('triangle.c.xml', 'stmt', 15)) | SrcmlStmtDeletion(('triangle.c.xml', 'stmt', 3)) | SrcmlStmtReplacement(('triangle.c.xml', 'stmt', 11), ('triangle.c.xml', 'stmt', 0)) | SrcmlStmtInsertion(('triangle.c.xml', '_inter_block', 24), ('triangle.c.xml', 'stmt', 14))"
2024-06-04 15:04:36,396	[INFO]	94      COMPILE_CODE_ERROR    None (--) [4 edit(s)]  
2024-06-04 15:04:36,396	[DEBUG]	patch(94)="SrcmlStmtInsertion(('triangle.c.xml', '_inter_block', 25), ('triangle.c.xml', 'stmt', 15)) | SrcmlStmtDeletion(('triangle.c.xml', 'stmt', 3)) | SrcmlStmtReplacement(('triangle.c.xml', 'stmt', 11), ('triangle.c.xml', 'stmt', 0)) | SrcmlStmtInsertion(('triangle.c.xml', '_inter_block', 6), ('triangle.c.xml', 'stmt', 0))"
2024-06-04 15:04:36,397	[INFO]	95      TEST_CODE_ERROR       None (--) [4 edit(s)] [cached] 
2024-06-04 15:04:36,397	[DEBUG]	patch(95)="SrcmlStmtInsertion(('triangle.c.xml', '_inter_block', 25), ('triangle.c.xml', 'stmt', 15)) | SrcmlStmtDeletion(('triangle.c.xml', 'stmt', 3)) | SrcmlStmtReplacement(('triangle.c.xml', 'stmt', 11), ('triangle.c.xml', 'stmt', 0)) | SrcmlStmtDeletion(('triangle.c.xml', 'stmt', 9))"
2024-06-04 15:04:36,398	[INFO]	96      TEST_CODE_ERROR       None (--) [4 edit(s)] [cached] 
2024-06-04 15:04:36,398	[DEBUG]	patch(96)="SrcmlStmtInsertion(('triangle.c.xml', '_inter_block', 25), ('triangle.c.xml', 'stmt', 15)) | SrcmlStmtDeletion(('triangle.c.xml', 'stmt', 3)) | SrcmlStmtReplacement(('triangle.c.xml', 'stmt', 11), ('triangle.c.xml', 'stmt', 0)) | SrcmlStmtDeletion(('triangle.c.xml', 'stmt', 7))"
2024-06-04 15:04:36,415	[INFO]	97      COMPILE_CODE_ERROR    None (--) [4 edit(s)]  
2024-06-04 15:04:36,415	[DEBUG]	patch(97)="SrcmlStmtInsertion(('triangle.c.xml', '_inter_block', 25), ('triangle.c.xml', 'stmt', 15)) | SrcmlStmtDeletion(('triangle.c.xml', 'stmt', 3)) | SrcmlStmtReplacement(('triangle.c.xml', 'stmt', 11), ('triangle.c.xml', 'stmt', 0)) | SrcmlStmtReplacement(('triangle.c.xml', 'stmt', 18), ('triangle.c.xml', 'stmt', 2))"
2024-06-04 15:04:36,515	[INFO]	98      TEST_CODE_ERROR       None (--) [4 edit(s)]  
2024-06-04 15:04:36,516	[DEBUG]	patch(98)="SrcmlStmtInsertion(('triangle.c.xml', '_inter_block', 25), ('triangle.c.xml', 'stmt', 15)) | SrcmlStmtDeletion(('triangle.c.xml', 'stmt', 3)) | SrcmlStmtReplacement(('triangle.c.xml', 'stmt', 11), ('triangle.c.xml', 'stmt', 0)) | SrcmlStmtInsertion(('triangle.c.xml', '_inter_block', 22), ('triangle.c.xml', 'stmt', 6))"
2024-06-04 15:04:36,664	[DEBUG]	EXEC>  SUCCESS 0.0084
2024-06-04 15:04:36,664	[INFO]	99      SUCCESS               0.01 (10.69%) [4 edit(s)]  
2024-06-04 15:04:36,664	[DEBUG]	patch(99)="SrcmlStmtInsertion(('triangle.c.xml', '_inter_block', 25), ('triangle.c.xml', 'stmt', 15)) | SrcmlStmtDeletion(('triangle.c.xml', 'stmt', 3)) | SrcmlStmtReplacement(('triangle.c.xml', 'stmt', 11), ('triangle.c.xml', 'stmt', 0)) | SrcmlStmtInsertion(('triangle.c.xml', '_inter_block', 20), ('triangle.c.xml', 'stmt', 4))"
2024-06-04 15:04:36,664	[INFO]	100     TEST_CODE_ERROR       None (--) [2 edit(s)] [cached] 
2024-06-04 15:04:36,664	[DEBUG]	patch(100)="SrcmlStmtDeletion(('triangle.c.xml', 'stmt', 3)) | SrcmlStmtReplacement(('triangle.c.xml', 'stmt', 11), ('triangle.c.xml', 'stmt', 0))"
2024-06-04 15:04:36,665	[INFO]	~~~~ END ~~~~
2024-06-04 15:04:36,665	[INFO]	
2024-06-04 15:04:36,665	[INFO]	==== REPORT ====
2024-06-04 15:04:36,665	[INFO]	Termination: step budget
2024-06-04 15:04:36,665	[INFO]	Retries: 3
2024-06-04 15:04:36,665	[INFO]	Log file: /home/jim/magpie/_magpie_logs/triangle-c_1717509865.log
2024-06-04 15:04:36,665	[INFO]	Patch file: _magpie_logs/triangle-c_1717509865.patch
2024-06-04 15:04:36,665	[INFO]	Diff file: _magpie_logs/triangle-c_1717509865.diff
2024-06-04 15:04:36,665	[INFO]	Reference fitness: 0.08
2024-06-04 15:04:36,665	[INFO]	Best fitness: 0.01
2024-06-04 15:04:36,665	[INFO]	
2024-06-04 15:04:36,666	[INFO]	==== BEST PATCH ====
SrcmlStmtInsertion(('triangle.c.xml', '_inter_block', 25), ('triangle.c.xml', 'stmt', 15)) | SrcmlStmtDeletion(('triangle.c.xml', 'stmt', 3)) | SrcmlStmtReplacement(('triangle.c.xml', 'stmt', 0), ('triangle.c.xml', 'stmt', 0)) | SrcmlStmtReplacement(('triangle.c.xml', 'stmt', 11), ('triangle.c.xml', 'stmt', 0))
2024-06-04 15:04:36,666	[INFO]	
2024-06-04 15:04:36,666	[INFO]	==== DIFF ====
[1m--- before: triangle.c[0m
[1m+++ after: triangle.c[0m
[36m@@ -8,7 +8,7 @@[0m
 int classify_triangle(double a, double b, double c) {
   double tmp;
 
[31m-  delay();[0m
[32m+  [0m
 
   // Sort the sides so that a <= b <= c
   if(a > b) {
[36m@@ -21,6 +21,7 @@[0m
     tmp = a;
     a = c;
     c = tmp;
[32m+    const struct timespec ms = {0, 0.001*1e9};[0m
   }
 
   if(b > c) {

