2024-07-26 04:07:39,113	[DEBUG]	==== CONFIG ====
[magpie]
import = 
seed = 45
log_dir = _magpie_logs
work_dir = _magpie_work
local_original_copy = True
local_original_name = __original__
output_encoding = ascii
edit_retries = 10
default_timeout = 30
default_lengthout = 1e6
diff_method = unified
trust_local_filesystem = True
test_timeout = 10

[magpie.log]
color_output = True
format_info = {counter:<7} {status:<20} {best}{fitness} ({ratio}) [{size}] {cached} {log}
format_debug = patch({counter})="{patch}"{diffifbest}
format_fitness = {:.6f}
format_ratio = {:.2%%}
format_patchif = 
	 --> {patch}
format_diffif = 
	{diff}

[software]
path = examples/lpg
target_files = lpg.params
software = BasicSoftware
model_rules = 
	*.params : ParamFileConfigModel
	*.xml : SrcmlModel
	* : LineModel
model_config = 
	*.params : [paramconfig]
	*.xml : [srcml]
init_cmd = 
init_timeout = 60
init_lengthout = -1
setup_cmd = 
setup_timeout = 
setup_lengthout = 
compile_cmd = 
compile_timeout = 
compile_lengthout = 
test_cmd = bash test.sh
test_timeout = 
test_lengthout = 
run_cmd = perf stat -e task-clock bash run_fixed.sh
run_timeout = 
run_lengthout = 
retries = 5
batch_timeout = 
batch_lengthout = 
batch_bin_fitness_strategy = aggregate
batch_fitness_strategy = sum
fitness = perf_task_clock

[srcml]
rename = 
	stmt: break continue decl_stmt do expr_stmt for goto if return switch while
	number: literal_number
focus = block stmt operator_comp operator_arith number
internodes = block
process_pseudo_blocks = True
process_literals = True
process_operators = True

[paramconfig]
timing = test run
cli_prefix = --
cli_glue = =
cli_boolean = show
cli_boolean_prefix_true = 
cli_boolean_prefix_false = no-
cli_none = hide
silent_prefix = @
silent_suffix = $

[search]
protocol = BasicProtocol
algorithm = FirstImprovement
possible_edits = ParamSetting
warmup = 3
warmup_strategy = last
max_steps = 10000
max_time = 1800
target_fitness = 
cache_maxsize = 100
cache_keep = 0.2
batch_instances = 
batch_shuffle = True
batch_bin_shuffle = False
batch_sample_size = 1

[search.ls]
delete_prob = 0.5
max_neighbours = 
when_trapped = continue
accept_fail = False
tabu_length = 10

[search.gp]
pop_size = 10
delete_prob = 0.5
offspring_elitism = 0.1
offspring_crossover = 0.5
offspring_mutation = 0.4
uniform_rate = 0.5
batch_reset = True

[search.minify]
do_cleanup = True
do_rebuild = True
do_simplify = True
round_robin_limit = 3


2024-07-26 04:07:39,114	[DEBUG]	
2024-07-26 04:07:39,114	[INFO]	==== SEARCH: FirstImprovement ====
2024-07-26 04:07:39,114	[INFO]	~~~~ WARMUP ~~~~
2024-07-26 04:09:01,261	[DEBUG]	EXEC>  SUCCESS 62.8
2024-07-26 04:09:01,261	[INFO]	WARM    SUCCESS               62.800000 (--) [0 edit(s)]  
2024-07-26 04:10:23,513	[DEBUG]	EXEC>  SUCCESS 59.6
2024-07-26 04:10:23,513	[INFO]	WARM    SUCCESS               59.600000 (--) [0 edit(s)]  
2024-07-26 04:11:45,952	[DEBUG]	EXEC>  SUCCESS 33.0
2024-07-26 04:11:45,953	[INFO]	WARM    SUCCESS               33.000000 (--) [0 edit(s)]  
2024-07-26 04:11:45,953	[INFO]	REF     SUCCESS               33.000000 (--) [0 edit(s)]  
2024-07-26 04:11:45,953	[INFO]	
2024-07-26 04:11:45,953	[INFO]	~~~~ START ~~~~
2024-07-26 04:12:21,449	[DEBUG]	EXEC>  TIMEOUT None
2024-07-26 04:12:21,449	[INFO]	1       RUN_TIMEOUT           None (--) [1 edit(s)]  
2024-07-26 04:12:21,449	[DEBUG]	patch(1)="ParamSetting(('lpg.params', 'param', 'noise'), 0.2576606205245803)"
2024-07-26 04:13:07,880	[DEBUG]	EXEC>  TIMEOUT None
2024-07-26 04:13:07,880	[INFO]	2       RUN_TIMEOUT           None (--) [1 edit(s)]  
2024-07-26 04:13:07,880	[DEBUG]	patch(2)="ParamSetting(('lpg.params', 'param', 'search_steps'), 174)"
2024-07-26 04:15:38,550	[DEBUG]	EXEC>  SUCCESS 58.6
2024-07-26 04:15:38,551	[INFO]	3       SUCCESS               58.600000 (177.58%) [1 edit(s)]  
2024-07-26 04:15:38,551	[DEBUG]	patch(3)="ParamSetting(('lpg.params', 'param', 'search_steps'), 390)"
2024-07-26 04:15:38,552	[INFO]	4       SUCCESS              +33.000000 (100.00%) [1 edit(s)] [cached] 
2024-07-26 04:15:38,552	[DEBUG]	patch(4)="ParamSetting(('lpg.params', 'param', 'lowmemory'), 'None')"
2024-07-26 04:15:38,553	[INFO]	5       SUCCESS              +33.000000 (100.00%) [2 edit(s)] [cached] 
2024-07-26 04:15:38,553	[DEBUG]	patch(5)="ParamSetting(('lpg.params', 'param', 'lowmemory'), 'None') | ParamSetting(('lpg.params', 'param', 'repeats'), 5)"
2024-07-26 04:15:38,554	[INFO]	6       SUCCESS              +33.000000 (100.00%) [1 edit(s)] [cached] 
2024-07-26 04:15:38,554	[DEBUG]	patch(6)="ParamSetting(('lpg.params', 'param', 'lowmemory'), 'None')"
2024-07-26 04:15:38,555	[INFO]	7       SUCCESS              +33.000000 (100.00%) [0 edit(s)] [cached] 
2024-07-26 04:15:38,555	[DEBUG]	patch(7)=""
2024-07-26 04:16:17,335	[DEBUG]	EXEC>  TIMEOUT None
2024-07-26 04:16:17,336	[INFO]	8       RUN_TIMEOUT           None (--) [1 edit(s)]  
2024-07-26 04:16:17,336	[DEBUG]	patch(8)="ParamSetting(('lpg.params', 'param', 'search_steps'), 276)"
2024-07-26 04:17:39,482	[DEBUG]	EXEC>  SUCCESS 34.2
2024-07-26 04:17:39,483	[INFO]	9       SUCCESS               34.200000 (103.64%) [1 edit(s)]  
2024-07-26 04:17:39,483	[DEBUG]	patch(9)="ParamSetting(('lpg.params', 'param', 'repeats'), 11)"
2024-07-26 04:18:09,543	[INFO]	10      TEST_TIMEOUT          None (--) [1 edit(s)]  
2024-07-26 04:18:09,543	[DEBUG]	patch(10)="ParamSetting(('lpg.params', 'param', 'search_steps'), 121)"
2024-07-26 04:18:39,617	[INFO]	11      TEST_TIMEOUT          None (--) [1 edit(s)]  
2024-07-26 04:18:39,618	[DEBUG]	patch(11)="ParamSetting(('lpg.params', 'param', 'noise'), 0.6991828298295443)"
2024-07-26 04:19:09,686	[INFO]	12      TEST_TIMEOUT          None (--) [1 edit(s)]  
2024-07-26 04:19:09,686	[DEBUG]	patch(12)="ParamSetting(('lpg.params', 'param', 'noise'), 0.909611607891918)"
2024-07-26 04:19:42,536	[DEBUG]	EXEC>  TIMEOUT None
2024-07-26 04:19:42,537	[INFO]	13      RUN_TIMEOUT           None (--) [1 edit(s)]  
2024-07-26 04:19:42,537	[DEBUG]	patch(13)="ParamSetting(('lpg.params', 'param', 'restarts'), 1)"
2024-07-26 04:21:03,107	[DEBUG]	EXEC>  SUCCESS 31.0
2024-07-26 04:21:03,108	[INFO]	14      SUCCESS              *31.000000 (93.94%) [1 edit(s)]  
2024-07-26 04:21:03,108	[DEBUG]	patch(14)="ParamSetting(('lpg.params', 'param', 'lowmemory'), 'True')"
--- before: lpg.params
+++ after: lpg.params
@@ -3,4 +3,4 @@
 repeats := 5
 noise := 0.1
 static_noise := 'None'
-lowmemory := 'None'
+lowmemory := 'True'

2024-07-26 04:21:03,109	[INFO]	15      SUCCESS               33.000000 (100.00%) [0 edit(s)] [cached] 
2024-07-26 04:21:03,109	[DEBUG]	patch(15)=""
2024-07-26 04:21:03,110	[INFO]	16      SUCCESS              +31.000000 (93.94%) [2 edit(s)] [cached] 
2024-07-26 04:21:03,110	[DEBUG]	patch(16)="ParamSetting(('lpg.params', 'param', 'lowmemory'), 'True') | ParamSetting(('lpg.params', 'param', 'static_noise'), 'None')"
2024-07-26 04:22:23,565	[DEBUG]	EXEC>  SUCCESS 39.2
2024-07-26 04:22:23,565	[INFO]	17      SUCCESS               39.200000 (118.79%) [3 edit(s)]  
2024-07-26 04:22:23,565	[DEBUG]	patch(17)="ParamSetting(('lpg.params', 'param', 'lowmemory'), 'True') | ParamSetting(('lpg.params', 'param', 'static_noise'), 'None') | ParamSetting(('lpg.params', 'param', 'repeats'), 6)"
2024-07-26 04:22:23,566	[INFO]	18      SUCCESS              +31.000000 (93.94%) [1 edit(s)] [cached] 
2024-07-26 04:22:23,566	[DEBUG]	patch(18)="ParamSetting(('lpg.params', 'param', 'lowmemory'), 'True')"
2024-07-26 04:22:23,567	[INFO]	19      SUCCESS               33.000000 (100.00%) [0 edit(s)] [cached] 
2024-07-26 04:22:23,567	[DEBUG]	patch(19)=""
2024-07-26 04:23:43,871	[DEBUG]	EXEC>  SUCCESS 57.8
2024-07-26 04:23:43,872	[INFO]	20      SUCCESS               57.800000 (175.15%) [2 edit(s)]  
2024-07-26 04:23:43,872	[DEBUG]	patch(20)="ParamSetting(('lpg.params', 'param', 'lowmemory'), 'True') | ParamSetting(('lpg.params', 'param', 'restarts'), 11)"
2024-07-26 04:24:22,434	[DEBUG]	EXEC>  TIMEOUT None
2024-07-26 04:24:22,434	[INFO]	21      RUN_TIMEOUT           None (--) [2 edit(s)]  
2024-07-26 04:24:22,434	[DEBUG]	patch(21)="ParamSetting(('lpg.params', 'param', 'lowmemory'), 'True') | ParamSetting(('lpg.params', 'param', 'search_steps'), 252)"
2024-07-26 04:25:00,515	[DEBUG]	EXEC>  TIMEOUT None
2024-07-26 04:25:00,515	[INFO]	22      RUN_TIMEOUT           None (--) [2 edit(s)]  
2024-07-26 04:25:00,516	[DEBUG]	patch(22)="ParamSetting(('lpg.params', 'param', 'lowmemory'), 'True') | ParamSetting(('lpg.params', 'param', 'search_steps'), 279)"
2024-07-26 04:25:53,132	[DEBUG]	EXEC>  SUCCESS 46.4
2024-07-26 04:25:53,132	[INFO]	23      SUCCESS               46.400000 (140.61%) [2 edit(s)]  
2024-07-26 04:25:53,132	[DEBUG]	patch(23)="ParamSetting(('lpg.params', 'param', 'lowmemory'), 'True') | ParamSetting(('lpg.params', 'param', 'search_steps'), 809)"
2024-07-26 04:25:53,133	[INFO]	24      SUCCESS              +31.000000 (93.94%) [2 edit(s)] [cached] 
2024-07-26 04:25:53,133	[DEBUG]	patch(24)="ParamSetting(('lpg.params', 'param', 'lowmemory'), 'True') | ParamSetting(('lpg.params', 'param', 'lowmemory'), 'True')"
2024-07-26 04:26:23,200	[INFO]	25      TEST_TIMEOUT          None (--) [3 edit(s)]  
2024-07-26 04:26:23,200	[DEBUG]	patch(25)="ParamSetting(('lpg.params', 'param', 'lowmemory'), 'True') | ParamSetting(('lpg.params', 'param', 'lowmemory'), 'True') | ParamSetting(('lpg.params', 'param', 'noise'), 0.7665559902953729)"
2024-07-26 04:26:55,491	[DEBUG]	EXEC>  TIMEOUT None
2024-07-26 04:26:55,491	[INFO]	26      RUN_TIMEOUT           None (--) [3 edit(s)]  
2024-07-26 04:26:55,491	[DEBUG]	patch(26)="ParamSetting(('lpg.params', 'param', 'lowmemory'), 'True') | ParamSetting(('lpg.params', 'param', 'lowmemory'), 'True') | ParamSetting(('lpg.params', 'param', 'search_steps'), 428)"
2024-07-26 04:28:16,125	[DEBUG]	EXEC>  SUCCESS 52.2
2024-07-26 04:28:16,125	[INFO]	27      SUCCESS               52.200000 (158.18%) [3 edit(s)]  
2024-07-26 04:28:16,125	[DEBUG]	patch(27)="ParamSetting(('lpg.params', 'param', 'lowmemory'), 'True') | ParamSetting(('lpg.params', 'param', 'lowmemory'), 'True') | ParamSetting(('lpg.params', 'param', 'repeats'), 12)"
2024-07-26 04:28:16,126	[INFO]	28      SUCCESS              +31.000000 (93.94%) [1 edit(s)] [cached] 
2024-07-26 04:28:16,126	[DEBUG]	patch(28)="ParamSetting(('lpg.params', 'param', 'lowmemory'), 'True')"
2024-07-26 04:28:16,127	[INFO]	29      SUCCESS              +31.000000 (93.94%) [2 edit(s)] [cached] 
2024-07-26 04:28:16,127	[DEBUG]	patch(29)="ParamSetting(('lpg.params', 'param', 'lowmemory'), 'True') | ParamSetting(('lpg.params', 'param', 'lowmemory'), 'True')"
2024-07-26 04:29:36,578	[DEBUG]	EXEC>  SUCCESS 48.0
2024-07-26 04:29:36,578	[INFO]	30      SUCCESS               48.000000 (145.45%) [3 edit(s)]  
2024-07-26 04:29:36,579	[DEBUG]	patch(30)="ParamSetting(('lpg.params', 'param', 'lowmemory'), 'True') | ParamSetting(('lpg.params', 'param', 'lowmemory'), 'True') | ParamSetting(('lpg.params', 'param', 'restarts'), 19)"
2024-07-26 04:29:36,579	[INFO]	31      SUCCESS              +31.000000 (93.94%) [1 edit(s)] [cached] 
2024-07-26 04:29:36,579	[DEBUG]	patch(31)="ParamSetting(('lpg.params', 'param', 'lowmemory'), 'True')"
2024-07-26 04:29:36,580	[INFO]	32      SUCCESS               33.000000 (100.00%) [0 edit(s)] [cached] 
2024-07-26 04:29:36,580	[DEBUG]	patch(32)=""
2024-07-26 04:30:56,982	[DEBUG]	EXEC>  SUCCESS 81.8
2024-07-26 04:30:56,982	[INFO]	33      SUCCESS               81.800000 (247.88%) [2 edit(s)]  
2024-07-26 04:30:56,982	[DEBUG]	patch(33)="ParamSetting(('lpg.params', 'param', 'lowmemory'), 'True') | ParamSetting(('lpg.params', 'param', 'repeats'), 15)"
2024-07-26 04:30:56,983	[INFO]	34      SUCCESS              +31.000000 (93.94%) [2 edit(s)] [cached] 
2024-07-26 04:30:56,983	[DEBUG]	patch(34)="ParamSetting(('lpg.params', 'param', 'lowmemory'), 'True') | ParamSetting(('lpg.params', 'param', 'lowmemory'), 'True')"
2024-07-26 04:30:56,984	[INFO]	35      SUCCESS              +31.000000 (93.94%) [3 edit(s)] [cached] 
2024-07-26 04:30:56,984	[DEBUG]	patch(35)="ParamSetting(('lpg.params', 'param', 'lowmemory'), 'True') | ParamSetting(('lpg.params', 'param', 'lowmemory'), 'True') | ParamSetting(('lpg.params', 'param', 'static_noise'), 'None')"
2024-07-26 04:30:56,984	[INFO]	36      SUCCESS              +31.000000 (93.94%) [2 edit(s)] [cached] 
2024-07-26 04:30:56,984	[DEBUG]	patch(36)="ParamSetting(('lpg.params', 'param', 'lowmemory'), 'True') | ParamSetting(('lpg.params', 'param', 'static_noise'), 'None')"
2024-07-26 04:30:56,985	[INFO]	37      SUCCESS              +31.000000 (93.94%) [1 edit(s)] [cached] 
2024-07-26 04:30:56,985	[DEBUG]	patch(37)="ParamSetting(('lpg.params', 'param', 'lowmemory'), 'True')"
2024-07-26 04:30:56,986	[INFO]	38      SUCCESS              +31.000000 (93.94%) [2 edit(s)] [cached] 
2024-07-26 04:30:56,986	[DEBUG]	patch(38)="ParamSetting(('lpg.params', 'param', 'lowmemory'), 'True') | ParamSetting(('lpg.params', 'param', 'static_noise'), 'None')"
2024-07-26 04:30:56,986	[INFO]	39      SUCCESS               33.000000 (100.00%) [1 edit(s)] [cached] 
2024-07-26 04:30:56,986	[DEBUG]	patch(39)="ParamSetting(('lpg.params', 'param', 'static_noise'), 'None')"
2024-07-26 04:30:56,987	[INFO]	40      SUCCESS              +31.000000 (93.94%) [1 edit(s)] [cached] 
2024-07-26 04:30:56,987	[DEBUG]	patch(40)="ParamSetting(('lpg.params', 'param', 'lowmemory'), 'True')"
2024-07-26 04:30:56,988	[INFO]	41      SUCCESS              +31.000000 (93.94%) [2 edit(s)] [cached] 
2024-07-26 04:30:56,988	[DEBUG]	patch(41)="ParamSetting(('lpg.params', 'param', 'lowmemory'), 'True') | ParamSetting(('lpg.params', 'param', 'static_noise'), 'None')"
2024-07-26 04:31:49,655	[DEBUG]	EXEC>  SUCCESS 46.8
2024-07-26 04:31:49,655	[INFO]	42      SUCCESS               46.800000 (141.82%) [3 edit(s)]  
2024-07-26 04:31:49,655	[DEBUG]	patch(42)="ParamSetting(('lpg.params', 'param', 'lowmemory'), 'True') | ParamSetting(('lpg.params', 'param', 'static_noise'), 'None') | ParamSetting(('lpg.params', 'param', 'search_steps'), 840)"
2024-07-26 04:31:49,656	[INFO]	43      SUCCESS               33.000000 (100.00%) [1 edit(s)] [cached] 
2024-07-26 04:31:49,656	[DEBUG]	patch(43)="ParamSetting(('lpg.params', 'param', 'static_noise'), 'None')"
2024-07-26 04:33:10,097	[DEBUG]	EXEC>  SUCCESS 30.2
2024-07-26 04:33:10,098	[INFO]	44      SUCCESS              *30.200000 (91.52%) [3 edit(s)]  
2024-07-26 04:33:10,098	[DEBUG]	patch(44)="ParamSetting(('lpg.params', 'param', 'lowmemory'), 'True') | ParamSetting(('lpg.params', 'param', 'static_noise'), 'None') | ParamSetting(('lpg.params', 'param', 'static_noise'), 'True')"
--- before: lpg.params
+++ after: lpg.params
@@ -2,5 +2,5 @@
 restarts := 9
 repeats := 5
 noise := 0.1
-static_noise := 'None'
-lowmemory := 'None'
+static_noise := 'True'
+lowmemory := 'True'

2024-07-26 04:33:10,099	[INFO]	45      SUCCESS              +30.200000 (91.52%) [2 edit(s)] [cached] 
2024-07-26 04:33:10,099	[DEBUG]	patch(45)="ParamSetting(('lpg.params', 'param', 'lowmemory'), 'True') | ParamSetting(('lpg.params', 'param', 'static_noise'), 'True')"
2024-07-26 04:34:31,420	[DEBUG]	EXEC>  SUCCESS 52.6
2024-07-26 04:34:31,420	[INFO]	46      SUCCESS               52.600000 (159.39%) [1 edit(s)]  
2024-07-26 04:34:31,420	[DEBUG]	patch(46)="ParamSetting(('lpg.params', 'param', 'static_noise'), 'True')"
2024-07-26 04:34:31,421	[INFO]	47      SUCCESS              +30.200000 (91.52%) [3 edit(s)] [cached] 
2024-07-26 04:34:31,421	[DEBUG]	patch(47)="ParamSetting(('lpg.params', 'param', 'lowmemory'), 'True') | ParamSetting(('lpg.params', 'param', 'static_noise'), 'True') | ParamSetting(('lpg.params', 'param', 'static_noise'), 'True')"
2024-07-26 04:34:31,422	[INFO]	48      SUCCESS              +30.200000 (91.52%) [4 edit(s)] [cached] 
2024-07-26 04:34:31,422	[DEBUG]	patch(48)="ParamSetting(('lpg.params', 'param', 'lowmemory'), 'True') | ParamSetting(('lpg.params', 'param', 'static_noise'), 'True') | ParamSetting(('lpg.params', 'param', 'static_noise'), 'True') | ParamSetting(('lpg.params', 'param', 'lowmemory'), 'True')"
2024-07-26 04:34:31,423	[INFO]	49      SUCCESS              +30.200000 (91.52%) [3 edit(s)] [cached] 
2024-07-26 04:34:31,423	[DEBUG]	patch(49)="ParamSetting(('lpg.params', 'param', 'static_noise'), 'True') | ParamSetting(('lpg.params', 'param', 'static_noise'), 'True') | ParamSetting(('lpg.params', 'param', 'lowmemory'), 'True')"
2024-07-26 04:35:01,484	[INFO]	50      TEST_TIMEOUT          None (--) [4 edit(s)]  
2024-07-26 04:35:01,484	[DEBUG]	patch(50)="ParamSetting(('lpg.params', 'param', 'static_noise'), 'True') | ParamSetting(('lpg.params', 'param', 'static_noise'), 'True') | ParamSetting(('lpg.params', 'param', 'lowmemory'), 'True') | ParamSetting(('lpg.params', 'param', 'noise'), 0.5350187739942603)"
2024-07-26 04:35:01,485	[INFO]	51      SUCCESS              +30.200000 (91.52%) [2 edit(s)] [cached] 
2024-07-26 04:35:01,485	[DEBUG]	patch(51)="ParamSetting(('lpg.params', 'param', 'static_noise'), 'True') | ParamSetting(('lpg.params', 'param', 'lowmemory'), 'True')"
2024-07-26 04:35:01,486	[INFO]	52      SUCCESS              +30.200000 (91.52%) [3 edit(s)] [cached] 
2024-07-26 04:35:01,486	[DEBUG]	patch(52)="ParamSetting(('lpg.params', 'param', 'static_noise'), 'True') | ParamSetting(('lpg.params', 'param', 'lowmemory'), 'True') | ParamSetting(('lpg.params', 'param', 'static_noise'), 'True')"
2024-07-26 04:36:20,938	[DEBUG]	EXEC>  SUCCESS 59.8
2024-07-26 04:36:20,938	[INFO]	53      SUCCESS               59.800000 (181.21%) [4 edit(s)]  
2024-07-26 04:36:20,938	[DEBUG]	patch(53)="ParamSetting(('lpg.params', 'param', 'static_noise'), 'True') | ParamSetting(('lpg.params', 'param', 'lowmemory'), 'True') | ParamSetting(('lpg.params', 'param', 'static_noise'), 'True') | ParamSetting(('lpg.params', 'param', 'repeats'), 7)"
2024-07-26 04:38:26,984	[DEBUG]	EXEC>  SUCCESS 54.2
2024-07-26 04:38:26,984	[INFO]	54      SUCCESS               54.200000 (164.24%) [4 edit(s)]  
2024-07-26 04:38:26,984	[DEBUG]	patch(54)="ParamSetting(('lpg.params', 'param', 'static_noise'), 'True') | ParamSetting(('lpg.params', 'param', 'lowmemory'), 'True') | ParamSetting(('lpg.params', 'param', 'static_noise'), 'True') | ParamSetting(('lpg.params', 'param', 'noise'), 0.11941623506370613)"
2024-07-26 04:38:26,985	[INFO]	55      SUCCESS              +30.200000 (91.52%) [4 edit(s)] [cached] 
2024-07-26 04:38:26,985	[DEBUG]	patch(55)="ParamSetting(('lpg.params', 'param', 'static_noise'), 'True') | ParamSetting(('lpg.params', 'param', 'lowmemory'), 'True') | ParamSetting(('lpg.params', 'param', 'static_noise'), 'True') | ParamSetting(('lpg.params', 'param', 'lowmemory'), 'True')"
2024-07-26 04:38:26,986	[INFO]	56      SUCCESS              +30.200000 (91.52%) [3 edit(s)] [cached] 
2024-07-26 04:38:26,986	[DEBUG]	patch(56)="ParamSetting(('lpg.params', 'param', 'static_noise'), 'True') | ParamSetting(('lpg.params', 'param', 'static_noise'), 'True') | ParamSetting(('lpg.params', 'param', 'lowmemory'), 'True')"
2024-07-26 04:39:07,606	[DEBUG]	EXEC>  TIMEOUT None
2024-07-26 04:39:07,607	[INFO]	57      RUN_TIMEOUT           None (--) [4 edit(s)]  
2024-07-26 04:39:07,607	[DEBUG]	patch(57)="ParamSetting(('lpg.params', 'param', 'static_noise'), 'True') | ParamSetting(('lpg.params', 'param', 'static_noise'), 'True') | ParamSetting(('lpg.params', 'param', 'lowmemory'), 'True') | ParamSetting(('lpg.params', 'param', 'search_steps'), 204)"
2024-07-26 04:39:07,607	[INFO]	58      SUCCESS              +30.200000 (91.52%) [4 edit(s)] [cached] 
2024-07-26 04:39:07,608	[DEBUG]	patch(58)="ParamSetting(('lpg.params', 'param', 'static_noise'), 'True') | ParamSetting(('lpg.params', 'param', 'static_noise'), 'True') | ParamSetting(('lpg.params', 'param', 'lowmemory'), 'True') | ParamSetting(('lpg.params', 'param', 'repeats'), 5)"
2024-07-26 04:39:07,608	[INFO]	59      SUCCESS               52.600000 (159.39%) [3 edit(s)] [cached] 
2024-07-26 04:39:07,608	[DEBUG]	patch(59)="ParamSetting(('lpg.params', 'param', 'static_noise'), 'True') | ParamSetting(('lpg.params', 'param', 'static_noise'), 'True') | ParamSetting(('lpg.params', 'param', 'repeats'), 5)"
2024-07-26 04:39:07,609	[INFO]	60      SUCCESS              +30.200000 (91.52%) [5 edit(s)] [cached] 
2024-07-26 04:39:07,609	[DEBUG]	patch(60)="ParamSetting(('lpg.params', 'param', 'static_noise'), 'True') | ParamSetting(('lpg.params', 'param', 'static_noise'), 'True') | ParamSetting(('lpg.params', 'param', 'lowmemory'), 'True') | ParamSetting(('lpg.params', 'param', 'repeats'), 5) | ParamSetting(('lpg.params', 'param', 'static_noise'), 'True')"
2024-07-26 04:39:07,610	[INFO]	61      SUCCESS              +30.200000 (91.52%) [4 edit(s)] [cached] 
2024-07-26 04:39:07,610	[DEBUG]	patch(61)="ParamSetting(('lpg.params', 'param', 'static_noise'), 'True') | ParamSetting(('lpg.params', 'param', 'static_noise'), 'True') | ParamSetting(('lpg.params', 'param', 'lowmemory'), 'True') | ParamSetting(('lpg.params', 'param', 'static_noise'), 'True')"
2024-07-26 04:39:07,610	[INFO]	62      SUCCESS              +30.200000 (91.52%) [5 edit(s)] [cached] 
2024-07-26 04:39:07,610	[DEBUG]	patch(62)="ParamSetting(('lpg.params', 'param', 'static_noise'), 'True') | ParamSetting(('lpg.params', 'param', 'static_noise'), 'True') | ParamSetting(('lpg.params', 'param', 'lowmemory'), 'True') | ParamSetting(('lpg.params', 'param', 'static_noise'), 'True') | ParamSetting(('lpg.params', 'param', 'static_noise'), 'True')"
2024-07-26 04:39:07,611	[INFO]	63      SUCCESS              +30.200000 (91.52%) [4 edit(s)] [cached] 
2024-07-26 04:39:07,611	[DEBUG]	patch(63)="ParamSetting(('lpg.params', 'param', 'static_noise'), 'True') | ParamSetting(('lpg.params', 'param', 'lowmemory'), 'True') | ParamSetting(('lpg.params', 'param', 'static_noise'), 'True') | ParamSetting(('lpg.params', 'param', 'static_noise'), 'True')"
2024-07-26 04:39:37,677	[INFO]	64      TEST_TIMEOUT          None (--) [5 edit(s)]  
2024-07-26 04:39:37,677	[DEBUG]	patch(64)="ParamSetting(('lpg.params', 'param', 'static_noise'), 'True') | ParamSetting(('lpg.params', 'param', 'lowmemory'), 'True') | ParamSetting(('lpg.params', 'param', 'static_noise'), 'True') | ParamSetting(('lpg.params', 'param', 'static_noise'), 'True') | ParamSetting(('lpg.params', 'param', 'noise'), 0.7369491308035279)"
2024-07-26 04:40:15,343	[DEBUG]	EXEC>  TIMEOUT None
2024-07-26 04:40:15,343	[INFO]	65      RUN_TIMEOUT           None (--) [5 edit(s)]  
2024-07-26 04:40:15,344	[DEBUG]	patch(65)="ParamSetting(('lpg.params', 'param', 'static_noise'), 'True') | ParamSetting(('lpg.params', 'param', 'lowmemory'), 'True') | ParamSetting(('lpg.params', 'param', 'static_noise'), 'True') | ParamSetting(('lpg.params', 'param', 'static_noise'), 'True') | ParamSetting(('lpg.params', 'param', 'search_steps'), 282)"
2024-07-26 04:41:35,159	[DEBUG]	EXEC>  SUCCESS 59.6
2024-07-26 04:41:35,160	[INFO]	66      SUCCESS               59.600000 (180.61%) [5 edit(s)]  
2024-07-26 04:41:35,160	[DEBUG]	patch(66)="ParamSetting(('lpg.params', 'param', 'static_noise'), 'True') | ParamSetting(('lpg.params', 'param', 'lowmemory'), 'True') | ParamSetting(('lpg.params', 'param', 'static_noise'), 'True') | ParamSetting(('lpg.params', 'param', 'static_noise'), 'True') | ParamSetting(('lpg.params', 'param', 'restarts'), 20)"
2024-07-26 04:41:35,160	[INFO]	67      SUCCESS              +30.200000 (91.52%) [3 edit(s)] [cached] 
2024-07-26 04:41:35,160	[DEBUG]	patch(67)="ParamSetting(('lpg.params', 'param', 'static_noise'), 'True') | ParamSetting(('lpg.params', 'param', 'lowmemory'), 'True') | ParamSetting(('lpg.params', 'param', 'static_noise'), 'True')"
2024-07-26 04:41:35,161	[INFO]	68      SUCCESS              +30.200000 (91.52%) [2 edit(s)] [cached] 
2024-07-26 04:41:35,161	[DEBUG]	patch(68)="ParamSetting(('lpg.params', 'param', 'static_noise'), 'True') | ParamSetting(('lpg.params', 'param', 'lowmemory'), 'True')"
2024-07-26 04:42:38,674	[DEBUG]	EXEC>  SUCCESS 59.8
2024-07-26 04:42:38,675	[INFO]	69      SUCCESS               59.800000 (181.21%) [3 edit(s)]  
2024-07-26 04:42:38,675	[DEBUG]	patch(69)="ParamSetting(('lpg.params', 'param', 'static_noise'), 'True') | ParamSetting(('lpg.params', 'param', 'lowmemory'), 'True') | ParamSetting(('lpg.params', 'param', 'noise'), 0.0948400145699636)"
2024-07-26 04:42:38,675	[INFO]	~~~~ END ~~~~
2024-07-26 04:42:38,676	[INFO]	
2024-07-26 04:42:38,676	[INFO]	==== REPORT ====
2024-07-26 04:42:38,676	[INFO]	Termination: time budget
2024-07-26 04:42:38,676	[INFO]	Retries: 5
2024-07-26 04:42:38,676	[INFO]	Log file: /home/dbouras/magpie/_magpie_logs/lpg_1721963259.log
2024-07-26 04:42:38,676	[INFO]	Patch file: _magpie_logs/lpg_1721963259.patch
2024-07-26 04:42:38,676	[INFO]	Diff file: _magpie_logs/lpg_1721963259.diff
2024-07-26 04:42:38,676	[INFO]	Reference fitness: 33.000000
2024-07-26 04:42:38,676	[INFO]	Best fitness: 30.200000
2024-07-26 04:42:38,676	[INFO]	
2024-07-26 04:42:38,677	[INFO]	==== BEST PATCH ====
ParamSetting(('lpg.params', 'param', 'lowmemory'), 'True') | ParamSetting(('lpg.params', 'param', 'static_noise'), 'None') | ParamSetting(('lpg.params', 'param', 'static_noise'), 'True')
2024-07-26 04:42:38,677	[INFO]	
2024-07-26 04:42:38,677	[INFO]	==== DIFF ====
[1m--- before: lpg.params[0m
[1m+++ after: lpg.params[0m
[36m@@ -2,5 +2,5 @@[0m
 restarts := 9
 repeats := 5
 noise := 0.1
[31m-static_noise := 'None'[0m
[31m-lowmemory := 'None'[0m
[32m+static_noise := 'True'[0m
[32m+lowmemory := 'True'[0m

