2024-06-27 13:38:10,041	[DEBUG]	==== CONFIG ====
[magpie]
import = 
seed = 5331221690999097
log_dir = _magpie_logs
work_dir = _magpie_work
local_original_copy = True
local_original_name = __original__
output_encoding = ascii
edit_retries = 10
default_timeout = 30
default_lengthout = 1e6
diff_method = unified
trust_local_filesystem = True

[magpie.log]
color_output = True
format_info = {counter:<7} {status:<20} {best}{fitness} ({ratio}) [{size}] {cached} {log}
format_debug = patch({counter})="{patch}"{diffifbest}
format_fitness = {:.6f}
format_ratio = {:.2%%}
format_patchif = 
	 --> {patch}
format_diffif = 
	{diff}

[software]
path = examples/minisat
target_files = minisat_simplified.params
software = BasicSoftware
model_rules = 
	*.params : ParamFileConfigModel
	*.xml : SrcmlModel
	* : LineModel
model_config = 
	*.params : [paramconfig]
	*.xml : [srcml]
init_cmd = bash init.sh
init_timeout = 60
init_lengthout = -1
setup_cmd = bash compile.sh
setup_timeout = 
setup_lengthout = 
compile_cmd = 
compile_timeout = 
compile_lengthout = 
test_cmd = bash test.sh
test_timeout = 
test_lengthout = 
run_cmd = perf stat -e task-clock bash run_fixed.sh
run_timeout = 
run_lengthout = 
retries = 1
batch_timeout = 
batch_lengthout = 
batch_bin_fitness_strategy = aggregate
batch_fitness_strategy = sum
fitness = perf_task_clock

[srcml]
rename = 
	stmt: break continue decl_stmt do expr_stmt for goto if return switch while
	number: literal_number
focus = block stmt operator_comp operator_arith number
internodes = block
process_pseudo_blocks = True
process_literals = True
process_operators = True

[paramconfig]
timing = test run
cli_prefix = --
cli_glue = =
cli_boolean = show
cli_boolean_prefix_true = 
cli_boolean_prefix_false = no-
cli_none = hide
silent_prefix = @
silent_suffix = $

[search]
protocol = BasicProtocol
algorithm = FirstImprovement
possible_edits = ParamSetting
warmup = 3
warmup_strategy = last
max_steps = 1000
max_time = 1800
target_fitness = 
cache_maxsize = 100
cache_keep = 0.2
batch_instances = 
batch_shuffle = True
batch_bin_shuffle = False
batch_sample_size = 1

[search.ls]
delete_prob = 0.5
max_neighbours = 
when_trapped = continue
accept_fail = False
tabu_length = 10

[search.gp]
pop_size = 10
delete_prob = 0.5
offspring_elitism = 0.1
offspring_crossover = 0.5
offspring_mutation = 0.4
uniform_rate = 0.5
batch_reset = True

[search.minify]
do_cleanup = True
do_rebuild = True
do_simplify = True
round_robin_limit = 3


2024-06-27 13:38:10,042	[DEBUG]	
2024-06-27 13:38:10,042	[INFO]	==== SEARCH: FirstImprovement ====
2024-06-27 13:38:10,042	[INFO]	~~~~ WARMUP ~~~~
2024-06-27 13:38:28,528	[DEBUG]	EXEC>  SUCCESS 1.0
2024-06-27 13:38:28,528	[INFO]	WARM    SUCCESS               1.000000 (--) [0 edit(s)]  
2024-06-27 13:38:42,500	[DEBUG]	EXEC>  SUCCESS 10.0
2024-06-27 13:38:42,500	[INFO]	WARM    SUCCESS               10.000000 (--) [0 edit(s)]  
2024-06-27 13:38:56,589	[DEBUG]	EXEC>  SUCCESS 66.0
2024-06-27 13:38:56,589	[INFO]	WARM    SUCCESS               66.000000 (--) [0 edit(s)]  
2024-06-27 13:38:56,589	[INFO]	REF     SUCCESS               66.000000 (--) [0 edit(s)]  
2024-06-27 13:38:56,589	[INFO]	
2024-06-27 13:38:56,589	[INFO]	~~~~ START ~~~~
2024-06-27 13:39:10,633	[DEBUG]	EXEC>  SUCCESS 69.0
2024-06-27 13:39:10,633	[INFO]	1       SUCCESS               69.000000 (104.55%) [1 edit(s)]  
2024-06-27 13:39:10,633	[DEBUG]	patch(1)="ParamSetting(('minisat_simplified.params', 'param', 'verb'), '2')"
2024-06-27 13:39:20,145	[DEBUG]	EXEC>  SUCCESS 27.0
2024-06-27 13:39:20,145	[INFO]	2       SUCCESS              *27.000000 (40.91%) [1 edit(s)]  
2024-06-27 13:39:20,145	[DEBUG]	patch(2)="ParamSetting(('minisat_simplified.params', 'param', 'asymm'), 'True')"
--- before: minisat_simplified.params
+++ after: minisat_simplified.params
@@ -12,7 +12,7 @@
 pre := 'True'
 verb := '1'
 rcheck := 'False'
-asymm := 'False'
+asymm := 'True'
 elim := 'True'
 simp-gc-frac := 0.5
 sub-lim := 1000

2024-06-27 13:39:29,618	[DEBUG]	EXEC>  SUCCESS 93.0
2024-06-27 13:39:29,618	[INFO]	3       SUCCESS               93.000000 (140.91%) [2 edit(s)]  
2024-06-27 13:39:29,618	[DEBUG]	patch(3)="ParamSetting(('minisat_simplified.params', 'param', 'asymm'), 'True') | ParamSetting(('minisat_simplified.params', 'param', 'verb'), '0')"
2024-06-27 13:39:29,619	[INFO]	4       SUCCESS               66.000000 (100.00%) [0 edit(s)] [cached] 
2024-06-27 13:39:29,619	[DEBUG]	patch(4)=""
2024-06-27 13:39:41,564	[DEBUG]	EXEC>  SUCCESS 97.0
2024-06-27 13:39:41,564	[INFO]	5       SUCCESS               97.000000 (146.97%) [2 edit(s)]  
2024-06-27 13:39:41,564	[DEBUG]	patch(5)="ParamSetting(('minisat_simplified.params', 'param', 'asymm'), 'True') | ParamSetting(('minisat_simplified.params', 'param', 'elim'), 'False')"
2024-06-27 13:39:57,852	[DEBUG]	EXEC>  SUCCESS 34.0
2024-06-27 13:39:57,852	[INFO]	6       SUCCESS               34.000000 (51.52%) [2 edit(s)]  
2024-06-27 13:39:57,852	[DEBUG]	patch(6)="ParamSetting(('minisat_simplified.params', 'param', 'asymm'), 'True') | ParamSetting(('minisat_simplified.params', 'param', 'cla-decay'), 0.7051825203961672)"
2024-06-27 13:39:57,853	[INFO]	7       SUCCESS              +27.000000 (40.91%) [2 edit(s)] [cached] 
2024-06-27 13:39:57,854	[DEBUG]	patch(7)="ParamSetting(('minisat_simplified.params', 'param', 'asymm'), 'True') | ParamSetting(('minisat_simplified.params', 'param', 'rcheck'), 'False')"
2024-06-27 13:40:28,030	[INFO]	8       TEST_TIMEOUT          None (--) [3 edit(s)]  
2024-06-27 13:40:28,030	[DEBUG]	patch(8)="ParamSetting(('minisat_simplified.params', 'param', 'asymm'), 'True') | ParamSetting(('minisat_simplified.params', 'param', 'rcheck'), 'False') | ParamSetting(('minisat_simplified.params', 'param', 'grow'), 5082)"
2024-06-27 13:40:28,031	[INFO]	9       SUCCESS               66.000000 (100.00%) [1 edit(s)] [cached] 
2024-06-27 13:40:28,031	[DEBUG]	patch(9)="ParamSetting(('minisat_simplified.params', 'param', 'rcheck'), 'False')"
2024-06-27 13:40:28,032	[INFO]	10      SUCCESS              +27.000000 (40.91%) [1 edit(s)] [cached] 
2024-06-27 13:40:28,032	[DEBUG]	patch(10)="ParamSetting(('minisat_simplified.params', 'param', 'asymm'), 'True')"
2024-06-27 13:40:28,033	[INFO]	11      SUCCESS               66.000000 (100.00%) [0 edit(s)] [cached] 
2024-06-27 13:40:28,033	[DEBUG]	patch(11)=""
2024-06-27 13:40:41,206	[DEBUG]	EXEC>  SUCCESS 18.0
2024-06-27 13:40:41,206	[INFO]	12      SUCCESS              *18.000000 (27.27%) [2 edit(s)]  
2024-06-27 13:40:41,206	[DEBUG]	patch(12)="ParamSetting(('minisat_simplified.params', 'param', 'asymm'), 'True') | ParamSetting(('minisat_simplified.params', 'param', 'ccmin-mode'), 0)"
--- before: minisat_simplified.params
+++ after: minisat_simplified.params
@@ -7,12 +7,12 @@
 rnd-freq := 0.0
 rnd-seed := 91648253
 phase-saving := 2
-ccmin-mode := 2
+ccmin-mode := 0
 rfirst := 100
 pre := 'True'
 verb := '1'
 rcheck := 'False'
-asymm := 'False'
+asymm := 'True'
 elim := 'True'
 simp-gc-frac := 0.5
 sub-lim := 1000

2024-06-27 13:40:54,645	[DEBUG]	EXEC>  SUCCESS 0.0
2024-06-27 13:40:54,645	[INFO]	13      SUCCESS              *0.000000 (0.00%) [1 edit(s)]  
2024-06-27 13:40:54,645	[DEBUG]	patch(13)="ParamSetting(('minisat_simplified.params', 'param', 'ccmin-mode'), 0)"
--- before: minisat_simplified.params
+++ after: minisat_simplified.params
@@ -7,7 +7,7 @@
 rnd-freq := 0.0
 rnd-seed := 91648253
 phase-saving := 2
-ccmin-mode := 2
+ccmin-mode := 0
 rfirst := 100
 pre := 'True'
 verb := '1'

2024-06-27 13:40:54,646	[INFO]	14      SUCCESS               66.000000 (100.00%) [0 edit(s)] [cached] 
2024-06-27 13:40:54,646	[DEBUG]	patch(14)=""
2024-06-27 13:41:11,514	[DEBUG]	EXEC>  SUCCESS 44.0
2024-06-27 13:41:11,514	[INFO]	15      SUCCESS               44.000000 (66.67%) [2 edit(s)]  
2024-06-27 13:41:11,514	[DEBUG]	patch(15)="ParamSetting(('minisat_simplified.params', 'param', 'ccmin-mode'), 0) | ParamSetting(('minisat_simplified.params', 'param', 'rcheck'), 'True')"
2024-06-27 13:41:11,515	[INFO]	16      SUCCESS              +0.000000 (0.00%) [2 edit(s)] [cached] 
2024-06-27 13:41:11,515	[DEBUG]	patch(16)="ParamSetting(('minisat_simplified.params', 'param', 'ccmin-mode'), 0) | ParamSetting(('minisat_simplified.params', 'param', 'rcheck'), 'False')"
2024-06-27 13:41:11,516	[INFO]	17      SUCCESS              +0.000000 (0.00%) [1 edit(s)] [cached] 
2024-06-27 13:41:11,516	[DEBUG]	patch(17)="ParamSetting(('minisat_simplified.params', 'param', 'ccmin-mode'), 0)"
2024-06-27 13:41:11,517	[INFO]	18      SUCCESS               66.000000 (100.00%) [0 edit(s)] [cached] 
2024-06-27 13:41:11,517	[DEBUG]	patch(18)=""
2024-06-27 13:41:11,518	[INFO]	19      SUCCESS               44.000000 (66.67%) [2 edit(s)] [cached] 
2024-06-27 13:41:11,518	[DEBUG]	patch(19)="ParamSetting(('minisat_simplified.params', 'param', 'ccmin-mode'), 0) | ParamSetting(('minisat_simplified.params', 'param', 'rcheck'), 'True')"
2024-06-27 13:41:17,402	[DEBUG]	EXEC>  SUCCESS 77.0
2024-06-27 13:41:17,402	[INFO]	20      SUCCESS               77.000000 (116.67%) [2 edit(s)]  
2024-06-27 13:41:17,402	[DEBUG]	patch(20)="ParamSetting(('minisat_simplified.params', 'param', 'ccmin-mode'), 0) | ParamSetting(('minisat_simplified.params', 'param', 'rfirst'), 10138)"
2024-06-27 13:41:30,737	[DEBUG]	EXEC>  SUCCESS 72.0
2024-06-27 13:41:30,737	[INFO]	21      SUCCESS               72.000000 (109.09%) [2 edit(s)]  
2024-06-27 13:41:30,737	[DEBUG]	patch(21)="ParamSetting(('minisat_simplified.params', 'param', 'ccmin-mode'), 0) | ParamSetting(('minisat_simplified.params', 'param', 'gc-frac'), 5112.1687009243315)"
2024-06-27 13:41:40,022	[DEBUG]	EXEC>  SUCCESS 36.0
2024-06-27 13:41:40,022	[INFO]	22      SUCCESS               36.000000 (54.55%) [2 edit(s)]  
2024-06-27 13:41:40,022	[DEBUG]	patch(22)="ParamSetting(('minisat_simplified.params', 'param', 'ccmin-mode'), 0) | ParamSetting(('minisat_simplified.params', 'param', 'rfirst'), 1182)"
2024-06-27 13:41:53,355	[DEBUG]	EXEC>  SUCCESS 91.0
2024-06-27 13:41:53,356	[INFO]	23      SUCCESS               91.000000 (137.88%) [2 edit(s)]  
2024-06-27 13:41:53,356	[DEBUG]	patch(23)="ParamSetting(('minisat_simplified.params', 'param', 'ccmin-mode'), 0) | ParamSetting(('minisat_simplified.params', 'param', 'rnd-seed'), 672641091)"
2024-06-27 13:42:06,598	[DEBUG]	EXEC>  SUCCESS 31.0
2024-06-27 13:42:06,598	[INFO]	24      SUCCESS               31.000000 (46.97%) [2 edit(s)]  
2024-06-27 13:42:06,598	[DEBUG]	patch(24)="ParamSetting(('minisat_simplified.params', 'param', 'ccmin-mode'), 0) | ParamSetting(('minisat_simplified.params', 'param', 'gc-frac'), 5558.281172129178)"
2024-06-27 13:42:06,599	[INFO]	25      SUCCESS              +0.000000 (0.00%) [2 edit(s)] [cached] 
2024-06-27 13:42:06,599	[DEBUG]	patch(25)="ParamSetting(('minisat_simplified.params', 'param', 'ccmin-mode'), 0) | ParamSetting(('minisat_simplified.params', 'param', 'asymm'), 'False')"
2024-06-27 13:42:19,808	[DEBUG]	EXEC>  SUCCESS 40.0
2024-06-27 13:42:19,808	[INFO]	26      SUCCESS               40.000000 (60.61%) [3 edit(s)]  
2024-06-27 13:42:19,808	[DEBUG]	patch(26)="ParamSetting(('minisat_simplified.params', 'param', 'ccmin-mode'), 0) | ParamSetting(('minisat_simplified.params', 'param', 'asymm'), 'False') | ParamSetting(('minisat_simplified.params', 'param', 'gc-frac'), 6341.806738266774)"
2024-06-27 13:42:19,809	[INFO]	27      SUCCESS              +0.000000 (0.00%) [3 edit(s)] [cached] 
2024-06-27 13:42:19,809	[DEBUG]	patch(27)="ParamSetting(('minisat_simplified.params', 'param', 'ccmin-mode'), 0) | ParamSetting(('minisat_simplified.params', 'param', 'asymm'), 'False') | ParamSetting(('minisat_simplified.params', 'param', 'ccmin-mode'), 0)"
2024-06-27 13:42:22,773	[DEBUG]	EXEC>  SUCCESS 13.0
2024-06-27 13:42:22,773	[INFO]	28      SUCCESS               13.000000 (19.70%) [4 edit(s)]  
2024-06-27 13:42:22,773	[DEBUG]	patch(28)="ParamSetting(('minisat_simplified.params', 'param', 'ccmin-mode'), 0) | ParamSetting(('minisat_simplified.params', 'param', 'asymm'), 'False') | ParamSetting(('minisat_simplified.params', 'param', 'ccmin-mode'), 0) | ParamSetting(('minisat_simplified.params', 'param', 'rinc'), 2385.839644437341)"
2024-06-27 13:42:22,774	[INFO]	29      SUCCESS              +0.000000 (0.00%) [2 edit(s)] [cached] 
2024-06-27 13:42:22,774	[DEBUG]	patch(29)="ParamSetting(('minisat_simplified.params', 'param', 'ccmin-mode'), 0) | ParamSetting(('minisat_simplified.params', 'param', 'ccmin-mode'), 0)"
2024-06-27 13:42:22,775	[INFO]	30      SUCCESS              +0.000000 (0.00%) [1 edit(s)] [cached] 
2024-06-27 13:42:22,775	[DEBUG]	patch(30)="ParamSetting(('minisat_simplified.params', 'param', 'ccmin-mode'), 0)"
2024-06-27 13:42:54,064	[DEBUG]	EXEC>  TIMEOUT None
2024-06-27 13:42:54,064	[INFO]	31      RUN_TIMEOUT           None (--) [2 edit(s)]  
2024-06-27 13:42:54,064	[DEBUG]	patch(31)="ParamSetting(('minisat_simplified.params', 'param', 'ccmin-mode'), 0) | ParamSetting(('minisat_simplified.params', 'param', 'rnd-freq'), 0.6880052761527174)"
2024-06-27 13:42:54,065	[INFO]	32      SUCCESS               66.000000 (100.00%) [0 edit(s)] [cached] 
2024-06-27 13:42:54,065	[DEBUG]	patch(32)=""
2024-06-27 13:43:07,559	[DEBUG]	EXEC>  SUCCESS 74.0
2024-06-27 13:43:07,559	[INFO]	33      SUCCESS               74.000000 (112.12%) [2 edit(s)]  
2024-06-27 13:43:07,559	[DEBUG]	patch(33)="ParamSetting(('minisat_simplified.params', 'param', 'ccmin-mode'), 0) | ParamSetting(('minisat_simplified.params', 'param', 'sub-lim'), 64629)"
2024-06-27 13:43:20,637	[DEBUG]	EXEC>  SUCCESS 91.0
2024-06-27 13:43:20,637	[INFO]	34      SUCCESS               91.000000 (137.88%) [2 edit(s)]  
2024-06-27 13:43:20,637	[DEBUG]	patch(34)="ParamSetting(('minisat_simplified.params', 'param', 'ccmin-mode'), 0) | ParamSetting(('minisat_simplified.params', 'param', 'phase-saving'), 1)"
2024-06-27 13:43:35,726	[DEBUG]	EXEC>  SUCCESS 38.0
2024-06-27 13:43:35,726	[INFO]	35      SUCCESS               38.000000 (57.58%) [2 edit(s)]  
2024-06-27 13:43:35,726	[DEBUG]	patch(35)="ParamSetting(('minisat_simplified.params', 'param', 'ccmin-mode'), 0) | ParamSetting(('minisat_simplified.params', 'param', 'cla-decay'), 0.6091236223976976)"
2024-06-27 13:43:35,727	[INFO]	36      SUCCESS              +0.000000 (0.00%) [2 edit(s)] [cached] 
2024-06-27 13:43:35,727	[DEBUG]	patch(36)="ParamSetting(('minisat_simplified.params', 'param', 'ccmin-mode'), 0) | ParamSetting(('minisat_simplified.params', 'param', 'luby'), 'True')"
2024-06-27 13:43:49,321	[DEBUG]	EXEC>  SUCCESS 31.0
2024-06-27 13:43:49,322	[INFO]	37      SUCCESS               31.000000 (46.97%) [3 edit(s)]  
2024-06-27 13:43:49,322	[DEBUG]	patch(37)="ParamSetting(('minisat_simplified.params', 'param', 'ccmin-mode'), 0) | ParamSetting(('minisat_simplified.params', 'param', 'luby'), 'True') | ParamSetting(('minisat_simplified.params', 'param', 'rnd-seed'), 1249796266)"
2024-06-27 13:43:49,323	[INFO]	38      SUCCESS              +0.000000 (0.00%) [3 edit(s)] [cached] 
2024-06-27 13:43:49,323	[DEBUG]	patch(38)="ParamSetting(('minisat_simplified.params', 'param', 'ccmin-mode'), 0) | ParamSetting(('minisat_simplified.params', 'param', 'luby'), 'True') | ParamSetting(('minisat_simplified.params', 'param', 'rcheck'), 'False')"
2024-06-27 13:44:02,700	[DEBUG]	EXEC>  SUCCESS 35.0
2024-06-27 13:44:02,700	[INFO]	39      SUCCESS               35.000000 (53.03%) [4 edit(s)]  
2024-06-27 13:44:02,700	[DEBUG]	patch(39)="ParamSetting(('minisat_simplified.params', 'param', 'ccmin-mode'), 0) | ParamSetting(('minisat_simplified.params', 'param', 'luby'), 'True') | ParamSetting(('minisat_simplified.params', 'param', 'rcheck'), 'False') | ParamSetting(('minisat_simplified.params', 'param', 'verb'), '0')"
2024-06-27 13:44:33,529	[DEBUG]	EXEC>  TIMEOUT None
2024-06-27 13:44:33,529	[INFO]	40      RUN_TIMEOUT           None (--) [4 edit(s)]  
2024-06-27 13:44:33,529	[DEBUG]	patch(40)="ParamSetting(('minisat_simplified.params', 'param', 'ccmin-mode'), 0) | ParamSetting(('minisat_simplified.params', 'param', 'luby'), 'True') | ParamSetting(('minisat_simplified.params', 'param', 'rcheck'), 'False') | ParamSetting(('minisat_simplified.params', 'param', 'var-decay'), 0.592749523365294)"
2024-06-27 13:44:46,974	[DEBUG]	EXEC>  SUCCESS 64.0
2024-06-27 13:44:46,974	[INFO]	41      SUCCESS               64.000000 (96.97%) [4 edit(s)]  
2024-06-27 13:44:46,974	[DEBUG]	patch(41)="ParamSetting(('minisat_simplified.params', 'param', 'ccmin-mode'), 0) | ParamSetting(('minisat_simplified.params', 'param', 'luby'), 'True') | ParamSetting(('minisat_simplified.params', 'param', 'rcheck'), 'False') | ParamSetting(('minisat_simplified.params', 'param', 'cl-lim'), 7311)"
2024-06-27 13:44:46,975	[INFO]	42      SUCCESS              +0.000000 (0.00%) [2 edit(s)] [cached] 
2024-06-27 13:44:46,975	[DEBUG]	patch(42)="ParamSetting(('minisat_simplified.params', 'param', 'ccmin-mode'), 0) | ParamSetting(('minisat_simplified.params', 'param', 'luby'), 'True')"
2024-06-27 13:44:46,976	[INFO]	43      SUCCESS              +0.000000 (0.00%) [3 edit(s)] [cached] 
2024-06-27 13:44:46,976	[DEBUG]	patch(43)="ParamSetting(('minisat_simplified.params', 'param', 'ccmin-mode'), 0) | ParamSetting(('minisat_simplified.params', 'param', 'luby'), 'True') | ParamSetting(('minisat_simplified.params', 'param', 'luby'), 'True')"
2024-06-27 13:44:46,977	[INFO]	44      SUCCESS              +0.000000 (0.00%) [2 edit(s)] [cached] 
2024-06-27 13:44:46,977	[DEBUG]	patch(44)="ParamSetting(('minisat_simplified.params', 'param', 'ccmin-mode'), 0) | ParamSetting(('minisat_simplified.params', 'param', 'luby'), 'True')"
2024-06-27 13:45:17,995	[DEBUG]	EXEC>  TIMEOUT None
2024-06-27 13:45:17,995	[INFO]	45      RUN_TIMEOUT           None (--) [3 edit(s)]  
2024-06-27 13:45:17,995	[DEBUG]	patch(45)="ParamSetting(('minisat_simplified.params', 'param', 'ccmin-mode'), 0) | ParamSetting(('minisat_simplified.params', 'param', 'luby'), 'True') | ParamSetting(('minisat_simplified.params', 'param', 'var-decay'), 0.4054385538432317)"
2024-06-27 13:45:17,996	[INFO]	46      SUCCESS              +0.000000 (0.00%) [1 edit(s)] [cached] 
2024-06-27 13:45:17,997	[DEBUG]	patch(46)="ParamSetting(('minisat_simplified.params', 'param', 'ccmin-mode'), 0)"
2024-06-27 13:45:35,677	[DEBUG]	EXEC>  SUCCESS 22.0
2024-06-27 13:45:35,677	[INFO]	47      SUCCESS               22.000000 (33.33%) [2 edit(s)]  
2024-06-27 13:45:35,677	[DEBUG]	patch(47)="ParamSetting(('minisat_simplified.params', 'param', 'ccmin-mode'), 0) | ParamSetting(('minisat_simplified.params', 'param', 'cla-decay'), 0.2967520604009566)"
2024-06-27 13:45:35,678	[INFO]	48      SUCCESS               66.000000 (100.00%) [0 edit(s)] [cached] 
2024-06-27 13:45:35,678	[DEBUG]	patch(48)=""
2024-06-27 13:45:35,679	[INFO]	49      SUCCESS              +0.000000 (0.00%) [2 edit(s)] [cached] 
2024-06-27 13:45:35,679	[DEBUG]	patch(49)="ParamSetting(('minisat_simplified.params', 'param', 'ccmin-mode'), 0) | ParamSetting(('minisat_simplified.params', 'param', 'ccmin-mode'), 0)"
2024-06-27 13:45:35,680	[INFO]	50      SUCCESS              +0.000000 (0.00%) [1 edit(s)] [cached] 
2024-06-27 13:45:35,680	[DEBUG]	patch(50)="ParamSetting(('minisat_simplified.params', 'param', 'ccmin-mode'), 0)"
2024-06-27 13:45:35,681	[INFO]	51      SUCCESS              +0.000000 (0.00%) [2 edit(s)] [cached] 
2024-06-27 13:45:35,681	[DEBUG]	patch(51)="ParamSetting(('minisat_simplified.params', 'param', 'ccmin-mode'), 0) | ParamSetting(('minisat_simplified.params', 'param', 'asymm'), 'False')"
2024-06-27 13:45:35,682	[INFO]	52      SUCCESS               35.000000 (53.03%) [3 edit(s)] [cached] 
2024-06-27 13:45:35,682	[DEBUG]	patch(52)="ParamSetting(('minisat_simplified.params', 'param', 'ccmin-mode'), 0) | ParamSetting(('minisat_simplified.params', 'param', 'asymm'), 'False') | ParamSetting(('minisat_simplified.params', 'param', 'verb'), '0')"
2024-06-27 13:45:35,682	[INFO]	53      SUCCESS               66.000000 (100.00%) [1 edit(s)] [cached] 
2024-06-27 13:45:35,682	[DEBUG]	patch(53)="ParamSetting(('minisat_simplified.params', 'param', 'asymm'), 'False')"
2024-06-27 13:45:35,683	[INFO]	54      SUCCESS              +0.000000 (0.00%) [1 edit(s)] [cached] 
2024-06-27 13:45:35,683	[DEBUG]	patch(54)="ParamSetting(('minisat_simplified.params', 'param', 'ccmin-mode'), 0)"
2024-06-27 13:45:53,279	[DEBUG]	EXEC>  SUCCESS 3.0
2024-06-27 13:45:53,279	[INFO]	55      SUCCESS               3.000000 (4.55%) [2 edit(s)]  
2024-06-27 13:45:53,280	[DEBUG]	patch(55)="ParamSetting(('minisat_simplified.params', 'param', 'ccmin-mode'), 0) | ParamSetting(('minisat_simplified.params', 'param', 'phase-saving'), 0)"
2024-06-27 13:45:53,280	[INFO]	56      SUCCESS              +0.000000 (0.00%) [2 edit(s)] [cached] 
2024-06-27 13:45:53,281	[DEBUG]	patch(56)="ParamSetting(('minisat_simplified.params', 'param', 'ccmin-mode'), 0) | ParamSetting(('minisat_simplified.params', 'param', 'asymm'), 'False')"
2024-06-27 13:45:57,162	[DEBUG]	EXEC>  SUCCESS 2.0
2024-06-27 13:45:57,162	[INFO]	57      SUCCESS               2.000000 (3.03%) [3 edit(s)]  
2024-06-27 13:45:57,162	[DEBUG]	patch(57)="ParamSetting(('minisat_simplified.params', 'param', 'ccmin-mode'), 0) | ParamSetting(('minisat_simplified.params', 'param', 'asymm'), 'False') | ParamSetting(('minisat_simplified.params', 'param', 'luby'), 'False')"
2024-06-27 13:46:00,073	[DEBUG]	EXEC>  SUCCESS 72.0
2024-06-27 13:46:00,073	[INFO]	58      SUCCESS               72.000000 (109.09%) [3 edit(s)]  
2024-06-27 13:46:00,073	[DEBUG]	patch(58)="ParamSetting(('minisat_simplified.params', 'param', 'ccmin-mode'), 0) | ParamSetting(('minisat_simplified.params', 'param', 'asymm'), 'False') | ParamSetting(('minisat_simplified.params', 'param', 'rinc'), 13207.189318065964)"
2024-06-27 13:46:13,347	[DEBUG]	EXEC>  SUCCESS 9.0
2024-06-27 13:46:13,347	[INFO]	59      SUCCESS               9.000000 (13.64%) [3 edit(s)]  
2024-06-27 13:46:13,348	[DEBUG]	patch(59)="ParamSetting(('minisat_simplified.params', 'param', 'ccmin-mode'), 0) | ParamSetting(('minisat_simplified.params', 'param', 'asymm'), 'False') | ParamSetting(('minisat_simplified.params', 'param', 'gc-frac'), 10033.600015150672)"
2024-06-27 13:46:13,349	[INFO]	60      SUCCESS              +0.000000 (0.00%) [1 edit(s)] [cached] 
2024-06-27 13:46:13,349	[DEBUG]	patch(60)="ParamSetting(('minisat_simplified.params', 'param', 'ccmin-mode'), 0)"
2024-06-27 13:46:13,349	[INFO]	61      SUCCESS               66.000000 (100.00%) [0 edit(s)] [cached] 
2024-06-27 13:46:13,349	[DEBUG]	patch(61)=""
2024-06-27 13:46:13,350	[INFO]	62      SUCCESS              +0.000000 (0.00%) [2 edit(s)] [cached] 
2024-06-27 13:46:13,350	[DEBUG]	patch(62)="ParamSetting(('minisat_simplified.params', 'param', 'ccmin-mode'), 0) | ParamSetting(('minisat_simplified.params', 'param', 'elim'), 'True')"
2024-06-27 13:46:29,705	[DEBUG]	EXEC>  SUCCESS 54.0
2024-06-27 13:46:29,705	[INFO]	63      SUCCESS               54.000000 (81.82%) [3 edit(s)]  
2024-06-27 13:46:29,705	[DEBUG]	patch(63)="ParamSetting(('minisat_simplified.params', 'param', 'ccmin-mode'), 0) | ParamSetting(('minisat_simplified.params', 'param', 'elim'), 'True') | ParamSetting(('minisat_simplified.params', 'param', 'grow'), -3827)"
2024-06-27 13:46:29,706	[INFO]	64      SUCCESS              +0.000000 (0.00%) [1 edit(s)] [cached] 
2024-06-27 13:46:29,706	[DEBUG]	patch(64)="ParamSetting(('minisat_simplified.params', 'param', 'ccmin-mode'), 0)"
2024-06-27 13:47:00,921	[DEBUG]	EXEC>  TIMEOUT None
2024-06-27 13:47:00,921	[INFO]	65      RUN_TIMEOUT           None (--) [2 edit(s)]  
2024-06-27 13:47:00,922	[DEBUG]	patch(65)="ParamSetting(('minisat_simplified.params', 'param', 'ccmin-mode'), 0) | ParamSetting(('minisat_simplified.params', 'param', 'var-decay'), 0.2932084971310558)"
2024-06-27 13:47:14,470	[DEBUG]	EXEC>  SUCCESS 6.0
2024-06-27 13:47:14,470	[INFO]	66      SUCCESS               6.000000 (9.09%) [2 edit(s)]  
2024-06-27 13:47:14,470	[DEBUG]	patch(66)="ParamSetting(('minisat_simplified.params', 'param', 'ccmin-mode'), 0) | ParamSetting(('minisat_simplified.params', 'param', 'simp-gc-frac'), 270226210.9956928)"
2024-06-27 13:47:14,471	[INFO]	67      SUCCESS               44.000000 (66.67%) [2 edit(s)] [cached] 
2024-06-27 13:47:14,471	[DEBUG]	patch(67)="ParamSetting(('minisat_simplified.params', 'param', 'ccmin-mode'), 0) | ParamSetting(('minisat_simplified.params', 'param', 'rcheck'), 'True')"
2024-06-27 13:47:14,472	[INFO]	68      SUCCESS               66.000000 (100.00%) [0 edit(s)] [cached] 
2024-06-27 13:47:14,472	[DEBUG]	patch(68)=""
2024-06-27 13:47:27,902	[DEBUG]	EXEC>  SUCCESS 35.0
2024-06-27 13:47:27,903	[INFO]	69      SUCCESS               35.000000 (53.03%) [2 edit(s)]  
2024-06-27 13:47:27,903	[DEBUG]	patch(69)="ParamSetting(('minisat_simplified.params', 'param', 'ccmin-mode'), 0) | ParamSetting(('minisat_simplified.params', 'param', 'cl-lim'), 5803)"
2024-06-27 13:47:37,772	[DEBUG]	EXEC>  SUCCESS 86.0
2024-06-27 13:47:37,773	[INFO]	70      SUCCESS               86.000000 (130.30%) [2 edit(s)]  
2024-06-27 13:47:37,773	[DEBUG]	patch(70)="ParamSetting(('minisat_simplified.params', 'param', 'ccmin-mode'), 0) | ParamSetting(('minisat_simplified.params', 'param', 'ccmin-mode'), 1)"
2024-06-27 13:47:40,707	[DEBUG]	EXEC>  SUCCESS 3.0
2024-06-27 13:47:40,707	[INFO]	71      SUCCESS               3.000000 (4.55%) [2 edit(s)]  
2024-06-27 13:47:40,707	[DEBUG]	patch(71)="ParamSetting(('minisat_simplified.params', 'param', 'ccmin-mode'), 0) | ParamSetting(('minisat_simplified.params', 'param', 'rinc'), 12189.314108280027)"
2024-06-27 13:47:56,549	[DEBUG]	EXEC>  SUCCESS 15.0
2024-06-27 13:47:56,549	[INFO]	72      SUCCESS               15.000000 (22.73%) [2 edit(s)]  
2024-06-27 13:47:56,549	[DEBUG]	patch(72)="ParamSetting(('minisat_simplified.params', 'param', 'ccmin-mode'), 0) | ParamSetting(('minisat_simplified.params', 'param', 'pre'), 'False')"
2024-06-27 13:47:56,550	[INFO]	73      SUCCESS               91.000000 (137.88%) [2 edit(s)] [cached] 
2024-06-27 13:47:56,550	[DEBUG]	patch(73)="ParamSetting(('minisat_simplified.params', 'param', 'ccmin-mode'), 0) | ParamSetting(('minisat_simplified.params', 'param', 'phase-saving'), 1)"
2024-06-27 13:47:56,551	[INFO]	74      SUCCESS              +0.000000 (0.00%) [2 edit(s)] [cached] 
2024-06-27 13:47:56,551	[DEBUG]	patch(74)="ParamSetting(('minisat_simplified.params', 'param', 'ccmin-mode'), 0) | ParamSetting(('minisat_simplified.params', 'param', 'phase-saving'), 2)"
2024-06-27 13:47:56,552	[INFO]	75      SUCCESS              +0.000000 (0.00%) [1 edit(s)] [cached] 
2024-06-27 13:47:56,552	[DEBUG]	patch(75)="ParamSetting(('minisat_simplified.params', 'param', 'ccmin-mode'), 0)"
2024-06-27 13:47:56,553	[INFO]	76      SUCCESS               66.000000 (100.00%) [0 edit(s)] [cached] 
2024-06-27 13:47:56,553	[DEBUG]	patch(76)=""
2024-06-27 13:47:56,554	[INFO]	77      SUCCESS               18.000000 (27.27%) [2 edit(s)] [cached] 
2024-06-27 13:47:56,554	[DEBUG]	patch(77)="ParamSetting(('minisat_simplified.params', 'param', 'ccmin-mode'), 0) | ParamSetting(('minisat_simplified.params', 'param', 'asymm'), 'True')"
2024-06-27 13:48:09,901	[DEBUG]	EXEC>  SUCCESS 90.0
2024-06-27 13:48:09,901	[INFO]	78      SUCCESS               90.000000 (136.36%) [2 edit(s)]  
2024-06-27 13:48:09,901	[DEBUG]	patch(78)="ParamSetting(('minisat_simplified.params', 'param', 'ccmin-mode'), 0) | ParamSetting(('minisat_simplified.params', 'param', 'sub-lim'), 4096)"
2024-06-27 13:48:40,686	[DEBUG]	EXEC>  TIMEOUT None
2024-06-27 13:48:40,687	[INFO]	79      RUN_TIMEOUT           None (--) [2 edit(s)]  
2024-06-27 13:48:40,687	[DEBUG]	patch(79)="ParamSetting(('minisat_simplified.params', 'param', 'ccmin-mode'), 0) | ParamSetting(('minisat_simplified.params', 'param', 'var-decay'), 0.7521896570979482)"
2024-06-27 13:48:54,028	[DEBUG]	EXEC>  SUCCESS 5.0
2024-06-27 13:48:54,028	[INFO]	80      SUCCESS               5.000000 (7.58%) [2 edit(s)]  
2024-06-27 13:48:54,028	[DEBUG]	patch(80)="ParamSetting(('minisat_simplified.params', 'param', 'ccmin-mode'), 0) | ParamSetting(('minisat_simplified.params', 'param', 'gc-frac'), 20786.49115017652)"
2024-06-27 13:49:07,553	[DEBUG]	EXEC>  SUCCESS 69.0
2024-06-27 13:49:07,553	[INFO]	81      SUCCESS               69.000000 (104.55%) [2 edit(s)]  
2024-06-27 13:49:07,553	[DEBUG]	patch(81)="ParamSetting(('minisat_simplified.params', 'param', 'ccmin-mode'), 0) | ParamSetting(('minisat_simplified.params', 'param', 'rnd-seed'), 1137314457)"
2024-06-27 13:49:40,485	[DEBUG]	EXEC>  TIMEOUT None
2024-06-27 13:49:40,485	[INFO]	82      RUN_TIMEOUT           None (--) [2 edit(s)]  
2024-06-27 13:49:40,485	[DEBUG]	patch(82)="ParamSetting(('minisat_simplified.params', 'param', 'ccmin-mode'), 0) | ParamSetting(('minisat_simplified.params', 'param', 'grow'), 5560)"
2024-06-27 13:49:54,067	[DEBUG]	EXEC>  SUCCESS 57.0
2024-06-27 13:49:54,067	[INFO]	83      SUCCESS               57.000000 (86.36%) [2 edit(s)]  
2024-06-27 13:49:54,067	[DEBUG]	patch(83)="ParamSetting(('minisat_simplified.params', 'param', 'ccmin-mode'), 0) | ParamSetting(('minisat_simplified.params', 'param', 'simp-gc-frac'), 259084003.37918442)"
2024-06-27 13:49:54,068	[INFO]	84      SUCCESS              +0.000000 (0.00%) [2 edit(s)] [cached] 
2024-06-27 13:49:54,068	[DEBUG]	patch(84)="ParamSetting(('minisat_simplified.params', 'param', 'ccmin-mode'), 0) | ParamSetting(('minisat_simplified.params', 'param', 'luby'), 'True')"
2024-06-27 13:49:54,069	[INFO]	85      SUCCESS               66.000000 (100.00%) [1 edit(s)] [cached] 
2024-06-27 13:49:54,069	[DEBUG]	patch(85)="ParamSetting(('minisat_simplified.params', 'param', 'luby'), 'True')"
2024-06-27 13:50:24,788	[DEBUG]	EXEC>  TIMEOUT None
2024-06-27 13:50:24,789	[INFO]	86      RUN_TIMEOUT           None (--) [3 edit(s)]  
2024-06-27 13:50:24,789	[DEBUG]	patch(86)="ParamSetting(('minisat_simplified.params', 'param', 'ccmin-mode'), 0) | ParamSetting(('minisat_simplified.params', 'param', 'luby'), 'True') | ParamSetting(('minisat_simplified.params', 'param', 'var-decay'), 0.3258683274609713)"
2024-06-27 13:50:38,438	[DEBUG]	EXEC>  SUCCESS 53.0
2024-06-27 13:50:38,439	[INFO]	87      SUCCESS               53.000000 (80.30%) [3 edit(s)]  
2024-06-27 13:50:38,439	[DEBUG]	patch(87)="ParamSetting(('minisat_simplified.params', 'param', 'ccmin-mode'), 0) | ParamSetting(('minisat_simplified.params', 'param', 'luby'), 'True') | ParamSetting(('minisat_simplified.params', 'param', 'rnd-seed'), 1083327526)"
2024-06-27 13:50:41,372	[DEBUG]	EXEC>  SUCCESS 25.0
2024-06-27 13:50:41,372	[INFO]	88      SUCCESS               25.000000 (37.88%) [3 edit(s)]  
2024-06-27 13:50:41,372	[DEBUG]	patch(88)="ParamSetting(('minisat_simplified.params', 'param', 'ccmin-mode'), 0) | ParamSetting(('minisat_simplified.params', 'param', 'luby'), 'True') | ParamSetting(('minisat_simplified.params', 'param', 'rinc'), 6681.748173584164)"
2024-06-27 13:50:54,756	[DEBUG]	EXEC>  SUCCESS 90.0
2024-06-27 13:50:54,756	[INFO]	89      SUCCESS               90.000000 (136.36%) [3 edit(s)]  
2024-06-27 13:50:54,756	[DEBUG]	patch(89)="ParamSetting(('minisat_simplified.params', 'param', 'ccmin-mode'), 0) | ParamSetting(('minisat_simplified.params', 'param', 'luby'), 'True') | ParamSetting(('minisat_simplified.params', 'param', 'cl-lim'), 11649)"
2024-06-27 13:50:54,757	[INFO]	90      SUCCESS               2.000000 (3.03%) [3 edit(s)] [cached] 
2024-06-27 13:50:54,757	[DEBUG]	patch(90)="ParamSetting(('minisat_simplified.params', 'param', 'ccmin-mode'), 0) | ParamSetting(('minisat_simplified.params', 'param', 'luby'), 'True') | ParamSetting(('minisat_simplified.params', 'param', 'luby'), 'False')"
2024-06-27 13:51:04,895	[DEBUG]	EXEC>  SUCCESS 39.0
2024-06-27 13:51:04,895	[INFO]	91      SUCCESS               39.000000 (59.09%) [3 edit(s)]  
2024-06-27 13:51:04,896	[DEBUG]	patch(91)="ParamSetting(('minisat_simplified.params', 'param', 'ccmin-mode'), 0) | ParamSetting(('minisat_simplified.params', 'param', 'luby'), 'True') | ParamSetting(('minisat_simplified.params', 'param', 'rfirst'), 1043)"
2024-06-27 13:51:04,897	[INFO]	92      SUCCESS               35.000000 (53.03%) [3 edit(s)] [cached] 
2024-06-27 13:51:04,897	[DEBUG]	patch(92)="ParamSetting(('minisat_simplified.params', 'param', 'ccmin-mode'), 0) | ParamSetting(('minisat_simplified.params', 'param', 'luby'), 'True') | ParamSetting(('minisat_simplified.params', 'param', 'verb'), '0')"
2024-06-27 13:51:04,897	[INFO]	93      SUCCESS              +0.000000 (0.00%) [1 edit(s)] [cached] 
2024-06-27 13:51:04,897	[DEBUG]	patch(93)="ParamSetting(('minisat_simplified.params', 'param', 'ccmin-mode'), 0)"
2024-06-27 13:51:04,898	[INFO]	94      SUCCESS               66.000000 (100.00%) [0 edit(s)] [cached] 
2024-06-27 13:51:04,898	[DEBUG]	patch(94)=""
2024-06-27 13:51:04,899	[INFO]	95      SUCCESS               18.000000 (27.27%) [2 edit(s)] [cached] 
2024-06-27 13:51:04,899	[DEBUG]	patch(95)="ParamSetting(('minisat_simplified.params', 'param', 'ccmin-mode'), 0) | ParamSetting(('minisat_simplified.params', 'param', 'asymm'), 'True')"
2024-06-27 13:51:08,083	[DEBUG]	EXEC>  SUCCESS 63.0
2024-06-27 13:51:08,083	[INFO]	96      SUCCESS               63.000000 (95.45%) [2 edit(s)]  
2024-06-27 13:51:08,083	[DEBUG]	patch(96)="ParamSetting(('minisat_simplified.params', 'param', 'ccmin-mode'), 0) | ParamSetting(('minisat_simplified.params', 'param', 'rinc'), 512.0040178011714)"
2024-06-27 13:51:15,200	[DEBUG]	EXEC>  SUCCESS 23.0
2024-06-27 13:51:15,200	[INFO]	97      SUCCESS               23.000000 (34.85%) [2 edit(s)]  
2024-06-27 13:51:15,200	[DEBUG]	patch(97)="ParamSetting(('minisat_simplified.params', 'param', 'ccmin-mode'), 0) | ParamSetting(('minisat_simplified.params', 'param', 'rfirst'), 3451)"
2024-06-27 13:51:46,583	[DEBUG]	EXEC>  TIMEOUT None
2024-06-27 13:51:46,583	[INFO]	98      RUN_TIMEOUT           None (--) [2 edit(s)]  
2024-06-27 13:51:46,583	[DEBUG]	patch(98)="ParamSetting(('minisat_simplified.params', 'param', 'ccmin-mode'), 0) | ParamSetting(('minisat_simplified.params', 'param', 'rnd-freq'), 0.5909831467910678)"
2024-06-27 13:51:46,584	[INFO]	99      SUCCESS              +0.000000 (0.00%) [2 edit(s)] [cached] 
2024-06-27 13:51:46,584	[DEBUG]	patch(99)="ParamSetting(('minisat_simplified.params', 'param', 'ccmin-mode'), 0) | ParamSetting(('minisat_simplified.params', 'param', 'verb'), '1')"
2024-06-27 13:51:46,585	[INFO]	100     SUCCESS              +0.000000 (0.00%) [1 edit(s)] [cached] 
2024-06-27 13:51:46,585	[DEBUG]	patch(100)="ParamSetting(('minisat_simplified.params', 'param', 'ccmin-mode'), 0)"
2024-06-27 13:51:46,585	[INFO]	101     SUCCESS              +0.000000 (0.00%) [2 edit(s)] [cached] 
2024-06-27 13:51:46,586	[DEBUG]	patch(101)="ParamSetting(('minisat_simplified.params', 'param', 'ccmin-mode'), 0) | ParamSetting(('minisat_simplified.params', 'param', 'rnd-init'), 'False')"
2024-06-27 13:51:46,586	[INFO]	102     SUCCESS               66.000000 (100.00%) [1 edit(s)] [cached] 
2024-06-27 13:51:46,586	[DEBUG]	patch(102)="ParamSetting(('minisat_simplified.params', 'param', 'rnd-init'), 'False')"
2024-06-27 13:51:46,587	[INFO]	103     SUCCESS              +0.000000 (0.00%) [1 edit(s)] [cached] 
2024-06-27 13:51:46,587	[DEBUG]	patch(103)="ParamSetting(('minisat_simplified.params', 'param', 'ccmin-mode'), 0)"
2024-06-27 13:51:46,588	[INFO]	104     SUCCESS               66.000000 (100.00%) [0 edit(s)] [cached] 
2024-06-27 13:51:46,588	[DEBUG]	patch(104)=""
2024-06-27 13:51:59,991	[DEBUG]	EXEC>  SUCCESS 82.0
2024-06-27 13:51:59,991	[INFO]	105     SUCCESS               82.000000 (124.24%) [2 edit(s)]  
2024-06-27 13:51:59,991	[DEBUG]	patch(105)="ParamSetting(('minisat_simplified.params', 'param', 'ccmin-mode'), 0) | ParamSetting(('minisat_simplified.params', 'param', 'sub-lim'), 17004)"
2024-06-27 13:51:59,992	[INFO]	106     SUCCESS               91.000000 (137.88%) [2 edit(s)] [cached] 
2024-06-27 13:51:59,992	[DEBUG]	patch(106)="ParamSetting(('minisat_simplified.params', 'param', 'ccmin-mode'), 0) | ParamSetting(('minisat_simplified.params', 'param', 'phase-saving'), 1)"
2024-06-27 13:52:18,701	[DEBUG]	EXEC>  SUCCESS 4.0
2024-06-27 13:52:18,702	[INFO]	107     SUCCESS               4.000000 (6.06%) [2 edit(s)]  
2024-06-27 13:52:18,702	[DEBUG]	patch(107)="ParamSetting(('minisat_simplified.params', 'param', 'ccmin-mode'), 0) | ParamSetting(('minisat_simplified.params', 'param', 'cla-decay'), 0.9199745638015946)"
2024-06-27 13:52:38,618	[DEBUG]	EXEC>  SUCCESS 69.0
2024-06-27 13:52:38,618	[INFO]	108     SUCCESS               69.000000 (104.55%) [2 edit(s)]  
2024-06-27 13:52:38,619	[DEBUG]	patch(108)="ParamSetting(('minisat_simplified.params', 'param', 'ccmin-mode'), 0) | ParamSetting(('minisat_simplified.params', 'param', 'var-decay'), 0.8707365626925098)"
2024-06-27 13:52:38,620	[INFO]	109     SUCCESS              +0.000000 (0.00%) [2 edit(s)] [cached] 
2024-06-27 13:52:38,620	[DEBUG]	patch(109)="ParamSetting(('minisat_simplified.params', 'param', 'ccmin-mode'), 0) | ParamSetting(('minisat_simplified.params', 'param', 'verb'), '1')"
2024-06-27 13:52:52,013	[DEBUG]	EXEC>  SUCCESS 85.0
2024-06-27 13:52:52,014	[INFO]	110     SUCCESS               85.000000 (128.79%) [3 edit(s)]  
2024-06-27 13:52:52,014	[DEBUG]	patch(110)="ParamSetting(('minisat_simplified.params', 'param', 'ccmin-mode'), 0) | ParamSetting(('minisat_simplified.params', 'param', 'verb'), '1') | ParamSetting(('minisat_simplified.params', 'param', 'simp-gc-frac'), 135589330.87587008)"
2024-06-27 13:53:07,597	[DEBUG]	EXEC>  SUCCESS 90.0
2024-06-27 13:53:07,597	[INFO]	111     SUCCESS               90.000000 (136.36%) [3 edit(s)]  
2024-06-27 13:53:07,598	[DEBUG]	patch(111)="ParamSetting(('minisat_simplified.params', 'param', 'ccmin-mode'), 0) | ParamSetting(('minisat_simplified.params', 'param', 'verb'), '1') | ParamSetting(('minisat_simplified.params', 'param', 'var-decay'), 0.9194489117905579)"
2024-06-27 13:53:07,598	[INFO]	112     SUCCESS               66.000000 (100.00%) [1 edit(s)] [cached] 
2024-06-27 13:53:07,599	[DEBUG]	patch(112)="ParamSetting(('minisat_simplified.params', 'param', 'verb'), '1')"
2024-06-27 13:53:07,599	[INFO]	113     SUCCESS              +0.000000 (0.00%) [1 edit(s)] [cached] 
2024-06-27 13:53:07,599	[DEBUG]	patch(113)="ParamSetting(('minisat_simplified.params', 'param', 'ccmin-mode'), 0)"
2024-06-27 13:53:07,600	[INFO]	114     SUCCESS               66.000000 (100.00%) [0 edit(s)] [cached] 
2024-06-27 13:53:07,600	[DEBUG]	patch(114)=""
2024-06-27 13:53:13,882	[DEBUG]	EXEC>  SUCCESS 43.0
2024-06-27 13:53:13,882	[INFO]	115     SUCCESS               43.000000 (65.15%) [2 edit(s)]  
2024-06-27 13:53:13,883	[DEBUG]	patch(115)="ParamSetting(('minisat_simplified.params', 'param', 'ccmin-mode'), 0) | ParamSetting(('minisat_simplified.params', 'param', 'rfirst'), 9121)"
2024-06-27 13:53:27,313	[DEBUG]	EXEC>  SUCCESS 88.0
2024-06-27 13:53:27,313	[INFO]	116     SUCCESS               88.000000 (133.33%) [2 edit(s)]  
2024-06-27 13:53:27,313	[DEBUG]	patch(116)="ParamSetting(('minisat_simplified.params', 'param', 'ccmin-mode'), 0) | ParamSetting(('minisat_simplified.params', 'param', 'simp-gc-frac'), 114501737.21910372)"
2024-06-27 13:53:27,314	[INFO]	117     SUCCESS              +0.000000 (0.00%) [2 edit(s)] [cached] 
2024-06-27 13:53:27,315	[DEBUG]	patch(117)="ParamSetting(('minisat_simplified.params', 'param', 'ccmin-mode'), 0) | ParamSetting(('minisat_simplified.params', 'param', 'pre'), 'True')"
2024-06-27 13:53:27,315	[INFO]	118     SUCCESS               66.000000 (100.00%) [1 edit(s)] [cached] 
2024-06-27 13:53:27,315	[DEBUG]	patch(118)="ParamSetting(('minisat_simplified.params', 'param', 'pre'), 'True')"
2024-06-27 13:53:27,316	[INFO]	119     SUCCESS               44.000000 (66.67%) [3 edit(s)] [cached] 
2024-06-27 13:53:27,316	[DEBUG]	patch(119)="ParamSetting(('minisat_simplified.params', 'param', 'ccmin-mode'), 0) | ParamSetting(('minisat_simplified.params', 'param', 'pre'), 'True') | ParamSetting(('minisat_simplified.params', 'param', 'rcheck'), 'True')"
2024-06-27 13:53:27,317	[INFO]	120     SUCCESS              +0.000000 (0.00%) [1 edit(s)] [cached] 
2024-06-27 13:53:27,317	[DEBUG]	patch(120)="ParamSetting(('minisat_simplified.params', 'param', 'ccmin-mode'), 0)"
2024-06-27 13:53:27,318	[INFO]	121     SUCCESS               66.000000 (100.00%) [0 edit(s)] [cached] 
2024-06-27 13:53:27,318	[DEBUG]	patch(121)=""
2024-06-27 13:53:43,627	[DEBUG]	EXEC>  SUCCESS 67.0
2024-06-27 13:53:43,627	[INFO]	122     SUCCESS               67.000000 (101.52%) [2 edit(s)]  
2024-06-27 13:53:43,627	[DEBUG]	patch(122)="ParamSetting(('minisat_simplified.params', 'param', 'ccmin-mode'), 0) | ParamSetting(('minisat_simplified.params', 'param', 'grow'), -2450)"
2024-06-27 13:53:43,628	[INFO]	123     SUCCESS              +0.000000 (0.00%) [2 edit(s)] [cached] 
2024-06-27 13:53:43,628	[DEBUG]	patch(123)="ParamSetting(('minisat_simplified.params', 'param', 'ccmin-mode'), 0) | ParamSetting(('minisat_simplified.params', 'param', 'asymm'), 'False')"
2024-06-27 13:54:09,780	[DEBUG]	EXEC>  SUCCESS 24.0
2024-06-27 13:54:09,780	[INFO]	124     SUCCESS               24.000000 (36.36%) [3 edit(s)]  
2024-06-27 13:54:09,780	[DEBUG]	patch(124)="ParamSetting(('minisat_simplified.params', 'param', 'ccmin-mode'), 0) | ParamSetting(('minisat_simplified.params', 'param', 'asymm'), 'False') | ParamSetting(('minisat_simplified.params', 'param', 'grow'), 1476)"
2024-06-27 13:54:09,781	[INFO]	125     SUCCESS               66.000000 (100.00%) [1 edit(s)] [cached] 
2024-06-27 13:54:09,781	[DEBUG]	patch(125)="ParamSetting(('minisat_simplified.params', 'param', 'asymm'), 'False')"
2024-06-27 13:54:09,782	[INFO]	126     SUCCESS               3.000000 (4.55%) [3 edit(s)] [cached] 
2024-06-27 13:54:09,782	[DEBUG]	patch(126)="ParamSetting(('minisat_simplified.params', 'param', 'ccmin-mode'), 0) | ParamSetting(('minisat_simplified.params', 'param', 'asymm'), 'False') | ParamSetting(('minisat_simplified.params', 'param', 'phase-saving'), 0)"
2024-06-27 13:54:09,783	[INFO]	127     SUCCESS              +0.000000 (0.00%) [1 edit(s)] [cached] 
2024-06-27 13:54:09,783	[DEBUG]	patch(127)="ParamSetting(('minisat_simplified.params', 'param', 'ccmin-mode'), 0)"
2024-06-27 13:54:09,783	[INFO]	128     SUCCESS               66.000000 (100.00%) [0 edit(s)] [cached] 
2024-06-27 13:54:09,783	[DEBUG]	patch(128)=""
2024-06-27 13:54:23,178	[DEBUG]	EXEC>  SUCCESS 17.0
2024-06-27 13:54:23,178	[INFO]	129     SUCCESS               17.000000 (25.76%) [2 edit(s)]  
2024-06-27 13:54:23,178	[DEBUG]	patch(129)="ParamSetting(('minisat_simplified.params', 'param', 'ccmin-mode'), 0) | ParamSetting(('minisat_simplified.params', 'param', 'verb'), '2')"
2024-06-27 13:54:56,672	[DEBUG]	EXEC>  TIMEOUT None
2024-06-27 13:54:56,672	[INFO]	130     RUN_TIMEOUT           None (--) [2 edit(s)]  
2024-06-27 13:54:56,672	[DEBUG]	patch(130)="ParamSetting(('minisat_simplified.params', 'param', 'ccmin-mode'), 0) | ParamSetting(('minisat_simplified.params', 'param', 'rnd-freq'), 0.8241372532125485)"
2024-06-27 13:54:59,578	[DEBUG]	EXEC>  SUCCESS 33.0
2024-06-27 13:54:59,578	[INFO]	131     SUCCESS               33.000000 (50.00%) [2 edit(s)]  
2024-06-27 13:54:59,578	[DEBUG]	patch(131)="ParamSetting(('minisat_simplified.params', 'param', 'ccmin-mode'), 0) | ParamSetting(('minisat_simplified.params', 'param', 'rinc'), 6525.369737602)"
2024-06-27 13:54:59,579	[INFO]	132     SUCCESS              +0.000000 (0.00%) [2 edit(s)] [cached] 
2024-06-27 13:54:59,579	[DEBUG]	patch(132)="ParamSetting(('minisat_simplified.params', 'param', 'ccmin-mode'), 0) | ParamSetting(('minisat_simplified.params', 'param', 'asymm'), 'False')"
2024-06-27 13:54:59,580	[INFO]	133     SUCCESS              +0.000000 (0.00%) [1 edit(s)] [cached] 
2024-06-27 13:54:59,580	[DEBUG]	patch(133)="ParamSetting(('minisat_simplified.params', 'param', 'ccmin-mode'), 0)"
2024-06-27 13:54:59,581	[INFO]	134     SUCCESS               66.000000 (100.00%) [0 edit(s)] [cached] 
2024-06-27 13:54:59,581	[DEBUG]	patch(134)=""
2024-06-27 13:55:04,271	[DEBUG]	EXEC>  SUCCESS 59.0
2024-06-27 13:55:04,271	[INFO]	135     SUCCESS               59.000000 (89.39%) [2 edit(s)]  
2024-06-27 13:55:04,271	[DEBUG]	patch(135)="ParamSetting(('minisat_simplified.params', 'param', 'ccmin-mode'), 0) | ParamSetting(('minisat_simplified.params', 'param', 'rfirst'), 18307)"
2024-06-27 13:55:37,415	[DEBUG]	EXEC>  TIMEOUT None
2024-06-27 13:55:37,415	[INFO]	136     RUN_TIMEOUT           None (--) [2 edit(s)]  
2024-06-27 13:55:37,415	[DEBUG]	patch(136)="ParamSetting(('minisat_simplified.params', 'param', 'ccmin-mode'), 0) | ParamSetting(('minisat_simplified.params', 'param', 'rnd-freq'), 0.7982966519273599)"
2024-06-27 13:55:40,324	[DEBUG]	EXEC>  SUCCESS 57.0
2024-06-27 13:55:40,324	[INFO]	137     SUCCESS               57.000000 (86.36%) [2 edit(s)]  
2024-06-27 13:55:40,324	[DEBUG]	patch(137)="ParamSetting(('minisat_simplified.params', 'param', 'ccmin-mode'), 0) | ParamSetting(('minisat_simplified.params', 'param', 'rinc'), 4269.856388383481)"
2024-06-27 13:55:40,325	[INFO]	138     SUCCESS              +0.000000 (0.00%) [2 edit(s)] [cached] 
2024-06-27 13:55:40,325	[DEBUG]	patch(138)="ParamSetting(('minisat_simplified.params', 'param', 'ccmin-mode'), 0) | ParamSetting(('minisat_simplified.params', 'param', 'luby'), 'True')"
2024-06-27 13:55:53,552	[DEBUG]	EXEC>  SUCCESS 32.0
2024-06-27 13:55:53,553	[INFO]	139     SUCCESS               32.000000 (48.48%) [3 edit(s)]  
2024-06-27 13:55:53,553	[DEBUG]	patch(139)="ParamSetting(('minisat_simplified.params', 'param', 'ccmin-mode'), 0) | ParamSetting(('minisat_simplified.params', 'param', 'luby'), 'True') | ParamSetting(('minisat_simplified.params', 'param', 'gc-frac'), 118.25127779977832)"
2024-06-27 13:55:53,554	[INFO]	140     SUCCESS               15.000000 (22.73%) [3 edit(s)] [cached] 
2024-06-27 13:55:53,554	[DEBUG]	patch(140)="ParamSetting(('minisat_simplified.params', 'param', 'ccmin-mode'), 0) | ParamSetting(('minisat_simplified.params', 'param', 'luby'), 'True') | ParamSetting(('minisat_simplified.params', 'param', 'pre'), 'False')"
2024-06-27 13:55:53,555	[INFO]	141     SUCCESS              +0.000000 (0.00%) [1 edit(s)] [cached] 
2024-06-27 13:55:53,555	[DEBUG]	patch(141)="ParamSetting(('minisat_simplified.params', 'param', 'ccmin-mode'), 0)"
2024-06-27 13:56:09,801	[DEBUG]	EXEC>  SUCCESS 4.0
2024-06-27 13:56:09,801	[INFO]	142     SUCCESS               4.000000 (6.06%) [2 edit(s)]  
2024-06-27 13:56:09,802	[DEBUG]	patch(142)="ParamSetting(('minisat_simplified.params', 'param', 'ccmin-mode'), 0) | ParamSetting(('minisat_simplified.params', 'param', 'rnd-init'), 'True')"
2024-06-27 13:56:26,278	[DEBUG]	EXEC>  SUCCESS 16.0
2024-06-27 13:56:26,278	[INFO]	143     SUCCESS               16.000000 (24.24%) [2 edit(s)]  
2024-06-27 13:56:26,278	[DEBUG]	patch(143)="ParamSetting(('minisat_simplified.params', 'param', 'ccmin-mode'), 0) | ParamSetting(('minisat_simplified.params', 'param', 'grow'), -10814)"
2024-06-27 13:56:26,279	[INFO]	144     SUCCESS               66.000000 (100.00%) [0 edit(s)] [cached] 
2024-06-27 13:56:26,279	[DEBUG]	patch(144)=""
2024-06-27 13:56:29,183	[DEBUG]	EXEC>  SUCCESS 22.0
2024-06-27 13:56:29,183	[INFO]	145     SUCCESS               22.000000 (33.33%) [2 edit(s)]  
2024-06-27 13:56:29,183	[DEBUG]	patch(145)="ParamSetting(('minisat_simplified.params', 'param', 'ccmin-mode'), 0) | ParamSetting(('minisat_simplified.params', 'param', 'rinc'), 7510.35054615096)"
2024-06-27 13:56:29,184	[INFO]	146     SUCCESS              +0.000000 (0.00%) [2 edit(s)] [cached] 
2024-06-27 13:56:29,184	[DEBUG]	patch(146)="ParamSetting(('minisat_simplified.params', 'param', 'ccmin-mode'), 0) | ParamSetting(('minisat_simplified.params', 'param', 'verb'), '1')"
2024-06-27 13:56:29,185	[INFO]	147     SUCCESS              +0.000000 (0.00%) [1 edit(s)] [cached] 
2024-06-27 13:56:29,185	[DEBUG]	patch(147)="ParamSetting(('minisat_simplified.params', 'param', 'ccmin-mode'), 0)"
2024-06-27 13:56:29,186	[INFO]	148     SUCCESS               91.000000 (137.88%) [2 edit(s)] [cached] 
2024-06-27 13:56:29,186	[DEBUG]	patch(148)="ParamSetting(('minisat_simplified.params', 'param', 'ccmin-mode'), 0) | ParamSetting(('minisat_simplified.params', 'param', 'phase-saving'), 1)"
2024-06-27 13:56:29,186	[INFO]	149     SUCCESS               66.000000 (100.00%) [0 edit(s)] [cached] 
2024-06-27 13:56:29,187	[DEBUG]	patch(149)=""
2024-06-27 13:56:29,187	[INFO]	150     SUCCESS              +0.000000 (0.00%) [2 edit(s)] [cached] 
2024-06-27 13:56:29,187	[DEBUG]	patch(150)="ParamSetting(('minisat_simplified.params', 'param', 'ccmin-mode'), 0) | ParamSetting(('minisat_simplified.params', 'param', 'phase-saving'), 2)"
2024-06-27 13:56:29,188	[INFO]	151     SUCCESS              +0.000000 (0.00%) [1 edit(s)] [cached] 
2024-06-27 13:56:29,188	[DEBUG]	patch(151)="ParamSetting(('minisat_simplified.params', 'param', 'ccmin-mode'), 0)"
2024-06-27 13:56:29,189	[INFO]	152     SUCCESS              +0.000000 (0.00%) [2 edit(s)] [cached] 
2024-06-27 13:56:29,189	[DEBUG]	patch(152)="ParamSetting(('minisat_simplified.params', 'param', 'ccmin-mode'), 0) | ParamSetting(('minisat_simplified.params', 'param', 'pre'), 'True')"
2024-06-27 13:56:29,190	[INFO]	153     SUCCESS              +0.000000 (0.00%) [1 edit(s)] [cached] 
2024-06-27 13:56:29,190	[DEBUG]	patch(153)="ParamSetting(('minisat_simplified.params', 'param', 'ccmin-mode'), 0)"
2024-06-27 13:56:29,190	[INFO]	154     SUCCESS               66.000000 (100.00%) [0 edit(s)] [cached] 
2024-06-27 13:56:29,190	[DEBUG]	patch(154)=""
2024-06-27 13:56:42,720	[DEBUG]	EXEC>  SUCCESS 73.0
2024-06-27 13:56:42,720	[INFO]	155     SUCCESS               73.000000 (110.61%) [2 edit(s)]  
2024-06-27 13:56:42,720	[DEBUG]	patch(155)="ParamSetting(('minisat_simplified.params', 'param', 'ccmin-mode'), 0) | ParamSetting(('minisat_simplified.params', 'param', 'rnd-seed'), 1225853009)"
2024-06-27 13:56:42,721	[INFO]	156     SUCCESS              +0.000000 (0.00%) [2 edit(s)] [cached] 
2024-06-27 13:56:42,721	[DEBUG]	patch(156)="ParamSetting(('minisat_simplified.params', 'param', 'ccmin-mode'), 0) | ParamSetting(('minisat_simplified.params', 'param', 'elim'), 'True')"
2024-06-27 13:56:42,722	[INFO]	157     SUCCESS               66.000000 (100.00%) [1 edit(s)] [cached] 
2024-06-27 13:56:42,722	[DEBUG]	patch(157)="ParamSetting(('minisat_simplified.params', 'param', 'elim'), 'True')"
2024-06-27 13:56:42,723	[INFO]	158     SUCCESS              +0.000000 (0.00%) [1 edit(s)] [cached] 
2024-06-27 13:56:42,723	[DEBUG]	patch(158)="ParamSetting(('minisat_simplified.params', 'param', 'ccmin-mode'), 0)"
2024-06-27 13:56:42,723	[INFO]	159     SUCCESS               66.000000 (100.00%) [0 edit(s)] [cached] 
2024-06-27 13:56:42,723	[DEBUG]	patch(159)=""
2024-06-27 13:56:56,096	[DEBUG]	EXEC>  SUCCESS 56.0
2024-06-27 13:56:56,096	[INFO]	160     SUCCESS               56.000000 (84.85%) [2 edit(s)]  
2024-06-27 13:56:56,096	[DEBUG]	patch(160)="ParamSetting(('minisat_simplified.params', 'param', 'ccmin-mode'), 0) | ParamSetting(('minisat_simplified.params', 'param', 'rnd-seed'), 1023890936)"
2024-06-27 13:56:59,872	[DEBUG]	EXEC>  SUCCESS 1.0
2024-06-27 13:56:59,872	[INFO]	161     SUCCESS               1.000000 (1.52%) [2 edit(s)]  
2024-06-27 13:56:59,872	[DEBUG]	patch(161)="ParamSetting(('minisat_simplified.params', 'param', 'ccmin-mode'), 0) | ParamSetting(('minisat_simplified.params', 'param', 'rfirst'), 15406)"
2024-06-27 13:57:30,913	[DEBUG]	EXEC>  TIMEOUT None
2024-06-27 13:57:30,913	[INFO]	162     RUN_TIMEOUT           None (--) [2 edit(s)]  
2024-06-27 13:57:30,913	[DEBUG]	patch(162)="ParamSetting(('minisat_simplified.params', 'param', 'ccmin-mode'), 0) | ParamSetting(('minisat_simplified.params', 'param', 'var-decay'), 0.5186200615058131)"
2024-06-27 13:57:44,127	[DEBUG]	EXEC>  SUCCESS 58.0
2024-06-27 13:57:44,127	[INFO]	163     SUCCESS               58.000000 (87.88%) [2 edit(s)]  
2024-06-27 13:57:44,127	[DEBUG]	patch(163)="ParamSetting(('minisat_simplified.params', 'param', 'ccmin-mode'), 0) | ParamSetting(('minisat_simplified.params', 'param', 'gc-frac'), 1876.429426381091)"
2024-06-27 13:57:57,732	[DEBUG]	EXEC>  SUCCESS 24.0
2024-06-27 13:57:57,732	[INFO]	164     SUCCESS               24.000000 (36.36%) [2 edit(s)]  
2024-06-27 13:57:57,732	[DEBUG]	patch(164)="ParamSetting(('minisat_simplified.params', 'param', 'ccmin-mode'), 0) | ParamSetting(('minisat_simplified.params', 'param', 'simp-gc-frac'), 10135101.512261301)"
2024-06-27 13:58:11,435	[DEBUG]	EXEC>  SUCCESS 89.0
2024-06-27 13:58:11,435	[INFO]	165     SUCCESS               89.000000 (134.85%) [2 edit(s)]  
2024-06-27 13:58:11,435	[DEBUG]	patch(165)="ParamSetting(('minisat_simplified.params', 'param', 'ccmin-mode'), 0) | ParamSetting(('minisat_simplified.params', 'param', 'cl-lim'), 58655)"
2024-06-27 13:58:11,436	[INFO]	166     SUCCESS              +0.000000 (0.00%) [2 edit(s)] [cached] 
2024-06-27 13:58:11,436	[DEBUG]	patch(166)="ParamSetting(('minisat_simplified.params', 'param', 'ccmin-mode'), 0) | ParamSetting(('minisat_simplified.params', 'param', 'luby'), 'True')"
2024-06-27 13:58:11,437	[INFO]	167     SUCCESS               66.000000 (100.00%) [1 edit(s)] [cached] 
2024-06-27 13:58:11,437	[DEBUG]	patch(167)="ParamSetting(('minisat_simplified.params', 'param', 'luby'), 'True')"
2024-06-27 13:58:11,438	[INFO]	168     SUCCESS              +0.000000 (0.00%) [1 edit(s)] [cached] 
2024-06-27 13:58:11,438	[DEBUG]	patch(168)="ParamSetting(('minisat_simplified.params', 'param', 'ccmin-mode'), 0)"
2024-06-27 13:58:11,439	[INFO]	169     SUCCESS               66.000000 (100.00%) [0 edit(s)] [cached] 
2024-06-27 13:58:11,439	[DEBUG]	patch(169)=""
2024-06-27 13:58:40,768	[DEBUG]	EXEC>  SUCCESS 71.0
2024-06-27 13:58:40,768	[INFO]	170     SUCCESS               71.000000 (107.58%) [2 edit(s)]  
2024-06-27 13:58:40,768	[DEBUG]	patch(170)="ParamSetting(('minisat_simplified.params', 'param', 'ccmin-mode'), 0) | ParamSetting(('minisat_simplified.params', 'param', 'grow'), 2129)"
2024-06-27 13:58:57,175	[DEBUG]	EXEC>  SUCCESS 72.0
2024-06-27 13:58:57,175	[INFO]	171     SUCCESS               72.000000 (109.09%) [2 edit(s)]  
2024-06-27 13:58:57,175	[DEBUG]	patch(171)="ParamSetting(('minisat_simplified.params', 'param', 'ccmin-mode'), 0) | ParamSetting(('minisat_simplified.params', 'param', 'cla-decay'), 0.8280405839114799)"
2024-06-27 13:59:30,211	[DEBUG]	EXEC>  TIMEOUT None
2024-06-27 13:59:30,211	[INFO]	172     RUN_TIMEOUT           None (--) [2 edit(s)]  
2024-06-27 13:59:30,212	[DEBUG]	patch(172)="ParamSetting(('minisat_simplified.params', 'param', 'ccmin-mode'), 0) | ParamSetting(('minisat_simplified.params', 'param', 'grow'), 5815)"
2024-06-27 13:59:30,213	[INFO]	173     SUCCESS              +0.000000 (0.00%) [2 edit(s)] [cached] 
2024-06-27 13:59:30,213	[DEBUG]	patch(173)="ParamSetting(('minisat_simplified.params', 'param', 'ccmin-mode'), 0) | ParamSetting(('minisat_simplified.params', 'param', 'asymm'), 'False')"
2024-06-27 13:59:43,490	[DEBUG]	EXEC>  SUCCESS 3.0
2024-06-27 13:59:43,490	[INFO]	174     SUCCESS               3.000000 (4.55%) [3 edit(s)]  
2024-06-27 13:59:43,490	[DEBUG]	patch(174)="ParamSetting(('minisat_simplified.params', 'param', 'ccmin-mode'), 0) | ParamSetting(('minisat_simplified.params', 'param', 'asymm'), 'False') | ParamSetting(('minisat_simplified.params', 'param', 'gc-frac'), 643.3884871563769)"
2024-06-27 13:59:43,491	[INFO]	175     SUCCESS              +0.000000 (0.00%) [1 edit(s)] [cached] 
2024-06-27 13:59:43,492	[DEBUG]	patch(175)="ParamSetting(('minisat_simplified.params', 'param', 'ccmin-mode'), 0)"
2024-06-27 13:59:43,492	[INFO]	176     SUCCESS               66.000000 (100.00%) [0 edit(s)] [cached] 
2024-06-27 13:59:43,492	[DEBUG]	patch(176)=""
2024-06-27 13:59:57,126	[DEBUG]	EXEC>  SUCCESS 99.0
2024-06-27 13:59:57,126	[INFO]	177     SUCCESS               99.000000 (150.00%) [2 edit(s)]  
2024-06-27 13:59:57,126	[DEBUG]	patch(177)="ParamSetting(('minisat_simplified.params', 'param', 'ccmin-mode'), 0) | ParamSetting(('minisat_simplified.params', 'param', 'rnd-seed'), 1867767039)"
2024-06-27 14:00:00,067	[DEBUG]	EXEC>  SUCCESS 41.0
2024-06-27 14:00:00,067	[INFO]	178     SUCCESS               41.000000 (62.12%) [2 edit(s)]  
2024-06-27 14:00:00,067	[DEBUG]	patch(178)="ParamSetting(('minisat_simplified.params', 'param', 'ccmin-mode'), 0) | ParamSetting(('minisat_simplified.params', 'param', 'rinc'), 5326.020954077656)"
2024-06-27 14:00:00,068	[INFO]	179     SUCCESS               18.000000 (27.27%) [2 edit(s)] [cached] 
2024-06-27 14:00:00,068	[DEBUG]	patch(179)="ParamSetting(('minisat_simplified.params', 'param', 'ccmin-mode'), 0) | ParamSetting(('minisat_simplified.params', 'param', 'asymm'), 'True')"
2024-06-27 14:00:00,069	[INFO]	180     SUCCESS               18.000000 (27.27%) [2 edit(s)] [cached] 
2024-06-27 14:00:00,069	[DEBUG]	patch(180)="ParamSetting(('minisat_simplified.params', 'param', 'ccmin-mode'), 0) | ParamSetting(('minisat_simplified.params', 'param', 'asymm'), 'True')"
2024-06-27 14:00:13,471	[DEBUG]	EXEC>  SUCCESS 88.0
2024-06-27 14:00:13,472	[INFO]	181     SUCCESS               88.000000 (133.33%) [2 edit(s)]  
2024-06-27 14:00:13,472	[DEBUG]	patch(181)="ParamSetting(('minisat_simplified.params', 'param', 'ccmin-mode'), 0) | ParamSetting(('minisat_simplified.params', 'param', 'simp-gc-frac'), 34070450.024633706)"
2024-06-27 14:00:26,847	[DEBUG]	EXEC>  SUCCESS 79.0
2024-06-27 14:00:26,848	[INFO]	182     SUCCESS               79.000000 (119.70%) [2 edit(s)]  
2024-06-27 14:00:26,848	[DEBUG]	patch(182)="ParamSetting(('minisat_simplified.params', 'param', 'ccmin-mode'), 0) | ParamSetting(('minisat_simplified.params', 'param', 'sub-lim'), 44548)"
2024-06-27 14:00:29,769	[DEBUG]	EXEC>  SUCCESS 70.0
2024-06-27 14:00:29,769	[INFO]	183     SUCCESS               70.000000 (106.06%) [2 edit(s)]  
2024-06-27 14:00:29,770	[DEBUG]	patch(183)="ParamSetting(('minisat_simplified.params', 'param', 'ccmin-mode'), 0) | ParamSetting(('minisat_simplified.params', 'param', 'rinc'), 5499.030725042853)"
2024-06-27 14:00:29,770	[INFO]	184     SUCCESS              +0.000000 (0.00%) [2 edit(s)] [cached] 
2024-06-27 14:00:29,771	[DEBUG]	patch(184)="ParamSetting(('minisat_simplified.params', 'param', 'ccmin-mode'), 0) | ParamSetting(('minisat_simplified.params', 'param', 'elim'), 'True')"
2024-06-27 14:00:29,771	[INFO]	185     SUCCESS              +0.000000 (0.00%) [1 edit(s)] [cached] 
2024-06-27 14:00:29,771	[DEBUG]	patch(185)="ParamSetting(('minisat_simplified.params', 'param', 'ccmin-mode'), 0)"
2024-06-27 14:00:29,772	[INFO]	186     SUCCESS               66.000000 (100.00%) [0 edit(s)] [cached] 
2024-06-27 14:00:29,772	[DEBUG]	patch(186)=""
2024-06-27 14:00:47,050	[DEBUG]	EXEC>  SUCCESS 81.0
2024-06-27 14:00:47,050	[INFO]	187     SUCCESS               81.000000 (122.73%) [2 edit(s)]  
2024-06-27 14:00:47,050	[DEBUG]	patch(187)="ParamSetting(('minisat_simplified.params', 'param', 'ccmin-mode'), 0) | ParamSetting(('minisat_simplified.params', 'param', 'cla-decay'), 0.7588907031245864)"
2024-06-27 14:00:47,051	[INFO]	188     SUCCESS              +0.000000 (0.00%) [2 edit(s)] [cached] 
2024-06-27 14:00:47,051	[DEBUG]	patch(188)="ParamSetting(('minisat_simplified.params', 'param', 'ccmin-mode'), 0) | ParamSetting(('minisat_simplified.params', 'param', 'luby'), 'True')"
2024-06-27 14:00:47,052	[INFO]	189     SUCCESS              +0.000000 (0.00%) [3 edit(s)] [cached] 
2024-06-27 14:00:47,052	[DEBUG]	patch(189)="ParamSetting(('minisat_simplified.params', 'param', 'ccmin-mode'), 0) | ParamSetting(('minisat_simplified.params', 'param', 'luby'), 'True') | ParamSetting(('minisat_simplified.params', 'param', 'rcheck'), 'False')"
2024-06-27 14:00:47,052	[INFO]	190     SUCCESS              +0.000000 (0.00%) [4 edit(s)] [cached] 
2024-06-27 14:00:47,052	[DEBUG]	patch(190)="ParamSetting(('minisat_simplified.params', 'param', 'ccmin-mode'), 0) | ParamSetting(('minisat_simplified.params', 'param', 'luby'), 'True') | ParamSetting(('minisat_simplified.params', 'param', 'rcheck'), 'False') | ParamSetting(('minisat_simplified.params', 'param', 'luby'), 'True')"
2024-06-27 14:00:47,053	[INFO]	191     SUCCESS              +0.000000 (0.00%) [3 edit(s)] [cached] 
2024-06-27 14:00:47,053	[DEBUG]	patch(191)="ParamSetting(('minisat_simplified.params', 'param', 'ccmin-mode'), 0) | ParamSetting(('minisat_simplified.params', 'param', 'luby'), 'True') | ParamSetting(('minisat_simplified.params', 'param', 'rcheck'), 'False')"
2024-06-27 14:00:47,054	[INFO]	192     SUCCESS              +0.000000 (0.00%) [2 edit(s)] [cached] 
2024-06-27 14:00:47,054	[DEBUG]	patch(192)="ParamSetting(('minisat_simplified.params', 'param', 'ccmin-mode'), 0) | ParamSetting(('minisat_simplified.params', 'param', 'luby'), 'True')"
2024-06-27 14:00:47,055	[INFO]	193     SUCCESS               66.000000 (100.00%) [1 edit(s)] [cached] 
2024-06-27 14:00:47,055	[DEBUG]	patch(193)="ParamSetting(('minisat_simplified.params', 'param', 'luby'), 'True')"
2024-06-27 14:00:47,056	[INFO]	194     SUCCESS              +0.000000 (0.00%) [1 edit(s)] [cached] 
2024-06-27 14:00:47,056	[DEBUG]	patch(194)="ParamSetting(('minisat_simplified.params', 'param', 'ccmin-mode'), 0)"
2024-06-27 14:01:00,311	[DEBUG]	EXEC>  SUCCESS 0.0
2024-06-27 14:01:00,311	[INFO]	195     SUCCESS              +0.000000 (0.00%) [2 edit(s)]  
2024-06-27 14:01:00,311	[DEBUG]	patch(195)="ParamSetting(('minisat_simplified.params', 'param', 'ccmin-mode'), 0) | ParamSetting(('minisat_simplified.params', 'param', 'gc-frac'), 4935.96562610115)"
2024-06-27 14:01:13,265	[DEBUG]	EXEC>  SUCCESS 33.0
2024-06-27 14:01:13,265	[INFO]	196     SUCCESS               33.000000 (50.00%) [3 edit(s)]  
2024-06-27 14:01:13,265	[DEBUG]	patch(196)="ParamSetting(('minisat_simplified.params', 'param', 'ccmin-mode'), 0) | ParamSetting(('minisat_simplified.params', 'param', 'gc-frac'), 4935.96562610115) | ParamSetting(('minisat_simplified.params', 'param', 'phase-saving'), 1)"
2024-06-27 14:01:13,266	[INFO]	197     SUCCESS              +0.000000 (0.00%) [1 edit(s)] [cached] 
2024-06-27 14:01:13,266	[DEBUG]	patch(197)="ParamSetting(('minisat_simplified.params', 'param', 'ccmin-mode'), 0)"
2024-06-27 14:01:13,267	[INFO]	198     SUCCESS               44.000000 (66.67%) [2 edit(s)] [cached] 
2024-06-27 14:01:13,267	[DEBUG]	patch(198)="ParamSetting(('minisat_simplified.params', 'param', 'ccmin-mode'), 0) | ParamSetting(('minisat_simplified.params', 'param', 'rcheck'), 'True')"
2024-06-27 14:01:13,268	[INFO]	199     SUCCESS               66.000000 (100.00%) [0 edit(s)] [cached] 
2024-06-27 14:01:13,268	[DEBUG]	patch(199)=""
2024-06-27 14:01:47,021	[DEBUG]	EXEC>  TIMEOUT None
2024-06-27 14:01:47,021	[INFO]	200     RUN_TIMEOUT           None (--) [2 edit(s)]  
2024-06-27 14:01:47,022	[DEBUG]	patch(200)="ParamSetting(('minisat_simplified.params', 'param', 'ccmin-mode'), 0) | ParamSetting(('minisat_simplified.params', 'param', 'grow'), 8741)"
2024-06-27 14:02:00,262	[DEBUG]	EXEC>  SUCCESS 6.0
2024-06-27 14:02:00,262	[INFO]	201     SUCCESS               6.000000 (9.09%) [2 edit(s)]  
2024-06-27 14:02:00,262	[DEBUG]	patch(201)="ParamSetting(('minisat_simplified.params', 'param', 'ccmin-mode'), 0) | ParamSetting(('minisat_simplified.params', 'param', 'gc-frac'), 1052.617255832714)"
2024-06-27 14:02:00,263	[INFO]	202     SUCCESS              +0.000000 (0.00%) [2 edit(s)] [cached] 
2024-06-27 14:02:00,263	[DEBUG]	patch(202)="ParamSetting(('minisat_simplified.params', 'param', 'ccmin-mode'), 0) | ParamSetting(('minisat_simplified.params', 'param', 'luby'), 'True')"
2024-06-27 14:02:00,264	[INFO]	203     SUCCESS              +0.000000 (0.00%) [1 edit(s)] [cached] 
2024-06-27 14:02:00,264	[DEBUG]	patch(203)="ParamSetting(('minisat_simplified.params', 'param', 'ccmin-mode'), 0)"
2024-06-27 14:02:00,265	[INFO]	204     SUCCESS               66.000000 (100.00%) [0 edit(s)] [cached] 
2024-06-27 14:02:00,265	[DEBUG]	patch(204)=""
2024-06-27 14:02:13,612	[DEBUG]	EXEC>  SUCCESS 80.0
2024-06-27 14:02:13,612	[INFO]	205     SUCCESS               80.000000 (121.21%) [2 edit(s)]  
2024-06-27 14:02:13,612	[DEBUG]	patch(205)="ParamSetting(('minisat_simplified.params', 'param', 'ccmin-mode'), 0) | ParamSetting(('minisat_simplified.params', 'param', 'rnd-seed'), 615463936)"
2024-06-27 14:02:13,613	[INFO]	206     SUCCESS               66.000000 (100.00%) [2 edit(s)] [cached] 
2024-06-27 14:02:13,613	[DEBUG]	patch(206)="ParamSetting(('minisat_simplified.params', 'param', 'ccmin-mode'), 0) | ParamSetting(('minisat_simplified.params', 'param', 'ccmin-mode'), 2)"
2024-06-27 14:02:27,006	[DEBUG]	EXEC>  SUCCESS 84.0
2024-06-27 14:02:27,006	[INFO]	207     SUCCESS               84.000000 (127.27%) [2 edit(s)]  
2024-06-27 14:02:27,006	[DEBUG]	patch(207)="ParamSetting(('minisat_simplified.params', 'param', 'ccmin-mode'), 0) | ParamSetting(('minisat_simplified.params', 'param', 'rnd-seed'), 1150155633)"
2024-06-27 14:02:40,241	[DEBUG]	EXEC>  SUCCESS 25.0
2024-06-27 14:02:40,241	[INFO]	208     SUCCESS               25.000000 (37.88%) [2 edit(s)]  
2024-06-27 14:02:40,241	[DEBUG]	patch(208)="ParamSetting(('minisat_simplified.params', 'param', 'ccmin-mode'), 0) | ParamSetting(('minisat_simplified.params', 'param', 'gc-frac'), 2093.895388079056)"
2024-06-27 14:03:10,674	[DEBUG]	EXEC>  TIMEOUT None
2024-06-27 14:03:10,674	[INFO]	209     RUN_TIMEOUT           None (--) [2 edit(s)]  
2024-06-27 14:03:10,674	[DEBUG]	patch(209)="ParamSetting(('minisat_simplified.params', 'param', 'ccmin-mode'), 0) | ParamSetting(('minisat_simplified.params', 'param', 'rnd-freq'), 0.45361143112638325)"
2024-06-27 14:03:24,093	[DEBUG]	EXEC>  SUCCESS 57.0
2024-06-27 14:03:24,093	[INFO]	210     SUCCESS               57.000000 (86.36%) [2 edit(s)]  
2024-06-27 14:03:24,093	[DEBUG]	patch(210)="ParamSetting(('minisat_simplified.params', 'param', 'ccmin-mode'), 0) | ParamSetting(('minisat_simplified.params', 'param', 'simp-gc-frac'), 147040235.03993702)"
2024-06-27 14:03:24,094	[INFO]	211     SUCCESS               15.000000 (22.73%) [2 edit(s)] [cached] 
2024-06-27 14:03:24,095	[DEBUG]	patch(211)="ParamSetting(('minisat_simplified.params', 'param', 'ccmin-mode'), 0) | ParamSetting(('minisat_simplified.params', 'param', 'pre'), 'False')"
2024-06-27 14:03:24,095	[INFO]	212     SUCCESS               2.000000 (3.03%) [2 edit(s)] [cached] 
2024-06-27 14:03:24,095	[DEBUG]	patch(212)="ParamSetting(('minisat_simplified.params', 'param', 'ccmin-mode'), 0) | ParamSetting(('minisat_simplified.params', 'param', 'luby'), 'False')"
2024-06-27 14:03:40,433	[DEBUG]	EXEC>  SUCCESS 16.0
2024-06-27 14:03:40,433	[INFO]	213     SUCCESS               16.000000 (24.24%) [2 edit(s)]  
2024-06-27 14:03:40,433	[DEBUG]	patch(213)="ParamSetting(('minisat_simplified.params', 'param', 'ccmin-mode'), 0) | ParamSetting(('minisat_simplified.params', 'param', 'grow'), -7328)"
2024-06-27 14:03:40,434	[INFO]	214     SUCCESS               3.000000 (4.55%) [2 edit(s)] [cached] 
2024-06-27 14:03:40,435	[DEBUG]	patch(214)="ParamSetting(('minisat_simplified.params', 'param', 'ccmin-mode'), 0) | ParamSetting(('minisat_simplified.params', 'param', 'phase-saving'), 0)"
2024-06-27 14:03:53,844	[DEBUG]	EXEC>  SUCCESS 76.0
2024-06-27 14:03:53,844	[INFO]	215     SUCCESS               76.000000 (115.15%) [2 edit(s)]  
2024-06-27 14:03:53,844	[DEBUG]	patch(215)="ParamSetting(('minisat_simplified.params', 'param', 'ccmin-mode'), 0) | ParamSetting(('minisat_simplified.params', 'param', 'sub-lim'), 14775)"
2024-06-27 14:03:53,845	[INFO]	216     SUCCESS              +0.000000 (0.00%) [2 edit(s)] [cached] 
2024-06-27 14:03:53,845	[DEBUG]	patch(216)="ParamSetting(('minisat_simplified.params', 'param', 'ccmin-mode'), 0) | ParamSetting(('minisat_simplified.params', 'param', 'asymm'), 'False')"
2024-06-27 14:03:53,846	[INFO]	217     SUCCESS              +0.000000 (0.00%) [1 edit(s)] [cached] 
2024-06-27 14:03:53,846	[DEBUG]	patch(217)="ParamSetting(('minisat_simplified.params', 'param', 'ccmin-mode'), 0)"
2024-06-27 14:03:53,847	[INFO]	218     SUCCESS               35.000000 (53.03%) [2 edit(s)] [cached] 
2024-06-27 14:03:53,847	[DEBUG]	patch(218)="ParamSetting(('minisat_simplified.params', 'param', 'ccmin-mode'), 0) | ParamSetting(('minisat_simplified.params', 'param', 'verb'), '0')"
2024-06-27 14:03:53,847	[INFO]	219     SUCCESS               86.000000 (130.30%) [2 edit(s)] [cached] 
2024-06-27 14:03:53,848	[DEBUG]	patch(219)="ParamSetting(('minisat_simplified.params', 'param', 'ccmin-mode'), 0) | ParamSetting(('minisat_simplified.params', 'param', 'ccmin-mode'), 1)"
2024-06-27 14:03:53,848	[INFO]	220     SUCCESS               66.000000 (100.00%) [0 edit(s)] [cached] 
2024-06-27 14:03:53,848	[DEBUG]	patch(220)=""
2024-06-27 14:04:09,797	[DEBUG]	EXEC>  SUCCESS 11.0
2024-06-27 14:04:09,797	[INFO]	221     SUCCESS               11.000000 (16.67%) [2 edit(s)]  
2024-06-27 14:04:09,797	[DEBUG]	patch(221)="ParamSetting(('minisat_simplified.params', 'param', 'ccmin-mode'), 0) | ParamSetting(('minisat_simplified.params', 'param', 'cla-decay'), 0.27958067166838463)"
2024-06-27 14:04:23,466	[DEBUG]	EXEC>  SUCCESS 9.0
2024-06-27 14:04:23,466	[INFO]	222     SUCCESS               9.000000 (13.64%) [2 edit(s)]  
2024-06-27 14:04:23,466	[DEBUG]	patch(222)="ParamSetting(('minisat_simplified.params', 'param', 'ccmin-mode'), 0) | ParamSetting(('minisat_simplified.params', 'param', 'gc-frac'), 3033.600280965939)"
2024-06-27 14:04:23,468	[INFO]	223     SUCCESS               3.000000 (4.55%) [2 edit(s)] [cached] 
2024-06-27 14:04:23,468	[DEBUG]	patch(223)="ParamSetting(('minisat_simplified.params', 'param', 'ccmin-mode'), 0) | ParamSetting(('minisat_simplified.params', 'param', 'phase-saving'), 0)"
2024-06-27 14:04:23,469	[INFO]	224     SUCCESS              +0.000000 (0.00%) [2 edit(s)] [cached] 
2024-06-27 14:04:23,469	[DEBUG]	patch(224)="ParamSetting(('minisat_simplified.params', 'param', 'ccmin-mode'), 0) | ParamSetting(('minisat_simplified.params', 'param', 'rnd-init'), 'False')"
2024-06-27 14:04:54,411	[DEBUG]	EXEC>  TIMEOUT None
2024-06-27 14:04:54,411	[INFO]	225     RUN_TIMEOUT           None (--) [3 edit(s)]  
2024-06-27 14:04:54,411	[DEBUG]	patch(225)="ParamSetting(('minisat_simplified.params', 'param', 'ccmin-mode'), 0) | ParamSetting(('minisat_simplified.params', 'param', 'rnd-init'), 'False') | ParamSetting(('minisat_simplified.params', 'param', 'rnd-freq'), 0.13648702186305872)"
2024-06-27 14:05:10,515	[DEBUG]	EXEC>  SUCCESS 41.0
2024-06-27 14:05:10,515	[INFO]	226     SUCCESS               41.000000 (62.12%) [3 edit(s)]  
2024-06-27 14:05:10,515	[DEBUG]	patch(226)="ParamSetting(('minisat_simplified.params', 'param', 'ccmin-mode'), 0) | ParamSetting(('minisat_simplified.params', 'param', 'rnd-init'), 'False') | ParamSetting(('minisat_simplified.params', 'param', 'rnd-init'), 'True')"
2024-06-27 14:05:13,428	[DEBUG]	EXEC>  SUCCESS 20.0
2024-06-27 14:05:13,428	[INFO]	227     SUCCESS               20.000000 (30.30%) [3 edit(s)]  
2024-06-27 14:05:13,428	[DEBUG]	patch(227)="ParamSetting(('minisat_simplified.params', 'param', 'ccmin-mode'), 0) | ParamSetting(('minisat_simplified.params', 'param', 'rnd-init'), 'False') | ParamSetting(('minisat_simplified.params', 'param', 'rinc'), 9964.056744276319)"
2024-06-27 14:05:13,429	[INFO]	228     SUCCESS              +0.000000 (0.00%) [3 edit(s)] [cached] 
2024-06-27 14:05:13,429	[DEBUG]	patch(228)="ParamSetting(('minisat_simplified.params', 'param', 'ccmin-mode'), 0) | ParamSetting(('minisat_simplified.params', 'param', 'rnd-init'), 'False') | ParamSetting(('minisat_simplified.params', 'param', 'rnd-init'), 'False')"
2024-06-27 14:05:13,430	[INFO]	229     SUCCESS              +0.000000 (0.00%) [2 edit(s)] [cached] 
2024-06-27 14:05:13,430	[DEBUG]	patch(229)="ParamSetting(('minisat_simplified.params', 'param', 'ccmin-mode'), 0) | ParamSetting(('minisat_simplified.params', 'param', 'rnd-init'), 'False')"
2024-06-27 14:05:13,430	[INFO]	230     SUCCESS               15.000000 (22.73%) [3 edit(s)] [cached] 
2024-06-27 14:05:13,431	[DEBUG]	patch(230)="ParamSetting(('minisat_simplified.params', 'param', 'ccmin-mode'), 0) | ParamSetting(('minisat_simplified.params', 'param', 'rnd-init'), 'False') | ParamSetting(('minisat_simplified.params', 'param', 'pre'), 'False')"
2024-06-27 14:05:13,431	[INFO]	231     SUCCESS               66.000000 (100.00%) [1 edit(s)] [cached] 
2024-06-27 14:05:13,431	[DEBUG]	patch(231)="ParamSetting(('minisat_simplified.params', 'param', 'rnd-init'), 'False')"
2024-06-27 14:05:13,432	[INFO]	232     SUCCESS              +0.000000 (0.00%) [3 edit(s)] [cached] 
2024-06-27 14:05:13,432	[DEBUG]	patch(232)="ParamSetting(('minisat_simplified.params', 'param', 'ccmin-mode'), 0) | ParamSetting(('minisat_simplified.params', 'param', 'rnd-init'), 'False') | ParamSetting(('minisat_simplified.params', 'param', 'rcheck'), 'False')"
2024-06-27 14:05:13,433	[INFO]	233     SUCCESS              +0.000000 (0.00%) [2 edit(s)] [cached] 
2024-06-27 14:05:13,433	[DEBUG]	patch(233)="ParamSetting(('minisat_simplified.params', 'param', 'ccmin-mode'), 0) | ParamSetting(('minisat_simplified.params', 'param', 'rcheck'), 'False')"
2024-06-27 14:05:29,419	[DEBUG]	EXEC>  SUCCESS 1.0
2024-06-27 14:05:29,419	[INFO]	234     SUCCESS               1.000000 (1.52%) [3 edit(s)]  
2024-06-27 14:05:29,419	[DEBUG]	patch(234)="ParamSetting(('minisat_simplified.params', 'param', 'ccmin-mode'), 0) | ParamSetting(('minisat_simplified.params', 'param', 'rcheck'), 'False') | ParamSetting(('minisat_simplified.params', 'param', 'cla-decay'), 0.46785820891972574)"
2024-06-27 14:05:29,420	[INFO]	235     SUCCESS               3.000000 (4.55%) [3 edit(s)] [cached] 
2024-06-27 14:05:29,420	[DEBUG]	patch(235)="ParamSetting(('minisat_simplified.params', 'param', 'ccmin-mode'), 0) | ParamSetting(('minisat_simplified.params', 'param', 'rcheck'), 'False') | ParamSetting(('minisat_simplified.params', 'param', 'phase-saving'), 0)"
2024-06-27 14:05:42,589	[DEBUG]	EXEC>  SUCCESS 64.0
2024-06-27 14:05:42,589	[INFO]	236     SUCCESS               64.000000 (96.97%) [3 edit(s)]  
2024-06-27 14:05:42,589	[DEBUG]	patch(236)="ParamSetting(('minisat_simplified.params', 'param', 'ccmin-mode'), 0) | ParamSetting(('minisat_simplified.params', 'param', 'rcheck'), 'False') | ParamSetting(('minisat_simplified.params', 'param', 'gc-frac'), 10752.123042822874)"
2024-06-27 14:06:00,859	[DEBUG]	EXEC>  SUCCESS 71.0
2024-06-27 14:06:00,859	[INFO]	237     SUCCESS               71.000000 (107.58%) [3 edit(s)]  
2024-06-27 14:06:00,859	[DEBUG]	patch(237)="ParamSetting(('minisat_simplified.params', 'param', 'ccmin-mode'), 0) | ParamSetting(('minisat_simplified.params', 'param', 'rcheck'), 'False') | ParamSetting(('minisat_simplified.params', 'param', 'cla-decay'), 0.6518057573520176)"
2024-06-27 14:06:00,860	[INFO]	238     SUCCESS               41.000000 (62.12%) [3 edit(s)] [cached] 
2024-06-27 14:06:00,860	[DEBUG]	patch(238)="ParamSetting(('minisat_simplified.params', 'param', 'ccmin-mode'), 0) | ParamSetting(('minisat_simplified.params', 'param', 'rcheck'), 'False') | ParamSetting(('minisat_simplified.params', 'param', 'rnd-init'), 'True')"
2024-06-27 14:06:00,861	[INFO]	239     SUCCESS              +0.000000 (0.00%) [1 edit(s)] [cached] 
2024-06-27 14:06:00,861	[DEBUG]	patch(239)="ParamSetting(('minisat_simplified.params', 'param', 'ccmin-mode'), 0)"
2024-06-27 14:06:00,862	[INFO]	240     SUCCESS              +0.000000 (0.00%) [2 edit(s)] [cached] 
2024-06-27 14:06:00,862	[DEBUG]	patch(240)="ParamSetting(('minisat_simplified.params', 'param', 'ccmin-mode'), 0) | ParamSetting(('minisat_simplified.params', 'param', 'phase-saving'), 2)"
2024-06-27 14:06:00,863	[INFO]	241     SUCCESS               66.000000 (100.00%) [1 edit(s)] [cached] 
2024-06-27 14:06:00,863	[DEBUG]	patch(241)="ParamSetting(('minisat_simplified.params', 'param', 'phase-saving'), 2)"
2024-06-27 14:06:00,863	[INFO]	242     SUCCESS              +0.000000 (0.00%) [1 edit(s)] [cached] 
2024-06-27 14:06:00,864	[DEBUG]	patch(242)="ParamSetting(('minisat_simplified.params', 'param', 'ccmin-mode'), 0)"
2024-06-27 14:06:03,810	[DEBUG]	EXEC>  SUCCESS 99.0
2024-06-27 14:06:03,810	[INFO]	243     SUCCESS               99.000000 (150.00%) [2 edit(s)]  
2024-06-27 14:06:03,810	[DEBUG]	patch(243)="ParamSetting(('minisat_simplified.params', 'param', 'ccmin-mode'), 0) | ParamSetting(('minisat_simplified.params', 'param', 'rinc'), 2607.19524858491)"
2024-06-27 14:06:35,527	[DEBUG]	EXEC>  TIMEOUT None
2024-06-27 14:06:35,527	[INFO]	244     RUN_TIMEOUT           None (--) [2 edit(s)]  
2024-06-27 14:06:35,527	[DEBUG]	patch(244)="ParamSetting(('minisat_simplified.params', 'param', 'ccmin-mode'), 0) | ParamSetting(('minisat_simplified.params', 'param', 'rnd-freq'), 0.6181038571668442)"
2024-06-27 14:06:35,528	[INFO]	245     SUCCESS               66.000000 (100.00%) [0 edit(s)] [cached] 
2024-06-27 14:06:35,528	[DEBUG]	patch(245)=""
2024-06-27 14:06:48,996	[DEBUG]	EXEC>  SUCCESS 37.0
2024-06-27 14:06:48,996	[INFO]	246     SUCCESS               37.000000 (56.06%) [2 edit(s)]  
2024-06-27 14:06:48,996	[DEBUG]	patch(246)="ParamSetting(('minisat_simplified.params', 'param', 'ccmin-mode'), 0) | ParamSetting(('minisat_simplified.params', 'param', 'cl-lim'), 52015)"
2024-06-27 14:07:25,596	[DEBUG]	EXEC>  TIMEOUT None
2024-06-27 14:07:25,596	[INFO]	247     RUN_TIMEOUT           None (--) [2 edit(s)]  
2024-06-27 14:07:25,596	[DEBUG]	patch(247)="ParamSetting(('minisat_simplified.params', 'param', 'ccmin-mode'), 0) | ParamSetting(('minisat_simplified.params', 'param', 'grow'), 13694)"
2024-06-27 14:07:56,111	[DEBUG]	EXEC>  TIMEOUT None
2024-06-27 14:07:56,111	[INFO]	248     RUN_TIMEOUT           None (--) [2 edit(s)]  
2024-06-27 14:07:56,111	[DEBUG]	patch(248)="ParamSetting(('minisat_simplified.params', 'param', 'ccmin-mode'), 0) | ParamSetting(('minisat_simplified.params', 'param', 'var-decay'), 0.03316106560905885)"
2024-06-27 14:07:56,112	[INFO]	249     SUCCESS               91.000000 (137.88%) [2 edit(s)] [cached] 
2024-06-27 14:07:56,112	[DEBUG]	patch(249)="ParamSetting(('minisat_simplified.params', 'param', 'ccmin-mode'), 0) | ParamSetting(('minisat_simplified.params', 'param', 'phase-saving'), 1)"
2024-06-27 14:08:11,817	[DEBUG]	EXEC>  SUCCESS 58.0
2024-06-27 14:08:11,817	[INFO]	250     SUCCESS               58.000000 (87.88%) [2 edit(s)]  
2024-06-27 14:08:11,817	[DEBUG]	patch(250)="ParamSetting(('minisat_simplified.params', 'param', 'ccmin-mode'), 0) | ParamSetting(('minisat_simplified.params', 'param', 'elim'), 'False')"
2024-06-27 14:08:14,729	[DEBUG]	EXEC>  SUCCESS 31.0
2024-06-27 14:08:14,729	[INFO]	251     SUCCESS               31.000000 (46.97%) [2 edit(s)]  
2024-06-27 14:08:14,729	[DEBUG]	patch(251)="ParamSetting(('minisat_simplified.params', 'param', 'ccmin-mode'), 0) | ParamSetting(('minisat_simplified.params', 'param', 'rinc'), 10494.996360537136)"
2024-06-27 14:08:23,567	[DEBUG]	EXEC>  SUCCESS 28.0
2024-06-27 14:08:23,567	[INFO]	252     SUCCESS               28.000000 (42.42%) [2 edit(s)]  
2024-06-27 14:08:23,567	[DEBUG]	patch(252)="ParamSetting(('minisat_simplified.params', 'param', 'ccmin-mode'), 0) | ParamSetting(('minisat_simplified.params', 'param', 'rfirst'), 2150)"
2024-06-27 14:08:39,892	[DEBUG]	EXEC>  SUCCESS 20.0
2024-06-27 14:08:39,892	[INFO]	253     SUCCESS               20.000000 (30.30%) [2 edit(s)]  
2024-06-27 14:08:39,892	[DEBUG]	patch(253)="ParamSetting(('minisat_simplified.params', 'param', 'ccmin-mode'), 0) | ParamSetting(('minisat_simplified.params', 'param', 'grow'), -3326)"
2024-06-27 14:09:11,002	[DEBUG]	EXEC>  TIMEOUT None
2024-06-27 14:09:11,003	[INFO]	254     RUN_TIMEOUT           None (--) [2 edit(s)]  
2024-06-27 14:09:11,003	[DEBUG]	patch(254)="ParamSetting(('minisat_simplified.params', 'param', 'ccmin-mode'), 0) | ParamSetting(('minisat_simplified.params', 'param', 'var-decay'), 0.1575072412149855)"
2024-06-27 14:09:11,004	[INFO]	~~~~ END ~~~~
2024-06-27 14:09:11,004	[INFO]	
2024-06-27 14:09:11,004	[INFO]	==== REPORT ====
2024-06-27 14:09:11,004	[INFO]	Termination: time budget
2024-06-27 14:09:11,004	[INFO]	Retries: 1
2024-06-27 14:09:11,004	[INFO]	Log file: /home/dbouras/magpie/_magpie_logs/minisat_1719491889.log
2024-06-27 14:09:11,004	[INFO]	Patch file: _magpie_logs/minisat_1719491889.patch
2024-06-27 14:09:11,004	[INFO]	Diff file: _magpie_logs/minisat_1719491889.diff
2024-06-27 14:09:11,004	[INFO]	Reference fitness: 66.000000
2024-06-27 14:09:11,004	[INFO]	Best fitness: 0.000000
2024-06-27 14:09:11,004	[INFO]	
2024-06-27 14:09:11,005	[INFO]	==== BEST PATCH ====
ParamSetting(('minisat_simplified.params', 'param', 'ccmin-mode'), 0)
2024-06-27 14:09:11,005	[INFO]	
2024-06-27 14:09:11,005	[INFO]	==== DIFF ====
[1m--- before: minisat_simplified.params[0m
[1m+++ after: minisat_simplified.params[0m
[36m@@ -7,7 +7,7 @@[0m
 rnd-freq := 0.0
 rnd-seed := 91648253
 phase-saving := 2
[31m-ccmin-mode := 2[0m
[32m+ccmin-mode := 0[0m
 rfirst := 100
 pre := 'True'
 verb := '1'

