2024-06-29 21:07:45,750	[DEBUG]	==== CONFIG ====
[magpie]
import = 
seed = 2903543479342398
log_dir = _magpie_logs
work_dir = _magpie_work
local_original_copy = True
local_original_name = __original__
output_encoding = ascii
edit_retries = 10
default_timeout = 100
default_lengthout = 1e6
diff_method = unified
trust_local_filesystem = True
run_timeout = 100

[magpie.log]
color_output = True
format_info = {counter:<7} {status:<20} {best}{fitness} ({ratio}) [{size}] {cached} {log}
format_debug = patch({counter})="{patch}"{diffifbest}
format_fitness = {:.6f}
format_ratio = {:.2%%}
format_patchif = 
	 --> {patch}
format_diffif = 
	{diff}

[software]
path = examples/minisat
target_files = 
	core/Solver.cc.xml
software = BasicSoftware
model_rules = 
	*.params : ParamFileConfigModel
	*.xml : SrcmlModel
	* : LineModel
model_config = 
	*.params : [paramconfig]
	*.xml : [srcml]
init_cmd = bash init.sh
init_timeout = 60
init_lengthout = -1
setup_cmd = bash compile.sh
setup_timeout = 
setup_lengthout = 
compile_cmd = bash compile.sh
compile_timeout = 
compile_lengthout = 
test_cmd = bash test.sh
test_timeout = 
test_lengthout = 
run_cmd = perf stat -e cpu-clock bash run_fixed.sh
run_timeout = 
run_lengthout = 
retries = 2
batch_timeout = 
batch_lengthout = 
batch_bin_fitness_strategy = aggregate
batch_fitness_strategy = sum
fitness = perf_cpu_clock

[srcml]
rename = 
	stmt: break continue decl_stmt do expr_stmt for goto if return switch while
	number: literal_number
focus = block stmt operator_comp operator_arith number
internodes = block
process_pseudo_blocks = True
process_literals = True
process_operators = True

[paramconfig]
timing = test run
cli_prefix = --
cli_glue = =
cli_boolean = show
cli_boolean_prefix_true = 
cli_boolean_prefix_false = no-
cli_none = hide
silent_prefix = @
silent_suffix = $

[search]
protocol = BasicProtocol
algorithm = FirstImprovement
possible_edits = 
	SrcmlStmtReplacement
	SrcmlStmtInsertion
	SrcmlStmtDeletion
warmup = 3
warmup_strategy = last
max_steps = 10000
max_time = 1800
target_fitness = 
cache_maxsize = 100
cache_keep = 0.2
batch_instances = 
batch_shuffle = True
batch_bin_shuffle = False
batch_sample_size = 1

[search.ls]
delete_prob = 0.5
max_neighbours = 
when_trapped = continue
accept_fail = False
tabu_length = 10

[search.gp]
pop_size = 10
delete_prob = 0.5
offspring_elitism = 0.1
offspring_crossover = 0.5
offspring_mutation = 0.4
uniform_rate = 0.5
batch_reset = True

[search.minify]
do_cleanup = True
do_rebuild = True
do_simplify = True
round_robin_limit = 3


2024-06-29 21:07:45,750	[DEBUG]	
2024-06-29 21:07:45,750	[INFO]	==== SEARCH: FirstImprovement ====
2024-06-29 21:07:45,750	[INFO]	~~~~ WARMUP ~~~~
2024-06-29 21:08:18,008	[DEBUG]	EXEC>  SUCCESS 17.0
2024-06-29 21:08:18,008	[INFO]	WARM    SUCCESS               17.000000 (--) [0 edit(s)]  
2024-06-29 21:08:46,023	[DEBUG]	EXEC>  SUCCESS 57.0
2024-06-29 21:08:46,024	[INFO]	WARM    SUCCESS               57.000000 (--) [0 edit(s)]  
2024-06-29 21:09:13,874	[DEBUG]	EXEC>  SUCCESS 55.0
2024-06-29 21:09:13,875	[INFO]	WARM    SUCCESS               55.000000 (--) [0 edit(s)]  
2024-06-29 21:09:13,875	[INFO]	REF     SUCCESS               55.000000 (--) [0 edit(s)]  
2024-06-29 21:09:13,875	[INFO]	
2024-06-29 21:09:13,875	[INFO]	~~~~ START ~~~~
2024-06-29 21:09:14,311	[INFO]	1       COMPILE_CODE_ERROR    None (--) [1 edit(s)]  
2024-06-29 21:09:14,311	[DEBUG]	patch(1)="SrcmlStmtInsertion(('core/Solver.cc.xml', '_inter_block', 139), ('core/Solver.cc.xml', 'stmt', 78))"
2024-06-29 21:09:44,030	[DEBUG]	EXEC>  SUCCESS 53.5
2024-06-29 21:09:44,030	[INFO]	2       SUCCESS              *53.500000 (97.27%) [1 edit(s)]  
2024-06-29 21:09:44,030	[DEBUG]	patch(2)="SrcmlStmtDeletion(('core/Solver.cc.xml', 'stmt', 131))"
--- before: core/Solver.cc
+++ after: core/Solver.cc
@@ -376,12 +376,7 @@
                 }/*auto*/
             else{
                 Clause& c = ca[reason(var(out_learnt[i]))];
-                for (int k = 1; k < c.size(); k++)
-                    /*auto*/{
-                        if (!seen[var(c[k])] && level(var(c[k])) > 0){
-                        out_learnt[j++] = out_learnt[i];
-                        break; }
-                    }/*auto*/
+                
             }
         }
     }else

2024-06-29 21:09:45,881	[INFO]	3       TEST_CODE_ERROR       None (--) [2 edit(s)]  
2024-06-29 21:09:45,881	[DEBUG]	patch(3)="SrcmlStmtDeletion(('core/Solver.cc.xml', 'stmt', 131)) | SrcmlStmtDeletion(('core/Solver.cc.xml', 'stmt', 54))"
2024-06-29 21:09:47,715	[INFO]	4       TEST_CODE_ERROR       None (--) [2 edit(s)]  
2024-06-29 21:09:47,715	[DEBUG]	patch(4)="SrcmlStmtDeletion(('core/Solver.cc.xml', 'stmt', 131)) | SrcmlStmtReplacement(('core/Solver.cc.xml', 'stmt', 124), ('core/Solver.cc.xml', 'stmt', 299))"
2024-06-29 21:09:47,719	[INFO]	5       SUCCESS               55.000000 (100.00%) [0 edit(s)] [cached] 
2024-06-29 21:09:47,719	[DEBUG]	patch(5)=""
2024-06-29 21:09:48,157	[INFO]	6       COMPILE_CODE_ERROR    None (--) [2 edit(s)]  
2024-06-29 21:09:48,157	[DEBUG]	patch(6)="SrcmlStmtDeletion(('core/Solver.cc.xml', 'stmt', 131)) | SrcmlStmtDeletion(('core/Solver.cc.xml', 'stmt', 3))"
2024-06-29 21:09:48,598	[INFO]	7       COMPILE_CODE_ERROR    None (--) [2 edit(s)]  
2024-06-29 21:09:48,599	[DEBUG]	patch(7)="SrcmlStmtDeletion(('core/Solver.cc.xml', 'stmt', 131)) | SrcmlStmtReplacement(('core/Solver.cc.xml', 'stmt', 236), ('core/Solver.cc.xml', 'stmt', 34))"
2024-06-29 21:09:49,037	[INFO]	8       COMPILE_CODE_ERROR    None (--) [2 edit(s)]  
2024-06-29 21:09:49,037	[DEBUG]	patch(8)="SrcmlStmtDeletion(('core/Solver.cc.xml', 'stmt', 131)) | SrcmlStmtDeletion(('core/Solver.cc.xml', 'stmt', 353))"
2024-06-29 21:09:50,902	[INFO]	9       TEST_CODE_ERROR       None (--) [2 edit(s)]  
2024-06-29 21:09:50,902	[DEBUG]	patch(9)="SrcmlStmtDeletion(('core/Solver.cc.xml', 'stmt', 131)) | SrcmlStmtDeletion(('core/Solver.cc.xml', 'stmt', 220))"
2024-06-29 21:10:20,739	[DEBUG]	EXEC>  SUCCESS 43.0
2024-06-29 21:10:20,739	[INFO]	10      SUCCESS              *43.000000 (78.18%) [2 edit(s)]  
2024-06-29 21:10:20,739	[DEBUG]	patch(10)="SrcmlStmtDeletion(('core/Solver.cc.xml', 'stmt', 131)) | SrcmlStmtInsertion(('core/Solver.cc.xml', '_inter_block', 124), ('core/Solver.cc.xml', 'stmt', 126))"
--- before: core/Solver.cc
+++ after: core/Solver.cc
@@ -376,12 +376,7 @@
                 }/*auto*/
             else{
                 Clause& c = ca[reason(var(out_learnt[i]))];
-                for (int k = 1; k < c.size(); k++)
-                    /*auto*/{
-                        if (!seen[var(c[k])] && level(var(c[k])) > 0){
-                        out_learnt[j++] = out_learnt[i];
-                        break; }
-                    }/*auto*/
+                
             }
         }
     }else
@@ -414,6 +409,23 @@
         out_learnt[max_i] = out_learnt[1];
         out_learnt[1]     = p;
         out_btlevel       = level(var(p));
+    }
+    for (i = j = 1; i < out_learnt.size(); i++){
+        Var x = var(out_learnt[i]);
+
+        if (reason(x) == CRef_Undef)
+            /*auto*/{
+                out_learnt[j++] = out_learnt[i];
+            }/*auto*/
+        else{
+            Clause& c = ca[reason(var(out_learnt[i]))];
+            for (int k = 1; k < c.size(); k++)
+                /*auto*/{
+                    if (!seen[var(c[k])] && level(var(c[k])) > 0){
+                    out_learnt[j++] = out_learnt[i];
+                    break; }
+                }/*auto*/
+        }
     }
 
     for (int j = 0; j < analyze_toclear.size(); j++) /*auto*/{

2024-06-29 21:10:22,548	[INFO]	11      TEST_CODE_ERROR       None (--) [3 edit(s)]  
2024-06-29 21:10:22,549	[DEBUG]	patch(11)="SrcmlStmtDeletion(('core/Solver.cc.xml', 'stmt', 131)) | SrcmlStmtInsertion(('core/Solver.cc.xml', '_inter_block', 124), ('core/Solver.cc.xml', 'stmt', 126)) | SrcmlStmtDeletion(('core/Solver.cc.xml', 'stmt', 161))"
2024-06-29 21:10:52,458	[DEBUG]	EXEC>  SUCCESS 91.0
2024-06-29 21:10:52,459	[INFO]	12      SUCCESS               91.000000 (165.45%) [1 edit(s)]  
2024-06-29 21:10:52,459	[DEBUG]	patch(12)="SrcmlStmtInsertion(('core/Solver.cc.xml', '_inter_block', 124), ('core/Solver.cc.xml', 'stmt', 126))"
2024-06-29 21:10:52,898	[INFO]	13      COMPILE_CODE_ERROR    None (--) [3 edit(s)]  
2024-06-29 21:10:52,898	[DEBUG]	patch(13)="SrcmlStmtDeletion(('core/Solver.cc.xml', 'stmt', 131)) | SrcmlStmtInsertion(('core/Solver.cc.xml', '_inter_block', 124), ('core/Solver.cc.xml', 'stmt', 126)) | SrcmlStmtReplacement(('core/Solver.cc.xml', 'stmt', 82), ('core/Solver.cc.xml', 'stmt', 218))"
2024-06-29 21:10:53,341	[INFO]	14      COMPILE_CODE_ERROR    None (--) [3 edit(s)]  
2024-06-29 21:10:53,341	[DEBUG]	patch(14)="SrcmlStmtDeletion(('core/Solver.cc.xml', 'stmt', 131)) | SrcmlStmtInsertion(('core/Solver.cc.xml', '_inter_block', 124), ('core/Solver.cc.xml', 'stmt', 126)) | SrcmlStmtReplacement(('core/Solver.cc.xml', 'stmt', 299), ('core/Solver.cc.xml', 'stmt', 167))"
2024-06-29 21:10:53,781	[INFO]	15      COMPILE_CODE_ERROR    None (--) [3 edit(s)]  
2024-06-29 21:10:53,781	[DEBUG]	patch(15)="SrcmlStmtDeletion(('core/Solver.cc.xml', 'stmt', 131)) | SrcmlStmtInsertion(('core/Solver.cc.xml', '_inter_block', 124), ('core/Solver.cc.xml', 'stmt', 126)) | SrcmlStmtDeletion(('core/Solver.cc.xml', 'stmt', 2))"
2024-06-29 21:11:23,876	[DEBUG]	EXEC>  SUCCESS 65.0
2024-06-29 21:11:23,876	[INFO]	16      SUCCESS               65.000000 (118.18%) [3 edit(s)]  
2024-06-29 21:11:23,876	[DEBUG]	patch(16)="SrcmlStmtDeletion(('core/Solver.cc.xml', 'stmt', 131)) | SrcmlStmtInsertion(('core/Solver.cc.xml', '_inter_block', 124), ('core/Solver.cc.xml', 'stmt', 126)) | SrcmlStmtInsertion(('core/Solver.cc.xml', '_inter_block', 29), ('core/Solver.cc.xml', 'stmt', 86))"
2024-06-29 21:11:24,315	[INFO]	17      COMPILE_CODE_ERROR    None (--) [3 edit(s)]  
2024-06-29 21:11:24,315	[DEBUG]	patch(17)="SrcmlStmtDeletion(('core/Solver.cc.xml', 'stmt', 131)) | SrcmlStmtInsertion(('core/Solver.cc.xml', '_inter_block', 124), ('core/Solver.cc.xml', 'stmt', 126)) | SrcmlStmtDeletion(('core/Solver.cc.xml', 'stmt', 233))"
2024-06-29 21:11:24,320	[INFO]	18      SUCCESS               53.500000 (97.27%) [1 edit(s)] [cached] 
2024-06-29 21:11:24,320	[DEBUG]	patch(18)="SrcmlStmtDeletion(('core/Solver.cc.xml', 'stmt', 131))"
2024-06-29 21:11:49,824	[DEBUG]	EXEC>  SUCCESS 58.0
2024-06-29 21:11:49,824	[INFO]	19      SUCCESS               58.000000 (105.45%) [3 edit(s)]  
2024-06-29 21:11:49,824	[DEBUG]	patch(19)="SrcmlStmtDeletion(('core/Solver.cc.xml', 'stmt', 131)) | SrcmlStmtInsertion(('core/Solver.cc.xml', '_inter_block', 124), ('core/Solver.cc.xml', 'stmt', 126)) | SrcmlStmtReplacement(('core/Solver.cc.xml', 'stmt', 137), ('core/Solver.cc.xml', 'stmt', 313))"
2024-06-29 21:12:15,842	[DEBUG]	EXEC>  SUCCESS 45.5
2024-06-29 21:12:15,843	[INFO]	20      SUCCESS               45.500000 (82.73%) [3 edit(s)]  
2024-06-29 21:12:15,843	[DEBUG]	patch(20)="SrcmlStmtDeletion(('core/Solver.cc.xml', 'stmt', 131)) | SrcmlStmtInsertion(('core/Solver.cc.xml', '_inter_block', 124), ('core/Solver.cc.xml', 'stmt', 126)) | SrcmlStmtInsertion(('core/Solver.cc.xml', '_inter_block', 125), ('core/Solver.cc.xml', 'stmt', 292))"
2024-06-29 21:12:16,289	[INFO]	21      COMPILE_CODE_ERROR    None (--) [3 edit(s)]  
2024-06-29 21:12:16,290	[DEBUG]	patch(21)="SrcmlStmtDeletion(('core/Solver.cc.xml', 'stmt', 131)) | SrcmlStmtInsertion(('core/Solver.cc.xml', '_inter_block', 124), ('core/Solver.cc.xml', 'stmt', 126)) | SrcmlStmtInsertion(('core/Solver.cc.xml', '_inter_block', 283), ('core/Solver.cc.xml', 'stmt', 381))"
2024-06-29 21:12:16,726	[INFO]	22      COMPILE_CODE_ERROR    None (--) [3 edit(s)]  
2024-06-29 21:12:16,726	[DEBUG]	patch(22)="SrcmlStmtDeletion(('core/Solver.cc.xml', 'stmt', 131)) | SrcmlStmtInsertion(('core/Solver.cc.xml', '_inter_block', 124), ('core/Solver.cc.xml', 'stmt', 126)) | SrcmlStmtReplacement(('core/Solver.cc.xml', 'stmt', 406), ('core/Solver.cc.xml', 'stmt', 84))"
2024-06-29 21:12:17,161	[INFO]	23      COMPILE_CODE_ERROR    None (--) [3 edit(s)]  
2024-06-29 21:12:17,162	[DEBUG]	patch(23)="SrcmlStmtDeletion(('core/Solver.cc.xml', 'stmt', 131)) | SrcmlStmtInsertion(('core/Solver.cc.xml', '_inter_block', 124), ('core/Solver.cc.xml', 'stmt', 126)) | SrcmlStmtReplacement(('core/Solver.cc.xml', 'stmt', 129), ('core/Solver.cc.xml', 'stmt', 285))"
2024-06-29 21:12:17,603	[INFO]	24      COMPILE_CODE_ERROR    None (--) [3 edit(s)]  
2024-06-29 21:12:17,603	[DEBUG]	patch(24)="SrcmlStmtDeletion(('core/Solver.cc.xml', 'stmt', 131)) | SrcmlStmtInsertion(('core/Solver.cc.xml', '_inter_block', 124), ('core/Solver.cc.xml', 'stmt', 126)) | SrcmlStmtReplacement(('core/Solver.cc.xml', 'stmt', 99), ('core/Solver.cc.xml', 'stmt', 104))"
2024-06-29 21:12:47,196	[DEBUG]	EXEC>  SUCCESS 61.0
2024-06-29 21:12:47,196	[INFO]	25      SUCCESS               61.000000 (110.91%) [3 edit(s)]  
2024-06-29 21:12:47,196	[DEBUG]	patch(25)="SrcmlStmtDeletion(('core/Solver.cc.xml', 'stmt', 131)) | SrcmlStmtInsertion(('core/Solver.cc.xml', '_inter_block', 124), ('core/Solver.cc.xml', 'stmt', 126)) | SrcmlStmtReplacement(('core/Solver.cc.xml', 'stmt', 398), ('core/Solver.cc.xml', 'stmt', 262))"
2024-06-29 21:12:47,636	[INFO]	26      COMPILE_CODE_ERROR    None (--) [3 edit(s)]  
2024-06-29 21:12:47,636	[DEBUG]	patch(26)="SrcmlStmtDeletion(('core/Solver.cc.xml', 'stmt', 131)) | SrcmlStmtInsertion(('core/Solver.cc.xml', '_inter_block', 124), ('core/Solver.cc.xml', 'stmt', 126)) | SrcmlStmtInsertion(('core/Solver.cc.xml', '_inter_block', 342), ('core/Solver.cc.xml', 'stmt', 22))"
2024-06-29 21:12:49,545	[INFO]	27      TEST_CODE_ERROR       None (--) [3 edit(s)]  
2024-06-29 21:12:49,545	[DEBUG]	patch(27)="SrcmlStmtDeletion(('core/Solver.cc.xml', 'stmt', 131)) | SrcmlStmtInsertion(('core/Solver.cc.xml', '_inter_block', 124), ('core/Solver.cc.xml', 'stmt', 126)) | SrcmlStmtDeletion(('core/Solver.cc.xml', 'stmt', 280))"
2024-06-29 21:13:19,612	[DEBUG]	EXEC>  SUCCESS 71.0
2024-06-29 21:13:19,612	[INFO]	28      SUCCESS               71.000000 (129.09%) [3 edit(s)]  
2024-06-29 21:13:19,612	[DEBUG]	patch(28)="SrcmlStmtDeletion(('core/Solver.cc.xml', 'stmt', 131)) | SrcmlStmtInsertion(('core/Solver.cc.xml', '_inter_block', 124), ('core/Solver.cc.xml', 'stmt', 126)) | SrcmlStmtDeletion(('core/Solver.cc.xml', 'stmt', 49))"
2024-06-29 21:13:20,058	[INFO]	29      COMPILE_CODE_ERROR    None (--) [3 edit(s)]  
2024-06-29 21:13:20,058	[DEBUG]	patch(29)="SrcmlStmtDeletion(('core/Solver.cc.xml', 'stmt', 131)) | SrcmlStmtInsertion(('core/Solver.cc.xml', '_inter_block', 124), ('core/Solver.cc.xml', 'stmt', 126)) | SrcmlStmtReplacement(('core/Solver.cc.xml', 'stmt', 158), ('core/Solver.cc.xml', 'stmt', 354))"
2024-06-29 21:13:49,753	[DEBUG]	EXEC>  SUCCESS 27.5
2024-06-29 21:13:49,753	[INFO]	30      SUCCESS              *27.500000 (50.00%) [3 edit(s)]  
2024-06-29 21:13:49,753	[DEBUG]	patch(30)="SrcmlStmtDeletion(('core/Solver.cc.xml', 'stmt', 131)) | SrcmlStmtInsertion(('core/Solver.cc.xml', '_inter_block', 124), ('core/Solver.cc.xml', 'stmt', 126)) | SrcmlStmtInsertion(('core/Solver.cc.xml', '_inter_block', 524), ('core/Solver.cc.xml', 'stmt', 265))"
--- before: core/Solver.cc
+++ after: core/Solver.cc
@@ -376,12 +376,7 @@
                 }/*auto*/
             else{
                 Clause& c = ca[reason(var(out_learnt[i]))];
-                for (int k = 1; k < c.size(); k++)
-                    /*auto*/{
-                        if (!seen[var(c[k])] && level(var(c[k])) > 0){
-                        out_learnt[j++] = out_learnt[i];
-                        break; }
-                    }/*auto*/
+                
             }
         }
     }else
@@ -414,6 +409,23 @@
         out_learnt[max_i] = out_learnt[1];
         out_learnt[1]     = p;
         out_btlevel       = level(var(p));
+    }
+    for (i = j = 1; i < out_learnt.size(); i++){
+        Var x = var(out_learnt[i]);
+
+        if (reason(x) == CRef_Undef)
+            /*auto*/{
+                out_learnt[j++] = out_learnt[i];
+            }/*auto*/
+        else{
+            Clause& c = ca[reason(var(out_learnt[i]))];
+            for (int k = 1; k < c.size(); k++)
+                /*auto*/{
+                    if (!seen[var(c[k])] && level(var(c[k])) > 0){
+                    out_learnt[j++] = out_learnt[i];
+                    break; }
+                }/*auto*/
+        }
     }
 
     for (int j = 0; j < analyze_toclear.size(); j++) /*auto*/{
@@ -976,6 +988,7 @@
             /*auto*/{
                 cnt++;
             }/*auto*/
+            checkGarbage();
         }/*auto*/
         
     for (int i = 0; i < clauses.size(); i++)

2024-06-29 21:14:19,271	[DEBUG]	EXEC>  SUCCESS 48.0
2024-06-29 21:14:19,271	[INFO]	31      SUCCESS               48.000000 (87.27%) [2 edit(s)]  
2024-06-29 21:14:19,271	[DEBUG]	patch(31)="SrcmlStmtDeletion(('core/Solver.cc.xml', 'stmt', 131)) | SrcmlStmtInsertion(('core/Solver.cc.xml', '_inter_block', 524), ('core/Solver.cc.xml', 'stmt', 265))"
2024-06-29 21:14:19,715	[INFO]	32      COMPILE_CODE_ERROR    None (--) [4 edit(s)]  
2024-06-29 21:14:19,715	[DEBUG]	patch(32)="SrcmlStmtDeletion(('core/Solver.cc.xml', 'stmt', 131)) | SrcmlStmtInsertion(('core/Solver.cc.xml', '_inter_block', 124), ('core/Solver.cc.xml', 'stmt', 126)) | SrcmlStmtInsertion(('core/Solver.cc.xml', '_inter_block', 524), ('core/Solver.cc.xml', 'stmt', 265)) | SrcmlStmtReplacement(('core/Solver.cc.xml', 'stmt', 298), ('core/Solver.cc.xml', 'stmt', 47))"
2024-06-29 21:14:49,419	[DEBUG]	EXEC>  SUCCESS 46.0
2024-06-29 21:14:49,419	[INFO]	33      SUCCESS               46.000000 (83.64%) [4 edit(s)]  
2024-06-29 21:14:49,419	[DEBUG]	patch(33)="SrcmlStmtDeletion(('core/Solver.cc.xml', 'stmt', 131)) | SrcmlStmtInsertion(('core/Solver.cc.xml', '_inter_block', 124), ('core/Solver.cc.xml', 'stmt', 126)) | SrcmlStmtInsertion(('core/Solver.cc.xml', '_inter_block', 524), ('core/Solver.cc.xml', 'stmt', 265)) | SrcmlStmtInsertion(('core/Solver.cc.xml', '_inter_block', 405), ('core/Solver.cc.xml', 'stmt', 15))"
2024-06-29 21:14:49,859	[INFO]	34      COMPILE_CODE_ERROR    None (--) [4 edit(s)]  
2024-06-29 21:14:49,859	[DEBUG]	patch(34)="SrcmlStmtDeletion(('core/Solver.cc.xml', 'stmt', 131)) | SrcmlStmtInsertion(('core/Solver.cc.xml', '_inter_block', 124), ('core/Solver.cc.xml', 'stmt', 126)) | SrcmlStmtInsertion(('core/Solver.cc.xml', '_inter_block', 524), ('core/Solver.cc.xml', 'stmt', 265)) | SrcmlStmtInsertion(('core/Solver.cc.xml', '_inter_block', 106), ('core/Solver.cc.xml', 'stmt', 187))"
2024-06-29 21:14:50,306	[INFO]	35      COMPILE_CODE_ERROR    None (--) [4 edit(s)]  
2024-06-29 21:14:50,306	[DEBUG]	patch(35)="SrcmlStmtDeletion(('core/Solver.cc.xml', 'stmt', 131)) | SrcmlStmtInsertion(('core/Solver.cc.xml', '_inter_block', 124), ('core/Solver.cc.xml', 'stmt', 126)) | SrcmlStmtInsertion(('core/Solver.cc.xml', '_inter_block', 524), ('core/Solver.cc.xml', 'stmt', 265)) | SrcmlStmtInsertion(('core/Solver.cc.xml', '_inter_block', 133), ('core/Solver.cc.xml', 'stmt', 199))"
2024-06-29 21:14:50,313	[INFO]	36      SUCCESS               43.000000 (78.18%) [2 edit(s)] [cached] 
2024-06-29 21:14:50,313	[DEBUG]	patch(36)="SrcmlStmtDeletion(('core/Solver.cc.xml', 'stmt', 131)) | SrcmlStmtInsertion(('core/Solver.cc.xml', '_inter_block', 124), ('core/Solver.cc.xml', 'stmt', 126))"
2024-06-29 21:14:52,162	[INFO]	37      TEST_CODE_ERROR       None (--) [4 edit(s)]  
2024-06-29 21:14:52,162	[DEBUG]	patch(37)="SrcmlStmtDeletion(('core/Solver.cc.xml', 'stmt', 131)) | SrcmlStmtInsertion(('core/Solver.cc.xml', '_inter_block', 124), ('core/Solver.cc.xml', 'stmt', 126)) | SrcmlStmtInsertion(('core/Solver.cc.xml', '_inter_block', 524), ('core/Solver.cc.xml', 'stmt', 265)) | SrcmlStmtReplacement(('core/Solver.cc.xml', 'stmt', 102), ('core/Solver.cc.xml', 'stmt', 100))"
2024-06-29 21:15:21,987	[DEBUG]	EXEC>  SUCCESS 75.0
2024-06-29 21:15:21,988	[INFO]	38      SUCCESS               75.000000 (136.36%) [2 edit(s)]  
2024-06-29 21:15:21,988	[DEBUG]	patch(38)="SrcmlStmtInsertion(('core/Solver.cc.xml', '_inter_block', 124), ('core/Solver.cc.xml', 'stmt', 126)) | SrcmlStmtInsertion(('core/Solver.cc.xml', '_inter_block', 524), ('core/Solver.cc.xml', 'stmt', 265))"
2024-06-29 21:15:44,595	[DEBUG]	EXEC>  SUCCESS 39.5
2024-06-29 21:15:44,595	[INFO]	39      SUCCESS               39.500000 (71.82%) [4 edit(s)]  
2024-06-29 21:15:44,596	[DEBUG]	patch(39)="SrcmlStmtDeletion(('core/Solver.cc.xml', 'stmt', 131)) | SrcmlStmtInsertion(('core/Solver.cc.xml', '_inter_block', 124), ('core/Solver.cc.xml', 'stmt', 126)) | SrcmlStmtInsertion(('core/Solver.cc.xml', '_inter_block', 524), ('core/Solver.cc.xml', 'stmt', 265)) | SrcmlStmtReplacement(('core/Solver.cc.xml', 'stmt', 293), ('core/Solver.cc.xml', 'stmt', 5))"
2024-06-29 21:15:45,054	[INFO]	40      COMPILE_CODE_ERROR    None (--) [4 edit(s)]  
2024-06-29 21:15:45,054	[DEBUG]	patch(40)="SrcmlStmtDeletion(('core/Solver.cc.xml', 'stmt', 131)) | SrcmlStmtInsertion(('core/Solver.cc.xml', '_inter_block', 124), ('core/Solver.cc.xml', 'stmt', 126)) | SrcmlStmtInsertion(('core/Solver.cc.xml', '_inter_block', 524), ('core/Solver.cc.xml', 'stmt', 265)) | SrcmlStmtInsertion(('core/Solver.cc.xml', '_inter_block', 87), ('core/Solver.cc.xml', 'stmt', 277))"
2024-06-29 21:15:46,872	[INFO]	41      TEST_CODE_ERROR       None (--) [4 edit(s)]  
2024-06-29 21:15:46,872	[DEBUG]	patch(41)="SrcmlStmtDeletion(('core/Solver.cc.xml', 'stmt', 131)) | SrcmlStmtInsertion(('core/Solver.cc.xml', '_inter_block', 124), ('core/Solver.cc.xml', 'stmt', 126)) | SrcmlStmtInsertion(('core/Solver.cc.xml', '_inter_block', 524), ('core/Solver.cc.xml', 'stmt', 265)) | SrcmlStmtDeletion(('core/Solver.cc.xml', 'stmt', 117))"
2024-06-29 21:15:47,315	[INFO]	42      COMPILE_CODE_ERROR    None (--) [4 edit(s)]  
2024-06-29 21:15:47,316	[DEBUG]	patch(42)="SrcmlStmtDeletion(('core/Solver.cc.xml', 'stmt', 131)) | SrcmlStmtInsertion(('core/Solver.cc.xml', '_inter_block', 124), ('core/Solver.cc.xml', 'stmt', 126)) | SrcmlStmtInsertion(('core/Solver.cc.xml', '_inter_block', 524), ('core/Solver.cc.xml', 'stmt', 265)) | SrcmlStmtInsertion(('core/Solver.cc.xml', '_inter_block', 261), ('core/Solver.cc.xml', 'stmt', 101))"
2024-06-29 21:15:47,754	[INFO]	43      COMPILE_CODE_ERROR    None (--) [4 edit(s)]  
2024-06-29 21:15:47,754	[DEBUG]	patch(43)="SrcmlStmtDeletion(('core/Solver.cc.xml', 'stmt', 131)) | SrcmlStmtInsertion(('core/Solver.cc.xml', '_inter_block', 124), ('core/Solver.cc.xml', 'stmt', 126)) | SrcmlStmtInsertion(('core/Solver.cc.xml', '_inter_block', 524), ('core/Solver.cc.xml', 'stmt', 265)) | SrcmlStmtReplacement(('core/Solver.cc.xml', 'stmt', 2), ('core/Solver.cc.xml', 'stmt', 306))"
2024-06-29 21:17:29,686	[INFO]	44      TEST_TIMEOUT          None (--) [4 edit(s)]  
2024-06-29 21:17:29,686	[DEBUG]	patch(44)="SrcmlStmtDeletion(('core/Solver.cc.xml', 'stmt', 131)) | SrcmlStmtInsertion(('core/Solver.cc.xml', '_inter_block', 124), ('core/Solver.cc.xml', 'stmt', 126)) | SrcmlStmtInsertion(('core/Solver.cc.xml', '_inter_block', 524), ('core/Solver.cc.xml', 'stmt', 265)) | SrcmlStmtDeletion(('core/Solver.cc.xml', 'stmt', 333))"
2024-06-29 21:17:30,129	[INFO]	45      COMPILE_CODE_ERROR    None (--) [4 edit(s)]  
2024-06-29 21:17:30,130	[DEBUG]	patch(45)="SrcmlStmtDeletion(('core/Solver.cc.xml', 'stmt', 131)) | SrcmlStmtInsertion(('core/Solver.cc.xml', '_inter_block', 124), ('core/Solver.cc.xml', 'stmt', 126)) | SrcmlStmtInsertion(('core/Solver.cc.xml', '_inter_block', 524), ('core/Solver.cc.xml', 'stmt', 265)) | SrcmlStmtDeletion(('core/Solver.cc.xml', 'stmt', 390))"
2024-06-29 21:17:30,573	[INFO]	46      COMPILE_CODE_ERROR    None (--) [4 edit(s)]  
2024-06-29 21:17:30,574	[DEBUG]	patch(46)="SrcmlStmtDeletion(('core/Solver.cc.xml', 'stmt', 131)) | SrcmlStmtInsertion(('core/Solver.cc.xml', '_inter_block', 124), ('core/Solver.cc.xml', 'stmt', 126)) | SrcmlStmtInsertion(('core/Solver.cc.xml', '_inter_block', 524), ('core/Solver.cc.xml', 'stmt', 265)) | SrcmlStmtInsertion(('core/Solver.cc.xml', '_inter_block', 174), ('core/Solver.cc.xml', 'stmt', 107))"
2024-06-29 21:17:31,016	[INFO]	47      COMPILE_CODE_ERROR    None (--) [4 edit(s)]  
2024-06-29 21:17:31,016	[DEBUG]	patch(47)="SrcmlStmtDeletion(('core/Solver.cc.xml', 'stmt', 131)) | SrcmlStmtInsertion(('core/Solver.cc.xml', '_inter_block', 124), ('core/Solver.cc.xml', 'stmt', 126)) | SrcmlStmtInsertion(('core/Solver.cc.xml', '_inter_block', 524), ('core/Solver.cc.xml', 'stmt', 265)) | SrcmlStmtReplacement(('core/Solver.cc.xml', 'stmt', 87), ('core/Solver.cc.xml', 'stmt', 182))"
2024-06-29 21:20:07,919	[DEBUG]	EXEC>  SUCCESS 48.5
2024-06-29 21:20:07,919	[INFO]	48      SUCCESS               48.500000 (88.18%) [4 edit(s)]  
2024-06-29 21:20:07,919	[DEBUG]	patch(48)="SrcmlStmtDeletion(('core/Solver.cc.xml', 'stmt', 131)) | SrcmlStmtInsertion(('core/Solver.cc.xml', '_inter_block', 124), ('core/Solver.cc.xml', 'stmt', 126)) | SrcmlStmtInsertion(('core/Solver.cc.xml', '_inter_block', 524), ('core/Solver.cc.xml', 'stmt', 265)) | SrcmlStmtReplacement(('core/Solver.cc.xml', 'stmt', 225), ('core/Solver.cc.xml', 'stmt', 278))"
2024-06-29 21:20:08,360	[INFO]	49      COMPILE_CODE_ERROR    None (--) [4 edit(s)]  
2024-06-29 21:20:08,360	[DEBUG]	patch(49)="SrcmlStmtDeletion(('core/Solver.cc.xml', 'stmt', 131)) | SrcmlStmtInsertion(('core/Solver.cc.xml', '_inter_block', 124), ('core/Solver.cc.xml', 'stmt', 126)) | SrcmlStmtInsertion(('core/Solver.cc.xml', '_inter_block', 524), ('core/Solver.cc.xml', 'stmt', 265)) | SrcmlStmtReplacement(('core/Solver.cc.xml', 'stmt', 115), ('core/Solver.cc.xml', 'stmt', 379))"
2024-06-29 21:20:08,801	[INFO]	50      COMPILE_CODE_ERROR    None (--) [4 edit(s)]  
2024-06-29 21:20:08,801	[DEBUG]	patch(50)="SrcmlStmtDeletion(('core/Solver.cc.xml', 'stmt', 131)) | SrcmlStmtInsertion(('core/Solver.cc.xml', '_inter_block', 124), ('core/Solver.cc.xml', 'stmt', 126)) | SrcmlStmtInsertion(('core/Solver.cc.xml', '_inter_block', 524), ('core/Solver.cc.xml', 'stmt', 265)) | SrcmlStmtReplacement(('core/Solver.cc.xml', 'stmt', 296), ('core/Solver.cc.xml', 'stmt', 187))"
2024-06-29 21:20:38,553	[DEBUG]	EXEC>  SUCCESS 69.5
2024-06-29 21:20:38,553	[INFO]	51      SUCCESS               69.500000 (126.36%) [4 edit(s)]  
2024-06-29 21:20:38,553	[DEBUG]	patch(51)="SrcmlStmtDeletion(('core/Solver.cc.xml', 'stmt', 131)) | SrcmlStmtInsertion(('core/Solver.cc.xml', '_inter_block', 124), ('core/Solver.cc.xml', 'stmt', 126)) | SrcmlStmtInsertion(('core/Solver.cc.xml', '_inter_block', 524), ('core/Solver.cc.xml', 'stmt', 265)) | SrcmlStmtInsertion(('core/Solver.cc.xml', '_inter_block', 572), ('core/Solver.cc.xml', 'stmt', 274))"
2024-06-29 21:20:40,369	[INFO]	52      TEST_CODE_ERROR       None (--) [4 edit(s)]  
2024-06-29 21:20:40,369	[DEBUG]	patch(52)="SrcmlStmtDeletion(('core/Solver.cc.xml', 'stmt', 131)) | SrcmlStmtInsertion(('core/Solver.cc.xml', '_inter_block', 124), ('core/Solver.cc.xml', 'stmt', 126)) | SrcmlStmtInsertion(('core/Solver.cc.xml', '_inter_block', 524), ('core/Solver.cc.xml', 'stmt', 265)) | SrcmlStmtDeletion(('core/Solver.cc.xml', 'stmt', 78))"
2024-06-29 21:20:42,237	[INFO]	53      TEST_CODE_ERROR       None (--) [4 edit(s)]  
2024-06-29 21:20:42,238	[DEBUG]	patch(53)="SrcmlStmtDeletion(('core/Solver.cc.xml', 'stmt', 131)) | SrcmlStmtInsertion(('core/Solver.cc.xml', '_inter_block', 124), ('core/Solver.cc.xml', 'stmt', 126)) | SrcmlStmtInsertion(('core/Solver.cc.xml', '_inter_block', 524), ('core/Solver.cc.xml', 'stmt', 265)) | SrcmlStmtReplacement(('core/Solver.cc.xml', 'stmt', 228), ('core/Solver.cc.xml', 'stmt', 187))"
2024-06-29 21:20:42,691	[INFO]	54      COMPILE_CODE_ERROR    None (--) [4 edit(s)]  
2024-06-29 21:20:42,691	[DEBUG]	patch(54)="SrcmlStmtDeletion(('core/Solver.cc.xml', 'stmt', 131)) | SrcmlStmtInsertion(('core/Solver.cc.xml', '_inter_block', 124), ('core/Solver.cc.xml', 'stmt', 126)) | SrcmlStmtInsertion(('core/Solver.cc.xml', '_inter_block', 524), ('core/Solver.cc.xml', 'stmt', 265)) | SrcmlStmtInsertion(('core/Solver.cc.xml', '_inter_block', 567), ('core/Solver.cc.xml', 'stmt', 207))"
2024-06-29 21:20:43,139	[INFO]	55      COMPILE_CODE_ERROR    None (--) [4 edit(s)]  
2024-06-29 21:20:43,139	[DEBUG]	patch(55)="SrcmlStmtDeletion(('core/Solver.cc.xml', 'stmt', 131)) | SrcmlStmtInsertion(('core/Solver.cc.xml', '_inter_block', 124), ('core/Solver.cc.xml', 'stmt', 126)) | SrcmlStmtInsertion(('core/Solver.cc.xml', '_inter_block', 524), ('core/Solver.cc.xml', 'stmt', 265)) | SrcmlStmtInsertion(('core/Solver.cc.xml', '_inter_block', 385), ('core/Solver.cc.xml', 'stmt', 217))"
2024-06-29 21:20:43,597	[INFO]	56      COMPILE_CODE_ERROR    None (--) [4 edit(s)]  
2024-06-29 21:20:43,597	[DEBUG]	patch(56)="SrcmlStmtDeletion(('core/Solver.cc.xml', 'stmt', 131)) | SrcmlStmtInsertion(('core/Solver.cc.xml', '_inter_block', 124), ('core/Solver.cc.xml', 'stmt', 126)) | SrcmlStmtInsertion(('core/Solver.cc.xml', '_inter_block', 524), ('core/Solver.cc.xml', 'stmt', 265)) | SrcmlStmtInsertion(('core/Solver.cc.xml', '_inter_block', 403), ('core/Solver.cc.xml', 'stmt', 223))"
2024-06-29 21:20:44,048	[INFO]	57      COMPILE_CODE_ERROR    None (--) [4 edit(s)]  
2024-06-29 21:20:44,048	[DEBUG]	patch(57)="SrcmlStmtDeletion(('core/Solver.cc.xml', 'stmt', 131)) | SrcmlStmtInsertion(('core/Solver.cc.xml', '_inter_block', 124), ('core/Solver.cc.xml', 'stmt', 126)) | SrcmlStmtInsertion(('core/Solver.cc.xml', '_inter_block', 524), ('core/Solver.cc.xml', 'stmt', 265)) | SrcmlStmtInsertion(('core/Solver.cc.xml', '_inter_block', 454), ('core/Solver.cc.xml', 'stmt', 30))"
2024-06-29 21:20:44,489	[INFO]	58      COMPILE_CODE_ERROR    None (--) [4 edit(s)]  
2024-06-29 21:20:44,489	[DEBUG]	patch(58)="SrcmlStmtDeletion(('core/Solver.cc.xml', 'stmt', 131)) | SrcmlStmtInsertion(('core/Solver.cc.xml', '_inter_block', 124), ('core/Solver.cc.xml', 'stmt', 126)) | SrcmlStmtInsertion(('core/Solver.cc.xml', '_inter_block', 524), ('core/Solver.cc.xml', 'stmt', 265)) | SrcmlStmtReplacement(('core/Solver.cc.xml', 'stmt', 54), ('core/Solver.cc.xml', 'stmt', 371))"
2024-06-29 21:21:14,994	[DEBUG]	EXEC>  SUCCESS 27.0
2024-06-29 21:21:14,995	[INFO]	59      SUCCESS              *27.000000 (49.09%) [4 edit(s)]  
2024-06-29 21:21:14,995	[DEBUG]	patch(59)="SrcmlStmtDeletion(('core/Solver.cc.xml', 'stmt', 131)) | SrcmlStmtInsertion(('core/Solver.cc.xml', '_inter_block', 124), ('core/Solver.cc.xml', 'stmt', 126)) | SrcmlStmtInsertion(('core/Solver.cc.xml', '_inter_block', 524), ('core/Solver.cc.xml', 'stmt', 265)) | SrcmlStmtDeletion(('core/Solver.cc.xml', 'stmt', 260))"
--- before: core/Solver.cc
+++ after: core/Solver.cc
@@ -376,12 +376,7 @@
                 }/*auto*/
             else{
                 Clause& c = ca[reason(var(out_learnt[i]))];
-                for (int k = 1; k < c.size(); k++)
-                    /*auto*/{
-                        if (!seen[var(c[k])] && level(var(c[k])) > 0){
-                        out_learnt[j++] = out_learnt[i];
-                        break; }
-                    }/*auto*/
+                
             }
         }
     }else
@@ -414,6 +409,23 @@
         out_learnt[max_i] = out_learnt[1];
         out_learnt[1]     = p;
         out_btlevel       = level(var(p));
+    }
+    for (i = j = 1; i < out_learnt.size(); i++){
+        Var x = var(out_learnt[i]);
+
+        if (reason(x) == CRef_Undef)
+            /*auto*/{
+                out_learnt[j++] = out_learnt[i];
+            }/*auto*/
+        else{
+            Clause& c = ca[reason(var(out_learnt[i]))];
+            for (int k = 1; k < c.size(); k++)
+                /*auto*/{
+                    if (!seen[var(c[k])] && level(var(c[k])) > 0){
+                    out_learnt[j++] = out_learnt[i];
+                    break; }
+                }/*auto*/
+        }
     }
 
     for (int j = 0; j < analyze_toclear.size(); j++) /*auto*/{
@@ -677,10 +689,7 @@
             return ok = false;
         }/*auto*/
 
-    if (nAssigns() == simpDB_assigns || (simpDB_props > 0))
-        /*auto*/{
-            return true;
-        }/*auto*/
+    
 
     // Remove satisfied clauses:
     removeSatisfied(learnts);
@@ -976,6 +985,7 @@
             /*auto*/{
                 cnt++;
             }/*auto*/
+            checkGarbage();
         }/*auto*/
         
     for (int i = 0; i < clauses.size(); i++)

2024-06-29 21:22:57,985	[DEBUG]	EXEC>  TIMEOUT None
2024-06-29 21:22:57,986	[INFO]	60      RUN_TIMEOUT           None (--) [5 edit(s)]  
2024-06-29 21:22:57,986	[DEBUG]	patch(60)="SrcmlStmtDeletion(('core/Solver.cc.xml', 'stmt', 131)) | SrcmlStmtInsertion(('core/Solver.cc.xml', '_inter_block', 124), ('core/Solver.cc.xml', 'stmt', 126)) | SrcmlStmtInsertion(('core/Solver.cc.xml', '_inter_block', 524), ('core/Solver.cc.xml', 'stmt', 265)) | SrcmlStmtDeletion(('core/Solver.cc.xml', 'stmt', 260)) | SrcmlStmtDeletion(('core/Solver.cc.xml', 'stmt', 238))"
2024-06-29 21:22:59,883	[INFO]	61      TEST_CODE_ERROR       None (--) [5 edit(s)]  
2024-06-29 21:22:59,883	[DEBUG]	patch(61)="SrcmlStmtDeletion(('core/Solver.cc.xml', 'stmt', 131)) | SrcmlStmtInsertion(('core/Solver.cc.xml', '_inter_block', 124), ('core/Solver.cc.xml', 'stmt', 126)) | SrcmlStmtInsertion(('core/Solver.cc.xml', '_inter_block', 524), ('core/Solver.cc.xml', 'stmt', 265)) | SrcmlStmtDeletion(('core/Solver.cc.xml', 'stmt', 260)) | SrcmlStmtInsertion(('core/Solver.cc.xml', '_inter_block', 183), ('core/Solver.cc.xml', 'stmt', 257))"
2024-06-29 21:23:30,764	[DEBUG]	EXEC>  SUCCESS 37.5
2024-06-29 21:23:30,765	[INFO]	62      SUCCESS               37.500000 (68.18%) [5 edit(s)]  
2024-06-29 21:23:30,765	[DEBUG]	patch(62)="SrcmlStmtDeletion(('core/Solver.cc.xml', 'stmt', 131)) | SrcmlStmtInsertion(('core/Solver.cc.xml', '_inter_block', 124), ('core/Solver.cc.xml', 'stmt', 126)) | SrcmlStmtInsertion(('core/Solver.cc.xml', '_inter_block', 524), ('core/Solver.cc.xml', 'stmt', 265)) | SrcmlStmtDeletion(('core/Solver.cc.xml', 'stmt', 260)) | SrcmlStmtDeletion(('core/Solver.cc.xml', 'stmt', 50))"
2024-06-29 21:23:30,774	[INFO]	63      SUCCESS               27.500000 (50.00%) [3 edit(s)] [cached] 
2024-06-29 21:23:30,774	[DEBUG]	patch(63)="SrcmlStmtDeletion(('core/Solver.cc.xml', 'stmt', 131)) | SrcmlStmtInsertion(('core/Solver.cc.xml', '_inter_block', 124), ('core/Solver.cc.xml', 'stmt', 126)) | SrcmlStmtInsertion(('core/Solver.cc.xml', '_inter_block', 524), ('core/Solver.cc.xml', 'stmt', 265))"
2024-06-29 21:24:00,956	[DEBUG]	EXEC>  SUCCESS 37.0
2024-06-29 21:24:00,956	[INFO]	64      SUCCESS               37.000000 (67.27%) [3 edit(s)]  
2024-06-29 21:24:00,956	[DEBUG]	patch(64)="SrcmlStmtDeletion(('core/Solver.cc.xml', 'stmt', 131)) | SrcmlStmtInsertion(('core/Solver.cc.xml', '_inter_block', 124), ('core/Solver.cc.xml', 'stmt', 126)) | SrcmlStmtDeletion(('core/Solver.cc.xml', 'stmt', 260))"
2024-06-29 21:24:30,750	[DEBUG]	EXEC>  SUCCESS 32.5
2024-06-29 21:24:30,750	[INFO]	65      SUCCESS               32.500000 (59.09%) [5 edit(s)]  
2024-06-29 21:24:30,750	[DEBUG]	patch(65)="SrcmlStmtDeletion(('core/Solver.cc.xml', 'stmt', 131)) | SrcmlStmtInsertion(('core/Solver.cc.xml', '_inter_block', 124), ('core/Solver.cc.xml', 'stmt', 126)) | SrcmlStmtInsertion(('core/Solver.cc.xml', '_inter_block', 524), ('core/Solver.cc.xml', 'stmt', 265)) | SrcmlStmtDeletion(('core/Solver.cc.xml', 'stmt', 260)) | SrcmlStmtInsertion(('core/Solver.cc.xml', '_inter_block', 227), ('core/Solver.cc.xml', 'stmt', 210))"
2024-06-29 21:26:23,339	[INFO]	66      TEST_TIMEOUT          None (--) [5 edit(s)]  
2024-06-29 21:26:25,354	[DEBUG]	patch(66)="SrcmlStmtDeletion(('core/Solver.cc.xml', 'stmt', 131)) | SrcmlStmtInsertion(('core/Solver.cc.xml', '_inter_block', 124), ('core/Solver.cc.xml', 'stmt', 126)) | SrcmlStmtInsertion(('core/Solver.cc.xml', '_inter_block', 524), ('core/Solver.cc.xml', 'stmt', 265)) | SrcmlStmtDeletion(('core/Solver.cc.xml', 'stmt', 260)) | SrcmlStmtReplacement(('core/Solver.cc.xml', 'stmt', 71), ('core/Solver.cc.xml', 'stmt', 8))"
2024-06-29 21:29:01,446	[INFO]	67      TEST_TIMEOUT          None (--) [5 edit(s)]  
2024-06-29 21:29:01,446	[DEBUG]	patch(67)="SrcmlStmtDeletion(('core/Solver.cc.xml', 'stmt', 131)) | SrcmlStmtInsertion(('core/Solver.cc.xml', '_inter_block', 124), ('core/Solver.cc.xml', 'stmt', 126)) | SrcmlStmtInsertion(('core/Solver.cc.xml', '_inter_block', 524), ('core/Solver.cc.xml', 'stmt', 265)) | SrcmlStmtDeletion(('core/Solver.cc.xml', 'stmt', 260)) | SrcmlStmtReplacement(('core/Solver.cc.xml', 'stmt', 303), ('core/Solver.cc.xml', 'stmt', 357))"
2024-06-29 21:29:32,705	[DEBUG]	EXEC>  SUCCESS 65.5
2024-06-29 21:29:32,713	[INFO]	68      SUCCESS               65.500000 (119.09%) [3 edit(s)]  
2024-06-29 21:29:32,713	[DEBUG]	patch(68)="SrcmlStmtDeletion(('core/Solver.cc.xml', 'stmt', 131)) | SrcmlStmtInsertion(('core/Solver.cc.xml', '_inter_block', 524), ('core/Solver.cc.xml', 'stmt', 265)) | SrcmlStmtDeletion(('core/Solver.cc.xml', 'stmt', 260))"
2024-06-29 21:29:33,375	[INFO]	69      COMPILE_CODE_ERROR    None (--) [5 edit(s)]  
2024-06-29 21:29:33,375	[DEBUG]	patch(69)="SrcmlStmtDeletion(('core/Solver.cc.xml', 'stmt', 131)) | SrcmlStmtInsertion(('core/Solver.cc.xml', '_inter_block', 124), ('core/Solver.cc.xml', 'stmt', 126)) | SrcmlStmtInsertion(('core/Solver.cc.xml', '_inter_block', 524), ('core/Solver.cc.xml', 'stmt', 265)) | SrcmlStmtDeletion(('core/Solver.cc.xml', 'stmt', 260)) | SrcmlStmtInsertion(('core/Solver.cc.xml', '_inter_block', 418), ('core/Solver.cc.xml', 'stmt', 108))"
2024-06-29 21:29:33,851	[INFO]	70      COMPILE_CODE_ERROR    None (--) [5 edit(s)]  
2024-06-29 21:29:33,851	[DEBUG]	patch(70)="SrcmlStmtDeletion(('core/Solver.cc.xml', 'stmt', 131)) | SrcmlStmtInsertion(('core/Solver.cc.xml', '_inter_block', 124), ('core/Solver.cc.xml', 'stmt', 126)) | SrcmlStmtInsertion(('core/Solver.cc.xml', '_inter_block', 524), ('core/Solver.cc.xml', 'stmt', 265)) | SrcmlStmtDeletion(('core/Solver.cc.xml', 'stmt', 260)) | SrcmlStmtReplacement(('core/Solver.cc.xml', 'stmt', 355), ('core/Solver.cc.xml', 'stmt', 47))"
2024-06-29 21:29:36,388	[INFO]	71      TEST_CODE_ERROR       None (--) [5 edit(s)]  
2024-06-29 21:29:36,388	[DEBUG]	patch(71)="SrcmlStmtDeletion(('core/Solver.cc.xml', 'stmt', 131)) | SrcmlStmtInsertion(('core/Solver.cc.xml', '_inter_block', 124), ('core/Solver.cc.xml', 'stmt', 126)) | SrcmlStmtInsertion(('core/Solver.cc.xml', '_inter_block', 524), ('core/Solver.cc.xml', 'stmt', 265)) | SrcmlStmtDeletion(('core/Solver.cc.xml', 'stmt', 260)) | SrcmlStmtDeletion(('core/Solver.cc.xml', 'stmt', 20))"
2024-06-29 21:30:06,739	[DEBUG]	EXEC>  SUCCESS 31.5
2024-06-29 21:30:06,739	[INFO]	72      SUCCESS               31.500000 (57.27%) [3 edit(s)]  
2024-06-29 21:30:06,739	[DEBUG]	patch(72)="SrcmlStmtInsertion(('core/Solver.cc.xml', '_inter_block', 124), ('core/Solver.cc.xml', 'stmt', 126)) | SrcmlStmtInsertion(('core/Solver.cc.xml', '_inter_block', 524), ('core/Solver.cc.xml', 'stmt', 265)) | SrcmlStmtDeletion(('core/Solver.cc.xml', 'stmt', 260))"
2024-06-29 21:30:07,212	[INFO]	73      COMPILE_CODE_ERROR    None (--) [5 edit(s)]  
2024-06-29 21:30:07,212	[DEBUG]	patch(73)="SrcmlStmtDeletion(('core/Solver.cc.xml', 'stmt', 131)) | SrcmlStmtInsertion(('core/Solver.cc.xml', '_inter_block', 124), ('core/Solver.cc.xml', 'stmt', 126)) | SrcmlStmtInsertion(('core/Solver.cc.xml', '_inter_block', 524), ('core/Solver.cc.xml', 'stmt', 265)) | SrcmlStmtDeletion(('core/Solver.cc.xml', 'stmt', 260)) | SrcmlStmtReplacement(('core/Solver.cc.xml', 'stmt', 4), ('core/Solver.cc.xml', 'stmt', 225))"
2024-06-29 21:30:09,126	[INFO]	74      TEST_CODE_ERROR       None (--) [5 edit(s)]  
2024-06-29 21:30:09,126	[DEBUG]	patch(74)="SrcmlStmtDeletion(('core/Solver.cc.xml', 'stmt', 131)) | SrcmlStmtInsertion(('core/Solver.cc.xml', '_inter_block', 124), ('core/Solver.cc.xml', 'stmt', 126)) | SrcmlStmtInsertion(('core/Solver.cc.xml', '_inter_block', 524), ('core/Solver.cc.xml', 'stmt', 265)) | SrcmlStmtDeletion(('core/Solver.cc.xml', 'stmt', 260)) | SrcmlStmtInsertion(('core/Solver.cc.xml', '_inter_block', 543), ('core/Solver.cc.xml', 'stmt', 157))"
2024-06-29 21:30:09,630	[INFO]	75      COMPILE_CODE_ERROR    None (--) [5 edit(s)]  
2024-06-29 21:30:09,630	[DEBUG]	patch(75)="SrcmlStmtDeletion(('core/Solver.cc.xml', 'stmt', 131)) | SrcmlStmtInsertion(('core/Solver.cc.xml', '_inter_block', 124), ('core/Solver.cc.xml', 'stmt', 126)) | SrcmlStmtInsertion(('core/Solver.cc.xml', '_inter_block', 524), ('core/Solver.cc.xml', 'stmt', 265)) | SrcmlStmtDeletion(('core/Solver.cc.xml', 'stmt', 260)) | SrcmlStmtReplacement(('core/Solver.cc.xml', 'stmt', 389), ('core/Solver.cc.xml', 'stmt', 166))"
2024-06-29 21:30:55,007	[DEBUG]	EXEC>  SUCCESS 49.5
2024-06-29 21:30:55,007	[INFO]	76      SUCCESS               49.500000 (90.00%) [5 edit(s)]  
2024-06-29 21:30:55,007	[DEBUG]	patch(76)="SrcmlStmtDeletion(('core/Solver.cc.xml', 'stmt', 131)) | SrcmlStmtInsertion(('core/Solver.cc.xml', '_inter_block', 124), ('core/Solver.cc.xml', 'stmt', 126)) | SrcmlStmtInsertion(('core/Solver.cc.xml', '_inter_block', 524), ('core/Solver.cc.xml', 'stmt', 265)) | SrcmlStmtDeletion(('core/Solver.cc.xml', 'stmt', 260)) | SrcmlStmtDeletion(('core/Solver.cc.xml', 'stmt', 307))"
2024-06-29 21:30:55,473	[INFO]	77      COMPILE_CODE_ERROR    None (--) [5 edit(s)]  
2024-06-29 21:30:55,473	[DEBUG]	patch(77)="SrcmlStmtDeletion(('core/Solver.cc.xml', 'stmt', 131)) | SrcmlStmtInsertion(('core/Solver.cc.xml', '_inter_block', 124), ('core/Solver.cc.xml', 'stmt', 126)) | SrcmlStmtInsertion(('core/Solver.cc.xml', '_inter_block', 524), ('core/Solver.cc.xml', 'stmt', 265)) | SrcmlStmtDeletion(('core/Solver.cc.xml', 'stmt', 260)) | SrcmlStmtReplacement(('core/Solver.cc.xml', 'stmt', 79), ('core/Solver.cc.xml', 'stmt', 328))"
2024-06-29 21:30:55,922	[INFO]	78      COMPILE_CODE_ERROR    None (--) [5 edit(s)]  
2024-06-29 21:30:55,922	[DEBUG]	patch(78)="SrcmlStmtDeletion(('core/Solver.cc.xml', 'stmt', 131)) | SrcmlStmtInsertion(('core/Solver.cc.xml', '_inter_block', 124), ('core/Solver.cc.xml', 'stmt', 126)) | SrcmlStmtInsertion(('core/Solver.cc.xml', '_inter_block', 524), ('core/Solver.cc.xml', 'stmt', 265)) | SrcmlStmtDeletion(('core/Solver.cc.xml', 'stmt', 260)) | SrcmlStmtInsertion(('core/Solver.cc.xml', '_inter_block', 58), ('core/Solver.cc.xml', 'stmt', 14))"
2024-06-29 21:31:26,200	[DEBUG]	EXEC>  SUCCESS 47.5
2024-06-29 21:31:26,227	[INFO]	79      SUCCESS               47.500000 (86.36%) [5 edit(s)]  
2024-06-29 21:31:26,227	[DEBUG]	patch(79)="SrcmlStmtDeletion(('core/Solver.cc.xml', 'stmt', 131)) | SrcmlStmtInsertion(('core/Solver.cc.xml', '_inter_block', 124), ('core/Solver.cc.xml', 'stmt', 126)) | SrcmlStmtInsertion(('core/Solver.cc.xml', '_inter_block', 524), ('core/Solver.cc.xml', 'stmt', 265)) | SrcmlStmtDeletion(('core/Solver.cc.xml', 'stmt', 260)) | SrcmlStmtInsertion(('core/Solver.cc.xml', '_inter_block', 49), ('core/Solver.cc.xml', 'stmt', 60))"
2024-06-29 21:31:26,676	[INFO]	80      COMPILE_CODE_ERROR    None (--) [5 edit(s)]  
2024-06-29 21:31:26,676	[DEBUG]	patch(80)="SrcmlStmtDeletion(('core/Solver.cc.xml', 'stmt', 131)) | SrcmlStmtInsertion(('core/Solver.cc.xml', '_inter_block', 124), ('core/Solver.cc.xml', 'stmt', 126)) | SrcmlStmtInsertion(('core/Solver.cc.xml', '_inter_block', 524), ('core/Solver.cc.xml', 'stmt', 265)) | SrcmlStmtDeletion(('core/Solver.cc.xml', 'stmt', 260)) | SrcmlStmtInsertion(('core/Solver.cc.xml', '_inter_block', 559), ('core/Solver.cc.xml', 'stmt', 314))"
2024-06-29 21:31:27,499	[INFO]	81      COMPILE_CODE_ERROR    None (--) [5 edit(s)]  
2024-06-29 21:31:27,499	[DEBUG]	patch(81)="SrcmlStmtDeletion(('core/Solver.cc.xml', 'stmt', 131)) | SrcmlStmtInsertion(('core/Solver.cc.xml', '_inter_block', 124), ('core/Solver.cc.xml', 'stmt', 126)) | SrcmlStmtInsertion(('core/Solver.cc.xml', '_inter_block', 524), ('core/Solver.cc.xml', 'stmt', 265)) | SrcmlStmtDeletion(('core/Solver.cc.xml', 'stmt', 260)) | SrcmlStmtReplacement(('core/Solver.cc.xml', 'stmt', 81), ('core/Solver.cc.xml', 'stmt', 66))"
2024-06-29 21:32:04,286	[DEBUG]	EXEC>  SUCCESS 27.5
2024-06-29 21:32:04,286	[INFO]	82      SUCCESS               27.500000 (50.00%) [5 edit(s)]  
2024-06-29 21:32:04,286	[DEBUG]	patch(82)="SrcmlStmtDeletion(('core/Solver.cc.xml', 'stmt', 131)) | SrcmlStmtInsertion(('core/Solver.cc.xml', '_inter_block', 124), ('core/Solver.cc.xml', 'stmt', 126)) | SrcmlStmtInsertion(('core/Solver.cc.xml', '_inter_block', 524), ('core/Solver.cc.xml', 'stmt', 265)) | SrcmlStmtDeletion(('core/Solver.cc.xml', 'stmt', 260)) | SrcmlStmtReplacement(('core/Solver.cc.xml', 'stmt', 258), ('core/Solver.cc.xml', 'stmt', 297))"
2024-06-29 21:32:34,390	[DEBUG]	EXEC>  SUCCESS 84.0
2024-06-29 21:32:34,390	[INFO]	83      SUCCESS               84.000000 (152.73%) [5 edit(s)]  
2024-06-29 21:32:34,390	[DEBUG]	patch(83)="SrcmlStmtDeletion(('core/Solver.cc.xml', 'stmt', 131)) | SrcmlStmtInsertion(('core/Solver.cc.xml', '_inter_block', 124), ('core/Solver.cc.xml', 'stmt', 126)) | SrcmlStmtInsertion(('core/Solver.cc.xml', '_inter_block', 524), ('core/Solver.cc.xml', 'stmt', 265)) | SrcmlStmtDeletion(('core/Solver.cc.xml', 'stmt', 260)) | SrcmlStmtInsertion(('core/Solver.cc.xml', '_inter_block', 396), ('core/Solver.cc.xml', 'stmt', 197))"
2024-06-29 21:32:36,265	[INFO]	84      TEST_CODE_ERROR       None (--) [5 edit(s)]  
2024-06-29 21:32:36,265	[DEBUG]	patch(84)="SrcmlStmtDeletion(('core/Solver.cc.xml', 'stmt', 131)) | SrcmlStmtInsertion(('core/Solver.cc.xml', '_inter_block', 124), ('core/Solver.cc.xml', 'stmt', 126)) | SrcmlStmtInsertion(('core/Solver.cc.xml', '_inter_block', 524), ('core/Solver.cc.xml', 'stmt', 265)) | SrcmlStmtDeletion(('core/Solver.cc.xml', 'stmt', 260)) | SrcmlStmtReplacement(('core/Solver.cc.xml', 'stmt', 104), ('core/Solver.cc.xml', 'stmt', 332))"
2024-06-29 21:33:06,512	[DEBUG]	EXEC>  SUCCESS 18.0
2024-06-29 21:33:06,538	[INFO]	85      SUCCESS              *18.000000 (32.73%) [5 edit(s)]  
2024-06-29 21:33:06,538	[DEBUG]	patch(85)="SrcmlStmtDeletion(('core/Solver.cc.xml', 'stmt', 131)) | SrcmlStmtInsertion(('core/Solver.cc.xml', '_inter_block', 124), ('core/Solver.cc.xml', 'stmt', 126)) | SrcmlStmtInsertion(('core/Solver.cc.xml', '_inter_block', 524), ('core/Solver.cc.xml', 'stmt', 265)) | SrcmlStmtDeletion(('core/Solver.cc.xml', 'stmt', 260)) | SrcmlStmtInsertion(('core/Solver.cc.xml', '_inter_block', 310), ('core/Solver.cc.xml', 'stmt', 19))"
--- before: core/Solver.cc
+++ after: core/Solver.cc
@@ -376,12 +376,7 @@
                 }/*auto*/
             else{
                 Clause& c = ca[reason(var(out_learnt[i]))];
-                for (int k = 1; k < c.size(); k++)
-                    /*auto*/{
-                        if (!seen[var(c[k])] && level(var(c[k])) > 0){
-                        out_learnt[j++] = out_learnt[i];
-                        break; }
-                    }/*auto*/
+                
             }
         }
     }else
@@ -414,6 +409,23 @@
         out_learnt[max_i] = out_learnt[1];
         out_learnt[1]     = p;
         out_btlevel       = level(var(p));
+    }
+    for (i = j = 1; i < out_learnt.size(); i++){
+        Var x = var(out_learnt[i]);
+
+        if (reason(x) == CRef_Undef)
+            /*auto*/{
+                out_learnt[j++] = out_learnt[i];
+            }/*auto*/
+        else{
+            Clause& c = ca[reason(var(out_learnt[i]))];
+            for (int k = 1; k < c.size(); k++)
+                /*auto*/{
+                    if (!seen[var(c[k])] && level(var(c[k])) > 0){
+                    out_learnt[j++] = out_learnt[i];
+                    break; }
+                }/*auto*/
+        }
     }
 
     for (int j = 0; j < analyze_toclear.size(); j++) /*auto*/{
@@ -623,6 +635,7 @@
                 learnts[j++] = learnts[i];
             }/*auto*/
     }
+    polarity .push(sign);
     learnts.shrink(i - j);
     checkGarbage();
 }
@@ -677,10 +690,7 @@
             return ok = false;
         }/*auto*/
 
-    if (nAssigns() == simpDB_assigns || (simpDB_props > 0))
-        /*auto*/{
-            return true;
-        }/*auto*/
+    
 
     // Remove satisfied clauses:
     removeSatisfied(learnts);
@@ -976,6 +986,7 @@
             /*auto*/{
                 cnt++;
             }/*auto*/
+            checkGarbage();
         }/*auto*/
         
     for (int i = 0; i < clauses.size(); i++)

2024-06-29 21:33:36,202	[DEBUG]	EXEC>  SUCCESS 58.5
2024-06-29 21:33:36,202	[INFO]	86      SUCCESS               58.500000 (106.36%) [4 edit(s)]  
2024-06-29 21:33:36,202	[DEBUG]	patch(86)="SrcmlStmtDeletion(('core/Solver.cc.xml', 'stmt', 131)) | SrcmlStmtInsertion(('core/Solver.cc.xml', '_inter_block', 524), ('core/Solver.cc.xml', 'stmt', 265)) | SrcmlStmtDeletion(('core/Solver.cc.xml', 'stmt', 260)) | SrcmlStmtInsertion(('core/Solver.cc.xml', '_inter_block', 310), ('core/Solver.cc.xml', 'stmt', 19))"
2024-06-29 21:33:36,650	[INFO]	87      COMPILE_CODE_ERROR    None (--) [6 edit(s)]  
2024-06-29 21:33:36,650	[DEBUG]	patch(87)="SrcmlStmtDeletion(('core/Solver.cc.xml', 'stmt', 131)) | SrcmlStmtInsertion(('core/Solver.cc.xml', '_inter_block', 124), ('core/Solver.cc.xml', 'stmt', 126)) | SrcmlStmtInsertion(('core/Solver.cc.xml', '_inter_block', 524), ('core/Solver.cc.xml', 'stmt', 265)) | SrcmlStmtDeletion(('core/Solver.cc.xml', 'stmt', 260)) | SrcmlStmtInsertion(('core/Solver.cc.xml', '_inter_block', 310), ('core/Solver.cc.xml', 'stmt', 19)) | SrcmlStmtInsertion(('core/Solver.cc.xml', '_inter_block', 568), ('core/Solver.cc.xml', 'stmt', 412))"
2024-06-29 21:33:37,095	[INFO]	88      COMPILE_CODE_ERROR    None (--) [6 edit(s)]  
2024-06-29 21:33:37,095	[DEBUG]	patch(88)="SrcmlStmtDeletion(('core/Solver.cc.xml', 'stmt', 131)) | SrcmlStmtInsertion(('core/Solver.cc.xml', '_inter_block', 124), ('core/Solver.cc.xml', 'stmt', 126)) | SrcmlStmtInsertion(('core/Solver.cc.xml', '_inter_block', 524), ('core/Solver.cc.xml', 'stmt', 265)) | SrcmlStmtDeletion(('core/Solver.cc.xml', 'stmt', 260)) | SrcmlStmtInsertion(('core/Solver.cc.xml', '_inter_block', 310), ('core/Solver.cc.xml', 'stmt', 19)) | SrcmlStmtInsertion(('core/Solver.cc.xml', '_inter_block', 572), ('core/Solver.cc.xml', 'stmt', 228))"
2024-06-29 21:33:37,654	[INFO]	89      COMPILE_CODE_ERROR    None (--) [6 edit(s)]  
2024-06-29 21:33:37,655	[DEBUG]	patch(89)="SrcmlStmtDeletion(('core/Solver.cc.xml', 'stmt', 131)) | SrcmlStmtInsertion(('core/Solver.cc.xml', '_inter_block', 124), ('core/Solver.cc.xml', 'stmt', 126)) | SrcmlStmtInsertion(('core/Solver.cc.xml', '_inter_block', 524), ('core/Solver.cc.xml', 'stmt', 265)) | SrcmlStmtDeletion(('core/Solver.cc.xml', 'stmt', 260)) | SrcmlStmtInsertion(('core/Solver.cc.xml', '_inter_block', 310), ('core/Solver.cc.xml', 'stmt', 19)) | SrcmlStmtInsertion(('core/Solver.cc.xml', '_inter_block', 3), ('core/Solver.cc.xml', 'stmt', 415))"
2024-06-29 21:34:08,335	[DEBUG]	EXEC>  SUCCESS 84.5
2024-06-29 21:34:08,335	[INFO]	90      SUCCESS               84.500000 (153.64%) [6 edit(s)]  
2024-06-29 21:34:08,335	[DEBUG]	patch(90)="SrcmlStmtDeletion(('core/Solver.cc.xml', 'stmt', 131)) | SrcmlStmtInsertion(('core/Solver.cc.xml', '_inter_block', 124), ('core/Solver.cc.xml', 'stmt', 126)) | SrcmlStmtInsertion(('core/Solver.cc.xml', '_inter_block', 524), ('core/Solver.cc.xml', 'stmt', 265)) | SrcmlStmtDeletion(('core/Solver.cc.xml', 'stmt', 260)) | SrcmlStmtInsertion(('core/Solver.cc.xml', '_inter_block', 310), ('core/Solver.cc.xml', 'stmt', 19)) | SrcmlStmtInsertion(('core/Solver.cc.xml', '_inter_block', 455), ('core/Solver.cc.xml', 'stmt', 6))"
2024-06-29 21:34:08,780	[INFO]	91      COMPILE_CODE_ERROR    None (--) [6 edit(s)]  
2024-06-29 21:34:08,780	[DEBUG]	patch(91)="SrcmlStmtDeletion(('core/Solver.cc.xml', 'stmt', 131)) | SrcmlStmtInsertion(('core/Solver.cc.xml', '_inter_block', 124), ('core/Solver.cc.xml', 'stmt', 126)) | SrcmlStmtInsertion(('core/Solver.cc.xml', '_inter_block', 524), ('core/Solver.cc.xml', 'stmt', 265)) | SrcmlStmtDeletion(('core/Solver.cc.xml', 'stmt', 260)) | SrcmlStmtInsertion(('core/Solver.cc.xml', '_inter_block', 310), ('core/Solver.cc.xml', 'stmt', 19)) | SrcmlStmtReplacement(('core/Solver.cc.xml', 'stmt', 82), ('core/Solver.cc.xml', 'stmt', 424))"
2024-06-29 21:34:39,113	[DEBUG]	EXEC>  SUCCESS 53.5
2024-06-29 21:34:39,113	[INFO]	92      SUCCESS               53.500000 (97.27%) [4 edit(s)]  
2024-06-29 21:34:39,113	[DEBUG]	patch(92)="SrcmlStmtInsertion(('core/Solver.cc.xml', '_inter_block', 124), ('core/Solver.cc.xml', 'stmt', 126)) | SrcmlStmtInsertion(('core/Solver.cc.xml', '_inter_block', 524), ('core/Solver.cc.xml', 'stmt', 265)) | SrcmlStmtDeletion(('core/Solver.cc.xml', 'stmt', 260)) | SrcmlStmtInsertion(('core/Solver.cc.xml', '_inter_block', 310), ('core/Solver.cc.xml', 'stmt', 19))"
2024-06-29 21:35:09,675	[DEBUG]	EXEC>  SUCCESS 58.0
2024-06-29 21:35:09,675	[INFO]	93      SUCCESS               58.000000 (105.45%) [4 edit(s)]  
2024-06-29 21:35:09,675	[DEBUG]	patch(93)="SrcmlStmtDeletion(('core/Solver.cc.xml', 'stmt', 131)) | SrcmlStmtInsertion(('core/Solver.cc.xml', '_inter_block', 124), ('core/Solver.cc.xml', 'stmt', 126)) | SrcmlStmtDeletion(('core/Solver.cc.xml', 'stmt', 260)) | SrcmlStmtInsertion(('core/Solver.cc.xml', '_inter_block', 310), ('core/Solver.cc.xml', 'stmt', 19))"
2024-06-29 21:35:40,057	[DEBUG]	EXEC>  SUCCESS 62.5
2024-06-29 21:35:40,057	[INFO]	94      SUCCESS               62.500000 (113.64%) [4 edit(s)]  
2024-06-29 21:35:40,057	[DEBUG]	patch(94)="SrcmlStmtDeletion(('core/Solver.cc.xml', 'stmt', 131)) | SrcmlStmtInsertion(('core/Solver.cc.xml', '_inter_block', 124), ('core/Solver.cc.xml', 'stmt', 126)) | SrcmlStmtInsertion(('core/Solver.cc.xml', '_inter_block', 524), ('core/Solver.cc.xml', 'stmt', 265)) | SrcmlStmtInsertion(('core/Solver.cc.xml', '_inter_block', 310), ('core/Solver.cc.xml', 'stmt', 19))"
2024-06-29 21:36:09,974	[DEBUG]	EXEC>  SUCCESS 59.5
2024-06-29 21:36:09,974	[INFO]	95      SUCCESS               59.500000 (108.18%) [6 edit(s)]  
2024-06-29 21:36:09,974	[DEBUG]	patch(95)="SrcmlStmtDeletion(('core/Solver.cc.xml', 'stmt', 131)) | SrcmlStmtInsertion(('core/Solver.cc.xml', '_inter_block', 124), ('core/Solver.cc.xml', 'stmt', 126)) | SrcmlStmtInsertion(('core/Solver.cc.xml', '_inter_block', 524), ('core/Solver.cc.xml', 'stmt', 265)) | SrcmlStmtDeletion(('core/Solver.cc.xml', 'stmt', 260)) | SrcmlStmtInsertion(('core/Solver.cc.xml', '_inter_block', 310), ('core/Solver.cc.xml', 'stmt', 19)) | SrcmlStmtReplacement(('core/Solver.cc.xml', 'stmt', 38), ('core/Solver.cc.xml', 'stmt', 263))"
2024-06-29 21:36:11,877	[INFO]	96      TEST_CODE_ERROR       None (--) [6 edit(s)]  
2024-06-29 21:36:11,877	[DEBUG]	patch(96)="SrcmlStmtDeletion(('core/Solver.cc.xml', 'stmt', 131)) | SrcmlStmtInsertion(('core/Solver.cc.xml', '_inter_block', 124), ('core/Solver.cc.xml', 'stmt', 126)) | SrcmlStmtInsertion(('core/Solver.cc.xml', '_inter_block', 524), ('core/Solver.cc.xml', 'stmt', 265)) | SrcmlStmtDeletion(('core/Solver.cc.xml', 'stmt', 260)) | SrcmlStmtInsertion(('core/Solver.cc.xml', '_inter_block', 310), ('core/Solver.cc.xml', 'stmt', 19)) | SrcmlStmtInsertion(('core/Solver.cc.xml', '_inter_block', 365), ('core/Solver.cc.xml', 'stmt', 156))"
2024-06-29 21:36:41,779	[DEBUG]	EXEC>  SUCCESS 66.0
2024-06-29 21:36:41,779	[INFO]	97      SUCCESS               66.000000 (120.00%) [6 edit(s)]  
2024-06-29 21:36:41,779	[DEBUG]	patch(97)="SrcmlStmtDeletion(('core/Solver.cc.xml', 'stmt', 131)) | SrcmlStmtInsertion(('core/Solver.cc.xml', '_inter_block', 124), ('core/Solver.cc.xml', 'stmt', 126)) | SrcmlStmtInsertion(('core/Solver.cc.xml', '_inter_block', 524), ('core/Solver.cc.xml', 'stmt', 265)) | SrcmlStmtDeletion(('core/Solver.cc.xml', 'stmt', 260)) | SrcmlStmtInsertion(('core/Solver.cc.xml', '_inter_block', 310), ('core/Solver.cc.xml', 'stmt', 19)) | SrcmlStmtInsertion(('core/Solver.cc.xml', '_inter_block', 456), ('core/Solver.cc.xml', 'stmt', 151))"
2024-06-29 21:37:11,970	[DEBUG]	EXEC>  SUCCESS 27.5
2024-06-29 21:37:11,970	[INFO]	98      SUCCESS               27.500000 (50.00%) [6 edit(s)]  
2024-06-29 21:37:11,970	[DEBUG]	patch(98)="SrcmlStmtDeletion(('core/Solver.cc.xml', 'stmt', 131)) | SrcmlStmtInsertion(('core/Solver.cc.xml', '_inter_block', 124), ('core/Solver.cc.xml', 'stmt', 126)) | SrcmlStmtInsertion(('core/Solver.cc.xml', '_inter_block', 524), ('core/Solver.cc.xml', 'stmt', 265)) | SrcmlStmtDeletion(('core/Solver.cc.xml', 'stmt', 260)) | SrcmlStmtInsertion(('core/Solver.cc.xml', '_inter_block', 310), ('core/Solver.cc.xml', 'stmt', 19)) | SrcmlStmtInsertion(('core/Solver.cc.xml', '_inter_block', 369), ('core/Solver.cc.xml', 'stmt', 0))"
2024-06-29 21:37:12,433	[INFO]	99      COMPILE_CODE_ERROR    None (--) [6 edit(s)]  
2024-06-29 21:37:12,433	[DEBUG]	patch(99)="SrcmlStmtDeletion(('core/Solver.cc.xml', 'stmt', 131)) | SrcmlStmtInsertion(('core/Solver.cc.xml', '_inter_block', 124), ('core/Solver.cc.xml', 'stmt', 126)) | SrcmlStmtInsertion(('core/Solver.cc.xml', '_inter_block', 524), ('core/Solver.cc.xml', 'stmt', 265)) | SrcmlStmtDeletion(('core/Solver.cc.xml', 'stmt', 260)) | SrcmlStmtInsertion(('core/Solver.cc.xml', '_inter_block', 310), ('core/Solver.cc.xml', 'stmt', 19)) | SrcmlStmtReplacement(('core/Solver.cc.xml', 'stmt', 88), ('core/Solver.cc.xml', 'stmt', 241))"
2024-06-29 21:37:13,134	[INFO]	100     COMPILE_CODE_ERROR    None (--) [6 edit(s)]  
2024-06-29 21:37:13,134	[DEBUG]	patch(100)="SrcmlStmtDeletion(('core/Solver.cc.xml', 'stmt', 131)) | SrcmlStmtInsertion(('core/Solver.cc.xml', '_inter_block', 124), ('core/Solver.cc.xml', 'stmt', 126)) | SrcmlStmtInsertion(('core/Solver.cc.xml', '_inter_block', 524), ('core/Solver.cc.xml', 'stmt', 265)) | SrcmlStmtDeletion(('core/Solver.cc.xml', 'stmt', 260)) | SrcmlStmtInsertion(('core/Solver.cc.xml', '_inter_block', 310), ('core/Solver.cc.xml', 'stmt', 19)) | SrcmlStmtInsertion(('core/Solver.cc.xml', '_inter_block', 554), ('core/Solver.cc.xml', 'stmt', 171))"
2024-06-29 21:37:43,588	[DEBUG]	EXEC>  SUCCESS 31.5
2024-06-29 21:37:43,588	[INFO]	101     SUCCESS               31.500000 (57.27%) [6 edit(s)]  
2024-06-29 21:37:43,588	[DEBUG]	patch(101)="SrcmlStmtDeletion(('core/Solver.cc.xml', 'stmt', 131)) | SrcmlStmtInsertion(('core/Solver.cc.xml', '_inter_block', 124), ('core/Solver.cc.xml', 'stmt', 126)) | SrcmlStmtInsertion(('core/Solver.cc.xml', '_inter_block', 524), ('core/Solver.cc.xml', 'stmt', 265)) | SrcmlStmtDeletion(('core/Solver.cc.xml', 'stmt', 260)) | SrcmlStmtInsertion(('core/Solver.cc.xml', '_inter_block', 310), ('core/Solver.cc.xml', 'stmt', 19)) | SrcmlStmtDeletion(('core/Solver.cc.xml', 'stmt', 311))"
2024-06-29 21:37:44,038	[INFO]	102     COMPILE_CODE_ERROR    None (--) [6 edit(s)]  
2024-06-29 21:37:44,038	[DEBUG]	patch(102)="SrcmlStmtDeletion(('core/Solver.cc.xml', 'stmt', 131)) | SrcmlStmtInsertion(('core/Solver.cc.xml', '_inter_block', 124), ('core/Solver.cc.xml', 'stmt', 126)) | SrcmlStmtInsertion(('core/Solver.cc.xml', '_inter_block', 524), ('core/Solver.cc.xml', 'stmt', 265)) | SrcmlStmtDeletion(('core/Solver.cc.xml', 'stmt', 260)) | SrcmlStmtInsertion(('core/Solver.cc.xml', '_inter_block', 310), ('core/Solver.cc.xml', 'stmt', 19)) | SrcmlStmtInsertion(('core/Solver.cc.xml', '_inter_block', 98), ('core/Solver.cc.xml', 'stmt', 137))"
2024-06-29 21:37:44,478	[INFO]	103     COMPILE_CODE_ERROR    None (--) [6 edit(s)]  
2024-06-29 21:37:44,478	[DEBUG]	patch(103)="SrcmlStmtDeletion(('core/Solver.cc.xml', 'stmt', 131)) | SrcmlStmtInsertion(('core/Solver.cc.xml', '_inter_block', 124), ('core/Solver.cc.xml', 'stmt', 126)) | SrcmlStmtInsertion(('core/Solver.cc.xml', '_inter_block', 524), ('core/Solver.cc.xml', 'stmt', 265)) | SrcmlStmtDeletion(('core/Solver.cc.xml', 'stmt', 260)) | SrcmlStmtInsertion(('core/Solver.cc.xml', '_inter_block', 310), ('core/Solver.cc.xml', 'stmt', 19)) | SrcmlStmtReplacement(('core/Solver.cc.xml', 'stmt', 327), ('core/Solver.cc.xml', 'stmt', 342))"
2024-06-29 21:37:44,681	[INFO]	104     SUCCESS               27.000000 (49.09%) [4 edit(s)] [cached] 
2024-06-29 21:37:44,682	[DEBUG]	patch(104)="SrcmlStmtDeletion(('core/Solver.cc.xml', 'stmt', 131)) | SrcmlStmtInsertion(('core/Solver.cc.xml', '_inter_block', 124), ('core/Solver.cc.xml', 'stmt', 126)) | SrcmlStmtInsertion(('core/Solver.cc.xml', '_inter_block', 524), ('core/Solver.cc.xml', 'stmt', 265)) | SrcmlStmtDeletion(('core/Solver.cc.xml', 'stmt', 260))"
2024-06-29 21:37:45,124	[INFO]	105     COMPILE_CODE_ERROR    None (--) [6 edit(s)]  
2024-06-29 21:37:45,124	[DEBUG]	patch(105)="SrcmlStmtDeletion(('core/Solver.cc.xml', 'stmt', 131)) | SrcmlStmtInsertion(('core/Solver.cc.xml', '_inter_block', 124), ('core/Solver.cc.xml', 'stmt', 126)) | SrcmlStmtInsertion(('core/Solver.cc.xml', '_inter_block', 524), ('core/Solver.cc.xml', 'stmt', 265)) | SrcmlStmtDeletion(('core/Solver.cc.xml', 'stmt', 260)) | SrcmlStmtInsertion(('core/Solver.cc.xml', '_inter_block', 310), ('core/Solver.cc.xml', 'stmt', 19)) | SrcmlStmtDeletion(('core/Solver.cc.xml', 'stmt', 380))"
2024-06-29 21:38:15,699	[DEBUG]	EXEC>  SUCCESS 64.5
2024-06-29 21:38:16,203	[INFO]	106     SUCCESS               64.500000 (117.27%) [6 edit(s)]  
2024-06-29 21:38:16,203	[DEBUG]	patch(106)="SrcmlStmtDeletion(('core/Solver.cc.xml', 'stmt', 131)) | SrcmlStmtInsertion(('core/Solver.cc.xml', '_inter_block', 124), ('core/Solver.cc.xml', 'stmt', 126)) | SrcmlStmtInsertion(('core/Solver.cc.xml', '_inter_block', 524), ('core/Solver.cc.xml', 'stmt', 265)) | SrcmlStmtDeletion(('core/Solver.cc.xml', 'stmt', 260)) | SrcmlStmtInsertion(('core/Solver.cc.xml', '_inter_block', 310), ('core/Solver.cc.xml', 'stmt', 19)) | SrcmlStmtInsertion(('core/Solver.cc.xml', '_inter_block', 508), ('core/Solver.cc.xml', 'stmt', 319))"
2024-06-29 21:38:18,094	[INFO]	107     TEST_CODE_ERROR       None (--) [6 edit(s)]  
2024-06-29 21:38:18,095	[DEBUG]	patch(107)="SrcmlStmtDeletion(('core/Solver.cc.xml', 'stmt', 131)) | SrcmlStmtInsertion(('core/Solver.cc.xml', '_inter_block', 124), ('core/Solver.cc.xml', 'stmt', 126)) | SrcmlStmtInsertion(('core/Solver.cc.xml', '_inter_block', 524), ('core/Solver.cc.xml', 'stmt', 265)) | SrcmlStmtDeletion(('core/Solver.cc.xml', 'stmt', 260)) | SrcmlStmtInsertion(('core/Solver.cc.xml', '_inter_block', 310), ('core/Solver.cc.xml', 'stmt', 19)) | SrcmlStmtDeletion(('core/Solver.cc.xml', 'stmt', 75))"
2024-06-29 21:38:18,533	[INFO]	108     COMPILE_CODE_ERROR    None (--) [6 edit(s)]  
2024-06-29 21:38:18,533	[DEBUG]	patch(108)="SrcmlStmtDeletion(('core/Solver.cc.xml', 'stmt', 131)) | SrcmlStmtInsertion(('core/Solver.cc.xml', '_inter_block', 124), ('core/Solver.cc.xml', 'stmt', 126)) | SrcmlStmtInsertion(('core/Solver.cc.xml', '_inter_block', 524), ('core/Solver.cc.xml', 'stmt', 265)) | SrcmlStmtDeletion(('core/Solver.cc.xml', 'stmt', 260)) | SrcmlStmtInsertion(('core/Solver.cc.xml', '_inter_block', 310), ('core/Solver.cc.xml', 'stmt', 19)) | SrcmlStmtReplacement(('core/Solver.cc.xml', 'stmt', 5), ('core/Solver.cc.xml', 'stmt', 358))"
2024-06-29 21:38:48,645	[DEBUG]	EXEC>  SUCCESS 76.5
2024-06-29 21:38:48,645	[INFO]	109     SUCCESS               76.500000 (139.09%) [6 edit(s)]  
2024-06-29 21:38:48,645	[DEBUG]	patch(109)="SrcmlStmtDeletion(('core/Solver.cc.xml', 'stmt', 131)) | SrcmlStmtInsertion(('core/Solver.cc.xml', '_inter_block', 124), ('core/Solver.cc.xml', 'stmt', 126)) | SrcmlStmtInsertion(('core/Solver.cc.xml', '_inter_block', 524), ('core/Solver.cc.xml', 'stmt', 265)) | SrcmlStmtDeletion(('core/Solver.cc.xml', 'stmt', 260)) | SrcmlStmtInsertion(('core/Solver.cc.xml', '_inter_block', 310), ('core/Solver.cc.xml', 'stmt', 19)) | SrcmlStmtDeletion(('core/Solver.cc.xml', 'stmt', 316))"
2024-06-29 21:38:50,491	[INFO]	110     TEST_CODE_ERROR       None (--) [6 edit(s)]  
2024-06-29 21:38:50,491	[DEBUG]	patch(110)="SrcmlStmtDeletion(('core/Solver.cc.xml', 'stmt', 131)) | SrcmlStmtInsertion(('core/Solver.cc.xml', '_inter_block', 124), ('core/Solver.cc.xml', 'stmt', 126)) | SrcmlStmtInsertion(('core/Solver.cc.xml', '_inter_block', 524), ('core/Solver.cc.xml', 'stmt', 265)) | SrcmlStmtDeletion(('core/Solver.cc.xml', 'stmt', 260)) | SrcmlStmtInsertion(('core/Solver.cc.xml', '_inter_block', 310), ('core/Solver.cc.xml', 'stmt', 19)) | SrcmlStmtDeletion(('core/Solver.cc.xml', 'stmt', 168))"
2024-06-29 21:39:20,743	[DEBUG]	EXEC>  SUCCESS 33.0
2024-06-29 21:39:20,743	[INFO]	111     SUCCESS               33.000000 (60.00%) [6 edit(s)]  
2024-06-29 21:39:20,743	[DEBUG]	patch(111)="SrcmlStmtDeletion(('core/Solver.cc.xml', 'stmt', 131)) | SrcmlStmtInsertion(('core/Solver.cc.xml', '_inter_block', 124), ('core/Solver.cc.xml', 'stmt', 126)) | SrcmlStmtInsertion(('core/Solver.cc.xml', '_inter_block', 524), ('core/Solver.cc.xml', 'stmt', 265)) | SrcmlStmtDeletion(('core/Solver.cc.xml', 'stmt', 260)) | SrcmlStmtInsertion(('core/Solver.cc.xml', '_inter_block', 310), ('core/Solver.cc.xml', 'stmt', 19)) | SrcmlStmtDeletion(('core/Solver.cc.xml', 'stmt', 187))"
2024-06-29 21:39:21,050	[INFO]	~~~~ END ~~~~
2024-06-29 21:39:21,050	[INFO]	
2024-06-29 21:39:21,050	[INFO]	==== REPORT ====
2024-06-29 21:39:21,050	[INFO]	Termination: time budget
2024-06-29 21:39:21,050	[INFO]	Retries: 2
2024-06-29 21:39:21,050	[INFO]	Log file: /home/dbouras/magpie/_magpie_logs/minisat_1719691665.log
2024-06-29 21:39:21,050	[INFO]	Patch file: _magpie_logs/minisat_1719691665.patch
2024-06-29 21:39:21,050	[INFO]	Diff file: _magpie_logs/minisat_1719691665.diff
2024-06-29 21:39:21,050	[INFO]	Reference fitness: 55.000000
2024-06-29 21:39:21,050	[INFO]	Best fitness: 18.000000
2024-06-29 21:39:21,051	[INFO]	
2024-06-29 21:39:21,051	[INFO]	==== BEST PATCH ====
SrcmlStmtDeletion(('core/Solver.cc.xml', 'stmt', 131)) | SrcmlStmtInsertion(('core/Solver.cc.xml', '_inter_block', 124), ('core/Solver.cc.xml', 'stmt', 126)) | SrcmlStmtInsertion(('core/Solver.cc.xml', '_inter_block', 524), ('core/Solver.cc.xml', 'stmt', 265)) | SrcmlStmtDeletion(('core/Solver.cc.xml', 'stmt', 260)) | SrcmlStmtInsertion(('core/Solver.cc.xml', '_inter_block', 310), ('core/Solver.cc.xml', 'stmt', 19))
2024-06-29 21:39:21,052	[INFO]	
2024-06-29 21:39:21,052	[INFO]	==== DIFF ====
[1m--- before: core/Solver.cc[0m
[1m+++ after: core/Solver.cc[0m
[36m@@ -376,12 +376,7 @@[0m
                 }/*auto*/
             else{
                 Clause& c = ca[reason(var(out_learnt[i]))];
[31m-                for (int k = 1; k < c.size(); k++)[0m
[31m-                    /*auto*/{[0m
[31m-                        if (!seen[var(c[k])] && level(var(c[k])) > 0){[0m
[31m-                        out_learnt[j++] = out_learnt[i];[0m
[31m-                        break; }[0m
[31m-                    }/*auto*/[0m
[32m+                [0m
             }
         }
     }else
[36m@@ -414,6 +409,23 @@[0m
         out_learnt[max_i] = out_learnt[1];
         out_learnt[1]     = p;
         out_btlevel       = level(var(p));
[32m+    }[0m
[32m+    for (i = j = 1; i < out_learnt.size(); i++){[0m
[32m+        Var x = var(out_learnt[i]);[0m
[32m+[0m
[32m+        if (reason(x) == CRef_Undef)[0m
[32m+            /*auto*/{[0m
[32m+                out_learnt[j++] = out_learnt[i];[0m
[32m+            }/*auto*/[0m
[32m+        else{[0m
[32m+            Clause& c = ca[reason(var(out_learnt[i]))];[0m
[32m+            for (int k = 1; k < c.size(); k++)[0m
[32m+                /*auto*/{[0m
[32m+                    if (!seen[var(c[k])] && level(var(c[k])) > 0){[0m
[32m+                    out_learnt[j++] = out_learnt[i];[0m
[32m+                    break; }[0m
[32m+                }/*auto*/[0m
[32m+        }[0m
     }
 
     for (int j = 0; j < analyze_toclear.size(); j++) /*auto*/{
[36m@@ -623,6 +635,7 @@[0m
                 learnts[j++] = learnts[i];
             }/*auto*/
     }
[32m+    polarity .push(sign);[0m
     learnts.shrink(i - j);
     checkGarbage();
 }
[36m@@ -677,10 +690,7 @@[0m
             return ok = false;
         }/*auto*/
 
[31m-    if (nAssigns() == simpDB_assigns || (simpDB_props > 0))[0m
[31m-        /*auto*/{[0m
[31m-            return true;[0m
[31m-        }/*auto*/[0m
[32m+    [0m
 
     // Remove satisfied clauses:
     removeSatisfied(learnts);
[36m@@ -976,6 +986,7 @@[0m
             /*auto*/{
                 cnt++;
             }/*auto*/
[32m+            checkGarbage();[0m
         }/*auto*/
         
     for (int i = 0; i < clauses.size(); i++)

