2024-06-12 11:08:01,758	[DEBUG]	==== CONFIG ====
[magpie]
import = 
seed = 3649222321895329
log_dir = _magpie_logs
work_dir = _magpie_work
local_original_copy = True
local_original_name = __original__
output_encoding = ascii
edit_retries = 10
default_timeout = 30
default_lengthout = 1e6
diff_method = unified
trust_local_filesystem = True

[magpie.log]
color_output = True
format_info = {counter:<7} {status:<20} {best}{fitness} ({ratio}) [{size}] {cached} {log}
format_debug = patch({counter})="{patch}"{diffifbest}
format_fitness = {:.6f}
format_ratio = {:.2%%}
format_patchif = 
	 --> {patch}
format_diffif = 
	{diff}

[software]
path = examples/minisat
target_files = minisat_simplified.params
software = BasicSoftware
model_rules = 
	*.params : ParamFileConfigModel
	*.xml : SrcmlModel
	* : LineModel
model_config = 
	*.params : [paramconfig]
	*.xml : [srcml]
init_cmd = bash init.sh
init_timeout = 60
init_lengthout = -1
setup_cmd = bash compile.sh
setup_timeout = 
setup_lengthout = 
compile_cmd = 
compile_timeout = 
compile_lengthout = 
test_cmd = bash test.sh
test_timeout = 
test_lengthout = 
run_cmd = ./run_custom.sh bash run_fixed.sh
run_timeout = 
run_lengthout = 
retries = 2
batch_timeout = 
batch_lengthout = 
batch_bin_fitness_strategy = aggregate
batch_fitness_strategy = sum
fitness = weights

[srcml]
rename = 
	stmt: break continue decl_stmt do expr_stmt for goto if return switch while
	number: literal_number
focus = block stmt operator_comp operator_arith number
internodes = block
process_pseudo_blocks = True
process_literals = True
process_operators = True

[paramconfig]
timing = test run
cli_prefix = --
cli_glue = =
cli_boolean = show
cli_boolean_prefix_true = 
cli_boolean_prefix_false = no-
cli_none = hide
silent_prefix = @
silent_suffix = $

[search]
protocol = BasicProtocol
algorithm = FirstImprovement
possible_edits = ParamSetting
warmup = 3
warmup_strategy = last
max_steps = 1000
max_time = 600
target_fitness = 
cache_maxsize = 100
cache_keep = 0.2
batch_instances = 
batch_shuffle = True
batch_bin_shuffle = False
batch_sample_size = 1

[search.ls]
delete_prob = 0.5
max_neighbours = 
when_trapped = continue
accept_fail = False
tabu_length = 10

[search.gp]
pop_size = 10
delete_prob = 0.5
offspring_elitism = 0.1
offspring_crossover = 0.5
offspring_mutation = 0.4
uniform_rate = 0.5
batch_reset = True

[search.minify]
do_cleanup = True
do_rebuild = True
do_simplify = True
round_robin_limit = 3


2024-06-12 11:08:01,758	[DEBUG]	
2024-06-12 11:08:01,758	[INFO]	==== SEARCH: FirstImprovement ====
2024-06-12 11:08:01,758	[INFO]	~~~~ WARMUP ~~~~
2024-06-12 11:08:39,645	[DEBUG]	EXEC>  SUCCESS 27763154430.5335
2024-06-12 11:08:39,645	[INFO]	WARM    SUCCESS               27763154430.533501 (--) [0 edit(s)]  
2024-06-12 11:09:13,916	[DEBUG]	EXEC>  SUCCESS 27566498748.3
2024-06-12 11:09:13,916	[INFO]	WARM    SUCCESS               27566498748.299999 (--) [0 edit(s)]  
2024-06-12 11:09:49,155	[DEBUG]	EXEC>  SUCCESS 27926440171.275497
2024-06-12 11:09:49,155	[INFO]	WARM    SUCCESS               27926440171.275497 (--) [0 edit(s)]  
2024-06-12 11:09:49,155	[INFO]	REF     SUCCESS               27926440171.275497 (--) [0 edit(s)]  
2024-06-12 11:09:49,155	[INFO]	
2024-06-12 11:09:49,155	[INFO]	~~~~ START ~~~~
2024-06-12 11:10:11,703	[DEBUG]	EXEC>  SUCCESS 13651317602.6955
2024-06-12 11:10:11,703	[INFO]	1       SUCCESS              *13651317602.695499 (48.88%) [1 edit(s)]  
2024-06-12 11:10:11,703	[DEBUG]	patch(1)="ParamSetting(('minisat_simplified.params', 'param', 'rfirst'), 1668)"
--- before: minisat_simplified.params
+++ after: minisat_simplified.params
@@ -8,7 +8,7 @@
 rnd-seed := 91648253
 phase-saving := 2
 ccmin-mode := 2
-rfirst := 100
+rfirst := 1668
 pre := 'True'
 verb := '1'
 rcheck := 'False'

2024-06-12 11:10:11,704	[INFO]	2       SUCCESS               27926440171.275497 (100.00%) [0 edit(s)] [cached] 
2024-06-12 11:10:11,704	[DEBUG]	patch(2)=""
2024-06-12 11:10:34,163	[DEBUG]	EXEC>  SUCCESS 13736699519.3475
2024-06-12 11:10:34,163	[INFO]	3       SUCCESS               13736699519.347500 (49.19%) [2 edit(s)]  
2024-06-12 11:10:34,163	[DEBUG]	patch(3)="ParamSetting(('minisat_simplified.params', 'param', 'rfirst'), 1668) | ParamSetting(('minisat_simplified.params', 'param', 'simp-gc-frac'), 219417377.39950156)"
2024-06-12 11:10:47,627	[DEBUG]	EXEC>  SUCCESS 5123918879.5435
2024-06-12 11:10:47,628	[INFO]	4       SUCCESS              *5123918879.543500 (18.35%) [2 edit(s)]  
2024-06-12 11:10:47,628	[DEBUG]	patch(4)="ParamSetting(('minisat_simplified.params', 'param', 'rfirst'), 1668) | ParamSetting(('minisat_simplified.params', 'param', 'luby'), 'False')"
--- before: minisat_simplified.params
+++ after: minisat_simplified.params
@@ -1,4 +1,4 @@
-luby := 'True'
+luby := 'False'
 rnd-init := 'False'
 gc-frac := 0.2
 rinc := 2.0
@@ -8,7 +8,7 @@
 rnd-seed := 91648253
 phase-saving := 2
 ccmin-mode := 2
-rfirst := 100
+rfirst := 1668
 pre := 'True'
 verb := '1'
 rcheck := 'False'

2024-06-12 11:10:47,629	[INFO]	5       SUCCESS               13651317602.695499 (48.88%) [1 edit(s)] [cached] 
2024-06-12 11:10:47,629	[DEBUG]	patch(5)="ParamSetting(('minisat_simplified.params', 'param', 'rfirst'), 1668)"
2024-06-12 11:11:03,347	[DEBUG]	EXEC>  SUCCESS 6683176882.185499
2024-06-12 11:11:03,347	[INFO]	6       SUCCESS               6683176882.185499 (23.93%) [3 edit(s)]  
2024-06-12 11:11:03,347	[DEBUG]	patch(6)="ParamSetting(('minisat_simplified.params', 'param', 'rfirst'), 1668) | ParamSetting(('minisat_simplified.params', 'param', 'luby'), 'False') | ParamSetting(('minisat_simplified.params', 'param', 'grow'), -16248)"
2024-06-12 11:11:19,273	[DEBUG]	EXEC>  SUCCESS 6171888327.5165
2024-06-12 11:11:19,273	[INFO]	7       SUCCESS               6171888327.516500 (22.10%) [3 edit(s)]  
2024-06-12 11:11:19,273	[DEBUG]	patch(7)="ParamSetting(('minisat_simplified.params', 'param', 'rfirst'), 1668) | ParamSetting(('minisat_simplified.params', 'param', 'luby'), 'False') | ParamSetting(('minisat_simplified.params', 'param', 'asymm'), 'True')"
2024-06-12 11:11:19,274	[INFO]	8       SUCCESS              +5123918879.543500 (18.35%) [3 edit(s)] [cached] 
2024-06-12 11:11:19,274	[DEBUG]	patch(8)="ParamSetting(('minisat_simplified.params', 'param', 'rfirst'), 1668) | ParamSetting(('minisat_simplified.params', 'param', 'luby'), 'False') | ParamSetting(('minisat_simplified.params', 'param', 'pre'), 'True')"
2024-06-12 11:11:33,479	[DEBUG]	EXEC>  SUCCESS 5235128595.073999
2024-06-12 11:11:33,479	[INFO]	9       SUCCESS               5235128595.073999 (18.75%) [2 edit(s)]  
2024-06-12 11:11:33,479	[DEBUG]	patch(9)="ParamSetting(('minisat_simplified.params', 'param', 'luby'), 'False') | ParamSetting(('minisat_simplified.params', 'param', 'pre'), 'True')"
2024-06-12 11:11:45,873	[DEBUG]	EXEC>  SUCCESS 5016834932.8755
2024-06-12 11:11:45,873	[INFO]	10      SUCCESS              *5016834932.875500 (17.96%) [4 edit(s)]  
2024-06-12 11:11:45,873	[DEBUG]	patch(10)="ParamSetting(('minisat_simplified.params', 'param', 'rfirst'), 1668) | ParamSetting(('minisat_simplified.params', 'param', 'luby'), 'False') | ParamSetting(('minisat_simplified.params', 'param', 'pre'), 'True') | ParamSetting(('minisat_simplified.params', 'param', 'verb'), '0')"
--- before: minisat_simplified.params
+++ after: minisat_simplified.params
@@ -1,4 +1,4 @@
-luby := 'True'
+luby := 'False'
 rnd-init := 'False'
 gc-frac := 0.2
 rinc := 2.0
@@ -8,9 +8,9 @@
 rnd-seed := 91648253
 phase-saving := 2
 ccmin-mode := 2
-rfirst := 100
+rfirst := 1668
 pre := 'True'
-verb := '1'
+verb := '0'
 rcheck := 'False'
 asymm := 'False'
 elim := 'True'

2024-06-12 11:11:45,874	[INFO]	11      SUCCESS              +5016834932.875500 (17.96%) [5 edit(s)] [cached] 
2024-06-12 11:11:45,874	[DEBUG]	patch(11)="ParamSetting(('minisat_simplified.params', 'param', 'rfirst'), 1668) | ParamSetting(('minisat_simplified.params', 'param', 'luby'), 'False') | ParamSetting(('minisat_simplified.params', 'param', 'pre'), 'True') | ParamSetting(('minisat_simplified.params', 'param', 'verb'), '0') | ParamSetting(('minisat_simplified.params', 'param', 'rnd-init'), 'False')"
2024-06-12 11:11:45,875	[INFO]	12      SUCCESS              +5016834932.875500 (17.96%) [4 edit(s)] [cached] 
2024-06-12 11:11:45,875	[DEBUG]	patch(12)="ParamSetting(('minisat_simplified.params', 'param', 'rfirst'), 1668) | ParamSetting(('minisat_simplified.params', 'param', 'luby'), 'False') | ParamSetting(('minisat_simplified.params', 'param', 'verb'), '0') | ParamSetting(('minisat_simplified.params', 'param', 'rnd-init'), 'False')"
2024-06-12 11:11:58,067	[DEBUG]	EXEC>  SUCCESS 4983021742.2635
2024-06-12 11:11:58,067	[INFO]	13      SUCCESS              *4983021742.263500 (17.84%) [5 edit(s)]  
2024-06-12 11:11:58,067	[DEBUG]	patch(13)="ParamSetting(('minisat_simplified.params', 'param', 'rfirst'), 1668) | ParamSetting(('minisat_simplified.params', 'param', 'luby'), 'False') | ParamSetting(('minisat_simplified.params', 'param', 'verb'), '0') | ParamSetting(('minisat_simplified.params', 'param', 'rnd-init'), 'False') | ParamSetting(('minisat_simplified.params', 'param', 'rinc'), 5293.665757017635)"
--- before: minisat_simplified.params
+++ after: minisat_simplified.params
@@ -1,16 +1,16 @@
-luby := 'True'
+luby := 'False'
 rnd-init := 'False'
 gc-frac := 0.2
-rinc := 2.0
+rinc := 5293.665757017635
 var-decay := 0.95
 cla-decay := 0.999
 rnd-freq := 0.0
 rnd-seed := 91648253
 phase-saving := 2
 ccmin-mode := 2
-rfirst := 100
+rfirst := 1668
 pre := 'True'
-verb := '1'
+verb := '0'
 rcheck := 'False'
 asymm := 'False'
 elim := 'True'

2024-06-12 11:14:55,781	[DEBUG]	EXEC>  SUCCESS 197712796125.48352
2024-06-12 11:14:55,781	[INFO]	14      SUCCESS               197712796125.483521 (707.98%) [6 edit(s)]  
2024-06-12 11:14:55,781	[DEBUG]	patch(14)="ParamSetting(('minisat_simplified.params', 'param', 'rfirst'), 1668) | ParamSetting(('minisat_simplified.params', 'param', 'luby'), 'False') | ParamSetting(('minisat_simplified.params', 'param', 'verb'), '0') | ParamSetting(('minisat_simplified.params', 'param', 'rnd-init'), 'False') | ParamSetting(('minisat_simplified.params', 'param', 'rinc'), 5293.665757017635) | ParamSetting(('minisat_simplified.params', 'param', 'rnd-freq'), 0.610923832504212)"
2024-06-12 11:14:55,782	[INFO]	15      SUCCESS               5016834932.875500 (17.96%) [4 edit(s)] [cached] 
2024-06-12 11:14:55,782	[DEBUG]	patch(15)="ParamSetting(('minisat_simplified.params', 'param', 'rfirst'), 1668) | ParamSetting(('minisat_simplified.params', 'param', 'luby'), 'False') | ParamSetting(('minisat_simplified.params', 'param', 'verb'), '0') | ParamSetting(('minisat_simplified.params', 'param', 'rnd-init'), 'False')"
2024-06-12 11:15:08,720	[DEBUG]	EXEC>  SUCCESS 5021165515.0060005
2024-06-12 11:15:08,720	[INFO]	16      SUCCESS               5021165515.006001 (17.98%) [6 edit(s)]  
2024-06-12 11:15:08,720	[DEBUG]	patch(16)="ParamSetting(('minisat_simplified.params', 'param', 'rfirst'), 1668) | ParamSetting(('minisat_simplified.params', 'param', 'luby'), 'False') | ParamSetting(('minisat_simplified.params', 'param', 'verb'), '0') | ParamSetting(('minisat_simplified.params', 'param', 'rnd-init'), 'False') | ParamSetting(('minisat_simplified.params', 'param', 'rinc'), 5293.665757017635) | ParamSetting(('minisat_simplified.params', 'param', 'cl-lim'), 35398)"
2024-06-12 11:15:20,946	[DEBUG]	EXEC>  SUCCESS 4514747882.6785
2024-06-12 11:15:20,946	[INFO]	17      SUCCESS              *4514747882.678500 (16.17%) [4 edit(s)]  
2024-06-12 11:15:20,946	[DEBUG]	patch(17)="ParamSetting(('minisat_simplified.params', 'param', 'rfirst'), 1668) | ParamSetting(('minisat_simplified.params', 'param', 'verb'), '0') | ParamSetting(('minisat_simplified.params', 'param', 'rnd-init'), 'False') | ParamSetting(('minisat_simplified.params', 'param', 'rinc'), 5293.665757017635)"
--- before: minisat_simplified.params
+++ after: minisat_simplified.params
@@ -1,16 +1,16 @@
 luby := 'True'
 rnd-init := 'False'
 gc-frac := 0.2
-rinc := 2.0
+rinc := 5293.665757017635
 var-decay := 0.95
 cla-decay := 0.999
 rnd-freq := 0.0
 rnd-seed := 91648253
 phase-saving := 2
 ccmin-mode := 2
-rfirst := 100
+rfirst := 1668
 pre := 'True'
-verb := '1'
+verb := '0'
 rcheck := 'False'
 asymm := 'False'
 elim := 'True'

2024-06-12 11:15:34,031	[DEBUG]	EXEC>  SUCCESS 4532151507.6515
2024-06-12 11:15:34,031	[INFO]	18      SUCCESS               4532151507.651500 (16.23%) [3 edit(s)]  
2024-06-12 11:15:34,031	[DEBUG]	patch(18)="ParamSetting(('minisat_simplified.params', 'param', 'verb'), '0') | ParamSetting(('minisat_simplified.params', 'param', 'rnd-init'), 'False') | ParamSetting(('minisat_simplified.params', 'param', 'rinc'), 5293.665757017635)"
2024-06-12 11:15:47,521	[DEBUG]	EXEC>  SUCCESS 4490082156.967
2024-06-12 11:15:47,522	[INFO]	19      SUCCESS              *4490082156.967000 (16.08%) [5 edit(s)]  
2024-06-12 11:15:47,522	[DEBUG]	patch(19)="ParamSetting(('minisat_simplified.params', 'param', 'rfirst'), 1668) | ParamSetting(('minisat_simplified.params', 'param', 'verb'), '0') | ParamSetting(('minisat_simplified.params', 'param', 'rnd-init'), 'False') | ParamSetting(('minisat_simplified.params', 'param', 'rinc'), 5293.665757017635) | ParamSetting(('minisat_simplified.params', 'param', 'verb'), '2')"
--- before: minisat_simplified.params
+++ after: minisat_simplified.params
@@ -1,16 +1,16 @@
 luby := 'True'
 rnd-init := 'False'
 gc-frac := 0.2
-rinc := 2.0
+rinc := 5293.665757017635
 var-decay := 0.95
 cla-decay := 0.999
 rnd-freq := 0.0
 rnd-seed := 91648253
 phase-saving := 2
 ccmin-mode := 2
-rfirst := 100
+rfirst := 1668
 pre := 'True'
-verb := '1'
+verb := '2'
 rcheck := 'False'
 asymm := 'False'
 elim := 'True'

2024-06-12 11:15:47,523	[INFO]	20      SUCCESS              +4490082156.967000 (16.08%) [4 edit(s)] [cached] 
2024-06-12 11:15:47,523	[DEBUG]	patch(20)="ParamSetting(('minisat_simplified.params', 'param', 'rfirst'), 1668) | ParamSetting(('minisat_simplified.params', 'param', 'verb'), '0') | ParamSetting(('minisat_simplified.params', 'param', 'rinc'), 5293.665757017635) | ParamSetting(('minisat_simplified.params', 'param', 'verb'), '2')"
2024-06-12 11:16:10,720	[DEBUG]	EXEC>  SUCCESS 13711049600.66
2024-06-12 11:16:10,720	[INFO]	21      SUCCESS               13711049600.660000 (49.10%) [3 edit(s)]  
2024-06-12 11:16:10,720	[DEBUG]	patch(21)="ParamSetting(('minisat_simplified.params', 'param', 'rfirst'), 1668) | ParamSetting(('minisat_simplified.params', 'param', 'verb'), '0') | ParamSetting(('minisat_simplified.params', 'param', 'verb'), '2')"
2024-06-12 11:16:10,721	[INFO]	22      SUCCESS              +4490082156.967000 (16.08%) [5 edit(s)] [cached] 
2024-06-12 11:16:10,721	[DEBUG]	patch(22)="ParamSetting(('minisat_simplified.params', 'param', 'rfirst'), 1668) | ParamSetting(('minisat_simplified.params', 'param', 'verb'), '0') | ParamSetting(('minisat_simplified.params', 'param', 'rinc'), 5293.665757017635) | ParamSetting(('minisat_simplified.params', 'param', 'verb'), '2') | ParamSetting(('minisat_simplified.params', 'param', 'rnd-init'), 'False')"
2024-06-12 11:16:24,692	[DEBUG]	EXEC>  SUCCESS 4520453126.202499
2024-06-12 11:16:24,692	[INFO]	23      SUCCESS               4520453126.202499 (16.19%) [6 edit(s)]  
2024-06-12 11:16:24,692	[DEBUG]	patch(23)="ParamSetting(('minisat_simplified.params', 'param', 'rfirst'), 1668) | ParamSetting(('minisat_simplified.params', 'param', 'verb'), '0') | ParamSetting(('minisat_simplified.params', 'param', 'rinc'), 5293.665757017635) | ParamSetting(('minisat_simplified.params', 'param', 'verb'), '2') | ParamSetting(('minisat_simplified.params', 'param', 'rnd-init'), 'False') | ParamSetting(('minisat_simplified.params', 'param', 'gc-frac'), 120.79705334138424)"
2024-06-12 11:16:24,693	[INFO]	24      SUCCESS              +4490082156.967000 (16.08%) [4 edit(s)] [cached] 
2024-06-12 11:16:24,693	[DEBUG]	patch(24)="ParamSetting(('minisat_simplified.params', 'param', 'rfirst'), 1668) | ParamSetting(('minisat_simplified.params', 'param', 'rinc'), 5293.665757017635) | ParamSetting(('minisat_simplified.params', 'param', 'verb'), '2') | ParamSetting(('minisat_simplified.params', 'param', 'rnd-init'), 'False')"
2024-06-12 11:38:52,195	[DEBUG]	EXEC>  SUCCESS 1591168731535.1475
2024-06-12 11:38:52,195	[INFO]	25      SUCCESS               1591168731535.147461 (5697.71%) [5 edit(s)]  
2024-06-12 11:38:52,195	[DEBUG]	patch(25)="ParamSetting(('minisat_simplified.params', 'param', 'rfirst'), 1668) | ParamSetting(('minisat_simplified.params', 'param', 'rinc'), 5293.665757017635) | ParamSetting(('minisat_simplified.params', 'param', 'verb'), '2') | ParamSetting(('minisat_simplified.params', 'param', 'rnd-init'), 'False') | ParamSetting(('minisat_simplified.params', 'param', 'rnd-freq'), 0.8311587071806326)"
2024-06-12 11:38:52,196	[INFO]	~~~~ END ~~~~
2024-06-12 11:38:52,196	[INFO]	
2024-06-12 11:38:52,196	[INFO]	==== REPORT ====
2024-06-12 11:38:52,196	[INFO]	Termination: time budget
2024-06-12 11:38:52,196	[INFO]	Retries: 2
2024-06-12 11:38:52,196	[INFO]	Log file: /home/jim/magpie/_magpie_logs/minisat_1718186881.log
2024-06-12 11:38:52,196	[INFO]	Patch file: _magpie_logs/minisat_1718186881.patch
2024-06-12 11:38:52,196	[INFO]	Diff file: _magpie_logs/minisat_1718186881.diff
2024-06-12 11:38:52,197	[INFO]	Reference fitness: 27926440171.275497
2024-06-12 11:38:52,197	[INFO]	Best fitness: 4490082156.967000
2024-06-12 11:38:52,197	[INFO]	
2024-06-12 11:38:52,198	[INFO]	==== BEST PATCH ====
ParamSetting(('minisat_simplified.params', 'param', 'rfirst'), 1668) | ParamSetting(('minisat_simplified.params', 'param', 'verb'), '0') | ParamSetting(('minisat_simplified.params', 'param', 'rnd-init'), 'False') | ParamSetting(('minisat_simplified.params', 'param', 'rinc'), 5293.665757017635) | ParamSetting(('minisat_simplified.params', 'param', 'verb'), '2')
2024-06-12 11:38:52,198	[INFO]	
2024-06-12 11:38:52,198	[INFO]	==== DIFF ====
[1m--- before: minisat_simplified.params[0m
[1m+++ after: minisat_simplified.params[0m
[36m@@ -1,16 +1,16 @@[0m
 luby := 'True'
 rnd-init := 'False'
 gc-frac := 0.2
[31m-rinc := 2.0[0m
[32m+rinc := 5293.665757017635[0m
 var-decay := 0.95
 cla-decay := 0.999
 rnd-freq := 0.0
 rnd-seed := 91648253
 phase-saving := 2
 ccmin-mode := 2
[31m-rfirst := 100[0m
[32m+rfirst := 1668[0m
 pre := 'True'
[31m-verb := '1'[0m
[32m+verb := '2'[0m
 rcheck := 'False'
 asymm := 'False'
 elim := 'True'

