2024-06-19 00:15:15,831	[DEBUG]	==== CONFIG ====
[magpie]
import = 
seed = 8241154895051478
log_dir = _magpie_logs
work_dir = _magpie_work
local_original_copy = True
local_original_name = __original__
output_encoding = ascii
edit_retries = 10
default_timeout = 30
default_lengthout = 1e6
diff_method = unified
trust_local_filesystem = True

[magpie.log]
color_output = True
format_info = {counter:<7} {status:<20} {best}{fitness} ({ratio}) [{size}] {cached} {log}
format_debug = patch({counter})="{patch}"{diffifbest}
format_fitness = {:.6f}
format_ratio = {:.2%%}
format_patchif = 
	 --> {patch}
format_diffif = 
	{diff}

[software]
path = examples/sat4j
target_files = org.sat4j.core/src/main/java/org/sat4j/minisat/core/Solver.java.xml
software = BasicSoftware
model_rules = 
	*.params : ParamFileConfigModel
	*.xml : SrcmlModel
	* : LineModel
model_config = 
	*.params : [paramconfig]
	*.xml : [srcml]
init_cmd = 
init_timeout = 60
init_lengthout = -1
setup_cmd = ant sat
setup_timeout = 
setup_lengthout = 
compile_cmd = ant sat
compile_timeout = 
compile_lengthout = 
test_cmd = bash test.sh
test_timeout = 
test_lengthout = 
run_cmd = perf stat -e cache-misses bash run_fixed.sh
run_timeout = 
run_lengthout = 
retries = 4
batch_timeout = 
batch_lengthout = 
batch_bin_fitness_strategy = aggregate
batch_fitness_strategy = sum
fitness = perf_cache_misses

[srcml]
rename = 
	stmt: break continue decl_stmt do expr_stmt for goto if return switch while
	number: literal_number
focus = block stmt operator_comp operator_arith number
internodes = block
process_pseudo_blocks = True
process_literals = True
process_operators = True

[paramconfig]
timing = test run
cli_prefix = --
cli_glue = =
cli_boolean = show
cli_boolean_prefix_true = 
cli_boolean_prefix_false = no-
cli_none = hide
silent_prefix = @
silent_suffix = $

[search]
protocol = BasicProtocol
algorithm = FirstImprovement
possible_edits = 
	SrcmlStmtReplacement
	SrcmlStmtInsertion
	SrcmlStmtDeletion
warmup = 3
warmup_strategy = last
max_steps = 1000
max_time = 1000
target_fitness = 
cache_maxsize = 100
cache_keep = 0.2
batch_instances = 
batch_shuffle = True
batch_bin_shuffle = False
batch_sample_size = 1

[search.ls]
delete_prob = 0.5
max_neighbours = 
when_trapped = continue
accept_fail = False
tabu_length = 10

[search.gp]
pop_size = 10
delete_prob = 0.5
offspring_elitism = 0.1
offspring_crossover = 0.5
offspring_mutation = 0.4
uniform_rate = 0.5
batch_reset = True

[search.minify]
do_cleanup = True
do_rebuild = True
do_simplify = True
round_robin_limit = 3


2024-06-19 00:15:15,832	[DEBUG]	
2024-06-19 00:15:15,832	[INFO]	==== SEARCH: FirstImprovement ====
2024-06-19 00:15:15,832	[INFO]	~~~~ WARMUP ~~~~
2024-06-19 00:16:00,379	[DEBUG]	EXEC>  SUCCESS 1099718436.0
2024-06-19 00:16:00,379	[INFO]	WARM    SUCCESS               1099718436.000000 (--) [0 edit(s)]  
2024-06-19 00:16:37,031	[DEBUG]	EXEC>  SUCCESS 1104818501.5
2024-06-19 00:16:37,031	[INFO]	WARM    SUCCESS               1104818501.500000 (--) [0 edit(s)]  
2024-06-19 00:17:13,225	[DEBUG]	EXEC>  SUCCESS 1082736778.5
2024-06-19 00:17:13,225	[INFO]	WARM    SUCCESS               1082736778.500000 (--) [0 edit(s)]  
2024-06-19 00:17:13,225	[INFO]	REF     SUCCESS               1082736778.500000 (--) [0 edit(s)]  
2024-06-19 00:17:13,225	[INFO]	
2024-06-19 00:17:13,225	[INFO]	~~~~ START ~~~~
2024-06-19 00:17:16,010	[INFO]	1       COMPILE_CODE_ERROR    None (--) [1 edit(s)]  
2024-06-19 00:17:16,010	[DEBUG]	patch(1)="SrcmlStmtReplacement(('org.sat4j.core/src/main/java/org/sat4j/minisat/core/Solver.java.xml', 'stmt', 807), ('org.sat4j.core/src/main/java/org/sat4j/minisat/core/Solver.java.xml', 'stmt', 702))"
2024-06-19 00:17:22,742	[INFO]	2       TEST_CODE_ERROR       None (--) [1 edit(s)]  
2024-06-19 00:17:22,742	[DEBUG]	patch(2)="SrcmlStmtDeletion(('org.sat4j.core/src/main/java/org/sat4j/minisat/core/Solver.java.xml', 'stmt', 191))"
2024-06-19 00:17:58,705	[DEBUG]	EXEC>  SUCCESS 1109513422.0
2024-06-19 00:17:58,705	[INFO]	3       SUCCESS               1109513422.000000 (102.47%) [1 edit(s)]  
2024-06-19 00:17:58,706	[DEBUG]	patch(3)="SrcmlStmtInsertion(('org.sat4j.core/src/main/java/org/sat4j/minisat/core/Solver.java.xml', '_inter_block', 1202), ('org.sat4j.core/src/main/java/org/sat4j/minisat/core/Solver.java.xml', 'stmt', 526))"
2024-06-19 00:17:59,977	[INFO]	4       COMPILE_CODE_ERROR    None (--) [1 edit(s)]  
2024-06-19 00:17:59,977	[DEBUG]	patch(4)="SrcmlStmtReplacement(('org.sat4j.core/src/main/java/org/sat4j/minisat/core/Solver.java.xml', 'stmt', 31), ('org.sat4j.core/src/main/java/org/sat4j/minisat/core/Solver.java.xml', 'stmt', 121))"
2024-06-19 00:18:36,479	[DEBUG]	EXEC>  SUCCESS 1099151162.5
2024-06-19 00:18:36,479	[INFO]	5       SUCCESS               1099151162.500000 (101.52%) [1 edit(s)]  
2024-06-19 00:18:36,479	[DEBUG]	patch(5)="SrcmlStmtInsertion(('org.sat4j.core/src/main/java/org/sat4j/minisat/core/Solver.java.xml', '_inter_block', 1190), ('org.sat4j.core/src/main/java/org/sat4j/minisat/core/Solver.java.xml', 'stmt', 371))"
2024-06-19 00:18:39,255	[INFO]	6       COMPILE_CODE_ERROR    None (--) [1 edit(s)]  
2024-06-19 00:18:39,255	[DEBUG]	patch(6)="SrcmlStmtInsertion(('org.sat4j.core/src/main/java/org/sat4j/minisat/core/Solver.java.xml', '_inter_block', 848), ('org.sat4j.core/src/main/java/org/sat4j/minisat/core/Solver.java.xml', 'stmt', 765))"
2024-06-19 00:19:15,538	[DEBUG]	EXEC>  SUCCESS 1105735273.0
2024-06-19 00:19:15,538	[INFO]	7       SUCCESS               1105735273.000000 (102.12%) [1 edit(s)]  
2024-06-19 00:19:15,538	[DEBUG]	patch(7)="SrcmlStmtReplacement(('org.sat4j.core/src/main/java/org/sat4j/minisat/core/Solver.java.xml', 'stmt', 1014), ('org.sat4j.core/src/main/java/org/sat4j/minisat/core/Solver.java.xml', 'stmt', 528))"
2024-06-19 00:19:16,850	[INFO]	8       COMPILE_CODE_ERROR    None (--) [1 edit(s)]  
2024-06-19 00:19:16,850	[DEBUG]	patch(8)="SrcmlStmtInsertion(('org.sat4j.core/src/main/java/org/sat4j/minisat/core/Solver.java.xml', '_inter_block', 811), ('org.sat4j.core/src/main/java/org/sat4j/minisat/core/Solver.java.xml', 'stmt', 659))"
2024-06-19 00:19:53,280	[DEBUG]	EXEC>  SUCCESS 1108279642.0
2024-06-19 00:19:53,280	[INFO]	9       SUCCESS               1108279642.000000 (102.36%) [1 edit(s)]  
2024-06-19 00:19:53,280	[DEBUG]	patch(9)="SrcmlStmtReplacement(('org.sat4j.core/src/main/java/org/sat4j/minisat/core/Solver.java.xml', 'stmt', 301), ('org.sat4j.core/src/main/java/org/sat4j/minisat/core/Solver.java.xml', 'stmt', 42))"
2024-06-19 00:19:56,140	[INFO]	10      COMPILE_CODE_ERROR    None (--) [1 edit(s)]  
2024-06-19 00:19:56,141	[DEBUG]	patch(10)="SrcmlStmtDeletion(('org.sat4j.core/src/main/java/org/sat4j/minisat/core/Solver.java.xml', 'stmt', 882))"
2024-06-19 00:19:58,918	[INFO]	11      COMPILE_CODE_ERROR    None (--) [1 edit(s)]  
2024-06-19 00:19:58,918	[DEBUG]	patch(11)="SrcmlStmtInsertion(('org.sat4j.core/src/main/java/org/sat4j/minisat/core/Solver.java.xml', '_inter_block', 1028), ('org.sat4j.core/src/main/java/org/sat4j/minisat/core/Solver.java.xml', 'stmt', 609))"
2024-06-19 00:20:01,694	[INFO]	12      COMPILE_CODE_ERROR    None (--) [1 edit(s)]  
2024-06-19 00:20:01,694	[DEBUG]	patch(12)="SrcmlStmtReplacement(('org.sat4j.core/src/main/java/org/sat4j/minisat/core/Solver.java.xml', 'stmt', 785), ('org.sat4j.core/src/main/java/org/sat4j/minisat/core/Solver.java.xml', 'stmt', 551))"
2024-06-19 00:20:04,513	[INFO]	13      COMPILE_CODE_ERROR    None (--) [1 edit(s)]  
2024-06-19 00:20:04,513	[DEBUG]	patch(13)="SrcmlStmtInsertion(('org.sat4j.core/src/main/java/org/sat4j/minisat/core/Solver.java.xml', '_inter_block', 477), ('org.sat4j.core/src/main/java/org/sat4j/minisat/core/Solver.java.xml', 'stmt', 938))"
2024-06-19 00:20:07,438	[INFO]	14      COMPILE_CODE_ERROR    None (--) [1 edit(s)]  
2024-06-19 00:20:07,438	[DEBUG]	patch(14)="SrcmlStmtDeletion(('org.sat4j.core/src/main/java/org/sat4j/minisat/core/Solver.java.xml', 'stmt', 594))"
2024-06-19 00:20:44,279	[DEBUG]	EXEC>  SUCCESS 1112215908.75
2024-06-19 00:20:44,279	[INFO]	15      SUCCESS               1112215908.750000 (102.72%) [1 edit(s)]  
2024-06-19 00:20:44,279	[DEBUG]	patch(15)="SrcmlStmtInsertion(('org.sat4j.core/src/main/java/org/sat4j/minisat/core/Solver.java.xml', '_inter_block', 463), ('org.sat4j.core/src/main/java/org/sat4j/minisat/core/Solver.java.xml', 'stmt', 443))"
2024-06-19 00:21:22,875	[DEBUG]	EXEC>  SUCCESS 1145270495.5
2024-06-19 00:21:22,876	[INFO]	16      SUCCESS               1145270495.500000 (105.78%) [1 edit(s)]  
2024-06-19 00:21:22,876	[DEBUG]	patch(16)="SrcmlStmtInsertion(('org.sat4j.core/src/main/java/org/sat4j/minisat/core/Solver.java.xml', '_inter_block', 771), ('org.sat4j.core/src/main/java/org/sat4j/minisat/core/Solver.java.xml', 'stmt', 352))"
2024-06-19 00:21:24,197	[INFO]	17      COMPILE_CODE_ERROR    None (--) [1 edit(s)]  
2024-06-19 00:21:24,197	[DEBUG]	patch(17)="SrcmlStmtInsertion(('org.sat4j.core/src/main/java/org/sat4j/minisat/core/Solver.java.xml', '_inter_block', 41), ('org.sat4j.core/src/main/java/org/sat4j/minisat/core/Solver.java.xml', 'stmt', 138))"
2024-06-19 00:22:00,561	[DEBUG]	EXEC>  SUCCESS 1096177285.5
2024-06-19 00:22:00,561	[INFO]	18      SUCCESS               1096177285.500000 (101.24%) [1 edit(s)]  
2024-06-19 00:22:00,561	[DEBUG]	patch(18)="SrcmlStmtDeletion(('org.sat4j.core/src/main/java/org/sat4j/minisat/core/Solver.java.xml', 'stmt', 961))"
2024-06-19 00:22:03,257	[INFO]	19      COMPILE_CODE_ERROR    None (--) [1 edit(s)]  
2024-06-19 00:22:03,257	[DEBUG]	patch(19)="SrcmlStmtInsertion(('org.sat4j.core/src/main/java/org/sat4j/minisat/core/Solver.java.xml', '_inter_block', 516), ('org.sat4j.core/src/main/java/org/sat4j/minisat/core/Solver.java.xml', 'stmt', 822))"
2024-06-19 00:22:39,815	[DEBUG]	EXEC>  SUCCESS 1099788494.0
2024-06-19 00:22:39,815	[INFO]	20      SUCCESS               1099788494.000000 (101.57%) [1 edit(s)]  
2024-06-19 00:22:39,815	[DEBUG]	patch(20)="SrcmlStmtDeletion(('org.sat4j.core/src/main/java/org/sat4j/minisat/core/Solver.java.xml', 'stmt', 508))"
2024-06-19 00:23:16,426	[DEBUG]	EXEC>  SUCCESS 1107402974.5
2024-06-19 00:23:16,427	[INFO]	21      SUCCESS               1107402974.500000 (102.28%) [1 edit(s)]  
2024-06-19 00:23:16,427	[DEBUG]	patch(21)="SrcmlStmtDeletion(('org.sat4j.core/src/main/java/org/sat4j/minisat/core/Solver.java.xml', 'stmt', 991))"
2024-06-19 00:23:19,201	[INFO]	22      COMPILE_CODE_ERROR    None (--) [1 edit(s)]  
2024-06-19 00:23:19,201	[DEBUG]	patch(22)="SrcmlStmtInsertion(('org.sat4j.core/src/main/java/org/sat4j/minisat/core/Solver.java.xml', '_inter_block', 1118), ('org.sat4j.core/src/main/java/org/sat4j/minisat/core/Solver.java.xml', 'stmt', 415))"
2024-06-19 00:23:20,474	[INFO]	23      COMPILE_CODE_ERROR    None (--) [1 edit(s)]  
2024-06-19 00:23:20,474	[DEBUG]	patch(23)="SrcmlStmtInsertion(('org.sat4j.core/src/main/java/org/sat4j/minisat/core/Solver.java.xml', '_inter_block', 611), ('org.sat4j.core/src/main/java/org/sat4j/minisat/core/Solver.java.xml', 'stmt', 469))"
2024-06-19 00:23:56,782	[DEBUG]	EXEC>  SUCCESS 1113997526.0
2024-06-19 00:23:56,782	[INFO]	24      SUCCESS               1113997526.000000 (102.89%) [1 edit(s)]  
2024-06-19 00:23:56,782	[DEBUG]	patch(24)="SrcmlStmtDeletion(('org.sat4j.core/src/main/java/org/sat4j/minisat/core/Solver.java.xml', 'stmt', 78))"
2024-06-19 00:23:59,698	[INFO]	25      COMPILE_CODE_ERROR    None (--) [1 edit(s)]  
2024-06-19 00:23:59,698	[DEBUG]	patch(25)="SrcmlStmtReplacement(('org.sat4j.core/src/main/java/org/sat4j/minisat/core/Solver.java.xml', 'stmt', 778), ('org.sat4j.core/src/main/java/org/sat4j/minisat/core/Solver.java.xml', 'stmt', 124))"
2024-06-19 00:24:02,587	[INFO]	26      COMPILE_CODE_ERROR    None (--) [1 edit(s)]  
2024-06-19 00:24:02,587	[DEBUG]	patch(26)="SrcmlStmtInsertion(('org.sat4j.core/src/main/java/org/sat4j/minisat/core/Solver.java.xml', '_inter_block', 751), ('org.sat4j.core/src/main/java/org/sat4j/minisat/core/Solver.java.xml', 'stmt', 615))"
2024-06-19 00:24:05,486	[INFO]	27      COMPILE_CODE_ERROR    None (--) [1 edit(s)]  
2024-06-19 00:24:05,486	[DEBUG]	patch(27)="SrcmlStmtInsertion(('org.sat4j.core/src/main/java/org/sat4j/minisat/core/Solver.java.xml', '_inter_block', 1196), ('org.sat4j.core/src/main/java/org/sat4j/minisat/core/Solver.java.xml', 'stmt', 512))"
2024-06-19 00:24:08,288	[INFO]	28      COMPILE_CODE_ERROR    None (--) [1 edit(s)]  
2024-06-19 00:24:08,288	[DEBUG]	patch(28)="SrcmlStmtInsertion(('org.sat4j.core/src/main/java/org/sat4j/minisat/core/Solver.java.xml', '_inter_block', 638), ('org.sat4j.core/src/main/java/org/sat4j/minisat/core/Solver.java.xml', 'stmt', 883))"
2024-06-19 00:24:11,042	[INFO]	29      COMPILE_CODE_ERROR    None (--) [1 edit(s)]  
2024-06-19 00:24:11,042	[DEBUG]	patch(29)="SrcmlStmtInsertion(('org.sat4j.core/src/main/java/org/sat4j/minisat/core/Solver.java.xml', '_inter_block', 1481), ('org.sat4j.core/src/main/java/org/sat4j/minisat/core/Solver.java.xml', 'stmt', 466))"
2024-06-19 00:24:13,710	[INFO]	30      COMPILE_CODE_ERROR    None (--) [1 edit(s)]  
2024-06-19 00:24:13,710	[DEBUG]	patch(30)="SrcmlStmtDeletion(('org.sat4j.core/src/main/java/org/sat4j/minisat/core/Solver.java.xml', 'stmt', 529))"
2024-06-19 00:24:15,036	[INFO]	31      COMPILE_CODE_ERROR    None (--) [1 edit(s)]  
2024-06-19 00:24:15,036	[DEBUG]	patch(31)="SrcmlStmtReplacement(('org.sat4j.core/src/main/java/org/sat4j/minisat/core/Solver.java.xml', 'stmt', 347), ('org.sat4j.core/src/main/java/org/sat4j/minisat/core/Solver.java.xml', 'stmt', 830))"
2024-06-19 00:24:17,769	[INFO]	32      COMPILE_CODE_ERROR    None (--) [1 edit(s)]  
2024-06-19 00:24:17,770	[DEBUG]	patch(32)="SrcmlStmtReplacement(('org.sat4j.core/src/main/java/org/sat4j/minisat/core/Solver.java.xml', 'stmt', 221), ('org.sat4j.core/src/main/java/org/sat4j/minisat/core/Solver.java.xml', 'stmt', 784))"
2024-06-19 00:24:20,630	[INFO]	33      COMPILE_CODE_ERROR    None (--) [1 edit(s)]  
2024-06-19 00:24:20,630	[DEBUG]	patch(33)="SrcmlStmtDeletion(('org.sat4j.core/src/main/java/org/sat4j/minisat/core/Solver.java.xml', 'stmt', 531))"
2024-06-19 00:24:23,278	[INFO]	34      COMPILE_CODE_ERROR    None (--) [1 edit(s)]  
2024-06-19 00:24:23,278	[DEBUG]	patch(34)="SrcmlStmtDeletion(('org.sat4j.core/src/main/java/org/sat4j/minisat/core/Solver.java.xml', 'stmt', 597))"
2024-06-19 00:24:31,055	[INFO]	35      TEST_CODE_ERROR       None (--) [1 edit(s)]  
2024-06-19 00:24:31,055	[DEBUG]	patch(35)="SrcmlStmtInsertion(('org.sat4j.core/src/main/java/org/sat4j/minisat/core/Solver.java.xml', '_inter_block', 1260), ('org.sat4j.core/src/main/java/org/sat4j/minisat/core/Solver.java.xml', 'stmt', 807))"
2024-06-19 00:25:07,706	[DEBUG]	EXEC>  SUCCESS 1116420161.25
2024-06-19 00:25:07,706	[INFO]	36      SUCCESS               1116420161.250000 (103.11%) [1 edit(s)]  
2024-06-19 00:25:07,706	[DEBUG]	patch(36)="SrcmlStmtReplacement(('org.sat4j.core/src/main/java/org/sat4j/minisat/core/Solver.java.xml', 'stmt', 459), ('org.sat4j.core/src/main/java/org/sat4j/minisat/core/Solver.java.xml', 'stmt', 211))"
2024-06-19 00:25:10,407	[INFO]	37      COMPILE_CODE_ERROR    None (--) [1 edit(s)]  
2024-06-19 00:25:10,407	[DEBUG]	patch(37)="SrcmlStmtInsertion(('org.sat4j.core/src/main/java/org/sat4j/minisat/core/Solver.java.xml', '_inter_block', 226), ('org.sat4j.core/src/main/java/org/sat4j/minisat/core/Solver.java.xml', 'stmt', 79))"
2024-06-19 00:25:13,257	[INFO]	38      COMPILE_CODE_ERROR    None (--) [1 edit(s)]  
2024-06-19 00:25:13,257	[DEBUG]	patch(38)="SrcmlStmtInsertion(('org.sat4j.core/src/main/java/org/sat4j/minisat/core/Solver.java.xml', '_inter_block', 1400), ('org.sat4j.core/src/main/java/org/sat4j/minisat/core/Solver.java.xml', 'stmt', 765))"
2024-06-19 00:25:16,152	[INFO]	39      COMPILE_CODE_ERROR    None (--) [1 edit(s)]  
2024-06-19 00:25:16,152	[DEBUG]	patch(39)="SrcmlStmtReplacement(('org.sat4j.core/src/main/java/org/sat4j/minisat/core/Solver.java.xml', 'stmt', 478), ('org.sat4j.core/src/main/java/org/sat4j/minisat/core/Solver.java.xml', 'stmt', 494))"
2024-06-19 00:25:18,974	[INFO]	40      COMPILE_CODE_ERROR    None (--) [1 edit(s)]  
2024-06-19 00:25:18,974	[DEBUG]	patch(40)="SrcmlStmtReplacement(('org.sat4j.core/src/main/java/org/sat4j/minisat/core/Solver.java.xml', 'stmt', 874), ('org.sat4j.core/src/main/java/org/sat4j/minisat/core/Solver.java.xml', 'stmt', 561))"
2024-06-19 00:25:55,848	[DEBUG]	EXEC>  SUCCESS 1129446674.25
2024-06-19 00:25:55,848	[INFO]	41      SUCCESS               1129446674.250000 (104.31%) [1 edit(s)]  
2024-06-19 00:25:55,848	[DEBUG]	patch(41)="SrcmlStmtReplacement(('org.sat4j.core/src/main/java/org/sat4j/minisat/core/Solver.java.xml', 'stmt', 975), ('org.sat4j.core/src/main/java/org/sat4j/minisat/core/Solver.java.xml', 'stmt', 544))"
2024-06-19 00:25:58,720	[INFO]	42      COMPILE_CODE_ERROR    None (--) [1 edit(s)]  
2024-06-19 00:25:58,721	[DEBUG]	patch(42)="SrcmlStmtReplacement(('org.sat4j.core/src/main/java/org/sat4j/minisat/core/Solver.java.xml', 'stmt', 359), ('org.sat4j.core/src/main/java/org/sat4j/minisat/core/Solver.java.xml', 'stmt', 285))"
2024-06-19 00:26:01,492	[INFO]	43      COMPILE_CODE_ERROR    None (--) [1 edit(s)]  
2024-06-19 00:26:01,492	[DEBUG]	patch(43)="SrcmlStmtReplacement(('org.sat4j.core/src/main/java/org/sat4j/minisat/core/Solver.java.xml', 'stmt', 891), ('org.sat4j.core/src/main/java/org/sat4j/minisat/core/Solver.java.xml', 'stmt', 854))"
2024-06-19 00:26:02,702	[INFO]	44      COMPILE_CODE_ERROR    None (--) [1 edit(s)]  
2024-06-19 00:26:02,702	[DEBUG]	patch(44)="SrcmlStmtInsertion(('org.sat4j.core/src/main/java/org/sat4j/minisat/core/Solver.java.xml', '_inter_block', 1), ('org.sat4j.core/src/main/java/org/sat4j/minisat/core/Solver.java.xml', 'stmt', 291))"
2024-06-19 00:26:05,482	[INFO]	45      COMPILE_CODE_ERROR    None (--) [1 edit(s)]  
2024-06-19 00:26:05,483	[DEBUG]	patch(45)="SrcmlStmtReplacement(('org.sat4j.core/src/main/java/org/sat4j/minisat/core/Solver.java.xml', 'stmt', 794), ('org.sat4j.core/src/main/java/org/sat4j/minisat/core/Solver.java.xml', 'stmt', 976))"
2024-06-19 00:26:08,165	[INFO]	46      COMPILE_CODE_ERROR    None (--) [1 edit(s)]  
2024-06-19 00:26:08,165	[DEBUG]	patch(46)="SrcmlStmtReplacement(('org.sat4j.core/src/main/java/org/sat4j/minisat/core/Solver.java.xml', 'stmt', 914), ('org.sat4j.core/src/main/java/org/sat4j/minisat/core/Solver.java.xml', 'stmt', 1009))"
2024-06-19 00:26:45,202	[DEBUG]	EXEC>  SUCCESS 1113355358.0
2024-06-19 00:26:45,202	[INFO]	47      SUCCESS               1113355358.000000 (102.83%) [1 edit(s)]  
2024-06-19 00:26:45,202	[DEBUG]	patch(47)="SrcmlStmtInsertion(('org.sat4j.core/src/main/java/org/sat4j/minisat/core/Solver.java.xml', '_inter_block', 88), ('org.sat4j.core/src/main/java/org/sat4j/minisat/core/Solver.java.xml', 'stmt', 378))"
2024-06-19 00:26:48,149	[INFO]	48      COMPILE_CODE_ERROR    None (--) [1 edit(s)]  
2024-06-19 00:26:48,149	[DEBUG]	patch(48)="SrcmlStmtReplacement(('org.sat4j.core/src/main/java/org/sat4j/minisat/core/Solver.java.xml', 'stmt', 979), ('org.sat4j.core/src/main/java/org/sat4j/minisat/core/Solver.java.xml', 'stmt', 138))"
2024-06-19 00:26:50,955	[INFO]	49      COMPILE_CODE_ERROR    None (--) [1 edit(s)]  
2024-06-19 00:26:50,955	[DEBUG]	patch(49)="SrcmlStmtReplacement(('org.sat4j.core/src/main/java/org/sat4j/minisat/core/Solver.java.xml', 'stmt', 623), ('org.sat4j.core/src/main/java/org/sat4j/minisat/core/Solver.java.xml', 'stmt', 633))"
2024-06-19 00:26:58,346	[INFO]	50      TEST_CODE_ERROR       None (--) [1 edit(s)]  
2024-06-19 00:26:58,346	[DEBUG]	patch(50)="SrcmlStmtDeletion(('org.sat4j.core/src/main/java/org/sat4j/minisat/core/Solver.java.xml', 'stmt', 156))"
2024-06-19 00:27:01,163	[INFO]	51      COMPILE_CODE_ERROR    None (--) [1 edit(s)]  
2024-06-19 00:27:01,163	[DEBUG]	patch(51)="SrcmlStmtReplacement(('org.sat4j.core/src/main/java/org/sat4j/minisat/core/Solver.java.xml', 'stmt', 654), ('org.sat4j.core/src/main/java/org/sat4j/minisat/core/Solver.java.xml', 'stmt', 641))"
2024-06-19 00:27:02,485	[INFO]	52      COMPILE_CODE_ERROR    None (--) [1 edit(s)]  
2024-06-19 00:27:02,485	[DEBUG]	patch(52)="SrcmlStmtInsertion(('org.sat4j.core/src/main/java/org/sat4j/minisat/core/Solver.java.xml', '_inter_block', 1305), ('org.sat4j.core/src/main/java/org/sat4j/minisat/core/Solver.java.xml', 'stmt', 36))"
2024-06-19 00:27:04,990	[INFO]	53      COMPILE_CODE_ERROR    None (--) [1 edit(s)]  
2024-06-19 00:27:04,990	[DEBUG]	patch(53)="SrcmlStmtReplacement(('org.sat4j.core/src/main/java/org/sat4j/minisat/core/Solver.java.xml', 'stmt', 21), ('org.sat4j.core/src/main/java/org/sat4j/minisat/core/Solver.java.xml', 'stmt', 32))"
2024-06-19 00:27:11,607	[INFO]	54      TEST_CODE_ERROR       None (--) [1 edit(s)]  
2024-06-19 00:27:11,607	[DEBUG]	patch(54)="SrcmlStmtDeletion(('org.sat4j.core/src/main/java/org/sat4j/minisat/core/Solver.java.xml', 'stmt', 417))"
2024-06-19 00:27:18,165	[INFO]	55      TEST_CODE_ERROR       None (--) [1 edit(s)]  
2024-06-19 00:27:18,165	[DEBUG]	patch(55)="SrcmlStmtReplacement(('org.sat4j.core/src/main/java/org/sat4j/minisat/core/Solver.java.xml', 'stmt', 846), ('org.sat4j.core/src/main/java/org/sat4j/minisat/core/Solver.java.xml', 'stmt', 735))"
2024-06-19 00:27:54,262	[DEBUG]	EXEC>  SUCCESS 1104214755.25
2024-06-19 00:27:54,263	[INFO]	56      SUCCESS               1104214755.250000 (101.98%) [1 edit(s)]  
2024-06-19 00:27:54,263	[DEBUG]	patch(56)="SrcmlStmtDeletion(('org.sat4j.core/src/main/java/org/sat4j/minisat/core/Solver.java.xml', 'stmt', 112))"
2024-06-19 00:27:57,201	[INFO]	57      COMPILE_CODE_ERROR    None (--) [1 edit(s)]  
2024-06-19 00:27:57,201	[DEBUG]	patch(57)="SrcmlStmtInsertion(('org.sat4j.core/src/main/java/org/sat4j/minisat/core/Solver.java.xml', '_inter_block', 1604), ('org.sat4j.core/src/main/java/org/sat4j/minisat/core/Solver.java.xml', 'stmt', 1022))"
2024-06-19 00:28:33,466	[DEBUG]	EXEC>  SUCCESS 1109318446.0
2024-06-19 00:28:33,467	[INFO]	58      SUCCESS               1109318446.000000 (102.46%) [1 edit(s)]  
2024-06-19 00:28:33,467	[DEBUG]	patch(58)="SrcmlStmtReplacement(('org.sat4j.core/src/main/java/org/sat4j/minisat/core/Solver.java.xml', 'stmt', 874), ('org.sat4j.core/src/main/java/org/sat4j/minisat/core/Solver.java.xml', 'stmt', 811))"
2024-06-19 00:28:34,764	[INFO]	59      COMPILE_CODE_ERROR    None (--) [1 edit(s)]  
2024-06-19 00:28:34,764	[DEBUG]	patch(59)="SrcmlStmtReplacement(('org.sat4j.core/src/main/java/org/sat4j/minisat/core/Solver.java.xml', 'stmt', 582), ('org.sat4j.core/src/main/java/org/sat4j/minisat/core/Solver.java.xml', 'stmt', 415))"
2024-06-19 00:29:07,690	[DEBUG]	EXEC>  SUCCESS 943169142.25
2024-06-19 00:29:07,690	[INFO]	60      SUCCESS              *943169142.250000 (87.11%) [1 edit(s)]  
2024-06-19 00:29:07,690	[DEBUG]	patch(60)="SrcmlStmtDeletion(('org.sat4j.core/src/main/java/org/sat4j/minisat/core/Solver.java.xml', 'stmt', 832))"
--- before: org.sat4j.core/src/main/java/org/sat4j/minisat/core/Solver.java
+++ after: org.sat4j.core/src/main/java/org/sat4j/minisat/core/Solver.java
@@ -2084,7 +2084,7 @@
     }
 
     public void printStat(PrintWriter out) {
-        printStat(out, prefix);
+        
     }
 
     public void printStat(PrintWriter out, String prefix) {

2024-06-19 00:29:07,705	[INFO]	61      SUCCESS               1082736778.500000 (100.00%) [0 edit(s)] [cached] 
2024-06-19 00:29:07,705	[DEBUG]	patch(61)=""
2024-06-19 00:29:10,598	[INFO]	62      COMPILE_CODE_ERROR    None (--) [2 edit(s)]  
2024-06-19 00:29:10,599	[DEBUG]	patch(62)="SrcmlStmtDeletion(('org.sat4j.core/src/main/java/org/sat4j/minisat/core/Solver.java.xml', 'stmt', 832)) | SrcmlStmtReplacement(('org.sat4j.core/src/main/java/org/sat4j/minisat/core/Solver.java.xml', 'stmt', 125), ('org.sat4j.core/src/main/java/org/sat4j/minisat/core/Solver.java.xml', 'stmt', 174))"
2024-06-19 00:29:13,277	[INFO]	63      COMPILE_CODE_ERROR    None (--) [2 edit(s)]  
2024-06-19 00:29:13,277	[DEBUG]	patch(63)="SrcmlStmtDeletion(('org.sat4j.core/src/main/java/org/sat4j/minisat/core/Solver.java.xml', 'stmt', 832)) | SrcmlStmtReplacement(('org.sat4j.core/src/main/java/org/sat4j/minisat/core/Solver.java.xml', 'stmt', 175), ('org.sat4j.core/src/main/java/org/sat4j/minisat/core/Solver.java.xml', 'stmt', 116))"
2024-06-19 00:29:16,051	[INFO]	64      COMPILE_CODE_ERROR    None (--) [2 edit(s)]  
2024-06-19 00:29:16,051	[DEBUG]	patch(64)="SrcmlStmtDeletion(('org.sat4j.core/src/main/java/org/sat4j/minisat/core/Solver.java.xml', 'stmt', 832)) | SrcmlStmtInsertion(('org.sat4j.core/src/main/java/org/sat4j/minisat/core/Solver.java.xml', '_inter_block', 263), ('org.sat4j.core/src/main/java/org/sat4j/minisat/core/Solver.java.xml', 'stmt', 365))"
2024-06-19 00:29:18,760	[INFO]	65      COMPILE_CODE_ERROR    None (--) [2 edit(s)]  
2024-06-19 00:29:18,760	[DEBUG]	patch(65)="SrcmlStmtDeletion(('org.sat4j.core/src/main/java/org/sat4j/minisat/core/Solver.java.xml', 'stmt', 832)) | SrcmlStmtInsertion(('org.sat4j.core/src/main/java/org/sat4j/minisat/core/Solver.java.xml', '_inter_block', 499), ('org.sat4j.core/src/main/java/org/sat4j/minisat/core/Solver.java.xml', 'stmt', 905))"
2024-06-19 00:29:20,103	[INFO]	66      COMPILE_CODE_ERROR    None (--) [2 edit(s)]  
2024-06-19 00:29:20,103	[DEBUG]	patch(66)="SrcmlStmtDeletion(('org.sat4j.core/src/main/java/org/sat4j/minisat/core/Solver.java.xml', 'stmt', 832)) | SrcmlStmtInsertion(('org.sat4j.core/src/main/java/org/sat4j/minisat/core/Solver.java.xml', '_inter_block', 333), ('org.sat4j.core/src/main/java/org/sat4j/minisat/core/Solver.java.xml', 'stmt', 665))"
2024-06-19 00:29:22,903	[INFO]	67      COMPILE_CODE_ERROR    None (--) [2 edit(s)]  
2024-06-19 00:29:22,903	[DEBUG]	patch(67)="SrcmlStmtDeletion(('org.sat4j.core/src/main/java/org/sat4j/minisat/core/Solver.java.xml', 'stmt', 832)) | SrcmlStmtReplacement(('org.sat4j.core/src/main/java/org/sat4j/minisat/core/Solver.java.xml', 'stmt', 738), ('org.sat4j.core/src/main/java/org/sat4j/minisat/core/Solver.java.xml', 'stmt', 697))"
2024-06-19 00:29:25,720	[INFO]	68      COMPILE_CODE_ERROR    None (--) [2 edit(s)]  
2024-06-19 00:29:25,720	[DEBUG]	patch(68)="SrcmlStmtDeletion(('org.sat4j.core/src/main/java/org/sat4j/minisat/core/Solver.java.xml', 'stmt', 832)) | SrcmlStmtReplacement(('org.sat4j.core/src/main/java/org/sat4j/minisat/core/Solver.java.xml', 'stmt', 379), ('org.sat4j.core/src/main/java/org/sat4j/minisat/core/Solver.java.xml', 'stmt', 871))"
2024-06-19 00:29:28,529	[INFO]	69      COMPILE_CODE_ERROR    None (--) [2 edit(s)]  
2024-06-19 00:29:28,529	[DEBUG]	patch(69)="SrcmlStmtDeletion(('org.sat4j.core/src/main/java/org/sat4j/minisat/core/Solver.java.xml', 'stmt', 832)) | SrcmlStmtReplacement(('org.sat4j.core/src/main/java/org/sat4j/minisat/core/Solver.java.xml', 'stmt', 181), ('org.sat4j.core/src/main/java/org/sat4j/minisat/core/Solver.java.xml', 'stmt', 472))"
2024-06-19 00:29:31,351	[INFO]	70      COMPILE_CODE_ERROR    None (--) [2 edit(s)]  
2024-06-19 00:29:31,351	[DEBUG]	patch(70)="SrcmlStmtDeletion(('org.sat4j.core/src/main/java/org/sat4j/minisat/core/Solver.java.xml', 'stmt', 832)) | SrcmlStmtInsertion(('org.sat4j.core/src/main/java/org/sat4j/minisat/core/Solver.java.xml', '_inter_block', 501), ('org.sat4j.core/src/main/java/org/sat4j/minisat/core/Solver.java.xml', 'stmt', 708))"
2024-06-19 00:30:04,537	[DEBUG]	EXEC>  SUCCESS 946501329.75
2024-06-19 00:30:04,537	[INFO]	71      SUCCESS               946501329.750000 (87.42%) [2 edit(s)]  
2024-06-19 00:30:04,537	[DEBUG]	patch(71)="SrcmlStmtDeletion(('org.sat4j.core/src/main/java/org/sat4j/minisat/core/Solver.java.xml', 'stmt', 832)) | SrcmlStmtInsertion(('org.sat4j.core/src/main/java/org/sat4j/minisat/core/Solver.java.xml', '_inter_block', 1268), ('org.sat4j.core/src/main/java/org/sat4j/minisat/core/Solver.java.xml', 'stmt', 56))"
2024-06-19 00:30:10,957	[INFO]	72      TEST_CODE_ERROR       None (--) [2 edit(s)]  
2024-06-19 00:30:10,957	[DEBUG]	patch(72)="SrcmlStmtDeletion(('org.sat4j.core/src/main/java/org/sat4j/minisat/core/Solver.java.xml', 'stmt', 832)) | SrcmlStmtInsertion(('org.sat4j.core/src/main/java/org/sat4j/minisat/core/Solver.java.xml', '_inter_block', 234), ('org.sat4j.core/src/main/java/org/sat4j/minisat/core/Solver.java.xml', 'stmt', 478))"
2024-06-19 00:30:44,279	[DEBUG]	EXEC>  SUCCESS 956400028.5
2024-06-19 00:30:44,279	[INFO]	73      SUCCESS               956400028.500000 (88.33%) [2 edit(s)]  
2024-06-19 00:30:44,279	[DEBUG]	patch(73)="SrcmlStmtDeletion(('org.sat4j.core/src/main/java/org/sat4j/minisat/core/Solver.java.xml', 'stmt', 832)) | SrcmlStmtInsertion(('org.sat4j.core/src/main/java/org/sat4j/minisat/core/Solver.java.xml', '_inter_block', 389), ('org.sat4j.core/src/main/java/org/sat4j/minisat/core/Solver.java.xml', 'stmt', 214))"
2024-06-19 00:30:46,958	[INFO]	74      COMPILE_CODE_ERROR    None (--) [2 edit(s)]  
2024-06-19 00:30:46,958	[DEBUG]	patch(74)="SrcmlStmtDeletion(('org.sat4j.core/src/main/java/org/sat4j/minisat/core/Solver.java.xml', 'stmt', 832)) | SrcmlStmtDeletion(('org.sat4j.core/src/main/java/org/sat4j/minisat/core/Solver.java.xml', 'stmt', 983))"
2024-06-19 00:30:49,818	[INFO]	75      COMPILE_CODE_ERROR    None (--) [2 edit(s)]  
2024-06-19 00:30:49,818	[DEBUG]	patch(75)="SrcmlStmtDeletion(('org.sat4j.core/src/main/java/org/sat4j/minisat/core/Solver.java.xml', 'stmt', 832)) | SrcmlStmtReplacement(('org.sat4j.core/src/main/java/org/sat4j/minisat/core/Solver.java.xml', 'stmt', 119), ('org.sat4j.core/src/main/java/org/sat4j/minisat/core/Solver.java.xml', 'stmt', 1008))"
2024-06-19 00:30:58,850	[INFO]	76      TEST_CODE_ERROR       None (--) [2 edit(s)]  
2024-06-19 00:30:58,850	[DEBUG]	patch(76)="SrcmlStmtDeletion(('org.sat4j.core/src/main/java/org/sat4j/minisat/core/Solver.java.xml', 'stmt', 832)) | SrcmlStmtDeletion(('org.sat4j.core/src/main/java/org/sat4j/minisat/core/Solver.java.xml', 'stmt', 94))"
2024-06-19 00:31:31,844	[DEBUG]	EXEC>  SUCCESS 949392125.25
2024-06-19 00:31:31,844	[INFO]	77      SUCCESS               949392125.250000 (87.68%) [2 edit(s)]  
2024-06-19 00:31:31,844	[DEBUG]	patch(77)="SrcmlStmtDeletion(('org.sat4j.core/src/main/java/org/sat4j/minisat/core/Solver.java.xml', 'stmt', 832)) | SrcmlStmtDeletion(('org.sat4j.core/src/main/java/org/sat4j/minisat/core/Solver.java.xml', 'stmt', 801))"
2024-06-19 00:31:33,123	[INFO]	78      COMPILE_CODE_ERROR    None (--) [2 edit(s)]  
2024-06-19 00:31:33,123	[DEBUG]	patch(78)="SrcmlStmtDeletion(('org.sat4j.core/src/main/java/org/sat4j/minisat/core/Solver.java.xml', 'stmt', 832)) | SrcmlStmtReplacement(('org.sat4j.core/src/main/java/org/sat4j/minisat/core/Solver.java.xml', 'stmt', 520), ('org.sat4j.core/src/main/java/org/sat4j/minisat/core/Solver.java.xml', 'stmt', 560))"
2024-06-19 00:31:35,911	[INFO]	79      COMPILE_CODE_ERROR    None (--) [2 edit(s)]  
2024-06-19 00:31:35,911	[DEBUG]	patch(79)="SrcmlStmtDeletion(('org.sat4j.core/src/main/java/org/sat4j/minisat/core/Solver.java.xml', 'stmt', 832)) | SrcmlStmtInsertion(('org.sat4j.core/src/main/java/org/sat4j/minisat/core/Solver.java.xml', '_inter_block', 1233), ('org.sat4j.core/src/main/java/org/sat4j/minisat/core/Solver.java.xml', 'stmt', 607))"
2024-06-19 00:31:38,603	[INFO]	80      COMPILE_CODE_ERROR    None (--) [2 edit(s)]  
2024-06-19 00:31:38,604	[DEBUG]	patch(80)="SrcmlStmtDeletion(('org.sat4j.core/src/main/java/org/sat4j/minisat/core/Solver.java.xml', 'stmt', 832)) | SrcmlStmtReplacement(('org.sat4j.core/src/main/java/org/sat4j/minisat/core/Solver.java.xml', 'stmt', 1008), ('org.sat4j.core/src/main/java/org/sat4j/minisat/core/Solver.java.xml', 'stmt', 688))"
2024-06-19 00:32:14,483	[DEBUG]	EXEC>  LENGTHOUT None
2024-06-19 00:32:14,483	[INFO]	81      RUN_LENGTHOUT         None (--) [2 edit(s)]  
2024-06-19 00:32:14,483	[DEBUG]	patch(81)="SrcmlStmtDeletion(('org.sat4j.core/src/main/java/org/sat4j/minisat/core/Solver.java.xml', 'stmt', 832)) | SrcmlStmtDeletion(('org.sat4j.core/src/main/java/org/sat4j/minisat/core/Solver.java.xml', 'stmt', 465))"
2024-06-19 00:32:20,942	[INFO]	82      TEST_CODE_ERROR       None (--) [2 edit(s)]  
2024-06-19 00:32:20,942	[DEBUG]	patch(82)="SrcmlStmtDeletion(('org.sat4j.core/src/main/java/org/sat4j/minisat/core/Solver.java.xml', 'stmt', 832)) | SrcmlStmtReplacement(('org.sat4j.core/src/main/java/org/sat4j/minisat/core/Solver.java.xml', 'stmt', 197), ('org.sat4j.core/src/main/java/org/sat4j/minisat/core/Solver.java.xml', 'stmt', 810))"
2024-06-19 00:32:23,696	[INFO]	83      COMPILE_CODE_ERROR    None (--) [2 edit(s)]  
2024-06-19 00:32:23,696	[DEBUG]	patch(83)="SrcmlStmtDeletion(('org.sat4j.core/src/main/java/org/sat4j/minisat/core/Solver.java.xml', 'stmt', 832)) | SrcmlStmtReplacement(('org.sat4j.core/src/main/java/org/sat4j/minisat/core/Solver.java.xml', 'stmt', 211), ('org.sat4j.core/src/main/java/org/sat4j/minisat/core/Solver.java.xml', 'stmt', 820))"
2024-06-19 00:32:26,464	[INFO]	84      COMPILE_CODE_ERROR    None (--) [2 edit(s)]  
2024-06-19 00:32:26,464	[DEBUG]	patch(84)="SrcmlStmtDeletion(('org.sat4j.core/src/main/java/org/sat4j/minisat/core/Solver.java.xml', 'stmt', 832)) | SrcmlStmtDeletion(('org.sat4j.core/src/main/java/org/sat4j/minisat/core/Solver.java.xml', 'stmt', 972))"
2024-06-19 00:32:59,410	[DEBUG]	EXEC>  SUCCESS 943395243.75
2024-06-19 00:32:59,410	[INFO]	85      SUCCESS               943395243.750000 (87.13%) [2 edit(s)]  
2024-06-19 00:32:59,410	[DEBUG]	patch(85)="SrcmlStmtDeletion(('org.sat4j.core/src/main/java/org/sat4j/minisat/core/Solver.java.xml', 'stmt', 832)) | SrcmlStmtDeletion(('org.sat4j.core/src/main/java/org/sat4j/minisat/core/Solver.java.xml', 'stmt', 614))"
2024-06-19 00:33:02,396	[INFO]	86      COMPILE_CODE_ERROR    None (--) [2 edit(s)]  
2024-06-19 00:33:02,396	[DEBUG]	patch(86)="SrcmlStmtDeletion(('org.sat4j.core/src/main/java/org/sat4j/minisat/core/Solver.java.xml', 'stmt', 832)) | SrcmlStmtReplacement(('org.sat4j.core/src/main/java/org/sat4j/minisat/core/Solver.java.xml', 'stmt', 764), ('org.sat4j.core/src/main/java/org/sat4j/minisat/core/Solver.java.xml', 'stmt', 344))"
2024-06-19 00:33:03,645	[INFO]	87      COMPILE_CODE_ERROR    None (--) [2 edit(s)]  
2024-06-19 00:33:03,645	[DEBUG]	patch(87)="SrcmlStmtDeletion(('org.sat4j.core/src/main/java/org/sat4j/minisat/core/Solver.java.xml', 'stmt', 832)) | SrcmlStmtInsertion(('org.sat4j.core/src/main/java/org/sat4j/minisat/core/Solver.java.xml', '_inter_block', 1019), ('org.sat4j.core/src/main/java/org/sat4j/minisat/core/Solver.java.xml', 'stmt', 953))"
2024-06-19 00:33:06,492	[INFO]	88      COMPILE_CODE_ERROR    None (--) [2 edit(s)]  
2024-06-19 00:33:06,492	[DEBUG]	patch(88)="SrcmlStmtDeletion(('org.sat4j.core/src/main/java/org/sat4j/minisat/core/Solver.java.xml', 'stmt', 832)) | SrcmlStmtDeletion(('org.sat4j.core/src/main/java/org/sat4j/minisat/core/Solver.java.xml', 'stmt', 14))"
2024-06-19 00:33:39,706	[DEBUG]	EXEC>  SUCCESS 957230850.5
2024-06-19 00:33:39,706	[INFO]	89      SUCCESS               957230850.500000 (88.41%) [2 edit(s)]  
2024-06-19 00:33:39,707	[DEBUG]	patch(89)="SrcmlStmtDeletion(('org.sat4j.core/src/main/java/org/sat4j/minisat/core/Solver.java.xml', 'stmt', 832)) | SrcmlStmtDeletion(('org.sat4j.core/src/main/java/org/sat4j/minisat/core/Solver.java.xml', 'stmt', 240))"
2024-06-19 00:33:42,596	[INFO]	90      COMPILE_CODE_ERROR    None (--) [2 edit(s)]  
2024-06-19 00:33:42,596	[DEBUG]	patch(90)="SrcmlStmtDeletion(('org.sat4j.core/src/main/java/org/sat4j/minisat/core/Solver.java.xml', 'stmt', 832)) | SrcmlStmtInsertion(('org.sat4j.core/src/main/java/org/sat4j/minisat/core/Solver.java.xml', '_inter_block', 844), ('org.sat4j.core/src/main/java/org/sat4j/minisat/core/Solver.java.xml', 'stmt', 225))"
2024-06-19 00:34:18,928	[INFO]	91      TEST_TIMEOUT          None (--) [2 edit(s)]  
2024-06-19 00:34:18,928	[DEBUG]	patch(91)="SrcmlStmtDeletion(('org.sat4j.core/src/main/java/org/sat4j/minisat/core/Solver.java.xml', 'stmt', 832)) | SrcmlStmtReplacement(('org.sat4j.core/src/main/java/org/sat4j/minisat/core/Solver.java.xml', 'stmt', 202), ('org.sat4j.core/src/main/java/org/sat4j/minisat/core/Solver.java.xml', 'stmt', 703))"
2024-06-19 00:34:18,945	[INFO]	~~~~ END ~~~~
2024-06-19 00:34:18,945	[INFO]	
2024-06-19 00:34:18,946	[INFO]	==== REPORT ====
2024-06-19 00:34:18,946	[INFO]	Termination: time budget
2024-06-19 00:34:18,946	[INFO]	Retries: 4
2024-06-19 00:34:18,946	[INFO]	Log file: /home/jim/magpie/_magpie_logs/sat4j_1718752515.log
2024-06-19 00:34:18,946	[INFO]	Patch file: _magpie_logs/sat4j_1718752515.patch
2024-06-19 00:34:18,946	[INFO]	Diff file: _magpie_logs/sat4j_1718752515.diff
2024-06-19 00:34:18,946	[INFO]	Reference fitness: 1082736778.500000
2024-06-19 00:34:18,946	[INFO]	Best fitness: 943169142.250000
2024-06-19 00:34:18,946	[INFO]	
2024-06-19 00:34:18,948	[INFO]	==== BEST PATCH ====
SrcmlStmtDeletion(('org.sat4j.core/src/main/java/org/sat4j/minisat/core/Solver.java.xml', 'stmt', 832))
2024-06-19 00:34:18,948	[INFO]	
2024-06-19 00:34:18,948	[INFO]	==== DIFF ====
[1m--- before: org.sat4j.core/src/main/java/org/sat4j/minisat/core/Solver.java[0m
[1m+++ after: org.sat4j.core/src/main/java/org/sat4j/minisat/core/Solver.java[0m
[36m@@ -2084,7 +2084,7 @@[0m
     }
 
     public void printStat(PrintWriter out) {
[31m-        printStat(out, prefix);[0m
[32m+        [0m
     }
 
     public void printStat(PrintWriter out, String prefix) {

