2024-06-05 14:18:53,829	[DEBUG]	==== CONFIG ====
[magpie]
import = 
seed = 1301759139846078
log_dir = _magpie_logs
work_dir = _magpie_work
local_original_copy = False
local_original_name = __original__
output_encoding = ascii
edit_retries = 10
default_timeout = 30
default_lengthout = 10000.0
diff_method = unified
trust_local_filesystem = True

[magpie.log]
color_output = True
format_info = {counter:<7} {status:<20} {best}{fitness} ({ratio}) [{size}] {cached} {log}
format_debug = patch({counter})="{patch}"{diffifbest}
format_fitness = {:.6f}
format_ratio = {:.2%%}
format_patchif = 
	 --> {patch}
format_diffif = 
	{diff}

[software]
path = examples/triangle-c
target_files = 
	triangle.c.xml
software = BasicSoftware
model_rules = 
	*.params : ParamFileConfigModel
	*.xml : SrcmlModel
	* : LineModel
model_config = 
	*.params : [paramconfig]
	*.xml : [srcml]
init_cmd = bash init_slow.sh
init_timeout = 60
init_lengthout = -1
setup_cmd = 
setup_timeout = 
setup_lengthout = 
compile_cmd = make test_triangle run_triangle
compile_timeout = 
compile_lengthout = 
test_cmd = ./test_triangle
test_timeout = 
test_lengthout = 
run_cmd = perf stat -e branches ./run_triangle
run_timeout = 1
run_lengthout = 
retries = 
batch_timeout = 
batch_lengthout = 
batch_bin_fitness_strategy = aggregate
batch_fitness_strategy = sum
fitness = perf_branches

[srcml]
rename = 
	stmt: break continue decl_stmt do expr_stmt for goto if return switch while
	number: literal_number
focus = block stmt operator_comp operator_arith number
internodes = block
process_pseudo_blocks = True
process_literals = True
process_operators = True

[paramconfig]
timing = test run
cli_prefix = --
cli_glue = =
cli_boolean = show
cli_boolean_prefix_true = 
cli_boolean_prefix_false = no-
cli_none = hide
silent_prefix = @
silent_suffix = $

[search]
protocol = BasicProtocol
algorithm = FirstImprovement
possible_edits = 
	SrcmlStmtReplacement
	SrcmlStmtInsertion
	SrcmlStmtDeletion
warmup = 3
warmup_strategy = last
max_steps = 1000
max_time = 10
target_fitness = 
cache_maxsize = 100
cache_keep = 0.2
batch_instances = 
batch_shuffle = True
batch_bin_shuffle = False
batch_sample_size = 1

[search.ls]
delete_prob = 0.5
max_neighbours = 
when_trapped = continue
accept_fail = False
tabu_length = 10

[search.gp]
pop_size = 10
delete_prob = 0.5
offspring_elitism = 0.1
offspring_crossover = 0.5
offspring_mutation = 0.4
uniform_rate = 0.5
batch_reset = True

[search.minify]
do_cleanup = True
do_rebuild = True
do_simplify = True
round_robin_limit = 3


2024-06-05 14:18:53,829	[DEBUG]	
2024-06-05 14:18:53,829	[INFO]	==== SEARCH: FirstImprovement ====
2024-06-05 14:18:53,829	[INFO]	~~~~ WARMUP ~~~~
2024-06-05 14:18:54,115	[DEBUG]	EXEC>  SUCCESS 310528.0
2024-06-05 14:18:54,115	[INFO]	WARM    SUCCESS               310528.000000 (--) [0 edit(s)]  
2024-06-05 14:18:54,428	[DEBUG]	EXEC>  SUCCESS 313132.0
2024-06-05 14:18:54,428	[INFO]	WARM    SUCCESS               313132.000000 (--) [0 edit(s)]  
2024-06-05 14:18:54,756	[DEBUG]	EXEC>  SUCCESS 322140.0
2024-06-05 14:18:54,756	[INFO]	WARM    SUCCESS               322140.000000 (--) [0 edit(s)]  
2024-06-05 14:18:54,757	[INFO]	REF     SUCCESS               322140.000000 (--) [0 edit(s)]  
2024-06-05 14:18:54,757	[INFO]	
2024-06-05 14:18:54,757	[INFO]	~~~~ START ~~~~
2024-06-05 14:18:54,776	[INFO]	1       COMPILE_CODE_ERROR    None (--) [1 edit(s)]  
2024-06-05 14:18:54,776	[DEBUG]	patch(1)="SrcmlStmtDeletion(('triangle.c.xml', 'stmt', 2))"
2024-06-05 14:18:54,928	[INFO]	2       TEST_CODE_ERROR       None (--) [1 edit(s)]  
2024-06-05 14:18:54,929	[DEBUG]	patch(2)="SrcmlStmtReplacement(('triangle.c.xml', 'stmt', 21), ('triangle.c.xml', 'stmt', 13))"
2024-06-05 14:18:55,081	[INFO]	3       TEST_CODE_ERROR       None (--) [1 edit(s)]  
2024-06-05 14:18:55,081	[DEBUG]	patch(3)="SrcmlStmtDeletion(('triangle.c.xml', 'stmt', 5))"
2024-06-05 14:18:55,327	[DEBUG]	EXEC>  SUCCESS 310257.0
2024-06-05 14:18:55,327	[INFO]	4       SUCCESS              *310257.000000 (96.31%) [1 edit(s)]  
2024-06-05 14:18:55,327	[DEBUG]	patch(4)="SrcmlStmtInsertion(('triangle.c.xml', '_inter_block', 33), ('triangle.c.xml', 'stmt', 18))"
--- before: triangle.c
+++ after: triangle.c
@@ -36,6 +36,10 @@
   if(a == b && b == c)/*auto*/{
    
     return EQUILATERAL;
+    if(a == b && b == c)/*auto*/{
+     
+      return EQUILATERAL;
+    }/*auto*/
   }/*auto*/
   if(a == b || b == c)/*auto*/{
    

2024-06-05 14:18:55,328	[INFO]	5       SUCCESS               322140.000000 (100.00%) [0 edit(s)] [cached] 
2024-06-05 14:18:55,328	[DEBUG]	patch(5)=""
2024-06-05 14:18:55,467	[INFO]	6       TEST_CODE_ERROR       None (--) [2 edit(s)]  
2024-06-05 14:18:55,467	[DEBUG]	patch(6)="SrcmlStmtInsertion(('triangle.c.xml', '_inter_block', 33), ('triangle.c.xml', 'stmt', 18)) | SrcmlStmtDeletion(('triangle.c.xml', 'stmt', 14))"
2024-06-05 14:18:55,468	[INFO]	7       SUCCESS              +310257.000000 (96.31%) [2 edit(s)] [cached] 
2024-06-05 14:18:55,468	[DEBUG]	patch(7)="SrcmlStmtInsertion(('triangle.c.xml', '_inter_block', 33), ('triangle.c.xml', 'stmt', 18)) | SrcmlStmtReplacement(('triangle.c.xml', 'stmt', 11), ('triangle.c.xml', 'stmt', 15))"
2024-06-05 14:18:55,637	[INFO]	8       TEST_CODE_ERROR       None (--) [3 edit(s)]  
2024-06-05 14:18:55,637	[DEBUG]	patch(8)="SrcmlStmtInsertion(('triangle.c.xml', '_inter_block', 33), ('triangle.c.xml', 'stmt', 18)) | SrcmlStmtReplacement(('triangle.c.xml', 'stmt', 11), ('triangle.c.xml', 'stmt', 15)) | SrcmlStmtDeletion(('triangle.c.xml', 'stmt', 21))"
2024-06-05 14:18:55,929	[DEBUG]	EXEC>  SUCCESS 303394.0
2024-06-05 14:18:55,929	[INFO]	9       SUCCESS              *303394.000000 (94.18%) [3 edit(s)]  
2024-06-05 14:18:55,929	[DEBUG]	patch(9)="SrcmlStmtInsertion(('triangle.c.xml', '_inter_block', 33), ('triangle.c.xml', 'stmt', 18)) | SrcmlStmtReplacement(('triangle.c.xml', 'stmt', 11), ('triangle.c.xml', 'stmt', 15)) | SrcmlStmtInsertion(('triangle.c.xml', '_inter_block', 26), ('triangle.c.xml', 'stmt', 18))"
--- before: triangle.c
+++ after: triangle.c
@@ -24,6 +24,10 @@
   }
 
   if(b > c) {
+    if(a == b && b == c)/*auto*/{
+     
+      return EQUILATERAL;
+    }/*auto*/
     tmp = b;
     b = c;
     c = tmp;
@@ -36,6 +40,10 @@
   if(a == b && b == c)/*auto*/{
    
     return EQUILATERAL;
+    if(a == b && b == c)/*auto*/{
+     
+      return EQUILATERAL;
+    }/*auto*/
   }/*auto*/
   if(a == b || b == c)/*auto*/{
    

2024-06-05 14:18:56,238	[DEBUG]	EXEC>  SUCCESS 305892.0
2024-06-05 14:18:56,238	[INFO]	10      SUCCESS               305892.000000 (94.96%) [2 edit(s)]  
2024-06-05 14:18:56,238	[DEBUG]	patch(10)="SrcmlStmtReplacement(('triangle.c.xml', 'stmt', 11), ('triangle.c.xml', 'stmt', 15)) | SrcmlStmtInsertion(('triangle.c.xml', '_inter_block', 26), ('triangle.c.xml', 'stmt', 18))"
2024-06-05 14:18:56,469	[DEBUG]	EXEC>  SUCCESS 306091.0
2024-06-05 14:18:56,470	[INFO]	11      SUCCESS               306091.000000 (95.02%) [4 edit(s)]  
2024-06-05 14:18:56,470	[DEBUG]	patch(11)="SrcmlStmtInsertion(('triangle.c.xml', '_inter_block', 33), ('triangle.c.xml', 'stmt', 18)) | SrcmlStmtReplacement(('triangle.c.xml', 'stmt', 11), ('triangle.c.xml', 'stmt', 15)) | SrcmlStmtInsertion(('triangle.c.xml', '_inter_block', 26), ('triangle.c.xml', 'stmt', 18)) | SrcmlStmtDeletion(('triangle.c.xml', 'stmt', 19))"
2024-06-05 14:18:56,471	[INFO]	12      SUCCESS              +303394.000000 (94.18%) [2 edit(s)] [cached] 
2024-06-05 14:18:56,471	[DEBUG]	patch(12)="SrcmlStmtInsertion(('triangle.c.xml', '_inter_block', 33), ('triangle.c.xml', 'stmt', 18)) | SrcmlStmtInsertion(('triangle.c.xml', '_inter_block', 26), ('triangle.c.xml', 'stmt', 18))"
2024-06-05 14:18:56,472	[INFO]	13      SUCCESS               305892.000000 (94.96%) [1 edit(s)] [cached] 
2024-06-05 14:18:56,472	[DEBUG]	patch(13)="SrcmlStmtInsertion(('triangle.c.xml', '_inter_block', 26), ('triangle.c.xml', 'stmt', 18))"
2024-06-05 14:18:56,588	[INFO]	14      TEST_CODE_ERROR       None (--) [3 edit(s)]  
2024-06-05 14:18:56,588	[DEBUG]	patch(14)="SrcmlStmtInsertion(('triangle.c.xml', '_inter_block', 33), ('triangle.c.xml', 'stmt', 18)) | SrcmlStmtInsertion(('triangle.c.xml', '_inter_block', 26), ('triangle.c.xml', 'stmt', 18)) | SrcmlStmtReplacement(('triangle.c.xml', 'stmt', 3), ('triangle.c.xml', 'stmt', 11))"
2024-06-05 14:18:56,588	[INFO]	15      SUCCESS               310257.000000 (96.31%) [1 edit(s)] [cached] 
2024-06-05 14:18:56,588	[DEBUG]	patch(15)="SrcmlStmtInsertion(('triangle.c.xml', '_inter_block', 33), ('triangle.c.xml', 'stmt', 18))"
2024-06-05 14:18:56,731	[INFO]	16      TEST_CODE_ERROR       None (--) [3 edit(s)]  
2024-06-05 14:18:56,731	[DEBUG]	patch(16)="SrcmlStmtInsertion(('triangle.c.xml', '_inter_block', 33), ('triangle.c.xml', 'stmt', 18)) | SrcmlStmtInsertion(('triangle.c.xml', '_inter_block', 26), ('triangle.c.xml', 'stmt', 18)) | SrcmlStmtDeletion(('triangle.c.xml', 'stmt', 6))"
2024-06-05 14:18:56,752	[INFO]	17      COMPILE_CODE_ERROR    None (--) [3 edit(s)]  
2024-06-05 14:18:56,752	[DEBUG]	patch(17)="SrcmlStmtInsertion(('triangle.c.xml', '_inter_block', 33), ('triangle.c.xml', 'stmt', 18)) | SrcmlStmtInsertion(('triangle.c.xml', '_inter_block', 26), ('triangle.c.xml', 'stmt', 18)) | SrcmlStmtDeletion(('triangle.c.xml', 'stmt', 2))"
2024-06-05 14:18:56,963	[DEBUG]	EXEC>  SUCCESS 303212.0
2024-06-05 14:18:56,964	[INFO]	18      SUCCESS              *303212.000000 (94.12%) [3 edit(s)]  
2024-06-05 14:18:56,964	[DEBUG]	patch(18)="SrcmlStmtInsertion(('triangle.c.xml', '_inter_block', 33), ('triangle.c.xml', 'stmt', 18)) | SrcmlStmtInsertion(('triangle.c.xml', '_inter_block', 26), ('triangle.c.xml', 'stmt', 18)) | SrcmlStmtReplacement(('triangle.c.xml', 'stmt', 4), ('triangle.c.xml', 'stmt', 0))"
--- before: triangle.c
+++ after: triangle.c
@@ -11,11 +11,7 @@
   delay();
 
   // Sort the sides so that a <= b <= c
-  if(a > b) {
-    tmp = a;
-    a = b;
-    b = tmp;
-  }
+  const struct timespec ms = {0, 0.001*1e9};
 
   if(a > c) {
     tmp = a;
@@ -24,6 +20,10 @@
   }
 
   if(b > c) {
+    if(a == b && b == c)/*auto*/{
+     
+      return EQUILATERAL;
+    }/*auto*/
     tmp = b;
     b = c;
     c = tmp;
@@ -36,6 +36,10 @@
   if(a == b && b == c)/*auto*/{
    
     return EQUILATERAL;
+    if(a == b && b == c)/*auto*/{
+     
+      return EQUILATERAL;
+    }/*auto*/
   }/*auto*/
   if(a == b || b == c)/*auto*/{
    

2024-06-05 14:18:57,193	[DEBUG]	EXEC>  SUCCESS 306347.0
2024-06-05 14:18:57,193	[INFO]	19      SUCCESS               306347.000000 (95.10%) [2 edit(s)]  
2024-06-05 14:18:57,193	[DEBUG]	patch(19)="SrcmlStmtInsertion(('triangle.c.xml', '_inter_block', 26), ('triangle.c.xml', 'stmt', 18)) | SrcmlStmtReplacement(('triangle.c.xml', 'stmt', 4), ('triangle.c.xml', 'stmt', 0))"
2024-06-05 14:18:57,411	[DEBUG]	EXEC>  SUCCESS 303821.0
2024-06-05 14:18:57,411	[INFO]	20      SUCCESS               303821.000000 (94.31%) [2 edit(s)]  
2024-06-05 14:18:57,412	[DEBUG]	patch(20)="SrcmlStmtInsertion(('triangle.c.xml', '_inter_block', 33), ('triangle.c.xml', 'stmt', 18)) | SrcmlStmtReplacement(('triangle.c.xml', 'stmt', 4), ('triangle.c.xml', 'stmt', 0))"
2024-06-05 14:18:57,690	[DEBUG]	EXEC>  SUCCESS 339654.0
2024-06-05 14:18:57,691	[INFO]	21      SUCCESS               339654.000000 (105.44%) [4 edit(s)]  
2024-06-05 14:18:57,691	[DEBUG]	patch(21)="SrcmlStmtInsertion(('triangle.c.xml', '_inter_block', 33), ('triangle.c.xml', 'stmt', 18)) | SrcmlStmtInsertion(('triangle.c.xml', '_inter_block', 26), ('triangle.c.xml', 'stmt', 18)) | SrcmlStmtReplacement(('triangle.c.xml', 'stmt', 4), ('triangle.c.xml', 'stmt', 0)) | SrcmlStmtInsertion(('triangle.c.xml', '_inter_block', 23), ('triangle.c.xml', 'stmt', 3))"
2024-06-05 14:18:57,692	[INFO]	22      SUCCESS               303394.000000 (94.18%) [2 edit(s)] [cached] 
2024-06-05 14:18:57,692	[DEBUG]	patch(22)="SrcmlStmtInsertion(('triangle.c.xml', '_inter_block', 33), ('triangle.c.xml', 'stmt', 18)) | SrcmlStmtInsertion(('triangle.c.xml', '_inter_block', 26), ('triangle.c.xml', 'stmt', 18))"
2024-06-05 14:18:57,734	[INFO]	23      COMPILE_CODE_ERROR    None (--) [4 edit(s)]  
2024-06-05 14:18:57,735	[DEBUG]	patch(23)="SrcmlStmtInsertion(('triangle.c.xml', '_inter_block', 33), ('triangle.c.xml', 'stmt', 18)) | SrcmlStmtInsertion(('triangle.c.xml', '_inter_block', 26), ('triangle.c.xml', 'stmt', 18)) | SrcmlStmtReplacement(('triangle.c.xml', 'stmt', 4), ('triangle.c.xml', 'stmt', 0)) | SrcmlStmtInsertion(('triangle.c.xml', '_inter_block', 7), ('triangle.c.xml', 'stmt', 15))"
2024-06-05 14:18:57,972	[DEBUG]	EXEC>  SUCCESS 218526.0
2024-06-05 14:18:57,973	[INFO]	24      SUCCESS              *218526.000000 (67.84%) [4 edit(s)]  
2024-06-05 14:18:57,973	[DEBUG]	patch(24)="SrcmlStmtInsertion(('triangle.c.xml', '_inter_block', 33), ('triangle.c.xml', 'stmt', 18)) | SrcmlStmtInsertion(('triangle.c.xml', '_inter_block', 26), ('triangle.c.xml', 'stmt', 18)) | SrcmlStmtReplacement(('triangle.c.xml', 'stmt', 4), ('triangle.c.xml', 'stmt', 0)) | SrcmlStmtDeletion(('triangle.c.xml', 'stmt', 1))"
--- before: triangle.c
+++ after: triangle.c
@@ -2,7 +2,7 @@
 
 void delay() {
   const struct timespec ms = {0, 0.001*1e9}; //tv_sec=0, tv_nsec (0.001 seconds)
-  nanosleep(&ms,NULL); /*ignores possible errors*/
+   /*ignores possible errors*/
 }
 
 int classify_triangle(double a, double b, double c) {
@@ -11,11 +11,7 @@
   delay();
 
   // Sort the sides so that a <= b <= c
-  if(a > b) {
-    tmp = a;
-    a = b;
-    b = tmp;
-  }
+  const struct timespec ms = {0, 0.001*1e9};
 
   if(a > c) {
     tmp = a;
@@ -24,6 +20,10 @@
   }
 
   if(b > c) {
+    if(a == b && b == c)/*auto*/{
+     
+      return EQUILATERAL;
+    }/*auto*/
     tmp = b;
     b = c;
     c = tmp;
@@ -36,6 +36,10 @@
   if(a == b && b == c)/*auto*/{
    
     return EQUILATERAL;
+    if(a == b && b == c)/*auto*/{
+     
+      return EQUILATERAL;
+    }/*auto*/
   }/*auto*/
   if(a == b || b == c)/*auto*/{
    

2024-06-05 14:18:58,221	[DEBUG]	EXEC>  SUCCESS 217167.0
2024-06-05 14:18:58,222	[INFO]	25      SUCCESS              *217167.000000 (67.41%) [3 edit(s)]  
2024-06-05 14:18:58,222	[DEBUG]	patch(25)="SrcmlStmtInsertion(('triangle.c.xml', '_inter_block', 33), ('triangle.c.xml', 'stmt', 18)) | SrcmlStmtReplacement(('triangle.c.xml', 'stmt', 4), ('triangle.c.xml', 'stmt', 0)) | SrcmlStmtDeletion(('triangle.c.xml', 'stmt', 1))"
--- before: triangle.c
+++ after: triangle.c
@@ -2,7 +2,7 @@
 
 void delay() {
   const struct timespec ms = {0, 0.001*1e9}; //tv_sec=0, tv_nsec (0.001 seconds)
-  nanosleep(&ms,NULL); /*ignores possible errors*/
+   /*ignores possible errors*/
 }
 
 int classify_triangle(double a, double b, double c) {
@@ -11,11 +11,7 @@
   delay();
 
   // Sort the sides so that a <= b <= c
-  if(a > b) {
-    tmp = a;
-    a = b;
-    b = tmp;
-  }
+  const struct timespec ms = {0, 0.001*1e9};
 
   if(a > c) {
     tmp = a;
@@ -36,6 +32,10 @@
   if(a == b && b == c)/*auto*/{
    
     return EQUILATERAL;
+    if(a == b && b == c)/*auto*/{
+     
+      return EQUILATERAL;
+    }/*auto*/
   }/*auto*/
   if(a == b || b == c)/*auto*/{
    

2024-06-05 14:18:58,427	[INFO]	26      TEST_CODE_ERROR       None (--) [4 edit(s)]  
2024-06-05 14:18:58,427	[DEBUG]	patch(26)="SrcmlStmtInsertion(('triangle.c.xml', '_inter_block', 33), ('triangle.c.xml', 'stmt', 18)) | SrcmlStmtReplacement(('triangle.c.xml', 'stmt', 4), ('triangle.c.xml', 'stmt', 0)) | SrcmlStmtDeletion(('triangle.c.xml', 'stmt', 1)) | SrcmlStmtDeletion(('triangle.c.xml', 'stmt', 18))"
2024-06-05 14:18:58,640	[DEBUG]	EXEC>  SUCCESS 217690.0
2024-06-05 14:18:58,640	[INFO]	27      SUCCESS               217690.000000 (67.58%) [2 edit(s)]  
2024-06-05 14:18:58,640	[DEBUG]	patch(27)="SrcmlStmtInsertion(('triangle.c.xml', '_inter_block', 33), ('triangle.c.xml', 'stmt', 18)) | SrcmlStmtDeletion(('triangle.c.xml', 'stmt', 1))"
2024-06-05 14:18:58,846	[INFO]	28      TEST_CODE_ERROR       None (--) [4 edit(s)]  
2024-06-05 14:18:58,846	[DEBUG]	patch(28)="SrcmlStmtInsertion(('triangle.c.xml', '_inter_block', 33), ('triangle.c.xml', 'stmt', 18)) | SrcmlStmtReplacement(('triangle.c.xml', 'stmt', 4), ('triangle.c.xml', 'stmt', 0)) | SrcmlStmtDeletion(('triangle.c.xml', 'stmt', 1)) | SrcmlStmtReplacement(('triangle.c.xml', 'stmt', 18), ('triangle.c.xml', 'stmt', 11))"
2024-06-05 14:18:59,091	[DEBUG]	EXEC>  SUCCESS 219570.0
2024-06-05 14:18:59,092	[INFO]	29      SUCCESS               219570.000000 (68.16%) [2 edit(s)]  
2024-06-05 14:18:59,092	[DEBUG]	patch(29)="SrcmlStmtReplacement(('triangle.c.xml', 'stmt', 4), ('triangle.c.xml', 'stmt', 0)) | SrcmlStmtDeletion(('triangle.c.xml', 'stmt', 1))"
2024-06-05 14:18:59,094	[INFO]	30      SUCCESS              +217167.000000 (67.41%) [4 edit(s)] [cached] 
2024-06-05 14:18:59,094	[DEBUG]	patch(30)="SrcmlStmtInsertion(('triangle.c.xml', '_inter_block', 33), ('triangle.c.xml', 'stmt', 18)) | SrcmlStmtReplacement(('triangle.c.xml', 'stmt', 4), ('triangle.c.xml', 'stmt', 0)) | SrcmlStmtDeletion(('triangle.c.xml', 'stmt', 1)) | SrcmlStmtDeletion(('triangle.c.xml', 'stmt', 1))"
2024-06-05 14:18:59,095	[INFO]	31      SUCCESS              +217167.000000 (67.41%) [3 edit(s)] [cached] 
2024-06-05 14:18:59,095	[DEBUG]	patch(31)="SrcmlStmtInsertion(('triangle.c.xml', '_inter_block', 33), ('triangle.c.xml', 'stmt', 18)) | SrcmlStmtReplacement(('triangle.c.xml', 'stmt', 4), ('triangle.c.xml', 'stmt', 0)) | SrcmlStmtDeletion(('triangle.c.xml', 'stmt', 1))"
2024-06-05 14:18:59,136	[INFO]	32      COMPILE_CODE_ERROR    None (--) [4 edit(s)]  
2024-06-05 14:18:59,136	[DEBUG]	patch(32)="SrcmlStmtInsertion(('triangle.c.xml', '_inter_block', 33), ('triangle.c.xml', 'stmt', 18)) | SrcmlStmtReplacement(('triangle.c.xml', 'stmt', 4), ('triangle.c.xml', 'stmt', 0)) | SrcmlStmtDeletion(('triangle.c.xml', 'stmt', 1)) | SrcmlStmtInsertion(('triangle.c.xml', '_inter_block', 1), ('triangle.c.xml', 'stmt', 6))"
2024-06-05 14:18:59,138	[INFO]	33      SUCCESS               219570.000000 (68.16%) [2 edit(s)] [cached] 
2024-06-05 14:18:59,138	[DEBUG]	patch(33)="SrcmlStmtReplacement(('triangle.c.xml', 'stmt', 4), ('triangle.c.xml', 'stmt', 0)) | SrcmlStmtDeletion(('triangle.c.xml', 'stmt', 1))"
2024-06-05 14:18:59,342	[INFO]	34      TEST_CODE_ERROR       None (--) [4 edit(s)]  
2024-06-05 14:18:59,342	[DEBUG]	patch(34)="SrcmlStmtInsertion(('triangle.c.xml', '_inter_block', 33), ('triangle.c.xml', 'stmt', 18)) | SrcmlStmtReplacement(('triangle.c.xml', 'stmt', 4), ('triangle.c.xml', 'stmt', 0)) | SrcmlStmtDeletion(('triangle.c.xml', 'stmt', 1)) | SrcmlStmtDeletion(('triangle.c.xml', 'stmt', 16))"
2024-06-05 14:18:59,541	[INFO]	35      TEST_CODE_ERROR       None (--) [4 edit(s)]  
2024-06-05 14:18:59,541	[DEBUG]	patch(35)="SrcmlStmtInsertion(('triangle.c.xml', '_inter_block', 33), ('triangle.c.xml', 'stmt', 18)) | SrcmlStmtReplacement(('triangle.c.xml', 'stmt', 4), ('triangle.c.xml', 'stmt', 0)) | SrcmlStmtDeletion(('triangle.c.xml', 'stmt', 1)) | SrcmlStmtDeletion(('triangle.c.xml', 'stmt', 15))"
2024-06-05 14:18:59,542	[INFO]	36      SUCCESS               303821.000000 (94.31%) [2 edit(s)] [cached] 
2024-06-05 14:18:59,542	[DEBUG]	patch(36)="SrcmlStmtInsertion(('triangle.c.xml', '_inter_block', 33), ('triangle.c.xml', 'stmt', 18)) | SrcmlStmtReplacement(('triangle.c.xml', 'stmt', 4), ('triangle.c.xml', 'stmt', 0))"
2024-06-05 14:18:59,544	[INFO]	37      TEST_CODE_ERROR       None (--) [4 edit(s)] [cached] 
2024-06-05 14:18:59,544	[DEBUG]	patch(37)="SrcmlStmtInsertion(('triangle.c.xml', '_inter_block', 33), ('triangle.c.xml', 'stmt', 18)) | SrcmlStmtReplacement(('triangle.c.xml', 'stmt', 4), ('triangle.c.xml', 'stmt', 0)) | SrcmlStmtDeletion(('triangle.c.xml', 'stmt', 1)) | SrcmlStmtDeletion(('triangle.c.xml', 'stmt', 16))"
2024-06-05 14:18:59,750	[INFO]	38      TEST_CODE_ERROR       None (--) [4 edit(s)]  
2024-06-05 14:18:59,751	[DEBUG]	patch(38)="SrcmlStmtInsertion(('triangle.c.xml', '_inter_block', 33), ('triangle.c.xml', 'stmt', 18)) | SrcmlStmtReplacement(('triangle.c.xml', 'stmt', 4), ('triangle.c.xml', 'stmt', 0)) | SrcmlStmtDeletion(('triangle.c.xml', 'stmt', 1)) | SrcmlStmtReplacement(('triangle.c.xml', 'stmt', 13), ('triangle.c.xml', 'stmt', 9))"
2024-06-05 14:19:00,036	[DEBUG]	EXEC>  SUCCESS 216929.0
2024-06-05 14:19:00,036	[INFO]	39      SUCCESS              *216929.000000 (67.34%) [4 edit(s)]  
2024-06-05 14:19:00,036	[DEBUG]	patch(39)="SrcmlStmtInsertion(('triangle.c.xml', '_inter_block', 33), ('triangle.c.xml', 'stmt', 18)) | SrcmlStmtReplacement(('triangle.c.xml', 'stmt', 4), ('triangle.c.xml', 'stmt', 0)) | SrcmlStmtDeletion(('triangle.c.xml', 'stmt', 1)) | SrcmlStmtInsertion(('triangle.c.xml', '_inter_block', 35), ('triangle.c.xml', 'stmt', 22))"
--- before: triangle.c
+++ after: triangle.c
@@ -2,7 +2,7 @@
 
 void delay() {
   const struct timespec ms = {0, 0.001*1e9}; //tv_sec=0, tv_nsec (0.001 seconds)
-  nanosleep(&ms,NULL); /*ignores possible errors*/
+   /*ignores possible errors*/
 }
 
 int classify_triangle(double a, double b, double c) {
@@ -11,11 +11,7 @@
   delay();
 
   // Sort the sides so that a <= b <= c
-  if(a > b) {
-    tmp = a;
-    a = b;
-    b = tmp;
-  }
+  const struct timespec ms = {0, 0.001*1e9};
 
   if(a > c) {
     tmp = a;
@@ -36,10 +32,15 @@
   if(a == b && b == c)/*auto*/{
    
     return EQUILATERAL;
+    if(a == b && b == c)/*auto*/{
+     
+      return EQUILATERAL;
+    }/*auto*/
   }/*auto*/
   if(a == b || b == c)/*auto*/{
    
     return ISOSCELES;
+    return SCALENE;
   }/*auto*/
   return SCALENE;
 }

2024-06-05 14:19:00,071	[INFO]	40      COMPILE_CODE_ERROR    None (--) [5 edit(s)]  
2024-06-05 14:19:00,071	[DEBUG]	patch(40)="SrcmlStmtInsertion(('triangle.c.xml', '_inter_block', 33), ('triangle.c.xml', 'stmt', 18)) | SrcmlStmtReplacement(('triangle.c.xml', 'stmt', 4), ('triangle.c.xml', 'stmt', 0)) | SrcmlStmtDeletion(('triangle.c.xml', 'stmt', 1)) | SrcmlStmtInsertion(('triangle.c.xml', '_inter_block', 35), ('triangle.c.xml', 'stmt', 22)) | SrcmlStmtReplacement(('triangle.c.xml', 'stmt', 2), ('triangle.c.xml', 'stmt', 15))"
2024-06-05 14:19:00,074	[INFO]	41      SUCCESS               217167.000000 (67.41%) [3 edit(s)] [cached] 
2024-06-05 14:19:00,074	[DEBUG]	patch(41)="SrcmlStmtInsertion(('triangle.c.xml', '_inter_block', 33), ('triangle.c.xml', 'stmt', 18)) | SrcmlStmtReplacement(('triangle.c.xml', 'stmt', 4), ('triangle.c.xml', 'stmt', 0)) | SrcmlStmtDeletion(('triangle.c.xml', 'stmt', 1))"
2024-06-05 14:19:00,287	[DEBUG]	EXEC>  SUCCESS 219474.0
2024-06-05 14:19:00,287	[INFO]	42      SUCCESS               219474.000000 (68.13%) [5 edit(s)]  
2024-06-05 14:19:00,287	[DEBUG]	patch(42)="SrcmlStmtInsertion(('triangle.c.xml', '_inter_block', 33), ('triangle.c.xml', 'stmt', 18)) | SrcmlStmtReplacement(('triangle.c.xml', 'stmt', 4), ('triangle.c.xml', 'stmt', 0)) | SrcmlStmtDeletion(('triangle.c.xml', 'stmt', 1)) | SrcmlStmtInsertion(('triangle.c.xml', '_inter_block', 35), ('triangle.c.xml', 'stmt', 22)) | SrcmlStmtInsertion(('triangle.c.xml', '_inter_block', 16), ('triangle.c.xml', 'stmt', 14))"
2024-06-05 14:19:00,494	[DEBUG]	EXEC>  SUCCESS 216989.0
2024-06-05 14:19:00,494	[INFO]	43      SUCCESS               216989.000000 (67.36%) [3 edit(s)]  
2024-06-05 14:19:00,494	[DEBUG]	patch(43)="SrcmlStmtReplacement(('triangle.c.xml', 'stmt', 4), ('triangle.c.xml', 'stmt', 0)) | SrcmlStmtDeletion(('triangle.c.xml', 'stmt', 1)) | SrcmlStmtInsertion(('triangle.c.xml', '_inter_block', 35), ('triangle.c.xml', 'stmt', 22))"
2024-06-05 14:19:00,646	[INFO]	44      TEST_CODE_ERROR       None (--) [5 edit(s)]  
2024-06-05 14:19:00,647	[DEBUG]	patch(44)="SrcmlStmtInsertion(('triangle.c.xml', '_inter_block', 33), ('triangle.c.xml', 'stmt', 18)) | SrcmlStmtReplacement(('triangle.c.xml', 'stmt', 4), ('triangle.c.xml', 'stmt', 0)) | SrcmlStmtDeletion(('triangle.c.xml', 'stmt', 1)) | SrcmlStmtInsertion(('triangle.c.xml', '_inter_block', 35), ('triangle.c.xml', 'stmt', 22)) | SrcmlStmtDeletion(('triangle.c.xml', 'stmt', 15))"
2024-06-05 14:19:00,885	[DEBUG]	EXEC>  SUCCESS 216942.0
2024-06-05 14:19:00,885	[INFO]	45      SUCCESS               216942.000000 (67.34%) [5 edit(s)]  
2024-06-05 14:19:00,885	[DEBUG]	patch(45)="SrcmlStmtInsertion(('triangle.c.xml', '_inter_block', 33), ('triangle.c.xml', 'stmt', 18)) | SrcmlStmtReplacement(('triangle.c.xml', 'stmt', 4), ('triangle.c.xml', 'stmt', 0)) | SrcmlStmtDeletion(('triangle.c.xml', 'stmt', 1)) | SrcmlStmtInsertion(('triangle.c.xml', '_inter_block', 35), ('triangle.c.xml', 'stmt', 22)) | SrcmlStmtInsertion(('triangle.c.xml', '_inter_block', 25), ('triangle.c.xml', 'stmt', 11))"
2024-06-05 14:19:01,165	[DEBUG]	EXEC>  SUCCESS 217080.0
2024-06-05 14:19:01,166	[INFO]	46      SUCCESS               217080.000000 (67.39%) [5 edit(s)]  
2024-06-05 14:19:01,166	[DEBUG]	patch(46)="SrcmlStmtInsertion(('triangle.c.xml', '_inter_block', 33), ('triangle.c.xml', 'stmt', 18)) | SrcmlStmtReplacement(('triangle.c.xml', 'stmt', 4), ('triangle.c.xml', 'stmt', 0)) | SrcmlStmtDeletion(('triangle.c.xml', 'stmt', 1)) | SrcmlStmtInsertion(('triangle.c.xml', '_inter_block', 35), ('triangle.c.xml', 'stmt', 22)) | SrcmlStmtInsertion(('triangle.c.xml', '_inter_block', 34), ('triangle.c.xml', 'stmt', 10))"
2024-06-05 14:19:01,405	[DEBUG]	EXEC>  SUCCESS 216077.0
2024-06-05 14:19:01,405	[INFO]	47      SUCCESS              *216077.000000 (67.08%) [5 edit(s)]  
2024-06-05 14:19:01,405	[DEBUG]	patch(47)="SrcmlStmtInsertion(('triangle.c.xml', '_inter_block', 33), ('triangle.c.xml', 'stmt', 18)) | SrcmlStmtReplacement(('triangle.c.xml', 'stmt', 4), ('triangle.c.xml', 'stmt', 0)) | SrcmlStmtDeletion(('triangle.c.xml', 'stmt', 1)) | SrcmlStmtInsertion(('triangle.c.xml', '_inter_block', 35), ('triangle.c.xml', 'stmt', 22)) | SrcmlStmtInsertion(('triangle.c.xml', '_inter_block', 17), ('triangle.c.xml', 'stmt', 4))"
--- before: triangle.c
+++ after: triangle.c
@@ -2,7 +2,7 @@
 
 void delay() {
   const struct timespec ms = {0, 0.001*1e9}; //tv_sec=0, tv_nsec (0.001 seconds)
-  nanosleep(&ms,NULL); /*ignores possible errors*/
+   /*ignores possible errors*/
 }
 
 int classify_triangle(double a, double b, double c) {
@@ -11,11 +11,7 @@
   delay();
 
   // Sort the sides so that a <= b <= c
-  if(a > b) {
-    tmp = a;
-    a = b;
-    b = tmp;
-  }
+  const struct timespec ms = {0, 0.001*1e9};
 
   if(a > c) {
     tmp = a;
@@ -36,10 +32,20 @@
   if(a == b && b == c)/*auto*/{
    
     return EQUILATERAL;
+    if(a == b && b == c)/*auto*/{
+     
+      return EQUILATERAL;
+    }/*auto*/
   }/*auto*/
   if(a == b || b == c)/*auto*/{
    
     return ISOSCELES;
+    return SCALENE;
   }/*auto*/
   return SCALENE;
+  if(a > b) {
+    tmp = a;
+    a = b;
+    b = tmp;
+  }
 }

2024-06-05 14:19:01,578	[DEBUG]	EXEC>  SUCCESS 216767.0
2024-06-05 14:19:01,578	[INFO]	48      SUCCESS               216767.000000 (67.29%) [4 edit(s)]  
2024-06-05 14:19:01,578	[DEBUG]	patch(48)="SrcmlStmtInsertion(('triangle.c.xml', '_inter_block', 33), ('triangle.c.xml', 'stmt', 18)) | SrcmlStmtReplacement(('triangle.c.xml', 'stmt', 4), ('triangle.c.xml', 'stmt', 0)) | SrcmlStmtDeletion(('triangle.c.xml', 'stmt', 1)) | SrcmlStmtInsertion(('triangle.c.xml', '_inter_block', 17), ('triangle.c.xml', 'stmt', 4))"
2024-06-05 14:19:01,922	[DEBUG]	EXEC>  SUCCESS 308134.0
2024-06-05 14:19:01,922	[INFO]	49      SUCCESS               308134.000000 (95.65%) [4 edit(s)]  
2024-06-05 14:19:01,923	[DEBUG]	patch(49)="SrcmlStmtInsertion(('triangle.c.xml', '_inter_block', 33), ('triangle.c.xml', 'stmt', 18)) | SrcmlStmtReplacement(('triangle.c.xml', 'stmt', 4), ('triangle.c.xml', 'stmt', 0)) | SrcmlStmtInsertion(('triangle.c.xml', '_inter_block', 35), ('triangle.c.xml', 'stmt', 22)) | SrcmlStmtInsertion(('triangle.c.xml', '_inter_block', 17), ('triangle.c.xml', 'stmt', 4))"
2024-06-05 14:19:02,165	[DEBUG]	EXEC>  SUCCESS 217636.0
2024-06-05 14:19:02,165	[INFO]	50      SUCCESS               217636.000000 (67.56%) [6 edit(s)]  
2024-06-05 14:19:02,165	[DEBUG]	patch(50)="SrcmlStmtInsertion(('triangle.c.xml', '_inter_block', 33), ('triangle.c.xml', 'stmt', 18)) | SrcmlStmtReplacement(('triangle.c.xml', 'stmt', 4), ('triangle.c.xml', 'stmt', 0)) | SrcmlStmtDeletion(('triangle.c.xml', 'stmt', 1)) | SrcmlStmtInsertion(('triangle.c.xml', '_inter_block', 35), ('triangle.c.xml', 'stmt', 22)) | SrcmlStmtInsertion(('triangle.c.xml', '_inter_block', 17), ('triangle.c.xml', 'stmt', 4)) | SrcmlStmtReplacement(('triangle.c.xml', 'stmt', 3), ('triangle.c.xml', 'stmt', 9))"
2024-06-05 14:19:02,207	[INFO]	51      COMPILE_CODE_ERROR    None (--) [6 edit(s)]  
2024-06-05 14:19:02,207	[DEBUG]	patch(51)="SrcmlStmtInsertion(('triangle.c.xml', '_inter_block', 33), ('triangle.c.xml', 'stmt', 18)) | SrcmlStmtReplacement(('triangle.c.xml', 'stmt', 4), ('triangle.c.xml', 'stmt', 0)) | SrcmlStmtDeletion(('triangle.c.xml', 'stmt', 1)) | SrcmlStmtInsertion(('triangle.c.xml', '_inter_block', 35), ('triangle.c.xml', 'stmt', 22)) | SrcmlStmtInsertion(('triangle.c.xml', '_inter_block', 17), ('triangle.c.xml', 'stmt', 4)) | SrcmlStmtInsertion(('triangle.c.xml', '_inter_block', 18), ('triangle.c.xml', 'stmt', 17))"
2024-06-05 14:19:02,210	[INFO]	52      SUCCESS               216929.000000 (67.34%) [4 edit(s)] [cached] 
2024-06-05 14:19:02,210	[DEBUG]	patch(52)="SrcmlStmtInsertion(('triangle.c.xml', '_inter_block', 33), ('triangle.c.xml', 'stmt', 18)) | SrcmlStmtReplacement(('triangle.c.xml', 'stmt', 4), ('triangle.c.xml', 'stmt', 0)) | SrcmlStmtDeletion(('triangle.c.xml', 'stmt', 1)) | SrcmlStmtInsertion(('triangle.c.xml', '_inter_block', 35), ('triangle.c.xml', 'stmt', 22))"
2024-06-05 14:19:02,408	[INFO]	53      TEST_CODE_ERROR       None (--) [6 edit(s)]  
2024-06-05 14:19:02,408	[DEBUG]	patch(53)="SrcmlStmtInsertion(('triangle.c.xml', '_inter_block', 33), ('triangle.c.xml', 'stmt', 18)) | SrcmlStmtReplacement(('triangle.c.xml', 'stmt', 4), ('triangle.c.xml', 'stmt', 0)) | SrcmlStmtDeletion(('triangle.c.xml', 'stmt', 1)) | SrcmlStmtInsertion(('triangle.c.xml', '_inter_block', 35), ('triangle.c.xml', 'stmt', 22)) | SrcmlStmtInsertion(('triangle.c.xml', '_inter_block', 17), ('triangle.c.xml', 'stmt', 4)) | SrcmlStmtDeletion(('triangle.c.xml', 'stmt', 10))"
2024-06-05 14:19:02,668	[DEBUG]	EXEC>  SUCCESS 219453.0
2024-06-05 14:19:02,668	[INFO]	54      SUCCESS               219453.000000 (68.12%) [4 edit(s)]  
2024-06-05 14:19:02,668	[DEBUG]	patch(54)="SrcmlStmtInsertion(('triangle.c.xml', '_inter_block', 33), ('triangle.c.xml', 'stmt', 18)) | SrcmlStmtDeletion(('triangle.c.xml', 'stmt', 1)) | SrcmlStmtInsertion(('triangle.c.xml', '_inter_block', 35), ('triangle.c.xml', 'stmt', 22)) | SrcmlStmtInsertion(('triangle.c.xml', '_inter_block', 17), ('triangle.c.xml', 'stmt', 4))"
2024-06-05 14:19:02,861	[DEBUG]	EXEC>  SUCCESS 218120.0
2024-06-05 14:19:02,861	[INFO]	55      SUCCESS               218120.000000 (67.71%) [6 edit(s)]  
2024-06-05 14:19:02,862	[DEBUG]	patch(55)="SrcmlStmtInsertion(('triangle.c.xml', '_inter_block', 33), ('triangle.c.xml', 'stmt', 18)) | SrcmlStmtReplacement(('triangle.c.xml', 'stmt', 4), ('triangle.c.xml', 'stmt', 0)) | SrcmlStmtDeletion(('triangle.c.xml', 'stmt', 1)) | SrcmlStmtInsertion(('triangle.c.xml', '_inter_block', 35), ('triangle.c.xml', 'stmt', 22)) | SrcmlStmtInsertion(('triangle.c.xml', '_inter_block', 17), ('triangle.c.xml', 'stmt', 4)) | SrcmlStmtReplacement(('triangle.c.xml', 'stmt', 19), ('triangle.c.xml', 'stmt', 21))"
2024-06-05 14:19:03,061	[INFO]	56      TEST_CODE_ERROR       None (--) [6 edit(s)]  
2024-06-05 14:19:03,062	[DEBUG]	patch(56)="SrcmlStmtInsertion(('triangle.c.xml', '_inter_block', 33), ('triangle.c.xml', 'stmt', 18)) | SrcmlStmtReplacement(('triangle.c.xml', 'stmt', 4), ('triangle.c.xml', 'stmt', 0)) | SrcmlStmtDeletion(('triangle.c.xml', 'stmt', 1)) | SrcmlStmtInsertion(('triangle.c.xml', '_inter_block', 35), ('triangle.c.xml', 'stmt', 22)) | SrcmlStmtInsertion(('triangle.c.xml', '_inter_block', 17), ('triangle.c.xml', 'stmt', 4)) | SrcmlStmtDeletion(('triangle.c.xml', 'stmt', 12))"
2024-06-05 14:19:03,103	[INFO]	57      COMPILE_CODE_ERROR    None (--) [6 edit(s)]  
2024-06-05 14:19:03,104	[DEBUG]	patch(57)="SrcmlStmtInsertion(('triangle.c.xml', '_inter_block', 33), ('triangle.c.xml', 'stmt', 18)) | SrcmlStmtReplacement(('triangle.c.xml', 'stmt', 4), ('triangle.c.xml', 'stmt', 0)) | SrcmlStmtDeletion(('triangle.c.xml', 'stmt', 1)) | SrcmlStmtInsertion(('triangle.c.xml', '_inter_block', 35), ('triangle.c.xml', 'stmt', 22)) | SrcmlStmtInsertion(('triangle.c.xml', '_inter_block', 17), ('triangle.c.xml', 'stmt', 4)) | SrcmlStmtInsertion(('triangle.c.xml', '_inter_block', 6), ('triangle.c.xml', 'stmt', 13))"
2024-06-05 14:19:03,343	[DEBUG]	EXEC>  SUCCESS 218188.0
2024-06-05 14:19:03,343	[INFO]	58      SUCCESS               218188.000000 (67.73%) [4 edit(s)]  
2024-06-05 14:19:03,343	[DEBUG]	patch(58)="SrcmlStmtReplacement(('triangle.c.xml', 'stmt', 4), ('triangle.c.xml', 'stmt', 0)) | SrcmlStmtDeletion(('triangle.c.xml', 'stmt', 1)) | SrcmlStmtInsertion(('triangle.c.xml', '_inter_block', 35), ('triangle.c.xml', 'stmt', 22)) | SrcmlStmtInsertion(('triangle.c.xml', '_inter_block', 17), ('triangle.c.xml', 'stmt', 4))"
2024-06-05 14:19:03,550	[INFO]	59      TEST_CODE_ERROR       None (--) [6 edit(s)]  
2024-06-05 14:19:03,550	[DEBUG]	patch(59)="SrcmlStmtInsertion(('triangle.c.xml', '_inter_block', 33), ('triangle.c.xml', 'stmt', 18)) | SrcmlStmtReplacement(('triangle.c.xml', 'stmt', 4), ('triangle.c.xml', 'stmt', 0)) | SrcmlStmtDeletion(('triangle.c.xml', 'stmt', 1)) | SrcmlStmtInsertion(('triangle.c.xml', '_inter_block', 35), ('triangle.c.xml', 'stmt', 22)) | SrcmlStmtInsertion(('triangle.c.xml', '_inter_block', 17), ('triangle.c.xml', 'stmt', 4)) | SrcmlStmtInsertion(('triangle.c.xml', '_inter_block', 24), ('triangle.c.xml', 'stmt', 6))"
2024-06-05 14:19:03,749	[INFO]	60      TEST_CODE_ERROR       None (--) [6 edit(s)]  
2024-06-05 14:19:03,749	[DEBUG]	patch(60)="SrcmlStmtInsertion(('triangle.c.xml', '_inter_block', 33), ('triangle.c.xml', 'stmt', 18)) | SrcmlStmtReplacement(('triangle.c.xml', 'stmt', 4), ('triangle.c.xml', 'stmt', 0)) | SrcmlStmtDeletion(('triangle.c.xml', 'stmt', 1)) | SrcmlStmtInsertion(('triangle.c.xml', '_inter_block', 35), ('triangle.c.xml', 'stmt', 22)) | SrcmlStmtInsertion(('triangle.c.xml', '_inter_block', 17), ('triangle.c.xml', 'stmt', 4)) | SrcmlStmtDeletion(('triangle.c.xml', 'stmt', 16))"
2024-06-05 14:19:04,030	[DEBUG]	EXEC>  SUCCESS 217882.0
2024-06-05 14:19:04,030	[INFO]	61      SUCCESS               217882.000000 (67.64%) [6 edit(s)]  
2024-06-05 14:19:04,030	[DEBUG]	patch(61)="SrcmlStmtInsertion(('triangle.c.xml', '_inter_block', 33), ('triangle.c.xml', 'stmt', 18)) | SrcmlStmtReplacement(('triangle.c.xml', 'stmt', 4), ('triangle.c.xml', 'stmt', 0)) | SrcmlStmtDeletion(('triangle.c.xml', 'stmt', 1)) | SrcmlStmtInsertion(('triangle.c.xml', '_inter_block', 35), ('triangle.c.xml', 'stmt', 22)) | SrcmlStmtInsertion(('triangle.c.xml', '_inter_block', 17), ('triangle.c.xml', 'stmt', 4)) | SrcmlStmtInsertion(('triangle.c.xml', '_inter_block', 1), ('triangle.c.xml', 'stmt', 22))"
2024-06-05 14:19:04,190	[INFO]	62      TEST_CODE_ERROR       None (--) [6 edit(s)]  
2024-06-05 14:19:04,190	[DEBUG]	patch(62)="SrcmlStmtInsertion(('triangle.c.xml', '_inter_block', 33), ('triangle.c.xml', 'stmt', 18)) | SrcmlStmtReplacement(('triangle.c.xml', 'stmt', 4), ('triangle.c.xml', 'stmt', 0)) | SrcmlStmtDeletion(('triangle.c.xml', 'stmt', 1)) | SrcmlStmtInsertion(('triangle.c.xml', '_inter_block', 35), ('triangle.c.xml', 'stmt', 22)) | SrcmlStmtInsertion(('triangle.c.xml', '_inter_block', 17), ('triangle.c.xml', 'stmt', 4)) | SrcmlStmtDeletion(('triangle.c.xml', 'stmt', 9))"
2024-06-05 14:19:04,392	[DEBUG]	EXEC>  SUCCESS 216350.0
2024-06-05 14:19:04,392	[INFO]	63      SUCCESS               216350.000000 (67.16%) [6 edit(s)]  
2024-06-05 14:19:04,392	[DEBUG]	patch(63)="SrcmlStmtInsertion(('triangle.c.xml', '_inter_block', 33), ('triangle.c.xml', 'stmt', 18)) | SrcmlStmtReplacement(('triangle.c.xml', 'stmt', 4), ('triangle.c.xml', 'stmt', 0)) | SrcmlStmtDeletion(('triangle.c.xml', 'stmt', 1)) | SrcmlStmtInsertion(('triangle.c.xml', '_inter_block', 35), ('triangle.c.xml', 'stmt', 22)) | SrcmlStmtInsertion(('triangle.c.xml', '_inter_block', 17), ('triangle.c.xml', 'stmt', 4)) | SrcmlStmtDeletion(('triangle.c.xml', 'stmt', 21))"
2024-06-05 14:19:04,434	[INFO]	64      COMPILE_CODE_ERROR    None (--) [6 edit(s)]  
2024-06-05 14:19:04,434	[DEBUG]	patch(64)="SrcmlStmtInsertion(('triangle.c.xml', '_inter_block', 33), ('triangle.c.xml', 'stmt', 18)) | SrcmlStmtReplacement(('triangle.c.xml', 'stmt', 4), ('triangle.c.xml', 'stmt', 0)) | SrcmlStmtDeletion(('triangle.c.xml', 'stmt', 1)) | SrcmlStmtInsertion(('triangle.c.xml', '_inter_block', 35), ('triangle.c.xml', 'stmt', 22)) | SrcmlStmtInsertion(('triangle.c.xml', '_inter_block', 17), ('triangle.c.xml', 'stmt', 4)) | SrcmlStmtInsertion(('triangle.c.xml', '_inter_block', 19), ('triangle.c.xml', 'stmt', 11))"
2024-06-05 14:19:04,476	[INFO]	65      COMPILE_CODE_ERROR    None (--) [6 edit(s)]  
2024-06-05 14:19:04,476	[DEBUG]	patch(65)="SrcmlStmtInsertion(('triangle.c.xml', '_inter_block', 33), ('triangle.c.xml', 'stmt', 18)) | SrcmlStmtReplacement(('triangle.c.xml', 'stmt', 4), ('triangle.c.xml', 'stmt', 0)) | SrcmlStmtDeletion(('triangle.c.xml', 'stmt', 1)) | SrcmlStmtInsertion(('triangle.c.xml', '_inter_block', 35), ('triangle.c.xml', 'stmt', 22)) | SrcmlStmtInsertion(('triangle.c.xml', '_inter_block', 17), ('triangle.c.xml', 'stmt', 4)) | SrcmlStmtReplacement(('triangle.c.xml', 'stmt', 20), ('triangle.c.xml', 'stmt', 2))"
2024-06-05 14:19:04,655	[DEBUG]	EXEC>  SUCCESS 216857.0
2024-06-05 14:19:04,655	[INFO]	66      SUCCESS               216857.000000 (67.32%) [6 edit(s)]  
2024-06-05 14:19:04,655	[DEBUG]	patch(66)="SrcmlStmtInsertion(('triangle.c.xml', '_inter_block', 33), ('triangle.c.xml', 'stmt', 18)) | SrcmlStmtReplacement(('triangle.c.xml', 'stmt', 4), ('triangle.c.xml', 'stmt', 0)) | SrcmlStmtDeletion(('triangle.c.xml', 'stmt', 1)) | SrcmlStmtInsertion(('triangle.c.xml', '_inter_block', 35), ('triangle.c.xml', 'stmt', 22)) | SrcmlStmtInsertion(('triangle.c.xml', '_inter_block', 17), ('triangle.c.xml', 'stmt', 4)) | SrcmlStmtReplacement(('triangle.c.xml', 'stmt', 10), ('triangle.c.xml', 'stmt', 8))"
2024-06-05 14:19:04,870	[DEBUG]	EXEC>  SUCCESS 217776.0
2024-06-05 14:19:04,870	[INFO]	67      SUCCESS               217776.000000 (67.60%) [6 edit(s)]  
2024-06-05 14:19:04,870	[DEBUG]	patch(67)="SrcmlStmtInsertion(('triangle.c.xml', '_inter_block', 33), ('triangle.c.xml', 'stmt', 18)) | SrcmlStmtReplacement(('triangle.c.xml', 'stmt', 4), ('triangle.c.xml', 'stmt', 0)) | SrcmlStmtDeletion(('triangle.c.xml', 'stmt', 1)) | SrcmlStmtInsertion(('triangle.c.xml', '_inter_block', 35), ('triangle.c.xml', 'stmt', 22)) | SrcmlStmtInsertion(('triangle.c.xml', '_inter_block', 17), ('triangle.c.xml', 'stmt', 4)) | SrcmlStmtDeletion(('triangle.c.xml', 'stmt', 4))"
2024-06-05 14:19:04,873	[INFO]	~~~~ END ~~~~
2024-06-05 14:19:04,873	[INFO]	
2024-06-05 14:19:04,873	[INFO]	==== REPORT ====
2024-06-05 14:19:04,873	[INFO]	Termination: time budget
2024-06-05 14:19:04,873	[INFO]	Retries: 1
2024-06-05 14:19:04,873	[INFO]	Log file: /home/jim/magpie/_magpie_logs/triangle-c_1717593533.log
2024-06-05 14:19:04,873	[INFO]	Patch file: _magpie_logs/triangle-c_1717593533.patch
2024-06-05 14:19:04,873	[INFO]	Diff file: _magpie_logs/triangle-c_1717593533.diff
2024-06-05 14:19:04,873	[INFO]	Reference fitness: 322140.000000
2024-06-05 14:19:04,873	[INFO]	Best fitness: 216077.000000
2024-06-05 14:19:04,874	[INFO]	
2024-06-05 14:19:04,875	[INFO]	==== BEST PATCH ====
SrcmlStmtInsertion(('triangle.c.xml', '_inter_block', 33), ('triangle.c.xml', 'stmt', 18)) | SrcmlStmtReplacement(('triangle.c.xml', 'stmt', 4), ('triangle.c.xml', 'stmt', 0)) | SrcmlStmtDeletion(('triangle.c.xml', 'stmt', 1)) | SrcmlStmtInsertion(('triangle.c.xml', '_inter_block', 35), ('triangle.c.xml', 'stmt', 22)) | SrcmlStmtInsertion(('triangle.c.xml', '_inter_block', 17), ('triangle.c.xml', 'stmt', 4))
2024-06-05 14:19:04,875	[INFO]	
2024-06-05 14:19:04,875	[INFO]	==== DIFF ====
[1m--- before: triangle.c[0m
[1m+++ after: triangle.c[0m
[36m@@ -2,7 +2,7 @@[0m
 
 void delay() {
   const struct timespec ms = {0, 0.001*1e9}; //tv_sec=0, tv_nsec (0.001 seconds)
[31m-  nanosleep(&ms,NULL); /*ignores possible errors*/[0m
[32m+   /*ignores possible errors*/[0m
 }
 
 int classify_triangle(double a, double b, double c) {
[36m@@ -11,11 +11,7 @@[0m
   delay();
 
   // Sort the sides so that a <= b <= c
[31m-  if(a > b) {[0m
[31m-    tmp = a;[0m
[31m-    a = b;[0m
[31m-    b = tmp;[0m
[31m-  }[0m
[32m+  const struct timespec ms = {0, 0.001*1e9};[0m
 
   if(a > c) {
     tmp = a;
[36m@@ -36,10 +32,20 @@[0m
   if(a == b && b == c)/*auto*/{
    
     return EQUILATERAL;
[32m+    if(a == b && b == c)/*auto*/{[0m
[32m+     [0m
[32m+      return EQUILATERAL;[0m
[32m+    }/*auto*/[0m
   }/*auto*/
   if(a == b || b == c)/*auto*/{
    
     return ISOSCELES;
[32m+    return SCALENE;[0m
   }/*auto*/
   return SCALENE;
[32m+  if(a > b) {[0m
[32m+    tmp = a;[0m
[32m+    a = b;[0m
[32m+    b = tmp;[0m
[32m+  }[0m
 }

