2024-06-04 15:07:15,953	[DEBUG]	==== CONFIG ====
[magpie]
import = 
seed = 6310424465700319
log_dir = _magpie_logs
work_dir = _magpie_work
local_original_copy = False
local_original_name = __original__
output_encoding = ascii
edit_retries = 10
default_timeout = 30
default_lengthout = 10000.0
diff_method = unified
trust_local_filesystem = True

[magpie.log]
color_output = True
format_info = {counter:<7} {status:<20} {best}{fitness} ({ratio}) [{size}] {cached} {log}
format_debug = patch({counter})="{patch}"{diffifbest}
format_fitness = {:.2f}
format_ratio = {:.2%%}
format_patchif = 
	 --> {patch}
format_diffif = 
	{diff}

[software]
path = examples/triangle-c
target_files = 
	triangle.c.xml
software = BasicSoftware
model_rules = 
	*.params : ParamFileConfigModel
	*.xml : SrcmlModel
	* : LineModel
model_config = 
	*.params : [paramconfig]
	*.xml : [srcml]
init_cmd = bash init_slow.sh
init_timeout = 60
init_lengthout = -1
setup_cmd = 
setup_timeout = 
setup_lengthout = 
compile_cmd = make test_triangle run_triangle
compile_timeout = 
compile_lengthout = 
test_cmd = ./test_triangle
test_timeout = 
test_lengthout = 
run_cmd = perf stat  ./run_triangle
run_timeout = 1
run_lengthout = 
retries = 1
batch_timeout = 
batch_lengthout = 
batch_bin_fitness_strategy = aggregate
batch_fitness_strategy = sum
fitness = perf_time

[srcml]
rename = 
	stmt: break continue decl_stmt do expr_stmt for goto if return switch while
	number: literal_number
focus = block stmt operator_comp operator_arith number
internodes = block
process_pseudo_blocks = True
process_literals = True
process_operators = True

[paramconfig]
timing = test run
cli_prefix = --
cli_glue = =
cli_boolean = show
cli_boolean_prefix_true = 
cli_boolean_prefix_false = no-
cli_none = hide
silent_prefix = @
silent_suffix = $

[search]
protocol = BasicProtocol
algorithm = FirstImprovement
possible_edits = 
	SrcmlStmtReplacement
	SrcmlStmtInsertion
	SrcmlStmtDeletion
warmup = 3
warmup_strategy = last
max_steps = 100
max_time = 60
target_fitness = 
cache_maxsize = 100
cache_keep = 0.2
batch_instances = 
batch_shuffle = True
batch_bin_shuffle = False
batch_sample_size = 1

[search.ls]
delete_prob = 0.5
max_neighbours = 
when_trapped = continue
accept_fail = False
tabu_length = 10

[search.gp]
pop_size = 10
delete_prob = 0.5
offspring_elitism = 0.1
offspring_crossover = 0.5
offspring_mutation = 0.4
uniform_rate = 0.5
batch_reset = True

[search.minify]
do_cleanup = True
do_rebuild = True
do_simplify = True
round_robin_limit = 3


2024-06-04 15:07:15,954	[DEBUG]	
2024-06-04 15:07:15,954	[INFO]	==== SEARCH: FirstImprovement ====
2024-06-04 15:07:15,954	[INFO]	~~~~ WARMUP ~~~~
2024-06-04 15:07:16,217	[DEBUG]	EXEC>  SUCCESS 0.0703756
2024-06-04 15:07:16,217	[INFO]	WARM    SUCCESS               0.07 (--) [0 edit(s)]  
2024-06-04 15:07:16,468	[DEBUG]	EXEC>  SUCCESS 0.07006313
2024-06-04 15:07:16,468	[INFO]	WARM    SUCCESS               0.07 (--) [0 edit(s)]  
2024-06-04 15:07:16,679	[DEBUG]	EXEC>  SUCCESS 0.06990528
2024-06-04 15:07:16,679	[INFO]	WARM    SUCCESS               0.07 (--) [0 edit(s)]  
2024-06-04 15:07:16,679	[INFO]	REF     SUCCESS               0.07 (--) [0 edit(s)]  
2024-06-04 15:07:16,679	[INFO]	
2024-06-04 15:07:16,679	[INFO]	~~~~ START ~~~~
2024-06-04 15:07:16,934	[DEBUG]	EXEC>  SUCCESS 0.06938189
2024-06-04 15:07:16,934	[INFO]	1       SUCCESS              *0.07 (99.25%) [1 edit(s)]  
2024-06-04 15:07:16,934	[DEBUG]	patch(1)="SrcmlStmtDeletion(('triangle.c.xml', 'stmt', 8))"
--- before: triangle.c
+++ after: triangle.c
@@ -17,11 +17,7 @@
     b = tmp;
   }
 
-  if(a > c) {
-    tmp = a;
-    a = c;
-    c = tmp;
-  }
+  
 
   if(b > c) {
     tmp = b;

2024-06-04 15:07:16,934	[INFO]	2       SUCCESS               0.07 (100.00%) [0 edit(s)] [cached] 
2024-06-04 15:07:16,935	[DEBUG]	patch(2)=""
2024-06-04 15:07:17,111	[INFO]	3       TEST_CODE_ERROR       None (--) [2 edit(s)]  
2024-06-04 15:07:17,111	[DEBUG]	patch(3)="SrcmlStmtDeletion(('triangle.c.xml', 'stmt', 8)) | SrcmlStmtDeletion(('triangle.c.xml', 'stmt', 13))"
2024-06-04 15:07:17,314	[INFO]	4       TEST_CODE_ERROR       None (--) [2 edit(s)]  
2024-06-04 15:07:17,315	[DEBUG]	patch(4)="SrcmlStmtDeletion(('triangle.c.xml', 'stmt', 8)) | SrcmlStmtReplacement(('triangle.c.xml', 'stmt', 13), ('triangle.c.xml', 'stmt', 4))"
2024-06-04 15:07:17,341	[INFO]	5       COMPILE_CODE_ERROR    None (--) [2 edit(s)]  
2024-06-04 15:07:17,341	[DEBUG]	patch(5)="SrcmlStmtDeletion(('triangle.c.xml', 'stmt', 8)) | SrcmlStmtReplacement(('triangle.c.xml', 'stmt', 2), ('triangle.c.xml', 'stmt', 21))"
2024-06-04 15:07:17,488	[INFO]	6       TEST_CODE_ERROR       None (--) [2 edit(s)]  
2024-06-04 15:07:17,488	[DEBUG]	patch(6)="SrcmlStmtDeletion(('triangle.c.xml', 'stmt', 8)) | SrcmlStmtDeletion(('triangle.c.xml', 'stmt', 18))"
2024-06-04 15:07:17,624	[INFO]	7       TEST_CODE_ERROR       None (--) [2 edit(s)]  
2024-06-04 15:07:17,625	[DEBUG]	patch(7)="SrcmlStmtDeletion(('triangle.c.xml', 'stmt', 8)) | SrcmlStmtReplacement(('triangle.c.xml', 'stmt', 6), ('triangle.c.xml', 'stmt', 22))"
2024-06-04 15:07:17,644	[INFO]	8       COMPILE_CODE_ERROR    None (--) [2 edit(s)]  
2024-06-04 15:07:17,645	[DEBUG]	patch(8)="SrcmlStmtDeletion(('triangle.c.xml', 'stmt', 8)) | SrcmlStmtInsertion(('triangle.c.xml', '_inter_block', 6), ('triangle.c.xml', 'stmt', 22))"
2024-06-04 15:07:17,795	[INFO]	9       TEST_CODE_ERROR       None (--) [2 edit(s)]  
2024-06-04 15:07:17,795	[DEBUG]	patch(9)="SrcmlStmtDeletion(('triangle.c.xml', 'stmt', 8)) | SrcmlStmtReplacement(('triangle.c.xml', 'stmt', 19), ('triangle.c.xml', 'stmt', 22))"
2024-06-04 15:07:17,943	[INFO]	10      TEST_CODE_ERROR       None (--) [2 edit(s)]  
2024-06-04 15:07:17,944	[DEBUG]	patch(10)="SrcmlStmtDeletion(('triangle.c.xml', 'stmt', 8)) | SrcmlStmtReplacement(('triangle.c.xml', 'stmt', 22), ('triangle.c.xml', 'stmt', 17))"
2024-06-04 15:07:18,103	[DEBUG]	EXEC>  SUCCESS 0.00156069
2024-06-04 15:07:18,103	[INFO]	11      SUCCESS              *0.00 (2.23%) [2 edit(s)]  
2024-06-04 15:07:18,103	[DEBUG]	patch(11)="SrcmlStmtDeletion(('triangle.c.xml', 'stmt', 8)) | SrcmlStmtDeletion(('triangle.c.xml', 'stmt', 1))"
--- before: triangle.c
+++ after: triangle.c
@@ -2,7 +2,7 @@
 
 void delay() {
   const struct timespec ms = {0, 0.001*1e9}; //tv_sec=0, tv_nsec (0.001 seconds)
-  nanosleep(&ms,NULL); /*ignores possible errors*/
+   /*ignores possible errors*/
 }
 
 int classify_triangle(double a, double b, double c) {
@@ -17,11 +17,7 @@
     b = tmp;
   }
 
-  if(a > c) {
-    tmp = a;
-    a = c;
-    c = tmp;
-  }
+  
 
   if(b > c) {
     tmp = b;

2024-06-04 15:07:18,231	[INFO]	12      TEST_CODE_ERROR       None (--) [3 edit(s)]  
2024-06-04 15:07:18,231	[DEBUG]	patch(12)="SrcmlStmtDeletion(('triangle.c.xml', 'stmt', 8)) | SrcmlStmtDeletion(('triangle.c.xml', 'stmt', 1)) | SrcmlStmtReplacement(('triangle.c.xml', 'stmt', 14), ('triangle.c.xml', 'stmt', 10))"
2024-06-04 15:07:18,384	[DEBUG]	EXEC>  SUCCESS 0.00099972
2024-06-04 15:07:18,384	[INFO]	13      SUCCESS              *0.00 (1.43%) [1 edit(s)]  
2024-06-04 15:07:18,385	[DEBUG]	patch(13)="SrcmlStmtDeletion(('triangle.c.xml', 'stmt', 1))"
--- before: triangle.c
+++ after: triangle.c
@@ -2,7 +2,7 @@
 
 void delay() {
   const struct timespec ms = {0, 0.001*1e9}; //tv_sec=0, tv_nsec (0.001 seconds)
-  nanosleep(&ms,NULL); /*ignores possible errors*/
+   /*ignores possible errors*/
 }
 
 int classify_triangle(double a, double b, double c) {

2024-06-04 15:07:18,385	[INFO]	14      SUCCESS               0.07 (100.00%) [0 edit(s)] [cached] 
2024-06-04 15:07:18,385	[DEBUG]	patch(14)=""
2024-06-04 15:07:18,502	[DEBUG]	EXEC>  SUCCESS 0.00067188
2024-06-04 15:07:18,502	[INFO]	15      SUCCESS              *0.00 (0.96%) [2 edit(s)]  
2024-06-04 15:07:18,502	[DEBUG]	patch(15)="SrcmlStmtDeletion(('triangle.c.xml', 'stmt', 1)) | SrcmlStmtInsertion(('triangle.c.xml', '_inter_block', 19), ('triangle.c.xml', 'stmt', 18))"
--- before: triangle.c
+++ after: triangle.c
@@ -2,7 +2,7 @@
 
 void delay() {
   const struct timespec ms = {0, 0.001*1e9}; //tv_sec=0, tv_nsec (0.001 seconds)
-  nanosleep(&ms,NULL); /*ignores possible errors*/
+   /*ignores possible errors*/
 }
 
 int classify_triangle(double a, double b, double c) {
@@ -13,6 +13,10 @@
   // Sort the sides so that a <= b <= c
   if(a > b) {
     tmp = a;
+    if(a == b && b == c)/*auto*/{
+     
+      return EQUILATERAL;
+    }/*auto*/
     a = b;
     b = tmp;
   }

2024-06-04 15:07:18,699	[DEBUG]	EXEC>  SUCCESS 0.07038545
2024-06-04 15:07:18,700	[INFO]	16      SUCCESS               0.07 (100.69%) [1 edit(s)]  
2024-06-04 15:07:18,700	[DEBUG]	patch(16)="SrcmlStmtInsertion(('triangle.c.xml', '_inter_block', 19), ('triangle.c.xml', 'stmt', 18))"
2024-06-04 15:07:18,795	[INFO]	17      TEST_CODE_ERROR       None (--) [3 edit(s)]  
2024-06-04 15:07:18,795	[DEBUG]	patch(17)="SrcmlStmtDeletion(('triangle.c.xml', 'stmt', 1)) | SrcmlStmtInsertion(('triangle.c.xml', '_inter_block', 19), ('triangle.c.xml', 'stmt', 18)) | SrcmlStmtReplacement(('triangle.c.xml', 'stmt', 20), ('triangle.c.xml', 'stmt', 14))"
2024-06-04 15:07:18,821	[INFO]	18      COMPILE_CODE_ERROR    None (--) [3 edit(s)]  
2024-06-04 15:07:18,821	[DEBUG]	patch(18)="SrcmlStmtDeletion(('triangle.c.xml', 'stmt', 1)) | SrcmlStmtInsertion(('triangle.c.xml', '_inter_block', 19), ('triangle.c.xml', 'stmt', 18)) | SrcmlStmtReplacement(('triangle.c.xml', 'stmt', 2), ('triangle.c.xml', 'stmt', 17))"
2024-06-04 15:07:18,943	[DEBUG]	EXEC>  SUCCESS 0.00106802
2024-06-04 15:07:18,943	[INFO]	19      SUCCESS               0.00 (1.53%) [3 edit(s)]  
2024-06-04 15:07:18,943	[DEBUG]	patch(19)="SrcmlStmtDeletion(('triangle.c.xml', 'stmt', 1)) | SrcmlStmtInsertion(('triangle.c.xml', '_inter_block', 19), ('triangle.c.xml', 'stmt', 18)) | SrcmlStmtInsertion(('triangle.c.xml', '_inter_block', 10), ('triangle.c.xml', 'stmt', 13))"
2024-06-04 15:07:19,030	[INFO]	20      TEST_CODE_ERROR       None (--) [3 edit(s)]  
2024-06-04 15:07:19,030	[DEBUG]	patch(20)="SrcmlStmtDeletion(('triangle.c.xml', 'stmt', 1)) | SrcmlStmtInsertion(('triangle.c.xml', '_inter_block', 19), ('triangle.c.xml', 'stmt', 18)) | SrcmlStmtInsertion(('triangle.c.xml', '_inter_block', 9), ('triangle.c.xml', 'stmt', 19))"
2024-06-04 15:07:19,030	[INFO]	21      SUCCESS               0.00 (1.43%) [1 edit(s)] [cached] 
2024-06-04 15:07:19,030	[DEBUG]	patch(21)="SrcmlStmtDeletion(('triangle.c.xml', 'stmt', 1))"
2024-06-04 15:07:19,135	[INFO]	22      TEST_CODE_ERROR       None (--) [3 edit(s)]  
2024-06-04 15:07:19,135	[DEBUG]	patch(22)="SrcmlStmtDeletion(('triangle.c.xml', 'stmt', 1)) | SrcmlStmtInsertion(('triangle.c.xml', '_inter_block', 19), ('triangle.c.xml', 'stmt', 18)) | SrcmlStmtReplacement(('triangle.c.xml', 'stmt', 12), ('triangle.c.xml', 'stmt', 15))"
2024-06-04 15:07:19,252	[INFO]	23      TEST_CODE_ERROR       None (--) [3 edit(s)]  
2024-06-04 15:07:19,252	[DEBUG]	patch(23)="SrcmlStmtDeletion(('triangle.c.xml', 'stmt', 1)) | SrcmlStmtInsertion(('triangle.c.xml', '_inter_block', 19), ('triangle.c.xml', 'stmt', 18)) | SrcmlStmtDeletion(('triangle.c.xml', 'stmt', 12))"
2024-06-04 15:07:19,378	[INFO]	24      TEST_CODE_ERROR       None (--) [3 edit(s)]  
2024-06-04 15:07:19,379	[DEBUG]	patch(24)="SrcmlStmtDeletion(('triangle.c.xml', 'stmt', 1)) | SrcmlStmtInsertion(('triangle.c.xml', '_inter_block', 19), ('triangle.c.xml', 'stmt', 18)) | SrcmlStmtReplacement(('triangle.c.xml', 'stmt', 13), ('triangle.c.xml', 'stmt', 0))"
2024-06-04 15:07:19,484	[INFO]	25      TEST_CODE_ERROR       None (--) [3 edit(s)]  
2024-06-04 15:07:19,484	[DEBUG]	patch(25)="SrcmlStmtDeletion(('triangle.c.xml', 'stmt', 1)) | SrcmlStmtInsertion(('triangle.c.xml', '_inter_block', 19), ('triangle.c.xml', 'stmt', 18)) | SrcmlStmtReplacement(('triangle.c.xml', 'stmt', 8), ('triangle.c.xml', 'stmt', 15))"
2024-06-04 15:07:19,636	[DEBUG]	EXEC>  SUCCESS 0.00127029
2024-06-04 15:07:19,636	[INFO]	26      SUCCESS               0.00 (1.82%) [3 edit(s)]  
2024-06-04 15:07:19,637	[DEBUG]	patch(26)="SrcmlStmtDeletion(('triangle.c.xml', 'stmt', 1)) | SrcmlStmtInsertion(('triangle.c.xml', '_inter_block', 19), ('triangle.c.xml', 'stmt', 18)) | SrcmlStmtReplacement(('triangle.c.xml', 'stmt', 5), ('triangle.c.xml', 'stmt', 9))"
2024-06-04 15:07:19,752	[INFO]	27      TEST_CODE_ERROR       None (--) [3 edit(s)]  
2024-06-04 15:07:19,752	[DEBUG]	patch(27)="SrcmlStmtDeletion(('triangle.c.xml', 'stmt', 1)) | SrcmlStmtInsertion(('triangle.c.xml', '_inter_block', 19), ('triangle.c.xml', 'stmt', 18)) | SrcmlStmtReplacement(('triangle.c.xml', 'stmt', 11), ('triangle.c.xml', 'stmt', 4))"
2024-06-04 15:07:19,901	[INFO]	28      TEST_CODE_ERROR       None (--) [3 edit(s)]  
2024-06-04 15:07:19,902	[DEBUG]	patch(28)="SrcmlStmtDeletion(('triangle.c.xml', 'stmt', 1)) | SrcmlStmtInsertion(('triangle.c.xml', '_inter_block', 19), ('triangle.c.xml', 'stmt', 18)) | SrcmlStmtInsertion(('triangle.c.xml', '_inter_block', 22), ('triangle.c.xml', 'stmt', 21))"
2024-06-04 15:07:20,017	[INFO]	29      TEST_CODE_ERROR       None (--) [3 edit(s)]  
2024-06-04 15:07:20,017	[DEBUG]	patch(29)="SrcmlStmtDeletion(('triangle.c.xml', 'stmt', 1)) | SrcmlStmtInsertion(('triangle.c.xml', '_inter_block', 19), ('triangle.c.xml', 'stmt', 18)) | SrcmlStmtReplacement(('triangle.c.xml', 'stmt', 9), ('triangle.c.xml', 'stmt', 20))"
2024-06-04 15:07:20,134	[INFO]	30      TEST_CODE_ERROR       None (--) [3 edit(s)]  
2024-06-04 15:07:20,134	[DEBUG]	patch(30)="SrcmlStmtDeletion(('triangle.c.xml', 'stmt', 1)) | SrcmlStmtInsertion(('triangle.c.xml', '_inter_block', 19), ('triangle.c.xml', 'stmt', 18)) | SrcmlStmtReplacement(('triangle.c.xml', 'stmt', 5), ('triangle.c.xml', 'stmt', 21))"
2024-06-04 15:07:20,298	[INFO]	31      TEST_CODE_ERROR       None (--) [3 edit(s)]  
2024-06-04 15:07:20,298	[DEBUG]	patch(31)="SrcmlStmtDeletion(('triangle.c.xml', 'stmt', 1)) | SrcmlStmtInsertion(('triangle.c.xml', '_inter_block', 19), ('triangle.c.xml', 'stmt', 18)) | SrcmlStmtInsertion(('triangle.c.xml', '_inter_block', 23), ('triangle.c.xml', 'stmt', 13))"
2024-06-04 15:07:20,456	[INFO]	32      TEST_CODE_ERROR       None (--) [3 edit(s)]  
2024-06-04 15:07:20,456	[DEBUG]	patch(32)="SrcmlStmtDeletion(('triangle.c.xml', 'stmt', 1)) | SrcmlStmtInsertion(('triangle.c.xml', '_inter_block', 19), ('triangle.c.xml', 'stmt', 18)) | SrcmlStmtReplacement(('triangle.c.xml', 'stmt', 22), ('triangle.c.xml', 'stmt', 18))"
2024-06-04 15:07:20,588	[DEBUG]	EXEC>  SUCCESS 0.00106125
2024-06-04 15:07:20,588	[INFO]	33      SUCCESS               0.00 (1.52%) [3 edit(s)]  
2024-06-04 15:07:20,588	[DEBUG]	patch(33)="SrcmlStmtDeletion(('triangle.c.xml', 'stmt', 1)) | SrcmlStmtInsertion(('triangle.c.xml', '_inter_block', 19), ('triangle.c.xml', 'stmt', 18)) | SrcmlStmtDeletion(('triangle.c.xml', 'stmt', 8))"
2024-06-04 15:07:20,716	[INFO]	34      TEST_CODE_ERROR       None (--) [3 edit(s)]  
2024-06-04 15:07:20,716	[DEBUG]	patch(34)="SrcmlStmtDeletion(('triangle.c.xml', 'stmt', 1)) | SrcmlStmtInsertion(('triangle.c.xml', '_inter_block', 19), ('triangle.c.xml', 'stmt', 18)) | SrcmlStmtDeletion(('triangle.c.xml', 'stmt', 14))"
2024-06-04 15:07:20,844	[INFO]	35      TEST_CODE_ERROR       None (--) [3 edit(s)]  
2024-06-04 15:07:20,844	[DEBUG]	patch(35)="SrcmlStmtDeletion(('triangle.c.xml', 'stmt', 1)) | SrcmlStmtInsertion(('triangle.c.xml', '_inter_block', 19), ('triangle.c.xml', 'stmt', 18)) | SrcmlStmtReplacement(('triangle.c.xml', 'stmt', 5), ('triangle.c.xml', 'stmt', 19))"
2024-06-04 15:07:20,943	[INFO]	36      TEST_CODE_ERROR       None (--) [3 edit(s)]  
2024-06-04 15:07:20,943	[DEBUG]	patch(36)="SrcmlStmtDeletion(('triangle.c.xml', 'stmt', 1)) | SrcmlStmtInsertion(('triangle.c.xml', '_inter_block', 19), ('triangle.c.xml', 'stmt', 18)) | SrcmlStmtDeletion(('triangle.c.xml', 'stmt', 15))"
2024-06-04 15:07:21,049	[INFO]	37      TEST_CODE_ERROR       None (--) [3 edit(s)]  
2024-06-04 15:07:21,049	[DEBUG]	patch(37)="SrcmlStmtDeletion(('triangle.c.xml', 'stmt', 1)) | SrcmlStmtInsertion(('triangle.c.xml', '_inter_block', 19), ('triangle.c.xml', 'stmt', 18)) | SrcmlStmtDeletion(('triangle.c.xml', 'stmt', 7))"
2024-06-04 15:07:21,077	[INFO]	38      COMPILE_CODE_ERROR    None (--) [3 edit(s)]  
2024-06-04 15:07:21,077	[DEBUG]	patch(38)="SrcmlStmtDeletion(('triangle.c.xml', 'stmt', 1)) | SrcmlStmtInsertion(('triangle.c.xml', '_inter_block', 19), ('triangle.c.xml', 'stmt', 18)) | SrcmlStmtReplacement(('triangle.c.xml', 'stmt', 2), ('triangle.c.xml', 'stmt', 15))"
2024-06-04 15:07:21,099	[INFO]	39      COMPILE_CODE_ERROR    None (--) [3 edit(s)]  
2024-06-04 15:07:21,100	[DEBUG]	patch(39)="SrcmlStmtDeletion(('triangle.c.xml', 'stmt', 1)) | SrcmlStmtInsertion(('triangle.c.xml', '_inter_block', 19), ('triangle.c.xml', 'stmt', 18)) | SrcmlStmtInsertion(('triangle.c.xml', '_inter_block', 3), ('triangle.c.xml', 'stmt', 18))"
2024-06-04 15:07:21,213	[INFO]	40      TEST_CODE_ERROR       None (--) [3 edit(s)]  
2024-06-04 15:07:21,213	[DEBUG]	patch(40)="SrcmlStmtDeletion(('triangle.c.xml', 'stmt', 1)) | SrcmlStmtInsertion(('triangle.c.xml', '_inter_block', 19), ('triangle.c.xml', 'stmt', 18)) | SrcmlStmtDeletion(('triangle.c.xml', 'stmt', 22))"
2024-06-04 15:07:21,215	[INFO]	41      TEST_CODE_ERROR       None (--) [3 edit(s)] [cached] 
2024-06-04 15:07:21,215	[DEBUG]	patch(41)="SrcmlStmtDeletion(('triangle.c.xml', 'stmt', 1)) | SrcmlStmtInsertion(('triangle.c.xml', '_inter_block', 19), ('triangle.c.xml', 'stmt', 18)) | SrcmlStmtDeletion(('triangle.c.xml', 'stmt', 22))"
2024-06-04 15:07:21,235	[INFO]	42      COMPILE_CODE_ERROR    None (--) [3 edit(s)]  
2024-06-04 15:07:21,235	[DEBUG]	patch(42)="SrcmlStmtDeletion(('triangle.c.xml', 'stmt', 1)) | SrcmlStmtInsertion(('triangle.c.xml', '_inter_block', 19), ('triangle.c.xml', 'stmt', 18)) | SrcmlStmtInsertion(('triangle.c.xml', '_inter_block', 15), ('triangle.c.xml', 'stmt', 1))"
2024-06-04 15:07:21,338	[INFO]	43      TEST_CODE_ERROR       None (--) [3 edit(s)]  
2024-06-04 15:07:21,338	[DEBUG]	patch(43)="SrcmlStmtDeletion(('triangle.c.xml', 'stmt', 1)) | SrcmlStmtInsertion(('triangle.c.xml', '_inter_block', 19), ('triangle.c.xml', 'stmt', 18)) | SrcmlStmtInsertion(('triangle.c.xml', '_inter_block', 23), ('triangle.c.xml', 'stmt', 11))"
2024-06-04 15:07:21,556	[DEBUG]	EXEC>  SUCCESS 0.00148247
2024-06-04 15:07:21,556	[INFO]	44      SUCCESS               0.00 (2.12%) [3 edit(s)]  
2024-06-04 15:07:21,556	[DEBUG]	patch(44)="SrcmlStmtDeletion(('triangle.c.xml', 'stmt', 1)) | SrcmlStmtInsertion(('triangle.c.xml', '_inter_block', 19), ('triangle.c.xml', 'stmt', 18)) | SrcmlStmtInsertion(('triangle.c.xml', '_inter_block', 33), ('triangle.c.xml', 'stmt', 15))"
2024-06-04 15:07:21,703	[DEBUG]	EXEC>  SUCCESS 0.00147178
2024-06-04 15:07:21,703	[INFO]	45      SUCCESS               0.00 (2.11%) [3 edit(s)]  
2024-06-04 15:07:21,703	[DEBUG]	patch(45)="SrcmlStmtDeletion(('triangle.c.xml', 'stmt', 1)) | SrcmlStmtInsertion(('triangle.c.xml', '_inter_block', 19), ('triangle.c.xml', 'stmt', 18)) | SrcmlStmtInsertion(('triangle.c.xml', '_inter_block', 15), ('triangle.c.xml', 'stmt', 8))"
2024-06-04 15:07:21,830	[DEBUG]	EXEC>  SUCCESS 0.00144335
2024-06-04 15:07:21,830	[INFO]	46      SUCCESS               0.00 (2.06%) [3 edit(s)]  
2024-06-04 15:07:21,830	[DEBUG]	patch(46)="SrcmlStmtDeletion(('triangle.c.xml', 'stmt', 1)) | SrcmlStmtInsertion(('triangle.c.xml', '_inter_block', 19), ('triangle.c.xml', 'stmt', 18)) | SrcmlStmtInsertion(('triangle.c.xml', '_inter_block', 14), ('triangle.c.xml', 'stmt', 0))"
2024-06-04 15:07:21,949	[DEBUG]	EXEC>  SUCCESS 0.00146109
2024-06-04 15:07:21,949	[INFO]	47      SUCCESS               0.00 (2.09%) [3 edit(s)]  
2024-06-04 15:07:21,949	[DEBUG]	patch(47)="SrcmlStmtDeletion(('triangle.c.xml', 'stmt', 1)) | SrcmlStmtInsertion(('triangle.c.xml', '_inter_block', 19), ('triangle.c.xml', 'stmt', 18)) | SrcmlStmtDeletion(('triangle.c.xml', 'stmt', 5))"
2024-06-04 15:07:22,079	[DEBUG]	EXEC>  SUCCESS 0.00108688
2024-06-04 15:07:22,079	[INFO]	48      SUCCESS               0.00 (1.55%) [3 edit(s)]  
2024-06-04 15:07:22,079	[DEBUG]	patch(48)="SrcmlStmtDeletion(('triangle.c.xml', 'stmt', 1)) | SrcmlStmtInsertion(('triangle.c.xml', '_inter_block', 19), ('triangle.c.xml', 'stmt', 18)) | SrcmlStmtInsertion(('triangle.c.xml', '_inter_block', 30), ('triangle.c.xml', 'stmt', 10))"
2024-06-04 15:07:22,216	[INFO]	49      TEST_CODE_ERROR       None (--) [3 edit(s)]  
2024-06-04 15:07:22,217	[DEBUG]	patch(49)="SrcmlStmtDeletion(('triangle.c.xml', 'stmt', 1)) | SrcmlStmtInsertion(('triangle.c.xml', '_inter_block', 19), ('triangle.c.xml', 'stmt', 18)) | SrcmlStmtReplacement(('triangle.c.xml', 'stmt', 13), ('triangle.c.xml', 'stmt', 20))"
2024-06-04 15:07:22,327	[INFO]	50      TEST_CODE_ERROR       None (--) [3 edit(s)]  
2024-06-04 15:07:22,327	[DEBUG]	patch(50)="SrcmlStmtDeletion(('triangle.c.xml', 'stmt', 1)) | SrcmlStmtInsertion(('triangle.c.xml', '_inter_block', 19), ('triangle.c.xml', 'stmt', 18)) | SrcmlStmtDeletion(('triangle.c.xml', 'stmt', 18))"
2024-06-04 15:07:22,329	[INFO]	51      SUCCESS              +0.00 (0.96%) [3 edit(s)] [cached] 
2024-06-04 15:07:22,329	[DEBUG]	patch(51)="SrcmlStmtDeletion(('triangle.c.xml', 'stmt', 1)) | SrcmlStmtInsertion(('triangle.c.xml', '_inter_block', 19), ('triangle.c.xml', 'stmt', 18)) | SrcmlStmtDeletion(('triangle.c.xml', 'stmt', 1))"
2024-06-04 15:07:22,330	[INFO]	52      SUCCESS              +0.00 (0.96%) [2 edit(s)] [cached] 
2024-06-04 15:07:22,330	[DEBUG]	patch(52)="SrcmlStmtDeletion(('triangle.c.xml', 'stmt', 1)) | SrcmlStmtInsertion(('triangle.c.xml', '_inter_block', 19), ('triangle.c.xml', 'stmt', 18))"
2024-06-04 15:07:22,462	[INFO]	53      TEST_CODE_ERROR       None (--) [3 edit(s)]  
2024-06-04 15:07:22,462	[DEBUG]	patch(53)="SrcmlStmtDeletion(('triangle.c.xml', 'stmt', 1)) | SrcmlStmtInsertion(('triangle.c.xml', '_inter_block', 19), ('triangle.c.xml', 'stmt', 18)) | SrcmlStmtReplacement(('triangle.c.xml', 'stmt', 10), ('triangle.c.xml', 'stmt', 0))"
2024-06-04 15:07:22,463	[INFO]	54      SUCCESS               0.00 (1.43%) [1 edit(s)] [cached] 
2024-06-04 15:07:22,463	[DEBUG]	patch(54)="SrcmlStmtDeletion(('triangle.c.xml', 'stmt', 1))"
2024-06-04 15:07:22,579	[INFO]	55      TEST_CODE_ERROR       None (--) [3 edit(s)]  
2024-06-04 15:07:22,579	[DEBUG]	patch(55)="SrcmlStmtDeletion(('triangle.c.xml', 'stmt', 1)) | SrcmlStmtInsertion(('triangle.c.xml', '_inter_block', 19), ('triangle.c.xml', 'stmt', 18)) | SrcmlStmtInsertion(('triangle.c.xml', '_inter_block', 23), ('triangle.c.xml', 'stmt', 12))"
2024-06-04 15:07:22,579	[INFO]	56      SUCCESS              +0.00 (0.96%) [3 edit(s)] [cached] 
2024-06-04 15:07:22,579	[DEBUG]	patch(56)="SrcmlStmtDeletion(('triangle.c.xml', 'stmt', 1)) | SrcmlStmtInsertion(('triangle.c.xml', '_inter_block', 19), ('triangle.c.xml', 'stmt', 18)) | SrcmlStmtReplacement(('triangle.c.xml', 'stmt', 3), ('triangle.c.xml', 'stmt', 3))"
2024-06-04 15:07:22,580	[INFO]	57      SUCCESS              +0.00 (0.96%) [2 edit(s)] [cached] 
2024-06-04 15:07:22,580	[DEBUG]	patch(57)="SrcmlStmtDeletion(('triangle.c.xml', 'stmt', 1)) | SrcmlStmtInsertion(('triangle.c.xml', '_inter_block', 19), ('triangle.c.xml', 'stmt', 18))"
2024-06-04 15:07:22,580	[INFO]	58      SUCCESS               0.07 (100.69%) [1 edit(s)] [cached] 
2024-06-04 15:07:22,580	[DEBUG]	patch(58)="SrcmlStmtInsertion(('triangle.c.xml', '_inter_block', 19), ('triangle.c.xml', 'stmt', 18))"
2024-06-04 15:07:22,580	[INFO]	59      SUCCESS               0.00 (1.43%) [1 edit(s)] [cached] 
2024-06-04 15:07:22,580	[DEBUG]	patch(59)="SrcmlStmtDeletion(('triangle.c.xml', 'stmt', 1))"
2024-06-04 15:07:22,606	[INFO]	60      COMPILE_CODE_ERROR    None (--) [3 edit(s)]  
2024-06-04 15:07:22,606	[DEBUG]	patch(60)="SrcmlStmtDeletion(('triangle.c.xml', 'stmt', 1)) | SrcmlStmtInsertion(('triangle.c.xml', '_inter_block', 19), ('triangle.c.xml', 'stmt', 18)) | SrcmlStmtReplacement(('triangle.c.xml', 'stmt', 16), ('triangle.c.xml', 'stmt', 2))"
2024-06-04 15:07:22,607	[INFO]	61      TEST_CODE_ERROR       None (--) [3 edit(s)] [cached] 
2024-06-04 15:07:22,607	[DEBUG]	patch(61)="SrcmlStmtDeletion(('triangle.c.xml', 'stmt', 1)) | SrcmlStmtInsertion(('triangle.c.xml', '_inter_block', 19), ('triangle.c.xml', 'stmt', 18)) | SrcmlStmtDeletion(('triangle.c.xml', 'stmt', 22))"
2024-06-04 15:07:22,713	[INFO]	62      TEST_CODE_ERROR       None (--) [3 edit(s)]  
2024-06-04 15:07:22,713	[DEBUG]	patch(62)="SrcmlStmtDeletion(('triangle.c.xml', 'stmt', 1)) | SrcmlStmtInsertion(('triangle.c.xml', '_inter_block', 19), ('triangle.c.xml', 'stmt', 18)) | SrcmlStmtReplacement(('triangle.c.xml', 'stmt', 7), ('triangle.c.xml', 'stmt', 12))"
2024-06-04 15:07:22,868	[INFO]	63      TEST_CODE_ERROR       None (--) [3 edit(s)]  
2024-06-04 15:07:22,868	[DEBUG]	patch(63)="SrcmlStmtDeletion(('triangle.c.xml', 'stmt', 1)) | SrcmlStmtInsertion(('triangle.c.xml', '_inter_block', 19), ('triangle.c.xml', 'stmt', 18)) | SrcmlStmtReplacement(('triangle.c.xml', 'stmt', 17), ('triangle.c.xml', 'stmt', 13))"
2024-06-04 15:07:23,108	[DEBUG]	EXEC>  SUCCESS 0.00156649
2024-06-04 15:07:23,108	[INFO]	64      SUCCESS               0.00 (2.24%) [3 edit(s)]  
2024-06-04 15:07:23,108	[DEBUG]	patch(64)="SrcmlStmtDeletion(('triangle.c.xml', 'stmt', 1)) | SrcmlStmtInsertion(('triangle.c.xml', '_inter_block', 19), ('triangle.c.xml', 'stmt', 18)) | SrcmlStmtDeletion(('triangle.c.xml', 'stmt', 3))"
2024-06-04 15:07:23,277	[INFO]	65      TEST_CODE_ERROR       None (--) [3 edit(s)]  
2024-06-04 15:07:23,277	[DEBUG]	patch(65)="SrcmlStmtDeletion(('triangle.c.xml', 'stmt', 1)) | SrcmlStmtInsertion(('triangle.c.xml', '_inter_block', 19), ('triangle.c.xml', 'stmt', 18)) | SrcmlStmtReplacement(('triangle.c.xml', 'stmt', 7), ('triangle.c.xml', 'stmt', 11))"
2024-06-04 15:07:23,448	[DEBUG]	EXEC>  SUCCESS 0.00135871
2024-06-04 15:07:23,449	[INFO]	66      SUCCESS               0.00 (1.94%) [3 edit(s)]  
2024-06-04 15:07:23,449	[DEBUG]	patch(66)="SrcmlStmtDeletion(('triangle.c.xml', 'stmt', 1)) | SrcmlStmtInsertion(('triangle.c.xml', '_inter_block', 19), ('triangle.c.xml', 'stmt', 18)) | SrcmlStmtDeletion(('triangle.c.xml', 'stmt', 0))"
2024-06-04 15:07:23,587	[DEBUG]	EXEC>  SUCCESS 0.00132686
2024-06-04 15:07:23,587	[INFO]	67      SUCCESS               0.00 (1.90%) [3 edit(s)]  
2024-06-04 15:07:23,587	[DEBUG]	patch(67)="SrcmlStmtDeletion(('triangle.c.xml', 'stmt', 1)) | SrcmlStmtInsertion(('triangle.c.xml', '_inter_block', 19), ('triangle.c.xml', 'stmt', 18)) | SrcmlStmtInsertion(('triangle.c.xml', '_inter_block', 35), ('triangle.c.xml', 'stmt', 6))"
2024-06-04 15:07:23,727	[INFO]	68      TEST_CODE_ERROR       None (--) [3 edit(s)]  
2024-06-04 15:07:23,727	[DEBUG]	patch(68)="SrcmlStmtDeletion(('triangle.c.xml', 'stmt', 1)) | SrcmlStmtInsertion(('triangle.c.xml', '_inter_block', 19), ('triangle.c.xml', 'stmt', 18)) | SrcmlStmtReplacement(('triangle.c.xml', 'stmt', 19), ('triangle.c.xml', 'stmt', 9))"
2024-06-04 15:07:23,885	[INFO]	69      TEST_CODE_ERROR       None (--) [3 edit(s)]  
2024-06-04 15:07:23,885	[DEBUG]	patch(69)="SrcmlStmtDeletion(('triangle.c.xml', 'stmt', 1)) | SrcmlStmtInsertion(('triangle.c.xml', '_inter_block', 19), ('triangle.c.xml', 'stmt', 18)) | SrcmlStmtDeletion(('triangle.c.xml', 'stmt', 17))"
2024-06-04 15:07:24,054	[INFO]	70      TEST_CODE_ERROR       None (--) [3 edit(s)]  
2024-06-04 15:07:24,054	[DEBUG]	patch(70)="SrcmlStmtDeletion(('triangle.c.xml', 'stmt', 1)) | SrcmlStmtInsertion(('triangle.c.xml', '_inter_block', 19), ('triangle.c.xml', 'stmt', 18)) | SrcmlStmtReplacement(('triangle.c.xml', 'stmt', 8), ('triangle.c.xml', 'stmt', 19))"
2024-06-04 15:07:24,195	[INFO]	71      TEST_CODE_ERROR       None (--) [3 edit(s)]  
2024-06-04 15:07:24,195	[DEBUG]	patch(71)="SrcmlStmtDeletion(('triangle.c.xml', 'stmt', 1)) | SrcmlStmtInsertion(('triangle.c.xml', '_inter_block', 19), ('triangle.c.xml', 'stmt', 18)) | SrcmlStmtDeletion(('triangle.c.xml', 'stmt', 6))"
2024-06-04 15:07:24,382	[DEBUG]	EXEC>  SUCCESS 0.00123418
2024-06-04 15:07:24,382	[INFO]	72      SUCCESS               0.00 (1.77%) [3 edit(s)]  
2024-06-04 15:07:24,382	[DEBUG]	patch(72)="SrcmlStmtDeletion(('triangle.c.xml', 'stmt', 1)) | SrcmlStmtInsertion(('triangle.c.xml', '_inter_block', 19), ('triangle.c.xml', 'stmt', 18)) | SrcmlStmtInsertion(('triangle.c.xml', '_inter_block', 17), ('triangle.c.xml', 'stmt', 14))"
2024-06-04 15:07:24,523	[DEBUG]	EXEC>  SUCCESS 0.00059086
2024-06-04 15:07:24,523	[INFO]	73      SUCCESS              *0.00 (0.85%) [3 edit(s)]  
2024-06-04 15:07:24,523	[DEBUG]	patch(73)="SrcmlStmtDeletion(('triangle.c.xml', 'stmt', 1)) | SrcmlStmtInsertion(('triangle.c.xml', '_inter_block', 19), ('triangle.c.xml', 'stmt', 18)) | SrcmlStmtInsertion(('triangle.c.xml', '_inter_block', 1), ('triangle.c.xml', 'stmt', 21))"
--- before: triangle.c
+++ after: triangle.c
@@ -1,8 +1,9 @@
 #include "triangle.h"
 
 void delay() {
-  const struct timespec ms = {0, 0.001*1e9}; //tv_sec=0, tv_nsec (0.001 seconds)
-  nanosleep(&ms,NULL); /*ignores possible errors*/
+  const struct timespec ms = {0, 0.001*1e9};
+  return ISOSCELES; //tv_sec=0, tv_nsec (0.001 seconds)
+   /*ignores possible errors*/
 }
 
 int classify_triangle(double a, double b, double c) {
@@ -13,6 +14,10 @@
   // Sort the sides so that a <= b <= c
   if(a > b) {
     tmp = a;
+    if(a == b && b == c)/*auto*/{
+     
+      return EQUILATERAL;
+    }/*auto*/
     a = b;
     b = tmp;
   }

2024-06-04 15:07:24,523	[INFO]	74      SUCCESS               0.00 (0.96%) [2 edit(s)] [cached] 
2024-06-04 15:07:24,523	[DEBUG]	patch(74)="SrcmlStmtDeletion(('triangle.c.xml', 'stmt', 1)) | SrcmlStmtInsertion(('triangle.c.xml', '_inter_block', 19), ('triangle.c.xml', 'stmt', 18))"
2024-06-04 15:07:24,609	[INFO]	75      TEST_CODE_ERROR       None (--) [4 edit(s)]  
2024-06-04 15:07:24,609	[DEBUG]	patch(75)="SrcmlStmtDeletion(('triangle.c.xml', 'stmt', 1)) | SrcmlStmtInsertion(('triangle.c.xml', '_inter_block', 19), ('triangle.c.xml', 'stmt', 18)) | SrcmlStmtInsertion(('triangle.c.xml', '_inter_block', 1), ('triangle.c.xml', 'stmt', 21)) | SrcmlStmtDeletion(('triangle.c.xml', 'stmt', 22))"
2024-06-04 15:07:24,635	[INFO]	76      COMPILE_CODE_ERROR    None (--) [4 edit(s)]  
2024-06-04 15:07:24,635	[DEBUG]	patch(76)="SrcmlStmtDeletion(('triangle.c.xml', 'stmt', 1)) | SrcmlStmtInsertion(('triangle.c.xml', '_inter_block', 19), ('triangle.c.xml', 'stmt', 18)) | SrcmlStmtInsertion(('triangle.c.xml', '_inter_block', 1), ('triangle.c.xml', 'stmt', 21)) | SrcmlStmtInsertion(('triangle.c.xml', '_inter_block', 15), ('triangle.c.xml', 'stmt', 1))"
2024-06-04 15:07:24,772	[DEBUG]	EXEC>  SUCCESS 0.00082393
2024-06-04 15:07:24,772	[INFO]	77      SUCCESS               0.00 (1.18%) [2 edit(s)]  
2024-06-04 15:07:24,772	[DEBUG]	patch(77)="SrcmlStmtInsertion(('triangle.c.xml', '_inter_block', 19), ('triangle.c.xml', 'stmt', 18)) | SrcmlStmtInsertion(('triangle.c.xml', '_inter_block', 1), ('triangle.c.xml', 'stmt', 21))"
2024-06-04 15:07:24,896	[INFO]	78      TEST_CODE_ERROR       None (--) [4 edit(s)]  
2024-06-04 15:07:24,896	[DEBUG]	patch(78)="SrcmlStmtDeletion(('triangle.c.xml', 'stmt', 1)) | SrcmlStmtInsertion(('triangle.c.xml', '_inter_block', 19), ('triangle.c.xml', 'stmt', 18)) | SrcmlStmtInsertion(('triangle.c.xml', '_inter_block', 1), ('triangle.c.xml', 'stmt', 21)) | SrcmlStmtReplacement(('triangle.c.xml', 'stmt', 22), ('triangle.c.xml', 'stmt', 16))"
2024-06-04 15:07:24,998	[INFO]	79      TEST_CODE_ERROR       None (--) [4 edit(s)]  
2024-06-04 15:07:24,998	[DEBUG]	patch(79)="SrcmlStmtDeletion(('triangle.c.xml', 'stmt', 1)) | SrcmlStmtInsertion(('triangle.c.xml', '_inter_block', 19), ('triangle.c.xml', 'stmt', 18)) | SrcmlStmtInsertion(('triangle.c.xml', '_inter_block', 1), ('triangle.c.xml', 'stmt', 21)) | SrcmlStmtDeletion(('triangle.c.xml', 'stmt', 6))"
2024-06-04 15:07:25,159	[INFO]	80      TEST_CODE_ERROR       None (--) [4 edit(s)]  
2024-06-04 15:07:25,159	[DEBUG]	patch(80)="SrcmlStmtDeletion(('triangle.c.xml', 'stmt', 1)) | SrcmlStmtInsertion(('triangle.c.xml', '_inter_block', 19), ('triangle.c.xml', 'stmt', 18)) | SrcmlStmtInsertion(('triangle.c.xml', '_inter_block', 1), ('triangle.c.xml', 'stmt', 21)) | SrcmlStmtInsertion(('triangle.c.xml', '_inter_block', 8), ('triangle.c.xml', 'stmt', 20))"
2024-06-04 15:07:25,319	[DEBUG]	EXEC>  SUCCESS 0.00106083
2024-06-04 15:07:25,319	[INFO]	81      SUCCESS               0.00 (1.52%) [4 edit(s)]  
2024-06-04 15:07:25,319	[DEBUG]	patch(81)="SrcmlStmtDeletion(('triangle.c.xml', 'stmt', 1)) | SrcmlStmtInsertion(('triangle.c.xml', '_inter_block', 19), ('triangle.c.xml', 'stmt', 18)) | SrcmlStmtInsertion(('triangle.c.xml', '_inter_block', 1), ('triangle.c.xml', 'stmt', 21)) | SrcmlStmtDeletion(('triangle.c.xml', 'stmt', 3))"
2024-06-04 15:07:25,480	[DEBUG]	EXEC>  SUCCESS 0.0013446
2024-06-04 15:07:25,480	[INFO]	82      SUCCESS               0.00 (1.92%) [4 edit(s)]  
2024-06-04 15:07:25,480	[DEBUG]	patch(82)="SrcmlStmtDeletion(('triangle.c.xml', 'stmt', 1)) | SrcmlStmtInsertion(('triangle.c.xml', '_inter_block', 19), ('triangle.c.xml', 'stmt', 18)) | SrcmlStmtInsertion(('triangle.c.xml', '_inter_block', 1), ('triangle.c.xml', 'stmt', 21)) | SrcmlStmtDeletion(('triangle.c.xml', 'stmt', 0))"
2024-06-04 15:07:25,635	[INFO]	83      TEST_CODE_ERROR       None (--) [4 edit(s)]  
2024-06-04 15:07:25,635	[DEBUG]	patch(83)="SrcmlStmtDeletion(('triangle.c.xml', 'stmt', 1)) | SrcmlStmtInsertion(('triangle.c.xml', '_inter_block', 19), ('triangle.c.xml', 'stmt', 18)) | SrcmlStmtInsertion(('triangle.c.xml', '_inter_block', 1), ('triangle.c.xml', 'stmt', 21)) | SrcmlStmtInsertion(('triangle.c.xml', '_inter_block', 13), ('triangle.c.xml', 'stmt', 17))"
2024-06-04 15:07:25,838	[DEBUG]	EXEC>  SUCCESS 0.00154043
2024-06-04 15:07:25,839	[INFO]	84      SUCCESS               0.00 (2.20%) [4 edit(s)]  
2024-06-04 15:07:25,839	[DEBUG]	patch(84)="SrcmlStmtDeletion(('triangle.c.xml', 'stmt', 1)) | SrcmlStmtInsertion(('triangle.c.xml', '_inter_block', 19), ('triangle.c.xml', 'stmt', 18)) | SrcmlStmtInsertion(('triangle.c.xml', '_inter_block', 1), ('triangle.c.xml', 'stmt', 21)) | SrcmlStmtInsertion(('triangle.c.xml', '_inter_block', 16), ('triangle.c.xml', 'stmt', 22))"
2024-06-04 15:07:26,015	[INFO]	85      TEST_CODE_ERROR       None (--) [4 edit(s)]  
2024-06-04 15:07:26,015	[DEBUG]	patch(85)="SrcmlStmtDeletion(('triangle.c.xml', 'stmt', 1)) | SrcmlStmtInsertion(('triangle.c.xml', '_inter_block', 19), ('triangle.c.xml', 'stmt', 18)) | SrcmlStmtInsertion(('triangle.c.xml', '_inter_block', 1), ('triangle.c.xml', 'stmt', 21)) | SrcmlStmtDeletion(('triangle.c.xml', 'stmt', 15))"
2024-06-04 15:07:26,017	[INFO]	86      TEST_CODE_ERROR       None (--) [4 edit(s)] [cached] 
2024-06-04 15:07:26,017	[DEBUG]	patch(86)="SrcmlStmtDeletion(('triangle.c.xml', 'stmt', 1)) | SrcmlStmtInsertion(('triangle.c.xml', '_inter_block', 19), ('triangle.c.xml', 'stmt', 18)) | SrcmlStmtInsertion(('triangle.c.xml', '_inter_block', 1), ('triangle.c.xml', 'stmt', 21)) | SrcmlStmtDeletion(('triangle.c.xml', 'stmt', 6))"
2024-06-04 15:07:26,019	[INFO]	87      SUCCESS               0.00 (1.92%) [4 edit(s)] [cached] 
2024-06-04 15:07:26,019	[DEBUG]	patch(87)="SrcmlStmtDeletion(('triangle.c.xml', 'stmt', 1)) | SrcmlStmtInsertion(('triangle.c.xml', '_inter_block', 19), ('triangle.c.xml', 'stmt', 18)) | SrcmlStmtInsertion(('triangle.c.xml', '_inter_block', 1), ('triangle.c.xml', 'stmt', 21)) | SrcmlStmtDeletion(('triangle.c.xml', 'stmt', 0))"
2024-06-04 15:07:26,191	[DEBUG]	EXEC>  SUCCESS 0.00130423
2024-06-04 15:07:26,191	[INFO]	88      SUCCESS               0.00 (1.87%) [4 edit(s)]  
2024-06-04 15:07:26,191	[DEBUG]	patch(88)="SrcmlStmtDeletion(('triangle.c.xml', 'stmt', 1)) | SrcmlStmtInsertion(('triangle.c.xml', '_inter_block', 19), ('triangle.c.xml', 'stmt', 18)) | SrcmlStmtInsertion(('triangle.c.xml', '_inter_block', 1), ('triangle.c.xml', 'stmt', 21)) | SrcmlStmtInsertion(('triangle.c.xml', '_inter_block', 2), ('triangle.c.xml', 'stmt', 22))"
2024-06-04 15:07:26,349	[INFO]	89      TEST_CODE_ERROR       None (--) [4 edit(s)]  
2024-06-04 15:07:26,349	[DEBUG]	patch(89)="SrcmlStmtDeletion(('triangle.c.xml', 'stmt', 1)) | SrcmlStmtInsertion(('triangle.c.xml', '_inter_block', 19), ('triangle.c.xml', 'stmt', 18)) | SrcmlStmtInsertion(('triangle.c.xml', '_inter_block', 1), ('triangle.c.xml', 'stmt', 21)) | SrcmlStmtInsertion(('triangle.c.xml', '_inter_block', 8), ('triangle.c.xml', 'stmt', 21))"
2024-06-04 15:07:26,492	[DEBUG]	EXEC>  SUCCESS 0.001044
2024-06-04 15:07:26,492	[INFO]	90      SUCCESS               0.00 (1.49%) [2 edit(s)]  
2024-06-04 15:07:26,493	[DEBUG]	patch(90)="SrcmlStmtDeletion(('triangle.c.xml', 'stmt', 1)) | SrcmlStmtInsertion(('triangle.c.xml', '_inter_block', 1), ('triangle.c.xml', 'stmt', 21))"
2024-06-04 15:07:26,628	[INFO]	91      TEST_CODE_ERROR       None (--) [4 edit(s)]  
2024-06-04 15:07:26,628	[DEBUG]	patch(91)="SrcmlStmtDeletion(('triangle.c.xml', 'stmt', 1)) | SrcmlStmtInsertion(('triangle.c.xml', '_inter_block', 19), ('triangle.c.xml', 'stmt', 18)) | SrcmlStmtInsertion(('triangle.c.xml', '_inter_block', 1), ('triangle.c.xml', 'stmt', 21)) | SrcmlStmtDeletion(('triangle.c.xml', 'stmt', 7))"
2024-06-04 15:07:26,813	[INFO]	92      TEST_CODE_ERROR       None (--) [4 edit(s)]  
2024-06-04 15:07:26,813	[DEBUG]	patch(92)="SrcmlStmtDeletion(('triangle.c.xml', 'stmt', 1)) | SrcmlStmtInsertion(('triangle.c.xml', '_inter_block', 19), ('triangle.c.xml', 'stmt', 18)) | SrcmlStmtInsertion(('triangle.c.xml', '_inter_block', 1), ('triangle.c.xml', 'stmt', 21)) | SrcmlStmtDeletion(('triangle.c.xml', 'stmt', 17))"
2024-06-04 15:07:26,992	[DEBUG]	EXEC>  SUCCESS 0.00123872
2024-06-04 15:07:26,992	[INFO]	93      SUCCESS               0.00 (1.77%) [4 edit(s)]  
2024-06-04 15:07:26,992	[DEBUG]	patch(93)="SrcmlStmtDeletion(('triangle.c.xml', 'stmt', 1)) | SrcmlStmtInsertion(('triangle.c.xml', '_inter_block', 19), ('triangle.c.xml', 'stmt', 18)) | SrcmlStmtInsertion(('triangle.c.xml', '_inter_block', 1), ('triangle.c.xml', 'stmt', 21)) | SrcmlStmtInsertion(('triangle.c.xml', '_inter_block', 32), ('triangle.c.xml', 'stmt', 9))"
2024-06-04 15:07:27,153	[INFO]	94      TEST_CODE_ERROR       None (--) [4 edit(s)]  
2024-06-04 15:07:27,153	[DEBUG]	patch(94)="SrcmlStmtDeletion(('triangle.c.xml', 'stmt', 1)) | SrcmlStmtInsertion(('triangle.c.xml', '_inter_block', 19), ('triangle.c.xml', 'stmt', 18)) | SrcmlStmtInsertion(('triangle.c.xml', '_inter_block', 1), ('triangle.c.xml', 'stmt', 21)) | SrcmlStmtDeletion(('triangle.c.xml', 'stmt', 14))"
2024-06-04 15:07:27,302	[INFO]	95      TEST_CODE_ERROR       None (--) [4 edit(s)]  
2024-06-04 15:07:27,302	[DEBUG]	patch(95)="SrcmlStmtDeletion(('triangle.c.xml', 'stmt', 1)) | SrcmlStmtInsertion(('triangle.c.xml', '_inter_block', 19), ('triangle.c.xml', 'stmt', 18)) | SrcmlStmtInsertion(('triangle.c.xml', '_inter_block', 1), ('triangle.c.xml', 'stmt', 21)) | SrcmlStmtReplacement(('triangle.c.xml', 'stmt', 14), ('triangle.c.xml', 'stmt', 6))"
2024-06-04 15:07:27,466	[INFO]	96      TEST_CODE_ERROR       None (--) [4 edit(s)]  
2024-06-04 15:07:27,466	[DEBUG]	patch(96)="SrcmlStmtDeletion(('triangle.c.xml', 'stmt', 1)) | SrcmlStmtInsertion(('triangle.c.xml', '_inter_block', 19), ('triangle.c.xml', 'stmt', 18)) | SrcmlStmtInsertion(('triangle.c.xml', '_inter_block', 1), ('triangle.c.xml', 'stmt', 21)) | SrcmlStmtReplacement(('triangle.c.xml', 'stmt', 20), ('triangle.c.xml', 'stmt', 0))"
2024-06-04 15:07:27,605	[INFO]	97      TEST_CODE_ERROR       None (--) [4 edit(s)]  
2024-06-04 15:07:27,605	[DEBUG]	patch(97)="SrcmlStmtDeletion(('triangle.c.xml', 'stmt', 1)) | SrcmlStmtInsertion(('triangle.c.xml', '_inter_block', 19), ('triangle.c.xml', 'stmt', 18)) | SrcmlStmtInsertion(('triangle.c.xml', '_inter_block', 1), ('triangle.c.xml', 'stmt', 21)) | SrcmlStmtReplacement(('triangle.c.xml', 'stmt', 20), ('triangle.c.xml', 'stmt', 15))"
2024-06-04 15:07:27,718	[INFO]	98      TEST_CODE_ERROR       None (--) [4 edit(s)]  
2024-06-04 15:07:27,718	[DEBUG]	patch(98)="SrcmlStmtDeletion(('triangle.c.xml', 'stmt', 1)) | SrcmlStmtInsertion(('triangle.c.xml', '_inter_block', 19), ('triangle.c.xml', 'stmt', 18)) | SrcmlStmtInsertion(('triangle.c.xml', '_inter_block', 1), ('triangle.c.xml', 'stmt', 21)) | SrcmlStmtInsertion(('triangle.c.xml', '_inter_block', 27), ('triangle.c.xml', 'stmt', 9))"
2024-06-04 15:07:27,860	[INFO]	99      TEST_CODE_ERROR       None (--) [4 edit(s)]  
2024-06-04 15:07:27,860	[DEBUG]	patch(99)="SrcmlStmtDeletion(('triangle.c.xml', 'stmt', 1)) | SrcmlStmtInsertion(('triangle.c.xml', '_inter_block', 19), ('triangle.c.xml', 'stmt', 18)) | SrcmlStmtInsertion(('triangle.c.xml', '_inter_block', 1), ('triangle.c.xml', 'stmt', 21)) | SrcmlStmtReplacement(('triangle.c.xml', 'stmt', 21), ('triangle.c.xml', 'stmt', 2))"
2024-06-04 15:07:28,007	[INFO]	100     TEST_CODE_ERROR       None (--) [4 edit(s)]  
2024-06-04 15:07:28,008	[DEBUG]	patch(100)="SrcmlStmtDeletion(('triangle.c.xml', 'stmt', 1)) | SrcmlStmtInsertion(('triangle.c.xml', '_inter_block', 19), ('triangle.c.xml', 'stmt', 18)) | SrcmlStmtInsertion(('triangle.c.xml', '_inter_block', 1), ('triangle.c.xml', 'stmt', 21)) | SrcmlStmtReplacement(('triangle.c.xml', 'stmt', 18), ('triangle.c.xml', 'stmt', 12))"
2024-06-04 15:07:28,009	[INFO]	~~~~ END ~~~~
2024-06-04 15:07:28,009	[INFO]	
2024-06-04 15:07:28,009	[INFO]	==== REPORT ====
2024-06-04 15:07:28,009	[INFO]	Termination: step budget
2024-06-04 15:07:28,009	[INFO]	Retries: 1
2024-06-04 15:07:28,009	[INFO]	Log file: /home/jim/magpie/_magpie_logs/triangle-c_1717510035.log
2024-06-04 15:07:28,009	[INFO]	Patch file: _magpie_logs/triangle-c_1717510035.patch
2024-06-04 15:07:28,009	[INFO]	Diff file: _magpie_logs/triangle-c_1717510035.diff
2024-06-04 15:07:28,009	[INFO]	Reference fitness: 0.07
2024-06-04 15:07:28,009	[INFO]	Best fitness: 0.00
2024-06-04 15:07:28,010	[INFO]	
2024-06-04 15:07:28,010	[INFO]	==== BEST PATCH ====
SrcmlStmtDeletion(('triangle.c.xml', 'stmt', 1)) | SrcmlStmtInsertion(('triangle.c.xml', '_inter_block', 19), ('triangle.c.xml', 'stmt', 18)) | SrcmlStmtInsertion(('triangle.c.xml', '_inter_block', 1), ('triangle.c.xml', 'stmt', 21))
2024-06-04 15:07:28,011	[INFO]	
2024-06-04 15:07:28,011	[INFO]	==== DIFF ====
[1m--- before: triangle.c[0m
[1m+++ after: triangle.c[0m
[36m@@ -1,8 +1,9 @@[0m
 #include "triangle.h"
 
 void delay() {
[31m-  const struct timespec ms = {0, 0.001*1e9}; //tv_sec=0, tv_nsec (0.001 seconds)[0m
[31m-  nanosleep(&ms,NULL); /*ignores possible errors*/[0m
[32m+  const struct timespec ms = {0, 0.001*1e9};[0m
[32m+  return ISOSCELES; //tv_sec=0, tv_nsec (0.001 seconds)[0m
[32m+   /*ignores possible errors*/[0m
 }
 
 int classify_triangle(double a, double b, double c) {
[36m@@ -13,6 +14,10 @@[0m
   // Sort the sides so that a <= b <= c
   if(a > b) {
     tmp = a;
[32m+    if(a == b && b == c)/*auto*/{[0m
[32m+     [0m
[32m+      return EQUILATERAL;[0m
[32m+    }/*auto*/[0m
     a = b;
     b = tmp;
   }

