2024-06-13 07:56:19,258	[DEBUG]	==== CONFIG ====
[magpie]
import = 
seed = 5605927483938407
log_dir = _magpie_logs
work_dir = _magpie_work
local_original_copy = True
local_original_name = __original__
output_encoding = ascii
edit_retries = 10
default_timeout = 100
default_lengthout = 1e6
diff_method = unified
trust_local_filesystem = True
run_timeout = 100

[magpie.log]
color_output = True
format_info = {counter:<7} {status:<20} {best}{fitness} ({ratio}) [{size}] {cached} {log}
format_debug = patch({counter})="{patch}"{diffifbest}
format_fitness = {:.6f}
format_ratio = {:.2%%}
format_patchif = 
	 --> {patch}
format_diffif = 
	{diff}

[software]
path = examples/minisat
target_files = 
	core/Solver.cc.xml
software = BasicSoftware
model_rules = 
	*.params : ParamFileConfigModel
	*.xml : SrcmlModel
	* : LineModel
model_config = 
	*.params : [paramconfig]
	*.xml : [srcml]
init_cmd = bash init.sh
init_timeout = 60
init_lengthout = -1
setup_cmd = bash compile.sh
setup_timeout = 
setup_lengthout = 
compile_cmd = bash compile.sh
compile_timeout = 
compile_lengthout = 
test_cmd = bash test.sh
test_timeout = 
test_lengthout = 
run_cmd = perf stat -e cache-references bash run_fixed.sh
run_timeout = 
run_lengthout = 
retries = 3
batch_timeout = 
batch_lengthout = 
batch_bin_fitness_strategy = aggregate
batch_fitness_strategy = sum
fitness = perf_cache_references

[srcml]
rename = 
	stmt: break continue decl_stmt do expr_stmt for goto if return switch while
	number: literal_number
focus = block stmt operator_comp operator_arith number
internodes = block
process_pseudo_blocks = True
process_literals = True
process_operators = True

[paramconfig]
timing = test run
cli_prefix = --
cli_glue = =
cli_boolean = show
cli_boolean_prefix_true = 
cli_boolean_prefix_false = no-
cli_none = hide
silent_prefix = @
silent_suffix = $

[search]
protocol = BasicProtocol
algorithm = FirstImprovement
possible_edits = 
	SrcmlStmtReplacement
	SrcmlStmtInsertion
	SrcmlStmtDeletion
warmup = 3
warmup_strategy = last
max_steps = 10000
max_time = 700
target_fitness = 
cache_maxsize = 100
cache_keep = 0.2
batch_instances = 
batch_shuffle = True
batch_bin_shuffle = False
batch_sample_size = 1

[search.ls]
delete_prob = 0.5
max_neighbours = 
when_trapped = continue
accept_fail = False
tabu_length = 10

[search.gp]
pop_size = 10
delete_prob = 0.5
offspring_elitism = 0.1
offspring_crossover = 0.5
offspring_mutation = 0.4
uniform_rate = 0.5
batch_reset = True

[search.minify]
do_cleanup = True
do_rebuild = True
do_simplify = True
round_robin_limit = 3


2024-06-13 07:56:19,258	[DEBUG]	
2024-06-13 07:56:19,258	[INFO]	==== SEARCH: FirstImprovement ====
2024-06-13 07:56:19,258	[INFO]	~~~~ WARMUP ~~~~
2024-06-13 07:56:57,448	[DEBUG]	EXEC>  SUCCESS 1707974092.6666667
2024-06-13 07:56:57,448	[INFO]	WARM    SUCCESS               1707974092.666667 (--) [0 edit(s)]  
2024-06-13 07:57:32,530	[DEBUG]	EXEC>  SUCCESS 1712111300.6666667
2024-06-13 07:57:32,531	[INFO]	WARM    SUCCESS               1712111300.666667 (--) [0 edit(s)]  
2024-06-13 07:58:07,482	[DEBUG]	EXEC>  SUCCESS 1573382205.0
2024-06-13 07:58:07,482	[INFO]	WARM    SUCCESS               1573382205.000000 (--) [0 edit(s)]  
2024-06-13 07:58:07,482	[INFO]	REF     SUCCESS               1573382205.000000 (--) [0 edit(s)]  
2024-06-13 07:58:07,482	[INFO]	
2024-06-13 07:58:07,483	[INFO]	~~~~ START ~~~~
2024-06-13 07:58:07,704	[INFO]	1       COMPILE_CODE_ERROR    None (--) [1 edit(s)]  
2024-06-13 07:58:07,705	[DEBUG]	patch(1)="SrcmlStmtInsertion(('core/Solver.cc.xml', '_inter_block', 547), ('core/Solver.cc.xml', 'stmt', 186))"
2024-06-13 07:58:53,057	[DEBUG]	EXEC>  SUCCESS 3498099762.3333335
2024-06-13 07:58:53,057	[INFO]	2       SUCCESS               3498099762.333333 (222.33%) [1 edit(s)]  
2024-06-13 07:58:53,057	[DEBUG]	patch(2)="SrcmlStmtDeletion(('core/Solver.cc.xml', 'stmt', 295))"
2024-06-13 07:58:53,296	[INFO]	3       COMPILE_CODE_ERROR    None (--) [1 edit(s)]  
2024-06-13 07:58:53,296	[DEBUG]	patch(3)="SrcmlStmtInsertion(('core/Solver.cc.xml', '_inter_block', 122), ('core/Solver.cc.xml', 'stmt', 48))"
2024-06-13 07:58:53,528	[INFO]	4       COMPILE_CODE_ERROR    None (--) [1 edit(s)]  
2024-06-13 07:58:53,528	[DEBUG]	patch(4)="SrcmlStmtReplacement(('core/Solver.cc.xml', 'stmt', 12), ('core/Solver.cc.xml', 'stmt', 248))"
2024-06-13 07:58:53,782	[INFO]	5       COMPILE_CODE_ERROR    None (--) [1 edit(s)]  
2024-06-13 07:58:53,782	[DEBUG]	patch(5)="SrcmlStmtInsertion(('core/Solver.cc.xml', '_inter_block', 156), ('core/Solver.cc.xml', 'stmt', 423))"
2024-06-13 07:59:29,795	[DEBUG]	EXEC>  SUCCESS 1676758760.0
2024-06-13 07:59:29,795	[INFO]	6       SUCCESS               1676758760.000000 (106.57%) [1 edit(s)]  
2024-06-13 07:59:29,796	[DEBUG]	patch(6)="SrcmlStmtDeletion(('core/Solver.cc.xml', 'stmt', 428))"
2024-06-13 08:00:05,903	[DEBUG]	EXEC>  SUCCESS 1690408448.6666667
2024-06-13 08:00:05,903	[INFO]	7       SUCCESS               1690408448.666667 (107.44%) [1 edit(s)]  
2024-06-13 08:00:05,903	[DEBUG]	patch(7)="SrcmlStmtDeletion(('core/Solver.cc.xml', 'stmt', 317))"
2024-06-13 08:00:06,131	[INFO]	8       COMPILE_CODE_ERROR    None (--) [1 edit(s)]  
2024-06-13 08:00:06,131	[DEBUG]	patch(8)="SrcmlStmtInsertion(('core/Solver.cc.xml', '_inter_block', 227), ('core/Solver.cc.xml', 'stmt', 300))"
2024-06-13 08:00:42,322	[DEBUG]	EXEC>  SUCCESS 1583750750.6666667
2024-06-13 08:00:42,323	[INFO]	9       SUCCESS               1583750750.666667 (100.66%) [1 edit(s)]  
2024-06-13 08:00:42,323	[DEBUG]	patch(9)="SrcmlStmtDeletion(('core/Solver.cc.xml', 'stmt', 299))"
2024-06-13 08:01:18,661	[DEBUG]	EXEC>  SUCCESS 1533048244.3333333
2024-06-13 08:01:18,662	[INFO]	10      SUCCESS              *1533048244.333333 (97.44%) [1 edit(s)]  
2024-06-13 08:01:18,662	[DEBUG]	patch(10)="SrcmlStmtInsertion(('core/Solver.cc.xml', '_inter_block', 539), ('core/Solver.cc.xml', 'stmt', 405))"
--- before: core/Solver.cc
+++ after: core/Solver.cc
@@ -1007,6 +1007,12 @@
     for (int i = 0; i < clauses.size(); i++)
         /*auto*/{
         
+               for (int i = 0; i < clauses.size(); i++)
+                   /*auto*/{
+                   
+                          toDimacs(f, ca[clauses[i]], map, max);
+                   
+               }/*auto*/
                toDimacs(f, ca[clauses[i]], map, max);
         
     }/*auto*/

2024-06-13 08:01:54,872	[DEBUG]	EXEC>  SUCCESS 1665843720.3333333
2024-06-13 08:01:54,872	[INFO]	11      SUCCESS               1665843720.333333 (105.88%) [2 edit(s)]  
2024-06-13 08:01:54,872	[DEBUG]	patch(11)="SrcmlStmtInsertion(('core/Solver.cc.xml', '_inter_block', 539), ('core/Solver.cc.xml', 'stmt', 405)) | SrcmlStmtDeletion(('core/Solver.cc.xml', 'stmt', 263))"
2024-06-13 08:01:54,877	[INFO]	12      SUCCESS               1573382205.000000 (100.00%) [0 edit(s)] [cached] 
2024-06-13 08:01:54,878	[DEBUG]	patch(12)=""
2024-06-13 08:01:55,122	[INFO]	13      COMPILE_CODE_ERROR    None (--) [2 edit(s)]  
2024-06-13 08:01:55,123	[DEBUG]	patch(13)="SrcmlStmtInsertion(('core/Solver.cc.xml', '_inter_block', 539), ('core/Solver.cc.xml', 'stmt', 405)) | SrcmlStmtReplacement(('core/Solver.cc.xml', 'stmt', 41), ('core/Solver.cc.xml', 'stmt', 305))"
2024-06-13 08:02:31,403	[DEBUG]	EXEC>  SUCCESS 1746580849.0
2024-06-13 08:02:31,403	[INFO]	14      SUCCESS               1746580849.000000 (111.01%) [2 edit(s)]  
2024-06-13 08:02:31,403	[DEBUG]	patch(14)="SrcmlStmtInsertion(('core/Solver.cc.xml', '_inter_block', 539), ('core/Solver.cc.xml', 'stmt', 405)) | SrcmlStmtInsertion(('core/Solver.cc.xml', '_inter_block', 206), ('core/Solver.cc.xml', 'stmt', 265))"
2024-06-13 08:02:31,676	[INFO]	15      COMPILE_CODE_ERROR    None (--) [2 edit(s)]  
2024-06-13 08:02:31,676	[DEBUG]	patch(15)="SrcmlStmtInsertion(('core/Solver.cc.xml', '_inter_block', 539), ('core/Solver.cc.xml', 'stmt', 405)) | SrcmlStmtReplacement(('core/Solver.cc.xml', 'stmt', 216), ('core/Solver.cc.xml', 'stmt', 277))"
2024-06-13 08:02:33,127	[INFO]	16      TEST_CODE_ERROR       None (--) [2 edit(s)]  
2024-06-13 08:02:33,127	[DEBUG]	patch(16)="SrcmlStmtInsertion(('core/Solver.cc.xml', '_inter_block', 539), ('core/Solver.cc.xml', 'stmt', 405)) | SrcmlStmtDeletion(('core/Solver.cc.xml', 'stmt', 140))"
2024-06-13 08:02:33,341	[INFO]	17      COMPILE_CODE_ERROR    None (--) [2 edit(s)]  
2024-06-13 08:02:33,341	[DEBUG]	patch(17)="SrcmlStmtInsertion(('core/Solver.cc.xml', '_inter_block', 539), ('core/Solver.cc.xml', 'stmt', 405)) | SrcmlStmtReplacement(('core/Solver.cc.xml', 'stmt', 132), ('core/Solver.cc.xml', 'stmt', 401))"
2024-06-13 08:04:14,693	[INFO]	18      TEST_TIMEOUT          None (--) [2 edit(s)]  
2024-06-13 08:04:14,693	[DEBUG]	patch(18)="SrcmlStmtInsertion(('core/Solver.cc.xml', '_inter_block', 539), ('core/Solver.cc.xml', 'stmt', 405)) | SrcmlStmtDeletion(('core/Solver.cc.xml', 'stmt', 331))"
2024-06-13 08:04:14,953	[INFO]	19      COMPILE_CODE_ERROR    None (--) [2 edit(s)]  
2024-06-13 08:04:14,953	[DEBUG]	patch(19)="SrcmlStmtInsertion(('core/Solver.cc.xml', '_inter_block', 539), ('core/Solver.cc.xml', 'stmt', 405)) | SrcmlStmtReplacement(('core/Solver.cc.xml', 'stmt', 16), ('core/Solver.cc.xml', 'stmt', 385))"
2024-06-13 08:04:15,209	[INFO]	20      COMPILE_CODE_ERROR    None (--) [2 edit(s)]  
2024-06-13 08:04:15,209	[DEBUG]	patch(20)="SrcmlStmtInsertion(('core/Solver.cc.xml', '_inter_block', 539), ('core/Solver.cc.xml', 'stmt', 405)) | SrcmlStmtInsertion(('core/Solver.cc.xml', '_inter_block', 124), ('core/Solver.cc.xml', 'stmt', 212))"
2024-06-13 08:04:51,492	[DEBUG]	EXEC>  SUCCESS 1721650872.3333333
2024-06-13 08:04:51,492	[INFO]	21      SUCCESS               1721650872.333333 (109.42%) [2 edit(s)]  
2024-06-13 08:04:51,492	[DEBUG]	patch(21)="SrcmlStmtInsertion(('core/Solver.cc.xml', '_inter_block', 539), ('core/Solver.cc.xml', 'stmt', 405)) | SrcmlStmtDeletion(('core/Solver.cc.xml', 'stmt', 360))"
2024-06-13 08:05:27,431	[DEBUG]	EXEC>  SUCCESS 1754876303.6666667
2024-06-13 08:05:27,431	[INFO]	22      SUCCESS               1754876303.666667 (111.54%) [2 edit(s)]  
2024-06-13 08:05:27,431	[DEBUG]	patch(22)="SrcmlStmtInsertion(('core/Solver.cc.xml', '_inter_block', 539), ('core/Solver.cc.xml', 'stmt', 405)) | SrcmlStmtInsertion(('core/Solver.cc.xml', '_inter_block', 72), ('core/Solver.cc.xml', 'stmt', 68))"
2024-06-13 08:05:27,691	[INFO]	23      COMPILE_CODE_ERROR    None (--) [2 edit(s)]  
2024-06-13 08:05:27,691	[DEBUG]	patch(23)="SrcmlStmtInsertion(('core/Solver.cc.xml', '_inter_block', 539), ('core/Solver.cc.xml', 'stmt', 405)) | SrcmlStmtReplacement(('core/Solver.cc.xml', 'stmt', 258), ('core/Solver.cc.xml', 'stmt', 233))"
2024-06-13 08:05:27,935	[INFO]	24      COMPILE_CODE_ERROR    None (--) [2 edit(s)]  
2024-06-13 08:05:27,935	[DEBUG]	patch(24)="SrcmlStmtInsertion(('core/Solver.cc.xml', '_inter_block', 539), ('core/Solver.cc.xml', 'stmt', 405)) | SrcmlStmtInsertion(('core/Solver.cc.xml', '_inter_block', 563), ('core/Solver.cc.xml', 'stmt', 243))"
2024-06-13 08:05:28,187	[INFO]	25      COMPILE_CODE_ERROR    None (--) [2 edit(s)]  
2024-06-13 08:05:28,187	[DEBUG]	patch(25)="SrcmlStmtInsertion(('core/Solver.cc.xml', '_inter_block', 539), ('core/Solver.cc.xml', 'stmt', 405)) | SrcmlStmtReplacement(('core/Solver.cc.xml', 'stmt', 77), ('core/Solver.cc.xml', 'stmt', 309))"
2024-06-13 08:06:04,038	[DEBUG]	EXEC>  SUCCESS 1805623194.0
2024-06-13 08:06:04,038	[INFO]	26      SUCCESS               1805623194.000000 (114.76%) [2 edit(s)]  
2024-06-13 08:06:04,038	[DEBUG]	patch(26)="SrcmlStmtInsertion(('core/Solver.cc.xml', '_inter_block', 539), ('core/Solver.cc.xml', 'stmt', 405)) | SrcmlStmtDeletion(('core/Solver.cc.xml', 'stmt', 174))"
2024-06-13 08:06:04,284	[INFO]	27      COMPILE_CODE_ERROR    None (--) [2 edit(s)]  
2024-06-13 08:06:04,284	[DEBUG]	patch(27)="SrcmlStmtInsertion(('core/Solver.cc.xml', '_inter_block', 539), ('core/Solver.cc.xml', 'stmt', 405)) | SrcmlStmtDeletion(('core/Solver.cc.xml', 'stmt', 287))"
2024-06-13 08:06:40,417	[DEBUG]	EXEC>  SUCCESS 1694512176.0
2024-06-13 08:06:40,417	[INFO]	28      SUCCESS               1694512176.000000 (107.70%) [2 edit(s)]  
2024-06-13 08:06:40,417	[DEBUG]	patch(28)="SrcmlStmtInsertion(('core/Solver.cc.xml', '_inter_block', 539), ('core/Solver.cc.xml', 'stmt', 405)) | SrcmlStmtInsertion(('core/Solver.cc.xml', '_inter_block', 44), ('core/Solver.cc.xml', 'stmt', 7))"
2024-06-13 08:06:40,669	[INFO]	29      COMPILE_CODE_ERROR    None (--) [2 edit(s)]  
2024-06-13 08:06:40,669	[DEBUG]	patch(29)="SrcmlStmtInsertion(('core/Solver.cc.xml', '_inter_block', 539), ('core/Solver.cc.xml', 'stmt', 405)) | SrcmlStmtInsertion(('core/Solver.cc.xml', '_inter_block', 134), ('core/Solver.cc.xml', 'stmt', 73))"
2024-06-13 08:06:40,902	[INFO]	30      COMPILE_CODE_ERROR    None (--) [2 edit(s)]  
2024-06-13 08:06:40,902	[DEBUG]	patch(30)="SrcmlStmtInsertion(('core/Solver.cc.xml', '_inter_block', 539), ('core/Solver.cc.xml', 'stmt', 405)) | SrcmlStmtReplacement(('core/Solver.cc.xml', 'stmt', 355), ('core/Solver.cc.xml', 'stmt', 84))"
2024-06-13 08:07:17,302	[DEBUG]	EXEC>  SUCCESS 1748158808.0
2024-06-13 08:07:17,302	[INFO]	31      SUCCESS               1748158808.000000 (111.11%) [2 edit(s)]  
2024-06-13 08:07:17,302	[DEBUG]	patch(31)="SrcmlStmtInsertion(('core/Solver.cc.xml', '_inter_block', 539), ('core/Solver.cc.xml', 'stmt', 405)) | SrcmlStmtInsertion(('core/Solver.cc.xml', '_inter_block', 158), ('core/Solver.cc.xml', 'stmt', 389))"
2024-06-13 08:07:53,532	[DEBUG]	EXEC>  SUCCESS 1780732755.3333333
2024-06-13 08:07:53,532	[INFO]	32      SUCCESS               1780732755.333333 (113.18%) [2 edit(s)]  
2024-06-13 08:07:53,532	[DEBUG]	patch(32)="SrcmlStmtInsertion(('core/Solver.cc.xml', '_inter_block', 539), ('core/Solver.cc.xml', 'stmt', 405)) | SrcmlStmtInsertion(('core/Solver.cc.xml', '_inter_block', 533), ('core/Solver.cc.xml', 'stmt', 270))"
2024-06-13 08:07:54,972	[INFO]	33      TEST_CODE_ERROR       None (--) [2 edit(s)]  
2024-06-13 08:07:54,973	[DEBUG]	patch(33)="SrcmlStmtInsertion(('core/Solver.cc.xml', '_inter_block', 539), ('core/Solver.cc.xml', 'stmt', 405)) | SrcmlStmtReplacement(('core/Solver.cc.xml', 'stmt', 421), ('core/Solver.cc.xml', 'stmt', 9))"
2024-06-13 08:07:56,400	[INFO]	34      TEST_CODE_ERROR       None (--) [2 edit(s)]  
2024-06-13 08:07:56,401	[DEBUG]	patch(34)="SrcmlStmtInsertion(('core/Solver.cc.xml', '_inter_block', 539), ('core/Solver.cc.xml', 'stmt', 405)) | SrcmlStmtDeletion(('core/Solver.cc.xml', 'stmt', 207))"
2024-06-13 08:08:32,721	[DEBUG]	EXEC>  SUCCESS 1662392822.0
2024-06-13 08:08:32,721	[INFO]	35      SUCCESS               1662392822.000000 (105.66%) [2 edit(s)]  
2024-06-13 08:08:32,721	[DEBUG]	patch(35)="SrcmlStmtInsertion(('core/Solver.cc.xml', '_inter_block', 539), ('core/Solver.cc.xml', 'stmt', 405)) | SrcmlStmtInsertion(('core/Solver.cc.xml', '_inter_block', 495), ('core/Solver.cc.xml', 'stmt', 388))"
2024-06-13 08:08:59,236	[DEBUG]	EXEC>  SUCCESS 869726761.3333334
2024-06-13 08:08:59,236	[INFO]	36      SUCCESS              *869726761.333333 (55.28%) [2 edit(s)]  
2024-06-13 08:08:59,236	[DEBUG]	patch(36)="SrcmlStmtInsertion(('core/Solver.cc.xml', '_inter_block', 539), ('core/Solver.cc.xml', 'stmt', 405)) | SrcmlStmtDeletion(('core/Solver.cc.xml', 'stmt', 345))"
--- before: core/Solver.cc
+++ after: core/Solver.cc
@@ -871,7 +871,7 @@
     solves++;
 
     max_learnts               = nClauses() * learntsize_factor;
-    learntsize_adjust_confl   = learntsize_adjust_start_confl;
+    
     learntsize_adjust_cnt     = (int)learntsize_adjust_confl;
     lbool   status            = l_Undef;
 
@@ -1007,6 +1007,12 @@
     for (int i = 0; i < clauses.size(); i++)
         /*auto*/{
         
+               for (int i = 0; i < clauses.size(); i++)
+                   /*auto*/{
+                   
+                          toDimacs(f, ca[clauses[i]], map, max);
+                   
+               }/*auto*/
                toDimacs(f, ca[clauses[i]], map, max);
         
     }/*auto*/

2024-06-13 08:09:00,522	[INFO]	37      TEST_CODE_ERROR       None (--) [3 edit(s)]  
2024-06-13 08:09:00,522	[DEBUG]	patch(37)="SrcmlStmtInsertion(('core/Solver.cc.xml', '_inter_block', 539), ('core/Solver.cc.xml', 'stmt', 405)) | SrcmlStmtDeletion(('core/Solver.cc.xml', 'stmt', 345)) | SrcmlStmtDeletion(('core/Solver.cc.xml', 'stmt', 216))"
2024-06-13 08:09:00,757	[INFO]	38      COMPILE_CODE_ERROR    None (--) [3 edit(s)]  
2024-06-13 08:09:00,757	[DEBUG]	patch(38)="SrcmlStmtInsertion(('core/Solver.cc.xml', '_inter_block', 539), ('core/Solver.cc.xml', 'stmt', 405)) | SrcmlStmtDeletion(('core/Solver.cc.xml', 'stmt', 345)) | SrcmlStmtReplacement(('core/Solver.cc.xml', 'stmt', 17), ('core/Solver.cc.xml', 'stmt', 147))"
2024-06-13 08:09:27,387	[DEBUG]	EXEC>  SUCCESS 897561493.3333334
2024-06-13 08:09:27,387	[INFO]	39      SUCCESS               897561493.333333 (57.05%) [3 edit(s)]  
2024-06-13 08:09:27,387	[DEBUG]	patch(39)="SrcmlStmtInsertion(('core/Solver.cc.xml', '_inter_block', 539), ('core/Solver.cc.xml', 'stmt', 405)) | SrcmlStmtDeletion(('core/Solver.cc.xml', 'stmt', 345)) | SrcmlStmtInsertion(('core/Solver.cc.xml', '_inter_block', 160), ('core/Solver.cc.xml', 'stmt', 328))"
2024-06-13 08:09:27,638	[INFO]	40      COMPILE_CODE_ERROR    None (--) [3 edit(s)]  
2024-06-13 08:09:27,638	[DEBUG]	patch(40)="SrcmlStmtInsertion(('core/Solver.cc.xml', '_inter_block', 539), ('core/Solver.cc.xml', 'stmt', 405)) | SrcmlStmtDeletion(('core/Solver.cc.xml', 'stmt', 345)) | SrcmlStmtDeletion(('core/Solver.cc.xml', 'stmt', 389))"
2024-06-13 08:09:53,787	[DEBUG]	EXEC>  SUCCESS 833753004.0
2024-06-13 08:09:53,787	[INFO]	41      SUCCESS              *833753004.000000 (52.99%) [3 edit(s)]  
2024-06-13 08:09:53,788	[DEBUG]	patch(41)="SrcmlStmtInsertion(('core/Solver.cc.xml', '_inter_block', 539), ('core/Solver.cc.xml', 'stmt', 405)) | SrcmlStmtDeletion(('core/Solver.cc.xml', 'stmt', 345)) | SrcmlStmtDeletion(('core/Solver.cc.xml', 'stmt', 392))"
--- before: core/Solver.cc
+++ after: core/Solver.cc
@@ -871,7 +871,7 @@
     solves++;
 
     max_learnts               = nClauses() * learntsize_factor;
-    learntsize_adjust_confl   = learntsize_adjust_start_confl;
+    
     learntsize_adjust_cnt     = (int)learntsize_adjust_confl;
     lbool   status            = l_Undef;
 
@@ -972,10 +972,7 @@
     int cnt = 0;
     for (int i = 0; i < clauses.size(); i++)
         /*auto*/{
-            if (!satisfied(ca[clauses[i]]))
-            /*auto*/{
-                cnt++;
-            }/*auto*/
+            
         }/*auto*/
         
     for (int i = 0; i < clauses.size(); i++)
@@ -1007,6 +1004,12 @@
     for (int i = 0; i < clauses.size(); i++)
         /*auto*/{
         
+               for (int i = 0; i < clauses.size(); i++)
+                   /*auto*/{
+                   
+                          toDimacs(f, ca[clauses[i]], map, max);
+                   
+               }/*auto*/
                toDimacs(f, ca[clauses[i]], map, max);
         
     }/*auto*/

2024-06-13 08:09:53,798	[INFO]	~~~~ END ~~~~
2024-06-13 08:09:53,798	[INFO]	
2024-06-13 08:09:53,798	[INFO]	==== REPORT ====
2024-06-13 08:09:53,798	[INFO]	Termination: time budget
2024-06-13 08:09:53,798	[INFO]	Retries: 3
2024-06-13 08:09:53,798	[INFO]	Log file: /home/jim/magpie/_magpie_logs/minisat_1718261779.log
2024-06-13 08:09:53,798	[INFO]	Patch file: _magpie_logs/minisat_1718261779.patch
2024-06-13 08:09:53,798	[INFO]	Diff file: _magpie_logs/minisat_1718261779.diff
2024-06-13 08:09:53,798	[INFO]	Reference fitness: 1573382205.000000
2024-06-13 08:09:53,799	[INFO]	Best fitness: 833753004.000000
2024-06-13 08:09:53,799	[INFO]	
2024-06-13 08:09:53,800	[INFO]	==== BEST PATCH ====
SrcmlStmtInsertion(('core/Solver.cc.xml', '_inter_block', 539), ('core/Solver.cc.xml', 'stmt', 405)) | SrcmlStmtDeletion(('core/Solver.cc.xml', 'stmt', 345)) | SrcmlStmtDeletion(('core/Solver.cc.xml', 'stmt', 392))
2024-06-13 08:09:53,800	[INFO]	
2024-06-13 08:09:53,800	[INFO]	==== DIFF ====
[1m--- before: core/Solver.cc[0m
[1m+++ after: core/Solver.cc[0m
[36m@@ -871,7 +871,7 @@[0m
     solves++;
 
     max_learnts               = nClauses() * learntsize_factor;
[31m-    learntsize_adjust_confl   = learntsize_adjust_start_confl;[0m
[32m+    [0m
     learntsize_adjust_cnt     = (int)learntsize_adjust_confl;
     lbool   status            = l_Undef;
 
[36m@@ -972,10 +972,7 @@[0m
     int cnt = 0;
     for (int i = 0; i < clauses.size(); i++)
         /*auto*/{
[31m-            if (!satisfied(ca[clauses[i]]))[0m
[31m-            /*auto*/{[0m
[31m-                cnt++;[0m
[31m-            }/*auto*/[0m
[32m+            [0m
         }/*auto*/
         
     for (int i = 0; i < clauses.size(); i++)
[36m@@ -1007,6 +1004,12 @@[0m
     for (int i = 0; i < clauses.size(); i++)
         /*auto*/{
         
[32m+               for (int i = 0; i < clauses.size(); i++)[0m
[32m+                   /*auto*/{[0m
[32m+                   [0m
[32m+                          toDimacs(f, ca[clauses[i]], map, max);[0m
[32m+                   [0m
[32m+               }/*auto*/[0m
                toDimacs(f, ca[clauses[i]], map, max);
         
     }/*auto*/

