2024-08-31 17:37:38,054	[DEBUG]	==== CONFIG ====
[magpie]
import = 
seed = 45
log_dir = _magpie_logs
work_dir = _magpie_work
local_original_copy = True
local_original_name = __original__
output_encoding = ascii
edit_retries = 10
default_timeout = 30
default_lengthout = 1e6
diff_method = unified
trust_local_filesystem = True
test_timeout = 10

[magpie.log]
color_output = True
format_info = {counter:<7} {status:<20} {best}{fitness} ({ratio}) [{size}] {cached} {log}
format_debug = patch({counter})="{patch}"{diffifbest}
format_fitness = {:.6f}
format_ratio = {:.2%%}
format_patchif = 
	 --> {patch}
format_diffif = 
	{diff}

[software]
path = examples/lpg
target_files = lpg.params
software = BasicSoftware
model_rules = 
	*.params : ParamFileConfigModel
	*.xml : SrcmlModel
	* : LineModel
model_config = 
	*.params : [paramconfig]
	*.xml : [srcml]
init_cmd = 
init_timeout = 60
init_lengthout = -1
setup_cmd = 
setup_timeout = 
setup_lengthout = 
compile_cmd = 
compile_timeout = 
compile_lengthout = 
test_cmd = bash test.sh
test_timeout = 
test_lengthout = 
run_cmd = perf stat -e faults bash run_fixed.sh
run_timeout = 
run_lengthout = 
retries = 3
batch_timeout = 
batch_lengthout = 
batch_bin_fitness_strategy = aggregate
batch_fitness_strategy = sum
fitness = perf_faults

[srcml]
rename = 
	stmt: break continue decl_stmt do expr_stmt for goto if return switch while
	number: literal_number
focus = block stmt operator_comp operator_arith number
internodes = block
process_pseudo_blocks = True
process_literals = True
process_operators = True

[paramconfig]
timing = test run
cli_prefix = --
cli_glue = =
cli_boolean = show
cli_boolean_prefix_true = 
cli_boolean_prefix_false = no-
cli_none = hide
silent_prefix = @
silent_suffix = $

[search]
protocol = BasicProtocol
algorithm = GeneticProgrammingUniformConcat
possible_edits = ParamSetting
warmup = 3
warmup_strategy = last
max_steps = 10000
max_time = 1800
target_fitness = 
cache_maxsize = 100
cache_keep = 0.2
batch_instances = 
batch_shuffle = True
batch_bin_shuffle = False
batch_sample_size = 1

[search.ls]
delete_prob = 0.5
max_neighbours = 
when_trapped = continue
accept_fail = False
tabu_length = 10

[search.gp]
pop_size = 10
delete_prob = 0.5
offspring_elitism = 0.1
offspring_crossover = 0.5
offspring_mutation = 0.4
uniform_rate = 0.5
batch_reset = True

[search.minify]
do_cleanup = True
do_rebuild = True
do_simplify = True
round_robin_limit = 3


2024-08-31 17:37:38,054	[DEBUG]	
2024-08-31 17:37:38,054	[INFO]	==== SEARCH: GeneticProgrammingUniformConcat ====
2024-08-31 17:37:38,055	[INFO]	~~~~ WARMUP ~~~~
2024-08-31 17:38:17,492	[DEBUG]	EXEC>  SUCCESS 189421.0
2024-08-31 17:38:17,492	[INFO]	WARM    SUCCESS               189421.000000 (--) [0 edit(s)]  
2024-08-31 17:38:54,080	[DEBUG]	EXEC>  SUCCESS 189755.33333333334
2024-08-31 17:38:54,080	[INFO]	WARM    SUCCESS               189755.333333 (--) [0 edit(s)]  
2024-08-31 17:39:30,635	[DEBUG]	EXEC>  SUCCESS 189587.33333333334
2024-08-31 17:39:30,636	[INFO]	WARM    SUCCESS               189587.333333 (--) [0 edit(s)]  
2024-08-31 17:39:30,636	[INFO]	REF     SUCCESS               189587.333333 (--) [0 edit(s)]  
2024-08-31 17:39:30,636	[INFO]	
2024-08-31 17:39:30,636	[INFO]	~~~~ START ~~~~
2024-08-31 17:41:03,271	[DEBUG]	EXEC>  SUCCESS 222002.33333333334
2024-08-31 17:41:03,271	[INFO]	0-1     SUCCESS              +222002.333333 (117.10%) [1 edit(s)]  
2024-08-31 17:41:03,271	[DEBUG]	patch(0-1)="ParamSetting(('lpg.params', 'param', 'noise'), 0.2576606205245803)"
2024-08-31 17:41:44,887	[DEBUG]	EXEC>  TIMEOUT None
2024-08-31 17:41:44,887	[INFO]	0-2     RUN_TIMEOUT           None (--) [1 edit(s)]  
2024-08-31 17:41:44,887	[DEBUG]	patch(0-2)="ParamSetting(('lpg.params', 'param', 'search_steps'), 174)"
2024-08-31 17:42:51,054	[DEBUG]	EXEC>  SUCCESS 196992.0
2024-08-31 17:42:51,054	[INFO]	0-3     SUCCESS              +196992.000000 (103.91%) [1 edit(s)]  
2024-08-31 17:42:51,054	[DEBUG]	patch(0-3)="ParamSetting(('lpg.params', 'param', 'search_steps'), 390)"
2024-08-31 17:42:51,055	[INFO]	0-4     SUCCESS              +189587.333333 (100.00%) [1 edit(s)] [cached] 
2024-08-31 17:42:51,055	[DEBUG]	patch(0-4)="ParamSetting(('lpg.params', 'param', 'lowmemory'), 'None')"
2024-08-31 17:42:51,055	[INFO]	0-5     SUCCESS               189587.333333 (100.00%) [1 edit(s)] [cached] 
2024-08-31 17:42:51,055	[DEBUG]	patch(0-5)="ParamSetting(('lpg.params', 'param', 'repeats'), 5)"
2024-08-31 17:43:15,634	[DEBUG]	EXEC>  SUCCESS 184597.0
2024-08-31 17:43:15,635	[INFO]	0-6     SUCCESS              *184597.000000 (97.37%) [1 edit(s)]  
2024-08-31 17:43:15,635	[DEBUG]	patch(0-6)="ParamSetting(('lpg.params', 'param', 'search_steps'), 727)"
--- before: lpg.params
+++ after: lpg.params
@@ -1,4 +1,4 @@
-search_steps := 500
+search_steps := 727
 restarts := 9
 repeats := 5
 noise := 0.1

2024-08-31 17:43:52,113	[DEBUG]	EXEC>  SUCCESS 189416.66666666666
2024-08-31 17:43:52,113	[INFO]	0-7     SUCCESS               189416.666667 (99.91%) [1 edit(s)]  
2024-08-31 17:43:52,113	[DEBUG]	patch(0-7)="ParamSetting(('lpg.params', 'param', 'repeats'), 9)"
2024-08-31 17:44:28,411	[DEBUG]	EXEC>  SUCCESS 191332.0
2024-08-31 17:44:28,411	[INFO]	0-8     SUCCESS               191332.000000 (100.92%) [1 edit(s)]  
2024-08-31 17:44:28,411	[DEBUG]	patch(0-8)="ParamSetting(('lpg.params', 'param', 'search_steps'), 521)"
2024-08-31 17:45:04,814	[DEBUG]	EXEC>  SUCCESS 189404.33333333334
2024-08-31 17:45:04,814	[INFO]	0-9     SUCCESS               189404.333333 (99.90%) [1 edit(s)]  
2024-08-31 17:45:04,814	[DEBUG]	patch(0-9)="ParamSetting(('lpg.params', 'param', 'repeats'), 11)"
2024-08-31 17:45:04,815	[INFO]	0-10    SUCCESS               189587.333333 (100.00%) [1 edit(s)] [cached] 
2024-08-31 17:45:04,815	[DEBUG]	patch(0-10)="ParamSetting(('lpg.params', 'param', 'static_noise'), 'None')"
2024-08-31 17:45:04,816	[INFO]	REF     SUCCESS               189587.333333 (--) [0 edit(s)] [cached] 
2024-08-31 17:45:04,816	[INFO]	BEST    SUCCESS              *184597.000000 (97.37%) [0 edit(s)] [cached] 
2024-08-31 17:45:04,817	[INFO]	1-1     SUCCESS              +184597.000000 (97.37%) [1 edit(s)] [cached] 
2024-08-31 17:45:04,818	[DEBUG]	patch(1-1)="ParamSetting(('lpg.params', 'param', 'search_steps'), 727)"
2024-08-31 17:45:04,818	[INFO]	1-2     SUCCESS               184597.000000 (97.37%) [1 edit(s)] [cached] 
2024-08-31 17:45:04,818	[DEBUG]	patch(1-2)="ParamSetting(('lpg.params', 'param', 'search_steps'), 727)"
2024-08-31 17:45:04,819	[INFO]	1-3     SUCCESS               184597.000000 (97.37%) [1 edit(s)] [cached] 
2024-08-31 17:45:04,819	[DEBUG]	patch(1-3)="ParamSetting(('lpg.params', 'param', 'search_steps'), 727)"
2024-08-31 17:45:04,819	[INFO]	1-4     SUCCESS               189587.333333 (100.00%) [1 edit(s)] [cached] 
2024-08-31 17:45:04,819	[DEBUG]	patch(1-4)="ParamSetting(('lpg.params', 'param', 'static_noise'), 'None')"
2024-08-31 17:45:04,820	[INFO]	1-5     SUCCESS               189587.333333 (100.00%) [1 edit(s)] [cached] 
2024-08-31 17:45:04,820	[DEBUG]	patch(1-5)="ParamSetting(('lpg.params', 'param', 'static_noise'), 'None')"
2024-08-31 17:45:04,820	[INFO]	1-6     SUCCESS               222002.333333 (117.10%) [1 edit(s)] [cached] 
2024-08-31 17:45:04,820	[DEBUG]	patch(1-6)="ParamSetting(('lpg.params', 'param', 'noise'), 0.2576606205245803)"
2024-08-31 17:45:29,317	[DEBUG]	EXEC>  SUCCESS 184934.33333333334
2024-08-31 17:45:29,317	[INFO]	1-7     SUCCESS               184934.333333 (97.55%) [2 edit(s)]  
2024-08-31 17:45:29,318	[DEBUG]	patch(1-7)="ParamSetting(('lpg.params', 'param', 'search_steps'), 727) | ParamSetting(('lpg.params', 'param', 'repeats'), 6)"
2024-08-31 17:45:29,318	[INFO]	1-8     SUCCESS               189587.333333 (100.00%) [0 edit(s)] [cached] 
2024-08-31 17:45:29,318	[DEBUG]	patch(1-8)=""
2024-08-31 17:45:29,319	[INFO]	1-9     SUCCESS               189587.333333 (100.00%) [0 edit(s)] [cached] 
2024-08-31 17:45:29,319	[DEBUG]	patch(1-9)=""
2024-08-31 17:45:29,319	[INFO]	1-10    SUCCESS               189587.333333 (100.00%) [0 edit(s)] [cached] 
2024-08-31 17:45:29,319	[DEBUG]	patch(1-10)=""
2024-08-31 17:45:29,320	[INFO]	REF     SUCCESS               189587.333333 (--) [0 edit(s)] [cached] 
2024-08-31 17:45:29,320	[INFO]	BEST    SUCCESS              *184597.000000 (97.37%) [0 edit(s)] [cached] 
2024-08-31 17:45:29,321	[INFO]	2-1     SUCCESS              +184597.000000 (97.37%) [1 edit(s)] [cached] 
2024-08-31 17:45:29,321	[DEBUG]	patch(2-1)="ParamSetting(('lpg.params', 'param', 'search_steps'), 727)"
2024-08-31 17:45:29,322	[INFO]	2-2     SUCCESS               222002.333333 (117.10%) [1 edit(s)] [cached] 
2024-08-31 17:45:29,322	[DEBUG]	patch(2-2)="ParamSetting(('lpg.params', 'param', 'noise'), 0.2576606205245803)"
2024-08-31 17:45:29,322	[INFO]	2-3     SUCCESS               184934.333333 (97.55%) [2 edit(s)] [cached] 
2024-08-31 17:45:29,322	[DEBUG]	patch(2-3)="ParamSetting(('lpg.params', 'param', 'search_steps'), 727) | ParamSetting(('lpg.params', 'param', 'repeats'), 6)"
2024-08-31 17:45:29,323	[INFO]	2-4     SUCCESS               189587.333333 (100.00%) [1 edit(s)] [cached] 
2024-08-31 17:45:29,323	[DEBUG]	patch(2-4)="ParamSetting(('lpg.params', 'param', 'static_noise'), 'None')"
2024-08-31 17:45:29,323	[INFO]	2-5     SUCCESS               184597.000000 (97.37%) [1 edit(s)] [cached] 
2024-08-31 17:45:29,323	[DEBUG]	patch(2-5)="ParamSetting(('lpg.params', 'param', 'search_steps'), 727)"
2024-08-31 17:45:29,324	[INFO]	2-6     SUCCESS               222002.333333 (117.10%) [2 edit(s)] [cached] 
2024-08-31 17:45:29,324	[DEBUG]	patch(2-6)="ParamSetting(('lpg.params', 'param', 'noise'), 0.2576606205245803) | ParamSetting(('lpg.params', 'param', 'noise'), 0.2576606205245803)"
2024-08-31 17:45:59,399	[INFO]	2-7     TEST_TIMEOUT          None (--) [2 edit(s)]  
2024-08-31 17:45:59,399	[DEBUG]	patch(2-7)="ParamSetting(('lpg.params', 'param', 'search_steps'), 727) | ParamSetting(('lpg.params', 'param', 'noise'), 0.7665559902953729)"
2024-08-31 17:47:08,432	[DEBUG]	EXEC>  SUCCESS 207387.66666666666
2024-08-31 17:47:08,432	[INFO]	2-8     SUCCESS               207387.666667 (109.39%) [3 edit(s)]  
2024-08-31 17:47:08,432	[DEBUG]	patch(2-8)="ParamSetting(('lpg.params', 'param', 'search_steps'), 727) | ParamSetting(('lpg.params', 'param', 'repeats'), 6) | ParamSetting(('lpg.params', 'param', 'search_steps'), 428)"
2024-08-31 17:47:44,910	[DEBUG]	EXEC>  SUCCESS 189757.66666666666
2024-08-31 17:47:44,910	[INFO]	2-9     SUCCESS               189757.666667 (100.09%) [2 edit(s)]  
2024-08-31 17:47:44,910	[DEBUG]	patch(2-9)="ParamSetting(('lpg.params', 'param', 'static_noise'), 'None') | ParamSetting(('lpg.params', 'param', 'repeats'), 12)"
2024-08-31 17:48:14,979	[INFO]	2-10    TEST_TIMEOUT          None (--) [1 edit(s)]  
2024-08-31 17:48:14,979	[DEBUG]	patch(2-10)="ParamSetting(('lpg.params', 'param', 'noise'), 0.9223889821788478)"
2024-08-31 17:48:14,980	[INFO]	REF     SUCCESS               189587.333333 (--) [0 edit(s)] [cached] 
2024-08-31 17:48:14,981	[INFO]	BEST    SUCCESS              *184597.000000 (97.37%) [0 edit(s)] [cached] 
2024-08-31 17:48:14,982	[INFO]	3-1     SUCCESS              +184597.000000 (97.37%) [1 edit(s)] [cached] 
2024-08-31 17:48:14,982	[DEBUG]	patch(3-1)="ParamSetting(('lpg.params', 'param', 'search_steps'), 727)"
2024-08-31 17:48:14,983	[INFO]	3-2     SUCCESS               207387.666667 (109.39%) [4 edit(s)] [cached] 
2024-08-31 17:48:14,983	[DEBUG]	patch(3-2)="ParamSetting(('lpg.params', 'param', 'search_steps'), 727) | ParamSetting(('lpg.params', 'param', 'search_steps'), 727) | ParamSetting(('lpg.params', 'param', 'repeats'), 6) | ParamSetting(('lpg.params', 'param', 'search_steps'), 428)"
2024-08-31 17:48:14,983	[INFO]	3-3     SUCCESS               184597.000000 (97.37%) [2 edit(s)] [cached] 
2024-08-31 17:48:14,983	[DEBUG]	patch(3-3)="ParamSetting(('lpg.params', 'param', 'search_steps'), 727) | ParamSetting(('lpg.params', 'param', 'static_noise'), 'None')"
2024-08-31 17:48:51,370	[DEBUG]	EXEC>  SUCCESS 189914.33333333334
2024-08-31 17:48:51,370	[INFO]	3-4     SUCCESS               189914.333333 (100.17%) [2 edit(s)]  
2024-08-31 17:48:51,370	[DEBUG]	patch(3-4)="ParamSetting(('lpg.params', 'param', 'repeats'), 6) | ParamSetting(('lpg.params', 'param', 'static_noise'), 'None')"
2024-08-31 17:48:51,371	[INFO]	3-5     SUCCESS               189757.666667 (100.09%) [3 edit(s)] [cached] 
2024-08-31 17:48:51,371	[DEBUG]	patch(3-5)="ParamSetting(('lpg.params', 'param', 'static_noise'), 'None') | ParamSetting(('lpg.params', 'param', 'repeats'), 12) | ParamSetting(('lpg.params', 'param', 'static_noise'), 'None')"
2024-08-31 17:50:00,229	[DEBUG]	EXEC>  SUCCESS 207554.66666666666
2024-08-31 17:50:00,229	[INFO]	3-6     SUCCESS               207554.666667 (109.48%) [3 edit(s)]  
2024-08-31 17:50:00,229	[DEBUG]	patch(3-6)="ParamSetting(('lpg.params', 'param', 'search_steps'), 727) | ParamSetting(('lpg.params', 'param', 'search_steps'), 428) | ParamSetting(('lpg.params', 'param', 'static_noise'), 'None')"
2024-08-31 17:50:00,230	[INFO]	3-7     SUCCESS               189587.333333 (100.00%) [0 edit(s)] [cached] 
2024-08-31 17:50:00,230	[DEBUG]	patch(3-7)=""
2024-08-31 17:50:24,732	[DEBUG]	EXEC>  SUCCESS 184597.33333333334
2024-08-31 17:50:24,733	[INFO]	3-8     SUCCESS               184597.333333 (97.37%) [3 edit(s)]  
2024-08-31 17:50:24,733	[DEBUG]	patch(3-8)="ParamSetting(('lpg.params', 'param', 'search_steps'), 727) | ParamSetting(('lpg.params', 'param', 'repeats'), 6) | ParamSetting(('lpg.params', 'param', 'repeats'), 9)"
2024-08-31 17:50:24,733	[INFO]	3-9     SUCCESS               189587.333333 (100.00%) [0 edit(s)] [cached] 
2024-08-31 17:50:24,733	[DEBUG]	patch(3-9)=""
2024-08-31 17:50:24,734	[INFO]	3-10    SUCCESS               189757.666667 (100.09%) [1 edit(s)] [cached] 
2024-08-31 17:50:24,734	[DEBUG]	patch(3-10)="ParamSetting(('lpg.params', 'param', 'repeats'), 12)"
2024-08-31 17:50:24,735	[INFO]	REF     SUCCESS               189587.333333 (--) [0 edit(s)] [cached] 
2024-08-31 17:50:24,735	[INFO]	BEST    SUCCESS              *184597.000000 (97.37%) [0 edit(s)] [cached] 
2024-08-31 17:50:24,737	[INFO]	4-1     SUCCESS              +184597.000000 (97.37%) [2 edit(s)] [cached] 
2024-08-31 17:50:24,737	[DEBUG]	patch(4-1)="ParamSetting(('lpg.params', 'param', 'search_steps'), 727) | ParamSetting(('lpg.params', 'param', 'static_noise'), 'None')"
2024-08-31 17:50:24,738	[INFO]	4-2     SUCCESS               184597.000000 (97.37%) [4 edit(s)] [cached] 
2024-08-31 17:50:24,738	[DEBUG]	patch(4-2)="ParamSetting(('lpg.params', 'param', 'search_steps'), 727) | ParamSetting(('lpg.params', 'param', 'static_noise'), 'None') | ParamSetting(('lpg.params', 'param', 'search_steps'), 727) | ParamSetting(('lpg.params', 'param', 'static_noise'), 'None')"
2024-08-31 17:50:24,738	[INFO]	4-3     SUCCESS               184934.333333 (97.55%) [3 edit(s)] [cached] 
2024-08-31 17:50:24,738	[DEBUG]	patch(4-3)="ParamSetting(('lpg.params', 'param', 'search_steps'), 727) | ParamSetting(('lpg.params', 'param', 'repeats'), 6) | ParamSetting(('lpg.params', 'param', 'static_noise'), 'None')"
2024-08-31 17:50:24,739	[INFO]	4-4     SUCCESS               184934.333333 (97.55%) [5 edit(s)] [cached] 
2024-08-31 17:50:24,739	[DEBUG]	patch(4-4)="ParamSetting(('lpg.params', 'param', 'search_steps'), 727) | ParamSetting(('lpg.params', 'param', 'repeats'), 6) | ParamSetting(('lpg.params', 'param', 'repeats'), 9) | ParamSetting(('lpg.params', 'param', 'search_steps'), 727) | ParamSetting(('lpg.params', 'param', 'repeats'), 6)"
2024-08-31 17:50:24,739	[INFO]	4-5     SUCCESS               207554.666667 (109.48%) [1 edit(s)] [cached] 
2024-08-31 17:50:24,739	[DEBUG]	patch(4-5)="ParamSetting(('lpg.params', 'param', 'search_steps'), 428)"
2024-08-31 17:50:24,740	[INFO]	4-6     SUCCESS               189587.333333 (100.00%) [2 edit(s)] [cached] 
2024-08-31 17:50:24,740	[DEBUG]	patch(4-6)="ParamSetting(('lpg.params', 'param', 'static_noise'), 'None') | ParamSetting(('lpg.params', 'param', 'static_noise'), 'None')"
2024-08-31 17:50:24,740	[INFO]	4-7     SUCCESS               184597.000000 (97.37%) [1 edit(s)] [cached] 
2024-08-31 17:50:24,740	[DEBUG]	patch(4-7)="ParamSetting(('lpg.params', 'param', 'search_steps'), 727)"
2024-08-31 17:50:49,252	[DEBUG]	EXEC>  SUCCESS 184592.0
2024-08-31 17:50:49,253	[INFO]	4-8     SUCCESS              *184592.000000 (97.37%) [2 edit(s)]  
2024-08-31 17:50:49,253	[DEBUG]	patch(4-8)="ParamSetting(('lpg.params', 'param', 'search_steps'), 727) | ParamSetting(('lpg.params', 'param', 'repeats'), 1)"
--- before: lpg.params
+++ after: lpg.params
@@ -1,6 +1,6 @@
-search_steps := 500
+search_steps := 727
 restarts := 9
-repeats := 5
+repeats := 1
 noise := 0.1
 static_noise := 'None'
 lowmemory := 'None'

2024-08-31 17:51:19,319	[INFO]	4-9     TEST_TIMEOUT          None (--) [4 edit(s)]  
2024-08-31 17:51:19,319	[DEBUG]	patch(4-9)="ParamSetting(('lpg.params', 'param', 'search_steps'), 727) | ParamSetting(('lpg.params', 'param', 'repeats'), 6) | ParamSetting(('lpg.params', 'param', 'repeats'), 9) | ParamSetting(('lpg.params', 'param', 'noise'), 0.5350187739942603)"
2024-08-31 17:51:55,683	[DEBUG]	EXEC>  SUCCESS 189575.66666666666
2024-08-31 17:51:55,683	[INFO]	4-10    SUCCESS               189575.666667 (99.99%) [1 edit(s)]  
2024-08-31 17:51:55,683	[DEBUG]	patch(4-10)="ParamSetting(('lpg.params', 'param', 'restarts'), 20)"
2024-08-31 17:51:55,684	[INFO]	REF     SUCCESS               189587.333333 (--) [0 edit(s)] [cached] 
2024-08-31 17:51:55,684	[INFO]	BEST    SUCCESS              *184592.000000 (97.37%) [0 edit(s)] [cached] 
2024-08-31 17:51:55,686	[INFO]	5-1     SUCCESS              +184592.000000 (97.37%) [2 edit(s)] [cached] 
2024-08-31 17:51:55,686	[DEBUG]	patch(5-1)="ParamSetting(('lpg.params', 'param', 'search_steps'), 727) | ParamSetting(('lpg.params', 'param', 'repeats'), 1)"
2024-08-31 17:51:55,687	[INFO]	5-2     SUCCESS               184592.000000 (97.37%) [3 edit(s)] [cached] 
2024-08-31 17:51:55,687	[DEBUG]	patch(5-2)="ParamSetting(('lpg.params', 'param', 'search_steps'), 727) | ParamSetting(('lpg.params', 'param', 'repeats'), 1) | ParamSetting(('lpg.params', 'param', 'static_noise'), 'None')"
2024-08-31 17:51:55,687	[INFO]	5-3     SUCCESS               189587.333333 (100.00%) [1 edit(s)] [cached] 
2024-08-31 17:51:55,687	[DEBUG]	patch(5-3)="ParamSetting(('lpg.params', 'param', 'static_noise'), 'None')"
2024-08-31 17:51:55,688	[INFO]	5-4     SUCCESS               184597.000000 (97.37%) [3 edit(s)] [cached] 
2024-08-31 17:51:55,688	[DEBUG]	patch(5-4)="ParamSetting(('lpg.params', 'param', 'search_steps'), 727) | ParamSetting(('lpg.params', 'param', 'static_noise'), 'None') | ParamSetting(('lpg.params', 'param', 'search_steps'), 727)"
2024-08-31 17:51:55,688	[INFO]	5-5     SUCCESS               184597.000000 (97.37%) [1 edit(s)] [cached] 
2024-08-31 17:51:55,688	[DEBUG]	patch(5-5)="ParamSetting(('lpg.params', 'param', 'search_steps'), 727)"
2024-08-31 17:51:55,689	[INFO]	5-6     SUCCESS               189587.333333 (100.00%) [2 edit(s)] [cached] 
2024-08-31 17:51:55,689	[DEBUG]	patch(5-6)="ParamSetting(('lpg.params', 'param', 'static_noise'), 'None') | ParamSetting(('lpg.params', 'param', 'static_noise'), 'None')"
2024-08-31 17:52:32,116	[DEBUG]	EXEC>  SUCCESS 189418.66666666666
2024-08-31 17:52:32,116	[INFO]	5-7     SUCCESS               189418.666667 (99.91%) [1 edit(s)]  
2024-08-31 17:52:32,116	[DEBUG]	patch(5-7)="ParamSetting(('lpg.params', 'param', 'repeats'), 1)"
2024-08-31 17:53:02,192	[INFO]	5-8     TEST_TIMEOUT          None (--) [3 edit(s)]  
2024-08-31 17:53:02,193	[DEBUG]	patch(5-8)="ParamSetting(('lpg.params', 'param', 'search_steps'), 727) | ParamSetting(('lpg.params', 'param', 'static_noise'), 'None') | ParamSetting(('lpg.params', 'param', 'noise'), 0.8091857730339553)"
2024-08-31 17:53:25,918	[DEBUG]	EXEC>  SUCCESS 181141.0
2024-08-31 17:53:25,919	[INFO]	5-9     SUCCESS              *181141.000000 (95.54%) [5 edit(s)]  
2024-08-31 17:53:25,919	[DEBUG]	patch(5-9)="ParamSetting(('lpg.params', 'param', 'search_steps'), 727) | ParamSetting(('lpg.params', 'param', 'static_noise'), 'None') | ParamSetting(('lpg.params', 'param', 'search_steps'), 727) | ParamSetting(('lpg.params', 'param', 'static_noise'), 'None') | ParamSetting(('lpg.params', 'param', 'static_noise'), 'True')"
--- before: lpg.params
+++ after: lpg.params
@@ -1,6 +1,6 @@
-search_steps := 500
+search_steps := 727
 restarts := 9
 repeats := 5
 noise := 0.1
-static_noise := 'None'
+static_noise := 'True'
 lowmemory := 'None'

2024-08-31 17:53:25,919	[INFO]	5-10    SUCCESS               189587.333333 (100.00%) [0 edit(s)] [cached] 
2024-08-31 17:53:25,919	[DEBUG]	patch(5-10)=""
2024-08-31 17:53:25,920	[INFO]	REF     SUCCESS               189587.333333 (--) [0 edit(s)] [cached] 
2024-08-31 17:53:25,920	[INFO]	BEST    SUCCESS              *181141.000000 (95.54%) [0 edit(s)] [cached] 
2024-08-31 17:53:25,922	[INFO]	6-1     SUCCESS              +181141.000000 (95.54%) [5 edit(s)] [cached] 
2024-08-31 17:53:25,922	[DEBUG]	patch(6-1)="ParamSetting(('lpg.params', 'param', 'search_steps'), 727) | ParamSetting(('lpg.params', 'param', 'static_noise'), 'None') | ParamSetting(('lpg.params', 'param', 'search_steps'), 727) | ParamSetting(('lpg.params', 'param', 'static_noise'), 'None') | ParamSetting(('lpg.params', 'param', 'static_noise'), 'True')"
2024-08-31 17:53:25,923	[INFO]	6-2     SUCCESS               184597.000000 (97.37%) [5 edit(s)] [cached] 
2024-08-31 17:53:25,923	[DEBUG]	patch(6-2)="ParamSetting(('lpg.params', 'param', 'search_steps'), 727) | ParamSetting(('lpg.params', 'param', 'search_steps'), 727) | ParamSetting(('lpg.params', 'param', 'static_noise'), 'None') | ParamSetting(('lpg.params', 'param', 'search_steps'), 727) | ParamSetting(('lpg.params', 'param', 'static_noise'), 'None')"
2024-08-31 17:53:25,923	[INFO]	6-3     SUCCESS               184597.000000 (97.37%) [2 edit(s)] [cached] 
2024-08-31 17:53:25,923	[DEBUG]	patch(6-3)="ParamSetting(('lpg.params', 'param', 'static_noise'), 'None') | ParamSetting(('lpg.params', 'param', 'search_steps'), 727)"
2024-08-31 17:53:25,924	[INFO]	6-4     SUCCESS               184592.000000 (97.37%) [3 edit(s)] [cached] 
2024-08-31 17:53:25,924	[DEBUG]	patch(6-4)="ParamSetting(('lpg.params', 'param', 'search_steps'), 727) | ParamSetting(('lpg.params', 'param', 'repeats'), 1) | ParamSetting(('lpg.params', 'param', 'static_noise'), 'None')"
2024-08-31 17:53:25,924	[INFO]	6-5     SUCCESS               189587.333333 (100.00%) [1 edit(s)] [cached] 
2024-08-31 17:53:25,924	[DEBUG]	patch(6-5)="ParamSetting(('lpg.params', 'param', 'static_noise'), 'None')"
2024-08-31 17:53:25,925	[INFO]	6-6     SUCCESS               184597.000000 (97.37%) [2 edit(s)] [cached] 
2024-08-31 17:53:25,925	[DEBUG]	patch(6-6)="ParamSetting(('lpg.params', 'param', 'search_steps'), 727) | ParamSetting(('lpg.params', 'param', 'search_steps'), 727)"
2024-08-31 17:53:49,656	[DEBUG]	EXEC>  SUCCESS 181127.0
2024-08-31 17:53:49,656	[INFO]	6-7     SUCCESS              *181127.000000 (95.54%) [6 edit(s)]  
2024-08-31 17:53:49,656	[DEBUG]	patch(6-7)="ParamSetting(('lpg.params', 'param', 'search_steps'), 727) | ParamSetting(('lpg.params', 'param', 'static_noise'), 'None') | ParamSetting(('lpg.params', 'param', 'search_steps'), 727) | ParamSetting(('lpg.params', 'param', 'static_noise'), 'None') | ParamSetting(('lpg.params', 'param', 'static_noise'), 'True') | ParamSetting(('lpg.params', 'param', 'search_steps'), 804)"
--- before: lpg.params
+++ after: lpg.params
@@ -1,6 +1,6 @@
-search_steps := 500
+search_steps := 804
 restarts := 9
 repeats := 5
 noise := 0.1
-static_noise := 'None'
+static_noise := 'True'
 lowmemory := 'None'

2024-08-31 17:54:19,722	[INFO]	6-8     TEST_TIMEOUT          None (--) [3 edit(s)]  
2024-08-31 17:54:19,722	[DEBUG]	patch(6-8)="ParamSetting(('lpg.params', 'param', 'search_steps'), 727) | ParamSetting(('lpg.params', 'param', 'repeats'), 1) | ParamSetting(('lpg.params', 'param', 'noise'), 0.5960853950025733)"
2024-08-31 17:54:19,723	[INFO]	6-9     SUCCESS               184592.000000 (97.37%) [2 edit(s)] [cached] 
2024-08-31 17:54:19,723	[DEBUG]	patch(6-9)="ParamSetting(('lpg.params', 'param', 'search_steps'), 727) | ParamSetting(('lpg.params', 'param', 'repeats'), 1)"
2024-08-31 17:54:49,792	[INFO]	6-10    TEST_TIMEOUT          None (--) [4 edit(s)]  
2024-08-31 17:54:49,793	[DEBUG]	patch(6-10)="ParamSetting(('lpg.params', 'param', 'search_steps'), 727) | ParamSetting(('lpg.params', 'param', 'static_noise'), 'None') | ParamSetting(('lpg.params', 'param', 'search_steps'), 727) | ParamSetting(('lpg.params', 'param', 'noise'), 0.6429086750260457)"
2024-08-31 17:54:49,793	[INFO]	REF     SUCCESS               189587.333333 (--) [0 edit(s)] [cached] 
2024-08-31 17:54:49,794	[INFO]	BEST    SUCCESS              *181127.000000 (95.54%) [0 edit(s)] [cached] 
2024-08-31 17:54:49,796	[INFO]	7-1     SUCCESS              +181127.000000 (95.54%) [6 edit(s)] [cached] 
2024-08-31 17:54:49,796	[DEBUG]	patch(7-1)="ParamSetting(('lpg.params', 'param', 'search_steps'), 727) | ParamSetting(('lpg.params', 'param', 'static_noise'), 'None') | ParamSetting(('lpg.params', 'param', 'search_steps'), 727) | ParamSetting(('lpg.params', 'param', 'static_noise'), 'None') | ParamSetting(('lpg.params', 'param', 'static_noise'), 'True') | ParamSetting(('lpg.params', 'param', 'search_steps'), 804)"
2024-08-31 17:54:49,797	[INFO]	7-2     SUCCESS               184597.000000 (97.37%) [7 edit(s)] [cached] 
2024-08-31 17:54:49,797	[DEBUG]	patch(7-2)="ParamSetting(('lpg.params', 'param', 'search_steps'), 727) | ParamSetting(('lpg.params', 'param', 'search_steps'), 727) | ParamSetting(('lpg.params', 'param', 'static_noise'), 'None') | ParamSetting(('lpg.params', 'param', 'search_steps'), 804) | ParamSetting(('lpg.params', 'param', 'search_steps'), 727) | ParamSetting(('lpg.params', 'param', 'static_noise'), 'None') | ParamSetting(('lpg.params', 'param', 'static_noise'), 'None')"
2024-08-31 17:54:49,797	[INFO]	7-3     SUCCESS               184592.000000 (97.37%) [4 edit(s)] [cached] 
2024-08-31 17:54:49,797	[DEBUG]	patch(7-3)="ParamSetting(('lpg.params', 'param', 'search_steps'), 727) | ParamSetting(('lpg.params', 'param', 'search_steps'), 727) | ParamSetting(('lpg.params', 'param', 'repeats'), 1) | ParamSetting(('lpg.params', 'param', 'static_noise'), 'None')"
2024-08-31 17:54:49,798	[INFO]	7-4     SUCCESS               184597.000000 (97.37%) [1 edit(s)] [cached] 
2024-08-31 17:54:49,798	[DEBUG]	patch(7-4)="ParamSetting(('lpg.params', 'param', 'search_steps'), 727)"
2024-08-31 17:55:13,464	[DEBUG]	EXEC>  SUCCESS 180972.33333333334
2024-08-31 17:55:13,464	[INFO]	7-5     SUCCESS              *180972.333333 (95.46%) [5 edit(s)]  
2024-08-31 17:55:13,464	[DEBUG]	patch(7-5)="ParamSetting(('lpg.params', 'param', 'search_steps'), 727) | ParamSetting(('lpg.params', 'param', 'repeats'), 1) | ParamSetting(('lpg.params', 'param', 'search_steps'), 727) | ParamSetting(('lpg.params', 'param', 'static_noise'), 'None') | ParamSetting(('lpg.params', 'param', 'static_noise'), 'True')"
--- before: lpg.params
+++ after: lpg.params
@@ -1,6 +1,6 @@
-search_steps := 500
+search_steps := 727
 restarts := 9
-repeats := 5
+repeats := 1
 noise := 0.1
-static_noise := 'None'
+static_noise := 'True'
 lowmemory := 'None'

2024-08-31 17:55:13,466	[INFO]	7-6     SUCCESS               184597.000000 (97.37%) [4 edit(s)] [cached] 
2024-08-31 17:55:13,466	[DEBUG]	patch(7-6)="ParamSetting(('lpg.params', 'param', 'search_steps'), 727) | ParamSetting(('lpg.params', 'param', 'search_steps'), 727) | ParamSetting(('lpg.params', 'param', 'static_noise'), 'None') | ParamSetting(('lpg.params', 'param', 'static_noise'), 'None')"
2024-08-31 17:55:37,912	[DEBUG]	EXEC>  SUCCESS 184592.66666666666
2024-08-31 17:55:37,912	[INFO]	7-7     SUCCESS               184592.666667 (97.37%) [7 edit(s)]  
2024-08-31 17:55:37,912	[DEBUG]	patch(7-7)="ParamSetting(('lpg.params', 'param', 'search_steps'), 727) | ParamSetting(('lpg.params', 'param', 'static_noise'), 'None') | ParamSetting(('lpg.params', 'param', 'search_steps'), 727) | ParamSetting(('lpg.params', 'param', 'static_noise'), 'None') | ParamSetting(('lpg.params', 'param', 'static_noise'), 'True') | ParamSetting(('lpg.params', 'param', 'search_steps'), 804) | ParamSetting(('lpg.params', 'param', 'static_noise'), 'None')"
2024-08-31 17:55:37,913	[INFO]	7-8     SUCCESS               181141.000000 (95.54%) [4 edit(s)] [cached] 
2024-08-31 17:55:37,913	[DEBUG]	patch(7-8)="ParamSetting(('lpg.params', 'param', 'search_steps'), 727) | ParamSetting(('lpg.params', 'param', 'static_noise'), 'None') | ParamSetting(('lpg.params', 'param', 'static_noise'), 'None') | ParamSetting(('lpg.params', 'param', 'static_noise'), 'True')"
2024-08-31 17:56:02,541	[DEBUG]	EXEC>  SUCCESS 184769.66666666666
2024-08-31 17:56:02,541	[INFO]	7-9     SUCCESS               184769.666667 (97.46%) [3 edit(s)]  
2024-08-31 17:56:02,541	[DEBUG]	patch(7-9)="ParamSetting(('lpg.params', 'param', 'search_steps'), 727) | ParamSetting(('lpg.params', 'param', 'repeats'), 1) | ParamSetting(('lpg.params', 'param', 'restarts'), 16)"
2024-08-31 17:56:02,542	[INFO]	7-10    SUCCESS               184592.000000 (97.37%) [2 edit(s)] [cached] 
2024-08-31 17:56:02,542	[DEBUG]	patch(7-10)="ParamSetting(('lpg.params', 'param', 'search_steps'), 727) | ParamSetting(('lpg.params', 'param', 'repeats'), 1)"
2024-08-31 17:56:02,543	[INFO]	REF     SUCCESS               189587.333333 (--) [0 edit(s)] [cached] 
2024-08-31 17:56:02,543	[INFO]	BEST    SUCCESS              *180972.333333 (95.46%) [0 edit(s)] [cached] 
2024-08-31 17:56:02,546	[INFO]	8-1     SUCCESS              +180972.333333 (95.46%) [5 edit(s)] [cached] 
2024-08-31 17:56:02,546	[DEBUG]	patch(8-1)="ParamSetting(('lpg.params', 'param', 'search_steps'), 727) | ParamSetting(('lpg.params', 'param', 'repeats'), 1) | ParamSetting(('lpg.params', 'param', 'search_steps'), 727) | ParamSetting(('lpg.params', 'param', 'static_noise'), 'None') | ParamSetting(('lpg.params', 'param', 'static_noise'), 'True')"
2024-08-31 17:56:02,547	[INFO]	8-2     SUCCESS               184769.666667 (97.46%) [5 edit(s)] [cached] 
2024-08-31 17:56:02,547	[DEBUG]	patch(8-2)="ParamSetting(('lpg.params', 'param', 'search_steps'), 727) | ParamSetting(('lpg.params', 'param', 'restarts'), 16) | ParamSetting(('lpg.params', 'param', 'repeats'), 1) | ParamSetting(('lpg.params', 'param', 'search_steps'), 727) | ParamSetting(('lpg.params', 'param', 'static_noise'), 'None')"
2024-08-31 17:56:38,589	[DEBUG]	EXEC>  SUCCESS 186918.0
2024-08-31 17:56:38,589	[INFO]	8-3     SUCCESS               186918.000000 (98.59%) [4 edit(s)]  
2024-08-31 17:56:38,589	[DEBUG]	patch(8-3)="ParamSetting(('lpg.params', 'param', 'static_noise'), 'None') | ParamSetting(('lpg.params', 'param', 'static_noise'), 'True') | ParamSetting(('lpg.params', 'param', 'static_noise'), 'None') | ParamSetting(('lpg.params', 'param', 'static_noise'), 'True')"
2024-08-31 17:56:38,590	[INFO]	8-4     SUCCESS               184597.000000 (97.37%) [4 edit(s)] [cached] 
2024-08-31 17:56:38,590	[DEBUG]	patch(8-4)="ParamSetting(('lpg.params', 'param', 'search_steps'), 727) | ParamSetting(('lpg.params', 'param', 'search_steps'), 727) | ParamSetting(('lpg.params', 'param', 'static_noise'), 'None') | ParamSetting(('lpg.params', 'param', 'static_noise'), 'None')"
2024-08-31 17:56:38,591	[INFO]	8-5     SUCCESS               184592.000000 (97.37%) [2 edit(s)] [cached] 
2024-08-31 17:56:38,591	[DEBUG]	patch(8-5)="ParamSetting(('lpg.params', 'param', 'repeats'), 1) | ParamSetting(('lpg.params', 'param', 'search_steps'), 727)"
2024-08-31 17:56:38,591	[INFO]	8-6     SUCCESS               184592.000000 (97.37%) [6 edit(s)] [cached] 
2024-08-31 17:56:38,591	[DEBUG]	patch(8-6)="ParamSetting(('lpg.params', 'param', 'repeats'), 1) | ParamSetting(('lpg.params', 'param', 'static_noise'), 'None') | ParamSetting(('lpg.params', 'param', 'search_steps'), 804) | ParamSetting(('lpg.params', 'param', 'search_steps'), 727) | ParamSetting(('lpg.params', 'param', 'static_noise'), 'None') | ParamSetting(('lpg.params', 'param', 'static_noise'), 'None')"
2024-08-31 17:56:38,592	[INFO]	8-7     SUCCESS               184592.000000 (97.37%) [4 edit(s)] [cached] 
2024-08-31 17:56:38,592	[DEBUG]	patch(8-7)="ParamSetting(('lpg.params', 'param', 'search_steps'), 727) | ParamSetting(('lpg.params', 'param', 'repeats'), 1) | ParamSetting(('lpg.params', 'param', 'search_steps'), 727) | ParamSetting(('lpg.params', 'param', 'static_noise'), 'None')"
2024-08-31 17:56:38,592	[INFO]	8-8     SUCCESS               181141.000000 (95.54%) [5 edit(s)] [cached] 
2024-08-31 17:56:38,592	[DEBUG]	patch(8-8)="ParamSetting(('lpg.params', 'param', 'search_steps'), 727) | ParamSetting(('lpg.params', 'param', 'static_noise'), 'None') | ParamSetting(('lpg.params', 'param', 'search_steps'), 727) | ParamSetting(('lpg.params', 'param', 'static_noise'), 'None') | ParamSetting(('lpg.params', 'param', 'static_noise'), 'True')"
2024-08-31 17:57:02,298	[DEBUG]	EXEC>  SUCCESS 180972.0
2024-08-31 17:57:02,298	[INFO]	8-9     SUCCESS              *180972.000000 (95.46%) [5 edit(s)]  
2024-08-31 17:57:02,298	[DEBUG]	patch(8-9)="ParamSetting(('lpg.params', 'param', 'search_steps'), 727) | ParamSetting(('lpg.params', 'param', 'static_noise'), 'None') | ParamSetting(('lpg.params', 'param', 'static_noise'), 'None') | ParamSetting(('lpg.params', 'param', 'static_noise'), 'True') | ParamSetting(('lpg.params', 'param', 'repeats'), 18)"
--- before: lpg.params
+++ after: lpg.params
@@ -1,6 +1,6 @@
-search_steps := 500
+search_steps := 727
 restarts := 9
-repeats := 5
+repeats := 18
 noise := 0.1
-static_noise := 'None'
+static_noise := 'True'
 lowmemory := 'None'

2024-08-31 17:57:26,881	[DEBUG]	EXEC>  SUCCESS 184597.66666666666
2024-08-31 17:57:26,881	[INFO]	8-10    SUCCESS               184597.666667 (97.37%) [3 edit(s)]  
2024-08-31 17:57:26,881	[DEBUG]	patch(8-10)="ParamSetting(('lpg.params', 'param', 'search_steps'), 727) | ParamSetting(('lpg.params', 'param', 'repeats'), 1) | ParamSetting(('lpg.params', 'param', 'restarts'), 5)"
2024-08-31 17:57:26,882	[INFO]	REF     SUCCESS               189587.333333 (--) [0 edit(s)] [cached] 
2024-08-31 17:57:26,882	[INFO]	BEST    SUCCESS              *180972.000000 (95.46%) [0 edit(s)] [cached] 
2024-08-31 17:57:26,885	[INFO]	9-1     SUCCESS              +180972.000000 (95.46%) [5 edit(s)] [cached] 
2024-08-31 17:57:26,885	[DEBUG]	patch(9-1)="ParamSetting(('lpg.params', 'param', 'search_steps'), 727) | ParamSetting(('lpg.params', 'param', 'static_noise'), 'None') | ParamSetting(('lpg.params', 'param', 'static_noise'), 'None') | ParamSetting(('lpg.params', 'param', 'static_noise'), 'True') | ParamSetting(('lpg.params', 'param', 'repeats'), 18)"
2024-08-31 17:57:51,436	[DEBUG]	EXEC>  SUCCESS 184595.33333333334
2024-08-31 17:57:51,436	[INFO]	9-2     SUCCESS               184595.333333 (97.37%) [3 edit(s)]  
2024-08-31 17:57:51,437	[DEBUG]	patch(9-2)="ParamSetting(('lpg.params', 'param', 'repeats'), 18) | ParamSetting(('lpg.params', 'param', 'search_steps'), 804) | ParamSetting(('lpg.params', 'param', 'static_noise'), 'None')"
2024-08-31 17:58:15,975	[DEBUG]	EXEC>  SUCCESS 184596.0
2024-08-31 17:58:15,975	[INFO]	9-3     SUCCESS               184596.000000 (97.37%) [5 edit(s)]  
2024-08-31 17:58:15,975	[DEBUG]	patch(9-3)="ParamSetting(('lpg.params', 'param', 'search_steps'), 727) | ParamSetting(('lpg.params', 'param', 'search_steps'), 727) | ParamSetting(('lpg.params', 'param', 'static_noise'), 'None') | ParamSetting(('lpg.params', 'param', 'restarts'), 16) | ParamSetting(('lpg.params', 'param', 'search_steps'), 727)"
2024-08-31 17:58:15,976	[INFO]	9-4     SUCCESS               184769.666667 (97.46%) [8 edit(s)] [cached] 
2024-08-31 17:58:15,976	[DEBUG]	patch(9-4)="ParamSetting(('lpg.params', 'param', 'search_steps'), 727) | ParamSetting(('lpg.params', 'param', 'restarts'), 16) | ParamSetting(('lpg.params', 'param', 'repeats'), 1) | ParamSetting(('lpg.params', 'param', 'static_noise'), 'None') | ParamSetting(('lpg.params', 'param', 'search_steps'), 727) | ParamSetting(('lpg.params', 'param', 'static_noise'), 'None') | ParamSetting(('lpg.params', 'param', 'search_steps'), 727) | ParamSetting(('lpg.params', 'param', 'static_noise'), 'None')"
2024-08-31 17:58:15,976	[INFO]	9-5     SUCCESS               184597.000000 (97.37%) [5 edit(s)] [cached] 
2024-08-31 17:58:15,976	[DEBUG]	patch(9-5)="ParamSetting(('lpg.params', 'param', 'search_steps'), 727) | ParamSetting(('lpg.params', 'param', 'search_steps'), 727) | ParamSetting(('lpg.params', 'param', 'search_steps'), 727) | ParamSetting(('lpg.params', 'param', 'static_noise'), 'None') | ParamSetting(('lpg.params', 'param', 'static_noise'), 'None')"
2024-08-31 17:58:15,977	[INFO]	9-6     SUCCESS               184592.000000 (97.37%) [8 edit(s)] [cached] 
2024-08-31 17:58:15,977	[DEBUG]	patch(9-6)="ParamSetting(('lpg.params', 'param', 'search_steps'), 727) | ParamSetting(('lpg.params', 'param', 'static_noise'), 'None') | ParamSetting(('lpg.params', 'param', 'static_noise'), 'None') | ParamSetting(('lpg.params', 'param', 'static_noise'), 'True') | ParamSetting(('lpg.params', 'param', 'repeats'), 18) | ParamSetting(('lpg.params', 'param', 'repeats'), 1) | ParamSetting(('lpg.params', 'param', 'search_steps'), 727) | ParamSetting(('lpg.params', 'param', 'static_noise'), 'None')"
2024-08-31 17:58:38,626	[DEBUG]	EXEC>  SUCCESS 178817.33333333334
2024-08-31 17:58:38,627	[INFO]	9-7     SUCCESS              *178817.333333 (94.32%) [6 edit(s)]  
2024-08-31 17:58:38,627	[DEBUG]	patch(9-7)="ParamSetting(('lpg.params', 'param', 'search_steps'), 727) | ParamSetting(('lpg.params', 'param', 'static_noise'), 'None') | ParamSetting(('lpg.params', 'param', 'static_noise'), 'None') | ParamSetting(('lpg.params', 'param', 'static_noise'), 'True') | ParamSetting(('lpg.params', 'param', 'repeats'), 18) | ParamSetting(('lpg.params', 'param', 'lowmemory'), 'True')"
--- before: lpg.params
+++ after: lpg.params
@@ -1,6 +1,6 @@
-search_steps := 500
+search_steps := 727
 restarts := 9
-repeats := 5
+repeats := 18
 noise := 0.1
-static_noise := 'None'
-lowmemory := 'None'
+static_noise := 'True'
+lowmemory := 'True'

2024-08-31 17:58:38,628	[INFO]	9-8     SUCCESS               180972.333333 (95.46%) [6 edit(s)] [cached] 
2024-08-31 17:58:38,628	[DEBUG]	patch(9-8)="ParamSetting(('lpg.params', 'param', 'search_steps'), 727) | ParamSetting(('lpg.params', 'param', 'repeats'), 1) | ParamSetting(('lpg.params', 'param', 'search_steps'), 727) | ParamSetting(('lpg.params', 'param', 'static_noise'), 'None') | ParamSetting(('lpg.params', 'param', 'static_noise'), 'True') | ParamSetting(('lpg.params', 'param', 'repeats'), 1)"
2024-08-31 17:59:02,359	[DEBUG]	EXEC>  SUCCESS 181125.66666666666
2024-08-31 17:59:02,359	[INFO]	9-9     SUCCESS               181125.666667 (95.54%) [6 edit(s)]  
2024-08-31 17:59:02,359	[DEBUG]	patch(9-9)="ParamSetting(('lpg.params', 'param', 'search_steps'), 727) | ParamSetting(('lpg.params', 'param', 'static_noise'), 'None') | ParamSetting(('lpg.params', 'param', 'search_steps'), 727) | ParamSetting(('lpg.params', 'param', 'static_noise'), 'None') | ParamSetting(('lpg.params', 'param', 'static_noise'), 'True') | ParamSetting(('lpg.params', 'param', 'repeats'), 11)"
2024-08-31 17:59:02,360	[INFO]	9-10    SUCCESS               180972.333333 (95.46%) [3 edit(s)] [cached] 
2024-08-31 17:59:02,360	[DEBUG]	patch(9-10)="ParamSetting(('lpg.params', 'param', 'repeats'), 1) | ParamSetting(('lpg.params', 'param', 'search_steps'), 727) | ParamSetting(('lpg.params', 'param', 'static_noise'), 'True')"
2024-08-31 17:59:02,360	[INFO]	REF     SUCCESS               189587.333333 (--) [0 edit(s)] [cached] 
2024-08-31 17:59:02,361	[INFO]	BEST    SUCCESS              *178817.333333 (94.32%) [0 edit(s)] [cached] 
2024-08-31 17:59:02,365	[INFO]	10-1    SUCCESS              +178817.333333 (94.32%) [6 edit(s)] [cached] 
2024-08-31 17:59:02,365	[DEBUG]	patch(10-1)="ParamSetting(('lpg.params', 'param', 'search_steps'), 727) | ParamSetting(('lpg.params', 'param', 'static_noise'), 'None') | ParamSetting(('lpg.params', 'param', 'static_noise'), 'None') | ParamSetting(('lpg.params', 'param', 'static_noise'), 'True') | ParamSetting(('lpg.params', 'param', 'repeats'), 18) | ParamSetting(('lpg.params', 'param', 'lowmemory'), 'True')"
2024-08-31 17:59:25,987	[DEBUG]	EXEC>  SUCCESS 182445.66666666666
2024-08-31 17:59:25,988	[INFO]	10-2    SUCCESS               182445.666667 (96.23%) [8 edit(s)]  
2024-08-31 17:59:25,988	[DEBUG]	patch(10-2)="ParamSetting(('lpg.params', 'param', 'search_steps'), 727) | ParamSetting(('lpg.params', 'param', 'static_noise'), 'None') | ParamSetting(('lpg.params', 'param', 'static_noise'), 'None') | ParamSetting(('lpg.params', 'param', 'repeats'), 18) | ParamSetting(('lpg.params', 'param', 'lowmemory'), 'True') | ParamSetting(('lpg.params', 'param', 'repeats'), 1) | ParamSetting(('lpg.params', 'param', 'static_noise'), 'None') | ParamSetting(('lpg.params', 'param', 'repeats'), 1)"
2024-08-31 17:59:50,573	[DEBUG]	EXEC>  SUCCESS 184599.33333333334
2024-08-31 17:59:50,573	[INFO]	10-3    SUCCESS               184599.333333 (97.37%) [6 edit(s)]  
2024-08-31 17:59:50,573	[DEBUG]	patch(10-3)="ParamSetting(('lpg.params', 'param', 'static_noise'), 'None') | ParamSetting(('lpg.params', 'param', 'repeats'), 18) | ParamSetting(('lpg.params', 'param', 'search_steps'), 727) | ParamSetting(('lpg.params', 'param', 'search_steps'), 727) | ParamSetting(('lpg.params', 'param', 'search_steps'), 727) | ParamSetting(('lpg.params', 'param', 'static_noise'), 'None')"
2024-08-31 17:59:50,574	[INFO]	10-4    SUCCESS               184592.000000 (97.37%) [5 edit(s)] [cached] 
2024-08-31 17:59:50,574	[DEBUG]	patch(10-4)="ParamSetting(('lpg.params', 'param', 'repeats'), 1) | ParamSetting(('lpg.params', 'param', 'search_steps'), 727) | ParamSetting(('lpg.params', 'param', 'search_steps'), 727) | ParamSetting(('lpg.params', 'param', 'static_noise'), 'None') | ParamSetting(('lpg.params', 'param', 'search_steps'), 727)"
2024-08-31 17:59:50,575	[INFO]	10-5    SUCCESS               184592.000000 (97.37%) [5 edit(s)] [cached] 
2024-08-31 17:59:50,575	[DEBUG]	patch(10-5)="ParamSetting(('lpg.params', 'param', 'repeats'), 18) | ParamSetting(('lpg.params', 'param', 'static_noise'), 'None') | ParamSetting(('lpg.params', 'param', 'search_steps'), 727) | ParamSetting(('lpg.params', 'param', 'repeats'), 1) | ParamSetting(('lpg.params', 'param', 'repeats'), 1)"
2024-08-31 18:00:15,138	[DEBUG]	EXEC>  SUCCESS 184767.0
2024-08-31 18:00:15,139	[INFO]	10-6    SUCCESS               184767.000000 (97.46%) [4 edit(s)]  
2024-08-31 18:00:15,139	[DEBUG]	patch(10-6)="ParamSetting(('lpg.params', 'param', 'search_steps'), 727) | ParamSetting(('lpg.params', 'param', 'static_noise'), 'None') | ParamSetting(('lpg.params', 'param', 'static_noise'), 'None') | ParamSetting(('lpg.params', 'param', 'repeats'), 11)"
2024-08-31 18:00:15,139	[INFO]	10-7    SUCCESS               178817.333333 (94.32%) [5 edit(s)] [cached] 
2024-08-31 18:00:15,139	[DEBUG]	patch(10-7)="ParamSetting(('lpg.params', 'param', 'search_steps'), 727) | ParamSetting(('lpg.params', 'param', 'static_noise'), 'None') | ParamSetting(('lpg.params', 'param', 'static_noise'), 'True') | ParamSetting(('lpg.params', 'param', 'repeats'), 18) | ParamSetting(('lpg.params', 'param', 'lowmemory'), 'True')"
2024-08-31 18:00:38,806	[DEBUG]	EXEC>  SUCCESS 180963.33333333334
2024-08-31 18:00:38,806	[INFO]	10-8    SUCCESS               180963.333333 (95.45%) [6 edit(s)]  
2024-08-31 18:00:38,806	[DEBUG]	patch(10-8)="ParamSetting(('lpg.params', 'param', 'search_steps'), 727) | ParamSetting(('lpg.params', 'param', 'static_noise'), 'None') | ParamSetting(('lpg.params', 'param', 'static_noise'), 'None') | ParamSetting(('lpg.params', 'param', 'static_noise'), 'True') | ParamSetting(('lpg.params', 'param', 'repeats'), 18) | ParamSetting(('lpg.params', 'param', 'restarts'), 15)"
2024-08-31 18:01:02,383	[DEBUG]	EXEC>  SUCCESS 180961.33333333334
2024-08-31 18:01:02,383	[INFO]	10-9    SUCCESS               180961.333333 (95.45%) [4 edit(s)]  
2024-08-31 18:01:02,383	[DEBUG]	patch(10-9)="ParamSetting(('lpg.params', 'param', 'repeats'), 1) | ParamSetting(('lpg.params', 'param', 'search_steps'), 727) | ParamSetting(('lpg.params', 'param', 'static_noise'), 'True') | ParamSetting(('lpg.params', 'param', 'restarts'), 1)"
2024-08-31 18:01:02,384	[INFO]	10-10   SUCCESS               180972.333333 (95.46%) [7 edit(s)] [cached] 
2024-08-31 18:01:02,384	[DEBUG]	patch(10-10)="ParamSetting(('lpg.params', 'param', 'search_steps'), 727) | ParamSetting(('lpg.params', 'param', 'repeats'), 1) | ParamSetting(('lpg.params', 'param', 'search_steps'), 727) | ParamSetting(('lpg.params', 'param', 'static_noise'), 'None') | ParamSetting(('lpg.params', 'param', 'static_noise'), 'True') | ParamSetting(('lpg.params', 'param', 'repeats'), 1) | ParamSetting(('lpg.params', 'param', 'restarts'), 9)"
2024-08-31 18:01:02,384	[INFO]	REF     SUCCESS               189587.333333 (--) [0 edit(s)] [cached] 
2024-08-31 18:01:02,385	[INFO]	BEST    SUCCESS              *178817.333333 (94.32%) [0 edit(s)] [cached] 
2024-08-31 18:01:02,389	[INFO]	11-1    SUCCESS              +178817.333333 (94.32%) [5 edit(s)] [cached] 
2024-08-31 18:01:02,389	[DEBUG]	patch(11-1)="ParamSetting(('lpg.params', 'param', 'search_steps'), 727) | ParamSetting(('lpg.params', 'param', 'static_noise'), 'None') | ParamSetting(('lpg.params', 'param', 'static_noise'), 'True') | ParamSetting(('lpg.params', 'param', 'repeats'), 18) | ParamSetting(('lpg.params', 'param', 'lowmemory'), 'True')"
2024-08-31 18:01:37,533	[DEBUG]	EXEC>  SUCCESS 184425.33333333334
2024-08-31 18:01:37,533	[INFO]	11-2    SUCCESS               184425.333333 (97.28%) [4 edit(s)]  
2024-08-31 18:01:37,533	[DEBUG]	patch(11-2)="ParamSetting(('lpg.params', 'param', 'static_noise'), 'None') | ParamSetting(('lpg.params', 'param', 'repeats'), 1) | ParamSetting(('lpg.params', 'param', 'static_noise'), 'True') | ParamSetting(('lpg.params', 'param', 'lowmemory'), 'True')"
2024-08-31 18:02:12,634	[DEBUG]	EXEC>  SUCCESS 184762.0
2024-08-31 18:02:12,634	[INFO]	11-3    SUCCESS               184762.000000 (97.45%) [2 edit(s)]  
2024-08-31 18:02:12,634	[DEBUG]	patch(11-3)="ParamSetting(('lpg.params', 'param', 'static_noise'), 'True') | ParamSetting(('lpg.params', 'param', 'lowmemory'), 'True')"
2024-08-31 18:02:37,181	[DEBUG]	EXEC>  SUCCESS 184773.66666666666
2024-08-31 18:02:37,181	[INFO]	11-4    SUCCESS               184773.666667 (97.46%) [7 edit(s)]  
2024-08-31 18:02:37,181	[DEBUG]	patch(11-4)="ParamSetting(('lpg.params', 'param', 'repeats'), 1) | ParamSetting(('lpg.params', 'param', 'search_steps'), 727) | ParamSetting(('lpg.params', 'param', 'restarts'), 1) | ParamSetting(('lpg.params', 'param', 'repeats'), 18) | ParamSetting(('lpg.params', 'param', 'search_steps'), 727) | ParamSetting(('lpg.params', 'param', 'repeats'), 1) | ParamSetting(('lpg.params', 'param', 'repeats'), 1)"
2024-08-31 18:03:13,269	[DEBUG]	EXEC>  SUCCESS 186745.66666666666
2024-08-31 18:03:13,269	[INFO]	11-5    SUCCESS               186745.666667 (98.50%) [6 edit(s)]  
2024-08-31 18:03:13,269	[DEBUG]	patch(11-5)="ParamSetting(('lpg.params', 'param', 'static_noise'), 'None') | ParamSetting(('lpg.params', 'param', 'static_noise'), 'True') | ParamSetting(('lpg.params', 'param', 'static_noise'), 'None') | ParamSetting(('lpg.params', 'param', 'static_noise'), 'True') | ParamSetting(('lpg.params', 'param', 'repeats'), 18) | ParamSetting(('lpg.params', 'param', 'restarts'), 15)"
2024-08-31 18:03:13,270	[INFO]	11-6    SUCCESS               184592.000000 (97.37%) [3 edit(s)] [cached] 
2024-08-31 18:03:13,270	[DEBUG]	patch(11-6)="ParamSetting(('lpg.params', 'param', 'search_steps'), 727) | ParamSetting(('lpg.params', 'param', 'search_steps'), 727) | ParamSetting(('lpg.params', 'param', 'repeats'), 1)"
2024-08-31 18:03:13,270	[INFO]	11-7    SUCCESS               178817.333333 (94.32%) [4 edit(s)] [cached] 
2024-08-31 18:03:13,271	[DEBUG]	patch(11-7)="ParamSetting(('lpg.params', 'param', 'search_steps'), 727) | ParamSetting(('lpg.params', 'param', 'static_noise'), 'True') | ParamSetting(('lpg.params', 'param', 'repeats'), 18) | ParamSetting(('lpg.params', 'param', 'lowmemory'), 'True')"
2024-08-31 18:04:28,861	[DEBUG]	EXEC>  SUCCESS 196783.33333333334
2024-08-31 18:04:28,861	[INFO]	11-8    SUCCESS               196783.333333 (103.80%) [7 edit(s)]  
2024-08-31 18:04:28,861	[DEBUG]	patch(11-8)="ParamSetting(('lpg.params', 'param', 'search_steps'), 727) | ParamSetting(('lpg.params', 'param', 'static_noise'), 'None') | ParamSetting(('lpg.params', 'param', 'static_noise'), 'None') | ParamSetting(('lpg.params', 'param', 'static_noise'), 'True') | ParamSetting(('lpg.params', 'param', 'repeats'), 18) | ParamSetting(('lpg.params', 'param', 'lowmemory'), 'True') | ParamSetting(('lpg.params', 'param', 'search_steps'), 377)"
2024-08-31 18:04:28,862	[INFO]	11-9    SUCCESS               180961.333333 (95.45%) [5 edit(s)] [cached] 
2024-08-31 18:04:28,862	[DEBUG]	patch(11-9)="ParamSetting(('lpg.params', 'param', 'repeats'), 1) | ParamSetting(('lpg.params', 'param', 'search_steps'), 727) | ParamSetting(('lpg.params', 'param', 'static_noise'), 'True') | ParamSetting(('lpg.params', 'param', 'restarts'), 1) | ParamSetting(('lpg.params', 'param', 'static_noise'), 'True')"
2024-08-31 18:04:53,430	[DEBUG]	EXEC>  SUCCESS 184592.66666666666
2024-08-31 18:04:53,430	[INFO]	11-10   SUCCESS               184592.666667 (97.37%) [7 edit(s)]  
2024-08-31 18:04:53,430	[DEBUG]	patch(11-10)="ParamSetting(('lpg.params', 'param', 'search_steps'), 727) | ParamSetting(('lpg.params', 'param', 'static_noise'), 'None') | ParamSetting(('lpg.params', 'param', 'static_noise'), 'None') | ParamSetting(('lpg.params', 'param', 'static_noise'), 'True') | ParamSetting(('lpg.params', 'param', 'repeats'), 18) | ParamSetting(('lpg.params', 'param', 'restarts'), 15) | ParamSetting(('lpg.params', 'param', 'static_noise'), 'None')"
2024-08-31 18:04:53,431	[INFO]	REF     SUCCESS               189587.333333 (--) [0 edit(s)] [cached] 
2024-08-31 18:04:53,432	[INFO]	BEST    SUCCESS              *178817.333333 (94.32%) [0 edit(s)] [cached] 
2024-08-31 18:04:53,435	[INFO]	12-1    SUCCESS              +178817.333333 (94.32%) [5 edit(s)] [cached] 
2024-08-31 18:04:53,435	[DEBUG]	patch(12-1)="ParamSetting(('lpg.params', 'param', 'search_steps'), 727) | ParamSetting(('lpg.params', 'param', 'static_noise'), 'None') | ParamSetting(('lpg.params', 'param', 'static_noise'), 'True') | ParamSetting(('lpg.params', 'param', 'repeats'), 18) | ParamSetting(('lpg.params', 'param', 'lowmemory'), 'True')"
2024-08-31 18:05:16,204	[DEBUG]	EXEC>  SUCCESS 178639.66666666666
2024-08-31 18:05:16,204	[INFO]	12-2    SUCCESS              *178639.666667 (94.23%) [5 edit(s)]  
2024-08-31 18:05:16,204	[DEBUG]	patch(12-2)="ParamSetting(('lpg.params', 'param', 'search_steps'), 727) | ParamSetting(('lpg.params', 'param', 'repeats'), 1) | ParamSetting(('lpg.params', 'param', 'repeats'), 1) | ParamSetting(('lpg.params', 'param', 'static_noise'), 'True') | ParamSetting(('lpg.params', 'param', 'lowmemory'), 'True')"
--- before: lpg.params
+++ after: lpg.params
@@ -1,6 +1,6 @@
-search_steps := 500
+search_steps := 727
 restarts := 9
-repeats := 5
+repeats := 1
 noise := 0.1
-static_noise := 'None'
-lowmemory := 'None'
+static_noise := 'True'
+lowmemory := 'True'

2024-08-31 18:05:16,204	[INFO]	12-3    SUCCESS               184425.333333 (97.28%) [4 edit(s)] [cached] 
2024-08-31 18:05:16,205	[DEBUG]	patch(12-3)="ParamSetting(('lpg.params', 'param', 'repeats'), 18) | ParamSetting(('lpg.params', 'param', 'lowmemory'), 'True') | ParamSetting(('lpg.params', 'param', 'repeats'), 1) | ParamSetting(('lpg.params', 'param', 'static_noise'), 'True')"
2024-08-31 18:05:40,928	[DEBUG]	EXEC>  SUCCESS 184768.33333333334
2024-08-31 18:05:40,928	[INFO]	12-4    SUCCESS               184768.333333 (97.46%) [3 edit(s)]  
2024-08-31 18:05:40,928	[DEBUG]	patch(12-4)="ParamSetting(('lpg.params', 'param', 'search_steps'), 727) | ParamSetting(('lpg.params', 'param', 'restarts'), 1) | ParamSetting(('lpg.params', 'param', 'restarts'), 1)"
2024-08-31 18:05:40,929	[INFO]	12-5    SUCCESS               184592.000000 (97.37%) [5 edit(s)] [cached] 
2024-08-31 18:05:40,929	[DEBUG]	patch(12-5)="ParamSetting(('lpg.params', 'param', 'search_steps'), 727) | ParamSetting(('lpg.params', 'param', 'static_noise'), 'True') | ParamSetting(('lpg.params', 'param', 'repeats'), 18) | ParamSetting(('lpg.params', 'param', 'static_noise'), 'None') | ParamSetting(('lpg.params', 'param', 'repeats'), 1)"
2024-08-31 18:05:40,929	[INFO]	12-6    SUCCESS               184773.666667 (97.46%) [6 edit(s)] [cached] 
2024-08-31 18:05:40,929	[DEBUG]	patch(12-6)="ParamSetting(('lpg.params', 'param', 'repeats'), 1) | ParamSetting(('lpg.params', 'param', 'search_steps'), 727) | ParamSetting(('lpg.params', 'param', 'restarts'), 1) | ParamSetting(('lpg.params', 'param', 'repeats'), 18) | ParamSetting(('lpg.params', 'param', 'repeats'), 1) | ParamSetting(('lpg.params', 'param', 'search_steps'), 727)"
2024-08-31 18:05:40,930	[INFO]	12-7    SUCCESS               178817.333333 (94.32%) [6 edit(s)] [cached] 
2024-08-31 18:05:40,930	[DEBUG]	patch(12-7)="ParamSetting(('lpg.params', 'param', 'search_steps'), 727) | ParamSetting(('lpg.params', 'param', 'static_noise'), 'None') | ParamSetting(('lpg.params', 'param', 'static_noise'), 'True') | ParamSetting(('lpg.params', 'param', 'repeats'), 18) | ParamSetting(('lpg.params', 'param', 'lowmemory'), 'True') | ParamSetting(('lpg.params', 'param', 'lowmemory'), 'True')"
2024-08-31 18:06:04,552	[DEBUG]	EXEC>  SUCCESS 182443.33333333334
2024-08-31 18:06:04,553	[INFO]	12-8    SUCCESS               182443.333333 (96.23%) [3 edit(s)]  
2024-08-31 18:06:04,553	[DEBUG]	patch(12-8)="ParamSetting(('lpg.params', 'param', 'search_steps'), 727) | ParamSetting(('lpg.params', 'param', 'repeats'), 18) | ParamSetting(('lpg.params', 'param', 'lowmemory'), 'True')"
2024-08-31 18:06:37,669	[DEBUG]	EXEC>  TIMEOUT None
2024-08-31 18:06:37,669	[INFO]	12-9    RUN_TIMEOUT           None (--) [6 edit(s)]  
2024-08-31 18:06:37,669	[DEBUG]	patch(12-9)="ParamSetting(('lpg.params', 'param', 'repeats'), 1) | ParamSetting(('lpg.params', 'param', 'search_steps'), 727) | ParamSetting(('lpg.params', 'param', 'static_noise'), 'True') | ParamSetting(('lpg.params', 'param', 'restarts'), 1) | ParamSetting(('lpg.params', 'param', 'static_noise'), 'True') | ParamSetting(('lpg.params', 'param', 'noise'), 0.3243884516839135)"
2024-08-31 18:06:37,670	[INFO]	12-10   SUCCESS               184762.000000 (97.45%) [3 edit(s)] [cached] 
2024-08-31 18:06:37,670	[DEBUG]	patch(12-10)="ParamSetting(('lpg.params', 'param', 'static_noise'), 'None') | ParamSetting(('lpg.params', 'param', 'static_noise'), 'True') | ParamSetting(('lpg.params', 'param', 'lowmemory'), 'True')"
2024-08-31 18:06:37,670	[INFO]	REF     SUCCESS               189587.333333 (--) [0 edit(s)] [cached] 
2024-08-31 18:06:37,671	[INFO]	BEST    SUCCESS              *178639.666667 (94.23%) [0 edit(s)] [cached] 
2024-08-31 18:06:37,674	[INFO]	13-1    SUCCESS              +178639.666667 (94.23%) [5 edit(s)] [cached] 
2024-08-31 18:06:37,674	[DEBUG]	patch(13-1)="ParamSetting(('lpg.params', 'param', 'search_steps'), 727) | ParamSetting(('lpg.params', 'param', 'repeats'), 1) | ParamSetting(('lpg.params', 'param', 'repeats'), 1) | ParamSetting(('lpg.params', 'param', 'static_noise'), 'True') | ParamSetting(('lpg.params', 'param', 'lowmemory'), 'True')"
2024-08-31 18:06:37,674	[INFO]	13-2    SUCCESS               189418.666667 (99.91%) [1 edit(s)] [cached] 
2024-08-31 18:06:37,674	[DEBUG]	patch(13-2)="ParamSetting(('lpg.params', 'param', 'repeats'), 1)"
2024-08-31 18:06:37,675	[INFO]	13-3    SUCCESS               178817.333333 (94.32%) [7 edit(s)] [cached] 
2024-08-31 18:06:37,675	[DEBUG]	patch(13-3)="ParamSetting(('lpg.params', 'param', 'repeats'), 18) | ParamSetting(('lpg.params', 'param', 'lowmemory'), 'True') | ParamSetting(('lpg.params', 'param', 'search_steps'), 727) | ParamSetting(('lpg.params', 'param', 'static_noise'), 'None') | ParamSetting(('lpg.params', 'param', 'static_noise'), 'True') | ParamSetting(('lpg.params', 'param', 'lowmemory'), 'True') | ParamSetting(('lpg.params', 'param', 'lowmemory'), 'True')"
2024-08-31 18:06:37,676	[INFO]	13-4    SUCCESS               182443.333333 (96.23%) [4 edit(s)] [cached] 
2024-08-31 18:06:37,676	[DEBUG]	patch(13-4)="ParamSetting(('lpg.params', 'param', 'static_noise'), 'None') | ParamSetting(('lpg.params', 'param', 'repeats'), 18) | ParamSetting(('lpg.params', 'param', 'search_steps'), 727) | ParamSetting(('lpg.params', 'param', 'lowmemory'), 'True')"
2024-08-31 18:07:14,132	[DEBUG]	EXEC>  SUCCESS 189741.0
2024-08-31 18:07:14,132	[INFO]	13-5    SUCCESS               189741.000000 (100.08%) [1 edit(s)]  
2024-08-31 18:07:14,132	[DEBUG]	patch(13-5)="ParamSetting(('lpg.params', 'param', 'repeats'), 18)"
2024-08-31 18:07:14,133	[INFO]	13-6    SUCCESS               180972.333333 (95.46%) [4 edit(s)] [cached] 
2024-08-31 18:07:14,133	[DEBUG]	patch(13-6)="ParamSetting(('lpg.params', 'param', 'search_steps'), 727) | ParamSetting(('lpg.params', 'param', 'repeats'), 1) | ParamSetting(('lpg.params', 'param', 'static_noise'), 'True') | ParamSetting(('lpg.params', 'param', 'repeats'), 1)"
2024-08-31 18:07:14,133	[INFO]	13-7    SUCCESS               180972.333333 (95.46%) [6 edit(s)] [cached] 
2024-08-31 18:07:14,133	[DEBUG]	patch(13-7)="ParamSetting(('lpg.params', 'param', 'search_steps'), 727) | ParamSetting(('lpg.params', 'param', 'repeats'), 1) | ParamSetting(('lpg.params', 'param', 'repeats'), 1) | ParamSetting(('lpg.params', 'param', 'static_noise'), 'True') | ParamSetting(('lpg.params', 'param', 'lowmemory'), 'True') | ParamSetting(('lpg.params', 'param', 'lowmemory'), 'None')"
2024-08-31 18:07:37,722	[DEBUG]	EXEC>  SUCCESS 183819.33333333334
2024-08-31 18:07:37,722	[INFO]	13-8    SUCCESS               183819.333333 (96.96%) [7 edit(s)]  
2024-08-31 18:07:37,722	[DEBUG]	patch(13-8)="ParamSetting(('lpg.params', 'param', 'search_steps'), 727) | ParamSetting(('lpg.params', 'param', 'static_noise'), 'None') | ParamSetting(('lpg.params', 'param', 'static_noise'), 'True') | ParamSetting(('lpg.params', 'param', 'repeats'), 18) | ParamSetting(('lpg.params', 'param', 'lowmemory'), 'True') | ParamSetting(('lpg.params', 'param', 'lowmemory'), 'True') | ParamSetting(('lpg.params', 'param', 'noise'), 0.09950157251749214)"
2024-08-31 18:08:12,768	[DEBUG]	EXEC>  SUCCESS 184423.33333333334
2024-08-31 18:08:12,768	[INFO]	13-9    SUCCESS               184423.333333 (97.28%) [4 edit(s)]  
2024-08-31 18:08:12,768	[DEBUG]	patch(13-9)="ParamSetting(('lpg.params', 'param', 'static_noise'), 'None') | ParamSetting(('lpg.params', 'param', 'static_noise'), 'True') | ParamSetting(('lpg.params', 'param', 'repeats'), 18) | ParamSetting(('lpg.params', 'param', 'lowmemory'), 'True')"
2024-08-31 18:08:36,448	[DEBUG]	EXEC>  SUCCESS 182447.33333333334
2024-08-31 18:08:36,448	[INFO]	13-10   SUCCESS               182447.333333 (96.23%) [4 edit(s)]  
2024-08-31 18:08:36,448	[DEBUG]	patch(13-10)="ParamSetting(('lpg.params', 'param', 'search_steps'), 727) | ParamSetting(('lpg.params', 'param', 'repeats'), 18) | ParamSetting(('lpg.params', 'param', 'lowmemory'), 'True') | ParamSetting(('lpg.params', 'param', 'restarts'), 1)"
2024-08-31 18:08:36,449	[INFO]	REF     SUCCESS               189587.333333 (--) [0 edit(s)] [cached] 
2024-08-31 18:08:36,449	[INFO]	BEST    SUCCESS              *178639.666667 (94.23%) [0 edit(s)] [cached] 
2024-08-31 18:08:36,452	[INFO]	14-1    SUCCESS              +178639.666667 (94.23%) [5 edit(s)] [cached] 
2024-08-31 18:08:36,452	[DEBUG]	patch(14-1)="ParamSetting(('lpg.params', 'param', 'search_steps'), 727) | ParamSetting(('lpg.params', 'param', 'repeats'), 1) | ParamSetting(('lpg.params', 'param', 'repeats'), 1) | ParamSetting(('lpg.params', 'param', 'static_noise'), 'True') | ParamSetting(('lpg.params', 'param', 'lowmemory'), 'True')"
2024-08-31 18:08:36,453	[INFO]	14-2    SUCCESS               182445.666667 (96.23%) [7 edit(s)] [cached] 
2024-08-31 18:08:36,453	[DEBUG]	patch(14-2)="ParamSetting(('lpg.params', 'param', 'search_steps'), 727) | ParamSetting(('lpg.params', 'param', 'static_noise'), 'None') | ParamSetting(('lpg.params', 'param', 'repeats'), 18) | ParamSetting(('lpg.params', 'param', 'lowmemory'), 'True') | ParamSetting(('lpg.params', 'param', 'search_steps'), 727) | ParamSetting(('lpg.params', 'param', 'repeats'), 1) | ParamSetting(('lpg.params', 'param', 'lowmemory'), 'True')"
2024-08-31 18:08:36,453	[INFO]	14-3    SUCCESS               184423.333333 (97.28%) [6 edit(s)] [cached] 
2024-08-31 18:08:36,453	[DEBUG]	patch(14-3)="ParamSetting(('lpg.params', 'param', 'repeats'), 18) | ParamSetting(('lpg.params', 'param', 'lowmemory'), 'True') | ParamSetting(('lpg.params', 'param', 'lowmemory'), 'True') | ParamSetting(('lpg.params', 'param', 'static_noise'), 'True') | ParamSetting(('lpg.params', 'param', 'repeats'), 18) | ParamSetting(('lpg.params', 'param', 'lowmemory'), 'True')"
2024-08-31 18:08:36,454	[INFO]	14-4    SUCCESS               182443.333333 (96.23%) [5 edit(s)] [cached] 
2024-08-31 18:08:36,454	[DEBUG]	patch(14-4)="ParamSetting(('lpg.params', 'param', 'search_steps'), 727) | ParamSetting(('lpg.params', 'param', 'repeats'), 1) | ParamSetting(('lpg.params', 'param', 'repeats'), 1) | ParamSetting(('lpg.params', 'param', 'repeats'), 18) | ParamSetting(('lpg.params', 'param', 'lowmemory'), 'True')"
2024-08-31 18:08:36,454	[INFO]	14-5    SUCCESS               184597.000000 (97.37%) [2 edit(s)] [cached] 
2024-08-31 18:08:36,455	[DEBUG]	patch(14-5)="ParamSetting(('lpg.params', 'param', 'search_steps'), 727) | ParamSetting(('lpg.params', 'param', 'static_noise'), 'None')"
2024-08-31 18:09:11,853	[DEBUG]	EXEC>  SUCCESS 187086.0
2024-08-31 18:09:11,853	[INFO]	14-6    SUCCESS               187086.000000 (98.68%) [3 edit(s)]  
2024-08-31 18:09:11,853	[DEBUG]	patch(14-6)="ParamSetting(('lpg.params', 'param', 'static_noise'), 'None') | ParamSetting(('lpg.params', 'param', 'repeats'), 18) | ParamSetting(('lpg.params', 'param', 'lowmemory'), 'True')"
2024-08-31 18:09:11,854	[INFO]	14-7    SUCCESS               182445.666667 (96.23%) [4 edit(s)] [cached] 
2024-08-31 18:09:11,854	[DEBUG]	patch(14-7)="ParamSetting(('lpg.params', 'param', 'search_steps'), 727) | ParamSetting(('lpg.params', 'param', 'repeats'), 1) | ParamSetting(('lpg.params', 'param', 'repeats'), 1) | ParamSetting(('lpg.params', 'param', 'lowmemory'), 'True')"
2024-08-31 18:09:53,697	[DEBUG]	EXEC>  TIMEOUT None
2024-08-31 18:09:53,697	[INFO]	14-8    RUN_TIMEOUT           None (--) [8 edit(s)]  
2024-08-31 18:09:53,697	[DEBUG]	patch(14-8)="ParamSetting(('lpg.params', 'param', 'repeats'), 18) | ParamSetting(('lpg.params', 'param', 'lowmemory'), 'True') | ParamSetting(('lpg.params', 'param', 'search_steps'), 727) | ParamSetting(('lpg.params', 'param', 'static_noise'), 'None') | ParamSetting(('lpg.params', 'param', 'static_noise'), 'True') | ParamSetting(('lpg.params', 'param', 'lowmemory'), 'True') | ParamSetting(('lpg.params', 'param', 'lowmemory'), 'True') | ParamSetting(('lpg.params', 'param', 'search_steps'), 168)"
2024-08-31 18:09:53,697	[INFO]	~~~~ END ~~~~
2024-08-31 18:09:53,698	[INFO]	
2024-08-31 18:09:53,698	[INFO]	==== REPORT ====
2024-08-31 18:09:53,698	[INFO]	Termination: time budget
2024-08-31 18:09:53,698	[INFO]	Retries: 3
2024-08-31 18:09:53,698	[INFO]	Log file: /home/dbouras/magpie/_magpie_logs/lpg_1725122258.log
2024-08-31 18:09:53,698	[INFO]	Patch file: _magpie_logs/lpg_1725122258.patch
2024-08-31 18:09:53,698	[INFO]	Diff file: _magpie_logs/lpg_1725122258.diff
2024-08-31 18:09:53,698	[INFO]	Reference fitness: 189587.333333
2024-08-31 18:09:53,698	[INFO]	Best fitness: 178639.666667
2024-08-31 18:09:53,698	[INFO]	
2024-08-31 18:09:53,699	[INFO]	==== BEST PATCH ====
ParamSetting(('lpg.params', 'param', 'search_steps'), 727) | ParamSetting(('lpg.params', 'param', 'repeats'), 1) | ParamSetting(('lpg.params', 'param', 'repeats'), 1) | ParamSetting(('lpg.params', 'param', 'static_noise'), 'True') | ParamSetting(('lpg.params', 'param', 'lowmemory'), 'True')
2024-08-31 18:09:53,699	[INFO]	
2024-08-31 18:09:53,699	[INFO]	==== DIFF ====
[1m--- before: lpg.params[0m
[1m+++ after: lpg.params[0m
[36m@@ -1,6 +1,6 @@[0m
[31m-search_steps := 500[0m
[32m+search_steps := 727[0m
 restarts := 9
[31m-repeats := 5[0m
[32m+repeats := 1[0m
 noise := 0.1
[31m-static_noise := 'None'[0m
[31m-lowmemory := 'None'[0m
[32m+static_noise := 'True'[0m
[32m+lowmemory := 'True'[0m

