2024-07-21 10:34:26,811	[DEBUG]	==== CONFIG ====
[magpie]
import = 
seed = 45
log_dir = _magpie_logs
work_dir = _magpie_work
local_original_copy = True
local_original_name = __original__
output_encoding = ascii
edit_retries = 10
default_timeout = 30
default_lengthout = 1e6
diff_method = unified
trust_local_filesystem = True

[magpie.log]
color_output = True
format_info = {counter:<7} {status:<20} {best}{fitness} ({ratio}) [{size}] {cached} {log}
format_debug = patch({counter})="{patch}"{diffifbest}
format_fitness = {:.6f}
format_ratio = {:.2%%}
format_patchif = 
	 --> {patch}
format_diffif = 
	{diff}

[software]
path = examples/sat4j
target_files = org.sat4j.core/src/main/java/org/sat4j/minisat/core/Solver.java.xml
software = BasicSoftware
model_rules = 
	*.params : ParamFileConfigModel
	*.xml : SrcmlModel
	* : LineModel
model_config = 
	*.params : [paramconfig]
	*.xml : [srcml]
init_cmd = 
init_timeout = 60
init_lengthout = -1
setup_cmd = ant sat
setup_timeout = 
setup_lengthout = 
compile_cmd = ant sat
compile_timeout = 
compile_lengthout = 
test_cmd = bash test.sh
test_timeout = 
test_lengthout = 
run_cmd = perf stat -e L1-dcache-loads bash run_fixed.sh
run_timeout = 
run_lengthout = 
retries = 5
batch_timeout = 
batch_lengthout = 
batch_bin_fitness_strategy = aggregate
batch_fitness_strategy = sum
fitness = perf_L1_dcache_loads

[srcml]
rename = 
	stmt: break continue decl_stmt do expr_stmt for goto if return switch while
	number: literal_number
focus = block stmt operator_comp operator_arith number
internodes = block
process_pseudo_blocks = True
process_literals = True
process_operators = True

[paramconfig]
timing = test run
cli_prefix = --
cli_glue = =
cli_boolean = show
cli_boolean_prefix_true = 
cli_boolean_prefix_false = no-
cli_none = hide
silent_prefix = @
silent_suffix = $

[search]
protocol = BasicProtocol
algorithm = FirstImprovement
possible_edits = 
	SrcmlStmtReplacement
	SrcmlStmtInsertion
	SrcmlStmtDeletion
warmup = 3
warmup_strategy = last
max_steps = 10000
max_time = 1800
target_fitness = 
cache_maxsize = 100
cache_keep = 0.2
batch_instances = 
batch_shuffle = True
batch_bin_shuffle = False
batch_sample_size = 1

[search.ls]
delete_prob = 0.5
max_neighbours = 
when_trapped = continue
accept_fail = False
tabu_length = 10

[search.gp]
pop_size = 10
delete_prob = 0.5
offspring_elitism = 0.1
offspring_crossover = 0.5
offspring_mutation = 0.4
uniform_rate = 0.5
batch_reset = True

[search.minify]
do_cleanup = True
do_rebuild = True
do_simplify = True
round_robin_limit = 3


2024-07-21 10:34:26,811	[DEBUG]	
2024-07-21 10:34:26,811	[INFO]	==== SEARCH: FirstImprovement ====
2024-07-21 10:34:26,811	[INFO]	~~~~ WARMUP ~~~~
2024-07-21 10:35:39,479	[DEBUG]	EXEC>  SUCCESS 23371944685.0
2024-07-21 10:35:39,479	[INFO]	WARM    SUCCESS               23371944685.000000 (--) [0 edit(s)]  
2024-07-21 10:36:41,966	[DEBUG]	EXEC>  SUCCESS 23423110283.2
2024-07-21 10:36:41,967	[INFO]	WARM    SUCCESS               23423110283.200001 (--) [0 edit(s)]  
2024-07-21 10:37:43,828	[DEBUG]	EXEC>  SUCCESS 23512448790.8
2024-07-21 10:37:43,829	[INFO]	WARM    SUCCESS               23512448790.799999 (--) [0 edit(s)]  
2024-07-21 10:37:43,829	[INFO]	REF     SUCCESS               23512448790.799999 (--) [0 edit(s)]  
2024-07-21 10:37:43,829	[INFO]	
2024-07-21 10:37:43,829	[INFO]	~~~~ START ~~~~
2024-07-21 10:37:48,612	[INFO]	1       COMPILE_CODE_ERROR    None (--) [1 edit(s)]  
2024-07-21 10:37:48,612	[DEBUG]	patch(1)="SrcmlStmtInsertion(('org.sat4j.core/src/main/java/org/sat4j/minisat/core/Solver.java.xml', '_inter_block', 527), ('org.sat4j.core/src/main/java/org/sat4j/minisat/core/Solver.java.xml', 'stmt', 310))"
2024-07-21 10:37:50,532	[INFO]	2       COMPILE_CODE_ERROR    None (--) [1 edit(s)]  
2024-07-21 10:37:50,533	[DEBUG]	patch(2)="SrcmlStmtInsertion(('org.sat4j.core/src/main/java/org/sat4j/minisat/core/Solver.java.xml', '_inter_block', 991), ('org.sat4j.core/src/main/java/org/sat4j/minisat/core/Solver.java.xml', 'stmt', 117))"
2024-07-21 10:37:54,922	[INFO]	3       COMPILE_CODE_ERROR    None (--) [1 edit(s)]  
2024-07-21 10:37:54,923	[DEBUG]	patch(3)="SrcmlStmtInsertion(('org.sat4j.core/src/main/java/org/sat4j/minisat/core/Solver.java.xml', '_inter_block', 1522), ('org.sat4j.core/src/main/java/org/sat4j/minisat/core/Solver.java.xml', 'stmt', 920))"
2024-07-21 10:37:59,536	[INFO]	4       COMPILE_CODE_ERROR    None (--) [1 edit(s)]  
2024-07-21 10:37:59,536	[DEBUG]	patch(4)="SrcmlStmtDeletion(('org.sat4j.core/src/main/java/org/sat4j/minisat/core/Solver.java.xml', 'stmt', 138))"
2024-07-21 10:39:01,309	[DEBUG]	EXEC>  SUCCESS 23267794960.4
2024-07-21 10:39:01,309	[INFO]	5       SUCCESS              *23267794960.400002 (98.96%) [1 edit(s)]  
2024-07-21 10:39:01,309	[DEBUG]	patch(5)="SrcmlStmtInsertion(('org.sat4j.core/src/main/java/org/sat4j/minisat/core/Solver.java.xml', '_inter_block', 1557), ('org.sat4j.core/src/main/java/org/sat4j/minisat/core/Solver.java.xml', 'stmt', 76))"
--- before: org.sat4j.core/src/main/java/org/sat4j/minisat/core/Solver.java
+++ after: org.sat4j.core/src/main/java/org/sat4j/minisat/core/Solver.java
@@ -2479,6 +2479,7 @@
 
     public void setKeepSolverHot(boolean keepHot) {
         this.keepHot = keepHot;
+        this.timeBasedTimeout = false;
     }
 
     private final Comparator<Integer> trailComparator() {

2024-07-21 10:39:05,938	[INFO]	6       COMPILE_CODE_ERROR    None (--) [2 edit(s)]  
2024-07-21 10:39:05,938	[DEBUG]	patch(6)="SrcmlStmtInsertion(('org.sat4j.core/src/main/java/org/sat4j/minisat/core/Solver.java.xml', '_inter_block', 1557), ('org.sat4j.core/src/main/java/org/sat4j/minisat/core/Solver.java.xml', 'stmt', 76)) | SrcmlStmtReplacement(('org.sat4j.core/src/main/java/org/sat4j/minisat/core/Solver.java.xml', 'stmt', 176), ('org.sat4j.core/src/main/java/org/sat4j/minisat/core/Solver.java.xml', 'stmt', 257))"
2024-07-21 10:39:05,947	[INFO]	7       SUCCESS               23512448790.799999 (100.00%) [0 edit(s)] [cached] 
2024-07-21 10:39:05,947	[DEBUG]	patch(7)=""
2024-07-21 10:39:10,843	[INFO]	8       COMPILE_CODE_ERROR    None (--) [2 edit(s)]  
2024-07-21 10:39:10,843	[DEBUG]	patch(8)="SrcmlStmtInsertion(('org.sat4j.core/src/main/java/org/sat4j/minisat/core/Solver.java.xml', '_inter_block', 1557), ('org.sat4j.core/src/main/java/org/sat4j/minisat/core/Solver.java.xml', 'stmt', 76)) | SrcmlStmtDeletion(('org.sat4j.core/src/main/java/org/sat4j/minisat/core/Solver.java.xml', 'stmt', 607))"
2024-07-21 10:39:15,769	[INFO]	9       COMPILE_CODE_ERROR    None (--) [2 edit(s)]  
2024-07-21 10:39:15,769	[DEBUG]	patch(9)="SrcmlStmtInsertion(('org.sat4j.core/src/main/java/org/sat4j/minisat/core/Solver.java.xml', '_inter_block', 1557), ('org.sat4j.core/src/main/java/org/sat4j/minisat/core/Solver.java.xml', 'stmt', 76)) | SrcmlStmtInsertion(('org.sat4j.core/src/main/java/org/sat4j/minisat/core/Solver.java.xml', '_inter_block', 719), ('org.sat4j.core/src/main/java/org/sat4j/minisat/core/Solver.java.xml', 'stmt', 641))"
2024-07-21 10:39:20,495	[INFO]	10      COMPILE_CODE_ERROR    None (--) [2 edit(s)]  
2024-07-21 10:39:20,496	[DEBUG]	patch(10)="SrcmlStmtInsertion(('org.sat4j.core/src/main/java/org/sat4j/minisat/core/Solver.java.xml', '_inter_block', 1557), ('org.sat4j.core/src/main/java/org/sat4j/minisat/core/Solver.java.xml', 'stmt', 76)) | SrcmlStmtReplacement(('org.sat4j.core/src/main/java/org/sat4j/minisat/core/Solver.java.xml', 'stmt', 300), ('org.sat4j.core/src/main/java/org/sat4j/minisat/core/Solver.java.xml', 'stmt', 424))"
2024-07-21 10:40:21,622	[DEBUG]	EXEC>  SUCCESS 23195819024.0
2024-07-21 10:40:21,623	[INFO]	11      SUCCESS              *23195819024.000000 (98.65%) [2 edit(s)]  
2024-07-21 10:40:21,623	[DEBUG]	patch(11)="SrcmlStmtInsertion(('org.sat4j.core/src/main/java/org/sat4j/minisat/core/Solver.java.xml', '_inter_block', 1557), ('org.sat4j.core/src/main/java/org/sat4j/minisat/core/Solver.java.xml', 'stmt', 76)) | SrcmlStmtDeletion(('org.sat4j.core/src/main/java/org/sat4j/minisat/core/Solver.java.xml', 'stmt', 63))"
--- before: org.sat4j.core/src/main/java/org/sat4j/minisat/core/Solver.java
+++ after: org.sat4j.core/src/main/java/org/sat4j/minisat/core/Solver.java
@@ -285,7 +285,7 @@
     public <S extends ISolverService> void setSearchListener(
             SearchListener<S> sl) {
         this.slistener = sl;
-        this.slistener.init(this);
+        
     }
 
     /*
@@ -2479,6 +2479,7 @@
 
     public void setKeepSolverHot(boolean keepHot) {
         this.keepHot = keepHot;
+        this.timeBasedTimeout = false;
     }
 
     private final Comparator<Integer> trailComparator() {

2024-07-21 10:40:26,286	[INFO]	12      COMPILE_CODE_ERROR    None (--) [3 edit(s)]  
2024-07-21 10:40:26,287	[DEBUG]	patch(12)="SrcmlStmtInsertion(('org.sat4j.core/src/main/java/org/sat4j/minisat/core/Solver.java.xml', '_inter_block', 1557), ('org.sat4j.core/src/main/java/org/sat4j/minisat/core/Solver.java.xml', 'stmt', 76)) | SrcmlStmtDeletion(('org.sat4j.core/src/main/java/org/sat4j/minisat/core/Solver.java.xml', 'stmt', 63)) | SrcmlStmtDeletion(('org.sat4j.core/src/main/java/org/sat4j/minisat/core/Solver.java.xml', 'stmt', 639))"
2024-07-21 10:41:27,783	[DEBUG]	EXEC>  SUCCESS 23245831090.8
2024-07-21 10:41:27,783	[INFO]	13      SUCCESS               23245831090.799999 (98.87%) [3 edit(s)]  
2024-07-21 10:41:27,783	[DEBUG]	patch(13)="SrcmlStmtInsertion(('org.sat4j.core/src/main/java/org/sat4j/minisat/core/Solver.java.xml', '_inter_block', 1557), ('org.sat4j.core/src/main/java/org/sat4j/minisat/core/Solver.java.xml', 'stmt', 76)) | SrcmlStmtDeletion(('org.sat4j.core/src/main/java/org/sat4j/minisat/core/Solver.java.xml', 'stmt', 63)) | SrcmlStmtDeletion(('org.sat4j.core/src/main/java/org/sat4j/minisat/core/Solver.java.xml', 'stmt', 325))"
2024-07-21 10:42:28,879	[DEBUG]	EXEC>  SUCCESS 22877693813.2
2024-07-21 10:42:28,879	[INFO]	14      SUCCESS              *22877693813.200001 (97.30%) [1 edit(s)]  
2024-07-21 10:42:28,879	[DEBUG]	patch(14)="SrcmlStmtDeletion(('org.sat4j.core/src/main/java/org/sat4j/minisat/core/Solver.java.xml', 'stmt', 63))"
--- before: org.sat4j.core/src/main/java/org/sat4j/minisat/core/Solver.java
+++ after: org.sat4j.core/src/main/java/org/sat4j/minisat/core/Solver.java
@@ -285,7 +285,7 @@
     public <S extends ISolverService> void setSearchListener(
             SearchListener<S> sl) {
         this.slistener = sl;
-        this.slistener.init(this);
+        
     }
 
     /*

2024-07-21 10:42:28,889	[INFO]	15      SUCCESS               23512448790.799999 (100.00%) [0 edit(s)] [cached] 
2024-07-21 10:42:28,890	[DEBUG]	patch(15)=""
2024-07-21 10:42:30,773	[INFO]	16      COMPILE_CODE_ERROR    None (--) [2 edit(s)]  
2024-07-21 10:42:30,773	[DEBUG]	patch(16)="SrcmlStmtDeletion(('org.sat4j.core/src/main/java/org/sat4j/minisat/core/Solver.java.xml', 'stmt', 63)) | SrcmlStmtInsertion(('org.sat4j.core/src/main/java/org/sat4j/minisat/core/Solver.java.xml', '_inter_block', 674), ('org.sat4j.core/src/main/java/org/sat4j/minisat/core/Solver.java.xml', 'stmt', 994))"
2024-07-21 10:43:31,621	[DEBUG]	EXEC>  SUCCESS 22942551987.0
2024-07-21 10:43:31,621	[INFO]	17      SUCCESS               22942551987.000000 (97.58%) [2 edit(s)]  
2024-07-21 10:43:31,621	[DEBUG]	patch(17)="SrcmlStmtDeletion(('org.sat4j.core/src/main/java/org/sat4j/minisat/core/Solver.java.xml', 'stmt', 63)) | SrcmlStmtDeletion(('org.sat4j.core/src/main/java/org/sat4j/minisat/core/Solver.java.xml', 'stmt', 864))"
2024-07-21 10:43:36,092	[INFO]	18      COMPILE_CODE_ERROR    None (--) [2 edit(s)]  
2024-07-21 10:43:36,093	[DEBUG]	patch(18)="SrcmlStmtDeletion(('org.sat4j.core/src/main/java/org/sat4j/minisat/core/Solver.java.xml', 'stmt', 63)) | SrcmlStmtReplacement(('org.sat4j.core/src/main/java/org/sat4j/minisat/core/Solver.java.xml', 'stmt', 709), ('org.sat4j.core/src/main/java/org/sat4j/minisat/core/Solver.java.xml', 'stmt', 1001))"
2024-07-21 10:43:40,518	[INFO]	19      COMPILE_CODE_ERROR    None (--) [2 edit(s)]  
2024-07-21 10:43:40,518	[DEBUG]	patch(19)="SrcmlStmtDeletion(('org.sat4j.core/src/main/java/org/sat4j/minisat/core/Solver.java.xml', 'stmt', 63)) | SrcmlStmtInsertion(('org.sat4j.core/src/main/java/org/sat4j/minisat/core/Solver.java.xml', '_inter_block', 1569), ('org.sat4j.core/src/main/java/org/sat4j/minisat/core/Solver.java.xml', 'stmt', 905))"
2024-07-21 10:43:44,823	[INFO]	20      COMPILE_CODE_ERROR    None (--) [2 edit(s)]  
2024-07-21 10:43:44,823	[DEBUG]	patch(20)="SrcmlStmtDeletion(('org.sat4j.core/src/main/java/org/sat4j/minisat/core/Solver.java.xml', 'stmt', 63)) | SrcmlStmtInsertion(('org.sat4j.core/src/main/java/org/sat4j/minisat/core/Solver.java.xml', '_inter_block', 1209), ('org.sat4j.core/src/main/java/org/sat4j/minisat/core/Solver.java.xml', 'stmt', 888))"
2024-07-21 10:43:48,776	[INFO]	21      COMPILE_CODE_ERROR    None (--) [2 edit(s)]  
2024-07-21 10:43:48,776	[DEBUG]	patch(21)="SrcmlStmtDeletion(('org.sat4j.core/src/main/java/org/sat4j/minisat/core/Solver.java.xml', 'stmt', 63)) | SrcmlStmtInsertion(('org.sat4j.core/src/main/java/org/sat4j/minisat/core/Solver.java.xml', '_inter_block', 1176), ('org.sat4j.core/src/main/java/org/sat4j/minisat/core/Solver.java.xml', 'stmt', 916))"
2024-07-21 10:43:53,445	[INFO]	22      COMPILE_CODE_ERROR    None (--) [2 edit(s)]  
2024-07-21 10:43:53,445	[DEBUG]	patch(22)="SrcmlStmtDeletion(('org.sat4j.core/src/main/java/org/sat4j/minisat/core/Solver.java.xml', 'stmt', 63)) | SrcmlStmtInsertion(('org.sat4j.core/src/main/java/org/sat4j/minisat/core/Solver.java.xml', '_inter_block', 1077), ('org.sat4j.core/src/main/java/org/sat4j/minisat/core/Solver.java.xml', 'stmt', 607))"
2024-07-21 10:43:57,945	[INFO]	23      COMPILE_CODE_ERROR    None (--) [2 edit(s)]  
2024-07-21 10:43:57,945	[DEBUG]	patch(23)="SrcmlStmtDeletion(('org.sat4j.core/src/main/java/org/sat4j/minisat/core/Solver.java.xml', 'stmt', 63)) | SrcmlStmtInsertion(('org.sat4j.core/src/main/java/org/sat4j/minisat/core/Solver.java.xml', '_inter_block', 789), ('org.sat4j.core/src/main/java/org/sat4j/minisat/core/Solver.java.xml', 'stmt', 852))"
2024-07-21 10:44:02,262	[INFO]	24      COMPILE_CODE_ERROR    None (--) [2 edit(s)]  
2024-07-21 10:44:02,262	[DEBUG]	patch(24)="SrcmlStmtDeletion(('org.sat4j.core/src/main/java/org/sat4j/minisat/core/Solver.java.xml', 'stmt', 63)) | SrcmlStmtDeletion(('org.sat4j.core/src/main/java/org/sat4j/minisat/core/Solver.java.xml', 'stmt', 605))"
2024-07-21 10:45:05,122	[DEBUG]	EXEC>  SUCCESS 22486685377.4
2024-07-21 10:45:05,122	[INFO]	25      SUCCESS              *22486685377.400002 (95.64%) [2 edit(s)]  
2024-07-21 10:45:05,122	[DEBUG]	patch(25)="SrcmlStmtDeletion(('org.sat4j.core/src/main/java/org/sat4j/minisat/core/Solver.java.xml', 'stmt', 63)) | SrcmlStmtDeletion(('org.sat4j.core/src/main/java/org/sat4j/minisat/core/Solver.java.xml', 'stmt', 622))"
--- before: org.sat4j.core/src/main/java/org/sat4j/minisat/core/Solver.java
+++ after: org.sat4j.core/src/main/java/org/sat4j/minisat/core/Solver.java
@@ -285,7 +285,7 @@
     public <S extends ISolverService> void setSearchListener(
             SearchListener<S> sl) {
         this.slistener = sl;
-        this.slistener.init(this);
+        
     }
 
     /*
@@ -1578,7 +1578,7 @@
     protected final void reduceDB() {
         this.stats.incReduceddb();
         this.slistener.cleaning();
-        this.learnedConstraintsDeletionStrategy.reduce(this.learnts);
+        
     }
 
     protected ActivityComparator getActivityComparator() {

2024-07-21 10:45:10,054	[INFO]	26      COMPILE_CODE_ERROR    None (--) [3 edit(s)]  
2024-07-21 10:45:10,054	[DEBUG]	patch(26)="SrcmlStmtDeletion(('org.sat4j.core/src/main/java/org/sat4j/minisat/core/Solver.java.xml', 'stmt', 63)) | SrcmlStmtDeletion(('org.sat4j.core/src/main/java/org/sat4j/minisat/core/Solver.java.xml', 'stmt', 622)) | SrcmlStmtReplacement(('org.sat4j.core/src/main/java/org/sat4j/minisat/core/Solver.java.xml', 'stmt', 1008), ('org.sat4j.core/src/main/java/org/sat4j/minisat/core/Solver.java.xml', 'stmt', 740))"
2024-07-21 10:46:12,784	[DEBUG]	EXEC>  SUCCESS 22416705798.0
2024-07-21 10:46:12,784	[INFO]	27      SUCCESS              *22416705798.000000 (95.34%) [1 edit(s)]  
2024-07-21 10:46:12,784	[DEBUG]	patch(27)="SrcmlStmtDeletion(('org.sat4j.core/src/main/java/org/sat4j/minisat/core/Solver.java.xml', 'stmt', 622))"
--- before: org.sat4j.core/src/main/java/org/sat4j/minisat/core/Solver.java
+++ after: org.sat4j.core/src/main/java/org/sat4j/minisat/core/Solver.java
@@ -1578,7 +1578,7 @@
     protected final void reduceDB() {
         this.stats.incReduceddb();
         this.slistener.cleaning();
-        this.learnedConstraintsDeletionStrategy.reduce(this.learnts);
+        
     }
 
     protected ActivityComparator getActivityComparator() {

2024-07-21 10:46:17,673	[INFO]	28      COMPILE_CODE_ERROR    None (--) [2 edit(s)]  
2024-07-21 10:46:17,674	[DEBUG]	patch(28)="SrcmlStmtDeletion(('org.sat4j.core/src/main/java/org/sat4j/minisat/core/Solver.java.xml', 'stmt', 622)) | SrcmlStmtInsertion(('org.sat4j.core/src/main/java/org/sat4j/minisat/core/Solver.java.xml', '_inter_block', 818), ('org.sat4j.core/src/main/java/org/sat4j/minisat/core/Solver.java.xml', 'stmt', 390))"
2024-07-21 10:46:17,692	[INFO]	29      SUCCESS               23512448790.799999 (100.00%) [0 edit(s)] [cached] 
2024-07-21 10:46:17,692	[DEBUG]	patch(29)=""
2024-07-21 10:46:22,462	[INFO]	30      COMPILE_CODE_ERROR    None (--) [2 edit(s)]  
2024-07-21 10:46:22,462	[DEBUG]	patch(30)="SrcmlStmtDeletion(('org.sat4j.core/src/main/java/org/sat4j/minisat/core/Solver.java.xml', 'stmt', 622)) | SrcmlStmtReplacement(('org.sat4j.core/src/main/java/org/sat4j/minisat/core/Solver.java.xml', 'stmt', 338), ('org.sat4j.core/src/main/java/org/sat4j/minisat/core/Solver.java.xml', 'stmt', 932))"
2024-07-21 10:47:25,870	[DEBUG]	EXEC>  SUCCESS 22781373964.8
2024-07-21 10:47:25,870	[INFO]	31      SUCCESS               22781373964.799999 (96.89%) [2 edit(s)]  
2024-07-21 10:47:25,870	[DEBUG]	patch(31)="SrcmlStmtDeletion(('org.sat4j.core/src/main/java/org/sat4j/minisat/core/Solver.java.xml', 'stmt', 622)) | SrcmlStmtDeletion(('org.sat4j.core/src/main/java/org/sat4j/minisat/core/Solver.java.xml', 'stmt', 278))"
2024-07-21 10:47:30,660	[INFO]	32      COMPILE_CODE_ERROR    None (--) [2 edit(s)]  
2024-07-21 10:47:30,660	[DEBUG]	patch(32)="SrcmlStmtDeletion(('org.sat4j.core/src/main/java/org/sat4j/minisat/core/Solver.java.xml', 'stmt', 622)) | SrcmlStmtInsertion(('org.sat4j.core/src/main/java/org/sat4j/minisat/core/Solver.java.xml', '_inter_block', 1095), ('org.sat4j.core/src/main/java/org/sat4j/minisat/core/Solver.java.xml', 'stmt', 241))"
2024-07-21 10:47:34,914	[INFO]	33      COMPILE_CODE_ERROR    None (--) [2 edit(s)]  
2024-07-21 10:47:34,914	[DEBUG]	patch(33)="SrcmlStmtDeletion(('org.sat4j.core/src/main/java/org/sat4j/minisat/core/Solver.java.xml', 'stmt', 622)) | SrcmlStmtReplacement(('org.sat4j.core/src/main/java/org/sat4j/minisat/core/Solver.java.xml', 'stmt', 979), ('org.sat4j.core/src/main/java/org/sat4j/minisat/core/Solver.java.xml', 'stmt', 82))"
2024-07-21 10:47:39,377	[INFO]	34      COMPILE_CODE_ERROR    None (--) [2 edit(s)]  
2024-07-21 10:47:39,377	[DEBUG]	patch(34)="SrcmlStmtDeletion(('org.sat4j.core/src/main/java/org/sat4j/minisat/core/Solver.java.xml', 'stmt', 622)) | SrcmlStmtDeletion(('org.sat4j.core/src/main/java/org/sat4j/minisat/core/Solver.java.xml', 'stmt', 356))"
2024-07-21 10:47:43,926	[INFO]	35      COMPILE_CODE_ERROR    None (--) [2 edit(s)]  
2024-07-21 10:47:43,926	[DEBUG]	patch(35)="SrcmlStmtDeletion(('org.sat4j.core/src/main/java/org/sat4j/minisat/core/Solver.java.xml', 'stmt', 622)) | SrcmlStmtReplacement(('org.sat4j.core/src/main/java/org/sat4j/minisat/core/Solver.java.xml', 'stmt', 774), ('org.sat4j.core/src/main/java/org/sat4j/minisat/core/Solver.java.xml', 'stmt', 649))"
2024-07-21 10:48:46,209	[DEBUG]	EXEC>  SUCCESS 22276652789.0
2024-07-21 10:48:46,209	[INFO]	36      SUCCESS              *22276652789.000000 (94.74%) [2 edit(s)]  
2024-07-21 10:48:46,209	[DEBUG]	patch(36)="SrcmlStmtDeletion(('org.sat4j.core/src/main/java/org/sat4j/minisat/core/Solver.java.xml', 'stmt', 622)) | SrcmlStmtDeletion(('org.sat4j.core/src/main/java/org/sat4j/minisat/core/Solver.java.xml', 'stmt', 362))"
--- before: org.sat4j.core/src/main/java/org/sat4j/minisat/core/Solver.java
+++ after: org.sat4j.core/src/main/java/org/sat4j/minisat/core/Solver.java
@@ -1045,7 +1045,7 @@
         this.voc.unassign(p);
         this.voc.setReason(p, null);
         this.voc.setLevel(p, -1);
-        this.voc.setTrailPosition(p, -1);
+        
         // update heuristics value
         this.order.undo(x);
         // remove literal from the trail
@@ -1578,7 +1578,7 @@
     protected final void reduceDB() {
         this.stats.incReduceddb();
         this.slistener.cleaning();
-        this.learnedConstraintsDeletionStrategy.reduce(this.learnts);
+        
     }
 
     protected ActivityComparator getActivityComparator() {

2024-07-21 10:49:48,670	[DEBUG]	EXEC>  SUCCESS 23045950002.4
2024-07-21 10:49:48,670	[INFO]	37      SUCCESS               23045950002.400002 (98.02%) [1 edit(s)]  
2024-07-21 10:49:48,670	[DEBUG]	patch(37)="SrcmlStmtDeletion(('org.sat4j.core/src/main/java/org/sat4j/minisat/core/Solver.java.xml', 'stmt', 362))"
2024-07-21 10:50:50,913	[DEBUG]	EXEC>  SUCCESS 21996809822.0
2024-07-21 10:50:50,913	[INFO]	38      SUCCESS              *21996809822.000000 (93.55%) [3 edit(s)]  
2024-07-21 10:50:50,913	[DEBUG]	patch(38)="SrcmlStmtDeletion(('org.sat4j.core/src/main/java/org/sat4j/minisat/core/Solver.java.xml', 'stmt', 622)) | SrcmlStmtDeletion(('org.sat4j.core/src/main/java/org/sat4j/minisat/core/Solver.java.xml', 'stmt', 362)) | SrcmlStmtDeletion(('org.sat4j.core/src/main/java/org/sat4j/minisat/core/Solver.java.xml', 'stmt', 536))"
--- before: org.sat4j.core/src/main/java/org/sat4j/minisat/core/Solver.java
+++ after: org.sat4j.core/src/main/java/org/sat4j/minisat/core/Solver.java
@@ -1045,7 +1045,7 @@
         this.voc.unassign(p);
         this.voc.setReason(p, null);
         this.voc.setLevel(p, -1);
-        this.voc.setTrailPosition(p, -1);
+        
         // update heuristics value
         this.order.undo(x);
         // remove literal from the trail
@@ -1404,7 +1404,7 @@
             String str;
             for (var i = 0; i < trailLim.size(); i++) {
                 q = trail.get(trailLim.get(i));
-                stb.append(LiteralsUtils.toDimacs(q));
+                
                 this.voc.unassign(q);
                 this.voc.satisfies(q ^ 1);
                 // can change invariants in constraints data
@@ -1578,7 +1578,7 @@
     protected final void reduceDB() {
         this.stats.incReduceddb();
         this.slistener.cleaning();
-        this.learnedConstraintsDeletionStrategy.reduce(this.learnts);
+        
     }
 
     protected ActivityComparator getActivityComparator() {

2024-07-21 10:50:52,806	[INFO]	39      COMPILE_CODE_ERROR    None (--) [4 edit(s)]  
2024-07-21 10:50:52,806	[DEBUG]	patch(39)="SrcmlStmtDeletion(('org.sat4j.core/src/main/java/org/sat4j/minisat/core/Solver.java.xml', 'stmt', 622)) | SrcmlStmtDeletion(('org.sat4j.core/src/main/java/org/sat4j/minisat/core/Solver.java.xml', 'stmt', 362)) | SrcmlStmtDeletion(('org.sat4j.core/src/main/java/org/sat4j/minisat/core/Solver.java.xml', 'stmt', 536)) | SrcmlStmtInsertion(('org.sat4j.core/src/main/java/org/sat4j/minisat/core/Solver.java.xml', '_inter_block', 89), ('org.sat4j.core/src/main/java/org/sat4j/minisat/core/Solver.java.xml', 'stmt', 739))"
2024-07-21 10:51:54,408	[DEBUG]	EXEC>  SUCCESS 23240306407.2
2024-07-21 10:51:54,408	[INFO]	40      SUCCESS               23240306407.200001 (98.84%) [2 edit(s)]  
2024-07-21 10:51:54,408	[DEBUG]	patch(40)="SrcmlStmtDeletion(('org.sat4j.core/src/main/java/org/sat4j/minisat/core/Solver.java.xml', 'stmt', 362)) | SrcmlStmtDeletion(('org.sat4j.core/src/main/java/org/sat4j/minisat/core/Solver.java.xml', 'stmt', 536))"
2024-07-21 10:52:05,894	[INFO]	41      TEST_CODE_ERROR       None (--) [4 edit(s)]  
2024-07-21 10:52:05,894	[DEBUG]	patch(41)="SrcmlStmtDeletion(('org.sat4j.core/src/main/java/org/sat4j/minisat/core/Solver.java.xml', 'stmt', 622)) | SrcmlStmtDeletion(('org.sat4j.core/src/main/java/org/sat4j/minisat/core/Solver.java.xml', 'stmt', 362)) | SrcmlStmtDeletion(('org.sat4j.core/src/main/java/org/sat4j/minisat/core/Solver.java.xml', 'stmt', 536)) | SrcmlStmtDeletion(('org.sat4j.core/src/main/java/org/sat4j/minisat/core/Solver.java.xml', 'stmt', 43))"
2024-07-21 10:53:08,163	[DEBUG]	EXEC>  SUCCESS 21869041449.2
2024-07-21 10:53:08,163	[INFO]	42      SUCCESS              *21869041449.200001 (93.01%) [2 edit(s)]  
2024-07-21 10:53:08,163	[DEBUG]	patch(42)="SrcmlStmtDeletion(('org.sat4j.core/src/main/java/org/sat4j/minisat/core/Solver.java.xml', 'stmt', 622)) | SrcmlStmtDeletion(('org.sat4j.core/src/main/java/org/sat4j/minisat/core/Solver.java.xml', 'stmt', 536))"
--- before: org.sat4j.core/src/main/java/org/sat4j/minisat/core/Solver.java
+++ after: org.sat4j.core/src/main/java/org/sat4j/minisat/core/Solver.java
@@ -1404,7 +1404,7 @@
             String str;
             for (var i = 0; i < trailLim.size(); i++) {
                 q = trail.get(trailLim.get(i));
-                stb.append(LiteralsUtils.toDimacs(q));
+                
                 this.voc.unassign(q);
                 this.voc.satisfies(q ^ 1);
                 // can change invariants in constraints data
@@ -1578,7 +1578,7 @@
     protected final void reduceDB() {
         this.stats.incReduceddb();
         this.slistener.cleaning();
-        this.learnedConstraintsDeletionStrategy.reduce(this.learnts);
+        
     }
 
     protected ActivityComparator getActivityComparator() {

2024-07-21 10:53:12,666	[INFO]	43      COMPILE_CODE_ERROR    None (--) [3 edit(s)]  
2024-07-21 10:53:12,667	[DEBUG]	patch(43)="SrcmlStmtDeletion(('org.sat4j.core/src/main/java/org/sat4j/minisat/core/Solver.java.xml', 'stmt', 622)) | SrcmlStmtDeletion(('org.sat4j.core/src/main/java/org/sat4j/minisat/core/Solver.java.xml', 'stmt', 536)) | SrcmlStmtDeletion(('org.sat4j.core/src/main/java/org/sat4j/minisat/core/Solver.java.xml', 'stmt', 345))"
2024-07-21 10:54:14,201	[DEBUG]	EXEC>  SUCCESS 22234477592.4
2024-07-21 10:54:14,201	[INFO]	44      SUCCESS               22234477592.400002 (94.56%) [3 edit(s)]  
2024-07-21 10:54:14,201	[DEBUG]	patch(44)="SrcmlStmtDeletion(('org.sat4j.core/src/main/java/org/sat4j/minisat/core/Solver.java.xml', 'stmt', 622)) | SrcmlStmtDeletion(('org.sat4j.core/src/main/java/org/sat4j/minisat/core/Solver.java.xml', 'stmt', 536)) | SrcmlStmtInsertion(('org.sat4j.core/src/main/java/org/sat4j/minisat/core/Solver.java.xml', '_inter_block', 356), ('org.sat4j.core/src/main/java/org/sat4j/minisat/core/Solver.java.xml', 'stmt', 799))"
2024-07-21 10:54:14,212	[INFO]	45      SUCCESS               22416705798.000000 (95.34%) [1 edit(s)] [cached] 
2024-07-21 10:54:14,212	[DEBUG]	patch(45)="SrcmlStmtDeletion(('org.sat4j.core/src/main/java/org/sat4j/minisat/core/Solver.java.xml', 'stmt', 622))"
2024-07-21 10:55:16,100	[DEBUG]	EXEC>  SUCCESS 23338178004.6
2024-07-21 10:55:16,100	[INFO]	46      SUCCESS               23338178004.599998 (99.26%) [1 edit(s)]  
2024-07-21 10:55:16,100	[DEBUG]	patch(46)="SrcmlStmtDeletion(('org.sat4j.core/src/main/java/org/sat4j/minisat/core/Solver.java.xml', 'stmt', 536))"
2024-07-21 10:55:20,524	[INFO]	47      COMPILE_CODE_ERROR    None (--) [3 edit(s)]  
2024-07-21 10:55:20,524	[DEBUG]	patch(47)="SrcmlStmtDeletion(('org.sat4j.core/src/main/java/org/sat4j/minisat/core/Solver.java.xml', 'stmt', 622)) | SrcmlStmtDeletion(('org.sat4j.core/src/main/java/org/sat4j/minisat/core/Solver.java.xml', 'stmt', 536)) | SrcmlStmtInsertion(('org.sat4j.core/src/main/java/org/sat4j/minisat/core/Solver.java.xml', '_inter_block', 1264), ('org.sat4j.core/src/main/java/org/sat4j/minisat/core/Solver.java.xml', 'stmt', 147))"
2024-07-21 10:55:20,539	[INFO]	48      SUCCESS              +21869041449.200001 (93.01%) [3 edit(s)] [cached] 
2024-07-21 10:55:20,539	[DEBUG]	patch(48)="SrcmlStmtDeletion(('org.sat4j.core/src/main/java/org/sat4j/minisat/core/Solver.java.xml', 'stmt', 622)) | SrcmlStmtDeletion(('org.sat4j.core/src/main/java/org/sat4j/minisat/core/Solver.java.xml', 'stmt', 536)) | SrcmlStmtReplacement(('org.sat4j.core/src/main/java/org/sat4j/minisat/core/Solver.java.xml', 'stmt', 967), ('org.sat4j.core/src/main/java/org/sat4j/minisat/core/Solver.java.xml', 'stmt', 955))"
2024-07-21 10:55:20,581	[INFO]	49      SUCCESS              +21869041449.200001 (93.01%) [2 edit(s)] [cached] 
2024-07-21 10:55:20,581	[DEBUG]	patch(49)="SrcmlStmtDeletion(('org.sat4j.core/src/main/java/org/sat4j/minisat/core/Solver.java.xml', 'stmt', 622)) | SrcmlStmtDeletion(('org.sat4j.core/src/main/java/org/sat4j/minisat/core/Solver.java.xml', 'stmt', 536))"
2024-07-21 10:55:25,058	[INFO]	50      COMPILE_CODE_ERROR    None (--) [3 edit(s)]  
2024-07-21 10:55:25,058	[DEBUG]	patch(50)="SrcmlStmtDeletion(('org.sat4j.core/src/main/java/org/sat4j/minisat/core/Solver.java.xml', 'stmt', 622)) | SrcmlStmtDeletion(('org.sat4j.core/src/main/java/org/sat4j/minisat/core/Solver.java.xml', 'stmt', 536)) | SrcmlStmtInsertion(('org.sat4j.core/src/main/java/org/sat4j/minisat/core/Solver.java.xml', '_inter_block', 1220), ('org.sat4j.core/src/main/java/org/sat4j/minisat/core/Solver.java.xml', 'stmt', 191))"
2024-07-21 10:55:30,423	[INFO]	51      COMPILE_CODE_ERROR    None (--) [3 edit(s)]  
2024-07-21 10:55:30,423	[DEBUG]	patch(51)="SrcmlStmtDeletion(('org.sat4j.core/src/main/java/org/sat4j/minisat/core/Solver.java.xml', 'stmt', 622)) | SrcmlStmtDeletion(('org.sat4j.core/src/main/java/org/sat4j/minisat/core/Solver.java.xml', 'stmt', 536)) | SrcmlStmtDeletion(('org.sat4j.core/src/main/java/org/sat4j/minisat/core/Solver.java.xml', 'stmt', 365))"
2024-07-21 10:55:30,443	[INFO]	52      SUCCESS               23338178004.599998 (99.26%) [1 edit(s)] [cached] 
2024-07-21 10:55:30,443	[DEBUG]	patch(52)="SrcmlStmtDeletion(('org.sat4j.core/src/main/java/org/sat4j/minisat/core/Solver.java.xml', 'stmt', 536))"
2024-07-21 10:55:30,461	[INFO]	53      SUCCESS               22416705798.000000 (95.34%) [1 edit(s)] [cached] 
2024-07-21 10:55:30,462	[DEBUG]	patch(53)="SrcmlStmtDeletion(('org.sat4j.core/src/main/java/org/sat4j/minisat/core/Solver.java.xml', 'stmt', 622))"
2024-07-21 10:55:35,026	[INFO]	54      COMPILE_CODE_ERROR    None (--) [3 edit(s)]  
2024-07-21 10:55:35,026	[DEBUG]	patch(54)="SrcmlStmtDeletion(('org.sat4j.core/src/main/java/org/sat4j/minisat/core/Solver.java.xml', 'stmt', 622)) | SrcmlStmtDeletion(('org.sat4j.core/src/main/java/org/sat4j/minisat/core/Solver.java.xml', 'stmt', 536)) | SrcmlStmtReplacement(('org.sat4j.core/src/main/java/org/sat4j/minisat/core/Solver.java.xml', 'stmt', 807), ('org.sat4j.core/src/main/java/org/sat4j/minisat/core/Solver.java.xml', 'stmt', 358))"
2024-07-21 10:55:39,943	[INFO]	55      COMPILE_CODE_ERROR    None (--) [3 edit(s)]  
2024-07-21 10:55:39,943	[DEBUG]	patch(55)="SrcmlStmtDeletion(('org.sat4j.core/src/main/java/org/sat4j/minisat/core/Solver.java.xml', 'stmt', 622)) | SrcmlStmtDeletion(('org.sat4j.core/src/main/java/org/sat4j/minisat/core/Solver.java.xml', 'stmt', 536)) | SrcmlStmtInsertion(('org.sat4j.core/src/main/java/org/sat4j/minisat/core/Solver.java.xml', '_inter_block', 809), ('org.sat4j.core/src/main/java/org/sat4j/minisat/core/Solver.java.xml', 'stmt', 951))"
2024-07-21 10:55:44,622	[INFO]	56      COMPILE_CODE_ERROR    None (--) [3 edit(s)]  
2024-07-21 10:55:44,623	[DEBUG]	patch(56)="SrcmlStmtDeletion(('org.sat4j.core/src/main/java/org/sat4j/minisat/core/Solver.java.xml', 'stmt', 622)) | SrcmlStmtDeletion(('org.sat4j.core/src/main/java/org/sat4j/minisat/core/Solver.java.xml', 'stmt', 536)) | SrcmlStmtReplacement(('org.sat4j.core/src/main/java/org/sat4j/minisat/core/Solver.java.xml', 'stmt', 484), ('org.sat4j.core/src/main/java/org/sat4j/minisat/core/Solver.java.xml', 'stmt', 884))"
2024-07-21 10:55:48,388	[INFO]	57      COMPILE_CODE_ERROR    None (--) [3 edit(s)]  
2024-07-21 10:55:48,388	[DEBUG]	patch(57)="SrcmlStmtDeletion(('org.sat4j.core/src/main/java/org/sat4j/minisat/core/Solver.java.xml', 'stmt', 622)) | SrcmlStmtDeletion(('org.sat4j.core/src/main/java/org/sat4j/minisat/core/Solver.java.xml', 'stmt', 536)) | SrcmlStmtInsertion(('org.sat4j.core/src/main/java/org/sat4j/minisat/core/Solver.java.xml', '_inter_block', 526), ('org.sat4j.core/src/main/java/org/sat4j/minisat/core/Solver.java.xml', 'stmt', 191))"
2024-07-21 10:56:46,261	[DEBUG]	EXEC>  SUCCESS 22544618108.6
2024-07-21 10:56:46,262	[INFO]	58      SUCCESS               22544618108.599998 (95.88%) [3 edit(s)]  
2024-07-21 10:56:46,262	[DEBUG]	patch(58)="SrcmlStmtDeletion(('org.sat4j.core/src/main/java/org/sat4j/minisat/core/Solver.java.xml', 'stmt', 622)) | SrcmlStmtDeletion(('org.sat4j.core/src/main/java/org/sat4j/minisat/core/Solver.java.xml', 'stmt', 536)) | SrcmlStmtDeletion(('org.sat4j.core/src/main/java/org/sat4j/minisat/core/Solver.java.xml', 'stmt', 955))"
2024-07-21 10:56:50,274	[INFO]	59      COMPILE_CODE_ERROR    None (--) [3 edit(s)]  
2024-07-21 10:56:50,274	[DEBUG]	patch(59)="SrcmlStmtDeletion(('org.sat4j.core/src/main/java/org/sat4j/minisat/core/Solver.java.xml', 'stmt', 622)) | SrcmlStmtDeletion(('org.sat4j.core/src/main/java/org/sat4j/minisat/core/Solver.java.xml', 'stmt', 536)) | SrcmlStmtInsertion(('org.sat4j.core/src/main/java/org/sat4j/minisat/core/Solver.java.xml', '_inter_block', 1371), ('org.sat4j.core/src/main/java/org/sat4j/minisat/core/Solver.java.xml', 'stmt', 176))"
2024-07-21 10:56:54,312	[INFO]	60      COMPILE_CODE_ERROR    None (--) [3 edit(s)]  
2024-07-21 10:56:54,312	[DEBUG]	patch(60)="SrcmlStmtDeletion(('org.sat4j.core/src/main/java/org/sat4j/minisat/core/Solver.java.xml', 'stmt', 622)) | SrcmlStmtDeletion(('org.sat4j.core/src/main/java/org/sat4j/minisat/core/Solver.java.xml', 'stmt', 536)) | SrcmlStmtDeletion(('org.sat4j.core/src/main/java/org/sat4j/minisat/core/Solver.java.xml', 'stmt', 349))"
2024-07-21 10:57:51,193	[DEBUG]	EXEC>  SUCCESS 22147725117.0
2024-07-21 10:57:51,193	[INFO]	61      SUCCESS               22147725117.000000 (94.20%) [3 edit(s)]  
2024-07-21 10:57:51,193	[DEBUG]	patch(61)="SrcmlStmtDeletion(('org.sat4j.core/src/main/java/org/sat4j/minisat/core/Solver.java.xml', 'stmt', 622)) | SrcmlStmtDeletion(('org.sat4j.core/src/main/java/org/sat4j/minisat/core/Solver.java.xml', 'stmt', 536)) | SrcmlStmtInsertion(('org.sat4j.core/src/main/java/org/sat4j/minisat/core/Solver.java.xml', '_inter_block', 997), ('org.sat4j.core/src/main/java/org/sat4j/minisat/core/Solver.java.xml', 'stmt', 733))"
2024-07-21 10:57:55,910	[INFO]	62      COMPILE_CODE_ERROR    None (--) [3 edit(s)]  
2024-07-21 10:57:55,910	[DEBUG]	patch(62)="SrcmlStmtDeletion(('org.sat4j.core/src/main/java/org/sat4j/minisat/core/Solver.java.xml', 'stmt', 622)) | SrcmlStmtDeletion(('org.sat4j.core/src/main/java/org/sat4j/minisat/core/Solver.java.xml', 'stmt', 536)) | SrcmlStmtInsertion(('org.sat4j.core/src/main/java/org/sat4j/minisat/core/Solver.java.xml', '_inter_block', 1105), ('org.sat4j.core/src/main/java/org/sat4j/minisat/core/Solver.java.xml', 'stmt', 228))"
2024-07-21 10:58:52,051	[DEBUG]	EXEC>  SUCCESS 22250816493.6
2024-07-21 10:58:52,052	[INFO]	63      SUCCESS               22250816493.599998 (94.63%) [3 edit(s)]  
2024-07-21 10:58:52,052	[DEBUG]	patch(63)="SrcmlStmtDeletion(('org.sat4j.core/src/main/java/org/sat4j/minisat/core/Solver.java.xml', 'stmt', 622)) | SrcmlStmtDeletion(('org.sat4j.core/src/main/java/org/sat4j/minisat/core/Solver.java.xml', 'stmt', 536)) | SrcmlStmtDeletion(('org.sat4j.core/src/main/java/org/sat4j/minisat/core/Solver.java.xml', 'stmt', 583))"
2024-07-21 10:58:56,005	[INFO]	64      COMPILE_CODE_ERROR    None (--) [3 edit(s)]  
2024-07-21 10:58:56,005	[DEBUG]	patch(64)="SrcmlStmtDeletion(('org.sat4j.core/src/main/java/org/sat4j/minisat/core/Solver.java.xml', 'stmt', 622)) | SrcmlStmtDeletion(('org.sat4j.core/src/main/java/org/sat4j/minisat/core/Solver.java.xml', 'stmt', 536)) | SrcmlStmtInsertion(('org.sat4j.core/src/main/java/org/sat4j/minisat/core/Solver.java.xml', '_inter_block', 773), ('org.sat4j.core/src/main/java/org/sat4j/minisat/core/Solver.java.xml', 'stmt', 515))"
2024-07-21 10:58:59,964	[INFO]	65      COMPILE_CODE_ERROR    None (--) [3 edit(s)]  
2024-07-21 10:58:59,964	[DEBUG]	patch(65)="SrcmlStmtDeletion(('org.sat4j.core/src/main/java/org/sat4j/minisat/core/Solver.java.xml', 'stmt', 622)) | SrcmlStmtDeletion(('org.sat4j.core/src/main/java/org/sat4j/minisat/core/Solver.java.xml', 'stmt', 536)) | SrcmlStmtInsertion(('org.sat4j.core/src/main/java/org/sat4j/minisat/core/Solver.java.xml', '_inter_block', 536), ('org.sat4j.core/src/main/java/org/sat4j/minisat/core/Solver.java.xml', 'stmt', 960))"
2024-07-21 10:59:56,754	[DEBUG]	EXEC>  SUCCESS 22666621076.0
2024-07-21 10:59:56,754	[INFO]	66      SUCCESS               22666621076.000000 (96.40%) [3 edit(s)]  
2024-07-21 10:59:56,754	[DEBUG]	patch(66)="SrcmlStmtDeletion(('org.sat4j.core/src/main/java/org/sat4j/minisat/core/Solver.java.xml', 'stmt', 622)) | SrcmlStmtDeletion(('org.sat4j.core/src/main/java/org/sat4j/minisat/core/Solver.java.xml', 'stmt', 536)) | SrcmlStmtInsertion(('org.sat4j.core/src/main/java/org/sat4j/minisat/core/Solver.java.xml', '_inter_block', 1296), ('org.sat4j.core/src/main/java/org/sat4j/minisat/core/Solver.java.xml', 'stmt', 429))"
2024-07-21 11:00:52,082	[DEBUG]	EXEC>  SUCCESS 21459712272.6
2024-07-21 11:00:52,083	[INFO]	67      SUCCESS              *21459712272.599998 (91.27%) [3 edit(s)]  
2024-07-21 11:00:52,083	[DEBUG]	patch(67)="SrcmlStmtDeletion(('org.sat4j.core/src/main/java/org/sat4j/minisat/core/Solver.java.xml', 'stmt', 622)) | SrcmlStmtDeletion(('org.sat4j.core/src/main/java/org/sat4j/minisat/core/Solver.java.xml', 'stmt', 536)) | SrcmlStmtReplacement(('org.sat4j.core/src/main/java/org/sat4j/minisat/core/Solver.java.xml', 'stmt', 837), ('org.sat4j.core/src/main/java/org/sat4j/minisat/core/Solver.java.xml', 'stmt', 903))"
--- before: org.sat4j.core/src/main/java/org/sat4j/minisat/core/Solver.java
+++ after: org.sat4j.core/src/main/java/org/sat4j/minisat/core/Solver.java
@@ -1404,7 +1404,7 @@
             String str;
             for (var i = 0; i < trailLim.size(); i++) {
                 q = trail.get(trailLim.get(i));
-                stb.append(LiteralsUtils.toDimacs(q));
+                
                 this.voc.unassign(q);
                 this.voc.satisfies(q ^ 1);
                 // can change invariants in constraints data
@@ -1578,7 +1578,7 @@
     protected final void reduceDB() {
         this.stats.incReduceddb();
         this.slistener.cleaning();
-        this.learnedConstraintsDeletionStrategy.reduce(this.learnts);
+        
     }
 
     protected ActivityComparator getActivityComparator() {
@@ -2093,7 +2093,9 @@
         out.println(prefix + "speed (assignments/second)\t: " //$NON-NLS-1$
                 + this.stats.getPropagations() / cputime);
         this.order.printStat(out, prefix);
-        printLearntClausesInfos(out, prefix);
+        if (!trailLim.isEmpty() && trailLim.last() == trail.size()) {
+            trailLim.pop();
+        }
     }
 
     /*

2024-07-21 11:00:52,095	[INFO]	68      SUCCESS               21869041449.200001 (93.01%) [2 edit(s)] [cached] 
2024-07-21 11:00:52,095	[DEBUG]	patch(68)="SrcmlStmtDeletion(('org.sat4j.core/src/main/java/org/sat4j/minisat/core/Solver.java.xml', 'stmt', 622)) | SrcmlStmtDeletion(('org.sat4j.core/src/main/java/org/sat4j/minisat/core/Solver.java.xml', 'stmt', 536))"
2024-07-21 11:01:02,472	[INFO]	69      TEST_CODE_ERROR       None (--) [4 edit(s)]  
2024-07-21 11:01:02,472	[DEBUG]	patch(69)="SrcmlStmtDeletion(('org.sat4j.core/src/main/java/org/sat4j/minisat/core/Solver.java.xml', 'stmt', 622)) | SrcmlStmtDeletion(('org.sat4j.core/src/main/java/org/sat4j/minisat/core/Solver.java.xml', 'stmt', 536)) | SrcmlStmtReplacement(('org.sat4j.core/src/main/java/org/sat4j/minisat/core/Solver.java.xml', 'stmt', 837), ('org.sat4j.core/src/main/java/org/sat4j/minisat/core/Solver.java.xml', 'stmt', 903)) | SrcmlStmtInsertion(('org.sat4j.core/src/main/java/org/sat4j/minisat/core/Solver.java.xml', '_inter_block', 210), ('org.sat4j.core/src/main/java/org/sat4j/minisat/core/Solver.java.xml', 'stmt', 906))"
2024-07-21 11:01:06,160	[INFO]	70      COMPILE_CODE_ERROR    None (--) [4 edit(s)]  
2024-07-21 11:01:06,160	[DEBUG]	patch(70)="SrcmlStmtDeletion(('org.sat4j.core/src/main/java/org/sat4j/minisat/core/Solver.java.xml', 'stmt', 622)) | SrcmlStmtDeletion(('org.sat4j.core/src/main/java/org/sat4j/minisat/core/Solver.java.xml', 'stmt', 536)) | SrcmlStmtReplacement(('org.sat4j.core/src/main/java/org/sat4j/minisat/core/Solver.java.xml', 'stmt', 837), ('org.sat4j.core/src/main/java/org/sat4j/minisat/core/Solver.java.xml', 'stmt', 903)) | SrcmlStmtDeletion(('org.sat4j.core/src/main/java/org/sat4j/minisat/core/Solver.java.xml', 'stmt', 256))"
2024-07-21 11:01:10,237	[INFO]	71      COMPILE_CODE_ERROR    None (--) [4 edit(s)]  
2024-07-21 11:01:10,237	[DEBUG]	patch(71)="SrcmlStmtDeletion(('org.sat4j.core/src/main/java/org/sat4j/minisat/core/Solver.java.xml', 'stmt', 622)) | SrcmlStmtDeletion(('org.sat4j.core/src/main/java/org/sat4j/minisat/core/Solver.java.xml', 'stmt', 536)) | SrcmlStmtReplacement(('org.sat4j.core/src/main/java/org/sat4j/minisat/core/Solver.java.xml', 'stmt', 837), ('org.sat4j.core/src/main/java/org/sat4j/minisat/core/Solver.java.xml', 'stmt', 903)) | SrcmlStmtInsertion(('org.sat4j.core/src/main/java/org/sat4j/minisat/core/Solver.java.xml', '_inter_block', 1541), ('org.sat4j.core/src/main/java/org/sat4j/minisat/core/Solver.java.xml', 'stmt', 860))"
2024-07-21 11:01:13,994	[INFO]	72      COMPILE_CODE_ERROR    None (--) [4 edit(s)]  
2024-07-21 11:01:13,994	[DEBUG]	patch(72)="SrcmlStmtDeletion(('org.sat4j.core/src/main/java/org/sat4j/minisat/core/Solver.java.xml', 'stmt', 622)) | SrcmlStmtDeletion(('org.sat4j.core/src/main/java/org/sat4j/minisat/core/Solver.java.xml', 'stmt', 536)) | SrcmlStmtReplacement(('org.sat4j.core/src/main/java/org/sat4j/minisat/core/Solver.java.xml', 'stmt', 837), ('org.sat4j.core/src/main/java/org/sat4j/minisat/core/Solver.java.xml', 'stmt', 903)) | SrcmlStmtDeletion(('org.sat4j.core/src/main/java/org/sat4j/minisat/core/Solver.java.xml', 'stmt', 282))"
2024-07-21 11:01:18,477	[INFO]	73      COMPILE_CODE_ERROR    None (--) [4 edit(s)]  
2024-07-21 11:01:18,477	[DEBUG]	patch(73)="SrcmlStmtDeletion(('org.sat4j.core/src/main/java/org/sat4j/minisat/core/Solver.java.xml', 'stmt', 622)) | SrcmlStmtDeletion(('org.sat4j.core/src/main/java/org/sat4j/minisat/core/Solver.java.xml', 'stmt', 536)) | SrcmlStmtReplacement(('org.sat4j.core/src/main/java/org/sat4j/minisat/core/Solver.java.xml', 'stmt', 837), ('org.sat4j.core/src/main/java/org/sat4j/minisat/core/Solver.java.xml', 'stmt', 903)) | SrcmlStmtReplacement(('org.sat4j.core/src/main/java/org/sat4j/minisat/core/Solver.java.xml', 'stmt', 787), ('org.sat4j.core/src/main/java/org/sat4j/minisat/core/Solver.java.xml', 'stmt', 922))"
2024-07-21 11:02:13,316	[DEBUG]	EXEC>  SUCCESS 21513433916.6
2024-07-21 11:02:13,316	[INFO]	74      SUCCESS               21513433916.599998 (91.50%) [2 edit(s)]  
2024-07-21 11:02:13,316	[DEBUG]	patch(74)="SrcmlStmtDeletion(('org.sat4j.core/src/main/java/org/sat4j/minisat/core/Solver.java.xml', 'stmt', 622)) | SrcmlStmtReplacement(('org.sat4j.core/src/main/java/org/sat4j/minisat/core/Solver.java.xml', 'stmt', 837), ('org.sat4j.core/src/main/java/org/sat4j/minisat/core/Solver.java.xml', 'stmt', 903))"
2024-07-21 11:02:17,518	[INFO]	75      COMPILE_CODE_ERROR    None (--) [4 edit(s)]  
2024-07-21 11:02:17,518	[DEBUG]	patch(75)="SrcmlStmtDeletion(('org.sat4j.core/src/main/java/org/sat4j/minisat/core/Solver.java.xml', 'stmt', 622)) | SrcmlStmtDeletion(('org.sat4j.core/src/main/java/org/sat4j/minisat/core/Solver.java.xml', 'stmt', 536)) | SrcmlStmtReplacement(('org.sat4j.core/src/main/java/org/sat4j/minisat/core/Solver.java.xml', 'stmt', 837), ('org.sat4j.core/src/main/java/org/sat4j/minisat/core/Solver.java.xml', 'stmt', 903)) | SrcmlStmtInsertion(('org.sat4j.core/src/main/java/org/sat4j/minisat/core/Solver.java.xml', '_inter_block', 237), ('org.sat4j.core/src/main/java/org/sat4j/minisat/core/Solver.java.xml', 'stmt', 501))"
2024-07-21 11:03:13,078	[DEBUG]	EXEC>  SUCCESS 21089503188.2
2024-07-21 11:03:13,078	[INFO]	76      SUCCESS              *21089503188.200001 (89.70%) [4 edit(s)]  
2024-07-21 11:03:13,078	[DEBUG]	patch(76)="SrcmlStmtDeletion(('org.sat4j.core/src/main/java/org/sat4j/minisat/core/Solver.java.xml', 'stmt', 622)) | SrcmlStmtDeletion(('org.sat4j.core/src/main/java/org/sat4j/minisat/core/Solver.java.xml', 'stmt', 536)) | SrcmlStmtReplacement(('org.sat4j.core/src/main/java/org/sat4j/minisat/core/Solver.java.xml', 'stmt', 837), ('org.sat4j.core/src/main/java/org/sat4j/minisat/core/Solver.java.xml', 'stmt', 903)) | SrcmlStmtInsertion(('org.sat4j.core/src/main/java/org/sat4j/minisat/core/Solver.java.xml', '_inter_block', 1394), ('org.sat4j.core/src/main/java/org/sat4j/minisat/core/Solver.java.xml', 'stmt', 747))"
--- before: org.sat4j.core/src/main/java/org/sat4j/minisat/core/Solver.java
+++ after: org.sat4j.core/src/main/java/org/sat4j/minisat/core/Solver.java
@@ -1404,7 +1404,7 @@
             String str;
             for (var i = 0; i < trailLim.size(); i++) {
                 q = trail.get(trailLim.get(i));
-                stb.append(LiteralsUtils.toDimacs(q));
+                
                 this.voc.unassign(q);
                 this.voc.satisfies(q ^ 1);
                 // can change invariants in constraints data
@@ -1578,7 +1578,7 @@
     protected final void reduceDB() {
         this.stats.incReduceddb();
         this.slistener.cleaning();
-        this.learnedConstraintsDeletionStrategy.reduce(this.learnts);
+        
     }
 
     protected ActivityComparator getActivityComparator() {
@@ -2093,7 +2093,9 @@
         out.println(prefix + "speed (assignments/second)\t: " //$NON-NLS-1$
                 + this.stats.getPropagations() / cputime);
         this.order.printStat(out, prefix);
-        printLearntClausesInfos(out, prefix);
+        if (!trailLim.isEmpty() && trailLim.last() == trail.size()) {
+            trailLim.pop();
+        }
     }
 
     /*
@@ -2131,6 +2133,7 @@
         if (isSolverKeptHot()) {
             stb.append(
                     "Heuristics kept accross calls (keep the solver \"hot\")\n");
+            this.restarter.init(this.params, this.stats);
             stb.append(prefix);
         }
         stb.append("Listener: ");

2024-07-21 11:03:14,897	[INFO]	77      COMPILE_CODE_ERROR    None (--) [5 edit(s)]  
2024-07-21 11:03:14,897	[DEBUG]	patch(77)="SrcmlStmtDeletion(('org.sat4j.core/src/main/java/org/sat4j/minisat/core/Solver.java.xml', 'stmt', 622)) | SrcmlStmtDeletion(('org.sat4j.core/src/main/java/org/sat4j/minisat/core/Solver.java.xml', 'stmt', 536)) | SrcmlStmtReplacement(('org.sat4j.core/src/main/java/org/sat4j/minisat/core/Solver.java.xml', 'stmt', 837), ('org.sat4j.core/src/main/java/org/sat4j/minisat/core/Solver.java.xml', 'stmt', 903)) | SrcmlStmtInsertion(('org.sat4j.core/src/main/java/org/sat4j/minisat/core/Solver.java.xml', '_inter_block', 1394), ('org.sat4j.core/src/main/java/org/sat4j/minisat/core/Solver.java.xml', 'stmt', 747)) | SrcmlStmtReplacement(('org.sat4j.core/src/main/java/org/sat4j/minisat/core/Solver.java.xml', 'stmt', 994), ('org.sat4j.core/src/main/java/org/sat4j/minisat/core/Solver.java.xml', 'stmt', 355))"
2024-07-21 11:04:10,816	[DEBUG]	EXEC>  SUCCESS 21569295933.4
2024-07-21 11:04:10,816	[INFO]	78      SUCCESS               21569295933.400002 (91.74%) [3 edit(s)]  
2024-07-21 11:04:10,816	[DEBUG]	patch(78)="SrcmlStmtDeletion(('org.sat4j.core/src/main/java/org/sat4j/minisat/core/Solver.java.xml', 'stmt', 622)) | SrcmlStmtReplacement(('org.sat4j.core/src/main/java/org/sat4j/minisat/core/Solver.java.xml', 'stmt', 837), ('org.sat4j.core/src/main/java/org/sat4j/minisat/core/Solver.java.xml', 'stmt', 903)) | SrcmlStmtInsertion(('org.sat4j.core/src/main/java/org/sat4j/minisat/core/Solver.java.xml', '_inter_block', 1394), ('org.sat4j.core/src/main/java/org/sat4j/minisat/core/Solver.java.xml', 'stmt', 747))"
2024-07-21 11:05:05,225	[DEBUG]	EXEC>  SUCCESS 22250927330.6
2024-07-21 11:05:05,225	[INFO]	79      SUCCESS               22250927330.599998 (94.63%) [3 edit(s)]  
2024-07-21 11:05:05,225	[DEBUG]	patch(79)="SrcmlStmtDeletion(('org.sat4j.core/src/main/java/org/sat4j/minisat/core/Solver.java.xml', 'stmt', 536)) | SrcmlStmtReplacement(('org.sat4j.core/src/main/java/org/sat4j/minisat/core/Solver.java.xml', 'stmt', 837), ('org.sat4j.core/src/main/java/org/sat4j/minisat/core/Solver.java.xml', 'stmt', 903)) | SrcmlStmtInsertion(('org.sat4j.core/src/main/java/org/sat4j/minisat/core/Solver.java.xml', '_inter_block', 1394), ('org.sat4j.core/src/main/java/org/sat4j/minisat/core/Solver.java.xml', 'stmt', 747))"
2024-07-21 11:05:07,112	[INFO]	80      COMPILE_CODE_ERROR    None (--) [5 edit(s)]  
2024-07-21 11:05:07,112	[DEBUG]	patch(80)="SrcmlStmtDeletion(('org.sat4j.core/src/main/java/org/sat4j/minisat/core/Solver.java.xml', 'stmt', 622)) | SrcmlStmtDeletion(('org.sat4j.core/src/main/java/org/sat4j/minisat/core/Solver.java.xml', 'stmt', 536)) | SrcmlStmtReplacement(('org.sat4j.core/src/main/java/org/sat4j/minisat/core/Solver.java.xml', 'stmt', 837), ('org.sat4j.core/src/main/java/org/sat4j/minisat/core/Solver.java.xml', 'stmt', 903)) | SrcmlStmtInsertion(('org.sat4j.core/src/main/java/org/sat4j/minisat/core/Solver.java.xml', '_inter_block', 1394), ('org.sat4j.core/src/main/java/org/sat4j/minisat/core/Solver.java.xml', 'stmt', 747)) | SrcmlStmtReplacement(('org.sat4j.core/src/main/java/org/sat4j/minisat/core/Solver.java.xml', 'stmt', 957), ('org.sat4j.core/src/main/java/org/sat4j/minisat/core/Solver.java.xml', 'stmt', 658))"
2024-07-21 11:06:03,152	[DEBUG]	EXEC>  SUCCESS 22380303707.0
2024-07-21 11:06:03,152	[INFO]	81      SUCCESS               22380303707.000000 (95.18%) [3 edit(s)]  
2024-07-21 11:06:03,152	[DEBUG]	patch(81)="SrcmlStmtDeletion(('org.sat4j.core/src/main/java/org/sat4j/minisat/core/Solver.java.xml', 'stmt', 622)) | SrcmlStmtDeletion(('org.sat4j.core/src/main/java/org/sat4j/minisat/core/Solver.java.xml', 'stmt', 536)) | SrcmlStmtInsertion(('org.sat4j.core/src/main/java/org/sat4j/minisat/core/Solver.java.xml', '_inter_block', 1394), ('org.sat4j.core/src/main/java/org/sat4j/minisat/core/Solver.java.xml', 'stmt', 747))"
2024-07-21 11:06:58,196	[DEBUG]	EXEC>  SUCCESS 21547138333.4
2024-07-21 11:06:58,196	[INFO]	82      SUCCESS               21547138333.400002 (91.64%) [5 edit(s)]  
2024-07-21 11:06:58,196	[DEBUG]	patch(82)="SrcmlStmtDeletion(('org.sat4j.core/src/main/java/org/sat4j/minisat/core/Solver.java.xml', 'stmt', 622)) | SrcmlStmtDeletion(('org.sat4j.core/src/main/java/org/sat4j/minisat/core/Solver.java.xml', 'stmt', 536)) | SrcmlStmtReplacement(('org.sat4j.core/src/main/java/org/sat4j/minisat/core/Solver.java.xml', 'stmt', 837), ('org.sat4j.core/src/main/java/org/sat4j/minisat/core/Solver.java.xml', 'stmt', 903)) | SrcmlStmtInsertion(('org.sat4j.core/src/main/java/org/sat4j/minisat/core/Solver.java.xml', '_inter_block', 1394), ('org.sat4j.core/src/main/java/org/sat4j/minisat/core/Solver.java.xml', 'stmt', 747)) | SrcmlStmtDeletion(('org.sat4j.core/src/main/java/org/sat4j/minisat/core/Solver.java.xml', 'stmt', 480))"
2024-07-21 11:07:02,108	[INFO]	83      COMPILE_CODE_ERROR    None (--) [5 edit(s)]  
2024-07-21 11:07:02,109	[DEBUG]	patch(83)="SrcmlStmtDeletion(('org.sat4j.core/src/main/java/org/sat4j/minisat/core/Solver.java.xml', 'stmt', 622)) | SrcmlStmtDeletion(('org.sat4j.core/src/main/java/org/sat4j/minisat/core/Solver.java.xml', 'stmt', 536)) | SrcmlStmtReplacement(('org.sat4j.core/src/main/java/org/sat4j/minisat/core/Solver.java.xml', 'stmt', 837), ('org.sat4j.core/src/main/java/org/sat4j/minisat/core/Solver.java.xml', 'stmt', 903)) | SrcmlStmtInsertion(('org.sat4j.core/src/main/java/org/sat4j/minisat/core/Solver.java.xml', '_inter_block', 1394), ('org.sat4j.core/src/main/java/org/sat4j/minisat/core/Solver.java.xml', 'stmt', 747)) | SrcmlStmtDeletion(('org.sat4j.core/src/main/java/org/sat4j/minisat/core/Solver.java.xml', 'stmt', 345))"
2024-07-21 11:07:06,130	[INFO]	84      COMPILE_CODE_ERROR    None (--) [5 edit(s)]  
2024-07-21 11:07:06,130	[DEBUG]	patch(84)="SrcmlStmtDeletion(('org.sat4j.core/src/main/java/org/sat4j/minisat/core/Solver.java.xml', 'stmt', 622)) | SrcmlStmtDeletion(('org.sat4j.core/src/main/java/org/sat4j/minisat/core/Solver.java.xml', 'stmt', 536)) | SrcmlStmtReplacement(('org.sat4j.core/src/main/java/org/sat4j/minisat/core/Solver.java.xml', 'stmt', 837), ('org.sat4j.core/src/main/java/org/sat4j/minisat/core/Solver.java.xml', 'stmt', 903)) | SrcmlStmtInsertion(('org.sat4j.core/src/main/java/org/sat4j/minisat/core/Solver.java.xml', '_inter_block', 1394), ('org.sat4j.core/src/main/java/org/sat4j/minisat/core/Solver.java.xml', 'stmt', 747)) | SrcmlStmtReplacement(('org.sat4j.core/src/main/java/org/sat4j/minisat/core/Solver.java.xml', 'stmt', 553), ('org.sat4j.core/src/main/java/org/sat4j/minisat/core/Solver.java.xml', 'stmt', 533))"
2024-07-21 11:08:00,669	[DEBUG]	EXEC>  SUCCESS 21511389153.8
2024-07-21 11:08:00,670	[INFO]	85      SUCCESS               21511389153.799999 (91.49%) [5 edit(s)]  
2024-07-21 11:08:00,670	[DEBUG]	patch(85)="SrcmlStmtDeletion(('org.sat4j.core/src/main/java/org/sat4j/minisat/core/Solver.java.xml', 'stmt', 622)) | SrcmlStmtDeletion(('org.sat4j.core/src/main/java/org/sat4j/minisat/core/Solver.java.xml', 'stmt', 536)) | SrcmlStmtReplacement(('org.sat4j.core/src/main/java/org/sat4j/minisat/core/Solver.java.xml', 'stmt', 837), ('org.sat4j.core/src/main/java/org/sat4j/minisat/core/Solver.java.xml', 'stmt', 903)) | SrcmlStmtInsertion(('org.sat4j.core/src/main/java/org/sat4j/minisat/core/Solver.java.xml', '_inter_block', 1394), ('org.sat4j.core/src/main/java/org/sat4j/minisat/core/Solver.java.xml', 'stmt', 747)) | SrcmlStmtDeletion(('org.sat4j.core/src/main/java/org/sat4j/minisat/core/Solver.java.xml', 'stmt', 236))"
2024-07-21 11:08:00,694	[INFO]	~~~~ END ~~~~
2024-07-21 11:08:00,694	[INFO]	
2024-07-21 11:08:00,694	[INFO]	==== REPORT ====
2024-07-21 11:08:00,694	[INFO]	Termination: time budget
2024-07-21 11:08:00,694	[INFO]	Retries: 5
2024-07-21 11:08:00,694	[INFO]	Log file: /home/dbouras/magpie/_magpie_logs/sat4j_1721554466.log
2024-07-21 11:08:00,694	[INFO]	Patch file: _magpie_logs/sat4j_1721554466.patch
2024-07-21 11:08:00,694	[INFO]	Diff file: _magpie_logs/sat4j_1721554466.diff
2024-07-21 11:08:00,694	[INFO]	Reference fitness: 23512448790.799999
2024-07-21 11:08:00,695	[INFO]	Best fitness: 21089503188.200001
2024-07-21 11:08:00,695	[INFO]	
2024-07-21 11:08:00,695	[INFO]	==== BEST PATCH ====
SrcmlStmtDeletion(('org.sat4j.core/src/main/java/org/sat4j/minisat/core/Solver.java.xml', 'stmt', 622)) | SrcmlStmtDeletion(('org.sat4j.core/src/main/java/org/sat4j/minisat/core/Solver.java.xml', 'stmt', 536)) | SrcmlStmtReplacement(('org.sat4j.core/src/main/java/org/sat4j/minisat/core/Solver.java.xml', 'stmt', 837), ('org.sat4j.core/src/main/java/org/sat4j/minisat/core/Solver.java.xml', 'stmt', 903)) | SrcmlStmtInsertion(('org.sat4j.core/src/main/java/org/sat4j/minisat/core/Solver.java.xml', '_inter_block', 1394), ('org.sat4j.core/src/main/java/org/sat4j/minisat/core/Solver.java.xml', 'stmt', 747))
2024-07-21 11:08:00,696	[INFO]	
2024-07-21 11:08:00,696	[INFO]	==== DIFF ====
[1m--- before: org.sat4j.core/src/main/java/org/sat4j/minisat/core/Solver.java[0m
[1m+++ after: org.sat4j.core/src/main/java/org/sat4j/minisat/core/Solver.java[0m
[36m@@ -1404,7 +1404,7 @@[0m
             String str;
             for (var i = 0; i < trailLim.size(); i++) {
                 q = trail.get(trailLim.get(i));
[31m-                stb.append(LiteralsUtils.toDimacs(q));[0m
[32m+                [0m
                 this.voc.unassign(q);
                 this.voc.satisfies(q ^ 1);
                 // can change invariants in constraints data
[36m@@ -1578,7 +1578,7 @@[0m
     protected final void reduceDB() {
         this.stats.incReduceddb();
         this.slistener.cleaning();
[31m-        this.learnedConstraintsDeletionStrategy.reduce(this.learnts);[0m
[32m+        [0m
     }
 
     protected ActivityComparator getActivityComparator() {
[36m@@ -2093,7 +2093,9 @@[0m
         out.println(prefix + "speed (assignments/second)\t: " //$NON-NLS-1$
                 + this.stats.getPropagations() / cputime);
         this.order.printStat(out, prefix);
[31m-        printLearntClausesInfos(out, prefix);[0m
[32m+        if (!trailLim.isEmpty() && trailLim.last() == trail.size()) {[0m
[32m+            trailLim.pop();[0m
[32m+        }[0m
     }
 
     /*
[36m@@ -2131,6 +2133,7 @@[0m
         if (isSolverKeptHot()) {
             stb.append(
                     "Heuristics kept accross calls (keep the solver \"hot\")\n");
[32m+            this.restarter.init(this.params, this.stats);[0m
             stb.append(prefix);
         }
         stb.append("Listener: ");

